[1a98:0001][2026-05-10T02:10:08] Saving the current locale (en-US) to user.json.
[1a98:0001][2026-05-10T02:10:08] Setting the telemetry services
[1a98:0004][2026-05-10T02:10:08] Creating a new telemetry service.
[1a98:0001][2026-05-10T02:10:08] Visual Studio Installer Version: 4.5.35+8a285335fc
[1a98:0001][2026-05-10T02:10:08] Raw Command line: "C:\Program Files (x86)\Microsoft Visual Studio\Installer\setup.exe" 
[1a98:0001][2026-05-10T02:10:08] Using registry value of (0) to theme installer.
[1a98:0001][2026-05-10T02:10:08] Getting singleton lock. Mutex name: DevdivInstallerUI
[1a98:0001][2026-05-10T02:10:08] Getting singleton lock succeed.
[1a98:0004][2026-05-10T02:10:08] Telemetry session ID: beef9886-b5fb-4ca2-a2b1-ef539073d628
[1a98:0005][2026-05-10T02:10:08] Creating new ExperimentationService
[1a98:0005][2026-05-10T02:10:08] Telemetry property VS.ABExp.Flights : lazytoolboxinit;fwlargebuffer;refactoring;spmoretempsbtn1;asloff;keybindgoldbarext;asynccsproj;vsfricheditor;completionapi;4f604693:30775293
[1a98:0004][2026-05-10T02:10:08] Telemetry property vs.willow.source : WPF
[1a98:0004][2026-05-10T02:10:08] Telemetry property vs.willow.locale : en-US
[1a98:0004][2026-05-10T02:10:08] Telemetry property vs.willow.installerversion : 4.5.35.35368
[1a98:0004][2026-05-10T02:10:08] Telemetry property vs.willow.startmethod : direct
[1a98:0004][2026-05-10T02:10:08] Telemetry property vs.willow.activityid : f09b0f0d-7e71-413e-a63b-d1c29d7ce8c8
[1a98:0004][2026-05-10T02:10:08] Telemetry property vs.willow.campaign : 
[1a98:0004][2026-05-10T02:10:08] Telemetry property vs.willow.passive : False
[1a98:0004][2026-05-10T02:10:08] Telemetry property vs.willow.quiet : False
[1a98:0004][2026-05-10T02:10:08] Telemetry property vs.willow.processtype : ui
[1a98:0004][2026-05-10T02:10:08] Telemetry property vs.willow.iselevated : False
[1a98:0004][2026-05-10T02:10:08] Telemetry property vs.willow.issystem : False
[1a98:0004][2026-05-10T02:10:08] Telemetry property vs.willow.isadmin : True
[1a98:0001][2026-05-10T02:10:08] Monitor center position: 960, 576
[1a98:0001][2026-05-10T02:10:09] Showing the window.
[1a98:0001][2026-05-10T02:10:09] Navigation requested from ApplicationViewModel to MainPageViewModel
[1a98:000e][2026-05-10T02:10:09] Telemetry property vs.setup.WorkloadOverrides.DidReceiveOverride : False
[1a98:000e][2026-05-10T02:10:09] Telemetry property vs.setup.WorkloadOverrides.RuleId : None
[1a98:000d][2026-05-10T02:10:09] Telemetry property VS.SetupEngine.ChannelUpdateDisabled : False
[1a98:000d][2026-05-10T02:10:09] Trying to remove channel manifest: C:\Users\Werguru\AppData\Local\Microsoft\VisualStudio\Packages\_Channels\8a91a928\installChannelManifest.json
[1a98:000d][2026-05-10T02:10:09] Trying to remove product manifest: C:\Users\Werguru\AppData\Local\Microsoft\VisualStudio\Packages\_Channels\8a91a928\install_catalog.json
[1a98:000f][2026-05-10T02:10:09] Authentication Environment variable setting value: null
[1a98:000f][2026-05-10T02:10:09] Authenticate: True
[1a98:001a][2026-05-10T02:10:09] Download requested: https://go.microsoft.com/fwlink/?linkid=2066144
[1a98:0024][2026-05-10T02:10:09] Attempting download 'https://go.microsoft.com/fwlink/?linkid=2066144' using engine 'WebClient'
[1a98:0010][2026-05-10T02:10:09] Warning: No previous catalog found at 'C:\ProgramData\Microsoft\VisualStudio\Packages\_Instances\0240ddbe\catalog.previous.json'
[1a98:0005][2026-05-10T02:10:09] Status changed to NoUpdate
[1a98:0010][2026-05-10T02:10:09] Telemetry property VS.SetupEngine.ChannelUpdateDisabled : False
[1a98:0010][2026-05-10T02:10:09] ManifestVerifier Result: Success
[1a98:0024][2026-05-10T02:10:09] Uri 'https://go.microsoft.com/fwlink/?linkid=2066144' redirected to 'https://newsfeed.visualstudio.microsoft.com/news/vs'
[1a98:0024][2026-05-10T02:10:09] Download of 'https://go.microsoft.com/fwlink/?linkid=2066144' succeeded using engine 'WebClient'
[1a98:0001][2026-05-10T02:10:09] No eligible source products found for automatic migration to target major version 18.
[1a98:0001][2026-05-10T02:10:09] No eligible source products found for automatic migration to target major version 18.
[1a98:0001][2026-05-10T02:10:09] No eligible source products found for automatic migration to target major version 18.
[1a98:0001][2026-05-10T02:10:09] No eligible source products found for automatic migration to target major version 18.
[1a98:0001][2026-05-10T02:10:09] No eligible source products found for automatic migration to target major version 18.
[1a98:0001][2026-05-10T02:10:09] No eligible source products found for automatic migration to target major version 18.
[1a98:0001][2026-05-10T02:10:09] No eligible source products found for automatic migration to target major version 22.
[1a98:0023][2026-05-10T02:10:09] Uri 'https://go.microsoft.com/fwlink/?linkid=857708' redirected to 'https://sendvsfeedback2.azurewebsites.net/api'
[1a98:001a][2026-05-10T02:10:10] Download requested: https://download.visualstudio.microsoft.com/download/pr/d9ce9498-b5ec-4730-a7b2-b0589eab2d27/69777cd5629ba69549b3c4bc765447d1afed17a3895d36bdd336da8f4fea71a6/VisualStudio.17.Release.chman
[1a98:0028][2026-05-10T02:10:10] Attempting download 'https://download.visualstudio.microsoft.com/download/pr/d9ce9498-b5ec-4730-a7b2-b0589eab2d27/69777cd5629ba69549b3c4bc765447d1afed17a3895d36bdd336da8f4fea71a6/VisualStudio.17.Release.chman' using engine 'WebClient'
[1a98:0028][2026-05-10T02:10:10] ManifestVerifier Result: Success
[1a98:0028][2026-05-10T02:10:10] Download of 'https://download.visualstudio.microsoft.com/download/pr/d9ce9498-b5ec-4730-a7b2-b0589eab2d27/69777cd5629ba69549b3c4bc765447d1afed17a3895d36bdd336da8f4fea71a6/VisualStudio.17.Release.chman' succeeded using engine 'WebClient'
[1a98:000f][2026-05-10T02:10:10] Channel manifest for https://aka.ms/vs/17/release/channel is already up to date.
[1a98:000f][2026-05-10T02:10:10] ManifestVerifier Result: Success
[1a98:0029][2026-05-10T02:10:10] Download requested: https://download.visualstudio.microsoft.com/download/pr/7bd6f2d4-f14a-4130-a163-cd3d48c656ed/7ce460f2328d9a9cdce294bb1af69b18/channels.json
[1a98:002a][2026-05-10T02:10:10] Attempting download 'https://download.visualstudio.microsoft.com/download/pr/7bd6f2d4-f14a-4130-a163-cd3d48c656ed/7ce460f2328d9a9cdce294bb1af69b18/channels.json' using engine 'WebClient'
[1a98:002a][2026-05-10T02:10:10] ManifestVerifier Result: Success
[1a98:002a][2026-05-10T02:10:10] Download of 'https://download.visualstudio.microsoft.com/download/pr/7bd6f2d4-f14a-4130-a163-cd3d48c656ed/7ce460f2328d9a9cdce294bb1af69b18/channels.json' succeeded using engine 'WebClient'
[1a98:002a][2026-05-10T02:10:10] ManifestVerifier Result: Success
[1a98:002a][2026-05-10T02:10:10] ManifestVerifier Result: Success
[1a98:002b][2026-05-10T02:10:10] Download requested: https://download.visualstudio.microsoft.com/download/pr/955183c0-a333-4c1d-a0f6-40e980d185f6/b1d9cb6a6ac9efd3251cdc25c246dce1/latestinstaller.json
[1a98:002c][2026-05-10T02:10:10] Attempting download 'https://download.visualstudio.microsoft.com/download/pr/955183c0-a333-4c1d-a0f6-40e980d185f6/b1d9cb6a6ac9efd3251cdc25c246dce1/latestinstaller.json' using engine 'WebClient'
[1a98:002c][2026-05-10T02:10:10] ManifestVerifier Result: Success
[1a98:002c][2026-05-10T02:10:10] Download of 'https://download.visualstudio.microsoft.com/download/pr/955183c0-a333-4c1d-a0f6-40e980d185f6/b1d9cb6a6ac9efd3251cdc25c246dce1/latestinstaller.json' succeeded using engine 'WebClient'
[1a98:002c][2026-05-10T02:10:10] ManifestVerifier Result: Success
[1a98:001d][2026-05-10T02:10:10] Status changed to NoUpdate
[1a98:001b][2026-05-10T02:10:10] ManifestVerifier Result: Success
[1a98:0001][2026-05-10T02:10:10] No eligible source products found for automatic migration to target major version 18.
[1a98:0001][2026-05-10T02:10:10] No eligible source products found for automatic migration to target major version 18.
[1a98:0001][2026-05-10T02:10:10] No eligible source products found for automatic migration to target major version 18.
[1a98:0001][2026-05-10T02:10:10] No eligible source products found for automatic migration to target major version 18.
[1a98:0001][2026-05-10T02:10:10] No eligible source products found for automatic migration to target major version 18.
[1a98:0001][2026-05-10T02:10:10] No eligible source products found for automatic migration to target major version 18.
[1a98:0001][2026-05-10T02:10:10] No eligible source products found for automatic migration to target major version 22.
[1a98:0009][2026-05-10T02:10:10] ManifestVerifier Result: Success
[1a98:0001][2026-05-10T02:10:10] No eligible source products found for automatic migration to target major version 18.
[1a98:0001][2026-05-10T02:10:10] No eligible source products found for automatic migration to target major version 18.
[1a98:0001][2026-05-10T02:10:10] No eligible source products found for automatic migration to target major version 18.
[1a98:0001][2026-05-10T02:10:10] No eligible source products found for automatic migration to target major version 18.
[1a98:0001][2026-05-10T02:10:10] No eligible source products found for automatic migration to target major version 18.
[1a98:0001][2026-05-10T02:10:10] No eligible source products found for automatic migration to target major version 18.
[1a98:0001][2026-05-10T02:10:10] No eligible source products found for automatic migration to target major version 22.
[1a98:0003][2026-05-10T02:10:15] Setup Engine v4.5.35, Microsoft Windows NT 10.0.26200.0
[1a98:0003][2026-05-10T02:10:15] Command line: "C:\Program Files (x86)\Microsoft Visual Studio\Installer\setup.exe" 
[1a98:0003][2026-05-10T02:10:15] Loading packages for instance '0240ddbe'
[1a98:0003][2026-05-10T02:10:15] DependencyComparer was created without a productArch. productArch will be ignored for dependency comparison.
[1a98:0003][2026-05-10T02:10:16] Switching package detection state from 'Superseded' to 'Absent' since package version '17.14.36015.10' is greater than installed version '17.0.157.0'
[1a98:0003][2026-05-10T02:10:16] Compatible ProductCode '{6AAEB5DD-FFFE-4CA1-9FE2-38A44B6B4477}' found for package 'Microsoft.VisualStudio.MinShell.Msi,version=17.14.36301.6,productarch=arm64'
[1a98:0003][2026-05-10T02:10:16] Compatible package version is less than or equal to the package version. Code '{6AAEB5DD-FFFE-4CA1-9FE2-38A44B6B4477}' will not be used for repair/uninstall attempts.
[1a98:0003][2026-05-10T02:10:16] Compatible ProductCode '{6AAEB5DD-FFFE-4CA1-9FE2-38A44B6B4477}' found for package 'Microsoft.VisualStudio.MinShell.Msi,version=17.14.36301.6,productarch=x64'
[1a98:0003][2026-05-10T02:10:16] Compatible package version is less than or equal to the package version. Code '{6AAEB5DD-FFFE-4CA1-9FE2-38A44B6B4477}' will not be used for repair/uninstall attempts.
[1a98:0003][2026-05-10T02:10:16] Warning: Windows Installer found the package 'Microsoft.VisualStudio.Community.Msi,version=17.14.36024.20,machinearch=arm64' superseded but corresponding compatible package information was not found. Attempts to repair will be skipped and that to uninstall may leave the cache behind.
[1a98:0003][2026-05-10T02:10:16] Compatible ProductCode '{71498EE6-F94E-4061-9DD5-55925CA8A74F}' found for package 'Microsoft.VisualStudio.Community.Msi,version=17.14.36025.13,machinearch=x86'
[1a98:0003][2026-05-10T02:10:16] Compatible package version is less than or equal to the package version. Code '{71498EE6-F94E-4061-9DD5-55925CA8A74F}' will not be used for repair/uninstall attempts.
[1a98:0003][2026-05-10T02:10:16] Compatible ProductCode '{F73D5EBA-D2A0-9F65-ADA6-2CCFDF44EA70}' found for package 'Microsoft.Windows.UniversalCRT.Tools.Msi,version=10.0.26624,chip=x64'
[1a98:0003][2026-05-10T02:10:16] Compatible ProductCode '{964DFB51-5193-2688-7E0A-45CC35B69748}' found for package 'Microsoft.Windows.UniversalCRT.Tools.Msi,version=10.0.26624,chip=x86'
[1a98:0003][2026-05-10T02:10:16] Loaded existing instance for product 'Microsoft.VisualStudio.Product.BuildTools,version=17.14.37216.2'
[1a98:0003][2026-05-10T02:10:16] Telemetry property VS.SetupEngine.Id : VisualStudio/17.14.31+37216.2.-april.2026-
[1a98:0003][2026-05-10T02:10:16] Telemetry property VS.SetupEngine.Branch : d17.14
[1a98:0003][2026-05-10T02:10:16] Telemetry property VS.SetupEngine.BuildNumber : 17.14.37216.2
[1a98:0003][2026-05-10T02:10:16] Telemetry property VS.SetupEngine.InstanceId : 0240ddbe
[1a98:0003][2026-05-10T02:10:16] Telemetry property VS.SetupEngine.EngineVersion : 4.5.35.35368
[1a98:0003][2026-05-10T02:10:16] Compatible ProductCode '{F73D5EBA-D2A0-9F65-ADA6-2CCFDF44EA70}' found for package 'Microsoft.Windows.UniversalCRT.Tools.Msi,version=10.0.26624,chip=x64'
[1a98:0003][2026-05-10T02:10:16] Package Microsoft.Windows.UniversalCRT.Msu.7 is not applicable: The current OS Version '10.0.26200.0' is not in the supported version range '[6.1,6.2)'.
[1a98:0003][2026-05-10T02:10:16] Package Microsoft.Windows.UniversalCRT.Msu.8 is not applicable: The current OS Version '10.0.26200.0' is not in the supported version range '[6.2,6.3)'.
[1a98:0003][2026-05-10T02:10:16] Package Microsoft.Windows.UniversalCRT.Msu.81 is not applicable: The current OS Version '10.0.26200.0' is not in the supported version range '[6.3,6.4)'.
[1a98:0003][2026-05-10T02:10:16] Package Microsoft.VisualStudio.Debugger.DbgHelp.Win8 is not applicable: The current OS Version '10.0.26200.0' is not in the supported version range '[6.1,6.3]'.
[1a98:0003][2026-05-10T02:10:16] Package Microsoft.VisualStudio.Debugger.Remote.DbgHelp.Win8 is not applicable: The current OS Version '10.0.26200.0' is not in the supported version range '[6.1,6.3]'.
[1a98:0003][2026-05-10T02:10:16] Package Microsoft.VisualStudio.Debugger.Remote.DbgHelp.Win8 is not applicable: The current OS Version '10.0.26200.0' is not in the supported version range '[6.1,6.3]'.
[1a98:0003][2026-05-10T02:10:16] Compatible ProductCode '{F73D5EBA-D2A0-9F65-ADA6-2CCFDF44EA70}' found for package 'Microsoft.Windows.UniversalCRT.Tools.Msi,version=10.0.26624,chip=x64'
[1a98:0003][2026-05-10T02:10:16] Package Microsoft.Net.4.8.FullRedist.20H2 is not applicable: The current OS Version '10.0.26200.0' is not in the supported version range '[10.0.19042,10.0.22000]'.
[1a98:0003][2026-05-10T02:10:16] Package Microsoft.Net.4.8.FullRedist is not applicable: The current OS Version '10.0.26200.0' is not in the supported version range '[6.1.1,10.0.17763]'.
[1a98:0003][2026-05-10T02:10:16] Package Microsoft.Net.4.8.KB5003306 is not applicable: The current OS Version '10.0.26200.0' is not in the supported version range '[10.0.18362,10.0.18363]'.
[1a98:0003][2026-05-10T02:10:16] Package Microsoft.Net.4.8.KB5003304 is not applicable: The current OS Version '10.0.26200.0' is not in the supported version range '[10.0.19041,10.0.19042)'.
[1a98:0003][2026-05-10T02:10:16] Package Microsoft.Net.4.8.1.FullRedist is not applicable: The current OS Version '10.0.26200.0' is not in the supported version range '[10.0.19042,10.0.22000]'.
[1a98:0003][2026-05-10T02:10:16] Package Microsoft.VisualStudio.NuGet.PowershellBindingRedirect is not applicable: The current OS Version '10.0.26200.0' is not in the supported version range '[6.1,6.2)'.
[1a98:0003][2026-05-10T02:10:16] Package Microsoft.Windows.UniversalCRT.Msu.7 is not applicable: The current OS Version '10.0.26200.0' is not in the supported version range '[6.1,6.2)'.
[1a98:0003][2026-05-10T02:10:16] Package Microsoft.Windows.UniversalCRT.Msu.8 is not applicable: The current OS Version '10.0.26200.0' is not in the supported version range '[6.2,6.3)'.
[1a98:0003][2026-05-10T02:10:16] Package Microsoft.Windows.UniversalCRT.Msu.81 is not applicable: The current OS Version '10.0.26200.0' is not in the supported version range '[6.3,6.4)'.
[1a98:0003][2026-05-10T02:10:16] Package Microsoft.VisualStudio.Debugger.DbgHelp.Win8 is not applicable: The current OS Version '10.0.26200.0' is not in the supported version range '[6.1,6.3]'.
[1a98:0003][2026-05-10T02:10:16] Package Microsoft.VisualStudio.Debugger.Remote.DbgHelp.Win8 is not applicable: The current OS Version '10.0.26200.0' is not in the supported version range '[6.1,6.3]'.
[1a98:0003][2026-05-10T02:10:16] Package Microsoft.VisualStudio.Debugger.Remote.DbgHelp.Win8 is not applicable: The current OS Version '10.0.26200.0' is not in the supported version range '[6.1,6.3]'.
[1a98:0003][2026-05-10T02:10:16] Compatible ProductCode '{F73D5EBA-D2A0-9F65-ADA6-2CCFDF44EA70}' found for package 'Microsoft.Windows.UniversalCRT.Tools.Msi,version=10.0.26624,chip=x64'
[1a98:0003][2026-05-10T02:10:16] Package Microsoft.Net.4.8.FullRedist.20H2 is not applicable: The current OS Version '10.0.26200.0' is not in the supported version range '[10.0.19042,10.0.22000]'.
[1a98:0003][2026-05-10T02:10:16] Package Microsoft.Net.4.8.FullRedist is not applicable: The current OS Version '10.0.26200.0' is not in the supported version range '[6.1.1,10.0.17763]'.
[1a98:0003][2026-05-10T02:10:16] Package Microsoft.Net.4.8.KB5003306 is not applicable: The current OS Version '10.0.26200.0' is not in the supported version range '[10.0.18362,10.0.18363]'.
[1a98:0003][2026-05-10T02:10:16] Package Microsoft.Net.4.8.KB5003304 is not applicable: The current OS Version '10.0.26200.0' is not in the supported version range '[10.0.19041,10.0.19042)'.
[1a98:0003][2026-05-10T02:10:16] Package Microsoft.Net.4.8.1.FullRedist is not applicable: The current OS Version '10.0.26200.0' is not in the supported version range '[10.0.19042,10.0.22000]'.
[1a98:0003][2026-05-10T02:10:16] Package Microsoft.VisualStudio.NuGet.PowershellBindingRedirect is not applicable: The current OS Version '10.0.26200.0' is not in the supported version range '[6.1,6.2)'.
[1a98:0003][2026-05-10T02:10:16] Warning: No previous catalog found at 'C:\ProgramData\Microsoft\VisualStudio\Packages\_Instances\0240ddbe\catalog.previous.json'
[1a98:0001][2026-05-10T02:10:33] Closing light box.
[1a98:0001][2026-05-10T02:10:34] Shutting down the application with exit code 0
[1a98:0001][2026-05-10T02:10:34] Releasing singleton lock.
[1a98:0001][2026-05-10T02:10:34] Releasing singleton lock succeed.
[1a98:0001][2026-05-10T02:10:34] Releasing singleton lock.
[1a98:0001][2026-05-10T02:10:34] Singleton lock does not exist. Releasing singleton lock skipped.
[1a98:0001][2026-05-10T02:10:34] ManifestVerifier Result: Success
[1a98:0001][2026-05-10T02:10:34] Closing the installer with exit code 0
[1a98:0001][2026-05-10T02:10:34] Exit Code: 0
[1a98:0001][2026-05-10T02:10:34] Cleared previous session ID.
[1a98:0001][2026-05-10T02:10:35] ManifestVerifier Result: Success
[1a98:0001][2026-05-10T02:10:35] Trying to remove channel manifest: C:\Users\Werguru\AppData\Local\Microsoft\VisualStudio\Packages\_Channels\8a91a928\installChannelManifest.json
[1a98:0001][2026-05-10T02:10:35] Trying to remove product manifest: C:\Users\Werguru\AppData\Local\Microsoft\VisualStudio\Packages\_Channels\8a91a928\install_catalog.json
[1a98:0001][2026-05-10T02:10:35] ManifestVerifier Result: Success
