[5d98:0001][2026-05-10T12:46:06] Saving the current locale (en-US) to user.json.
[5d98:0001][2026-05-10T12:46:06] Setting the telemetry services
[5d98:0005][2026-05-10T12:46:06] Creating a new telemetry service.
[5d98:0001][2026-05-10T12:46:06] Visual Studio Installer Version: 4.5.35+8a285335fc
[5d98:0001][2026-05-10T12:46:06] Raw Command line: "C:\Program Files (x86)\Microsoft Visual Studio\Installer\setup.exe" uninstall --installPath "D:\Program Files (x86)\Microsoft Visual Studio\2022\BuildTools" --passive --norestart
[5d98:0001][2026-05-10T12:46:06] Parsed command line options: uninstall --installPath "D:\Program Files (x86)\Microsoft Visual Studio\2022\BuildTools" --norestart --passive
[5d98:0001][2026-05-10T12:46:06] Using registry value of (0) to theme installer.
[5d98:0001][2026-05-10T12:46:06] Getting singleton lock. Mutex name: DevdivInstallerUI
[5d98:0001][2026-05-10T12:46:06] Getting singleton lock succeed.
[5d98:0005][2026-05-10T12:46:06] Telemetry session ID: b9a4c2be-9d83-40b3-b1f4-0f97e4636df2
[5d98:0004][2026-05-10T12:46:06] Creating new ExperimentationService
[5d98:0004][2026-05-10T12:46:06] Telemetry property VS.ABExp.Flights : lazytoolboxinit;fwlargebuffer;refactoring;spmoretempsbtn1;asloff;keybindgoldbarext;asynccsproj;vsfricheditor;completionapi;4f604693:30775293
[5d98:0005][2026-05-10T12:46:06] Telemetry property vs.willow.source : WPF
[5d98:0005][2026-05-10T12:46:06] Telemetry property vs.willow.locale : en-US
[5d98:0005][2026-05-10T12:46:06] Telemetry property vs.willow.installerversion : 4.5.35.35368
[5d98:0005][2026-05-10T12:46:06] Telemetry property vs.willow.startmethod : direct
[5d98:0005][2026-05-10T12:46:06] Telemetry property vs.willow.activityid : a6a6a246-91be-4574-aac4-dbe518397a6e
[5d98:0005][2026-05-10T12:46:06] Telemetry property vs.willow.campaign : 
[5d98:0005][2026-05-10T12:46:06] Telemetry property vs.willow.passive : True
[5d98:0005][2026-05-10T12:46:06] Telemetry property vs.willow.quiet : False
[5d98:0005][2026-05-10T12:46:06] Telemetry property vs.willow.processtype : ui
[5d98:0005][2026-05-10T12:46:06] Telemetry property vs.willow.force : False
[5d98:0005][2026-05-10T12:46:06] Telemetry property vs.willow.noweb : False
[5d98:0005][2026-05-10T12:46:06] Telemetry property vs.willow.iselevated : True
[5d98:0005][2026-05-10T12:46:06] Telemetry property vs.willow.issystem : False
[5d98:0005][2026-05-10T12:46:06] Telemetry property vs.willow.isadmin : True
[5d98:0001][2026-05-10T12:46:06] Monitor center position: 960, 576
[5d98:0001][2026-05-10T12:46:06] Showing the window.
[5d98:0001][2026-05-10T12:46:06] Navigation requested from ApplicationViewModel to MainPageViewModel
[5d98:0029][2026-05-10T12:46:06] Telemetry property vs.setup.WorkloadOverrides.DidReceiveOverride : False
[5d98:0029][2026-05-10T12:46:06] Telemetry property vs.setup.WorkloadOverrides.RuleId : None
[5d98:0008][2026-05-10T12:46:06] Telemetry property VS.SetupEngine.ChannelUpdateDisabled : False
[5d98:0008][2026-05-10T12:46:06] Trying to remove channel manifest: C:\Users\Werguru\AppData\Local\Microsoft\VisualStudio\Packages\_Channels\ba7c1514\installChannelManifest.json
[5d98:0008][2026-05-10T12:46:06] Trying to remove product manifest: C:\Users\Werguru\AppData\Local\Microsoft\VisualStudio\Packages\_Channels\ba7c1514\install_catalog.json
[5d98:0019][2026-05-10T12:46:06] Authentication Environment variable setting value: null
[5d98:0019][2026-05-10T12:46:06] Authenticate: True
[5d98:000d][2026-05-10T12:46:06] Download requested: https://go.microsoft.com/fwlink/?linkid=2066144
[5d98:002a][2026-05-10T12:46:06] Uri 'https://go.microsoft.com/fwlink/?linkid=857708' redirected to 'https://sendvsfeedback2.azurewebsites.net/api'
[5d98:002b][2026-05-10T12:46:06] Attempting download 'https://go.microsoft.com/fwlink/?linkid=2066144' using engine 'WebClient'
[5d98:0003][2026-05-10T12:46:07] Warning: No previous catalog found at 'C:\ProgramData\Microsoft\VisualStudio\Packages\_Instances\e191933d\catalog.previous.json'
[5d98:0026][2026-05-10T12:46:07] Status changed to NoUpdate
[5d98:0003][2026-05-10T12:46:07] Telemetry property VS.SetupEngine.ChannelUpdateDisabled : False
[5d98:0003][2026-05-10T12:46:07] ManifestVerifier Result: Success
[5d98:0001][2026-05-10T12:46:07] No eligible source products found for automatic migration to target major version 18.
[5d98:002b][2026-05-10T12:46:07] Uri 'https://go.microsoft.com/fwlink/?linkid=2066144' redirected to 'https://newsfeed.visualstudio.microsoft.com/news/vs'
[5d98:0001][2026-05-10T12:46:07] No eligible source products found for automatic migration to target major version 18.
[5d98:0001][2026-05-10T12:46:07] No eligible source products found for automatic migration to target major version 18.
[5d98:002b][2026-05-10T12:46:07] Download of 'https://go.microsoft.com/fwlink/?linkid=2066144' succeeded using engine 'WebClient'
[5d98:0001][2026-05-10T12:46:07] No eligible source products found for automatic migration to target major version 18.
[5d98:0001][2026-05-10T12:46:07] No eligible source products found for automatic migration to target major version 18.
[5d98:0001][2026-05-10T12:46:07] No eligible source products found for automatic migration to target major version 18.
[5d98:0001][2026-05-10T12:46:07] No eligible source products found for automatic migration to target major version 22.
[5d98:0009][2026-05-10T12:46:07] ManifestVerifier Result: Success
[5d98:0009][2026-05-10T12:46:07] Created a UnelevatedProductUninstaller
[5d98:0009][2026-05-10T12:46:07] Decorating UnelevatedProductUninstaller with UnelevatedInstallerTelemetryDecorator
[5d98:0009][2026-05-10T12:46:07] ManifestVerifier Result: Success
[5d98:0027][2026-05-10T12:46:07] ManifestVerifier Result: Success
[5d98:0001][2026-05-10T12:46:07] No eligible source products found for automatic migration to target major version 18.
[5d98:000e][2026-05-10T12:46:07] Setup Engine v4.5.35, Microsoft Windows NT 10.0.26200.0
[5d98:000e][2026-05-10T12:46:07] Command line: "C:\Program Files (x86)\Microsoft Visual Studio\Installer\setup.exe" uninstall --installPath "D:\Program Files (x86)\Microsoft Visual Studio\2022\BuildTools" --passive --norestart
[5d98:0001][2026-05-10T12:46:07] No eligible source products found for automatic migration to target major version 18.
[5d98:0001][2026-05-10T12:46:07] No eligible source products found for automatic migration to target major version 18.
[5d98:0001][2026-05-10T12:46:07] No eligible source products found for automatic migration to target major version 18.
[5d98:0001][2026-05-10T12:46:07] No eligible source products found for automatic migration to target major version 18.
[5d98:0001][2026-05-10T12:46:07] No eligible source products found for automatic migration to target major version 18.
[5d98:000e][2026-05-10T12:46:07] Loading packages for instance 'e191933d'
[5d98:0001][2026-05-10T12:46:07] No eligible source products found for automatic migration to target major version 22.
[5d98:0009][2026-05-10T12:46:07] Authenticode verification returned 0x00000000 for path: C:\Program Files (x86)\Microsoft Visual Studio\Installer\setup.exe.
[5d98:000e][2026-05-10T12:46:07] DependencyComparer was created without a productArch. productArch will be ignored for dependency comparison.
[5d98:000e][2026-05-10T12:46:08] Compatible ProductCode '{FE85AA49-3522-4663-9F52-9CD9E9837189}' found for package 'Microsoft.VisualCpp.RuntimeDebug.14.ARM64,version=14.44.35211,chip=x64,machinearch=arm64'
[5d98:000e][2026-05-10T12:46:08] Compatible package version is less than or equal to the package version. Code '{FE85AA49-3522-4663-9F52-9CD9E9837189}' will not be used for repair/uninstall attempts.
[5d98:000e][2026-05-10T12:46:08] Warning: Windows Installer found the package 'Microsoft.VisualCpp.RuntimeDebug.14.ARM64,version=14.44.35211,chip=x64,machinearch=arm64' superseded but corresponding compatible package information was not found. Attempts to repair will be skipped and that to uninstall may leave the cache behind.
[5d98:000e][2026-05-10T12:46:08] Switching package detection state from 'Superseded' to 'Absent' since package version '17.14.36015.10' is greater than installed version '17.0.157.0'
[5d98:000e][2026-05-10T12:46:08] Compatible ProductCode '{6AAEB5DD-FFFE-4CA1-9FE2-38A44B6B4477}' found for package 'Microsoft.VisualStudio.MinShell.Msi,version=17.14.36301.6,productarch=arm64'
[5d98:000e][2026-05-10T12:46:08] Compatible package version is less than or equal to the package version. Code '{6AAEB5DD-FFFE-4CA1-9FE2-38A44B6B4477}' will not be used for repair/uninstall attempts.
[5d98:000e][2026-05-10T12:46:08] Compatible ProductCode '{6AAEB5DD-FFFE-4CA1-9FE2-38A44B6B4477}' found for package 'Microsoft.VisualStudio.MinShell.Msi,version=17.14.36301.6,productarch=x64'
[5d98:000e][2026-05-10T12:46:08] Compatible package version is less than or equal to the package version. Code '{6AAEB5DD-FFFE-4CA1-9FE2-38A44B6B4477}' will not be used for repair/uninstall attempts.
[5d98:000e][2026-05-10T12:46:08] Warning: Windows Installer found the package 'Microsoft.VisualStudio.Community.Msi,version=17.14.36024.20,machinearch=arm64' superseded but corresponding compatible package information was not found. Attempts to repair will be skipped and that to uninstall may leave the cache behind.
[5d98:000e][2026-05-10T12:46:08] Compatible ProductCode '{71498EE6-F94E-4061-9DD5-55925CA8A74F}' found for package 'Microsoft.VisualStudio.Community.Msi,version=17.14.36025.13,machinearch=x86'
[5d98:000e][2026-05-10T12:46:08] Compatible package version is less than or equal to the package version. Code '{71498EE6-F94E-4061-9DD5-55925CA8A74F}' will not be used for repair/uninstall attempts.
[5d98:000e][2026-05-10T12:46:08] Compatible ProductCode '{F73D5EBA-D2A0-9F65-ADA6-2CCFDF44EA70}' found for package 'Microsoft.Windows.UniversalCRT.Tools.Msi,version=10.0.26624,chip=x64'
[5d98:000e][2026-05-10T12:46:08] Compatible ProductCode '{964DFB51-5193-2688-7E0A-45CC35B69748}' found for package 'Microsoft.Windows.UniversalCRT.Tools.Msi,version=10.0.26624,chip=x86'
[5d98:000e][2026-05-10T12:46:08] Loaded existing instance for product 'Microsoft.VisualStudio.Product.BuildTools,version=17.14.37216.2'
[5d98:000e][2026-05-10T12:46:08] Telemetry property VS.SetupEngine.Id : VisualStudio/17.14.31+37216.2.-april.2026-
[5d98:000e][2026-05-10T12:46:08] Telemetry property VS.SetupEngine.Branch : d17.14
[5d98:000e][2026-05-10T12:46:08] Telemetry property VS.SetupEngine.BuildNumber : 17.14.37216.2
[5d98:000e][2026-05-10T12:46:08] Telemetry property VS.SetupEngine.InstanceId : e191933d
[5d98:000e][2026-05-10T12:46:08] Telemetry property VS.SetupEngine.EngineVersion : 4.5.35.35368
[5d98:000e][2026-05-10T12:46:08] Compatible ProductCode '{F73D5EBA-D2A0-9F65-ADA6-2CCFDF44EA70}' found for package 'Microsoft.Windows.UniversalCRT.Tools.Msi,version=10.0.26624,chip=x64'
[5d98:000e][2026-05-10T12:46:08] Package Microsoft.Windows.UniversalCRT.Msu.7 is not applicable: The current OS Version '10.0.26200.0' is not in the supported version range '[6.1,6.2)'.
[5d98:000e][2026-05-10T12:46:08] Package Microsoft.Windows.UniversalCRT.Msu.8 is not applicable: The current OS Version '10.0.26200.0' is not in the supported version range '[6.2,6.3)'.
[5d98:000e][2026-05-10T12:46:08] Package Microsoft.Windows.UniversalCRT.Msu.81 is not applicable: The current OS Version '10.0.26200.0' is not in the supported version range '[6.3,6.4)'.
[5d98:000e][2026-05-10T12:46:08] Package Microsoft.VisualStudio.Debugger.DbgHelp.Win8 is not applicable: The current OS Version '10.0.26200.0' is not in the supported version range '[6.1,6.3]'.
[5d98:000e][2026-05-10T12:46:08] Package Microsoft.VisualStudio.Debugger.Remote.DbgHelp.Win8 is not applicable: The current OS Version '10.0.26200.0' is not in the supported version range '[6.1,6.3]'.
[5d98:000e][2026-05-10T12:46:08] Package Microsoft.VisualStudio.Debugger.Remote.DbgHelp.Win8 is not applicable: The current OS Version '10.0.26200.0' is not in the supported version range '[6.1,6.3]'.
[5d98:000e][2026-05-10T12:46:08] Compatible ProductCode '{F73D5EBA-D2A0-9F65-ADA6-2CCFDF44EA70}' found for package 'Microsoft.Windows.UniversalCRT.Tools.Msi,version=10.0.26624,chip=x64'
[5d98:000e][2026-05-10T12:46:08] Package Microsoft.Net.4.8.FullRedist.20H2 is not applicable: The current OS Version '10.0.26200.0' is not in the supported version range '[10.0.19042,10.0.22000]'.
[5d98:000e][2026-05-10T12:46:08] Package Microsoft.Net.4.8.FullRedist is not applicable: The current OS Version '10.0.26200.0' is not in the supported version range '[6.1.1,10.0.17763]'.
[5d98:000e][2026-05-10T12:46:08] Package Microsoft.Net.4.8.KB5003306 is not applicable: The current OS Version '10.0.26200.0' is not in the supported version range '[10.0.18362,10.0.18363]'.
[5d98:000e][2026-05-10T12:46:08] Package Microsoft.Net.4.8.KB5003304 is not applicable: The current OS Version '10.0.26200.0' is not in the supported version range '[10.0.19041,10.0.19042)'.
[5d98:000e][2026-05-10T12:46:08] Package Microsoft.Net.4.8.1.FullRedist is not applicable: The current OS Version '10.0.26200.0' is not in the supported version range '[10.0.19042,10.0.22000]'.
[5d98:000e][2026-05-10T12:46:08] Package Microsoft.VisualStudio.NuGet.PowershellBindingRedirect is not applicable: The current OS Version '10.0.26200.0' is not in the supported version range '[6.1,6.2)'.
[5d98:000e][2026-05-10T12:46:08] Package Microsoft.Windows.UniversalCRT.Msu.7 is not applicable: The current OS Version '10.0.26200.0' is not in the supported version range '[6.1,6.2)'.
[5d98:000e][2026-05-10T12:46:08] Package Microsoft.Windows.UniversalCRT.Msu.8 is not applicable: The current OS Version '10.0.26200.0' is not in the supported version range '[6.2,6.3)'.
[5d98:000e][2026-05-10T12:46:08] Package Microsoft.Windows.UniversalCRT.Msu.81 is not applicable: The current OS Version '10.0.26200.0' is not in the supported version range '[6.3,6.4)'.
[5d98:000e][2026-05-10T12:46:08] Package Microsoft.VisualStudio.Debugger.DbgHelp.Win8 is not applicable: The current OS Version '10.0.26200.0' is not in the supported version range '[6.1,6.3]'.
[5d98:000e][2026-05-10T12:46:08] Package Microsoft.VisualStudio.Debugger.Remote.DbgHelp.Win8 is not applicable: The current OS Version '10.0.26200.0' is not in the supported version range '[6.1,6.3]'.
[5d98:000e][2026-05-10T12:46:08] Package Microsoft.VisualStudio.Debugger.Remote.DbgHelp.Win8 is not applicable: The current OS Version '10.0.26200.0' is not in the supported version range '[6.1,6.3]'.
[5d98:000e][2026-05-10T12:46:08] Compatible ProductCode '{F73D5EBA-D2A0-9F65-ADA6-2CCFDF44EA70}' found for package 'Microsoft.Windows.UniversalCRT.Tools.Msi,version=10.0.26624,chip=x64'
[5d98:000e][2026-05-10T12:46:08] Package Microsoft.Net.4.8.FullRedist.20H2 is not applicable: The current OS Version '10.0.26200.0' is not in the supported version range '[10.0.19042,10.0.22000]'.
[5d98:000e][2026-05-10T12:46:08] Package Microsoft.Net.4.8.FullRedist is not applicable: The current OS Version '10.0.26200.0' is not in the supported version range '[6.1.1,10.0.17763]'.
[5d98:000e][2026-05-10T12:46:08] Package Microsoft.Net.4.8.KB5003306 is not applicable: The current OS Version '10.0.26200.0' is not in the supported version range '[10.0.18362,10.0.18363]'.
[5d98:000e][2026-05-10T12:46:08] Package Microsoft.Net.4.8.KB5003304 is not applicable: The current OS Version '10.0.26200.0' is not in the supported version range '[10.0.19041,10.0.19042)'.
[5d98:000e][2026-05-10T12:46:08] Package Microsoft.Net.4.8.1.FullRedist is not applicable: The current OS Version '10.0.26200.0' is not in the supported version range '[10.0.19042,10.0.22000]'.
[5d98:000e][2026-05-10T12:46:08] Package Microsoft.VisualStudio.NuGet.PowershellBindingRedirect is not applicable: The current OS Version '10.0.26200.0' is not in the supported version range '[6.1,6.2)'.
[5d98:000e][2026-05-10T12:46:08] Warning: No previous catalog found at 'C:\ProgramData\Microsoft\VisualStudio\Packages\_Instances\e191933d\catalog.previous.json'
[5d98:000b][2026-05-10T12:47:37] Status changed to NoUpdate
[5d98:0013][2026-05-10T12:47:37] ManifestVerifier Result: Success
[5d98:0001][2026-05-10T12:47:37] No eligible source products found for automatic migration to target major version 18.
[5d98:0001][2026-05-10T12:47:37] No eligible source products found for automatic migration to target major version 18.
[5d98:0001][2026-05-10T12:47:37] No eligible source products found for automatic migration to target major version 18.
[5d98:0001][2026-05-10T12:47:37] No eligible source products found for automatic migration to target major version 18.
[5d98:0001][2026-05-10T12:47:37] No eligible source products found for automatic migration to target major version 18.
[5d98:0001][2026-05-10T12:47:37] No eligible source products found for automatic migration to target major version 18.
[5d98:0001][2026-05-10T12:47:37] No eligible source products found for automatic migration to target major version 22.
[5d98:002b][2026-05-10T12:47:37] Shutting down the application with exit code 0
[5d98:0001][2026-05-10T12:47:37] Releasing singleton lock.
[5d98:0001][2026-05-10T12:47:37] Releasing singleton lock succeed.
[5d98:0001][2026-05-10T12:47:37] Releasing singleton lock.
[5d98:0001][2026-05-10T12:47:37] Singleton lock does not exist. Releasing singleton lock skipped.
[5d98:000b][2026-05-10T12:47:38] Warning: Setup expects one or more channel manifest in the repository.
[5d98:0001][2026-05-10T12:47:38] ManifestVerifier Result: Success
[5d98:0001][2026-05-10T12:47:38] Closing the installer with exit code 0
[5d98:0001][2026-05-10T12:47:38] Exit Code: 0
[5d98:0001][2026-05-10T12:47:38] Cleared previous session ID.
[5d98:0030][2026-05-10T12:47:38] Download requested: https://download.visualstudio.microsoft.com/download/pr/d9ce9498-b5ec-4730-a7b2-b0589eab2d27/69777cd5629ba69549b3c4bc765447d1afed17a3895d36bdd336da8f4fea71a6/VisualStudio.17.Release.chman
[5d98:0032][2026-05-10T12:47:38] Attempting download 'https://download.visualstudio.microsoft.com/download/pr/d9ce9498-b5ec-4730-a7b2-b0589eab2d27/69777cd5629ba69549b3c4bc765447d1afed17a3895d36bdd336da8f4fea71a6/VisualStudio.17.Release.chman' using engine 'WebClient'
[5d98:0001][2026-05-10T12:47:38] ManifestVerifier Result: Success
[5d98:0001][2026-05-10T12:47:38] Warning: Setup expects one or more channel manifest in the repository.
[5d98:0001][2026-05-10T12:47:38] Trying to remove channel manifest: C:\Users\Werguru\AppData\Local\Microsoft\VisualStudio\Packages\_Channels\ba7c1514\installChannelManifest.json
[5d98:0001][2026-05-10T12:47:38] Trying to remove product manifest: C:\Users\Werguru\AppData\Local\Microsoft\VisualStudio\Packages\_Channels\ba7c1514\install_catalog.json
[5d98:0001][2026-05-10T12:47:38] Warning: Setup expects one or more channel manifest in the repository.
[5d98:0032][2026-05-10T12:47:38] ManifestVerifier Result: Success
[5d98:0032][2026-05-10T12:47:38] Download of 'https://download.visualstudio.microsoft.com/download/pr/d9ce9498-b5ec-4730-a7b2-b0589eab2d27/69777cd5629ba69549b3c4bc765447d1afed17a3895d36bdd336da8f4fea71a6/VisualStudio.17.Release.chman' succeeded using engine 'WebClient'
[5d98:000b][2026-05-10T12:47:38] Channel manifest for https://aka.ms/vs/17/release/channel is already up to date.
[5d98:000b][2026-05-10T12:47:38] Warning: Setup expects one or more channel manifest in the repository.
[5d98:000b][2026-05-10T12:47:38] Warning: Setup expects one or more channel manifest in the repository.
[5d98:000b][2026-05-10T12:47:38] Downloading installable manifest from "https://download.visualstudio.microsoft.com/download/pr/d9ce9498-b5ec-4730-a7b2-b0589eab2d27/87fb870c97726281f9535be9f3a9df97bdf5edbb0d0b2dc2071ccc8d6d13993e/VisualStudio.vsman" and using the channel URI "https://aka.ms/vs/17/release/channel".
[5d98:000b][2026-05-10T12:47:38] Download requested: https://download.visualstudio.microsoft.com/download/pr/d9ce9498-b5ec-4730-a7b2-b0589eab2d27/87fb870c97726281f9535be9f3a9df97bdf5edbb0d0b2dc2071ccc8d6d13993e/VisualStudio.vsman
[5d98:002f][2026-05-10T12:47:38] Attempting download 'https://download.visualstudio.microsoft.com/download/pr/d9ce9498-b5ec-4730-a7b2-b0589eab2d27/87fb870c97726281f9535be9f3a9df97bdf5edbb0d0b2dc2071ccc8d6d13993e/VisualStudio.vsman' using engine 'WebClient'
[5d98:002f][2026-05-10T12:47:38] ManifestVerifier Result: Success
[5d98:002f][2026-05-10T12:47:38] Download of 'https://download.visualstudio.microsoft.com/download/pr/d9ce9498-b5ec-4730-a7b2-b0589eab2d27/87fb870c97726281f9535be9f3a9df97bdf5edbb0d0b2dc2071ccc8d6d13993e/VisualStudio.vsman' succeeded using engine 'WebClient'
[5d98:002f][2026-05-10T12:47:39] ManifestVerifier Result: Success
[5d98:002d][2026-05-10T12:47:39] Download requested: https://download.visualstudio.microsoft.com/download/pr/7bd6f2d4-f14a-4130-a163-cd3d48c656ed/7ce460f2328d9a9cdce294bb1af69b18/channels.json
[5d98:002c][2026-05-10T12:47:39] Attempting download 'https://download.visualstudio.microsoft.com/download/pr/7bd6f2d4-f14a-4130-a163-cd3d48c656ed/7ce460f2328d9a9cdce294bb1af69b18/channels.json' using engine 'WebClient'
[5d98:002c][2026-05-10T12:47:39] ManifestVerifier Result: Success
[5d98:002c][2026-05-10T12:47:39] Download of 'https://download.visualstudio.microsoft.com/download/pr/7bd6f2d4-f14a-4130-a163-cd3d48c656ed/7ce460f2328d9a9cdce294bb1af69b18/channels.json' succeeded using engine 'WebClient'
[5d98:002c][2026-05-10T12:47:39] ManifestVerifier Result: Success
[5d98:002c][2026-05-10T12:47:39] ManifestVerifier Result: Success
[5d98:0029][2026-05-10T12:47:39] Download requested: https://download.visualstudio.microsoft.com/download/pr/955183c0-a333-4c1d-a0f6-40e980d185f6/b1d9cb6a6ac9efd3251cdc25c246dce1/latestinstaller.json
[5d98:0026][2026-05-10T12:47:39] Attempting download 'https://download.visualstudio.microsoft.com/download/pr/955183c0-a333-4c1d-a0f6-40e980d185f6/b1d9cb6a6ac9efd3251cdc25c246dce1/latestinstaller.json' using engine 'WebClient'
[5d98:0026][2026-05-10T12:47:39] ManifestVerifier Result: Success
[5d98:0026][2026-05-10T12:47:39] Download of 'https://download.visualstudio.microsoft.com/download/pr/955183c0-a333-4c1d-a0f6-40e980d185f6/b1d9cb6a6ac9efd3251cdc25c246dce1/latestinstaller.json' succeeded using engine 'WebClient'
[5d98:0001][2026-05-10T12:47:39] Failed to delete temporary cache directory 'C:\Users\Werguru\AppData\Local\Temp\xiqnzfbc.lsz'. Error: The process cannot access the file 'uzfma5yh.json' because it is being used by another process.
[5d98:0001][2026-05-10T12:47:39] ManifestVerifier Result: Success
