[33f0:0001][2026-05-10T01:35:40] Setting the locale to en-US.
[33f0:0001][2026-05-10T01:35:40] Saving the current locale (en-US) to user.json.
[33f0:0001][2026-05-10T01:35:40] Setting the telemetry services
[33f0:0005][2026-05-10T01:35:40] Creating a new telemetry service.
[33f0:0001][2026-05-10T01:35:40] Visual Studio Installer Version: 4.5.35+8a285335fc
[33f0:0001][2026-05-10T01:35:40] Raw Command line: "C:\Program Files (x86)\Microsoft Visual Studio\Installer\setup.exe" /finalizeInstall install --in "C:\ProgramData\Microsoft\VisualStudio\Packages\_bootstrapper\vs_setup_bootstrapper_202605100135395195.json" install --passive --norestart --installPath "C:\Program Files (x86)\Microsoft Visual Studio\2022\BuildTools" --add Microsoft.VisualStudio.Workload.VCTools --add Microsoft.VisualStudio.Component.Windows11SDK.22621 --locale en-US --activityId "f39a270c-1052-4a90-bfde-20e3e5a85b21" --pipe "81f15876-2a2f-4475-ad7f-16ac61eb58cb"
[33f0:0001][2026-05-10T01:35:40] Parsed command line options: install --activityId f39a270c-1052-4a90-bfde-20e3e5a85b21 --add Microsoft.VisualStudio.Workload.VCTools Microsoft.VisualStudio.Component.Windows11SDK.22621 --channelId VisualStudio.17.Release --channelUri https://aka.ms/vs/17/release/channel --installPath "C:\Program Files (x86)\Microsoft Visual Studio\2022\BuildTools" --locale en-US --norestart --passive --pipe 81f15876-2a2f-4475-ad7f-16ac61eb58cb --productId Microsoft.VisualStudio.Product.BuildTools
[33f0:0001][2026-05-10T01:35:40] Using registry value of (0) to theme installer.
[33f0:0001][2026-05-10T01:35:40] Getting singleton lock. Mutex name: DevdivInstallerUI
[33f0:0001][2026-05-10T01:35:40] Getting singleton lock succeed.
[33f0:0005][2026-05-10T01:35:40] Telemetry session ID: caeb5a52-83dc-4ce2-9641-452c788cd2b8
[33f0:0004][2026-05-10T01:35:40] Creating new ExperimentationService
[33f0:0004][2026-05-10T01:35:41] Telemetry property VS.ABExp.Flights : lazytoolboxinit;fwlargebuffer;refactoring;spmoretempsbtn1;asloff;keybindgoldbarext;asynccsproj;vsfricheditor;completionapi;4f604693:30775293
[33f0:0003][2026-05-10T01:35:41] An abnormal shutdown was detected from the previous telemetry session.
[33f0:0005][2026-05-10T01:35:41] Telemetry property vs.willow.source : WPF
[33f0:0005][2026-05-10T01:35:41] Telemetry property vs.willow.locale : en-US
[33f0:0005][2026-05-10T01:35:41] Telemetry property vs.willow.installerversion : 4.5.35.35368
[33f0:0005][2026-05-10T01:35:41] Telemetry property vs.willow.startmethod : indirect
[33f0:0005][2026-05-10T01:35:41] Telemetry property vs.willow.activityid : f39a270c-1052-4a90-bfde-20e3e5a85b21
[33f0:0005][2026-05-10T01:35:41] Telemetry property vs.willow.campaign : 
[33f0:0005][2026-05-10T01:35:41] Telemetry property vs.willow.passive : True
[33f0:0005][2026-05-10T01:35:41] Telemetry property vs.willow.quiet : False
[33f0:0005][2026-05-10T01:35:41] Telemetry property vs.willow.processtype : ui
[33f0:0005][2026-05-10T01:35:41] Telemetry property vs.willow.force : False
[33f0:0005][2026-05-10T01:35:41] Telemetry property vs.willow.noweb : False
[33f0:0005][2026-05-10T01:35:41] Telemetry property vs.willow.iselevated : True
[33f0:0005][2026-05-10T01:35:41] Telemetry property vs.willow.issystem : False
[33f0:0005][2026-05-10T01:35:41] Telemetry property vs.willow.isadmin : True
[33f0:0001][2026-05-10T01:35:41] Monitor center position: 960, 576
[33f0:0001][2026-05-10T01:35:41] Navigation requested from ApplicationViewModel to MainPageViewModel
[33f0:0008][2026-05-10T01:35:41] Telemetry property vs.setup.WorkloadOverrides.DidReceiveOverride : False
[33f0:0008][2026-05-10T01:35:41] Telemetry property vs.setup.WorkloadOverrides.RuleId : None
[33f0:0009][2026-05-10T01:35:41] Telemetry property VS.SetupEngine.ChannelUpdateDisabled : False
[33f0:0009][2026-05-10T01:35:41] Trying to remove channel manifest: C:\Users\Werguru\AppData\Local\Microsoft\VisualStudio\Packages\_Channels\39c8bb92\installChannelManifest.json
[33f0:0009][2026-05-10T01:35:41] Trying to remove product manifest: C:\Users\Werguru\AppData\Local\Microsoft\VisualStudio\Packages\_Channels\39c8bb92\install_catalog.json
[33f0:0009][2026-05-10T01:35:42] Authentication Environment variable setting value: null
[33f0:0009][2026-05-10T01:35:42] Authenticate: True
[33f0:0024][2026-05-10T01:35:42] Uri 'https://go.microsoft.com/fwlink/?linkid=857708' redirected to 'https://sendvsfeedback2.azurewebsites.net/api'
[33f0:0025][2026-05-10T01:35:42] Download requested: https://download.visualstudio.microsoft.com/download/pr/d9ce9498-b5ec-4730-a7b2-b0589eab2d27/69777cd5629ba69549b3c4bc765447d1afed17a3895d36bdd336da8f4fea71a6/VisualStudio.17.Release.chman
[33f0:0028][2026-05-10T01:35:42] Attempting download 'https://download.visualstudio.microsoft.com/download/pr/d9ce9498-b5ec-4730-a7b2-b0589eab2d27/69777cd5629ba69549b3c4bc765447d1afed17a3895d36bdd336da8f4fea71a6/VisualStudio.17.Release.chman' using engine 'WebClient'
[33f0:0028][2026-05-10T01:35:42] ManifestVerifier Result: Success
[33f0:0028][2026-05-10T01:35:42] Download of 'https://download.visualstudio.microsoft.com/download/pr/d9ce9498-b5ec-4730-a7b2-b0589eab2d27/69777cd5629ba69549b3c4bc765447d1afed17a3895d36bdd336da8f4fea71a6/VisualStudio.17.Release.chman' succeeded using engine 'WebClient'
[33f0:0023][2026-05-10T01:35:42] The channel manifest is already in the cache.
[33f0:001a][2026-05-10T01:35:42] Created shortcut: C:\ProgramData\Microsoft\Windows\Start Menu\Programs\Visual Studio Installer.lnk
[33f0:0012][2026-05-10T01:35:42] Warning: No previous catalog found at 'C:\ProgramData\Microsoft\VisualStudio\Packages\_Instances\e00ab787\catalog.previous.json'
[33f0:0004][2026-05-10T01:35:42] Status changed to NoUpdate
[33f0:0012][2026-05-10T01:35:42] Telemetry property VS.SetupEngine.ChannelUpdateDisabled : False
[33f0:0012][2026-05-10T01:35:42] ManifestVerifier Result: Success
[33f0:0001][2026-05-10T01:35:42] No eligible source products found for automatic migration to target major version 18.
[33f0:0001][2026-05-10T01:35:42] No eligible source products found for automatic migration to target major version 18.
[33f0:0001][2026-05-10T01:35:42] No eligible source products found for automatic migration to target major version 18.
[33f0:0001][2026-05-10T01:35:42] No eligible source products found for automatic migration to target major version 18.
[33f0:0001][2026-05-10T01:35:42] No eligible source products found for automatic migration to target major version 18.
[33f0:0001][2026-05-10T01:35:42] No eligible source products found for automatic migration to target major version 18.
[33f0:0001][2026-05-10T01:35:42] No eligible source products found for automatic migration to target major version 22.
[33f0:0019][2026-05-10T01:35:42] The automatic migration cannot be started in quiet or passive mode.
[33f0:0029][2026-05-10T01:35:42] Download requested: https://go.microsoft.com/fwlink/?linkid=2066144
[33f0:0028][2026-05-10T01:35:42] Attempting download 'https://go.microsoft.com/fwlink/?linkid=2066144' using engine 'WebClient'
[33f0:0017][2026-05-10T01:35:42] Setup Engine v4.5.35, Microsoft Windows NT 10.0.26200.0
[33f0:0017][2026-05-10T01:35:42] Command line: "C:\Program Files (x86)\Microsoft Visual Studio\Installer\setup.exe" /finalizeInstall install --in "C:\ProgramData\Microsoft\VisualStudio\Packages\_bootstrapper\vs_setup_bootstrapper_202605100135395195.json" install --passive --norestart --installPath "C:\Program Files (x86)\Microsoft Visual Studio\2022\BuildTools" --add Microsoft.VisualStudio.Workload.VCTools --add Microsoft.VisualStudio.Component.Windows11SDK.22621 --locale en-US --activityId "f39a270c-1052-4a90-bfde-20e3e5a85b21" --pipe "81f15876-2a2f-4475-ad7f-16ac61eb58cb"
[33f0:001a][2026-05-10T01:35:42] VSInstallerElevationService is already registered. Updating the register.
[33f0:0028][2026-05-10T01:35:42] Uri 'https://go.microsoft.com/fwlink/?linkid=2066144' redirected to 'https://newsfeed.visualstudio.microsoft.com/news/vs'
[33f0:0028][2026-05-10T01:35:42] Download of 'https://go.microsoft.com/fwlink/?linkid=2066144' succeeded using engine 'WebClient'
[33f0:0017][2026-05-10T01:35:42] ManifestVerifier Result: Success
[33f0:0017][2026-05-10T01:35:42] Catalog load operation correlation: {"id":"64866877-b75e-4247-838f-4138a5686c9d"}
[33f0:001a][2026-05-10T01:35:42] Successfully updated the registered service VSInstallerElevationService.
[33f0:001a][2026-05-10T01:35:42] Starting C:\Program Files (x86)\Microsoft Visual Studio\Installer\vs_installer.windows.exe with arguments /finalizeinstall 6F320B93-EE3C-4826-85E0-ADF79F8D4C61 "Visual Studio Installer" "Microsoft Visual Studio Installer" 4.5.35.35368 0 "C:\Program Files (x86)\Microsoft Visual Studio\Installer\setup.exe"
[33f0:001a][2026-05-10T01:35:42] Finalizer completed successfully
[33f0:0017][2026-05-10T01:35:43] Resetting dependency graph
[33f0:0017][2026-05-10T01:35:43] Loading catalog 'VisualStudio/17.14.31+37216.2.-april.2026-' into engine session '72ec7c1f'.
[33f0:0017][2026-05-10T01:35:43] Telemetry property VS.SetupEngine.Id : VisualStudio/17.14.31+37216.2.-april.2026-
[33f0:0017][2026-05-10T01:35:43] Telemetry property VS.SetupEngine.Branch : d17.14
[33f0:0017][2026-05-10T01:35:43] Telemetry property VS.SetupEngine.BuildNumber : 17.14.37216.2
[33f0:0017][2026-05-10T01:35:43] Telemetry property VS.SetupEngine.EngineVersion : 4.5.35.35368
[33f0:0017][2026-05-10T01:35:43] Telemetry property VS.SetupEngine.InstanceId : 72ec7c1f
[33f0:0017][2026-05-10T01:35:43] Compatible ProductCode '{F73D5EBA-D2A0-9F65-ADA6-2CCFDF44EA70}' found for package 'Microsoft.Windows.UniversalCRT.Tools.Msi,version=10.0.26624,chip=x64'
[33f0:0017][2026-05-10T01:35:43] Package Microsoft.Windows.UniversalCRT.Msu.7 is not applicable: The current OS Version '10.0.26200.0' is not in the supported version range '[6.1,6.2)'.
[33f0:0017][2026-05-10T01:35:43] Package Microsoft.Windows.UniversalCRT.Msu.8 is not applicable: The current OS Version '10.0.26200.0' is not in the supported version range '[6.2,6.3)'.
[33f0:0017][2026-05-10T01:35:43] Package Microsoft.Windows.UniversalCRT.Msu.81 is not applicable: The current OS Version '10.0.26200.0' is not in the supported version range '[6.3,6.4)'.
[33f0:0017][2026-05-10T01:35:43] Package Microsoft.VisualStudio.Debugger.DbgHelp.Win8 is not applicable: The current OS Version '10.0.26200.0' is not in the supported version range '[6.1,6.3]'.
[33f0:0017][2026-05-10T01:35:43] Package Microsoft.VisualStudio.Debugger.Remote.DbgHelp.Win8 is not applicable: The current OS Version '10.0.26200.0' is not in the supported version range '[6.1,6.3]'.
[33f0:0017][2026-05-10T01:35:43] Package Microsoft.VisualStudio.Debugger.Remote.DbgHelp.Win8 is not applicable: The current OS Version '10.0.26200.0' is not in the supported version range '[6.1,6.3]'.
[33f0:0017][2026-05-10T01:35:43] Compatible ProductCode '{F73D5EBA-D2A0-9F65-ADA6-2CCFDF44EA70}' found for package 'Microsoft.Windows.UniversalCRT.Tools.Msi,version=10.0.26624,chip=x64'
[33f0:0017][2026-05-10T01:35:43] Package Microsoft.Net.4.8.FullRedist.20H2 is not applicable: The current OS Version '10.0.26200.0' is not in the supported version range '[10.0.19042,10.0.22000]'.
[33f0:0017][2026-05-10T01:35:43] Package Microsoft.Net.4.8.FullRedist is not applicable: The current OS Version '10.0.26200.0' is not in the supported version range '[6.1.1,10.0.17763]'.
[33f0:0017][2026-05-10T01:35:43] Package Microsoft.Net.4.8.KB5003306 is not applicable: The current OS Version '10.0.26200.0' is not in the supported version range '[10.0.18362,10.0.18363]'.
[33f0:0017][2026-05-10T01:35:43] Package Microsoft.Net.4.8.KB5003304 is not applicable: The current OS Version '10.0.26200.0' is not in the supported version range '[10.0.19041,10.0.19042)'.
[33f0:0017][2026-05-10T01:35:43] Package Microsoft.Net.4.8.1.FullRedist is not applicable: The current OS Version '10.0.26200.0' is not in the supported version range '[10.0.19042,10.0.22000]'.
[33f0:0017][2026-05-10T01:35:43] Package Microsoft.VisualStudio.NuGet.PowershellBindingRedirect is not applicable: The current OS Version '10.0.26200.0' is not in the supported version range '[6.1,6.2)'.
[33f0:0017][2026-05-10T01:35:43] Package Microsoft.Windows.UniversalCRT.Msu.7 is not applicable: The current OS Version '10.0.26200.0' is not in the supported version range '[6.1,6.2)'.
[33f0:0017][2026-05-10T01:35:43] Package Microsoft.Windows.UniversalCRT.Msu.8 is not applicable: The current OS Version '10.0.26200.0' is not in the supported version range '[6.2,6.3)'.
[33f0:0017][2026-05-10T01:35:43] Package Microsoft.Windows.UniversalCRT.Msu.81 is not applicable: The current OS Version '10.0.26200.0' is not in the supported version range '[6.3,6.4)'.
[33f0:0017][2026-05-10T01:35:43] Package Microsoft.VisualStudio.Debugger.DbgHelp.Win8 is not applicable: The current OS Version '10.0.26200.0' is not in the supported version range '[6.1,6.3]'.
[33f0:0017][2026-05-10T01:35:43] Package Microsoft.VisualStudio.Debugger.Remote.DbgHelp.Win8 is not applicable: The current OS Version '10.0.26200.0' is not in the supported version range '[6.1,6.3]'.
[33f0:0017][2026-05-10T01:35:43] Package Microsoft.VisualStudio.Debugger.Remote.DbgHelp.Win8 is not applicable: The current OS Version '10.0.26200.0' is not in the supported version range '[6.1,6.3]'.
[33f0:0017][2026-05-10T01:35:43] Compatible ProductCode '{F73D5EBA-D2A0-9F65-ADA6-2CCFDF44EA70}' found for package 'Microsoft.Windows.UniversalCRT.Tools.Msi,version=10.0.26624,chip=x64'
[33f0:0017][2026-05-10T01:35:43] Package Microsoft.Net.4.8.FullRedist.20H2 is not applicable: The current OS Version '10.0.26200.0' is not in the supported version range '[10.0.19042,10.0.22000]'.
[33f0:0017][2026-05-10T01:35:43] Package Microsoft.Net.4.8.FullRedist is not applicable: The current OS Version '10.0.26200.0' is not in the supported version range '[6.1.1,10.0.17763]'.
[33f0:0017][2026-05-10T01:35:43] Package Microsoft.Net.4.8.KB5003306 is not applicable: The current OS Version '10.0.26200.0' is not in the supported version range '[10.0.18362,10.0.18363]'.
[33f0:0017][2026-05-10T01:35:43] Package Microsoft.Net.4.8.KB5003304 is not applicable: The current OS Version '10.0.26200.0' is not in the supported version range '[10.0.19041,10.0.19042)'.
[33f0:0017][2026-05-10T01:35:43] Package Microsoft.Net.4.8.1.FullRedist is not applicable: The current OS Version '10.0.26200.0' is not in the supported version range '[10.0.19042,10.0.22000]'.
[33f0:0017][2026-05-10T01:35:43] Package Microsoft.VisualStudio.NuGet.PowershellBindingRedirect is not applicable: The current OS Version '10.0.26200.0' is not in the supported version range '[6.1,6.2)'.
[33f0:0017][2026-05-10T01:35:43] Added 'en-us'
[33f0:0017][2026-05-10T01:35:43] Adding packages from --add
[33f0:0010][2026-05-10T01:35:43] Planning graph selection
[33f0:0010][2026-05-10T01:35:43] Graph.PlanSelection completed in 2ms
[33f0:0010][2026-05-10T01:35:43] Building the required chain
[33f0:0010][2026-05-10T01:35:43] Committing graph selection
[33f0:0010][2026-05-10T01:35:43] Graph.CommitSelection completed in 2ms
[33f0:0010][2026-05-10T01:35:43] Updating graph selection
[33f0:0010][2026-05-10T01:35:43] Graph.UpdateSelection completed in 3ms
[33f0:0010][2026-05-10T01:35:43] Notifying VMs with the updated selections: GroupSelected - Microsoft.VisualStudio.Workload.VCTools Microsoft.VisualStudio.Component.VC.CoreBuildTools Microsoft.VisualStudio.Component.VC.Redist.14.Latest Microsoft.VisualStudio.ComponentGroup.NativeDesktop.Core Microsoft.VisualStudio.Component.Windows10SDK Microsoft.VisualStudio.Component.TextTemplating Microsoft.VisualStudio.Component.VC.CoreIde 
[33f0:0010][2026-05-10T01:35:43] Planning graph selection
[33f0:0010][2026-05-10T01:35:43] Graph.PlanSelection completed in 0ms
[33f0:0010][2026-05-10T01:35:43] Building the required chain
[33f0:0010][2026-05-10T01:35:43] Committing graph selection
[33f0:0010][2026-05-10T01:35:43] Graph.CommitSelection completed in 0ms
[33f0:0010][2026-05-10T01:35:43] Updating graph selection
[33f0:0010][2026-05-10T01:35:43] Graph.UpdateSelection completed in 2ms
[33f0:0010][2026-05-10T01:35:43] Notifying VMs with the updated selections: IndividuallySelected - Microsoft.VisualStudio.Component.Windows11SDK.22621 
[33f0:0010][2026-05-10T01:35:43] No restart manager available. Assuming no reboot required for instance state.
[33f0:0001][2026-05-10T01:35:43] No restart manager available. Assuming no reboot required for instance state.
[33f0:0008][2026-05-10T01:35:43] Extension signature validation returned 0 unsigned extensions and 0 invalidly signed extensions.
[33f0:0008][2026-05-10T01:35:43] No restart manager available. Assuming no reboot required for instance state.
[33f0:0008][2026-05-10T01:35:43] No restart manager available. Assuming no reboot required for instance state.
[33f0:0008][2026-05-10T01:35:43] Showing the window.
[33f0:0003][2026-05-10T01:35:43] ManifestVerifier Result: Success
[33f0:0003][2026-05-10T01:35:43] Created a UnelevatedProductInstaller
[33f0:0003][2026-05-10T01:35:43] Decorating UnelevatedProductInstaller with UnelevatedInstallerTelemetryDecorator
[33f0:0003][2026-05-10T01:35:43] ManifestVerifier Result: Success
[33f0:0013][2026-05-10T01:35:43] ManifestVerifier Result: Success
[33f0:000b][2026-05-10T01:35:43] Warning: The operation was canceled.
[33f0:000b][2026-05-10T01:35:43] ManifestVerifier Result: Success
[33f0:0024][2026-05-10T01:35:43] WebClient error 'RequestCanceled' with 'https://aka.ms/vs/channels' - ExecuteWithRetryAsync failed along with a cancellation request
[33f0:0024][2026-05-10T01:35:43] Warning: Failed to get the HttpWebResponse while invoking a HEAD request against https://aka.ms/vs/channels:System.OperationCanceledException: The operation was canceled.
   at System.Threading.CancellationToken.ThrowOperationCanceledException()
   at System.Threading.CancellationToken.ThrowIfCancellationRequested()
   at Microsoft.VisualStudio.Setup.Download.WebRequestService.<>c__DisplayClass9_0.<ExecuteWithRetryAsync>b__0(Object _)
   at System.Threading.Tasks.Task`1.InnerInvoke()
   at System.Threading.Tasks.Task.Execute()
--- End of stack trace from previous location where exception was thrown ---
   at System.Runtime.ExceptionServices.ExceptionDispatchInfo.Throw()
   at System.Runtime.CompilerServices.TaskAwaiter.HandleNonSuccessAndDebuggerNotification(Task task)
   at Microsoft.VisualStudio.Setup.Download.DownloadManagerAuthenticationProxy.<MungeUriAsync>d__16.MoveNext()
[33f0:0024][2026-05-10T01:35:43] Download requested: https://aka.ms/vs/channels
[33f0:0028][2026-05-10T01:35:43] Warning: Failed to download channels file from https://aka.ms/vs/channels: A task was canceled.
[33f0:0029][2026-05-10T01:35:43] WebClient error 'RequestCanceled' with 'https://aka.ms/vs/installer/latest/feed' - ExecuteWithRetryAsync failed along with a cancellation request
[33f0:0029][2026-05-10T01:35:43] Warning: Failed to get the HttpWebResponse while invoking a HEAD request against https://aka.ms/vs/installer/latest/feed:System.OperationCanceledException: The operation was canceled.
   at System.Threading.CancellationToken.ThrowOperationCanceledException()
   at System.Threading.CancellationToken.ThrowIfCancellationRequested()
   at Microsoft.VisualStudio.Setup.Download.WebRequestService.<>c__DisplayClass9_0.<ExecuteWithRetryAsync>b__0(Object _)
   at System.Threading.Tasks.Task`1.InnerInvoke()
   at System.Threading.Tasks.Task.Execute()
--- End of stack trace from previous location where exception was thrown ---
   at System.Runtime.ExceptionServices.ExceptionDispatchInfo.Throw()
   at System.Runtime.CompilerServices.TaskAwaiter.HandleNonSuccessAndDebuggerNotification(Task task)
   at Microsoft.VisualStudio.Setup.Download.DownloadManagerAuthenticationProxy.<MungeUriAsync>d__16.MoveNext()
[33f0:0029][2026-05-10T01:35:43] Download requested: https://aka.ms/vs/installer/latest/feed
[33f0:002a][2026-05-10T01:35:43] Warning: Failed to update the latest installer feed A task was canceled.
[33f0:002a][2026-05-10T01:35:43] ManifestVerifier Result: Success
[33f0:0017][2026-05-10T01:35:44] Status changed to NoUpdate
[33f0:0001][2026-05-10T01:35:44] No eligible source products found for automatic migration to target major version 18.
[33f0:0001][2026-05-10T01:35:44] No eligible source products found for automatic migration to target major version 18.
[33f0:0001][2026-05-10T01:35:44] No eligible source products found for automatic migration to target major version 18.
[33f0:0001][2026-05-10T01:35:44] No eligible source products found for automatic migration to target major version 18.
[33f0:0001][2026-05-10T01:35:44] No eligible source products found for automatic migration to target major version 18.
[33f0:0001][2026-05-10T01:35:44] No eligible source products found for automatic migration to target major version 18.
[33f0:0001][2026-05-10T01:35:44] No eligible source products found for automatic migration to target major version 22.
[33f0:000b][2026-05-10T01:35:44] ManifestVerifier Result: Success
[33f0:0001][2026-05-10T01:35:44] No eligible source products found for automatic migration to target major version 18.
[33f0:0001][2026-05-10T01:35:44] No eligible source products found for automatic migration to target major version 18.
[33f0:0001][2026-05-10T01:35:44] No eligible source products found for automatic migration to target major version 18.
[33f0:0001][2026-05-10T01:35:44] No eligible source products found for automatic migration to target major version 18.
[33f0:0001][2026-05-10T01:35:44] No eligible source products found for automatic migration to target major version 18.
[33f0:0001][2026-05-10T01:35:44] No eligible source products found for automatic migration to target major version 18.
[33f0:0001][2026-05-10T01:35:44] No eligible source products found for automatic migration to target major version 22.
[33f0:000f][2026-05-10T01:35:44] ManifestVerifier Result: Success
[33f0:0001][2026-05-10T01:35:44] No eligible source products found for automatic migration to target major version 18.
[33f0:0001][2026-05-10T01:35:44] No eligible source products found for automatic migration to target major version 18.
[33f0:0001][2026-05-10T01:35:44] No eligible source products found for automatic migration to target major version 18.
[33f0:0001][2026-05-10T01:35:44] No eligible source products found for automatic migration to target major version 18.
[33f0:0001][2026-05-10T01:35:44] No eligible source products found for automatic migration to target major version 18.
[33f0:0001][2026-05-10T01:35:44] No eligible source products found for automatic migration to target major version 18.
[33f0:0001][2026-05-10T01:35:44] No eligible source products found for automatic migration to target major version 22.
[33f0:0021][2026-05-10T01:35:44] Authenticode verification returned 0x00000000 for path: C:\Program Files (x86)\Microsoft Visual Studio\Installer\setup.exe.
[33f0:000f][2026-05-10T01:36:10] Warning: No previous catalog found at 'C:\ProgramData\Microsoft\VisualStudio\Packages\_Instances\6d5b802f\catalog.previous.json'
[33f0:000f][2026-05-10T01:36:10] Setup Engine v4.5.35, Microsoft Windows NT 10.0.26200.0
[33f0:000f][2026-05-10T01:36:10] Command line: "C:\Program Files (x86)\Microsoft Visual Studio\Installer\setup.exe" /finalizeInstall install --in "C:\ProgramData\Microsoft\VisualStudio\Packages\_bootstrapper\vs_setup_bootstrapper_202605100135395195.json" install --passive --norestart --installPath "C:\Program Files (x86)\Microsoft Visual Studio\2022\BuildTools" --add Microsoft.VisualStudio.Workload.VCTools --add Microsoft.VisualStudio.Component.Windows11SDK.22621 --locale en-US --activityId "f39a270c-1052-4a90-bfde-20e3e5a85b21" --pipe "81f15876-2a2f-4475-ad7f-16ac61eb58cb"
[33f0:000f][2026-05-10T01:36:10] Loading packages for instance '6d5b802f'
[33f0:000f][2026-05-10T01:36:11] DependencyComparer was created without a productArch. productArch will be ignored for dependency comparison.
[33f0:000f][2026-05-10T01:36:11] Switching package detection state from 'Superseded' to 'Absent' since package version '17.14.36015.10' is greater than installed version '17.0.157.0'
[33f0:000f][2026-05-10T01:36:11] Compatible ProductCode '{6AAEB5DD-FFFE-4CA1-9FE2-38A44B6B4477}' found for package 'Microsoft.VisualStudio.MinShell.Msi,version=17.14.36301.6,productarch=arm64'
[33f0:000f][2026-05-10T01:36:11] Compatible package version is less than or equal to the package version. Code '{6AAEB5DD-FFFE-4CA1-9FE2-38A44B6B4477}' will not be used for repair/uninstall attempts.
[33f0:000f][2026-05-10T01:36:11] Compatible ProductCode '{6AAEB5DD-FFFE-4CA1-9FE2-38A44B6B4477}' found for package 'Microsoft.VisualStudio.MinShell.Msi,version=17.14.36301.6,productarch=x64'
[33f0:000f][2026-05-10T01:36:11] Compatible package version is less than or equal to the package version. Code '{6AAEB5DD-FFFE-4CA1-9FE2-38A44B6B4477}' will not be used for repair/uninstall attempts.
[33f0:000f][2026-05-10T01:36:11] Warning: Windows Installer found the package 'Microsoft.VisualStudio.Community.Msi,version=17.14.36024.20,machinearch=arm64' superseded but corresponding compatible package information was not found. Attempts to repair will be skipped and that to uninstall may leave the cache behind.
[33f0:000f][2026-05-10T01:36:11] Compatible ProductCode '{71498EE6-F94E-4061-9DD5-55925CA8A74F}' found for package 'Microsoft.VisualStudio.Community.Msi,version=17.14.36025.13,machinearch=x86'
[33f0:000f][2026-05-10T01:36:11] Compatible package version is less than or equal to the package version. Code '{71498EE6-F94E-4061-9DD5-55925CA8A74F}' will not be used for repair/uninstall attempts.
[33f0:000f][2026-05-10T01:36:11] Compatible ProductCode '{F73D5EBA-D2A0-9F65-ADA6-2CCFDF44EA70}' found for package 'Microsoft.Windows.UniversalCRT.Tools.Msi,version=10.0.26624,chip=x64'
[33f0:000f][2026-05-10T01:36:11] Compatible ProductCode '{964DFB51-5193-2688-7E0A-45CC35B69748}' found for package 'Microsoft.Windows.UniversalCRT.Tools.Msi,version=10.0.26624,chip=x86'
[33f0:000f][2026-05-10T01:36:11] Loaded existing instance for product 'Microsoft.VisualStudio.Product.BuildTools,version=17.14.37216.2'
[33f0:000f][2026-05-10T01:36:11] Telemetry property VS.SetupEngine.Id : VisualStudio/17.14.31+37216.2.-april.2026-
[33f0:000f][2026-05-10T01:36:11] Telemetry property VS.SetupEngine.Branch : d17.14
[33f0:000f][2026-05-10T01:36:11] Telemetry property VS.SetupEngine.BuildNumber : 17.14.37216.2
[33f0:000f][2026-05-10T01:36:11] Telemetry property VS.SetupEngine.InstanceId : 6d5b802f
[33f0:000f][2026-05-10T01:36:11] Telemetry property VS.SetupEngine.EngineVersion : 4.5.35.35368
[33f0:000f][2026-05-10T01:36:11] Compatible ProductCode '{F73D5EBA-D2A0-9F65-ADA6-2CCFDF44EA70}' found for package 'Microsoft.Windows.UniversalCRT.Tools.Msi,version=10.0.26624,chip=x64'
[33f0:000f][2026-05-10T01:36:11] Package Microsoft.Windows.UniversalCRT.Msu.7 is not applicable: The current OS Version '10.0.26200.0' is not in the supported version range '[6.1,6.2)'.
[33f0:000f][2026-05-10T01:36:11] Package Microsoft.Windows.UniversalCRT.Msu.8 is not applicable: The current OS Version '10.0.26200.0' is not in the supported version range '[6.2,6.3)'.
[33f0:000f][2026-05-10T01:36:11] Package Microsoft.Windows.UniversalCRT.Msu.81 is not applicable: The current OS Version '10.0.26200.0' is not in the supported version range '[6.3,6.4)'.
[33f0:000f][2026-05-10T01:36:11] Package Microsoft.VisualStudio.Debugger.DbgHelp.Win8 is not applicable: The current OS Version '10.0.26200.0' is not in the supported version range '[6.1,6.3]'.
[33f0:000f][2026-05-10T01:36:11] Package Microsoft.VisualStudio.Debugger.Remote.DbgHelp.Win8 is not applicable: The current OS Version '10.0.26200.0' is not in the supported version range '[6.1,6.3]'.
[33f0:000f][2026-05-10T01:36:11] Package Microsoft.VisualStudio.Debugger.Remote.DbgHelp.Win8 is not applicable: The current OS Version '10.0.26200.0' is not in the supported version range '[6.1,6.3]'.
[33f0:000f][2026-05-10T01:36:11] Compatible ProductCode '{F73D5EBA-D2A0-9F65-ADA6-2CCFDF44EA70}' found for package 'Microsoft.Windows.UniversalCRT.Tools.Msi,version=10.0.26624,chip=x64'
[33f0:000f][2026-05-10T01:36:11] Package Microsoft.Net.4.8.FullRedist.20H2 is not applicable: The current OS Version '10.0.26200.0' is not in the supported version range '[10.0.19042,10.0.22000]'.
[33f0:000f][2026-05-10T01:36:11] Package Microsoft.Net.4.8.FullRedist is not applicable: The current OS Version '10.0.26200.0' is not in the supported version range '[6.1.1,10.0.17763]'.
[33f0:000f][2026-05-10T01:36:11] Package Microsoft.Net.4.8.KB5003306 is not applicable: The current OS Version '10.0.26200.0' is not in the supported version range '[10.0.18362,10.0.18363]'.
[33f0:000f][2026-05-10T01:36:11] Package Microsoft.Net.4.8.KB5003304 is not applicable: The current OS Version '10.0.26200.0' is not in the supported version range '[10.0.19041,10.0.19042)'.
[33f0:000f][2026-05-10T01:36:11] Package Microsoft.Net.4.8.1.FullRedist is not applicable: The current OS Version '10.0.26200.0' is not in the supported version range '[10.0.19042,10.0.22000]'.
[33f0:000f][2026-05-10T01:36:11] Package Microsoft.VisualStudio.NuGet.PowershellBindingRedirect is not applicable: The current OS Version '10.0.26200.0' is not in the supported version range '[6.1,6.2)'.
[33f0:000f][2026-05-10T01:36:11] Package Microsoft.Windows.UniversalCRT.Msu.7 is not applicable: The current OS Version '10.0.26200.0' is not in the supported version range '[6.1,6.2)'.
[33f0:000f][2026-05-10T01:36:11] Package Microsoft.Windows.UniversalCRT.Msu.8 is not applicable: The current OS Version '10.0.26200.0' is not in the supported version range '[6.2,6.3)'.
[33f0:000f][2026-05-10T01:36:11] Package Microsoft.Windows.UniversalCRT.Msu.81 is not applicable: The current OS Version '10.0.26200.0' is not in the supported version range '[6.3,6.4)'.
[33f0:000f][2026-05-10T01:36:11] Package Microsoft.VisualStudio.Debugger.DbgHelp.Win8 is not applicable: The current OS Version '10.0.26200.0' is not in the supported version range '[6.1,6.3]'.
[33f0:000f][2026-05-10T01:36:11] Package Microsoft.VisualStudio.Debugger.Remote.DbgHelp.Win8 is not applicable: The current OS Version '10.0.26200.0' is not in the supported version range '[6.1,6.3]'.
[33f0:000f][2026-05-10T01:36:11] Package Microsoft.VisualStudio.Debugger.Remote.DbgHelp.Win8 is not applicable: The current OS Version '10.0.26200.0' is not in the supported version range '[6.1,6.3]'.
[33f0:000f][2026-05-10T01:36:11] Compatible ProductCode '{F73D5EBA-D2A0-9F65-ADA6-2CCFDF44EA70}' found for package 'Microsoft.Windows.UniversalCRT.Tools.Msi,version=10.0.26624,chip=x64'
[33f0:000f][2026-05-10T01:36:11] Package Microsoft.Net.4.8.FullRedist.20H2 is not applicable: The current OS Version '10.0.26200.0' is not in the supported version range '[10.0.19042,10.0.22000]'.
[33f0:000f][2026-05-10T01:36:11] Package Microsoft.Net.4.8.FullRedist is not applicable: The current OS Version '10.0.26200.0' is not in the supported version range '[6.1.1,10.0.17763]'.
[33f0:000f][2026-05-10T01:36:11] Package Microsoft.Net.4.8.KB5003306 is not applicable: The current OS Version '10.0.26200.0' is not in the supported version range '[10.0.18362,10.0.18363]'.
[33f0:000f][2026-05-10T01:36:11] Package Microsoft.Net.4.8.KB5003304 is not applicable: The current OS Version '10.0.26200.0' is not in the supported version range '[10.0.19041,10.0.19042)'.
[33f0:000f][2026-05-10T01:36:11] Package Microsoft.Net.4.8.1.FullRedist is not applicable: The current OS Version '10.0.26200.0' is not in the supported version range '[10.0.19042,10.0.22000]'.
[33f0:000f][2026-05-10T01:36:11] Package Microsoft.VisualStudio.NuGet.PowershellBindingRedirect is not applicable: The current OS Version '10.0.26200.0' is not in the supported version range '[6.1,6.2)'.
[33f0:000f][2026-05-10T01:36:11] Warning: No previous catalog found at 'C:\ProgramData\Microsoft\VisualStudio\Packages\_Instances\6d5b802f\catalog.previous.json'
[33f0:000f][2026-05-10T01:36:11] Shutting down the application with exit code 0
[33f0:0001][2026-05-10T01:36:11] Releasing singleton lock.
[33f0:0001][2026-05-10T01:36:11] Releasing singleton lock succeed.
[33f0:0001][2026-05-10T01:36:11] Releasing singleton lock.
[33f0:0001][2026-05-10T01:36:11] Singleton lock does not exist. Releasing singleton lock skipped.
[33f0:0019][2026-05-10T01:36:11] Warning: No previous catalog found at 'C:\ProgramData\Microsoft\VisualStudio\Packages\_Instances\6d5b802f\catalog.previous.json'
[33f0:0019][2026-05-10T01:36:12] Warning: No previous catalog found at 'C:\ProgramData\Microsoft\VisualStudio\Packages\_Instances\e00ab787\catalog.previous.json'
[33f0:0011][2026-05-10T01:36:12] Status changed to NoUpdate
[33f0:0004][2026-05-10T01:36:12] ManifestVerifier Result: Success
[33f0:0001][2026-05-10T01:36:12] ManifestVerifier Result: Success
[33f0:0001][2026-05-10T01:36:12] Closing the installer with exit code 0
[33f0:0001][2026-05-10T01:36:12] Exit Code: 0
[33f0:0001][2026-05-10T01:36:12] Cleared previous session ID.
[33f0:0001][2026-05-10T01:36:12] ManifestVerifier Result: Success
[33f0:0001][2026-05-10T01:36:12] ManifestVerifier Result: Success
[33f0:0001][2026-05-10T01:36:12] Trying to remove channel manifest: C:\Users\Werguru\AppData\Local\Microsoft\VisualStudio\Packages\_Channels\39c8bb92\installChannelManifest.json
[33f0:0001][2026-05-10T01:36:12] Trying to remove product manifest: C:\Users\Werguru\AppData\Local\Microsoft\VisualStudio\Packages\_Channels\39c8bb92\install_catalog.json
