[6958:0001][2026-05-10T12:39:26] Saving the current locale (en-US) to user.json.
[6958:0001][2026-05-10T12:39:26] Setting the telemetry services
[6958:0005][2026-05-10T12:39:26] Creating a new telemetry service.
[6958:0001][2026-05-10T12:39:26] Visual Studio Installer Version: 4.5.35+8a285335fc
[6958:0001][2026-05-10T12:39:26] Raw Command line: "C:\Program Files (x86)\Microsoft Visual Studio\Installer\setup.exe" uninstall --installPath "D:\Program Files (x86)\Microsoft Visual Studio\2022\BuildTools" --passive --norestart
[6958:0001][2026-05-10T12:39:26] Parsed command line options: uninstall --installPath "D:\Program Files (x86)\Microsoft Visual Studio\2022\BuildTools" --norestart --passive
[6958:0001][2026-05-10T12:39:26] Using registry value of (0) to theme installer.
[6958:0001][2026-05-10T12:39:26] Getting singleton lock. Mutex name: DevdivInstallerUI
[6958:0001][2026-05-10T12:39:26] Getting singleton lock succeed.
[6958:0005][2026-05-10T12:39:27] Telemetry session ID: 7a8f9f0b-5756-4948-9bbf-19472b3b0213
[6958:0003][2026-05-10T12:39:27] Creating new ExperimentationService
[6958:0003][2026-05-10T12:39:27] Telemetry property VS.ABExp.Flights : lazytoolboxinit;fwlargebuffer;refactoring;spmoretempsbtn1;asloff;keybindgoldbarext;asynccsproj;vsfricheditor;completionapi;4f604693:30775293
[6958:0005][2026-05-10T12:39:27] Telemetry property vs.willow.source : WPF
[6958:0005][2026-05-10T12:39:27] Telemetry property vs.willow.locale : en-US
[6958:0005][2026-05-10T12:39:27] Telemetry property vs.willow.installerversion : 4.5.35.35368
[6958:0005][2026-05-10T12:39:27] Telemetry property vs.willow.startmethod : direct
[6958:0005][2026-05-10T12:39:27] Telemetry property vs.willow.activityid : c2b5bfd7-63a4-471d-9edd-0acb4304a94c
[6958:0005][2026-05-10T12:39:27] Telemetry property vs.willow.campaign : 
[6958:0005][2026-05-10T12:39:27] Telemetry property vs.willow.passive : True
[6958:0005][2026-05-10T12:39:27] Telemetry property vs.willow.quiet : False
[6958:0005][2026-05-10T12:39:27] Telemetry property vs.willow.processtype : ui
[6958:0005][2026-05-10T12:39:27] Telemetry property vs.willow.force : False
[6958:0005][2026-05-10T12:39:27] Telemetry property vs.willow.noweb : False
[6958:0005][2026-05-10T12:39:27] Telemetry property vs.willow.iselevated : True
[6958:0005][2026-05-10T12:39:27] Telemetry property vs.willow.issystem : False
[6958:0005][2026-05-10T12:39:27] Telemetry property vs.willow.isadmin : True
[6958:0001][2026-05-10T12:39:27] Monitor center position: 960, 576
[6958:0001][2026-05-10T12:39:27] Showing the window.
[6958:0001][2026-05-10T12:39:27] Navigation requested from ApplicationViewModel to MainPageViewModel
[6958:0024][2026-05-10T12:39:27] Uri 'https://go.microsoft.com/fwlink/?linkid=857708' redirected to 'https://sendvsfeedback2.azurewebsites.net/api'
[6958:0020][2026-05-10T12:39:28] Telemetry property vs.setup.WorkloadOverrides.DidReceiveOverride : False
[6958:0020][2026-05-10T12:39:28] Telemetry property vs.setup.WorkloadOverrides.RuleId : None
[6958:001e][2026-05-10T12:39:28] Telemetry property VS.SetupEngine.ChannelUpdateDisabled : False
[6958:001e][2026-05-10T12:39:28] Trying to remove channel manifest: C:\Users\Werguru\AppData\Local\Microsoft\VisualStudio\Packages\_Channels\8a91a928\installChannelManifest.json
[6958:001e][2026-05-10T12:39:28] Trying to remove product manifest: C:\Users\Werguru\AppData\Local\Microsoft\VisualStudio\Packages\_Channels\8a91a928\install_catalog.json
[6958:0022][2026-05-10T12:39:28] Authentication Environment variable setting value: null
[6958:0022][2026-05-10T12:39:28] Authenticate: True
[6958:0026][2026-05-10T12:39:28] Download requested: https://go.microsoft.com/fwlink/?linkid=2066144
[6958:0027][2026-05-10T12:39:28] Attempting download 'https://go.microsoft.com/fwlink/?linkid=2066144' using engine 'WebClient'
[6958:0004][2026-05-10T12:39:28] Warning: No previous catalog found at 'C:\ProgramData\Microsoft\VisualStudio\Packages\_Instances\af62be59\catalog.previous.json'
[6958:0012][2026-05-10T12:39:28] Status changed to NoUpdate
[6958:0004][2026-05-10T12:39:28] Telemetry property VS.SetupEngine.ChannelUpdateDisabled : False
[6958:0004][2026-05-10T12:39:28] ManifestVerifier Result: Success
[6958:0001][2026-05-10T12:39:28] No eligible source products found for automatic migration to target major version 18.
[6958:0001][2026-05-10T12:39:28] No eligible source products found for automatic migration to target major version 18.
[6958:0001][2026-05-10T12:39:28] No eligible source products found for automatic migration to target major version 18.
[6958:0001][2026-05-10T12:39:28] No eligible source products found for automatic migration to target major version 18.
[6958:0001][2026-05-10T12:39:28] No eligible source products found for automatic migration to target major version 18.
[6958:0001][2026-05-10T12:39:28] No eligible source products found for automatic migration to target major version 18.
[6958:0001][2026-05-10T12:39:28] No eligible source products found for automatic migration to target major version 22.
[6958:0013][2026-05-10T12:39:28] ManifestVerifier Result: Success
[6958:0013][2026-05-10T12:39:28] Created a UnelevatedProductUninstaller
[6958:0013][2026-05-10T12:39:28] Decorating UnelevatedProductUninstaller with UnelevatedInstallerTelemetryDecorator
[6958:0013][2026-05-10T12:39:28] ManifestVerifier Result: Success
[6958:0027][2026-05-10T12:39:28] Uri 'https://go.microsoft.com/fwlink/?linkid=2066144' redirected to 'https://newsfeed.visualstudio.microsoft.com/news/vs'
[6958:0027][2026-05-10T12:39:28] Download of 'https://go.microsoft.com/fwlink/?linkid=2066144' succeeded using engine 'WebClient'
[6958:0009][2026-05-10T12:39:28] ManifestVerifier Result: Success
[6958:0001][2026-05-10T12:39:28] No eligible source products found for automatic migration to target major version 18.
[6958:0001][2026-05-10T12:39:28] No eligible source products found for automatic migration to target major version 18.
[6958:0001][2026-05-10T12:39:28] No eligible source products found for automatic migration to target major version 18.
[6958:0010][2026-05-10T12:39:28] Setup Engine v4.5.35, Microsoft Windows NT 10.0.26200.0
[6958:0010][2026-05-10T12:39:28] Command line: "C:\Program Files (x86)\Microsoft Visual Studio\Installer\setup.exe" uninstall --installPath "D:\Program Files (x86)\Microsoft Visual Studio\2022\BuildTools" --passive --norestart
[6958:0010][2026-05-10T12:39:28] Loading packages for instance 'af62be59'
[6958:0001][2026-05-10T12:39:28] No eligible source products found for automatic migration to target major version 18.
[6958:0001][2026-05-10T12:39:28] No eligible source products found for automatic migration to target major version 18.
[6958:0001][2026-05-10T12:39:28] No eligible source products found for automatic migration to target major version 18.
[6958:0001][2026-05-10T12:39:28] No eligible source products found for automatic migration to target major version 22.
[6958:0013][2026-05-10T12:39:28] Authenticode verification returned 0x00000000 for path: C:\Program Files (x86)\Microsoft Visual Studio\Installer\setup.exe.
[6958:0010][2026-05-10T12:39:29] DependencyComparer was created without a productArch. productArch will be ignored for dependency comparison.
[6958:0010][2026-05-10T12:39:29] Compatible ProductCode '{FE85AA49-3522-4663-9F52-9CD9E9837189}' found for package 'Microsoft.VisualCpp.RuntimeDebug.14.ARM64,version=14.44.35211,chip=x64,machinearch=arm64'
[6958:0010][2026-05-10T12:39:29] Compatible package version is less than or equal to the package version. Code '{FE85AA49-3522-4663-9F52-9CD9E9837189}' will not be used for repair/uninstall attempts.
[6958:0010][2026-05-10T12:39:29] Warning: Windows Installer found the package 'Microsoft.VisualCpp.RuntimeDebug.14.ARM64,version=14.44.35211,chip=x64,machinearch=arm64' superseded but corresponding compatible package information was not found. Attempts to repair will be skipped and that to uninstall may leave the cache behind.
[6958:0010][2026-05-10T12:39:29] Switching package detection state from 'Superseded' to 'Absent' since package version '17.14.36015.10' is greater than installed version '17.0.157.0'
[6958:0010][2026-05-10T12:39:29] Compatible ProductCode '{6AAEB5DD-FFFE-4CA1-9FE2-38A44B6B4477}' found for package 'Microsoft.VisualStudio.MinShell.Msi,version=17.14.36301.6,productarch=arm64'
[6958:0010][2026-05-10T12:39:29] Compatible package version is less than or equal to the package version. Code '{6AAEB5DD-FFFE-4CA1-9FE2-38A44B6B4477}' will not be used for repair/uninstall attempts.
[6958:0010][2026-05-10T12:39:29] Compatible ProductCode '{6AAEB5DD-FFFE-4CA1-9FE2-38A44B6B4477}' found for package 'Microsoft.VisualStudio.MinShell.Msi,version=17.14.36301.6,productarch=x64'
[6958:0010][2026-05-10T12:39:29] Compatible package version is less than or equal to the package version. Code '{6AAEB5DD-FFFE-4CA1-9FE2-38A44B6B4477}' will not be used for repair/uninstall attempts.
[6958:0010][2026-05-10T12:39:29] Warning: Windows Installer found the package 'Microsoft.VisualStudio.Community.Msi,version=17.14.36024.20,machinearch=arm64' superseded but corresponding compatible package information was not found. Attempts to repair will be skipped and that to uninstall may leave the cache behind.
[6958:0010][2026-05-10T12:39:29] Compatible ProductCode '{71498EE6-F94E-4061-9DD5-55925CA8A74F}' found for package 'Microsoft.VisualStudio.Community.Msi,version=17.14.36025.13,machinearch=x86'
[6958:0010][2026-05-10T12:39:29] Compatible package version is less than or equal to the package version. Code '{71498EE6-F94E-4061-9DD5-55925CA8A74F}' will not be used for repair/uninstall attempts.
[6958:0010][2026-05-10T12:39:29] Compatible ProductCode '{F73D5EBA-D2A0-9F65-ADA6-2CCFDF44EA70}' found for package 'Microsoft.Windows.UniversalCRT.Tools.Msi,version=10.0.26624,chip=x64'
[6958:0010][2026-05-10T12:39:29] Compatible ProductCode '{964DFB51-5193-2688-7E0A-45CC35B69748}' found for package 'Microsoft.Windows.UniversalCRT.Tools.Msi,version=10.0.26624,chip=x86'
[6958:0010][2026-05-10T12:39:29] Loaded existing instance for product 'Microsoft.VisualStudio.Product.BuildTools,version=17.14.37216.2'
[6958:0010][2026-05-10T12:39:29] Telemetry property VS.SetupEngine.Id : VisualStudio/17.14.31+37216.2.-april.2026-
[6958:0010][2026-05-10T12:39:29] Telemetry property VS.SetupEngine.Branch : d17.14
[6958:0010][2026-05-10T12:39:29] Telemetry property VS.SetupEngine.BuildNumber : 17.14.37216.2
[6958:0010][2026-05-10T12:39:29] Telemetry property VS.SetupEngine.InstanceId : af62be59
[6958:0010][2026-05-10T12:39:29] Telemetry property VS.SetupEngine.EngineVersion : 4.5.35.35368
[6958:0010][2026-05-10T12:39:29] Compatible ProductCode '{F73D5EBA-D2A0-9F65-ADA6-2CCFDF44EA70}' found for package 'Microsoft.Windows.UniversalCRT.Tools.Msi,version=10.0.26624,chip=x64'
[6958:0010][2026-05-10T12:39:29] Package Microsoft.Windows.UniversalCRT.Msu.7 is not applicable: The current OS Version '10.0.26200.0' is not in the supported version range '[6.1,6.2)'.
[6958:0010][2026-05-10T12:39:29] Package Microsoft.Windows.UniversalCRT.Msu.8 is not applicable: The current OS Version '10.0.26200.0' is not in the supported version range '[6.2,6.3)'.
[6958:0010][2026-05-10T12:39:29] Package Microsoft.Windows.UniversalCRT.Msu.81 is not applicable: The current OS Version '10.0.26200.0' is not in the supported version range '[6.3,6.4)'.
[6958:0010][2026-05-10T12:39:29] Package Microsoft.VisualStudio.Debugger.DbgHelp.Win8 is not applicable: The current OS Version '10.0.26200.0' is not in the supported version range '[6.1,6.3]'.
[6958:0010][2026-05-10T12:39:29] Package Microsoft.VisualStudio.Debugger.Remote.DbgHelp.Win8 is not applicable: The current OS Version '10.0.26200.0' is not in the supported version range '[6.1,6.3]'.
[6958:0010][2026-05-10T12:39:29] Package Microsoft.VisualStudio.Debugger.Remote.DbgHelp.Win8 is not applicable: The current OS Version '10.0.26200.0' is not in the supported version range '[6.1,6.3]'.
[6958:0010][2026-05-10T12:39:29] Compatible ProductCode '{F73D5EBA-D2A0-9F65-ADA6-2CCFDF44EA70}' found for package 'Microsoft.Windows.UniversalCRT.Tools.Msi,version=10.0.26624,chip=x64'
[6958:0010][2026-05-10T12:39:29] Package Microsoft.Net.4.8.FullRedist.20H2 is not applicable: The current OS Version '10.0.26200.0' is not in the supported version range '[10.0.19042,10.0.22000]'.
[6958:0010][2026-05-10T12:39:29] Package Microsoft.Net.4.8.FullRedist is not applicable: The current OS Version '10.0.26200.0' is not in the supported version range '[6.1.1,10.0.17763]'.
[6958:0010][2026-05-10T12:39:29] Package Microsoft.Net.4.8.KB5003306 is not applicable: The current OS Version '10.0.26200.0' is not in the supported version range '[10.0.18362,10.0.18363]'.
[6958:0010][2026-05-10T12:39:29] Package Microsoft.Net.4.8.KB5003304 is not applicable: The current OS Version '10.0.26200.0' is not in the supported version range '[10.0.19041,10.0.19042)'.
[6958:0010][2026-05-10T12:39:29] Package Microsoft.Net.4.8.1.FullRedist is not applicable: The current OS Version '10.0.26200.0' is not in the supported version range '[10.0.19042,10.0.22000]'.
[6958:0010][2026-05-10T12:39:29] Package Microsoft.VisualStudio.NuGet.PowershellBindingRedirect is not applicable: The current OS Version '10.0.26200.0' is not in the supported version range '[6.1,6.2)'.
[6958:0010][2026-05-10T12:39:29] Package Microsoft.Windows.UniversalCRT.Msu.7 is not applicable: The current OS Version '10.0.26200.0' is not in the supported version range '[6.1,6.2)'.
[6958:0010][2026-05-10T12:39:29] Package Microsoft.Windows.UniversalCRT.Msu.8 is not applicable: The current OS Version '10.0.26200.0' is not in the supported version range '[6.2,6.3)'.
[6958:0010][2026-05-10T12:39:29] Package Microsoft.Windows.UniversalCRT.Msu.81 is not applicable: The current OS Version '10.0.26200.0' is not in the supported version range '[6.3,6.4)'.
[6958:0010][2026-05-10T12:39:29] Package Microsoft.VisualStudio.Debugger.DbgHelp.Win8 is not applicable: The current OS Version '10.0.26200.0' is not in the supported version range '[6.1,6.3]'.
[6958:0010][2026-05-10T12:39:29] Package Microsoft.VisualStudio.Debugger.Remote.DbgHelp.Win8 is not applicable: The current OS Version '10.0.26200.0' is not in the supported version range '[6.1,6.3]'.
[6958:0010][2026-05-10T12:39:29] Package Microsoft.VisualStudio.Debugger.Remote.DbgHelp.Win8 is not applicable: The current OS Version '10.0.26200.0' is not in the supported version range '[6.1,6.3]'.
[6958:0010][2026-05-10T12:39:29] Compatible ProductCode '{F73D5EBA-D2A0-9F65-ADA6-2CCFDF44EA70}' found for package 'Microsoft.Windows.UniversalCRT.Tools.Msi,version=10.0.26624,chip=x64'
[6958:0010][2026-05-10T12:39:29] Package Microsoft.Net.4.8.FullRedist.20H2 is not applicable: The current OS Version '10.0.26200.0' is not in the supported version range '[10.0.19042,10.0.22000]'.
[6958:0010][2026-05-10T12:39:29] Package Microsoft.Net.4.8.FullRedist is not applicable: The current OS Version '10.0.26200.0' is not in the supported version range '[6.1.1,10.0.17763]'.
[6958:0010][2026-05-10T12:39:29] Package Microsoft.Net.4.8.KB5003306 is not applicable: The current OS Version '10.0.26200.0' is not in the supported version range '[10.0.18362,10.0.18363]'.
[6958:0010][2026-05-10T12:39:29] Package Microsoft.Net.4.8.KB5003304 is not applicable: The current OS Version '10.0.26200.0' is not in the supported version range '[10.0.19041,10.0.19042)'.
[6958:0010][2026-05-10T12:39:29] Package Microsoft.Net.4.8.1.FullRedist is not applicable: The current OS Version '10.0.26200.0' is not in the supported version range '[10.0.19042,10.0.22000]'.
[6958:0010][2026-05-10T12:39:29] Package Microsoft.VisualStudio.NuGet.PowershellBindingRedirect is not applicable: The current OS Version '10.0.26200.0' is not in the supported version range '[6.1,6.2)'.
[6958:0010][2026-05-10T12:39:29] Warning: No previous catalog found at 'C:\ProgramData\Microsoft\VisualStudio\Packages\_Instances\af62be59\catalog.previous.json'
[6958:0028][2026-05-10T12:40:44] Status changed to NoUpdate
[6958:0022][2026-05-10T12:40:44] ManifestVerifier Result: Success
[6958:0001][2026-05-10T12:40:44] No eligible source products found for automatic migration to target major version 18.
[6958:0001][2026-05-10T12:40:44] No eligible source products found for automatic migration to target major version 18.
[6958:0001][2026-05-10T12:40:44] No eligible source products found for automatic migration to target major version 18.
[6958:0001][2026-05-10T12:40:44] No eligible source products found for automatic migration to target major version 18.
[6958:0001][2026-05-10T12:40:44] No eligible source products found for automatic migration to target major version 18.
[6958:0001][2026-05-10T12:40:44] No eligible source products found for automatic migration to target major version 18.
[6958:0001][2026-05-10T12:40:44] No eligible source products found for automatic migration to target major version 22.
[6958:000e][2026-05-10T12:40:44] Shutting down the application with exit code 0
[6958:0001][2026-05-10T12:40:44] Releasing singleton lock.
[6958:0001][2026-05-10T12:40:44] Releasing singleton lock succeed.
[6958:0001][2026-05-10T12:40:44] Releasing singleton lock.
[6958:0001][2026-05-10T12:40:44] Singleton lock does not exist. Releasing singleton lock skipped.
[6958:000b][2026-05-10T12:40:44] Warning: Setup expects one or more channel manifest in the repository.
[6958:0001][2026-05-10T12:40:44] ManifestVerifier Result: Success
[6958:0001][2026-05-10T12:40:44] Closing the installer with exit code 0
[6958:0001][2026-05-10T12:40:44] Exit Code: 0
[6958:0001][2026-05-10T12:40:44] Cleared previous session ID.
[6958:002a][2026-05-10T12:40:44] Download requested: https://download.visualstudio.microsoft.com/download/pr/d9ce9498-b5ec-4730-a7b2-b0589eab2d27/69777cd5629ba69549b3c4bc765447d1afed17a3895d36bdd336da8f4fea71a6/VisualStudio.17.Release.chman
[6958:0029][2026-05-10T12:40:44] Attempting download 'https://download.visualstudio.microsoft.com/download/pr/d9ce9498-b5ec-4730-a7b2-b0589eab2d27/69777cd5629ba69549b3c4bc765447d1afed17a3895d36bdd336da8f4fea71a6/VisualStudio.17.Release.chman' using engine 'WebClient'
[6958:0029][2026-05-10T12:40:44] Download of 'https://download.visualstudio.microsoft.com/download/pr/d9ce9498-b5ec-4730-a7b2-b0589eab2d27/69777cd5629ba69549b3c4bc765447d1afed17a3895d36bdd336da8f4fea71a6/VisualStudio.17.Release.chman' succeeded using engine 'WebClient'
[6958:0029][2026-05-10T12:40:44] Channel 'https://aka.ms/vs/17/release/channel' was not modified. IfModifiedSince: 16.04.2026 22:43:43 +00:00, LastModifiedDate: 10.05.2026 12:40:44 +02:00
[6958:0029][2026-05-10T12:40:44] Channel manifest for https://aka.ms/vs/17/release/channel is already up to date.
[6958:0029][2026-05-10T12:40:44] Warning: Setup expects one or more channel manifest in the repository.
[6958:0001][2026-05-10T12:40:44] Warning: Setup expects one or more channel manifest in the repository.
[6958:0001][2026-05-10T12:40:44] Trying to remove channel manifest: C:\Users\Werguru\AppData\Local\Microsoft\VisualStudio\Packages\_Channels\8a91a928\installChannelManifest.json
[6958:0029][2026-05-10T12:40:44] ManifestVerifier Result: Success
[6958:0001][2026-05-10T12:40:44] Trying to remove product manifest: C:\Users\Werguru\AppData\Local\Microsoft\VisualStudio\Packages\_Channels\8a91a928\install_catalog.json
[6958:0001][2026-05-10T12:40:44] Warning: Setup expects one or more channel manifest in the repository.
[6958:0001][2026-05-10T12:40:44] ManifestVerifier Result: Success
[6958:0001][2026-05-10T12:40:44] ManifestVerifier Result: Success
