[14c0:0001][2026-05-10T02:03:09] Setting the locale to en-US.
[14c0:0001][2026-05-10T02:03:09] Saving the current locale (en-US) to user.json.
[14c0:0001][2026-05-10T02:03:09] Setting the telemetry services
[14c0:0005][2026-05-10T02:03:10] Creating a new telemetry service.
[14c0:0001][2026-05-10T02:03:10] Visual Studio Installer Version: 4.5.35+8a285335fc
[14c0:0001][2026-05-10T02:03:10] Raw Command line: "C:\Program Files (x86)\Microsoft Visual Studio\Installer\setup.exe" /finalizeInstall install --in "C:\ProgramData\Microsoft\VisualStudio\Packages\_bootstrapper\vs_setup_bootstrapper_202605100203087070.json" install --passive --norestart --installPath "D:\Program Files (x86)\Microsoft Visual Studio\2022\BuildTools" --add Microsoft.VisualStudio.Workload.VCTools --add Microsoft.VisualStudio.Component.Windows11SDK.22621 --locale en-US --activityId "23877a86-dd6d-4f9a-8b95-edee3b3929bf" --pipe "ded12760-114d-4bc1-be61-0ec4736a1ace"
[14c0:0001][2026-05-10T02:03:10] Parsed command line options: install --activityId 23877a86-dd6d-4f9a-8b95-edee3b3929bf --add Microsoft.VisualStudio.Workload.VCTools Microsoft.VisualStudio.Component.Windows11SDK.22621 --channelId VisualStudio.17.Release --channelUri https://aka.ms/vs/17/release/channel --installPath "D:\Program Files (x86)\Microsoft Visual Studio\2022\BuildTools" --locale en-US --norestart --passive --pipe ded12760-114d-4bc1-be61-0ec4736a1ace --productId Microsoft.VisualStudio.Product.BuildTools
[14c0:0001][2026-05-10T02:03:10] Using registry value of (0) to theme installer.
[14c0:0001][2026-05-10T02:03:10] Getting singleton lock. Mutex name: DevdivInstallerUI
[14c0:0001][2026-05-10T02:03:10] Getting singleton lock succeed.
[14c0:0005][2026-05-10T02:03:10] Telemetry session ID: 6fd832b0-3255-4e12-b8a7-c2704aa8561c
[14c0:0004][2026-05-10T02:03:10] Creating new ExperimentationService
[14c0:0004][2026-05-10T02:03:10] Telemetry property VS.ABExp.Flights : lazytoolboxinit;fwlargebuffer;refactoring;spmoretempsbtn1;asloff;keybindgoldbarext;asynccsproj;vsfricheditor;completionapi;4f604693:30775293
[14c0:0005][2026-05-10T02:03:10] Telemetry property vs.willow.source : WPF
[14c0:0005][2026-05-10T02:03:10] Telemetry property vs.willow.locale : en-US
[14c0:0005][2026-05-10T02:03:10] Telemetry property vs.willow.installerversion : 4.5.35.35368
[14c0:0005][2026-05-10T02:03:10] Telemetry property vs.willow.startmethod : indirect
[14c0:0005][2026-05-10T02:03:10] Telemetry property vs.willow.activityid : 23877a86-dd6d-4f9a-8b95-edee3b3929bf
[14c0:0005][2026-05-10T02:03:10] Telemetry property vs.willow.campaign : 
[14c0:0005][2026-05-10T02:03:10] Telemetry property vs.willow.passive : True
[14c0:0005][2026-05-10T02:03:10] Telemetry property vs.willow.quiet : False
[14c0:0005][2026-05-10T02:03:10] Telemetry property vs.willow.processtype : ui
[14c0:0005][2026-05-10T02:03:10] Telemetry property vs.willow.force : False
[14c0:0005][2026-05-10T02:03:10] Telemetry property vs.willow.noweb : False
[14c0:0005][2026-05-10T02:03:10] Telemetry property vs.willow.iselevated : True
[14c0:0005][2026-05-10T02:03:10] Telemetry property vs.willow.issystem : False
[14c0:0005][2026-05-10T02:03:10] Telemetry property vs.willow.isadmin : True
[14c0:0001][2026-05-10T02:03:10] Monitor center position: 960, 576
[14c0:0001][2026-05-10T02:03:10] Navigation requested from ApplicationViewModel to MainPageViewModel
[14c0:0009][2026-05-10T02:03:10] Telemetry property vs.setup.WorkloadOverrides.DidReceiveOverride : False
[14c0:0009][2026-05-10T02:03:10] Telemetry property vs.setup.WorkloadOverrides.RuleId : None
[14c0:0012][2026-05-10T02:03:10] Telemetry property VS.SetupEngine.ChannelUpdateDisabled : False
[14c0:0012][2026-05-10T02:03:10] Warning: Setup expects one or more channel manifest in the repository.
[14c0:0012][2026-05-10T02:03:10] Warning: Setup expects one or more channel manifest in the repository.
[14c0:0012][2026-05-10T02:03:10] Warning: Setup expects one or more channel manifest in the repository.
[14c0:0012][2026-05-10T02:03:10] Warning: Setup expects one or more channel manifest in the repository.
[14c0:0012][2026-05-10T02:03:10] Warning: Setup expects one or more channel manifest in the repository.
[14c0:0012][2026-05-10T02:03:10] Authentication Environment variable setting value: null
[14c0:0012][2026-05-10T02:03:10] Authenticate: True
[14c0:0024][2026-05-10T02:03:11] Download requested: https://download.visualstudio.microsoft.com/download/pr/d9ce9498-b5ec-4730-a7b2-b0589eab2d27/69777cd5629ba69549b3c4bc765447d1afed17a3895d36bdd336da8f4fea71a6/VisualStudio.17.Release.chman
[14c0:0025][2026-05-10T02:03:11] Attempting download 'https://download.visualstudio.microsoft.com/download/pr/d9ce9498-b5ec-4730-a7b2-b0589eab2d27/69777cd5629ba69549b3c4bc765447d1afed17a3895d36bdd336da8f4fea71a6/VisualStudio.17.Release.chman' using engine 'WebClient'
[14c0:0023][2026-05-10T02:03:11] Uri 'https://go.microsoft.com/fwlink/?linkid=857708' redirected to 'https://sendvsfeedback2.azurewebsites.net/api'
[14c0:0025][2026-05-10T02:03:11] ManifestVerifier Result: Success
[14c0:0025][2026-05-10T02:03:11] Download of 'https://download.visualstudio.microsoft.com/download/pr/d9ce9498-b5ec-4730-a7b2-b0589eab2d27/69777cd5629ba69549b3c4bc765447d1afed17a3895d36bdd336da8f4fea71a6/VisualStudio.17.Release.chman' succeeded using engine 'WebClient'
[14c0:000b][2026-05-10T02:03:11] Downloading installable manifest from "https://download.visualstudio.microsoft.com/download/pr/d9ce9498-b5ec-4730-a7b2-b0589eab2d27/87fb870c97726281f9535be9f3a9df97bdf5edbb0d0b2dc2071ccc8d6d13993e/VisualStudio.vsman" and using the channel URI "https://aka.ms/vs/17/release/channel".
[14c0:000b][2026-05-10T02:03:11] Download requested: https://download.visualstudio.microsoft.com/download/pr/d9ce9498-b5ec-4730-a7b2-b0589eab2d27/87fb870c97726281f9535be9f3a9df97bdf5edbb0d0b2dc2071ccc8d6d13993e/VisualStudio.vsman
[14c0:0028][2026-05-10T02:03:11] Attempting download 'https://download.visualstudio.microsoft.com/download/pr/d9ce9498-b5ec-4730-a7b2-b0589eab2d27/87fb870c97726281f9535be9f3a9df97bdf5edbb0d0b2dc2071ccc8d6d13993e/VisualStudio.vsman' using engine 'WebClient'
[14c0:0028][2026-05-10T02:03:11] ManifestVerifier Result: Success
[14c0:0028][2026-05-10T02:03:11] Download of 'https://download.visualstudio.microsoft.com/download/pr/d9ce9498-b5ec-4730-a7b2-b0589eab2d27/87fb870c97726281f9535be9f3a9df97bdf5edbb0d0b2dc2071ccc8d6d13993e/VisualStudio.vsman' succeeded using engine 'WebClient'
[14c0:0010][2026-05-10T02:03:11] Telemetry property VS.SetupEngine.ChannelUpdateDisabled : False
[14c0:0010][2026-05-10T02:03:11] Warning: Setup expects one or more channel manifest in the repository.
[14c0:0009][2026-05-10T02:03:11] Status changed to NoUpdate
[14c0:0008][2026-05-10T02:03:11] Created shortcut: C:\ProgramData\Microsoft\Windows\Start Menu\Programs\Visual Studio Installer.lnk
[14c0:0010][2026-05-10T02:03:11] Warning: Setup expects one or more channel manifest in the repository.
[14c0:0010][2026-05-10T02:03:11] Warning: Setup expects one or more channel manifest in the repository.
[14c0:0010][2026-05-10T02:03:11] Warning: Setup expects one or more channel manifest in the repository.
[14c0:0010][2026-05-10T02:03:11] Warning: Setup expects one or more channel manifest in the repository.
[14c0:0010][2026-05-10T02:03:11] Warning: Setup expects one or more channel manifest in the repository.
[14c0:0010][2026-05-10T02:03:11] Warning: Setup expects one or more channel manifest in the repository.
[14c0:0010][2026-05-10T02:03:11] Warning: Setup expects one or more channel manifest in the repository.
[14c0:0010][2026-05-10T02:03:11] Warning: Setup expects one or more channel manifest in the repository.
[14c0:0010][2026-05-10T02:03:11] Warning: Setup expects one or more channel manifest in the repository.
[14c0:0008][2026-05-10T02:03:11] VSInstallerElevationService is already registered. Updating the register.
[14c0:0010][2026-05-10T02:03:11] Warning: Setup expects one or more channel manifest in the repository.
[14c0:0010][2026-05-10T02:03:11] Warning: Setup expects one or more channel manifest in the repository.
[14c0:0010][2026-05-10T02:03:11] Warning: Setup expects one or more channel manifest in the repository.
[14c0:0010][2026-05-10T02:03:11] Warning: Setup expects one or more channel manifest in the repository.
[14c0:0010][2026-05-10T02:03:11] Warning: Setup expects one or more channel manifest in the repository.
[14c0:0010][2026-05-10T02:03:11] Warning: Setup expects one or more channel manifest in the repository.
[14c0:0010][2026-05-10T02:03:11] Warning: Setup expects one or more channel manifest in the repository.
[14c0:0010][2026-05-10T02:03:11] Warning: Setup expects one or more channel manifest in the repository.
[14c0:0023][2026-05-10T02:03:11] Download requested: https://go.microsoft.com/fwlink/?linkid=2066144
[14c0:0028][2026-05-10T02:03:11] Attempting download 'https://go.microsoft.com/fwlink/?linkid=2066144' using engine 'WebClient'
[14c0:0010][2026-05-10T02:03:11] Warning: Setup expects one or more channel manifest in the repository.
[14c0:0010][2026-05-10T02:03:11] ManifestVerifier Result: Success
[14c0:0001][2026-05-10T02:03:11] No eligible source products found for automatic migration to target major version 18.
[14c0:0001][2026-05-10T02:03:11] No eligible source products found for automatic migration to target major version 18.
[14c0:0001][2026-05-10T02:03:11] No eligible source products found for automatic migration to target major version 18.
[14c0:0001][2026-05-10T02:03:11] No eligible source products found for automatic migration to target major version 18.
[14c0:0001][2026-05-10T02:03:11] No eligible source products found for automatic migration to target major version 18.
[14c0:0001][2026-05-10T02:03:11] No eligible source products found for automatic migration to target major version 18.
[14c0:0001][2026-05-10T02:03:11] No eligible source products found for automatic migration to target major version 22.
[14c0:0012][2026-05-10T02:03:11] Warning: Setup expects one or more channel manifest in the repository.
[14c0:0012][2026-05-10T02:03:11] Warning: Setup expects one or more channel manifest in the repository.
[14c0:0012][2026-05-10T02:03:11] The automatic migration cannot be started in quiet or passive mode.
[14c0:0005][2026-05-10T02:03:11] Warning: Setup expects one or more channel manifest in the repository.
[14c0:0005][2026-05-10T02:03:11] Warning: Setup expects one or more channel manifest in the repository.
[14c0:0005][2026-05-10T02:03:12] Setup Engine v4.5.35, Microsoft Windows NT 10.0.26200.0
[14c0:0005][2026-05-10T02:03:12] Command line: "C:\Program Files (x86)\Microsoft Visual Studio\Installer\setup.exe" /finalizeInstall install --in "C:\ProgramData\Microsoft\VisualStudio\Packages\_bootstrapper\vs_setup_bootstrapper_202605100203087070.json" install --passive --norestart --installPath "D:\Program Files (x86)\Microsoft Visual Studio\2022\BuildTools" --add Microsoft.VisualStudio.Workload.VCTools --add Microsoft.VisualStudio.Component.Windows11SDK.22621 --locale en-US --activityId "23877a86-dd6d-4f9a-8b95-edee3b3929bf" --pipe "ded12760-114d-4bc1-be61-0ec4736a1ace"
[14c0:0005][2026-05-10T02:03:12] Warning: Setup expects one or more channel manifest in the repository.
[14c0:0028][2026-05-10T02:03:12] Uri 'https://go.microsoft.com/fwlink/?linkid=2066144' redirected to 'https://newsfeed.visualstudio.microsoft.com/news/vs'
[14c0:0028][2026-05-10T02:03:12] Download of 'https://go.microsoft.com/fwlink/?linkid=2066144' succeeded using engine 'WebClient'
[14c0:0008][2026-05-10T02:03:12] Successfully updated the registered service VSInstallerElevationService.
[14c0:0008][2026-05-10T02:03:12] Starting C:\Program Files (x86)\Microsoft Visual Studio\Installer\vs_installer.windows.exe with arguments /finalizeinstall 6F320B93-EE3C-4826-85E0-ADF79F8D4C61 "Visual Studio Installer" "Microsoft Visual Studio Installer" 4.5.35.35368 0 "C:\Program Files (x86)\Microsoft Visual Studio\Installer\setup.exe"
[14c0:0008][2026-05-10T02:03:12] Finalizer completed successfully
[14c0:0005][2026-05-10T02:03:12] ManifestVerifier Result: Success
[14c0:0005][2026-05-10T02:03:12] Catalog load operation correlation: {"id":"b6edbb4e-a7e7-429c-96b8-d6cc9790dcc0"}
[14c0:0005][2026-05-10T02:03:12] Resetting dependency graph
[14c0:0005][2026-05-10T02:03:12] Loading catalog 'VisualStudio/17.14.31+37216.2.-april.2026-' into engine session 'ba775cf7'.
[14c0:0005][2026-05-10T02:03:12] Telemetry property VS.SetupEngine.Id : VisualStudio/17.14.31+37216.2.-april.2026-
[14c0:0005][2026-05-10T02:03:12] Telemetry property VS.SetupEngine.Branch : d17.14
[14c0:0005][2026-05-10T02:03:12] Telemetry property VS.SetupEngine.BuildNumber : 17.14.37216.2
[14c0:0005][2026-05-10T02:03:12] Telemetry property VS.SetupEngine.EngineVersion : 4.5.35.35368
[14c0:0005][2026-05-10T02:03:12] Telemetry property VS.SetupEngine.InstanceId : ba775cf7
[14c0:0005][2026-05-10T02:03:12] Compatible ProductCode '{D331F4E7-BC3B-47BE-BB56-5F33895F9347}' found for package 'Microsoft.Build.FileTracker.Msi,version=17.14.36015.10'
[14c0:0005][2026-05-10T02:03:12] Compatible package is not installed. Code '{D331F4E7-BC3B-47BE-BB56-5F33895F9347}' will not be used for repair/uninstall attempts.
[14c0:0005][2026-05-10T02:03:12] Compatible ProductCode '{D07657AA-968C-4629-BD6C-1B52AF825EA7}' found for package 'Microsoft.VisualStudio.Setup.Configuration,version=3.12.2140.44225'
[14c0:0005][2026-05-10T02:03:12] Compatible package is not installed. Code '{D07657AA-968C-4629-BD6C-1B52AF825EA7}' will not be used for repair/uninstall attempts.
[14c0:0005][2026-05-10T02:03:12] Compatible ProductCode '{49727420-70BA-4495-9405-31F8D711CB5A}' found for package 'Microsoft.VisualStudio.Setup.WMIProvider,version=3.12.2140.44225'
[14c0:0005][2026-05-10T02:03:12] Compatible package is not installed. Code '{49727420-70BA-4495-9405-31F8D711CB5A}' will not be used for repair/uninstall attempts.
[14c0:0005][2026-05-10T02:03:12] Compatible ProductCode '{F5796163-6EC6-488A-B2DE-E1E94477F6AD}' found for package 'Microsoft.VisualStudio.Debugger.Script.Msi,version=17.14.36015.10,machinearch=x64'
[14c0:0005][2026-05-10T02:03:12] Compatible package is not installed. Code '{F5796163-6EC6-488A-B2DE-E1E94477F6AD}' will not be used for repair/uninstall attempts.
[14c0:0005][2026-05-10T02:03:12] Compatible ProductCode '{C762588C-06DE-496A-8ADF-EBDBD49E37B5}' found for package 'Microsoft.DiagnosticsHub.Collection.Service,version=17.14.36412.1,productarch=neutral,machinearch=x64'
[14c0:0005][2026-05-10T02:03:12] Compatible package is not installed. Code '{C762588C-06DE-496A-8ADF-EBDBD49E37B5}' will not be used for repair/uninstall attempts.
[14c0:0005][2026-05-10T02:03:13] Compatible ProductCode '{D331F4E7-BC3B-47BE-BB56-5F33895F9347}' found for package 'Microsoft.Build.FileTracker.Msi,version=17.14.36015.10'
[14c0:0005][2026-05-10T02:03:13] Compatible package is not installed. Code '{D331F4E7-BC3B-47BE-BB56-5F33895F9347}' will not be used for repair/uninstall attempts.
[14c0:0005][2026-05-10T02:03:13] Compatible ProductCode '{D07657AA-968C-4629-BD6C-1B52AF825EA7}' found for package 'Microsoft.VisualStudio.Setup.Configuration,version=3.12.2140.44225'
[14c0:0005][2026-05-10T02:03:13] Compatible package is not installed. Code '{D07657AA-968C-4629-BD6C-1B52AF825EA7}' will not be used for repair/uninstall attempts.
[14c0:0005][2026-05-10T02:03:13] Compatible ProductCode '{49727420-70BA-4495-9405-31F8D711CB5A}' found for package 'Microsoft.VisualStudio.Setup.WMIProvider,version=3.12.2140.44225'
[14c0:0005][2026-05-10T02:03:13] Compatible package is not installed. Code '{49727420-70BA-4495-9405-31F8D711CB5A}' will not be used for repair/uninstall attempts.
[14c0:0005][2026-05-10T02:03:13] Package Microsoft.Windows.UniversalCRT.Msu.7 is not applicable: The current OS Version '10.0.26200.0' is not in the supported version range '[6.1,6.2)'.
[14c0:0005][2026-05-10T02:03:13] Package Microsoft.Windows.UniversalCRT.Msu.8 is not applicable: The current OS Version '10.0.26200.0' is not in the supported version range '[6.2,6.3)'.
[14c0:0005][2026-05-10T02:03:13] Package Microsoft.Windows.UniversalCRT.Msu.81 is not applicable: The current OS Version '10.0.26200.0' is not in the supported version range '[6.3,6.4)'.
[14c0:0005][2026-05-10T02:03:13] Package Microsoft.VisualStudio.Debugger.DbgHelp.Win8 is not applicable: The current OS Version '10.0.26200.0' is not in the supported version range '[6.1,6.3]'.
[14c0:0005][2026-05-10T02:03:13] Package Microsoft.VisualStudio.Debugger.Remote.DbgHelp.Win8 is not applicable: The current OS Version '10.0.26200.0' is not in the supported version range '[6.1,6.3]'.
[14c0:0005][2026-05-10T02:03:13] Package Microsoft.VisualStudio.Debugger.Remote.DbgHelp.Win8 is not applicable: The current OS Version '10.0.26200.0' is not in the supported version range '[6.1,6.3]'.
[14c0:0005][2026-05-10T02:03:13] Compatible ProductCode '{F5796163-6EC6-488A-B2DE-E1E94477F6AD}' found for package 'Microsoft.VisualStudio.Debugger.Script.Msi,version=17.14.36015.10,machinearch=x64'
[14c0:0005][2026-05-10T02:03:13] Compatible package is not installed. Code '{F5796163-6EC6-488A-B2DE-E1E94477F6AD}' will not be used for repair/uninstall attempts.
[14c0:0005][2026-05-10T02:03:13] Compatible ProductCode '{C762588C-06DE-496A-8ADF-EBDBD49E37B5}' found for package 'Microsoft.DiagnosticsHub.Collection.Service,version=17.14.36412.1,productarch=neutral,machinearch=x64'
[14c0:0005][2026-05-10T02:03:13] Compatible package is not installed. Code '{C762588C-06DE-496A-8ADF-EBDBD49E37B5}' will not be used for repair/uninstall attempts.
[14c0:0005][2026-05-10T02:03:13] Package Microsoft.Net.4.8.FullRedist.20H2 is not applicable: The current OS Version '10.0.26200.0' is not in the supported version range '[10.0.19042,10.0.22000]'.
[14c0:0005][2026-05-10T02:03:13] Package Microsoft.Net.4.8.FullRedist is not applicable: The current OS Version '10.0.26200.0' is not in the supported version range '[6.1.1,10.0.17763]'.
[14c0:0005][2026-05-10T02:03:13] Package Microsoft.Net.4.8.KB5003306 is not applicable: The current OS Version '10.0.26200.0' is not in the supported version range '[10.0.18362,10.0.18363]'.
[14c0:0005][2026-05-10T02:03:13] Package Microsoft.Net.4.8.KB5003304 is not applicable: The current OS Version '10.0.26200.0' is not in the supported version range '[10.0.19041,10.0.19042)'.
[14c0:0005][2026-05-10T02:03:13] Package Microsoft.Net.4.8.1.FullRedist is not applicable: The current OS Version '10.0.26200.0' is not in the supported version range '[10.0.19042,10.0.22000]'.
[14c0:0005][2026-05-10T02:03:13] Package Microsoft.VisualStudio.NuGet.PowershellBindingRedirect is not applicable: The current OS Version '10.0.26200.0' is not in the supported version range '[6.1,6.2)'.
[14c0:0005][2026-05-10T02:03:13] Compatible ProductCode '{D331F4E7-BC3B-47BE-BB56-5F33895F9347}' found for package 'Microsoft.Build.FileTracker.Msi,version=17.14.36015.10'
[14c0:0005][2026-05-10T02:03:13] Compatible package is not installed. Code '{D331F4E7-BC3B-47BE-BB56-5F33895F9347}' will not be used for repair/uninstall attempts.
[14c0:0005][2026-05-10T02:03:13] Compatible ProductCode '{D07657AA-968C-4629-BD6C-1B52AF825EA7}' found for package 'Microsoft.VisualStudio.Setup.Configuration,version=3.12.2140.44225'
[14c0:0005][2026-05-10T02:03:13] Compatible package is not installed. Code '{D07657AA-968C-4629-BD6C-1B52AF825EA7}' will not be used for repair/uninstall attempts.
[14c0:0005][2026-05-10T02:03:13] Compatible ProductCode '{49727420-70BA-4495-9405-31F8D711CB5A}' found for package 'Microsoft.VisualStudio.Setup.WMIProvider,version=3.12.2140.44225'
[14c0:0005][2026-05-10T02:03:13] Compatible package is not installed. Code '{49727420-70BA-4495-9405-31F8D711CB5A}' will not be used for repair/uninstall attempts.
[14c0:0005][2026-05-10T02:03:13] Package Microsoft.Windows.UniversalCRT.Msu.7 is not applicable: The current OS Version '10.0.26200.0' is not in the supported version range '[6.1,6.2)'.
[14c0:0005][2026-05-10T02:03:13] Package Microsoft.Windows.UniversalCRT.Msu.8 is not applicable: The current OS Version '10.0.26200.0' is not in the supported version range '[6.2,6.3)'.
[14c0:0005][2026-05-10T02:03:13] Package Microsoft.Windows.UniversalCRT.Msu.81 is not applicable: The current OS Version '10.0.26200.0' is not in the supported version range '[6.3,6.4)'.
[14c0:0005][2026-05-10T02:03:13] Package Microsoft.VisualStudio.Debugger.DbgHelp.Win8 is not applicable: The current OS Version '10.0.26200.0' is not in the supported version range '[6.1,6.3]'.
[14c0:0005][2026-05-10T02:03:13] Package Microsoft.VisualStudio.Debugger.Remote.DbgHelp.Win8 is not applicable: The current OS Version '10.0.26200.0' is not in the supported version range '[6.1,6.3]'.
[14c0:0005][2026-05-10T02:03:13] Package Microsoft.VisualStudio.Debugger.Remote.DbgHelp.Win8 is not applicable: The current OS Version '10.0.26200.0' is not in the supported version range '[6.1,6.3]'.
[14c0:0005][2026-05-10T02:03:13] Compatible ProductCode '{F5796163-6EC6-488A-B2DE-E1E94477F6AD}' found for package 'Microsoft.VisualStudio.Debugger.Script.Msi,version=17.14.36015.10,machinearch=x64'
[14c0:0005][2026-05-10T02:03:13] Compatible package is not installed. Code '{F5796163-6EC6-488A-B2DE-E1E94477F6AD}' will not be used for repair/uninstall attempts.
[14c0:0005][2026-05-10T02:03:13] Compatible ProductCode '{C762588C-06DE-496A-8ADF-EBDBD49E37B5}' found for package 'Microsoft.DiagnosticsHub.Collection.Service,version=17.14.36412.1,productarch=neutral,machinearch=x64'
[14c0:0005][2026-05-10T02:03:13] Compatible package is not installed. Code '{C762588C-06DE-496A-8ADF-EBDBD49E37B5}' will not be used for repair/uninstall attempts.
[14c0:0005][2026-05-10T02:03:13] Package Microsoft.Net.4.8.FullRedist.20H2 is not applicable: The current OS Version '10.0.26200.0' is not in the supported version range '[10.0.19042,10.0.22000]'.
[14c0:0005][2026-05-10T02:03:13] Package Microsoft.Net.4.8.FullRedist is not applicable: The current OS Version '10.0.26200.0' is not in the supported version range '[6.1.1,10.0.17763]'.
[14c0:0005][2026-05-10T02:03:13] Package Microsoft.Net.4.8.KB5003306 is not applicable: The current OS Version '10.0.26200.0' is not in the supported version range '[10.0.18362,10.0.18363]'.
[14c0:0005][2026-05-10T02:03:13] Package Microsoft.Net.4.8.KB5003304 is not applicable: The current OS Version '10.0.26200.0' is not in the supported version range '[10.0.19041,10.0.19042)'.
[14c0:0005][2026-05-10T02:03:13] Package Microsoft.Net.4.8.1.FullRedist is not applicable: The current OS Version '10.0.26200.0' is not in the supported version range '[10.0.19042,10.0.22000]'.
[14c0:0005][2026-05-10T02:03:13] Package Microsoft.VisualStudio.NuGet.PowershellBindingRedirect is not applicable: The current OS Version '10.0.26200.0' is not in the supported version range '[6.1,6.2)'.
[14c0:0005][2026-05-10T02:03:13] Warning: Setup expects one or more channel manifest in the repository.
[14c0:0005][2026-05-10T02:03:13] Added 'en-us'
[14c0:0005][2026-05-10T02:03:13] Adding packages from --add
[14c0:0011][2026-05-10T02:03:13] Planning graph selection
[14c0:0011][2026-05-10T02:03:13] Graph.PlanSelection completed in 2ms
[14c0:0011][2026-05-10T02:03:13] Building the required chain
[14c0:0011][2026-05-10T02:03:13] Committing graph selection
[14c0:0011][2026-05-10T02:03:13] Graph.CommitSelection completed in 2ms
[14c0:0011][2026-05-10T02:03:13] Updating graph selection
[14c0:0011][2026-05-10T02:03:13] Graph.UpdateSelection completed in 4ms
[14c0:0011][2026-05-10T02:03:13] Notifying VMs with the updated selections: GroupSelected - Microsoft.VisualStudio.Workload.VCTools Microsoft.VisualStudio.Component.VC.CoreBuildTools Microsoft.VisualStudio.Component.VC.Redist.14.Latest Microsoft.VisualStudio.ComponentGroup.NativeDesktop.Core Microsoft.VisualStudio.Component.Windows10SDK Microsoft.VisualStudio.Component.TextTemplating Microsoft.VisualStudio.Component.VC.CoreIde 
[14c0:0011][2026-05-10T02:03:13] Planning graph selection
[14c0:0011][2026-05-10T02:03:13] Graph.PlanSelection completed in 0ms
[14c0:0011][2026-05-10T02:03:13] Building the required chain
[14c0:0011][2026-05-10T02:03:13] Committing graph selection
[14c0:0011][2026-05-10T02:03:13] Graph.CommitSelection completed in 0ms
[14c0:0011][2026-05-10T02:03:13] Updating graph selection
[14c0:0011][2026-05-10T02:03:13] Graph.UpdateSelection completed in 4ms
[14c0:0011][2026-05-10T02:03:13] Notifying VMs with the updated selections: IndividuallySelected - Microsoft.VisualStudio.Component.Windows11SDK.22621 
[14c0:0015][2026-05-10T02:03:13] Extension signature validation returned 0 unsigned extensions and 0 invalidly signed extensions.
[14c0:0015][2026-05-10T02:03:13] Showing the window.
[14c0:0010][2026-05-10T02:03:13] ManifestVerifier Result: Success
[14c0:0010][2026-05-10T02:03:13] Created a UnelevatedProductInstaller
[14c0:0010][2026-05-10T02:03:13] Decorating UnelevatedProductInstaller with UnelevatedInstallerTelemetryDecorator
[14c0:000f][2026-05-10T02:03:13] Warning: Setup expects one or more channel manifest in the repository.
[14c0:0010][2026-05-10T02:03:13] ManifestVerifier Result: Success
[14c0:0021][2026-05-10T02:03:13] Warning: The operation was canceled.
[14c0:0021][2026-05-10T02:03:13] ManifestVerifier Result: Success
[14c0:0028][2026-05-10T02:03:13] WebClient error 'RequestCanceled' with 'https://aka.ms/vs/channels' - ExecuteWithRetryAsync failed along with a cancellation request
[14c0:0028][2026-05-10T02:03:13] Warning: Failed to get the HttpWebResponse while invoking a HEAD request against https://aka.ms/vs/channels:System.OperationCanceledException: The operation was canceled.
   at System.Threading.CancellationToken.ThrowOperationCanceledException()
   at System.Threading.CancellationToken.ThrowIfCancellationRequested()
   at Microsoft.VisualStudio.Setup.Download.WebRequestService.<>c__DisplayClass9_0.<ExecuteWithRetryAsync>b__0(Object _)
   at System.Threading.Tasks.Task`1.InnerInvoke()
   at System.Threading.Tasks.Task.Execute()
--- End of stack trace from previous location where exception was thrown ---
   at System.Runtime.ExceptionServices.ExceptionDispatchInfo.Throw()
   at System.Runtime.CompilerServices.TaskAwaiter.HandleNonSuccessAndDebuggerNotification(Task task)
   at Microsoft.VisualStudio.Setup.Download.DownloadManagerAuthenticationProxy.<MungeUriAsync>d__16.MoveNext()
[14c0:0028][2026-05-10T02:03:13] Download requested: https://aka.ms/vs/channels
[14c0:0023][2026-05-10T02:03:13] Warning: Failed to download channels file from https://aka.ms/vs/channels: A task was canceled.
[14c0:0025][2026-05-10T02:03:13] WebClient error 'RequestCanceled' with 'https://aka.ms/vs/installer/latest/feed' - ExecuteWithRetryAsync failed along with a cancellation request
[14c0:0025][2026-05-10T02:03:13] Warning: Failed to get the HttpWebResponse while invoking a HEAD request against https://aka.ms/vs/installer/latest/feed:System.OperationCanceledException: The operation was canceled.
   at System.Threading.CancellationToken.ThrowOperationCanceledException()
   at System.Threading.CancellationToken.ThrowIfCancellationRequested()
   at Microsoft.VisualStudio.Setup.Download.WebRequestService.<>c__DisplayClass9_0.<ExecuteWithRetryAsync>b__0(Object _)
   at System.Threading.Tasks.Task`1.InnerInvoke()
   at System.Threading.Tasks.Task.Execute()
--- End of stack trace from previous location where exception was thrown ---
   at System.Runtime.ExceptionServices.ExceptionDispatchInfo.Throw()
   at System.Runtime.CompilerServices.TaskAwaiter.HandleNonSuccessAndDebuggerNotification(Task task)
   at Microsoft.VisualStudio.Setup.Download.DownloadManagerAuthenticationProxy.<MungeUriAsync>d__16.MoveNext()
[14c0:0025][2026-05-10T02:03:13] Download requested: https://aka.ms/vs/installer/latest/feed
[14c0:0024][2026-05-10T02:03:13] Warning: Failed to update the latest installer feed A task was canceled.
[14c0:0024][2026-05-10T02:03:13] ManifestVerifier Result: Success
[14c0:0011][2026-05-10T02:03:13] Status changed to NoUpdate
[14c0:0008][2026-05-10T02:03:13] Warning: Setup expects one or more channel manifest in the repository.
[14c0:0008][2026-05-10T02:03:13] Warning: Setup expects one or more channel manifest in the repository.
[14c0:0008][2026-05-10T02:03:13] Warning: Setup expects one or more channel manifest in the repository.
[14c0:0008][2026-05-10T02:03:13] Warning: Setup expects one or more channel manifest in the repository.
[14c0:0008][2026-05-10T02:03:13] Warning: Setup expects one or more channel manifest in the repository.
[14c0:0008][2026-05-10T02:03:13] Warning: Setup expects one or more channel manifest in the repository.
[14c0:0008][2026-05-10T02:03:13] Warning: Setup expects one or more channel manifest in the repository.
[14c0:0008][2026-05-10T02:03:13] Warning: Setup expects one or more channel manifest in the repository.
[14c0:0008][2026-05-10T02:03:13] Warning: Setup expects one or more channel manifest in the repository.
[14c0:0008][2026-05-10T02:03:13] Warning: Setup expects one or more channel manifest in the repository.
[14c0:0008][2026-05-10T02:03:13] Warning: Setup expects one or more channel manifest in the repository.
[14c0:0008][2026-05-10T02:03:13] Warning: Setup expects one or more channel manifest in the repository.
[14c0:0008][2026-05-10T02:03:13] Warning: Setup expects one or more channel manifest in the repository.
[14c0:0008][2026-05-10T02:03:13] Warning: Setup expects one or more channel manifest in the repository.
[14c0:0008][2026-05-10T02:03:13] Warning: Setup expects one or more channel manifest in the repository.
[14c0:0008][2026-05-10T02:03:13] Warning: Setup expects one or more channel manifest in the repository.
[14c0:0008][2026-05-10T02:03:13] Warning: Setup expects one or more channel manifest in the repository.
[14c0:0008][2026-05-10T02:03:13] Warning: Setup expects one or more channel manifest in the repository.
[14c0:0008][2026-05-10T02:03:13] Warning: Setup expects one or more channel manifest in the repository.
[14c0:0003][2026-05-10T02:03:13] Warning: Setup expects one or more channel manifest in the repository.
[14c0:0003][2026-05-10T02:03:13] Warning: Setup expects one or more channel manifest in the repository.
[14c0:0003][2026-05-10T02:03:13] Warning: Setup expects one or more channel manifest in the repository.
[14c0:0003][2026-05-10T02:03:13] Warning: Setup expects one or more channel manifest in the repository.
[14c0:0003][2026-05-10T02:03:13] Warning: Setup expects one or more channel manifest in the repository.
[14c0:0003][2026-05-10T02:03:13] Warning: Setup expects one or more channel manifest in the repository.
[14c0:0003][2026-05-10T02:03:13] Warning: Setup expects one or more channel manifest in the repository.
[14c0:0003][2026-05-10T02:03:13] Warning: Setup expects one or more channel manifest in the repository.
[14c0:0003][2026-05-10T02:03:13] Warning: Setup expects one or more channel manifest in the repository.
[14c0:0003][2026-05-10T02:03:13] Warning: Setup expects one or more channel manifest in the repository.
[14c0:0003][2026-05-10T02:03:13] Warning: Setup expects one or more channel manifest in the repository.
[14c0:0003][2026-05-10T02:03:13] Warning: Setup expects one or more channel manifest in the repository.
[14c0:0003][2026-05-10T02:03:13] Warning: Setup expects one or more channel manifest in the repository.
[14c0:0003][2026-05-10T02:03:13] Warning: Setup expects one or more channel manifest in the repository.
[14c0:0003][2026-05-10T02:03:13] Warning: Setup expects one or more channel manifest in the repository.
[14c0:0003][2026-05-10T02:03:13] Warning: Setup expects one or more channel manifest in the repository.
[14c0:0003][2026-05-10T02:03:13] Warning: Setup expects one or more channel manifest in the repository.
[14c0:0003][2026-05-10T02:03:13] Warning: Setup expects one or more channel manifest in the repository.
[14c0:0003][2026-05-10T02:03:13] Warning: Setup expects one or more channel manifest in the repository.
[14c0:0008][2026-05-10T02:03:13] ManifestVerifier Result: Success
[14c0:0001][2026-05-10T02:03:13] No eligible source products found for automatic migration to target major version 18.
[14c0:0001][2026-05-10T02:03:13] No eligible source products found for automatic migration to target major version 18.
[14c0:0001][2026-05-10T02:03:13] No eligible source products found for automatic migration to target major version 18.
[14c0:0001][2026-05-10T02:03:13] No eligible source products found for automatic migration to target major version 18.
[14c0:0001][2026-05-10T02:03:13] No eligible source products found for automatic migration to target major version 18.
[14c0:0001][2026-05-10T02:03:13] No eligible source products found for automatic migration to target major version 18.
[14c0:0001][2026-05-10T02:03:13] No eligible source products found for automatic migration to target major version 22.
[14c0:0003][2026-05-10T02:03:13] ManifestVerifier Result: Success
[14c0:0001][2026-05-10T02:03:13] No eligible source products found for automatic migration to target major version 18.
[14c0:0001][2026-05-10T02:03:13] No eligible source products found for automatic migration to target major version 18.
[14c0:0001][2026-05-10T02:03:13] No eligible source products found for automatic migration to target major version 18.
[14c0:0001][2026-05-10T02:03:13] No eligible source products found for automatic migration to target major version 18.
[14c0:0001][2026-05-10T02:03:13] No eligible source products found for automatic migration to target major version 18.
[14c0:0001][2026-05-10T02:03:13] No eligible source products found for automatic migration to target major version 18.
[14c0:0001][2026-05-10T02:03:13] No eligible source products found for automatic migration to target major version 22.
[14c0:0022][2026-05-10T02:03:13] ManifestVerifier Result: Success
[14c0:0001][2026-05-10T02:03:13] No eligible source products found for automatic migration to target major version 18.
[14c0:0001][2026-05-10T02:03:13] No eligible source products found for automatic migration to target major version 18.
[14c0:0001][2026-05-10T02:03:13] No eligible source products found for automatic migration to target major version 18.
[14c0:0001][2026-05-10T02:03:13] No eligible source products found for automatic migration to target major version 18.
[14c0:0001][2026-05-10T02:03:13] No eligible source products found for automatic migration to target major version 18.
[14c0:0001][2026-05-10T02:03:13] No eligible source products found for automatic migration to target major version 18.
[14c0:0001][2026-05-10T02:03:13] No eligible source products found for automatic migration to target major version 22.
[14c0:0009][2026-05-10T02:03:14] Authenticode verification returned 0x00000000 for path: C:\Program Files (x86)\Microsoft Visual Studio\Installer\setup.exe.
[14c0:002a][2026-05-10T02:05:04] Warning: No previous catalog found at 'C:\ProgramData\Microsoft\VisualStudio\Packages\_Instances\0240ddbe\catalog.previous.json'
[14c0:002a][2026-05-10T02:05:04] Setup Engine v4.5.35, Microsoft Windows NT 10.0.26200.0
[14c0:002a][2026-05-10T02:05:04] Command line: "C:\Program Files (x86)\Microsoft Visual Studio\Installer\setup.exe" /finalizeInstall install --in "C:\ProgramData\Microsoft\VisualStudio\Packages\_bootstrapper\vs_setup_bootstrapper_202605100203087070.json" install --passive --norestart --installPath "D:\Program Files (x86)\Microsoft Visual Studio\2022\BuildTools" --add Microsoft.VisualStudio.Workload.VCTools --add Microsoft.VisualStudio.Component.Windows11SDK.22621 --locale en-US --activityId "23877a86-dd6d-4f9a-8b95-edee3b3929bf" --pipe "ded12760-114d-4bc1-be61-0ec4736a1ace"
[14c0:002a][2026-05-10T02:05:04] Loading packages for instance '0240ddbe'
[14c0:002a][2026-05-10T02:05:05] DependencyComparer was created without a productArch. productArch will be ignored for dependency comparison.
[14c0:002a][2026-05-10T02:05:05] Switching package detection state from 'Superseded' to 'Absent' since package version '17.14.36015.10' is greater than installed version '17.0.157.0'
[14c0:002a][2026-05-10T02:05:05] Compatible ProductCode '{6AAEB5DD-FFFE-4CA1-9FE2-38A44B6B4477}' found for package 'Microsoft.VisualStudio.MinShell.Msi,version=17.14.36301.6,productarch=arm64'
[14c0:002a][2026-05-10T02:05:05] Compatible package version is less than or equal to the package version. Code '{6AAEB5DD-FFFE-4CA1-9FE2-38A44B6B4477}' will not be used for repair/uninstall attempts.
[14c0:002a][2026-05-10T02:05:05] Compatible ProductCode '{6AAEB5DD-FFFE-4CA1-9FE2-38A44B6B4477}' found for package 'Microsoft.VisualStudio.MinShell.Msi,version=17.14.36301.6,productarch=x64'
[14c0:002a][2026-05-10T02:05:05] Compatible package version is less than or equal to the package version. Code '{6AAEB5DD-FFFE-4CA1-9FE2-38A44B6B4477}' will not be used for repair/uninstall attempts.
[14c0:002a][2026-05-10T02:05:05] Warning: Windows Installer found the package 'Microsoft.VisualStudio.Community.Msi,version=17.14.36024.20,machinearch=arm64' superseded but corresponding compatible package information was not found. Attempts to repair will be skipped and that to uninstall may leave the cache behind.
[14c0:002a][2026-05-10T02:05:05] Compatible ProductCode '{71498EE6-F94E-4061-9DD5-55925CA8A74F}' found for package 'Microsoft.VisualStudio.Community.Msi,version=17.14.36025.13,machinearch=x86'
[14c0:002a][2026-05-10T02:05:05] Compatible package version is less than or equal to the package version. Code '{71498EE6-F94E-4061-9DD5-55925CA8A74F}' will not be used for repair/uninstall attempts.
[14c0:002a][2026-05-10T02:05:05] Compatible ProductCode '{F73D5EBA-D2A0-9F65-ADA6-2CCFDF44EA70}' found for package 'Microsoft.Windows.UniversalCRT.Tools.Msi,version=10.0.26624,chip=x64'
[14c0:002a][2026-05-10T02:05:05] Compatible ProductCode '{964DFB51-5193-2688-7E0A-45CC35B69748}' found for package 'Microsoft.Windows.UniversalCRT.Tools.Msi,version=10.0.26624,chip=x86'
[14c0:002a][2026-05-10T02:05:05] Loaded existing instance for product 'Microsoft.VisualStudio.Product.BuildTools,version=17.14.37216.2'
[14c0:002a][2026-05-10T02:05:05] Telemetry property VS.SetupEngine.Id : VisualStudio/17.14.31+37216.2.-april.2026-
[14c0:002a][2026-05-10T02:05:05] Telemetry property VS.SetupEngine.Branch : d17.14
[14c0:002a][2026-05-10T02:05:05] Telemetry property VS.SetupEngine.BuildNumber : 17.14.37216.2
[14c0:002a][2026-05-10T02:05:05] Telemetry property VS.SetupEngine.InstanceId : 0240ddbe
[14c0:002a][2026-05-10T02:05:05] Telemetry property VS.SetupEngine.EngineVersion : 4.5.35.35368
[14c0:002a][2026-05-10T02:05:05] Compatible ProductCode '{F73D5EBA-D2A0-9F65-ADA6-2CCFDF44EA70}' found for package 'Microsoft.Windows.UniversalCRT.Tools.Msi,version=10.0.26624,chip=x64'
[14c0:002a][2026-05-10T02:05:05] Package Microsoft.Windows.UniversalCRT.Msu.7 is not applicable: The current OS Version '10.0.26200.0' is not in the supported version range '[6.1,6.2)'.
[14c0:002a][2026-05-10T02:05:05] Package Microsoft.Windows.UniversalCRT.Msu.8 is not applicable: The current OS Version '10.0.26200.0' is not in the supported version range '[6.2,6.3)'.
[14c0:002a][2026-05-10T02:05:05] Package Microsoft.Windows.UniversalCRT.Msu.81 is not applicable: The current OS Version '10.0.26200.0' is not in the supported version range '[6.3,6.4)'.
[14c0:002a][2026-05-10T02:05:05] Package Microsoft.VisualStudio.Debugger.DbgHelp.Win8 is not applicable: The current OS Version '10.0.26200.0' is not in the supported version range '[6.1,6.3]'.
[14c0:002a][2026-05-10T02:05:05] Package Microsoft.VisualStudio.Debugger.Remote.DbgHelp.Win8 is not applicable: The current OS Version '10.0.26200.0' is not in the supported version range '[6.1,6.3]'.
[14c0:002a][2026-05-10T02:05:05] Package Microsoft.VisualStudio.Debugger.Remote.DbgHelp.Win8 is not applicable: The current OS Version '10.0.26200.0' is not in the supported version range '[6.1,6.3]'.
[14c0:002a][2026-05-10T02:05:05] Compatible ProductCode '{F73D5EBA-D2A0-9F65-ADA6-2CCFDF44EA70}' found for package 'Microsoft.Windows.UniversalCRT.Tools.Msi,version=10.0.26624,chip=x64'
[14c0:002a][2026-05-10T02:05:05] Package Microsoft.Net.4.8.FullRedist.20H2 is not applicable: The current OS Version '10.0.26200.0' is not in the supported version range '[10.0.19042,10.0.22000]'.
[14c0:002a][2026-05-10T02:05:05] Package Microsoft.Net.4.8.FullRedist is not applicable: The current OS Version '10.0.26200.0' is not in the supported version range '[6.1.1,10.0.17763]'.
[14c0:002a][2026-05-10T02:05:05] Package Microsoft.Net.4.8.KB5003306 is not applicable: The current OS Version '10.0.26200.0' is not in the supported version range '[10.0.18362,10.0.18363]'.
[14c0:002a][2026-05-10T02:05:05] Package Microsoft.Net.4.8.KB5003304 is not applicable: The current OS Version '10.0.26200.0' is not in the supported version range '[10.0.19041,10.0.19042)'.
[14c0:002a][2026-05-10T02:05:05] Package Microsoft.Net.4.8.1.FullRedist is not applicable: The current OS Version '10.0.26200.0' is not in the supported version range '[10.0.19042,10.0.22000]'.
[14c0:002a][2026-05-10T02:05:05] Package Microsoft.VisualStudio.NuGet.PowershellBindingRedirect is not applicable: The current OS Version '10.0.26200.0' is not in the supported version range '[6.1,6.2)'.
[14c0:002a][2026-05-10T02:05:05] Package Microsoft.Windows.UniversalCRT.Msu.7 is not applicable: The current OS Version '10.0.26200.0' is not in the supported version range '[6.1,6.2)'.
[14c0:002a][2026-05-10T02:05:05] Package Microsoft.Windows.UniversalCRT.Msu.8 is not applicable: The current OS Version '10.0.26200.0' is not in the supported version range '[6.2,6.3)'.
[14c0:002a][2026-05-10T02:05:05] Package Microsoft.Windows.UniversalCRT.Msu.81 is not applicable: The current OS Version '10.0.26200.0' is not in the supported version range '[6.3,6.4)'.
[14c0:002a][2026-05-10T02:05:05] Package Microsoft.VisualStudio.Debugger.DbgHelp.Win8 is not applicable: The current OS Version '10.0.26200.0' is not in the supported version range '[6.1,6.3]'.
[14c0:002a][2026-05-10T02:05:05] Package Microsoft.VisualStudio.Debugger.Remote.DbgHelp.Win8 is not applicable: The current OS Version '10.0.26200.0' is not in the supported version range '[6.1,6.3]'.
[14c0:002a][2026-05-10T02:05:05] Package Microsoft.VisualStudio.Debugger.Remote.DbgHelp.Win8 is not applicable: The current OS Version '10.0.26200.0' is not in the supported version range '[6.1,6.3]'.
[14c0:002a][2026-05-10T02:05:05] Compatible ProductCode '{F73D5EBA-D2A0-9F65-ADA6-2CCFDF44EA70}' found for package 'Microsoft.Windows.UniversalCRT.Tools.Msi,version=10.0.26624,chip=x64'
[14c0:002a][2026-05-10T02:05:05] Package Microsoft.Net.4.8.FullRedist.20H2 is not applicable: The current OS Version '10.0.26200.0' is not in the supported version range '[10.0.19042,10.0.22000]'.
[14c0:002a][2026-05-10T02:05:05] Package Microsoft.Net.4.8.FullRedist is not applicable: The current OS Version '10.0.26200.0' is not in the supported version range '[6.1.1,10.0.17763]'.
[14c0:002a][2026-05-10T02:05:05] Package Microsoft.Net.4.8.KB5003306 is not applicable: The current OS Version '10.0.26200.0' is not in the supported version range '[10.0.18362,10.0.18363]'.
[14c0:002a][2026-05-10T02:05:05] Package Microsoft.Net.4.8.KB5003304 is not applicable: The current OS Version '10.0.26200.0' is not in the supported version range '[10.0.19041,10.0.19042)'.
[14c0:002a][2026-05-10T02:05:05] Package Microsoft.Net.4.8.1.FullRedist is not applicable: The current OS Version '10.0.26200.0' is not in the supported version range '[10.0.19042,10.0.22000]'.
[14c0:002a][2026-05-10T02:05:05] Package Microsoft.VisualStudio.NuGet.PowershellBindingRedirect is not applicable: The current OS Version '10.0.26200.0' is not in the supported version range '[6.1,6.2)'.
[14c0:002a][2026-05-10T02:05:05] Warning: No previous catalog found at 'C:\ProgramData\Microsoft\VisualStudio\Packages\_Instances\0240ddbe\catalog.previous.json'
[14c0:002a][2026-05-10T02:05:05] Shutting down the application with exit code 0
[14c0:0001][2026-05-10T02:05:05] Releasing singleton lock.
[14c0:0001][2026-05-10T02:05:05] Releasing singleton lock succeed.
[14c0:0001][2026-05-10T02:05:05] Releasing singleton lock.
[14c0:0001][2026-05-10T02:05:05] Singleton lock does not exist. Releasing singleton lock skipped.
[14c0:002d][2026-05-10T02:05:05] Warning: No previous catalog found at 'C:\ProgramData\Microsoft\VisualStudio\Packages\_Instances\0240ddbe\catalog.previous.json'
[14c0:002d][2026-05-10T02:05:05] Status changed to NoUpdate
[14c0:0022][2026-05-10T02:05:05] ManifestVerifier Result: Success
[14c0:0001][2026-05-10T02:05:05] ManifestVerifier Result: Success
[14c0:0001][2026-05-10T02:05:05] Closing the installer with exit code 0
[14c0:0001][2026-05-10T02:05:05] Exit Code: 0
[14c0:0001][2026-05-10T02:05:05] Cleared previous session ID.
[14c0:0001][2026-05-10T02:05:05] Trying to remove channel manifest: C:\Users\Werguru\AppData\Local\Microsoft\VisualStudio\Packages\_Channels\8a91a928\installChannelManifest.json
[14c0:0001][2026-05-10T02:05:05] Trying to remove product manifest: C:\Users\Werguru\AppData\Local\Microsoft\VisualStudio\Packages\_Channels\8a91a928\install_catalog.json
[14c0:0001][2026-05-10T02:05:05] ManifestVerifier Result: Success
[14c0:0001][2026-05-10T02:05:05] ManifestVerifier Result: Success
