[c9c4:0009][2026-05-10T01:01:58] Opening the package for processing
[c9c4:0009][2026-05-10T01:01:58] Using package payload to get the embedded manifest
[c9c4:0009][2026-05-10T01:01:58] Getting list of files within the package
[c9c4:0009][2026-05-10T01:01:58] Processing file /Contents/Common7/IDE/Remote%20Debugger/x86/iisresolver.dll
[c9c4:0009][2026-05-10T01:01:58] Started: Copying file /Contents/Common7/IDE/Remote%20Debugger/x86/iisresolver.dll to D:\Program Files (x86)\Microsoft Visual Studio\2022\BuildTools\Common7\IDE\Remote Debugger\x86\iisresolver.dll
[c9c4:0009][2026-05-10T01:01:58] Completed: Copying file /Contents/Common7/IDE/Remote%20Debugger/x86/iisresolver.dll to D:\Program Files (x86)\Microsoft Visual Studio\2022\BuildTools\Common7\IDE\Remote Debugger\x86\iisresolver.dll
[c9c4:0009][2026-05-10T01:01:58] Timestamp updated for file 'D:\Program Files (x86)\Microsoft Visual Studio\2022\BuildTools\Common7\IDE\Remote Debugger\x86\iisresolver.dll'.
[c9c4:0009][2026-05-10T01:01:58] Processing file /Contents/Common7/IDE/Remote%20Debugger/x86/MemoryAnalyzer.Extensions.dll
[c9c4:0009][2026-05-10T01:01:58] Started: Copying file /Contents/Common7/IDE/Remote%20Debugger/x86/MemoryAnalyzer.Extensions.dll to D:\Program Files (x86)\Microsoft Visual Studio\2022\BuildTools\Common7\IDE\Remote Debugger\x86\MemoryAnalyzer.Extensions.dll
[c9c4:0009][2026-05-10T01:01:58] Completed: Copying file /Contents/Common7/IDE/Remote%20Debugger/x86/MemoryAnalyzer.Extensions.dll to D:\Program Files (x86)\Microsoft Visual Studio\2022\BuildTools\Common7\IDE\Remote Debugger\x86\MemoryAnalyzer.Extensions.dll
[c9c4:0009][2026-05-10T01:01:58] Timestamp updated for file 'D:\Program Files (x86)\Microsoft Visual Studio\2022\BuildTools\Common7\IDE\Remote Debugger\x86\MemoryAnalyzer.Extensions.dll'.
[c9c4:0009][2026-05-10T01:01:58] Processing file /Contents/Common7/IDE/Remote%20Debugger/x86/Microsoft.VisualStudio.Debugger.Engine.dll
[c9c4:0009][2026-05-10T01:01:58] Started: Copying file /Contents/Common7/IDE/Remote%20Debugger/x86/Microsoft.VisualStudio.Debugger.Engine.dll to D:\Program Files (x86)\Microsoft Visual Studio\2022\BuildTools\Common7\IDE\Remote Debugger\x86\Microsoft.VisualStudio.Debugger.Engine.dll
[c9c4:0009][2026-05-10T01:01:58] Completed: Copying file /Contents/Common7/IDE/Remote%20Debugger/x86/Microsoft.VisualStudio.Debugger.Engine.dll to D:\Program Files (x86)\Microsoft Visual Studio\2022\BuildTools\Common7\IDE\Remote Debugger\x86\Microsoft.VisualStudio.Debugger.Engine.dll
[c9c4:0009][2026-05-10T01:01:58] Timestamp updated for file 'D:\Program Files (x86)\Microsoft Visual Studio\2022\BuildTools\Common7\IDE\Remote Debugger\x86\Microsoft.VisualStudio.Debugger.Engine.dll'.
[c9c4:0009][2026-05-10T01:01:58] Processing file /Contents/Common7/IDE/Remote%20Debugger/x86/Microsoft.VisualStudio.Debugger.Metadata.dll
[c9c4:0009][2026-05-10T01:01:58] Started: Copying file /Contents/Common7/IDE/Remote%20Debugger/x86/Microsoft.VisualStudio.Debugger.Metadata.dll to D:\Program Files (x86)\Microsoft Visual Studio\2022\BuildTools\Common7\IDE\Remote Debugger\x86\Microsoft.VisualStudio.Debugger.Metadata.dll
[c9c4:0009][2026-05-10T01:01:58] Completed: Copying file /Contents/Common7/IDE/Remote%20Debugger/x86/Microsoft.VisualStudio.Debugger.Metadata.dll to D:\Program Files (x86)\Microsoft Visual Studio\2022\BuildTools\Common7\IDE\Remote Debugger\x86\Microsoft.VisualStudio.Debugger.Metadata.dll
[c9c4:0009][2026-05-10T01:01:58] Timestamp updated for file 'D:\Program Files (x86)\Microsoft Visual Studio\2022\BuildTools\Common7\IDE\Remote Debugger\x86\Microsoft.VisualStudio.Debugger.Metadata.dll'.
[c9c4:0009][2026-05-10T01:01:58] Processing file /Contents/Common7/IDE/Remote%20Debugger/x86/Microsoft.VisualStudio.vil.dll
[c9c4:0009][2026-05-10T01:01:58] Started: Copying file /Contents/Common7/IDE/Remote%20Debugger/x86/Microsoft.VisualStudio.vil.dll to D:\Program Files (x86)\Microsoft Visual Studio\2022\BuildTools\Common7\IDE\Remote Debugger\x86\Microsoft.VisualStudio.vil.dll
[c9c4:0009][2026-05-10T01:01:58] Completed: Copying file /Contents/Common7/IDE/Remote%20Debugger/x86/Microsoft.VisualStudio.vil.dll to D:\Program Files (x86)\Microsoft Visual Studio\2022\BuildTools\Common7\IDE\Remote Debugger\x86\Microsoft.VisualStudio.vil.dll
[c9c4:0009][2026-05-10T01:01:58] Timestamp updated for file 'D:\Program Files (x86)\Microsoft Visual Studio\2022\BuildTools\Common7\IDE\Remote Debugger\x86\Microsoft.VisualStudio.vil.dll'.
[c9c4:0009][2026-05-10T01:01:58] Processing file /Contents/Common7/IDE/Remote%20Debugger/x86/Microsoft.VisualStudio.vil.host.dll
[c9c4:0009][2026-05-10T01:01:58] Started: Copying file /Contents/Common7/IDE/Remote%20Debugger/x86/Microsoft.VisualStudio.vil.host.dll to D:\Program Files (x86)\Microsoft Visual Studio\2022\BuildTools\Common7\IDE\Remote Debugger\x86\Microsoft.VisualStudio.vil.host.dll
[c9c4:0009][2026-05-10T01:01:58] Completed: Copying file /Contents/Common7/IDE/Remote%20Debugger/x86/Microsoft.VisualStudio.vil.host.dll to D:\Program Files (x86)\Microsoft Visual Studio\2022\BuildTools\Common7\IDE\Remote Debugger\x86\Microsoft.VisualStudio.vil.host.dll
[c9c4:0009][2026-05-10T01:01:58] Timestamp updated for file 'D:\Program Files (x86)\Microsoft Visual Studio\2022\BuildTools\Common7\IDE\Remote Debugger\x86\Microsoft.VisualStudio.vil.host.dll'.
[c9c4:0009][2026-05-10T01:01:58] Processing file /Contents/Common7/IDE/Remote%20Debugger/x86/Runtime/Microsoft.VisualStudio.Debugger.Runtime.Desktop.dll
[c9c4:0009][2026-05-10T01:01:58] Started: Copying file /Contents/Common7/IDE/Remote%20Debugger/x86/Runtime/Microsoft.VisualStudio.Debugger.Runtime.Desktop.dll to D:\Program Files (x86)\Microsoft Visual Studio\2022\BuildTools\Common7\IDE\Remote Debugger\x86\Runtime\Microsoft.VisualStudio.Debugger.Runtime.Desktop.dll
[c9c4:0009][2026-05-10T01:01:58] Completed: Copying file /Contents/Common7/IDE/Remote%20Debugger/x86/Runtime/Microsoft.VisualStudio.Debugger.Runtime.Desktop.dll to D:\Program Files (x86)\Microsoft Visual Studio\2022\BuildTools\Common7\IDE\Remote Debugger\x86\Runtime\Microsoft.VisualStudio.Debugger.Runtime.Desktop.dll
[c9c4:0009][2026-05-10T01:01:58] Timestamp updated for file 'D:\Program Files (x86)\Microsoft Visual Studio\2022\BuildTools\Common7\IDE\Remote Debugger\x86\Runtime\Microsoft.VisualStudio.Debugger.Runtime.Desktop.dll'.
[c9c4:0009][2026-05-10T01:01:58] Processing file /Contents/Common7/IDE/Remote%20Debugger/x86/Runtime/Microsoft.VisualStudio.Debugger.Runtime.Impl.dll
[c9c4:0009][2026-05-10T01:01:58] Started: Copying file /Contents/Common7/IDE/Remote%20Debugger/x86/Runtime/Microsoft.VisualStudio.Debugger.Runtime.Impl.dll to D:\Program Files (x86)\Microsoft Visual Studio\2022\BuildTools\Common7\IDE\Remote Debugger\x86\Runtime\Microsoft.VisualStudio.Debugger.Runtime.Impl.dll
[c9c4:0009][2026-05-10T01:01:58] Completed: Copying file /Contents/Common7/IDE/Remote%20Debugger/x86/Runtime/Microsoft.VisualStudio.Debugger.Runtime.Impl.dll to D:\Program Files (x86)\Microsoft Visual Studio\2022\BuildTools\Common7\IDE\Remote Debugger\x86\Runtime\Microsoft.VisualStudio.Debugger.Runtime.Impl.dll
[c9c4:0009][2026-05-10T01:01:58] Timestamp updated for file 'D:\Program Files (x86)\Microsoft Visual Studio\2022\BuildTools\Common7\IDE\Remote Debugger\x86\Runtime\Microsoft.VisualStudio.Debugger.Runtime.Impl.dll'.
[c9c4:0009][2026-05-10T01:01:58] Processing file /Contents/Common7/IDE/Remote%20Debugger/x86/Runtime/Microsoft.VisualStudio.Debugger.Runtime.NetCoreApp.dll
[c9c4:0009][2026-05-10T01:01:58] Started: Copying file /Contents/Common7/IDE/Remote%20Debugger/x86/Runtime/Microsoft.VisualStudio.Debugger.Runtime.NetCoreApp.dll to D:\Program Files (x86)\Microsoft Visual Studio\2022\BuildTools\Common7\IDE\Remote Debugger\x86\Runtime\Microsoft.VisualStudio.Debugger.Runtime.NetCoreApp.dll
[c9c4:0009][2026-05-10T01:01:58] Completed: Copying file /Contents/Common7/IDE/Remote%20Debugger/x86/Runtime/Microsoft.VisualStudio.Debugger.Runtime.NetCoreApp.dll to D:\Program Files (x86)\Microsoft Visual Studio\2022\BuildTools\Common7\IDE\Remote Debugger\x86\Runtime\Microsoft.VisualStudio.Debugger.Runtime.NetCoreApp.dll
[c9c4:0009][2026-05-10T01:01:58] Timestamp updated for file 'D:\Program Files (x86)\Microsoft Visual Studio\2022\BuildTools\Common7\IDE\Remote Debugger\x86\Runtime\Microsoft.VisualStudio.Debugger.Runtime.NetCoreApp.dll'.
[c9c4:0009][2026-05-10T01:01:58] Processing file /Contents/Common7/IDE/Remote%20Debugger/x86/vsdebugeng.dll
[c9c4:0009][2026-05-10T01:01:58] Started: Copying file /Contents/Common7/IDE/Remote%20Debugger/x86/vsdebugeng.dll to D:\Program Files (x86)\Microsoft Visual Studio\2022\BuildTools\Common7\IDE\Remote Debugger\x86\vsdebugeng.dll
[c9c4:0009][2026-05-10T01:01:58] Completed: Copying file /Contents/Common7/IDE/Remote%20Debugger/x86/vsdebugeng.dll to D:\Program Files (x86)\Microsoft Visual Studio\2022\BuildTools\Common7\IDE\Remote Debugger\x86\vsdebugeng.dll
[c9c4:0009][2026-05-10T01:01:58] Timestamp updated for file 'D:\Program Files (x86)\Microsoft Visual Studio\2022\BuildTools\Common7\IDE\Remote Debugger\x86\vsdebugeng.dll'.
[c9c4:0009][2026-05-10T01:01:58] Processing file /Contents/Common7/IDE/Remote%20Debugger/x86/vsdebugeng.impl.dll
[c9c4:0009][2026-05-10T01:01:58] Started: Copying file /Contents/Common7/IDE/Remote%20Debugger/x86/vsdebugeng.impl.dll to D:\Program Files (x86)\Microsoft Visual Studio\2022\BuildTools\Common7\IDE\Remote Debugger\x86\vsdebugeng.impl.dll
[c9c4:0009][2026-05-10T01:01:58] Completed: Copying file /Contents/Common7/IDE/Remote%20Debugger/x86/vsdebugeng.impl.dll to D:\Program Files (x86)\Microsoft Visual Studio\2022\BuildTools\Common7\IDE\Remote Debugger\x86\vsdebugeng.impl.dll
[c9c4:0009][2026-05-10T01:01:58] Timestamp updated for file 'D:\Program Files (x86)\Microsoft Visual Studio\2022\BuildTools\Common7\IDE\Remote Debugger\x86\vsdebugeng.impl.dll'.
[c9c4:0009][2026-05-10T01:01:58] Processing file /Contents/Common7/IDE/Remote%20Debugger/x86/vsdebugeng.manimpl.45.dll
[c9c4:0009][2026-05-10T01:01:58] Started: Copying file /Contents/Common7/IDE/Remote%20Debugger/x86/vsdebugeng.manimpl.45.dll to D:\Program Files (x86)\Microsoft Visual Studio\2022\BuildTools\Common7\IDE\Remote Debugger\x86\vsdebugeng.manimpl.45.dll
[c9c4:0009][2026-05-10T01:01:58] Completed: Copying file /Contents/Common7/IDE/Remote%20Debugger/x86/vsdebugeng.manimpl.45.dll to D:\Program Files (x86)\Microsoft Visual Studio\2022\BuildTools\Common7\IDE\Remote Debugger\x86\vsdebugeng.manimpl.45.dll
[c9c4:0009][2026-05-10T01:01:58] Timestamp updated for file 'D:\Program Files (x86)\Microsoft Visual Studio\2022\BuildTools\Common7\IDE\Remote Debugger\x86\vsdebugeng.manimpl.45.dll'.
[c9c4:0009][2026-05-10T01:01:58] Processing file /Contents/Common7/IDE/Remote%20Debugger/x86/vsdebugeng.manimpl.dll
[c9c4:0009][2026-05-10T01:01:58] Started: Copying file /Contents/Common7/IDE/Remote%20Debugger/x86/vsdebugeng.manimpl.dll to D:\Program Files (x86)\Microsoft Visual Studio\2022\BuildTools\Common7\IDE\Remote Debugger\x86\vsdebugeng.manimpl.dll
[c9c4:0009][2026-05-10T01:01:58] Completed: Copying file /Contents/Common7/IDE/Remote%20Debugger/x86/vsdebugeng.manimpl.dll to D:\Program Files (x86)\Microsoft Visual Studio\2022\BuildTools\Common7\IDE\Remote Debugger\x86\vsdebugeng.manimpl.dll
[c9c4:0009][2026-05-10T01:01:58] Timestamp updated for file 'D:\Program Files (x86)\Microsoft Visual Studio\2022\BuildTools\Common7\IDE\Remote Debugger\x86\vsdebugeng.manimpl.dll'.
[c9c4:0009][2026-05-10T01:01:58] Processing file /Contents/Common7/IDE/Remote%20Debugger/x86/VsDebugLaunchNotify.exe
[c9c4:0009][2026-05-10T01:01:58] Started: Copying file /Contents/Common7/IDE/Remote%20Debugger/x86/VsDebugLaunchNotify.exe to D:\Program Files (x86)\Microsoft Visual Studio\2022\BuildTools\Common7\IDE\Remote Debugger\x86\VsDebugLaunchNotify.exe
[c9c4:0009][2026-05-10T01:01:58] Completed: Copying file /Contents/Common7/IDE/Remote%20Debugger/x86/VsDebugLaunchNotify.exe to D:\Program Files (x86)\Microsoft Visual Studio\2022\BuildTools\Common7\IDE\Remote Debugger\x86\VsDebugLaunchNotify.exe
[c9c4:0009][2026-05-10T01:01:58] Timestamp updated for file 'D:\Program Files (x86)\Microsoft Visual Studio\2022\BuildTools\Common7\IDE\Remote Debugger\x86\VsDebugLaunchNotify.exe'.
[c9c4:0009][2026-05-10T01:01:58] Processing file /Contents/Common7/IDE/Remote%20Debugger/x86/VsDebugWERHelper.exe
[c9c4:0009][2026-05-10T01:01:58] Started: Copying file /Contents/Common7/IDE/Remote%20Debugger/x86/VsDebugWERHelper.exe to D:\Program Files (x86)\Microsoft Visual Studio\2022\BuildTools\Common7\IDE\Remote Debugger\x86\VsDebugWERHelper.exe
[c9c4:0009][2026-05-10T01:01:58] Completed: Copying file /Contents/Common7/IDE/Remote%20Debugger/x86/VsDebugWERHelper.exe to D:\Program Files (x86)\Microsoft Visual Studio\2022\BuildTools\Common7\IDE\Remote Debugger\x86\VsDebugWERHelper.exe
[c9c4:0009][2026-05-10T01:01:58] Timestamp updated for file 'D:\Program Files (x86)\Microsoft Visual Studio\2022\BuildTools\Common7\IDE\Remote Debugger\x86\VsDebugWERHelper.exe'.
[c9c4:0009][2026-05-10T01:01:58] Package executed successfully. Return code: 0
