[18d4:0007][2026-05-10T02:03:24] Opening the package for processing
[18d4:0007][2026-05-10T02:03:24] Using package payload to get the embedded manifest
[18d4:0007][2026-05-10T02:03:24] Getting list of files within the package
[18d4:0007][2026-05-10T02:03:24] Processing file /Contents/MSBuild/Current/Bin/SdkResolvers/Microsoft.VC.VcpkgSdkResolver/Microsoft.VC.VcpkgSdkResolver.dll
[18d4:0007][2026-05-10T02:03:24] Started: Copying file /Contents/MSBuild/Current/Bin/SdkResolvers/Microsoft.VC.VcpkgSdkResolver/Microsoft.VC.VcpkgSdkResolver.dll to D:\Program Files (x86)\Microsoft Visual Studio\2022\BuildTools\MSBuild\Current\Bin\SdkResolvers\Microsoft.VC.VcpkgSdkResolver\Microsoft.VC.VcpkgSdkResolver.dll
[18d4:0007][2026-05-10T02:03:24] Completed: Copying file /Contents/MSBuild/Current/Bin/SdkResolvers/Microsoft.VC.VcpkgSdkResolver/Microsoft.VC.VcpkgSdkResolver.dll to D:\Program Files (x86)\Microsoft Visual Studio\2022\BuildTools\MSBuild\Current\Bin\SdkResolvers\Microsoft.VC.VcpkgSdkResolver\Microsoft.VC.VcpkgSdkResolver.dll
[18d4:0007][2026-05-10T02:03:24] Timestamp updated for file 'D:\Program Files (x86)\Microsoft Visual Studio\2022\BuildTools\MSBuild\Current\Bin\SdkResolvers\Microsoft.VC.VcpkgSdkResolver\Microsoft.VC.VcpkgSdkResolver.dll'.
[18d4:0007][2026-05-10T02:03:24] Processing file /Contents/MSBuild/Current/Bin/SdkResolvers/Microsoft.VC.VcpkgSdkResolver/Microsoft.VC.VcpkgSdkResolver.xml
[18d4:0007][2026-05-10T02:03:24] Started: Copying file /Contents/MSBuild/Current/Bin/SdkResolvers/Microsoft.VC.VcpkgSdkResolver/Microsoft.VC.VcpkgSdkResolver.xml to D:\Program Files (x86)\Microsoft Visual Studio\2022\BuildTools\MSBuild\Current\Bin\SdkResolvers\Microsoft.VC.VcpkgSdkResolver\Microsoft.VC.VcpkgSdkResolver.xml
[18d4:0007][2026-05-10T02:03:24] Completed: Copying file /Contents/MSBuild/Current/Bin/SdkResolvers/Microsoft.VC.VcpkgSdkResolver/Microsoft.VC.VcpkgSdkResolver.xml to D:\Program Files (x86)\Microsoft Visual Studio\2022\BuildTools\MSBuild\Current\Bin\SdkResolvers\Microsoft.VC.VcpkgSdkResolver\Microsoft.VC.VcpkgSdkResolver.xml
[18d4:0007][2026-05-10T02:03:24] Timestamp updated for file 'D:\Program Files (x86)\Microsoft Visual Studio\2022\BuildTools\MSBuild\Current\Bin\SdkResolvers\Microsoft.VC.VcpkgSdkResolver\Microsoft.VC.VcpkgSdkResolver.xml'.
[18d4:0007][2026-05-10T02:03:24] Processing file /Contents/Msbuild/Microsoft/VC/v170/BuildCustomizations/ImageContentTask.props
[18d4:0007][2026-05-10T02:03:24] Started: Copying file /Contents/Msbuild/Microsoft/VC/v170/BuildCustomizations/ImageContentTask.props to D:\Program Files (x86)\Microsoft Visual Studio\2022\BuildTools\Msbuild\Microsoft\VC\v170\BuildCustomizations\ImageContentTask.props
[18d4:0007][2026-05-10T02:03:24] Completed: Copying file /Contents/Msbuild/Microsoft/VC/v170/BuildCustomizations/ImageContentTask.props to D:\Program Files (x86)\Microsoft Visual Studio\2022\BuildTools\Msbuild\Microsoft\VC\v170\BuildCustomizations\ImageContentTask.props
[18d4:0007][2026-05-10T02:03:24] Timestamp updated for file 'D:\Program Files (x86)\Microsoft Visual Studio\2022\BuildTools\Msbuild\Microsoft\VC\v170\BuildCustomizations\ImageContentTask.props'.
[18d4:0007][2026-05-10T02:03:24] Processing file /Contents/Msbuild/Microsoft/VC/v170/BuildCustomizations/ImageContentTask.targets
[18d4:0007][2026-05-10T02:03:24] Started: Copying file /Contents/Msbuild/Microsoft/VC/v170/BuildCustomizations/ImageContentTask.targets to D:\Program Files (x86)\Microsoft Visual Studio\2022\BuildTools\Msbuild\Microsoft\VC\v170\BuildCustomizations\ImageContentTask.targets
[18d4:0007][2026-05-10T02:03:24] Completed: Copying file /Contents/Msbuild/Microsoft/VC/v170/BuildCustomizations/ImageContentTask.targets to D:\Program Files (x86)\Microsoft Visual Studio\2022\BuildTools\Msbuild\Microsoft\VC\v170\BuildCustomizations\ImageContentTask.targets
[18d4:0007][2026-05-10T02:03:24] Timestamp updated for file 'D:\Program Files (x86)\Microsoft Visual Studio\2022\BuildTools\Msbuild\Microsoft\VC\v170\BuildCustomizations\ImageContentTask.targets'.
[18d4:0007][2026-05-10T02:03:24] Processing file /Contents/Msbuild/Microsoft/VC/v170/BuildCustomizations/lc.props
[18d4:0007][2026-05-10T02:03:24] Started: Copying file /Contents/Msbuild/Microsoft/VC/v170/BuildCustomizations/lc.props to D:\Program Files (x86)\Microsoft Visual Studio\2022\BuildTools\Msbuild\Microsoft\VC\v170\BuildCustomizations\lc.props
[18d4:0007][2026-05-10T02:03:24] Completed: Copying file /Contents/Msbuild/Microsoft/VC/v170/BuildCustomizations/lc.props to D:\Program Files (x86)\Microsoft Visual Studio\2022\BuildTools\Msbuild\Microsoft\VC\v170\BuildCustomizations\lc.props
[18d4:0007][2026-05-10T02:03:24] Timestamp updated for file 'D:\Program Files (x86)\Microsoft Visual Studio\2022\BuildTools\Msbuild\Microsoft\VC\v170\BuildCustomizations\lc.props'.
[18d4:0007][2026-05-10T02:03:24] Processing file /Contents/Msbuild/Microsoft/VC/v170/BuildCustomizations/lc.targets
[18d4:0007][2026-05-10T02:03:24] Started: Copying file /Contents/Msbuild/Microsoft/VC/v170/BuildCustomizations/lc.targets to D:\Program Files (x86)\Microsoft Visual Studio\2022\BuildTools\Msbuild\Microsoft\VC\v170\BuildCustomizations\lc.targets
[18d4:0007][2026-05-10T02:03:24] Completed: Copying file /Contents/Msbuild/Microsoft/VC/v170/BuildCustomizations/lc.targets to D:\Program Files (x86)\Microsoft Visual Studio\2022\BuildTools\Msbuild\Microsoft\VC\v170\BuildCustomizations\lc.targets
[18d4:0007][2026-05-10T02:03:24] Timestamp updated for file 'D:\Program Files (x86)\Microsoft Visual Studio\2022\BuildTools\Msbuild\Microsoft\VC\v170\BuildCustomizations\lc.targets'.
[18d4:0007][2026-05-10T02:03:24] Processing file /Contents/Msbuild/Microsoft/VC/v170/BuildCustomizations/lc.xml
[18d4:0007][2026-05-10T02:03:24] Started: Copying file /Contents/Msbuild/Microsoft/VC/v170/BuildCustomizations/lc.xml to D:\Program Files (x86)\Microsoft Visual Studio\2022\BuildTools\Msbuild\Microsoft\VC\v170\BuildCustomizations\lc.xml
[18d4:0007][2026-05-10T02:03:24] Completed: Copying file /Contents/Msbuild/Microsoft/VC/v170/BuildCustomizations/lc.xml to D:\Program Files (x86)\Microsoft Visual Studio\2022\BuildTools\Msbuild\Microsoft\VC\v170\BuildCustomizations\lc.xml
[18d4:0007][2026-05-10T02:03:24] Timestamp updated for file 'D:\Program Files (x86)\Microsoft Visual Studio\2022\BuildTools\Msbuild\Microsoft\VC\v170\BuildCustomizations\lc.xml'.
[18d4:0007][2026-05-10T02:03:24] Processing file /Contents/Msbuild/Microsoft/VC/v170/BuildCustomizations/marmasm.props
[18d4:0007][2026-05-10T02:03:24] Started: Copying file /Contents/Msbuild/Microsoft/VC/v170/BuildCustomizations/marmasm.props to D:\Program Files (x86)\Microsoft Visual Studio\2022\BuildTools\Msbuild\Microsoft\VC\v170\BuildCustomizations\marmasm.props
[18d4:0007][2026-05-10T02:03:24] Completed: Copying file /Contents/Msbuild/Microsoft/VC/v170/BuildCustomizations/marmasm.props to D:\Program Files (x86)\Microsoft Visual Studio\2022\BuildTools\Msbuild\Microsoft\VC\v170\BuildCustomizations\marmasm.props
[18d4:0007][2026-05-10T02:03:24] Timestamp updated for file 'D:\Program Files (x86)\Microsoft Visual Studio\2022\BuildTools\Msbuild\Microsoft\VC\v170\BuildCustomizations\marmasm.props'.
[18d4:0007][2026-05-10T02:03:24] Processing file /Contents/Msbuild/Microsoft/VC/v170/BuildCustomizations/marmasm.targets
[18d4:0007][2026-05-10T02:03:24] Started: Copying file /Contents/Msbuild/Microsoft/VC/v170/BuildCustomizations/marmasm.targets to D:\Program Files (x86)\Microsoft Visual Studio\2022\BuildTools\Msbuild\Microsoft\VC\v170\BuildCustomizations\marmasm.targets
[18d4:0007][2026-05-10T02:03:24] Completed: Copying file /Contents/Msbuild/Microsoft/VC/v170/BuildCustomizations/marmasm.targets to D:\Program Files (x86)\Microsoft Visual Studio\2022\BuildTools\Msbuild\Microsoft\VC\v170\BuildCustomizations\marmasm.targets
[18d4:0007][2026-05-10T02:03:24] Timestamp updated for file 'D:\Program Files (x86)\Microsoft Visual Studio\2022\BuildTools\Msbuild\Microsoft\VC\v170\BuildCustomizations\marmasm.targets'.
[18d4:0007][2026-05-10T02:03:24] Processing file /Contents/Msbuild/Microsoft/VC/v170/BuildCustomizations/marmasm.xml
[18d4:0007][2026-05-10T02:03:24] Started: Copying file /Contents/Msbuild/Microsoft/VC/v170/BuildCustomizations/marmasm.xml to D:\Program Files (x86)\Microsoft Visual Studio\2022\BuildTools\Msbuild\Microsoft\VC\v170\BuildCustomizations\marmasm.xml
[18d4:0007][2026-05-10T02:03:24] Completed: Copying file /Contents/Msbuild/Microsoft/VC/v170/BuildCustomizations/marmasm.xml to D:\Program Files (x86)\Microsoft Visual Studio\2022\BuildTools\Msbuild\Microsoft\VC\v170\BuildCustomizations\marmasm.xml
[18d4:0007][2026-05-10T02:03:24] Timestamp updated for file 'D:\Program Files (x86)\Microsoft Visual Studio\2022\BuildTools\Msbuild\Microsoft\VC\v170\BuildCustomizations\marmasm.xml'.
[18d4:0007][2026-05-10T02:03:24] Processing file /Contents/Msbuild/Microsoft/VC/v170/BuildCustomizations/masm.props
[18d4:0007][2026-05-10T02:03:24] Started: Copying file /Contents/Msbuild/Microsoft/VC/v170/BuildCustomizations/masm.props to D:\Program Files (x86)\Microsoft Visual Studio\2022\BuildTools\Msbuild\Microsoft\VC\v170\BuildCustomizations\masm.props
[18d4:0007][2026-05-10T02:03:24] Completed: Copying file /Contents/Msbuild/Microsoft/VC/v170/BuildCustomizations/masm.props to D:\Program Files (x86)\Microsoft Visual Studio\2022\BuildTools\Msbuild\Microsoft\VC\v170\BuildCustomizations\masm.props
[18d4:0007][2026-05-10T02:03:24] Timestamp updated for file 'D:\Program Files (x86)\Microsoft Visual Studio\2022\BuildTools\Msbuild\Microsoft\VC\v170\BuildCustomizations\masm.props'.
[18d4:0007][2026-05-10T02:03:24] Processing file /Contents/Msbuild/Microsoft/VC/v170/BuildCustomizations/masm.targets
[18d4:0007][2026-05-10T02:03:24] Started: Copying file /Contents/Msbuild/Microsoft/VC/v170/BuildCustomizations/masm.targets to D:\Program Files (x86)\Microsoft Visual Studio\2022\BuildTools\Msbuild\Microsoft\VC\v170\BuildCustomizations\masm.targets
[18d4:0007][2026-05-10T02:03:24] Completed: Copying file /Contents/Msbuild/Microsoft/VC/v170/BuildCustomizations/masm.targets to D:\Program Files (x86)\Microsoft Visual Studio\2022\BuildTools\Msbuild\Microsoft\VC\v170\BuildCustomizations\masm.targets
[18d4:0007][2026-05-10T02:03:24] Timestamp updated for file 'D:\Program Files (x86)\Microsoft Visual Studio\2022\BuildTools\Msbuild\Microsoft\VC\v170\BuildCustomizations\masm.targets'.
[18d4:0007][2026-05-10T02:03:24] Processing file /Contents/Msbuild/Microsoft/VC/v170/BuildCustomizations/masm.xml
[18d4:0007][2026-05-10T02:03:24] Started: Copying file /Contents/Msbuild/Microsoft/VC/v170/BuildCustomizations/masm.xml to D:\Program Files (x86)\Microsoft Visual Studio\2022\BuildTools\Msbuild\Microsoft\VC\v170\BuildCustomizations\masm.xml
[18d4:0007][2026-05-10T02:03:24] Completed: Copying file /Contents/Msbuild/Microsoft/VC/v170/BuildCustomizations/masm.xml to D:\Program Files (x86)\Microsoft Visual Studio\2022\BuildTools\Msbuild\Microsoft\VC\v170\BuildCustomizations\masm.xml
[18d4:0007][2026-05-10T02:03:24] Timestamp updated for file 'D:\Program Files (x86)\Microsoft Visual Studio\2022\BuildTools\Msbuild\Microsoft\VC\v170\BuildCustomizations\masm.xml'.
[18d4:0007][2026-05-10T02:03:24] Processing file /Contents/Msbuild/Microsoft/VC/v170/BuildCustomizations/MeshContentTask.props
[18d4:0007][2026-05-10T02:03:24] Started: Copying file /Contents/Msbuild/Microsoft/VC/v170/BuildCustomizations/MeshContentTask.props to D:\Program Files (x86)\Microsoft Visual Studio\2022\BuildTools\Msbuild\Microsoft\VC\v170\BuildCustomizations\MeshContentTask.props
[18d4:0007][2026-05-10T02:03:24] Completed: Copying file /Contents/Msbuild/Microsoft/VC/v170/BuildCustomizations/MeshContentTask.props to D:\Program Files (x86)\Microsoft Visual Studio\2022\BuildTools\Msbuild\Microsoft\VC\v170\BuildCustomizations\MeshContentTask.props
[18d4:0007][2026-05-10T02:03:24] Timestamp updated for file 'D:\Program Files (x86)\Microsoft Visual Studio\2022\BuildTools\Msbuild\Microsoft\VC\v170\BuildCustomizations\MeshContentTask.props'.
[18d4:0007][2026-05-10T02:03:24] Processing file /Contents/Msbuild/Microsoft/VC/v170/BuildCustomizations/MeshContentTask.targets
[18d4:0007][2026-05-10T02:03:24] Started: Copying file /Contents/Msbuild/Microsoft/VC/v170/BuildCustomizations/MeshContentTask.targets to D:\Program Files (x86)\Microsoft Visual Studio\2022\BuildTools\Msbuild\Microsoft\VC\v170\BuildCustomizations\MeshContentTask.targets
[18d4:0007][2026-05-10T02:03:24] Completed: Copying file /Contents/Msbuild/Microsoft/VC/v170/BuildCustomizations/MeshContentTask.targets to D:\Program Files (x86)\Microsoft Visual Studio\2022\BuildTools\Msbuild\Microsoft\VC\v170\BuildCustomizations\MeshContentTask.targets
[18d4:0007][2026-05-10T02:03:24] Timestamp updated for file 'D:\Program Files (x86)\Microsoft Visual Studio\2022\BuildTools\Msbuild\Microsoft\VC\v170\BuildCustomizations\MeshContentTask.targets'.
[18d4:0007][2026-05-10T02:03:24] Processing file /Contents/Msbuild/Microsoft/VC/v170/BuildCustomizations/ShaderGraphContentTask.props
[18d4:0007][2026-05-10T02:03:24] Started: Copying file /Contents/Msbuild/Microsoft/VC/v170/BuildCustomizations/ShaderGraphContentTask.props to D:\Program Files (x86)\Microsoft Visual Studio\2022\BuildTools\Msbuild\Microsoft\VC\v170\BuildCustomizations\ShaderGraphContentTask.props
[18d4:0007][2026-05-10T02:03:24] Completed: Copying file /Contents/Msbuild/Microsoft/VC/v170/BuildCustomizations/ShaderGraphContentTask.props to D:\Program Files (x86)\Microsoft Visual Studio\2022\BuildTools\Msbuild\Microsoft\VC\v170\BuildCustomizations\ShaderGraphContentTask.props
[18d4:0007][2026-05-10T02:03:24] Timestamp updated for file 'D:\Program Files (x86)\Microsoft Visual Studio\2022\BuildTools\Msbuild\Microsoft\VC\v170\BuildCustomizations\ShaderGraphContentTask.props'.
[18d4:0007][2026-05-10T02:03:24] Processing file /Contents/Msbuild/Microsoft/VC/v170/BuildCustomizations/ShaderGraphContentTask.targets
[18d4:0007][2026-05-10T02:03:24] Started: Copying file /Contents/Msbuild/Microsoft/VC/v170/BuildCustomizations/ShaderGraphContentTask.targets to D:\Program Files (x86)\Microsoft Visual Studio\2022\BuildTools\Msbuild\Microsoft\VC\v170\BuildCustomizations\ShaderGraphContentTask.targets
[18d4:0007][2026-05-10T02:03:24] Completed: Copying file /Contents/Msbuild/Microsoft/VC/v170/BuildCustomizations/ShaderGraphContentTask.targets to D:\Program Files (x86)\Microsoft Visual Studio\2022\BuildTools\Msbuild\Microsoft\VC\v170\BuildCustomizations\ShaderGraphContentTask.targets
[18d4:0007][2026-05-10T02:03:24] Timestamp updated for file 'D:\Program Files (x86)\Microsoft Visual Studio\2022\BuildTools\Msbuild\Microsoft\VC\v170\BuildCustomizations\ShaderGraphContentTask.targets'.
[18d4:0007][2026-05-10T02:03:24] Processing file /Contents/Msbuild/Microsoft/VC/v170/Microsoft.Build.CPPTasks.Common.Base.dll
[18d4:0007][2026-05-10T02:03:24] Started: Copying file /Contents/Msbuild/Microsoft/VC/v170/Microsoft.Build.CPPTasks.Common.Base.dll to D:\Program Files (x86)\Microsoft Visual Studio\2022\BuildTools\Msbuild\Microsoft\VC\v170\Microsoft.Build.CPPTasks.Common.Base.dll
[18d4:0007][2026-05-10T02:03:24] Completed: Copying file /Contents/Msbuild/Microsoft/VC/v170/Microsoft.Build.CPPTasks.Common.Base.dll to D:\Program Files (x86)\Microsoft Visual Studio\2022\BuildTools\Msbuild\Microsoft\VC\v170\Microsoft.Build.CPPTasks.Common.Base.dll
[18d4:0007][2026-05-10T02:03:24] Timestamp updated for file 'D:\Program Files (x86)\Microsoft Visual Studio\2022\BuildTools\Msbuild\Microsoft\VC\v170\Microsoft.Build.CPPTasks.Common.Base.dll'.
[18d4:0007][2026-05-10T02:03:24] Processing file /Contents/Msbuild/Microsoft/VC/v170/Microsoft.Build.CPPTasks.Common.dll
[18d4:0007][2026-05-10T02:03:24] Started: Copying file /Contents/Msbuild/Microsoft/VC/v170/Microsoft.Build.CPPTasks.Common.dll to D:\Program Files (x86)\Microsoft Visual Studio\2022\BuildTools\Msbuild\Microsoft\VC\v170\Microsoft.Build.CPPTasks.Common.dll
[18d4:0007][2026-05-10T02:03:24] Completed: Copying file /Contents/Msbuild/Microsoft/VC/v170/Microsoft.Build.CPPTasks.Common.dll to D:\Program Files (x86)\Microsoft Visual Studio\2022\BuildTools\Msbuild\Microsoft\VC\v170\Microsoft.Build.CPPTasks.Common.dll
[18d4:0007][2026-05-10T02:03:24] Timestamp updated for file 'D:\Program Files (x86)\Microsoft Visual Studio\2022\BuildTools\Msbuild\Microsoft\VC\v170\Microsoft.Build.CPPTasks.Common.dll'.
[18d4:0007][2026-05-10T02:03:24] Processing file /Contents/Msbuild/Microsoft/VC/v170/Microsoft.BuildSteps.targets
[18d4:0007][2026-05-10T02:03:24] Started: Copying file /Contents/Msbuild/Microsoft/VC/v170/Microsoft.BuildSteps.targets to D:\Program Files (x86)\Microsoft Visual Studio\2022\BuildTools\Msbuild\Microsoft\VC\v170\Microsoft.BuildSteps.targets
[18d4:0007][2026-05-10T02:03:24] Completed: Copying file /Contents/Msbuild/Microsoft/VC/v170/Microsoft.BuildSteps.targets to D:\Program Files (x86)\Microsoft Visual Studio\2022\BuildTools\Msbuild\Microsoft\VC\v170\Microsoft.BuildSteps.targets
[18d4:0007][2026-05-10T02:03:24] Timestamp updated for file 'D:\Program Files (x86)\Microsoft Visual Studio\2022\BuildTools\Msbuild\Microsoft\VC\v170\Microsoft.BuildSteps.targets'.
[18d4:0007][2026-05-10T02:03:24] Processing file /Contents/Msbuild/Microsoft/VC/v170/Microsoft.Cl.Common.props
[18d4:0007][2026-05-10T02:03:24] Started: Copying file /Contents/Msbuild/Microsoft/VC/v170/Microsoft.Cl.Common.props to D:\Program Files (x86)\Microsoft Visual Studio\2022\BuildTools\Msbuild\Microsoft\VC\v170\Microsoft.Cl.Common.props
[18d4:0007][2026-05-10T02:03:24] Completed: Copying file /Contents/Msbuild/Microsoft/VC/v170/Microsoft.Cl.Common.props to D:\Program Files (x86)\Microsoft Visual Studio\2022\BuildTools\Msbuild\Microsoft\VC\v170\Microsoft.Cl.Common.props
[18d4:0007][2026-05-10T02:03:24] Timestamp updated for file 'D:\Program Files (x86)\Microsoft Visual Studio\2022\BuildTools\Msbuild\Microsoft\VC\v170\Microsoft.Cl.Common.props'.
[18d4:0007][2026-05-10T02:03:24] Processing file /Contents/Msbuild/Microsoft/VC/v170/Microsoft.Cpp.Analysis.props
[18d4:0007][2026-05-10T02:03:24] Started: Copying file /Contents/Msbuild/Microsoft/VC/v170/Microsoft.Cpp.Analysis.props to D:\Program Files (x86)\Microsoft Visual Studio\2022\BuildTools\Msbuild\Microsoft\VC\v170\Microsoft.Cpp.Analysis.props
[18d4:0007][2026-05-10T02:03:24] Completed: Copying file /Contents/Msbuild/Microsoft/VC/v170/Microsoft.Cpp.Analysis.props to D:\Program Files (x86)\Microsoft Visual Studio\2022\BuildTools\Msbuild\Microsoft\VC\v170\Microsoft.Cpp.Analysis.props
[18d4:0007][2026-05-10T02:03:24] Timestamp updated for file 'D:\Program Files (x86)\Microsoft Visual Studio\2022\BuildTools\Msbuild\Microsoft\VC\v170\Microsoft.Cpp.Analysis.props'.
[18d4:0007][2026-05-10T02:03:24] Processing file /Contents/Msbuild/Microsoft/VC/v170/Microsoft.Cpp.Analysis.targets
[18d4:0007][2026-05-10T02:03:24] Started: Copying file /Contents/Msbuild/Microsoft/VC/v170/Microsoft.Cpp.Analysis.targets to D:\Program Files (x86)\Microsoft Visual Studio\2022\BuildTools\Msbuild\Microsoft\VC\v170\Microsoft.Cpp.Analysis.targets
[18d4:0007][2026-05-10T02:03:24] Completed: Copying file /Contents/Msbuild/Microsoft/VC/v170/Microsoft.Cpp.Analysis.targets to D:\Program Files (x86)\Microsoft Visual Studio\2022\BuildTools\Msbuild\Microsoft\VC\v170\Microsoft.Cpp.Analysis.targets
[18d4:0007][2026-05-10T02:03:24] Timestamp updated for file 'D:\Program Files (x86)\Microsoft Visual Studio\2022\BuildTools\Msbuild\Microsoft\VC\v170\Microsoft.Cpp.Analysis.targets'.
[18d4:0007][2026-05-10T02:03:24] Processing file /Contents/Msbuild/Microsoft/VC/v170/Microsoft.Cpp.AppContainerApplication.props
[18d4:0007][2026-05-10T02:03:24] Started: Copying file /Contents/Msbuild/Microsoft/VC/v170/Microsoft.Cpp.AppContainerApplication.props to D:\Program Files (x86)\Microsoft Visual Studio\2022\BuildTools\Msbuild\Microsoft\VC\v170\Microsoft.Cpp.AppContainerApplication.props
[18d4:0007][2026-05-10T02:03:24] Completed: Copying file /Contents/Msbuild/Microsoft/VC/v170/Microsoft.Cpp.AppContainerApplication.props to D:\Program Files (x86)\Microsoft Visual Studio\2022\BuildTools\Msbuild\Microsoft\VC\v170\Microsoft.Cpp.AppContainerApplication.props
[18d4:0007][2026-05-10T02:03:24] Timestamp updated for file 'D:\Program Files (x86)\Microsoft Visual Studio\2022\BuildTools\Msbuild\Microsoft\VC\v170\Microsoft.Cpp.AppContainerApplication.props'.
[18d4:0007][2026-05-10T02:03:24] Processing file /Contents/Msbuild/Microsoft/VC/v170/Microsoft.Cpp.Application.props
[18d4:0007][2026-05-10T02:03:24] Started: Copying file /Contents/Msbuild/Microsoft/VC/v170/Microsoft.Cpp.Application.props to D:\Program Files (x86)\Microsoft Visual Studio\2022\BuildTools\Msbuild\Microsoft\VC\v170\Microsoft.Cpp.Application.props
[18d4:0007][2026-05-10T02:03:24] Completed: Copying file /Contents/Msbuild/Microsoft/VC/v170/Microsoft.Cpp.Application.props to D:\Program Files (x86)\Microsoft Visual Studio\2022\BuildTools\Msbuild\Microsoft\VC\v170\Microsoft.Cpp.Application.props
[18d4:0007][2026-05-10T02:03:24] Timestamp updated for file 'D:\Program Files (x86)\Microsoft Visual Studio\2022\BuildTools\Msbuild\Microsoft\VC\v170\Microsoft.Cpp.Application.props'.
[18d4:0007][2026-05-10T02:03:24] Processing file /Contents/Msbuild/Microsoft/VC/v170/Microsoft.Cpp.BuildBsc.props
[18d4:0007][2026-05-10T02:03:24] Started: Copying file /Contents/Msbuild/Microsoft/VC/v170/Microsoft.Cpp.BuildBsc.props to D:\Program Files (x86)\Microsoft Visual Studio\2022\BuildTools\Msbuild\Microsoft\VC\v170\Microsoft.Cpp.BuildBsc.props
[18d4:0007][2026-05-10T02:03:24] Completed: Copying file /Contents/Msbuild/Microsoft/VC/v170/Microsoft.Cpp.BuildBsc.props to D:\Program Files (x86)\Microsoft Visual Studio\2022\BuildTools\Msbuild\Microsoft\VC\v170\Microsoft.Cpp.BuildBsc.props
[18d4:0007][2026-05-10T02:03:24] Timestamp updated for file 'D:\Program Files (x86)\Microsoft Visual Studio\2022\BuildTools\Msbuild\Microsoft\VC\v170\Microsoft.Cpp.BuildBsc.props'.
[18d4:0007][2026-05-10T02:03:24] Processing file /Contents/Msbuild/Microsoft/VC/v170/Microsoft.Cpp.BuildPass.targets
[18d4:0007][2026-05-10T02:03:24] Started: Copying file /Contents/Msbuild/Microsoft/VC/v170/Microsoft.Cpp.BuildPass.targets to D:\Program Files (x86)\Microsoft Visual Studio\2022\BuildTools\Msbuild\Microsoft\VC\v170\Microsoft.Cpp.BuildPass.targets
[18d4:0007][2026-05-10T02:03:24] Completed: Copying file /Contents/Msbuild/Microsoft/VC/v170/Microsoft.Cpp.BuildPass.targets to D:\Program Files (x86)\Microsoft Visual Studio\2022\BuildTools\Msbuild\Microsoft\VC\v170\Microsoft.Cpp.BuildPass.targets
[18d4:0007][2026-05-10T02:03:24] Timestamp updated for file 'D:\Program Files (x86)\Microsoft Visual Studio\2022\BuildTools\Msbuild\Microsoft\VC\v170\Microsoft.Cpp.BuildPass.targets'.
[18d4:0007][2026-05-10T02:03:24] Processing file /Contents/Msbuild/Microsoft/VC/v170/Microsoft.Cpp.Clang.props
[18d4:0007][2026-05-10T02:03:24] Started: Copying file /Contents/Msbuild/Microsoft/VC/v170/Microsoft.Cpp.Clang.props to D:\Program Files (x86)\Microsoft Visual Studio\2022\BuildTools\Msbuild\Microsoft\VC\v170\Microsoft.Cpp.Clang.props
[18d4:0007][2026-05-10T02:03:24] Completed: Copying file /Contents/Msbuild/Microsoft/VC/v170/Microsoft.Cpp.Clang.props to D:\Program Files (x86)\Microsoft Visual Studio\2022\BuildTools\Msbuild\Microsoft\VC\v170\Microsoft.Cpp.Clang.props
[18d4:0007][2026-05-10T02:03:24] Timestamp updated for file 'D:\Program Files (x86)\Microsoft Visual Studio\2022\BuildTools\Msbuild\Microsoft\VC\v170\Microsoft.Cpp.Clang.props'.
[18d4:0007][2026-05-10T02:03:24] Processing file /Contents/Msbuild/Microsoft/VC/v170/Microsoft.Cpp.Clang.targets
[18d4:0007][2026-05-10T02:03:24] Started: Copying file /Contents/Msbuild/Microsoft/VC/v170/Microsoft.Cpp.Clang.targets to D:\Program Files (x86)\Microsoft Visual Studio\2022\BuildTools\Msbuild\Microsoft\VC\v170\Microsoft.Cpp.Clang.targets
[18d4:0007][2026-05-10T02:03:24] Completed: Copying file /Contents/Msbuild/Microsoft/VC/v170/Microsoft.Cpp.Clang.targets to D:\Program Files (x86)\Microsoft Visual Studio\2022\BuildTools\Msbuild\Microsoft\VC\v170\Microsoft.Cpp.Clang.targets
[18d4:0007][2026-05-10T02:03:24] Timestamp updated for file 'D:\Program Files (x86)\Microsoft Visual Studio\2022\BuildTools\Msbuild\Microsoft\VC\v170\Microsoft.Cpp.Clang.targets'.
[18d4:0007][2026-05-10T02:03:24] Processing file /Contents/Msbuild/Microsoft/VC/v170/Microsoft.Cpp.ClangTidy.props
[18d4:0007][2026-05-10T02:03:24] Started: Copying file /Contents/Msbuild/Microsoft/VC/v170/Microsoft.Cpp.ClangTidy.props to D:\Program Files (x86)\Microsoft Visual Studio\2022\BuildTools\Msbuild\Microsoft\VC\v170\Microsoft.Cpp.ClangTidy.props
[18d4:0007][2026-05-10T02:03:24] Completed: Copying file /Contents/Msbuild/Microsoft/VC/v170/Microsoft.Cpp.ClangTidy.props to D:\Program Files (x86)\Microsoft Visual Studio\2022\BuildTools\Msbuild\Microsoft\VC\v170\Microsoft.Cpp.ClangTidy.props
[18d4:0007][2026-05-10T02:03:24] Timestamp updated for file 'D:\Program Files (x86)\Microsoft Visual Studio\2022\BuildTools\Msbuild\Microsoft\VC\v170\Microsoft.Cpp.ClangTidy.props'.
[18d4:0007][2026-05-10T02:03:24] Processing file /Contents/Msbuild/Microsoft/VC/v170/Microsoft.Cpp.ClangTidy.targets
[18d4:0007][2026-05-10T02:03:24] Started: Copying file /Contents/Msbuild/Microsoft/VC/v170/Microsoft.Cpp.ClangTidy.targets to D:\Program Files (x86)\Microsoft Visual Studio\2022\BuildTools\Msbuild\Microsoft\VC\v170\Microsoft.Cpp.ClangTidy.targets
[18d4:0007][2026-05-10T02:03:24] Completed: Copying file /Contents/Msbuild/Microsoft/VC/v170/Microsoft.Cpp.ClangTidy.targets to D:\Program Files (x86)\Microsoft Visual Studio\2022\BuildTools\Msbuild\Microsoft\VC\v170\Microsoft.Cpp.ClangTidy.targets
[18d4:0007][2026-05-10T02:03:24] Timestamp updated for file 'D:\Program Files (x86)\Microsoft Visual Studio\2022\BuildTools\Msbuild\Microsoft\VC\v170\Microsoft.Cpp.ClangTidy.targets'.
[18d4:0007][2026-05-10T02:03:24] Processing file /Contents/Msbuild/Microsoft/VC/v170/Microsoft.Cpp.Common.props
[18d4:0007][2026-05-10T02:03:24] Started: Copying file /Contents/Msbuild/Microsoft/VC/v170/Microsoft.Cpp.Common.props to D:\Program Files (x86)\Microsoft Visual Studio\2022\BuildTools\Msbuild\Microsoft\VC\v170\Microsoft.Cpp.Common.props
[18d4:0007][2026-05-10T02:03:24] Completed: Copying file /Contents/Msbuild/Microsoft/VC/v170/Microsoft.Cpp.Common.props to D:\Program Files (x86)\Microsoft Visual Studio\2022\BuildTools\Msbuild\Microsoft\VC\v170\Microsoft.Cpp.Common.props
[18d4:0007][2026-05-10T02:03:24] Timestamp updated for file 'D:\Program Files (x86)\Microsoft Visual Studio\2022\BuildTools\Msbuild\Microsoft\VC\v170\Microsoft.Cpp.Common.props'.
[18d4:0007][2026-05-10T02:03:24] Processing file /Contents/Msbuild/Microsoft/VC/v170/Microsoft.Cpp.CoreWin.props
[18d4:0007][2026-05-10T02:03:24] Started: Copying file /Contents/Msbuild/Microsoft/VC/v170/Microsoft.Cpp.CoreWin.props to D:\Program Files (x86)\Microsoft Visual Studio\2022\BuildTools\Msbuild\Microsoft\VC\v170\Microsoft.Cpp.CoreWin.props
[18d4:0007][2026-05-10T02:03:24] Completed: Copying file /Contents/Msbuild/Microsoft/VC/v170/Microsoft.Cpp.CoreWin.props to D:\Program Files (x86)\Microsoft Visual Studio\2022\BuildTools\Msbuild\Microsoft\VC\v170\Microsoft.Cpp.CoreWin.props
[18d4:0007][2026-05-10T02:03:24] Timestamp updated for file 'D:\Program Files (x86)\Microsoft Visual Studio\2022\BuildTools\Msbuild\Microsoft\VC\v170\Microsoft.Cpp.CoreWin.props'.
[18d4:0007][2026-05-10T02:03:24] Processing file /Contents/Msbuild/Microsoft/VC/v170/Microsoft.Cpp.Current.targets
[18d4:0007][2026-05-10T02:03:24] Started: Copying file /Contents/Msbuild/Microsoft/VC/v170/Microsoft.Cpp.Current.targets to D:\Program Files (x86)\Microsoft Visual Studio\2022\BuildTools\Msbuild\Microsoft\VC\v170\Microsoft.Cpp.Current.targets
[18d4:0007][2026-05-10T02:03:24] Completed: Copying file /Contents/Msbuild/Microsoft/VC/v170/Microsoft.Cpp.Current.targets to D:\Program Files (x86)\Microsoft Visual Studio\2022\BuildTools\Msbuild\Microsoft\VC\v170\Microsoft.Cpp.Current.targets
[18d4:0007][2026-05-10T02:03:24] Timestamp updated for file 'D:\Program Files (x86)\Microsoft Visual Studio\2022\BuildTools\Msbuild\Microsoft\VC\v170\Microsoft.Cpp.Current.targets'.
[18d4:0007][2026-05-10T02:03:24] Processing file /Contents/Msbuild/Microsoft/VC/v170/Microsoft.Cpp.Default.props
[18d4:0007][2026-05-10T02:03:24] Started: Copying file /Contents/Msbuild/Microsoft/VC/v170/Microsoft.Cpp.Default.props to D:\Program Files (x86)\Microsoft Visual Studio\2022\BuildTools\Msbuild\Microsoft\VC\v170\Microsoft.Cpp.Default.props
[18d4:0007][2026-05-10T02:03:24] Completed: Copying file /Contents/Msbuild/Microsoft/VC/v170/Microsoft.Cpp.Default.props to D:\Program Files (x86)\Microsoft Visual Studio\2022\BuildTools\Msbuild\Microsoft\VC\v170\Microsoft.Cpp.Default.props
[18d4:0007][2026-05-10T02:03:24] Timestamp updated for file 'D:\Program Files (x86)\Microsoft Visual Studio\2022\BuildTools\Msbuild\Microsoft\VC\v170\Microsoft.Cpp.Default.props'.
[18d4:0007][2026-05-10T02:03:24] Processing file /Contents/Msbuild/Microsoft/VC/v170/Microsoft.Cpp.DesignTime.targets
[18d4:0007][2026-05-10T02:03:24] Started: Copying file /Contents/Msbuild/Microsoft/VC/v170/Microsoft.Cpp.DesignTime.targets to D:\Program Files (x86)\Microsoft Visual Studio\2022\BuildTools\Msbuild\Microsoft\VC\v170\Microsoft.Cpp.DesignTime.targets
[18d4:0007][2026-05-10T02:03:24] Completed: Copying file /Contents/Msbuild/Microsoft/VC/v170/Microsoft.Cpp.DesignTime.targets to D:\Program Files (x86)\Microsoft Visual Studio\2022\BuildTools\Msbuild\Microsoft\VC\v170\Microsoft.Cpp.DesignTime.targets
[18d4:0007][2026-05-10T02:03:24] Timestamp updated for file 'D:\Program Files (x86)\Microsoft Visual Studio\2022\BuildTools\Msbuild\Microsoft\VC\v170\Microsoft.Cpp.DesignTime.targets'.
[18d4:0007][2026-05-10T02:03:24] Processing file /Contents/Msbuild/Microsoft/VC/v170/Microsoft.Cpp.EnableASAN.props
[18d4:0007][2026-05-10T02:03:24] Started: Copying file /Contents/Msbuild/Microsoft/VC/v170/Microsoft.Cpp.EnableASAN.props to D:\Program Files (x86)\Microsoft Visual Studio\2022\BuildTools\Msbuild\Microsoft\VC\v170\Microsoft.Cpp.EnableASAN.props
[18d4:0007][2026-05-10T02:03:24] Completed: Copying file /Contents/Msbuild/Microsoft/VC/v170/Microsoft.Cpp.EnableASAN.props to D:\Program Files (x86)\Microsoft Visual Studio\2022\BuildTools\Msbuild\Microsoft\VC\v170\Microsoft.Cpp.EnableASAN.props
[18d4:0007][2026-05-10T02:03:24] Timestamp updated for file 'D:\Program Files (x86)\Microsoft Visual Studio\2022\BuildTools\Msbuild\Microsoft\VC\v170\Microsoft.Cpp.EnableASAN.props'.
[18d4:0007][2026-05-10T02:03:24] Processing file /Contents/Msbuild/Microsoft/VC/v170/Microsoft.Cpp.InvalidPlatform.targets
[18d4:0007][2026-05-10T02:03:24] Started: Copying file /Contents/Msbuild/Microsoft/VC/v170/Microsoft.Cpp.InvalidPlatform.targets to D:\Program Files (x86)\Microsoft Visual Studio\2022\BuildTools\Msbuild\Microsoft\VC\v170\Microsoft.Cpp.InvalidPlatform.targets
[18d4:0007][2026-05-10T02:03:24] Completed: Copying file /Contents/Msbuild/Microsoft/VC/v170/Microsoft.Cpp.InvalidPlatform.targets to D:\Program Files (x86)\Microsoft Visual Studio\2022\BuildTools\Msbuild\Microsoft\VC\v170\Microsoft.Cpp.InvalidPlatform.targets
[18d4:0007][2026-05-10T02:03:24] Timestamp updated for file 'D:\Program Files (x86)\Microsoft Visual Studio\2022\BuildTools\Msbuild\Microsoft\VC\v170\Microsoft.Cpp.InvalidPlatform.targets'.
[18d4:0007][2026-05-10T02:03:24] Processing file /Contents/Msbuild/Microsoft/VC/v170/Microsoft.Cpp.ManagedExtensions.props
[18d4:0007][2026-05-10T02:03:24] Started: Copying file /Contents/Msbuild/Microsoft/VC/v170/Microsoft.Cpp.ManagedExtensions.props to D:\Program Files (x86)\Microsoft Visual Studio\2022\BuildTools\Msbuild\Microsoft\VC\v170\Microsoft.Cpp.ManagedExtensions.props
[18d4:0007][2026-05-10T02:03:24] Completed: Copying file /Contents/Msbuild/Microsoft/VC/v170/Microsoft.Cpp.ManagedExtensions.props to D:\Program Files (x86)\Microsoft Visual Studio\2022\BuildTools\Msbuild\Microsoft\VC\v170\Microsoft.Cpp.ManagedExtensions.props
[18d4:0007][2026-05-10T02:03:24] Timestamp updated for file 'D:\Program Files (x86)\Microsoft Visual Studio\2022\BuildTools\Msbuild\Microsoft\VC\v170\Microsoft.Cpp.ManagedExtensions.props'.
[18d4:0007][2026-05-10T02:03:24] Processing file /Contents/Msbuild/Microsoft/VC/v170/Microsoft.Cpp.ManagedExtensionsNetCore.props
[18d4:0007][2026-05-10T02:03:24] Started: Copying file /Contents/Msbuild/Microsoft/VC/v170/Microsoft.Cpp.ManagedExtensionsNetCore.props to D:\Program Files (x86)\Microsoft Visual Studio\2022\BuildTools\Msbuild\Microsoft\VC\v170\Microsoft.Cpp.ManagedExtensionsNetCore.props
[18d4:0007][2026-05-10T02:03:24] Completed: Copying file /Contents/Msbuild/Microsoft/VC/v170/Microsoft.Cpp.ManagedExtensionsNetCore.props to D:\Program Files (x86)\Microsoft Visual Studio\2022\BuildTools\Msbuild\Microsoft\VC\v170\Microsoft.Cpp.ManagedExtensionsNetCore.props
[18d4:0007][2026-05-10T02:03:24] Timestamp updated for file 'D:\Program Files (x86)\Microsoft Visual Studio\2022\BuildTools\Msbuild\Microsoft\VC\v170\Microsoft.Cpp.ManagedExtensionsNetCore.props'.
[18d4:0007][2026-05-10T02:03:24] Processing file /Contents/Msbuild/Microsoft/VC/v170/Microsoft.Cpp.managedExtensionsOldSyntax.props
[18d4:0007][2026-05-10T02:03:24] Started: Copying file /Contents/Msbuild/Microsoft/VC/v170/Microsoft.Cpp.managedExtensionsOldSyntax.props to D:\Program Files (x86)\Microsoft Visual Studio\2022\BuildTools\Msbuild\Microsoft\VC\v170\Microsoft.Cpp.managedExtensionsOldSyntax.props
[18d4:0007][2026-05-10T02:03:24] Completed: Copying file /Contents/Msbuild/Microsoft/VC/v170/Microsoft.Cpp.managedExtensionsOldSyntax.props to D:\Program Files (x86)\Microsoft Visual Studio\2022\BuildTools\Msbuild\Microsoft\VC\v170\Microsoft.Cpp.managedExtensionsOldSyntax.props
[18d4:0007][2026-05-10T02:03:24] Timestamp updated for file 'D:\Program Files (x86)\Microsoft Visual Studio\2022\BuildTools\Msbuild\Microsoft\VC\v170\Microsoft.Cpp.managedExtensionsOldSyntax.props'.
[18d4:0007][2026-05-10T02:03:24] Processing file /Contents/Msbuild/Microsoft/VC/v170/Microsoft.Cpp.ManagedExtensionsPure.props
[18d4:0007][2026-05-10T02:03:24] Started: Copying file /Contents/Msbuild/Microsoft/VC/v170/Microsoft.Cpp.ManagedExtensionsPure.props to D:\Program Files (x86)\Microsoft Visual Studio\2022\BuildTools\Msbuild\Microsoft\VC\v170\Microsoft.Cpp.ManagedExtensionsPure.props
[18d4:0007][2026-05-10T02:03:24] Completed: Copying file /Contents/Msbuild/Microsoft/VC/v170/Microsoft.Cpp.ManagedExtensionsPure.props to D:\Program Files (x86)\Microsoft Visual Studio\2022\BuildTools\Msbuild\Microsoft\VC\v170\Microsoft.Cpp.ManagedExtensionsPure.props
[18d4:0007][2026-05-10T02:03:24] Timestamp updated for file 'D:\Program Files (x86)\Microsoft Visual Studio\2022\BuildTools\Msbuild\Microsoft\VC\v170\Microsoft.Cpp.ManagedExtensionsPure.props'.
[18d4:0007][2026-05-10T02:03:24] Processing file /Contents/Msbuild/Microsoft/VC/v170/Microsoft.Cpp.ManagedExtensionsSafe.props
[18d4:0007][2026-05-10T02:03:24] Started: Copying file /Contents/Msbuild/Microsoft/VC/v170/Microsoft.Cpp.ManagedExtensionsSafe.props to D:\Program Files (x86)\Microsoft Visual Studio\2022\BuildTools\Msbuild\Microsoft\VC\v170\Microsoft.Cpp.ManagedExtensionsSafe.props
[18d4:0007][2026-05-10T02:03:24] Completed: Copying file /Contents/Msbuild/Microsoft/VC/v170/Microsoft.Cpp.ManagedExtensionsSafe.props to D:\Program Files (x86)\Microsoft Visual Studio\2022\BuildTools\Msbuild\Microsoft\VC\v170\Microsoft.Cpp.ManagedExtensionsSafe.props
[18d4:0007][2026-05-10T02:03:24] Timestamp updated for file 'D:\Program Files (x86)\Microsoft Visual Studio\2022\BuildTools\Msbuild\Microsoft\VC\v170\Microsoft.Cpp.ManagedExtensionsSafe.props'.
[18d4:0007][2026-05-10T02:03:24] Processing file /Contents/Msbuild/Microsoft/VC/v170/Microsoft.Cpp.mfcDynamic.props
[18d4:0007][2026-05-10T02:03:24] Started: Copying file /Contents/Msbuild/Microsoft/VC/v170/Microsoft.Cpp.mfcDynamic.props to D:\Program Files (x86)\Microsoft Visual Studio\2022\BuildTools\Msbuild\Microsoft\VC\v170\Microsoft.Cpp.mfcDynamic.props
[18d4:0007][2026-05-10T02:03:24] Completed: Copying file /Contents/Msbuild/Microsoft/VC/v170/Microsoft.Cpp.mfcDynamic.props to D:\Program Files (x86)\Microsoft Visual Studio\2022\BuildTools\Msbuild\Microsoft\VC\v170\Microsoft.Cpp.mfcDynamic.props
[18d4:0007][2026-05-10T02:03:24] Timestamp updated for file 'D:\Program Files (x86)\Microsoft Visual Studio\2022\BuildTools\Msbuild\Microsoft\VC\v170\Microsoft.Cpp.mfcDynamic.props'.
[18d4:0007][2026-05-10T02:03:24] Processing file /Contents/Msbuild/Microsoft/VC/v170/Microsoft.Cpp.mfcStatic.props
[18d4:0007][2026-05-10T02:03:24] Started: Copying file /Contents/Msbuild/Microsoft/VC/v170/Microsoft.Cpp.mfcStatic.props to D:\Program Files (x86)\Microsoft Visual Studio\2022\BuildTools\Msbuild\Microsoft\VC\v170\Microsoft.Cpp.mfcStatic.props
[18d4:0007][2026-05-10T02:03:24] Completed: Copying file /Contents/Msbuild/Microsoft/VC/v170/Microsoft.Cpp.mfcStatic.props to D:\Program Files (x86)\Microsoft Visual Studio\2022\BuildTools\Msbuild\Microsoft\VC\v170\Microsoft.Cpp.mfcStatic.props
[18d4:0007][2026-05-10T02:03:24] Timestamp updated for file 'D:\Program Files (x86)\Microsoft Visual Studio\2022\BuildTools\Msbuild\Microsoft\VC\v170\Microsoft.Cpp.mfcStatic.props'.
[18d4:0007][2026-05-10T02:03:24] Processing file /Contents/Msbuild/Microsoft/VC/v170/Microsoft.Cpp.MissingToolset.targets
[18d4:0007][2026-05-10T02:03:24] Started: Copying file /Contents/Msbuild/Microsoft/VC/v170/Microsoft.Cpp.MissingToolset.targets to D:\Program Files (x86)\Microsoft Visual Studio\2022\BuildTools\Msbuild\Microsoft\VC\v170\Microsoft.Cpp.MissingToolset.targets
[18d4:0007][2026-05-10T02:03:24] Completed: Copying file /Contents/Msbuild/Microsoft/VC/v170/Microsoft.Cpp.MissingToolset.targets to D:\Program Files (x86)\Microsoft Visual Studio\2022\BuildTools\Msbuild\Microsoft\VC\v170\Microsoft.Cpp.MissingToolset.targets
[18d4:0007][2026-05-10T02:03:24] Timestamp updated for file 'D:\Program Files (x86)\Microsoft Visual Studio\2022\BuildTools\Msbuild\Microsoft\VC\v170\Microsoft.Cpp.MissingToolset.targets'.
[18d4:0007][2026-05-10T02:03:24] Processing file /Contents/Msbuild/Microsoft/VC/v170/Microsoft.Cpp.MSVC.Toolset.ARM.props
[18d4:0007][2026-05-10T02:03:24] Started: Copying file /Contents/Msbuild/Microsoft/VC/v170/Microsoft.Cpp.MSVC.Toolset.ARM.props to D:\Program Files (x86)\Microsoft Visual Studio\2022\BuildTools\Msbuild\Microsoft\VC\v170\Microsoft.Cpp.MSVC.Toolset.ARM.props
[18d4:0007][2026-05-10T02:03:24] Completed: Copying file /Contents/Msbuild/Microsoft/VC/v170/Microsoft.Cpp.MSVC.Toolset.ARM.props to D:\Program Files (x86)\Microsoft Visual Studio\2022\BuildTools\Msbuild\Microsoft\VC\v170\Microsoft.Cpp.MSVC.Toolset.ARM.props
[18d4:0007][2026-05-10T02:03:24] Timestamp updated for file 'D:\Program Files (x86)\Microsoft Visual Studio\2022\BuildTools\Msbuild\Microsoft\VC\v170\Microsoft.Cpp.MSVC.Toolset.ARM.props'.
[18d4:0007][2026-05-10T02:03:24] Processing file /Contents/Msbuild/Microsoft/VC/v170/Microsoft.Cpp.MSVC.Toolset.ARM64.props
[18d4:0007][2026-05-10T02:03:24] Started: Copying file /Contents/Msbuild/Microsoft/VC/v170/Microsoft.Cpp.MSVC.Toolset.ARM64.props to D:\Program Files (x86)\Microsoft Visual Studio\2022\BuildTools\Msbuild\Microsoft\VC\v170\Microsoft.Cpp.MSVC.Toolset.ARM64.props
[18d4:0007][2026-05-10T02:03:24] Completed: Copying file /Contents/Msbuild/Microsoft/VC/v170/Microsoft.Cpp.MSVC.Toolset.ARM64.props to D:\Program Files (x86)\Microsoft Visual Studio\2022\BuildTools\Msbuild\Microsoft\VC\v170\Microsoft.Cpp.MSVC.Toolset.ARM64.props
[18d4:0007][2026-05-10T02:03:24] Timestamp updated for file 'D:\Program Files (x86)\Microsoft Visual Studio\2022\BuildTools\Msbuild\Microsoft\VC\v170\Microsoft.Cpp.MSVC.Toolset.ARM64.props'.
[18d4:0007][2026-05-10T02:03:24] Processing file /Contents/Msbuild/Microsoft/VC/v170/Microsoft.Cpp.MSVC.Toolset.ARM64EC.props
[18d4:0007][2026-05-10T02:03:24] Started: Copying file /Contents/Msbuild/Microsoft/VC/v170/Microsoft.Cpp.MSVC.Toolset.ARM64EC.props to D:\Program Files (x86)\Microsoft Visual Studio\2022\BuildTools\Msbuild\Microsoft\VC\v170\Microsoft.Cpp.MSVC.Toolset.ARM64EC.props
[18d4:0007][2026-05-10T02:03:24] Completed: Copying file /Contents/Msbuild/Microsoft/VC/v170/Microsoft.Cpp.MSVC.Toolset.ARM64EC.props to D:\Program Files (x86)\Microsoft Visual Studio\2022\BuildTools\Msbuild\Microsoft\VC\v170\Microsoft.Cpp.MSVC.Toolset.ARM64EC.props
[18d4:0007][2026-05-10T02:03:24] Timestamp updated for file 'D:\Program Files (x86)\Microsoft Visual Studio\2022\BuildTools\Msbuild\Microsoft\VC\v170\Microsoft.Cpp.MSVC.Toolset.ARM64EC.props'.
[18d4:0007][2026-05-10T02:03:24] Processing file /Contents/Msbuild/Microsoft/VC/v170/Microsoft.Cpp.MSVC.Toolset.Common.props
[18d4:0007][2026-05-10T02:03:24] Started: Copying file /Contents/Msbuild/Microsoft/VC/v170/Microsoft.Cpp.MSVC.Toolset.Common.props to D:\Program Files (x86)\Microsoft Visual Studio\2022\BuildTools\Msbuild\Microsoft\VC\v170\Microsoft.Cpp.MSVC.Toolset.Common.props
[18d4:0007][2026-05-10T02:03:24] Completed: Copying file /Contents/Msbuild/Microsoft/VC/v170/Microsoft.Cpp.MSVC.Toolset.Common.props to D:\Program Files (x86)\Microsoft Visual Studio\2022\BuildTools\Msbuild\Microsoft\VC\v170\Microsoft.Cpp.MSVC.Toolset.Common.props
[18d4:0007][2026-05-10T02:03:24] Timestamp updated for file 'D:\Program Files (x86)\Microsoft Visual Studio\2022\BuildTools\Msbuild\Microsoft\VC\v170\Microsoft.Cpp.MSVC.Toolset.Common.props'.
[18d4:0007][2026-05-10T02:03:24] Processing file /Contents/Msbuild/Microsoft/VC/v170/Microsoft.Cpp.MSVC.Toolset.Win32.props
[18d4:0007][2026-05-10T02:03:24] Started: Copying file /Contents/Msbuild/Microsoft/VC/v170/Microsoft.Cpp.MSVC.Toolset.Win32.props to D:\Program Files (x86)\Microsoft Visual Studio\2022\BuildTools\Msbuild\Microsoft\VC\v170\Microsoft.Cpp.MSVC.Toolset.Win32.props
[18d4:0007][2026-05-10T02:03:24] Completed: Copying file /Contents/Msbuild/Microsoft/VC/v170/Microsoft.Cpp.MSVC.Toolset.Win32.props to D:\Program Files (x86)\Microsoft Visual Studio\2022\BuildTools\Msbuild\Microsoft\VC\v170\Microsoft.Cpp.MSVC.Toolset.Win32.props
[18d4:0007][2026-05-10T02:03:24] Timestamp updated for file 'D:\Program Files (x86)\Microsoft Visual Studio\2022\BuildTools\Msbuild\Microsoft\VC\v170\Microsoft.Cpp.MSVC.Toolset.Win32.props'.
[18d4:0007][2026-05-10T02:03:24] Processing file /Contents/Msbuild/Microsoft/VC/v170/Microsoft.Cpp.MSVC.Toolset.x64.props
[18d4:0007][2026-05-10T02:03:24] Started: Copying file /Contents/Msbuild/Microsoft/VC/v170/Microsoft.Cpp.MSVC.Toolset.x64.props to D:\Program Files (x86)\Microsoft Visual Studio\2022\BuildTools\Msbuild\Microsoft\VC\v170\Microsoft.Cpp.MSVC.Toolset.x64.props
[18d4:0007][2026-05-10T02:03:24] Completed: Copying file /Contents/Msbuild/Microsoft/VC/v170/Microsoft.Cpp.MSVC.Toolset.x64.props to D:\Program Files (x86)\Microsoft Visual Studio\2022\BuildTools\Msbuild\Microsoft\VC\v170\Microsoft.Cpp.MSVC.Toolset.x64.props
[18d4:0007][2026-05-10T02:03:24] Timestamp updated for file 'D:\Program Files (x86)\Microsoft Visual Studio\2022\BuildTools\Msbuild\Microsoft\VC\v170\Microsoft.Cpp.MSVC.Toolset.x64.props'.
[18d4:0007][2026-05-10T02:03:24] Processing file /Contents/Msbuild/Microsoft/VC/v170/Microsoft.Cpp.MultiByteCharSupport.props
[18d4:0007][2026-05-10T02:03:24] Started: Copying file /Contents/Msbuild/Microsoft/VC/v170/Microsoft.Cpp.MultiByteCharSupport.props to D:\Program Files (x86)\Microsoft Visual Studio\2022\BuildTools\Msbuild\Microsoft\VC\v170\Microsoft.Cpp.MultiByteCharSupport.props
[18d4:0007][2026-05-10T02:03:24] Completed: Copying file /Contents/Msbuild/Microsoft/VC/v170/Microsoft.Cpp.MultiByteCharSupport.props to D:\Program Files (x86)\Microsoft Visual Studio\2022\BuildTools\Msbuild\Microsoft\VC\v170\Microsoft.Cpp.MultiByteCharSupport.props
[18d4:0007][2026-05-10T02:03:24] Timestamp updated for file 'D:\Program Files (x86)\Microsoft Visual Studio\2022\BuildTools\Msbuild\Microsoft\VC\v170\Microsoft.Cpp.MultiByteCharSupport.props'.
[18d4:0007][2026-05-10T02:03:24] Processing file /Contents/Msbuild/Microsoft/VC/v170/Microsoft.Cpp.pginstrument.props
[18d4:0007][2026-05-10T02:03:24] Started: Copying file /Contents/Msbuild/Microsoft/VC/v170/Microsoft.Cpp.pginstrument.props to D:\Program Files (x86)\Microsoft Visual Studio\2022\BuildTools\Msbuild\Microsoft\VC\v170\Microsoft.Cpp.pginstrument.props
[18d4:0007][2026-05-10T02:03:24] Completed: Copying file /Contents/Msbuild/Microsoft/VC/v170/Microsoft.Cpp.pginstrument.props to D:\Program Files (x86)\Microsoft Visual Studio\2022\BuildTools\Msbuild\Microsoft\VC\v170\Microsoft.Cpp.pginstrument.props
[18d4:0007][2026-05-10T02:03:24] Timestamp updated for file 'D:\Program Files (x86)\Microsoft Visual Studio\2022\BuildTools\Msbuild\Microsoft\VC\v170\Microsoft.Cpp.pginstrument.props'.
[18d4:0007][2026-05-10T02:03:24] Processing file /Contents/Msbuild/Microsoft/VC/v170/Microsoft.Cpp.pgoptimize.props
[18d4:0007][2026-05-10T02:03:24] Started: Copying file /Contents/Msbuild/Microsoft/VC/v170/Microsoft.Cpp.pgoptimize.props to D:\Program Files (x86)\Microsoft Visual Studio\2022\BuildTools\Msbuild\Microsoft\VC\v170\Microsoft.Cpp.pgoptimize.props
[18d4:0007][2026-05-10T02:03:24] Completed: Copying file /Contents/Msbuild/Microsoft/VC/v170/Microsoft.Cpp.pgoptimize.props to D:\Program Files (x86)\Microsoft Visual Studio\2022\BuildTools\Msbuild\Microsoft\VC\v170\Microsoft.Cpp.pgoptimize.props
[18d4:0007][2026-05-10T02:03:24] Timestamp updated for file 'D:\Program Files (x86)\Microsoft Visual Studio\2022\BuildTools\Msbuild\Microsoft\VC\v170\Microsoft.Cpp.pgoptimize.props'.
[18d4:0007][2026-05-10T02:03:24] Processing file /Contents/Msbuild/Microsoft/VC/v170/Microsoft.Cpp.pgupdate.props
[18d4:0007][2026-05-10T02:03:24] Started: Copying file /Contents/Msbuild/Microsoft/VC/v170/Microsoft.Cpp.pgupdate.props to D:\Program Files (x86)\Microsoft Visual Studio\2022\BuildTools\Msbuild\Microsoft\VC\v170\Microsoft.Cpp.pgupdate.props
[18d4:0007][2026-05-10T02:03:24] Completed: Copying file /Contents/Msbuild/Microsoft/VC/v170/Microsoft.Cpp.pgupdate.props to D:\Program Files (x86)\Microsoft Visual Studio\2022\BuildTools\Msbuild\Microsoft\VC\v170\Microsoft.Cpp.pgupdate.props
[18d4:0007][2026-05-10T02:03:24] Timestamp updated for file 'D:\Program Files (x86)\Microsoft Visual Studio\2022\BuildTools\Msbuild\Microsoft\VC\v170\Microsoft.Cpp.pgupdate.props'.
[18d4:0007][2026-05-10T02:03:24] Processing file /Contents/Msbuild/Microsoft/VC/v170/Microsoft.Cpp.Platform.props
[18d4:0007][2026-05-10T02:03:24] Started: Copying file /Contents/Msbuild/Microsoft/VC/v170/Microsoft.Cpp.Platform.props to D:\Program Files (x86)\Microsoft Visual Studio\2022\BuildTools\Msbuild\Microsoft\VC\v170\Microsoft.Cpp.Platform.props
[18d4:0007][2026-05-10T02:03:24] Completed: Copying file /Contents/Msbuild/Microsoft/VC/v170/Microsoft.Cpp.Platform.props to D:\Program Files (x86)\Microsoft Visual Studio\2022\BuildTools\Msbuild\Microsoft\VC\v170\Microsoft.Cpp.Platform.props
[18d4:0007][2026-05-10T02:03:24] Timestamp updated for file 'D:\Program Files (x86)\Microsoft Visual Studio\2022\BuildTools\Msbuild\Microsoft\VC\v170\Microsoft.Cpp.Platform.props'.
[18d4:0007][2026-05-10T02:03:24] Processing file /Contents/Msbuild/Microsoft/VC/v170/Microsoft.Cpp.Platform.targets
[18d4:0007][2026-05-10T02:03:24] Started: Copying file /Contents/Msbuild/Microsoft/VC/v170/Microsoft.Cpp.Platform.targets to D:\Program Files (x86)\Microsoft Visual Studio\2022\BuildTools\Msbuild\Microsoft\VC\v170\Microsoft.Cpp.Platform.targets
[18d4:0007][2026-05-10T02:03:24] Completed: Copying file /Contents/Msbuild/Microsoft/VC/v170/Microsoft.Cpp.Platform.targets to D:\Program Files (x86)\Microsoft Visual Studio\2022\BuildTools\Msbuild\Microsoft\VC\v170\Microsoft.Cpp.Platform.targets
[18d4:0007][2026-05-10T02:03:24] Timestamp updated for file 'D:\Program Files (x86)\Microsoft Visual Studio\2022\BuildTools\Msbuild\Microsoft\VC\v170\Microsoft.Cpp.Platform.targets'.
[18d4:0007][2026-05-10T02:03:24] Processing file /Contents/Msbuild/Microsoft/VC/v170/Microsoft.Cpp.props
[18d4:0007][2026-05-10T02:03:24] Started: Copying file /Contents/Msbuild/Microsoft/VC/v170/Microsoft.Cpp.props to D:\Program Files (x86)\Microsoft Visual Studio\2022\BuildTools\Msbuild\Microsoft\VC\v170\Microsoft.Cpp.props
[18d4:0007][2026-05-10T02:03:24] Completed: Copying file /Contents/Msbuild/Microsoft/VC/v170/Microsoft.Cpp.props to D:\Program Files (x86)\Microsoft Visual Studio\2022\BuildTools\Msbuild\Microsoft\VC\v170\Microsoft.Cpp.props
[18d4:0007][2026-05-10T02:03:24] Timestamp updated for file 'D:\Program Files (x86)\Microsoft Visual Studio\2022\BuildTools\Msbuild\Microsoft\VC\v170\Microsoft.Cpp.props'.
[18d4:0007][2026-05-10T02:03:24] Processing file /Contents/Msbuild/Microsoft/VC/v170/Microsoft.Cpp.Redirect.10.props
[18d4:0007][2026-05-10T02:03:24] Started: Copying file /Contents/Msbuild/Microsoft/VC/v170/Microsoft.Cpp.Redirect.10.props to D:\Program Files (x86)\Microsoft Visual Studio\2022\BuildTools\Msbuild\Microsoft\VC\v170\Microsoft.Cpp.Redirect.10.props
[18d4:0007][2026-05-10T02:03:24] Completed: Copying file /Contents/Msbuild/Microsoft/VC/v170/Microsoft.Cpp.Redirect.10.props to D:\Program Files (x86)\Microsoft Visual Studio\2022\BuildTools\Msbuild\Microsoft\VC\v170\Microsoft.Cpp.Redirect.10.props
[18d4:0007][2026-05-10T02:03:24] Timestamp updated for file 'D:\Program Files (x86)\Microsoft Visual Studio\2022\BuildTools\Msbuild\Microsoft\VC\v170\Microsoft.Cpp.Redirect.10.props'.
[18d4:0007][2026-05-10T02:03:24] Processing file /Contents/Msbuild/Microsoft/VC/v170/Microsoft.Cpp.Redirect.10.targets
[18d4:0007][2026-05-10T02:03:24] Started: Copying file /Contents/Msbuild/Microsoft/VC/v170/Microsoft.Cpp.Redirect.10.targets to D:\Program Files (x86)\Microsoft Visual Studio\2022\BuildTools\Msbuild\Microsoft\VC\v170\Microsoft.Cpp.Redirect.10.targets
[18d4:0007][2026-05-10T02:03:24] Completed: Copying file /Contents/Msbuild/Microsoft/VC/v170/Microsoft.Cpp.Redirect.10.targets to D:\Program Files (x86)\Microsoft Visual Studio\2022\BuildTools\Msbuild\Microsoft\VC\v170\Microsoft.Cpp.Redirect.10.targets
[18d4:0007][2026-05-10T02:03:24] Timestamp updated for file 'D:\Program Files (x86)\Microsoft Visual Studio\2022\BuildTools\Msbuild\Microsoft\VC\v170\Microsoft.Cpp.Redirect.10.targets'.
[18d4:0007][2026-05-10T02:03:24] Processing file /Contents/Msbuild/Microsoft/VC/v170/Microsoft.Cpp.Redirect.11.props
[18d4:0007][2026-05-10T02:03:24] Started: Copying file /Contents/Msbuild/Microsoft/VC/v170/Microsoft.Cpp.Redirect.11.props to D:\Program Files (x86)\Microsoft Visual Studio\2022\BuildTools\Msbuild\Microsoft\VC\v170\Microsoft.Cpp.Redirect.11.props
[18d4:0007][2026-05-10T02:03:24] Completed: Copying file /Contents/Msbuild/Microsoft/VC/v170/Microsoft.Cpp.Redirect.11.props to D:\Program Files (x86)\Microsoft Visual Studio\2022\BuildTools\Msbuild\Microsoft\VC\v170\Microsoft.Cpp.Redirect.11.props
[18d4:0007][2026-05-10T02:03:24] Timestamp updated for file 'D:\Program Files (x86)\Microsoft Visual Studio\2022\BuildTools\Msbuild\Microsoft\VC\v170\Microsoft.Cpp.Redirect.11.props'.
[18d4:0007][2026-05-10T02:03:24] Processing file /Contents/Msbuild/Microsoft/VC/v170/Microsoft.Cpp.Redirect.11.targets
[18d4:0007][2026-05-10T02:03:24] Started: Copying file /Contents/Msbuild/Microsoft/VC/v170/Microsoft.Cpp.Redirect.11.targets to D:\Program Files (x86)\Microsoft Visual Studio\2022\BuildTools\Msbuild\Microsoft\VC\v170\Microsoft.Cpp.Redirect.11.targets
[18d4:0007][2026-05-10T02:03:24] Completed: Copying file /Contents/Msbuild/Microsoft/VC/v170/Microsoft.Cpp.Redirect.11.targets to D:\Program Files (x86)\Microsoft Visual Studio\2022\BuildTools\Msbuild\Microsoft\VC\v170\Microsoft.Cpp.Redirect.11.targets
[18d4:0007][2026-05-10T02:03:24] Timestamp updated for file 'D:\Program Files (x86)\Microsoft Visual Studio\2022\BuildTools\Msbuild\Microsoft\VC\v170\Microsoft.Cpp.Redirect.11.targets'.
[18d4:0007][2026-05-10T02:03:24] Processing file /Contents/Msbuild/Microsoft/VC/v170/Microsoft.Cpp.Redirect.12.props
[18d4:0007][2026-05-10T02:03:24] Started: Copying file /Contents/Msbuild/Microsoft/VC/v170/Microsoft.Cpp.Redirect.12.props to D:\Program Files (x86)\Microsoft Visual Studio\2022\BuildTools\Msbuild\Microsoft\VC\v170\Microsoft.Cpp.Redirect.12.props
[18d4:0007][2026-05-10T02:03:24] Completed: Copying file /Contents/Msbuild/Microsoft/VC/v170/Microsoft.Cpp.Redirect.12.props to D:\Program Files (x86)\Microsoft Visual Studio\2022\BuildTools\Msbuild\Microsoft\VC\v170\Microsoft.Cpp.Redirect.12.props
[18d4:0007][2026-05-10T02:03:24] Timestamp updated for file 'D:\Program Files (x86)\Microsoft Visual Studio\2022\BuildTools\Msbuild\Microsoft\VC\v170\Microsoft.Cpp.Redirect.12.props'.
[18d4:0007][2026-05-10T02:03:24] Processing file /Contents/Msbuild/Microsoft/VC/v170/Microsoft.Cpp.Redirect.12.targets
[18d4:0007][2026-05-10T02:03:24] Started: Copying file /Contents/Msbuild/Microsoft/VC/v170/Microsoft.Cpp.Redirect.12.targets to D:\Program Files (x86)\Microsoft Visual Studio\2022\BuildTools\Msbuild\Microsoft\VC\v170\Microsoft.Cpp.Redirect.12.targets
[18d4:0007][2026-05-10T02:03:24] Completed: Copying file /Contents/Msbuild/Microsoft/VC/v170/Microsoft.Cpp.Redirect.12.targets to D:\Program Files (x86)\Microsoft Visual Studio\2022\BuildTools\Msbuild\Microsoft\VC\v170\Microsoft.Cpp.Redirect.12.targets
[18d4:0007][2026-05-10T02:03:24] Timestamp updated for file 'D:\Program Files (x86)\Microsoft Visual Studio\2022\BuildTools\Msbuild\Microsoft\VC\v170\Microsoft.Cpp.Redirect.12.targets'.
[18d4:0007][2026-05-10T02:03:24] Processing file /Contents/Msbuild/Microsoft/VC/v170/Microsoft.Cpp.Redirect.14.Build.targets
[18d4:0007][2026-05-10T02:03:24] Started: Copying file /Contents/Msbuild/Microsoft/VC/v170/Microsoft.Cpp.Redirect.14.Build.targets to D:\Program Files (x86)\Microsoft Visual Studio\2022\BuildTools\Msbuild\Microsoft\VC\v170\Microsoft.Cpp.Redirect.14.Build.targets
[18d4:0007][2026-05-10T02:03:24] Completed: Copying file /Contents/Msbuild/Microsoft/VC/v170/Microsoft.Cpp.Redirect.14.Build.targets to D:\Program Files (x86)\Microsoft Visual Studio\2022\BuildTools\Msbuild\Microsoft\VC\v170\Microsoft.Cpp.Redirect.14.Build.targets
[18d4:0007][2026-05-10T02:03:24] Timestamp updated for file 'D:\Program Files (x86)\Microsoft Visual Studio\2022\BuildTools\Msbuild\Microsoft\VC\v170\Microsoft.Cpp.Redirect.14.Build.targets'.
[18d4:0007][2026-05-10T02:03:24] Processing file /Contents/Msbuild/Microsoft/VC/v170/Microsoft.Cpp.Redirect.14.props
[18d4:0007][2026-05-10T02:03:24] Started: Copying file /Contents/Msbuild/Microsoft/VC/v170/Microsoft.Cpp.Redirect.14.props to D:\Program Files (x86)\Microsoft Visual Studio\2022\BuildTools\Msbuild\Microsoft\VC\v170\Microsoft.Cpp.Redirect.14.props
[18d4:0007][2026-05-10T02:03:24] Completed: Copying file /Contents/Msbuild/Microsoft/VC/v170/Microsoft.Cpp.Redirect.14.props to D:\Program Files (x86)\Microsoft Visual Studio\2022\BuildTools\Msbuild\Microsoft\VC\v170\Microsoft.Cpp.Redirect.14.props
[18d4:0007][2026-05-10T02:03:24] Timestamp updated for file 'D:\Program Files (x86)\Microsoft Visual Studio\2022\BuildTools\Msbuild\Microsoft\VC\v170\Microsoft.Cpp.Redirect.14.props'.
[18d4:0007][2026-05-10T02:03:24] Processing file /Contents/Msbuild/Microsoft/VC/v170/Microsoft.Cpp.Redirect.14.targets
[18d4:0007][2026-05-10T02:03:24] Started: Copying file /Contents/Msbuild/Microsoft/VC/v170/Microsoft.Cpp.Redirect.14.targets to D:\Program Files (x86)\Microsoft Visual Studio\2022\BuildTools\Msbuild\Microsoft\VC\v170\Microsoft.Cpp.Redirect.14.targets
[18d4:0007][2026-05-10T02:03:24] Completed: Copying file /Contents/Msbuild/Microsoft/VC/v170/Microsoft.Cpp.Redirect.14.targets to D:\Program Files (x86)\Microsoft Visual Studio\2022\BuildTools\Msbuild\Microsoft\VC\v170\Microsoft.Cpp.Redirect.14.targets
[18d4:0007][2026-05-10T02:03:24] Timestamp updated for file 'D:\Program Files (x86)\Microsoft Visual Studio\2022\BuildTools\Msbuild\Microsoft\VC\v170\Microsoft.Cpp.Redirect.14.targets'.
[18d4:0007][2026-05-10T02:03:24] Processing file /Contents/Msbuild/Microsoft/VC/v170/Microsoft.Cpp.Redirect.15.props
[18d4:0007][2026-05-10T02:03:24] Started: Copying file /Contents/Msbuild/Microsoft/VC/v170/Microsoft.Cpp.Redirect.15.props to D:\Program Files (x86)\Microsoft Visual Studio\2022\BuildTools\Msbuild\Microsoft\VC\v170\Microsoft.Cpp.Redirect.15.props
[18d4:0007][2026-05-10T02:03:24] Completed: Copying file /Contents/Msbuild/Microsoft/VC/v170/Microsoft.Cpp.Redirect.15.props to D:\Program Files (x86)\Microsoft Visual Studio\2022\BuildTools\Msbuild\Microsoft\VC\v170\Microsoft.Cpp.Redirect.15.props
[18d4:0007][2026-05-10T02:03:24] Timestamp updated for file 'D:\Program Files (x86)\Microsoft Visual Studio\2022\BuildTools\Msbuild\Microsoft\VC\v170\Microsoft.Cpp.Redirect.15.props'.
[18d4:0007][2026-05-10T02:03:24] Processing file /Contents/Msbuild/Microsoft/VC/v170/Microsoft.Cpp.Redirect.15.targets
[18d4:0007][2026-05-10T02:03:24] Started: Copying file /Contents/Msbuild/Microsoft/VC/v170/Microsoft.Cpp.Redirect.15.targets to D:\Program Files (x86)\Microsoft Visual Studio\2022\BuildTools\Msbuild\Microsoft\VC\v170\Microsoft.Cpp.Redirect.15.targets
[18d4:0007][2026-05-10T02:03:24] Completed: Copying file /Contents/Msbuild/Microsoft/VC/v170/Microsoft.Cpp.Redirect.15.targets to D:\Program Files (x86)\Microsoft Visual Studio\2022\BuildTools\Msbuild\Microsoft\VC\v170\Microsoft.Cpp.Redirect.15.targets
[18d4:0007][2026-05-10T02:03:24] Timestamp updated for file 'D:\Program Files (x86)\Microsoft Visual Studio\2022\BuildTools\Msbuild\Microsoft\VC\v170\Microsoft.Cpp.Redirect.15.targets'.
[18d4:0007][2026-05-10T02:03:24] Processing file /Contents/Msbuild/Microsoft/VC/v170/Microsoft.Cpp.Redirect.16.props
[18d4:0007][2026-05-10T02:03:24] Started: Copying file /Contents/Msbuild/Microsoft/VC/v170/Microsoft.Cpp.Redirect.16.props to D:\Program Files (x86)\Microsoft Visual Studio\2022\BuildTools\Msbuild\Microsoft\VC\v170\Microsoft.Cpp.Redirect.16.props
[18d4:0007][2026-05-10T02:03:24] Completed: Copying file /Contents/Msbuild/Microsoft/VC/v170/Microsoft.Cpp.Redirect.16.props to D:\Program Files (x86)\Microsoft Visual Studio\2022\BuildTools\Msbuild\Microsoft\VC\v170\Microsoft.Cpp.Redirect.16.props
[18d4:0007][2026-05-10T02:03:24] Timestamp updated for file 'D:\Program Files (x86)\Microsoft Visual Studio\2022\BuildTools\Msbuild\Microsoft\VC\v170\Microsoft.Cpp.Redirect.16.props'.
[18d4:0007][2026-05-10T02:03:24] Processing file /Contents/Msbuild/Microsoft/VC/v170/Microsoft.Cpp.Redirect.16.targets
[18d4:0007][2026-05-10T02:03:24] Started: Copying file /Contents/Msbuild/Microsoft/VC/v170/Microsoft.Cpp.Redirect.16.targets to D:\Program Files (x86)\Microsoft Visual Studio\2022\BuildTools\Msbuild\Microsoft\VC\v170\Microsoft.Cpp.Redirect.16.targets
[18d4:0007][2026-05-10T02:03:24] Completed: Copying file /Contents/Msbuild/Microsoft/VC/v170/Microsoft.Cpp.Redirect.16.targets to D:\Program Files (x86)\Microsoft Visual Studio\2022\BuildTools\Msbuild\Microsoft\VC\v170\Microsoft.Cpp.Redirect.16.targets
[18d4:0007][2026-05-10T02:03:24] Timestamp updated for file 'D:\Program Files (x86)\Microsoft Visual Studio\2022\BuildTools\Msbuild\Microsoft\VC\v170\Microsoft.Cpp.Redirect.16.targets'.
[18d4:0007][2026-05-10T02:03:24] Processing file /Contents/Msbuild/Microsoft/VC/v170/Microsoft.Cpp.Redirect.17.props
[18d4:0007][2026-05-10T02:03:24] Started: Copying file /Contents/Msbuild/Microsoft/VC/v170/Microsoft.Cpp.Redirect.17.props to D:\Program Files (x86)\Microsoft Visual Studio\2022\BuildTools\Msbuild\Microsoft\VC\v170\Microsoft.Cpp.Redirect.17.props
[18d4:0007][2026-05-10T02:03:24] Completed: Copying file /Contents/Msbuild/Microsoft/VC/v170/Microsoft.Cpp.Redirect.17.props to D:\Program Files (x86)\Microsoft Visual Studio\2022\BuildTools\Msbuild\Microsoft\VC\v170\Microsoft.Cpp.Redirect.17.props
[18d4:0007][2026-05-10T02:03:24] Timestamp updated for file 'D:\Program Files (x86)\Microsoft Visual Studio\2022\BuildTools\Msbuild\Microsoft\VC\v170\Microsoft.Cpp.Redirect.17.props'.
[18d4:0007][2026-05-10T02:03:24] Processing file /Contents/Msbuild/Microsoft/VC/v170/Microsoft.Cpp.Redirect.17.targets
[18d4:0007][2026-05-10T02:03:24] Started: Copying file /Contents/Msbuild/Microsoft/VC/v170/Microsoft.Cpp.Redirect.17.targets to D:\Program Files (x86)\Microsoft Visual Studio\2022\BuildTools\Msbuild\Microsoft\VC\v170\Microsoft.Cpp.Redirect.17.targets
[18d4:0007][2026-05-10T02:03:24] Completed: Copying file /Contents/Msbuild/Microsoft/VC/v170/Microsoft.Cpp.Redirect.17.targets to D:\Program Files (x86)\Microsoft Visual Studio\2022\BuildTools\Msbuild\Microsoft\VC\v170\Microsoft.Cpp.Redirect.17.targets
[18d4:0007][2026-05-10T02:03:24] Timestamp updated for file 'D:\Program Files (x86)\Microsoft Visual Studio\2022\BuildTools\Msbuild\Microsoft\VC\v170\Microsoft.Cpp.Redirect.17.targets'.
[18d4:0007][2026-05-10T02:03:24] Processing file /Contents/Msbuild/Microsoft/VC/v170/Microsoft.Cpp.Redirect.props
[18d4:0007][2026-05-10T02:03:24] Started: Copying file /Contents/Msbuild/Microsoft/VC/v170/Microsoft.Cpp.Redirect.props to D:\Program Files (x86)\Microsoft Visual Studio\2022\BuildTools\Msbuild\Microsoft\VC\v170\Microsoft.Cpp.Redirect.props
[18d4:0007][2026-05-10T02:03:24] Completed: Copying file /Contents/Msbuild/Microsoft/VC/v170/Microsoft.Cpp.Redirect.props to D:\Program Files (x86)\Microsoft Visual Studio\2022\BuildTools\Msbuild\Microsoft\VC\v170\Microsoft.Cpp.Redirect.props
[18d4:0007][2026-05-10T02:03:24] Timestamp updated for file 'D:\Program Files (x86)\Microsoft Visual Studio\2022\BuildTools\Msbuild\Microsoft\VC\v170\Microsoft.Cpp.Redirect.props'.
[18d4:0007][2026-05-10T02:03:24] Processing file /Contents/Msbuild/Microsoft/VC/v170/Microsoft.Cpp.Redirect.targets
[18d4:0007][2026-05-10T02:03:24] Started: Copying file /Contents/Msbuild/Microsoft/VC/v170/Microsoft.Cpp.Redirect.targets to D:\Program Files (x86)\Microsoft Visual Studio\2022\BuildTools\Msbuild\Microsoft\VC\v170\Microsoft.Cpp.Redirect.targets
[18d4:0007][2026-05-10T02:03:24] Completed: Copying file /Contents/Msbuild/Microsoft/VC/v170/Microsoft.Cpp.Redirect.targets to D:\Program Files (x86)\Microsoft Visual Studio\2022\BuildTools\Msbuild\Microsoft\VC\v170\Microsoft.Cpp.Redirect.targets
[18d4:0007][2026-05-10T02:03:24] Timestamp updated for file 'D:\Program Files (x86)\Microsoft Visual Studio\2022\BuildTools\Msbuild\Microsoft\VC\v170\Microsoft.Cpp.Redirect.targets'.
[18d4:0007][2026-05-10T02:03:24] Processing file /Contents/Msbuild/Microsoft/VC/v170/Microsoft.Cpp.StaticAnalysis.props
[18d4:0007][2026-05-10T02:03:24] Started: Copying file /Contents/Msbuild/Microsoft/VC/v170/Microsoft.Cpp.StaticAnalysis.props to D:\Program Files (x86)\Microsoft Visual Studio\2022\BuildTools\Msbuild\Microsoft\VC\v170\Microsoft.Cpp.StaticAnalysis.props
[18d4:0007][2026-05-10T02:03:24] Completed: Copying file /Contents/Msbuild/Microsoft/VC/v170/Microsoft.Cpp.StaticAnalysis.props to D:\Program Files (x86)\Microsoft Visual Studio\2022\BuildTools\Msbuild\Microsoft\VC\v170\Microsoft.Cpp.StaticAnalysis.props
[18d4:0007][2026-05-10T02:03:24] Timestamp updated for file 'D:\Program Files (x86)\Microsoft Visual Studio\2022\BuildTools\Msbuild\Microsoft\VC\v170\Microsoft.Cpp.StaticAnalysis.props'.
[18d4:0007][2026-05-10T02:03:24] Processing file /Contents/Msbuild/Microsoft/VC/v170/Microsoft.Cpp.targets
[18d4:0007][2026-05-10T02:03:24] Started: Copying file /Contents/Msbuild/Microsoft/VC/v170/Microsoft.Cpp.targets to D:\Program Files (x86)\Microsoft Visual Studio\2022\BuildTools\Msbuild\Microsoft\VC\v170\Microsoft.Cpp.targets
[18d4:0007][2026-05-10T02:03:24] Completed: Copying file /Contents/Msbuild/Microsoft/VC/v170/Microsoft.Cpp.targets to D:\Program Files (x86)\Microsoft Visual Studio\2022\BuildTools\Msbuild\Microsoft\VC\v170\Microsoft.Cpp.targets
[18d4:0007][2026-05-10T02:03:24] Timestamp updated for file 'D:\Program Files (x86)\Microsoft Visual Studio\2022\BuildTools\Msbuild\Microsoft\VC\v170\Microsoft.Cpp.targets'.
[18d4:0007][2026-05-10T02:03:24] Processing file /Contents/Msbuild/Microsoft/VC/v170/Microsoft.Cpp.ToolsetLocation.props
[18d4:0007][2026-05-10T02:03:24] Started: Copying file /Contents/Msbuild/Microsoft/VC/v170/Microsoft.Cpp.ToolsetLocation.props to D:\Program Files (x86)\Microsoft Visual Studio\2022\BuildTools\Msbuild\Microsoft\VC\v170\Microsoft.Cpp.ToolsetLocation.props
[18d4:0007][2026-05-10T02:03:24] Completed: Copying file /Contents/Msbuild/Microsoft/VC/v170/Microsoft.Cpp.ToolsetLocation.props to D:\Program Files (x86)\Microsoft Visual Studio\2022\BuildTools\Msbuild\Microsoft\VC\v170\Microsoft.Cpp.ToolsetLocation.props
[18d4:0007][2026-05-10T02:03:24] Timestamp updated for file 'D:\Program Files (x86)\Microsoft Visual Studio\2022\BuildTools\Msbuild\Microsoft\VC\v170\Microsoft.Cpp.ToolsetLocation.props'.
[18d4:0007][2026-05-10T02:03:24] Processing file /Contents/Msbuild/Microsoft/VC/v170/Microsoft.Cpp.ToolsetLocation.targets
[18d4:0007][2026-05-10T02:03:24] Started: Copying file /Contents/Msbuild/Microsoft/VC/v170/Microsoft.Cpp.ToolsetLocation.targets to D:\Program Files (x86)\Microsoft Visual Studio\2022\BuildTools\Msbuild\Microsoft\VC\v170\Microsoft.Cpp.ToolsetLocation.targets
[18d4:0007][2026-05-10T02:03:24] Completed: Copying file /Contents/Msbuild/Microsoft/VC/v170/Microsoft.Cpp.ToolsetLocation.targets to D:\Program Files (x86)\Microsoft Visual Studio\2022\BuildTools\Msbuild\Microsoft\VC\v170\Microsoft.Cpp.ToolsetLocation.targets
[18d4:0007][2026-05-10T02:03:24] Timestamp updated for file 'D:\Program Files (x86)\Microsoft Visual Studio\2022\BuildTools\Msbuild\Microsoft\VC\v170\Microsoft.Cpp.ToolsetLocation.targets'.
[18d4:0007][2026-05-10T02:03:24] Processing file /Contents/Msbuild/Microsoft/VC/v170/Microsoft.Cpp.unicodesupport.props
[18d4:0007][2026-05-10T02:03:24] Started: Copying file /Contents/Msbuild/Microsoft/VC/v170/Microsoft.Cpp.unicodesupport.props to D:\Program Files (x86)\Microsoft Visual Studio\2022\BuildTools\Msbuild\Microsoft\VC\v170\Microsoft.Cpp.unicodesupport.props
[18d4:0007][2026-05-10T02:03:24] Completed: Copying file /Contents/Msbuild/Microsoft/VC/v170/Microsoft.Cpp.unicodesupport.props to D:\Program Files (x86)\Microsoft Visual Studio\2022\BuildTools\Msbuild\Microsoft\VC\v170\Microsoft.Cpp.unicodesupport.props
[18d4:0007][2026-05-10T02:03:24] Timestamp updated for file 'D:\Program Files (x86)\Microsoft Visual Studio\2022\BuildTools\Msbuild\Microsoft\VC\v170\Microsoft.Cpp.unicodesupport.props'.
[18d4:0007][2026-05-10T02:03:24] Processing file /Contents/Msbuild/Microsoft/VC/v170/Microsoft.Cpp.UnitTest.props
[18d4:0007][2026-05-10T02:03:24] Started: Copying file /Contents/Msbuild/Microsoft/VC/v170/Microsoft.Cpp.UnitTest.props to D:\Program Files (x86)\Microsoft Visual Studio\2022\BuildTools\Msbuild\Microsoft\VC\v170\Microsoft.Cpp.UnitTest.props
[18d4:0007][2026-05-10T02:03:24] Completed: Copying file /Contents/Msbuild/Microsoft/VC/v170/Microsoft.Cpp.UnitTest.props to D:\Program Files (x86)\Microsoft Visual Studio\2022\BuildTools\Msbuild\Microsoft\VC\v170\Microsoft.Cpp.UnitTest.props
[18d4:0007][2026-05-10T02:03:24] Timestamp updated for file 'D:\Program Files (x86)\Microsoft Visual Studio\2022\BuildTools\Msbuild\Microsoft\VC\v170\Microsoft.Cpp.UnitTest.props'.
[18d4:0007][2026-05-10T02:03:24] Processing file /Contents/Msbuild/Microsoft/VC/v170/Microsoft.Cpp.Unity.props
[18d4:0007][2026-05-10T02:03:24] Started: Copying file /Contents/Msbuild/Microsoft/VC/v170/Microsoft.Cpp.Unity.props to D:\Program Files (x86)\Microsoft Visual Studio\2022\BuildTools\Msbuild\Microsoft\VC\v170\Microsoft.Cpp.Unity.props
[18d4:0007][2026-05-10T02:03:24] Completed: Copying file /Contents/Msbuild/Microsoft/VC/v170/Microsoft.Cpp.Unity.props to D:\Program Files (x86)\Microsoft Visual Studio\2022\BuildTools\Msbuild\Microsoft\VC\v170\Microsoft.Cpp.Unity.props
[18d4:0007][2026-05-10T02:03:24] Timestamp updated for file 'D:\Program Files (x86)\Microsoft Visual Studio\2022\BuildTools\Msbuild\Microsoft\VC\v170\Microsoft.Cpp.Unity.props'.
[18d4:0007][2026-05-10T02:03:24] Processing file /Contents/Msbuild/Microsoft/VC/v170/Microsoft.Cpp.Unity.targets
[18d4:0007][2026-05-10T02:03:24] Started: Copying file /Contents/Msbuild/Microsoft/VC/v170/Microsoft.Cpp.Unity.targets to D:\Program Files (x86)\Microsoft Visual Studio\2022\BuildTools\Msbuild\Microsoft\VC\v170\Microsoft.Cpp.Unity.targets
[18d4:0007][2026-05-10T02:03:24] Completed: Copying file /Contents/Msbuild/Microsoft/VC/v170/Microsoft.Cpp.Unity.targets to D:\Program Files (x86)\Microsoft Visual Studio\2022\BuildTools\Msbuild\Microsoft\VC\v170\Microsoft.Cpp.Unity.targets
[18d4:0007][2026-05-10T02:03:24] Timestamp updated for file 'D:\Program Files (x86)\Microsoft Visual Studio\2022\BuildTools\Msbuild\Microsoft\VC\v170\Microsoft.Cpp.Unity.targets'.
[18d4:0007][2026-05-10T02:03:24] Processing file /Contents/Msbuild/Microsoft/VC/v170/Microsoft.Cpp.UpgradeFromVC60.props
[18d4:0007][2026-05-10T02:03:24] Started: Copying file /Contents/Msbuild/Microsoft/VC/v170/Microsoft.Cpp.UpgradeFromVC60.props to D:\Program Files (x86)\Microsoft Visual Studio\2022\BuildTools\Msbuild\Microsoft\VC\v170\Microsoft.Cpp.UpgradeFromVC60.props
[18d4:0007][2026-05-10T02:03:24] Completed: Copying file /Contents/Msbuild/Microsoft/VC/v170/Microsoft.Cpp.UpgradeFromVC60.props to D:\Program Files (x86)\Microsoft Visual Studio\2022\BuildTools\Msbuild\Microsoft\VC\v170\Microsoft.Cpp.UpgradeFromVC60.props
[18d4:0007][2026-05-10T02:03:24] Timestamp updated for file 'D:\Program Files (x86)\Microsoft Visual Studio\2022\BuildTools\Msbuild\Microsoft\VC\v170\Microsoft.Cpp.UpgradeFromVC60.props'.
[18d4:0007][2026-05-10T02:03:24] Processing file /Contents/Msbuild/Microsoft/VC/v170/Microsoft.Cpp.UpgradeFromVC70.props
[18d4:0007][2026-05-10T02:03:24] Started: Copying file /Contents/Msbuild/Microsoft/VC/v170/Microsoft.Cpp.UpgradeFromVC70.props to D:\Program Files (x86)\Microsoft Visual Studio\2022\BuildTools\Msbuild\Microsoft\VC\v170\Microsoft.Cpp.UpgradeFromVC70.props
[18d4:0007][2026-05-10T02:03:24] Completed: Copying file /Contents/Msbuild/Microsoft/VC/v170/Microsoft.Cpp.UpgradeFromVC70.props to D:\Program Files (x86)\Microsoft Visual Studio\2022\BuildTools\Msbuild\Microsoft\VC\v170\Microsoft.Cpp.UpgradeFromVC70.props
[18d4:0007][2026-05-10T02:03:24] Timestamp updated for file 'D:\Program Files (x86)\Microsoft Visual Studio\2022\BuildTools\Msbuild\Microsoft\VC\v170\Microsoft.Cpp.UpgradeFromVC70.props'.
[18d4:0007][2026-05-10T02:03:24] Processing file /Contents/Msbuild/Microsoft/VC/v170/Microsoft.Cpp.UpgradeFromVC71.props
[18d4:0007][2026-05-10T02:03:24] Started: Copying file /Contents/Msbuild/Microsoft/VC/v170/Microsoft.Cpp.UpgradeFromVC71.props to D:\Program Files (x86)\Microsoft Visual Studio\2022\BuildTools\Msbuild\Microsoft\VC\v170\Microsoft.Cpp.UpgradeFromVC71.props
[18d4:0007][2026-05-10T02:03:24] Completed: Copying file /Contents/Msbuild/Microsoft/VC/v170/Microsoft.Cpp.UpgradeFromVC71.props to D:\Program Files (x86)\Microsoft Visual Studio\2022\BuildTools\Msbuild\Microsoft\VC\v170\Microsoft.Cpp.UpgradeFromVC71.props
[18d4:0007][2026-05-10T02:03:24] Timestamp updated for file 'D:\Program Files (x86)\Microsoft Visual Studio\2022\BuildTools\Msbuild\Microsoft\VC\v170\Microsoft.Cpp.UpgradeFromVC71.props'.
[18d4:0007][2026-05-10T02:03:24] Processing file /Contents/Msbuild/Microsoft/VC/v170/Microsoft.Cpp.UseDynamicDebugging.props
[18d4:0007][2026-05-10T02:03:24] Started: Copying file /Contents/Msbuild/Microsoft/VC/v170/Microsoft.Cpp.UseDynamicDebugging.props to D:\Program Files (x86)\Microsoft Visual Studio\2022\BuildTools\Msbuild\Microsoft\VC\v170\Microsoft.Cpp.UseDynamicDebugging.props
[18d4:0007][2026-05-10T02:03:24] Completed: Copying file /Contents/Msbuild/Microsoft/VC/v170/Microsoft.Cpp.UseDynamicDebugging.props to D:\Program Files (x86)\Microsoft Visual Studio\2022\BuildTools\Msbuild\Microsoft\VC\v170\Microsoft.Cpp.UseDynamicDebugging.props
[18d4:0007][2026-05-10T02:03:24] Timestamp updated for file 'D:\Program Files (x86)\Microsoft Visual Studio\2022\BuildTools\Msbuild\Microsoft\VC\v170\Microsoft.Cpp.UseDynamicDebugging.props'.
[18d4:0007][2026-05-10T02:03:24] Processing file /Contents/Msbuild/Microsoft/VC/v170/Microsoft.Cpp.VCTools.Content.props
[18d4:0007][2026-05-10T02:03:24] Started: Copying file /Contents/Msbuild/Microsoft/VC/v170/Microsoft.Cpp.VCTools.Content.props to D:\Program Files (x86)\Microsoft Visual Studio\2022\BuildTools\Msbuild\Microsoft\VC\v170\Microsoft.Cpp.VCTools.Content.props
[18d4:0007][2026-05-10T02:03:24] Completed: Copying file /Contents/Msbuild/Microsoft/VC/v170/Microsoft.Cpp.VCTools.Content.props to D:\Program Files (x86)\Microsoft Visual Studio\2022\BuildTools\Msbuild\Microsoft\VC\v170\Microsoft.Cpp.VCTools.Content.props
[18d4:0007][2026-05-10T02:03:24] Timestamp updated for file 'D:\Program Files (x86)\Microsoft Visual Studio\2022\BuildTools\Msbuild\Microsoft\VC\v170\Microsoft.Cpp.VCTools.Content.props'.
[18d4:0007][2026-05-10T02:03:24] Processing file /Contents/Msbuild/Microsoft/VC/v170/Microsoft.Cpp.VCTools.props
[18d4:0007][2026-05-10T02:03:24] Started: Copying file /Contents/Msbuild/Microsoft/VC/v170/Microsoft.Cpp.VCTools.props to D:\Program Files (x86)\Microsoft Visual Studio\2022\BuildTools\Msbuild\Microsoft\VC\v170\Microsoft.Cpp.VCTools.props
[18d4:0007][2026-05-10T02:03:24] Completed: Copying file /Contents/Msbuild/Microsoft/VC/v170/Microsoft.Cpp.VCTools.props to D:\Program Files (x86)\Microsoft Visual Studio\2022\BuildTools\Msbuild\Microsoft\VC\v170\Microsoft.Cpp.VCTools.props
[18d4:0007][2026-05-10T02:03:24] Timestamp updated for file 'D:\Program Files (x86)\Microsoft Visual Studio\2022\BuildTools\Msbuild\Microsoft\VC\v170\Microsoft.Cpp.VCTools.props'.
[18d4:0007][2026-05-10T02:03:24] Processing file /Contents/Msbuild/Microsoft/VC/v170/Microsoft.Cpp.WholeProgramOptimization.props
[18d4:0007][2026-05-10T02:03:24] Started: Copying file /Contents/Msbuild/Microsoft/VC/v170/Microsoft.Cpp.WholeProgramOptimization.props to D:\Program Files (x86)\Microsoft Visual Studio\2022\BuildTools\Msbuild\Microsoft\VC\v170\Microsoft.Cpp.WholeProgramOptimization.props
[18d4:0007][2026-05-10T02:03:24] Completed: Copying file /Contents/Msbuild/Microsoft/VC/v170/Microsoft.Cpp.WholeProgramOptimization.props to D:\Program Files (x86)\Microsoft Visual Studio\2022\BuildTools\Msbuild\Microsoft\VC\v170\Microsoft.Cpp.WholeProgramOptimization.props
[18d4:0007][2026-05-10T02:03:24] Timestamp updated for file 'D:\Program Files (x86)\Microsoft Visual Studio\2022\BuildTools\Msbuild\Microsoft\VC\v170\Microsoft.Cpp.WholeProgramOptimization.props'.
[18d4:0007][2026-05-10T02:03:24] Processing file /Contents/Msbuild/Microsoft/VC/v170/Microsoft.Cpp.WinDLL.props
[18d4:0007][2026-05-10T02:03:24] Started: Copying file /Contents/Msbuild/Microsoft/VC/v170/Microsoft.Cpp.WinDLL.props to D:\Program Files (x86)\Microsoft Visual Studio\2022\BuildTools\Msbuild\Microsoft\VC\v170\Microsoft.Cpp.WinDLL.props
[18d4:0007][2026-05-10T02:03:24] Completed: Copying file /Contents/Msbuild/Microsoft/VC/v170/Microsoft.Cpp.WinDLL.props to D:\Program Files (x86)\Microsoft Visual Studio\2022\BuildTools\Msbuild\Microsoft\VC\v170\Microsoft.Cpp.WinDLL.props
[18d4:0007][2026-05-10T02:03:24] Timestamp updated for file 'D:\Program Files (x86)\Microsoft Visual Studio\2022\BuildTools\Msbuild\Microsoft\VC\v170\Microsoft.Cpp.WinDLL.props'.
[18d4:0007][2026-05-10T02:03:24] Processing file /Contents/Msbuild/Microsoft/VC/v170/Microsoft.Cpp.WindowsSDK.props
[18d4:0007][2026-05-10T02:03:24] Started: Copying file /Contents/Msbuild/Microsoft/VC/v170/Microsoft.Cpp.WindowsSDK.props to D:\Program Files (x86)\Microsoft Visual Studio\2022\BuildTools\Msbuild\Microsoft\VC\v170\Microsoft.Cpp.WindowsSDK.props
[18d4:0007][2026-05-10T02:03:24] Completed: Copying file /Contents/Msbuild/Microsoft/VC/v170/Microsoft.Cpp.WindowsSDK.props to D:\Program Files (x86)\Microsoft Visual Studio\2022\BuildTools\Msbuild\Microsoft\VC\v170\Microsoft.Cpp.WindowsSDK.props
[18d4:0007][2026-05-10T02:03:24] Timestamp updated for file 'D:\Program Files (x86)\Microsoft Visual Studio\2022\BuildTools\Msbuild\Microsoft\VC\v170\Microsoft.Cpp.WindowsSDK.props'.
[18d4:0007][2026-05-10T02:03:24] Processing file /Contents/Msbuild/Microsoft/VC/v170/Microsoft.Cpp.WindowsSDK.targets
[18d4:0007][2026-05-10T02:03:24] Started: Copying file /Contents/Msbuild/Microsoft/VC/v170/Microsoft.Cpp.WindowsSDK.targets to D:\Program Files (x86)\Microsoft Visual Studio\2022\BuildTools\Msbuild\Microsoft\VC\v170\Microsoft.Cpp.WindowsSDK.targets
[18d4:0007][2026-05-10T02:03:24] Completed: Copying file /Contents/Msbuild/Microsoft/VC/v170/Microsoft.Cpp.WindowsSDK.targets to D:\Program Files (x86)\Microsoft Visual Studio\2022\BuildTools\Msbuild\Microsoft\VC\v170\Microsoft.Cpp.WindowsSDK.targets
[18d4:0007][2026-05-10T02:03:24] Timestamp updated for file 'D:\Program Files (x86)\Microsoft Visual Studio\2022\BuildTools\Msbuild\Microsoft\VC\v170\Microsoft.Cpp.WindowsSDK.targets'.
[18d4:0007][2026-05-10T02:03:24] Processing file /Contents/Msbuild/Microsoft/VC/v170/Microsoft.CppBuild.targets
[18d4:0007][2026-05-10T02:03:24] Started: Copying file /Contents/Msbuild/Microsoft/VC/v170/Microsoft.CppBuild.targets to D:\Program Files (x86)\Microsoft Visual Studio\2022\BuildTools\Msbuild\Microsoft\VC\v170\Microsoft.CppBuild.targets
[18d4:0007][2026-05-10T02:03:24] Completed: Copying file /Contents/Msbuild/Microsoft/VC/v170/Microsoft.CppBuild.targets to D:\Program Files (x86)\Microsoft Visual Studio\2022\BuildTools\Msbuild\Microsoft\VC\v170\Microsoft.CppBuild.targets
[18d4:0007][2026-05-10T02:03:24] Timestamp updated for file 'D:\Program Files (x86)\Microsoft Visual Studio\2022\BuildTools\Msbuild\Microsoft\VC\v170\Microsoft.CppBuild.targets'.
[18d4:0007][2026-05-10T02:03:24] Processing file /Contents/Msbuild/Microsoft/VC/v170/Microsoft.CppClean.targets
[18d4:0007][2026-05-10T02:03:24] Started: Copying file /Contents/Msbuild/Microsoft/VC/v170/Microsoft.CppClean.targets to D:\Program Files (x86)\Microsoft Visual Studio\2022\BuildTools\Msbuild\Microsoft\VC\v170\Microsoft.CppClean.targets
[18d4:0007][2026-05-10T02:03:24] Completed: Copying file /Contents/Msbuild/Microsoft/VC/v170/Microsoft.CppClean.targets to D:\Program Files (x86)\Microsoft Visual Studio\2022\BuildTools\Msbuild\Microsoft\VC\v170\Microsoft.CppClean.targets
[18d4:0007][2026-05-10T02:03:24] Timestamp updated for file 'D:\Program Files (x86)\Microsoft Visual Studio\2022\BuildTools\Msbuild\Microsoft\VC\v170\Microsoft.CppClean.targets'.
[18d4:0007][2026-05-10T02:03:24] Processing file /Contents/Msbuild/Microsoft/VC/v170/Microsoft.CppCommon.targets
[18d4:0007][2026-05-10T02:03:24] Started: Copying file /Contents/Msbuild/Microsoft/VC/v170/Microsoft.CppCommon.targets to D:\Program Files (x86)\Microsoft Visual Studio\2022\BuildTools\Msbuild\Microsoft\VC\v170\Microsoft.CppCommon.targets
[18d4:0007][2026-05-10T02:03:24] Completed: Copying file /Contents/Msbuild/Microsoft/VC/v170/Microsoft.CppCommon.targets to D:\Program Files (x86)\Microsoft Visual Studio\2022\BuildTools\Msbuild\Microsoft\VC\v170\Microsoft.CppCommon.targets
[18d4:0007][2026-05-10T02:03:24] Timestamp updated for file 'D:\Program Files (x86)\Microsoft Visual Studio\2022\BuildTools\Msbuild\Microsoft\VC\v170\Microsoft.CppCommon.targets'.
[18d4:0007][2026-05-10T02:03:24] Processing file /Contents/Msbuild/Microsoft/VC/v170/Microsoft.Link.Common.props
[18d4:0007][2026-05-10T02:03:24] Started: Copying file /Contents/Msbuild/Microsoft/VC/v170/Microsoft.Link.Common.props to D:\Program Files (x86)\Microsoft Visual Studio\2022\BuildTools\Msbuild\Microsoft\VC\v170\Microsoft.Link.Common.props
[18d4:0007][2026-05-10T02:03:24] Completed: Copying file /Contents/Msbuild/Microsoft/VC/v170/Microsoft.Link.Common.props to D:\Program Files (x86)\Microsoft Visual Studio\2022\BuildTools\Msbuild\Microsoft\VC\v170\Microsoft.Link.Common.props
[18d4:0007][2026-05-10T02:03:24] Timestamp updated for file 'D:\Program Files (x86)\Microsoft Visual Studio\2022\BuildTools\Msbuild\Microsoft\VC\v170\Microsoft.Link.Common.props'.
[18d4:0007][2026-05-10T02:03:24] Processing file /Contents/Msbuild/Microsoft/VC/v170/Microsoft.Makefile.props
[18d4:0007][2026-05-10T02:03:24] Started: Copying file /Contents/Msbuild/Microsoft/VC/v170/Microsoft.Makefile.props to D:\Program Files (x86)\Microsoft Visual Studio\2022\BuildTools\Msbuild\Microsoft\VC\v170\Microsoft.Makefile.props
[18d4:0007][2026-05-10T02:03:24] Completed: Copying file /Contents/Msbuild/Microsoft/VC/v170/Microsoft.Makefile.props to D:\Program Files (x86)\Microsoft Visual Studio\2022\BuildTools\Msbuild\Microsoft\VC\v170\Microsoft.Makefile.props
[18d4:0007][2026-05-10T02:03:24] Timestamp updated for file 'D:\Program Files (x86)\Microsoft Visual Studio\2022\BuildTools\Msbuild\Microsoft\VC\v170\Microsoft.Makefile.props'.
[18d4:0007][2026-05-10T02:03:24] Processing file /Contents/Msbuild/Microsoft/VC/v170/Microsoft.MakeFile.targets
[18d4:0007][2026-05-10T02:03:24] Started: Copying file /Contents/Msbuild/Microsoft/VC/v170/Microsoft.MakeFile.targets to D:\Program Files (x86)\Microsoft Visual Studio\2022\BuildTools\Msbuild\Microsoft\VC\v170\Microsoft.MakeFile.targets
[18d4:0007][2026-05-10T02:03:24] Completed: Copying file /Contents/Msbuild/Microsoft/VC/v170/Microsoft.MakeFile.targets to D:\Program Files (x86)\Microsoft Visual Studio\2022\BuildTools\Msbuild\Microsoft\VC\v170\Microsoft.MakeFile.targets
[18d4:0007][2026-05-10T02:03:24] Timestamp updated for file 'D:\Program Files (x86)\Microsoft Visual Studio\2022\BuildTools\Msbuild\Microsoft\VC\v170\Microsoft.MakeFile.targets'.
[18d4:0007][2026-05-10T02:03:24] Processing file /Contents/Msbuild/Microsoft/VC/v170/Microsoft.Metagen.targets
[18d4:0007][2026-05-10T02:03:24] Started: Copying file /Contents/Msbuild/Microsoft/VC/v170/Microsoft.Metagen.targets to D:\Program Files (x86)\Microsoft Visual Studio\2022\BuildTools\Msbuild\Microsoft\VC\v170\Microsoft.Metagen.targets
[18d4:0007][2026-05-10T02:03:24] Completed: Copying file /Contents/Msbuild/Microsoft/VC/v170/Microsoft.Metagen.targets to D:\Program Files (x86)\Microsoft Visual Studio\2022\BuildTools\Msbuild\Microsoft\VC\v170\Microsoft.Metagen.targets
[18d4:0007][2026-05-10T02:03:24] Timestamp updated for file 'D:\Program Files (x86)\Microsoft Visual Studio\2022\BuildTools\Msbuild\Microsoft\VC\v170\Microsoft.Metagen.targets'.
[18d4:0007][2026-05-10T02:03:24] Package executed successfully. Return code: 0
