[18d4:0007][2026-05-10T02:03:33] Opening the package for processing
[18d4:0007][2026-05-10T02:03:33] Using package payload to get the embedded manifest
[18d4:0007][2026-05-10T02:03:33] Getting list of files within the package
[18d4:0007][2026-05-10T02:03:33] Processing file /catalog.json
[18d4:0007][2026-05-10T02:03:33] Started: Copying file /catalog.json to D:\Program Files (x86)\Microsoft Visual Studio\2022\BuildTools\Common7\IDE\CommonExtensions\Microsoft\Extensibility\catalog.json
[18d4:0007][2026-05-10T02:03:33] Completed: Copying file /catalog.json to D:\Program Files (x86)\Microsoft Visual Studio\2022\BuildTools\Common7\IDE\CommonExtensions\Microsoft\Extensibility\catalog.json
[18d4:0007][2026-05-10T02:03:33] Timestamp updated for file 'D:\Program Files (x86)\Microsoft Visual Studio\2022\BuildTools\Common7\IDE\CommonExtensions\Microsoft\Extensibility\catalog.json'.
[18d4:0007][2026-05-10T02:03:33] Processing file /cs/Microsoft.VisualStudio.Extensibility.Contracts.resources.dll
[18d4:0007][2026-05-10T02:03:33] Started: Copying file /cs/Microsoft.VisualStudio.Extensibility.Contracts.resources.dll to D:\Program Files (x86)\Microsoft Visual Studio\2022\BuildTools\Common7\IDE\CommonExtensions\Microsoft\Extensibility\cs\Microsoft.VisualStudio.Extensibility.Contracts.resources.dll
[18d4:0007][2026-05-10T02:03:33] Completed: Copying file /cs/Microsoft.VisualStudio.Extensibility.Contracts.resources.dll to D:\Program Files (x86)\Microsoft Visual Studio\2022\BuildTools\Common7\IDE\CommonExtensions\Microsoft\Extensibility\cs\Microsoft.VisualStudio.Extensibility.Contracts.resources.dll
[18d4:0007][2026-05-10T02:03:33] Timestamp updated for file 'D:\Program Files (x86)\Microsoft Visual Studio\2022\BuildTools\Common7\IDE\CommonExtensions\Microsoft\Extensibility\cs\Microsoft.VisualStudio.Extensibility.Contracts.resources.dll'.
[18d4:0007][2026-05-10T02:03:33] Processing file /cs/Microsoft.VisualStudio.Extensibility.Framework.resources.dll
[18d4:0007][2026-05-10T02:03:33] Started: Copying file /cs/Microsoft.VisualStudio.Extensibility.Framework.resources.dll to D:\Program Files (x86)\Microsoft Visual Studio\2022\BuildTools\Common7\IDE\CommonExtensions\Microsoft\Extensibility\cs\Microsoft.VisualStudio.Extensibility.Framework.resources.dll
[18d4:0007][2026-05-10T02:03:33] Completed: Copying file /cs/Microsoft.VisualStudio.Extensibility.Framework.resources.dll to D:\Program Files (x86)\Microsoft Visual Studio\2022\BuildTools\Common7\IDE\CommonExtensions\Microsoft\Extensibility\cs\Microsoft.VisualStudio.Extensibility.Framework.resources.dll
[18d4:0007][2026-05-10T02:03:33] Timestamp updated for file 'D:\Program Files (x86)\Microsoft Visual Studio\2022\BuildTools\Common7\IDE\CommonExtensions\Microsoft\Extensibility\cs\Microsoft.VisualStudio.Extensibility.Framework.resources.dll'.
[18d4:0007][2026-05-10T02:03:33] Processing file /cs/Microsoft.VisualStudio.Extensibility.resources.dll
[18d4:0007][2026-05-10T02:03:33] Started: Copying file /cs/Microsoft.VisualStudio.Extensibility.resources.dll to D:\Program Files (x86)\Microsoft Visual Studio\2022\BuildTools\Common7\IDE\CommonExtensions\Microsoft\Extensibility\cs\Microsoft.VisualStudio.Extensibility.resources.dll
[18d4:0007][2026-05-10T02:03:33] Completed: Copying file /cs/Microsoft.VisualStudio.Extensibility.resources.dll to D:\Program Files (x86)\Microsoft Visual Studio\2022\BuildTools\Common7\IDE\CommonExtensions\Microsoft\Extensibility\cs\Microsoft.VisualStudio.Extensibility.resources.dll
[18d4:0007][2026-05-10T02:03:33] Timestamp updated for file 'D:\Program Files (x86)\Microsoft Visual Studio\2022\BuildTools\Common7\IDE\CommonExtensions\Microsoft\Extensibility\cs\Microsoft.VisualStudio.Extensibility.resources.dll'.
[18d4:0007][2026-05-10T02:03:33] Processing file /de/Microsoft.VisualStudio.Extensibility.Contracts.resources.dll
[18d4:0007][2026-05-10T02:03:33] Started: Copying file /de/Microsoft.VisualStudio.Extensibility.Contracts.resources.dll to D:\Program Files (x86)\Microsoft Visual Studio\2022\BuildTools\Common7\IDE\CommonExtensions\Microsoft\Extensibility\de\Microsoft.VisualStudio.Extensibility.Contracts.resources.dll
[18d4:0007][2026-05-10T02:03:33] Completed: Copying file /de/Microsoft.VisualStudio.Extensibility.Contracts.resources.dll to D:\Program Files (x86)\Microsoft Visual Studio\2022\BuildTools\Common7\IDE\CommonExtensions\Microsoft\Extensibility\de\Microsoft.VisualStudio.Extensibility.Contracts.resources.dll
[18d4:0007][2026-05-10T02:03:33] Timestamp updated for file 'D:\Program Files (x86)\Microsoft Visual Studio\2022\BuildTools\Common7\IDE\CommonExtensions\Microsoft\Extensibility\de\Microsoft.VisualStudio.Extensibility.Contracts.resources.dll'.
[18d4:0007][2026-05-10T02:03:33] Processing file /de/Microsoft.VisualStudio.Extensibility.Framework.resources.dll
[18d4:0007][2026-05-10T02:03:33] Started: Copying file /de/Microsoft.VisualStudio.Extensibility.Framework.resources.dll to D:\Program Files (x86)\Microsoft Visual Studio\2022\BuildTools\Common7\IDE\CommonExtensions\Microsoft\Extensibility\de\Microsoft.VisualStudio.Extensibility.Framework.resources.dll
[18d4:0007][2026-05-10T02:03:33] Completed: Copying file /de/Microsoft.VisualStudio.Extensibility.Framework.resources.dll to D:\Program Files (x86)\Microsoft Visual Studio\2022\BuildTools\Common7\IDE\CommonExtensions\Microsoft\Extensibility\de\Microsoft.VisualStudio.Extensibility.Framework.resources.dll
[18d4:0007][2026-05-10T02:03:33] Timestamp updated for file 'D:\Program Files (x86)\Microsoft Visual Studio\2022\BuildTools\Common7\IDE\CommonExtensions\Microsoft\Extensibility\de\Microsoft.VisualStudio.Extensibility.Framework.resources.dll'.
[18d4:0007][2026-05-10T02:03:33] Processing file /de/Microsoft.VisualStudio.Extensibility.resources.dll
[18d4:0007][2026-05-10T02:03:33] Started: Copying file /de/Microsoft.VisualStudio.Extensibility.resources.dll to D:\Program Files (x86)\Microsoft Visual Studio\2022\BuildTools\Common7\IDE\CommonExtensions\Microsoft\Extensibility\de\Microsoft.VisualStudio.Extensibility.resources.dll
[18d4:0007][2026-05-10T02:03:33] Completed: Copying file /de/Microsoft.VisualStudio.Extensibility.resources.dll to D:\Program Files (x86)\Microsoft Visual Studio\2022\BuildTools\Common7\IDE\CommonExtensions\Microsoft\Extensibility\de\Microsoft.VisualStudio.Extensibility.resources.dll
[18d4:0007][2026-05-10T02:03:33] Timestamp updated for file 'D:\Program Files (x86)\Microsoft Visual Studio\2022\BuildTools\Common7\IDE\CommonExtensions\Microsoft\Extensibility\de\Microsoft.VisualStudio.Extensibility.resources.dll'.
[18d4:0007][2026-05-10T02:03:33] Processing file /es/Microsoft.VisualStudio.Extensibility.Contracts.resources.dll
[18d4:0007][2026-05-10T02:03:33] Started: Copying file /es/Microsoft.VisualStudio.Extensibility.Contracts.resources.dll to D:\Program Files (x86)\Microsoft Visual Studio\2022\BuildTools\Common7\IDE\CommonExtensions\Microsoft\Extensibility\es\Microsoft.VisualStudio.Extensibility.Contracts.resources.dll
[18d4:0007][2026-05-10T02:03:33] Completed: Copying file /es/Microsoft.VisualStudio.Extensibility.Contracts.resources.dll to D:\Program Files (x86)\Microsoft Visual Studio\2022\BuildTools\Common7\IDE\CommonExtensions\Microsoft\Extensibility\es\Microsoft.VisualStudio.Extensibility.Contracts.resources.dll
[18d4:0007][2026-05-10T02:03:33] Timestamp updated for file 'D:\Program Files (x86)\Microsoft Visual Studio\2022\BuildTools\Common7\IDE\CommonExtensions\Microsoft\Extensibility\es\Microsoft.VisualStudio.Extensibility.Contracts.resources.dll'.
[18d4:0007][2026-05-10T02:03:33] Processing file /es/Microsoft.VisualStudio.Extensibility.Framework.resources.dll
[18d4:0007][2026-05-10T02:03:33] Started: Copying file /es/Microsoft.VisualStudio.Extensibility.Framework.resources.dll to D:\Program Files (x86)\Microsoft Visual Studio\2022\BuildTools\Common7\IDE\CommonExtensions\Microsoft\Extensibility\es\Microsoft.VisualStudio.Extensibility.Framework.resources.dll
[18d4:0007][2026-05-10T02:03:33] Completed: Copying file /es/Microsoft.VisualStudio.Extensibility.Framework.resources.dll to D:\Program Files (x86)\Microsoft Visual Studio\2022\BuildTools\Common7\IDE\CommonExtensions\Microsoft\Extensibility\es\Microsoft.VisualStudio.Extensibility.Framework.resources.dll
[18d4:0007][2026-05-10T02:03:33] Timestamp updated for file 'D:\Program Files (x86)\Microsoft Visual Studio\2022\BuildTools\Common7\IDE\CommonExtensions\Microsoft\Extensibility\es\Microsoft.VisualStudio.Extensibility.Framework.resources.dll'.
[18d4:0007][2026-05-10T02:03:33] Processing file /es/Microsoft.VisualStudio.Extensibility.resources.dll
[18d4:0007][2026-05-10T02:03:33] Started: Copying file /es/Microsoft.VisualStudio.Extensibility.resources.dll to D:\Program Files (x86)\Microsoft Visual Studio\2022\BuildTools\Common7\IDE\CommonExtensions\Microsoft\Extensibility\es\Microsoft.VisualStudio.Extensibility.resources.dll
[18d4:0007][2026-05-10T02:03:33] Completed: Copying file /es/Microsoft.VisualStudio.Extensibility.resources.dll to D:\Program Files (x86)\Microsoft Visual Studio\2022\BuildTools\Common7\IDE\CommonExtensions\Microsoft\Extensibility\es\Microsoft.VisualStudio.Extensibility.resources.dll
[18d4:0007][2026-05-10T02:03:33] Timestamp updated for file 'D:\Program Files (x86)\Microsoft Visual Studio\2022\BuildTools\Common7\IDE\CommonExtensions\Microsoft\Extensibility\es\Microsoft.VisualStudio.Extensibility.resources.dll'.
[18d4:0007][2026-05-10T02:03:33] Processing file /fr/Microsoft.VisualStudio.Extensibility.Contracts.resources.dll
[18d4:0007][2026-05-10T02:03:33] Started: Copying file /fr/Microsoft.VisualStudio.Extensibility.Contracts.resources.dll to D:\Program Files (x86)\Microsoft Visual Studio\2022\BuildTools\Common7\IDE\CommonExtensions\Microsoft\Extensibility\fr\Microsoft.VisualStudio.Extensibility.Contracts.resources.dll
[18d4:0007][2026-05-10T02:03:33] Completed: Copying file /fr/Microsoft.VisualStudio.Extensibility.Contracts.resources.dll to D:\Program Files (x86)\Microsoft Visual Studio\2022\BuildTools\Common7\IDE\CommonExtensions\Microsoft\Extensibility\fr\Microsoft.VisualStudio.Extensibility.Contracts.resources.dll
[18d4:0007][2026-05-10T02:03:33] Timestamp updated for file 'D:\Program Files (x86)\Microsoft Visual Studio\2022\BuildTools\Common7\IDE\CommonExtensions\Microsoft\Extensibility\fr\Microsoft.VisualStudio.Extensibility.Contracts.resources.dll'.
[18d4:0007][2026-05-10T02:03:33] Processing file /fr/Microsoft.VisualStudio.Extensibility.Framework.resources.dll
[18d4:0007][2026-05-10T02:03:33] Started: Copying file /fr/Microsoft.VisualStudio.Extensibility.Framework.resources.dll to D:\Program Files (x86)\Microsoft Visual Studio\2022\BuildTools\Common7\IDE\CommonExtensions\Microsoft\Extensibility\fr\Microsoft.VisualStudio.Extensibility.Framework.resources.dll
[18d4:0007][2026-05-10T02:03:33] Completed: Copying file /fr/Microsoft.VisualStudio.Extensibility.Framework.resources.dll to D:\Program Files (x86)\Microsoft Visual Studio\2022\BuildTools\Common7\IDE\CommonExtensions\Microsoft\Extensibility\fr\Microsoft.VisualStudio.Extensibility.Framework.resources.dll
[18d4:0007][2026-05-10T02:03:33] Timestamp updated for file 'D:\Program Files (x86)\Microsoft Visual Studio\2022\BuildTools\Common7\IDE\CommonExtensions\Microsoft\Extensibility\fr\Microsoft.VisualStudio.Extensibility.Framework.resources.dll'.
[18d4:0007][2026-05-10T02:03:33] Processing file /fr/Microsoft.VisualStudio.Extensibility.resources.dll
[18d4:0007][2026-05-10T02:03:33] Started: Copying file /fr/Microsoft.VisualStudio.Extensibility.resources.dll to D:\Program Files (x86)\Microsoft Visual Studio\2022\BuildTools\Common7\IDE\CommonExtensions\Microsoft\Extensibility\fr\Microsoft.VisualStudio.Extensibility.resources.dll
[18d4:0007][2026-05-10T02:03:33] Completed: Copying file /fr/Microsoft.VisualStudio.Extensibility.resources.dll to D:\Program Files (x86)\Microsoft Visual Studio\2022\BuildTools\Common7\IDE\CommonExtensions\Microsoft\Extensibility\fr\Microsoft.VisualStudio.Extensibility.resources.dll
[18d4:0007][2026-05-10T02:03:33] Timestamp updated for file 'D:\Program Files (x86)\Microsoft Visual Studio\2022\BuildTools\Common7\IDE\CommonExtensions\Microsoft\Extensibility\fr\Microsoft.VisualStudio.Extensibility.resources.dll'.
[18d4:0007][2026-05-10T02:03:33] Processing file /it/Microsoft.VisualStudio.Extensibility.Contracts.resources.dll
[18d4:0007][2026-05-10T02:03:33] Started: Copying file /it/Microsoft.VisualStudio.Extensibility.Contracts.resources.dll to D:\Program Files (x86)\Microsoft Visual Studio\2022\BuildTools\Common7\IDE\CommonExtensions\Microsoft\Extensibility\it\Microsoft.VisualStudio.Extensibility.Contracts.resources.dll
[18d4:0007][2026-05-10T02:03:33] Completed: Copying file /it/Microsoft.VisualStudio.Extensibility.Contracts.resources.dll to D:\Program Files (x86)\Microsoft Visual Studio\2022\BuildTools\Common7\IDE\CommonExtensions\Microsoft\Extensibility\it\Microsoft.VisualStudio.Extensibility.Contracts.resources.dll
[18d4:0007][2026-05-10T02:03:33] Timestamp updated for file 'D:\Program Files (x86)\Microsoft Visual Studio\2022\BuildTools\Common7\IDE\CommonExtensions\Microsoft\Extensibility\it\Microsoft.VisualStudio.Extensibility.Contracts.resources.dll'.
[18d4:0007][2026-05-10T02:03:33] Processing file /it/Microsoft.VisualStudio.Extensibility.Framework.resources.dll
[18d4:0007][2026-05-10T02:03:33] Started: Copying file /it/Microsoft.VisualStudio.Extensibility.Framework.resources.dll to D:\Program Files (x86)\Microsoft Visual Studio\2022\BuildTools\Common7\IDE\CommonExtensions\Microsoft\Extensibility\it\Microsoft.VisualStudio.Extensibility.Framework.resources.dll
[18d4:0007][2026-05-10T02:03:33] Completed: Copying file /it/Microsoft.VisualStudio.Extensibility.Framework.resources.dll to D:\Program Files (x86)\Microsoft Visual Studio\2022\BuildTools\Common7\IDE\CommonExtensions\Microsoft\Extensibility\it\Microsoft.VisualStudio.Extensibility.Framework.resources.dll
[18d4:0007][2026-05-10T02:03:33] Timestamp updated for file 'D:\Program Files (x86)\Microsoft Visual Studio\2022\BuildTools\Common7\IDE\CommonExtensions\Microsoft\Extensibility\it\Microsoft.VisualStudio.Extensibility.Framework.resources.dll'.
[18d4:0007][2026-05-10T02:03:33] Processing file /it/Microsoft.VisualStudio.Extensibility.resources.dll
[18d4:0007][2026-05-10T02:03:33] Started: Copying file /it/Microsoft.VisualStudio.Extensibility.resources.dll to D:\Program Files (x86)\Microsoft Visual Studio\2022\BuildTools\Common7\IDE\CommonExtensions\Microsoft\Extensibility\it\Microsoft.VisualStudio.Extensibility.resources.dll
[18d4:0007][2026-05-10T02:03:33] Completed: Copying file /it/Microsoft.VisualStudio.Extensibility.resources.dll to D:\Program Files (x86)\Microsoft Visual Studio\2022\BuildTools\Common7\IDE\CommonExtensions\Microsoft\Extensibility\it\Microsoft.VisualStudio.Extensibility.resources.dll
[18d4:0007][2026-05-10T02:03:33] Timestamp updated for file 'D:\Program Files (x86)\Microsoft Visual Studio\2022\BuildTools\Common7\IDE\CommonExtensions\Microsoft\Extensibility\it\Microsoft.VisualStudio.Extensibility.resources.dll'.
[18d4:0007][2026-05-10T02:03:33] Processing file /ja/Microsoft.VisualStudio.Extensibility.Contracts.resources.dll
[18d4:0007][2026-05-10T02:03:33] Started: Copying file /ja/Microsoft.VisualStudio.Extensibility.Contracts.resources.dll to D:\Program Files (x86)\Microsoft Visual Studio\2022\BuildTools\Common7\IDE\CommonExtensions\Microsoft\Extensibility\ja\Microsoft.VisualStudio.Extensibility.Contracts.resources.dll
[18d4:0007][2026-05-10T02:03:33] Completed: Copying file /ja/Microsoft.VisualStudio.Extensibility.Contracts.resources.dll to D:\Program Files (x86)\Microsoft Visual Studio\2022\BuildTools\Common7\IDE\CommonExtensions\Microsoft\Extensibility\ja\Microsoft.VisualStudio.Extensibility.Contracts.resources.dll
[18d4:0007][2026-05-10T02:03:33] Timestamp updated for file 'D:\Program Files (x86)\Microsoft Visual Studio\2022\BuildTools\Common7\IDE\CommonExtensions\Microsoft\Extensibility\ja\Microsoft.VisualStudio.Extensibility.Contracts.resources.dll'.
[18d4:0007][2026-05-10T02:03:33] Processing file /ja/Microsoft.VisualStudio.Extensibility.Framework.resources.dll
[18d4:0007][2026-05-10T02:03:33] Started: Copying file /ja/Microsoft.VisualStudio.Extensibility.Framework.resources.dll to D:\Program Files (x86)\Microsoft Visual Studio\2022\BuildTools\Common7\IDE\CommonExtensions\Microsoft\Extensibility\ja\Microsoft.VisualStudio.Extensibility.Framework.resources.dll
[18d4:0007][2026-05-10T02:03:33] Completed: Copying file /ja/Microsoft.VisualStudio.Extensibility.Framework.resources.dll to D:\Program Files (x86)\Microsoft Visual Studio\2022\BuildTools\Common7\IDE\CommonExtensions\Microsoft\Extensibility\ja\Microsoft.VisualStudio.Extensibility.Framework.resources.dll
[18d4:0007][2026-05-10T02:03:33] Timestamp updated for file 'D:\Program Files (x86)\Microsoft Visual Studio\2022\BuildTools\Common7\IDE\CommonExtensions\Microsoft\Extensibility\ja\Microsoft.VisualStudio.Extensibility.Framework.resources.dll'.
[18d4:0007][2026-05-10T02:03:33] Processing file /ja/Microsoft.VisualStudio.Extensibility.resources.dll
[18d4:0007][2026-05-10T02:03:33] Started: Copying file /ja/Microsoft.VisualStudio.Extensibility.resources.dll to D:\Program Files (x86)\Microsoft Visual Studio\2022\BuildTools\Common7\IDE\CommonExtensions\Microsoft\Extensibility\ja\Microsoft.VisualStudio.Extensibility.resources.dll
[18d4:0007][2026-05-10T02:03:33] Completed: Copying file /ja/Microsoft.VisualStudio.Extensibility.resources.dll to D:\Program Files (x86)\Microsoft Visual Studio\2022\BuildTools\Common7\IDE\CommonExtensions\Microsoft\Extensibility\ja\Microsoft.VisualStudio.Extensibility.resources.dll
[18d4:0007][2026-05-10T02:03:33] Timestamp updated for file 'D:\Program Files (x86)\Microsoft Visual Studio\2022\BuildTools\Common7\IDE\CommonExtensions\Microsoft\Extensibility\ja\Microsoft.VisualStudio.Extensibility.resources.dll'.
[18d4:0007][2026-05-10T02:03:33] Processing file /ko/Microsoft.VisualStudio.Extensibility.Contracts.resources.dll
[18d4:0007][2026-05-10T02:03:33] Started: Copying file /ko/Microsoft.VisualStudio.Extensibility.Contracts.resources.dll to D:\Program Files (x86)\Microsoft Visual Studio\2022\BuildTools\Common7\IDE\CommonExtensions\Microsoft\Extensibility\ko\Microsoft.VisualStudio.Extensibility.Contracts.resources.dll
[18d4:0007][2026-05-10T02:03:33] Completed: Copying file /ko/Microsoft.VisualStudio.Extensibility.Contracts.resources.dll to D:\Program Files (x86)\Microsoft Visual Studio\2022\BuildTools\Common7\IDE\CommonExtensions\Microsoft\Extensibility\ko\Microsoft.VisualStudio.Extensibility.Contracts.resources.dll
[18d4:0007][2026-05-10T02:03:33] Timestamp updated for file 'D:\Program Files (x86)\Microsoft Visual Studio\2022\BuildTools\Common7\IDE\CommonExtensions\Microsoft\Extensibility\ko\Microsoft.VisualStudio.Extensibility.Contracts.resources.dll'.
[18d4:0007][2026-05-10T02:03:33] Processing file /ko/Microsoft.VisualStudio.Extensibility.Framework.resources.dll
[18d4:0007][2026-05-10T02:03:33] Started: Copying file /ko/Microsoft.VisualStudio.Extensibility.Framework.resources.dll to D:\Program Files (x86)\Microsoft Visual Studio\2022\BuildTools\Common7\IDE\CommonExtensions\Microsoft\Extensibility\ko\Microsoft.VisualStudio.Extensibility.Framework.resources.dll
[18d4:0007][2026-05-10T02:03:33] Completed: Copying file /ko/Microsoft.VisualStudio.Extensibility.Framework.resources.dll to D:\Program Files (x86)\Microsoft Visual Studio\2022\BuildTools\Common7\IDE\CommonExtensions\Microsoft\Extensibility\ko\Microsoft.VisualStudio.Extensibility.Framework.resources.dll
[18d4:0007][2026-05-10T02:03:33] Timestamp updated for file 'D:\Program Files (x86)\Microsoft Visual Studio\2022\BuildTools\Common7\IDE\CommonExtensions\Microsoft\Extensibility\ko\Microsoft.VisualStudio.Extensibility.Framework.resources.dll'.
[18d4:0007][2026-05-10T02:03:33] Processing file /ko/Microsoft.VisualStudio.Extensibility.resources.dll
[18d4:0007][2026-05-10T02:03:33] Started: Copying file /ko/Microsoft.VisualStudio.Extensibility.resources.dll to D:\Program Files (x86)\Microsoft Visual Studio\2022\BuildTools\Common7\IDE\CommonExtensions\Microsoft\Extensibility\ko\Microsoft.VisualStudio.Extensibility.resources.dll
[18d4:0007][2026-05-10T02:03:33] Completed: Copying file /ko/Microsoft.VisualStudio.Extensibility.resources.dll to D:\Program Files (x86)\Microsoft Visual Studio\2022\BuildTools\Common7\IDE\CommonExtensions\Microsoft\Extensibility\ko\Microsoft.VisualStudio.Extensibility.resources.dll
[18d4:0007][2026-05-10T02:03:33] Timestamp updated for file 'D:\Program Files (x86)\Microsoft Visual Studio\2022\BuildTools\Common7\IDE\CommonExtensions\Microsoft\Extensibility\ko\Microsoft.VisualStudio.Extensibility.resources.dll'.
[18d4:0007][2026-05-10T02:03:33] Processing file /manifest.json
[18d4:0007][2026-05-10T02:03:33] Started: Copying file /manifest.json to D:\Program Files (x86)\Microsoft Visual Studio\2022\BuildTools\Common7\IDE\CommonExtensions\Microsoft\Extensibility\manifest.json
[18d4:0007][2026-05-10T02:03:33] Completed: Copying file /manifest.json to D:\Program Files (x86)\Microsoft Visual Studio\2022\BuildTools\Common7\IDE\CommonExtensions\Microsoft\Extensibility\manifest.json
[18d4:0007][2026-05-10T02:03:33] Timestamp updated for file 'D:\Program Files (x86)\Microsoft Visual Studio\2022\BuildTools\Common7\IDE\CommonExtensions\Microsoft\Extensibility\manifest.json'.
[18d4:0007][2026-05-10T02:03:33] Processing file /Microsoft.Extensions.DependencyInjection.dll
[18d4:0007][2026-05-10T02:03:33] Started: Copying file /Microsoft.Extensions.DependencyInjection.dll to D:\Program Files (x86)\Microsoft Visual Studio\2022\BuildTools\Common7\IDE\CommonExtensions\Microsoft\Extensibility\Microsoft.Extensions.DependencyInjection.dll
[18d4:0007][2026-05-10T02:03:33] Completed: Copying file /Microsoft.Extensions.DependencyInjection.dll to D:\Program Files (x86)\Microsoft Visual Studio\2022\BuildTools\Common7\IDE\CommonExtensions\Microsoft\Extensibility\Microsoft.Extensions.DependencyInjection.dll
[18d4:0007][2026-05-10T02:03:33] Timestamp updated for file 'D:\Program Files (x86)\Microsoft Visual Studio\2022\BuildTools\Common7\IDE\CommonExtensions\Microsoft\Extensibility\Microsoft.Extensions.DependencyInjection.dll'.
[18d4:0007][2026-05-10T02:03:33] Processing file /Microsoft.VisualStudio.Extensibility.Contracts.dll
[18d4:0007][2026-05-10T02:03:33] Started: Copying file /Microsoft.VisualStudio.Extensibility.Contracts.dll to D:\Program Files (x86)\Microsoft Visual Studio\2022\BuildTools\Common7\IDE\CommonExtensions\Microsoft\Extensibility\Microsoft.VisualStudio.Extensibility.Contracts.dll
[18d4:0007][2026-05-10T02:03:33] Completed: Copying file /Microsoft.VisualStudio.Extensibility.Contracts.dll to D:\Program Files (x86)\Microsoft Visual Studio\2022\BuildTools\Common7\IDE\CommonExtensions\Microsoft\Extensibility\Microsoft.VisualStudio.Extensibility.Contracts.dll
[18d4:0007][2026-05-10T02:03:33] Timestamp updated for file 'D:\Program Files (x86)\Microsoft Visual Studio\2022\BuildTools\Common7\IDE\CommonExtensions\Microsoft\Extensibility\Microsoft.VisualStudio.Extensibility.Contracts.dll'.
[18d4:0007][2026-05-10T02:03:33] Processing file /Microsoft.VisualStudio.Extensibility.dll
[18d4:0007][2026-05-10T02:03:33] Started: Copying file /Microsoft.VisualStudio.Extensibility.dll to D:\Program Files (x86)\Microsoft Visual Studio\2022\BuildTools\Common7\IDE\CommonExtensions\Microsoft\Extensibility\Microsoft.VisualStudio.Extensibility.dll
[18d4:0007][2026-05-10T02:03:33] Completed: Copying file /Microsoft.VisualStudio.Extensibility.dll to D:\Program Files (x86)\Microsoft Visual Studio\2022\BuildTools\Common7\IDE\CommonExtensions\Microsoft\Extensibility\Microsoft.VisualStudio.Extensibility.dll
[18d4:0007][2026-05-10T02:03:33] Timestamp updated for file 'D:\Program Files (x86)\Microsoft Visual Studio\2022\BuildTools\Common7\IDE\CommonExtensions\Microsoft\Extensibility\Microsoft.VisualStudio.Extensibility.dll'.
[18d4:0007][2026-05-10T02:03:33] Processing file /Microsoft.VisualStudio.Extensibility.Framework.dll
[18d4:0007][2026-05-10T02:03:33] Started: Copying file /Microsoft.VisualStudio.Extensibility.Framework.dll to D:\Program Files (x86)\Microsoft Visual Studio\2022\BuildTools\Common7\IDE\CommonExtensions\Microsoft\Extensibility\Microsoft.VisualStudio.Extensibility.Framework.dll
[18d4:0007][2026-05-10T02:03:33] Completed: Copying file /Microsoft.VisualStudio.Extensibility.Framework.dll to D:\Program Files (x86)\Microsoft Visual Studio\2022\BuildTools\Common7\IDE\CommonExtensions\Microsoft\Extensibility\Microsoft.VisualStudio.Extensibility.Framework.dll
[18d4:0007][2026-05-10T02:03:33] Timestamp updated for file 'D:\Program Files (x86)\Microsoft Visual Studio\2022\BuildTools\Common7\IDE\CommonExtensions\Microsoft\Extensibility\Microsoft.VisualStudio.Extensibility.Framework.dll'.
[18d4:0007][2026-05-10T02:03:33] Processing file /Microsoft.VisualStudio.Extensibility.Redirects.pkgdef
[18d4:0007][2026-05-10T02:03:33] Started: Copying file /Microsoft.VisualStudio.Extensibility.Redirects.pkgdef to D:\Program Files (x86)\Microsoft Visual Studio\2022\BuildTools\Common7\IDE\CommonExtensions\Microsoft\Extensibility\Microsoft.VisualStudio.Extensibility.Redirects.pkgdef
[18d4:0007][2026-05-10T02:03:33] Completed: Copying file /Microsoft.VisualStudio.Extensibility.Redirects.pkgdef to D:\Program Files (x86)\Microsoft Visual Studio\2022\BuildTools\Common7\IDE\CommonExtensions\Microsoft\Extensibility\Microsoft.VisualStudio.Extensibility.Redirects.pkgdef
[18d4:0007][2026-05-10T02:03:33] Timestamp updated for file 'D:\Program Files (x86)\Microsoft Visual Studio\2022\BuildTools\Common7\IDE\CommonExtensions\Microsoft\Extensibility\Microsoft.VisualStudio.Extensibility.Redirects.pkgdef'.
[18d4:0007][2026-05-10T02:03:33] Processing file /Microsoft.VisualStudio.Extensibility.VSPackage.dll
[18d4:0007][2026-05-10T02:03:33] Started: Copying file /Microsoft.VisualStudio.Extensibility.VSPackage.dll to D:\Program Files (x86)\Microsoft Visual Studio\2022\BuildTools\Common7\IDE\CommonExtensions\Microsoft\Extensibility\Microsoft.VisualStudio.Extensibility.VSPackage.dll
[18d4:0007][2026-05-10T02:03:33] Completed: Copying file /Microsoft.VisualStudio.Extensibility.VSPackage.dll to D:\Program Files (x86)\Microsoft Visual Studio\2022\BuildTools\Common7\IDE\CommonExtensions\Microsoft\Extensibility\Microsoft.VisualStudio.Extensibility.VSPackage.dll
[18d4:0007][2026-05-10T02:03:33] Timestamp updated for file 'D:\Program Files (x86)\Microsoft Visual Studio\2022\BuildTools\Common7\IDE\CommonExtensions\Microsoft\Extensibility\Microsoft.VisualStudio.Extensibility.VSPackage.dll'.
[18d4:0007][2026-05-10T02:03:33] Processing file /Microsoft.VisualStudio.Extensibility.VSPackage.pkgdef
[18d4:0007][2026-05-10T02:03:33] Started: Copying file /Microsoft.VisualStudio.Extensibility.VSPackage.pkgdef to D:\Program Files (x86)\Microsoft Visual Studio\2022\BuildTools\Common7\IDE\CommonExtensions\Microsoft\Extensibility\Microsoft.VisualStudio.Extensibility.VSPackage.pkgdef
[18d4:0007][2026-05-10T02:03:33] Completed: Copying file /Microsoft.VisualStudio.Extensibility.VSPackage.pkgdef to D:\Program Files (x86)\Microsoft Visual Studio\2022\BuildTools\Common7\IDE\CommonExtensions\Microsoft\Extensibility\Microsoft.VisualStudio.Extensibility.VSPackage.pkgdef
[18d4:0007][2026-05-10T02:03:33] Timestamp updated for file 'D:\Program Files (x86)\Microsoft Visual Studio\2022\BuildTools\Common7\IDE\CommonExtensions\Microsoft\Extensibility\Microsoft.VisualStudio.Extensibility.VSPackage.pkgdef'.
[18d4:0007][2026-05-10T02:03:33] Processing file /pl/Microsoft.VisualStudio.Extensibility.Contracts.resources.dll
[18d4:0007][2026-05-10T02:03:33] Started: Copying file /pl/Microsoft.VisualStudio.Extensibility.Contracts.resources.dll to D:\Program Files (x86)\Microsoft Visual Studio\2022\BuildTools\Common7\IDE\CommonExtensions\Microsoft\Extensibility\pl\Microsoft.VisualStudio.Extensibility.Contracts.resources.dll
[18d4:0007][2026-05-10T02:03:33] Completed: Copying file /pl/Microsoft.VisualStudio.Extensibility.Contracts.resources.dll to D:\Program Files (x86)\Microsoft Visual Studio\2022\BuildTools\Common7\IDE\CommonExtensions\Microsoft\Extensibility\pl\Microsoft.VisualStudio.Extensibility.Contracts.resources.dll
[18d4:0007][2026-05-10T02:03:33] Timestamp updated for file 'D:\Program Files (x86)\Microsoft Visual Studio\2022\BuildTools\Common7\IDE\CommonExtensions\Microsoft\Extensibility\pl\Microsoft.VisualStudio.Extensibility.Contracts.resources.dll'.
[18d4:0007][2026-05-10T02:03:33] Processing file /pl/Microsoft.VisualStudio.Extensibility.Framework.resources.dll
[18d4:0007][2026-05-10T02:03:33] Started: Copying file /pl/Microsoft.VisualStudio.Extensibility.Framework.resources.dll to D:\Program Files (x86)\Microsoft Visual Studio\2022\BuildTools\Common7\IDE\CommonExtensions\Microsoft\Extensibility\pl\Microsoft.VisualStudio.Extensibility.Framework.resources.dll
[18d4:0007][2026-05-10T02:03:33] Completed: Copying file /pl/Microsoft.VisualStudio.Extensibility.Framework.resources.dll to D:\Program Files (x86)\Microsoft Visual Studio\2022\BuildTools\Common7\IDE\CommonExtensions\Microsoft\Extensibility\pl\Microsoft.VisualStudio.Extensibility.Framework.resources.dll
[18d4:0007][2026-05-10T02:03:33] Timestamp updated for file 'D:\Program Files (x86)\Microsoft Visual Studio\2022\BuildTools\Common7\IDE\CommonExtensions\Microsoft\Extensibility\pl\Microsoft.VisualStudio.Extensibility.Framework.resources.dll'.
[18d4:0007][2026-05-10T02:03:33] Processing file /pl/Microsoft.VisualStudio.Extensibility.resources.dll
[18d4:0007][2026-05-10T02:03:33] Started: Copying file /pl/Microsoft.VisualStudio.Extensibility.resources.dll to D:\Program Files (x86)\Microsoft Visual Studio\2022\BuildTools\Common7\IDE\CommonExtensions\Microsoft\Extensibility\pl\Microsoft.VisualStudio.Extensibility.resources.dll
[18d4:0007][2026-05-10T02:03:33] Completed: Copying file /pl/Microsoft.VisualStudio.Extensibility.resources.dll to D:\Program Files (x86)\Microsoft Visual Studio\2022\BuildTools\Common7\IDE\CommonExtensions\Microsoft\Extensibility\pl\Microsoft.VisualStudio.Extensibility.resources.dll
[18d4:0007][2026-05-10T02:03:33] Timestamp updated for file 'D:\Program Files (x86)\Microsoft Visual Studio\2022\BuildTools\Common7\IDE\CommonExtensions\Microsoft\Extensibility\pl\Microsoft.VisualStudio.Extensibility.resources.dll'.
[18d4:0007][2026-05-10T02:03:33] Processing file /pt-BR/Microsoft.VisualStudio.Extensibility.Contracts.resources.dll
[18d4:0007][2026-05-10T02:03:33] Started: Copying file /pt-BR/Microsoft.VisualStudio.Extensibility.Contracts.resources.dll to D:\Program Files (x86)\Microsoft Visual Studio\2022\BuildTools\Common7\IDE\CommonExtensions\Microsoft\Extensibility\pt-BR\Microsoft.VisualStudio.Extensibility.Contracts.resources.dll
[18d4:0007][2026-05-10T02:03:33] Completed: Copying file /pt-BR/Microsoft.VisualStudio.Extensibility.Contracts.resources.dll to D:\Program Files (x86)\Microsoft Visual Studio\2022\BuildTools\Common7\IDE\CommonExtensions\Microsoft\Extensibility\pt-BR\Microsoft.VisualStudio.Extensibility.Contracts.resources.dll
[18d4:0007][2026-05-10T02:03:33] Timestamp updated for file 'D:\Program Files (x86)\Microsoft Visual Studio\2022\BuildTools\Common7\IDE\CommonExtensions\Microsoft\Extensibility\pt-BR\Microsoft.VisualStudio.Extensibility.Contracts.resources.dll'.
[18d4:0007][2026-05-10T02:03:33] Processing file /pt-BR/Microsoft.VisualStudio.Extensibility.Framework.resources.dll
[18d4:0007][2026-05-10T02:03:33] Started: Copying file /pt-BR/Microsoft.VisualStudio.Extensibility.Framework.resources.dll to D:\Program Files (x86)\Microsoft Visual Studio\2022\BuildTools\Common7\IDE\CommonExtensions\Microsoft\Extensibility\pt-BR\Microsoft.VisualStudio.Extensibility.Framework.resources.dll
[18d4:0007][2026-05-10T02:03:33] Completed: Copying file /pt-BR/Microsoft.VisualStudio.Extensibility.Framework.resources.dll to D:\Program Files (x86)\Microsoft Visual Studio\2022\BuildTools\Common7\IDE\CommonExtensions\Microsoft\Extensibility\pt-BR\Microsoft.VisualStudio.Extensibility.Framework.resources.dll
[18d4:0007][2026-05-10T02:03:33] Timestamp updated for file 'D:\Program Files (x86)\Microsoft Visual Studio\2022\BuildTools\Common7\IDE\CommonExtensions\Microsoft\Extensibility\pt-BR\Microsoft.VisualStudio.Extensibility.Framework.resources.dll'.
[18d4:0007][2026-05-10T02:03:33] Processing file /pt-BR/Microsoft.VisualStudio.Extensibility.resources.dll
[18d4:0007][2026-05-10T02:03:33] Started: Copying file /pt-BR/Microsoft.VisualStudio.Extensibility.resources.dll to D:\Program Files (x86)\Microsoft Visual Studio\2022\BuildTools\Common7\IDE\CommonExtensions\Microsoft\Extensibility\pt-BR\Microsoft.VisualStudio.Extensibility.resources.dll
[18d4:0007][2026-05-10T02:03:33] Completed: Copying file /pt-BR/Microsoft.VisualStudio.Extensibility.resources.dll to D:\Program Files (x86)\Microsoft Visual Studio\2022\BuildTools\Common7\IDE\CommonExtensions\Microsoft\Extensibility\pt-BR\Microsoft.VisualStudio.Extensibility.resources.dll
[18d4:0007][2026-05-10T02:03:33] Timestamp updated for file 'D:\Program Files (x86)\Microsoft Visual Studio\2022\BuildTools\Common7\IDE\CommonExtensions\Microsoft\Extensibility\pt-BR\Microsoft.VisualStudio.Extensibility.resources.dll'.
[18d4:0007][2026-05-10T02:03:33] Processing file /ru/Microsoft.VisualStudio.Extensibility.Contracts.resources.dll
[18d4:0007][2026-05-10T02:03:33] Started: Copying file /ru/Microsoft.VisualStudio.Extensibility.Contracts.resources.dll to D:\Program Files (x86)\Microsoft Visual Studio\2022\BuildTools\Common7\IDE\CommonExtensions\Microsoft\Extensibility\ru\Microsoft.VisualStudio.Extensibility.Contracts.resources.dll
[18d4:0007][2026-05-10T02:03:33] Completed: Copying file /ru/Microsoft.VisualStudio.Extensibility.Contracts.resources.dll to D:\Program Files (x86)\Microsoft Visual Studio\2022\BuildTools\Common7\IDE\CommonExtensions\Microsoft\Extensibility\ru\Microsoft.VisualStudio.Extensibility.Contracts.resources.dll
[18d4:0007][2026-05-10T02:03:33] Timestamp updated for file 'D:\Program Files (x86)\Microsoft Visual Studio\2022\BuildTools\Common7\IDE\CommonExtensions\Microsoft\Extensibility\ru\Microsoft.VisualStudio.Extensibility.Contracts.resources.dll'.
[18d4:0007][2026-05-10T02:03:33] Processing file /ru/Microsoft.VisualStudio.Extensibility.Framework.resources.dll
[18d4:0007][2026-05-10T02:03:33] Started: Copying file /ru/Microsoft.VisualStudio.Extensibility.Framework.resources.dll to D:\Program Files (x86)\Microsoft Visual Studio\2022\BuildTools\Common7\IDE\CommonExtensions\Microsoft\Extensibility\ru\Microsoft.VisualStudio.Extensibility.Framework.resources.dll
[18d4:0007][2026-05-10T02:03:33] Completed: Copying file /ru/Microsoft.VisualStudio.Extensibility.Framework.resources.dll to D:\Program Files (x86)\Microsoft Visual Studio\2022\BuildTools\Common7\IDE\CommonExtensions\Microsoft\Extensibility\ru\Microsoft.VisualStudio.Extensibility.Framework.resources.dll
[18d4:0007][2026-05-10T02:03:33] Timestamp updated for file 'D:\Program Files (x86)\Microsoft Visual Studio\2022\BuildTools\Common7\IDE\CommonExtensions\Microsoft\Extensibility\ru\Microsoft.VisualStudio.Extensibility.Framework.resources.dll'.
[18d4:0007][2026-05-10T02:03:33] Processing file /ru/Microsoft.VisualStudio.Extensibility.resources.dll
[18d4:0007][2026-05-10T02:03:33] Started: Copying file /ru/Microsoft.VisualStudio.Extensibility.resources.dll to D:\Program Files (x86)\Microsoft Visual Studio\2022\BuildTools\Common7\IDE\CommonExtensions\Microsoft\Extensibility\ru\Microsoft.VisualStudio.Extensibility.resources.dll
[18d4:0007][2026-05-10T02:03:33] Completed: Copying file /ru/Microsoft.VisualStudio.Extensibility.resources.dll to D:\Program Files (x86)\Microsoft Visual Studio\2022\BuildTools\Common7\IDE\CommonExtensions\Microsoft\Extensibility\ru\Microsoft.VisualStudio.Extensibility.resources.dll
[18d4:0007][2026-05-10T02:03:33] Timestamp updated for file 'D:\Program Files (x86)\Microsoft Visual Studio\2022\BuildTools\Common7\IDE\CommonExtensions\Microsoft\Extensibility\ru\Microsoft.VisualStudio.Extensibility.resources.dll'.
[18d4:0007][2026-05-10T02:03:33] Processing file /ServiceHub.Host.Extensibility.Contracts.dll
[18d4:0007][2026-05-10T02:03:33] Started: Copying file /ServiceHub.Host.Extensibility.Contracts.dll to D:\Program Files (x86)\Microsoft Visual Studio\2022\BuildTools\Common7\IDE\CommonExtensions\Microsoft\Extensibility\ServiceHub.Host.Extensibility.Contracts.dll
[18d4:0007][2026-05-10T02:03:33] Completed: Copying file /ServiceHub.Host.Extensibility.Contracts.dll to D:\Program Files (x86)\Microsoft Visual Studio\2022\BuildTools\Common7\IDE\CommonExtensions\Microsoft\Extensibility\ServiceHub.Host.Extensibility.Contracts.dll
[18d4:0007][2026-05-10T02:03:33] Timestamp updated for file 'D:\Program Files (x86)\Microsoft Visual Studio\2022\BuildTools\Common7\IDE\CommonExtensions\Microsoft\Extensibility\ServiceHub.Host.Extensibility.Contracts.dll'.
[18d4:0007][2026-05-10T02:03:33] Processing file /tr/Microsoft.VisualStudio.Extensibility.Contracts.resources.dll
[18d4:0007][2026-05-10T02:03:33] Started: Copying file /tr/Microsoft.VisualStudio.Extensibility.Contracts.resources.dll to D:\Program Files (x86)\Microsoft Visual Studio\2022\BuildTools\Common7\IDE\CommonExtensions\Microsoft\Extensibility\tr\Microsoft.VisualStudio.Extensibility.Contracts.resources.dll
[18d4:0007][2026-05-10T02:03:33] Completed: Copying file /tr/Microsoft.VisualStudio.Extensibility.Contracts.resources.dll to D:\Program Files (x86)\Microsoft Visual Studio\2022\BuildTools\Common7\IDE\CommonExtensions\Microsoft\Extensibility\tr\Microsoft.VisualStudio.Extensibility.Contracts.resources.dll
[18d4:0007][2026-05-10T02:03:33] Timestamp updated for file 'D:\Program Files (x86)\Microsoft Visual Studio\2022\BuildTools\Common7\IDE\CommonExtensions\Microsoft\Extensibility\tr\Microsoft.VisualStudio.Extensibility.Contracts.resources.dll'.
[18d4:0007][2026-05-10T02:03:33] Processing file /tr/Microsoft.VisualStudio.Extensibility.Framework.resources.dll
[18d4:0007][2026-05-10T02:03:33] Started: Copying file /tr/Microsoft.VisualStudio.Extensibility.Framework.resources.dll to D:\Program Files (x86)\Microsoft Visual Studio\2022\BuildTools\Common7\IDE\CommonExtensions\Microsoft\Extensibility\tr\Microsoft.VisualStudio.Extensibility.Framework.resources.dll
[18d4:0007][2026-05-10T02:03:33] Completed: Copying file /tr/Microsoft.VisualStudio.Extensibility.Framework.resources.dll to D:\Program Files (x86)\Microsoft Visual Studio\2022\BuildTools\Common7\IDE\CommonExtensions\Microsoft\Extensibility\tr\Microsoft.VisualStudio.Extensibility.Framework.resources.dll
[18d4:0007][2026-05-10T02:03:33] Timestamp updated for file 'D:\Program Files (x86)\Microsoft Visual Studio\2022\BuildTools\Common7\IDE\CommonExtensions\Microsoft\Extensibility\tr\Microsoft.VisualStudio.Extensibility.Framework.resources.dll'.
[18d4:0007][2026-05-10T02:03:33] Processing file /tr/Microsoft.VisualStudio.Extensibility.resources.dll
[18d4:0007][2026-05-10T02:03:33] Started: Copying file /tr/Microsoft.VisualStudio.Extensibility.resources.dll to D:\Program Files (x86)\Microsoft Visual Studio\2022\BuildTools\Common7\IDE\CommonExtensions\Microsoft\Extensibility\tr\Microsoft.VisualStudio.Extensibility.resources.dll
[18d4:0007][2026-05-10T02:03:33] Completed: Copying file /tr/Microsoft.VisualStudio.Extensibility.resources.dll to D:\Program Files (x86)\Microsoft Visual Studio\2022\BuildTools\Common7\IDE\CommonExtensions\Microsoft\Extensibility\tr\Microsoft.VisualStudio.Extensibility.resources.dll
[18d4:0007][2026-05-10T02:03:33] Timestamp updated for file 'D:\Program Files (x86)\Microsoft Visual Studio\2022\BuildTools\Common7\IDE\CommonExtensions\Microsoft\Extensibility\tr\Microsoft.VisualStudio.Extensibility.resources.dll'.
[18d4:0007][2026-05-10T02:03:33] Processing file /zh-Hans/Microsoft.VisualStudio.Extensibility.Contracts.resources.dll
[18d4:0007][2026-05-10T02:03:33] Started: Copying file /zh-Hans/Microsoft.VisualStudio.Extensibility.Contracts.resources.dll to D:\Program Files (x86)\Microsoft Visual Studio\2022\BuildTools\Common7\IDE\CommonExtensions\Microsoft\Extensibility\zh-Hans\Microsoft.VisualStudio.Extensibility.Contracts.resources.dll
[18d4:0007][2026-05-10T02:03:33] Completed: Copying file /zh-Hans/Microsoft.VisualStudio.Extensibility.Contracts.resources.dll to D:\Program Files (x86)\Microsoft Visual Studio\2022\BuildTools\Common7\IDE\CommonExtensions\Microsoft\Extensibility\zh-Hans\Microsoft.VisualStudio.Extensibility.Contracts.resources.dll
[18d4:0007][2026-05-10T02:03:33] Timestamp updated for file 'D:\Program Files (x86)\Microsoft Visual Studio\2022\BuildTools\Common7\IDE\CommonExtensions\Microsoft\Extensibility\zh-Hans\Microsoft.VisualStudio.Extensibility.Contracts.resources.dll'.
[18d4:0007][2026-05-10T02:03:33] Processing file /zh-Hans/Microsoft.VisualStudio.Extensibility.Framework.resources.dll
[18d4:0007][2026-05-10T02:03:33] Started: Copying file /zh-Hans/Microsoft.VisualStudio.Extensibility.Framework.resources.dll to D:\Program Files (x86)\Microsoft Visual Studio\2022\BuildTools\Common7\IDE\CommonExtensions\Microsoft\Extensibility\zh-Hans\Microsoft.VisualStudio.Extensibility.Framework.resources.dll
[18d4:0007][2026-05-10T02:03:33] Completed: Copying file /zh-Hans/Microsoft.VisualStudio.Extensibility.Framework.resources.dll to D:\Program Files (x86)\Microsoft Visual Studio\2022\BuildTools\Common7\IDE\CommonExtensions\Microsoft\Extensibility\zh-Hans\Microsoft.VisualStudio.Extensibility.Framework.resources.dll
[18d4:0007][2026-05-10T02:03:33] Timestamp updated for file 'D:\Program Files (x86)\Microsoft Visual Studio\2022\BuildTools\Common7\IDE\CommonExtensions\Microsoft\Extensibility\zh-Hans\Microsoft.VisualStudio.Extensibility.Framework.resources.dll'.
[18d4:0007][2026-05-10T02:03:33] Processing file /zh-Hans/Microsoft.VisualStudio.Extensibility.resources.dll
[18d4:0007][2026-05-10T02:03:33] Started: Copying file /zh-Hans/Microsoft.VisualStudio.Extensibility.resources.dll to D:\Program Files (x86)\Microsoft Visual Studio\2022\BuildTools\Common7\IDE\CommonExtensions\Microsoft\Extensibility\zh-Hans\Microsoft.VisualStudio.Extensibility.resources.dll
[18d4:0007][2026-05-10T02:03:33] Completed: Copying file /zh-Hans/Microsoft.VisualStudio.Extensibility.resources.dll to D:\Program Files (x86)\Microsoft Visual Studio\2022\BuildTools\Common7\IDE\CommonExtensions\Microsoft\Extensibility\zh-Hans\Microsoft.VisualStudio.Extensibility.resources.dll
[18d4:0007][2026-05-10T02:03:33] Timestamp updated for file 'D:\Program Files (x86)\Microsoft Visual Studio\2022\BuildTools\Common7\IDE\CommonExtensions\Microsoft\Extensibility\zh-Hans\Microsoft.VisualStudio.Extensibility.resources.dll'.
[18d4:0007][2026-05-10T02:03:33] Processing file /zh-Hant/Microsoft.VisualStudio.Extensibility.Contracts.resources.dll
[18d4:0007][2026-05-10T02:03:33] Started: Copying file /zh-Hant/Microsoft.VisualStudio.Extensibility.Contracts.resources.dll to D:\Program Files (x86)\Microsoft Visual Studio\2022\BuildTools\Common7\IDE\CommonExtensions\Microsoft\Extensibility\zh-Hant\Microsoft.VisualStudio.Extensibility.Contracts.resources.dll
[18d4:0007][2026-05-10T02:03:33] Completed: Copying file /zh-Hant/Microsoft.VisualStudio.Extensibility.Contracts.resources.dll to D:\Program Files (x86)\Microsoft Visual Studio\2022\BuildTools\Common7\IDE\CommonExtensions\Microsoft\Extensibility\zh-Hant\Microsoft.VisualStudio.Extensibility.Contracts.resources.dll
[18d4:0007][2026-05-10T02:03:33] Timestamp updated for file 'D:\Program Files (x86)\Microsoft Visual Studio\2022\BuildTools\Common7\IDE\CommonExtensions\Microsoft\Extensibility\zh-Hant\Microsoft.VisualStudio.Extensibility.Contracts.resources.dll'.
[18d4:0007][2026-05-10T02:03:33] Processing file /zh-Hant/Microsoft.VisualStudio.Extensibility.Framework.resources.dll
[18d4:0007][2026-05-10T02:03:33] Started: Copying file /zh-Hant/Microsoft.VisualStudio.Extensibility.Framework.resources.dll to D:\Program Files (x86)\Microsoft Visual Studio\2022\BuildTools\Common7\IDE\CommonExtensions\Microsoft\Extensibility\zh-Hant\Microsoft.VisualStudio.Extensibility.Framework.resources.dll
[18d4:0007][2026-05-10T02:03:33] Completed: Copying file /zh-Hant/Microsoft.VisualStudio.Extensibility.Framework.resources.dll to D:\Program Files (x86)\Microsoft Visual Studio\2022\BuildTools\Common7\IDE\CommonExtensions\Microsoft\Extensibility\zh-Hant\Microsoft.VisualStudio.Extensibility.Framework.resources.dll
[18d4:0007][2026-05-10T02:03:33] Timestamp updated for file 'D:\Program Files (x86)\Microsoft Visual Studio\2022\BuildTools\Common7\IDE\CommonExtensions\Microsoft\Extensibility\zh-Hant\Microsoft.VisualStudio.Extensibility.Framework.resources.dll'.
[18d4:0007][2026-05-10T02:03:33] Processing file /zh-Hant/Microsoft.VisualStudio.Extensibility.resources.dll
[18d4:0007][2026-05-10T02:03:33] Started: Copying file /zh-Hant/Microsoft.VisualStudio.Extensibility.resources.dll to D:\Program Files (x86)\Microsoft Visual Studio\2022\BuildTools\Common7\IDE\CommonExtensions\Microsoft\Extensibility\zh-Hant\Microsoft.VisualStudio.Extensibility.resources.dll
[18d4:0007][2026-05-10T02:03:33] Completed: Copying file /zh-Hant/Microsoft.VisualStudio.Extensibility.resources.dll to D:\Program Files (x86)\Microsoft Visual Studio\2022\BuildTools\Common7\IDE\CommonExtensions\Microsoft\Extensibility\zh-Hant\Microsoft.VisualStudio.Extensibility.resources.dll
[18d4:0007][2026-05-10T02:03:33] Timestamp updated for file 'D:\Program Files (x86)\Microsoft Visual Studio\2022\BuildTools\Common7\IDE\CommonExtensions\Microsoft\Extensibility\zh-Hant\Microsoft.VisualStudio.Extensibility.resources.dll'.
[18d4:0007][2026-05-10T02:03:33] Processing file /extension.vsixmanifest
[18d4:0007][2026-05-10T02:03:33] Started: Copying file /extension.vsixmanifest to D:\Program Files (x86)\Microsoft Visual Studio\2022\BuildTools\Common7\IDE\CommonExtensions\Microsoft\Extensibility\extension.vsixmanifest
[18d4:0007][2026-05-10T02:03:33] Completed: Copying file /extension.vsixmanifest to D:\Program Files (x86)\Microsoft Visual Studio\2022\BuildTools\Common7\IDE\CommonExtensions\Microsoft\Extensibility\extension.vsixmanifest
[18d4:0007][2026-05-10T02:03:33] Timestamp updated for file 'D:\Program Files (x86)\Microsoft Visual Studio\2022\BuildTools\Common7\IDE\CommonExtensions\Microsoft\Extensibility\extension.vsixmanifest'.
[18d4:0007][2026-05-10T02:03:33] Package executed successfully. Return code: 0
