[bd94:0009][2026-05-10T01:00:50] Using cached package manifest as the embedded manifest
[bd94:0009][2026-05-10T01:00:50] Processing file /Contents/Common7/IDE/VSFinalizer.exe
[bd94:0009][2026-05-10T01:00:50] D:\Program\Common7\IDE\VSFinalizer.exe file deleted.
[bd94:0009][2026-05-10T01:00:50] Processing file /Contents/Common7/IDE/VSFinalizer.exe.config
[bd94:0009][2026-05-10T01:00:50] D:\Program\Common7\IDE\VSFinalizer.exe.config file deleted.
[bd94:0009][2026-05-10T01:00:50] Processing file /Contents/Common7/IDE/VSInitializer.exe
[bd94:0009][2026-05-10T01:00:50] D:\Program\Common7\IDE\VSInitializer.exe file deleted.
[bd94:0009][2026-05-10T01:00:50] Processing file /Contents/Common7/IDE/VSInitializer.exe.config
[bd94:0009][2026-05-10T01:00:50] D:\Program\Common7\IDE\VSInitializer.exe.config file deleted.
[bd94:0009][2026-05-10T01:00:50] Processing file /Contents/Common7/IDE/VSFinalizerDependencies/Microsoft.Bcl.AsyncInterfaces.dll
[bd94:0009][2026-05-10T01:00:50] D:\Program\Common7\IDE\VSFinalizerDependencies\Microsoft.Bcl.AsyncInterfaces.dll file deleted.
[bd94:0009][2026-05-10T01:00:50] Processing file /Contents/Common7/IDE/VSFinalizerDependencies/System.Buffers.dll
[bd94:0009][2026-05-10T01:00:50] D:\Program\Common7\IDE\VSFinalizerDependencies\System.Buffers.dll file deleted.
[bd94:0009][2026-05-10T01:00:50] Processing file /Contents/Common7/IDE/VSFinalizerDependencies/System.IO.Pipelines.dll
[bd94:0009][2026-05-10T01:00:50] D:\Program\Common7\IDE\VSFinalizerDependencies\System.IO.Pipelines.dll file deleted.
[bd94:0009][2026-05-10T01:00:50] Processing file /Contents/Common7/IDE/VSFinalizerDependencies/System.Memory.dll
[bd94:0009][2026-05-10T01:00:50] D:\Program\Common7\IDE\VSFinalizerDependencies\System.Memory.dll file deleted.
[bd94:0009][2026-05-10T01:00:50] Processing file /Contents/Common7/IDE/VSFinalizerDependencies/System.Numerics.Vectors.dll
[bd94:0009][2026-05-10T01:00:50] D:\Program\Common7\IDE\VSFinalizerDependencies\System.Numerics.Vectors.dll file deleted.
[bd94:0009][2026-05-10T01:00:50] Processing file /Contents/Common7/IDE/VSFinalizerDependencies/System.Runtime.CompilerServices.Unsafe.dll
[bd94:0009][2026-05-10T01:00:50] D:\Program\Common7\IDE\VSFinalizerDependencies\System.Runtime.CompilerServices.Unsafe.dll file deleted.
[bd94:0009][2026-05-10T01:00:50] Processing file /Contents/Common7/IDE/VSFinalizerDependencies/System.Text.Encodings.Web.dll
[bd94:0009][2026-05-10T01:00:50] D:\Program\Common7\IDE\VSFinalizerDependencies\System.Text.Encodings.Web.dll file deleted.
[bd94:0009][2026-05-10T01:00:50] Processing file /Contents/Common7/IDE/VSFinalizerDependencies/System.Text.Json.dll
[bd94:0009][2026-05-10T01:00:50] D:\Program\Common7\IDE\VSFinalizerDependencies\System.Text.Json.dll file deleted.
[bd94:0009][2026-05-10T01:00:50] Processing file /Contents/Common7/IDE/VSFinalizerDependencies/System.Threading.Tasks.Extensions.dll
[bd94:0009][2026-05-10T01:00:50] D:\Program\Common7\IDE\VSFinalizerDependencies\System.Threading.Tasks.Extensions.dll file deleted.
[bd94:0009][2026-05-10T01:00:50] Processing file /Contents/Common7/IDE/VSFinalizerDependencies/System.ValueTuple.dll
[bd94:0009][2026-05-10T01:00:50] D:\Program\Common7\IDE\VSFinalizerDependencies\System.ValueTuple.dll file deleted.
[bd94:0009][2026-05-10T01:00:50] Started: Deleting empty directories
[bd94:0009][2026-05-10T01:00:50] Completed: Deleting empty directories
[bd94:0009][2026-05-10T01:00:50] Package executed successfully. Return code: 0
