[c9c4:0009][2026-05-10T01:02:10] Opening the package for processing
[c9c4:0009][2026-05-10T01:02:10] Using package payload to get the embedded manifest
[c9c4:0009][2026-05-10T01:02:10] Getting list of files within the package
[c9c4:0009][2026-05-10T01:02:10] Processing file /Contents/Common7/IDE/CommonExtensions/Microsoft/Architecture%20Tools/GraphProviderPackage/Microsoft.VisualStudio.Progression.CodeSchema.dll
[c9c4:0009][2026-05-10T01:02:10] Started: Copying file /Contents/Common7/IDE/CommonExtensions/Microsoft/Architecture%20Tools/GraphProviderPackage/Microsoft.VisualStudio.Progression.CodeSchema.dll to D:\Program Files (x86)\Microsoft Visual Studio\2022\BuildTools\Common7\IDE\CommonExtensions\Microsoft\Architecture Tools\GraphProviderPackage\Microsoft.VisualStudio.Progression.CodeSchema.dll
[c9c4:0009][2026-05-10T01:02:10] Completed: Copying file /Contents/Common7/IDE/CommonExtensions/Microsoft/Architecture%20Tools/GraphProviderPackage/Microsoft.VisualStudio.Progression.CodeSchema.dll to D:\Program Files (x86)\Microsoft Visual Studio\2022\BuildTools\Common7\IDE\CommonExtensions\Microsoft\Architecture Tools\GraphProviderPackage\Microsoft.VisualStudio.Progression.CodeSchema.dll
[c9c4:0009][2026-05-10T01:02:10] Timestamp updated for file 'D:\Program Files (x86)\Microsoft Visual Studio\2022\BuildTools\Common7\IDE\CommonExtensions\Microsoft\Architecture Tools\GraphProviderPackage\Microsoft.VisualStudio.Progression.CodeSchema.dll'.
[c9c4:0009][2026-05-10T01:02:10] Queueing D:\Program Files (x86)\Microsoft Visual Studio\2022\BuildTools\Common7\IDE\CommonExtensions\Microsoft\Architecture Tools\GraphProviderPackage\Microsoft.VisualStudio.Progression.CodeSchema.dll for X86 ngen
[c9c4:0009][2026-05-10T01:02:10] Successfully queued file '/Contents/Common7/IDE/CommonExtensions/Microsoft/Architecture Tools/GraphProviderPackage/Microsoft.VisualStudio.Progression.CodeSchema.dll' for ngen
[c9c4:0009][2026-05-10T01:02:10] Processing file /Contents/Common7/IDE/CommonExtensions/Microsoft/Architecture%20Tools/GraphProviderPackage/Microsoft.VisualStudio.Progression.Common.dll
[c9c4:0009][2026-05-10T01:02:10] Started: Copying file /Contents/Common7/IDE/CommonExtensions/Microsoft/Architecture%20Tools/GraphProviderPackage/Microsoft.VisualStudio.Progression.Common.dll to D:\Program Files (x86)\Microsoft Visual Studio\2022\BuildTools\Common7\IDE\CommonExtensions\Microsoft\Architecture Tools\GraphProviderPackage\Microsoft.VisualStudio.Progression.Common.dll
[c9c4:0009][2026-05-10T01:02:10] Completed: Copying file /Contents/Common7/IDE/CommonExtensions/Microsoft/Architecture%20Tools/GraphProviderPackage/Microsoft.VisualStudio.Progression.Common.dll to D:\Program Files (x86)\Microsoft Visual Studio\2022\BuildTools\Common7\IDE\CommonExtensions\Microsoft\Architecture Tools\GraphProviderPackage\Microsoft.VisualStudio.Progression.Common.dll
[c9c4:0009][2026-05-10T01:02:10] Timestamp updated for file 'D:\Program Files (x86)\Microsoft Visual Studio\2022\BuildTools\Common7\IDE\CommonExtensions\Microsoft\Architecture Tools\GraphProviderPackage\Microsoft.VisualStudio.Progression.Common.dll'.
[c9c4:0009][2026-05-10T01:02:10] Queueing D:\Program Files (x86)\Microsoft Visual Studio\2022\BuildTools\Common7\IDE\CommonExtensions\Microsoft\Architecture Tools\GraphProviderPackage\Microsoft.VisualStudio.Progression.Common.dll for X86 ngen
[c9c4:0009][2026-05-10T01:02:10] Successfully queued file '/Contents/Common7/IDE/CommonExtensions/Microsoft/Architecture Tools/GraphProviderPackage/Microsoft.VisualStudio.Progression.Common.dll' for ngen
[c9c4:0009][2026-05-10T01:02:10] Processing file /Contents/Common7/IDE/CommonExtensions/Microsoft/Architecture%20Tools/GraphProviderPackage/Microsoft.VisualStudio.Progression.DataManager.dll
[c9c4:0009][2026-05-10T01:02:10] Started: Copying file /Contents/Common7/IDE/CommonExtensions/Microsoft/Architecture%20Tools/GraphProviderPackage/Microsoft.VisualStudio.Progression.DataManager.dll to D:\Program Files (x86)\Microsoft Visual Studio\2022\BuildTools\Common7\IDE\CommonExtensions\Microsoft\Architecture Tools\GraphProviderPackage\Microsoft.VisualStudio.Progression.DataManager.dll
[c9c4:0009][2026-05-10T01:02:10] Completed: Copying file /Contents/Common7/IDE/CommonExtensions/Microsoft/Architecture%20Tools/GraphProviderPackage/Microsoft.VisualStudio.Progression.DataManager.dll to D:\Program Files (x86)\Microsoft Visual Studio\2022\BuildTools\Common7\IDE\CommonExtensions\Microsoft\Architecture Tools\GraphProviderPackage\Microsoft.VisualStudio.Progression.DataManager.dll
[c9c4:0009][2026-05-10T01:02:10] Timestamp updated for file 'D:\Program Files (x86)\Microsoft Visual Studio\2022\BuildTools\Common7\IDE\CommonExtensions\Microsoft\Architecture Tools\GraphProviderPackage\Microsoft.VisualStudio.Progression.DataManager.dll'.
[c9c4:0009][2026-05-10T01:02:10] Queueing D:\Program Files (x86)\Microsoft Visual Studio\2022\BuildTools\Common7\IDE\CommonExtensions\Microsoft\Architecture Tools\GraphProviderPackage\Microsoft.VisualStudio.Progression.DataManager.dll for X86 ngen
[c9c4:0009][2026-05-10T01:02:10] Successfully queued file '/Contents/Common7/IDE/CommonExtensions/Microsoft/Architecture Tools/GraphProviderPackage/Microsoft.VisualStudio.Progression.DataManager.dll' for ngen
[c9c4:0009][2026-05-10T01:02:10] Processing file /Contents/Common7/IDE/CommonExtensions/Microsoft/Architecture%20Tools/Providers/ManagedProvider/Microsoft.VisualStudio.Progression.ManagedProvider.dll
[c9c4:0009][2026-05-10T01:02:10] Started: Copying file /Contents/Common7/IDE/CommonExtensions/Microsoft/Architecture%20Tools/Providers/ManagedProvider/Microsoft.VisualStudio.Progression.ManagedProvider.dll to D:\Program Files (x86)\Microsoft Visual Studio\2022\BuildTools\Common7\IDE\CommonExtensions\Microsoft\Architecture Tools\Providers\ManagedProvider\Microsoft.VisualStudio.Progression.ManagedProvider.dll
[c9c4:0009][2026-05-10T01:02:10] Completed: Copying file /Contents/Common7/IDE/CommonExtensions/Microsoft/Architecture%20Tools/Providers/ManagedProvider/Microsoft.VisualStudio.Progression.ManagedProvider.dll to D:\Program Files (x86)\Microsoft Visual Studio\2022\BuildTools\Common7\IDE\CommonExtensions\Microsoft\Architecture Tools\Providers\ManagedProvider\Microsoft.VisualStudio.Progression.ManagedProvider.dll
[c9c4:0009][2026-05-10T01:02:10] Timestamp updated for file 'D:\Program Files (x86)\Microsoft Visual Studio\2022\BuildTools\Common7\IDE\CommonExtensions\Microsoft\Architecture Tools\Providers\ManagedProvider\Microsoft.VisualStudio.Progression.ManagedProvider.dll'.
[c9c4:0009][2026-05-10T01:02:10] Queueing D:\Program Files (x86)\Microsoft Visual Studio\2022\BuildTools\Common7\IDE\CommonExtensions\Microsoft\Architecture Tools\Providers\ManagedProvider\Microsoft.VisualStudio.Progression.ManagedProvider.dll for X86 ngen
[c9c4:0009][2026-05-10T01:02:10] Successfully queued file '/Contents/Common7/IDE/CommonExtensions/Microsoft/Architecture Tools/Providers/ManagedProvider/Microsoft.VisualStudio.Progression.ManagedProvider.dll' for ngen
[c9c4:0009][2026-05-10T01:02:10] Processing file /Contents/Common7/IDE/CommonExtensions/Microsoft/Architecture%20Tools/Providers/Solution/Microsoft.VisualStudio.Progression.VSProvider.dll
[c9c4:0009][2026-05-10T01:02:10] Started: Copying file /Contents/Common7/IDE/CommonExtensions/Microsoft/Architecture%20Tools/Providers/Solution/Microsoft.VisualStudio.Progression.VSProvider.dll to D:\Program Files (x86)\Microsoft Visual Studio\2022\BuildTools\Common7\IDE\CommonExtensions\Microsoft\Architecture Tools\Providers\Solution\Microsoft.VisualStudio.Progression.VSProvider.dll
[c9c4:0009][2026-05-10T01:02:10] Completed: Copying file /Contents/Common7/IDE/CommonExtensions/Microsoft/Architecture%20Tools/Providers/Solution/Microsoft.VisualStudio.Progression.VSProvider.dll to D:\Program Files (x86)\Microsoft Visual Studio\2022\BuildTools\Common7\IDE\CommonExtensions\Microsoft\Architecture Tools\Providers\Solution\Microsoft.VisualStudio.Progression.VSProvider.dll
[c9c4:0009][2026-05-10T01:02:10] Timestamp updated for file 'D:\Program Files (x86)\Microsoft Visual Studio\2022\BuildTools\Common7\IDE\CommonExtensions\Microsoft\Architecture Tools\Providers\Solution\Microsoft.VisualStudio.Progression.VSProvider.dll'.
[c9c4:0009][2026-05-10T01:02:10] Queueing D:\Program Files (x86)\Microsoft Visual Studio\2022\BuildTools\Common7\IDE\CommonExtensions\Microsoft\Architecture Tools\Providers\Solution\Microsoft.VisualStudio.Progression.VSProvider.dll for X86 ngen
[c9c4:0009][2026-05-10T01:02:10] Successfully queued file '/Contents/Common7/IDE/CommonExtensions/Microsoft/Architecture Tools/Providers/Solution/Microsoft.VisualStudio.Progression.VSProvider.dll' for ngen
[c9c4:0009][2026-05-10T01:02:10] Processing file /Contents/Common7/IDE/PrivateAssemblies/Microsoft.VisualStudio.ArchitectureTools.PEReader.dll
[c9c4:0009][2026-05-10T01:02:10] Started: Copying file /Contents/Common7/IDE/PrivateAssemblies/Microsoft.VisualStudio.ArchitectureTools.PEReader.dll to D:\Program Files (x86)\Microsoft Visual Studio\2022\BuildTools\Common7\IDE\PrivateAssemblies\Microsoft.VisualStudio.ArchitectureTools.PEReader.dll
[c9c4:0009][2026-05-10T01:02:10] Completed: Copying file /Contents/Common7/IDE/PrivateAssemblies/Microsoft.VisualStudio.ArchitectureTools.PEReader.dll to D:\Program Files (x86)\Microsoft Visual Studio\2022\BuildTools\Common7\IDE\PrivateAssemblies\Microsoft.VisualStudio.ArchitectureTools.PEReader.dll
[c9c4:0009][2026-05-10T01:02:10] Timestamp updated for file 'D:\Program Files (x86)\Microsoft Visual Studio\2022\BuildTools\Common7\IDE\PrivateAssemblies\Microsoft.VisualStudio.ArchitectureTools.PEReader.dll'.
[c9c4:0009][2026-05-10T01:02:10] Queueing D:\Program Files (x86)\Microsoft Visual Studio\2022\BuildTools\Common7\IDE\PrivateAssemblies\Microsoft.VisualStudio.ArchitectureTools.PEReader.dll for X86 ngen
[c9c4:0009][2026-05-10T01:02:10] Successfully queued file '/Contents/Common7/IDE/PrivateAssemblies/Microsoft.VisualStudio.ArchitectureTools.PEReader.dll' for ngen
[c9c4:0009][2026-05-10T01:02:10] Processing file /Contents/Common7/IDE/PrivateAssemblies/Microsoft.VisualStudio.ArchitectureTools.Telemetry.dll
[c9c4:0009][2026-05-10T01:02:10] Started: Copying file /Contents/Common7/IDE/PrivateAssemblies/Microsoft.VisualStudio.ArchitectureTools.Telemetry.dll to D:\Program Files (x86)\Microsoft Visual Studio\2022\BuildTools\Common7\IDE\PrivateAssemblies\Microsoft.VisualStudio.ArchitectureTools.Telemetry.dll
[c9c4:0009][2026-05-10T01:02:10] Completed: Copying file /Contents/Common7/IDE/PrivateAssemblies/Microsoft.VisualStudio.ArchitectureTools.Telemetry.dll to D:\Program Files (x86)\Microsoft Visual Studio\2022\BuildTools\Common7\IDE\PrivateAssemblies\Microsoft.VisualStudio.ArchitectureTools.Telemetry.dll
[c9c4:0009][2026-05-10T01:02:10] Timestamp updated for file 'D:\Program Files (x86)\Microsoft Visual Studio\2022\BuildTools\Common7\IDE\PrivateAssemblies\Microsoft.VisualStudio.ArchitectureTools.Telemetry.dll'.
[c9c4:0009][2026-05-10T01:02:10] Queueing D:\Program Files (x86)\Microsoft Visual Studio\2022\BuildTools\Common7\IDE\PrivateAssemblies\Microsoft.VisualStudio.ArchitectureTools.Telemetry.dll for X86 ngen
[c9c4:0009][2026-05-10T01:02:10] Successfully queued file '/Contents/Common7/IDE/PrivateAssemblies/Microsoft.VisualStudio.ArchitectureTools.Telemetry.dll' for ngen
[c9c4:0009][2026-05-10T01:02:10] Processing file /Contents/Common7/IDE/CommonExtensions/Microsoft/Architecture%20Tools/Providers/ManagedProvider/extension.vsixmanifest
[c9c4:0009][2026-05-10T01:02:10] Started: Copying file /Contents/Common7/IDE/CommonExtensions/Microsoft/Architecture%20Tools/Providers/ManagedProvider/extension.vsixmanifest to D:\Program Files (x86)\Microsoft Visual Studio\2022\BuildTools\Common7\IDE\CommonExtensions\Microsoft\Architecture Tools\Providers\ManagedProvider\extension.vsixmanifest
[c9c4:0009][2026-05-10T01:02:10] Completed: Copying file /Contents/Common7/IDE/CommonExtensions/Microsoft/Architecture%20Tools/Providers/ManagedProvider/extension.vsixmanifest to D:\Program Files (x86)\Microsoft Visual Studio\2022\BuildTools\Common7\IDE\CommonExtensions\Microsoft\Architecture Tools\Providers\ManagedProvider\extension.vsixmanifest
[c9c4:0009][2026-05-10T01:02:10] Timestamp updated for file 'D:\Program Files (x86)\Microsoft Visual Studio\2022\BuildTools\Common7\IDE\CommonExtensions\Microsoft\Architecture Tools\Providers\ManagedProvider\extension.vsixmanifest'.
[c9c4:0009][2026-05-10T01:02:10] Processing file /Contents/Common7/IDE/CommonExtensions/Microsoft/Architecture%20Tools/Providers/Solution/extension.vsixmanifest
[c9c4:0009][2026-05-10T01:02:10] Started: Copying file /Contents/Common7/IDE/CommonExtensions/Microsoft/Architecture%20Tools/Providers/Solution/extension.vsixmanifest to D:\Program Files (x86)\Microsoft Visual Studio\2022\BuildTools\Common7\IDE\CommonExtensions\Microsoft\Architecture Tools\Providers\Solution\extension.vsixmanifest
[c9c4:0009][2026-05-10T01:02:10] Completed: Copying file /Contents/Common7/IDE/CommonExtensions/Microsoft/Architecture%20Tools/Providers/Solution/extension.vsixmanifest to D:\Program Files (x86)\Microsoft Visual Studio\2022\BuildTools\Common7\IDE\CommonExtensions\Microsoft\Architecture Tools\Providers\Solution\extension.vsixmanifest
[c9c4:0009][2026-05-10T01:02:10] Timestamp updated for file 'D:\Program Files (x86)\Microsoft Visual Studio\2022\BuildTools\Common7\IDE\CommonExtensions\Microsoft\Architecture Tools\Providers\Solution\extension.vsixmanifest'.
[c9c4:0009][2026-05-10T01:02:10] Package executed successfully. Return code: 0
