[da4c:0007][2026-05-10T00:50:14] Opening the package for processing
[da4c:0007][2026-05-10T00:50:14] Using package payload to get the embedded manifest
[da4c:0007][2026-05-10T00:50:14] Getting list of files within the package
[da4c:0007][2026-05-10T00:50:14] Processing file /catalog.json
[da4c:0007][2026-05-10T00:50:14] Started: Copying file /catalog.json to D:\Program\Common7\IDE\CommonExtensions\Microsoft\ProjectSystemQuery\catalog.json
[da4c:0007][2026-05-10T00:50:14] Completed: Copying file /catalog.json to D:\Program\Common7\IDE\CommonExtensions\Microsoft\ProjectSystemQuery\catalog.json
[da4c:0007][2026-05-10T00:50:14] Timestamp updated for file 'D:\Program\Common7\IDE\CommonExtensions\Microsoft\ProjectSystemQuery\catalog.json'.
[da4c:0007][2026-05-10T00:50:14] Processing file /cs/Microsoft.VisualStudio.ProjectSystem.Query.resources.dll
[da4c:0007][2026-05-10T00:50:14] Started: Copying file /cs/Microsoft.VisualStudio.ProjectSystem.Query.resources.dll to D:\Program\Common7\IDE\CommonExtensions\Microsoft\ProjectSystemQuery\cs\Microsoft.VisualStudio.ProjectSystem.Query.resources.dll
[da4c:0007][2026-05-10T00:50:14] Completed: Copying file /cs/Microsoft.VisualStudio.ProjectSystem.Query.resources.dll to D:\Program\Common7\IDE\CommonExtensions\Microsoft\ProjectSystemQuery\cs\Microsoft.VisualStudio.ProjectSystem.Query.resources.dll
[da4c:0007][2026-05-10T00:50:14] Timestamp updated for file 'D:\Program\Common7\IDE\CommonExtensions\Microsoft\ProjectSystemQuery\cs\Microsoft.VisualStudio.ProjectSystem.Query.resources.dll'.
[da4c:0007][2026-05-10T00:50:14] Processing file /cs/Microsoft.VisualStudio.ProjectSystem.Query.VS.resources.dll
[da4c:0007][2026-05-10T00:50:14] Started: Copying file /cs/Microsoft.VisualStudio.ProjectSystem.Query.VS.resources.dll to D:\Program\Common7\IDE\CommonExtensions\Microsoft\ProjectSystemQuery\cs\Microsoft.VisualStudio.ProjectSystem.Query.VS.resources.dll
[da4c:0007][2026-05-10T00:50:14] Completed: Copying file /cs/Microsoft.VisualStudio.ProjectSystem.Query.VS.resources.dll to D:\Program\Common7\IDE\CommonExtensions\Microsoft\ProjectSystemQuery\cs\Microsoft.VisualStudio.ProjectSystem.Query.VS.resources.dll
[da4c:0007][2026-05-10T00:50:14] Timestamp updated for file 'D:\Program\Common7\IDE\CommonExtensions\Microsoft\ProjectSystemQuery\cs\Microsoft.VisualStudio.ProjectSystem.Query.VS.resources.dll'.
[da4c:0007][2026-05-10T00:50:14] Processing file /de/Microsoft.VisualStudio.ProjectSystem.Query.resources.dll
[da4c:0007][2026-05-10T00:50:14] Started: Copying file /de/Microsoft.VisualStudio.ProjectSystem.Query.resources.dll to D:\Program\Common7\IDE\CommonExtensions\Microsoft\ProjectSystemQuery\de\Microsoft.VisualStudio.ProjectSystem.Query.resources.dll
[da4c:0007][2026-05-10T00:50:14] Completed: Copying file /de/Microsoft.VisualStudio.ProjectSystem.Query.resources.dll to D:\Program\Common7\IDE\CommonExtensions\Microsoft\ProjectSystemQuery\de\Microsoft.VisualStudio.ProjectSystem.Query.resources.dll
[da4c:0007][2026-05-10T00:50:14] Timestamp updated for file 'D:\Program\Common7\IDE\CommonExtensions\Microsoft\ProjectSystemQuery\de\Microsoft.VisualStudio.ProjectSystem.Query.resources.dll'.
[da4c:0007][2026-05-10T00:50:14] Processing file /de/Microsoft.VisualStudio.ProjectSystem.Query.VS.resources.dll
[da4c:0007][2026-05-10T00:50:14] Started: Copying file /de/Microsoft.VisualStudio.ProjectSystem.Query.VS.resources.dll to D:\Program\Common7\IDE\CommonExtensions\Microsoft\ProjectSystemQuery\de\Microsoft.VisualStudio.ProjectSystem.Query.VS.resources.dll
[da4c:0007][2026-05-10T00:50:14] Completed: Copying file /de/Microsoft.VisualStudio.ProjectSystem.Query.VS.resources.dll to D:\Program\Common7\IDE\CommonExtensions\Microsoft\ProjectSystemQuery\de\Microsoft.VisualStudio.ProjectSystem.Query.VS.resources.dll
[da4c:0007][2026-05-10T00:50:14] Timestamp updated for file 'D:\Program\Common7\IDE\CommonExtensions\Microsoft\ProjectSystemQuery\de\Microsoft.VisualStudio.ProjectSystem.Query.VS.resources.dll'.
[da4c:0007][2026-05-10T00:50:14] Processing file /es/Microsoft.VisualStudio.ProjectSystem.Query.resources.dll
[da4c:0007][2026-05-10T00:50:14] Started: Copying file /es/Microsoft.VisualStudio.ProjectSystem.Query.resources.dll to D:\Program\Common7\IDE\CommonExtensions\Microsoft\ProjectSystemQuery\es\Microsoft.VisualStudio.ProjectSystem.Query.resources.dll
[da4c:0007][2026-05-10T00:50:14] Completed: Copying file /es/Microsoft.VisualStudio.ProjectSystem.Query.resources.dll to D:\Program\Common7\IDE\CommonExtensions\Microsoft\ProjectSystemQuery\es\Microsoft.VisualStudio.ProjectSystem.Query.resources.dll
[da4c:0007][2026-05-10T00:50:14] Timestamp updated for file 'D:\Program\Common7\IDE\CommonExtensions\Microsoft\ProjectSystemQuery\es\Microsoft.VisualStudio.ProjectSystem.Query.resources.dll'.
[da4c:0007][2026-05-10T00:50:14] Processing file /es/Microsoft.VisualStudio.ProjectSystem.Query.VS.resources.dll
[da4c:0007][2026-05-10T00:50:14] Started: Copying file /es/Microsoft.VisualStudio.ProjectSystem.Query.VS.resources.dll to D:\Program\Common7\IDE\CommonExtensions\Microsoft\ProjectSystemQuery\es\Microsoft.VisualStudio.ProjectSystem.Query.VS.resources.dll
[da4c:0007][2026-05-10T00:50:14] Completed: Copying file /es/Microsoft.VisualStudio.ProjectSystem.Query.VS.resources.dll to D:\Program\Common7\IDE\CommonExtensions\Microsoft\ProjectSystemQuery\es\Microsoft.VisualStudio.ProjectSystem.Query.VS.resources.dll
[da4c:0007][2026-05-10T00:50:14] Timestamp updated for file 'D:\Program\Common7\IDE\CommonExtensions\Microsoft\ProjectSystemQuery\es\Microsoft.VisualStudio.ProjectSystem.Query.VS.resources.dll'.
[da4c:0007][2026-05-10T00:50:14] Processing file /fr/Microsoft.VisualStudio.ProjectSystem.Query.resources.dll
[da4c:0007][2026-05-10T00:50:14] Started: Copying file /fr/Microsoft.VisualStudio.ProjectSystem.Query.resources.dll to D:\Program\Common7\IDE\CommonExtensions\Microsoft\ProjectSystemQuery\fr\Microsoft.VisualStudio.ProjectSystem.Query.resources.dll
[da4c:0007][2026-05-10T00:50:14] Completed: Copying file /fr/Microsoft.VisualStudio.ProjectSystem.Query.resources.dll to D:\Program\Common7\IDE\CommonExtensions\Microsoft\ProjectSystemQuery\fr\Microsoft.VisualStudio.ProjectSystem.Query.resources.dll
[da4c:0007][2026-05-10T00:50:14] Timestamp updated for file 'D:\Program\Common7\IDE\CommonExtensions\Microsoft\ProjectSystemQuery\fr\Microsoft.VisualStudio.ProjectSystem.Query.resources.dll'.
[da4c:0007][2026-05-10T00:50:14] Processing file /fr/Microsoft.VisualStudio.ProjectSystem.Query.VS.resources.dll
[da4c:0007][2026-05-10T00:50:14] Started: Copying file /fr/Microsoft.VisualStudio.ProjectSystem.Query.VS.resources.dll to D:\Program\Common7\IDE\CommonExtensions\Microsoft\ProjectSystemQuery\fr\Microsoft.VisualStudio.ProjectSystem.Query.VS.resources.dll
[da4c:0007][2026-05-10T00:50:14] Completed: Copying file /fr/Microsoft.VisualStudio.ProjectSystem.Query.VS.resources.dll to D:\Program\Common7\IDE\CommonExtensions\Microsoft\ProjectSystemQuery\fr\Microsoft.VisualStudio.ProjectSystem.Query.VS.resources.dll
[da4c:0007][2026-05-10T00:50:14] Timestamp updated for file 'D:\Program\Common7\IDE\CommonExtensions\Microsoft\ProjectSystemQuery\fr\Microsoft.VisualStudio.ProjectSystem.Query.VS.resources.dll'.
[da4c:0007][2026-05-10T00:50:14] Processing file /it/Microsoft.VisualStudio.ProjectSystem.Query.resources.dll
[da4c:0007][2026-05-10T00:50:14] Started: Copying file /it/Microsoft.VisualStudio.ProjectSystem.Query.resources.dll to D:\Program\Common7\IDE\CommonExtensions\Microsoft\ProjectSystemQuery\it\Microsoft.VisualStudio.ProjectSystem.Query.resources.dll
[da4c:0007][2026-05-10T00:50:14] Completed: Copying file /it/Microsoft.VisualStudio.ProjectSystem.Query.resources.dll to D:\Program\Common7\IDE\CommonExtensions\Microsoft\ProjectSystemQuery\it\Microsoft.VisualStudio.ProjectSystem.Query.resources.dll
[da4c:0007][2026-05-10T00:50:14] Timestamp updated for file 'D:\Program\Common7\IDE\CommonExtensions\Microsoft\ProjectSystemQuery\it\Microsoft.VisualStudio.ProjectSystem.Query.resources.dll'.
[da4c:0007][2026-05-10T00:50:14] Processing file /it/Microsoft.VisualStudio.ProjectSystem.Query.VS.resources.dll
[da4c:0007][2026-05-10T00:50:14] Started: Copying file /it/Microsoft.VisualStudio.ProjectSystem.Query.VS.resources.dll to D:\Program\Common7\IDE\CommonExtensions\Microsoft\ProjectSystemQuery\it\Microsoft.VisualStudio.ProjectSystem.Query.VS.resources.dll
[da4c:0007][2026-05-10T00:50:14] Completed: Copying file /it/Microsoft.VisualStudio.ProjectSystem.Query.VS.resources.dll to D:\Program\Common7\IDE\CommonExtensions\Microsoft\ProjectSystemQuery\it\Microsoft.VisualStudio.ProjectSystem.Query.VS.resources.dll
[da4c:0007][2026-05-10T00:50:14] Timestamp updated for file 'D:\Program\Common7\IDE\CommonExtensions\Microsoft\ProjectSystemQuery\it\Microsoft.VisualStudio.ProjectSystem.Query.VS.resources.dll'.
[da4c:0007][2026-05-10T00:50:14] Processing file /ja/Microsoft.VisualStudio.ProjectSystem.Query.resources.dll
[da4c:0007][2026-05-10T00:50:14] Started: Copying file /ja/Microsoft.VisualStudio.ProjectSystem.Query.resources.dll to D:\Program\Common7\IDE\CommonExtensions\Microsoft\ProjectSystemQuery\ja\Microsoft.VisualStudio.ProjectSystem.Query.resources.dll
[da4c:0007][2026-05-10T00:50:14] Completed: Copying file /ja/Microsoft.VisualStudio.ProjectSystem.Query.resources.dll to D:\Program\Common7\IDE\CommonExtensions\Microsoft\ProjectSystemQuery\ja\Microsoft.VisualStudio.ProjectSystem.Query.resources.dll
[da4c:0007][2026-05-10T00:50:14] Timestamp updated for file 'D:\Program\Common7\IDE\CommonExtensions\Microsoft\ProjectSystemQuery\ja\Microsoft.VisualStudio.ProjectSystem.Query.resources.dll'.
[da4c:0007][2026-05-10T00:50:14] Processing file /ja/Microsoft.VisualStudio.ProjectSystem.Query.VS.resources.dll
[da4c:0007][2026-05-10T00:50:14] Started: Copying file /ja/Microsoft.VisualStudio.ProjectSystem.Query.VS.resources.dll to D:\Program\Common7\IDE\CommonExtensions\Microsoft\ProjectSystemQuery\ja\Microsoft.VisualStudio.ProjectSystem.Query.VS.resources.dll
[da4c:0007][2026-05-10T00:50:14] Completed: Copying file /ja/Microsoft.VisualStudio.ProjectSystem.Query.VS.resources.dll to D:\Program\Common7\IDE\CommonExtensions\Microsoft\ProjectSystemQuery\ja\Microsoft.VisualStudio.ProjectSystem.Query.VS.resources.dll
[da4c:0007][2026-05-10T00:50:14] Timestamp updated for file 'D:\Program\Common7\IDE\CommonExtensions\Microsoft\ProjectSystemQuery\ja\Microsoft.VisualStudio.ProjectSystem.Query.VS.resources.dll'.
[da4c:0007][2026-05-10T00:50:14] Processing file /ko/Microsoft.VisualStudio.ProjectSystem.Query.resources.dll
[da4c:0007][2026-05-10T00:50:14] Started: Copying file /ko/Microsoft.VisualStudio.ProjectSystem.Query.resources.dll to D:\Program\Common7\IDE\CommonExtensions\Microsoft\ProjectSystemQuery\ko\Microsoft.VisualStudio.ProjectSystem.Query.resources.dll
[da4c:0007][2026-05-10T00:50:14] Completed: Copying file /ko/Microsoft.VisualStudio.ProjectSystem.Query.resources.dll to D:\Program\Common7\IDE\CommonExtensions\Microsoft\ProjectSystemQuery\ko\Microsoft.VisualStudio.ProjectSystem.Query.resources.dll
[da4c:0007][2026-05-10T00:50:14] Timestamp updated for file 'D:\Program\Common7\IDE\CommonExtensions\Microsoft\ProjectSystemQuery\ko\Microsoft.VisualStudio.ProjectSystem.Query.resources.dll'.
[da4c:0007][2026-05-10T00:50:14] Processing file /ko/Microsoft.VisualStudio.ProjectSystem.Query.VS.resources.dll
[da4c:0007][2026-05-10T00:50:14] Started: Copying file /ko/Microsoft.VisualStudio.ProjectSystem.Query.VS.resources.dll to D:\Program\Common7\IDE\CommonExtensions\Microsoft\ProjectSystemQuery\ko\Microsoft.VisualStudio.ProjectSystem.Query.VS.resources.dll
[da4c:0007][2026-05-10T00:50:14] Completed: Copying file /ko/Microsoft.VisualStudio.ProjectSystem.Query.VS.resources.dll to D:\Program\Common7\IDE\CommonExtensions\Microsoft\ProjectSystemQuery\ko\Microsoft.VisualStudio.ProjectSystem.Query.VS.resources.dll
[da4c:0007][2026-05-10T00:50:14] Timestamp updated for file 'D:\Program\Common7\IDE\CommonExtensions\Microsoft\ProjectSystemQuery\ko\Microsoft.VisualStudio.ProjectSystem.Query.VS.resources.dll'.
[da4c:0007][2026-05-10T00:50:14] Processing file /manifest.json
[da4c:0007][2026-05-10T00:50:14] Started: Copying file /manifest.json to D:\Program\Common7\IDE\CommonExtensions\Microsoft\ProjectSystemQuery\manifest.json
[da4c:0007][2026-05-10T00:50:14] Completed: Copying file /manifest.json to D:\Program\Common7\IDE\CommonExtensions\Microsoft\ProjectSystemQuery\manifest.json
[da4c:0007][2026-05-10T00:50:14] Timestamp updated for file 'D:\Program\Common7\IDE\CommonExtensions\Microsoft\ProjectSystemQuery\manifest.json'.
[da4c:0007][2026-05-10T00:50:14] Processing file /Microsoft.VisualStudio.ProjectSystem.Query.dll
[da4c:0007][2026-05-10T00:50:14] Started: Copying file /Microsoft.VisualStudio.ProjectSystem.Query.dll to D:\Program\Common7\IDE\CommonExtensions\Microsoft\ProjectSystemQuery\Microsoft.VisualStudio.ProjectSystem.Query.dll
[da4c:0007][2026-05-10T00:50:14] Completed: Copying file /Microsoft.VisualStudio.ProjectSystem.Query.dll to D:\Program\Common7\IDE\CommonExtensions\Microsoft\ProjectSystemQuery\Microsoft.VisualStudio.ProjectSystem.Query.dll
[da4c:0007][2026-05-10T00:50:14] Timestamp updated for file 'D:\Program\Common7\IDE\CommonExtensions\Microsoft\ProjectSystemQuery\Microsoft.VisualStudio.ProjectSystem.Query.dll'.
[da4c:0007][2026-05-10T00:50:14] Queueing D:\Program\Common7\IDE\CommonExtensions\Microsoft\ProjectSystemQuery\Microsoft.VisualStudio.ProjectSystem.Query.dll for X86 ngen
[da4c:0007][2026-05-10T00:50:14] Successfully queued file '/Microsoft.VisualStudio.ProjectSystem.Query.dll' for ngen
[da4c:0007][2026-05-10T00:50:14] Processing file /Microsoft.VisualStudio.ProjectSystem.Query.pkgdef
[da4c:0007][2026-05-10T00:50:14] Started: Copying file /Microsoft.VisualStudio.ProjectSystem.Query.pkgdef to D:\Program\Common7\IDE\CommonExtensions\Microsoft\ProjectSystemQuery\Microsoft.VisualStudio.ProjectSystem.Query.pkgdef
[da4c:0007][2026-05-10T00:50:14] Completed: Copying file /Microsoft.VisualStudio.ProjectSystem.Query.pkgdef to D:\Program\Common7\IDE\CommonExtensions\Microsoft\ProjectSystemQuery\Microsoft.VisualStudio.ProjectSystem.Query.pkgdef
[da4c:0007][2026-05-10T00:50:14] Timestamp updated for file 'D:\Program\Common7\IDE\CommonExtensions\Microsoft\ProjectSystemQuery\Microsoft.VisualStudio.ProjectSystem.Query.pkgdef'.
[da4c:0007][2026-05-10T00:50:14] Processing file /Microsoft.VisualStudio.ProjectSystem.Query.VS.dll
[da4c:0007][2026-05-10T00:50:14] Started: Copying file /Microsoft.VisualStudio.ProjectSystem.Query.VS.dll to D:\Program\Common7\IDE\CommonExtensions\Microsoft\ProjectSystemQuery\Microsoft.VisualStudio.ProjectSystem.Query.VS.dll
[da4c:0007][2026-05-10T00:50:14] Completed: Copying file /Microsoft.VisualStudio.ProjectSystem.Query.VS.dll to D:\Program\Common7\IDE\CommonExtensions\Microsoft\ProjectSystemQuery\Microsoft.VisualStudio.ProjectSystem.Query.VS.dll
[da4c:0007][2026-05-10T00:50:14] Timestamp updated for file 'D:\Program\Common7\IDE\CommonExtensions\Microsoft\ProjectSystemQuery\Microsoft.VisualStudio.ProjectSystem.Query.VS.dll'.
[da4c:0007][2026-05-10T00:50:14] Queueing D:\Program\Common7\IDE\CommonExtensions\Microsoft\ProjectSystemQuery\Microsoft.VisualStudio.ProjectSystem.Query.VS.dll for X86 ngen
[da4c:0007][2026-05-10T00:50:14] Successfully queued file '/Microsoft.VisualStudio.ProjectSystem.Query.VS.dll' for ngen
[da4c:0007][2026-05-10T00:50:14] Processing file /pl/Microsoft.VisualStudio.ProjectSystem.Query.resources.dll
[da4c:0007][2026-05-10T00:50:14] Started: Copying file /pl/Microsoft.VisualStudio.ProjectSystem.Query.resources.dll to D:\Program\Common7\IDE\CommonExtensions\Microsoft\ProjectSystemQuery\pl\Microsoft.VisualStudio.ProjectSystem.Query.resources.dll
[da4c:0007][2026-05-10T00:50:14] Completed: Copying file /pl/Microsoft.VisualStudio.ProjectSystem.Query.resources.dll to D:\Program\Common7\IDE\CommonExtensions\Microsoft\ProjectSystemQuery\pl\Microsoft.VisualStudio.ProjectSystem.Query.resources.dll
[da4c:0007][2026-05-10T00:50:14] Timestamp updated for file 'D:\Program\Common7\IDE\CommonExtensions\Microsoft\ProjectSystemQuery\pl\Microsoft.VisualStudio.ProjectSystem.Query.resources.dll'.
[da4c:0007][2026-05-10T00:50:14] Processing file /pl/Microsoft.VisualStudio.ProjectSystem.Query.VS.resources.dll
[da4c:0007][2026-05-10T00:50:14] Started: Copying file /pl/Microsoft.VisualStudio.ProjectSystem.Query.VS.resources.dll to D:\Program\Common7\IDE\CommonExtensions\Microsoft\ProjectSystemQuery\pl\Microsoft.VisualStudio.ProjectSystem.Query.VS.resources.dll
[da4c:0007][2026-05-10T00:50:14] Completed: Copying file /pl/Microsoft.VisualStudio.ProjectSystem.Query.VS.resources.dll to D:\Program\Common7\IDE\CommonExtensions\Microsoft\ProjectSystemQuery\pl\Microsoft.VisualStudio.ProjectSystem.Query.VS.resources.dll
[da4c:0007][2026-05-10T00:50:14] Timestamp updated for file 'D:\Program\Common7\IDE\CommonExtensions\Microsoft\ProjectSystemQuery\pl\Microsoft.VisualStudio.ProjectSystem.Query.VS.resources.dll'.
[da4c:0007][2026-05-10T00:50:14] Processing file /pt-BR/Microsoft.VisualStudio.ProjectSystem.Query.resources.dll
[da4c:0007][2026-05-10T00:50:14] Started: Copying file /pt-BR/Microsoft.VisualStudio.ProjectSystem.Query.resources.dll to D:\Program\Common7\IDE\CommonExtensions\Microsoft\ProjectSystemQuery\pt-BR\Microsoft.VisualStudio.ProjectSystem.Query.resources.dll
[da4c:0007][2026-05-10T00:50:14] Completed: Copying file /pt-BR/Microsoft.VisualStudio.ProjectSystem.Query.resources.dll to D:\Program\Common7\IDE\CommonExtensions\Microsoft\ProjectSystemQuery\pt-BR\Microsoft.VisualStudio.ProjectSystem.Query.resources.dll
[da4c:0007][2026-05-10T00:50:14] Timestamp updated for file 'D:\Program\Common7\IDE\CommonExtensions\Microsoft\ProjectSystemQuery\pt-BR\Microsoft.VisualStudio.ProjectSystem.Query.resources.dll'.
[da4c:0007][2026-05-10T00:50:14] Processing file /pt-BR/Microsoft.VisualStudio.ProjectSystem.Query.VS.resources.dll
[da4c:0007][2026-05-10T00:50:14] Started: Copying file /pt-BR/Microsoft.VisualStudio.ProjectSystem.Query.VS.resources.dll to D:\Program\Common7\IDE\CommonExtensions\Microsoft\ProjectSystemQuery\pt-BR\Microsoft.VisualStudio.ProjectSystem.Query.VS.resources.dll
[da4c:0007][2026-05-10T00:50:14] Completed: Copying file /pt-BR/Microsoft.VisualStudio.ProjectSystem.Query.VS.resources.dll to D:\Program\Common7\IDE\CommonExtensions\Microsoft\ProjectSystemQuery\pt-BR\Microsoft.VisualStudio.ProjectSystem.Query.VS.resources.dll
[da4c:0007][2026-05-10T00:50:14] Timestamp updated for file 'D:\Program\Common7\IDE\CommonExtensions\Microsoft\ProjectSystemQuery\pt-BR\Microsoft.VisualStudio.ProjectSystem.Query.VS.resources.dll'.
[da4c:0007][2026-05-10T00:50:14] Processing file /ru/Microsoft.VisualStudio.ProjectSystem.Query.resources.dll
[da4c:0007][2026-05-10T00:50:14] Started: Copying file /ru/Microsoft.VisualStudio.ProjectSystem.Query.resources.dll to D:\Program\Common7\IDE\CommonExtensions\Microsoft\ProjectSystemQuery\ru\Microsoft.VisualStudio.ProjectSystem.Query.resources.dll
[da4c:0007][2026-05-10T00:50:14] Completed: Copying file /ru/Microsoft.VisualStudio.ProjectSystem.Query.resources.dll to D:\Program\Common7\IDE\CommonExtensions\Microsoft\ProjectSystemQuery\ru\Microsoft.VisualStudio.ProjectSystem.Query.resources.dll
[da4c:0007][2026-05-10T00:50:14] Timestamp updated for file 'D:\Program\Common7\IDE\CommonExtensions\Microsoft\ProjectSystemQuery\ru\Microsoft.VisualStudio.ProjectSystem.Query.resources.dll'.
[da4c:0007][2026-05-10T00:50:14] Processing file /ru/Microsoft.VisualStudio.ProjectSystem.Query.VS.resources.dll
[da4c:0007][2026-05-10T00:50:14] Started: Copying file /ru/Microsoft.VisualStudio.ProjectSystem.Query.VS.resources.dll to D:\Program\Common7\IDE\CommonExtensions\Microsoft\ProjectSystemQuery\ru\Microsoft.VisualStudio.ProjectSystem.Query.VS.resources.dll
[da4c:0007][2026-05-10T00:50:14] Completed: Copying file /ru/Microsoft.VisualStudio.ProjectSystem.Query.VS.resources.dll to D:\Program\Common7\IDE\CommonExtensions\Microsoft\ProjectSystemQuery\ru\Microsoft.VisualStudio.ProjectSystem.Query.VS.resources.dll
[da4c:0007][2026-05-10T00:50:14] Timestamp updated for file 'D:\Program\Common7\IDE\CommonExtensions\Microsoft\ProjectSystemQuery\ru\Microsoft.VisualStudio.ProjectSystem.Query.VS.resources.dll'.
[da4c:0007][2026-05-10T00:50:14] Processing file /tr/Microsoft.VisualStudio.ProjectSystem.Query.resources.dll
[da4c:0007][2026-05-10T00:50:14] Started: Copying file /tr/Microsoft.VisualStudio.ProjectSystem.Query.resources.dll to D:\Program\Common7\IDE\CommonExtensions\Microsoft\ProjectSystemQuery\tr\Microsoft.VisualStudio.ProjectSystem.Query.resources.dll
[da4c:0007][2026-05-10T00:50:14] Completed: Copying file /tr/Microsoft.VisualStudio.ProjectSystem.Query.resources.dll to D:\Program\Common7\IDE\CommonExtensions\Microsoft\ProjectSystemQuery\tr\Microsoft.VisualStudio.ProjectSystem.Query.resources.dll
[da4c:0007][2026-05-10T00:50:14] Timestamp updated for file 'D:\Program\Common7\IDE\CommonExtensions\Microsoft\ProjectSystemQuery\tr\Microsoft.VisualStudio.ProjectSystem.Query.resources.dll'.
[da4c:0007][2026-05-10T00:50:14] Processing file /tr/Microsoft.VisualStudio.ProjectSystem.Query.VS.resources.dll
[da4c:0007][2026-05-10T00:50:14] Started: Copying file /tr/Microsoft.VisualStudio.ProjectSystem.Query.VS.resources.dll to D:\Program\Common7\IDE\CommonExtensions\Microsoft\ProjectSystemQuery\tr\Microsoft.VisualStudio.ProjectSystem.Query.VS.resources.dll
[da4c:0007][2026-05-10T00:50:14] Completed: Copying file /tr/Microsoft.VisualStudio.ProjectSystem.Query.VS.resources.dll to D:\Program\Common7\IDE\CommonExtensions\Microsoft\ProjectSystemQuery\tr\Microsoft.VisualStudio.ProjectSystem.Query.VS.resources.dll
[da4c:0007][2026-05-10T00:50:14] Timestamp updated for file 'D:\Program\Common7\IDE\CommonExtensions\Microsoft\ProjectSystemQuery\tr\Microsoft.VisualStudio.ProjectSystem.Query.VS.resources.dll'.
[da4c:0007][2026-05-10T00:50:14] Processing file /zh-Hans/Microsoft.VisualStudio.ProjectSystem.Query.resources.dll
[da4c:0007][2026-05-10T00:50:14] Started: Copying file /zh-Hans/Microsoft.VisualStudio.ProjectSystem.Query.resources.dll to D:\Program\Common7\IDE\CommonExtensions\Microsoft\ProjectSystemQuery\zh-Hans\Microsoft.VisualStudio.ProjectSystem.Query.resources.dll
[da4c:0007][2026-05-10T00:50:14] Completed: Copying file /zh-Hans/Microsoft.VisualStudio.ProjectSystem.Query.resources.dll to D:\Program\Common7\IDE\CommonExtensions\Microsoft\ProjectSystemQuery\zh-Hans\Microsoft.VisualStudio.ProjectSystem.Query.resources.dll
[da4c:0007][2026-05-10T00:50:14] Timestamp updated for file 'D:\Program\Common7\IDE\CommonExtensions\Microsoft\ProjectSystemQuery\zh-Hans\Microsoft.VisualStudio.ProjectSystem.Query.resources.dll'.
[da4c:0007][2026-05-10T00:50:14] Processing file /zh-Hans/Microsoft.VisualStudio.ProjectSystem.Query.VS.resources.dll
[da4c:0007][2026-05-10T00:50:14] Started: Copying file /zh-Hans/Microsoft.VisualStudio.ProjectSystem.Query.VS.resources.dll to D:\Program\Common7\IDE\CommonExtensions\Microsoft\ProjectSystemQuery\zh-Hans\Microsoft.VisualStudio.ProjectSystem.Query.VS.resources.dll
[da4c:0007][2026-05-10T00:50:14] Completed: Copying file /zh-Hans/Microsoft.VisualStudio.ProjectSystem.Query.VS.resources.dll to D:\Program\Common7\IDE\CommonExtensions\Microsoft\ProjectSystemQuery\zh-Hans\Microsoft.VisualStudio.ProjectSystem.Query.VS.resources.dll
[da4c:0007][2026-05-10T00:50:14] Timestamp updated for file 'D:\Program\Common7\IDE\CommonExtensions\Microsoft\ProjectSystemQuery\zh-Hans\Microsoft.VisualStudio.ProjectSystem.Query.VS.resources.dll'.
[da4c:0007][2026-05-10T00:50:14] Processing file /zh-Hant/Microsoft.VisualStudio.ProjectSystem.Query.resources.dll
[da4c:0007][2026-05-10T00:50:14] Started: Copying file /zh-Hant/Microsoft.VisualStudio.ProjectSystem.Query.resources.dll to D:\Program\Common7\IDE\CommonExtensions\Microsoft\ProjectSystemQuery\zh-Hant\Microsoft.VisualStudio.ProjectSystem.Query.resources.dll
[da4c:0007][2026-05-10T00:50:14] Completed: Copying file /zh-Hant/Microsoft.VisualStudio.ProjectSystem.Query.resources.dll to D:\Program\Common7\IDE\CommonExtensions\Microsoft\ProjectSystemQuery\zh-Hant\Microsoft.VisualStudio.ProjectSystem.Query.resources.dll
[da4c:0007][2026-05-10T00:50:14] Timestamp updated for file 'D:\Program\Common7\IDE\CommonExtensions\Microsoft\ProjectSystemQuery\zh-Hant\Microsoft.VisualStudio.ProjectSystem.Query.resources.dll'.
[da4c:0007][2026-05-10T00:50:14] Processing file /zh-Hant/Microsoft.VisualStudio.ProjectSystem.Query.VS.resources.dll
[da4c:0007][2026-05-10T00:50:14] Started: Copying file /zh-Hant/Microsoft.VisualStudio.ProjectSystem.Query.VS.resources.dll to D:\Program\Common7\IDE\CommonExtensions\Microsoft\ProjectSystemQuery\zh-Hant\Microsoft.VisualStudio.ProjectSystem.Query.VS.resources.dll
[da4c:0007][2026-05-10T00:50:14] Completed: Copying file /zh-Hant/Microsoft.VisualStudio.ProjectSystem.Query.VS.resources.dll to D:\Program\Common7\IDE\CommonExtensions\Microsoft\ProjectSystemQuery\zh-Hant\Microsoft.VisualStudio.ProjectSystem.Query.VS.resources.dll
[da4c:0007][2026-05-10T00:50:14] Timestamp updated for file 'D:\Program\Common7\IDE\CommonExtensions\Microsoft\ProjectSystemQuery\zh-Hant\Microsoft.VisualStudio.ProjectSystem.Query.VS.resources.dll'.
[da4c:0007][2026-05-10T00:50:14] Processing file /extension.vsixmanifest
[da4c:0007][2026-05-10T00:50:14] Started: Copying file /extension.vsixmanifest to D:\Program\Common7\IDE\CommonExtensions\Microsoft\ProjectSystemQuery\extension.vsixmanifest
[da4c:0007][2026-05-10T00:50:14] Completed: Copying file /extension.vsixmanifest to D:\Program\Common7\IDE\CommonExtensions\Microsoft\ProjectSystemQuery\extension.vsixmanifest
[da4c:0007][2026-05-10T00:50:14] Timestamp updated for file 'D:\Program\Common7\IDE\CommonExtensions\Microsoft\ProjectSystemQuery\extension.vsixmanifest'.
[da4c:0007][2026-05-10T00:50:14] Package executed successfully. Return code: 0
