[3c7c:000c][2026-05-10T01:36:00] Opening the package for processing
[3c7c:000c][2026-05-10T01:36:00] Using package payload to get the embedded manifest
[3c7c:000c][2026-05-10T01:36:00] Getting list of files within the package
[3c7c:000c][2026-05-10T01:36:00] Processing file /catalog.json
[3c7c:000c][2026-05-10T01:36:00] Started: Copying file /catalog.json to C:\Program Files (x86)\Microsoft Visual Studio\2022\BuildTools\Common7\IDE\Extensions\Microsoft\DebugAdapterHost\catalog.json
[3c7c:000c][2026-05-10T01:36:00] Completed: Copying file /catalog.json to C:\Program Files (x86)\Microsoft Visual Studio\2022\BuildTools\Common7\IDE\Extensions\Microsoft\DebugAdapterHost\catalog.json
[3c7c:000c][2026-05-10T01:36:00] Timestamp updated for file 'C:\Program Files (x86)\Microsoft Visual Studio\2022\BuildTools\Common7\IDE\Extensions\Microsoft\DebugAdapterHost\catalog.json'.
[3c7c:000c][2026-05-10T01:36:00] Processing file /cs/Microsoft.VisualStudio.Debugger.VSCodeDebuggerHost.resources.dll
[3c7c:000c][2026-05-10T01:36:00] Started: Copying file /cs/Microsoft.VisualStudio.Debugger.VSCodeDebuggerHost.resources.dll to C:\Program Files (x86)\Microsoft Visual Studio\2022\BuildTools\Common7\IDE\Extensions\Microsoft\DebugAdapterHost\cs\Microsoft.VisualStudio.Debugger.VSCodeDebuggerHost.resources.dll
[3c7c:000c][2026-05-10T01:36:00] Completed: Copying file /cs/Microsoft.VisualStudio.Debugger.VSCodeDebuggerHost.resources.dll to C:\Program Files (x86)\Microsoft Visual Studio\2022\BuildTools\Common7\IDE\Extensions\Microsoft\DebugAdapterHost\cs\Microsoft.VisualStudio.Debugger.VSCodeDebuggerHost.resources.dll
[3c7c:000c][2026-05-10T01:36:00] Timestamp updated for file 'C:\Program Files (x86)\Microsoft Visual Studio\2022\BuildTools\Common7\IDE\Extensions\Microsoft\DebugAdapterHost\cs\Microsoft.VisualStudio.Debugger.VSCodeDebuggerHost.resources.dll'.
[3c7c:000c][2026-05-10T01:36:00] Processing file /de/Microsoft.VisualStudio.Debugger.VSCodeDebuggerHost.resources.dll
[3c7c:000c][2026-05-10T01:36:00] Started: Copying file /de/Microsoft.VisualStudio.Debugger.VSCodeDebuggerHost.resources.dll to C:\Program Files (x86)\Microsoft Visual Studio\2022\BuildTools\Common7\IDE\Extensions\Microsoft\DebugAdapterHost\de\Microsoft.VisualStudio.Debugger.VSCodeDebuggerHost.resources.dll
[3c7c:000c][2026-05-10T01:36:00] Completed: Copying file /de/Microsoft.VisualStudio.Debugger.VSCodeDebuggerHost.resources.dll to C:\Program Files (x86)\Microsoft Visual Studio\2022\BuildTools\Common7\IDE\Extensions\Microsoft\DebugAdapterHost\de\Microsoft.VisualStudio.Debugger.VSCodeDebuggerHost.resources.dll
[3c7c:000c][2026-05-10T01:36:00] Timestamp updated for file 'C:\Program Files (x86)\Microsoft Visual Studio\2022\BuildTools\Common7\IDE\Extensions\Microsoft\DebugAdapterHost\de\Microsoft.VisualStudio.Debugger.VSCodeDebuggerHost.resources.dll'.
[3c7c:000c][2026-05-10T01:36:00] Processing file /EngineRegistration.pkgdef
[3c7c:000c][2026-05-10T01:36:00] Started: Copying file /EngineRegistration.pkgdef to C:\Program Files (x86)\Microsoft Visual Studio\2022\BuildTools\Common7\IDE\Extensions\Microsoft\DebugAdapterHost\EngineRegistration.pkgdef
[3c7c:000c][2026-05-10T01:36:00] Completed: Copying file /EngineRegistration.pkgdef to C:\Program Files (x86)\Microsoft Visual Studio\2022\BuildTools\Common7\IDE\Extensions\Microsoft\DebugAdapterHost\EngineRegistration.pkgdef
[3c7c:000c][2026-05-10T01:36:00] Timestamp updated for file 'C:\Program Files (x86)\Microsoft Visual Studio\2022\BuildTools\Common7\IDE\Extensions\Microsoft\DebugAdapterHost\EngineRegistration.pkgdef'.
[3c7c:000c][2026-05-10T01:36:00] Processing file /es/Microsoft.VisualStudio.Debugger.VSCodeDebuggerHost.resources.dll
[3c7c:000c][2026-05-10T01:36:00] Started: Copying file /es/Microsoft.VisualStudio.Debugger.VSCodeDebuggerHost.resources.dll to C:\Program Files (x86)\Microsoft Visual Studio\2022\BuildTools\Common7\IDE\Extensions\Microsoft\DebugAdapterHost\es\Microsoft.VisualStudio.Debugger.VSCodeDebuggerHost.resources.dll
[3c7c:000c][2026-05-10T01:36:00] Completed: Copying file /es/Microsoft.VisualStudio.Debugger.VSCodeDebuggerHost.resources.dll to C:\Program Files (x86)\Microsoft Visual Studio\2022\BuildTools\Common7\IDE\Extensions\Microsoft\DebugAdapterHost\es\Microsoft.VisualStudio.Debugger.VSCodeDebuggerHost.resources.dll
[3c7c:000c][2026-05-10T01:36:00] Timestamp updated for file 'C:\Program Files (x86)\Microsoft Visual Studio\2022\BuildTools\Common7\IDE\Extensions\Microsoft\DebugAdapterHost\es\Microsoft.VisualStudio.Debugger.VSCodeDebuggerHost.resources.dll'.
[3c7c:000c][2026-05-10T01:36:00] Processing file /fr/Microsoft.VisualStudio.Debugger.VSCodeDebuggerHost.resources.dll
[3c7c:000c][2026-05-10T01:36:00] Started: Copying file /fr/Microsoft.VisualStudio.Debugger.VSCodeDebuggerHost.resources.dll to C:\Program Files (x86)\Microsoft Visual Studio\2022\BuildTools\Common7\IDE\Extensions\Microsoft\DebugAdapterHost\fr\Microsoft.VisualStudio.Debugger.VSCodeDebuggerHost.resources.dll
[3c7c:000c][2026-05-10T01:36:00] Completed: Copying file /fr/Microsoft.VisualStudio.Debugger.VSCodeDebuggerHost.resources.dll to C:\Program Files (x86)\Microsoft Visual Studio\2022\BuildTools\Common7\IDE\Extensions\Microsoft\DebugAdapterHost\fr\Microsoft.VisualStudio.Debugger.VSCodeDebuggerHost.resources.dll
[3c7c:000c][2026-05-10T01:36:00] Timestamp updated for file 'C:\Program Files (x86)\Microsoft Visual Studio\2022\BuildTools\Common7\IDE\Extensions\Microsoft\DebugAdapterHost\fr\Microsoft.VisualStudio.Debugger.VSCodeDebuggerHost.resources.dll'.
[3c7c:000c][2026-05-10T01:36:00] Processing file /it/Microsoft.VisualStudio.Debugger.VSCodeDebuggerHost.resources.dll
[3c7c:000c][2026-05-10T01:36:00] Started: Copying file /it/Microsoft.VisualStudio.Debugger.VSCodeDebuggerHost.resources.dll to C:\Program Files (x86)\Microsoft Visual Studio\2022\BuildTools\Common7\IDE\Extensions\Microsoft\DebugAdapterHost\it\Microsoft.VisualStudio.Debugger.VSCodeDebuggerHost.resources.dll
[3c7c:000c][2026-05-10T01:36:00] Completed: Copying file /it/Microsoft.VisualStudio.Debugger.VSCodeDebuggerHost.resources.dll to C:\Program Files (x86)\Microsoft Visual Studio\2022\BuildTools\Common7\IDE\Extensions\Microsoft\DebugAdapterHost\it\Microsoft.VisualStudio.Debugger.VSCodeDebuggerHost.resources.dll
[3c7c:000c][2026-05-10T01:36:00] Timestamp updated for file 'C:\Program Files (x86)\Microsoft Visual Studio\2022\BuildTools\Common7\IDE\Extensions\Microsoft\DebugAdapterHost\it\Microsoft.VisualStudio.Debugger.VSCodeDebuggerHost.resources.dll'.
[3c7c:000c][2026-05-10T01:36:00] Processing file /ja/Microsoft.VisualStudio.Debugger.VSCodeDebuggerHost.resources.dll
[3c7c:000c][2026-05-10T01:36:00] Started: Copying file /ja/Microsoft.VisualStudio.Debugger.VSCodeDebuggerHost.resources.dll to C:\Program Files (x86)\Microsoft Visual Studio\2022\BuildTools\Common7\IDE\Extensions\Microsoft\DebugAdapterHost\ja\Microsoft.VisualStudio.Debugger.VSCodeDebuggerHost.resources.dll
[3c7c:000c][2026-05-10T01:36:00] Completed: Copying file /ja/Microsoft.VisualStudio.Debugger.VSCodeDebuggerHost.resources.dll to C:\Program Files (x86)\Microsoft Visual Studio\2022\BuildTools\Common7\IDE\Extensions\Microsoft\DebugAdapterHost\ja\Microsoft.VisualStudio.Debugger.VSCodeDebuggerHost.resources.dll
[3c7c:000c][2026-05-10T01:36:00] Timestamp updated for file 'C:\Program Files (x86)\Microsoft Visual Studio\2022\BuildTools\Common7\IDE\Extensions\Microsoft\DebugAdapterHost\ja\Microsoft.VisualStudio.Debugger.VSCodeDebuggerHost.resources.dll'.
[3c7c:000c][2026-05-10T01:36:00] Processing file /ko/Microsoft.VisualStudio.Debugger.VSCodeDebuggerHost.resources.dll
[3c7c:000c][2026-05-10T01:36:00] Started: Copying file /ko/Microsoft.VisualStudio.Debugger.VSCodeDebuggerHost.resources.dll to C:\Program Files (x86)\Microsoft Visual Studio\2022\BuildTools\Common7\IDE\Extensions\Microsoft\DebugAdapterHost\ko\Microsoft.VisualStudio.Debugger.VSCodeDebuggerHost.resources.dll
[3c7c:000c][2026-05-10T01:36:00] Completed: Copying file /ko/Microsoft.VisualStudio.Debugger.VSCodeDebuggerHost.resources.dll to C:\Program Files (x86)\Microsoft Visual Studio\2022\BuildTools\Common7\IDE\Extensions\Microsoft\DebugAdapterHost\ko\Microsoft.VisualStudio.Debugger.VSCodeDebuggerHost.resources.dll
[3c7c:000c][2026-05-10T01:36:00] Timestamp updated for file 'C:\Program Files (x86)\Microsoft Visual Studio\2022\BuildTools\Common7\IDE\Extensions\Microsoft\DebugAdapterHost\ko\Microsoft.VisualStudio.Debugger.VSCodeDebuggerHost.resources.dll'.
[3c7c:000c][2026-05-10T01:36:00] Processing file /manifest.json
[3c7c:000c][2026-05-10T01:36:00] Started: Copying file /manifest.json to C:\Program Files (x86)\Microsoft Visual Studio\2022\BuildTools\Common7\IDE\Extensions\Microsoft\DebugAdapterHost\manifest.json
[3c7c:000c][2026-05-10T01:36:00] Completed: Copying file /manifest.json to C:\Program Files (x86)\Microsoft Visual Studio\2022\BuildTools\Common7\IDE\Extensions\Microsoft\DebugAdapterHost\manifest.json
[3c7c:000c][2026-05-10T01:36:00] Timestamp updated for file 'C:\Program Files (x86)\Microsoft Visual Studio\2022\BuildTools\Common7\IDE\Extensions\Microsoft\DebugAdapterHost\manifest.json'.
[3c7c:000c][2026-05-10T01:36:00] Processing file /Microsoft.VisualStudio.Debugger.DebugAdapterHost.Interfaces.dll
[3c7c:000c][2026-05-10T01:36:00] Started: Copying file /Microsoft.VisualStudio.Debugger.DebugAdapterHost.Interfaces.dll to C:\Program Files (x86)\Microsoft Visual Studio\2022\BuildTools\Common7\IDE\Extensions\Microsoft\DebugAdapterHost\Microsoft.VisualStudio.Debugger.DebugAdapterHost.Interfaces.dll
[3c7c:000c][2026-05-10T01:36:00] Completed: Copying file /Microsoft.VisualStudio.Debugger.DebugAdapterHost.Interfaces.dll to C:\Program Files (x86)\Microsoft Visual Studio\2022\BuildTools\Common7\IDE\Extensions\Microsoft\DebugAdapterHost\Microsoft.VisualStudio.Debugger.DebugAdapterHost.Interfaces.dll
[3c7c:000c][2026-05-10T01:36:00] Timestamp updated for file 'C:\Program Files (x86)\Microsoft Visual Studio\2022\BuildTools\Common7\IDE\Extensions\Microsoft\DebugAdapterHost\Microsoft.VisualStudio.Debugger.DebugAdapterHost.Interfaces.dll'.
[3c7c:000c][2026-05-10T01:36:00] Processing file /Microsoft.VisualStudio.Debugger.VSCodeDebuggerHost.dll
[3c7c:000c][2026-05-10T01:36:00] Started: Copying file /Microsoft.VisualStudio.Debugger.VSCodeDebuggerHost.dll to C:\Program Files (x86)\Microsoft Visual Studio\2022\BuildTools\Common7\IDE\Extensions\Microsoft\DebugAdapterHost\Microsoft.VisualStudio.Debugger.VSCodeDebuggerHost.dll
[3c7c:000c][2026-05-10T01:36:00] Completed: Copying file /Microsoft.VisualStudio.Debugger.VSCodeDebuggerHost.dll to C:\Program Files (x86)\Microsoft Visual Studio\2022\BuildTools\Common7\IDE\Extensions\Microsoft\DebugAdapterHost\Microsoft.VisualStudio.Debugger.VSCodeDebuggerHost.dll
[3c7c:000c][2026-05-10T01:36:00] Timestamp updated for file 'C:\Program Files (x86)\Microsoft Visual Studio\2022\BuildTools\Common7\IDE\Extensions\Microsoft\DebugAdapterHost\Microsoft.VisualStudio.Debugger.VSCodeDebuggerHost.dll'.
[3c7c:000c][2026-05-10T01:36:00] Processing file /Microsoft.VisualStudio.Debugger.VSCodeDebuggerHost.pkgdef
[3c7c:000c][2026-05-10T01:36:00] Started: Copying file /Microsoft.VisualStudio.Debugger.VSCodeDebuggerHost.pkgdef to C:\Program Files (x86)\Microsoft Visual Studio\2022\BuildTools\Common7\IDE\Extensions\Microsoft\DebugAdapterHost\Microsoft.VisualStudio.Debugger.VSCodeDebuggerHost.pkgdef
[3c7c:000c][2026-05-10T01:36:00] Completed: Copying file /Microsoft.VisualStudio.Debugger.VSCodeDebuggerHost.pkgdef to C:\Program Files (x86)\Microsoft Visual Studio\2022\BuildTools\Common7\IDE\Extensions\Microsoft\DebugAdapterHost\Microsoft.VisualStudio.Debugger.VSCodeDebuggerHost.pkgdef
[3c7c:000c][2026-05-10T01:36:00] Timestamp updated for file 'C:\Program Files (x86)\Microsoft Visual Studio\2022\BuildTools\Common7\IDE\Extensions\Microsoft\DebugAdapterHost\Microsoft.VisualStudio.Debugger.VSCodeDebuggerHost.pkgdef'.
[3c7c:000c][2026-05-10T01:36:00] Processing file /Microsoft.VisualStudio.Debugger.VSCodeDebuggerHost.VSIX.clientenabledpkg
[3c7c:000c][2026-05-10T01:36:00] Started: Copying file /Microsoft.VisualStudio.Debugger.VSCodeDebuggerHost.VSIX.clientenabledpkg to C:\Program Files (x86)\Microsoft Visual Studio\2022\BuildTools\Common7\IDE\Extensions\Microsoft\DebugAdapterHost\Microsoft.VisualStudio.Debugger.VSCodeDebuggerHost.VSIX.clientenabledpkg
[3c7c:000c][2026-05-10T01:36:00] Completed: Copying file /Microsoft.VisualStudio.Debugger.VSCodeDebuggerHost.VSIX.clientenabledpkg to C:\Program Files (x86)\Microsoft Visual Studio\2022\BuildTools\Common7\IDE\Extensions\Microsoft\DebugAdapterHost\Microsoft.VisualStudio.Debugger.VSCodeDebuggerHost.VSIX.clientenabledpkg
[3c7c:000c][2026-05-10T01:36:00] Timestamp updated for file 'C:\Program Files (x86)\Microsoft Visual Studio\2022\BuildTools\Common7\IDE\Extensions\Microsoft\DebugAdapterHost\Microsoft.VisualStudio.Debugger.VSCodeDebuggerHost.VSIX.clientenabledpkg'.
[3c7c:000c][2026-05-10T01:36:00] Processing file /Microsoft.VisualStudio.Shared.VSCodeDebugProtocol.dll
[3c7c:000c][2026-05-10T01:36:00] Started: Copying file /Microsoft.VisualStudio.Shared.VSCodeDebugProtocol.dll to C:\Program Files (x86)\Microsoft Visual Studio\2022\BuildTools\Common7\IDE\Extensions\Microsoft\DebugAdapterHost\Microsoft.VisualStudio.Shared.VSCodeDebugProtocol.dll
[3c7c:000c][2026-05-10T01:36:00] Completed: Copying file /Microsoft.VisualStudio.Shared.VSCodeDebugProtocol.dll to C:\Program Files (x86)\Microsoft Visual Studio\2022\BuildTools\Common7\IDE\Extensions\Microsoft\DebugAdapterHost\Microsoft.VisualStudio.Shared.VSCodeDebugProtocol.dll
[3c7c:000c][2026-05-10T01:36:00] Timestamp updated for file 'C:\Program Files (x86)\Microsoft Visual Studio\2022\BuildTools\Common7\IDE\Extensions\Microsoft\DebugAdapterHost\Microsoft.VisualStudio.Shared.VSCodeDebugProtocol.dll'.
[3c7c:000c][2026-05-10T01:36:00] Processing file /pl/Microsoft.VisualStudio.Debugger.VSCodeDebuggerHost.resources.dll
[3c7c:000c][2026-05-10T01:36:00] Started: Copying file /pl/Microsoft.VisualStudio.Debugger.VSCodeDebuggerHost.resources.dll to C:\Program Files (x86)\Microsoft Visual Studio\2022\BuildTools\Common7\IDE\Extensions\Microsoft\DebugAdapterHost\pl\Microsoft.VisualStudio.Debugger.VSCodeDebuggerHost.resources.dll
[3c7c:000c][2026-05-10T01:36:00] Completed: Copying file /pl/Microsoft.VisualStudio.Debugger.VSCodeDebuggerHost.resources.dll to C:\Program Files (x86)\Microsoft Visual Studio\2022\BuildTools\Common7\IDE\Extensions\Microsoft\DebugAdapterHost\pl\Microsoft.VisualStudio.Debugger.VSCodeDebuggerHost.resources.dll
[3c7c:000c][2026-05-10T01:36:00] Timestamp updated for file 'C:\Program Files (x86)\Microsoft Visual Studio\2022\BuildTools\Common7\IDE\Extensions\Microsoft\DebugAdapterHost\pl\Microsoft.VisualStudio.Debugger.VSCodeDebuggerHost.resources.dll'.
[3c7c:000c][2026-05-10T01:36:00] Processing file /pt-BR/Microsoft.VisualStudio.Debugger.VSCodeDebuggerHost.resources.dll
[3c7c:000c][2026-05-10T01:36:00] Started: Copying file /pt-BR/Microsoft.VisualStudio.Debugger.VSCodeDebuggerHost.resources.dll to C:\Program Files (x86)\Microsoft Visual Studio\2022\BuildTools\Common7\IDE\Extensions\Microsoft\DebugAdapterHost\pt-BR\Microsoft.VisualStudio.Debugger.VSCodeDebuggerHost.resources.dll
[3c7c:000c][2026-05-10T01:36:00] Completed: Copying file /pt-BR/Microsoft.VisualStudio.Debugger.VSCodeDebuggerHost.resources.dll to C:\Program Files (x86)\Microsoft Visual Studio\2022\BuildTools\Common7\IDE\Extensions\Microsoft\DebugAdapterHost\pt-BR\Microsoft.VisualStudio.Debugger.VSCodeDebuggerHost.resources.dll
[3c7c:000c][2026-05-10T01:36:00] Timestamp updated for file 'C:\Program Files (x86)\Microsoft Visual Studio\2022\BuildTools\Common7\IDE\Extensions\Microsoft\DebugAdapterHost\pt-BR\Microsoft.VisualStudio.Debugger.VSCodeDebuggerHost.resources.dll'.
[3c7c:000c][2026-05-10T01:36:00] Processing file /ReferenceAssemblyRegistration.pkgdef
[3c7c:000c][2026-05-10T01:36:00] Started: Copying file /ReferenceAssemblyRegistration.pkgdef to C:\Program Files (x86)\Microsoft Visual Studio\2022\BuildTools\Common7\IDE\Extensions\Microsoft\DebugAdapterHost\ReferenceAssemblyRegistration.pkgdef
[3c7c:000c][2026-05-10T01:36:00] Completed: Copying file /ReferenceAssemblyRegistration.pkgdef to C:\Program Files (x86)\Microsoft Visual Studio\2022\BuildTools\Common7\IDE\Extensions\Microsoft\DebugAdapterHost\ReferenceAssemblyRegistration.pkgdef
[3c7c:000c][2026-05-10T01:36:00] Timestamp updated for file 'C:\Program Files (x86)\Microsoft Visual Studio\2022\BuildTools\Common7\IDE\Extensions\Microsoft\DebugAdapterHost\ReferenceAssemblyRegistration.pkgdef'.
[3c7c:000c][2026-05-10T01:36:00] Processing file /ru/Microsoft.VisualStudio.Debugger.VSCodeDebuggerHost.resources.dll
[3c7c:000c][2026-05-10T01:36:00] Started: Copying file /ru/Microsoft.VisualStudio.Debugger.VSCodeDebuggerHost.resources.dll to C:\Program Files (x86)\Microsoft Visual Studio\2022\BuildTools\Common7\IDE\Extensions\Microsoft\DebugAdapterHost\ru\Microsoft.VisualStudio.Debugger.VSCodeDebuggerHost.resources.dll
[3c7c:000c][2026-05-10T01:36:00] Completed: Copying file /ru/Microsoft.VisualStudio.Debugger.VSCodeDebuggerHost.resources.dll to C:\Program Files (x86)\Microsoft Visual Studio\2022\BuildTools\Common7\IDE\Extensions\Microsoft\DebugAdapterHost\ru\Microsoft.VisualStudio.Debugger.VSCodeDebuggerHost.resources.dll
[3c7c:000c][2026-05-10T01:36:00] Timestamp updated for file 'C:\Program Files (x86)\Microsoft Visual Studio\2022\BuildTools\Common7\IDE\Extensions\Microsoft\DebugAdapterHost\ru\Microsoft.VisualStudio.Debugger.VSCodeDebuggerHost.resources.dll'.
[3c7c:000c][2026-05-10T01:36:00] Processing file /tr/Microsoft.VisualStudio.Debugger.VSCodeDebuggerHost.resources.dll
[3c7c:000c][2026-05-10T01:36:00] Started: Copying file /tr/Microsoft.VisualStudio.Debugger.VSCodeDebuggerHost.resources.dll to C:\Program Files (x86)\Microsoft Visual Studio\2022\BuildTools\Common7\IDE\Extensions\Microsoft\DebugAdapterHost\tr\Microsoft.VisualStudio.Debugger.VSCodeDebuggerHost.resources.dll
[3c7c:000c][2026-05-10T01:36:00] Completed: Copying file /tr/Microsoft.VisualStudio.Debugger.VSCodeDebuggerHost.resources.dll to C:\Program Files (x86)\Microsoft Visual Studio\2022\BuildTools\Common7\IDE\Extensions\Microsoft\DebugAdapterHost\tr\Microsoft.VisualStudio.Debugger.VSCodeDebuggerHost.resources.dll
[3c7c:000c][2026-05-10T01:36:00] Timestamp updated for file 'C:\Program Files (x86)\Microsoft Visual Studio\2022\BuildTools\Common7\IDE\Extensions\Microsoft\DebugAdapterHost\tr\Microsoft.VisualStudio.Debugger.VSCodeDebuggerHost.resources.dll'.
[3c7c:000c][2026-05-10T01:36:00] Processing file /zh-Hans/Microsoft.VisualStudio.Debugger.VSCodeDebuggerHost.resources.dll
[3c7c:000c][2026-05-10T01:36:00] Started: Copying file /zh-Hans/Microsoft.VisualStudio.Debugger.VSCodeDebuggerHost.resources.dll to C:\Program Files (x86)\Microsoft Visual Studio\2022\BuildTools\Common7\IDE\Extensions\Microsoft\DebugAdapterHost\zh-Hans\Microsoft.VisualStudio.Debugger.VSCodeDebuggerHost.resources.dll
[3c7c:000c][2026-05-10T01:36:00] Completed: Copying file /zh-Hans/Microsoft.VisualStudio.Debugger.VSCodeDebuggerHost.resources.dll to C:\Program Files (x86)\Microsoft Visual Studio\2022\BuildTools\Common7\IDE\Extensions\Microsoft\DebugAdapterHost\zh-Hans\Microsoft.VisualStudio.Debugger.VSCodeDebuggerHost.resources.dll
[3c7c:000c][2026-05-10T01:36:00] Timestamp updated for file 'C:\Program Files (x86)\Microsoft Visual Studio\2022\BuildTools\Common7\IDE\Extensions\Microsoft\DebugAdapterHost\zh-Hans\Microsoft.VisualStudio.Debugger.VSCodeDebuggerHost.resources.dll'.
[3c7c:000c][2026-05-10T01:36:00] Processing file /zh-Hant/Microsoft.VisualStudio.Debugger.VSCodeDebuggerHost.resources.dll
[3c7c:000c][2026-05-10T01:36:00] Started: Copying file /zh-Hant/Microsoft.VisualStudio.Debugger.VSCodeDebuggerHost.resources.dll to C:\Program Files (x86)\Microsoft Visual Studio\2022\BuildTools\Common7\IDE\Extensions\Microsoft\DebugAdapterHost\zh-Hant\Microsoft.VisualStudio.Debugger.VSCodeDebuggerHost.resources.dll
[3c7c:000c][2026-05-10T01:36:00] Completed: Copying file /zh-Hant/Microsoft.VisualStudio.Debugger.VSCodeDebuggerHost.resources.dll to C:\Program Files (x86)\Microsoft Visual Studio\2022\BuildTools\Common7\IDE\Extensions\Microsoft\DebugAdapterHost\zh-Hant\Microsoft.VisualStudio.Debugger.VSCodeDebuggerHost.resources.dll
[3c7c:000c][2026-05-10T01:36:00] Timestamp updated for file 'C:\Program Files (x86)\Microsoft Visual Studio\2022\BuildTools\Common7\IDE\Extensions\Microsoft\DebugAdapterHost\zh-Hant\Microsoft.VisualStudio.Debugger.VSCodeDebuggerHost.resources.dll'.
[3c7c:000c][2026-05-10T01:36:00] Processing file /extension.vsixmanifest
[3c7c:000c][2026-05-10T01:36:00] Started: Copying file /extension.vsixmanifest to C:\Program Files (x86)\Microsoft Visual Studio\2022\BuildTools\Common7\IDE\Extensions\Microsoft\DebugAdapterHost\extension.vsixmanifest
[3c7c:000c][2026-05-10T01:36:00] Completed: Copying file /extension.vsixmanifest to C:\Program Files (x86)\Microsoft Visual Studio\2022\BuildTools\Common7\IDE\Extensions\Microsoft\DebugAdapterHost\extension.vsixmanifest
[3c7c:000c][2026-05-10T01:36:00] Timestamp updated for file 'C:\Program Files (x86)\Microsoft Visual Studio\2022\BuildTools\Common7\IDE\Extensions\Microsoft\DebugAdapterHost\extension.vsixmanifest'.
[3c7c:000c][2026-05-10T01:36:00] Package executed successfully. Return code: 0
