[c9c4:0009][2026-05-10T01:01:51] Opening the package for processing
[c9c4:0009][2026-05-10T01:01:51] Using package payload to get the embedded manifest
[c9c4:0009][2026-05-10T01:01:51] Getting list of files within the package
[c9c4:0009][2026-05-10T01:01:51] Processing file /Contents/Common7/IDE/CommonExtensions/Microsoft/External%20Tools/ErrLook/ErrLook.pkgdef
[c9c4:0009][2026-05-10T01:01:51] Started: Copying file /Contents/Common7/IDE/CommonExtensions/Microsoft/External%20Tools/ErrLook/ErrLook.pkgdef to D:\Program Files (x86)\Microsoft Visual Studio\2022\BuildTools\Common7\IDE\CommonExtensions\Microsoft\External Tools\ErrLook\ErrLook.pkgdef
[c9c4:0009][2026-05-10T01:01:51] Completed: Copying file /Contents/Common7/IDE/CommonExtensions/Microsoft/External%20Tools/ErrLook/ErrLook.pkgdef to D:\Program Files (x86)\Microsoft Visual Studio\2022\BuildTools\Common7\IDE\CommonExtensions\Microsoft\External Tools\ErrLook\ErrLook.pkgdef
[c9c4:0009][2026-05-10T01:01:51] Timestamp updated for file 'D:\Program Files (x86)\Microsoft Visual Studio\2022\BuildTools\Common7\IDE\CommonExtensions\Microsoft\External Tools\ErrLook\ErrLook.pkgdef'.
[c9c4:0009][2026-05-10T01:01:51] Processing file /Contents/Common7/IDE/CommonExtensions/Microsoft/External%20Tools/GuidGen/GuidGen.pkgdef
[c9c4:0009][2026-05-10T01:01:51] Started: Copying file /Contents/Common7/IDE/CommonExtensions/Microsoft/External%20Tools/GuidGen/GuidGen.pkgdef to D:\Program Files (x86)\Microsoft Visual Studio\2022\BuildTools\Common7\IDE\CommonExtensions\Microsoft\External Tools\GuidGen\GuidGen.pkgdef
[c9c4:0009][2026-05-10T01:01:51] Completed: Copying file /Contents/Common7/IDE/CommonExtensions/Microsoft/External%20Tools/GuidGen/GuidGen.pkgdef to D:\Program Files (x86)\Microsoft Visual Studio\2022\BuildTools\Common7\IDE\CommonExtensions\Microsoft\External Tools\GuidGen\GuidGen.pkgdef
[c9c4:0009][2026-05-10T01:01:51] Timestamp updated for file 'D:\Program Files (x86)\Microsoft Visual Studio\2022\BuildTools\Common7\IDE\CommonExtensions\Microsoft\External Tools\GuidGen\GuidGen.pkgdef'.
[c9c4:0009][2026-05-10T01:01:51] Processing file /Contents/Common7/Tools/errlook.exe
[c9c4:0009][2026-05-10T01:01:51] Started: Copying file /Contents/Common7/Tools/errlook.exe to D:\Program Files (x86)\Microsoft Visual Studio\2022\BuildTools\Common7\Tools\errlook.exe
[c9c4:0009][2026-05-10T01:01:51] Completed: Copying file /Contents/Common7/Tools/errlook.exe to D:\Program Files (x86)\Microsoft Visual Studio\2022\BuildTools\Common7\Tools\errlook.exe
[c9c4:0009][2026-05-10T01:01:51] Timestamp updated for file 'D:\Program Files (x86)\Microsoft Visual Studio\2022\BuildTools\Common7\Tools\errlook.exe'.
[c9c4:0009][2026-05-10T01:01:51] Processing file /Contents/Common7/Tools/errlook.hlp
[c9c4:0009][2026-05-10T01:01:51] Started: Copying file /Contents/Common7/Tools/errlook.hlp to D:\Program Files (x86)\Microsoft Visual Studio\2022\BuildTools\Common7\Tools\errlook.hlp
[c9c4:0009][2026-05-10T01:01:51] Completed: Copying file /Contents/Common7/Tools/errlook.hlp to D:\Program Files (x86)\Microsoft Visual Studio\2022\BuildTools\Common7\Tools\errlook.hlp
[c9c4:0009][2026-05-10T01:01:51] Timestamp updated for file 'D:\Program Files (x86)\Microsoft Visual Studio\2022\BuildTools\Common7\Tools\errlook.hlp'.
[c9c4:0009][2026-05-10T01:01:51] Processing file /Contents/Common7/Tools/guidgen.exe
[c9c4:0009][2026-05-10T01:01:51] Started: Copying file /Contents/Common7/Tools/guidgen.exe to D:\Program Files (x86)\Microsoft Visual Studio\2022\BuildTools\Common7\Tools\guidgen.exe
[c9c4:0009][2026-05-10T01:01:51] Completed: Copying file /Contents/Common7/Tools/guidgen.exe to D:\Program Files (x86)\Microsoft Visual Studio\2022\BuildTools\Common7\Tools\guidgen.exe
[c9c4:0009][2026-05-10T01:01:51] Timestamp updated for file 'D:\Program Files (x86)\Microsoft Visual Studio\2022\BuildTools\Common7\Tools\guidgen.exe'.
[c9c4:0009][2026-05-10T01:01:51] Processing file /Contents/Common7/Tools/makehm.exe
[c9c4:0009][2026-05-10T01:01:51] Started: Copying file /Contents/Common7/Tools/makehm.exe to D:\Program Files (x86)\Microsoft Visual Studio\2022\BuildTools\Common7\Tools\makehm.exe
[c9c4:0009][2026-05-10T01:01:51] Completed: Copying file /Contents/Common7/Tools/makehm.exe to D:\Program Files (x86)\Microsoft Visual Studio\2022\BuildTools\Common7\Tools\makehm.exe
[c9c4:0009][2026-05-10T01:01:51] Timestamp updated for file 'D:\Program Files (x86)\Microsoft Visual Studio\2022\BuildTools\Common7\Tools\makehm.exe'.
[c9c4:0009][2026-05-10T01:01:51] Package executed successfully. Return code: 0
