[3474:0009][2026-05-10T01:46:07] Using cached package manifest as the embedded manifest
[3474:0009][2026-05-10T01:46:07] Processing file /Contents/Team Tools/DiagnosticsHub/Collector/DiagnosticsHub.Packaging.Managed.dll
[3474:0009][2026-05-10T01:46:07] D:\Program Files (x86)\Microsoft Visual Studio\2022\BuildTools\Team Tools\DiagnosticsHub\Collector\DiagnosticsHub.Packaging.Managed.dll file deleted.
[3474:0009][2026-05-10T01:46:07] Processing file /Contents/Team Tools/DiagnosticsHub/Collector/Microsoft.Bcl.AsyncInterfaces.dll
[3474:0009][2026-05-10T01:46:07] D:\Program Files (x86)\Microsoft Visual Studio\2022\BuildTools\Team Tools\DiagnosticsHub\Collector\Microsoft.Bcl.AsyncInterfaces.dll file deleted.
[3474:0009][2026-05-10T01:46:07] Processing file /Contents/Team Tools/DiagnosticsHub/Collector/System.Runtime.CompilerServices.Unsafe.dll
[3474:0009][2026-05-10T01:46:07] D:\Program Files (x86)\Microsoft Visual Studio\2022\BuildTools\Team Tools\DiagnosticsHub\Collector\System.Runtime.CompilerServices.Unsafe.dll file deleted.
[3474:0009][2026-05-10T01:46:07] Processing file /Contents/Team Tools/DiagnosticsHub/Collector/System.IO.Packaging.dll
[3474:0009][2026-05-10T01:46:07] D:\Program Files (x86)\Microsoft Visual Studio\2022\BuildTools\Team Tools\DiagnosticsHub\Collector\System.IO.Packaging.dll file deleted.
[3474:0009][2026-05-10T01:46:07] Processing file /Contents/Team Tools/DiagnosticsHub/Collector/System.Threading.Tasks.Extensions.dll
[3474:0009][2026-05-10T01:46:07] D:\Program Files (x86)\Microsoft Visual Studio\2022\BuildTools\Team Tools\DiagnosticsHub\Collector\System.Threading.Tasks.Extensions.dll file deleted.
[3474:0009][2026-05-10T01:46:07] Processing file /Contents/Team Tools/DiagnosticsHub/Collector/System.Memory.dll
[3474:0009][2026-05-10T01:46:07] D:\Program Files (x86)\Microsoft Visual Studio\2022\BuildTools\Team Tools\DiagnosticsHub\Collector\System.Memory.dll file deleted.
[3474:0009][2026-05-10T01:46:07] Processing file /Contents/Team Tools/DiagnosticsHub/Collector/System.Numerics.Vectors.dll
[3474:0009][2026-05-10T01:46:07] D:\Program Files (x86)\Microsoft Visual Studio\2022\BuildTools\Team Tools\DiagnosticsHub\Collector\System.Numerics.Vectors.dll file deleted.
[3474:0009][2026-05-10T01:46:07] Processing file /Contents/Team Tools/DiagnosticsHub/Collector/Microsoft.DiagnosticsHub.Packaging.InteropEx.dll
[3474:0009][2026-05-10T01:46:07] D:\Program Files (x86)\Microsoft Visual Studio\2022\BuildTools\Team Tools\DiagnosticsHub\Collector\Microsoft.DiagnosticsHub.Packaging.InteropEx.dll file deleted.
[3474:0009][2026-05-10T01:46:07] Processing file /Contents/Team Tools/DiagnosticsHub/Collector/DiagnosticsHub.StandardCollector.Interop.dll
[3474:0009][2026-05-10T01:46:07] D:\Program Files (x86)\Microsoft Visual Studio\2022\BuildTools\Team Tools\DiagnosticsHub\Collector\DiagnosticsHub.StandardCollector.Interop.dll file deleted.
[3474:0009][2026-05-10T01:46:07] Processing file /Contents/Team Tools/DiagnosticsHub/Collector/DiagnosticsHub.StandardCollector.Host.Interop.dll
[3474:0009][2026-05-10T01:46:07] D:\Program Files (x86)\Microsoft Visual Studio\2022\BuildTools\Team Tools\DiagnosticsHub\Collector\DiagnosticsHub.StandardCollector.Host.Interop.dll file deleted.
[3474:0009][2026-05-10T01:46:07] Processing file /Contents/Team Tools/DiagnosticsHub/Collector/DiagnosticsHub.StandardCollector.Runtime.dll
[3474:0009][2026-05-10T01:46:07] D:\Program Files (x86)\Microsoft Visual Studio\2022\BuildTools\Team Tools\DiagnosticsHub\Collector\DiagnosticsHub.StandardCollector.Runtime.dll file deleted.
[3474:0009][2026-05-10T01:46:07] Processing file /Contents/Team Tools/DiagnosticsHub/Collector/DiagnosticsHub.Packaging.Interop.dll
[3474:0009][2026-05-10T01:46:07] D:\Program Files (x86)\Microsoft Visual Studio\2022\BuildTools\Team Tools\DiagnosticsHub\Collector\DiagnosticsHub.Packaging.Interop.dll file deleted.
[3474:0009][2026-05-10T01:46:07] Processing file /Contents/Team Tools/DiagnosticsHub/Collector/VSDiagnostics.exe
[3474:0009][2026-05-10T01:46:07] D:\Program Files (x86)\Microsoft Visual Studio\2022\BuildTools\Team Tools\DiagnosticsHub\Collector\VSDiagnostics.exe file deleted.
[3474:0009][2026-05-10T01:46:07] Processing file /Contents/Team Tools/DiagnosticsHub/Collector/VSDiagnostics.exe.config
[3474:0009][2026-05-10T01:46:07] D:\Program Files (x86)\Microsoft Visual Studio\2022\BuildTools\Team Tools\DiagnosticsHub\Collector\VSDiagnostics.exe.config file deleted.
[3474:0009][2026-05-10T01:46:07] Processing file /Contents/Team Tools/DiagnosticsHub/Collector/amd64/DiagnosticsHub.StandardCollector.Proxy.dll
[3474:0009][2026-05-10T01:46:07] D:\Program Files (x86)\Microsoft Visual Studio\2022\BuildTools\Team Tools\DiagnosticsHub\Collector\amd64\DiagnosticsHub.StandardCollector.Proxy.dll file deleted.
[3474:0009][2026-05-10T01:46:07] Processing file /Contents/Team Tools/DiagnosticsHub/Collector/x86/DiagnosticsHub.StandardCollector.Proxy.dll
[3474:0009][2026-05-10T01:46:07] D:\Program Files (x86)\Microsoft Visual Studio\2022\BuildTools\Team Tools\DiagnosticsHub\Collector\x86\DiagnosticsHub.StandardCollector.Proxy.dll file deleted.
[3474:0009][2026-05-10T01:46:07] Started: Deleting empty directories
[3474:0009][2026-05-10T01:46:07] Completed: Deleting empty directories
[3474:0009][2026-05-10T01:46:07] Package executed successfully. Return code: 0
