[3c7c:000c][2026-05-10T01:35:51] Opening the package for processing
[3c7c:000c][2026-05-10T01:35:51] Using package payload to get the embedded manifest
[3c7c:000c][2026-05-10T01:35:51] Getting list of files within the package
[3c7c:000c][2026-05-10T01:35:51] Processing file /Contents/MSBuild/Current/Imports/Microsoft.Common.Props/ImportBefore/Microsoft.NuGet.ImportBefore.props
[3c7c:000c][2026-05-10T01:35:51] Started: Copying file /Contents/MSBuild/Current/Imports/Microsoft.Common.Props/ImportBefore/Microsoft.NuGet.ImportBefore.props to C:\Program Files (x86)\Microsoft Visual Studio\2022\BuildTools\MSBuild\Current\Imports\Microsoft.Common.Props\ImportBefore\Microsoft.NuGet.ImportBefore.props
[3c7c:000c][2026-05-10T01:35:51] Completed: Copying file /Contents/MSBuild/Current/Imports/Microsoft.Common.Props/ImportBefore/Microsoft.NuGet.ImportBefore.props to C:\Program Files (x86)\Microsoft Visual Studio\2022\BuildTools\MSBuild\Current\Imports\Microsoft.Common.Props\ImportBefore\Microsoft.NuGet.ImportBefore.props
[3c7c:000c][2026-05-10T01:35:51] Timestamp updated for file 'C:\Program Files (x86)\Microsoft Visual Studio\2022\BuildTools\MSBuild\Current\Imports\Microsoft.Common.Props\ImportBefore\Microsoft.NuGet.ImportBefore.props'.
[3c7c:000c][2026-05-10T01:35:51] Processing file /Contents/MSBuild/Current/Microsoft.Common.Targets/ImportAfter/Microsoft.NuGet.ImportAfter.targets
[3c7c:000c][2026-05-10T01:35:51] Started: Copying file /Contents/MSBuild/Current/Microsoft.Common.Targets/ImportAfter/Microsoft.NuGet.ImportAfter.targets to C:\Program Files (x86)\Microsoft Visual Studio\2022\BuildTools\MSBuild\Current\Microsoft.Common.Targets\ImportAfter\Microsoft.NuGet.ImportAfter.targets
[3c7c:000c][2026-05-10T01:35:51] Completed: Copying file /Contents/MSBuild/Current/Microsoft.Common.Targets/ImportAfter/Microsoft.NuGet.ImportAfter.targets to C:\Program Files (x86)\Microsoft Visual Studio\2022\BuildTools\MSBuild\Current\Microsoft.Common.Targets\ImportAfter\Microsoft.NuGet.ImportAfter.targets
[3c7c:000c][2026-05-10T01:35:51] Timestamp updated for file 'C:\Program Files (x86)\Microsoft Visual Studio\2022\BuildTools\MSBuild\Current\Microsoft.Common.Targets\ImportAfter\Microsoft.NuGet.ImportAfter.targets'.
[3c7c:000c][2026-05-10T01:35:51] Processing file /Contents/MSBuild/Current/SolutionFile/ImportAfter/Microsoft.NuGet.Solution.ImportAfter.targets
[3c7c:000c][2026-05-10T01:35:51] Started: Copying file /Contents/MSBuild/Current/SolutionFile/ImportAfter/Microsoft.NuGet.Solution.ImportAfter.targets to C:\Program Files (x86)\Microsoft Visual Studio\2022\BuildTools\MSBuild\Current\SolutionFile\ImportAfter\Microsoft.NuGet.Solution.ImportAfter.targets
[3c7c:000c][2026-05-10T01:35:51] Completed: Copying file /Contents/MSBuild/Current/SolutionFile/ImportAfter/Microsoft.NuGet.Solution.ImportAfter.targets to C:\Program Files (x86)\Microsoft Visual Studio\2022\BuildTools\MSBuild\Current\SolutionFile\ImportAfter\Microsoft.NuGet.Solution.ImportAfter.targets
[3c7c:000c][2026-05-10T01:35:51] Timestamp updated for file 'C:\Program Files (x86)\Microsoft Visual Studio\2022\BuildTools\MSBuild\Current\SolutionFile\ImportAfter\Microsoft.NuGet.Solution.ImportAfter.targets'.
[3c7c:000c][2026-05-10T01:35:51] Processing file /Contents/MSBuild/Microsoft/NuGet/17.0/Microsoft.NuGet.Build.Tasks.dll
[3c7c:000c][2026-05-10T01:35:51] Started: Copying file /Contents/MSBuild/Microsoft/NuGet/17.0/Microsoft.NuGet.Build.Tasks.dll to C:\Program Files (x86)\Microsoft Visual Studio\2022\BuildTools\MSBuild\Microsoft\NuGet\17.0\Microsoft.NuGet.Build.Tasks.dll
[3c7c:000c][2026-05-10T01:35:51] Completed: Copying file /Contents/MSBuild/Microsoft/NuGet/17.0/Microsoft.NuGet.Build.Tasks.dll to C:\Program Files (x86)\Microsoft Visual Studio\2022\BuildTools\MSBuild\Microsoft\NuGet\17.0\Microsoft.NuGet.Build.Tasks.dll
[3c7c:000c][2026-05-10T01:35:51] Timestamp updated for file 'C:\Program Files (x86)\Microsoft Visual Studio\2022\BuildTools\MSBuild\Microsoft\NuGet\17.0\Microsoft.NuGet.Build.Tasks.dll'.
[3c7c:000c][2026-05-10T01:35:51] Processing file /Contents/MSBuild/Microsoft/NuGet/17.0/Microsoft.NuGet.props
[3c7c:000c][2026-05-10T01:35:51] Started: Copying file /Contents/MSBuild/Microsoft/NuGet/17.0/Microsoft.NuGet.props to C:\Program Files (x86)\Microsoft Visual Studio\2022\BuildTools\MSBuild\Microsoft\NuGet\17.0\Microsoft.NuGet.props
[3c7c:000c][2026-05-10T01:35:51] Completed: Copying file /Contents/MSBuild/Microsoft/NuGet/17.0/Microsoft.NuGet.props to C:\Program Files (x86)\Microsoft Visual Studio\2022\BuildTools\MSBuild\Microsoft\NuGet\17.0\Microsoft.NuGet.props
[3c7c:000c][2026-05-10T01:35:51] Timestamp updated for file 'C:\Program Files (x86)\Microsoft Visual Studio\2022\BuildTools\MSBuild\Microsoft\NuGet\17.0\Microsoft.NuGet.props'.
[3c7c:000c][2026-05-10T01:35:51] Processing file /Contents/MSBuild/Microsoft/NuGet/17.0/Microsoft.NuGet.targets
[3c7c:000c][2026-05-10T01:35:51] Started: Copying file /Contents/MSBuild/Microsoft/NuGet/17.0/Microsoft.NuGet.targets to C:\Program Files (x86)\Microsoft Visual Studio\2022\BuildTools\MSBuild\Microsoft\NuGet\17.0\Microsoft.NuGet.targets
[3c7c:000c][2026-05-10T01:35:51] Completed: Copying file /Contents/MSBuild/Microsoft/NuGet/17.0/Microsoft.NuGet.targets to C:\Program Files (x86)\Microsoft Visual Studio\2022\BuildTools\MSBuild\Microsoft\NuGet\17.0\Microsoft.NuGet.targets
[3c7c:000c][2026-05-10T01:35:51] Timestamp updated for file 'C:\Program Files (x86)\Microsoft Visual Studio\2022\BuildTools\MSBuild\Microsoft\NuGet\17.0\Microsoft.NuGet.targets'.
[3c7c:000c][2026-05-10T01:35:51] Processing file /Contents/MSBuild/Microsoft/NuGet/17.0/Newtonsoft.Json.dll
[3c7c:000c][2026-05-10T01:35:51] Started: Copying file /Contents/MSBuild/Microsoft/NuGet/17.0/Newtonsoft.Json.dll to C:\Program Files (x86)\Microsoft Visual Studio\2022\BuildTools\MSBuild\Microsoft\NuGet\17.0\Newtonsoft.Json.dll
[3c7c:000c][2026-05-10T01:35:51] Completed: Copying file /Contents/MSBuild/Microsoft/NuGet/17.0/Newtonsoft.Json.dll to C:\Program Files (x86)\Microsoft Visual Studio\2022\BuildTools\MSBuild\Microsoft\NuGet\17.0\Newtonsoft.Json.dll
[3c7c:000c][2026-05-10T01:35:51] Timestamp updated for file 'C:\Program Files (x86)\Microsoft Visual Studio\2022\BuildTools\MSBuild\Microsoft\NuGet\17.0\Newtonsoft.Json.dll'.
[3c7c:000c][2026-05-10T01:35:51] Package executed successfully. Return code: 0
