[3c7c:000c][2026-05-10T01:36:06] Opening the package for processing
[3c7c:000c][2026-05-10T01:36:06] Using package payload to get the embedded manifest
[3c7c:000c][2026-05-10T01:36:06] Getting list of files within the package
[3c7c:000c][2026-05-10T01:36:06] Processing file /Contents/Common7/IDE/CommonExtensions/Microsoft/ClientDiagnostics/AppResponsiveness/Microsoft.VisualStudio.AppResponsiveness.dll
[3c7c:000c][2026-05-10T01:36:06] Started: Copying file /Contents/Common7/IDE/CommonExtensions/Microsoft/ClientDiagnostics/AppResponsiveness/Microsoft.VisualStudio.AppResponsiveness.dll to C:\Program Files (x86)\Microsoft Visual Studio\2022\BuildTools\Common7\IDE\CommonExtensions\Microsoft\ClientDiagnostics\AppResponsiveness\Microsoft.VisualStudio.AppResponsiveness.dll
[3c7c:000c][2026-05-10T01:36:06] Completed: Copying file /Contents/Common7/IDE/CommonExtensions/Microsoft/ClientDiagnostics/AppResponsiveness/Microsoft.VisualStudio.AppResponsiveness.dll to C:\Program Files (x86)\Microsoft Visual Studio\2022\BuildTools\Common7\IDE\CommonExtensions\Microsoft\ClientDiagnostics\AppResponsiveness\Microsoft.VisualStudio.AppResponsiveness.dll
[3c7c:000c][2026-05-10T01:36:06] Timestamp updated for file 'C:\Program Files (x86)\Microsoft Visual Studio\2022\BuildTools\Common7\IDE\CommonExtensions\Microsoft\ClientDiagnostics\AppResponsiveness\Microsoft.VisualStudio.AppResponsiveness.dll'.
[3c7c:000c][2026-05-10T01:36:06] Processing file /Contents/Common7/IDE/CommonExtensions/Microsoft/ClientDiagnostics/AppResponsiveness/View/CSS/controls/Divider.css
[3c7c:000c][2026-05-10T01:36:06] Started: Copying file /Contents/Common7/IDE/CommonExtensions/Microsoft/ClientDiagnostics/AppResponsiveness/View/CSS/controls/Divider.css to C:\Program Files (x86)\Microsoft Visual Studio\2022\BuildTools\Common7\IDE\CommonExtensions\Microsoft\ClientDiagnostics\AppResponsiveness\View\CSS\controls\Divider.css
[3c7c:000c][2026-05-10T01:36:06] Completed: Copying file /Contents/Common7/IDE/CommonExtensions/Microsoft/ClientDiagnostics/AppResponsiveness/View/CSS/controls/Divider.css to C:\Program Files (x86)\Microsoft Visual Studio\2022\BuildTools\Common7\IDE\CommonExtensions\Microsoft\ClientDiagnostics\AppResponsiveness\View\CSS\controls\Divider.css
[3c7c:000c][2026-05-10T01:36:06] Timestamp updated for file 'C:\Program Files (x86)\Microsoft Visual Studio\2022\BuildTools\Common7\IDE\CommonExtensions\Microsoft\ClientDiagnostics\AppResponsiveness\View\CSS\controls\Divider.css'.
[3c7c:000c][2026-05-10T01:36:06] Processing file /Contents/Common7/IDE/CommonExtensions/Microsoft/ClientDiagnostics/AppResponsiveness/View/CSS/hubGraphs/Ruler.css
[3c7c:000c][2026-05-10T01:36:06] Started: Copying file /Contents/Common7/IDE/CommonExtensions/Microsoft/ClientDiagnostics/AppResponsiveness/View/CSS/hubGraphs/Ruler.css to C:\Program Files (x86)\Microsoft Visual Studio\2022\BuildTools\Common7\IDE\CommonExtensions\Microsoft\ClientDiagnostics\AppResponsiveness\View\CSS\hubGraphs\Ruler.css
[3c7c:000c][2026-05-10T01:36:06] Completed: Copying file /Contents/Common7/IDE/CommonExtensions/Microsoft/ClientDiagnostics/AppResponsiveness/View/CSS/hubGraphs/Ruler.css to C:\Program Files (x86)\Microsoft Visual Studio\2022\BuildTools\Common7\IDE\CommonExtensions\Microsoft\ClientDiagnostics\AppResponsiveness\View\CSS\hubGraphs\Ruler.css
[3c7c:000c][2026-05-10T01:36:06] Timestamp updated for file 'C:\Program Files (x86)\Microsoft Visual Studio\2022\BuildTools\Common7\IDE\CommonExtensions\Microsoft\ClientDiagnostics\AppResponsiveness\View\CSS\hubGraphs\Ruler.css'.
[3c7c:000c][2026-05-10T01:36:06] Processing file /Contents/Common7/IDE/CommonExtensions/Microsoft/ClientDiagnostics/AppResponsiveness/View/CSS/hubGraphs/StackedBarChart.css
[3c7c:000c][2026-05-10T01:36:06] Started: Copying file /Contents/Common7/IDE/CommonExtensions/Microsoft/ClientDiagnostics/AppResponsiveness/View/CSS/hubGraphs/StackedBarChart.css to C:\Program Files (x86)\Microsoft Visual Studio\2022\BuildTools\Common7\IDE\CommonExtensions\Microsoft\ClientDiagnostics\AppResponsiveness\View\CSS\hubGraphs\StackedBarChart.css
[3c7c:000c][2026-05-10T01:36:06] Completed: Copying file /Contents/Common7/IDE/CommonExtensions/Microsoft/ClientDiagnostics/AppResponsiveness/View/CSS/hubGraphs/StackedBarChart.css to C:\Program Files (x86)\Microsoft Visual Studio\2022\BuildTools\Common7\IDE\CommonExtensions\Microsoft\ClientDiagnostics\AppResponsiveness\View\CSS\hubGraphs\StackedBarChart.css
[3c7c:000c][2026-05-10T01:36:06] Timestamp updated for file 'C:\Program Files (x86)\Microsoft Visual Studio\2022\BuildTools\Common7\IDE\CommonExtensions\Microsoft\ClientDiagnostics\AppResponsiveness\View\CSS\hubGraphs\StackedBarChart.css'.
[3c7c:000c][2026-05-10T01:36:06] Processing file /Contents/Common7/IDE/CommonExtensions/Microsoft/ClientDiagnostics/AppResponsiveness/View/DataCategoryStyles.css
[3c7c:000c][2026-05-10T01:36:06] Started: Copying file /Contents/Common7/IDE/CommonExtensions/Microsoft/ClientDiagnostics/AppResponsiveness/View/DataCategoryStyles.css to C:\Program Files (x86)\Microsoft Visual Studio\2022\BuildTools\Common7\IDE\CommonExtensions\Microsoft\ClientDiagnostics\AppResponsiveness\View\DataCategoryStyles.css
[3c7c:000c][2026-05-10T01:36:06] Completed: Copying file /Contents/Common7/IDE/CommonExtensions/Microsoft/ClientDiagnostics/AppResponsiveness/View/DataCategoryStyles.css to C:\Program Files (x86)\Microsoft Visual Studio\2022\BuildTools\Common7\IDE\CommonExtensions\Microsoft\ClientDiagnostics\AppResponsiveness\View\DataCategoryStyles.css
[3c7c:000c][2026-05-10T01:36:06] Timestamp updated for file 'C:\Program Files (x86)\Microsoft Visual Studio\2022\BuildTools\Common7\IDE\CommonExtensions\Microsoft\ClientDiagnostics\AppResponsiveness\View\DataCategoryStyles.css'.
[3c7c:000c][2026-05-10T01:36:06] Processing file /Contents/Common7/IDE/CommonExtensions/Microsoft/ClientDiagnostics/AppResponsiveness/View/DiagnosticsCommon/Bpt.Diagnostics.CommonMerged.js
[3c7c:000c][2026-05-10T01:36:06] Started: Copying file /Contents/Common7/IDE/CommonExtensions/Microsoft/ClientDiagnostics/AppResponsiveness/View/DiagnosticsCommon/Bpt.Diagnostics.CommonMerged.js to C:\Program Files (x86)\Microsoft Visual Studio\2022\BuildTools\Common7\IDE\CommonExtensions\Microsoft\ClientDiagnostics\AppResponsiveness\View\DiagnosticsCommon\Bpt.Diagnostics.CommonMerged.js
[3c7c:000c][2026-05-10T01:36:06] Completed: Copying file /Contents/Common7/IDE/CommonExtensions/Microsoft/ClientDiagnostics/AppResponsiveness/View/DiagnosticsCommon/Bpt.Diagnostics.CommonMerged.js to C:\Program Files (x86)\Microsoft Visual Studio\2022\BuildTools\Common7\IDE\CommonExtensions\Microsoft\ClientDiagnostics\AppResponsiveness\View\DiagnosticsCommon\Bpt.Diagnostics.CommonMerged.js
[3c7c:000c][2026-05-10T01:36:06] Timestamp updated for file 'C:\Program Files (x86)\Microsoft Visual Studio\2022\BuildTools\Common7\IDE\CommonExtensions\Microsoft\ClientDiagnostics\AppResponsiveness\View\DiagnosticsCommon\Bpt.Diagnostics.CommonMerged.js'.
[3c7c:000c][2026-05-10T01:36:06] Processing file /Contents/Common7/IDE/CommonExtensions/Microsoft/ClientDiagnostics/AppResponsiveness/View/DiagnosticsCommon/controls/controls.css
[3c7c:000c][2026-05-10T01:36:06] Started: Copying file /Contents/Common7/IDE/CommonExtensions/Microsoft/ClientDiagnostics/AppResponsiveness/View/DiagnosticsCommon/controls/controls.css to C:\Program Files (x86)\Microsoft Visual Studio\2022\BuildTools\Common7\IDE\CommonExtensions\Microsoft\ClientDiagnostics\AppResponsiveness\View\DiagnosticsCommon\controls\controls.css
[3c7c:000c][2026-05-10T01:36:06] Completed: Copying file /Contents/Common7/IDE/CommonExtensions/Microsoft/ClientDiagnostics/AppResponsiveness/View/DiagnosticsCommon/controls/controls.css to C:\Program Files (x86)\Microsoft Visual Studio\2022\BuildTools\Common7\IDE\CommonExtensions\Microsoft\ClientDiagnostics\AppResponsiveness\View\DiagnosticsCommon\controls\controls.css
[3c7c:000c][2026-05-10T01:36:06] Timestamp updated for file 'C:\Program Files (x86)\Microsoft Visual Studio\2022\BuildTools\Common7\IDE\CommonExtensions\Microsoft\ClientDiagnostics\AppResponsiveness\View\DiagnosticsCommon\controls\controls.css'.
[3c7c:000c][2026-05-10T01:36:06] Processing file /Contents/Common7/IDE/CommonExtensions/Microsoft/ClientDiagnostics/AppResponsiveness/View/DiagnosticsCommon/images/i_warning.png
[3c7c:000c][2026-05-10T01:36:06] Started: Copying file /Contents/Common7/IDE/CommonExtensions/Microsoft/ClientDiagnostics/AppResponsiveness/View/DiagnosticsCommon/images/i_warning.png to C:\Program Files (x86)\Microsoft Visual Studio\2022\BuildTools\Common7\IDE\CommonExtensions\Microsoft\ClientDiagnostics\AppResponsiveness\View\DiagnosticsCommon\images\i_warning.png
[3c7c:000c][2026-05-10T01:36:06] Completed: Copying file /Contents/Common7/IDE/CommonExtensions/Microsoft/ClientDiagnostics/AppResponsiveness/View/DiagnosticsCommon/images/i_warning.png to C:\Program Files (x86)\Microsoft Visual Studio\2022\BuildTools\Common7\IDE\CommonExtensions\Microsoft\ClientDiagnostics\AppResponsiveness\View\DiagnosticsCommon\images\i_warning.png
[3c7c:000c][2026-05-10T01:36:06] Timestamp updated for file 'C:\Program Files (x86)\Microsoft Visual Studio\2022\BuildTools\Common7\IDE\CommonExtensions\Microsoft\ClientDiagnostics\AppResponsiveness\View\DiagnosticsCommon\images\i_warning.png'.
[3c7c:000c][2026-05-10T01:36:06] Processing file /Contents/Common7/IDE/CommonExtensions/Microsoft/ClientDiagnostics/AppResponsiveness/View/DiagnosticsCommon/isDebugBuild.js
[3c7c:000c][2026-05-10T01:36:06] Started: Copying file /Contents/Common7/IDE/CommonExtensions/Microsoft/ClientDiagnostics/AppResponsiveness/View/DiagnosticsCommon/isDebugBuild.js to C:\Program Files (x86)\Microsoft Visual Studio\2022\BuildTools\Common7\IDE\CommonExtensions\Microsoft\ClientDiagnostics\AppResponsiveness\View\DiagnosticsCommon\isDebugBuild.js
[3c7c:000c][2026-05-10T01:36:06] Completed: Copying file /Contents/Common7/IDE/CommonExtensions/Microsoft/ClientDiagnostics/AppResponsiveness/View/DiagnosticsCommon/isDebugBuild.js to C:\Program Files (x86)\Microsoft Visual Studio\2022\BuildTools\Common7\IDE\CommonExtensions\Microsoft\ClientDiagnostics\AppResponsiveness\View\DiagnosticsCommon\isDebugBuild.js
[3c7c:000c][2026-05-10T01:36:06] Timestamp updated for file 'C:\Program Files (x86)\Microsoft Visual Studio\2022\BuildTools\Common7\IDE\CommonExtensions\Microsoft\ClientDiagnostics\AppResponsiveness\View\DiagnosticsCommon\isDebugBuild.js'.
[3c7c:000c][2026-05-10T01:36:06] Processing file /Contents/Common7/IDE/CommonExtensions/Microsoft/ClientDiagnostics/AppResponsiveness/View/DiagnosticsCommon/listControl/ListControl.css
[3c7c:000c][2026-05-10T01:36:06] Started: Copying file /Contents/Common7/IDE/CommonExtensions/Microsoft/ClientDiagnostics/AppResponsiveness/View/DiagnosticsCommon/listControl/ListControl.css to C:\Program Files (x86)\Microsoft Visual Studio\2022\BuildTools\Common7\IDE\CommonExtensions\Microsoft\ClientDiagnostics\AppResponsiveness\View\DiagnosticsCommon\listControl\ListControl.css
[3c7c:000c][2026-05-10T01:36:06] Completed: Copying file /Contents/Common7/IDE/CommonExtensions/Microsoft/ClientDiagnostics/AppResponsiveness/View/DiagnosticsCommon/listControl/ListControl.css to C:\Program Files (x86)\Microsoft Visual Studio\2022\BuildTools\Common7\IDE\CommonExtensions\Microsoft\ClientDiagnostics\AppResponsiveness\View\DiagnosticsCommon\listControl\ListControl.css
[3c7c:000c][2026-05-10T01:36:06] Timestamp updated for file 'C:\Program Files (x86)\Microsoft Visual Studio\2022\BuildTools\Common7\IDE\CommonExtensions\Microsoft\ClientDiagnostics\AppResponsiveness\View\DiagnosticsCommon\listControl\ListControl.css'.
[3c7c:000c][2026-05-10T01:36:06] Processing file /Contents/Common7/IDE/CommonExtensions/Microsoft/ClientDiagnostics/AppResponsiveness/View/DiagnosticsCommon/TabControl.css
[3c7c:000c][2026-05-10T01:36:06] Started: Copying file /Contents/Common7/IDE/CommonExtensions/Microsoft/ClientDiagnostics/AppResponsiveness/View/DiagnosticsCommon/TabControl.css to C:\Program Files (x86)\Microsoft Visual Studio\2022\BuildTools\Common7\IDE\CommonExtensions\Microsoft\ClientDiagnostics\AppResponsiveness\View\DiagnosticsCommon\TabControl.css
[3c7c:000c][2026-05-10T01:36:06] Completed: Copying file /Contents/Common7/IDE/CommonExtensions/Microsoft/ClientDiagnostics/AppResponsiveness/View/DiagnosticsCommon/TabControl.css to C:\Program Files (x86)\Microsoft Visual Studio\2022\BuildTools\Common7\IDE\CommonExtensions\Microsoft\ClientDiagnostics\AppResponsiveness\View\DiagnosticsCommon\TabControl.css
[3c7c:000c][2026-05-10T01:36:06] Timestamp updated for file 'C:\Program Files (x86)\Microsoft Visual Studio\2022\BuildTools\Common7\IDE\CommonExtensions\Microsoft\ClientDiagnostics\AppResponsiveness\View\DiagnosticsCommon\TabControl.css'.
[3c7c:000c][2026-05-10T01:36:06] Processing file /Contents/Common7/IDE/CommonExtensions/Microsoft/ClientDiagnostics/AppResponsiveness/View/diagnosticsHub.js
[3c7c:000c][2026-05-10T01:36:06] Started: Copying file /Contents/Common7/IDE/CommonExtensions/Microsoft/ClientDiagnostics/AppResponsiveness/View/diagnosticsHub.js to C:\Program Files (x86)\Microsoft Visual Studio\2022\BuildTools\Common7\IDE\CommonExtensions\Microsoft\ClientDiagnostics\AppResponsiveness\View\diagnosticsHub.js
[3c7c:000c][2026-05-10T01:36:06] Completed: Copying file /Contents/Common7/IDE/CommonExtensions/Microsoft/ClientDiagnostics/AppResponsiveness/View/diagnosticsHub.js to C:\Program Files (x86)\Microsoft Visual Studio\2022\BuildTools\Common7\IDE\CommonExtensions\Microsoft\ClientDiagnostics\AppResponsiveness\View\diagnosticsHub.js
[3c7c:000c][2026-05-10T01:36:06] Timestamp updated for file 'C:\Program Files (x86)\Microsoft Visual Studio\2022\BuildTools\Common7\IDE\CommonExtensions\Microsoft\ClientDiagnostics\AppResponsiveness\View\diagnosticsHub.js'.
[3c7c:000c][2026-05-10T01:36:06] Processing file /Contents/Common7/IDE/CommonExtensions/Microsoft/ClientDiagnostics/AppResponsiveness/View/HubGraphs.js
[3c7c:000c][2026-05-10T01:36:06] Started: Copying file /Contents/Common7/IDE/CommonExtensions/Microsoft/ClientDiagnostics/AppResponsiveness/View/HubGraphs.js to C:\Program Files (x86)\Microsoft Visual Studio\2022\BuildTools\Common7\IDE\CommonExtensions\Microsoft\ClientDiagnostics\AppResponsiveness\View\HubGraphs.js
[3c7c:000c][2026-05-10T01:36:06] Completed: Copying file /Contents/Common7/IDE/CommonExtensions/Microsoft/ClientDiagnostics/AppResponsiveness/View/HubGraphs.js to C:\Program Files (x86)\Microsoft Visual Studio\2022\BuildTools\Common7\IDE\CommonExtensions\Microsoft\ClientDiagnostics\AppResponsiveness\View\HubGraphs.js
[3c7c:000c][2026-05-10T01:36:06] Timestamp updated for file 'C:\Program Files (x86)\Microsoft Visual Studio\2022\BuildTools\Common7\IDE\CommonExtensions\Microsoft\ClientDiagnostics\AppResponsiveness\View\HubGraphs.js'.
[3c7c:000c][2026-05-10T01:36:06] Processing file /Contents/Common7/IDE/CommonExtensions/Microsoft/ClientDiagnostics/AppResponsiveness/View/Images/i_chartselection_clear.png
[3c7c:000c][2026-05-10T01:36:06] Started: Copying file /Contents/Common7/IDE/CommonExtensions/Microsoft/ClientDiagnostics/AppResponsiveness/View/Images/i_chartselection_clear.png to C:\Program Files (x86)\Microsoft Visual Studio\2022\BuildTools\Common7\IDE\CommonExtensions\Microsoft\ClientDiagnostics\AppResponsiveness\View\Images\i_chartselection_clear.png
[3c7c:000c][2026-05-10T01:36:06] Completed: Copying file /Contents/Common7/IDE/CommonExtensions/Microsoft/ClientDiagnostics/AppResponsiveness/View/Images/i_chartselection_clear.png to C:\Program Files (x86)\Microsoft Visual Studio\2022\BuildTools\Common7\IDE\CommonExtensions\Microsoft\ClientDiagnostics\AppResponsiveness\View\Images\i_chartselection_clear.png
[3c7c:000c][2026-05-10T01:36:06] Timestamp updated for file 'C:\Program Files (x86)\Microsoft Visual Studio\2022\BuildTools\Common7\IDE\CommonExtensions\Microsoft\ClientDiagnostics\AppResponsiveness\View\Images\i_chartselection_clear.png'.
[3c7c:000c][2026-05-10T01:36:06] Processing file /Contents/Common7/IDE/CommonExtensions/Microsoft/ClientDiagnostics/AppResponsiveness/View/Images/i_chartselection_clear_disabled.png
[3c7c:000c][2026-05-10T01:36:06] Started: Copying file /Contents/Common7/IDE/CommonExtensions/Microsoft/ClientDiagnostics/AppResponsiveness/View/Images/i_chartselection_clear_disabled.png to C:\Program Files (x86)\Microsoft Visual Studio\2022\BuildTools\Common7\IDE\CommonExtensions\Microsoft\ClientDiagnostics\AppResponsiveness\View\Images\i_chartselection_clear_disabled.png
[3c7c:000c][2026-05-10T01:36:06] Completed: Copying file /Contents/Common7/IDE/CommonExtensions/Microsoft/ClientDiagnostics/AppResponsiveness/View/Images/i_chartselection_clear_disabled.png to C:\Program Files (x86)\Microsoft Visual Studio\2022\BuildTools\Common7\IDE\CommonExtensions\Microsoft\ClientDiagnostics\AppResponsiveness\View\Images\i_chartselection_clear_disabled.png
[3c7c:000c][2026-05-10T01:36:06] Timestamp updated for file 'C:\Program Files (x86)\Microsoft Visual Studio\2022\BuildTools\Common7\IDE\CommonExtensions\Microsoft\ClientDiagnostics\AppResponsiveness\View\Images\i_chartselection_clear_disabled.png'.
[3c7c:000c][2026-05-10T01:36:06] Processing file /Contents/Common7/IDE/CommonExtensions/Microsoft/ClientDiagnostics/AppResponsiveness/View/Images/i_chartzoom_in.png
[3c7c:000c][2026-05-10T01:36:06] Started: Copying file /Contents/Common7/IDE/CommonExtensions/Microsoft/ClientDiagnostics/AppResponsiveness/View/Images/i_chartzoom_in.png to C:\Program Files (x86)\Microsoft Visual Studio\2022\BuildTools\Common7\IDE\CommonExtensions\Microsoft\ClientDiagnostics\AppResponsiveness\View\Images\i_chartzoom_in.png
[3c7c:000c][2026-05-10T01:36:06] Completed: Copying file /Contents/Common7/IDE/CommonExtensions/Microsoft/ClientDiagnostics/AppResponsiveness/View/Images/i_chartzoom_in.png to C:\Program Files (x86)\Microsoft Visual Studio\2022\BuildTools\Common7\IDE\CommonExtensions\Microsoft\ClientDiagnostics\AppResponsiveness\View\Images\i_chartzoom_in.png
[3c7c:000c][2026-05-10T01:36:06] Timestamp updated for file 'C:\Program Files (x86)\Microsoft Visual Studio\2022\BuildTools\Common7\IDE\CommonExtensions\Microsoft\ClientDiagnostics\AppResponsiveness\View\Images\i_chartzoom_in.png'.
[3c7c:000c][2026-05-10T01:36:06] Processing file /Contents/Common7/IDE/CommonExtensions/Microsoft/ClientDiagnostics/AppResponsiveness/View/Images/i_chartzoom_in_disabled.png
[3c7c:000c][2026-05-10T01:36:06] Started: Copying file /Contents/Common7/IDE/CommonExtensions/Microsoft/ClientDiagnostics/AppResponsiveness/View/Images/i_chartzoom_in_disabled.png to C:\Program Files (x86)\Microsoft Visual Studio\2022\BuildTools\Common7\IDE\CommonExtensions\Microsoft\ClientDiagnostics\AppResponsiveness\View\Images\i_chartzoom_in_disabled.png
[3c7c:000c][2026-05-10T01:36:06] Completed: Copying file /Contents/Common7/IDE/CommonExtensions/Microsoft/ClientDiagnostics/AppResponsiveness/View/Images/i_chartzoom_in_disabled.png to C:\Program Files (x86)\Microsoft Visual Studio\2022\BuildTools\Common7\IDE\CommonExtensions\Microsoft\ClientDiagnostics\AppResponsiveness\View\Images\i_chartzoom_in_disabled.png
[3c7c:000c][2026-05-10T01:36:06] Timestamp updated for file 'C:\Program Files (x86)\Microsoft Visual Studio\2022\BuildTools\Common7\IDE\CommonExtensions\Microsoft\ClientDiagnostics\AppResponsiveness\View\Images\i_chartzoom_in_disabled.png'.
[3c7c:000c][2026-05-10T01:36:06] Processing file /Contents/Common7/IDE/CommonExtensions/Microsoft/ClientDiagnostics/AppResponsiveness/View/Images/i_chartzoom_reset.png
[3c7c:000c][2026-05-10T01:36:06] Started: Copying file /Contents/Common7/IDE/CommonExtensions/Microsoft/ClientDiagnostics/AppResponsiveness/View/Images/i_chartzoom_reset.png to C:\Program Files (x86)\Microsoft Visual Studio\2022\BuildTools\Common7\IDE\CommonExtensions\Microsoft\ClientDiagnostics\AppResponsiveness\View\Images\i_chartzoom_reset.png
[3c7c:000c][2026-05-10T01:36:06] Completed: Copying file /Contents/Common7/IDE/CommonExtensions/Microsoft/ClientDiagnostics/AppResponsiveness/View/Images/i_chartzoom_reset.png to C:\Program Files (x86)\Microsoft Visual Studio\2022\BuildTools\Common7\IDE\CommonExtensions\Microsoft\ClientDiagnostics\AppResponsiveness\View\Images\i_chartzoom_reset.png
[3c7c:000c][2026-05-10T01:36:06] Timestamp updated for file 'C:\Program Files (x86)\Microsoft Visual Studio\2022\BuildTools\Common7\IDE\CommonExtensions\Microsoft\ClientDiagnostics\AppResponsiveness\View\Images\i_chartzoom_reset.png'.
[3c7c:000c][2026-05-10T01:36:06] Processing file /Contents/Common7/IDE/CommonExtensions/Microsoft/ClientDiagnostics/AppResponsiveness/View/Images/i_chartzoom_reset_disabled.png
[3c7c:000c][2026-05-10T01:36:06] Started: Copying file /Contents/Common7/IDE/CommonExtensions/Microsoft/ClientDiagnostics/AppResponsiveness/View/Images/i_chartzoom_reset_disabled.png to C:\Program Files (x86)\Microsoft Visual Studio\2022\BuildTools\Common7\IDE\CommonExtensions\Microsoft\ClientDiagnostics\AppResponsiveness\View\Images\i_chartzoom_reset_disabled.png
[3c7c:000c][2026-05-10T01:36:06] Completed: Copying file /Contents/Common7/IDE/CommonExtensions/Microsoft/ClientDiagnostics/AppResponsiveness/View/Images/i_chartzoom_reset_disabled.png to C:\Program Files (x86)\Microsoft Visual Studio\2022\BuildTools\Common7\IDE\CommonExtensions\Microsoft\ClientDiagnostics\AppResponsiveness\View\Images\i_chartzoom_reset_disabled.png
[3c7c:000c][2026-05-10T01:36:06] Timestamp updated for file 'C:\Program Files (x86)\Microsoft Visual Studio\2022\BuildTools\Common7\IDE\CommonExtensions\Microsoft\ClientDiagnostics\AppResponsiveness\View\Images\i_chartzoom_reset_disabled.png'.
[3c7c:000c][2026-05-10T01:36:06] Processing file /Contents/Common7/IDE/CommonExtensions/Microsoft/ClientDiagnostics/AppResponsiveness/View/Images/i_checkered_background.png
[3c7c:000c][2026-05-10T01:36:06] Started: Copying file /Contents/Common7/IDE/CommonExtensions/Microsoft/ClientDiagnostics/AppResponsiveness/View/Images/i_checkered_background.png to C:\Program Files (x86)\Microsoft Visual Studio\2022\BuildTools\Common7\IDE\CommonExtensions\Microsoft\ClientDiagnostics\AppResponsiveness\View\Images\i_checkered_background.png
[3c7c:000c][2026-05-10T01:36:06] Completed: Copying file /Contents/Common7/IDE/CommonExtensions/Microsoft/ClientDiagnostics/AppResponsiveness/View/Images/i_checkered_background.png to C:\Program Files (x86)\Microsoft Visual Studio\2022\BuildTools\Common7\IDE\CommonExtensions\Microsoft\ClientDiagnostics\AppResponsiveness\View\Images\i_checkered_background.png
[3c7c:000c][2026-05-10T01:36:06] Timestamp updated for file 'C:\Program Files (x86)\Microsoft Visual Studio\2022\BuildTools\Common7\IDE\CommonExtensions\Microsoft\ClientDiagnostics\AppResponsiveness\View\Images\i_checkered_background.png'.
[3c7c:000c][2026-05-10T01:36:06] Processing file /Contents/Common7/IDE/CommonExtensions/Microsoft/ClientDiagnostics/AppResponsiveness/View/Images/i_filtering_options.png
[3c7c:000c][2026-05-10T01:36:06] Started: Copying file /Contents/Common7/IDE/CommonExtensions/Microsoft/ClientDiagnostics/AppResponsiveness/View/Images/i_filtering_options.png to C:\Program Files (x86)\Microsoft Visual Studio\2022\BuildTools\Common7\IDE\CommonExtensions\Microsoft\ClientDiagnostics\AppResponsiveness\View\Images\i_filtering_options.png
[3c7c:000c][2026-05-10T01:36:06] Completed: Copying file /Contents/Common7/IDE/CommonExtensions/Microsoft/ClientDiagnostics/AppResponsiveness/View/Images/i_filtering_options.png to C:\Program Files (x86)\Microsoft Visual Studio\2022\BuildTools\Common7\IDE\CommonExtensions\Microsoft\ClientDiagnostics\AppResponsiveness\View\Images\i_filtering_options.png
[3c7c:000c][2026-05-10T01:36:06] Timestamp updated for file 'C:\Program Files (x86)\Microsoft Visual Studio\2022\BuildTools\Common7\IDE\CommonExtensions\Microsoft\ClientDiagnostics\AppResponsiveness\View\Images\i_filtering_options.png'.
[3c7c:000c][2026-05-10T01:36:06] Processing file /Contents/Common7/IDE/CommonExtensions/Microsoft/ClientDiagnostics/AppResponsiveness/View/Images/i_frame_grouping.png
[3c7c:000c][2026-05-10T01:36:06] Started: Copying file /Contents/Common7/IDE/CommonExtensions/Microsoft/ClientDiagnostics/AppResponsiveness/View/Images/i_frame_grouping.png to C:\Program Files (x86)\Microsoft Visual Studio\2022\BuildTools\Common7\IDE\CommonExtensions\Microsoft\ClientDiagnostics\AppResponsiveness\View\Images\i_frame_grouping.png
[3c7c:000c][2026-05-10T01:36:06] Completed: Copying file /Contents/Common7/IDE/CommonExtensions/Microsoft/ClientDiagnostics/AppResponsiveness/View/Images/i_frame_grouping.png to C:\Program Files (x86)\Microsoft Visual Studio\2022\BuildTools\Common7\IDE\CommonExtensions\Microsoft\ClientDiagnostics\AppResponsiveness\View\Images\i_frame_grouping.png
[3c7c:000c][2026-05-10T01:36:06] Timestamp updated for file 'C:\Program Files (x86)\Microsoft Visual Studio\2022\BuildTools\Common7\IDE\CommonExtensions\Microsoft\ClientDiagnostics\AppResponsiveness\View\Images\i_frame_grouping.png'.
[3c7c:000c][2026-05-10T01:36:06] Processing file /Contents/Common7/IDE/CommonExtensions/Microsoft/ClientDiagnostics/AppResponsiveness/View/Images/i_viewsettings_options.png
[3c7c:000c][2026-05-10T01:36:06] Started: Copying file /Contents/Common7/IDE/CommonExtensions/Microsoft/ClientDiagnostics/AppResponsiveness/View/Images/i_viewsettings_options.png to C:\Program Files (x86)\Microsoft Visual Studio\2022\BuildTools\Common7\IDE\CommonExtensions\Microsoft\ClientDiagnostics\AppResponsiveness\View\Images\i_viewsettings_options.png
[3c7c:000c][2026-05-10T01:36:06] Completed: Copying file /Contents/Common7/IDE/CommonExtensions/Microsoft/ClientDiagnostics/AppResponsiveness/View/Images/i_viewsettings_options.png to C:\Program Files (x86)\Microsoft Visual Studio\2022\BuildTools\Common7\IDE\CommonExtensions\Microsoft\ClientDiagnostics\AppResponsiveness\View\Images\i_viewsettings_options.png
[3c7c:000c][2026-05-10T01:36:06] Timestamp updated for file 'C:\Program Files (x86)\Microsoft Visual Studio\2022\BuildTools\Common7\IDE\CommonExtensions\Microsoft\ClientDiagnostics\AppResponsiveness\View\Images\i_viewsettings_options.png'.
[3c7c:000c][2026-05-10T01:36:06] Processing file /Contents/Common7/IDE/CommonExtensions/Microsoft/ClientDiagnostics/AppResponsiveness/View/manifest.json
[3c7c:000c][2026-05-10T01:36:06] Started: Copying file /Contents/Common7/IDE/CommonExtensions/Microsoft/ClientDiagnostics/AppResponsiveness/View/manifest.json to C:\Program Files (x86)\Microsoft Visual Studio\2022\BuildTools\Common7\IDE\CommonExtensions\Microsoft\ClientDiagnostics\AppResponsiveness\View\manifest.json
[3c7c:000c][2026-05-10T01:36:06] Completed: Copying file /Contents/Common7/IDE/CommonExtensions/Microsoft/ClientDiagnostics/AppResponsiveness/View/manifest.json to C:\Program Files (x86)\Microsoft Visual Studio\2022\BuildTools\Common7\IDE\CommonExtensions\Microsoft\ClientDiagnostics\AppResponsiveness\View\manifest.json
[3c7c:000c][2026-05-10T01:36:06] Timestamp updated for file 'C:\Program Files (x86)\Microsoft Visual Studio\2022\BuildTools\Common7\IDE\CommonExtensions\Microsoft\ClientDiagnostics\AppResponsiveness\View\manifest.json'.
[3c7c:000c][2026-05-10T01:36:06] Processing file /Contents/Common7/IDE/CommonExtensions/Microsoft/ClientDiagnostics/AppResponsiveness/View/PerfToolsCommon/Bpt.Diagnostics.PerfTools.CommonMerged.js
[3c7c:000c][2026-05-10T01:36:06] Started: Copying file /Contents/Common7/IDE/CommonExtensions/Microsoft/ClientDiagnostics/AppResponsiveness/View/PerfToolsCommon/Bpt.Diagnostics.PerfTools.CommonMerged.js to C:\Program Files (x86)\Microsoft Visual Studio\2022\BuildTools\Common7\IDE\CommonExtensions\Microsoft\ClientDiagnostics\AppResponsiveness\View\PerfToolsCommon\Bpt.Diagnostics.PerfTools.CommonMerged.js
[3c7c:000c][2026-05-10T01:36:06] Completed: Copying file /Contents/Common7/IDE/CommonExtensions/Microsoft/ClientDiagnostics/AppResponsiveness/View/PerfToolsCommon/Bpt.Diagnostics.PerfTools.CommonMerged.js to C:\Program Files (x86)\Microsoft Visual Studio\2022\BuildTools\Common7\IDE\CommonExtensions\Microsoft\ClientDiagnostics\AppResponsiveness\View\PerfToolsCommon\Bpt.Diagnostics.PerfTools.CommonMerged.js
[3c7c:000c][2026-05-10T01:36:06] Timestamp updated for file 'C:\Program Files (x86)\Microsoft Visual Studio\2022\BuildTools\Common7\IDE\CommonExtensions\Microsoft\ClientDiagnostics\AppResponsiveness\View\PerfToolsCommon\Bpt.Diagnostics.PerfTools.CommonMerged.js'.
[3c7c:000c][2026-05-10T01:36:06] Processing file /Contents/Common7/IDE/CommonExtensions/Microsoft/ClientDiagnostics/AppResponsiveness/View/PerfToolsCommon/controls/menuControl.css
[3c7c:000c][2026-05-10T01:36:06] Started: Copying file /Contents/Common7/IDE/CommonExtensions/Microsoft/ClientDiagnostics/AppResponsiveness/View/PerfToolsCommon/controls/menuControl.css to C:\Program Files (x86)\Microsoft Visual Studio\2022\BuildTools\Common7\IDE\CommonExtensions\Microsoft\ClientDiagnostics\AppResponsiveness\View\PerfToolsCommon\controls\menuControl.css
[3c7c:000c][2026-05-10T01:36:06] Completed: Copying file /Contents/Common7/IDE/CommonExtensions/Microsoft/ClientDiagnostics/AppResponsiveness/View/PerfToolsCommon/controls/menuControl.css to C:\Program Files (x86)\Microsoft Visual Studio\2022\BuildTools\Common7\IDE\CommonExtensions\Microsoft\ClientDiagnostics\AppResponsiveness\View\PerfToolsCommon\controls\menuControl.css
[3c7c:000c][2026-05-10T01:36:06] Timestamp updated for file 'C:\Program Files (x86)\Microsoft Visual Studio\2022\BuildTools\Common7\IDE\CommonExtensions\Microsoft\ClientDiagnostics\AppResponsiveness\View\PerfToolsCommon\controls\menuControl.css'.
[3c7c:000c][2026-05-10T01:36:06] Processing file /Contents/Common7/IDE/CommonExtensions/Microsoft/ClientDiagnostics/AppResponsiveness/View/PerfToolsCommon/controls/SourceInfoTooltip.css
[3c7c:000c][2026-05-10T01:36:06] Started: Copying file /Contents/Common7/IDE/CommonExtensions/Microsoft/ClientDiagnostics/AppResponsiveness/View/PerfToolsCommon/controls/SourceInfoTooltip.css to C:\Program Files (x86)\Microsoft Visual Studio\2022\BuildTools\Common7\IDE\CommonExtensions\Microsoft\ClientDiagnostics\AppResponsiveness\View\PerfToolsCommon\controls\SourceInfoTooltip.css
[3c7c:000c][2026-05-10T01:36:06] Completed: Copying file /Contents/Common7/IDE/CommonExtensions/Microsoft/ClientDiagnostics/AppResponsiveness/View/PerfToolsCommon/controls/SourceInfoTooltip.css to C:\Program Files (x86)\Microsoft Visual Studio\2022\BuildTools\Common7\IDE\CommonExtensions\Microsoft\ClientDiagnostics\AppResponsiveness\View\PerfToolsCommon\controls\SourceInfoTooltip.css
[3c7c:000c][2026-05-10T01:36:06] Timestamp updated for file 'C:\Program Files (x86)\Microsoft Visual Studio\2022\BuildTools\Common7\IDE\CommonExtensions\Microsoft\ClientDiagnostics\AppResponsiveness\View\PerfToolsCommon\controls\SourceInfoTooltip.css'.
[3c7c:000c][2026-05-10T01:36:06] Processing file /Contents/Common7/IDE/CommonExtensions/Microsoft/ClientDiagnostics/AppResponsiveness/View/PerfToolsCommon/images/CheckMark.png
[3c7c:000c][2026-05-10T01:36:06] Started: Copying file /Contents/Common7/IDE/CommonExtensions/Microsoft/ClientDiagnostics/AppResponsiveness/View/PerfToolsCommon/images/CheckMark.png to C:\Program Files (x86)\Microsoft Visual Studio\2022\BuildTools\Common7\IDE\CommonExtensions\Microsoft\ClientDiagnostics\AppResponsiveness\View\PerfToolsCommon\images\CheckMark.png
[3c7c:000c][2026-05-10T01:36:06] Completed: Copying file /Contents/Common7/IDE/CommonExtensions/Microsoft/ClientDiagnostics/AppResponsiveness/View/PerfToolsCommon/images/CheckMark.png to C:\Program Files (x86)\Microsoft Visual Studio\2022\BuildTools\Common7\IDE\CommonExtensions\Microsoft\ClientDiagnostics\AppResponsiveness\View\PerfToolsCommon\images\CheckMark.png
[3c7c:000c][2026-05-10T01:36:06] Timestamp updated for file 'C:\Program Files (x86)\Microsoft Visual Studio\2022\BuildTools\Common7\IDE\CommonExtensions\Microsoft\ClientDiagnostics\AppResponsiveness\View\PerfToolsCommon\images\CheckMark.png'.
[3c7c:000c][2026-05-10T01:36:06] Processing file /Contents/Common7/IDE/CommonExtensions/Microsoft/ClientDiagnostics/AppResponsiveness/View/PerfToolsCommon/images/CustomMark5_18x.png
[3c7c:000c][2026-05-10T01:36:06] Started: Copying file /Contents/Common7/IDE/CommonExtensions/Microsoft/ClientDiagnostics/AppResponsiveness/View/PerfToolsCommon/images/CustomMark5_18x.png to C:\Program Files (x86)\Microsoft Visual Studio\2022\BuildTools\Common7\IDE\CommonExtensions\Microsoft\ClientDiagnostics\AppResponsiveness\View\PerfToolsCommon\images\CustomMark5_18x.png
[3c7c:000c][2026-05-10T01:36:06] Completed: Copying file /Contents/Common7/IDE/CommonExtensions/Microsoft/ClientDiagnostics/AppResponsiveness/View/PerfToolsCommon/images/CustomMark5_18x.png to C:\Program Files (x86)\Microsoft Visual Studio\2022\BuildTools\Common7\IDE\CommonExtensions\Microsoft\ClientDiagnostics\AppResponsiveness\View\PerfToolsCommon\images\CustomMark5_18x.png
[3c7c:000c][2026-05-10T01:36:06] Timestamp updated for file 'C:\Program Files (x86)\Microsoft Visual Studio\2022\BuildTools\Common7\IDE\CommonExtensions\Microsoft\ClientDiagnostics\AppResponsiveness\View\PerfToolsCommon\images\CustomMark5_18x.png'.
[3c7c:000c][2026-05-10T01:36:06] Processing file /Contents/Common7/IDE/CommonExtensions/Microsoft/ClientDiagnostics/AppResponsiveness/View/PerfToolsCommon/images/itemCollapsedIcon.png
[3c7c:000c][2026-05-10T01:36:06] Started: Copying file /Contents/Common7/IDE/CommonExtensions/Microsoft/ClientDiagnostics/AppResponsiveness/View/PerfToolsCommon/images/itemCollapsedIcon.png to C:\Program Files (x86)\Microsoft Visual Studio\2022\BuildTools\Common7\IDE\CommonExtensions\Microsoft\ClientDiagnostics\AppResponsiveness\View\PerfToolsCommon\images\itemCollapsedIcon.png
[3c7c:000c][2026-05-10T01:36:06] Completed: Copying file /Contents/Common7/IDE/CommonExtensions/Microsoft/ClientDiagnostics/AppResponsiveness/View/PerfToolsCommon/images/itemCollapsedIcon.png to C:\Program Files (x86)\Microsoft Visual Studio\2022\BuildTools\Common7\IDE\CommonExtensions\Microsoft\ClientDiagnostics\AppResponsiveness\View\PerfToolsCommon\images\itemCollapsedIcon.png
[3c7c:000c][2026-05-10T01:36:06] Timestamp updated for file 'C:\Program Files (x86)\Microsoft Visual Studio\2022\BuildTools\Common7\IDE\CommonExtensions\Microsoft\ClientDiagnostics\AppResponsiveness\View\PerfToolsCommon\images\itemCollapsedIcon.png'.
[3c7c:000c][2026-05-10T01:36:06] Processing file /Contents/Common7/IDE/CommonExtensions/Microsoft/ClientDiagnostics/AppResponsiveness/View/PerfToolsCommon/images/itemExpandedIcon.png
[3c7c:000c][2026-05-10T01:36:06] Started: Copying file /Contents/Common7/IDE/CommonExtensions/Microsoft/ClientDiagnostics/AppResponsiveness/View/PerfToolsCommon/images/itemExpandedIcon.png to C:\Program Files (x86)\Microsoft Visual Studio\2022\BuildTools\Common7\IDE\CommonExtensions\Microsoft\ClientDiagnostics\AppResponsiveness\View\PerfToolsCommon\images\itemExpandedIcon.png
[3c7c:000c][2026-05-10T01:36:06] Completed: Copying file /Contents/Common7/IDE/CommonExtensions/Microsoft/ClientDiagnostics/AppResponsiveness/View/PerfToolsCommon/images/itemExpandedIcon.png to C:\Program Files (x86)\Microsoft Visual Studio\2022\BuildTools\Common7\IDE\CommonExtensions\Microsoft\ClientDiagnostics\AppResponsiveness\View\PerfToolsCommon\images\itemExpandedIcon.png
[3c7c:000c][2026-05-10T01:36:06] Timestamp updated for file 'C:\Program Files (x86)\Microsoft Visual Studio\2022\BuildTools\Common7\IDE\CommonExtensions\Microsoft\ClientDiagnostics\AppResponsiveness\View\PerfToolsCommon\images\itemExpandedIcon.png'.
[3c7c:000c][2026-05-10T01:36:06] Processing file /Contents/Common7/IDE/CommonExtensions/Microsoft/ClientDiagnostics/AppResponsiveness/View/PerfToolsCommon/images/i_appevent.png
[3c7c:000c][2026-05-10T01:36:06] Started: Copying file /Contents/Common7/IDE/CommonExtensions/Microsoft/ClientDiagnostics/AppResponsiveness/View/PerfToolsCommon/images/i_appevent.png to C:\Program Files (x86)\Microsoft Visual Studio\2022\BuildTools\Common7\IDE\CommonExtensions\Microsoft\ClientDiagnostics\AppResponsiveness\View\PerfToolsCommon\images\i_appevent.png
[3c7c:000c][2026-05-10T01:36:06] Completed: Copying file /Contents/Common7/IDE/CommonExtensions/Microsoft/ClientDiagnostics/AppResponsiveness/View/PerfToolsCommon/images/i_appevent.png to C:\Program Files (x86)\Microsoft Visual Studio\2022\BuildTools\Common7\IDE\CommonExtensions\Microsoft\ClientDiagnostics\AppResponsiveness\View\PerfToolsCommon\images\i_appevent.png
[3c7c:000c][2026-05-10T01:36:06] Timestamp updated for file 'C:\Program Files (x86)\Microsoft Visual Studio\2022\BuildTools\Common7\IDE\CommonExtensions\Microsoft\ClientDiagnostics\AppResponsiveness\View\PerfToolsCommon\images\i_appevent.png'.
[3c7c:000c][2026-05-10T01:36:06] Processing file /Contents/Common7/IDE/CommonExtensions/Microsoft/ClientDiagnostics/AppResponsiveness/View/PerfToolsCommon/images/i_usermark.png
[3c7c:000c][2026-05-10T01:36:06] Started: Copying file /Contents/Common7/IDE/CommonExtensions/Microsoft/ClientDiagnostics/AppResponsiveness/View/PerfToolsCommon/images/i_usermark.png to C:\Program Files (x86)\Microsoft Visual Studio\2022\BuildTools\Common7\IDE\CommonExtensions\Microsoft\ClientDiagnostics\AppResponsiveness\View\PerfToolsCommon\images\i_usermark.png
[3c7c:000c][2026-05-10T01:36:06] Completed: Copying file /Contents/Common7/IDE/CommonExtensions/Microsoft/ClientDiagnostics/AppResponsiveness/View/PerfToolsCommon/images/i_usermark.png to C:\Program Files (x86)\Microsoft Visual Studio\2022\BuildTools\Common7\IDE\CommonExtensions\Microsoft\ClientDiagnostics\AppResponsiveness\View\PerfToolsCommon\images\i_usermark.png
[3c7c:000c][2026-05-10T01:36:06] Timestamp updated for file 'C:\Program Files (x86)\Microsoft Visual Studio\2022\BuildTools\Common7\IDE\CommonExtensions\Microsoft\ClientDiagnostics\AppResponsiveness\View\PerfToolsCommon\images\i_usermark.png'.
[3c7c:000c][2026-05-10T01:36:06] Processing file /Contents/Common7/IDE/CommonExtensions/Microsoft/ClientDiagnostics/AppResponsiveness/View/PerfToolsCommon/TokenExtractor.css
[3c7c:000c][2026-05-10T01:36:06] Started: Copying file /Contents/Common7/IDE/CommonExtensions/Microsoft/ClientDiagnostics/AppResponsiveness/View/PerfToolsCommon/TokenExtractor.css to C:\Program Files (x86)\Microsoft Visual Studio\2022\BuildTools\Common7\IDE\CommonExtensions\Microsoft\ClientDiagnostics\AppResponsiveness\View\PerfToolsCommon\TokenExtractor.css
[3c7c:000c][2026-05-10T01:36:06] Completed: Copying file /Contents/Common7/IDE/CommonExtensions/Microsoft/ClientDiagnostics/AppResponsiveness/View/PerfToolsCommon/TokenExtractor.css to C:\Program Files (x86)\Microsoft Visual Studio\2022\BuildTools\Common7\IDE\CommonExtensions\Microsoft\ClientDiagnostics\AppResponsiveness\View\PerfToolsCommon\TokenExtractor.css
[3c7c:000c][2026-05-10T01:36:06] Timestamp updated for file 'C:\Program Files (x86)\Microsoft Visual Studio\2022\BuildTools\Common7\IDE\CommonExtensions\Microsoft\ClientDiagnostics\AppResponsiveness\View\PerfToolsCommon\TokenExtractor.css'.
[3c7c:000c][2026-05-10T01:36:06] Processing file /Contents/Common7/IDE/CommonExtensions/Microsoft/ClientDiagnostics/AppResponsiveness/View/Resources/Resources.resx
[3c7c:000c][2026-05-10T01:36:06] Started: Copying file /Contents/Common7/IDE/CommonExtensions/Microsoft/ClientDiagnostics/AppResponsiveness/View/Resources/Resources.resx to C:\Program Files (x86)\Microsoft Visual Studio\2022\BuildTools\Common7\IDE\CommonExtensions\Microsoft\ClientDiagnostics\AppResponsiveness\View\Resources\Resources.resx
[3c7c:000c][2026-05-10T01:36:06] Completed: Copying file /Contents/Common7/IDE/CommonExtensions/Microsoft/ClientDiagnostics/AppResponsiveness/View/Resources/Resources.resx to C:\Program Files (x86)\Microsoft Visual Studio\2022\BuildTools\Common7\IDE\CommonExtensions\Microsoft\ClientDiagnostics\AppResponsiveness\View\Resources\Resources.resx
[3c7c:000c][2026-05-10T01:36:06] Timestamp updated for file 'C:\Program Files (x86)\Microsoft Visual Studio\2022\BuildTools\Common7\IDE\CommonExtensions\Microsoft\ClientDiagnostics\AppResponsiveness\View\Resources\Resources.resx'.
[3c7c:000c][2026-05-10T01:36:06] Processing file /Contents/Common7/IDE/CommonExtensions/Microsoft/ClientDiagnostics/AppResponsiveness/View/VisualProfiler.css
[3c7c:000c][2026-05-10T01:36:06] Started: Copying file /Contents/Common7/IDE/CommonExtensions/Microsoft/ClientDiagnostics/AppResponsiveness/View/VisualProfiler.css to C:\Program Files (x86)\Microsoft Visual Studio\2022\BuildTools\Common7\IDE\CommonExtensions\Microsoft\ClientDiagnostics\AppResponsiveness\View\VisualProfiler.css
[3c7c:000c][2026-05-10T01:36:06] Completed: Copying file /Contents/Common7/IDE/CommonExtensions/Microsoft/ClientDiagnostics/AppResponsiveness/View/VisualProfiler.css to C:\Program Files (x86)\Microsoft Visual Studio\2022\BuildTools\Common7\IDE\CommonExtensions\Microsoft\ClientDiagnostics\AppResponsiveness\View\VisualProfiler.css
[3c7c:000c][2026-05-10T01:36:06] Timestamp updated for file 'C:\Program Files (x86)\Microsoft Visual Studio\2022\BuildTools\Common7\IDE\CommonExtensions\Microsoft\ClientDiagnostics\AppResponsiveness\View\VisualProfiler.css'.
[3c7c:000c][2026-05-10T01:36:06] Processing file /Contents/Common7/IDE/CommonExtensions/Microsoft/ClientDiagnostics/AppResponsiveness/View/VisualProfiler.html
[3c7c:000c][2026-05-10T01:36:06] Started: Copying file /Contents/Common7/IDE/CommonExtensions/Microsoft/ClientDiagnostics/AppResponsiveness/View/VisualProfiler.html to C:\Program Files (x86)\Microsoft Visual Studio\2022\BuildTools\Common7\IDE\CommonExtensions\Microsoft\ClientDiagnostics\AppResponsiveness\View\VisualProfiler.html
[3c7c:000c][2026-05-10T01:36:06] Completed: Copying file /Contents/Common7/IDE/CommonExtensions/Microsoft/ClientDiagnostics/AppResponsiveness/View/VisualProfiler.html to C:\Program Files (x86)\Microsoft Visual Studio\2022\BuildTools\Common7\IDE\CommonExtensions\Microsoft\ClientDiagnostics\AppResponsiveness\View\VisualProfiler.html
[3c7c:000c][2026-05-10T01:36:06] Timestamp updated for file 'C:\Program Files (x86)\Microsoft Visual Studio\2022\BuildTools\Common7\IDE\CommonExtensions\Microsoft\ClientDiagnostics\AppResponsiveness\View\VisualProfiler.html'.
[3c7c:000c][2026-05-10T01:36:06] Processing file /Contents/Common7/IDE/CommonExtensions/Microsoft/ClientDiagnostics/AppResponsiveness/View/VisualProfilerMerged.js
[3c7c:000c][2026-05-10T01:36:06] Started: Copying file /Contents/Common7/IDE/CommonExtensions/Microsoft/ClientDiagnostics/AppResponsiveness/View/VisualProfilerMerged.js to C:\Program Files (x86)\Microsoft Visual Studio\2022\BuildTools\Common7\IDE\CommonExtensions\Microsoft\ClientDiagnostics\AppResponsiveness\View\VisualProfilerMerged.js
[3c7c:000c][2026-05-10T01:36:06] Completed: Copying file /Contents/Common7/IDE/CommonExtensions/Microsoft/ClientDiagnostics/AppResponsiveness/View/VisualProfilerMerged.js to C:\Program Files (x86)\Microsoft Visual Studio\2022\BuildTools\Common7\IDE\CommonExtensions\Microsoft\ClientDiagnostics\AppResponsiveness\View\VisualProfilerMerged.js
[3c7c:000c][2026-05-10T01:36:06] Timestamp updated for file 'C:\Program Files (x86)\Microsoft Visual Studio\2022\BuildTools\Common7\IDE\CommonExtensions\Microsoft\ClientDiagnostics\AppResponsiveness\View\VisualProfilerMerged.js'.
[3c7c:000c][2026-05-10T01:36:06] Processing file /Contents/Common7/IDE/CommonExtensions/Microsoft/ClientDiagnostics/AppResponsiveness/VisualProfilerColors.pkgdef
[3c7c:000c][2026-05-10T01:36:06] Started: Copying file /Contents/Common7/IDE/CommonExtensions/Microsoft/ClientDiagnostics/AppResponsiveness/VisualProfilerColors.pkgdef to C:\Program Files (x86)\Microsoft Visual Studio\2022\BuildTools\Common7\IDE\CommonExtensions\Microsoft\ClientDiagnostics\AppResponsiveness\VisualProfilerColors.pkgdef
[3c7c:000c][2026-05-10T01:36:06] Completed: Copying file /Contents/Common7/IDE/CommonExtensions/Microsoft/ClientDiagnostics/AppResponsiveness/VisualProfilerColors.pkgdef to C:\Program Files (x86)\Microsoft Visual Studio\2022\BuildTools\Common7\IDE\CommonExtensions\Microsoft\ClientDiagnostics\AppResponsiveness\VisualProfilerColors.pkgdef
[3c7c:000c][2026-05-10T01:36:06] Timestamp updated for file 'C:\Program Files (x86)\Microsoft Visual Studio\2022\BuildTools\Common7\IDE\CommonExtensions\Microsoft\ClientDiagnostics\AppResponsiveness\VisualProfilerColors.pkgdef'.
[3c7c:000c][2026-05-10T01:36:06] Processing file /Contents/Common7/IDE/CommonExtensions/Platform/DiagnosticsHub/amd64/AppRespWpfEvents.dll
[3c7c:000c][2026-05-10T01:36:06] Started: Copying file /Contents/Common7/IDE/CommonExtensions/Platform/DiagnosticsHub/amd64/AppRespWpfEvents.dll to C:\Program Files (x86)\Microsoft Visual Studio\2022\BuildTools\Common7\IDE\CommonExtensions\Platform\DiagnosticsHub\amd64\AppRespWpfEvents.dll
[3c7c:000c][2026-05-10T01:36:06] Completed: Copying file /Contents/Common7/IDE/CommonExtensions/Platform/DiagnosticsHub/amd64/AppRespWpfEvents.dll to C:\Program Files (x86)\Microsoft Visual Studio\2022\BuildTools\Common7\IDE\CommonExtensions\Platform\DiagnosticsHub\amd64\AppRespWpfEvents.dll
[3c7c:000c][2026-05-10T01:36:06] Timestamp updated for file 'C:\Program Files (x86)\Microsoft Visual Studio\2022\BuildTools\Common7\IDE\CommonExtensions\Platform\DiagnosticsHub\amd64\AppRespWpfEvents.dll'.
[3c7c:000c][2026-05-10T01:36:06] Processing file /Contents/Common7/IDE/CommonExtensions/Platform/DiagnosticsHub/amd64/AppRespXamlEvents.dll
[3c7c:000c][2026-05-10T01:36:06] Started: Copying file /Contents/Common7/IDE/CommonExtensions/Platform/DiagnosticsHub/amd64/AppRespXamlEvents.dll to C:\Program Files (x86)\Microsoft Visual Studio\2022\BuildTools\Common7\IDE\CommonExtensions\Platform\DiagnosticsHub\amd64\AppRespXamlEvents.dll
[3c7c:000c][2026-05-10T01:36:06] Completed: Copying file /Contents/Common7/IDE/CommonExtensions/Platform/DiagnosticsHub/amd64/AppRespXamlEvents.dll to C:\Program Files (x86)\Microsoft Visual Studio\2022\BuildTools\Common7\IDE\CommonExtensions\Platform\DiagnosticsHub\amd64\AppRespXamlEvents.dll
[3c7c:000c][2026-05-10T01:36:06] Timestamp updated for file 'C:\Program Files (x86)\Microsoft Visual Studio\2022\BuildTools\Common7\IDE\CommonExtensions\Platform\DiagnosticsHub\amd64\AppRespXamlEvents.dll'.
[3c7c:000c][2026-05-10T01:36:06] Processing file /Contents/Common7/IDE/CommonExtensions/Platform/DiagnosticsHub/amd64/Microsoft-Windows-XAML.man
[3c7c:000c][2026-05-10T01:36:06] Started: Copying file /Contents/Common7/IDE/CommonExtensions/Platform/DiagnosticsHub/amd64/Microsoft-Windows-XAML.man to C:\Program Files (x86)\Microsoft Visual Studio\2022\BuildTools\Common7\IDE\CommonExtensions\Platform\DiagnosticsHub\amd64\Microsoft-Windows-XAML.man
[3c7c:000c][2026-05-10T01:36:06] Completed: Copying file /Contents/Common7/IDE/CommonExtensions/Platform/DiagnosticsHub/amd64/Microsoft-Windows-XAML.man to C:\Program Files (x86)\Microsoft Visual Studio\2022\BuildTools\Common7\IDE\CommonExtensions\Platform\DiagnosticsHub\amd64\Microsoft-Windows-XAML.man
[3c7c:000c][2026-05-10T01:36:06] Timestamp updated for file 'C:\Program Files (x86)\Microsoft Visual Studio\2022\BuildTools\Common7\IDE\CommonExtensions\Platform\DiagnosticsHub\amd64\Microsoft-Windows-XAML.man'.
[3c7c:000c][2026-05-10T01:36:06] Processing file /Contents/Common7/IDE/CommonExtensions/Platform/DiagnosticsHub/x86/AppRespWpfEvents.dll
[3c7c:000c][2026-05-10T01:36:06] Started: Copying file /Contents/Common7/IDE/CommonExtensions/Platform/DiagnosticsHub/x86/AppRespWpfEvents.dll to C:\Program Files (x86)\Microsoft Visual Studio\2022\BuildTools\Common7\IDE\CommonExtensions\Platform\DiagnosticsHub\x86\AppRespWpfEvents.dll
[3c7c:000c][2026-05-10T01:36:06] Completed: Copying file /Contents/Common7/IDE/CommonExtensions/Platform/DiagnosticsHub/x86/AppRespWpfEvents.dll to C:\Program Files (x86)\Microsoft Visual Studio\2022\BuildTools\Common7\IDE\CommonExtensions\Platform\DiagnosticsHub\x86\AppRespWpfEvents.dll
[3c7c:000c][2026-05-10T01:36:06] Timestamp updated for file 'C:\Program Files (x86)\Microsoft Visual Studio\2022\BuildTools\Common7\IDE\CommonExtensions\Platform\DiagnosticsHub\x86\AppRespWpfEvents.dll'.
[3c7c:000c][2026-05-10T01:36:06] Processing file /Contents/Common7/IDE/CommonExtensions/Platform/DiagnosticsHub/x86/AppRespXamlEvents.dll
[3c7c:000c][2026-05-10T01:36:06] Started: Copying file /Contents/Common7/IDE/CommonExtensions/Platform/DiagnosticsHub/x86/AppRespXamlEvents.dll to C:\Program Files (x86)\Microsoft Visual Studio\2022\BuildTools\Common7\IDE\CommonExtensions\Platform\DiagnosticsHub\x86\AppRespXamlEvents.dll
[3c7c:000c][2026-05-10T01:36:06] Completed: Copying file /Contents/Common7/IDE/CommonExtensions/Platform/DiagnosticsHub/x86/AppRespXamlEvents.dll to C:\Program Files (x86)\Microsoft Visual Studio\2022\BuildTools\Common7\IDE\CommonExtensions\Platform\DiagnosticsHub\x86\AppRespXamlEvents.dll
[3c7c:000c][2026-05-10T01:36:06] Timestamp updated for file 'C:\Program Files (x86)\Microsoft Visual Studio\2022\BuildTools\Common7\IDE\CommonExtensions\Platform\DiagnosticsHub\x86\AppRespXamlEvents.dll'.
[3c7c:000c][2026-05-10T01:36:06] Processing file /Contents/Common7/IDE/CommonExtensions/Platform/DiagnosticsHub/x86/Microsoft-Windows-XAML.man
[3c7c:000c][2026-05-10T01:36:06] Started: Copying file /Contents/Common7/IDE/CommonExtensions/Platform/DiagnosticsHub/x86/Microsoft-Windows-XAML.man to C:\Program Files (x86)\Microsoft Visual Studio\2022\BuildTools\Common7\IDE\CommonExtensions\Platform\DiagnosticsHub\x86\Microsoft-Windows-XAML.man
[3c7c:000c][2026-05-10T01:36:06] Completed: Copying file /Contents/Common7/IDE/CommonExtensions/Platform/DiagnosticsHub/x86/Microsoft-Windows-XAML.man to C:\Program Files (x86)\Microsoft Visual Studio\2022\BuildTools\Common7\IDE\CommonExtensions\Platform\DiagnosticsHub\x86\Microsoft-Windows-XAML.man
[3c7c:000c][2026-05-10T01:36:06] Timestamp updated for file 'C:\Program Files (x86)\Microsoft Visual Studio\2022\BuildTools\Common7\IDE\CommonExtensions\Platform\DiagnosticsHub\x86\Microsoft-Windows-XAML.man'.
[3c7c:000c][2026-05-10T01:36:06] Processing file /Contents/Common7/IDE/CommonExtensions/Microsoft/ClientDiagnostics/AppResponsiveness/extension.vsixmanifest
[3c7c:000c][2026-05-10T01:36:06] Started: Copying file /Contents/Common7/IDE/CommonExtensions/Microsoft/ClientDiagnostics/AppResponsiveness/extension.vsixmanifest to C:\Program Files (x86)\Microsoft Visual Studio\2022\BuildTools\Common7\IDE\CommonExtensions\Microsoft\ClientDiagnostics\AppResponsiveness\extension.vsixmanifest
[3c7c:000c][2026-05-10T01:36:06] Completed: Copying file /Contents/Common7/IDE/CommonExtensions/Microsoft/ClientDiagnostics/AppResponsiveness/extension.vsixmanifest to C:\Program Files (x86)\Microsoft Visual Studio\2022\BuildTools\Common7\IDE\CommonExtensions\Microsoft\ClientDiagnostics\AppResponsiveness\extension.vsixmanifest
[3c7c:000c][2026-05-10T01:36:06] Timestamp updated for file 'C:\Program Files (x86)\Microsoft Visual Studio\2022\BuildTools\Common7\IDE\CommonExtensions\Microsoft\ClientDiagnostics\AppResponsiveness\extension.vsixmanifest'.
[3c7c:000c][2026-05-10T01:36:06] Package executed successfully. Return code: 0
