[da4c:0007][2026-05-10T00:49:53] Opening the package for processing
[da4c:0007][2026-05-10T00:49:53] Using package payload to get the embedded manifest
[da4c:0007][2026-05-10T00:49:53] Getting list of files within the package
[da4c:0007][2026-05-10T00:49:53] Processing file /Contents/Common7/IDE/CommonExtensions/Microsoft/VC/Debugger/x64/mspdbst.dll
[da4c:0007][2026-05-10T00:49:53] Started: Copying file /Contents/Common7/IDE/CommonExtensions/Microsoft/VC/Debugger/x64/mspdbst.dll to D:\Program\Common7\IDE\CommonExtensions\Microsoft\VC\Debugger\x64\mspdbst.dll
[da4c:0007][2026-05-10T00:49:53] Completed: Copying file /Contents/Common7/IDE/CommonExtensions/Microsoft/VC/Debugger/x64/mspdbst.dll to D:\Program\Common7\IDE\CommonExtensions\Microsoft\VC\Debugger\x64\mspdbst.dll
[da4c:0007][2026-05-10T00:49:53] Timestamp updated for file 'D:\Program\Common7\IDE\CommonExtensions\Microsoft\VC\Debugger\x64\mspdbst.dll'.
[da4c:0007][2026-05-10T00:49:53] Processing file /Contents/Common7/IDE/CommonExtensions/Microsoft/VC/Debugger/x64/msvcp140_atomic_wait.dll
[da4c:0007][2026-05-10T00:49:53] Started: Copying file /Contents/Common7/IDE/CommonExtensions/Microsoft/VC/Debugger/x64/msvcp140_atomic_wait.dll to D:\Program\Common7\IDE\CommonExtensions\Microsoft\VC\Debugger\x64\msvcp140_atomic_wait.dll
[da4c:0007][2026-05-10T00:49:53] Completed: Copying file /Contents/Common7/IDE/CommonExtensions/Microsoft/VC/Debugger/x64/msvcp140_atomic_wait.dll to D:\Program\Common7\IDE\CommonExtensions\Microsoft\VC\Debugger\x64\msvcp140_atomic_wait.dll
[da4c:0007][2026-05-10T00:49:53] Timestamp updated for file 'D:\Program\Common7\IDE\CommonExtensions\Microsoft\VC\Debugger\x64\msvcp140_atomic_wait.dll'.
[da4c:0007][2026-05-10T00:49:53] Processing file /Contents/Common7/IDE/CommonExtensions/Microsoft/VC/Debugger/x64/tbbmalloc.dll
[da4c:0007][2026-05-10T00:49:53] Started: Copying file /Contents/Common7/IDE/CommonExtensions/Microsoft/VC/Debugger/x64/tbbmalloc.dll to D:\Program\Common7\IDE\CommonExtensions\Microsoft\VC\Debugger\x64\tbbmalloc.dll
[da4c:0007][2026-05-10T00:49:53] Completed: Copying file /Contents/Common7/IDE/CommonExtensions/Microsoft/VC/Debugger/x64/tbbmalloc.dll to D:\Program\Common7\IDE\CommonExtensions\Microsoft\VC\Debugger\x64\tbbmalloc.dll
[da4c:0007][2026-05-10T00:49:53] Timestamp updated for file 'D:\Program\Common7\IDE\CommonExtensions\Microsoft\VC\Debugger\x64\tbbmalloc.dll'.
[da4c:0007][2026-05-10T00:49:53] Processing file /Contents/Common7/IDE/CommonExtensions/Microsoft/VC/Debugger/x86/mspdbst.dll
[da4c:0007][2026-05-10T00:49:53] Started: Copying file /Contents/Common7/IDE/CommonExtensions/Microsoft/VC/Debugger/x86/mspdbst.dll to D:\Program\Common7\IDE\CommonExtensions\Microsoft\VC\Debugger\x86\mspdbst.dll
[da4c:0007][2026-05-10T00:49:53] Completed: Copying file /Contents/Common7/IDE/CommonExtensions/Microsoft/VC/Debugger/x86/mspdbst.dll to D:\Program\Common7\IDE\CommonExtensions\Microsoft\VC\Debugger\x86\mspdbst.dll
[da4c:0007][2026-05-10T00:49:53] Timestamp updated for file 'D:\Program\Common7\IDE\CommonExtensions\Microsoft\VC\Debugger\x86\mspdbst.dll'.
[da4c:0007][2026-05-10T00:49:53] Processing file /Contents/Common7/IDE/CommonExtensions/Microsoft/VC/Debugger/x86/msvcp140_atomic_wait.dll
[da4c:0007][2026-05-10T00:49:53] Started: Copying file /Contents/Common7/IDE/CommonExtensions/Microsoft/VC/Debugger/x86/msvcp140_atomic_wait.dll to D:\Program\Common7\IDE\CommonExtensions\Microsoft\VC\Debugger\x86\msvcp140_atomic_wait.dll
[da4c:0007][2026-05-10T00:49:53] Completed: Copying file /Contents/Common7/IDE/CommonExtensions/Microsoft/VC/Debugger/x86/msvcp140_atomic_wait.dll to D:\Program\Common7\IDE\CommonExtensions\Microsoft\VC\Debugger\x86\msvcp140_atomic_wait.dll
[da4c:0007][2026-05-10T00:49:53] Timestamp updated for file 'D:\Program\Common7\IDE\CommonExtensions\Microsoft\VC\Debugger\x86\msvcp140_atomic_wait.dll'.
[da4c:0007][2026-05-10T00:49:53] Processing file /Contents/Common7/IDE/CommonExtensions/Microsoft/VC/Debugger/x86/tbbmalloc.dll
[da4c:0007][2026-05-10T00:49:53] Started: Copying file /Contents/Common7/IDE/CommonExtensions/Microsoft/VC/Debugger/x86/tbbmalloc.dll to D:\Program\Common7\IDE\CommonExtensions\Microsoft\VC\Debugger\x86\tbbmalloc.dll
[da4c:0007][2026-05-10T00:49:53] Completed: Copying file /Contents/Common7/IDE/CommonExtensions/Microsoft/VC/Debugger/x86/tbbmalloc.dll to D:\Program\Common7\IDE\CommonExtensions\Microsoft\VC\Debugger\x86\tbbmalloc.dll
[da4c:0007][2026-05-10T00:49:53] Timestamp updated for file 'D:\Program\Common7\IDE\CommonExtensions\Microsoft\VC\Debugger\x86\tbbmalloc.dll'.
[da4c:0007][2026-05-10T00:49:53] Processing file /Contents/Common7/IDE/CommonExtensions/Microsoft/VC/VC_DirControl_Registry.pkgdef
[da4c:0007][2026-05-10T00:49:53] Started: Copying file /Contents/Common7/IDE/CommonExtensions/Microsoft/VC/VC_DirControl_Registry.pkgdef to D:\Program\Common7\IDE\CommonExtensions\Microsoft\VC\VC_DirControl_Registry.pkgdef
[da4c:0007][2026-05-10T00:49:53] Completed: Copying file /Contents/Common7/IDE/CommonExtensions/Microsoft/VC/VC_DirControl_Registry.pkgdef to D:\Program\Common7\IDE\CommonExtensions\Microsoft\VC\VC_DirControl_Registry.pkgdef
[da4c:0007][2026-05-10T00:49:53] Timestamp updated for file 'D:\Program\Common7\IDE\CommonExtensions\Microsoft\VC\VC_DirControl_Registry.pkgdef'.
[da4c:0007][2026-05-10T00:49:53] Processing file /Contents/Common7/IDE/msobj120.dll
[da4c:0007][2026-05-10T00:49:53] Started: Copying file /Contents/Common7/IDE/msobj120.dll to D:\Program\Common7\IDE\msobj120.dll
[da4c:0007][2026-05-10T00:49:53] Completed: Copying file /Contents/Common7/IDE/msobj120.dll to D:\Program\Common7\IDE\msobj120.dll
[da4c:0007][2026-05-10T00:49:53] Timestamp updated for file 'D:\Program\Common7\IDE\msobj120.dll'.
[da4c:0007][2026-05-10T00:49:53] Processing file /Contents/Common7/IDE/mspdb140.dll
[da4c:0007][2026-05-10T00:49:53] Started: Copying file /Contents/Common7/IDE/mspdb140.dll to D:\Program\Common7\IDE\mspdb140.dll
[da4c:0007][2026-05-10T00:49:53] Completed: Copying file /Contents/Common7/IDE/mspdb140.dll to D:\Program\Common7\IDE\mspdb140.dll
[da4c:0007][2026-05-10T00:49:53] Timestamp updated for file 'D:\Program\Common7\IDE\mspdb140.dll'.
[da4c:0007][2026-05-10T00:49:53] Processing file /Contents/Common7/IDE/mspdbcore.dll
[da4c:0007][2026-05-10T00:49:53] Started: Copying file /Contents/Common7/IDE/mspdbcore.dll to D:\Program\Common7\IDE\mspdbcore.dll
[da4c:0007][2026-05-10T00:49:53] Completed: Copying file /Contents/Common7/IDE/mspdbcore.dll to D:\Program\Common7\IDE\mspdbcore.dll
[da4c:0007][2026-05-10T00:49:53] Timestamp updated for file 'D:\Program\Common7\IDE\mspdbcore.dll'.
[da4c:0007][2026-05-10T00:49:53] Processing file /Contents/Common7/IDE/mspdbsrv.exe
[da4c:0007][2026-05-10T00:49:53] Started: Copying file /Contents/Common7/IDE/mspdbsrv.exe to D:\Program\Common7\IDE\mspdbsrv.exe
[da4c:0007][2026-05-10T00:49:53] Completed: Copying file /Contents/Common7/IDE/mspdbsrv.exe to D:\Program\Common7\IDE\mspdbsrv.exe
[da4c:0007][2026-05-10T00:49:53] Timestamp updated for file 'D:\Program\Common7\IDE\mspdbsrv.exe'.
[da4c:0007][2026-05-10T00:49:53] Processing file /Contents/Common7/IDE/msvcdis120.dll
[da4c:0007][2026-05-10T00:49:53] Started: Copying file /Contents/Common7/IDE/msvcdis120.dll to D:\Program\Common7\IDE\msvcdis120.dll
[da4c:0007][2026-05-10T00:49:53] Completed: Copying file /Contents/Common7/IDE/msvcdis120.dll to D:\Program\Common7\IDE\msvcdis120.dll
[da4c:0007][2026-05-10T00:49:53] Timestamp updated for file 'D:\Program\Common7\IDE\msvcdis120.dll'.
[da4c:0007][2026-05-10T00:49:53] Processing file /Contents/Common7/IDE/tbbmalloc.dll
[da4c:0007][2026-05-10T00:49:53] Started: Copying file /Contents/Common7/IDE/tbbmalloc.dll to D:\Program\Common7\IDE\tbbmalloc.dll
[da4c:0007][2026-05-10T00:49:53] Completed: Copying file /Contents/Common7/IDE/tbbmalloc.dll to D:\Program\Common7\IDE\tbbmalloc.dll
[da4c:0007][2026-05-10T00:49:53] Timestamp updated for file 'D:\Program\Common7\IDE\tbbmalloc.dll'.
[da4c:0007][2026-05-10T00:49:53] Processing file /Contents/Common7/IDE/VC/dircontrol.manifest
[da4c:0007][2026-05-10T00:49:53] Started: Copying file /Contents/Common7/IDE/VC/dircontrol.manifest to D:\Program\Common7\IDE\VC\dircontrol.manifest
[da4c:0007][2026-05-10T00:49:53] Completed: Copying file /Contents/Common7/IDE/VC/dircontrol.manifest to D:\Program\Common7\IDE\VC\dircontrol.manifest
[da4c:0007][2026-05-10T00:49:53] Timestamp updated for file 'D:\Program\Common7\IDE\VC\dircontrol.manifest'.
[da4c:0007][2026-05-10T00:49:53] Processing file /Contents/Common7/IDE/VC/vcpackages/DirControl.dll
[da4c:0007][2026-05-10T00:49:53] Started: Copying file /Contents/Common7/IDE/VC/vcpackages/DirControl.dll to D:\Program\Common7\IDE\VC\vcpackages\DirControl.dll
[da4c:0007][2026-05-10T00:49:53] Completed: Copying file /Contents/Common7/IDE/VC/vcpackages/DirControl.dll to D:\Program\Common7\IDE\VC\vcpackages\DirControl.dll
[da4c:0007][2026-05-10T00:49:53] Timestamp updated for file 'D:\Program\Common7\IDE\VC\vcpackages\DirControl.dll'.
[da4c:0007][2026-05-10T00:49:53] Package executed successfully. Return code: 0
