[33f0:0017][2026-05-10T01:35:42] Setup Engine v4.5.35, Microsoft Windows NT 10.0.26200.0
[33f0:0017][2026-05-10T01:35:42] Command line: "C:\Program Files (x86)\Microsoft Visual Studio\Installer\setup.exe" /finalizeInstall install --in "C:\ProgramData\Microsoft\VisualStudio\Packages\_bootstrapper\vs_setup_bootstrapper_202605100135395195.json" install --passive --norestart --installPath "C:\Program Files (x86)\Microsoft Visual Studio\2022\BuildTools" --add Microsoft.VisualStudio.Workload.VCTools --add Microsoft.VisualStudio.Component.Windows11SDK.22621 --locale en-US --activityId "f39a270c-1052-4a90-bfde-20e3e5a85b21" --pipe "81f15876-2a2f-4475-ad7f-16ac61eb58cb"
[33f0:0017][2026-05-10T01:35:42] ManifestVerifier Result: Success
[33f0:0017][2026-05-10T01:35:42] Catalog load operation correlation: {"id":"64866877-b75e-4247-838f-4138a5686c9d"}
[33f0:0017][2026-05-10T01:35:43] Resetting dependency graph
[33f0:0017][2026-05-10T01:35:43] Loading catalog 'VisualStudio/17.14.31+37216.2.-april.2026-' into engine session '72ec7c1f'.
[33f0:0017][2026-05-10T01:35:43] Compatible ProductCode '{F73D5EBA-D2A0-9F65-ADA6-2CCFDF44EA70}' found for package 'Microsoft.Windows.UniversalCRT.Tools.Msi,version=10.0.26624,chip=x64'
[33f0:0017][2026-05-10T01:35:43] Package Microsoft.Windows.UniversalCRT.Msu.7 is not applicable: The current OS Version '10.0.26200.0' is not in the supported version range '[6.1,6.2)'.
[33f0:0017][2026-05-10T01:35:43] Package Microsoft.Windows.UniversalCRT.Msu.8 is not applicable: The current OS Version '10.0.26200.0' is not in the supported version range '[6.2,6.3)'.
[33f0:0017][2026-05-10T01:35:43] Package Microsoft.Windows.UniversalCRT.Msu.81 is not applicable: The current OS Version '10.0.26200.0' is not in the supported version range '[6.3,6.4)'.
[33f0:0017][2026-05-10T01:35:43] Package Microsoft.VisualStudio.Debugger.DbgHelp.Win8 is not applicable: The current OS Version '10.0.26200.0' is not in the supported version range '[6.1,6.3]'.
[33f0:0017][2026-05-10T01:35:43] Package Microsoft.VisualStudio.Debugger.Remote.DbgHelp.Win8 is not applicable: The current OS Version '10.0.26200.0' is not in the supported version range '[6.1,6.3]'.
[33f0:0017][2026-05-10T01:35:43] Package Microsoft.VisualStudio.Debugger.Remote.DbgHelp.Win8 is not applicable: The current OS Version '10.0.26200.0' is not in the supported version range '[6.1,6.3]'.
[33f0:0017][2026-05-10T01:35:43] Compatible ProductCode '{F73D5EBA-D2A0-9F65-ADA6-2CCFDF44EA70}' found for package 'Microsoft.Windows.UniversalCRT.Tools.Msi,version=10.0.26624,chip=x64'
[33f0:0017][2026-05-10T01:35:43] Package Microsoft.Net.4.8.FullRedist.20H2 is not applicable: The current OS Version '10.0.26200.0' is not in the supported version range '[10.0.19042,10.0.22000]'.
[33f0:0017][2026-05-10T01:35:43] Package Microsoft.Net.4.8.FullRedist is not applicable: The current OS Version '10.0.26200.0' is not in the supported version range '[6.1.1,10.0.17763]'.
[33f0:0017][2026-05-10T01:35:43] Package Microsoft.Net.4.8.KB5003306 is not applicable: The current OS Version '10.0.26200.0' is not in the supported version range '[10.0.18362,10.0.18363]'.
[33f0:0017][2026-05-10T01:35:43] Package Microsoft.Net.4.8.KB5003304 is not applicable: The current OS Version '10.0.26200.0' is not in the supported version range '[10.0.19041,10.0.19042)'.
[33f0:0017][2026-05-10T01:35:43] Package Microsoft.Net.4.8.1.FullRedist is not applicable: The current OS Version '10.0.26200.0' is not in the supported version range '[10.0.19042,10.0.22000]'.
[33f0:0017][2026-05-10T01:35:43] Package Microsoft.VisualStudio.NuGet.PowershellBindingRedirect is not applicable: The current OS Version '10.0.26200.0' is not in the supported version range '[6.1,6.2)'.
[33f0:0017][2026-05-10T01:35:43] Package Microsoft.Windows.UniversalCRT.Msu.7 is not applicable: The current OS Version '10.0.26200.0' is not in the supported version range '[6.1,6.2)'.
[33f0:0017][2026-05-10T01:35:43] Package Microsoft.Windows.UniversalCRT.Msu.8 is not applicable: The current OS Version '10.0.26200.0' is not in the supported version range '[6.2,6.3)'.
[33f0:0017][2026-05-10T01:35:43] Package Microsoft.Windows.UniversalCRT.Msu.81 is not applicable: The current OS Version '10.0.26200.0' is not in the supported version range '[6.3,6.4)'.
[33f0:0017][2026-05-10T01:35:43] Package Microsoft.VisualStudio.Debugger.DbgHelp.Win8 is not applicable: The current OS Version '10.0.26200.0' is not in the supported version range '[6.1,6.3]'.
[33f0:0017][2026-05-10T01:35:43] Package Microsoft.VisualStudio.Debugger.Remote.DbgHelp.Win8 is not applicable: The current OS Version '10.0.26200.0' is not in the supported version range '[6.1,6.3]'.
[33f0:0017][2026-05-10T01:35:43] Package Microsoft.VisualStudio.Debugger.Remote.DbgHelp.Win8 is not applicable: The current OS Version '10.0.26200.0' is not in the supported version range '[6.1,6.3]'.
[33f0:0017][2026-05-10T01:35:43] Compatible ProductCode '{F73D5EBA-D2A0-9F65-ADA6-2CCFDF44EA70}' found for package 'Microsoft.Windows.UniversalCRT.Tools.Msi,version=10.0.26624,chip=x64'
[33f0:0017][2026-05-10T01:35:43] Package Microsoft.Net.4.8.FullRedist.20H2 is not applicable: The current OS Version '10.0.26200.0' is not in the supported version range '[10.0.19042,10.0.22000]'.
[33f0:0017][2026-05-10T01:35:43] Package Microsoft.Net.4.8.FullRedist is not applicable: The current OS Version '10.0.26200.0' is not in the supported version range '[6.1.1,10.0.17763]'.
[33f0:0017][2026-05-10T01:35:43] Package Microsoft.Net.4.8.KB5003306 is not applicable: The current OS Version '10.0.26200.0' is not in the supported version range '[10.0.18362,10.0.18363]'.
[33f0:0017][2026-05-10T01:35:43] Package Microsoft.Net.4.8.KB5003304 is not applicable: The current OS Version '10.0.26200.0' is not in the supported version range '[10.0.19041,10.0.19042)'.
[33f0:0017][2026-05-10T01:35:43] Package Microsoft.Net.4.8.1.FullRedist is not applicable: The current OS Version '10.0.26200.0' is not in the supported version range '[10.0.19042,10.0.22000]'.
[33f0:0017][2026-05-10T01:35:43] Package Microsoft.VisualStudio.NuGet.PowershellBindingRedirect is not applicable: The current OS Version '10.0.26200.0' is not in the supported version range '[6.1,6.2)'.
