[da4c:0007][2026-05-10T00:50:12] Opening the package for processing
[da4c:0007][2026-05-10T00:50:12] Using package payload to get the embedded manifest
[da4c:0007][2026-05-10T00:50:12] Getting list of files within the package
[da4c:0007][2026-05-10T00:50:12] Processing file /catalog.json
[da4c:0007][2026-05-10T00:50:12] Started: Copying file /catalog.json to D:\Program\Common7\IDE\CommonExtensions\Microsoft\CallHierarchy\catalog.json
[da4c:0007][2026-05-10T00:50:12] Completed: Copying file /catalog.json to D:\Program\Common7\IDE\CommonExtensions\Microsoft\CallHierarchy\catalog.json
[da4c:0007][2026-05-10T00:50:12] Timestamp updated for file 'D:\Program\Common7\IDE\CommonExtensions\Microsoft\CallHierarchy\catalog.json'.
[da4c:0007][2026-05-10T00:50:12] Processing file /cs/Microsoft.VisualStudio.Language.CallHierarchy.Implementation.resources.dll
[da4c:0007][2026-05-10T00:50:12] Started: Copying file /cs/Microsoft.VisualStudio.Language.CallHierarchy.Implementation.resources.dll to D:\Program\Common7\IDE\CommonExtensions\Microsoft\CallHierarchy\cs\Microsoft.VisualStudio.Language.CallHierarchy.Implementation.resources.dll
[da4c:0007][2026-05-10T00:50:12] Completed: Copying file /cs/Microsoft.VisualStudio.Language.CallHierarchy.Implementation.resources.dll to D:\Program\Common7\IDE\CommonExtensions\Microsoft\CallHierarchy\cs\Microsoft.VisualStudio.Language.CallHierarchy.Implementation.resources.dll
[da4c:0007][2026-05-10T00:50:12] Timestamp updated for file 'D:\Program\Common7\IDE\CommonExtensions\Microsoft\CallHierarchy\cs\Microsoft.VisualStudio.Language.CallHierarchy.Implementation.resources.dll'.
[da4c:0007][2026-05-10T00:50:12] Processing file /de/Microsoft.VisualStudio.Language.CallHierarchy.Implementation.resources.dll
[da4c:0007][2026-05-10T00:50:12] Started: Copying file /de/Microsoft.VisualStudio.Language.CallHierarchy.Implementation.resources.dll to D:\Program\Common7\IDE\CommonExtensions\Microsoft\CallHierarchy\de\Microsoft.VisualStudio.Language.CallHierarchy.Implementation.resources.dll
[da4c:0007][2026-05-10T00:50:12] Completed: Copying file /de/Microsoft.VisualStudio.Language.CallHierarchy.Implementation.resources.dll to D:\Program\Common7\IDE\CommonExtensions\Microsoft\CallHierarchy\de\Microsoft.VisualStudio.Language.CallHierarchy.Implementation.resources.dll
[da4c:0007][2026-05-10T00:50:12] Timestamp updated for file 'D:\Program\Common7\IDE\CommonExtensions\Microsoft\CallHierarchy\de\Microsoft.VisualStudio.Language.CallHierarchy.Implementation.resources.dll'.
[da4c:0007][2026-05-10T00:50:12] Processing file /es/Microsoft.VisualStudio.Language.CallHierarchy.Implementation.resources.dll
[da4c:0007][2026-05-10T00:50:12] Started: Copying file /es/Microsoft.VisualStudio.Language.CallHierarchy.Implementation.resources.dll to D:\Program\Common7\IDE\CommonExtensions\Microsoft\CallHierarchy\es\Microsoft.VisualStudio.Language.CallHierarchy.Implementation.resources.dll
[da4c:0007][2026-05-10T00:50:12] Completed: Copying file /es/Microsoft.VisualStudio.Language.CallHierarchy.Implementation.resources.dll to D:\Program\Common7\IDE\CommonExtensions\Microsoft\CallHierarchy\es\Microsoft.VisualStudio.Language.CallHierarchy.Implementation.resources.dll
[da4c:0007][2026-05-10T00:50:12] Timestamp updated for file 'D:\Program\Common7\IDE\CommonExtensions\Microsoft\CallHierarchy\es\Microsoft.VisualStudio.Language.CallHierarchy.Implementation.resources.dll'.
[da4c:0007][2026-05-10T00:50:12] Processing file /fr/Microsoft.VisualStudio.Language.CallHierarchy.Implementation.resources.dll
[da4c:0007][2026-05-10T00:50:12] Started: Copying file /fr/Microsoft.VisualStudio.Language.CallHierarchy.Implementation.resources.dll to D:\Program\Common7\IDE\CommonExtensions\Microsoft\CallHierarchy\fr\Microsoft.VisualStudio.Language.CallHierarchy.Implementation.resources.dll
[da4c:0007][2026-05-10T00:50:12] Completed: Copying file /fr/Microsoft.VisualStudio.Language.CallHierarchy.Implementation.resources.dll to D:\Program\Common7\IDE\CommonExtensions\Microsoft\CallHierarchy\fr\Microsoft.VisualStudio.Language.CallHierarchy.Implementation.resources.dll
[da4c:0007][2026-05-10T00:50:12] Timestamp updated for file 'D:\Program\Common7\IDE\CommonExtensions\Microsoft\CallHierarchy\fr\Microsoft.VisualStudio.Language.CallHierarchy.Implementation.resources.dll'.
[da4c:0007][2026-05-10T00:50:12] Processing file /it/Microsoft.VisualStudio.Language.CallHierarchy.Implementation.resources.dll
[da4c:0007][2026-05-10T00:50:12] Started: Copying file /it/Microsoft.VisualStudio.Language.CallHierarchy.Implementation.resources.dll to D:\Program\Common7\IDE\CommonExtensions\Microsoft\CallHierarchy\it\Microsoft.VisualStudio.Language.CallHierarchy.Implementation.resources.dll
[da4c:0007][2026-05-10T00:50:12] Completed: Copying file /it/Microsoft.VisualStudio.Language.CallHierarchy.Implementation.resources.dll to D:\Program\Common7\IDE\CommonExtensions\Microsoft\CallHierarchy\it\Microsoft.VisualStudio.Language.CallHierarchy.Implementation.resources.dll
[da4c:0007][2026-05-10T00:50:12] Timestamp updated for file 'D:\Program\Common7\IDE\CommonExtensions\Microsoft\CallHierarchy\it\Microsoft.VisualStudio.Language.CallHierarchy.Implementation.resources.dll'.
[da4c:0007][2026-05-10T00:50:12] Processing file /ja/Microsoft.VisualStudio.Language.CallHierarchy.Implementation.resources.dll
[da4c:0007][2026-05-10T00:50:12] Started: Copying file /ja/Microsoft.VisualStudio.Language.CallHierarchy.Implementation.resources.dll to D:\Program\Common7\IDE\CommonExtensions\Microsoft\CallHierarchy\ja\Microsoft.VisualStudio.Language.CallHierarchy.Implementation.resources.dll
[da4c:0007][2026-05-10T00:50:12] Completed: Copying file /ja/Microsoft.VisualStudio.Language.CallHierarchy.Implementation.resources.dll to D:\Program\Common7\IDE\CommonExtensions\Microsoft\CallHierarchy\ja\Microsoft.VisualStudio.Language.CallHierarchy.Implementation.resources.dll
[da4c:0007][2026-05-10T00:50:12] Timestamp updated for file 'D:\Program\Common7\IDE\CommonExtensions\Microsoft\CallHierarchy\ja\Microsoft.VisualStudio.Language.CallHierarchy.Implementation.resources.dll'.
[da4c:0007][2026-05-10T00:50:12] Processing file /ko/Microsoft.VisualStudio.Language.CallHierarchy.Implementation.resources.dll
[da4c:0007][2026-05-10T00:50:12] Started: Copying file /ko/Microsoft.VisualStudio.Language.CallHierarchy.Implementation.resources.dll to D:\Program\Common7\IDE\CommonExtensions\Microsoft\CallHierarchy\ko\Microsoft.VisualStudio.Language.CallHierarchy.Implementation.resources.dll
[da4c:0007][2026-05-10T00:50:12] Completed: Copying file /ko/Microsoft.VisualStudio.Language.CallHierarchy.Implementation.resources.dll to D:\Program\Common7\IDE\CommonExtensions\Microsoft\CallHierarchy\ko\Microsoft.VisualStudio.Language.CallHierarchy.Implementation.resources.dll
[da4c:0007][2026-05-10T00:50:12] Timestamp updated for file 'D:\Program\Common7\IDE\CommonExtensions\Microsoft\CallHierarchy\ko\Microsoft.VisualStudio.Language.CallHierarchy.Implementation.resources.dll'.
[da4c:0007][2026-05-10T00:50:12] Processing file /manifest.json
[da4c:0007][2026-05-10T00:50:12] Started: Copying file /manifest.json to D:\Program\Common7\IDE\CommonExtensions\Microsoft\CallHierarchy\manifest.json
[da4c:0007][2026-05-10T00:50:12] Completed: Copying file /manifest.json to D:\Program\Common7\IDE\CommonExtensions\Microsoft\CallHierarchy\manifest.json
[da4c:0007][2026-05-10T00:50:12] Timestamp updated for file 'D:\Program\Common7\IDE\CommonExtensions\Microsoft\CallHierarchy\manifest.json'.
[da4c:0007][2026-05-10T00:50:12] Processing file /Microsoft.VisualStudio.Language.CallHierarchy.dll
[da4c:0007][2026-05-10T00:50:12] Started: Copying file /Microsoft.VisualStudio.Language.CallHierarchy.dll to D:\Program\Common7\IDE\CommonExtensions\Microsoft\CallHierarchy\Microsoft.VisualStudio.Language.CallHierarchy.dll
[da4c:0007][2026-05-10T00:50:12] Completed: Copying file /Microsoft.VisualStudio.Language.CallHierarchy.dll to D:\Program\Common7\IDE\CommonExtensions\Microsoft\CallHierarchy\Microsoft.VisualStudio.Language.CallHierarchy.dll
[da4c:0007][2026-05-10T00:50:12] Timestamp updated for file 'D:\Program\Common7\IDE\CommonExtensions\Microsoft\CallHierarchy\Microsoft.VisualStudio.Language.CallHierarchy.dll'.
[da4c:0007][2026-05-10T00:50:12] Processing file /Microsoft.VisualStudio.Language.CallHierarchy.Implementation.dll
[da4c:0007][2026-05-10T00:50:12] Started: Copying file /Microsoft.VisualStudio.Language.CallHierarchy.Implementation.dll to D:\Program\Common7\IDE\CommonExtensions\Microsoft\CallHierarchy\Microsoft.VisualStudio.Language.CallHierarchy.Implementation.dll
[da4c:0007][2026-05-10T00:50:12] Completed: Copying file /Microsoft.VisualStudio.Language.CallHierarchy.Implementation.dll to D:\Program\Common7\IDE\CommonExtensions\Microsoft\CallHierarchy\Microsoft.VisualStudio.Language.CallHierarchy.Implementation.dll
[da4c:0007][2026-05-10T00:50:12] Timestamp updated for file 'D:\Program\Common7\IDE\CommonExtensions\Microsoft\CallHierarchy\Microsoft.VisualStudio.Language.CallHierarchy.Implementation.dll'.
[da4c:0007][2026-05-10T00:50:12] Processing file /Microsoft.VisualStudio.Platform.CallHierarchy.pkgdef
[da4c:0007][2026-05-10T00:50:12] Started: Copying file /Microsoft.VisualStudio.Platform.CallHierarchy.pkgdef to D:\Program\Common7\IDE\CommonExtensions\Microsoft\CallHierarchy\Microsoft.VisualStudio.Platform.CallHierarchy.pkgdef
[da4c:0007][2026-05-10T00:50:12] Completed: Copying file /Microsoft.VisualStudio.Platform.CallHierarchy.pkgdef to D:\Program\Common7\IDE\CommonExtensions\Microsoft\CallHierarchy\Microsoft.VisualStudio.Platform.CallHierarchy.pkgdef
[da4c:0007][2026-05-10T00:50:12] Timestamp updated for file 'D:\Program\Common7\IDE\CommonExtensions\Microsoft\CallHierarchy\Microsoft.VisualStudio.Platform.CallHierarchy.pkgdef'.
[da4c:0007][2026-05-10T00:50:12] Processing file /pl/Microsoft.VisualStudio.Language.CallHierarchy.Implementation.resources.dll
[da4c:0007][2026-05-10T00:50:12] Started: Copying file /pl/Microsoft.VisualStudio.Language.CallHierarchy.Implementation.resources.dll to D:\Program\Common7\IDE\CommonExtensions\Microsoft\CallHierarchy\pl\Microsoft.VisualStudio.Language.CallHierarchy.Implementation.resources.dll
[da4c:0007][2026-05-10T00:50:12] Completed: Copying file /pl/Microsoft.VisualStudio.Language.CallHierarchy.Implementation.resources.dll to D:\Program\Common7\IDE\CommonExtensions\Microsoft\CallHierarchy\pl\Microsoft.VisualStudio.Language.CallHierarchy.Implementation.resources.dll
[da4c:0007][2026-05-10T00:50:12] Timestamp updated for file 'D:\Program\Common7\IDE\CommonExtensions\Microsoft\CallHierarchy\pl\Microsoft.VisualStudio.Language.CallHierarchy.Implementation.resources.dll'.
[da4c:0007][2026-05-10T00:50:12] Processing file /pt-BR/Microsoft.VisualStudio.Language.CallHierarchy.Implementation.resources.dll
[da4c:0007][2026-05-10T00:50:12] Started: Copying file /pt-BR/Microsoft.VisualStudio.Language.CallHierarchy.Implementation.resources.dll to D:\Program\Common7\IDE\CommonExtensions\Microsoft\CallHierarchy\pt-BR\Microsoft.VisualStudio.Language.CallHierarchy.Implementation.resources.dll
[da4c:0007][2026-05-10T00:50:12] Completed: Copying file /pt-BR/Microsoft.VisualStudio.Language.CallHierarchy.Implementation.resources.dll to D:\Program\Common7\IDE\CommonExtensions\Microsoft\CallHierarchy\pt-BR\Microsoft.VisualStudio.Language.CallHierarchy.Implementation.resources.dll
[da4c:0007][2026-05-10T00:50:12] Timestamp updated for file 'D:\Program\Common7\IDE\CommonExtensions\Microsoft\CallHierarchy\pt-BR\Microsoft.VisualStudio.Language.CallHierarchy.Implementation.resources.dll'.
[da4c:0007][2026-05-10T00:50:12] Processing file /ru/Microsoft.VisualStudio.Language.CallHierarchy.Implementation.resources.dll
[da4c:0007][2026-05-10T00:50:12] Started: Copying file /ru/Microsoft.VisualStudio.Language.CallHierarchy.Implementation.resources.dll to D:\Program\Common7\IDE\CommonExtensions\Microsoft\CallHierarchy\ru\Microsoft.VisualStudio.Language.CallHierarchy.Implementation.resources.dll
[da4c:0007][2026-05-10T00:50:12] Completed: Copying file /ru/Microsoft.VisualStudio.Language.CallHierarchy.Implementation.resources.dll to D:\Program\Common7\IDE\CommonExtensions\Microsoft\CallHierarchy\ru\Microsoft.VisualStudio.Language.CallHierarchy.Implementation.resources.dll
[da4c:0007][2026-05-10T00:50:12] Timestamp updated for file 'D:\Program\Common7\IDE\CommonExtensions\Microsoft\CallHierarchy\ru\Microsoft.VisualStudio.Language.CallHierarchy.Implementation.resources.dll'.
[da4c:0007][2026-05-10T00:50:12] Processing file /tr/Microsoft.VisualStudio.Language.CallHierarchy.Implementation.resources.dll
[da4c:0007][2026-05-10T00:50:12] Started: Copying file /tr/Microsoft.VisualStudio.Language.CallHierarchy.Implementation.resources.dll to D:\Program\Common7\IDE\CommonExtensions\Microsoft\CallHierarchy\tr\Microsoft.VisualStudio.Language.CallHierarchy.Implementation.resources.dll
[da4c:0007][2026-05-10T00:50:12] Completed: Copying file /tr/Microsoft.VisualStudio.Language.CallHierarchy.Implementation.resources.dll to D:\Program\Common7\IDE\CommonExtensions\Microsoft\CallHierarchy\tr\Microsoft.VisualStudio.Language.CallHierarchy.Implementation.resources.dll
[da4c:0007][2026-05-10T00:50:12] Timestamp updated for file 'D:\Program\Common7\IDE\CommonExtensions\Microsoft\CallHierarchy\tr\Microsoft.VisualStudio.Language.CallHierarchy.Implementation.resources.dll'.
[da4c:0007][2026-05-10T00:50:12] Processing file /zh-Hans/Microsoft.VisualStudio.Language.CallHierarchy.Implementation.resources.dll
[da4c:0007][2026-05-10T00:50:12] Started: Copying file /zh-Hans/Microsoft.VisualStudio.Language.CallHierarchy.Implementation.resources.dll to D:\Program\Common7\IDE\CommonExtensions\Microsoft\CallHierarchy\zh-Hans\Microsoft.VisualStudio.Language.CallHierarchy.Implementation.resources.dll
[da4c:0007][2026-05-10T00:50:12] Completed: Copying file /zh-Hans/Microsoft.VisualStudio.Language.CallHierarchy.Implementation.resources.dll to D:\Program\Common7\IDE\CommonExtensions\Microsoft\CallHierarchy\zh-Hans\Microsoft.VisualStudio.Language.CallHierarchy.Implementation.resources.dll
[da4c:0007][2026-05-10T00:50:12] Timestamp updated for file 'D:\Program\Common7\IDE\CommonExtensions\Microsoft\CallHierarchy\zh-Hans\Microsoft.VisualStudio.Language.CallHierarchy.Implementation.resources.dll'.
[da4c:0007][2026-05-10T00:50:12] Processing file /zh-Hant/Microsoft.VisualStudio.Language.CallHierarchy.Implementation.resources.dll
[da4c:0007][2026-05-10T00:50:12] Started: Copying file /zh-Hant/Microsoft.VisualStudio.Language.CallHierarchy.Implementation.resources.dll to D:\Program\Common7\IDE\CommonExtensions\Microsoft\CallHierarchy\zh-Hant\Microsoft.VisualStudio.Language.CallHierarchy.Implementation.resources.dll
[da4c:0007][2026-05-10T00:50:12] Completed: Copying file /zh-Hant/Microsoft.VisualStudio.Language.CallHierarchy.Implementation.resources.dll to D:\Program\Common7\IDE\CommonExtensions\Microsoft\CallHierarchy\zh-Hant\Microsoft.VisualStudio.Language.CallHierarchy.Implementation.resources.dll
[da4c:0007][2026-05-10T00:50:12] Timestamp updated for file 'D:\Program\Common7\IDE\CommonExtensions\Microsoft\CallHierarchy\zh-Hant\Microsoft.VisualStudio.Language.CallHierarchy.Implementation.resources.dll'.
[da4c:0007][2026-05-10T00:50:12] Processing file /extension.vsixmanifest
[da4c:0007][2026-05-10T00:50:12] Started: Copying file /extension.vsixmanifest to D:\Program\Common7\IDE\CommonExtensions\Microsoft\CallHierarchy\extension.vsixmanifest
[da4c:0007][2026-05-10T00:50:12] Completed: Copying file /extension.vsixmanifest to D:\Program\Common7\IDE\CommonExtensions\Microsoft\CallHierarchy\extension.vsixmanifest
[da4c:0007][2026-05-10T00:50:12] Timestamp updated for file 'D:\Program\Common7\IDE\CommonExtensions\Microsoft\CallHierarchy\extension.vsixmanifest'.
[da4c:0007][2026-05-10T00:50:12] Package executed successfully. Return code: 0
