[c9c4:0009][2026-05-10T01:01:46] Opening the package for processing
[c9c4:0009][2026-05-10T01:01:46] Using package payload to get the embedded manifest
[c9c4:0009][2026-05-10T01:01:46] Getting list of files within the package
[c9c4:0009][2026-05-10T01:01:46] Processing file /Contents/MSBuild/Current/Imports/Microsoft.Common.Props/ImportBefore/Microsoft.NuGet.ImportBefore.props
[c9c4:0009][2026-05-10T01:01:46] Started: Copying file /Contents/MSBuild/Current/Imports/Microsoft.Common.Props/ImportBefore/Microsoft.NuGet.ImportBefore.props to D:\Program Files (x86)\Microsoft Visual Studio\2022\BuildTools\MSBuild\Current\Imports\Microsoft.Common.Props\ImportBefore\Microsoft.NuGet.ImportBefore.props
[c9c4:0009][2026-05-10T01:01:46] Completed: Copying file /Contents/MSBuild/Current/Imports/Microsoft.Common.Props/ImportBefore/Microsoft.NuGet.ImportBefore.props to D:\Program Files (x86)\Microsoft Visual Studio\2022\BuildTools\MSBuild\Current\Imports\Microsoft.Common.Props\ImportBefore\Microsoft.NuGet.ImportBefore.props
[c9c4:0009][2026-05-10T01:01:46] Timestamp updated for file 'D:\Program Files (x86)\Microsoft Visual Studio\2022\BuildTools\MSBuild\Current\Imports\Microsoft.Common.Props\ImportBefore\Microsoft.NuGet.ImportBefore.props'.
[c9c4:0009][2026-05-10T01:01:46] Processing file /Contents/MSBuild/Current/Microsoft.Common.Targets/ImportAfter/Microsoft.NuGet.ImportAfter.targets
[c9c4:0009][2026-05-10T01:01:46] Started: Copying file /Contents/MSBuild/Current/Microsoft.Common.Targets/ImportAfter/Microsoft.NuGet.ImportAfter.targets to D:\Program Files (x86)\Microsoft Visual Studio\2022\BuildTools\MSBuild\Current\Microsoft.Common.Targets\ImportAfter\Microsoft.NuGet.ImportAfter.targets
[c9c4:0009][2026-05-10T01:01:46] Completed: Copying file /Contents/MSBuild/Current/Microsoft.Common.Targets/ImportAfter/Microsoft.NuGet.ImportAfter.targets to D:\Program Files (x86)\Microsoft Visual Studio\2022\BuildTools\MSBuild\Current\Microsoft.Common.Targets\ImportAfter\Microsoft.NuGet.ImportAfter.targets
[c9c4:0009][2026-05-10T01:01:46] Timestamp updated for file 'D:\Program Files (x86)\Microsoft Visual Studio\2022\BuildTools\MSBuild\Current\Microsoft.Common.Targets\ImportAfter\Microsoft.NuGet.ImportAfter.targets'.
[c9c4:0009][2026-05-10T01:01:46] Processing file /Contents/MSBuild/Current/SolutionFile/ImportAfter/Microsoft.NuGet.Solution.ImportAfter.targets
[c9c4:0009][2026-05-10T01:01:46] Started: Copying file /Contents/MSBuild/Current/SolutionFile/ImportAfter/Microsoft.NuGet.Solution.ImportAfter.targets to D:\Program Files (x86)\Microsoft Visual Studio\2022\BuildTools\MSBuild\Current\SolutionFile\ImportAfter\Microsoft.NuGet.Solution.ImportAfter.targets
[c9c4:0009][2026-05-10T01:01:46] Completed: Copying file /Contents/MSBuild/Current/SolutionFile/ImportAfter/Microsoft.NuGet.Solution.ImportAfter.targets to D:\Program Files (x86)\Microsoft Visual Studio\2022\BuildTools\MSBuild\Current\SolutionFile\ImportAfter\Microsoft.NuGet.Solution.ImportAfter.targets
[c9c4:0009][2026-05-10T01:01:46] Timestamp updated for file 'D:\Program Files (x86)\Microsoft Visual Studio\2022\BuildTools\MSBuild\Current\SolutionFile\ImportAfter\Microsoft.NuGet.Solution.ImportAfter.targets'.
[c9c4:0009][2026-05-10T01:01:46] Processing file /Contents/MSBuild/Microsoft/NuGet/17.0/Microsoft.NuGet.Build.Tasks.dll
[c9c4:0009][2026-05-10T01:01:46] Started: Copying file /Contents/MSBuild/Microsoft/NuGet/17.0/Microsoft.NuGet.Build.Tasks.dll to D:\Program Files (x86)\Microsoft Visual Studio\2022\BuildTools\MSBuild\Microsoft\NuGet\17.0\Microsoft.NuGet.Build.Tasks.dll
[c9c4:0009][2026-05-10T01:01:46] Completed: Copying file /Contents/MSBuild/Microsoft/NuGet/17.0/Microsoft.NuGet.Build.Tasks.dll to D:\Program Files (x86)\Microsoft Visual Studio\2022\BuildTools\MSBuild\Microsoft\NuGet\17.0\Microsoft.NuGet.Build.Tasks.dll
[c9c4:0009][2026-05-10T01:01:46] Timestamp updated for file 'D:\Program Files (x86)\Microsoft Visual Studio\2022\BuildTools\MSBuild\Microsoft\NuGet\17.0\Microsoft.NuGet.Build.Tasks.dll'.
[c9c4:0009][2026-05-10T01:01:46] Processing file /Contents/MSBuild/Microsoft/NuGet/17.0/Microsoft.NuGet.props
[c9c4:0009][2026-05-10T01:01:46] Started: Copying file /Contents/MSBuild/Microsoft/NuGet/17.0/Microsoft.NuGet.props to D:\Program Files (x86)\Microsoft Visual Studio\2022\BuildTools\MSBuild\Microsoft\NuGet\17.0\Microsoft.NuGet.props
[c9c4:0009][2026-05-10T01:01:46] Completed: Copying file /Contents/MSBuild/Microsoft/NuGet/17.0/Microsoft.NuGet.props to D:\Program Files (x86)\Microsoft Visual Studio\2022\BuildTools\MSBuild\Microsoft\NuGet\17.0\Microsoft.NuGet.props
[c9c4:0009][2026-05-10T01:01:46] Timestamp updated for file 'D:\Program Files (x86)\Microsoft Visual Studio\2022\BuildTools\MSBuild\Microsoft\NuGet\17.0\Microsoft.NuGet.props'.
[c9c4:0009][2026-05-10T01:01:46] Processing file /Contents/MSBuild/Microsoft/NuGet/17.0/Microsoft.NuGet.targets
[c9c4:0009][2026-05-10T01:01:46] Started: Copying file /Contents/MSBuild/Microsoft/NuGet/17.0/Microsoft.NuGet.targets to D:\Program Files (x86)\Microsoft Visual Studio\2022\BuildTools\MSBuild\Microsoft\NuGet\17.0\Microsoft.NuGet.targets
[c9c4:0009][2026-05-10T01:01:46] Completed: Copying file /Contents/MSBuild/Microsoft/NuGet/17.0/Microsoft.NuGet.targets to D:\Program Files (x86)\Microsoft Visual Studio\2022\BuildTools\MSBuild\Microsoft\NuGet\17.0\Microsoft.NuGet.targets
[c9c4:0009][2026-05-10T01:01:46] Timestamp updated for file 'D:\Program Files (x86)\Microsoft Visual Studio\2022\BuildTools\MSBuild\Microsoft\NuGet\17.0\Microsoft.NuGet.targets'.
[c9c4:0009][2026-05-10T01:01:46] Processing file /Contents/MSBuild/Microsoft/NuGet/17.0/Newtonsoft.Json.dll
[c9c4:0009][2026-05-10T01:01:46] Started: Copying file /Contents/MSBuild/Microsoft/NuGet/17.0/Newtonsoft.Json.dll to D:\Program Files (x86)\Microsoft Visual Studio\2022\BuildTools\MSBuild\Microsoft\NuGet\17.0\Newtonsoft.Json.dll
[c9c4:0009][2026-05-10T01:01:46] Completed: Copying file /Contents/MSBuild/Microsoft/NuGet/17.0/Newtonsoft.Json.dll to D:\Program Files (x86)\Microsoft Visual Studio\2022\BuildTools\MSBuild\Microsoft\NuGet\17.0\Newtonsoft.Json.dll
[c9c4:0009][2026-05-10T01:01:46] Timestamp updated for file 'D:\Program Files (x86)\Microsoft Visual Studio\2022\BuildTools\MSBuild\Microsoft\NuGet\17.0\Newtonsoft.Json.dll'.
[c9c4:0009][2026-05-10T01:01:46] Package executed successfully. Return code: 0
