[bd94:0009][2026-05-10T01:00:51] Using cached package manifest as the embedded manifest
[bd94:0009][2026-05-10T01:00:51] Processing file /Contents/Common7/IDE/VcxprojReader.exe
[bd94:0009][2026-05-10T01:00:51] D:\Program\Common7\IDE\VcxprojReader.exe file deleted.
[bd94:0009][2026-05-10T01:00:51] Processing file /Contents/Common7/IDE/VC/vcpackages/Microsoft.VisualC.ProjectStore.Implementation.dll
[bd94:0009][2026-05-10T01:00:51] D:\Program\Common7\IDE\VC\vcpackages\Microsoft.VisualC.ProjectStore.Implementation.dll file deleted.
[bd94:0009][2026-05-10T01:00:51] Processing file /Contents/Common7/IDE/VcxprojReader.exe.config
[bd94:0009][2026-05-10T01:00:51] D:\Program\Common7\IDE\VcxprojReader.exe.config file deleted.
[bd94:0009][2026-05-10T01:00:51] Processing file /Contents/Common7/IDE/Microsoft.VisualStudio.VCProjectUI.dll
[bd94:0009][2026-05-10T01:00:51] D:\Program\Common7\IDE\Microsoft.VisualStudio.VCProjectUI.dll file deleted.
[bd94:0009][2026-05-10T01:00:51] Processing file /Contents/Common7/IDE/CommonExtensions/Microsoft/VC/VCProject_Pro_Registry.pkgdef
[bd94:0009][2026-05-10T01:00:51] D:\Program\Common7\IDE\CommonExtensions\Microsoft\VC\VCProject_Pro_Registry.pkgdef file deleted.
[bd94:0009][2026-05-10T01:00:51] Processing file /Contents/Common7/IDE/CommonExtensions/Microsoft/VC/VCProject_Common_Registry.pkgdef
[bd94:0009][2026-05-10T01:00:51] D:\Program\Common7\IDE\CommonExtensions\Microsoft\VC\VCProject_Common_Registry.pkgdef file deleted.
[bd94:0009][2026-05-10T01:00:51] Processing file /Contents/Common7/IDE/CommonExtensions/Microsoft/VC/Project/Microsoft.VisualStudio.Project.VisualC.VCProjectEngine.dll
[bd94:0009][2026-05-10T01:00:51] D:\Program\Common7\IDE\CommonExtensions\Microsoft\VC\Project\Microsoft.VisualStudio.Project.VisualC.VCProjectEngine.dll file deleted.
[bd94:0009][2026-05-10T01:00:51] Processing file /Contents/Common7/IDE/CommonExtensions/Microsoft/VC/Project/Microsoft.VisualStudio.Project.VisualC.VCProjectEngine.pkgdef
[bd94:0009][2026-05-10T01:00:51] D:\Program\Common7\IDE\CommonExtensions\Microsoft\VC\Project\Microsoft.VisualStudio.Project.VisualC.VCProjectEngine.pkgdef file deleted.
[bd94:0009][2026-05-10T01:00:51] Processing file /Contents/Common7/IDE/CommonExtensions/Microsoft/VC/Project/extension.vsixmanifest
[bd94:0009][2026-05-10T01:00:51] D:\Program\Common7\IDE\CommonExtensions\Microsoft\VC\Project\extension.vsixmanifest file deleted.
[bd94:0009][2026-05-10T01:00:51] Processing file /Contents/Common7/IDE/PublicAssemblies/Microsoft.VisualStudio.VCProject.dll
[bd94:0009][2026-05-10T01:00:51] D:\Program\Common7\IDE\PublicAssemblies\Microsoft.VisualStudio.VCProject.dll file deleted.
[bd94:0009][2026-05-10T01:00:51] Processing file /Contents/Common7/IDE/VC/vcpackages/MacroPicker.dll
[bd94:0009][2026-05-10T01:00:51] D:\Program\Common7\IDE\VC\vcpackages\MacroPicker.dll file deleted.
[bd94:0009][2026-05-10T01:00:51] Processing file /Contents/Common7/IDE/VC/vcpackages/Microsoft.VisualC.ProjectControls.dll
[bd94:0009][2026-05-10T01:00:51] D:\Program\Common7\IDE\VC\vcpackages\Microsoft.VisualC.ProjectControls.dll file deleted.
[bd94:0009][2026-05-10T01:00:51] Processing file /Contents/Common7/IDE/VC/vcpackages/vcbuild.dll
[bd94:0009][2026-05-10T01:00:51] D:\Program\Common7\IDE\VC\vcpackages\vcbuild.dll file deleted.
[bd94:0009][2026-05-10T01:00:51] Processing file /Contents/Common7/IDE/VC/vcpackages/VCProject.dll
[bd94:0009][2026-05-10T01:00:51] D:\Program\Common7\IDE\VC\vcpackages\VCProject.dll file deleted.
[bd94:0009][2026-05-10T01:00:51] Processing file /Contents/Common7/IDE/VC/VCWizards/default.props
[bd94:0009][2026-05-10T01:00:51] D:\Program\Common7\IDE\VC\VCWizards\default.props file deleted.
[bd94:0009][2026-05-10T01:00:51] Processing file /Contents/Common7/IDE/VC/VCWizards/default.vcxproj
[bd94:0009][2026-05-10T01:00:51] D:\Program\Common7\IDE\VC\VCWizards\default.vcxproj file deleted.
[bd94:0009][2026-05-10T01:00:51] Processing file /Contents/Common7/IDE/VC/VCWizards/default_arm64.vcxproj
[bd94:0009][2026-05-10T01:00:51] D:\Program\Common7\IDE\VC\VCWizards\default_arm64.vcxproj file deleted.
[bd94:0009][2026-05-10T01:00:51] Processing file /Contents/Common7/IDE/VC/VCWizards/DefaultCLRNetCore.vcxproj
[bd94:0009][2026-05-10T01:00:51] D:\Program\Common7\IDE\VC\VCWizards\DefaultCLRNetCore.vcxproj file deleted.
[bd94:0009][2026-05-10T01:00:51] Processing file /Contents/Common7/IDE/VC/VCWizards/Shared.vcxproj
[bd94:0009][2026-05-10T01:00:51] D:\Program\Common7\IDE\VC\VCWizards\Shared.vcxproj file deleted.
[bd94:0009][2026-05-10T01:00:51] Processing file /Contents/Common7/IDE/VC/VCWizards/vcupgradedefault.vcxproj
[bd94:0009][2026-05-10T01:00:51] D:\Program\Common7\IDE\VC\VCWizards\vcupgradedefault.vcxproj file deleted.
[bd94:0009][2026-05-10T01:00:51] Processing file /Contents/Common7/Tools/vcconvertengine.dll
[bd94:0009][2026-05-10T01:00:51] D:\Program\Common7\Tools\vcconvertengine.dll file deleted.
[bd94:0009][2026-05-10T01:00:51] Started: Deleting empty directories
[bd94:0009][2026-05-10T01:00:51] Completed: Deleting empty directories
[bd94:0009][2026-05-10T01:00:51] Package executed successfully. Return code: 0
