[da4c:0007][2026-05-10T00:50:05] Opening the package for processing
[da4c:0007][2026-05-10T00:50:05] Using package payload to get the embedded manifest
[da4c:0007][2026-05-10T00:50:05] Getting list of files within the package
[da4c:0007][2026-05-10T00:50:05] Processing file /Contents/Team%20Tools/DiagnosticsHub/Collector/amd64/DiagnosticsHub.StandardCollector.Proxy.dll
[da4c:0007][2026-05-10T00:50:05] Started: Copying file /Contents/Team%20Tools/DiagnosticsHub/Collector/amd64/DiagnosticsHub.StandardCollector.Proxy.dll to D:\Program\Team Tools\DiagnosticsHub\Collector\amd64\DiagnosticsHub.StandardCollector.Proxy.dll
[da4c:0007][2026-05-10T00:50:05] Completed: Copying file /Contents/Team%20Tools/DiagnosticsHub/Collector/amd64/DiagnosticsHub.StandardCollector.Proxy.dll to D:\Program\Team Tools\DiagnosticsHub\Collector\amd64\DiagnosticsHub.StandardCollector.Proxy.dll
[da4c:0007][2026-05-10T00:50:05] Timestamp updated for file 'D:\Program\Team Tools\DiagnosticsHub\Collector\amd64\DiagnosticsHub.StandardCollector.Proxy.dll'.
[da4c:0007][2026-05-10T00:50:05] Processing file /Contents/Team%20Tools/DiagnosticsHub/Collector/DiagnosticsHub.Packaging.Interop.dll
[da4c:0007][2026-05-10T00:50:05] Started: Copying file /Contents/Team%20Tools/DiagnosticsHub/Collector/DiagnosticsHub.Packaging.Interop.dll to D:\Program\Team Tools\DiagnosticsHub\Collector\DiagnosticsHub.Packaging.Interop.dll
[da4c:0007][2026-05-10T00:50:05] Completed: Copying file /Contents/Team%20Tools/DiagnosticsHub/Collector/DiagnosticsHub.Packaging.Interop.dll to D:\Program\Team Tools\DiagnosticsHub\Collector\DiagnosticsHub.Packaging.Interop.dll
[da4c:0007][2026-05-10T00:50:05] Timestamp updated for file 'D:\Program\Team Tools\DiagnosticsHub\Collector\DiagnosticsHub.Packaging.Interop.dll'.
[da4c:0007][2026-05-10T00:50:05] Processing file /Contents/Team%20Tools/DiagnosticsHub/Collector/DiagnosticsHub.Packaging.Managed.dll
[da4c:0007][2026-05-10T00:50:05] Started: Copying file /Contents/Team%20Tools/DiagnosticsHub/Collector/DiagnosticsHub.Packaging.Managed.dll to D:\Program\Team Tools\DiagnosticsHub\Collector\DiagnosticsHub.Packaging.Managed.dll
[da4c:0007][2026-05-10T00:50:05] Completed: Copying file /Contents/Team%20Tools/DiagnosticsHub/Collector/DiagnosticsHub.Packaging.Managed.dll to D:\Program\Team Tools\DiagnosticsHub\Collector\DiagnosticsHub.Packaging.Managed.dll
[da4c:0007][2026-05-10T00:50:05] Timestamp updated for file 'D:\Program\Team Tools\DiagnosticsHub\Collector\DiagnosticsHub.Packaging.Managed.dll'.
[da4c:0007][2026-05-10T00:50:05] Processing file /Contents/Team%20Tools/DiagnosticsHub/Collector/DiagnosticsHub.StandardCollector.Host.Interop.dll
[da4c:0007][2026-05-10T00:50:05] Started: Copying file /Contents/Team%20Tools/DiagnosticsHub/Collector/DiagnosticsHub.StandardCollector.Host.Interop.dll to D:\Program\Team Tools\DiagnosticsHub\Collector\DiagnosticsHub.StandardCollector.Host.Interop.dll
[da4c:0007][2026-05-10T00:50:05] Completed: Copying file /Contents/Team%20Tools/DiagnosticsHub/Collector/DiagnosticsHub.StandardCollector.Host.Interop.dll to D:\Program\Team Tools\DiagnosticsHub\Collector\DiagnosticsHub.StandardCollector.Host.Interop.dll
[da4c:0007][2026-05-10T00:50:05] Timestamp updated for file 'D:\Program\Team Tools\DiagnosticsHub\Collector\DiagnosticsHub.StandardCollector.Host.Interop.dll'.
[da4c:0007][2026-05-10T00:50:05] Processing file /Contents/Team%20Tools/DiagnosticsHub/Collector/DiagnosticsHub.StandardCollector.Interop.dll
[da4c:0007][2026-05-10T00:50:05] Started: Copying file /Contents/Team%20Tools/DiagnosticsHub/Collector/DiagnosticsHub.StandardCollector.Interop.dll to D:\Program\Team Tools\DiagnosticsHub\Collector\DiagnosticsHub.StandardCollector.Interop.dll
[da4c:0007][2026-05-10T00:50:05] Completed: Copying file /Contents/Team%20Tools/DiagnosticsHub/Collector/DiagnosticsHub.StandardCollector.Interop.dll to D:\Program\Team Tools\DiagnosticsHub\Collector\DiagnosticsHub.StandardCollector.Interop.dll
[da4c:0007][2026-05-10T00:50:05] Timestamp updated for file 'D:\Program\Team Tools\DiagnosticsHub\Collector\DiagnosticsHub.StandardCollector.Interop.dll'.
[da4c:0007][2026-05-10T00:50:05] Processing file /Contents/Team%20Tools/DiagnosticsHub/Collector/DiagnosticsHub.StandardCollector.Runtime.dll
[da4c:0007][2026-05-10T00:50:05] Started: Copying file /Contents/Team%20Tools/DiagnosticsHub/Collector/DiagnosticsHub.StandardCollector.Runtime.dll to D:\Program\Team Tools\DiagnosticsHub\Collector\DiagnosticsHub.StandardCollector.Runtime.dll
[da4c:0007][2026-05-10T00:50:05] Completed: Copying file /Contents/Team%20Tools/DiagnosticsHub/Collector/DiagnosticsHub.StandardCollector.Runtime.dll to D:\Program\Team Tools\DiagnosticsHub\Collector\DiagnosticsHub.StandardCollector.Runtime.dll
[da4c:0007][2026-05-10T00:50:05] Timestamp updated for file 'D:\Program\Team Tools\DiagnosticsHub\Collector\DiagnosticsHub.StandardCollector.Runtime.dll'.
[da4c:0007][2026-05-10T00:50:05] Processing file /Contents/Team%20Tools/DiagnosticsHub/Collector/Microsoft.Bcl.AsyncInterfaces.dll
[da4c:0007][2026-05-10T00:50:05] Started: Copying file /Contents/Team%20Tools/DiagnosticsHub/Collector/Microsoft.Bcl.AsyncInterfaces.dll to D:\Program\Team Tools\DiagnosticsHub\Collector\Microsoft.Bcl.AsyncInterfaces.dll
[da4c:0007][2026-05-10T00:50:05] Completed: Copying file /Contents/Team%20Tools/DiagnosticsHub/Collector/Microsoft.Bcl.AsyncInterfaces.dll to D:\Program\Team Tools\DiagnosticsHub\Collector\Microsoft.Bcl.AsyncInterfaces.dll
[da4c:0007][2026-05-10T00:50:05] Timestamp updated for file 'D:\Program\Team Tools\DiagnosticsHub\Collector\Microsoft.Bcl.AsyncInterfaces.dll'.
[da4c:0007][2026-05-10T00:50:05] Processing file /Contents/Team%20Tools/DiagnosticsHub/Collector/Microsoft.DiagnosticsHub.Packaging.InteropEx.dll
[da4c:0007][2026-05-10T00:50:05] Started: Copying file /Contents/Team%20Tools/DiagnosticsHub/Collector/Microsoft.DiagnosticsHub.Packaging.InteropEx.dll to D:\Program\Team Tools\DiagnosticsHub\Collector\Microsoft.DiagnosticsHub.Packaging.InteropEx.dll
[da4c:0007][2026-05-10T00:50:05] Completed: Copying file /Contents/Team%20Tools/DiagnosticsHub/Collector/Microsoft.DiagnosticsHub.Packaging.InteropEx.dll to D:\Program\Team Tools\DiagnosticsHub\Collector\Microsoft.DiagnosticsHub.Packaging.InteropEx.dll
[da4c:0007][2026-05-10T00:50:05] Timestamp updated for file 'D:\Program\Team Tools\DiagnosticsHub\Collector\Microsoft.DiagnosticsHub.Packaging.InteropEx.dll'.
[da4c:0007][2026-05-10T00:50:05] Processing file /Contents/Team%20Tools/DiagnosticsHub/Collector/System.IO.Packaging.dll
[da4c:0007][2026-05-10T00:50:05] Started: Copying file /Contents/Team%20Tools/DiagnosticsHub/Collector/System.IO.Packaging.dll to D:\Program\Team Tools\DiagnosticsHub\Collector\System.IO.Packaging.dll
[da4c:0007][2026-05-10T00:50:05] Completed: Copying file /Contents/Team%20Tools/DiagnosticsHub/Collector/System.IO.Packaging.dll to D:\Program\Team Tools\DiagnosticsHub\Collector\System.IO.Packaging.dll
[da4c:0007][2026-05-10T00:50:05] Timestamp updated for file 'D:\Program\Team Tools\DiagnosticsHub\Collector\System.IO.Packaging.dll'.
[da4c:0007][2026-05-10T00:50:05] Processing file /Contents/Team%20Tools/DiagnosticsHub/Collector/System.Memory.dll
[da4c:0007][2026-05-10T00:50:05] Started: Copying file /Contents/Team%20Tools/DiagnosticsHub/Collector/System.Memory.dll to D:\Program\Team Tools\DiagnosticsHub\Collector\System.Memory.dll
[da4c:0007][2026-05-10T00:50:05] Completed: Copying file /Contents/Team%20Tools/DiagnosticsHub/Collector/System.Memory.dll to D:\Program\Team Tools\DiagnosticsHub\Collector\System.Memory.dll
[da4c:0007][2026-05-10T00:50:05] Timestamp updated for file 'D:\Program\Team Tools\DiagnosticsHub\Collector\System.Memory.dll'.
[da4c:0007][2026-05-10T00:50:05] Processing file /Contents/Team%20Tools/DiagnosticsHub/Collector/System.Numerics.Vectors.dll
[da4c:0007][2026-05-10T00:50:05] Started: Copying file /Contents/Team%20Tools/DiagnosticsHub/Collector/System.Numerics.Vectors.dll to D:\Program\Team Tools\DiagnosticsHub\Collector\System.Numerics.Vectors.dll
[da4c:0007][2026-05-10T00:50:05] Completed: Copying file /Contents/Team%20Tools/DiagnosticsHub/Collector/System.Numerics.Vectors.dll to D:\Program\Team Tools\DiagnosticsHub\Collector\System.Numerics.Vectors.dll
[da4c:0007][2026-05-10T00:50:05] Timestamp updated for file 'D:\Program\Team Tools\DiagnosticsHub\Collector\System.Numerics.Vectors.dll'.
[da4c:0007][2026-05-10T00:50:05] Processing file /Contents/Team%20Tools/DiagnosticsHub/Collector/System.Runtime.CompilerServices.Unsafe.dll
[da4c:0007][2026-05-10T00:50:05] Started: Copying file /Contents/Team%20Tools/DiagnosticsHub/Collector/System.Runtime.CompilerServices.Unsafe.dll to D:\Program\Team Tools\DiagnosticsHub\Collector\System.Runtime.CompilerServices.Unsafe.dll
[da4c:0007][2026-05-10T00:50:05] Completed: Copying file /Contents/Team%20Tools/DiagnosticsHub/Collector/System.Runtime.CompilerServices.Unsafe.dll to D:\Program\Team Tools\DiagnosticsHub\Collector\System.Runtime.CompilerServices.Unsafe.dll
[da4c:0007][2026-05-10T00:50:05] Timestamp updated for file 'D:\Program\Team Tools\DiagnosticsHub\Collector\System.Runtime.CompilerServices.Unsafe.dll'.
[da4c:0007][2026-05-10T00:50:05] Processing file /Contents/Team%20Tools/DiagnosticsHub/Collector/System.Threading.Tasks.Extensions.dll
[da4c:0007][2026-05-10T00:50:05] Started: Copying file /Contents/Team%20Tools/DiagnosticsHub/Collector/System.Threading.Tasks.Extensions.dll to D:\Program\Team Tools\DiagnosticsHub\Collector\System.Threading.Tasks.Extensions.dll
[da4c:0007][2026-05-10T00:50:05] Completed: Copying file /Contents/Team%20Tools/DiagnosticsHub/Collector/System.Threading.Tasks.Extensions.dll to D:\Program\Team Tools\DiagnosticsHub\Collector\System.Threading.Tasks.Extensions.dll
[da4c:0007][2026-05-10T00:50:05] Timestamp updated for file 'D:\Program\Team Tools\DiagnosticsHub\Collector\System.Threading.Tasks.Extensions.dll'.
[da4c:0007][2026-05-10T00:50:05] Processing file /Contents/Team%20Tools/DiagnosticsHub/Collector/VSDiagnostics.exe
[da4c:0007][2026-05-10T00:50:05] Started: Copying file /Contents/Team%20Tools/DiagnosticsHub/Collector/VSDiagnostics.exe to D:\Program\Team Tools\DiagnosticsHub\Collector\VSDiagnostics.exe
[da4c:0007][2026-05-10T00:50:05] Completed: Copying file /Contents/Team%20Tools/DiagnosticsHub/Collector/VSDiagnostics.exe to D:\Program\Team Tools\DiagnosticsHub\Collector\VSDiagnostics.exe
[da4c:0007][2026-05-10T00:50:05] Timestamp updated for file 'D:\Program\Team Tools\DiagnosticsHub\Collector\VSDiagnostics.exe'.
[da4c:0007][2026-05-10T00:50:05] Processing file /Contents/Team%20Tools/DiagnosticsHub/Collector/VSDiagnostics.exe.config
[da4c:0007][2026-05-10T00:50:05] Started: Copying file /Contents/Team%20Tools/DiagnosticsHub/Collector/VSDiagnostics.exe.config to D:\Program\Team Tools\DiagnosticsHub\Collector\VSDiagnostics.exe.config
[da4c:0007][2026-05-10T00:50:05] Completed: Copying file /Contents/Team%20Tools/DiagnosticsHub/Collector/VSDiagnostics.exe.config to D:\Program\Team Tools\DiagnosticsHub\Collector\VSDiagnostics.exe.config
[da4c:0007][2026-05-10T00:50:05] Timestamp updated for file 'D:\Program\Team Tools\DiagnosticsHub\Collector\VSDiagnostics.exe.config'.
[da4c:0007][2026-05-10T00:50:05] Processing file /Contents/Team%20Tools/DiagnosticsHub/Collector/x86/DiagnosticsHub.StandardCollector.Proxy.dll
[da4c:0007][2026-05-10T00:50:05] Started: Copying file /Contents/Team%20Tools/DiagnosticsHub/Collector/x86/DiagnosticsHub.StandardCollector.Proxy.dll to D:\Program\Team Tools\DiagnosticsHub\Collector\x86\DiagnosticsHub.StandardCollector.Proxy.dll
[da4c:0007][2026-05-10T00:50:05] Completed: Copying file /Contents/Team%20Tools/DiagnosticsHub/Collector/x86/DiagnosticsHub.StandardCollector.Proxy.dll to D:\Program\Team Tools\DiagnosticsHub\Collector\x86\DiagnosticsHub.StandardCollector.Proxy.dll
[da4c:0007][2026-05-10T00:50:05] Timestamp updated for file 'D:\Program\Team Tools\DiagnosticsHub\Collector\x86\DiagnosticsHub.StandardCollector.Proxy.dll'.
[da4c:0007][2026-05-10T00:50:05] Package executed successfully. Return code: 0
