[da4c:0007][2026-05-10T00:49:56] Opening the package for processing
[da4c:0007][2026-05-10T00:49:56] Using package payload to get the embedded manifest
[da4c:0007][2026-05-10T00:49:56] Getting list of files within the package
[da4c:0007][2026-05-10T00:49:56] Processing file /Contents/Common7/IDE/CommonExtensions/Microsoft/Architecture%20Tools/Providers/NativeCode/Microsoft.VisualStudio.Progression.Native.CodeProvider.dll
[da4c:0007][2026-05-10T00:49:56] Started: Copying file /Contents/Common7/IDE/CommonExtensions/Microsoft/Architecture%20Tools/Providers/NativeCode/Microsoft.VisualStudio.Progression.Native.CodeProvider.dll to D:\Program\Common7\IDE\CommonExtensions\Microsoft\Architecture Tools\Providers\NativeCode\Microsoft.VisualStudio.Progression.Native.CodeProvider.dll
[da4c:0007][2026-05-10T00:49:56] Completed: Copying file /Contents/Common7/IDE/CommonExtensions/Microsoft/Architecture%20Tools/Providers/NativeCode/Microsoft.VisualStudio.Progression.Native.CodeProvider.dll to D:\Program\Common7\IDE\CommonExtensions\Microsoft\Architecture Tools\Providers\NativeCode\Microsoft.VisualStudio.Progression.Native.CodeProvider.dll
[da4c:0007][2026-05-10T00:49:56] Timestamp updated for file 'D:\Program\Common7\IDE\CommonExtensions\Microsoft\Architecture Tools\Providers\NativeCode\Microsoft.VisualStudio.Progression.Native.CodeProvider.dll'.
[da4c:0007][2026-05-10T00:49:56] Queueing D:\Program\Common7\IDE\CommonExtensions\Microsoft\Architecture Tools\Providers\NativeCode\Microsoft.VisualStudio.Progression.Native.CodeProvider.dll for X86 ngen
[da4c:0007][2026-05-10T00:49:56] Successfully queued file '/Contents/Common7/IDE/CommonExtensions/Microsoft/Architecture Tools/Providers/NativeCode/Microsoft.VisualStudio.Progression.Native.CodeProvider.dll' for ngen
[da4c:0007][2026-05-10T00:49:56] Processing file /Contents/Common7/IDE/CommonExtensions/Microsoft/Architecture%20Tools/Providers/NativeCode/Microsoft.VisualStudio.Progression.Native.CodeProvider.pkgdef
[da4c:0007][2026-05-10T00:49:56] Started: Copying file /Contents/Common7/IDE/CommonExtensions/Microsoft/Architecture%20Tools/Providers/NativeCode/Microsoft.VisualStudio.Progression.Native.CodeProvider.pkgdef to D:\Program\Common7\IDE\CommonExtensions\Microsoft\Architecture Tools\Providers\NativeCode\Microsoft.VisualStudio.Progression.Native.CodeProvider.pkgdef
[da4c:0007][2026-05-10T00:49:56] Completed: Copying file /Contents/Common7/IDE/CommonExtensions/Microsoft/Architecture%20Tools/Providers/NativeCode/Microsoft.VisualStudio.Progression.Native.CodeProvider.pkgdef to D:\Program\Common7\IDE\CommonExtensions\Microsoft\Architecture Tools\Providers\NativeCode\Microsoft.VisualStudio.Progression.Native.CodeProvider.pkgdef
[da4c:0007][2026-05-10T00:49:56] Timestamp updated for file 'D:\Program\Common7\IDE\CommonExtensions\Microsoft\Architecture Tools\Providers\NativeCode\Microsoft.VisualStudio.Progression.Native.CodeProvider.pkgdef'.
[da4c:0007][2026-05-10T00:49:56] Processing file /Contents/Common7/IDE/CommonExtensions/Microsoft/VC/LanguageServer/Microsoft.VisualStudio.VC.LanguageServer.dll
[da4c:0007][2026-05-10T00:49:56] Started: Copying file /Contents/Common7/IDE/CommonExtensions/Microsoft/VC/LanguageServer/Microsoft.VisualStudio.VC.LanguageServer.dll to D:\Program\Common7\IDE\CommonExtensions\Microsoft\VC\LanguageServer\Microsoft.VisualStudio.VC.LanguageServer.dll
[da4c:0007][2026-05-10T00:49:56] Completed: Copying file /Contents/Common7/IDE/CommonExtensions/Microsoft/VC/LanguageServer/Microsoft.VisualStudio.VC.LanguageServer.dll to D:\Program\Common7\IDE\CommonExtensions\Microsoft\VC\LanguageServer\Microsoft.VisualStudio.VC.LanguageServer.dll
[da4c:0007][2026-05-10T00:49:56] Timestamp updated for file 'D:\Program\Common7\IDE\CommonExtensions\Microsoft\VC\LanguageServer\Microsoft.VisualStudio.VC.LanguageServer.dll'.
[da4c:0007][2026-05-10T00:49:56] Processing file /Contents/Common7/IDE/CommonExtensions/Microsoft/VC/LanguageServer/Microsoft.VisualStudio.VC.LanguageServer.pkgdef
[da4c:0007][2026-05-10T00:49:56] Started: Copying file /Contents/Common7/IDE/CommonExtensions/Microsoft/VC/LanguageServer/Microsoft.VisualStudio.VC.LanguageServer.pkgdef to D:\Program\Common7\IDE\CommonExtensions\Microsoft\VC\LanguageServer\Microsoft.VisualStudio.VC.LanguageServer.pkgdef
[da4c:0007][2026-05-10T00:49:56] Completed: Copying file /Contents/Common7/IDE/CommonExtensions/Microsoft/VC/LanguageServer/Microsoft.VisualStudio.VC.LanguageServer.pkgdef to D:\Program\Common7\IDE\CommonExtensions\Microsoft\VC\LanguageServer\Microsoft.VisualStudio.VC.LanguageServer.pkgdef
[da4c:0007][2026-05-10T00:49:56] Timestamp updated for file 'D:\Program\Common7\IDE\CommonExtensions\Microsoft\VC\LanguageServer\Microsoft.VisualStudio.VC.LanguageServer.pkgdef'.
[da4c:0007][2026-05-10T00:49:56] Processing file /Contents/Common7/IDE/CommonExtensions/Microsoft/VC/Microsoft.VisualStudio.VC.pkgdef
[da4c:0007][2026-05-10T00:49:56] Started: Copying file /Contents/Common7/IDE/CommonExtensions/Microsoft/VC/Microsoft.VisualStudio.VC.pkgdef to D:\Program\Common7\IDE\CommonExtensions\Microsoft\VC\Microsoft.VisualStudio.VC.pkgdef
[da4c:0007][2026-05-10T00:49:56] Completed: Copying file /Contents/Common7/IDE/CommonExtensions/Microsoft/VC/Microsoft.VisualStudio.VC.pkgdef to D:\Program\Common7\IDE\CommonExtensions\Microsoft\VC\Microsoft.VisualStudio.VC.pkgdef
[da4c:0007][2026-05-10T00:49:56] Timestamp updated for file 'D:\Program\Common7\IDE\CommonExtensions\Microsoft\VC\Microsoft.VisualStudio.VC.pkgdef'.
[da4c:0007][2026-05-10T00:49:56] Processing file /Contents/Common7/IDE/CommonExtensions/Microsoft/VC/TextMate/c.tmLanguage.json
[da4c:0007][2026-05-10T00:49:56] Started: Copying file /Contents/Common7/IDE/CommonExtensions/Microsoft/VC/TextMate/c.tmLanguage.json to D:\Program\Common7\IDE\CommonExtensions\Microsoft\VC\TextMate\c.tmLanguage.json
[da4c:0007][2026-05-10T00:49:56] Completed: Copying file /Contents/Common7/IDE/CommonExtensions/Microsoft/VC/TextMate/c.tmLanguage.json to D:\Program\Common7\IDE\CommonExtensions\Microsoft\VC\TextMate\c.tmLanguage.json
[da4c:0007][2026-05-10T00:49:56] Timestamp updated for file 'D:\Program\Common7\IDE\CommonExtensions\Microsoft\VC\TextMate\c.tmLanguage.json'.
[da4c:0007][2026-05-10T00:49:56] Processing file /Contents/Common7/IDE/CommonExtensions/Microsoft/VC/TextMate/c.tmLanguage.tmTheme
[da4c:0007][2026-05-10T00:49:56] Started: Copying file /Contents/Common7/IDE/CommonExtensions/Microsoft/VC/TextMate/c.tmLanguage.tmTheme to D:\Program\Common7\IDE\CommonExtensions\Microsoft\VC\TextMate\c.tmLanguage.tmTheme
[da4c:0007][2026-05-10T00:49:56] Completed: Copying file /Contents/Common7/IDE/CommonExtensions/Microsoft/VC/TextMate/c.tmLanguage.tmTheme to D:\Program\Common7\IDE\CommonExtensions\Microsoft\VC\TextMate\c.tmLanguage.tmTheme
[da4c:0007][2026-05-10T00:49:56] Timestamp updated for file 'D:\Program\Common7\IDE\CommonExtensions\Microsoft\VC\TextMate\c.tmLanguage.tmTheme'.
[da4c:0007][2026-05-10T00:49:56] Processing file /Contents/Common7/IDE/CommonExtensions/Microsoft/VC/TextMate/cpp.tmLanguage.json
[da4c:0007][2026-05-10T00:49:56] Started: Copying file /Contents/Common7/IDE/CommonExtensions/Microsoft/VC/TextMate/cpp.tmLanguage.json to D:\Program\Common7\IDE\CommonExtensions\Microsoft\VC\TextMate\cpp.tmLanguage.json
[da4c:0007][2026-05-10T00:49:56] Completed: Copying file /Contents/Common7/IDE/CommonExtensions/Microsoft/VC/TextMate/cpp.tmLanguage.json to D:\Program\Common7\IDE\CommonExtensions\Microsoft\VC\TextMate\cpp.tmLanguage.json
[da4c:0007][2026-05-10T00:49:56] Timestamp updated for file 'D:\Program\Common7\IDE\CommonExtensions\Microsoft\VC\TextMate\cpp.tmLanguage.json'.
[da4c:0007][2026-05-10T00:49:56] Processing file /Contents/Common7/IDE/CommonExtensions/Microsoft/VC/TextMate/cpp.tmLanguage.tmtheme
[da4c:0007][2026-05-10T00:49:56] Started: Copying file /Contents/Common7/IDE/CommonExtensions/Microsoft/VC/TextMate/cpp.tmLanguage.tmtheme to D:\Program\Common7\IDE\CommonExtensions\Microsoft\VC\TextMate\cpp.tmLanguage.tmtheme
[da4c:0007][2026-05-10T00:49:56] Completed: Copying file /Contents/Common7/IDE/CommonExtensions/Microsoft/VC/TextMate/cpp.tmLanguage.tmtheme to D:\Program\Common7\IDE\CommonExtensions\Microsoft\VC\TextMate\cpp.tmLanguage.tmtheme
[da4c:0007][2026-05-10T00:49:56] Timestamp updated for file 'D:\Program\Common7\IDE\CommonExtensions\Microsoft\VC\TextMate\cpp.tmLanguage.tmtheme'.
[da4c:0007][2026-05-10T00:49:56] Processing file /Contents/Common7/IDE/CommonExtensions/Microsoft/VC/TextMate/platform.tmLanguage.json
[da4c:0007][2026-05-10T00:49:56] Started: Copying file /Contents/Common7/IDE/CommonExtensions/Microsoft/VC/TextMate/platform.tmLanguage.json to D:\Program\Common7\IDE\CommonExtensions\Microsoft\VC\TextMate\platform.tmLanguage.json
[da4c:0007][2026-05-10T00:49:56] Completed: Copying file /Contents/Common7/IDE/CommonExtensions/Microsoft/VC/TextMate/platform.tmLanguage.json to D:\Program\Common7\IDE\CommonExtensions\Microsoft\VC\TextMate\platform.tmLanguage.json
[da4c:0007][2026-05-10T00:49:56] Timestamp updated for file 'D:\Program\Common7\IDE\CommonExtensions\Microsoft\VC\TextMate\platform.tmLanguage.json'.
[da4c:0007][2026-05-10T00:49:56] Processing file /Contents/Common7/IDE/CommonExtensions/Microsoft/VC/vc.imagemanifest
[da4c:0007][2026-05-10T00:49:56] Started: Copying file /Contents/Common7/IDE/CommonExtensions/Microsoft/VC/vc.imagemanifest to D:\Program\Common7\IDE\CommonExtensions\Microsoft\VC\vc.imagemanifest
[da4c:0007][2026-05-10T00:49:56] Completed: Copying file /Contents/Common7/IDE/CommonExtensions/Microsoft/VC/vc.imagemanifest to D:\Program\Common7\IDE\CommonExtensions\Microsoft\VC\vc.imagemanifest
[da4c:0007][2026-05-10T00:49:56] Timestamp updated for file 'D:\Program\Common7\IDE\CommonExtensions\Microsoft\VC\vc.imagemanifest'.
[da4c:0007][2026-05-10T00:49:56] Processing file /Contents/Common7/IDE/CommonExtensions/Microsoft/VC/VCEditorColors.pkgdef
[da4c:0007][2026-05-10T00:49:56] Started: Copying file /Contents/Common7/IDE/CommonExtensions/Microsoft/VC/VCEditorColors.pkgdef to D:\Program\Common7\IDE\CommonExtensions\Microsoft\VC\VCEditorColors.pkgdef
[da4c:0007][2026-05-10T00:49:56] Completed: Copying file /Contents/Common7/IDE/CommonExtensions/Microsoft/VC/VCEditorColors.pkgdef to D:\Program\Common7\IDE\CommonExtensions\Microsoft\VC\VCEditorColors.pkgdef
[da4c:0007][2026-05-10T00:49:56] Timestamp updated for file 'D:\Program\Common7\IDE\CommonExtensions\Microsoft\VC\VCEditorColors.pkgdef'.
[da4c:0007][2026-05-10T00:49:56] Processing file /Contents/Common7/IDE/CommonExtensions/Microsoft/VC/VC_MsgBuilder_Registration.pkgdef
[da4c:0007][2026-05-10T00:49:56] Started: Copying file /Contents/Common7/IDE/CommonExtensions/Microsoft/VC/VC_MsgBuilder_Registration.pkgdef to D:\Program\Common7\IDE\CommonExtensions\Microsoft\VC\VC_MsgBuilder_Registration.pkgdef
[da4c:0007][2026-05-10T00:49:56] Completed: Copying file /Contents/Common7/IDE/CommonExtensions/Microsoft/VC/VC_MsgBuilder_Registration.pkgdef to D:\Program\Common7\IDE\CommonExtensions\Microsoft\VC\VC_MsgBuilder_Registration.pkgdef
[da4c:0007][2026-05-10T00:49:56] Timestamp updated for file 'D:\Program\Common7\IDE\CommonExtensions\Microsoft\VC\VC_MsgBuilder_Registration.pkgdef'.
[da4c:0007][2026-05-10T00:49:56] Processing file /Contents/Common7/IDE/CommonExtensions/Microsoft/VC/VC_Pkg_Core_Registration.pkgdef
[da4c:0007][2026-05-10T00:49:56] Started: Copying file /Contents/Common7/IDE/CommonExtensions/Microsoft/VC/VC_Pkg_Core_Registration.pkgdef to D:\Program\Common7\IDE\CommonExtensions\Microsoft\VC\VC_Pkg_Core_Registration.pkgdef
[da4c:0007][2026-05-10T00:49:56] Completed: Copying file /Contents/Common7/IDE/CommonExtensions/Microsoft/VC/VC_Pkg_Core_Registration.pkgdef to D:\Program\Common7\IDE\CommonExtensions\Microsoft\VC\VC_Pkg_Core_Registration.pkgdef
[da4c:0007][2026-05-10T00:49:56] Timestamp updated for file 'D:\Program\Common7\IDE\CommonExtensions\Microsoft\VC\VC_Pkg_Core_Registration.pkgdef'.
[da4c:0007][2026-05-10T00:49:56] Processing file /Contents/Common7/IDE/CommonExtensions/Microsoft/VC/VC_Snippets.pkgdef
[da4c:0007][2026-05-10T00:49:56] Started: Copying file /Contents/Common7/IDE/CommonExtensions/Microsoft/VC/VC_Snippets.pkgdef to D:\Program\Common7\IDE\CommonExtensions\Microsoft\VC\VC_Snippets.pkgdef
[da4c:0007][2026-05-10T00:49:56] Completed: Copying file /Contents/Common7/IDE/CommonExtensions/Microsoft/VC/VC_Snippets.pkgdef to D:\Program\Common7\IDE\CommonExtensions\Microsoft\VC\VC_Snippets.pkgdef
[da4c:0007][2026-05-10T00:49:56] Timestamp updated for file 'D:\Program\Common7\IDE\CommonExtensions\Microsoft\VC\VC_Snippets.pkgdef'.
[da4c:0007][2026-05-10T00:49:56] Processing file /Contents/Common7/IDE/CommonExtensions/Microsoft/VC/Wizards/Microsoft.VC.Wizards.dll
[da4c:0007][2026-05-10T00:49:56] Started: Copying file /Contents/Common7/IDE/CommonExtensions/Microsoft/VC/Wizards/Microsoft.VC.Wizards.dll to D:\Program\Common7\IDE\CommonExtensions\Microsoft\VC\Wizards\Microsoft.VC.Wizards.dll
[da4c:0007][2026-05-10T00:49:56] Completed: Copying file /Contents/Common7/IDE/CommonExtensions/Microsoft/VC/Wizards/Microsoft.VC.Wizards.dll to D:\Program\Common7\IDE\CommonExtensions\Microsoft\VC\Wizards\Microsoft.VC.Wizards.dll
[da4c:0007][2026-05-10T00:49:56] Timestamp updated for file 'D:\Program\Common7\IDE\CommonExtensions\Microsoft\VC\Wizards\Microsoft.VC.Wizards.dll'.
[da4c:0007][2026-05-10T00:49:56] Processing file /Contents/Common7/IDE/CommonExtensions/Microsoft/VC/Wizards/Microsoft.VC.Wizards.pkgdef
[da4c:0007][2026-05-10T00:49:56] Started: Copying file /Contents/Common7/IDE/CommonExtensions/Microsoft/VC/Wizards/Microsoft.VC.Wizards.pkgdef to D:\Program\Common7\IDE\CommonExtensions\Microsoft\VC\Wizards\Microsoft.VC.Wizards.pkgdef
[da4c:0007][2026-05-10T00:49:56] Completed: Copying file /Contents/Common7/IDE/CommonExtensions/Microsoft/VC/Wizards/Microsoft.VC.Wizards.pkgdef to D:\Program\Common7\IDE\CommonExtensions\Microsoft\VC\Wizards\Microsoft.VC.Wizards.pkgdef
[da4c:0007][2026-05-10T00:49:56] Timestamp updated for file 'D:\Program\Common7\IDE\CommonExtensions\Microsoft\VC\Wizards\Microsoft.VC.Wizards.pkgdef'.
[da4c:0007][2026-05-10T00:49:56] Processing file /Contents/Common7/IDE/Extensions/Microsoft/VC/ClassWizard/ClwWizard.dll
[da4c:0007][2026-05-10T00:49:56] Started: Copying file /Contents/Common7/IDE/Extensions/Microsoft/VC/ClassWizard/ClwWizard.dll to D:\Program\Common7\IDE\Extensions\Microsoft\VC\ClassWizard\ClwWizard.dll
[da4c:0007][2026-05-10T00:49:56] Completed: Copying file /Contents/Common7/IDE/Extensions/Microsoft/VC/ClassWizard/ClwWizard.dll to D:\Program\Common7\IDE\Extensions\Microsoft\VC\ClassWizard\ClwWizard.dll
[da4c:0007][2026-05-10T00:49:56] Timestamp updated for file 'D:\Program\Common7\IDE\Extensions\Microsoft\VC\ClassWizard\ClwWizard.dll'.
[da4c:0007][2026-05-10T00:49:56] Processing file /Contents/Common7/IDE/Extensions/Microsoft/VC/ClassWizard/ClwWizard.pkgdef
[da4c:0007][2026-05-10T00:49:56] Started: Copying file /Contents/Common7/IDE/Extensions/Microsoft/VC/ClassWizard/ClwWizard.pkgdef to D:\Program\Common7\IDE\Extensions\Microsoft\VC\ClassWizard\ClwWizard.pkgdef
[da4c:0007][2026-05-10T00:49:56] Completed: Copying file /Contents/Common7/IDE/Extensions/Microsoft/VC/ClassWizard/ClwWizard.pkgdef to D:\Program\Common7\IDE\Extensions\Microsoft\VC\ClassWizard\ClwWizard.pkgdef
[da4c:0007][2026-05-10T00:49:56] Timestamp updated for file 'D:\Program\Common7\IDE\Extensions\Microsoft\VC\ClassWizard\ClwWizard.pkgdef'.
[da4c:0007][2026-05-10T00:49:56] Processing file /Contents/Common7/IDE/Microsoft.VisualStudio.VC.dll
[da4c:0007][2026-05-10T00:49:56] Started: Copying file /Contents/Common7/IDE/Microsoft.VisualStudio.VC.dll to D:\Program\Common7\IDE\Microsoft.VisualStudio.VC.dll
[da4c:0007][2026-05-10T00:49:56] Completed: Copying file /Contents/Common7/IDE/Microsoft.VisualStudio.VC.dll to D:\Program\Common7\IDE\Microsoft.VisualStudio.VC.dll
[da4c:0007][2026-05-10T00:49:56] Timestamp updated for file 'D:\Program\Common7\IDE\Microsoft.VisualStudio.VC.dll'.
[da4c:0007][2026-05-10T00:49:56] Queueing D:\Program\Common7\IDE\Microsoft.VisualStudio.VC.dll for X86 ngen
[da4c:0007][2026-05-10T00:49:56] Successfully queued file '/Contents/Common7/IDE/Microsoft.VisualStudio.VC.dll' for ngen
[da4c:0007][2026-05-10T00:49:56] Processing file /Contents/Common7/IDE/PrivateAssemblies/Microsoft.VisualStudio.CodeStore.Internal.dll
[da4c:0007][2026-05-10T00:49:56] Started: Copying file /Contents/Common7/IDE/PrivateAssemblies/Microsoft.VisualStudio.CodeStore.Internal.dll to D:\Program\Common7\IDE\PrivateAssemblies\Microsoft.VisualStudio.CodeStore.Internal.dll
[da4c:0007][2026-05-10T00:49:56] Completed: Copying file /Contents/Common7/IDE/PrivateAssemblies/Microsoft.VisualStudio.CodeStore.Internal.dll to D:\Program\Common7\IDE\PrivateAssemblies\Microsoft.VisualStudio.CodeStore.Internal.dll
[da4c:0007][2026-05-10T00:49:56] Timestamp updated for file 'D:\Program\Common7\IDE\PrivateAssemblies\Microsoft.VisualStudio.CodeStore.Internal.dll'.
[da4c:0007][2026-05-10T00:49:56] Processing file /Contents/Common7/IDE/PrivateAssemblies/Microsoft.VisualStudio.CppSvc.Internal.dll
[da4c:0007][2026-05-10T00:49:56] Started: Copying file /Contents/Common7/IDE/PrivateAssemblies/Microsoft.VisualStudio.CppSvc.Internal.dll to D:\Program\Common7\IDE\PrivateAssemblies\Microsoft.VisualStudio.CppSvc.Internal.dll
[da4c:0007][2026-05-10T00:49:56] Completed: Copying file /Contents/Common7/IDE/PrivateAssemblies/Microsoft.VisualStudio.CppSvc.Internal.dll to D:\Program\Common7\IDE\PrivateAssemblies\Microsoft.VisualStudio.CppSvc.Internal.dll
[da4c:0007][2026-05-10T00:49:56] Timestamp updated for file 'D:\Program\Common7\IDE\PrivateAssemblies\Microsoft.VisualStudio.CppSvc.Internal.dll'.
[da4c:0007][2026-05-10T00:49:56] Processing file /Contents/Common7/IDE/PrivateAssemblies/Microsoft.VisualStudio.CxxWiz.Internal.dll
[da4c:0007][2026-05-10T00:49:56] Started: Copying file /Contents/Common7/IDE/PrivateAssemblies/Microsoft.VisualStudio.CxxWiz.Internal.dll to D:\Program\Common7\IDE\PrivateAssemblies\Microsoft.VisualStudio.CxxWiz.Internal.dll
[da4c:0007][2026-05-10T00:49:56] Completed: Copying file /Contents/Common7/IDE/PrivateAssemblies/Microsoft.VisualStudio.CxxWiz.Internal.dll to D:\Program\Common7\IDE\PrivateAssemblies\Microsoft.VisualStudio.CxxWiz.Internal.dll
[da4c:0007][2026-05-10T00:49:56] Timestamp updated for file 'D:\Program\Common7\IDE\PrivateAssemblies\Microsoft.VisualStudio.CxxWiz.Internal.dll'.
[da4c:0007][2026-05-10T00:49:56] Processing file /Contents/Common7/IDE/PrivateAssemblies/Microsoft.VisualStudio.VC.CompilerQuery.dll
[da4c:0007][2026-05-10T00:49:56] Started: Copying file /Contents/Common7/IDE/PrivateAssemblies/Microsoft.VisualStudio.VC.CompilerQuery.dll to D:\Program\Common7\IDE\PrivateAssemblies\Microsoft.VisualStudio.VC.CompilerQuery.dll
[da4c:0007][2026-05-10T00:49:56] Completed: Copying file /Contents/Common7/IDE/PrivateAssemblies/Microsoft.VisualStudio.VC.CompilerQuery.dll to D:\Program\Common7\IDE\PrivateAssemblies\Microsoft.VisualStudio.VC.CompilerQuery.dll
[da4c:0007][2026-05-10T00:49:56] Timestamp updated for file 'D:\Program\Common7\IDE\PrivateAssemblies\Microsoft.VisualStudio.VC.CompilerQuery.dll'.
[da4c:0007][2026-05-10T00:49:56] Processing file /Contents/Common7/IDE/PrivateAssemblies/Microsoft.VisualStudio.VC.RecommendationProvider.dll
[da4c:0007][2026-05-10T00:49:56] Started: Copying file /Contents/Common7/IDE/PrivateAssemblies/Microsoft.VisualStudio.VC.RecommendationProvider.dll to D:\Program\Common7\IDE\PrivateAssemblies\Microsoft.VisualStudio.VC.RecommendationProvider.dll
[da4c:0007][2026-05-10T00:49:56] Completed: Copying file /Contents/Common7/IDE/PrivateAssemblies/Microsoft.VisualStudio.VC.RecommendationProvider.dll to D:\Program\Common7\IDE\PrivateAssemblies\Microsoft.VisualStudio.VC.RecommendationProvider.dll
[da4c:0007][2026-05-10T00:49:56] Timestamp updated for file 'D:\Program\Common7\IDE\PrivateAssemblies\Microsoft.VisualStudio.VC.RecommendationProvider.dll'.
[da4c:0007][2026-05-10T00:49:56] Processing file /Contents/Common7/IDE/PrivateAssemblies/Microsoft.VisualStudio.VsWizard.dll
[da4c:0007][2026-05-10T00:49:56] Started: Copying file /Contents/Common7/IDE/PrivateAssemblies/Microsoft.VisualStudio.VsWizard.dll to D:\Program\Common7\IDE\PrivateAssemblies\Microsoft.VisualStudio.VsWizard.dll
[da4c:0007][2026-05-10T00:49:56] Completed: Copying file /Contents/Common7/IDE/PrivateAssemblies/Microsoft.VisualStudio.VsWizard.dll to D:\Program\Common7\IDE\PrivateAssemblies\Microsoft.VisualStudio.VsWizard.dll
[da4c:0007][2026-05-10T00:49:56] Timestamp updated for file 'D:\Program\Common7\IDE\PrivateAssemblies\Microsoft.VisualStudio.VsWizard.dll'.
[da4c:0007][2026-05-10T00:49:56] Processing file /Contents/Common7/IDE/PublicAssemblies/Microsoft.VisualStudio.VC.Interfaces.dll
[da4c:0007][2026-05-10T00:49:56] Started: Copying file /Contents/Common7/IDE/PublicAssemblies/Microsoft.VisualStudio.VC.Interfaces.dll to D:\Program\Common7\IDE\PublicAssemblies\Microsoft.VisualStudio.VC.Interfaces.dll
[da4c:0007][2026-05-10T00:49:56] Completed: Copying file /Contents/Common7/IDE/PublicAssemblies/Microsoft.VisualStudio.VC.Interfaces.dll to D:\Program\Common7\IDE\PublicAssemblies\Microsoft.VisualStudio.VC.Interfaces.dll
[da4c:0007][2026-05-10T00:49:56] Timestamp updated for file 'D:\Program\Common7\IDE\PublicAssemblies\Microsoft.VisualStudio.VC.Interfaces.dll'.
[da4c:0007][2026-05-10T00:49:56] Processing file /Contents/Common7/IDE/PublicAssemblies/Microsoft.VisualStudio.VCCodeModel.dll
[da4c:0007][2026-05-10T00:49:56] Started: Copying file /Contents/Common7/IDE/PublicAssemblies/Microsoft.VisualStudio.VCCodeModel.dll to D:\Program\Common7\IDE\PublicAssemblies\Microsoft.VisualStudio.VCCodeModel.dll
[da4c:0007][2026-05-10T00:49:56] Completed: Copying file /Contents/Common7/IDE/PublicAssemblies/Microsoft.VisualStudio.VCCodeModel.dll to D:\Program\Common7\IDE\PublicAssemblies\Microsoft.VisualStudio.VCCodeModel.dll
[da4c:0007][2026-05-10T00:49:56] Timestamp updated for file 'D:\Program\Common7\IDE\PublicAssemblies\Microsoft.VisualStudio.VCCodeModel.dll'.
[da4c:0007][2026-05-10T00:49:56] Processing file /Contents/Common7/IDE/VC/vc.manifest
[da4c:0007][2026-05-10T00:49:56] Started: Copying file /Contents/Common7/IDE/VC/vc.manifest to D:\Program\Common7\IDE\VC\vc.manifest
[da4c:0007][2026-05-10T00:49:56] Completed: Copying file /Contents/Common7/IDE/VC/vc.manifest to D:\Program\Common7\IDE\VC\vc.manifest
[da4c:0007][2026-05-10T00:49:56] Timestamp updated for file 'D:\Program\Common7\IDE\VC\vc.manifest'.
[da4c:0007][2026-05-10T00:49:56] Processing file /Contents/Common7/IDE/VC/vcpackages/cpfe.dll
[da4c:0007][2026-05-10T00:49:56] Started: Copying file /Contents/Common7/IDE/VC/vcpackages/cpfe.dll to D:\Program\Common7\IDE\VC\vcpackages\cpfe.dll
[da4c:0007][2026-05-10T00:49:56] Completed: Copying file /Contents/Common7/IDE/VC/vcpackages/cpfe.dll to D:\Program\Common7\IDE\VC\vcpackages\cpfe.dll
[da4c:0007][2026-05-10T00:49:56] Timestamp updated for file 'D:\Program\Common7\IDE\VC\vcpackages\cpfe.dll'.
[da4c:0007][2026-05-10T00:49:56] Processing file /Contents/Common7/IDE/VC/vcpackages/cpfecl.Android.arm.dll
[da4c:0007][2026-05-10T00:49:56] Started: Copying file /Contents/Common7/IDE/VC/vcpackages/cpfecl.Android.arm.dll to D:\Program\Common7\IDE\VC\vcpackages\cpfecl.Android.arm.dll
[da4c:0007][2026-05-10T00:49:56] Completed: Copying file /Contents/Common7/IDE/VC/vcpackages/cpfecl.Android.arm.dll to D:\Program\Common7\IDE\VC\vcpackages\cpfecl.Android.arm.dll
[da4c:0007][2026-05-10T00:49:56] Timestamp updated for file 'D:\Program\Common7\IDE\VC\vcpackages\cpfecl.Android.arm.dll'.
[da4c:0007][2026-05-10T00:49:56] Processing file /Contents/Common7/IDE/VC/vcpackages/cpfecl.Android.arm64.dll
[da4c:0007][2026-05-10T00:49:56] Started: Copying file /Contents/Common7/IDE/VC/vcpackages/cpfecl.Android.arm64.dll to D:\Program\Common7\IDE\VC\vcpackages\cpfecl.Android.arm64.dll
[da4c:0007][2026-05-10T00:49:56] Completed: Copying file /Contents/Common7/IDE/VC/vcpackages/cpfecl.Android.arm64.dll to D:\Program\Common7\IDE\VC\vcpackages\cpfecl.Android.arm64.dll
[da4c:0007][2026-05-10T00:49:56] Timestamp updated for file 'D:\Program\Common7\IDE\VC\vcpackages\cpfecl.Android.arm64.dll'.
[da4c:0007][2026-05-10T00:49:56] Processing file /Contents/Common7/IDE/VC/vcpackages/cpfecl.Android.x64.dll
[da4c:0007][2026-05-10T00:49:56] Started: Copying file /Contents/Common7/IDE/VC/vcpackages/cpfecl.Android.x64.dll to D:\Program\Common7\IDE\VC\vcpackages\cpfecl.Android.x64.dll
[da4c:0007][2026-05-10T00:49:56] Completed: Copying file /Contents/Common7/IDE/VC/vcpackages/cpfecl.Android.x64.dll to D:\Program\Common7\IDE\VC\vcpackages\cpfecl.Android.x64.dll
[da4c:0007][2026-05-10T00:49:56] Timestamp updated for file 'D:\Program\Common7\IDE\VC\vcpackages\cpfecl.Android.x64.dll'.
[da4c:0007][2026-05-10T00:49:56] Processing file /Contents/Common7/IDE/VC/vcpackages/cpfecl.Android.x86.dll
[da4c:0007][2026-05-10T00:49:56] Started: Copying file /Contents/Common7/IDE/VC/vcpackages/cpfecl.Android.x86.dll to D:\Program\Common7\IDE\VC\vcpackages\cpfecl.Android.x86.dll
[da4c:0007][2026-05-10T00:49:56] Completed: Copying file /Contents/Common7/IDE/VC/vcpackages/cpfecl.Android.x86.dll to D:\Program\Common7\IDE\VC\vcpackages\cpfecl.Android.x86.dll
[da4c:0007][2026-05-10T00:49:56] Timestamp updated for file 'D:\Program\Common7\IDE\VC\vcpackages\cpfecl.Android.x86.dll'.
[da4c:0007][2026-05-10T00:49:56] Processing file /Contents/Common7/IDE/VC/vcpackages/cpfecl.arm.dll
[da4c:0007][2026-05-10T00:49:56] Started: Copying file /Contents/Common7/IDE/VC/vcpackages/cpfecl.arm.dll to D:\Program\Common7\IDE\VC\vcpackages\cpfecl.arm.dll
[da4c:0007][2026-05-10T00:49:56] Completed: Copying file /Contents/Common7/IDE/VC/vcpackages/cpfecl.arm.dll to D:\Program\Common7\IDE\VC\vcpackages\cpfecl.arm.dll
[da4c:0007][2026-05-10T00:49:56] Timestamp updated for file 'D:\Program\Common7\IDE\VC\vcpackages\cpfecl.arm.dll'.
[da4c:0007][2026-05-10T00:49:56] Processing file /Contents/Common7/IDE/VC/vcpackages/cpfecl.arm64.dll
[da4c:0007][2026-05-10T00:49:56] Started: Copying file /Contents/Common7/IDE/VC/vcpackages/cpfecl.arm64.dll to D:\Program\Common7\IDE\VC\vcpackages\cpfecl.arm64.dll
[da4c:0007][2026-05-10T00:49:56] Completed: Copying file /Contents/Common7/IDE/VC/vcpackages/cpfecl.arm64.dll to D:\Program\Common7\IDE\VC\vcpackages\cpfecl.arm64.dll
[da4c:0007][2026-05-10T00:49:56] Timestamp updated for file 'D:\Program\Common7\IDE\VC\vcpackages\cpfecl.arm64.dll'.
[da4c:0007][2026-05-10T00:49:56] Processing file /Contents/Common7/IDE/VC/vcpackages/cpfecl.Clang.Windows.arm.dll
[da4c:0007][2026-05-10T00:49:56] Started: Copying file /Contents/Common7/IDE/VC/vcpackages/cpfecl.Clang.Windows.arm.dll to D:\Program\Common7\IDE\VC\vcpackages\cpfecl.Clang.Windows.arm.dll
[da4c:0007][2026-05-10T00:49:56] Completed: Copying file /Contents/Common7/IDE/VC/vcpackages/cpfecl.Clang.Windows.arm.dll to D:\Program\Common7\IDE\VC\vcpackages\cpfecl.Clang.Windows.arm.dll
[da4c:0007][2026-05-10T00:49:56] Timestamp updated for file 'D:\Program\Common7\IDE\VC\vcpackages\cpfecl.Clang.Windows.arm.dll'.
[da4c:0007][2026-05-10T00:49:56] Processing file /Contents/Common7/IDE/VC/vcpackages/cpfecl.Clang.Windows.arm64.dll
[da4c:0007][2026-05-10T00:49:56] Started: Copying file /Contents/Common7/IDE/VC/vcpackages/cpfecl.Clang.Windows.arm64.dll to D:\Program\Common7\IDE\VC\vcpackages\cpfecl.Clang.Windows.arm64.dll
[da4c:0007][2026-05-10T00:49:56] Completed: Copying file /Contents/Common7/IDE/VC/vcpackages/cpfecl.Clang.Windows.arm64.dll to D:\Program\Common7\IDE\VC\vcpackages\cpfecl.Clang.Windows.arm64.dll
[da4c:0007][2026-05-10T00:49:56] Timestamp updated for file 'D:\Program\Common7\IDE\VC\vcpackages\cpfecl.Clang.Windows.arm64.dll'.
[da4c:0007][2026-05-10T00:49:56] Processing file /Contents/Common7/IDE/VC/vcpackages/cpfecl.Clang.Windows.x64.dll
[da4c:0007][2026-05-10T00:49:56] Started: Copying file /Contents/Common7/IDE/VC/vcpackages/cpfecl.Clang.Windows.x64.dll to D:\Program\Common7\IDE\VC\vcpackages\cpfecl.Clang.Windows.x64.dll
[da4c:0007][2026-05-10T00:49:56] Completed: Copying file /Contents/Common7/IDE/VC/vcpackages/cpfecl.Clang.Windows.x64.dll to D:\Program\Common7\IDE\VC\vcpackages\cpfecl.Clang.Windows.x64.dll
[da4c:0007][2026-05-10T00:49:56] Timestamp updated for file 'D:\Program\Common7\IDE\VC\vcpackages\cpfecl.Clang.Windows.x64.dll'.
[da4c:0007][2026-05-10T00:49:56] Processing file /Contents/Common7/IDE/VC/vcpackages/cpfecl.Clang.Windows.x86.dll
[da4c:0007][2026-05-10T00:49:56] Started: Copying file /Contents/Common7/IDE/VC/vcpackages/cpfecl.Clang.Windows.x86.dll to D:\Program\Common7\IDE\VC\vcpackages\cpfecl.Clang.Windows.x86.dll
[da4c:0007][2026-05-10T00:49:56] Completed: Copying file /Contents/Common7/IDE/VC/vcpackages/cpfecl.Clang.Windows.x86.dll to D:\Program\Common7\IDE\VC\vcpackages\cpfecl.Clang.Windows.x86.dll
[da4c:0007][2026-05-10T00:49:56] Timestamp updated for file 'D:\Program\Common7\IDE\VC\vcpackages\cpfecl.Clang.Windows.x86.dll'.
[da4c:0007][2026-05-10T00:49:56] Processing file /Contents/Common7/IDE/VC/vcpackages/cpfecl.iOS.arm.dll
[da4c:0007][2026-05-10T00:49:56] Started: Copying file /Contents/Common7/IDE/VC/vcpackages/cpfecl.iOS.arm.dll to D:\Program\Common7\IDE\VC\vcpackages\cpfecl.iOS.arm.dll
[da4c:0007][2026-05-10T00:49:56] Completed: Copying file /Contents/Common7/IDE/VC/vcpackages/cpfecl.iOS.arm.dll to D:\Program\Common7\IDE\VC\vcpackages\cpfecl.iOS.arm.dll
[da4c:0007][2026-05-10T00:49:56] Timestamp updated for file 'D:\Program\Common7\IDE\VC\vcpackages\cpfecl.iOS.arm.dll'.
[da4c:0007][2026-05-10T00:49:56] Processing file /Contents/Common7/IDE/VC/vcpackages/cpfecl.iOS.arm64.dll
[da4c:0007][2026-05-10T00:49:56] Started: Copying file /Contents/Common7/IDE/VC/vcpackages/cpfecl.iOS.arm64.dll to D:\Program\Common7\IDE\VC\vcpackages\cpfecl.iOS.arm64.dll
[da4c:0007][2026-05-10T00:49:56] Completed: Copying file /Contents/Common7/IDE/VC/vcpackages/cpfecl.iOS.arm64.dll to D:\Program\Common7\IDE\VC\vcpackages\cpfecl.iOS.arm64.dll
[da4c:0007][2026-05-10T00:49:56] Timestamp updated for file 'D:\Program\Common7\IDE\VC\vcpackages\cpfecl.iOS.arm64.dll'.
[da4c:0007][2026-05-10T00:49:56] Processing file /Contents/Common7/IDE/VC/vcpackages/cpfecl.iOS.x64.dll
[da4c:0007][2026-05-10T00:49:56] Started: Copying file /Contents/Common7/IDE/VC/vcpackages/cpfecl.iOS.x64.dll to D:\Program\Common7\IDE\VC\vcpackages\cpfecl.iOS.x64.dll
[da4c:0007][2026-05-10T00:49:56] Completed: Copying file /Contents/Common7/IDE/VC/vcpackages/cpfecl.iOS.x64.dll to D:\Program\Common7\IDE\VC\vcpackages\cpfecl.iOS.x64.dll
[da4c:0007][2026-05-10T00:49:56] Timestamp updated for file 'D:\Program\Common7\IDE\VC\vcpackages\cpfecl.iOS.x64.dll'.
[da4c:0007][2026-05-10T00:49:56] Processing file /Contents/Common7/IDE/VC/vcpackages/cpfecl.iOS.x86.dll
[da4c:0007][2026-05-10T00:49:56] Started: Copying file /Contents/Common7/IDE/VC/vcpackages/cpfecl.iOS.x86.dll to D:\Program\Common7\IDE\VC\vcpackages\cpfecl.iOS.x86.dll
[da4c:0007][2026-05-10T00:49:56] Completed: Copying file /Contents/Common7/IDE/VC/vcpackages/cpfecl.iOS.x86.dll to D:\Program\Common7\IDE\VC\vcpackages\cpfecl.iOS.x86.dll
[da4c:0007][2026-05-10T00:49:56] Timestamp updated for file 'D:\Program\Common7\IDE\VC\vcpackages\cpfecl.iOS.x86.dll'.
[da4c:0007][2026-05-10T00:49:56] Processing file /Contents/Common7/IDE/VC/vcpackages/cpfecl.Linux.arm.dll
[da4c:0007][2026-05-10T00:49:56] Started: Copying file /Contents/Common7/IDE/VC/vcpackages/cpfecl.Linux.arm.dll to D:\Program\Common7\IDE\VC\vcpackages\cpfecl.Linux.arm.dll
[da4c:0007][2026-05-10T00:49:56] Completed: Copying file /Contents/Common7/IDE/VC/vcpackages/cpfecl.Linux.arm.dll to D:\Program\Common7\IDE\VC\vcpackages\cpfecl.Linux.arm.dll
[da4c:0007][2026-05-10T00:49:56] Timestamp updated for file 'D:\Program\Common7\IDE\VC\vcpackages\cpfecl.Linux.arm.dll'.
[da4c:0007][2026-05-10T00:49:56] Processing file /Contents/Common7/IDE/VC/vcpackages/cpfecl.Linux.x64.dll
[da4c:0007][2026-05-10T00:49:56] Started: Copying file /Contents/Common7/IDE/VC/vcpackages/cpfecl.Linux.x64.dll to D:\Program\Common7\IDE\VC\vcpackages\cpfecl.Linux.x64.dll
[da4c:0007][2026-05-10T00:49:56] Completed: Copying file /Contents/Common7/IDE/VC/vcpackages/cpfecl.Linux.x64.dll to D:\Program\Common7\IDE\VC\vcpackages\cpfecl.Linux.x64.dll
[da4c:0007][2026-05-10T00:49:56] Timestamp updated for file 'D:\Program\Common7\IDE\VC\vcpackages\cpfecl.Linux.x64.dll'.
[da4c:0007][2026-05-10T00:49:56] Processing file /Contents/Common7/IDE/VC/vcpackages/cpfecl.Linux.x86.dll
[da4c:0007][2026-05-10T00:49:56] Started: Copying file /Contents/Common7/IDE/VC/vcpackages/cpfecl.Linux.x86.dll to D:\Program\Common7\IDE\VC\vcpackages\cpfecl.Linux.x86.dll
[da4c:0007][2026-05-10T00:49:56] Completed: Copying file /Contents/Common7/IDE/VC/vcpackages/cpfecl.Linux.x86.dll to D:\Program\Common7\IDE\VC\vcpackages\cpfecl.Linux.x86.dll
[da4c:0007][2026-05-10T00:49:56] Timestamp updated for file 'D:\Program\Common7\IDE\VC\vcpackages\cpfecl.Linux.x86.dll'.
[da4c:0007][2026-05-10T00:49:56] Processing file /Contents/Common7/IDE/VC/vcpackages/cpfecl.Win32.dll
[da4c:0007][2026-05-10T00:49:56] Started: Copying file /Contents/Common7/IDE/VC/vcpackages/cpfecl.Win32.dll to D:\Program\Common7\IDE\VC\vcpackages\cpfecl.Win32.dll
[da4c:0007][2026-05-10T00:49:56] Completed: Copying file /Contents/Common7/IDE/VC/vcpackages/cpfecl.Win32.dll to D:\Program\Common7\IDE\VC\vcpackages\cpfecl.Win32.dll
[da4c:0007][2026-05-10T00:49:56] Timestamp updated for file 'D:\Program\Common7\IDE\VC\vcpackages\cpfecl.Win32.dll'.
[da4c:0007][2026-05-10T00:49:56] Processing file /Contents/Common7/IDE/VC/vcpackages/cpfecl.x64.dll
[da4c:0007][2026-05-10T00:49:56] Started: Copying file /Contents/Common7/IDE/VC/vcpackages/cpfecl.x64.dll to D:\Program\Common7\IDE\VC\vcpackages\cpfecl.x64.dll
[da4c:0007][2026-05-10T00:49:56] Completed: Copying file /Contents/Common7/IDE/VC/vcpackages/cpfecl.x64.dll to D:\Program\Common7\IDE\VC\vcpackages\cpfecl.x64.dll
[da4c:0007][2026-05-10T00:49:56] Timestamp updated for file 'D:\Program\Common7\IDE\VC\vcpackages\cpfecl.x64.dll'.
[da4c:0007][2026-05-10T00:49:56] Processing file /Contents/Common7/IDE/VC/vcpackages/cpp.hint
[da4c:0007][2026-05-10T00:49:56] Started: Copying file /Contents/Common7/IDE/VC/vcpackages/cpp.hint to D:\Program\Common7\IDE\VC\vcpackages\cpp.hint
[da4c:0007][2026-05-10T00:49:56] Completed: Copying file /Contents/Common7/IDE/VC/vcpackages/cpp.hint to D:\Program\Common7\IDE\VC\vcpackages\cpp.hint
[da4c:0007][2026-05-10T00:49:56] Timestamp updated for file 'D:\Program\Common7\IDE\VC\vcpackages\cpp.hint'.
[da4c:0007][2026-05-10T00:49:56] Processing file /Contents/Common7/IDE/VC/vcpackages/dbsvc.dll
[da4c:0007][2026-05-10T00:49:56] Started: Copying file /Contents/Common7/IDE/VC/vcpackages/dbsvc.dll to D:\Program\Common7\IDE\VC\vcpackages\dbsvc.dll
[da4c:0007][2026-05-10T00:49:56] Completed: Copying file /Contents/Common7/IDE/VC/vcpackages/dbsvc.dll to D:\Program\Common7\IDE\VC\vcpackages\dbsvc.dll
[da4c:0007][2026-05-10T00:49:56] Timestamp updated for file 'D:\Program\Common7\IDE\VC\vcpackages\dbsvc.dll'.
[da4c:0007][2026-05-10T00:49:56] Processing file /Contents/Common7/IDE/VC/vcpackages/isense_model_extractor.exe
[da4c:0007][2026-05-10T00:49:56] Started: Copying file /Contents/Common7/IDE/VC/vcpackages/isense_model_extractor.exe to D:\Program\Common7\IDE\VC\vcpackages\isense_model_extractor.exe
[da4c:0007][2026-05-10T00:49:56] Completed: Copying file /Contents/Common7/IDE/VC/vcpackages/isense_model_extractor.exe to D:\Program\Common7\IDE\VC\vcpackages\isense_model_extractor.exe
[da4c:0007][2026-05-10T00:49:56] Timestamp updated for file 'D:\Program\Common7\IDE\VC\vcpackages\isense_model_extractor.exe'.
[da4c:0007][2026-05-10T00:49:56] Processing file /Contents/Common7/IDE/VC/vcpackages/msgblder.dll
[da4c:0007][2026-05-10T00:49:56] Started: Copying file /Contents/Common7/IDE/VC/vcpackages/msgblder.dll to D:\Program\Common7\IDE\VC\vcpackages\msgblder.dll
[da4c:0007][2026-05-10T00:49:56] Completed: Copying file /Contents/Common7/IDE/VC/vcpackages/msgblder.dll to D:\Program\Common7\IDE\VC\vcpackages\msgblder.dll
[da4c:0007][2026-05-10T00:49:56] Timestamp updated for file 'D:\Program\Common7\IDE\VC\vcpackages\msgblder.dll'.
[da4c:0007][2026-05-10T00:49:56] Processing file /Contents/Common7/IDE/VC/vcpackages/VCInterfaces.tlb
[da4c:0007][2026-05-10T00:49:56] Started: Copying file /Contents/Common7/IDE/VC/vcpackages/VCInterfaces.tlb to D:\Program\Common7\IDE\VC\vcpackages\VCInterfaces.tlb
[da4c:0007][2026-05-10T00:49:56] Completed: Copying file /Contents/Common7/IDE/VC/vcpackages/VCInterfaces.tlb to D:\Program\Common7\IDE\VC\vcpackages\VCInterfaces.tlb
[da4c:0007][2026-05-10T00:49:56] Timestamp updated for file 'D:\Program\Common7\IDE\VC\vcpackages\VCInterfaces.tlb'.
[da4c:0007][2026-05-10T00:49:56] Processing file /Contents/Common7/IDE/VC/vcpackages/vcpb2.tlb
[da4c:0007][2026-05-10T00:49:56] Started: Copying file /Contents/Common7/IDE/VC/vcpackages/vcpb2.tlb to D:\Program\Common7\IDE\VC\vcpackages\vcpb2.tlb
[da4c:0007][2026-05-10T00:49:56] Completed: Copying file /Contents/Common7/IDE/VC/vcpackages/vcpb2.tlb to D:\Program\Common7\IDE\VC\vcpackages\vcpb2.tlb
[da4c:0007][2026-05-10T00:49:56] Timestamp updated for file 'D:\Program\Common7\IDE\VC\vcpackages\vcpb2.tlb'.
[da4c:0007][2026-05-10T00:49:56] Processing file /Contents/Common7/IDE/VC/vcpackages/vcpkg.dll
[da4c:0007][2026-05-10T00:49:56] Started: Copying file /Contents/Common7/IDE/VC/vcpackages/vcpkg.dll to D:\Program\Common7\IDE\VC\vcpackages\vcpkg.dll
[da4c:0007][2026-05-10T00:49:56] Completed: Copying file /Contents/Common7/IDE/VC/vcpackages/vcpkg.dll to D:\Program\Common7\IDE\VC\vcpackages\vcpkg.dll
[da4c:0007][2026-05-10T00:49:56] Timestamp updated for file 'D:\Program\Common7\IDE\VC\vcpackages\vcpkg.dll'.
[da4c:0007][2026-05-10T00:49:56] Processing file /Contents/Common7/IDE/VC/vcpackages/vcpkgsrv.exe
[da4c:0007][2026-05-10T00:49:56] Started: Copying file /Contents/Common7/IDE/VC/vcpackages/vcpkgsrv.exe to D:\Program\Common7\IDE\VC\vcpackages\vcpkgsrv.exe
[da4c:0007][2026-05-10T00:49:56] Completed: Copying file /Contents/Common7/IDE/VC/vcpackages/vcpkgsrv.exe to D:\Program\Common7\IDE\VC\vcpackages\vcpkgsrv.exe
[da4c:0007][2026-05-10T00:49:56] Timestamp updated for file 'D:\Program\Common7\IDE\VC\vcpackages\vcpkgsrv.exe'.
[da4c:0007][2026-05-10T00:49:56] Processing file /Contents/Common7/IDE/VC/vcpackages/vcpkgsrv.exe.config
[da4c:0007][2026-05-10T00:49:56] Started: Copying file /Contents/Common7/IDE/VC/vcpackages/vcpkgsrv.exe.config to D:\Program\Common7\IDE\VC\vcpackages\vcpkgsrv.exe.config
[da4c:0007][2026-05-10T00:49:56] Completed: Copying file /Contents/Common7/IDE/VC/vcpackages/vcpkgsrv.exe.config to D:\Program\Common7\IDE\VC\vcpackages\vcpkgsrv.exe.config
[da4c:0007][2026-05-10T00:49:56] Timestamp updated for file 'D:\Program\Common7\IDE\VC\vcpackages\vcpkgsrv.exe.config'.
[da4c:0007][2026-05-10T00:49:56] Processing file /Contents/Common7/IDE/VsWizard.dll
[da4c:0007][2026-05-10T00:49:56] Started: Copying file /Contents/Common7/IDE/VsWizard.dll to D:\Program\Common7\IDE\VsWizard.dll
[da4c:0007][2026-05-10T00:49:56] Completed: Copying file /Contents/Common7/IDE/VsWizard.dll to D:\Program\Common7\IDE\VsWizard.dll
[da4c:0007][2026-05-10T00:49:56] Timestamp updated for file 'D:\Program\Common7\IDE\VsWizard.dll'.
[da4c:0007][2026-05-10T00:49:56] Processing file /Contents/Common7/IDE/VsWizards.manifest
[da4c:0007][2026-05-10T00:49:56] Started: Copying file /Contents/Common7/IDE/VsWizards.manifest to D:\Program\Common7\IDE\VsWizards.manifest
[da4c:0007][2026-05-10T00:49:56] Completed: Copying file /Contents/Common7/IDE/VsWizards.manifest to D:\Program\Common7\IDE\VsWizards.manifest
[da4c:0007][2026-05-10T00:49:56] Timestamp updated for file 'D:\Program\Common7\IDE\VsWizards.manifest'.
[da4c:0007][2026-05-10T00:49:56] Processing file /Contents/Common7/IDE/CommonExtensions/Microsoft/Architecture%20Tools/Providers/NativeCode/extension.vsixmanifest
[da4c:0007][2026-05-10T00:49:56] Started: Copying file /Contents/Common7/IDE/CommonExtensions/Microsoft/Architecture%20Tools/Providers/NativeCode/extension.vsixmanifest to D:\Program\Common7\IDE\CommonExtensions\Microsoft\Architecture Tools\Providers\NativeCode\extension.vsixmanifest
[da4c:0007][2026-05-10T00:49:56] Completed: Copying file /Contents/Common7/IDE/CommonExtensions/Microsoft/Architecture%20Tools/Providers/NativeCode/extension.vsixmanifest to D:\Program\Common7\IDE\CommonExtensions\Microsoft\Architecture Tools\Providers\NativeCode\extension.vsixmanifest
[da4c:0007][2026-05-10T00:49:56] Timestamp updated for file 'D:\Program\Common7\IDE\CommonExtensions\Microsoft\Architecture Tools\Providers\NativeCode\extension.vsixmanifest'.
[da4c:0007][2026-05-10T00:49:56] Processing file /Contents/Common7/IDE/CommonExtensions/Microsoft/VC/extension.vsixmanifest
[da4c:0007][2026-05-10T00:49:56] Started: Copying file /Contents/Common7/IDE/CommonExtensions/Microsoft/VC/extension.vsixmanifest to D:\Program\Common7\IDE\CommonExtensions\Microsoft\VC\extension.vsixmanifest
[da4c:0007][2026-05-10T00:49:56] Completed: Copying file /Contents/Common7/IDE/CommonExtensions/Microsoft/VC/extension.vsixmanifest to D:\Program\Common7\IDE\CommonExtensions\Microsoft\VC\extension.vsixmanifest
[da4c:0007][2026-05-10T00:49:56] Timestamp updated for file 'D:\Program\Common7\IDE\CommonExtensions\Microsoft\VC\extension.vsixmanifest'.
[da4c:0007][2026-05-10T00:49:56] Processing file /Contents/Common7/IDE/CommonExtensions/Microsoft/VC/LanguageServer/extension.vsixmanifest
[da4c:0007][2026-05-10T00:49:56] Started: Copying file /Contents/Common7/IDE/CommonExtensions/Microsoft/VC/LanguageServer/extension.vsixmanifest to D:\Program\Common7\IDE\CommonExtensions\Microsoft\VC\LanguageServer\extension.vsixmanifest
[da4c:0007][2026-05-10T00:49:56] Completed: Copying file /Contents/Common7/IDE/CommonExtensions/Microsoft/VC/LanguageServer/extension.vsixmanifest to D:\Program\Common7\IDE\CommonExtensions\Microsoft\VC\LanguageServer\extension.vsixmanifest
[da4c:0007][2026-05-10T00:49:56] Timestamp updated for file 'D:\Program\Common7\IDE\CommonExtensions\Microsoft\VC\LanguageServer\extension.vsixmanifest'.
[da4c:0007][2026-05-10T00:49:56] Processing file /Contents/Common7/IDE/Extensions/Microsoft/VC/ClassWizard/extension.vsixmanifest
[da4c:0007][2026-05-10T00:49:56] Started: Copying file /Contents/Common7/IDE/Extensions/Microsoft/VC/ClassWizard/extension.vsixmanifest to D:\Program\Common7\IDE\Extensions\Microsoft\VC\ClassWizard\extension.vsixmanifest
[da4c:0007][2026-05-10T00:49:56] Completed: Copying file /Contents/Common7/IDE/Extensions/Microsoft/VC/ClassWizard/extension.vsixmanifest to D:\Program\Common7\IDE\Extensions\Microsoft\VC\ClassWizard\extension.vsixmanifest
[da4c:0007][2026-05-10T00:49:56] Timestamp updated for file 'D:\Program\Common7\IDE\Extensions\Microsoft\VC\ClassWizard\extension.vsixmanifest'.
[da4c:0007][2026-05-10T00:49:56] Package executed successfully. Return code: 0
