[2e2c:0007][2026-05-10T01:23:51] Opening the package for processing
[2e2c:0007][2026-05-10T01:23:51] Using package payload to get the embedded manifest
[2e2c:0007][2026-05-10T01:23:51] Getting list of files within the package
[2e2c:0007][2026-05-10T01:23:51] Processing file /Contents/Common7/IDE/CommonExtensions/Platform/Debugger/PerfDebuggerWebViews/css/IntelliTraceGraph.css
[2e2c:0007][2026-05-10T01:23:51] Started: Copying file /Contents/Common7/IDE/CommonExtensions/Platform/Debugger/PerfDebuggerWebViews/css/IntelliTraceGraph.css to D:\Program Files (x86)\Microsoft Visual Studio\2022\BuildTools\Common7\IDE\CommonExtensions\Platform\Debugger\PerfDebuggerWebViews\css\IntelliTraceGraph.css
[2e2c:0007][2026-05-10T01:23:51] Completed: Copying file /Contents/Common7/IDE/CommonExtensions/Platform/Debugger/PerfDebuggerWebViews/css/IntelliTraceGraph.css to D:\Program Files (x86)\Microsoft Visual Studio\2022\BuildTools\Common7\IDE\CommonExtensions\Platform\Debugger\PerfDebuggerWebViews\css\IntelliTraceGraph.css
[2e2c:0007][2026-05-10T01:23:51] Timestamp updated for file 'D:\Program Files (x86)\Microsoft Visual Studio\2022\BuildTools\Common7\IDE\CommonExtensions\Platform\Debugger\PerfDebuggerWebViews\css\IntelliTraceGraph.css'.
[2e2c:0007][2026-05-10T01:23:51] Processing file /Contents/Common7/IDE/CommonExtensions/Platform/Debugger/PerfDebuggerWebViews/icons/AllEventsIcon.svg
[2e2c:0007][2026-05-10T01:23:51] Started: Copying file /Contents/Common7/IDE/CommonExtensions/Platform/Debugger/PerfDebuggerWebViews/icons/AllEventsIcon.svg to D:\Program Files (x86)\Microsoft Visual Studio\2022\BuildTools\Common7\IDE\CommonExtensions\Platform\Debugger\PerfDebuggerWebViews\icons\AllEventsIcon.svg
[2e2c:0007][2026-05-10T01:23:51] Completed: Copying file /Contents/Common7/IDE/CommonExtensions/Platform/Debugger/PerfDebuggerWebViews/icons/AllEventsIcon.svg to D:\Program Files (x86)\Microsoft Visual Studio\2022\BuildTools\Common7\IDE\CommonExtensions\Platform\Debugger\PerfDebuggerWebViews\icons\AllEventsIcon.svg
[2e2c:0007][2026-05-10T01:23:51] Timestamp updated for file 'D:\Program Files (x86)\Microsoft Visual Studio\2022\BuildTools\Common7\IDE\CommonExtensions\Platform\Debugger\PerfDebuggerWebViews\icons\AllEventsIcon.svg'.
[2e2c:0007][2026-05-10T01:23:51] Processing file /Contents/Common7/IDE/CommonExtensions/Platform/Debugger/PerfDebuggerWebViews/icons/BreakTrackIcon.svg
[2e2c:0007][2026-05-10T01:23:51] Started: Copying file /Contents/Common7/IDE/CommonExtensions/Platform/Debugger/PerfDebuggerWebViews/icons/BreakTrackIcon.svg to D:\Program Files (x86)\Microsoft Visual Studio\2022\BuildTools\Common7\IDE\CommonExtensions\Platform\Debugger\PerfDebuggerWebViews\icons\BreakTrackIcon.svg
[2e2c:0007][2026-05-10T01:23:51] Completed: Copying file /Contents/Common7/IDE/CommonExtensions/Platform/Debugger/PerfDebuggerWebViews/icons/BreakTrackIcon.svg to D:\Program Files (x86)\Microsoft Visual Studio\2022\BuildTools\Common7\IDE\CommonExtensions\Platform\Debugger\PerfDebuggerWebViews\icons\BreakTrackIcon.svg
[2e2c:0007][2026-05-10T01:23:51] Timestamp updated for file 'D:\Program Files (x86)\Microsoft Visual Studio\2022\BuildTools\Common7\IDE\CommonExtensions\Platform\Debugger\PerfDebuggerWebViews\icons\BreakTrackIcon.svg'.
[2e2c:0007][2026-05-10T01:23:51] Processing file /Contents/Common7/IDE/CommonExtensions/Platform/Debugger/PerfDebuggerWebViews/icons/ExceptionEventIcon.svg
[2e2c:0007][2026-05-10T01:23:51] Started: Copying file /Contents/Common7/IDE/CommonExtensions/Platform/Debugger/PerfDebuggerWebViews/icons/ExceptionEventIcon.svg to D:\Program Files (x86)\Microsoft Visual Studio\2022\BuildTools\Common7\IDE\CommonExtensions\Platform\Debugger\PerfDebuggerWebViews\icons\ExceptionEventIcon.svg
[2e2c:0007][2026-05-10T01:23:51] Completed: Copying file /Contents/Common7/IDE/CommonExtensions/Platform/Debugger/PerfDebuggerWebViews/icons/ExceptionEventIcon.svg to D:\Program Files (x86)\Microsoft Visual Studio\2022\BuildTools\Common7\IDE\CommonExtensions\Platform\Debugger\PerfDebuggerWebViews\icons\ExceptionEventIcon.svg
[2e2c:0007][2026-05-10T01:23:51] Timestamp updated for file 'D:\Program Files (x86)\Microsoft Visual Studio\2022\BuildTools\Common7\IDE\CommonExtensions\Platform\Debugger\PerfDebuggerWebViews\icons\ExceptionEventIcon.svg'.
[2e2c:0007][2026-05-10T01:23:51] Processing file /Contents/Common7/IDE/CommonExtensions/Platform/Debugger/PerfDebuggerWebViews/icons/IntelliTraceTrackIcon.svg
[2e2c:0007][2026-05-10T01:23:51] Started: Copying file /Contents/Common7/IDE/CommonExtensions/Platform/Debugger/PerfDebuggerWebViews/icons/IntelliTraceTrackIcon.svg to D:\Program Files (x86)\Microsoft Visual Studio\2022\BuildTools\Common7\IDE\CommonExtensions\Platform\Debugger\PerfDebuggerWebViews\icons\IntelliTraceTrackIcon.svg
[2e2c:0007][2026-05-10T01:23:51] Completed: Copying file /Contents/Common7/IDE/CommonExtensions/Platform/Debugger/PerfDebuggerWebViews/icons/IntelliTraceTrackIcon.svg to D:\Program Files (x86)\Microsoft Visual Studio\2022\BuildTools\Common7\IDE\CommonExtensions\Platform\Debugger\PerfDebuggerWebViews\icons\IntelliTraceTrackIcon.svg
[2e2c:0007][2026-05-10T01:23:51] Timestamp updated for file 'D:\Program Files (x86)\Microsoft Visual Studio\2022\BuildTools\Common7\IDE\CommonExtensions\Platform\Debugger\PerfDebuggerWebViews\icons\IntelliTraceTrackIcon.svg'.
[2e2c:0007][2026-05-10T01:23:51] Processing file /Contents/Common7/IDE/CommonExtensions/Platform/Debugger/PerfDebuggerWebViews/icons/timeline/light/normal/TimelineMarkGray.png
[2e2c:0007][2026-05-10T01:23:51] Started: Copying file /Contents/Common7/IDE/CommonExtensions/Platform/Debugger/PerfDebuggerWebViews/icons/timeline/light/normal/TimelineMarkGray.png to D:\Program Files (x86)\Microsoft Visual Studio\2022\BuildTools\Common7\IDE\CommonExtensions\Platform\Debugger\PerfDebuggerWebViews\icons\timeline\light\normal\TimelineMarkGray.png
[2e2c:0007][2026-05-10T01:23:51] Completed: Copying file /Contents/Common7/IDE/CommonExtensions/Platform/Debugger/PerfDebuggerWebViews/icons/timeline/light/normal/TimelineMarkGray.png to D:\Program Files (x86)\Microsoft Visual Studio\2022\BuildTools\Common7\IDE\CommonExtensions\Platform\Debugger\PerfDebuggerWebViews\icons\timeline\light\normal\TimelineMarkGray.png
[2e2c:0007][2026-05-10T01:23:51] Timestamp updated for file 'D:\Program Files (x86)\Microsoft Visual Studio\2022\BuildTools\Common7\IDE\CommonExtensions\Platform\Debugger\PerfDebuggerWebViews\icons\timeline\light\normal\TimelineMarkGray.png'.
[2e2c:0007][2026-05-10T01:23:51] Processing file /Contents/Common7/IDE/CommonExtensions/Platform/Debugger/PerfDebuggerWebViews/icons/timeline/light/normal/TimelineMarkPurple.png
[2e2c:0007][2026-05-10T01:23:51] Started: Copying file /Contents/Common7/IDE/CommonExtensions/Platform/Debugger/PerfDebuggerWebViews/icons/timeline/light/normal/TimelineMarkPurple.png to D:\Program Files (x86)\Microsoft Visual Studio\2022\BuildTools\Common7\IDE\CommonExtensions\Platform\Debugger\PerfDebuggerWebViews\icons\timeline\light\normal\TimelineMarkPurple.png
[2e2c:0007][2026-05-10T01:23:51] Completed: Copying file /Contents/Common7/IDE/CommonExtensions/Platform/Debugger/PerfDebuggerWebViews/icons/timeline/light/normal/TimelineMarkPurple.png to D:\Program Files (x86)\Microsoft Visual Studio\2022\BuildTools\Common7\IDE\CommonExtensions\Platform\Debugger\PerfDebuggerWebViews\icons\timeline\light\normal\TimelineMarkPurple.png
[2e2c:0007][2026-05-10T01:23:51] Timestamp updated for file 'D:\Program Files (x86)\Microsoft Visual Studio\2022\BuildTools\Common7\IDE\CommonExtensions\Platform\Debugger\PerfDebuggerWebViews\icons\timeline\light\normal\TimelineMarkPurple.png'.
[2e2c:0007][2026-05-10T01:23:51] Processing file /Contents/Common7/IDE/CommonExtensions/Platform/Debugger/PerfDebuggerWebViews/icons/timeline/light/normal/TimelineMarkRed.png
[2e2c:0007][2026-05-10T01:23:51] Started: Copying file /Contents/Common7/IDE/CommonExtensions/Platform/Debugger/PerfDebuggerWebViews/icons/timeline/light/normal/TimelineMarkRed.png to D:\Program Files (x86)\Microsoft Visual Studio\2022\BuildTools\Common7\IDE\CommonExtensions\Platform\Debugger\PerfDebuggerWebViews\icons\timeline\light\normal\TimelineMarkRed.png
[2e2c:0007][2026-05-10T01:23:51] Completed: Copying file /Contents/Common7/IDE/CommonExtensions/Platform/Debugger/PerfDebuggerWebViews/icons/timeline/light/normal/TimelineMarkRed.png to D:\Program Files (x86)\Microsoft Visual Studio\2022\BuildTools\Common7\IDE\CommonExtensions\Platform\Debugger\PerfDebuggerWebViews\icons\timeline\light\normal\TimelineMarkRed.png
[2e2c:0007][2026-05-10T01:23:51] Timestamp updated for file 'D:\Program Files (x86)\Microsoft Visual Studio\2022\BuildTools\Common7\IDE\CommonExtensions\Platform\Debugger\PerfDebuggerWebViews\icons\timeline\light\normal\TimelineMarkRed.png'.
[2e2c:0007][2026-05-10T01:23:51] Processing file /Contents/Common7/IDE/CommonExtensions/Platform/Debugger/PerfDebuggerWebViews/icons/timeline/light/selected/TimelineMarkGray.png
[2e2c:0007][2026-05-10T01:23:51] Started: Copying file /Contents/Common7/IDE/CommonExtensions/Platform/Debugger/PerfDebuggerWebViews/icons/timeline/light/selected/TimelineMarkGray.png to D:\Program Files (x86)\Microsoft Visual Studio\2022\BuildTools\Common7\IDE\CommonExtensions\Platform\Debugger\PerfDebuggerWebViews\icons\timeline\light\selected\TimelineMarkGray.png
[2e2c:0007][2026-05-10T01:23:51] Completed: Copying file /Contents/Common7/IDE/CommonExtensions/Platform/Debugger/PerfDebuggerWebViews/icons/timeline/light/selected/TimelineMarkGray.png to D:\Program Files (x86)\Microsoft Visual Studio\2022\BuildTools\Common7\IDE\CommonExtensions\Platform\Debugger\PerfDebuggerWebViews\icons\timeline\light\selected\TimelineMarkGray.png
[2e2c:0007][2026-05-10T01:23:51] Timestamp updated for file 'D:\Program Files (x86)\Microsoft Visual Studio\2022\BuildTools\Common7\IDE\CommonExtensions\Platform\Debugger\PerfDebuggerWebViews\icons\timeline\light\selected\TimelineMarkGray.png'.
[2e2c:0007][2026-05-10T01:23:51] Processing file /Contents/Common7/IDE/CommonExtensions/Platform/Debugger/PerfDebuggerWebViews/icons/timeline/light/selected/TimelineMarkPurple.png
[2e2c:0007][2026-05-10T01:23:51] Started: Copying file /Contents/Common7/IDE/CommonExtensions/Platform/Debugger/PerfDebuggerWebViews/icons/timeline/light/selected/TimelineMarkPurple.png to D:\Program Files (x86)\Microsoft Visual Studio\2022\BuildTools\Common7\IDE\CommonExtensions\Platform\Debugger\PerfDebuggerWebViews\icons\timeline\light\selected\TimelineMarkPurple.png
[2e2c:0007][2026-05-10T01:23:51] Completed: Copying file /Contents/Common7/IDE/CommonExtensions/Platform/Debugger/PerfDebuggerWebViews/icons/timeline/light/selected/TimelineMarkPurple.png to D:\Program Files (x86)\Microsoft Visual Studio\2022\BuildTools\Common7\IDE\CommonExtensions\Platform\Debugger\PerfDebuggerWebViews\icons\timeline\light\selected\TimelineMarkPurple.png
[2e2c:0007][2026-05-10T01:23:51] Timestamp updated for file 'D:\Program Files (x86)\Microsoft Visual Studio\2022\BuildTools\Common7\IDE\CommonExtensions\Platform\Debugger\PerfDebuggerWebViews\icons\timeline\light\selected\TimelineMarkPurple.png'.
[2e2c:0007][2026-05-10T01:23:51] Processing file /Contents/Common7/IDE/CommonExtensions/Platform/Debugger/PerfDebuggerWebViews/icons/timeline/light/selected/TimelineMarkRed.png
[2e2c:0007][2026-05-10T01:23:51] Started: Copying file /Contents/Common7/IDE/CommonExtensions/Platform/Debugger/PerfDebuggerWebViews/icons/timeline/light/selected/TimelineMarkRed.png to D:\Program Files (x86)\Microsoft Visual Studio\2022\BuildTools\Common7\IDE\CommonExtensions\Platform\Debugger\PerfDebuggerWebViews\icons\timeline\light\selected\TimelineMarkRed.png
[2e2c:0007][2026-05-10T01:23:51] Completed: Copying file /Contents/Common7/IDE/CommonExtensions/Platform/Debugger/PerfDebuggerWebViews/icons/timeline/light/selected/TimelineMarkRed.png to D:\Program Files (x86)\Microsoft Visual Studio\2022\BuildTools\Common7\IDE\CommonExtensions\Platform\Debugger\PerfDebuggerWebViews\icons\timeline\light\selected\TimelineMarkRed.png
[2e2c:0007][2026-05-10T01:23:51] Timestamp updated for file 'D:\Program Files (x86)\Microsoft Visual Studio\2022\BuildTools\Common7\IDE\CommonExtensions\Platform\Debugger\PerfDebuggerWebViews\icons\timeline\light\selected\TimelineMarkRed.png'.
[2e2c:0007][2026-05-10T01:23:51] Processing file /Contents/Common7/IDE/CommonExtensions/Platform/Debugger/PerfDebuggerWebViews/PerfDebuggerSwimlane.js
[2e2c:0007][2026-05-10T01:23:51] Started: Copying file /Contents/Common7/IDE/CommonExtensions/Platform/Debugger/PerfDebuggerWebViews/PerfDebuggerSwimlane.js to D:\Program Files (x86)\Microsoft Visual Studio\2022\BuildTools\Common7\IDE\CommonExtensions\Platform\Debugger\PerfDebuggerWebViews\PerfDebuggerSwimlane.js
[2e2c:0007][2026-05-10T01:23:51] Completed: Copying file /Contents/Common7/IDE/CommonExtensions/Platform/Debugger/PerfDebuggerWebViews/PerfDebuggerSwimlane.js to D:\Program Files (x86)\Microsoft Visual Studio\2022\BuildTools\Common7\IDE\CommonExtensions\Platform\Debugger\PerfDebuggerWebViews\PerfDebuggerSwimlane.js
[2e2c:0007][2026-05-10T01:23:51] Timestamp updated for file 'D:\Program Files (x86)\Microsoft Visual Studio\2022\BuildTools\Common7\IDE\CommonExtensions\Platform\Debugger\PerfDebuggerWebViews\PerfDebuggerSwimlane.js'.
[2e2c:0007][2026-05-10T01:23:51] Processing file /Contents/Common7/IDE/PrivateAssemblies/Microsoft.VisualStudio.Diagnostics.HubExtensions.dll
[2e2c:0007][2026-05-10T01:23:51] Started: Copying file /Contents/Common7/IDE/PrivateAssemblies/Microsoft.VisualStudio.Diagnostics.HubExtensions.dll to D:\Program Files (x86)\Microsoft Visual Studio\2022\BuildTools\Common7\IDE\PrivateAssemblies\Microsoft.VisualStudio.Diagnostics.HubExtensions.dll
[2e2c:0007][2026-05-10T01:23:51] Completed: Copying file /Contents/Common7/IDE/PrivateAssemblies/Microsoft.VisualStudio.Diagnostics.HubExtensions.dll to D:\Program Files (x86)\Microsoft Visual Studio\2022\BuildTools\Common7\IDE\PrivateAssemblies\Microsoft.VisualStudio.Diagnostics.HubExtensions.dll
[2e2c:0007][2026-05-10T01:23:51] Timestamp updated for file 'D:\Program Files (x86)\Microsoft Visual Studio\2022\BuildTools\Common7\IDE\PrivateAssemblies\Microsoft.VisualStudio.Diagnostics.HubExtensions.dll'.
[2e2c:0007][2026-05-10T01:23:51] Queueing D:\Program Files (x86)\Microsoft Visual Studio\2022\BuildTools\Common7\IDE\PrivateAssemblies\Microsoft.VisualStudio.Diagnostics.HubExtensions.dll for X86 ngen
[2e2c:0007][2026-05-10T01:23:51] Successfully queued file '/Contents/Common7/IDE/PrivateAssemblies/Microsoft.VisualStudio.Diagnostics.HubExtensions.dll' for ngen
[2e2c:0007][2026-05-10T01:23:51] Package executed successfully. Return code: 0
