[3c7c:000c][2026-05-10T01:36:05] Opening the package for processing
[3c7c:000c][2026-05-10T01:36:05] Using package payload to get the embedded manifest
[3c7c:000c][2026-05-10T01:36:05] Getting list of files within the package
[3c7c:000c][2026-05-10T01:36:05] Processing file /Contents/Common7/IDE/vb7to8.exe
[3c7c:000c][2026-05-10T01:36:05] Started: Copying file /Contents/Common7/IDE/vb7to8.exe to C:\Program Files (x86)\Microsoft Visual Studio\2022\BuildTools\Common7\IDE\vb7to8.exe
[3c7c:000c][2026-05-10T01:36:05] Completed: Copying file /Contents/Common7/IDE/vb7to8.exe to C:\Program Files (x86)\Microsoft Visual Studio\2022\BuildTools\Common7\IDE\vb7to8.exe
[3c7c:000c][2026-05-10T01:36:05] Timestamp updated for file 'C:\Program Files (x86)\Microsoft Visual Studio\2022\BuildTools\Common7\IDE\vb7to8.exe'.
[3c7c:000c][2026-05-10T01:36:05] Processing file /Contents/Common7/IDE/vb7to8DL.dll
[3c7c:000c][2026-05-10T01:36:05] Started: Copying file /Contents/Common7/IDE/vb7to8DL.dll to C:\Program Files (x86)\Microsoft Visual Studio\2022\BuildTools\Common7\IDE\vb7to8DL.dll
[3c7c:000c][2026-05-10T01:36:05] Completed: Copying file /Contents/Common7/IDE/vb7to8DL.dll to C:\Program Files (x86)\Microsoft Visual Studio\2022\BuildTools\Common7\IDE\vb7to8DL.dll
[3c7c:000c][2026-05-10T01:36:05] Timestamp updated for file 'C:\Program Files (x86)\Microsoft Visual Studio\2022\BuildTools\Common7\IDE\vb7to8DL.dll'.
[3c7c:000c][2026-05-10T01:36:05] Processing file /Contents/Common7/IDE/vbdebug.dll
[3c7c:000c][2026-05-10T01:36:05] Started: Copying file /Contents/Common7/IDE/vbdebug.dll to C:\Program Files (x86)\Microsoft Visual Studio\2022\BuildTools\Common7\IDE\vbdebug.dll
[3c7c:000c][2026-05-10T01:36:05] Completed: Copying file /Contents/Common7/IDE/vbdebug.dll to C:\Program Files (x86)\Microsoft Visual Studio\2022\BuildTools\Common7\IDE\vbdebug.dll
[3c7c:000c][2026-05-10T01:36:05] Timestamp updated for file 'C:\Program Files (x86)\Microsoft Visual Studio\2022\BuildTools\Common7\IDE\vbdebug.dll'.
[3c7c:000c][2026-05-10T01:36:05] Processing file /Contents/VB/Bin/msvbprj.dll
[3c7c:000c][2026-05-10T01:36:05] Started: Copying file /Contents/VB/Bin/msvbprj.dll to C:\Program Files (x86)\Microsoft Visual Studio\2022\BuildTools\VB\Bin\msvbprj.dll
[3c7c:000c][2026-05-10T01:36:05] Completed: Copying file /Contents/VB/Bin/msvbprj.dll to C:\Program Files (x86)\Microsoft Visual Studio\2022\BuildTools\VB\Bin\msvbprj.dll
[3c7c:000c][2026-05-10T01:36:05] Timestamp updated for file 'C:\Program Files (x86)\Microsoft Visual Studio\2022\BuildTools\VB\Bin\msvbprj.dll'.
[3c7c:000c][2026-05-10T01:36:05] Package executed successfully. Return code: 0
