[c9c4:0009][2026-05-10T01:02:01] Opening the package for processing
[c9c4:0009][2026-05-10T01:02:01] Using package payload to get the embedded manifest
[c9c4:0009][2026-05-10T01:02:01] Getting list of files within the package
[c9c4:0009][2026-05-10T01:02:01] Processing file /catalog.json
[c9c4:0009][2026-05-10T01:02:01] Started: Copying file /catalog.json to D:\Program Files (x86)\Microsoft Visual Studio\2022\BuildTools\Common7\IDE\Extensions\Microsoft\DebuggerServices\catalog.json
[c9c4:0009][2026-05-10T01:02:01] Completed: Copying file /catalog.json to D:\Program Files (x86)\Microsoft Visual Studio\2022\BuildTools\Common7\IDE\Extensions\Microsoft\DebuggerServices\catalog.json
[c9c4:0009][2026-05-10T01:02:01] Timestamp updated for file 'D:\Program Files (x86)\Microsoft Visual Studio\2022\BuildTools\Common7\IDE\Extensions\Microsoft\DebuggerServices\catalog.json'.
[c9c4:0009][2026-05-10T01:02:01] Processing file /cs/Microsoft.VisualStudio.Debugger.Shared.resources.dll
[c9c4:0009][2026-05-10T01:02:01] Started: Copying file /cs/Microsoft.VisualStudio.Debugger.Shared.resources.dll to D:\Program Files (x86)\Microsoft Visual Studio\2022\BuildTools\Common7\IDE\Extensions\Microsoft\DebuggerServices\cs\Microsoft.VisualStudio.Debugger.Shared.resources.dll
[c9c4:0009][2026-05-10T01:02:01] Completed: Copying file /cs/Microsoft.VisualStudio.Debugger.Shared.resources.dll to D:\Program Files (x86)\Microsoft Visual Studio\2022\BuildTools\Common7\IDE\Extensions\Microsoft\DebuggerServices\cs\Microsoft.VisualStudio.Debugger.Shared.resources.dll
[c9c4:0009][2026-05-10T01:02:01] Timestamp updated for file 'D:\Program Files (x86)\Microsoft Visual Studio\2022\BuildTools\Common7\IDE\Extensions\Microsoft\DebuggerServices\cs\Microsoft.VisualStudio.Debugger.Shared.resources.dll'.
[c9c4:0009][2026-05-10T01:02:01] Processing file /de/Microsoft.VisualStudio.Debugger.Shared.resources.dll
[c9c4:0009][2026-05-10T01:02:01] Started: Copying file /de/Microsoft.VisualStudio.Debugger.Shared.resources.dll to D:\Program Files (x86)\Microsoft Visual Studio\2022\BuildTools\Common7\IDE\Extensions\Microsoft\DebuggerServices\de\Microsoft.VisualStudio.Debugger.Shared.resources.dll
[c9c4:0009][2026-05-10T01:02:01] Completed: Copying file /de/Microsoft.VisualStudio.Debugger.Shared.resources.dll to D:\Program Files (x86)\Microsoft Visual Studio\2022\BuildTools\Common7\IDE\Extensions\Microsoft\DebuggerServices\de\Microsoft.VisualStudio.Debugger.Shared.resources.dll
[c9c4:0009][2026-05-10T01:02:01] Timestamp updated for file 'D:\Program Files (x86)\Microsoft Visual Studio\2022\BuildTools\Common7\IDE\Extensions\Microsoft\DebuggerServices\de\Microsoft.VisualStudio.Debugger.Shared.resources.dll'.
[c9c4:0009][2026-05-10T01:02:01] Processing file /es/Microsoft.VisualStudio.Debugger.Shared.resources.dll
[c9c4:0009][2026-05-10T01:02:01] Started: Copying file /es/Microsoft.VisualStudio.Debugger.Shared.resources.dll to D:\Program Files (x86)\Microsoft Visual Studio\2022\BuildTools\Common7\IDE\Extensions\Microsoft\DebuggerServices\es\Microsoft.VisualStudio.Debugger.Shared.resources.dll
[c9c4:0009][2026-05-10T01:02:01] Completed: Copying file /es/Microsoft.VisualStudio.Debugger.Shared.resources.dll to D:\Program Files (x86)\Microsoft Visual Studio\2022\BuildTools\Common7\IDE\Extensions\Microsoft\DebuggerServices\es\Microsoft.VisualStudio.Debugger.Shared.resources.dll
[c9c4:0009][2026-05-10T01:02:01] Timestamp updated for file 'D:\Program Files (x86)\Microsoft Visual Studio\2022\BuildTools\Common7\IDE\Extensions\Microsoft\DebuggerServices\es\Microsoft.VisualStudio.Debugger.Shared.resources.dll'.
[c9c4:0009][2026-05-10T01:02:01] Processing file /fr/Microsoft.VisualStudio.Debugger.Shared.resources.dll
[c9c4:0009][2026-05-10T01:02:01] Started: Copying file /fr/Microsoft.VisualStudio.Debugger.Shared.resources.dll to D:\Program Files (x86)\Microsoft Visual Studio\2022\BuildTools\Common7\IDE\Extensions\Microsoft\DebuggerServices\fr\Microsoft.VisualStudio.Debugger.Shared.resources.dll
[c9c4:0009][2026-05-10T01:02:01] Completed: Copying file /fr/Microsoft.VisualStudio.Debugger.Shared.resources.dll to D:\Program Files (x86)\Microsoft Visual Studio\2022\BuildTools\Common7\IDE\Extensions\Microsoft\DebuggerServices\fr\Microsoft.VisualStudio.Debugger.Shared.resources.dll
[c9c4:0009][2026-05-10T01:02:01] Timestamp updated for file 'D:\Program Files (x86)\Microsoft Visual Studio\2022\BuildTools\Common7\IDE\Extensions\Microsoft\DebuggerServices\fr\Microsoft.VisualStudio.Debugger.Shared.resources.dll'.
[c9c4:0009][2026-05-10T01:02:01] Processing file /it/Microsoft.VisualStudio.Debugger.Shared.resources.dll
[c9c4:0009][2026-05-10T01:02:01] Started: Copying file /it/Microsoft.VisualStudio.Debugger.Shared.resources.dll to D:\Program Files (x86)\Microsoft Visual Studio\2022\BuildTools\Common7\IDE\Extensions\Microsoft\DebuggerServices\it\Microsoft.VisualStudio.Debugger.Shared.resources.dll
[c9c4:0009][2026-05-10T01:02:01] Completed: Copying file /it/Microsoft.VisualStudio.Debugger.Shared.resources.dll to D:\Program Files (x86)\Microsoft Visual Studio\2022\BuildTools\Common7\IDE\Extensions\Microsoft\DebuggerServices\it\Microsoft.VisualStudio.Debugger.Shared.resources.dll
[c9c4:0009][2026-05-10T01:02:01] Timestamp updated for file 'D:\Program Files (x86)\Microsoft Visual Studio\2022\BuildTools\Common7\IDE\Extensions\Microsoft\DebuggerServices\it\Microsoft.VisualStudio.Debugger.Shared.resources.dll'.
[c9c4:0009][2026-05-10T01:02:01] Processing file /ja/Microsoft.VisualStudio.Debugger.Shared.resources.dll
[c9c4:0009][2026-05-10T01:02:01] Started: Copying file /ja/Microsoft.VisualStudio.Debugger.Shared.resources.dll to D:\Program Files (x86)\Microsoft Visual Studio\2022\BuildTools\Common7\IDE\Extensions\Microsoft\DebuggerServices\ja\Microsoft.VisualStudio.Debugger.Shared.resources.dll
[c9c4:0009][2026-05-10T01:02:01] Completed: Copying file /ja/Microsoft.VisualStudio.Debugger.Shared.resources.dll to D:\Program Files (x86)\Microsoft Visual Studio\2022\BuildTools\Common7\IDE\Extensions\Microsoft\DebuggerServices\ja\Microsoft.VisualStudio.Debugger.Shared.resources.dll
[c9c4:0009][2026-05-10T01:02:01] Timestamp updated for file 'D:\Program Files (x86)\Microsoft Visual Studio\2022\BuildTools\Common7\IDE\Extensions\Microsoft\DebuggerServices\ja\Microsoft.VisualStudio.Debugger.Shared.resources.dll'.
[c9c4:0009][2026-05-10T01:02:01] Processing file /ko/Microsoft.VisualStudio.Debugger.Shared.resources.dll
[c9c4:0009][2026-05-10T01:02:01] Started: Copying file /ko/Microsoft.VisualStudio.Debugger.Shared.resources.dll to D:\Program Files (x86)\Microsoft Visual Studio\2022\BuildTools\Common7\IDE\Extensions\Microsoft\DebuggerServices\ko\Microsoft.VisualStudio.Debugger.Shared.resources.dll
[c9c4:0009][2026-05-10T01:02:01] Completed: Copying file /ko/Microsoft.VisualStudio.Debugger.Shared.resources.dll to D:\Program Files (x86)\Microsoft Visual Studio\2022\BuildTools\Common7\IDE\Extensions\Microsoft\DebuggerServices\ko\Microsoft.VisualStudio.Debugger.Shared.resources.dll
[c9c4:0009][2026-05-10T01:02:01] Timestamp updated for file 'D:\Program Files (x86)\Microsoft Visual Studio\2022\BuildTools\Common7\IDE\Extensions\Microsoft\DebuggerServices\ko\Microsoft.VisualStudio.Debugger.Shared.resources.dll'.
[c9c4:0009][2026-05-10T01:02:01] Processing file /manifest.json
[c9c4:0009][2026-05-10T01:02:01] Started: Copying file /manifest.json to D:\Program Files (x86)\Microsoft Visual Studio\2022\BuildTools\Common7\IDE\Extensions\Microsoft\DebuggerServices\manifest.json
[c9c4:0009][2026-05-10T01:02:01] Completed: Copying file /manifest.json to D:\Program Files (x86)\Microsoft Visual Studio\2022\BuildTools\Common7\IDE\Extensions\Microsoft\DebuggerServices\manifest.json
[c9c4:0009][2026-05-10T01:02:01] Timestamp updated for file 'D:\Program Files (x86)\Microsoft Visual Studio\2022\BuildTools\Common7\IDE\Extensions\Microsoft\DebuggerServices\manifest.json'.
[c9c4:0009][2026-05-10T01:02:01] Processing file /Microsoft.VisualStudio.Debugger.BrokeredServices.dll
[c9c4:0009][2026-05-10T01:02:01] Started: Copying file /Microsoft.VisualStudio.Debugger.BrokeredServices.dll to D:\Program Files (x86)\Microsoft Visual Studio\2022\BuildTools\Common7\IDE\Extensions\Microsoft\DebuggerServices\Microsoft.VisualStudio.Debugger.BrokeredServices.dll
[c9c4:0009][2026-05-10T01:02:01] Completed: Copying file /Microsoft.VisualStudio.Debugger.BrokeredServices.dll to D:\Program Files (x86)\Microsoft Visual Studio\2022\BuildTools\Common7\IDE\Extensions\Microsoft\DebuggerServices\Microsoft.VisualStudio.Debugger.BrokeredServices.dll
[c9c4:0009][2026-05-10T01:02:01] Timestamp updated for file 'D:\Program Files (x86)\Microsoft Visual Studio\2022\BuildTools\Common7\IDE\Extensions\Microsoft\DebuggerServices\Microsoft.VisualStudio.Debugger.BrokeredServices.dll'.
[c9c4:0009][2026-05-10T01:02:01] Processing file /Microsoft.VisualStudio.Debugger.BrokeredServices.pkgdef
[c9c4:0009][2026-05-10T01:02:01] Started: Copying file /Microsoft.VisualStudio.Debugger.BrokeredServices.pkgdef to D:\Program Files (x86)\Microsoft Visual Studio\2022\BuildTools\Common7\IDE\Extensions\Microsoft\DebuggerServices\Microsoft.VisualStudio.Debugger.BrokeredServices.pkgdef
[c9c4:0009][2026-05-10T01:02:01] Completed: Copying file /Microsoft.VisualStudio.Debugger.BrokeredServices.pkgdef to D:\Program Files (x86)\Microsoft Visual Studio\2022\BuildTools\Common7\IDE\Extensions\Microsoft\DebuggerServices\Microsoft.VisualStudio.Debugger.BrokeredServices.pkgdef
[c9c4:0009][2026-05-10T01:02:01] Timestamp updated for file 'D:\Program Files (x86)\Microsoft Visual Studio\2022\BuildTools\Common7\IDE\Extensions\Microsoft\DebuggerServices\Microsoft.VisualStudio.Debugger.BrokeredServices.pkgdef'.
[c9c4:0009][2026-05-10T01:02:01] Processing file /Microsoft.VisualStudio.Debugger.Shared.dll
[c9c4:0009][2026-05-10T01:02:01] Started: Copying file /Microsoft.VisualStudio.Debugger.Shared.dll to D:\Program Files (x86)\Microsoft Visual Studio\2022\BuildTools\Common7\IDE\Extensions\Microsoft\DebuggerServices\Microsoft.VisualStudio.Debugger.Shared.dll
[c9c4:0009][2026-05-10T01:02:01] Completed: Copying file /Microsoft.VisualStudio.Debugger.Shared.dll to D:\Program Files (x86)\Microsoft Visual Studio\2022\BuildTools\Common7\IDE\Extensions\Microsoft\DebuggerServices\Microsoft.VisualStudio.Debugger.Shared.dll
[c9c4:0009][2026-05-10T01:02:01] Timestamp updated for file 'D:\Program Files (x86)\Microsoft Visual Studio\2022\BuildTools\Common7\IDE\Extensions\Microsoft\DebuggerServices\Microsoft.VisualStudio.Debugger.Shared.dll'.
[c9c4:0009][2026-05-10T01:02:01] Queueing D:\Program Files (x86)\Microsoft Visual Studio\2022\BuildTools\Common7\IDE\Extensions\Microsoft\DebuggerServices\Microsoft.VisualStudio.Debugger.Shared.dll for X86 ngen
[c9c4:0009][2026-05-10T01:02:01] Queueing D:\Program Files (x86)\Microsoft Visual Studio\2022\BuildTools\Common7\IDE\Extensions\Microsoft\DebuggerServices\Microsoft.VisualStudio.Debugger.Shared.dll for X64 ngen
[c9c4:0009][2026-05-10T01:02:01] Successfully queued file '/Microsoft.VisualStudio.Debugger.Shared.dll' for ngen
[c9c4:0009][2026-05-10T01:02:01] Processing file /pl/Microsoft.VisualStudio.Debugger.Shared.resources.dll
[c9c4:0009][2026-05-10T01:02:01] Started: Copying file /pl/Microsoft.VisualStudio.Debugger.Shared.resources.dll to D:\Program Files (x86)\Microsoft Visual Studio\2022\BuildTools\Common7\IDE\Extensions\Microsoft\DebuggerServices\pl\Microsoft.VisualStudio.Debugger.Shared.resources.dll
[c9c4:0009][2026-05-10T01:02:01] Completed: Copying file /pl/Microsoft.VisualStudio.Debugger.Shared.resources.dll to D:\Program Files (x86)\Microsoft Visual Studio\2022\BuildTools\Common7\IDE\Extensions\Microsoft\DebuggerServices\pl\Microsoft.VisualStudio.Debugger.Shared.resources.dll
[c9c4:0009][2026-05-10T01:02:01] Timestamp updated for file 'D:\Program Files (x86)\Microsoft Visual Studio\2022\BuildTools\Common7\IDE\Extensions\Microsoft\DebuggerServices\pl\Microsoft.VisualStudio.Debugger.Shared.resources.dll'.
[c9c4:0009][2026-05-10T01:02:01] Processing file /pt-BR/Microsoft.VisualStudio.Debugger.Shared.resources.dll
[c9c4:0009][2026-05-10T01:02:01] Started: Copying file /pt-BR/Microsoft.VisualStudio.Debugger.Shared.resources.dll to D:\Program Files (x86)\Microsoft Visual Studio\2022\BuildTools\Common7\IDE\Extensions\Microsoft\DebuggerServices\pt-BR\Microsoft.VisualStudio.Debugger.Shared.resources.dll
[c9c4:0009][2026-05-10T01:02:01] Completed: Copying file /pt-BR/Microsoft.VisualStudio.Debugger.Shared.resources.dll to D:\Program Files (x86)\Microsoft Visual Studio\2022\BuildTools\Common7\IDE\Extensions\Microsoft\DebuggerServices\pt-BR\Microsoft.VisualStudio.Debugger.Shared.resources.dll
[c9c4:0009][2026-05-10T01:02:01] Timestamp updated for file 'D:\Program Files (x86)\Microsoft Visual Studio\2022\BuildTools\Common7\IDE\Extensions\Microsoft\DebuggerServices\pt-BR\Microsoft.VisualStudio.Debugger.Shared.resources.dll'.
[c9c4:0009][2026-05-10T01:02:01] Processing file /ru/Microsoft.VisualStudio.Debugger.Shared.resources.dll
[c9c4:0009][2026-05-10T01:02:01] Started: Copying file /ru/Microsoft.VisualStudio.Debugger.Shared.resources.dll to D:\Program Files (x86)\Microsoft Visual Studio\2022\BuildTools\Common7\IDE\Extensions\Microsoft\DebuggerServices\ru\Microsoft.VisualStudio.Debugger.Shared.resources.dll
[c9c4:0009][2026-05-10T01:02:01] Completed: Copying file /ru/Microsoft.VisualStudio.Debugger.Shared.resources.dll to D:\Program Files (x86)\Microsoft Visual Studio\2022\BuildTools\Common7\IDE\Extensions\Microsoft\DebuggerServices\ru\Microsoft.VisualStudio.Debugger.Shared.resources.dll
[c9c4:0009][2026-05-10T01:02:01] Timestamp updated for file 'D:\Program Files (x86)\Microsoft Visual Studio\2022\BuildTools\Common7\IDE\Extensions\Microsoft\DebuggerServices\ru\Microsoft.VisualStudio.Debugger.Shared.resources.dll'.
[c9c4:0009][2026-05-10T01:02:01] Processing file /tr/Microsoft.VisualStudio.Debugger.Shared.resources.dll
[c9c4:0009][2026-05-10T01:02:01] Started: Copying file /tr/Microsoft.VisualStudio.Debugger.Shared.resources.dll to D:\Program Files (x86)\Microsoft Visual Studio\2022\BuildTools\Common7\IDE\Extensions\Microsoft\DebuggerServices\tr\Microsoft.VisualStudio.Debugger.Shared.resources.dll
[c9c4:0009][2026-05-10T01:02:01] Completed: Copying file /tr/Microsoft.VisualStudio.Debugger.Shared.resources.dll to D:\Program Files (x86)\Microsoft Visual Studio\2022\BuildTools\Common7\IDE\Extensions\Microsoft\DebuggerServices\tr\Microsoft.VisualStudio.Debugger.Shared.resources.dll
[c9c4:0009][2026-05-10T01:02:01] Timestamp updated for file 'D:\Program Files (x86)\Microsoft Visual Studio\2022\BuildTools\Common7\IDE\Extensions\Microsoft\DebuggerServices\tr\Microsoft.VisualStudio.Debugger.Shared.resources.dll'.
[c9c4:0009][2026-05-10T01:02:01] Processing file /zh-Hans/Microsoft.VisualStudio.Debugger.Shared.resources.dll
[c9c4:0009][2026-05-10T01:02:01] Started: Copying file /zh-Hans/Microsoft.VisualStudio.Debugger.Shared.resources.dll to D:\Program Files (x86)\Microsoft Visual Studio\2022\BuildTools\Common7\IDE\Extensions\Microsoft\DebuggerServices\zh-Hans\Microsoft.VisualStudio.Debugger.Shared.resources.dll
[c9c4:0009][2026-05-10T01:02:01] Completed: Copying file /zh-Hans/Microsoft.VisualStudio.Debugger.Shared.resources.dll to D:\Program Files (x86)\Microsoft Visual Studio\2022\BuildTools\Common7\IDE\Extensions\Microsoft\DebuggerServices\zh-Hans\Microsoft.VisualStudio.Debugger.Shared.resources.dll
[c9c4:0009][2026-05-10T01:02:01] Timestamp updated for file 'D:\Program Files (x86)\Microsoft Visual Studio\2022\BuildTools\Common7\IDE\Extensions\Microsoft\DebuggerServices\zh-Hans\Microsoft.VisualStudio.Debugger.Shared.resources.dll'.
[c9c4:0009][2026-05-10T01:02:01] Processing file /zh-Hant/Microsoft.VisualStudio.Debugger.Shared.resources.dll
[c9c4:0009][2026-05-10T01:02:01] Started: Copying file /zh-Hant/Microsoft.VisualStudio.Debugger.Shared.resources.dll to D:\Program Files (x86)\Microsoft Visual Studio\2022\BuildTools\Common7\IDE\Extensions\Microsoft\DebuggerServices\zh-Hant\Microsoft.VisualStudio.Debugger.Shared.resources.dll
[c9c4:0009][2026-05-10T01:02:01] Completed: Copying file /zh-Hant/Microsoft.VisualStudio.Debugger.Shared.resources.dll to D:\Program Files (x86)\Microsoft Visual Studio\2022\BuildTools\Common7\IDE\Extensions\Microsoft\DebuggerServices\zh-Hant\Microsoft.VisualStudio.Debugger.Shared.resources.dll
[c9c4:0009][2026-05-10T01:02:01] Timestamp updated for file 'D:\Program Files (x86)\Microsoft Visual Studio\2022\BuildTools\Common7\IDE\Extensions\Microsoft\DebuggerServices\zh-Hant\Microsoft.VisualStudio.Debugger.Shared.resources.dll'.
[c9c4:0009][2026-05-10T01:02:01] Processing file /extension.vsixmanifest
[c9c4:0009][2026-05-10T01:02:01] Started: Copying file /extension.vsixmanifest to D:\Program Files (x86)\Microsoft Visual Studio\2022\BuildTools\Common7\IDE\Extensions\Microsoft\DebuggerServices\extension.vsixmanifest
[c9c4:0009][2026-05-10T01:02:01] Completed: Copying file /extension.vsixmanifest to D:\Program Files (x86)\Microsoft Visual Studio\2022\BuildTools\Common7\IDE\Extensions\Microsoft\DebuggerServices\extension.vsixmanifest
[c9c4:0009][2026-05-10T01:02:01] Timestamp updated for file 'D:\Program Files (x86)\Microsoft Visual Studio\2022\BuildTools\Common7\IDE\Extensions\Microsoft\DebuggerServices\extension.vsixmanifest'.
[c9c4:0009][2026-05-10T01:02:01] Package executed successfully. Return code: 0
