[0c48:0003][2026-05-10T01:44:47] Using cached package manifest as the embedded manifest
[0c48:0003][2026-05-10T01:44:47] Processing file /Contents/Common7/IDE/PrivateAssemblies/Azure.ResourceManager.dll
[0c48:0003][2026-05-10T01:44:47] C:\Program Files (x86)\Microsoft Visual Studio\2022\BuildTools\Common7\IDE\PrivateAssemblies\Azure.ResourceManager.dll file deleted.
[0c48:0003][2026-05-10T01:44:47] Processing file /Contents/Common7/IDE/PrivateAssemblies/AzureSDK/2.0.0.0/Microsoft.Rest.ClientRuntime.dll
[0c48:0003][2026-05-10T01:44:47] C:\Program Files (x86)\Microsoft Visual Studio\2022\BuildTools\Common7\IDE\PrivateAssemblies\AzureSDK\2.0.0.0\Microsoft.Rest.ClientRuntime.dll file deleted.
[0c48:0003][2026-05-10T01:44:47] Processing file /Contents/Common7/IDE/PrivateAssemblies/AzureSDK/3.0.0.0/Microsoft.Rest.ClientRuntime.Azure.dll
[0c48:0003][2026-05-10T01:44:47] C:\Program Files (x86)\Microsoft Visual Studio\2022\BuildTools\Common7\IDE\PrivateAssemblies\AzureSDK\3.0.0.0\Microsoft.Rest.ClientRuntime.Azure.dll file deleted.
[0c48:0003][2026-05-10T01:44:47] Processing file /Contents/Common7/IDE/PrivateAssemblies/AzureSDK/Storage/Azure.Core.dll
[0c48:0003][2026-05-10T01:44:47] C:\Program Files (x86)\Microsoft Visual Studio\2022\BuildTools\Common7\IDE\PrivateAssemblies\AzureSDK\Storage\Azure.Core.dll file deleted.
[0c48:0003][2026-05-10T01:44:47] Processing file /Contents/Common7/IDE/PrivateAssemblies/AzureSDK/Storage/Azure.Storage.Blobs.dll
[0c48:0003][2026-05-10T01:44:47] C:\Program Files (x86)\Microsoft Visual Studio\2022\BuildTools\Common7\IDE\PrivateAssemblies\AzureSDK\Storage\Azure.Storage.Blobs.dll file deleted.
[0c48:0003][2026-05-10T01:44:47] Processing file /Contents/Common7/IDE/PrivateAssemblies/AzureSDK/Storage/Azure.Storage.Common.dll
[0c48:0003][2026-05-10T01:44:47] C:\Program Files (x86)\Microsoft Visual Studio\2022\BuildTools\Common7\IDE\PrivateAssemblies\AzureSDK\Storage\Azure.Storage.Common.dll file deleted.
[0c48:0003][2026-05-10T01:44:47] Processing file /Contents/Common7/IDE/PrivateAssemblies/AzureSDK/Storage/Azure.Storage.Queues.dll
[0c48:0003][2026-05-10T01:44:47] C:\Program Files (x86)\Microsoft Visual Studio\2022\BuildTools\Common7\IDE\PrivateAssemblies\AzureSDK\Storage\Azure.Storage.Queues.dll file deleted.
[0c48:0003][2026-05-10T01:44:47] Processing file /Contents/Common7/IDE/PrivateAssemblies/AzureSDK/Storage/Microsoft.Azure.Management.Storage.dll
[0c48:0003][2026-05-10T01:44:47] C:\Program Files (x86)\Microsoft Visual Studio\2022\BuildTools\Common7\IDE\PrivateAssemblies\AzureSDK\Storage\Microsoft.Azure.Management.Storage.dll file deleted.
[0c48:0003][2026-05-10T01:44:47] Processing file /Contents/Common7/IDE/PrivateAssemblies/AzureSDK/Storage/System.Memory.Data.dll
[0c48:0003][2026-05-10T01:44:47] C:\Program Files (x86)\Microsoft Visual Studio\2022\BuildTools\Common7\IDE\PrivateAssemblies\AzureSDK\Storage\System.Memory.Data.dll file deleted.
[0c48:0003][2026-05-10T01:44:47] Started: Deleting empty directories
[0c48:0003][2026-05-10T01:44:47] Completed: Deleting empty directories
[0c48:0003][2026-05-10T01:44:47] Package executed successfully. Return code: 0
