[bd94:0009][2026-05-10T01:00:40] Using cached package manifest as the embedded manifest
[bd94:0009][2026-05-10T01:00:40] Processing file /Contents/Common7/IDE/CommonExtensions/Microsoft/ClientDiagnostics/AppResponsiveness/extension.vsixmanifest
[bd94:0009][2026-05-10T01:00:40] D:\Program\Common7\IDE\CommonExtensions\Microsoft\ClientDiagnostics\AppResponsiveness\extension.vsixmanifest file deleted.
[bd94:0009][2026-05-10T01:00:40] Processing file /Contents/Common7/IDE/CommonExtensions/Microsoft/ClientDiagnostics/AppResponsiveness/Microsoft.VisualStudio.AppResponsiveness.dll
[bd94:0009][2026-05-10T01:00:40] D:\Program\Common7\IDE\CommonExtensions\Microsoft\ClientDiagnostics\AppResponsiveness\Microsoft.VisualStudio.AppResponsiveness.dll file deleted.
[bd94:0009][2026-05-10T01:00:40] Processing file /Contents/Common7/IDE/CommonExtensions/Microsoft/ClientDiagnostics/AppResponsiveness/VisualProfilerColors.pkgdef
[bd94:0009][2026-05-10T01:00:40] D:\Program\Common7\IDE\CommonExtensions\Microsoft\ClientDiagnostics\AppResponsiveness\VisualProfilerColors.pkgdef file deleted.
[bd94:0009][2026-05-10T01:00:40] Processing file /Contents/Common7/IDE/CommonExtensions/Microsoft/ClientDiagnostics/AppResponsiveness/View/DataCategoryStyles.css
[bd94:0009][2026-05-10T01:00:40] D:\Program\Common7\IDE\CommonExtensions\Microsoft\ClientDiagnostics\AppResponsiveness\View\DataCategoryStyles.css file deleted.
[bd94:0009][2026-05-10T01:00:40] Processing file /Contents/Common7/IDE/CommonExtensions/Microsoft/ClientDiagnostics/AppResponsiveness/View/diagnosticsHub.js
[bd94:0009][2026-05-10T01:00:40] D:\Program\Common7\IDE\CommonExtensions\Microsoft\ClientDiagnostics\AppResponsiveness\View\diagnosticsHub.js file deleted.
[bd94:0009][2026-05-10T01:00:40] Processing file /Contents/Common7/IDE/CommonExtensions/Microsoft/ClientDiagnostics/AppResponsiveness/View/HubGraphs.js
[bd94:0009][2026-05-10T01:00:40] D:\Program\Common7\IDE\CommonExtensions\Microsoft\ClientDiagnostics\AppResponsiveness\View\HubGraphs.js file deleted.
[bd94:0009][2026-05-10T01:00:40] Processing file /Contents/Common7/IDE/CommonExtensions/Microsoft/ClientDiagnostics/AppResponsiveness/View/manifest.json
[bd94:0009][2026-05-10T01:00:40] D:\Program\Common7\IDE\CommonExtensions\Microsoft\ClientDiagnostics\AppResponsiveness\View\manifest.json file deleted.
[bd94:0009][2026-05-10T01:00:40] Processing file /Contents/Common7/IDE/CommonExtensions/Microsoft/ClientDiagnostics/AppResponsiveness/View/VisualProfiler.css
[bd94:0009][2026-05-10T01:00:40] D:\Program\Common7\IDE\CommonExtensions\Microsoft\ClientDiagnostics\AppResponsiveness\View\VisualProfiler.css file deleted.
[bd94:0009][2026-05-10T01:00:40] Processing file /Contents/Common7/IDE/CommonExtensions/Microsoft/ClientDiagnostics/AppResponsiveness/View/VisualProfiler.html
[bd94:0009][2026-05-10T01:00:40] D:\Program\Common7\IDE\CommonExtensions\Microsoft\ClientDiagnostics\AppResponsiveness\View\VisualProfiler.html file deleted.
[bd94:0009][2026-05-10T01:00:40] Processing file /Contents/Common7/IDE/CommonExtensions/Microsoft/ClientDiagnostics/AppResponsiveness/View/VisualProfilerMerged.js
[bd94:0009][2026-05-10T01:00:40] D:\Program\Common7\IDE\CommonExtensions\Microsoft\ClientDiagnostics\AppResponsiveness\View\VisualProfilerMerged.js file deleted.
[bd94:0009][2026-05-10T01:00:40] Processing file /Contents/Common7/IDE/CommonExtensions/Microsoft/ClientDiagnostics/AppResponsiveness/View/CSS/controls/Divider.css
[bd94:0009][2026-05-10T01:00:40] D:\Program\Common7\IDE\CommonExtensions\Microsoft\ClientDiagnostics\AppResponsiveness\View\CSS\controls\Divider.css file deleted.
[bd94:0009][2026-05-10T01:00:40] Processing file /Contents/Common7/IDE/CommonExtensions/Microsoft/ClientDiagnostics/AppResponsiveness/View/CSS/hubGraphs/Ruler.css
[bd94:0009][2026-05-10T01:00:40] D:\Program\Common7\IDE\CommonExtensions\Microsoft\ClientDiagnostics\AppResponsiveness\View\CSS\hubGraphs\Ruler.css file deleted.
[bd94:0009][2026-05-10T01:00:40] Processing file /Contents/Common7/IDE/CommonExtensions/Microsoft/ClientDiagnostics/AppResponsiveness/View/CSS/hubGraphs/StackedBarChart.css
[bd94:0009][2026-05-10T01:00:40] D:\Program\Common7\IDE\CommonExtensions\Microsoft\ClientDiagnostics\AppResponsiveness\View\CSS\hubGraphs\StackedBarChart.css file deleted.
[bd94:0009][2026-05-10T01:00:40] Processing file /Contents/Common7/IDE/CommonExtensions/Microsoft/ClientDiagnostics/AppResponsiveness/View/DiagnosticsCommon/Bpt.Diagnostics.CommonMerged.js
[bd94:0009][2026-05-10T01:00:40] D:\Program\Common7\IDE\CommonExtensions\Microsoft\ClientDiagnostics\AppResponsiveness\View\DiagnosticsCommon\Bpt.Diagnostics.CommonMerged.js file deleted.
[bd94:0009][2026-05-10T01:00:40] Processing file /Contents/Common7/IDE/CommonExtensions/Microsoft/ClientDiagnostics/AppResponsiveness/View/DiagnosticsCommon/isDebugBuild.js
[bd94:0009][2026-05-10T01:00:40] D:\Program\Common7\IDE\CommonExtensions\Microsoft\ClientDiagnostics\AppResponsiveness\View\DiagnosticsCommon\isDebugBuild.js file deleted.
[bd94:0009][2026-05-10T01:00:40] Processing file /Contents/Common7/IDE/CommonExtensions/Microsoft/ClientDiagnostics/AppResponsiveness/View/DiagnosticsCommon/TabControl.css
[bd94:0009][2026-05-10T01:00:40] D:\Program\Common7\IDE\CommonExtensions\Microsoft\ClientDiagnostics\AppResponsiveness\View\DiagnosticsCommon\TabControl.css file deleted.
[bd94:0009][2026-05-10T01:00:40] Processing file /Contents/Common7/IDE/CommonExtensions/Microsoft/ClientDiagnostics/AppResponsiveness/View/DiagnosticsCommon/controls/controls.css
[bd94:0009][2026-05-10T01:00:40] D:\Program\Common7\IDE\CommonExtensions\Microsoft\ClientDiagnostics\AppResponsiveness\View\DiagnosticsCommon\controls\controls.css file deleted.
[bd94:0009][2026-05-10T01:00:40] Processing file /Contents/Common7/IDE/CommonExtensions/Microsoft/ClientDiagnostics/AppResponsiveness/View/DiagnosticsCommon/images/i_warning.png
[bd94:0009][2026-05-10T01:00:40] D:\Program\Common7\IDE\CommonExtensions\Microsoft\ClientDiagnostics\AppResponsiveness\View\DiagnosticsCommon\images\i_warning.png file deleted.
[bd94:0009][2026-05-10T01:00:40] Processing file /Contents/Common7/IDE/CommonExtensions/Microsoft/ClientDiagnostics/AppResponsiveness/View/DiagnosticsCommon/listControl/ListControl.css
[bd94:0009][2026-05-10T01:00:40] D:\Program\Common7\IDE\CommonExtensions\Microsoft\ClientDiagnostics\AppResponsiveness\View\DiagnosticsCommon\listControl\ListControl.css file deleted.
[bd94:0009][2026-05-10T01:00:40] Processing file /Contents/Common7/IDE/CommonExtensions/Microsoft/ClientDiagnostics/AppResponsiveness/View/Images/i_chartselection_clear.png
[bd94:0009][2026-05-10T01:00:40] D:\Program\Common7\IDE\CommonExtensions\Microsoft\ClientDiagnostics\AppResponsiveness\View\Images\i_chartselection_clear.png file deleted.
[bd94:0009][2026-05-10T01:00:40] Processing file /Contents/Common7/IDE/CommonExtensions/Microsoft/ClientDiagnostics/AppResponsiveness/View/Images/i_chartselection_clear_disabled.png
[bd94:0009][2026-05-10T01:00:40] D:\Program\Common7\IDE\CommonExtensions\Microsoft\ClientDiagnostics\AppResponsiveness\View\Images\i_chartselection_clear_disabled.png file deleted.
[bd94:0009][2026-05-10T01:00:40] Processing file /Contents/Common7/IDE/CommonExtensions/Microsoft/ClientDiagnostics/AppResponsiveness/View/Images/i_chartzoom_in.png
[bd94:0009][2026-05-10T01:00:40] D:\Program\Common7\IDE\CommonExtensions\Microsoft\ClientDiagnostics\AppResponsiveness\View\Images\i_chartzoom_in.png file deleted.
[bd94:0009][2026-05-10T01:00:40] Processing file /Contents/Common7/IDE/CommonExtensions/Microsoft/ClientDiagnostics/AppResponsiveness/View/Images/i_chartzoom_in_disabled.png
[bd94:0009][2026-05-10T01:00:40] D:\Program\Common7\IDE\CommonExtensions\Microsoft\ClientDiagnostics\AppResponsiveness\View\Images\i_chartzoom_in_disabled.png file deleted.
[bd94:0009][2026-05-10T01:00:40] Processing file /Contents/Common7/IDE/CommonExtensions/Microsoft/ClientDiagnostics/AppResponsiveness/View/Images/i_chartzoom_reset.png
[bd94:0009][2026-05-10T01:00:40] D:\Program\Common7\IDE\CommonExtensions\Microsoft\ClientDiagnostics\AppResponsiveness\View\Images\i_chartzoom_reset.png file deleted.
[bd94:0009][2026-05-10T01:00:40] Processing file /Contents/Common7/IDE/CommonExtensions/Microsoft/ClientDiagnostics/AppResponsiveness/View/Images/i_chartzoom_reset_disabled.png
[bd94:0009][2026-05-10T01:00:40] D:\Program\Common7\IDE\CommonExtensions\Microsoft\ClientDiagnostics\AppResponsiveness\View\Images\i_chartzoom_reset_disabled.png file deleted.
[bd94:0009][2026-05-10T01:00:40] Processing file /Contents/Common7/IDE/CommonExtensions/Microsoft/ClientDiagnostics/AppResponsiveness/View/Images/i_checkered_background.png
[bd94:0009][2026-05-10T01:00:40] D:\Program\Common7\IDE\CommonExtensions\Microsoft\ClientDiagnostics\AppResponsiveness\View\Images\i_checkered_background.png file deleted.
[bd94:0009][2026-05-10T01:00:40] Processing file /Contents/Common7/IDE/CommonExtensions/Microsoft/ClientDiagnostics/AppResponsiveness/View/Images/i_filtering_options.png
[bd94:0009][2026-05-10T01:00:40] D:\Program\Common7\IDE\CommonExtensions\Microsoft\ClientDiagnostics\AppResponsiveness\View\Images\i_filtering_options.png file deleted.
[bd94:0009][2026-05-10T01:00:40] Processing file /Contents/Common7/IDE/CommonExtensions/Microsoft/ClientDiagnostics/AppResponsiveness/View/Images/i_frame_grouping.png
[bd94:0009][2026-05-10T01:00:40] D:\Program\Common7\IDE\CommonExtensions\Microsoft\ClientDiagnostics\AppResponsiveness\View\Images\i_frame_grouping.png file deleted.
[bd94:0009][2026-05-10T01:00:40] Processing file /Contents/Common7/IDE/CommonExtensions/Microsoft/ClientDiagnostics/AppResponsiveness/View/Images/i_viewsettings_options.png
[bd94:0009][2026-05-10T01:00:40] D:\Program\Common7\IDE\CommonExtensions\Microsoft\ClientDiagnostics\AppResponsiveness\View\Images\i_viewsettings_options.png file deleted.
[bd94:0009][2026-05-10T01:00:40] Processing file /Contents/Common7/IDE/CommonExtensions/Microsoft/ClientDiagnostics/AppResponsiveness/View/PerfToolsCommon/Bpt.Diagnostics.PerfTools.CommonMerged.js
[bd94:0009][2026-05-10T01:00:40] D:\Program\Common7\IDE\CommonExtensions\Microsoft\ClientDiagnostics\AppResponsiveness\View\PerfToolsCommon\Bpt.Diagnostics.PerfTools.CommonMerged.js file deleted.
[bd94:0009][2026-05-10T01:00:40] Processing file /Contents/Common7/IDE/CommonExtensions/Microsoft/ClientDiagnostics/AppResponsiveness/View/PerfToolsCommon/TokenExtractor.css
[bd94:0009][2026-05-10T01:00:40] D:\Program\Common7\IDE\CommonExtensions\Microsoft\ClientDiagnostics\AppResponsiveness\View\PerfToolsCommon\TokenExtractor.css file deleted.
[bd94:0009][2026-05-10T01:00:40] Processing file /Contents/Common7/IDE/CommonExtensions/Microsoft/ClientDiagnostics/AppResponsiveness/View/PerfToolsCommon/controls/menuControl.css
[bd94:0009][2026-05-10T01:00:40] D:\Program\Common7\IDE\CommonExtensions\Microsoft\ClientDiagnostics\AppResponsiveness\View\PerfToolsCommon\controls\menuControl.css file deleted.
[bd94:0009][2026-05-10T01:00:40] Processing file /Contents/Common7/IDE/CommonExtensions/Microsoft/ClientDiagnostics/AppResponsiveness/View/PerfToolsCommon/controls/SourceInfoTooltip.css
[bd94:0009][2026-05-10T01:00:40] D:\Program\Common7\IDE\CommonExtensions\Microsoft\ClientDiagnostics\AppResponsiveness\View\PerfToolsCommon\controls\SourceInfoTooltip.css file deleted.
[bd94:0009][2026-05-10T01:00:40] Processing file /Contents/Common7/IDE/CommonExtensions/Microsoft/ClientDiagnostics/AppResponsiveness/View/PerfToolsCommon/images/CheckMark.png
[bd94:0009][2026-05-10T01:00:40] D:\Program\Common7\IDE\CommonExtensions\Microsoft\ClientDiagnostics\AppResponsiveness\View\PerfToolsCommon\images\CheckMark.png file deleted.
[bd94:0009][2026-05-10T01:00:40] Processing file /Contents/Common7/IDE/CommonExtensions/Microsoft/ClientDiagnostics/AppResponsiveness/View/PerfToolsCommon/images/CustomMark5_18x.png
[bd94:0009][2026-05-10T01:00:40] D:\Program\Common7\IDE\CommonExtensions\Microsoft\ClientDiagnostics\AppResponsiveness\View\PerfToolsCommon\images\CustomMark5_18x.png file deleted.
[bd94:0009][2026-05-10T01:00:40] Processing file /Contents/Common7/IDE/CommonExtensions/Microsoft/ClientDiagnostics/AppResponsiveness/View/PerfToolsCommon/images/i_appevent.png
[bd94:0009][2026-05-10T01:00:40] D:\Program\Common7\IDE\CommonExtensions\Microsoft\ClientDiagnostics\AppResponsiveness\View\PerfToolsCommon\images\i_appevent.png file deleted.
[bd94:0009][2026-05-10T01:00:40] Processing file /Contents/Common7/IDE/CommonExtensions/Microsoft/ClientDiagnostics/AppResponsiveness/View/PerfToolsCommon/images/i_usermark.png
[bd94:0009][2026-05-10T01:00:40] D:\Program\Common7\IDE\CommonExtensions\Microsoft\ClientDiagnostics\AppResponsiveness\View\PerfToolsCommon\images\i_usermark.png file deleted.
[bd94:0009][2026-05-10T01:00:40] Processing file /Contents/Common7/IDE/CommonExtensions/Microsoft/ClientDiagnostics/AppResponsiveness/View/PerfToolsCommon/images/itemCollapsedIcon.png
[bd94:0009][2026-05-10T01:00:40] D:\Program\Common7\IDE\CommonExtensions\Microsoft\ClientDiagnostics\AppResponsiveness\View\PerfToolsCommon\images\itemCollapsedIcon.png file deleted.
[bd94:0009][2026-05-10T01:00:40] Processing file /Contents/Common7/IDE/CommonExtensions/Microsoft/ClientDiagnostics/AppResponsiveness/View/PerfToolsCommon/images/itemExpandedIcon.png
[bd94:0009][2026-05-10T01:00:40] D:\Program\Common7\IDE\CommonExtensions\Microsoft\ClientDiagnostics\AppResponsiveness\View\PerfToolsCommon\images\itemExpandedIcon.png file deleted.
[bd94:0009][2026-05-10T01:00:40] Processing file /Contents/Common7/IDE/CommonExtensions/Microsoft/ClientDiagnostics/AppResponsiveness/View/Resources/Resources.resx
[bd94:0009][2026-05-10T01:00:40] D:\Program\Common7\IDE\CommonExtensions\Microsoft\ClientDiagnostics\AppResponsiveness\View\Resources\Resources.resx file deleted.
[bd94:0009][2026-05-10T01:00:40] Processing file /Contents/Common7/IDE/CommonExtensions/Platform/DiagnosticsHub/amd64/AppRespWpfEvents.dll
[bd94:0009][2026-05-10T01:00:40] D:\Program\Common7\IDE\CommonExtensions\Platform\DiagnosticsHub\amd64\AppRespWpfEvents.dll file deleted.
[bd94:0009][2026-05-10T01:00:40] Processing file /Contents/Common7/IDE/CommonExtensions/Platform/DiagnosticsHub/amd64/AppRespXamlEvents.dll
[bd94:0009][2026-05-10T01:00:40] D:\Program\Common7\IDE\CommonExtensions\Platform\DiagnosticsHub\amd64\AppRespXamlEvents.dll file deleted.
[bd94:0009][2026-05-10T01:00:40] Processing file /Contents/Common7/IDE/CommonExtensions/Platform/DiagnosticsHub/amd64/Microsoft-Windows-XAML.man
[bd94:0009][2026-05-10T01:00:40] D:\Program\Common7\IDE\CommonExtensions\Platform\DiagnosticsHub\amd64\Microsoft-Windows-XAML.man file deleted.
[bd94:0009][2026-05-10T01:00:40] Processing file /Contents/Common7/IDE/CommonExtensions/Platform/DiagnosticsHub/x86/AppRespWpfEvents.dll
[bd94:0009][2026-05-10T01:00:40] D:\Program\Common7\IDE\CommonExtensions\Platform\DiagnosticsHub\x86\AppRespWpfEvents.dll file deleted.
[bd94:0009][2026-05-10T01:00:40] Processing file /Contents/Common7/IDE/CommonExtensions/Platform/DiagnosticsHub/x86/AppRespXamlEvents.dll
[bd94:0009][2026-05-10T01:00:40] D:\Program\Common7\IDE\CommonExtensions\Platform\DiagnosticsHub\x86\AppRespXamlEvents.dll file deleted.
[bd94:0009][2026-05-10T01:00:40] Processing file /Contents/Common7/IDE/CommonExtensions/Platform/DiagnosticsHub/x86/Microsoft-Windows-XAML.man
[bd94:0009][2026-05-10T01:00:40] D:\Program\Common7\IDE\CommonExtensions\Platform\DiagnosticsHub\x86\Microsoft-Windows-XAML.man file deleted.
[bd94:0009][2026-05-10T01:00:40] Started: Deleting empty directories
[bd94:0009][2026-05-10T01:00:40] Completed: Deleting empty directories
[bd94:0009][2026-05-10T01:00:40] Package executed successfully. Return code: 0
