[c9c4:0009][2026-05-10T01:02:00] Opening the package for processing
[c9c4:0009][2026-05-10T01:02:00] Using package payload to get the embedded manifest
[c9c4:0009][2026-05-10T01:02:00] Getting list of files within the package
[c9c4:0009][2026-05-10T01:02:00] Processing file /Contents/Common7/IDE/Extensions/Microsoft/Dot%20Net/ItemTemplates/Code/1033/Class/Class.cs
[c9c4:0009][2026-05-10T01:02:00] Started: Copying file /Contents/Common7/IDE/Extensions/Microsoft/Dot%20Net/ItemTemplates/Code/1033/Class/Class.cs to D:\Program Files (x86)\Microsoft Visual Studio\2022\BuildTools\Common7\IDE\Extensions\Microsoft\Dot Net\ItemTemplates\Code\1033\Class\Class.cs
[c9c4:0009][2026-05-10T01:02:00] Completed: Copying file /Contents/Common7/IDE/Extensions/Microsoft/Dot%20Net/ItemTemplates/Code/1033/Class/Class.cs to D:\Program Files (x86)\Microsoft Visual Studio\2022\BuildTools\Common7\IDE\Extensions\Microsoft\Dot Net\ItemTemplates\Code\1033\Class\Class.cs
[c9c4:0009][2026-05-10T01:02:00] Timestamp updated for file 'D:\Program Files (x86)\Microsoft Visual Studio\2022\BuildTools\Common7\IDE\Extensions\Microsoft\Dot Net\ItemTemplates\Code\1033\Class\Class.cs'.
[c9c4:0009][2026-05-10T01:02:00] Processing file /Contents/Common7/IDE/Extensions/Microsoft/Dot%20Net/ItemTemplates/Code/1033/Class/Class.vstemplate
[c9c4:0009][2026-05-10T01:02:00] Started: Copying file /Contents/Common7/IDE/Extensions/Microsoft/Dot%20Net/ItemTemplates/Code/1033/Class/Class.vstemplate to D:\Program Files (x86)\Microsoft Visual Studio\2022\BuildTools\Common7\IDE\Extensions\Microsoft\Dot Net\ItemTemplates\Code\1033\Class\Class.vstemplate
[c9c4:0009][2026-05-10T01:02:00] Completed: Copying file /Contents/Common7/IDE/Extensions/Microsoft/Dot%20Net/ItemTemplates/Code/1033/Class/Class.vstemplate to D:\Program Files (x86)\Microsoft Visual Studio\2022\BuildTools\Common7\IDE\Extensions\Microsoft\Dot Net\ItemTemplates\Code\1033\Class\Class.vstemplate
[c9c4:0009][2026-05-10T01:02:00] Timestamp updated for file 'D:\Program Files (x86)\Microsoft Visual Studio\2022\BuildTools\Common7\IDE\Extensions\Microsoft\Dot Net\ItemTemplates\Code\1033\Class\Class.vstemplate'.
[c9c4:0009][2026-05-10T01:02:00] Processing file /Contents/Common7/IDE/Extensions/Microsoft/Dot%20Net/ItemTemplates/Code/1033/CodeFile/CodeFile.cs
[c9c4:0009][2026-05-10T01:02:00] Started: Copying file /Contents/Common7/IDE/Extensions/Microsoft/Dot%20Net/ItemTemplates/Code/1033/CodeFile/CodeFile.cs to D:\Program Files (x86)\Microsoft Visual Studio\2022\BuildTools\Common7\IDE\Extensions\Microsoft\Dot Net\ItemTemplates\Code\1033\CodeFile\CodeFile.cs
[c9c4:0009][2026-05-10T01:02:00] Completed: Copying file /Contents/Common7/IDE/Extensions/Microsoft/Dot%20Net/ItemTemplates/Code/1033/CodeFile/CodeFile.cs to D:\Program Files (x86)\Microsoft Visual Studio\2022\BuildTools\Common7\IDE\Extensions\Microsoft\Dot Net\ItemTemplates\Code\1033\CodeFile\CodeFile.cs
[c9c4:0009][2026-05-10T01:02:00] Timestamp updated for file 'D:\Program Files (x86)\Microsoft Visual Studio\2022\BuildTools\Common7\IDE\Extensions\Microsoft\Dot Net\ItemTemplates\Code\1033\CodeFile\CodeFile.cs'.
[c9c4:0009][2026-05-10T01:02:00] Processing file /Contents/Common7/IDE/Extensions/Microsoft/Dot%20Net/ItemTemplates/Code/1033/CodeFile/CodeFile.vstemplate
[c9c4:0009][2026-05-10T01:02:00] Started: Copying file /Contents/Common7/IDE/Extensions/Microsoft/Dot%20Net/ItemTemplates/Code/1033/CodeFile/CodeFile.vstemplate to D:\Program Files (x86)\Microsoft Visual Studio\2022\BuildTools\Common7\IDE\Extensions\Microsoft\Dot Net\ItemTemplates\Code\1033\CodeFile\CodeFile.vstemplate
[c9c4:0009][2026-05-10T01:02:00] Completed: Copying file /Contents/Common7/IDE/Extensions/Microsoft/Dot%20Net/ItemTemplates/Code/1033/CodeFile/CodeFile.vstemplate to D:\Program Files (x86)\Microsoft Visual Studio\2022\BuildTools\Common7\IDE\Extensions\Microsoft\Dot Net\ItemTemplates\Code\1033\CodeFile\CodeFile.vstemplate
[c9c4:0009][2026-05-10T01:02:00] Timestamp updated for file 'D:\Program Files (x86)\Microsoft Visual Studio\2022\BuildTools\Common7\IDE\Extensions\Microsoft\Dot Net\ItemTemplates\Code\1033\CodeFile\CodeFile.vstemplate'.
[c9c4:0009][2026-05-10T01:02:00] Processing file /Contents/Common7/IDE/Extensions/Microsoft/Dot%20Net/ItemTemplates/Code/1033/Interface/Interface.cs
[c9c4:0009][2026-05-10T01:02:00] Started: Copying file /Contents/Common7/IDE/Extensions/Microsoft/Dot%20Net/ItemTemplates/Code/1033/Interface/Interface.cs to D:\Program Files (x86)\Microsoft Visual Studio\2022\BuildTools\Common7\IDE\Extensions\Microsoft\Dot Net\ItemTemplates\Code\1033\Interface\Interface.cs
[c9c4:0009][2026-05-10T01:02:00] Completed: Copying file /Contents/Common7/IDE/Extensions/Microsoft/Dot%20Net/ItemTemplates/Code/1033/Interface/Interface.cs to D:\Program Files (x86)\Microsoft Visual Studio\2022\BuildTools\Common7\IDE\Extensions\Microsoft\Dot Net\ItemTemplates\Code\1033\Interface\Interface.cs
[c9c4:0009][2026-05-10T01:02:00] Timestamp updated for file 'D:\Program Files (x86)\Microsoft Visual Studio\2022\BuildTools\Common7\IDE\Extensions\Microsoft\Dot Net\ItemTemplates\Code\1033\Interface\Interface.cs'.
[c9c4:0009][2026-05-10T01:02:00] Processing file /Contents/Common7/IDE/Extensions/Microsoft/Dot%20Net/ItemTemplates/Code/1033/Interface/Interface.vstemplate
[c9c4:0009][2026-05-10T01:02:00] Started: Copying file /Contents/Common7/IDE/Extensions/Microsoft/Dot%20Net/ItemTemplates/Code/1033/Interface/Interface.vstemplate to D:\Program Files (x86)\Microsoft Visual Studio\2022\BuildTools\Common7\IDE\Extensions\Microsoft\Dot Net\ItemTemplates\Code\1033\Interface\Interface.vstemplate
[c9c4:0009][2026-05-10T01:02:00] Completed: Copying file /Contents/Common7/IDE/Extensions/Microsoft/Dot%20Net/ItemTemplates/Code/1033/Interface/Interface.vstemplate to D:\Program Files (x86)\Microsoft Visual Studio\2022\BuildTools\Common7\IDE\Extensions\Microsoft\Dot Net\ItemTemplates\Code\1033\Interface\Interface.vstemplate
[c9c4:0009][2026-05-10T01:02:00] Timestamp updated for file 'D:\Program Files (x86)\Microsoft Visual Studio\2022\BuildTools\Common7\IDE\Extensions\Microsoft\Dot Net\ItemTemplates\Code\1033\Interface\Interface.vstemplate'.
[c9c4:0009][2026-05-10T01:02:00] Processing file /Contents/Common7/IDE/Extensions/Microsoft/Dot%20Net/ItemTemplates/Microsoft.WebTools.DotNet.Core.ItemTemplates.Item..vstman
[c9c4:0009][2026-05-10T01:02:00] Started: Copying file /Contents/Common7/IDE/Extensions/Microsoft/Dot%20Net/ItemTemplates/Microsoft.WebTools.DotNet.Core.ItemTemplates.Item..vstman to D:\Program Files (x86)\Microsoft Visual Studio\2022\BuildTools\Common7\IDE\Extensions\Microsoft\Dot Net\ItemTemplates\Microsoft.WebTools.DotNet.Core.ItemTemplates.Item..vstman
[c9c4:0009][2026-05-10T01:02:00] Completed: Copying file /Contents/Common7/IDE/Extensions/Microsoft/Dot%20Net/ItemTemplates/Microsoft.WebTools.DotNet.Core.ItemTemplates.Item..vstman to D:\Program Files (x86)\Microsoft Visual Studio\2022\BuildTools\Common7\IDE\Extensions\Microsoft\Dot Net\ItemTemplates\Microsoft.WebTools.DotNet.Core.ItemTemplates.Item..vstman
[c9c4:0009][2026-05-10T01:02:00] Timestamp updated for file 'D:\Program Files (x86)\Microsoft Visual Studio\2022\BuildTools\Common7\IDE\Extensions\Microsoft\Dot Net\ItemTemplates\Microsoft.WebTools.DotNet.Core.ItemTemplates.Item..vstman'.
[c9c4:0009][2026-05-10T01:02:00] Package executed successfully. Return code: 0
