[3c7c:000c][2026-05-10T01:35:52] Opening the package for processing
[3c7c:000c][2026-05-10T01:35:52] Using package payload to get the embedded manifest
[3c7c:000c][2026-05-10T01:35:52] Getting list of files within the package
[3c7c:000c][2026-05-10T01:35:52] Processing file /Contents/MSBuild/Current/Bin/SdkResolvers/Microsoft.VC.VcpkgSdkResolver/Microsoft.VC.VcpkgSdkResolver.dll
[3c7c:000c][2026-05-10T01:35:52] Started: Copying file /Contents/MSBuild/Current/Bin/SdkResolvers/Microsoft.VC.VcpkgSdkResolver/Microsoft.VC.VcpkgSdkResolver.dll to C:\Program Files (x86)\Microsoft Visual Studio\2022\BuildTools\MSBuild\Current\Bin\SdkResolvers\Microsoft.VC.VcpkgSdkResolver\Microsoft.VC.VcpkgSdkResolver.dll
[3c7c:000c][2026-05-10T01:35:52] Completed: Copying file /Contents/MSBuild/Current/Bin/SdkResolvers/Microsoft.VC.VcpkgSdkResolver/Microsoft.VC.VcpkgSdkResolver.dll to C:\Program Files (x86)\Microsoft Visual Studio\2022\BuildTools\MSBuild\Current\Bin\SdkResolvers\Microsoft.VC.VcpkgSdkResolver\Microsoft.VC.VcpkgSdkResolver.dll
[3c7c:000c][2026-05-10T01:35:52] Timestamp updated for file 'C:\Program Files (x86)\Microsoft Visual Studio\2022\BuildTools\MSBuild\Current\Bin\SdkResolvers\Microsoft.VC.VcpkgSdkResolver\Microsoft.VC.VcpkgSdkResolver.dll'.
[3c7c:000c][2026-05-10T01:35:52] Processing file /Contents/MSBuild/Current/Bin/SdkResolvers/Microsoft.VC.VcpkgSdkResolver/Microsoft.VC.VcpkgSdkResolver.xml
[3c7c:000c][2026-05-10T01:35:52] Started: Copying file /Contents/MSBuild/Current/Bin/SdkResolvers/Microsoft.VC.VcpkgSdkResolver/Microsoft.VC.VcpkgSdkResolver.xml to C:\Program Files (x86)\Microsoft Visual Studio\2022\BuildTools\MSBuild\Current\Bin\SdkResolvers\Microsoft.VC.VcpkgSdkResolver\Microsoft.VC.VcpkgSdkResolver.xml
[3c7c:000c][2026-05-10T01:35:52] Completed: Copying file /Contents/MSBuild/Current/Bin/SdkResolvers/Microsoft.VC.VcpkgSdkResolver/Microsoft.VC.VcpkgSdkResolver.xml to C:\Program Files (x86)\Microsoft Visual Studio\2022\BuildTools\MSBuild\Current\Bin\SdkResolvers\Microsoft.VC.VcpkgSdkResolver\Microsoft.VC.VcpkgSdkResolver.xml
[3c7c:000c][2026-05-10T01:35:52] Timestamp updated for file 'C:\Program Files (x86)\Microsoft Visual Studio\2022\BuildTools\MSBuild\Current\Bin\SdkResolvers\Microsoft.VC.VcpkgSdkResolver\Microsoft.VC.VcpkgSdkResolver.xml'.
[3c7c:000c][2026-05-10T01:35:52] Processing file /Contents/Msbuild/Microsoft/VC/v170/BuildCustomizations/ImageContentTask.props
[3c7c:000c][2026-05-10T01:35:52] Started: Copying file /Contents/Msbuild/Microsoft/VC/v170/BuildCustomizations/ImageContentTask.props to C:\Program Files (x86)\Microsoft Visual Studio\2022\BuildTools\Msbuild\Microsoft\VC\v170\BuildCustomizations\ImageContentTask.props
[3c7c:000c][2026-05-10T01:35:52] Completed: Copying file /Contents/Msbuild/Microsoft/VC/v170/BuildCustomizations/ImageContentTask.props to C:\Program Files (x86)\Microsoft Visual Studio\2022\BuildTools\Msbuild\Microsoft\VC\v170\BuildCustomizations\ImageContentTask.props
[3c7c:000c][2026-05-10T01:35:52] Timestamp updated for file 'C:\Program Files (x86)\Microsoft Visual Studio\2022\BuildTools\Msbuild\Microsoft\VC\v170\BuildCustomizations\ImageContentTask.props'.
[3c7c:000c][2026-05-10T01:35:52] Processing file /Contents/Msbuild/Microsoft/VC/v170/BuildCustomizations/ImageContentTask.targets
[3c7c:000c][2026-05-10T01:35:52] Started: Copying file /Contents/Msbuild/Microsoft/VC/v170/BuildCustomizations/ImageContentTask.targets to C:\Program Files (x86)\Microsoft Visual Studio\2022\BuildTools\Msbuild\Microsoft\VC\v170\BuildCustomizations\ImageContentTask.targets
[3c7c:000c][2026-05-10T01:35:52] Completed: Copying file /Contents/Msbuild/Microsoft/VC/v170/BuildCustomizations/ImageContentTask.targets to C:\Program Files (x86)\Microsoft Visual Studio\2022\BuildTools\Msbuild\Microsoft\VC\v170\BuildCustomizations\ImageContentTask.targets
[3c7c:000c][2026-05-10T01:35:52] Timestamp updated for file 'C:\Program Files (x86)\Microsoft Visual Studio\2022\BuildTools\Msbuild\Microsoft\VC\v170\BuildCustomizations\ImageContentTask.targets'.
[3c7c:000c][2026-05-10T01:35:52] Processing file /Contents/Msbuild/Microsoft/VC/v170/BuildCustomizations/lc.props
[3c7c:000c][2026-05-10T01:35:52] Started: Copying file /Contents/Msbuild/Microsoft/VC/v170/BuildCustomizations/lc.props to C:\Program Files (x86)\Microsoft Visual Studio\2022\BuildTools\Msbuild\Microsoft\VC\v170\BuildCustomizations\lc.props
[3c7c:000c][2026-05-10T01:35:52] Completed: Copying file /Contents/Msbuild/Microsoft/VC/v170/BuildCustomizations/lc.props to C:\Program Files (x86)\Microsoft Visual Studio\2022\BuildTools\Msbuild\Microsoft\VC\v170\BuildCustomizations\lc.props
[3c7c:000c][2026-05-10T01:35:52] Timestamp updated for file 'C:\Program Files (x86)\Microsoft Visual Studio\2022\BuildTools\Msbuild\Microsoft\VC\v170\BuildCustomizations\lc.props'.
[3c7c:000c][2026-05-10T01:35:52] Processing file /Contents/Msbuild/Microsoft/VC/v170/BuildCustomizations/lc.targets
[3c7c:000c][2026-05-10T01:35:52] Started: Copying file /Contents/Msbuild/Microsoft/VC/v170/BuildCustomizations/lc.targets to C:\Program Files (x86)\Microsoft Visual Studio\2022\BuildTools\Msbuild\Microsoft\VC\v170\BuildCustomizations\lc.targets
[3c7c:000c][2026-05-10T01:35:52] Completed: Copying file /Contents/Msbuild/Microsoft/VC/v170/BuildCustomizations/lc.targets to C:\Program Files (x86)\Microsoft Visual Studio\2022\BuildTools\Msbuild\Microsoft\VC\v170\BuildCustomizations\lc.targets
[3c7c:000c][2026-05-10T01:35:52] Timestamp updated for file 'C:\Program Files (x86)\Microsoft Visual Studio\2022\BuildTools\Msbuild\Microsoft\VC\v170\BuildCustomizations\lc.targets'.
[3c7c:000c][2026-05-10T01:35:52] Processing file /Contents/Msbuild/Microsoft/VC/v170/BuildCustomizations/lc.xml
[3c7c:000c][2026-05-10T01:35:52] Started: Copying file /Contents/Msbuild/Microsoft/VC/v170/BuildCustomizations/lc.xml to C:\Program Files (x86)\Microsoft Visual Studio\2022\BuildTools\Msbuild\Microsoft\VC\v170\BuildCustomizations\lc.xml
[3c7c:000c][2026-05-10T01:35:52] Completed: Copying file /Contents/Msbuild/Microsoft/VC/v170/BuildCustomizations/lc.xml to C:\Program Files (x86)\Microsoft Visual Studio\2022\BuildTools\Msbuild\Microsoft\VC\v170\BuildCustomizations\lc.xml
[3c7c:000c][2026-05-10T01:35:52] Timestamp updated for file 'C:\Program Files (x86)\Microsoft Visual Studio\2022\BuildTools\Msbuild\Microsoft\VC\v170\BuildCustomizations\lc.xml'.
[3c7c:000c][2026-05-10T01:35:52] Processing file /Contents/Msbuild/Microsoft/VC/v170/BuildCustomizations/marmasm.props
[3c7c:000c][2026-05-10T01:35:52] Started: Copying file /Contents/Msbuild/Microsoft/VC/v170/BuildCustomizations/marmasm.props to C:\Program Files (x86)\Microsoft Visual Studio\2022\BuildTools\Msbuild\Microsoft\VC\v170\BuildCustomizations\marmasm.props
[3c7c:000c][2026-05-10T01:35:52] Completed: Copying file /Contents/Msbuild/Microsoft/VC/v170/BuildCustomizations/marmasm.props to C:\Program Files (x86)\Microsoft Visual Studio\2022\BuildTools\Msbuild\Microsoft\VC\v170\BuildCustomizations\marmasm.props
[3c7c:000c][2026-05-10T01:35:52] Timestamp updated for file 'C:\Program Files (x86)\Microsoft Visual Studio\2022\BuildTools\Msbuild\Microsoft\VC\v170\BuildCustomizations\marmasm.props'.
[3c7c:000c][2026-05-10T01:35:52] Processing file /Contents/Msbuild/Microsoft/VC/v170/BuildCustomizations/marmasm.targets
[3c7c:000c][2026-05-10T01:35:52] Started: Copying file /Contents/Msbuild/Microsoft/VC/v170/BuildCustomizations/marmasm.targets to C:\Program Files (x86)\Microsoft Visual Studio\2022\BuildTools\Msbuild\Microsoft\VC\v170\BuildCustomizations\marmasm.targets
[3c7c:000c][2026-05-10T01:35:52] Completed: Copying file /Contents/Msbuild/Microsoft/VC/v170/BuildCustomizations/marmasm.targets to C:\Program Files (x86)\Microsoft Visual Studio\2022\BuildTools\Msbuild\Microsoft\VC\v170\BuildCustomizations\marmasm.targets
[3c7c:000c][2026-05-10T01:35:52] Timestamp updated for file 'C:\Program Files (x86)\Microsoft Visual Studio\2022\BuildTools\Msbuild\Microsoft\VC\v170\BuildCustomizations\marmasm.targets'.
[3c7c:000c][2026-05-10T01:35:52] Processing file /Contents/Msbuild/Microsoft/VC/v170/BuildCustomizations/marmasm.xml
[3c7c:000c][2026-05-10T01:35:52] Started: Copying file /Contents/Msbuild/Microsoft/VC/v170/BuildCustomizations/marmasm.xml to C:\Program Files (x86)\Microsoft Visual Studio\2022\BuildTools\Msbuild\Microsoft\VC\v170\BuildCustomizations\marmasm.xml
[3c7c:000c][2026-05-10T01:35:52] Completed: Copying file /Contents/Msbuild/Microsoft/VC/v170/BuildCustomizations/marmasm.xml to C:\Program Files (x86)\Microsoft Visual Studio\2022\BuildTools\Msbuild\Microsoft\VC\v170\BuildCustomizations\marmasm.xml
[3c7c:000c][2026-05-10T01:35:52] Timestamp updated for file 'C:\Program Files (x86)\Microsoft Visual Studio\2022\BuildTools\Msbuild\Microsoft\VC\v170\BuildCustomizations\marmasm.xml'.
[3c7c:000c][2026-05-10T01:35:52] Processing file /Contents/Msbuild/Microsoft/VC/v170/BuildCustomizations/masm.props
[3c7c:000c][2026-05-10T01:35:52] Started: Copying file /Contents/Msbuild/Microsoft/VC/v170/BuildCustomizations/masm.props to C:\Program Files (x86)\Microsoft Visual Studio\2022\BuildTools\Msbuild\Microsoft\VC\v170\BuildCustomizations\masm.props
[3c7c:000c][2026-05-10T01:35:52] Completed: Copying file /Contents/Msbuild/Microsoft/VC/v170/BuildCustomizations/masm.props to C:\Program Files (x86)\Microsoft Visual Studio\2022\BuildTools\Msbuild\Microsoft\VC\v170\BuildCustomizations\masm.props
[3c7c:000c][2026-05-10T01:35:52] Timestamp updated for file 'C:\Program Files (x86)\Microsoft Visual Studio\2022\BuildTools\Msbuild\Microsoft\VC\v170\BuildCustomizations\masm.props'.
[3c7c:000c][2026-05-10T01:35:52] Processing file /Contents/Msbuild/Microsoft/VC/v170/BuildCustomizations/masm.targets
[3c7c:000c][2026-05-10T01:35:52] Started: Copying file /Contents/Msbuild/Microsoft/VC/v170/BuildCustomizations/masm.targets to C:\Program Files (x86)\Microsoft Visual Studio\2022\BuildTools\Msbuild\Microsoft\VC\v170\BuildCustomizations\masm.targets
[3c7c:000c][2026-05-10T01:35:52] Completed: Copying file /Contents/Msbuild/Microsoft/VC/v170/BuildCustomizations/masm.targets to C:\Program Files (x86)\Microsoft Visual Studio\2022\BuildTools\Msbuild\Microsoft\VC\v170\BuildCustomizations\masm.targets
[3c7c:000c][2026-05-10T01:35:52] Timestamp updated for file 'C:\Program Files (x86)\Microsoft Visual Studio\2022\BuildTools\Msbuild\Microsoft\VC\v170\BuildCustomizations\masm.targets'.
[3c7c:000c][2026-05-10T01:35:52] Processing file /Contents/Msbuild/Microsoft/VC/v170/BuildCustomizations/masm.xml
[3c7c:000c][2026-05-10T01:35:52] Started: Copying file /Contents/Msbuild/Microsoft/VC/v170/BuildCustomizations/masm.xml to C:\Program Files (x86)\Microsoft Visual Studio\2022\BuildTools\Msbuild\Microsoft\VC\v170\BuildCustomizations\masm.xml
[3c7c:000c][2026-05-10T01:35:52] Completed: Copying file /Contents/Msbuild/Microsoft/VC/v170/BuildCustomizations/masm.xml to C:\Program Files (x86)\Microsoft Visual Studio\2022\BuildTools\Msbuild\Microsoft\VC\v170\BuildCustomizations\masm.xml
[3c7c:000c][2026-05-10T01:35:52] Timestamp updated for file 'C:\Program Files (x86)\Microsoft Visual Studio\2022\BuildTools\Msbuild\Microsoft\VC\v170\BuildCustomizations\masm.xml'.
[3c7c:000c][2026-05-10T01:35:52] Processing file /Contents/Msbuild/Microsoft/VC/v170/BuildCustomizations/MeshContentTask.props
[3c7c:000c][2026-05-10T01:35:52] Started: Copying file /Contents/Msbuild/Microsoft/VC/v170/BuildCustomizations/MeshContentTask.props to C:\Program Files (x86)\Microsoft Visual Studio\2022\BuildTools\Msbuild\Microsoft\VC\v170\BuildCustomizations\MeshContentTask.props
[3c7c:000c][2026-05-10T01:35:52] Completed: Copying file /Contents/Msbuild/Microsoft/VC/v170/BuildCustomizations/MeshContentTask.props to C:\Program Files (x86)\Microsoft Visual Studio\2022\BuildTools\Msbuild\Microsoft\VC\v170\BuildCustomizations\MeshContentTask.props
[3c7c:000c][2026-05-10T01:35:52] Timestamp updated for file 'C:\Program Files (x86)\Microsoft Visual Studio\2022\BuildTools\Msbuild\Microsoft\VC\v170\BuildCustomizations\MeshContentTask.props'.
[3c7c:000c][2026-05-10T01:35:52] Processing file /Contents/Msbuild/Microsoft/VC/v170/BuildCustomizations/MeshContentTask.targets
[3c7c:000c][2026-05-10T01:35:52] Started: Copying file /Contents/Msbuild/Microsoft/VC/v170/BuildCustomizations/MeshContentTask.targets to C:\Program Files (x86)\Microsoft Visual Studio\2022\BuildTools\Msbuild\Microsoft\VC\v170\BuildCustomizations\MeshContentTask.targets
[3c7c:000c][2026-05-10T01:35:52] Completed: Copying file /Contents/Msbuild/Microsoft/VC/v170/BuildCustomizations/MeshContentTask.targets to C:\Program Files (x86)\Microsoft Visual Studio\2022\BuildTools\Msbuild\Microsoft\VC\v170\BuildCustomizations\MeshContentTask.targets
[3c7c:000c][2026-05-10T01:35:52] Timestamp updated for file 'C:\Program Files (x86)\Microsoft Visual Studio\2022\BuildTools\Msbuild\Microsoft\VC\v170\BuildCustomizations\MeshContentTask.targets'.
[3c7c:000c][2026-05-10T01:35:52] Processing file /Contents/Msbuild/Microsoft/VC/v170/BuildCustomizations/ShaderGraphContentTask.props
[3c7c:000c][2026-05-10T01:35:52] Started: Copying file /Contents/Msbuild/Microsoft/VC/v170/BuildCustomizations/ShaderGraphContentTask.props to C:\Program Files (x86)\Microsoft Visual Studio\2022\BuildTools\Msbuild\Microsoft\VC\v170\BuildCustomizations\ShaderGraphContentTask.props
[3c7c:000c][2026-05-10T01:35:52] Completed: Copying file /Contents/Msbuild/Microsoft/VC/v170/BuildCustomizations/ShaderGraphContentTask.props to C:\Program Files (x86)\Microsoft Visual Studio\2022\BuildTools\Msbuild\Microsoft\VC\v170\BuildCustomizations\ShaderGraphContentTask.props
[3c7c:000c][2026-05-10T01:35:52] Timestamp updated for file 'C:\Program Files (x86)\Microsoft Visual Studio\2022\BuildTools\Msbuild\Microsoft\VC\v170\BuildCustomizations\ShaderGraphContentTask.props'.
[3c7c:000c][2026-05-10T01:35:52] Processing file /Contents/Msbuild/Microsoft/VC/v170/BuildCustomizations/ShaderGraphContentTask.targets
[3c7c:000c][2026-05-10T01:35:52] Started: Copying file /Contents/Msbuild/Microsoft/VC/v170/BuildCustomizations/ShaderGraphContentTask.targets to C:\Program Files (x86)\Microsoft Visual Studio\2022\BuildTools\Msbuild\Microsoft\VC\v170\BuildCustomizations\ShaderGraphContentTask.targets
[3c7c:000c][2026-05-10T01:35:52] Completed: Copying file /Contents/Msbuild/Microsoft/VC/v170/BuildCustomizations/ShaderGraphContentTask.targets to C:\Program Files (x86)\Microsoft Visual Studio\2022\BuildTools\Msbuild\Microsoft\VC\v170\BuildCustomizations\ShaderGraphContentTask.targets
[3c7c:000c][2026-05-10T01:35:52] Timestamp updated for file 'C:\Program Files (x86)\Microsoft Visual Studio\2022\BuildTools\Msbuild\Microsoft\VC\v170\BuildCustomizations\ShaderGraphContentTask.targets'.
[3c7c:000c][2026-05-10T01:35:52] Processing file /Contents/Msbuild/Microsoft/VC/v170/Microsoft.Build.CPPTasks.Common.Base.dll
[3c7c:000c][2026-05-10T01:35:52] Started: Copying file /Contents/Msbuild/Microsoft/VC/v170/Microsoft.Build.CPPTasks.Common.Base.dll to C:\Program Files (x86)\Microsoft Visual Studio\2022\BuildTools\Msbuild\Microsoft\VC\v170\Microsoft.Build.CPPTasks.Common.Base.dll
[3c7c:000c][2026-05-10T01:35:52] Completed: Copying file /Contents/Msbuild/Microsoft/VC/v170/Microsoft.Build.CPPTasks.Common.Base.dll to C:\Program Files (x86)\Microsoft Visual Studio\2022\BuildTools\Msbuild\Microsoft\VC\v170\Microsoft.Build.CPPTasks.Common.Base.dll
[3c7c:000c][2026-05-10T01:35:52] Timestamp updated for file 'C:\Program Files (x86)\Microsoft Visual Studio\2022\BuildTools\Msbuild\Microsoft\VC\v170\Microsoft.Build.CPPTasks.Common.Base.dll'.
[3c7c:000c][2026-05-10T01:35:52] Processing file /Contents/Msbuild/Microsoft/VC/v170/Microsoft.Build.CPPTasks.Common.dll
[3c7c:000c][2026-05-10T01:35:52] Started: Copying file /Contents/Msbuild/Microsoft/VC/v170/Microsoft.Build.CPPTasks.Common.dll to C:\Program Files (x86)\Microsoft Visual Studio\2022\BuildTools\Msbuild\Microsoft\VC\v170\Microsoft.Build.CPPTasks.Common.dll
[3c7c:000c][2026-05-10T01:35:52] Completed: Copying file /Contents/Msbuild/Microsoft/VC/v170/Microsoft.Build.CPPTasks.Common.dll to C:\Program Files (x86)\Microsoft Visual Studio\2022\BuildTools\Msbuild\Microsoft\VC\v170\Microsoft.Build.CPPTasks.Common.dll
[3c7c:000c][2026-05-10T01:35:52] Timestamp updated for file 'C:\Program Files (x86)\Microsoft Visual Studio\2022\BuildTools\Msbuild\Microsoft\VC\v170\Microsoft.Build.CPPTasks.Common.dll'.
[3c7c:000c][2026-05-10T01:35:52] Processing file /Contents/Msbuild/Microsoft/VC/v170/Microsoft.BuildSteps.targets
[3c7c:000c][2026-05-10T01:35:52] Started: Copying file /Contents/Msbuild/Microsoft/VC/v170/Microsoft.BuildSteps.targets to C:\Program Files (x86)\Microsoft Visual Studio\2022\BuildTools\Msbuild\Microsoft\VC\v170\Microsoft.BuildSteps.targets
[3c7c:000c][2026-05-10T01:35:52] Completed: Copying file /Contents/Msbuild/Microsoft/VC/v170/Microsoft.BuildSteps.targets to C:\Program Files (x86)\Microsoft Visual Studio\2022\BuildTools\Msbuild\Microsoft\VC\v170\Microsoft.BuildSteps.targets
[3c7c:000c][2026-05-10T01:35:52] Timestamp updated for file 'C:\Program Files (x86)\Microsoft Visual Studio\2022\BuildTools\Msbuild\Microsoft\VC\v170\Microsoft.BuildSteps.targets'.
[3c7c:000c][2026-05-10T01:35:52] Processing file /Contents/Msbuild/Microsoft/VC/v170/Microsoft.Cl.Common.props
[3c7c:000c][2026-05-10T01:35:52] Started: Copying file /Contents/Msbuild/Microsoft/VC/v170/Microsoft.Cl.Common.props to C:\Program Files (x86)\Microsoft Visual Studio\2022\BuildTools\Msbuild\Microsoft\VC\v170\Microsoft.Cl.Common.props
[3c7c:000c][2026-05-10T01:35:52] Completed: Copying file /Contents/Msbuild/Microsoft/VC/v170/Microsoft.Cl.Common.props to C:\Program Files (x86)\Microsoft Visual Studio\2022\BuildTools\Msbuild\Microsoft\VC\v170\Microsoft.Cl.Common.props
[3c7c:000c][2026-05-10T01:35:52] Timestamp updated for file 'C:\Program Files (x86)\Microsoft Visual Studio\2022\BuildTools\Msbuild\Microsoft\VC\v170\Microsoft.Cl.Common.props'.
[3c7c:000c][2026-05-10T01:35:52] Processing file /Contents/Msbuild/Microsoft/VC/v170/Microsoft.Cpp.Analysis.props
[3c7c:000c][2026-05-10T01:35:52] Started: Copying file /Contents/Msbuild/Microsoft/VC/v170/Microsoft.Cpp.Analysis.props to C:\Program Files (x86)\Microsoft Visual Studio\2022\BuildTools\Msbuild\Microsoft\VC\v170\Microsoft.Cpp.Analysis.props
[3c7c:000c][2026-05-10T01:35:52] Completed: Copying file /Contents/Msbuild/Microsoft/VC/v170/Microsoft.Cpp.Analysis.props to C:\Program Files (x86)\Microsoft Visual Studio\2022\BuildTools\Msbuild\Microsoft\VC\v170\Microsoft.Cpp.Analysis.props
[3c7c:000c][2026-05-10T01:35:52] Timestamp updated for file 'C:\Program Files (x86)\Microsoft Visual Studio\2022\BuildTools\Msbuild\Microsoft\VC\v170\Microsoft.Cpp.Analysis.props'.
[3c7c:000c][2026-05-10T01:35:52] Processing file /Contents/Msbuild/Microsoft/VC/v170/Microsoft.Cpp.Analysis.targets
[3c7c:000c][2026-05-10T01:35:52] Started: Copying file /Contents/Msbuild/Microsoft/VC/v170/Microsoft.Cpp.Analysis.targets to C:\Program Files (x86)\Microsoft Visual Studio\2022\BuildTools\Msbuild\Microsoft\VC\v170\Microsoft.Cpp.Analysis.targets
[3c7c:000c][2026-05-10T01:35:52] Completed: Copying file /Contents/Msbuild/Microsoft/VC/v170/Microsoft.Cpp.Analysis.targets to C:\Program Files (x86)\Microsoft Visual Studio\2022\BuildTools\Msbuild\Microsoft\VC\v170\Microsoft.Cpp.Analysis.targets
[3c7c:000c][2026-05-10T01:35:52] Timestamp updated for file 'C:\Program Files (x86)\Microsoft Visual Studio\2022\BuildTools\Msbuild\Microsoft\VC\v170\Microsoft.Cpp.Analysis.targets'.
[3c7c:000c][2026-05-10T01:35:52] Processing file /Contents/Msbuild/Microsoft/VC/v170/Microsoft.Cpp.AppContainerApplication.props
[3c7c:000c][2026-05-10T01:35:52] Started: Copying file /Contents/Msbuild/Microsoft/VC/v170/Microsoft.Cpp.AppContainerApplication.props to C:\Program Files (x86)\Microsoft Visual Studio\2022\BuildTools\Msbuild\Microsoft\VC\v170\Microsoft.Cpp.AppContainerApplication.props
[3c7c:000c][2026-05-10T01:35:52] Completed: Copying file /Contents/Msbuild/Microsoft/VC/v170/Microsoft.Cpp.AppContainerApplication.props to C:\Program Files (x86)\Microsoft Visual Studio\2022\BuildTools\Msbuild\Microsoft\VC\v170\Microsoft.Cpp.AppContainerApplication.props
[3c7c:000c][2026-05-10T01:35:52] Timestamp updated for file 'C:\Program Files (x86)\Microsoft Visual Studio\2022\BuildTools\Msbuild\Microsoft\VC\v170\Microsoft.Cpp.AppContainerApplication.props'.
[3c7c:000c][2026-05-10T01:35:52] Processing file /Contents/Msbuild/Microsoft/VC/v170/Microsoft.Cpp.Application.props
[3c7c:000c][2026-05-10T01:35:52] Started: Copying file /Contents/Msbuild/Microsoft/VC/v170/Microsoft.Cpp.Application.props to C:\Program Files (x86)\Microsoft Visual Studio\2022\BuildTools\Msbuild\Microsoft\VC\v170\Microsoft.Cpp.Application.props
[3c7c:000c][2026-05-10T01:35:52] Completed: Copying file /Contents/Msbuild/Microsoft/VC/v170/Microsoft.Cpp.Application.props to C:\Program Files (x86)\Microsoft Visual Studio\2022\BuildTools\Msbuild\Microsoft\VC\v170\Microsoft.Cpp.Application.props
[3c7c:000c][2026-05-10T01:35:52] Timestamp updated for file 'C:\Program Files (x86)\Microsoft Visual Studio\2022\BuildTools\Msbuild\Microsoft\VC\v170\Microsoft.Cpp.Application.props'.
[3c7c:000c][2026-05-10T01:35:52] Processing file /Contents/Msbuild/Microsoft/VC/v170/Microsoft.Cpp.BuildBsc.props
[3c7c:000c][2026-05-10T01:35:52] Started: Copying file /Contents/Msbuild/Microsoft/VC/v170/Microsoft.Cpp.BuildBsc.props to C:\Program Files (x86)\Microsoft Visual Studio\2022\BuildTools\Msbuild\Microsoft\VC\v170\Microsoft.Cpp.BuildBsc.props
[3c7c:000c][2026-05-10T01:35:52] Completed: Copying file /Contents/Msbuild/Microsoft/VC/v170/Microsoft.Cpp.BuildBsc.props to C:\Program Files (x86)\Microsoft Visual Studio\2022\BuildTools\Msbuild\Microsoft\VC\v170\Microsoft.Cpp.BuildBsc.props
[3c7c:000c][2026-05-10T01:35:52] Timestamp updated for file 'C:\Program Files (x86)\Microsoft Visual Studio\2022\BuildTools\Msbuild\Microsoft\VC\v170\Microsoft.Cpp.BuildBsc.props'.
[3c7c:000c][2026-05-10T01:35:52] Processing file /Contents/Msbuild/Microsoft/VC/v170/Microsoft.Cpp.BuildPass.targets
[3c7c:000c][2026-05-10T01:35:52] Started: Copying file /Contents/Msbuild/Microsoft/VC/v170/Microsoft.Cpp.BuildPass.targets to C:\Program Files (x86)\Microsoft Visual Studio\2022\BuildTools\Msbuild\Microsoft\VC\v170\Microsoft.Cpp.BuildPass.targets
[3c7c:000c][2026-05-10T01:35:52] Completed: Copying file /Contents/Msbuild/Microsoft/VC/v170/Microsoft.Cpp.BuildPass.targets to C:\Program Files (x86)\Microsoft Visual Studio\2022\BuildTools\Msbuild\Microsoft\VC\v170\Microsoft.Cpp.BuildPass.targets
[3c7c:000c][2026-05-10T01:35:52] Timestamp updated for file 'C:\Program Files (x86)\Microsoft Visual Studio\2022\BuildTools\Msbuild\Microsoft\VC\v170\Microsoft.Cpp.BuildPass.targets'.
[3c7c:000c][2026-05-10T01:35:52] Processing file /Contents/Msbuild/Microsoft/VC/v170/Microsoft.Cpp.Clang.props
[3c7c:000c][2026-05-10T01:35:52] Started: Copying file /Contents/Msbuild/Microsoft/VC/v170/Microsoft.Cpp.Clang.props to C:\Program Files (x86)\Microsoft Visual Studio\2022\BuildTools\Msbuild\Microsoft\VC\v170\Microsoft.Cpp.Clang.props
[3c7c:000c][2026-05-10T01:35:52] Completed: Copying file /Contents/Msbuild/Microsoft/VC/v170/Microsoft.Cpp.Clang.props to C:\Program Files (x86)\Microsoft Visual Studio\2022\BuildTools\Msbuild\Microsoft\VC\v170\Microsoft.Cpp.Clang.props
[3c7c:000c][2026-05-10T01:35:52] Timestamp updated for file 'C:\Program Files (x86)\Microsoft Visual Studio\2022\BuildTools\Msbuild\Microsoft\VC\v170\Microsoft.Cpp.Clang.props'.
[3c7c:000c][2026-05-10T01:35:52] Processing file /Contents/Msbuild/Microsoft/VC/v170/Microsoft.Cpp.Clang.targets
[3c7c:000c][2026-05-10T01:35:52] Started: Copying file /Contents/Msbuild/Microsoft/VC/v170/Microsoft.Cpp.Clang.targets to C:\Program Files (x86)\Microsoft Visual Studio\2022\BuildTools\Msbuild\Microsoft\VC\v170\Microsoft.Cpp.Clang.targets
[3c7c:000c][2026-05-10T01:35:52] Completed: Copying file /Contents/Msbuild/Microsoft/VC/v170/Microsoft.Cpp.Clang.targets to C:\Program Files (x86)\Microsoft Visual Studio\2022\BuildTools\Msbuild\Microsoft\VC\v170\Microsoft.Cpp.Clang.targets
[3c7c:000c][2026-05-10T01:35:52] Timestamp updated for file 'C:\Program Files (x86)\Microsoft Visual Studio\2022\BuildTools\Msbuild\Microsoft\VC\v170\Microsoft.Cpp.Clang.targets'.
[3c7c:000c][2026-05-10T01:35:52] Processing file /Contents/Msbuild/Microsoft/VC/v170/Microsoft.Cpp.ClangTidy.props
[3c7c:000c][2026-05-10T01:35:52] Started: Copying file /Contents/Msbuild/Microsoft/VC/v170/Microsoft.Cpp.ClangTidy.props to C:\Program Files (x86)\Microsoft Visual Studio\2022\BuildTools\Msbuild\Microsoft\VC\v170\Microsoft.Cpp.ClangTidy.props
[3c7c:000c][2026-05-10T01:35:52] Completed: Copying file /Contents/Msbuild/Microsoft/VC/v170/Microsoft.Cpp.ClangTidy.props to C:\Program Files (x86)\Microsoft Visual Studio\2022\BuildTools\Msbuild\Microsoft\VC\v170\Microsoft.Cpp.ClangTidy.props
[3c7c:000c][2026-05-10T01:35:52] Timestamp updated for file 'C:\Program Files (x86)\Microsoft Visual Studio\2022\BuildTools\Msbuild\Microsoft\VC\v170\Microsoft.Cpp.ClangTidy.props'.
[3c7c:000c][2026-05-10T01:35:52] Processing file /Contents/Msbuild/Microsoft/VC/v170/Microsoft.Cpp.ClangTidy.targets
[3c7c:000c][2026-05-10T01:35:52] Started: Copying file /Contents/Msbuild/Microsoft/VC/v170/Microsoft.Cpp.ClangTidy.targets to C:\Program Files (x86)\Microsoft Visual Studio\2022\BuildTools\Msbuild\Microsoft\VC\v170\Microsoft.Cpp.ClangTidy.targets
[3c7c:000c][2026-05-10T01:35:52] Completed: Copying file /Contents/Msbuild/Microsoft/VC/v170/Microsoft.Cpp.ClangTidy.targets to C:\Program Files (x86)\Microsoft Visual Studio\2022\BuildTools\Msbuild\Microsoft\VC\v170\Microsoft.Cpp.ClangTidy.targets
[3c7c:000c][2026-05-10T01:35:52] Timestamp updated for file 'C:\Program Files (x86)\Microsoft Visual Studio\2022\BuildTools\Msbuild\Microsoft\VC\v170\Microsoft.Cpp.ClangTidy.targets'.
[3c7c:000c][2026-05-10T01:35:52] Processing file /Contents/Msbuild/Microsoft/VC/v170/Microsoft.Cpp.Common.props
[3c7c:000c][2026-05-10T01:35:52] Started: Copying file /Contents/Msbuild/Microsoft/VC/v170/Microsoft.Cpp.Common.props to C:\Program Files (x86)\Microsoft Visual Studio\2022\BuildTools\Msbuild\Microsoft\VC\v170\Microsoft.Cpp.Common.props
[3c7c:000c][2026-05-10T01:35:52] Completed: Copying file /Contents/Msbuild/Microsoft/VC/v170/Microsoft.Cpp.Common.props to C:\Program Files (x86)\Microsoft Visual Studio\2022\BuildTools\Msbuild\Microsoft\VC\v170\Microsoft.Cpp.Common.props
[3c7c:000c][2026-05-10T01:35:52] Timestamp updated for file 'C:\Program Files (x86)\Microsoft Visual Studio\2022\BuildTools\Msbuild\Microsoft\VC\v170\Microsoft.Cpp.Common.props'.
[3c7c:000c][2026-05-10T01:35:52] Processing file /Contents/Msbuild/Microsoft/VC/v170/Microsoft.Cpp.CoreWin.props
[3c7c:000c][2026-05-10T01:35:52] Started: Copying file /Contents/Msbuild/Microsoft/VC/v170/Microsoft.Cpp.CoreWin.props to C:\Program Files (x86)\Microsoft Visual Studio\2022\BuildTools\Msbuild\Microsoft\VC\v170\Microsoft.Cpp.CoreWin.props
[3c7c:000c][2026-05-10T01:35:52] Completed: Copying file /Contents/Msbuild/Microsoft/VC/v170/Microsoft.Cpp.CoreWin.props to C:\Program Files (x86)\Microsoft Visual Studio\2022\BuildTools\Msbuild\Microsoft\VC\v170\Microsoft.Cpp.CoreWin.props
[3c7c:000c][2026-05-10T01:35:52] Timestamp updated for file 'C:\Program Files (x86)\Microsoft Visual Studio\2022\BuildTools\Msbuild\Microsoft\VC\v170\Microsoft.Cpp.CoreWin.props'.
[3c7c:000c][2026-05-10T01:35:52] Processing file /Contents/Msbuild/Microsoft/VC/v170/Microsoft.Cpp.Current.targets
[3c7c:000c][2026-05-10T01:35:52] Started: Copying file /Contents/Msbuild/Microsoft/VC/v170/Microsoft.Cpp.Current.targets to C:\Program Files (x86)\Microsoft Visual Studio\2022\BuildTools\Msbuild\Microsoft\VC\v170\Microsoft.Cpp.Current.targets
[3c7c:000c][2026-05-10T01:35:52] Completed: Copying file /Contents/Msbuild/Microsoft/VC/v170/Microsoft.Cpp.Current.targets to C:\Program Files (x86)\Microsoft Visual Studio\2022\BuildTools\Msbuild\Microsoft\VC\v170\Microsoft.Cpp.Current.targets
[3c7c:000c][2026-05-10T01:35:52] Timestamp updated for file 'C:\Program Files (x86)\Microsoft Visual Studio\2022\BuildTools\Msbuild\Microsoft\VC\v170\Microsoft.Cpp.Current.targets'.
[3c7c:000c][2026-05-10T01:35:52] Processing file /Contents/Msbuild/Microsoft/VC/v170/Microsoft.Cpp.Default.props
[3c7c:000c][2026-05-10T01:35:52] Started: Copying file /Contents/Msbuild/Microsoft/VC/v170/Microsoft.Cpp.Default.props to C:\Program Files (x86)\Microsoft Visual Studio\2022\BuildTools\Msbuild\Microsoft\VC\v170\Microsoft.Cpp.Default.props
[3c7c:000c][2026-05-10T01:35:52] Completed: Copying file /Contents/Msbuild/Microsoft/VC/v170/Microsoft.Cpp.Default.props to C:\Program Files (x86)\Microsoft Visual Studio\2022\BuildTools\Msbuild\Microsoft\VC\v170\Microsoft.Cpp.Default.props
[3c7c:000c][2026-05-10T01:35:52] Timestamp updated for file 'C:\Program Files (x86)\Microsoft Visual Studio\2022\BuildTools\Msbuild\Microsoft\VC\v170\Microsoft.Cpp.Default.props'.
[3c7c:000c][2026-05-10T01:35:52] Processing file /Contents/Msbuild/Microsoft/VC/v170/Microsoft.Cpp.DesignTime.targets
[3c7c:000c][2026-05-10T01:35:52] Started: Copying file /Contents/Msbuild/Microsoft/VC/v170/Microsoft.Cpp.DesignTime.targets to C:\Program Files (x86)\Microsoft Visual Studio\2022\BuildTools\Msbuild\Microsoft\VC\v170\Microsoft.Cpp.DesignTime.targets
[3c7c:000c][2026-05-10T01:35:52] Completed: Copying file /Contents/Msbuild/Microsoft/VC/v170/Microsoft.Cpp.DesignTime.targets to C:\Program Files (x86)\Microsoft Visual Studio\2022\BuildTools\Msbuild\Microsoft\VC\v170\Microsoft.Cpp.DesignTime.targets
[3c7c:000c][2026-05-10T01:35:52] Timestamp updated for file 'C:\Program Files (x86)\Microsoft Visual Studio\2022\BuildTools\Msbuild\Microsoft\VC\v170\Microsoft.Cpp.DesignTime.targets'.
[3c7c:000c][2026-05-10T01:35:52] Processing file /Contents/Msbuild/Microsoft/VC/v170/Microsoft.Cpp.EnableASAN.props
[3c7c:000c][2026-05-10T01:35:52] Started: Copying file /Contents/Msbuild/Microsoft/VC/v170/Microsoft.Cpp.EnableASAN.props to C:\Program Files (x86)\Microsoft Visual Studio\2022\BuildTools\Msbuild\Microsoft\VC\v170\Microsoft.Cpp.EnableASAN.props
[3c7c:000c][2026-05-10T01:35:52] Completed: Copying file /Contents/Msbuild/Microsoft/VC/v170/Microsoft.Cpp.EnableASAN.props to C:\Program Files (x86)\Microsoft Visual Studio\2022\BuildTools\Msbuild\Microsoft\VC\v170\Microsoft.Cpp.EnableASAN.props
[3c7c:000c][2026-05-10T01:35:52] Timestamp updated for file 'C:\Program Files (x86)\Microsoft Visual Studio\2022\BuildTools\Msbuild\Microsoft\VC\v170\Microsoft.Cpp.EnableASAN.props'.
[3c7c:000c][2026-05-10T01:35:52] Processing file /Contents/Msbuild/Microsoft/VC/v170/Microsoft.Cpp.InvalidPlatform.targets
[3c7c:000c][2026-05-10T01:35:52] Started: Copying file /Contents/Msbuild/Microsoft/VC/v170/Microsoft.Cpp.InvalidPlatform.targets to C:\Program Files (x86)\Microsoft Visual Studio\2022\BuildTools\Msbuild\Microsoft\VC\v170\Microsoft.Cpp.InvalidPlatform.targets
[3c7c:000c][2026-05-10T01:35:52] Completed: Copying file /Contents/Msbuild/Microsoft/VC/v170/Microsoft.Cpp.InvalidPlatform.targets to C:\Program Files (x86)\Microsoft Visual Studio\2022\BuildTools\Msbuild\Microsoft\VC\v170\Microsoft.Cpp.InvalidPlatform.targets
[3c7c:000c][2026-05-10T01:35:52] Timestamp updated for file 'C:\Program Files (x86)\Microsoft Visual Studio\2022\BuildTools\Msbuild\Microsoft\VC\v170\Microsoft.Cpp.InvalidPlatform.targets'.
[3c7c:000c][2026-05-10T01:35:52] Processing file /Contents/Msbuild/Microsoft/VC/v170/Microsoft.Cpp.ManagedExtensions.props
[3c7c:000c][2026-05-10T01:35:52] Started: Copying file /Contents/Msbuild/Microsoft/VC/v170/Microsoft.Cpp.ManagedExtensions.props to C:\Program Files (x86)\Microsoft Visual Studio\2022\BuildTools\Msbuild\Microsoft\VC\v170\Microsoft.Cpp.ManagedExtensions.props
[3c7c:000c][2026-05-10T01:35:52] Completed: Copying file /Contents/Msbuild/Microsoft/VC/v170/Microsoft.Cpp.ManagedExtensions.props to C:\Program Files (x86)\Microsoft Visual Studio\2022\BuildTools\Msbuild\Microsoft\VC\v170\Microsoft.Cpp.ManagedExtensions.props
[3c7c:000c][2026-05-10T01:35:52] Timestamp updated for file 'C:\Program Files (x86)\Microsoft Visual Studio\2022\BuildTools\Msbuild\Microsoft\VC\v170\Microsoft.Cpp.ManagedExtensions.props'.
[3c7c:000c][2026-05-10T01:35:52] Processing file /Contents/Msbuild/Microsoft/VC/v170/Microsoft.Cpp.ManagedExtensionsNetCore.props
[3c7c:000c][2026-05-10T01:35:52] Started: Copying file /Contents/Msbuild/Microsoft/VC/v170/Microsoft.Cpp.ManagedExtensionsNetCore.props to C:\Program Files (x86)\Microsoft Visual Studio\2022\BuildTools\Msbuild\Microsoft\VC\v170\Microsoft.Cpp.ManagedExtensionsNetCore.props
[3c7c:000c][2026-05-10T01:35:52] Completed: Copying file /Contents/Msbuild/Microsoft/VC/v170/Microsoft.Cpp.ManagedExtensionsNetCore.props to C:\Program Files (x86)\Microsoft Visual Studio\2022\BuildTools\Msbuild\Microsoft\VC\v170\Microsoft.Cpp.ManagedExtensionsNetCore.props
[3c7c:000c][2026-05-10T01:35:52] Timestamp updated for file 'C:\Program Files (x86)\Microsoft Visual Studio\2022\BuildTools\Msbuild\Microsoft\VC\v170\Microsoft.Cpp.ManagedExtensionsNetCore.props'.
[3c7c:000c][2026-05-10T01:35:52] Processing file /Contents/Msbuild/Microsoft/VC/v170/Microsoft.Cpp.managedExtensionsOldSyntax.props
[3c7c:000c][2026-05-10T01:35:52] Started: Copying file /Contents/Msbuild/Microsoft/VC/v170/Microsoft.Cpp.managedExtensionsOldSyntax.props to C:\Program Files (x86)\Microsoft Visual Studio\2022\BuildTools\Msbuild\Microsoft\VC\v170\Microsoft.Cpp.managedExtensionsOldSyntax.props
[3c7c:000c][2026-05-10T01:35:52] Completed: Copying file /Contents/Msbuild/Microsoft/VC/v170/Microsoft.Cpp.managedExtensionsOldSyntax.props to C:\Program Files (x86)\Microsoft Visual Studio\2022\BuildTools\Msbuild\Microsoft\VC\v170\Microsoft.Cpp.managedExtensionsOldSyntax.props
[3c7c:000c][2026-05-10T01:35:52] Timestamp updated for file 'C:\Program Files (x86)\Microsoft Visual Studio\2022\BuildTools\Msbuild\Microsoft\VC\v170\Microsoft.Cpp.managedExtensionsOldSyntax.props'.
[3c7c:000c][2026-05-10T01:35:52] Processing file /Contents/Msbuild/Microsoft/VC/v170/Microsoft.Cpp.ManagedExtensionsPure.props
[3c7c:000c][2026-05-10T01:35:52] Started: Copying file /Contents/Msbuild/Microsoft/VC/v170/Microsoft.Cpp.ManagedExtensionsPure.props to C:\Program Files (x86)\Microsoft Visual Studio\2022\BuildTools\Msbuild\Microsoft\VC\v170\Microsoft.Cpp.ManagedExtensionsPure.props
[3c7c:000c][2026-05-10T01:35:52] Completed: Copying file /Contents/Msbuild/Microsoft/VC/v170/Microsoft.Cpp.ManagedExtensionsPure.props to C:\Program Files (x86)\Microsoft Visual Studio\2022\BuildTools\Msbuild\Microsoft\VC\v170\Microsoft.Cpp.ManagedExtensionsPure.props
[3c7c:000c][2026-05-10T01:35:52] Timestamp updated for file 'C:\Program Files (x86)\Microsoft Visual Studio\2022\BuildTools\Msbuild\Microsoft\VC\v170\Microsoft.Cpp.ManagedExtensionsPure.props'.
[3c7c:000c][2026-05-10T01:35:52] Processing file /Contents/Msbuild/Microsoft/VC/v170/Microsoft.Cpp.ManagedExtensionsSafe.props
[3c7c:000c][2026-05-10T01:35:52] Started: Copying file /Contents/Msbuild/Microsoft/VC/v170/Microsoft.Cpp.ManagedExtensionsSafe.props to C:\Program Files (x86)\Microsoft Visual Studio\2022\BuildTools\Msbuild\Microsoft\VC\v170\Microsoft.Cpp.ManagedExtensionsSafe.props
[3c7c:000c][2026-05-10T01:35:52] Completed: Copying file /Contents/Msbuild/Microsoft/VC/v170/Microsoft.Cpp.ManagedExtensionsSafe.props to C:\Program Files (x86)\Microsoft Visual Studio\2022\BuildTools\Msbuild\Microsoft\VC\v170\Microsoft.Cpp.ManagedExtensionsSafe.props
[3c7c:000c][2026-05-10T01:35:52] Timestamp updated for file 'C:\Program Files (x86)\Microsoft Visual Studio\2022\BuildTools\Msbuild\Microsoft\VC\v170\Microsoft.Cpp.ManagedExtensionsSafe.props'.
[3c7c:000c][2026-05-10T01:35:52] Processing file /Contents/Msbuild/Microsoft/VC/v170/Microsoft.Cpp.mfcDynamic.props
[3c7c:000c][2026-05-10T01:35:52] Started: Copying file /Contents/Msbuild/Microsoft/VC/v170/Microsoft.Cpp.mfcDynamic.props to C:\Program Files (x86)\Microsoft Visual Studio\2022\BuildTools\Msbuild\Microsoft\VC\v170\Microsoft.Cpp.mfcDynamic.props
[3c7c:000c][2026-05-10T01:35:52] Completed: Copying file /Contents/Msbuild/Microsoft/VC/v170/Microsoft.Cpp.mfcDynamic.props to C:\Program Files (x86)\Microsoft Visual Studio\2022\BuildTools\Msbuild\Microsoft\VC\v170\Microsoft.Cpp.mfcDynamic.props
[3c7c:000c][2026-05-10T01:35:52] Timestamp updated for file 'C:\Program Files (x86)\Microsoft Visual Studio\2022\BuildTools\Msbuild\Microsoft\VC\v170\Microsoft.Cpp.mfcDynamic.props'.
[3c7c:000c][2026-05-10T01:35:52] Processing file /Contents/Msbuild/Microsoft/VC/v170/Microsoft.Cpp.mfcStatic.props
[3c7c:000c][2026-05-10T01:35:52] Started: Copying file /Contents/Msbuild/Microsoft/VC/v170/Microsoft.Cpp.mfcStatic.props to C:\Program Files (x86)\Microsoft Visual Studio\2022\BuildTools\Msbuild\Microsoft\VC\v170\Microsoft.Cpp.mfcStatic.props
[3c7c:000c][2026-05-10T01:35:52] Completed: Copying file /Contents/Msbuild/Microsoft/VC/v170/Microsoft.Cpp.mfcStatic.props to C:\Program Files (x86)\Microsoft Visual Studio\2022\BuildTools\Msbuild\Microsoft\VC\v170\Microsoft.Cpp.mfcStatic.props
[3c7c:000c][2026-05-10T01:35:52] Timestamp updated for file 'C:\Program Files (x86)\Microsoft Visual Studio\2022\BuildTools\Msbuild\Microsoft\VC\v170\Microsoft.Cpp.mfcStatic.props'.
[3c7c:000c][2026-05-10T01:35:52] Processing file /Contents/Msbuild/Microsoft/VC/v170/Microsoft.Cpp.MissingToolset.targets
[3c7c:000c][2026-05-10T01:35:52] Started: Copying file /Contents/Msbuild/Microsoft/VC/v170/Microsoft.Cpp.MissingToolset.targets to C:\Program Files (x86)\Microsoft Visual Studio\2022\BuildTools\Msbuild\Microsoft\VC\v170\Microsoft.Cpp.MissingToolset.targets
[3c7c:000c][2026-05-10T01:35:52] Completed: Copying file /Contents/Msbuild/Microsoft/VC/v170/Microsoft.Cpp.MissingToolset.targets to C:\Program Files (x86)\Microsoft Visual Studio\2022\BuildTools\Msbuild\Microsoft\VC\v170\Microsoft.Cpp.MissingToolset.targets
[3c7c:000c][2026-05-10T01:35:52] Timestamp updated for file 'C:\Program Files (x86)\Microsoft Visual Studio\2022\BuildTools\Msbuild\Microsoft\VC\v170\Microsoft.Cpp.MissingToolset.targets'.
[3c7c:000c][2026-05-10T01:35:52] Processing file /Contents/Msbuild/Microsoft/VC/v170/Microsoft.Cpp.MSVC.Toolset.ARM.props
[3c7c:000c][2026-05-10T01:35:52] Started: Copying file /Contents/Msbuild/Microsoft/VC/v170/Microsoft.Cpp.MSVC.Toolset.ARM.props to C:\Program Files (x86)\Microsoft Visual Studio\2022\BuildTools\Msbuild\Microsoft\VC\v170\Microsoft.Cpp.MSVC.Toolset.ARM.props
[3c7c:000c][2026-05-10T01:35:52] Completed: Copying file /Contents/Msbuild/Microsoft/VC/v170/Microsoft.Cpp.MSVC.Toolset.ARM.props to C:\Program Files (x86)\Microsoft Visual Studio\2022\BuildTools\Msbuild\Microsoft\VC\v170\Microsoft.Cpp.MSVC.Toolset.ARM.props
[3c7c:000c][2026-05-10T01:35:52] Timestamp updated for file 'C:\Program Files (x86)\Microsoft Visual Studio\2022\BuildTools\Msbuild\Microsoft\VC\v170\Microsoft.Cpp.MSVC.Toolset.ARM.props'.
[3c7c:000c][2026-05-10T01:35:52] Processing file /Contents/Msbuild/Microsoft/VC/v170/Microsoft.Cpp.MSVC.Toolset.ARM64.props
[3c7c:000c][2026-05-10T01:35:52] Started: Copying file /Contents/Msbuild/Microsoft/VC/v170/Microsoft.Cpp.MSVC.Toolset.ARM64.props to C:\Program Files (x86)\Microsoft Visual Studio\2022\BuildTools\Msbuild\Microsoft\VC\v170\Microsoft.Cpp.MSVC.Toolset.ARM64.props
[3c7c:000c][2026-05-10T01:35:52] Completed: Copying file /Contents/Msbuild/Microsoft/VC/v170/Microsoft.Cpp.MSVC.Toolset.ARM64.props to C:\Program Files (x86)\Microsoft Visual Studio\2022\BuildTools\Msbuild\Microsoft\VC\v170\Microsoft.Cpp.MSVC.Toolset.ARM64.props
[3c7c:000c][2026-05-10T01:35:52] Timestamp updated for file 'C:\Program Files (x86)\Microsoft Visual Studio\2022\BuildTools\Msbuild\Microsoft\VC\v170\Microsoft.Cpp.MSVC.Toolset.ARM64.props'.
[3c7c:000c][2026-05-10T01:35:52] Processing file /Contents/Msbuild/Microsoft/VC/v170/Microsoft.Cpp.MSVC.Toolset.ARM64EC.props
[3c7c:000c][2026-05-10T01:35:52] Started: Copying file /Contents/Msbuild/Microsoft/VC/v170/Microsoft.Cpp.MSVC.Toolset.ARM64EC.props to C:\Program Files (x86)\Microsoft Visual Studio\2022\BuildTools\Msbuild\Microsoft\VC\v170\Microsoft.Cpp.MSVC.Toolset.ARM64EC.props
[3c7c:000c][2026-05-10T01:35:52] Completed: Copying file /Contents/Msbuild/Microsoft/VC/v170/Microsoft.Cpp.MSVC.Toolset.ARM64EC.props to C:\Program Files (x86)\Microsoft Visual Studio\2022\BuildTools\Msbuild\Microsoft\VC\v170\Microsoft.Cpp.MSVC.Toolset.ARM64EC.props
[3c7c:000c][2026-05-10T01:35:52] Timestamp updated for file 'C:\Program Files (x86)\Microsoft Visual Studio\2022\BuildTools\Msbuild\Microsoft\VC\v170\Microsoft.Cpp.MSVC.Toolset.ARM64EC.props'.
[3c7c:000c][2026-05-10T01:35:52] Processing file /Contents/Msbuild/Microsoft/VC/v170/Microsoft.Cpp.MSVC.Toolset.Common.props
[3c7c:000c][2026-05-10T01:35:52] Started: Copying file /Contents/Msbuild/Microsoft/VC/v170/Microsoft.Cpp.MSVC.Toolset.Common.props to C:\Program Files (x86)\Microsoft Visual Studio\2022\BuildTools\Msbuild\Microsoft\VC\v170\Microsoft.Cpp.MSVC.Toolset.Common.props
[3c7c:000c][2026-05-10T01:35:52] Completed: Copying file /Contents/Msbuild/Microsoft/VC/v170/Microsoft.Cpp.MSVC.Toolset.Common.props to C:\Program Files (x86)\Microsoft Visual Studio\2022\BuildTools\Msbuild\Microsoft\VC\v170\Microsoft.Cpp.MSVC.Toolset.Common.props
[3c7c:000c][2026-05-10T01:35:52] Timestamp updated for file 'C:\Program Files (x86)\Microsoft Visual Studio\2022\BuildTools\Msbuild\Microsoft\VC\v170\Microsoft.Cpp.MSVC.Toolset.Common.props'.
[3c7c:000c][2026-05-10T01:35:52] Processing file /Contents/Msbuild/Microsoft/VC/v170/Microsoft.Cpp.MSVC.Toolset.Win32.props
[3c7c:000c][2026-05-10T01:35:52] Started: Copying file /Contents/Msbuild/Microsoft/VC/v170/Microsoft.Cpp.MSVC.Toolset.Win32.props to C:\Program Files (x86)\Microsoft Visual Studio\2022\BuildTools\Msbuild\Microsoft\VC\v170\Microsoft.Cpp.MSVC.Toolset.Win32.props
[3c7c:000c][2026-05-10T01:35:52] Completed: Copying file /Contents/Msbuild/Microsoft/VC/v170/Microsoft.Cpp.MSVC.Toolset.Win32.props to C:\Program Files (x86)\Microsoft Visual Studio\2022\BuildTools\Msbuild\Microsoft\VC\v170\Microsoft.Cpp.MSVC.Toolset.Win32.props
[3c7c:000c][2026-05-10T01:35:52] Timestamp updated for file 'C:\Program Files (x86)\Microsoft Visual Studio\2022\BuildTools\Msbuild\Microsoft\VC\v170\Microsoft.Cpp.MSVC.Toolset.Win32.props'.
[3c7c:000c][2026-05-10T01:35:52] Processing file /Contents/Msbuild/Microsoft/VC/v170/Microsoft.Cpp.MSVC.Toolset.x64.props
[3c7c:000c][2026-05-10T01:35:52] Started: Copying file /Contents/Msbuild/Microsoft/VC/v170/Microsoft.Cpp.MSVC.Toolset.x64.props to C:\Program Files (x86)\Microsoft Visual Studio\2022\BuildTools\Msbuild\Microsoft\VC\v170\Microsoft.Cpp.MSVC.Toolset.x64.props
[3c7c:000c][2026-05-10T01:35:52] Completed: Copying file /Contents/Msbuild/Microsoft/VC/v170/Microsoft.Cpp.MSVC.Toolset.x64.props to C:\Program Files (x86)\Microsoft Visual Studio\2022\BuildTools\Msbuild\Microsoft\VC\v170\Microsoft.Cpp.MSVC.Toolset.x64.props
[3c7c:000c][2026-05-10T01:35:52] Timestamp updated for file 'C:\Program Files (x86)\Microsoft Visual Studio\2022\BuildTools\Msbuild\Microsoft\VC\v170\Microsoft.Cpp.MSVC.Toolset.x64.props'.
[3c7c:000c][2026-05-10T01:35:52] Processing file /Contents/Msbuild/Microsoft/VC/v170/Microsoft.Cpp.MultiByteCharSupport.props
[3c7c:000c][2026-05-10T01:35:52] Started: Copying file /Contents/Msbuild/Microsoft/VC/v170/Microsoft.Cpp.MultiByteCharSupport.props to C:\Program Files (x86)\Microsoft Visual Studio\2022\BuildTools\Msbuild\Microsoft\VC\v170\Microsoft.Cpp.MultiByteCharSupport.props
[3c7c:000c][2026-05-10T01:35:52] Completed: Copying file /Contents/Msbuild/Microsoft/VC/v170/Microsoft.Cpp.MultiByteCharSupport.props to C:\Program Files (x86)\Microsoft Visual Studio\2022\BuildTools\Msbuild\Microsoft\VC\v170\Microsoft.Cpp.MultiByteCharSupport.props
[3c7c:000c][2026-05-10T01:35:52] Timestamp updated for file 'C:\Program Files (x86)\Microsoft Visual Studio\2022\BuildTools\Msbuild\Microsoft\VC\v170\Microsoft.Cpp.MultiByteCharSupport.props'.
[3c7c:000c][2026-05-10T01:35:52] Processing file /Contents/Msbuild/Microsoft/VC/v170/Microsoft.Cpp.pginstrument.props
[3c7c:000c][2026-05-10T01:35:52] Started: Copying file /Contents/Msbuild/Microsoft/VC/v170/Microsoft.Cpp.pginstrument.props to C:\Program Files (x86)\Microsoft Visual Studio\2022\BuildTools\Msbuild\Microsoft\VC\v170\Microsoft.Cpp.pginstrument.props
[3c7c:000c][2026-05-10T01:35:52] Completed: Copying file /Contents/Msbuild/Microsoft/VC/v170/Microsoft.Cpp.pginstrument.props to C:\Program Files (x86)\Microsoft Visual Studio\2022\BuildTools\Msbuild\Microsoft\VC\v170\Microsoft.Cpp.pginstrument.props
[3c7c:000c][2026-05-10T01:35:52] Timestamp updated for file 'C:\Program Files (x86)\Microsoft Visual Studio\2022\BuildTools\Msbuild\Microsoft\VC\v170\Microsoft.Cpp.pginstrument.props'.
[3c7c:000c][2026-05-10T01:35:52] Processing file /Contents/Msbuild/Microsoft/VC/v170/Microsoft.Cpp.pgoptimize.props
[3c7c:000c][2026-05-10T01:35:52] Started: Copying file /Contents/Msbuild/Microsoft/VC/v170/Microsoft.Cpp.pgoptimize.props to C:\Program Files (x86)\Microsoft Visual Studio\2022\BuildTools\Msbuild\Microsoft\VC\v170\Microsoft.Cpp.pgoptimize.props
[3c7c:000c][2026-05-10T01:35:52] Completed: Copying file /Contents/Msbuild/Microsoft/VC/v170/Microsoft.Cpp.pgoptimize.props to C:\Program Files (x86)\Microsoft Visual Studio\2022\BuildTools\Msbuild\Microsoft\VC\v170\Microsoft.Cpp.pgoptimize.props
[3c7c:000c][2026-05-10T01:35:52] Timestamp updated for file 'C:\Program Files (x86)\Microsoft Visual Studio\2022\BuildTools\Msbuild\Microsoft\VC\v170\Microsoft.Cpp.pgoptimize.props'.
[3c7c:000c][2026-05-10T01:35:52] Processing file /Contents/Msbuild/Microsoft/VC/v170/Microsoft.Cpp.pgupdate.props
[3c7c:000c][2026-05-10T01:35:52] Started: Copying file /Contents/Msbuild/Microsoft/VC/v170/Microsoft.Cpp.pgupdate.props to C:\Program Files (x86)\Microsoft Visual Studio\2022\BuildTools\Msbuild\Microsoft\VC\v170\Microsoft.Cpp.pgupdate.props
[3c7c:000c][2026-05-10T01:35:52] Completed: Copying file /Contents/Msbuild/Microsoft/VC/v170/Microsoft.Cpp.pgupdate.props to C:\Program Files (x86)\Microsoft Visual Studio\2022\BuildTools\Msbuild\Microsoft\VC\v170\Microsoft.Cpp.pgupdate.props
[3c7c:000c][2026-05-10T01:35:52] Timestamp updated for file 'C:\Program Files (x86)\Microsoft Visual Studio\2022\BuildTools\Msbuild\Microsoft\VC\v170\Microsoft.Cpp.pgupdate.props'.
[3c7c:000c][2026-05-10T01:35:52] Processing file /Contents/Msbuild/Microsoft/VC/v170/Microsoft.Cpp.Platform.props
[3c7c:000c][2026-05-10T01:35:52] Started: Copying file /Contents/Msbuild/Microsoft/VC/v170/Microsoft.Cpp.Platform.props to C:\Program Files (x86)\Microsoft Visual Studio\2022\BuildTools\Msbuild\Microsoft\VC\v170\Microsoft.Cpp.Platform.props
[3c7c:000c][2026-05-10T01:35:52] Completed: Copying file /Contents/Msbuild/Microsoft/VC/v170/Microsoft.Cpp.Platform.props to C:\Program Files (x86)\Microsoft Visual Studio\2022\BuildTools\Msbuild\Microsoft\VC\v170\Microsoft.Cpp.Platform.props
[3c7c:000c][2026-05-10T01:35:52] Timestamp updated for file 'C:\Program Files (x86)\Microsoft Visual Studio\2022\BuildTools\Msbuild\Microsoft\VC\v170\Microsoft.Cpp.Platform.props'.
[3c7c:000c][2026-05-10T01:35:52] Processing file /Contents/Msbuild/Microsoft/VC/v170/Microsoft.Cpp.Platform.targets
[3c7c:000c][2026-05-10T01:35:52] Started: Copying file /Contents/Msbuild/Microsoft/VC/v170/Microsoft.Cpp.Platform.targets to C:\Program Files (x86)\Microsoft Visual Studio\2022\BuildTools\Msbuild\Microsoft\VC\v170\Microsoft.Cpp.Platform.targets
[3c7c:000c][2026-05-10T01:35:52] Completed: Copying file /Contents/Msbuild/Microsoft/VC/v170/Microsoft.Cpp.Platform.targets to C:\Program Files (x86)\Microsoft Visual Studio\2022\BuildTools\Msbuild\Microsoft\VC\v170\Microsoft.Cpp.Platform.targets
[3c7c:000c][2026-05-10T01:35:52] Timestamp updated for file 'C:\Program Files (x86)\Microsoft Visual Studio\2022\BuildTools\Msbuild\Microsoft\VC\v170\Microsoft.Cpp.Platform.targets'.
[3c7c:000c][2026-05-10T01:35:52] Processing file /Contents/Msbuild/Microsoft/VC/v170/Microsoft.Cpp.props
[3c7c:000c][2026-05-10T01:35:52] Started: Copying file /Contents/Msbuild/Microsoft/VC/v170/Microsoft.Cpp.props to C:\Program Files (x86)\Microsoft Visual Studio\2022\BuildTools\Msbuild\Microsoft\VC\v170\Microsoft.Cpp.props
[3c7c:000c][2026-05-10T01:35:52] Completed: Copying file /Contents/Msbuild/Microsoft/VC/v170/Microsoft.Cpp.props to C:\Program Files (x86)\Microsoft Visual Studio\2022\BuildTools\Msbuild\Microsoft\VC\v170\Microsoft.Cpp.props
[3c7c:000c][2026-05-10T01:35:52] Timestamp updated for file 'C:\Program Files (x86)\Microsoft Visual Studio\2022\BuildTools\Msbuild\Microsoft\VC\v170\Microsoft.Cpp.props'.
[3c7c:000c][2026-05-10T01:35:52] Processing file /Contents/Msbuild/Microsoft/VC/v170/Microsoft.Cpp.Redirect.10.props
[3c7c:000c][2026-05-10T01:35:52] Started: Copying file /Contents/Msbuild/Microsoft/VC/v170/Microsoft.Cpp.Redirect.10.props to C:\Program Files (x86)\Microsoft Visual Studio\2022\BuildTools\Msbuild\Microsoft\VC\v170\Microsoft.Cpp.Redirect.10.props
[3c7c:000c][2026-05-10T01:35:52] Completed: Copying file /Contents/Msbuild/Microsoft/VC/v170/Microsoft.Cpp.Redirect.10.props to C:\Program Files (x86)\Microsoft Visual Studio\2022\BuildTools\Msbuild\Microsoft\VC\v170\Microsoft.Cpp.Redirect.10.props
[3c7c:000c][2026-05-10T01:35:52] Timestamp updated for file 'C:\Program Files (x86)\Microsoft Visual Studio\2022\BuildTools\Msbuild\Microsoft\VC\v170\Microsoft.Cpp.Redirect.10.props'.
[3c7c:000c][2026-05-10T01:35:52] Processing file /Contents/Msbuild/Microsoft/VC/v170/Microsoft.Cpp.Redirect.10.targets
[3c7c:000c][2026-05-10T01:35:52] Started: Copying file /Contents/Msbuild/Microsoft/VC/v170/Microsoft.Cpp.Redirect.10.targets to C:\Program Files (x86)\Microsoft Visual Studio\2022\BuildTools\Msbuild\Microsoft\VC\v170\Microsoft.Cpp.Redirect.10.targets
[3c7c:000c][2026-05-10T01:35:52] Completed: Copying file /Contents/Msbuild/Microsoft/VC/v170/Microsoft.Cpp.Redirect.10.targets to C:\Program Files (x86)\Microsoft Visual Studio\2022\BuildTools\Msbuild\Microsoft\VC\v170\Microsoft.Cpp.Redirect.10.targets
[3c7c:000c][2026-05-10T01:35:52] Timestamp updated for file 'C:\Program Files (x86)\Microsoft Visual Studio\2022\BuildTools\Msbuild\Microsoft\VC\v170\Microsoft.Cpp.Redirect.10.targets'.
[3c7c:000c][2026-05-10T01:35:52] Processing file /Contents/Msbuild/Microsoft/VC/v170/Microsoft.Cpp.Redirect.11.props
[3c7c:000c][2026-05-10T01:35:52] Started: Copying file /Contents/Msbuild/Microsoft/VC/v170/Microsoft.Cpp.Redirect.11.props to C:\Program Files (x86)\Microsoft Visual Studio\2022\BuildTools\Msbuild\Microsoft\VC\v170\Microsoft.Cpp.Redirect.11.props
[3c7c:000c][2026-05-10T01:35:52] Completed: Copying file /Contents/Msbuild/Microsoft/VC/v170/Microsoft.Cpp.Redirect.11.props to C:\Program Files (x86)\Microsoft Visual Studio\2022\BuildTools\Msbuild\Microsoft\VC\v170\Microsoft.Cpp.Redirect.11.props
[3c7c:000c][2026-05-10T01:35:52] Timestamp updated for file 'C:\Program Files (x86)\Microsoft Visual Studio\2022\BuildTools\Msbuild\Microsoft\VC\v170\Microsoft.Cpp.Redirect.11.props'.
[3c7c:000c][2026-05-10T01:35:52] Processing file /Contents/Msbuild/Microsoft/VC/v170/Microsoft.Cpp.Redirect.11.targets
[3c7c:000c][2026-05-10T01:35:52] Started: Copying file /Contents/Msbuild/Microsoft/VC/v170/Microsoft.Cpp.Redirect.11.targets to C:\Program Files (x86)\Microsoft Visual Studio\2022\BuildTools\Msbuild\Microsoft\VC\v170\Microsoft.Cpp.Redirect.11.targets
[3c7c:000c][2026-05-10T01:35:52] Completed: Copying file /Contents/Msbuild/Microsoft/VC/v170/Microsoft.Cpp.Redirect.11.targets to C:\Program Files (x86)\Microsoft Visual Studio\2022\BuildTools\Msbuild\Microsoft\VC\v170\Microsoft.Cpp.Redirect.11.targets
[3c7c:000c][2026-05-10T01:35:52] Timestamp updated for file 'C:\Program Files (x86)\Microsoft Visual Studio\2022\BuildTools\Msbuild\Microsoft\VC\v170\Microsoft.Cpp.Redirect.11.targets'.
[3c7c:000c][2026-05-10T01:35:52] Processing file /Contents/Msbuild/Microsoft/VC/v170/Microsoft.Cpp.Redirect.12.props
[3c7c:000c][2026-05-10T01:35:52] Started: Copying file /Contents/Msbuild/Microsoft/VC/v170/Microsoft.Cpp.Redirect.12.props to C:\Program Files (x86)\Microsoft Visual Studio\2022\BuildTools\Msbuild\Microsoft\VC\v170\Microsoft.Cpp.Redirect.12.props
[3c7c:000c][2026-05-10T01:35:52] Completed: Copying file /Contents/Msbuild/Microsoft/VC/v170/Microsoft.Cpp.Redirect.12.props to C:\Program Files (x86)\Microsoft Visual Studio\2022\BuildTools\Msbuild\Microsoft\VC\v170\Microsoft.Cpp.Redirect.12.props
[3c7c:000c][2026-05-10T01:35:52] Timestamp updated for file 'C:\Program Files (x86)\Microsoft Visual Studio\2022\BuildTools\Msbuild\Microsoft\VC\v170\Microsoft.Cpp.Redirect.12.props'.
[3c7c:000c][2026-05-10T01:35:52] Processing file /Contents/Msbuild/Microsoft/VC/v170/Microsoft.Cpp.Redirect.12.targets
[3c7c:000c][2026-05-10T01:35:52] Started: Copying file /Contents/Msbuild/Microsoft/VC/v170/Microsoft.Cpp.Redirect.12.targets to C:\Program Files (x86)\Microsoft Visual Studio\2022\BuildTools\Msbuild\Microsoft\VC\v170\Microsoft.Cpp.Redirect.12.targets
[3c7c:000c][2026-05-10T01:35:52] Completed: Copying file /Contents/Msbuild/Microsoft/VC/v170/Microsoft.Cpp.Redirect.12.targets to C:\Program Files (x86)\Microsoft Visual Studio\2022\BuildTools\Msbuild\Microsoft\VC\v170\Microsoft.Cpp.Redirect.12.targets
[3c7c:000c][2026-05-10T01:35:52] Timestamp updated for file 'C:\Program Files (x86)\Microsoft Visual Studio\2022\BuildTools\Msbuild\Microsoft\VC\v170\Microsoft.Cpp.Redirect.12.targets'.
[3c7c:000c][2026-05-10T01:35:52] Processing file /Contents/Msbuild/Microsoft/VC/v170/Microsoft.Cpp.Redirect.14.Build.targets
[3c7c:000c][2026-05-10T01:35:52] Started: Copying file /Contents/Msbuild/Microsoft/VC/v170/Microsoft.Cpp.Redirect.14.Build.targets to C:\Program Files (x86)\Microsoft Visual Studio\2022\BuildTools\Msbuild\Microsoft\VC\v170\Microsoft.Cpp.Redirect.14.Build.targets
[3c7c:000c][2026-05-10T01:35:52] Completed: Copying file /Contents/Msbuild/Microsoft/VC/v170/Microsoft.Cpp.Redirect.14.Build.targets to C:\Program Files (x86)\Microsoft Visual Studio\2022\BuildTools\Msbuild\Microsoft\VC\v170\Microsoft.Cpp.Redirect.14.Build.targets
[3c7c:000c][2026-05-10T01:35:52] Timestamp updated for file 'C:\Program Files (x86)\Microsoft Visual Studio\2022\BuildTools\Msbuild\Microsoft\VC\v170\Microsoft.Cpp.Redirect.14.Build.targets'.
[3c7c:000c][2026-05-10T01:35:52] Processing file /Contents/Msbuild/Microsoft/VC/v170/Microsoft.Cpp.Redirect.14.props
[3c7c:000c][2026-05-10T01:35:52] Started: Copying file /Contents/Msbuild/Microsoft/VC/v170/Microsoft.Cpp.Redirect.14.props to C:\Program Files (x86)\Microsoft Visual Studio\2022\BuildTools\Msbuild\Microsoft\VC\v170\Microsoft.Cpp.Redirect.14.props
[3c7c:000c][2026-05-10T01:35:52] Completed: Copying file /Contents/Msbuild/Microsoft/VC/v170/Microsoft.Cpp.Redirect.14.props to C:\Program Files (x86)\Microsoft Visual Studio\2022\BuildTools\Msbuild\Microsoft\VC\v170\Microsoft.Cpp.Redirect.14.props
[3c7c:000c][2026-05-10T01:35:52] Timestamp updated for file 'C:\Program Files (x86)\Microsoft Visual Studio\2022\BuildTools\Msbuild\Microsoft\VC\v170\Microsoft.Cpp.Redirect.14.props'.
[3c7c:000c][2026-05-10T01:35:52] Processing file /Contents/Msbuild/Microsoft/VC/v170/Microsoft.Cpp.Redirect.14.targets
[3c7c:000c][2026-05-10T01:35:52] Started: Copying file /Contents/Msbuild/Microsoft/VC/v170/Microsoft.Cpp.Redirect.14.targets to C:\Program Files (x86)\Microsoft Visual Studio\2022\BuildTools\Msbuild\Microsoft\VC\v170\Microsoft.Cpp.Redirect.14.targets
[3c7c:000c][2026-05-10T01:35:52] Completed: Copying file /Contents/Msbuild/Microsoft/VC/v170/Microsoft.Cpp.Redirect.14.targets to C:\Program Files (x86)\Microsoft Visual Studio\2022\BuildTools\Msbuild\Microsoft\VC\v170\Microsoft.Cpp.Redirect.14.targets
[3c7c:000c][2026-05-10T01:35:52] Timestamp updated for file 'C:\Program Files (x86)\Microsoft Visual Studio\2022\BuildTools\Msbuild\Microsoft\VC\v170\Microsoft.Cpp.Redirect.14.targets'.
[3c7c:000c][2026-05-10T01:35:52] Processing file /Contents/Msbuild/Microsoft/VC/v170/Microsoft.Cpp.Redirect.15.props
[3c7c:000c][2026-05-10T01:35:52] Started: Copying file /Contents/Msbuild/Microsoft/VC/v170/Microsoft.Cpp.Redirect.15.props to C:\Program Files (x86)\Microsoft Visual Studio\2022\BuildTools\Msbuild\Microsoft\VC\v170\Microsoft.Cpp.Redirect.15.props
[3c7c:000c][2026-05-10T01:35:52] Completed: Copying file /Contents/Msbuild/Microsoft/VC/v170/Microsoft.Cpp.Redirect.15.props to C:\Program Files (x86)\Microsoft Visual Studio\2022\BuildTools\Msbuild\Microsoft\VC\v170\Microsoft.Cpp.Redirect.15.props
[3c7c:000c][2026-05-10T01:35:52] Timestamp updated for file 'C:\Program Files (x86)\Microsoft Visual Studio\2022\BuildTools\Msbuild\Microsoft\VC\v170\Microsoft.Cpp.Redirect.15.props'.
[3c7c:000c][2026-05-10T01:35:52] Processing file /Contents/Msbuild/Microsoft/VC/v170/Microsoft.Cpp.Redirect.15.targets
[3c7c:000c][2026-05-10T01:35:52] Started: Copying file /Contents/Msbuild/Microsoft/VC/v170/Microsoft.Cpp.Redirect.15.targets to C:\Program Files (x86)\Microsoft Visual Studio\2022\BuildTools\Msbuild\Microsoft\VC\v170\Microsoft.Cpp.Redirect.15.targets
[3c7c:000c][2026-05-10T01:35:52] Completed: Copying file /Contents/Msbuild/Microsoft/VC/v170/Microsoft.Cpp.Redirect.15.targets to C:\Program Files (x86)\Microsoft Visual Studio\2022\BuildTools\Msbuild\Microsoft\VC\v170\Microsoft.Cpp.Redirect.15.targets
[3c7c:000c][2026-05-10T01:35:52] Timestamp updated for file 'C:\Program Files (x86)\Microsoft Visual Studio\2022\BuildTools\Msbuild\Microsoft\VC\v170\Microsoft.Cpp.Redirect.15.targets'.
[3c7c:000c][2026-05-10T01:35:52] Processing file /Contents/Msbuild/Microsoft/VC/v170/Microsoft.Cpp.Redirect.16.props
[3c7c:000c][2026-05-10T01:35:52] Started: Copying file /Contents/Msbuild/Microsoft/VC/v170/Microsoft.Cpp.Redirect.16.props to C:\Program Files (x86)\Microsoft Visual Studio\2022\BuildTools\Msbuild\Microsoft\VC\v170\Microsoft.Cpp.Redirect.16.props
[3c7c:000c][2026-05-10T01:35:52] Completed: Copying file /Contents/Msbuild/Microsoft/VC/v170/Microsoft.Cpp.Redirect.16.props to C:\Program Files (x86)\Microsoft Visual Studio\2022\BuildTools\Msbuild\Microsoft\VC\v170\Microsoft.Cpp.Redirect.16.props
[3c7c:000c][2026-05-10T01:35:52] Timestamp updated for file 'C:\Program Files (x86)\Microsoft Visual Studio\2022\BuildTools\Msbuild\Microsoft\VC\v170\Microsoft.Cpp.Redirect.16.props'.
[3c7c:000c][2026-05-10T01:35:52] Processing file /Contents/Msbuild/Microsoft/VC/v170/Microsoft.Cpp.Redirect.16.targets
[3c7c:000c][2026-05-10T01:35:52] Started: Copying file /Contents/Msbuild/Microsoft/VC/v170/Microsoft.Cpp.Redirect.16.targets to C:\Program Files (x86)\Microsoft Visual Studio\2022\BuildTools\Msbuild\Microsoft\VC\v170\Microsoft.Cpp.Redirect.16.targets
[3c7c:000c][2026-05-10T01:35:52] Completed: Copying file /Contents/Msbuild/Microsoft/VC/v170/Microsoft.Cpp.Redirect.16.targets to C:\Program Files (x86)\Microsoft Visual Studio\2022\BuildTools\Msbuild\Microsoft\VC\v170\Microsoft.Cpp.Redirect.16.targets
[3c7c:000c][2026-05-10T01:35:52] Timestamp updated for file 'C:\Program Files (x86)\Microsoft Visual Studio\2022\BuildTools\Msbuild\Microsoft\VC\v170\Microsoft.Cpp.Redirect.16.targets'.
[3c7c:000c][2026-05-10T01:35:52] Processing file /Contents/Msbuild/Microsoft/VC/v170/Microsoft.Cpp.Redirect.17.props
[3c7c:000c][2026-05-10T01:35:52] Started: Copying file /Contents/Msbuild/Microsoft/VC/v170/Microsoft.Cpp.Redirect.17.props to C:\Program Files (x86)\Microsoft Visual Studio\2022\BuildTools\Msbuild\Microsoft\VC\v170\Microsoft.Cpp.Redirect.17.props
[3c7c:000c][2026-05-10T01:35:52] Completed: Copying file /Contents/Msbuild/Microsoft/VC/v170/Microsoft.Cpp.Redirect.17.props to C:\Program Files (x86)\Microsoft Visual Studio\2022\BuildTools\Msbuild\Microsoft\VC\v170\Microsoft.Cpp.Redirect.17.props
[3c7c:000c][2026-05-10T01:35:52] Timestamp updated for file 'C:\Program Files (x86)\Microsoft Visual Studio\2022\BuildTools\Msbuild\Microsoft\VC\v170\Microsoft.Cpp.Redirect.17.props'.
[3c7c:000c][2026-05-10T01:35:52] Processing file /Contents/Msbuild/Microsoft/VC/v170/Microsoft.Cpp.Redirect.17.targets
[3c7c:000c][2026-05-10T01:35:52] Started: Copying file /Contents/Msbuild/Microsoft/VC/v170/Microsoft.Cpp.Redirect.17.targets to C:\Program Files (x86)\Microsoft Visual Studio\2022\BuildTools\Msbuild\Microsoft\VC\v170\Microsoft.Cpp.Redirect.17.targets
[3c7c:000c][2026-05-10T01:35:52] Completed: Copying file /Contents/Msbuild/Microsoft/VC/v170/Microsoft.Cpp.Redirect.17.targets to C:\Program Files (x86)\Microsoft Visual Studio\2022\BuildTools\Msbuild\Microsoft\VC\v170\Microsoft.Cpp.Redirect.17.targets
[3c7c:000c][2026-05-10T01:35:52] Timestamp updated for file 'C:\Program Files (x86)\Microsoft Visual Studio\2022\BuildTools\Msbuild\Microsoft\VC\v170\Microsoft.Cpp.Redirect.17.targets'.
[3c7c:000c][2026-05-10T01:35:52] Processing file /Contents/Msbuild/Microsoft/VC/v170/Microsoft.Cpp.Redirect.props
[3c7c:000c][2026-05-10T01:35:52] Started: Copying file /Contents/Msbuild/Microsoft/VC/v170/Microsoft.Cpp.Redirect.props to C:\Program Files (x86)\Microsoft Visual Studio\2022\BuildTools\Msbuild\Microsoft\VC\v170\Microsoft.Cpp.Redirect.props
[3c7c:000c][2026-05-10T01:35:52] Completed: Copying file /Contents/Msbuild/Microsoft/VC/v170/Microsoft.Cpp.Redirect.props to C:\Program Files (x86)\Microsoft Visual Studio\2022\BuildTools\Msbuild\Microsoft\VC\v170\Microsoft.Cpp.Redirect.props
[3c7c:000c][2026-05-10T01:35:52] Timestamp updated for file 'C:\Program Files (x86)\Microsoft Visual Studio\2022\BuildTools\Msbuild\Microsoft\VC\v170\Microsoft.Cpp.Redirect.props'.
[3c7c:000c][2026-05-10T01:35:52] Processing file /Contents/Msbuild/Microsoft/VC/v170/Microsoft.Cpp.Redirect.targets
[3c7c:000c][2026-05-10T01:35:52] Started: Copying file /Contents/Msbuild/Microsoft/VC/v170/Microsoft.Cpp.Redirect.targets to C:\Program Files (x86)\Microsoft Visual Studio\2022\BuildTools\Msbuild\Microsoft\VC\v170\Microsoft.Cpp.Redirect.targets
[3c7c:000c][2026-05-10T01:35:52] Completed: Copying file /Contents/Msbuild/Microsoft/VC/v170/Microsoft.Cpp.Redirect.targets to C:\Program Files (x86)\Microsoft Visual Studio\2022\BuildTools\Msbuild\Microsoft\VC\v170\Microsoft.Cpp.Redirect.targets
[3c7c:000c][2026-05-10T01:35:52] Timestamp updated for file 'C:\Program Files (x86)\Microsoft Visual Studio\2022\BuildTools\Msbuild\Microsoft\VC\v170\Microsoft.Cpp.Redirect.targets'.
[3c7c:000c][2026-05-10T01:35:52] Processing file /Contents/Msbuild/Microsoft/VC/v170/Microsoft.Cpp.StaticAnalysis.props
[3c7c:000c][2026-05-10T01:35:52] Started: Copying file /Contents/Msbuild/Microsoft/VC/v170/Microsoft.Cpp.StaticAnalysis.props to C:\Program Files (x86)\Microsoft Visual Studio\2022\BuildTools\Msbuild\Microsoft\VC\v170\Microsoft.Cpp.StaticAnalysis.props
[3c7c:000c][2026-05-10T01:35:52] Completed: Copying file /Contents/Msbuild/Microsoft/VC/v170/Microsoft.Cpp.StaticAnalysis.props to C:\Program Files (x86)\Microsoft Visual Studio\2022\BuildTools\Msbuild\Microsoft\VC\v170\Microsoft.Cpp.StaticAnalysis.props
[3c7c:000c][2026-05-10T01:35:52] Timestamp updated for file 'C:\Program Files (x86)\Microsoft Visual Studio\2022\BuildTools\Msbuild\Microsoft\VC\v170\Microsoft.Cpp.StaticAnalysis.props'.
[3c7c:000c][2026-05-10T01:35:52] Processing file /Contents/Msbuild/Microsoft/VC/v170/Microsoft.Cpp.targets
[3c7c:000c][2026-05-10T01:35:52] Started: Copying file /Contents/Msbuild/Microsoft/VC/v170/Microsoft.Cpp.targets to C:\Program Files (x86)\Microsoft Visual Studio\2022\BuildTools\Msbuild\Microsoft\VC\v170\Microsoft.Cpp.targets
[3c7c:000c][2026-05-10T01:35:52] Completed: Copying file /Contents/Msbuild/Microsoft/VC/v170/Microsoft.Cpp.targets to C:\Program Files (x86)\Microsoft Visual Studio\2022\BuildTools\Msbuild\Microsoft\VC\v170\Microsoft.Cpp.targets
[3c7c:000c][2026-05-10T01:35:52] Timestamp updated for file 'C:\Program Files (x86)\Microsoft Visual Studio\2022\BuildTools\Msbuild\Microsoft\VC\v170\Microsoft.Cpp.targets'.
[3c7c:000c][2026-05-10T01:35:52] Processing file /Contents/Msbuild/Microsoft/VC/v170/Microsoft.Cpp.ToolsetLocation.props
[3c7c:000c][2026-05-10T01:35:52] Started: Copying file /Contents/Msbuild/Microsoft/VC/v170/Microsoft.Cpp.ToolsetLocation.props to C:\Program Files (x86)\Microsoft Visual Studio\2022\BuildTools\Msbuild\Microsoft\VC\v170\Microsoft.Cpp.ToolsetLocation.props
[3c7c:000c][2026-05-10T01:35:52] Completed: Copying file /Contents/Msbuild/Microsoft/VC/v170/Microsoft.Cpp.ToolsetLocation.props to C:\Program Files (x86)\Microsoft Visual Studio\2022\BuildTools\Msbuild\Microsoft\VC\v170\Microsoft.Cpp.ToolsetLocation.props
[3c7c:000c][2026-05-10T01:35:52] Timestamp updated for file 'C:\Program Files (x86)\Microsoft Visual Studio\2022\BuildTools\Msbuild\Microsoft\VC\v170\Microsoft.Cpp.ToolsetLocation.props'.
[3c7c:000c][2026-05-10T01:35:52] Processing file /Contents/Msbuild/Microsoft/VC/v170/Microsoft.Cpp.ToolsetLocation.targets
[3c7c:000c][2026-05-10T01:35:52] Started: Copying file /Contents/Msbuild/Microsoft/VC/v170/Microsoft.Cpp.ToolsetLocation.targets to C:\Program Files (x86)\Microsoft Visual Studio\2022\BuildTools\Msbuild\Microsoft\VC\v170\Microsoft.Cpp.ToolsetLocation.targets
[3c7c:000c][2026-05-10T01:35:52] Completed: Copying file /Contents/Msbuild/Microsoft/VC/v170/Microsoft.Cpp.ToolsetLocation.targets to C:\Program Files (x86)\Microsoft Visual Studio\2022\BuildTools\Msbuild\Microsoft\VC\v170\Microsoft.Cpp.ToolsetLocation.targets
[3c7c:000c][2026-05-10T01:35:52] Timestamp updated for file 'C:\Program Files (x86)\Microsoft Visual Studio\2022\BuildTools\Msbuild\Microsoft\VC\v170\Microsoft.Cpp.ToolsetLocation.targets'.
[3c7c:000c][2026-05-10T01:35:52] Processing file /Contents/Msbuild/Microsoft/VC/v170/Microsoft.Cpp.unicodesupport.props
[3c7c:000c][2026-05-10T01:35:52] Started: Copying file /Contents/Msbuild/Microsoft/VC/v170/Microsoft.Cpp.unicodesupport.props to C:\Program Files (x86)\Microsoft Visual Studio\2022\BuildTools\Msbuild\Microsoft\VC\v170\Microsoft.Cpp.unicodesupport.props
[3c7c:000c][2026-05-10T01:35:52] Completed: Copying file /Contents/Msbuild/Microsoft/VC/v170/Microsoft.Cpp.unicodesupport.props to C:\Program Files (x86)\Microsoft Visual Studio\2022\BuildTools\Msbuild\Microsoft\VC\v170\Microsoft.Cpp.unicodesupport.props
[3c7c:000c][2026-05-10T01:35:52] Timestamp updated for file 'C:\Program Files (x86)\Microsoft Visual Studio\2022\BuildTools\Msbuild\Microsoft\VC\v170\Microsoft.Cpp.unicodesupport.props'.
[3c7c:000c][2026-05-10T01:35:52] Processing file /Contents/Msbuild/Microsoft/VC/v170/Microsoft.Cpp.UnitTest.props
[3c7c:000c][2026-05-10T01:35:52] Started: Copying file /Contents/Msbuild/Microsoft/VC/v170/Microsoft.Cpp.UnitTest.props to C:\Program Files (x86)\Microsoft Visual Studio\2022\BuildTools\Msbuild\Microsoft\VC\v170\Microsoft.Cpp.UnitTest.props
[3c7c:000c][2026-05-10T01:35:52] Completed: Copying file /Contents/Msbuild/Microsoft/VC/v170/Microsoft.Cpp.UnitTest.props to C:\Program Files (x86)\Microsoft Visual Studio\2022\BuildTools\Msbuild\Microsoft\VC\v170\Microsoft.Cpp.UnitTest.props
[3c7c:000c][2026-05-10T01:35:52] Timestamp updated for file 'C:\Program Files (x86)\Microsoft Visual Studio\2022\BuildTools\Msbuild\Microsoft\VC\v170\Microsoft.Cpp.UnitTest.props'.
[3c7c:000c][2026-05-10T01:35:52] Processing file /Contents/Msbuild/Microsoft/VC/v170/Microsoft.Cpp.Unity.props
[3c7c:000c][2026-05-10T01:35:52] Started: Copying file /Contents/Msbuild/Microsoft/VC/v170/Microsoft.Cpp.Unity.props to C:\Program Files (x86)\Microsoft Visual Studio\2022\BuildTools\Msbuild\Microsoft\VC\v170\Microsoft.Cpp.Unity.props
[3c7c:000c][2026-05-10T01:35:52] Completed: Copying file /Contents/Msbuild/Microsoft/VC/v170/Microsoft.Cpp.Unity.props to C:\Program Files (x86)\Microsoft Visual Studio\2022\BuildTools\Msbuild\Microsoft\VC\v170\Microsoft.Cpp.Unity.props
[3c7c:000c][2026-05-10T01:35:52] Timestamp updated for file 'C:\Program Files (x86)\Microsoft Visual Studio\2022\BuildTools\Msbuild\Microsoft\VC\v170\Microsoft.Cpp.Unity.props'.
[3c7c:000c][2026-05-10T01:35:52] Processing file /Contents/Msbuild/Microsoft/VC/v170/Microsoft.Cpp.Unity.targets
[3c7c:000c][2026-05-10T01:35:52] Started: Copying file /Contents/Msbuild/Microsoft/VC/v170/Microsoft.Cpp.Unity.targets to C:\Program Files (x86)\Microsoft Visual Studio\2022\BuildTools\Msbuild\Microsoft\VC\v170\Microsoft.Cpp.Unity.targets
[3c7c:000c][2026-05-10T01:35:52] Completed: Copying file /Contents/Msbuild/Microsoft/VC/v170/Microsoft.Cpp.Unity.targets to C:\Program Files (x86)\Microsoft Visual Studio\2022\BuildTools\Msbuild\Microsoft\VC\v170\Microsoft.Cpp.Unity.targets
[3c7c:000c][2026-05-10T01:35:52] Timestamp updated for file 'C:\Program Files (x86)\Microsoft Visual Studio\2022\BuildTools\Msbuild\Microsoft\VC\v170\Microsoft.Cpp.Unity.targets'.
[3c7c:000c][2026-05-10T01:35:52] Processing file /Contents/Msbuild/Microsoft/VC/v170/Microsoft.Cpp.UpgradeFromVC60.props
[3c7c:000c][2026-05-10T01:35:52] Started: Copying file /Contents/Msbuild/Microsoft/VC/v170/Microsoft.Cpp.UpgradeFromVC60.props to C:\Program Files (x86)\Microsoft Visual Studio\2022\BuildTools\Msbuild\Microsoft\VC\v170\Microsoft.Cpp.UpgradeFromVC60.props
[3c7c:000c][2026-05-10T01:35:52] Completed: Copying file /Contents/Msbuild/Microsoft/VC/v170/Microsoft.Cpp.UpgradeFromVC60.props to C:\Program Files (x86)\Microsoft Visual Studio\2022\BuildTools\Msbuild\Microsoft\VC\v170\Microsoft.Cpp.UpgradeFromVC60.props
[3c7c:000c][2026-05-10T01:35:52] Timestamp updated for file 'C:\Program Files (x86)\Microsoft Visual Studio\2022\BuildTools\Msbuild\Microsoft\VC\v170\Microsoft.Cpp.UpgradeFromVC60.props'.
[3c7c:000c][2026-05-10T01:35:52] Processing file /Contents/Msbuild/Microsoft/VC/v170/Microsoft.Cpp.UpgradeFromVC70.props
[3c7c:000c][2026-05-10T01:35:52] Started: Copying file /Contents/Msbuild/Microsoft/VC/v170/Microsoft.Cpp.UpgradeFromVC70.props to C:\Program Files (x86)\Microsoft Visual Studio\2022\BuildTools\Msbuild\Microsoft\VC\v170\Microsoft.Cpp.UpgradeFromVC70.props
[3c7c:000c][2026-05-10T01:35:52] Completed: Copying file /Contents/Msbuild/Microsoft/VC/v170/Microsoft.Cpp.UpgradeFromVC70.props to C:\Program Files (x86)\Microsoft Visual Studio\2022\BuildTools\Msbuild\Microsoft\VC\v170\Microsoft.Cpp.UpgradeFromVC70.props
[3c7c:000c][2026-05-10T01:35:52] Timestamp updated for file 'C:\Program Files (x86)\Microsoft Visual Studio\2022\BuildTools\Msbuild\Microsoft\VC\v170\Microsoft.Cpp.UpgradeFromVC70.props'.
[3c7c:000c][2026-05-10T01:35:52] Processing file /Contents/Msbuild/Microsoft/VC/v170/Microsoft.Cpp.UpgradeFromVC71.props
[3c7c:000c][2026-05-10T01:35:52] Started: Copying file /Contents/Msbuild/Microsoft/VC/v170/Microsoft.Cpp.UpgradeFromVC71.props to C:\Program Files (x86)\Microsoft Visual Studio\2022\BuildTools\Msbuild\Microsoft\VC\v170\Microsoft.Cpp.UpgradeFromVC71.props
[3c7c:000c][2026-05-10T01:35:52] Completed: Copying file /Contents/Msbuild/Microsoft/VC/v170/Microsoft.Cpp.UpgradeFromVC71.props to C:\Program Files (x86)\Microsoft Visual Studio\2022\BuildTools\Msbuild\Microsoft\VC\v170\Microsoft.Cpp.UpgradeFromVC71.props
[3c7c:000c][2026-05-10T01:35:52] Timestamp updated for file 'C:\Program Files (x86)\Microsoft Visual Studio\2022\BuildTools\Msbuild\Microsoft\VC\v170\Microsoft.Cpp.UpgradeFromVC71.props'.
[3c7c:000c][2026-05-10T01:35:52] Processing file /Contents/Msbuild/Microsoft/VC/v170/Microsoft.Cpp.UseDynamicDebugging.props
[3c7c:000c][2026-05-10T01:35:52] Started: Copying file /Contents/Msbuild/Microsoft/VC/v170/Microsoft.Cpp.UseDynamicDebugging.props to C:\Program Files (x86)\Microsoft Visual Studio\2022\BuildTools\Msbuild\Microsoft\VC\v170\Microsoft.Cpp.UseDynamicDebugging.props
[3c7c:000c][2026-05-10T01:35:52] Completed: Copying file /Contents/Msbuild/Microsoft/VC/v170/Microsoft.Cpp.UseDynamicDebugging.props to C:\Program Files (x86)\Microsoft Visual Studio\2022\BuildTools\Msbuild\Microsoft\VC\v170\Microsoft.Cpp.UseDynamicDebugging.props
[3c7c:000c][2026-05-10T01:35:52] Timestamp updated for file 'C:\Program Files (x86)\Microsoft Visual Studio\2022\BuildTools\Msbuild\Microsoft\VC\v170\Microsoft.Cpp.UseDynamicDebugging.props'.
[3c7c:000c][2026-05-10T01:35:52] Processing file /Contents/Msbuild/Microsoft/VC/v170/Microsoft.Cpp.VCTools.Content.props
[3c7c:000c][2026-05-10T01:35:52] Started: Copying file /Contents/Msbuild/Microsoft/VC/v170/Microsoft.Cpp.VCTools.Content.props to C:\Program Files (x86)\Microsoft Visual Studio\2022\BuildTools\Msbuild\Microsoft\VC\v170\Microsoft.Cpp.VCTools.Content.props
[3c7c:000c][2026-05-10T01:35:52] Completed: Copying file /Contents/Msbuild/Microsoft/VC/v170/Microsoft.Cpp.VCTools.Content.props to C:\Program Files (x86)\Microsoft Visual Studio\2022\BuildTools\Msbuild\Microsoft\VC\v170\Microsoft.Cpp.VCTools.Content.props
[3c7c:000c][2026-05-10T01:35:52] Timestamp updated for file 'C:\Program Files (x86)\Microsoft Visual Studio\2022\BuildTools\Msbuild\Microsoft\VC\v170\Microsoft.Cpp.VCTools.Content.props'.
[3c7c:000c][2026-05-10T01:35:52] Processing file /Contents/Msbuild/Microsoft/VC/v170/Microsoft.Cpp.VCTools.props
[3c7c:000c][2026-05-10T01:35:52] Started: Copying file /Contents/Msbuild/Microsoft/VC/v170/Microsoft.Cpp.VCTools.props to C:\Program Files (x86)\Microsoft Visual Studio\2022\BuildTools\Msbuild\Microsoft\VC\v170\Microsoft.Cpp.VCTools.props
[3c7c:000c][2026-05-10T01:35:52] Completed: Copying file /Contents/Msbuild/Microsoft/VC/v170/Microsoft.Cpp.VCTools.props to C:\Program Files (x86)\Microsoft Visual Studio\2022\BuildTools\Msbuild\Microsoft\VC\v170\Microsoft.Cpp.VCTools.props
[3c7c:000c][2026-05-10T01:35:52] Timestamp updated for file 'C:\Program Files (x86)\Microsoft Visual Studio\2022\BuildTools\Msbuild\Microsoft\VC\v170\Microsoft.Cpp.VCTools.props'.
[3c7c:000c][2026-05-10T01:35:52] Processing file /Contents/Msbuild/Microsoft/VC/v170/Microsoft.Cpp.WholeProgramOptimization.props
[3c7c:000c][2026-05-10T01:35:52] Started: Copying file /Contents/Msbuild/Microsoft/VC/v170/Microsoft.Cpp.WholeProgramOptimization.props to C:\Program Files (x86)\Microsoft Visual Studio\2022\BuildTools\Msbuild\Microsoft\VC\v170\Microsoft.Cpp.WholeProgramOptimization.props
[3c7c:000c][2026-05-10T01:35:52] Completed: Copying file /Contents/Msbuild/Microsoft/VC/v170/Microsoft.Cpp.WholeProgramOptimization.props to C:\Program Files (x86)\Microsoft Visual Studio\2022\BuildTools\Msbuild\Microsoft\VC\v170\Microsoft.Cpp.WholeProgramOptimization.props
[3c7c:000c][2026-05-10T01:35:52] Timestamp updated for file 'C:\Program Files (x86)\Microsoft Visual Studio\2022\BuildTools\Msbuild\Microsoft\VC\v170\Microsoft.Cpp.WholeProgramOptimization.props'.
[3c7c:000c][2026-05-10T01:35:52] Processing file /Contents/Msbuild/Microsoft/VC/v170/Microsoft.Cpp.WinDLL.props
[3c7c:000c][2026-05-10T01:35:52] Started: Copying file /Contents/Msbuild/Microsoft/VC/v170/Microsoft.Cpp.WinDLL.props to C:\Program Files (x86)\Microsoft Visual Studio\2022\BuildTools\Msbuild\Microsoft\VC\v170\Microsoft.Cpp.WinDLL.props
[3c7c:000c][2026-05-10T01:35:52] Completed: Copying file /Contents/Msbuild/Microsoft/VC/v170/Microsoft.Cpp.WinDLL.props to C:\Program Files (x86)\Microsoft Visual Studio\2022\BuildTools\Msbuild\Microsoft\VC\v170\Microsoft.Cpp.WinDLL.props
[3c7c:000c][2026-05-10T01:35:52] Timestamp updated for file 'C:\Program Files (x86)\Microsoft Visual Studio\2022\BuildTools\Msbuild\Microsoft\VC\v170\Microsoft.Cpp.WinDLL.props'.
[3c7c:000c][2026-05-10T01:35:52] Processing file /Contents/Msbuild/Microsoft/VC/v170/Microsoft.Cpp.WindowsSDK.props
[3c7c:000c][2026-05-10T01:35:52] Started: Copying file /Contents/Msbuild/Microsoft/VC/v170/Microsoft.Cpp.WindowsSDK.props to C:\Program Files (x86)\Microsoft Visual Studio\2022\BuildTools\Msbuild\Microsoft\VC\v170\Microsoft.Cpp.WindowsSDK.props
[3c7c:000c][2026-05-10T01:35:52] Completed: Copying file /Contents/Msbuild/Microsoft/VC/v170/Microsoft.Cpp.WindowsSDK.props to C:\Program Files (x86)\Microsoft Visual Studio\2022\BuildTools\Msbuild\Microsoft\VC\v170\Microsoft.Cpp.WindowsSDK.props
[3c7c:000c][2026-05-10T01:35:52] Timestamp updated for file 'C:\Program Files (x86)\Microsoft Visual Studio\2022\BuildTools\Msbuild\Microsoft\VC\v170\Microsoft.Cpp.WindowsSDK.props'.
[3c7c:000c][2026-05-10T01:35:52] Processing file /Contents/Msbuild/Microsoft/VC/v170/Microsoft.Cpp.WindowsSDK.targets
[3c7c:000c][2026-05-10T01:35:52] Started: Copying file /Contents/Msbuild/Microsoft/VC/v170/Microsoft.Cpp.WindowsSDK.targets to C:\Program Files (x86)\Microsoft Visual Studio\2022\BuildTools\Msbuild\Microsoft\VC\v170\Microsoft.Cpp.WindowsSDK.targets
[3c7c:000c][2026-05-10T01:35:52] Completed: Copying file /Contents/Msbuild/Microsoft/VC/v170/Microsoft.Cpp.WindowsSDK.targets to C:\Program Files (x86)\Microsoft Visual Studio\2022\BuildTools\Msbuild\Microsoft\VC\v170\Microsoft.Cpp.WindowsSDK.targets
[3c7c:000c][2026-05-10T01:35:52] Timestamp updated for file 'C:\Program Files (x86)\Microsoft Visual Studio\2022\BuildTools\Msbuild\Microsoft\VC\v170\Microsoft.Cpp.WindowsSDK.targets'.
[3c7c:000c][2026-05-10T01:35:52] Processing file /Contents/Msbuild/Microsoft/VC/v170/Microsoft.CppBuild.targets
[3c7c:000c][2026-05-10T01:35:52] Started: Copying file /Contents/Msbuild/Microsoft/VC/v170/Microsoft.CppBuild.targets to C:\Program Files (x86)\Microsoft Visual Studio\2022\BuildTools\Msbuild\Microsoft\VC\v170\Microsoft.CppBuild.targets
[3c7c:000c][2026-05-10T01:35:52] Completed: Copying file /Contents/Msbuild/Microsoft/VC/v170/Microsoft.CppBuild.targets to C:\Program Files (x86)\Microsoft Visual Studio\2022\BuildTools\Msbuild\Microsoft\VC\v170\Microsoft.CppBuild.targets
[3c7c:000c][2026-05-10T01:35:52] Timestamp updated for file 'C:\Program Files (x86)\Microsoft Visual Studio\2022\BuildTools\Msbuild\Microsoft\VC\v170\Microsoft.CppBuild.targets'.
[3c7c:000c][2026-05-10T01:35:52] Processing file /Contents/Msbuild/Microsoft/VC/v170/Microsoft.CppClean.targets
[3c7c:000c][2026-05-10T01:35:52] Started: Copying file /Contents/Msbuild/Microsoft/VC/v170/Microsoft.CppClean.targets to C:\Program Files (x86)\Microsoft Visual Studio\2022\BuildTools\Msbuild\Microsoft\VC\v170\Microsoft.CppClean.targets
[3c7c:000c][2026-05-10T01:35:52] Completed: Copying file /Contents/Msbuild/Microsoft/VC/v170/Microsoft.CppClean.targets to C:\Program Files (x86)\Microsoft Visual Studio\2022\BuildTools\Msbuild\Microsoft\VC\v170\Microsoft.CppClean.targets
[3c7c:000c][2026-05-10T01:35:52] Timestamp updated for file 'C:\Program Files (x86)\Microsoft Visual Studio\2022\BuildTools\Msbuild\Microsoft\VC\v170\Microsoft.CppClean.targets'.
[3c7c:000c][2026-05-10T01:35:52] Processing file /Contents/Msbuild/Microsoft/VC/v170/Microsoft.CppCommon.targets
[3c7c:000c][2026-05-10T01:35:52] Started: Copying file /Contents/Msbuild/Microsoft/VC/v170/Microsoft.CppCommon.targets to C:\Program Files (x86)\Microsoft Visual Studio\2022\BuildTools\Msbuild\Microsoft\VC\v170\Microsoft.CppCommon.targets
[3c7c:000c][2026-05-10T01:35:52] Completed: Copying file /Contents/Msbuild/Microsoft/VC/v170/Microsoft.CppCommon.targets to C:\Program Files (x86)\Microsoft Visual Studio\2022\BuildTools\Msbuild\Microsoft\VC\v170\Microsoft.CppCommon.targets
[3c7c:000c][2026-05-10T01:35:52] Timestamp updated for file 'C:\Program Files (x86)\Microsoft Visual Studio\2022\BuildTools\Msbuild\Microsoft\VC\v170\Microsoft.CppCommon.targets'.
[3c7c:000c][2026-05-10T01:35:52] Processing file /Contents/Msbuild/Microsoft/VC/v170/Microsoft.Link.Common.props
[3c7c:000c][2026-05-10T01:35:52] Started: Copying file /Contents/Msbuild/Microsoft/VC/v170/Microsoft.Link.Common.props to C:\Program Files (x86)\Microsoft Visual Studio\2022\BuildTools\Msbuild\Microsoft\VC\v170\Microsoft.Link.Common.props
[3c7c:000c][2026-05-10T01:35:52] Completed: Copying file /Contents/Msbuild/Microsoft/VC/v170/Microsoft.Link.Common.props to C:\Program Files (x86)\Microsoft Visual Studio\2022\BuildTools\Msbuild\Microsoft\VC\v170\Microsoft.Link.Common.props
[3c7c:000c][2026-05-10T01:35:52] Timestamp updated for file 'C:\Program Files (x86)\Microsoft Visual Studio\2022\BuildTools\Msbuild\Microsoft\VC\v170\Microsoft.Link.Common.props'.
[3c7c:000c][2026-05-10T01:35:52] Processing file /Contents/Msbuild/Microsoft/VC/v170/Microsoft.Makefile.props
[3c7c:000c][2026-05-10T01:35:52] Started: Copying file /Contents/Msbuild/Microsoft/VC/v170/Microsoft.Makefile.props to C:\Program Files (x86)\Microsoft Visual Studio\2022\BuildTools\Msbuild\Microsoft\VC\v170\Microsoft.Makefile.props
[3c7c:000c][2026-05-10T01:35:52] Completed: Copying file /Contents/Msbuild/Microsoft/VC/v170/Microsoft.Makefile.props to C:\Program Files (x86)\Microsoft Visual Studio\2022\BuildTools\Msbuild\Microsoft\VC\v170\Microsoft.Makefile.props
[3c7c:000c][2026-05-10T01:35:52] Timestamp updated for file 'C:\Program Files (x86)\Microsoft Visual Studio\2022\BuildTools\Msbuild\Microsoft\VC\v170\Microsoft.Makefile.props'.
[3c7c:000c][2026-05-10T01:35:52] Processing file /Contents/Msbuild/Microsoft/VC/v170/Microsoft.MakeFile.targets
[3c7c:000c][2026-05-10T01:35:52] Started: Copying file /Contents/Msbuild/Microsoft/VC/v170/Microsoft.MakeFile.targets to C:\Program Files (x86)\Microsoft Visual Studio\2022\BuildTools\Msbuild\Microsoft\VC\v170\Microsoft.MakeFile.targets
[3c7c:000c][2026-05-10T01:35:52] Completed: Copying file /Contents/Msbuild/Microsoft/VC/v170/Microsoft.MakeFile.targets to C:\Program Files (x86)\Microsoft Visual Studio\2022\BuildTools\Msbuild\Microsoft\VC\v170\Microsoft.MakeFile.targets
[3c7c:000c][2026-05-10T01:35:52] Timestamp updated for file 'C:\Program Files (x86)\Microsoft Visual Studio\2022\BuildTools\Msbuild\Microsoft\VC\v170\Microsoft.MakeFile.targets'.
[3c7c:000c][2026-05-10T01:35:52] Processing file /Contents/Msbuild/Microsoft/VC/v170/Microsoft.Metagen.targets
[3c7c:000c][2026-05-10T01:35:52] Started: Copying file /Contents/Msbuild/Microsoft/VC/v170/Microsoft.Metagen.targets to C:\Program Files (x86)\Microsoft Visual Studio\2022\BuildTools\Msbuild\Microsoft\VC\v170\Microsoft.Metagen.targets
[3c7c:000c][2026-05-10T01:35:52] Completed: Copying file /Contents/Msbuild/Microsoft/VC/v170/Microsoft.Metagen.targets to C:\Program Files (x86)\Microsoft Visual Studio\2022\BuildTools\Msbuild\Microsoft\VC\v170\Microsoft.Metagen.targets
[3c7c:000c][2026-05-10T01:35:52] Timestamp updated for file 'C:\Program Files (x86)\Microsoft Visual Studio\2022\BuildTools\Msbuild\Microsoft\VC\v170\Microsoft.Metagen.targets'.
[3c7c:000c][2026-05-10T01:35:52] Package executed successfully. Return code: 0
