[da4c:0007][2026-05-10T00:50:00] Opening the package for processing
[da4c:0007][2026-05-10T00:50:00] Using package payload to get the embedded manifest
[da4c:0007][2026-05-10T00:50:00] Getting list of files within the package
[da4c:0007][2026-05-10T00:50:00] Processing file /Contents/Common7/IDE/Profiles/CSharp.vssettings
[da4c:0007][2026-05-10T00:50:00] Started: Copying file /Contents/Common7/IDE/Profiles/CSharp.vssettings to D:\Program\Common7\IDE\Profiles\CSharp.vssettings
[da4c:0007][2026-05-10T00:50:00] Completed: Copying file /Contents/Common7/IDE/Profiles/CSharp.vssettings to D:\Program\Common7\IDE\Profiles\CSharp.vssettings
[da4c:0007][2026-05-10T00:50:00] Timestamp updated for file 'D:\Program\Common7\IDE\Profiles\CSharp.vssettings'.
[da4c:0007][2026-05-10T00:50:00] Processing file /Contents/Common7/IDE/Profiles/General.vssettings
[da4c:0007][2026-05-10T00:50:00] Started: Copying file /Contents/Common7/IDE/Profiles/General.vssettings to D:\Program\Common7\IDE\Profiles\General.vssettings
[da4c:0007][2026-05-10T00:50:00] Completed: Copying file /Contents/Common7/IDE/Profiles/General.vssettings to D:\Program\Common7\IDE\Profiles\General.vssettings
[da4c:0007][2026-05-10T00:50:00] Timestamp updated for file 'D:\Program\Common7\IDE\Profiles\General.vssettings'.
[da4c:0007][2026-05-10T00:50:00] Processing file /Contents/Common7/IDE/Profiles/JavaScript.vssettings
[da4c:0007][2026-05-10T00:50:00] Started: Copying file /Contents/Common7/IDE/Profiles/JavaScript.vssettings to D:\Program\Common7\IDE\Profiles\JavaScript.vssettings
[da4c:0007][2026-05-10T00:50:00] Completed: Copying file /Contents/Common7/IDE/Profiles/JavaScript.vssettings to D:\Program\Common7\IDE\Profiles\JavaScript.vssettings
[da4c:0007][2026-05-10T00:50:00] Timestamp updated for file 'D:\Program\Common7\IDE\Profiles\JavaScript.vssettings'.
[da4c:0007][2026-05-10T00:50:00] Processing file /Contents/Common7/IDE/Profiles/VB.vssettings
[da4c:0007][2026-05-10T00:50:00] Started: Copying file /Contents/Common7/IDE/Profiles/VB.vssettings to D:\Program\Common7\IDE\Profiles\VB.vssettings
[da4c:0007][2026-05-10T00:50:00] Completed: Copying file /Contents/Common7/IDE/Profiles/VB.vssettings to D:\Program\Common7\IDE\Profiles\VB.vssettings
[da4c:0007][2026-05-10T00:50:00] Timestamp updated for file 'D:\Program\Common7\IDE\Profiles\VB.vssettings'.
[da4c:0007][2026-05-10T00:50:00] Processing file /Contents/Common7/IDE/Profiles/VC.vssettings
[da4c:0007][2026-05-10T00:50:00] Started: Copying file /Contents/Common7/IDE/Profiles/VC.vssettings to D:\Program\Common7\IDE\Profiles\VC.vssettings
[da4c:0007][2026-05-10T00:50:00] Completed: Copying file /Contents/Common7/IDE/Profiles/VC.vssettings to D:\Program\Common7\IDE\Profiles\VC.vssettings
[da4c:0007][2026-05-10T00:50:00] Timestamp updated for file 'D:\Program\Common7\IDE\Profiles\VC.vssettings'.
[da4c:0007][2026-05-10T00:50:00] Processing file /Contents/Common7/IDE/Profiles/Web.vssettings
[da4c:0007][2026-05-10T00:50:00] Started: Copying file /Contents/Common7/IDE/Profiles/Web.vssettings to D:\Program\Common7\IDE\Profiles\Web.vssettings
[da4c:0007][2026-05-10T00:50:00] Completed: Copying file /Contents/Common7/IDE/Profiles/Web.vssettings to D:\Program\Common7\IDE\Profiles\Web.vssettings
[da4c:0007][2026-05-10T00:50:00] Timestamp updated for file 'D:\Program\Common7\IDE\Profiles\Web.vssettings'.
[da4c:0007][2026-05-10T00:50:00] Processing file /Contents/Common7/IDE/Profiles/WebCode.vssettings
[da4c:0007][2026-05-10T00:50:00] Started: Copying file /Contents/Common7/IDE/Profiles/WebCode.vssettings to D:\Program\Common7\IDE\Profiles\WebCode.vssettings
[da4c:0007][2026-05-10T00:50:00] Completed: Copying file /Contents/Common7/IDE/Profiles/WebCode.vssettings to D:\Program\Common7\IDE\Profiles\WebCode.vssettings
[da4c:0007][2026-05-10T00:50:00] Timestamp updated for file 'D:\Program\Common7\IDE\Profiles\WebCode.vssettings'.
[da4c:0007][2026-05-10T00:50:00] Package executed successfully. Return code: 0
