[2e2c:0007][2026-05-10T01:24:02] Opening the package for processing
[2e2c:0007][2026-05-10T01:24:02] Using package payload to get the embedded manifest
[2e2c:0007][2026-05-10T01:24:02] Getting list of files within the package
[2e2c:0007][2026-05-10T01:24:02] Processing file /Contents/Common7/IDE/VSFinalizer.exe
[2e2c:0007][2026-05-10T01:24:02] Started: Copying file /Contents/Common7/IDE/VSFinalizer.exe to D:\Program Files (x86)\Microsoft Visual Studio\2022\BuildTools\Common7\IDE\VSFinalizer.exe
[2e2c:0007][2026-05-10T01:24:02] Completed: Copying file /Contents/Common7/IDE/VSFinalizer.exe to D:\Program Files (x86)\Microsoft Visual Studio\2022\BuildTools\Common7\IDE\VSFinalizer.exe
[2e2c:0007][2026-05-10T01:24:02] Timestamp updated for file 'D:\Program Files (x86)\Microsoft Visual Studio\2022\BuildTools\Common7\IDE\VSFinalizer.exe'.
[2e2c:0007][2026-05-10T01:24:02] Processing file /Contents/Common7/IDE/VSFinalizer.exe.config
[2e2c:0007][2026-05-10T01:24:02] Started: Copying file /Contents/Common7/IDE/VSFinalizer.exe.config to D:\Program Files (x86)\Microsoft Visual Studio\2022\BuildTools\Common7\IDE\VSFinalizer.exe.config
[2e2c:0007][2026-05-10T01:24:02] Completed: Copying file /Contents/Common7/IDE/VSFinalizer.exe.config to D:\Program Files (x86)\Microsoft Visual Studio\2022\BuildTools\Common7\IDE\VSFinalizer.exe.config
[2e2c:0007][2026-05-10T01:24:02] Timestamp updated for file 'D:\Program Files (x86)\Microsoft Visual Studio\2022\BuildTools\Common7\IDE\VSFinalizer.exe.config'.
[2e2c:0007][2026-05-10T01:24:02] Processing file /Contents/Common7/IDE/VSFinalizerDependencies/Microsoft.Bcl.AsyncInterfaces.dll
[2e2c:0007][2026-05-10T01:24:02] Started: Copying file /Contents/Common7/IDE/VSFinalizerDependencies/Microsoft.Bcl.AsyncInterfaces.dll to D:\Program Files (x86)\Microsoft Visual Studio\2022\BuildTools\Common7\IDE\VSFinalizerDependencies\Microsoft.Bcl.AsyncInterfaces.dll
[2e2c:0007][2026-05-10T01:24:02] Completed: Copying file /Contents/Common7/IDE/VSFinalizerDependencies/Microsoft.Bcl.AsyncInterfaces.dll to D:\Program Files (x86)\Microsoft Visual Studio\2022\BuildTools\Common7\IDE\VSFinalizerDependencies\Microsoft.Bcl.AsyncInterfaces.dll
[2e2c:0007][2026-05-10T01:24:02] Timestamp updated for file 'D:\Program Files (x86)\Microsoft Visual Studio\2022\BuildTools\Common7\IDE\VSFinalizerDependencies\Microsoft.Bcl.AsyncInterfaces.dll'.
[2e2c:0007][2026-05-10T01:24:02] Processing file /Contents/Common7/IDE/VSFinalizerDependencies/System.Buffers.dll
[2e2c:0007][2026-05-10T01:24:02] Started: Copying file /Contents/Common7/IDE/VSFinalizerDependencies/System.Buffers.dll to D:\Program Files (x86)\Microsoft Visual Studio\2022\BuildTools\Common7\IDE\VSFinalizerDependencies\System.Buffers.dll
[2e2c:0007][2026-05-10T01:24:02] Completed: Copying file /Contents/Common7/IDE/VSFinalizerDependencies/System.Buffers.dll to D:\Program Files (x86)\Microsoft Visual Studio\2022\BuildTools\Common7\IDE\VSFinalizerDependencies\System.Buffers.dll
[2e2c:0007][2026-05-10T01:24:02] Timestamp updated for file 'D:\Program Files (x86)\Microsoft Visual Studio\2022\BuildTools\Common7\IDE\VSFinalizerDependencies\System.Buffers.dll'.
[2e2c:0007][2026-05-10T01:24:02] Processing file /Contents/Common7/IDE/VSFinalizerDependencies/System.IO.Pipelines.dll
[2e2c:0007][2026-05-10T01:24:02] Started: Copying file /Contents/Common7/IDE/VSFinalizerDependencies/System.IO.Pipelines.dll to D:\Program Files (x86)\Microsoft Visual Studio\2022\BuildTools\Common7\IDE\VSFinalizerDependencies\System.IO.Pipelines.dll
[2e2c:0007][2026-05-10T01:24:02] Completed: Copying file /Contents/Common7/IDE/VSFinalizerDependencies/System.IO.Pipelines.dll to D:\Program Files (x86)\Microsoft Visual Studio\2022\BuildTools\Common7\IDE\VSFinalizerDependencies\System.IO.Pipelines.dll
[2e2c:0007][2026-05-10T01:24:02] Timestamp updated for file 'D:\Program Files (x86)\Microsoft Visual Studio\2022\BuildTools\Common7\IDE\VSFinalizerDependencies\System.IO.Pipelines.dll'.
[2e2c:0007][2026-05-10T01:24:02] Processing file /Contents/Common7/IDE/VSFinalizerDependencies/System.Memory.dll
[2e2c:0007][2026-05-10T01:24:02] Started: Copying file /Contents/Common7/IDE/VSFinalizerDependencies/System.Memory.dll to D:\Program Files (x86)\Microsoft Visual Studio\2022\BuildTools\Common7\IDE\VSFinalizerDependencies\System.Memory.dll
[2e2c:0007][2026-05-10T01:24:02] Completed: Copying file /Contents/Common7/IDE/VSFinalizerDependencies/System.Memory.dll to D:\Program Files (x86)\Microsoft Visual Studio\2022\BuildTools\Common7\IDE\VSFinalizerDependencies\System.Memory.dll
[2e2c:0007][2026-05-10T01:24:02] Timestamp updated for file 'D:\Program Files (x86)\Microsoft Visual Studio\2022\BuildTools\Common7\IDE\VSFinalizerDependencies\System.Memory.dll'.
[2e2c:0007][2026-05-10T01:24:02] Processing file /Contents/Common7/IDE/VSFinalizerDependencies/System.Numerics.Vectors.dll
[2e2c:0007][2026-05-10T01:24:02] Started: Copying file /Contents/Common7/IDE/VSFinalizerDependencies/System.Numerics.Vectors.dll to D:\Program Files (x86)\Microsoft Visual Studio\2022\BuildTools\Common7\IDE\VSFinalizerDependencies\System.Numerics.Vectors.dll
[2e2c:0007][2026-05-10T01:24:02] Completed: Copying file /Contents/Common7/IDE/VSFinalizerDependencies/System.Numerics.Vectors.dll to D:\Program Files (x86)\Microsoft Visual Studio\2022\BuildTools\Common7\IDE\VSFinalizerDependencies\System.Numerics.Vectors.dll
[2e2c:0007][2026-05-10T01:24:02] Timestamp updated for file 'D:\Program Files (x86)\Microsoft Visual Studio\2022\BuildTools\Common7\IDE\VSFinalizerDependencies\System.Numerics.Vectors.dll'.
[2e2c:0007][2026-05-10T01:24:02] Processing file /Contents/Common7/IDE/VSFinalizerDependencies/System.Runtime.CompilerServices.Unsafe.dll
[2e2c:0007][2026-05-10T01:24:02] Started: Copying file /Contents/Common7/IDE/VSFinalizerDependencies/System.Runtime.CompilerServices.Unsafe.dll to D:\Program Files (x86)\Microsoft Visual Studio\2022\BuildTools\Common7\IDE\VSFinalizerDependencies\System.Runtime.CompilerServices.Unsafe.dll
[2e2c:0007][2026-05-10T01:24:02] Completed: Copying file /Contents/Common7/IDE/VSFinalizerDependencies/System.Runtime.CompilerServices.Unsafe.dll to D:\Program Files (x86)\Microsoft Visual Studio\2022\BuildTools\Common7\IDE\VSFinalizerDependencies\System.Runtime.CompilerServices.Unsafe.dll
[2e2c:0007][2026-05-10T01:24:02] Timestamp updated for file 'D:\Program Files (x86)\Microsoft Visual Studio\2022\BuildTools\Common7\IDE\VSFinalizerDependencies\System.Runtime.CompilerServices.Unsafe.dll'.
[2e2c:0007][2026-05-10T01:24:02] Processing file /Contents/Common7/IDE/VSFinalizerDependencies/System.Text.Encodings.Web.dll
[2e2c:0007][2026-05-10T01:24:02] Started: Copying file /Contents/Common7/IDE/VSFinalizerDependencies/System.Text.Encodings.Web.dll to D:\Program Files (x86)\Microsoft Visual Studio\2022\BuildTools\Common7\IDE\VSFinalizerDependencies\System.Text.Encodings.Web.dll
[2e2c:0007][2026-05-10T01:24:02] Completed: Copying file /Contents/Common7/IDE/VSFinalizerDependencies/System.Text.Encodings.Web.dll to D:\Program Files (x86)\Microsoft Visual Studio\2022\BuildTools\Common7\IDE\VSFinalizerDependencies\System.Text.Encodings.Web.dll
[2e2c:0007][2026-05-10T01:24:02] Timestamp updated for file 'D:\Program Files (x86)\Microsoft Visual Studio\2022\BuildTools\Common7\IDE\VSFinalizerDependencies\System.Text.Encodings.Web.dll'.
[2e2c:0007][2026-05-10T01:24:02] Processing file /Contents/Common7/IDE/VSFinalizerDependencies/System.Text.Json.dll
[2e2c:0007][2026-05-10T01:24:02] Started: Copying file /Contents/Common7/IDE/VSFinalizerDependencies/System.Text.Json.dll to D:\Program Files (x86)\Microsoft Visual Studio\2022\BuildTools\Common7\IDE\VSFinalizerDependencies\System.Text.Json.dll
[2e2c:0007][2026-05-10T01:24:02] Completed: Copying file /Contents/Common7/IDE/VSFinalizerDependencies/System.Text.Json.dll to D:\Program Files (x86)\Microsoft Visual Studio\2022\BuildTools\Common7\IDE\VSFinalizerDependencies\System.Text.Json.dll
[2e2c:0007][2026-05-10T01:24:02] Timestamp updated for file 'D:\Program Files (x86)\Microsoft Visual Studio\2022\BuildTools\Common7\IDE\VSFinalizerDependencies\System.Text.Json.dll'.
[2e2c:0007][2026-05-10T01:24:02] Processing file /Contents/Common7/IDE/VSFinalizerDependencies/System.Threading.Tasks.Extensions.dll
[2e2c:0007][2026-05-10T01:24:02] Started: Copying file /Contents/Common7/IDE/VSFinalizerDependencies/System.Threading.Tasks.Extensions.dll to D:\Program Files (x86)\Microsoft Visual Studio\2022\BuildTools\Common7\IDE\VSFinalizerDependencies\System.Threading.Tasks.Extensions.dll
[2e2c:0007][2026-05-10T01:24:02] Completed: Copying file /Contents/Common7/IDE/VSFinalizerDependencies/System.Threading.Tasks.Extensions.dll to D:\Program Files (x86)\Microsoft Visual Studio\2022\BuildTools\Common7\IDE\VSFinalizerDependencies\System.Threading.Tasks.Extensions.dll
[2e2c:0007][2026-05-10T01:24:02] Timestamp updated for file 'D:\Program Files (x86)\Microsoft Visual Studio\2022\BuildTools\Common7\IDE\VSFinalizerDependencies\System.Threading.Tasks.Extensions.dll'.
[2e2c:0007][2026-05-10T01:24:02] Processing file /Contents/Common7/IDE/VSFinalizerDependencies/System.ValueTuple.dll
[2e2c:0007][2026-05-10T01:24:02] Started: Copying file /Contents/Common7/IDE/VSFinalizerDependencies/System.ValueTuple.dll to D:\Program Files (x86)\Microsoft Visual Studio\2022\BuildTools\Common7\IDE\VSFinalizerDependencies\System.ValueTuple.dll
[2e2c:0007][2026-05-10T01:24:02] Completed: Copying file /Contents/Common7/IDE/VSFinalizerDependencies/System.ValueTuple.dll to D:\Program Files (x86)\Microsoft Visual Studio\2022\BuildTools\Common7\IDE\VSFinalizerDependencies\System.ValueTuple.dll
[2e2c:0007][2026-05-10T01:24:02] Timestamp updated for file 'D:\Program Files (x86)\Microsoft Visual Studio\2022\BuildTools\Common7\IDE\VSFinalizerDependencies\System.ValueTuple.dll'.
[2e2c:0007][2026-05-10T01:24:02] Processing file /Contents/Common7/IDE/VSInitializer.exe
[2e2c:0007][2026-05-10T01:24:02] Started: Copying file /Contents/Common7/IDE/VSInitializer.exe to D:\Program Files (x86)\Microsoft Visual Studio\2022\BuildTools\Common7\IDE\VSInitializer.exe
[2e2c:0007][2026-05-10T01:24:02] Completed: Copying file /Contents/Common7/IDE/VSInitializer.exe to D:\Program Files (x86)\Microsoft Visual Studio\2022\BuildTools\Common7\IDE\VSInitializer.exe
[2e2c:0007][2026-05-10T01:24:02] Timestamp updated for file 'D:\Program Files (x86)\Microsoft Visual Studio\2022\BuildTools\Common7\IDE\VSInitializer.exe'.
[2e2c:0007][2026-05-10T01:24:02] Processing file /Contents/Common7/IDE/VSInitializer.exe.config
[2e2c:0007][2026-05-10T01:24:02] Started: Copying file /Contents/Common7/IDE/VSInitializer.exe.config to D:\Program Files (x86)\Microsoft Visual Studio\2022\BuildTools\Common7\IDE\VSInitializer.exe.config
[2e2c:0007][2026-05-10T01:24:02] Completed: Copying file /Contents/Common7/IDE/VSInitializer.exe.config to D:\Program Files (x86)\Microsoft Visual Studio\2022\BuildTools\Common7\IDE\VSInitializer.exe.config
[2e2c:0007][2026-05-10T01:24:02] Timestamp updated for file 'D:\Program Files (x86)\Microsoft Visual Studio\2022\BuildTools\Common7\IDE\VSInitializer.exe.config'.
[2e2c:0007][2026-05-10T01:24:02] Package executed successfully. Return code: 0
