[da4c:0007][2026-05-10T00:49:50] Opening the package for processing
[da4c:0007][2026-05-10T00:49:50] Using package payload to get the embedded manifest
[da4c:0007][2026-05-10T00:49:50] Getting list of files within the package
[da4c:0007][2026-05-10T00:49:50] Processing file /Contents/Common7/IDE/CommonExtensions/Microsoft/OpenTelemetry/ClientExtensions/Microsoft.VisualStudio.OpenTelemetry.ClientExtensions.dll
[da4c:0007][2026-05-10T00:49:50] Started: Copying file /Contents/Common7/IDE/CommonExtensions/Microsoft/OpenTelemetry/ClientExtensions/Microsoft.VisualStudio.OpenTelemetry.ClientExtensions.dll to D:\Program\Common7\IDE\CommonExtensions\Microsoft\OpenTelemetry\ClientExtensions\Microsoft.VisualStudio.OpenTelemetry.ClientExtensions.dll
[da4c:0007][2026-05-10T00:49:50] Completed: Copying file /Contents/Common7/IDE/CommonExtensions/Microsoft/OpenTelemetry/ClientExtensions/Microsoft.VisualStudio.OpenTelemetry.ClientExtensions.dll to D:\Program\Common7\IDE\CommonExtensions\Microsoft\OpenTelemetry\ClientExtensions\Microsoft.VisualStudio.OpenTelemetry.ClientExtensions.dll
[da4c:0007][2026-05-10T00:49:50] Timestamp updated for file 'D:\Program\Common7\IDE\CommonExtensions\Microsoft\OpenTelemetry\ClientExtensions\Microsoft.VisualStudio.OpenTelemetry.ClientExtensions.dll'.
[da4c:0007][2026-05-10T00:49:50] Processing file /Contents/Common7/IDE/CommonExtensions/Microsoft/OpenTelemetry/ClientExtensions/OpenTelemetry.Api.dll
[da4c:0007][2026-05-10T00:49:50] Started: Copying file /Contents/Common7/IDE/CommonExtensions/Microsoft/OpenTelemetry/ClientExtensions/OpenTelemetry.Api.dll to D:\Program\Common7\IDE\CommonExtensions\Microsoft\OpenTelemetry\ClientExtensions\OpenTelemetry.Api.dll
[da4c:0007][2026-05-10T00:49:50] Completed: Copying file /Contents/Common7/IDE/CommonExtensions/Microsoft/OpenTelemetry/ClientExtensions/OpenTelemetry.Api.dll to D:\Program\Common7\IDE\CommonExtensions\Microsoft\OpenTelemetry\ClientExtensions\OpenTelemetry.Api.dll
[da4c:0007][2026-05-10T00:49:50] Timestamp updated for file 'D:\Program\Common7\IDE\CommonExtensions\Microsoft\OpenTelemetry\ClientExtensions\OpenTelemetry.Api.dll'.
[da4c:0007][2026-05-10T00:49:50] Processing file /Contents/Common7/IDE/CommonExtensions/Microsoft/OpenTelemetry/ClientExtensions/OpenTelemetry.Api.ProviderBuilderExtensions.dll
[da4c:0007][2026-05-10T00:49:50] Started: Copying file /Contents/Common7/IDE/CommonExtensions/Microsoft/OpenTelemetry/ClientExtensions/OpenTelemetry.Api.ProviderBuilderExtensions.dll to D:\Program\Common7\IDE\CommonExtensions\Microsoft\OpenTelemetry\ClientExtensions\OpenTelemetry.Api.ProviderBuilderExtensions.dll
[da4c:0007][2026-05-10T00:49:50] Completed: Copying file /Contents/Common7/IDE/CommonExtensions/Microsoft/OpenTelemetry/ClientExtensions/OpenTelemetry.Api.ProviderBuilderExtensions.dll to D:\Program\Common7\IDE\CommonExtensions\Microsoft\OpenTelemetry\ClientExtensions\OpenTelemetry.Api.ProviderBuilderExtensions.dll
[da4c:0007][2026-05-10T00:49:50] Timestamp updated for file 'D:\Program\Common7\IDE\CommonExtensions\Microsoft\OpenTelemetry\ClientExtensions\OpenTelemetry.Api.ProviderBuilderExtensions.dll'.
[da4c:0007][2026-05-10T00:49:50] Processing file /Contents/Common7/IDE/CommonExtensions/Microsoft/OpenTelemetry/ClientExtensions/OpenTelemetry.dll
[da4c:0007][2026-05-10T00:49:50] Started: Copying file /Contents/Common7/IDE/CommonExtensions/Microsoft/OpenTelemetry/ClientExtensions/OpenTelemetry.dll to D:\Program\Common7\IDE\CommonExtensions\Microsoft\OpenTelemetry\ClientExtensions\OpenTelemetry.dll
[da4c:0007][2026-05-10T00:49:50] Completed: Copying file /Contents/Common7/IDE/CommonExtensions/Microsoft/OpenTelemetry/ClientExtensions/OpenTelemetry.dll to D:\Program\Common7\IDE\CommonExtensions\Microsoft\OpenTelemetry\ClientExtensions\OpenTelemetry.dll
[da4c:0007][2026-05-10T00:49:50] Timestamp updated for file 'D:\Program\Common7\IDE\CommonExtensions\Microsoft\OpenTelemetry\ClientExtensions\OpenTelemetry.dll'.
[da4c:0007][2026-05-10T00:49:50] Package executed successfully. Return code: 0
