[2e2c:0007][2026-05-10T01:23:49] Opening the package for processing
[2e2c:0007][2026-05-10T01:23:49] Using package payload to get the embedded manifest
[2e2c:0007][2026-05-10T01:23:49] Getting list of files within the package
[2e2c:0007][2026-05-10T01:23:49] Processing file /Contents/Common7/IDE/CommonExtensions/Platform/Shell/CompatibilityList.xml
[2e2c:0007][2026-05-10T01:23:49] Started: Copying file /Contents/Common7/IDE/CommonExtensions/Platform/Shell/CompatibilityList.xml to D:\Program Files (x86)\Microsoft Visual Studio\2022\BuildTools\Common7\IDE\CommonExtensions\Platform\Shell\CompatibilityList.xml
[2e2c:0007][2026-05-10T01:23:49] Completed: Copying file /Contents/Common7/IDE/CommonExtensions/Platform/Shell/CompatibilityList.xml to D:\Program Files (x86)\Microsoft Visual Studio\2022\BuildTools\Common7\IDE\CommonExtensions\Platform\Shell\CompatibilityList.xml
[2e2c:0007][2026-05-10T01:23:49] Timestamp updated for file 'D:\Program Files (x86)\Microsoft Visual Studio\2022\BuildTools\Common7\IDE\CommonExtensions\Platform\Shell\CompatibilityList.xml'.
[2e2c:0007][2026-05-10T01:23:49] Processing file /Contents/Common7/IDE/CommonExtensions/Platform/Shell/ExtensionManagerWindowResources/Webviews/default.html
[2e2c:0007][2026-05-10T01:23:49] Started: Copying file /Contents/Common7/IDE/CommonExtensions/Platform/Shell/ExtensionManagerWindowResources/Webviews/default.html to D:\Program Files (x86)\Microsoft Visual Studio\2022\BuildTools\Common7\IDE\CommonExtensions\Platform\Shell\ExtensionManagerWindowResources\Webviews\default.html
[2e2c:0007][2026-05-10T01:23:49] Completed: Copying file /Contents/Common7/IDE/CommonExtensions/Platform/Shell/ExtensionManagerWindowResources/Webviews/default.html to D:\Program Files (x86)\Microsoft Visual Studio\2022\BuildTools\Common7\IDE\CommonExtensions\Platform\Shell\ExtensionManagerWindowResources\Webviews\default.html
[2e2c:0007][2026-05-10T01:23:49] Timestamp updated for file 'D:\Program Files (x86)\Microsoft Visual Studio\2022\BuildTools\Common7\IDE\CommonExtensions\Platform\Shell\ExtensionManagerWindowResources\Webviews\default.html'.
[2e2c:0007][2026-05-10T01:23:49] Processing file /Contents/Common7/IDE/CommonExtensions/Platform/Shell/ExtensionManagerWindowResources/Webviews/ImageMonikers/CollapseUp.Dark.svg
[2e2c:0007][2026-05-10T01:23:49] Started: Copying file /Contents/Common7/IDE/CommonExtensions/Platform/Shell/ExtensionManagerWindowResources/Webviews/ImageMonikers/CollapseUp.Dark.svg to D:\Program Files (x86)\Microsoft Visual Studio\2022\BuildTools\Common7\IDE\CommonExtensions\Platform\Shell\ExtensionManagerWindowResources\Webviews\ImageMonikers\CollapseUp.Dark.svg
[2e2c:0007][2026-05-10T01:23:49] Completed: Copying file /Contents/Common7/IDE/CommonExtensions/Platform/Shell/ExtensionManagerWindowResources/Webviews/ImageMonikers/CollapseUp.Dark.svg to D:\Program Files (x86)\Microsoft Visual Studio\2022\BuildTools\Common7\IDE\CommonExtensions\Platform\Shell\ExtensionManagerWindowResources\Webviews\ImageMonikers\CollapseUp.Dark.svg
[2e2c:0007][2026-05-10T01:23:49] Timestamp updated for file 'D:\Program Files (x86)\Microsoft Visual Studio\2022\BuildTools\Common7\IDE\CommonExtensions\Platform\Shell\ExtensionManagerWindowResources\Webviews\ImageMonikers\CollapseUp.Dark.svg'.
[2e2c:0007][2026-05-10T01:23:49] Processing file /Contents/Common7/IDE/CommonExtensions/Platform/Shell/ExtensionManagerWindowResources/Webviews/ImageMonikers/CollapseUp.Light.svg
[2e2c:0007][2026-05-10T01:23:49] Started: Copying file /Contents/Common7/IDE/CommonExtensions/Platform/Shell/ExtensionManagerWindowResources/Webviews/ImageMonikers/CollapseUp.Light.svg to D:\Program Files (x86)\Microsoft Visual Studio\2022\BuildTools\Common7\IDE\CommonExtensions\Platform\Shell\ExtensionManagerWindowResources\Webviews\ImageMonikers\CollapseUp.Light.svg
[2e2c:0007][2026-05-10T01:23:49] Completed: Copying file /Contents/Common7/IDE/CommonExtensions/Platform/Shell/ExtensionManagerWindowResources/Webviews/ImageMonikers/CollapseUp.Light.svg to D:\Program Files (x86)\Microsoft Visual Studio\2022\BuildTools\Common7\IDE\CommonExtensions\Platform\Shell\ExtensionManagerWindowResources\Webviews\ImageMonikers\CollapseUp.Light.svg
[2e2c:0007][2026-05-10T01:23:49] Timestamp updated for file 'D:\Program Files (x86)\Microsoft Visual Studio\2022\BuildTools\Common7\IDE\CommonExtensions\Platform\Shell\ExtensionManagerWindowResources\Webviews\ImageMonikers\CollapseUp.Light.svg'.
[2e2c:0007][2026-05-10T01:23:49] Processing file /Contents/Common7/IDE/CommonExtensions/Platform/Shell/ExtensionManagerWindowResources/Webviews/manifest.json
[2e2c:0007][2026-05-10T01:23:49] Started: Copying file /Contents/Common7/IDE/CommonExtensions/Platform/Shell/ExtensionManagerWindowResources/Webviews/manifest.json to D:\Program Files (x86)\Microsoft Visual Studio\2022\BuildTools\Common7\IDE\CommonExtensions\Platform\Shell\ExtensionManagerWindowResources\Webviews\manifest.json
[2e2c:0007][2026-05-10T01:23:49] Completed: Copying file /Contents/Common7/IDE/CommonExtensions/Platform/Shell/ExtensionManagerWindowResources/Webviews/manifest.json to D:\Program Files (x86)\Microsoft Visual Studio\2022\BuildTools\Common7\IDE\CommonExtensions\Platform\Shell\ExtensionManagerWindowResources\Webviews\manifest.json
[2e2c:0007][2026-05-10T01:23:49] Timestamp updated for file 'D:\Program Files (x86)\Microsoft Visual Studio\2022\BuildTools\Common7\IDE\CommonExtensions\Platform\Shell\ExtensionManagerWindowResources\Webviews\manifest.json'.
[2e2c:0007][2026-05-10T01:23:49] Processing file /Contents/Common7/IDE/CommonExtensions/Platform/Shell/ExtensionManagerWindowResources/Webviews/node_modules/dompurify/LICENSE
[2e2c:0007][2026-05-10T01:23:49] Started: Copying file /Contents/Common7/IDE/CommonExtensions/Platform/Shell/ExtensionManagerWindowResources/Webviews/node_modules/dompurify/LICENSE to D:\Program Files (x86)\Microsoft Visual Studio\2022\BuildTools\Common7\IDE\CommonExtensions\Platform\Shell\ExtensionManagerWindowResources\Webviews\node_modules\dompurify\LICENSE
[2e2c:0007][2026-05-10T01:23:49] Completed: Copying file /Contents/Common7/IDE/CommonExtensions/Platform/Shell/ExtensionManagerWindowResources/Webviews/node_modules/dompurify/LICENSE to D:\Program Files (x86)\Microsoft Visual Studio\2022\BuildTools\Common7\IDE\CommonExtensions\Platform\Shell\ExtensionManagerWindowResources\Webviews\node_modules\dompurify\LICENSE
[2e2c:0007][2026-05-10T01:23:49] Timestamp updated for file 'D:\Program Files (x86)\Microsoft Visual Studio\2022\BuildTools\Common7\IDE\CommonExtensions\Platform\Shell\ExtensionManagerWindowResources\Webviews\node_modules\dompurify\LICENSE'.
[2e2c:0007][2026-05-10T01:23:49] Processing file /Contents/Common7/IDE/CommonExtensions/Platform/Shell/ExtensionManagerWindowResources/Webviews/node_modules/dompurify/purify.js
[2e2c:0007][2026-05-10T01:23:49] Started: Copying file /Contents/Common7/IDE/CommonExtensions/Platform/Shell/ExtensionManagerWindowResources/Webviews/node_modules/dompurify/purify.js to D:\Program Files (x86)\Microsoft Visual Studio\2022\BuildTools\Common7\IDE\CommonExtensions\Platform\Shell\ExtensionManagerWindowResources\Webviews\node_modules\dompurify\purify.js
[2e2c:0007][2026-05-10T01:23:49] Completed: Copying file /Contents/Common7/IDE/CommonExtensions/Platform/Shell/ExtensionManagerWindowResources/Webviews/node_modules/dompurify/purify.js to D:\Program Files (x86)\Microsoft Visual Studio\2022\BuildTools\Common7\IDE\CommonExtensions\Platform\Shell\ExtensionManagerWindowResources\Webviews\node_modules\dompurify\purify.js
[2e2c:0007][2026-05-10T01:23:49] Timestamp updated for file 'D:\Program Files (x86)\Microsoft Visual Studio\2022\BuildTools\Common7\IDE\CommonExtensions\Platform\Shell\ExtensionManagerWindowResources\Webviews\node_modules\dompurify\purify.js'.
[2e2c:0007][2026-05-10T01:23:49] Processing file /Contents/Common7/IDE/CommonExtensions/Platform/Shell/ExtensionManagerWindowResources/Webviews/Scripts/index.js
[2e2c:0007][2026-05-10T01:23:49] Started: Copying file /Contents/Common7/IDE/CommonExtensions/Platform/Shell/ExtensionManagerWindowResources/Webviews/Scripts/index.js to D:\Program Files (x86)\Microsoft Visual Studio\2022\BuildTools\Common7\IDE\CommonExtensions\Platform\Shell\ExtensionManagerWindowResources\Webviews\Scripts\index.js
[2e2c:0007][2026-05-10T01:23:49] Completed: Copying file /Contents/Common7/IDE/CommonExtensions/Platform/Shell/ExtensionManagerWindowResources/Webviews/Scripts/index.js to D:\Program Files (x86)\Microsoft Visual Studio\2022\BuildTools\Common7\IDE\CommonExtensions\Platform\Shell\ExtensionManagerWindowResources\Webviews\Scripts\index.js
[2e2c:0007][2026-05-10T01:23:49] Timestamp updated for file 'D:\Program Files (x86)\Microsoft Visual Studio\2022\BuildTools\Common7\IDE\CommonExtensions\Platform\Shell\ExtensionManagerWindowResources\Webviews\Scripts\index.js'.
[2e2c:0007][2026-05-10T01:23:49] Processing file /Contents/Common7/IDE/CommonExtensions/Platform/Shell/ExtensionManagerWindowResources/Webviews/Styles/stylesheet.css
[2e2c:0007][2026-05-10T01:23:49] Started: Copying file /Contents/Common7/IDE/CommonExtensions/Platform/Shell/ExtensionManagerWindowResources/Webviews/Styles/stylesheet.css to D:\Program Files (x86)\Microsoft Visual Studio\2022\BuildTools\Common7\IDE\CommonExtensions\Platform\Shell\ExtensionManagerWindowResources\Webviews\Styles\stylesheet.css
[2e2c:0007][2026-05-10T01:23:49] Completed: Copying file /Contents/Common7/IDE/CommonExtensions/Platform/Shell/ExtensionManagerWindowResources/Webviews/Styles/stylesheet.css to D:\Program Files (x86)\Microsoft Visual Studio\2022\BuildTools\Common7\IDE\CommonExtensions\Platform\Shell\ExtensionManagerWindowResources\Webviews\Styles\stylesheet.css
[2e2c:0007][2026-05-10T01:23:49] Timestamp updated for file 'D:\Program Files (x86)\Microsoft Visual Studio\2022\BuildTools\Common7\IDE\CommonExtensions\Platform\Shell\ExtensionManagerWindowResources\Webviews\Styles\stylesheet.css'.
[2e2c:0007][2026-05-10T01:23:49] Processing file /Contents/Common7/IDE/CommonExtensions/Platform/Shell/Microsoft.VisualStudio.ExtensionManager.Implementation.pkgdef
[2e2c:0007][2026-05-10T01:23:49] Started: Copying file /Contents/Common7/IDE/CommonExtensions/Platform/Shell/Microsoft.VisualStudio.ExtensionManager.Implementation.pkgdef to D:\Program Files (x86)\Microsoft Visual Studio\2022\BuildTools\Common7\IDE\CommonExtensions\Platform\Shell\Microsoft.VisualStudio.ExtensionManager.Implementation.pkgdef
[2e2c:0007][2026-05-10T01:23:49] Completed: Copying file /Contents/Common7/IDE/CommonExtensions/Platform/Shell/Microsoft.VisualStudio.ExtensionManager.Implementation.pkgdef to D:\Program Files (x86)\Microsoft Visual Studio\2022\BuildTools\Common7\IDE\CommonExtensions\Platform\Shell\Microsoft.VisualStudio.ExtensionManager.Implementation.pkgdef
[2e2c:0007][2026-05-10T01:23:49] Timestamp updated for file 'D:\Program Files (x86)\Microsoft Visual Studio\2022\BuildTools\Common7\IDE\CommonExtensions\Platform\Shell\Microsoft.VisualStudio.ExtensionManager.Implementation.pkgdef'.
[2e2c:0007][2026-05-10T01:23:49] Processing file /Contents/Common7/IDE/Microsoft.VisualStudio.ExtensionEngineContract.dll
[2e2c:0007][2026-05-10T01:23:49] Started: Copying file /Contents/Common7/IDE/Microsoft.VisualStudio.ExtensionEngineContract.dll to D:\Program Files (x86)\Microsoft Visual Studio\2022\BuildTools\Common7\IDE\Microsoft.VisualStudio.ExtensionEngineContract.dll
[2e2c:0007][2026-05-10T01:23:49] Completed: Copying file /Contents/Common7/IDE/Microsoft.VisualStudio.ExtensionEngineContract.dll to D:\Program Files (x86)\Microsoft Visual Studio\2022\BuildTools\Common7\IDE\Microsoft.VisualStudio.ExtensionEngineContract.dll
[2e2c:0007][2026-05-10T01:23:49] Timestamp updated for file 'D:\Program Files (x86)\Microsoft Visual Studio\2022\BuildTools\Common7\IDE\Microsoft.VisualStudio.ExtensionEngineContract.dll'.
[2e2c:0007][2026-05-10T01:23:49] Queueing D:\Program Files (x86)\Microsoft Visual Studio\2022\BuildTools\Common7\IDE\Microsoft.VisualStudio.ExtensionEngineContract.dll for X86 ngen
[2e2c:0007][2026-05-10T01:23:49] Successfully queued file '/Contents/Common7/IDE/Microsoft.VisualStudio.ExtensionEngineContract.dll' for ngen
[2e2c:0007][2026-05-10T01:23:49] Processing file /Contents/Common7/IDE/PrivateAssemblies/Microsoft.VisualStudio.ExtensionEngine.dll
[2e2c:0007][2026-05-10T01:23:49] Started: Copying file /Contents/Common7/IDE/PrivateAssemblies/Microsoft.VisualStudio.ExtensionEngine.dll to D:\Program Files (x86)\Microsoft Visual Studio\2022\BuildTools\Common7\IDE\PrivateAssemblies\Microsoft.VisualStudio.ExtensionEngine.dll
[2e2c:0007][2026-05-10T01:23:49] Completed: Copying file /Contents/Common7/IDE/PrivateAssemblies/Microsoft.VisualStudio.ExtensionEngine.dll to D:\Program Files (x86)\Microsoft Visual Studio\2022\BuildTools\Common7\IDE\PrivateAssemblies\Microsoft.VisualStudio.ExtensionEngine.dll
[2e2c:0007][2026-05-10T01:23:49] Timestamp updated for file 'D:\Program Files (x86)\Microsoft Visual Studio\2022\BuildTools\Common7\IDE\PrivateAssemblies\Microsoft.VisualStudio.ExtensionEngine.dll'.
[2e2c:0007][2026-05-10T01:23:49] Queueing D:\Program Files (x86)\Microsoft Visual Studio\2022\BuildTools\Common7\IDE\PrivateAssemblies\Microsoft.VisualStudio.ExtensionEngine.dll for X86 ngen
[2e2c:0007][2026-05-10T01:23:49] Successfully queued file '/Contents/Common7/IDE/PrivateAssemblies/Microsoft.VisualStudio.ExtensionEngine.dll' for ngen
[2e2c:0007][2026-05-10T01:23:49] Processing file /Contents/Common7/IDE/PrivateAssemblies/Microsoft.VisualStudio.ExtensionEngineContract.dll
[2e2c:0007][2026-05-10T01:23:49] Started: Copying file /Contents/Common7/IDE/PrivateAssemblies/Microsoft.VisualStudio.ExtensionEngineContract.dll to D:\Program Files (x86)\Microsoft Visual Studio\2022\BuildTools\Common7\IDE\PrivateAssemblies\Microsoft.VisualStudio.ExtensionEngineContract.dll
[2e2c:0007][2026-05-10T01:23:49] Completed: Copying file /Contents/Common7/IDE/PrivateAssemblies/Microsoft.VisualStudio.ExtensionEngineContract.dll to D:\Program Files (x86)\Microsoft Visual Studio\2022\BuildTools\Common7\IDE\PrivateAssemblies\Microsoft.VisualStudio.ExtensionEngineContract.dll
[2e2c:0007][2026-05-10T01:23:49] Timestamp updated for file 'D:\Program Files (x86)\Microsoft Visual Studio\2022\BuildTools\Common7\IDE\PrivateAssemblies\Microsoft.VisualStudio.ExtensionEngineContract.dll'.
[2e2c:0007][2026-05-10T01:23:49] Queueing D:\Program Files (x86)\Microsoft Visual Studio\2022\BuildTools\Common7\IDE\PrivateAssemblies\Microsoft.VisualStudio.ExtensionEngineContract.dll for X86 ngen
[2e2c:0007][2026-05-10T01:23:49] Successfully queued file '/Contents/Common7/IDE/PrivateAssemblies/Microsoft.VisualStudio.ExtensionEngineContract.dll' for ngen
[2e2c:0007][2026-05-10T01:23:49] Processing file /Contents/Common7/IDE/PrivateAssemblies/Microsoft.VisualStudio.ExtensionManager.dll
[2e2c:0007][2026-05-10T01:23:49] Started: Copying file /Contents/Common7/IDE/PrivateAssemblies/Microsoft.VisualStudio.ExtensionManager.dll to D:\Program Files (x86)\Microsoft Visual Studio\2022\BuildTools\Common7\IDE\PrivateAssemblies\Microsoft.VisualStudio.ExtensionManager.dll
[2e2c:0007][2026-05-10T01:23:49] Completed: Copying file /Contents/Common7/IDE/PrivateAssemblies/Microsoft.VisualStudio.ExtensionManager.dll to D:\Program Files (x86)\Microsoft Visual Studio\2022\BuildTools\Common7\IDE\PrivateAssemblies\Microsoft.VisualStudio.ExtensionManager.dll
[2e2c:0007][2026-05-10T01:23:49] Timestamp updated for file 'D:\Program Files (x86)\Microsoft Visual Studio\2022\BuildTools\Common7\IDE\PrivateAssemblies\Microsoft.VisualStudio.ExtensionManager.dll'.
[2e2c:0007][2026-05-10T01:23:49] Queueing D:\Program Files (x86)\Microsoft Visual Studio\2022\BuildTools\Common7\IDE\PrivateAssemblies\Microsoft.VisualStudio.ExtensionManager.dll for X86 ngen
[2e2c:0007][2026-05-10T01:23:49] Successfully queued file '/Contents/Common7/IDE/PrivateAssemblies/Microsoft.VisualStudio.ExtensionManager.dll' for ngen
[2e2c:0007][2026-05-10T01:23:49] Processing file /Contents/Common7/IDE/VSHiveStub.exe
[2e2c:0007][2026-05-10T01:23:49] Started: Copying file /Contents/Common7/IDE/VSHiveStub.exe to D:\Program Files (x86)\Microsoft Visual Studio\2022\BuildTools\Common7\IDE\VSHiveStub.exe
[2e2c:0007][2026-05-10T01:23:49] Completed: Copying file /Contents/Common7/IDE/VSHiveStub.exe to D:\Program Files (x86)\Microsoft Visual Studio\2022\BuildTools\Common7\IDE\VSHiveStub.exe
[2e2c:0007][2026-05-10T01:23:49] Timestamp updated for file 'D:\Program Files (x86)\Microsoft Visual Studio\2022\BuildTools\Common7\IDE\VSHiveStub.exe'.
[2e2c:0007][2026-05-10T01:23:49] Processing file /Contents/Common7/ServiceHub/Services/ExtensionManager/extensionManager.servicehub.service.json
[2e2c:0007][2026-05-10T01:23:49] Started: Copying file /Contents/Common7/ServiceHub/Services/ExtensionManager/extensionManager.servicehub.service.json to D:\Program Files (x86)\Microsoft Visual Studio\2022\BuildTools\Common7\ServiceHub\Services\ExtensionManager\extensionManager.servicehub.service.json
[2e2c:0007][2026-05-10T01:23:49] Completed: Copying file /Contents/Common7/ServiceHub/Services/ExtensionManager/extensionManager.servicehub.service.json to D:\Program Files (x86)\Microsoft Visual Studio\2022\BuildTools\Common7\ServiceHub\Services\ExtensionManager\extensionManager.servicehub.service.json
[2e2c:0007][2026-05-10T01:23:49] Timestamp updated for file 'D:\Program Files (x86)\Microsoft Visual Studio\2022\BuildTools\Common7\ServiceHub\Services\ExtensionManager\extensionManager.servicehub.service.json'.
[2e2c:0007][2026-05-10T01:23:49] Processing file /Contents/Common7/ServiceHub/Services/ExtensionManager/Microsoft.Internal.VisualStudio.Interop.dll
[2e2c:0007][2026-05-10T01:23:49] Started: Copying file /Contents/Common7/ServiceHub/Services/ExtensionManager/Microsoft.Internal.VisualStudio.Interop.dll to D:\Program Files (x86)\Microsoft Visual Studio\2022\BuildTools\Common7\ServiceHub\Services\ExtensionManager\Microsoft.Internal.VisualStudio.Interop.dll
[2e2c:0007][2026-05-10T01:23:49] Completed: Copying file /Contents/Common7/ServiceHub/Services/ExtensionManager/Microsoft.Internal.VisualStudio.Interop.dll to D:\Program Files (x86)\Microsoft Visual Studio\2022\BuildTools\Common7\ServiceHub\Services\ExtensionManager\Microsoft.Internal.VisualStudio.Interop.dll
[2e2c:0007][2026-05-10T01:23:49] Timestamp updated for file 'D:\Program Files (x86)\Microsoft Visual Studio\2022\BuildTools\Common7\ServiceHub\Services\ExtensionManager\Microsoft.Internal.VisualStudio.Interop.dll'.
[2e2c:0007][2026-05-10T01:23:49] Processing file /Contents/Common7/ServiceHub/Services/ExtensionManager/Microsoft.VisualStudio.Interop.dll
[2e2c:0007][2026-05-10T01:23:49] Started: Copying file /Contents/Common7/ServiceHub/Services/ExtensionManager/Microsoft.VisualStudio.Interop.dll to D:\Program Files (x86)\Microsoft Visual Studio\2022\BuildTools\Common7\ServiceHub\Services\ExtensionManager\Microsoft.VisualStudio.Interop.dll
[2e2c:0007][2026-05-10T01:23:49] Completed: Copying file /Contents/Common7/ServiceHub/Services/ExtensionManager/Microsoft.VisualStudio.Interop.dll to D:\Program Files (x86)\Microsoft Visual Studio\2022\BuildTools\Common7\ServiceHub\Services\ExtensionManager\Microsoft.VisualStudio.Interop.dll
[2e2c:0007][2026-05-10T01:23:49] Timestamp updated for file 'D:\Program Files (x86)\Microsoft Visual Studio\2022\BuildTools\Common7\ServiceHub\Services\ExtensionManager\Microsoft.VisualStudio.Interop.dll'.
[2e2c:0007][2026-05-10T01:23:49] Processing file /Contents/Common7/ServiceHub/Services/ExtensionManager/Microsoft.VisualStudio.Setup.Common.dll
[2e2c:0007][2026-05-10T01:23:49] Started: Copying file /Contents/Common7/ServiceHub/Services/ExtensionManager/Microsoft.VisualStudio.Setup.Common.dll to D:\Program Files (x86)\Microsoft Visual Studio\2022\BuildTools\Common7\ServiceHub\Services\ExtensionManager\Microsoft.VisualStudio.Setup.Common.dll
[2e2c:0007][2026-05-10T01:23:49] Completed: Copying file /Contents/Common7/ServiceHub/Services/ExtensionManager/Microsoft.VisualStudio.Setup.Common.dll to D:\Program Files (x86)\Microsoft Visual Studio\2022\BuildTools\Common7\ServiceHub\Services\ExtensionManager\Microsoft.VisualStudio.Setup.Common.dll
[2e2c:0007][2026-05-10T01:23:49] Timestamp updated for file 'D:\Program Files (x86)\Microsoft Visual Studio\2022\BuildTools\Common7\ServiceHub\Services\ExtensionManager\Microsoft.VisualStudio.Setup.Common.dll'.
[2e2c:0007][2026-05-10T01:23:49] Processing file /Contents/Common7/ServiceHub/Services/ExtensionManager/Microsoft.VisualStudio.Setup.Configuration.Interop.dll
[2e2c:0007][2026-05-10T01:23:49] Started: Copying file /Contents/Common7/ServiceHub/Services/ExtensionManager/Microsoft.VisualStudio.Setup.Configuration.Interop.dll to D:\Program Files (x86)\Microsoft Visual Studio\2022\BuildTools\Common7\ServiceHub\Services\ExtensionManager\Microsoft.VisualStudio.Setup.Configuration.Interop.dll
[2e2c:0007][2026-05-10T01:23:49] Completed: Copying file /Contents/Common7/ServiceHub/Services/ExtensionManager/Microsoft.VisualStudio.Setup.Configuration.Interop.dll to D:\Program Files (x86)\Microsoft Visual Studio\2022\BuildTools\Common7\ServiceHub\Services\ExtensionManager\Microsoft.VisualStudio.Setup.Configuration.Interop.dll
[2e2c:0007][2026-05-10T01:23:49] Timestamp updated for file 'D:\Program Files (x86)\Microsoft Visual Studio\2022\BuildTools\Common7\ServiceHub\Services\ExtensionManager\Microsoft.VisualStudio.Setup.Configuration.Interop.dll'.
[2e2c:0007][2026-05-10T01:23:49] Processing file /Contents/Common7/ServiceHub/Services/ExtensionManager/Microsoft.VisualStudio.Setup.dll
[2e2c:0007][2026-05-10T01:23:49] Started: Copying file /Contents/Common7/ServiceHub/Services/ExtensionManager/Microsoft.VisualStudio.Setup.dll to D:\Program Files (x86)\Microsoft Visual Studio\2022\BuildTools\Common7\ServiceHub\Services\ExtensionManager\Microsoft.VisualStudio.Setup.dll
[2e2c:0007][2026-05-10T01:23:49] Completed: Copying file /Contents/Common7/ServiceHub/Services/ExtensionManager/Microsoft.VisualStudio.Setup.dll to D:\Program Files (x86)\Microsoft Visual Studio\2022\BuildTools\Common7\ServiceHub\Services\ExtensionManager\Microsoft.VisualStudio.Setup.dll
[2e2c:0007][2026-05-10T01:23:49] Timestamp updated for file 'D:\Program Files (x86)\Microsoft Visual Studio\2022\BuildTools\Common7\ServiceHub\Services\ExtensionManager\Microsoft.VisualStudio.Setup.dll'.
[2e2c:0007][2026-05-10T01:23:49] Processing file /Contents/Common7/ServiceHub/Services/ExtensionManager/Microsoft.VisualStudio.Setup.Download.dll
[2e2c:0007][2026-05-10T01:23:49] Started: Copying file /Contents/Common7/ServiceHub/Services/ExtensionManager/Microsoft.VisualStudio.Setup.Download.dll to D:\Program Files (x86)\Microsoft Visual Studio\2022\BuildTools\Common7\ServiceHub\Services\ExtensionManager\Microsoft.VisualStudio.Setup.Download.dll
[2e2c:0007][2026-05-10T01:23:49] Completed: Copying file /Contents/Common7/ServiceHub/Services/ExtensionManager/Microsoft.VisualStudio.Setup.Download.dll to D:\Program Files (x86)\Microsoft Visual Studio\2022\BuildTools\Common7\ServiceHub\Services\ExtensionManager\Microsoft.VisualStudio.Setup.Download.dll
[2e2c:0007][2026-05-10T01:23:49] Timestamp updated for file 'D:\Program Files (x86)\Microsoft Visual Studio\2022\BuildTools\Common7\ServiceHub\Services\ExtensionManager\Microsoft.VisualStudio.Setup.Download.dll'.
[2e2c:0007][2026-05-10T01:23:49] Processing file /Contents/Common7/ServiceHub/Services/ExtensionManager/microsoft.visualstudio.setup.nuget.config
[2e2c:0007][2026-05-10T01:23:49] Started: Copying file /Contents/Common7/ServiceHub/Services/ExtensionManager/microsoft.visualstudio.setup.nuget.config to D:\Program Files (x86)\Microsoft Visual Studio\2022\BuildTools\Common7\ServiceHub\Services\ExtensionManager\microsoft.visualstudio.setup.nuget.config
[2e2c:0007][2026-05-10T01:23:49] Completed: Copying file /Contents/Common7/ServiceHub/Services/ExtensionManager/microsoft.visualstudio.setup.nuget.config to D:\Program Files (x86)\Microsoft Visual Studio\2022\BuildTools\Common7\ServiceHub\Services\ExtensionManager\microsoft.visualstudio.setup.nuget.config
[2e2c:0007][2026-05-10T01:23:49] Timestamp updated for file 'D:\Program Files (x86)\Microsoft Visual Studio\2022\BuildTools\Common7\ServiceHub\Services\ExtensionManager\microsoft.visualstudio.setup.nuget.config'.
[2e2c:0007][2026-05-10T01:23:49] Processing file /Contents/Common7/ServiceHub/Services/ExtensionManager/Microsoft.VisualStudio.Setup.NuGet.Packaging.dll
[2e2c:0007][2026-05-10T01:23:49] Started: Copying file /Contents/Common7/ServiceHub/Services/ExtensionManager/Microsoft.VisualStudio.Setup.NuGet.Packaging.dll to D:\Program Files (x86)\Microsoft Visual Studio\2022\BuildTools\Common7\ServiceHub\Services\ExtensionManager\Microsoft.VisualStudio.Setup.NuGet.Packaging.dll
[2e2c:0007][2026-05-10T01:23:49] Completed: Copying file /Contents/Common7/ServiceHub/Services/ExtensionManager/Microsoft.VisualStudio.Setup.NuGet.Packaging.dll to D:\Program Files (x86)\Microsoft Visual Studio\2022\BuildTools\Common7\ServiceHub\Services\ExtensionManager\Microsoft.VisualStudio.Setup.NuGet.Packaging.dll
[2e2c:0007][2026-05-10T01:23:49] Timestamp updated for file 'D:\Program Files (x86)\Microsoft Visual Studio\2022\BuildTools\Common7\ServiceHub\Services\ExtensionManager\Microsoft.VisualStudio.Setup.NuGet.Packaging.dll'.
[2e2c:0007][2026-05-10T01:23:49] Processing file /Contents/Common7/ServiceHub/Services/ExtensionManager/Microsoft.VisualStudio.Shell.15.0.dll
[2e2c:0007][2026-05-10T01:23:49] Started: Copying file /Contents/Common7/ServiceHub/Services/ExtensionManager/Microsoft.VisualStudio.Shell.15.0.dll to D:\Program Files (x86)\Microsoft Visual Studio\2022\BuildTools\Common7\ServiceHub\Services\ExtensionManager\Microsoft.VisualStudio.Shell.15.0.dll
[2e2c:0007][2026-05-10T01:23:49] Completed: Copying file /Contents/Common7/ServiceHub/Services/ExtensionManager/Microsoft.VisualStudio.Shell.15.0.dll to D:\Program Files (x86)\Microsoft Visual Studio\2022\BuildTools\Common7\ServiceHub\Services\ExtensionManager\Microsoft.VisualStudio.Shell.15.0.dll
[2e2c:0007][2026-05-10T01:23:49] Timestamp updated for file 'D:\Program Files (x86)\Microsoft Visual Studio\2022\BuildTools\Common7\ServiceHub\Services\ExtensionManager\Microsoft.VisualStudio.Shell.15.0.dll'.
[2e2c:0007][2026-05-10T01:23:49] Processing file /Contents/Common7/ServiceHub/Services/ExtensionManager/Microsoft.VisualStudio.Shell.Framework.dll
[2e2c:0007][2026-05-10T01:23:49] Started: Copying file /Contents/Common7/ServiceHub/Services/ExtensionManager/Microsoft.VisualStudio.Shell.Framework.dll to D:\Program Files (x86)\Microsoft Visual Studio\2022\BuildTools\Common7\ServiceHub\Services\ExtensionManager\Microsoft.VisualStudio.Shell.Framework.dll
[2e2c:0007][2026-05-10T01:23:49] Completed: Copying file /Contents/Common7/ServiceHub/Services/ExtensionManager/Microsoft.VisualStudio.Shell.Framework.dll to D:\Program Files (x86)\Microsoft Visual Studio\2022\BuildTools\Common7\ServiceHub\Services\ExtensionManager\Microsoft.VisualStudio.Shell.Framework.dll
[2e2c:0007][2026-05-10T01:23:49] Timestamp updated for file 'D:\Program Files (x86)\Microsoft Visual Studio\2022\BuildTools\Common7\ServiceHub\Services\ExtensionManager\Microsoft.VisualStudio.Shell.Framework.dll'.
[2e2c:0007][2026-05-10T01:23:49] Processing file /Contents/Common7/ServiceHub/Services/ExtensionManager/System.ServiceModel.Syndication.dll
[2e2c:0007][2026-05-10T01:23:49] Started: Copying file /Contents/Common7/ServiceHub/Services/ExtensionManager/System.ServiceModel.Syndication.dll to D:\Program Files (x86)\Microsoft Visual Studio\2022\BuildTools\Common7\ServiceHub\Services\ExtensionManager\System.ServiceModel.Syndication.dll
[2e2c:0007][2026-05-10T01:23:49] Completed: Copying file /Contents/Common7/ServiceHub/Services/ExtensionManager/System.ServiceModel.Syndication.dll to D:\Program Files (x86)\Microsoft Visual Studio\2022\BuildTools\Common7\ServiceHub\Services\ExtensionManager\System.ServiceModel.Syndication.dll
[2e2c:0007][2026-05-10T01:23:49] Timestamp updated for file 'D:\Program Files (x86)\Microsoft Visual Studio\2022\BuildTools\Common7\ServiceHub\Services\ExtensionManager\System.ServiceModel.Syndication.dll'.
[2e2c:0007][2026-05-10T01:23:49] Processing file /Contents/Xml/Schemas/PackageLanguagePackManifestSchema.xsd
[2e2c:0007][2026-05-10T01:23:49] Started: Copying file /Contents/Xml/Schemas/PackageLanguagePackManifestSchema.xsd to D:\Program Files (x86)\Microsoft Visual Studio\2022\BuildTools\Xml\Schemas\PackageLanguagePackManifestSchema.xsd
[2e2c:0007][2026-05-10T01:23:49] Completed: Copying file /Contents/Xml/Schemas/PackageLanguagePackManifestSchema.xsd to D:\Program Files (x86)\Microsoft Visual Studio\2022\BuildTools\Xml\Schemas\PackageLanguagePackManifestSchema.xsd
[2e2c:0007][2026-05-10T01:23:49] Timestamp updated for file 'D:\Program Files (x86)\Microsoft Visual Studio\2022\BuildTools\Xml\Schemas\PackageLanguagePackManifestSchema.xsd'.
[2e2c:0007][2026-05-10T01:23:49] Processing file /Contents/Xml/Schemas/PackageManifestSchema.Assets.xsd
[2e2c:0007][2026-05-10T01:23:49] Started: Copying file /Contents/Xml/Schemas/PackageManifestSchema.Assets.xsd to D:\Program Files (x86)\Microsoft Visual Studio\2022\BuildTools\Xml\Schemas\PackageManifestSchema.Assets.xsd
[2e2c:0007][2026-05-10T01:23:49] Completed: Copying file /Contents/Xml/Schemas/PackageManifestSchema.Assets.xsd to D:\Program Files (x86)\Microsoft Visual Studio\2022\BuildTools\Xml\Schemas\PackageManifestSchema.Assets.xsd
[2e2c:0007][2026-05-10T01:23:49] Timestamp updated for file 'D:\Program Files (x86)\Microsoft Visual Studio\2022\BuildTools\Xml\Schemas\PackageManifestSchema.Assets.xsd'.
[2e2c:0007][2026-05-10T01:23:49] Processing file /Contents/Xml/Schemas/PackageManifestSchema.Dependencies.xsd
[2e2c:0007][2026-05-10T01:23:49] Started: Copying file /Contents/Xml/Schemas/PackageManifestSchema.Dependencies.xsd to D:\Program Files (x86)\Microsoft Visual Studio\2022\BuildTools\Xml\Schemas\PackageManifestSchema.Dependencies.xsd
[2e2c:0007][2026-05-10T01:23:49] Completed: Copying file /Contents/Xml/Schemas/PackageManifestSchema.Dependencies.xsd to D:\Program Files (x86)\Microsoft Visual Studio\2022\BuildTools\Xml\Schemas\PackageManifestSchema.Dependencies.xsd
[2e2c:0007][2026-05-10T01:23:49] Timestamp updated for file 'D:\Program Files (x86)\Microsoft Visual Studio\2022\BuildTools\Xml\Schemas\PackageManifestSchema.Dependencies.xsd'.
[2e2c:0007][2026-05-10T01:23:49] Processing file /Contents/Xml/Schemas/PackageManifestSchema.DesignNamespace.xsd
[2e2c:0007][2026-05-10T01:23:49] Started: Copying file /Contents/Xml/Schemas/PackageManifestSchema.DesignNamespace.xsd to D:\Program Files (x86)\Microsoft Visual Studio\2022\BuildTools\Xml\Schemas\PackageManifestSchema.DesignNamespace.xsd
[2e2c:0007][2026-05-10T01:23:49] Completed: Copying file /Contents/Xml/Schemas/PackageManifestSchema.DesignNamespace.xsd to D:\Program Files (x86)\Microsoft Visual Studio\2022\BuildTools\Xml\Schemas\PackageManifestSchema.DesignNamespace.xsd
[2e2c:0007][2026-05-10T01:23:49] Timestamp updated for file 'D:\Program Files (x86)\Microsoft Visual Studio\2022\BuildTools\Xml\Schemas\PackageManifestSchema.DesignNamespace.xsd'.
[2e2c:0007][2026-05-10T01:23:49] Processing file /Contents/Xml/Schemas/PackageManifestSchema.Installation.xsd
[2e2c:0007][2026-05-10T01:23:49] Started: Copying file /Contents/Xml/Schemas/PackageManifestSchema.Installation.xsd to D:\Program Files (x86)\Microsoft Visual Studio\2022\BuildTools\Xml\Schemas\PackageManifestSchema.Installation.xsd
[2e2c:0007][2026-05-10T01:23:49] Completed: Copying file /Contents/Xml/Schemas/PackageManifestSchema.Installation.xsd to D:\Program Files (x86)\Microsoft Visual Studio\2022\BuildTools\Xml\Schemas\PackageManifestSchema.Installation.xsd
[2e2c:0007][2026-05-10T01:23:49] Timestamp updated for file 'D:\Program Files (x86)\Microsoft Visual Studio\2022\BuildTools\Xml\Schemas\PackageManifestSchema.Installation.xsd'.
[2e2c:0007][2026-05-10T01:23:49] Processing file /Contents/Xml/Schemas/PackageManifestSchema.Installer.xsd
[2e2c:0007][2026-05-10T01:23:49] Started: Copying file /Contents/Xml/Schemas/PackageManifestSchema.Installer.xsd to D:\Program Files (x86)\Microsoft Visual Studio\2022\BuildTools\Xml\Schemas\PackageManifestSchema.Installer.xsd
[2e2c:0007][2026-05-10T01:23:49] Completed: Copying file /Contents/Xml/Schemas/PackageManifestSchema.Installer.xsd to D:\Program Files (x86)\Microsoft Visual Studio\2022\BuildTools\Xml\Schemas\PackageManifestSchema.Installer.xsd
[2e2c:0007][2026-05-10T01:23:49] Timestamp updated for file 'D:\Program Files (x86)\Microsoft Visual Studio\2022\BuildTools\Xml\Schemas\PackageManifestSchema.Installer.xsd'.
[2e2c:0007][2026-05-10T01:23:49] Processing file /Contents/Xml/Schemas/PackageManifestSchema.Metadata.xsd
[2e2c:0007][2026-05-10T01:23:49] Started: Copying file /Contents/Xml/Schemas/PackageManifestSchema.Metadata.xsd to D:\Program Files (x86)\Microsoft Visual Studio\2022\BuildTools\Xml\Schemas\PackageManifestSchema.Metadata.xsd
[2e2c:0007][2026-05-10T01:23:49] Completed: Copying file /Contents/Xml/Schemas/PackageManifestSchema.Metadata.xsd to D:\Program Files (x86)\Microsoft Visual Studio\2022\BuildTools\Xml\Schemas\PackageManifestSchema.Metadata.xsd
[2e2c:0007][2026-05-10T01:23:49] Timestamp updated for file 'D:\Program Files (x86)\Microsoft Visual Studio\2022\BuildTools\Xml\Schemas\PackageManifestSchema.Metadata.xsd'.
[2e2c:0007][2026-05-10T01:23:49] Processing file /Contents/Xml/Schemas/PackageManifestSchema.Prerequisites.xsd
[2e2c:0007][2026-05-10T01:23:49] Started: Copying file /Contents/Xml/Schemas/PackageManifestSchema.Prerequisites.xsd to D:\Program Files (x86)\Microsoft Visual Studio\2022\BuildTools\Xml\Schemas\PackageManifestSchema.Prerequisites.xsd
[2e2c:0007][2026-05-10T01:23:49] Completed: Copying file /Contents/Xml/Schemas/PackageManifestSchema.Prerequisites.xsd to D:\Program Files (x86)\Microsoft Visual Studio\2022\BuildTools\Xml\Schemas\PackageManifestSchema.Prerequisites.xsd
[2e2c:0007][2026-05-10T01:23:49] Timestamp updated for file 'D:\Program Files (x86)\Microsoft Visual Studio\2022\BuildTools\Xml\Schemas\PackageManifestSchema.Prerequisites.xsd'.
[2e2c:0007][2026-05-10T01:23:49] Processing file /Contents/Xml/Schemas/PackageManifestSchema.xsd
[2e2c:0007][2026-05-10T01:23:49] Started: Copying file /Contents/Xml/Schemas/PackageManifestSchema.xsd to D:\Program Files (x86)\Microsoft Visual Studio\2022\BuildTools\Xml\Schemas\PackageManifestSchema.xsd
[2e2c:0007][2026-05-10T01:23:49] Completed: Copying file /Contents/Xml/Schemas/PackageManifestSchema.xsd to D:\Program Files (x86)\Microsoft Visual Studio\2022\BuildTools\Xml\Schemas\PackageManifestSchema.xsd
[2e2c:0007][2026-05-10T01:23:49] Timestamp updated for file 'D:\Program Files (x86)\Microsoft Visual Studio\2022\BuildTools\Xml\Schemas\PackageManifestSchema.xsd'.
[2e2c:0007][2026-05-10T01:23:49] Processing file /Contents/Xml/Schemas/VSIXLanguagePackSchema.xsd
[2e2c:0007][2026-05-10T01:23:49] Started: Copying file /Contents/Xml/Schemas/VSIXLanguagePackSchema.xsd to D:\Program Files (x86)\Microsoft Visual Studio\2022\BuildTools\Xml\Schemas\VSIXLanguagePackSchema.xsd
[2e2c:0007][2026-05-10T01:23:49] Completed: Copying file /Contents/Xml/Schemas/VSIXLanguagePackSchema.xsd to D:\Program Files (x86)\Microsoft Visual Studio\2022\BuildTools\Xml\Schemas\VSIXLanguagePackSchema.xsd
[2e2c:0007][2026-05-10T01:23:49] Timestamp updated for file 'D:\Program Files (x86)\Microsoft Visual Studio\2022\BuildTools\Xml\Schemas\VSIXLanguagePackSchema.xsd'.
[2e2c:0007][2026-05-10T01:23:49] Processing file /Contents/Xml/Schemas/VSIXManifestSchema.xsd
[2e2c:0007][2026-05-10T01:23:49] Started: Copying file /Contents/Xml/Schemas/VSIXManifestSchema.xsd to D:\Program Files (x86)\Microsoft Visual Studio\2022\BuildTools\Xml\Schemas\VSIXManifestSchema.xsd
[2e2c:0007][2026-05-10T01:23:49] Completed: Copying file /Contents/Xml/Schemas/VSIXManifestSchema.xsd to D:\Program Files (x86)\Microsoft Visual Studio\2022\BuildTools\Xml\Schemas\VSIXManifestSchema.xsd
[2e2c:0007][2026-05-10T01:23:49] Timestamp updated for file 'D:\Program Files (x86)\Microsoft Visual Studio\2022\BuildTools\Xml\Schemas\VSIXManifestSchema.xsd'.
[2e2c:0007][2026-05-10T01:23:49] Processing file /Contents/Common7/IDE/CommonExtensions/Platform/Visual%20Studio%20MPF/17.0/extension.vsixmanifest
[2e2c:0007][2026-05-10T01:23:49] Started: Copying file /Contents/Common7/IDE/CommonExtensions/Platform/Visual%20Studio%20MPF/17.0/extension.vsixmanifest to D:\Program Files (x86)\Microsoft Visual Studio\2022\BuildTools\Common7\IDE\CommonExtensions\Platform\Visual Studio MPF\17.0\extension.vsixmanifest
[2e2c:0007][2026-05-10T01:23:49] Completed: Copying file /Contents/Common7/IDE/CommonExtensions/Platform/Visual%20Studio%20MPF/17.0/extension.vsixmanifest to D:\Program Files (x86)\Microsoft Visual Studio\2022\BuildTools\Common7\IDE\CommonExtensions\Platform\Visual Studio MPF\17.0\extension.vsixmanifest
[2e2c:0007][2026-05-10T01:23:49] Timestamp updated for file 'D:\Program Files (x86)\Microsoft Visual Studio\2022\BuildTools\Common7\IDE\CommonExtensions\Platform\Visual Studio MPF\17.0\extension.vsixmanifest'.
[2e2c:0007][2026-05-10T01:23:49] Processing file /Contents/Common7/IDE/Extensions/Microsoft/Visual%20Studio%20MPF/10.0/extension.vsixmanifest
[2e2c:0007][2026-05-10T01:23:49] Started: Copying file /Contents/Common7/IDE/Extensions/Microsoft/Visual%20Studio%20MPF/10.0/extension.vsixmanifest to D:\Program Files (x86)\Microsoft Visual Studio\2022\BuildTools\Common7\IDE\Extensions\Microsoft\Visual Studio MPF\10.0\extension.vsixmanifest
[2e2c:0007][2026-05-10T01:23:49] Completed: Copying file /Contents/Common7/IDE/Extensions/Microsoft/Visual%20Studio%20MPF/10.0/extension.vsixmanifest to D:\Program Files (x86)\Microsoft Visual Studio\2022\BuildTools\Common7\IDE\Extensions\Microsoft\Visual Studio MPF\10.0\extension.vsixmanifest
[2e2c:0007][2026-05-10T01:23:49] Timestamp updated for file 'D:\Program Files (x86)\Microsoft Visual Studio\2022\BuildTools\Common7\IDE\Extensions\Microsoft\Visual Studio MPF\10.0\extension.vsixmanifest'.
[2e2c:0007][2026-05-10T01:23:49] Processing file /Contents/Common7/IDE/Extensions/Microsoft/Visual%20Studio%20MPF/11.0/extension.vsixmanifest
[2e2c:0007][2026-05-10T01:23:49] Started: Copying file /Contents/Common7/IDE/Extensions/Microsoft/Visual%20Studio%20MPF/11.0/extension.vsixmanifest to D:\Program Files (x86)\Microsoft Visual Studio\2022\BuildTools\Common7\IDE\Extensions\Microsoft\Visual Studio MPF\11.0\extension.vsixmanifest
[2e2c:0007][2026-05-10T01:23:49] Completed: Copying file /Contents/Common7/IDE/Extensions/Microsoft/Visual%20Studio%20MPF/11.0/extension.vsixmanifest to D:\Program Files (x86)\Microsoft Visual Studio\2022\BuildTools\Common7\IDE\Extensions\Microsoft\Visual Studio MPF\11.0\extension.vsixmanifest
[2e2c:0007][2026-05-10T01:23:49] Timestamp updated for file 'D:\Program Files (x86)\Microsoft Visual Studio\2022\BuildTools\Common7\IDE\Extensions\Microsoft\Visual Studio MPF\11.0\extension.vsixmanifest'.
[2e2c:0007][2026-05-10T01:23:49] Processing file /Contents/Common7/IDE/Extensions/Microsoft/Visual%20Studio%20MPF/12.0/extension.vsixmanifest
[2e2c:0007][2026-05-10T01:23:49] Started: Copying file /Contents/Common7/IDE/Extensions/Microsoft/Visual%20Studio%20MPF/12.0/extension.vsixmanifest to D:\Program Files (x86)\Microsoft Visual Studio\2022\BuildTools\Common7\IDE\Extensions\Microsoft\Visual Studio MPF\12.0\extension.vsixmanifest
[2e2c:0007][2026-05-10T01:23:49] Completed: Copying file /Contents/Common7/IDE/Extensions/Microsoft/Visual%20Studio%20MPF/12.0/extension.vsixmanifest to D:\Program Files (x86)\Microsoft Visual Studio\2022\BuildTools\Common7\IDE\Extensions\Microsoft\Visual Studio MPF\12.0\extension.vsixmanifest
[2e2c:0007][2026-05-10T01:23:49] Timestamp updated for file 'D:\Program Files (x86)\Microsoft Visual Studio\2022\BuildTools\Common7\IDE\Extensions\Microsoft\Visual Studio MPF\12.0\extension.vsixmanifest'.
[2e2c:0007][2026-05-10T01:23:49] Processing file /Contents/Common7/IDE/Extensions/Microsoft/Visual%20Studio%20MPF/14.0/extension.vsixmanifest
[2e2c:0007][2026-05-10T01:23:49] Started: Copying file /Contents/Common7/IDE/Extensions/Microsoft/Visual%20Studio%20MPF/14.0/extension.vsixmanifest to D:\Program Files (x86)\Microsoft Visual Studio\2022\BuildTools\Common7\IDE\Extensions\Microsoft\Visual Studio MPF\14.0\extension.vsixmanifest
[2e2c:0007][2026-05-10T01:23:49] Completed: Copying file /Contents/Common7/IDE/Extensions/Microsoft/Visual%20Studio%20MPF/14.0/extension.vsixmanifest to D:\Program Files (x86)\Microsoft Visual Studio\2022\BuildTools\Common7\IDE\Extensions\Microsoft\Visual Studio MPF\14.0\extension.vsixmanifest
[2e2c:0007][2026-05-10T01:23:49] Timestamp updated for file 'D:\Program Files (x86)\Microsoft Visual Studio\2022\BuildTools\Common7\IDE\Extensions\Microsoft\Visual Studio MPF\14.0\extension.vsixmanifest'.
[2e2c:0007][2026-05-10T01:23:49] Package executed successfully. Return code: 0
