[3474:0009][2026-05-10T01:45:59] Using cached package manifest as the embedded manifest
[3474:0009][2026-05-10T01:45:59] Processing file /Contents/Common7/IDE/ItemTemplates/VC/Code/Code.VSTDIR
[3474:0009][2026-05-10T01:45:59] D:\Program Files (x86)\Microsoft Visual Studio\2022\BuildTools\Common7\IDE\ItemTemplates\VC\Code\Code.VSTDIR file deleted.
[3474:0009][2026-05-10T01:45:59] Processing file /Contents/Common7/IDE/ItemTemplates/VC/Code/AddClass/AddClass.vstemplate
[3474:0009][2026-05-10T01:45:59] D:\Program Files (x86)\Microsoft Visual Studio\2022\BuildTools\Common7\IDE\ItemTemplates\VC\Code\AddClass\AddClass.vstemplate file deleted.
[3474:0009][2026-05-10T01:45:59] Processing file /Contents/Common7/IDE/ItemTemplates/VC/Code/AddClass/OpenFolderAddClass.vstemplate
[3474:0009][2026-05-10T01:45:59] D:\Program Files (x86)\Microsoft Visual Studio\2022\BuildTools\Common7\IDE\ItemTemplates\VC\Code\AddClass\OpenFolderAddClass.vstemplate file deleted.
[3474:0009][2026-05-10T01:45:59] Processing file /Contents/Common7/IDE/ItemTemplates/VC/Code/Module/Module.vstemplate
[3474:0009][2026-05-10T01:45:59] D:\Program Files (x86)\Microsoft Visual Studio\2022\BuildTools\Common7\IDE\ItemTemplates\VC\Code\Module\Module.vstemplate file deleted.
[3474:0009][2026-05-10T01:45:59] Processing file /Contents/Common7/IDE/ItemTemplates/VC/Code/Module/Module.ixx
[3474:0009][2026-05-10T01:45:59] D:\Program Files (x86)\Microsoft Visual Studio\2022\BuildTools\Common7\IDE\ItemTemplates\VC\Code\Module\Module.ixx file deleted.
[3474:0009][2026-05-10T01:45:59] Processing file /Contents/Common7/IDE/ItemTemplates/VC/Formatting/Formatting.vstdir
[3474:0009][2026-05-10T01:45:59] D:\Program Files (x86)\Microsoft Visual Studio\2022\BuildTools\Common7\IDE\ItemTemplates\VC\Formatting\Formatting.vstdir file deleted.
[3474:0009][2026-05-10T01:45:59] Processing file /Contents/Common7/IDE/ItemTemplates/VC/Formatting/ClangFormat/ClangFormat.vstemplate
[3474:0009][2026-05-10T01:45:59] D:\Program Files (x86)\Microsoft Visual Studio\2022\BuildTools\Common7\IDE\ItemTemplates\VC\Formatting\ClangFormat\ClangFormat.vstemplate file deleted.
[3474:0009][2026-05-10T01:45:59] Processing file /Contents/Common7/IDE/ItemTemplates/VC/HLSL/HLSL.VSTDIR
[3474:0009][2026-05-10T01:45:59] D:\Program Files (x86)\Microsoft Visual Studio\2022\BuildTools\Common7\IDE\ItemTemplates\VC\HLSL\HLSL.VSTDIR file deleted.
[3474:0009][2026-05-10T01:45:59] Processing file /Contents/Common7/IDE/ProjectTemplates/VC/Other/Other.VSTDIR
[3474:0009][2026-05-10T01:45:59] D:\Program Files (x86)\Microsoft Visual Studio\2022\BuildTools\Common7\IDE\ProjectTemplates\VC\Other\Other.VSTDIR file deleted.
[3474:0009][2026-05-10T01:45:59] Processing file /Contents/Common7/IDE/ProjectTemplates/VC/Other/sharedvcxitems/shared.ico
[3474:0009][2026-05-10T01:45:59] D:\Program Files (x86)\Microsoft Visual Studio\2022\BuildTools\Common7\IDE\ProjectTemplates\VC\Other\sharedvcxitems\shared.ico file deleted.
[3474:0009][2026-05-10T01:45:59] Processing file /Contents/Common7/IDE/ProjectTemplates/VC/Other/sharedvcxitems/shared.vcxitems
[3474:0009][2026-05-10T01:45:59] D:\Program Files (x86)\Microsoft Visual Studio\2022\BuildTools\Common7\IDE\ProjectTemplates\VC\Other\sharedvcxitems\shared.vcxitems file deleted.
[3474:0009][2026-05-10T01:45:59] Processing file /Contents/Common7/IDE/ProjectTemplates/VC/Other/sharedvcxitems/shared.vstemplate
[3474:0009][2026-05-10T01:45:59] D:\Program Files (x86)\Microsoft Visual Studio\2022\BuildTools\Common7\IDE\ProjectTemplates\VC\Other\sharedvcxitems\shared.vstemplate file deleted.
[3474:0009][2026-05-10T01:45:59] Processing file /Contents/Common7/IDE/VC/VCContextItems/AddFunction.vstemplate
[3474:0009][2026-05-10T01:45:59] D:\Program Files (x86)\Microsoft Visual Studio\2022\BuildTools\Common7\IDE\VC\VCContextItems\AddFunction.vstemplate file deleted.
[3474:0009][2026-05-10T01:45:59] Processing file /Contents/Common7/IDE/VC/VCContextItems/AddMethod.vstemplate
[3474:0009][2026-05-10T01:45:59] D:\Program Files (x86)\Microsoft Visual Studio\2022\BuildTools\Common7\IDE\VC\VCContextItems\AddMethod.vstemplate file deleted.
[3474:0009][2026-05-10T01:45:59] Processing file /Contents/Common7/IDE/VC/VCContextItems/AddProperty.vstemplate
[3474:0009][2026-05-10T01:45:59] D:\Program Files (x86)\Microsoft Visual Studio\2022\BuildTools\Common7\IDE\VC\VCContextItems\AddProperty.vstemplate file deleted.
[3474:0009][2026-05-10T01:45:59] Processing file /Contents/Common7/IDE/VC/VCContextItems/AddVariable.vstemplate
[3474:0009][2026-05-10T01:45:59] D:\Program Files (x86)\Microsoft Visual Studio\2022\BuildTools\Common7\IDE\VC\VCContextItems\AddVariable.vstemplate file deleted.
[3474:0009][2026-05-10T01:45:59] Processing file /Contents/Common7/IDE/VC/VCContextItems/DlgClassWiz.vsz
[3474:0009][2026-05-10T01:45:59] D:\Program Files (x86)\Microsoft Visual Studio\2022\BuildTools\Common7\IDE\VC\VCContextItems\DlgClassWiz.vsz file deleted.
[3474:0009][2026-05-10T01:45:59] Processing file /Contents/Common7/IDE/VC/VCContextItems/addresource.vsz
[3474:0009][2026-05-10T01:45:59] D:\Program Files (x86)\Microsoft Visual Studio\2022\BuildTools\Common7\IDE\VC\VCContextItems\addresource.vsz file deleted.
[3474:0009][2026-05-10T01:45:59] Processing file /Contents/Common7/IDE/VC/VCContextItems/IDLMethod.vstemplate
[3474:0009][2026-05-10T01:45:59] D:\Program Files (x86)\Microsoft Visual Studio\2022\BuildTools\Common7\IDE\VC\VCContextItems\IDLMethod.vstemplate file deleted.
[3474:0009][2026-05-10T01:45:59] Processing file /Contents/Common7/IDE/VC/VCContextItems/IDLProperty.vstemplate
[3474:0009][2026-05-10T01:45:59] D:\Program Files (x86)\Microsoft Visual Studio\2022\BuildTools\Common7\IDE\VC\VCContextItems\IDLProperty.vstemplate file deleted.
[3474:0009][2026-05-10T01:45:59] Processing file /Contents/Common7/IDE/VC/VCProjectItems/hfile.h
[3474:0009][2026-05-10T01:45:59] D:\Program Files (x86)\Microsoft Visual Studio\2022\BuildTools\Common7\IDE\VC\VCProjectItems\hfile.h file deleted.
[3474:0009][2026-05-10T01:45:59] Processing file /Contents/Common7/IDE/VC/VCProjectItems/newc++file.cpp
[3474:0009][2026-05-10T01:45:59] D:\Program Files (x86)\Microsoft Visual Studio\2022\BuildTools\Common7\IDE\VC\VCProjectItems\newc++file.cpp file deleted.
[3474:0009][2026-05-10T01:45:59] Processing file /Contents/Common7/IDE/VC/VCProjectItems/VCProjectItems.vsdir
[3474:0009][2026-05-10T01:45:59] D:\Program Files (x86)\Microsoft Visual Studio\2022\BuildTools\Common7\IDE\VC\VCProjectItems\VCProjectItems.vsdir file deleted.
[3474:0009][2026-05-10T01:45:59] Processing file /Contents/Common7/IDE/VC/VCProjectItems/PropertySheets/propertysheets.vsz
[3474:0009][2026-05-10T01:45:59] D:\Program Files (x86)\Microsoft Visual Studio\2022\BuildTools\Common7\IDE\VC\VCProjectItems\PropertySheets\propertysheets.vsz file deleted.
[3474:0009][2026-05-10T01:45:59] Processing file /Contents/Common7/IDE/VC/VCProjectItems/PropertySheets/propertysheets.vsdir
[3474:0009][2026-05-10T01:45:59] D:\Program Files (x86)\Microsoft Visual Studio\2022\BuildTools\Common7\IDE\VC\VCProjectItems\PropertySheets\propertysheets.vsdir file deleted.
[3474:0009][2026-05-10T01:45:59] Processing file /Contents/Common7/IDE/VC/VCProjectItems/Code/idlfile.idl
[3474:0009][2026-05-10T01:45:59] D:\Program Files (x86)\Microsoft Visual Studio\2022\BuildTools\Common7\IDE\VC\VCProjectItems\Code\idlfile.idl file deleted.
[3474:0009][2026-05-10T01:45:59] Processing file /Contents/Common7/IDE/VC/VCProjectItems/Code/code.vsdir
[3474:0009][2026-05-10T01:45:59] D:\Program Files (x86)\Microsoft Visual Studio\2022\BuildTools\Common7\IDE\VC\VCProjectItems\Code\code.vsdir file deleted.
[3474:0009][2026-05-10T01:45:59] Processing file /Contents/Common7/IDE/VC/VCProjectItems/Code/deffile.vsz
[3474:0009][2026-05-10T01:45:59] D:\Program Files (x86)\Microsoft Visual Studio\2022\BuildTools\Common7\IDE\VC\VCProjectItems\Code\deffile.vsz file deleted.
[3474:0009][2026-05-10T01:45:59] Processing file /Contents/Common7/IDE/VC/VCProjectItems/Data/data.vsdir
[3474:0009][2026-05-10T01:45:59] D:\Program Files (x86)\Microsoft Visual Studio\2022\BuildTools\Common7\IDE\VC\VCProjectItems\Data\data.vsdir file deleted.
[3474:0009][2026-05-10T01:45:59] Processing file /Contents/Common7/IDE/VC/VCProjectItems/Data/script.sql
[3474:0009][2026-05-10T01:45:59] D:\Program Files (x86)\Microsoft Visual Studio\2022\BuildTools\Common7\IDE\VC\VCProjectItems\Data\script.sql file deleted.
[3474:0009][2026-05-10T01:45:59] Processing file /Contents/Common7/IDE/VC/VCProjectItems/Data/addxmlschema.vsz
[3474:0009][2026-05-10T01:45:59] D:\Program Files (x86)\Microsoft Visual Studio\2022\BuildTools\Common7\IDE\VC\VCProjectItems\Data\addxmlschema.vsz file deleted.
[3474:0009][2026-05-10T01:45:59] Processing file /Contents/Common7/IDE/VC/VCProjectItems/Resource/newresx.resx
[3474:0009][2026-05-10T01:45:59] D:\Program Files (x86)\Microsoft Visual Studio\2022\BuildTools\Common7\IDE\VC\VCProjectItems\Resource\newresx.resx file deleted.
[3474:0009][2026-05-10T01:45:59] Processing file /Contents/Common7/IDE/VC/VCProjectItems/Resource/resource.vsdir
[3474:0009][2026-05-10T01:45:59] D:\Program Files (x86)\Microsoft Visual Studio\2022\BuildTools\Common7\IDE\VC\VCProjectItems\Resource\resource.vsdir file deleted.
[3474:0009][2026-05-10T01:45:59] Processing file /Contents/Common7/IDE/VC/VCProjectItems/Resource/rgsfile.rgs
[3474:0009][2026-05-10T01:45:59] D:\Program Files (x86)\Microsoft Visual Studio\2022\BuildTools\Common7\IDE\VC\VCProjectItems\Resource\rgsfile.rgs file deleted.
[3474:0009][2026-05-10T01:45:59] Processing file /Contents/Common7/IDE/VC/VCProjectItems/Resource/bitmap.bmp
[3474:0009][2026-05-10T01:45:59] D:\Program Files (x86)\Microsoft Visual Studio\2022\BuildTools\Common7\IDE\VC\VCProjectItems\Resource\bitmap.bmp file deleted.
[3474:0009][2026-05-10T01:45:59] Processing file /Contents/Common7/IDE/VC/VCProjectItems/Resource/cursor.cur
[3474:0009][2026-05-10T01:45:59] D:\Program Files (x86)\Microsoft Visual Studio\2022\BuildTools\Common7\IDE\VC\VCProjectItems\Resource\cursor.cur file deleted.
[3474:0009][2026-05-10T01:45:59] Processing file /Contents/Common7/IDE/VC/VCProjectItems/Resource/icon.ico
[3474:0009][2026-05-10T01:45:59] D:\Program Files (x86)\Microsoft Visual Studio\2022\BuildTools\Common7\IDE\VC\VCProjectItems\Resource\icon.ico file deleted.
[3474:0009][2026-05-10T01:45:59] Processing file /Contents/Common7/IDE/VC/VCProjectItems/Resource/rcfile.vsz
[3474:0009][2026-05-10T01:45:59] D:\Program Files (x86)\Microsoft Visual Studio\2022\BuildTools\Common7\IDE\VC\VCProjectItems\Resource\rcfile.vsz file deleted.
[3474:0009][2026-05-10T01:45:59] Processing file /Contents/Common7/IDE/VC/VCProjectItems/Resource/resource_extra.vsdir
[3474:0009][2026-05-10T01:45:59] D:\Program Files (x86)\Microsoft Visual Studio\2022\BuildTools\Common7\IDE\VC\VCProjectItems\Resource\resource_extra.vsdir file deleted.
[3474:0009][2026-05-10T01:45:59] Processing file /Contents/Common7/IDE/VC/VCProjectItems/Resource/restempl.rct
[3474:0009][2026-05-10T01:45:59] D:\Program Files (x86)\Microsoft Visual Studio\2022\BuildTools\Common7\IDE\VC\VCProjectItems\Resource\restempl.rct file deleted.
[3474:0009][2026-05-10T01:45:59] Processing file /Contents/Common7/IDE/VC/VCProjectItems/Utility/RuleSet.ruleset
[3474:0009][2026-05-10T01:45:59] D:\Program Files (x86)\Microsoft Visual Studio\2022\BuildTools\Common7\IDE\VC\VCProjectItems\Utility\RuleSet.ruleset file deleted.
[3474:0009][2026-05-10T01:45:59] Processing file /Contents/Common7/IDE/VC/VCProjectItems/Utility/rgsfile.rgs
[3474:0009][2026-05-10T01:45:59] D:\Program Files (x86)\Microsoft Visual Studio\2022\BuildTools\Common7\IDE\VC\VCProjectItems\Utility\rgsfile.rgs file deleted.
[3474:0009][2026-05-10T01:45:59] Processing file /Contents/Common7/IDE/VC/VCProjectItems/Utility/app.config
[3474:0009][2026-05-10T01:45:59] D:\Program Files (x86)\Microsoft Visual Studio\2022\BuildTools\Common7\IDE\VC\VCProjectItems\Utility\app.config file deleted.
[3474:0009][2026-05-10T01:45:59] Processing file /Contents/Common7/IDE/VC/VCProjectItems/Utility/ClassDiagram.cd
[3474:0009][2026-05-10T01:45:59] D:\Program Files (x86)\Microsoft Visual Studio\2022\BuildTools\Common7\IDE\VC\VCProjectItems\Utility\ClassDiagram.cd file deleted.
[3474:0009][2026-05-10T01:45:59] Processing file /Contents/Common7/IDE/VC/VCProjectItems/Utility/natvis.natvis
[3474:0009][2026-05-10T01:45:59] D:\Program Files (x86)\Microsoft Visual Studio\2022\BuildTools\Common7\IDE\VC\VCProjectItems\Utility\natvis.natvis file deleted.
[3474:0009][2026-05-10T01:45:59] Processing file /Contents/Common7/IDE/VC/VCProjectItems/Utility/text.txt
[3474:0009][2026-05-10T01:45:59] D:\Program Files (x86)\Microsoft Visual Studio\2022\BuildTools\Common7\IDE\VC\VCProjectItems\Utility\text.txt file deleted.
[3474:0009][2026-05-10T01:45:59] Processing file /Contents/Common7/IDE/VC/VCProjectItems/Utility/VCUtilityItems.vsdir
[3474:0009][2026-05-10T01:45:59] D:\Program Files (x86)\Microsoft Visual Studio\2022\BuildTools\Common7\IDE\VC\VCProjectItems\Utility\VCUtilityItems.vsdir file deleted.
[3474:0009][2026-05-10T01:45:59] Processing file /Contents/Common7/IDE/VC/VCProjectItems/Web/NewHtmlPage.htm
[3474:0009][2026-05-10T01:45:59] D:\Program Files (x86)\Microsoft Visual Studio\2022\BuildTools\Common7\IDE\VC\VCProjectItems\Web\NewHtmlPage.htm file deleted.
[3474:0009][2026-05-10T01:45:59] Processing file /Contents/Common7/IDE/VC/VCProjectItems/Web/newxmlpage.xml
[3474:0009][2026-05-10T01:45:59] D:\Program Files (x86)\Microsoft Visual Studio\2022\BuildTools\Common7\IDE\VC\VCProjectItems\Web\newxmlpage.xml file deleted.
[3474:0009][2026-05-10T01:45:59] Processing file /Contents/Common7/IDE/VC/VCProjectItems/Web/newstylesheet.css
[3474:0009][2026-05-10T01:45:59] D:\Program Files (x86)\Microsoft Visual Studio\2022\BuildTools\Common7\IDE\VC\VCProjectItems\Web\newstylesheet.css file deleted.
[3474:0009][2026-05-10T01:45:59] Processing file /Contents/Common7/IDE/VC/VCProjectItems/Web/xsltfile.xslt
[3474:0009][2026-05-10T01:45:59] D:\Program Files (x86)\Microsoft Visual Studio\2022\BuildTools\Common7\IDE\VC\VCProjectItems\Web\xsltfile.xslt file deleted.
[3474:0009][2026-05-10T01:45:59] Processing file /Contents/Common7/IDE/VC/VCProjectItems/Web/VCWebItems.vsdir
[3474:0009][2026-05-10T01:45:59] D:\Program Files (x86)\Microsoft Visual Studio\2022\BuildTools\Common7\IDE\VC\VCProjectItems\Web\VCWebItems.vsdir file deleted.
[3474:0009][2026-05-10T01:45:59] Processing file /Contents/Common7/IDE/VC/VCProjectItemsCMake/VCProjectItemsCMake.vsdir
[3474:0009][2026-05-10T01:45:59] D:\Program Files (x86)\Microsoft Visual Studio\2022\BuildTools\Common7\IDE\VC\VCProjectItemsCMake\VCProjectItemsCMake.vsdir file deleted.
[3474:0009][2026-05-10T01:45:59] Processing file /Contents/Common7/IDE/VC/VCProjectItemsCMake/Code/Code.vsdir
[3474:0009][2026-05-10T01:45:59] D:\Program Files (x86)\Microsoft Visual Studio\2022\BuildTools\Common7\IDE\VC\VCProjectItemsCMake\Code\Code.vsdir file deleted.
[3474:0009][2026-05-10T01:45:59] Processing file /Contents/Common7/IDE/VC/VCProjectItemsCMake/Code/Module.ixx
[3474:0009][2026-05-10T01:45:59] D:\Program Files (x86)\Microsoft Visual Studio\2022\BuildTools\Common7\IDE\VC\VCProjectItemsCMake\Code\Module.ixx file deleted.
[3474:0009][2026-05-10T01:45:59] Processing file /Contents/Common7/IDE/VC/VCWizards/1033/Images/spacer.gif
[3474:0009][2026-05-10T01:45:59] D:\Program Files (x86)\Microsoft Visual Studio\2022\BuildTools\Common7\IDE\VC\VCWizards\1033\Images\spacer.gif file deleted.
[3474:0009][2026-05-10T01:45:59] Processing file /contents/Common7/IDE/ItemTemplates/Microsoft.VisualStudio.VC.Templates.General.Item..vstman
[3474:0009][2026-05-10T01:45:59] D:\Program Files (x86)\Microsoft Visual Studio\2022\BuildTools\Common7\IDE\ItemTemplates\Microsoft.VisualStudio.VC.Templates.General.Item..vstman file deleted.
[3474:0009][2026-05-10T01:45:59] Processing file /contents/Common7/IDE/ProjectTemplates/Microsoft.VisualStudio.VC.Templates.General.Project..vstman
[3474:0009][2026-05-10T01:45:59] D:\Program Files (x86)\Microsoft Visual Studio\2022\BuildTools\Common7\IDE\ProjectTemplates\Microsoft.VisualStudio.VC.Templates.General.Project..vstman file deleted.
[3474:0009][2026-05-10T01:45:59] Started: Deleting empty directories
[3474:0009][2026-05-10T01:45:59] Completed: Deleting empty directories
[3474:0009][2026-05-10T01:45:59] Package executed successfully. Return code: 0
