[3474:0009][2026-05-10T01:46:16] Using cached package manifest as the embedded manifest
[3474:0009][2026-05-10T01:46:16] Processing file /Contents/Common7/IDE/Remote Debugger/x86/vsdebugeng.manimpl.45.dll
[3474:0009][2026-05-10T01:46:16] D:\Program Files (x86)\Microsoft Visual Studio\2022\BuildTools\Common7\IDE\Remote Debugger\x86\vsdebugeng.manimpl.45.dll file deleted.
[3474:0009][2026-05-10T01:46:16] Processing file /Contents/Common7/IDE/Remote Debugger/x86/MemoryAnalyzer.Extensions.dll
[3474:0009][2026-05-10T01:46:16] D:\Program Files (x86)\Microsoft Visual Studio\2022\BuildTools\Common7\IDE\Remote Debugger\x86\MemoryAnalyzer.Extensions.dll file deleted.
[3474:0009][2026-05-10T01:46:16] Processing file /Contents/Common7/IDE/Remote Debugger/x86/vsdebugeng.manimpl.dll
[3474:0009][2026-05-10T01:46:16] D:\Program Files (x86)\Microsoft Visual Studio\2022\BuildTools\Common7\IDE\Remote Debugger\x86\vsdebugeng.manimpl.dll file deleted.
[3474:0009][2026-05-10T01:46:16] Processing file /Contents/Common7/IDE/Remote Debugger/x86/VsDebugLaunchNotify.exe
[3474:0009][2026-05-10T01:46:16] D:\Program Files (x86)\Microsoft Visual Studio\2022\BuildTools\Common7\IDE\Remote Debugger\x86\VsDebugLaunchNotify.exe file deleted.
[3474:0009][2026-05-10T01:46:16] Processing file /Contents/Common7/IDE/Remote Debugger/x86/VsDebugWERHelper.exe
[3474:0009][2026-05-10T01:46:16] D:\Program Files (x86)\Microsoft Visual Studio\2022\BuildTools\Common7\IDE\Remote Debugger\x86\VsDebugWERHelper.exe file deleted.
[3474:0009][2026-05-10T01:46:16] Processing file /Contents/Common7/IDE/Remote Debugger/x86/Microsoft.VisualStudio.Debugger.Engine.dll
[3474:0009][2026-05-10T01:46:16] D:\Program Files (x86)\Microsoft Visual Studio\2022\BuildTools\Common7\IDE\Remote Debugger\x86\Microsoft.VisualStudio.Debugger.Engine.dll file deleted.
[3474:0009][2026-05-10T01:46:16] Processing file /Contents/Common7/IDE/Remote Debugger/x86/vsdebugeng.dll
[3474:0009][2026-05-10T01:46:16] D:\Program Files (x86)\Microsoft Visual Studio\2022\BuildTools\Common7\IDE\Remote Debugger\x86\vsdebugeng.dll file deleted.
[3474:0009][2026-05-10T01:46:16] Processing file /Contents/Common7/IDE/Remote Debugger/x86/vsdebugeng.impl.dll
[3474:0009][2026-05-10T01:46:16] D:\Program Files (x86)\Microsoft Visual Studio\2022\BuildTools\Common7\IDE\Remote Debugger\x86\vsdebugeng.impl.dll file deleted.
[3474:0009][2026-05-10T01:46:16] Processing file /Contents/Common7/IDE/Remote Debugger/x86/Microsoft.VisualStudio.Debugger.Metadata.dll
[3474:0009][2026-05-10T01:46:16] D:\Program Files (x86)\Microsoft Visual Studio\2022\BuildTools\Common7\IDE\Remote Debugger\x86\Microsoft.VisualStudio.Debugger.Metadata.dll file deleted.
[3474:0009][2026-05-10T01:46:16] Processing file /Contents/Common7/IDE/Remote Debugger/x86/Microsoft.VisualStudio.vil.dll
[3474:0009][2026-05-10T01:46:16] D:\Program Files (x86)\Microsoft Visual Studio\2022\BuildTools\Common7\IDE\Remote Debugger\x86\Microsoft.VisualStudio.vil.dll file deleted.
[3474:0009][2026-05-10T01:46:16] Processing file /Contents/Common7/IDE/Remote Debugger/x86/Microsoft.VisualStudio.vil.host.dll
[3474:0009][2026-05-10T01:46:16] D:\Program Files (x86)\Microsoft Visual Studio\2022\BuildTools\Common7\IDE\Remote Debugger\x86\Microsoft.VisualStudio.vil.host.dll file deleted.
[3474:0009][2026-05-10T01:46:16] Processing file /Contents/Common7/IDE/Remote Debugger/x86/iisresolver.dll
[3474:0009][2026-05-10T01:46:16] D:\Program Files (x86)\Microsoft Visual Studio\2022\BuildTools\Common7\IDE\Remote Debugger\x86\iisresolver.dll file deleted.
[3474:0009][2026-05-10T01:46:16] Processing file /Contents/Common7/IDE/Remote Debugger/x86/Runtime/Microsoft.VisualStudio.Debugger.Runtime.NetCoreApp.dll
[3474:0009][2026-05-10T01:46:16] D:\Program Files (x86)\Microsoft Visual Studio\2022\BuildTools\Common7\IDE\Remote Debugger\x86\Runtime\Microsoft.VisualStudio.Debugger.Runtime.NetCoreApp.dll file deleted.
[3474:0009][2026-05-10T01:46:16] Processing file /Contents/Common7/IDE/Remote Debugger/x86/Runtime/Microsoft.VisualStudio.Debugger.Runtime.Desktop.dll
[3474:0009][2026-05-10T01:46:16] D:\Program Files (x86)\Microsoft Visual Studio\2022\BuildTools\Common7\IDE\Remote Debugger\x86\Runtime\Microsoft.VisualStudio.Debugger.Runtime.Desktop.dll file deleted.
[3474:0009][2026-05-10T01:46:16] Processing file /Contents/Common7/IDE/Remote Debugger/x86/Runtime/Microsoft.VisualStudio.Debugger.Runtime.Impl.dll
[3474:0009][2026-05-10T01:46:16] D:\Program Files (x86)\Microsoft Visual Studio\2022\BuildTools\Common7\IDE\Remote Debugger\x86\Runtime\Microsoft.VisualStudio.Debugger.Runtime.Impl.dll file deleted.
[3474:0009][2026-05-10T01:46:16] Started: Deleting empty directories
[3474:0009][2026-05-10T01:46:16] Completed: Deleting empty directories
[3474:0009][2026-05-10T01:46:16] Package executed successfully. Return code: 0
