[2e2c:0007][2026-05-10T01:24:17] Opening the package for processing
[2e2c:0007][2026-05-10T01:24:17] Using package payload to get the embedded manifest
[2e2c:0007][2026-05-10T01:24:17] Getting list of files within the package
[2e2c:0007][2026-05-10T01:24:17] Processing file /Contents/Common7/IDE/CommonExtensions/Microsoft/Linux/Linux/en/Microsoft.VisualStudio.Linux.ConnectionManager.resources.dll
[2e2c:0007][2026-05-10T01:24:17] Started: Copying file /Contents/Common7/IDE/CommonExtensions/Microsoft/Linux/Linux/en/Microsoft.VisualStudio.Linux.ConnectionManager.resources.dll to D:\Program Files (x86)\Microsoft Visual Studio\2022\BuildTools\Common7\IDE\CommonExtensions\Microsoft\Linux\Linux\en\Microsoft.VisualStudio.Linux.ConnectionManager.resources.dll
[2e2c:0007][2026-05-10T01:24:17] Completed: Copying file /Contents/Common7/IDE/CommonExtensions/Microsoft/Linux/Linux/en/Microsoft.VisualStudio.Linux.ConnectionManager.resources.dll to D:\Program Files (x86)\Microsoft Visual Studio\2022\BuildTools\Common7\IDE\CommonExtensions\Microsoft\Linux\Linux\en\Microsoft.VisualStudio.Linux.ConnectionManager.resources.dll
[2e2c:0007][2026-05-10T01:24:17] Timestamp updated for file 'D:\Program Files (x86)\Microsoft Visual Studio\2022\BuildTools\Common7\IDE\CommonExtensions\Microsoft\Linux\Linux\en\Microsoft.VisualStudio.Linux.ConnectionManager.resources.dll'.
[2e2c:0007][2026-05-10T01:24:17] Processing file /Contents/Common7/IDE/PrivateAssemblies/en/liblinux.IO.resources.dll
[2e2c:0007][2026-05-10T01:24:17] Started: Copying file /Contents/Common7/IDE/PrivateAssemblies/en/liblinux.IO.resources.dll to D:\Program Files (x86)\Microsoft Visual Studio\2022\BuildTools\Common7\IDE\PrivateAssemblies\en\liblinux.IO.resources.dll
[2e2c:0007][2026-05-10T01:24:17] Completed: Copying file /Contents/Common7/IDE/PrivateAssemblies/en/liblinux.IO.resources.dll to D:\Program Files (x86)\Microsoft Visual Studio\2022\BuildTools\Common7\IDE\PrivateAssemblies\en\liblinux.IO.resources.dll
[2e2c:0007][2026-05-10T01:24:17] Timestamp updated for file 'D:\Program Files (x86)\Microsoft Visual Studio\2022\BuildTools\Common7\IDE\PrivateAssemblies\en\liblinux.IO.resources.dll'.
[2e2c:0007][2026-05-10T01:24:17] Processing file /Contents/Common7/IDE/PrivateAssemblies/en/liblinux.Local.resources.dll
[2e2c:0007][2026-05-10T01:24:17] Started: Copying file /Contents/Common7/IDE/PrivateAssemblies/en/liblinux.Local.resources.dll to D:\Program Files (x86)\Microsoft Visual Studio\2022\BuildTools\Common7\IDE\PrivateAssemblies\en\liblinux.Local.resources.dll
[2e2c:0007][2026-05-10T01:24:17] Completed: Copying file /Contents/Common7/IDE/PrivateAssemblies/en/liblinux.Local.resources.dll to D:\Program Files (x86)\Microsoft Visual Studio\2022\BuildTools\Common7\IDE\PrivateAssemblies\en\liblinux.Local.resources.dll
[2e2c:0007][2026-05-10T01:24:17] Timestamp updated for file 'D:\Program Files (x86)\Microsoft Visual Studio\2022\BuildTools\Common7\IDE\PrivateAssemblies\en\liblinux.Local.resources.dll'.
[2e2c:0007][2026-05-10T01:24:17] Processing file /Contents/Common7/IDE/PrivateAssemblies/en/liblinux.resources.dll
[2e2c:0007][2026-05-10T01:24:17] Started: Copying file /Contents/Common7/IDE/PrivateAssemblies/en/liblinux.resources.dll to D:\Program Files (x86)\Microsoft Visual Studio\2022\BuildTools\Common7\IDE\PrivateAssemblies\en\liblinux.resources.dll
[2e2c:0007][2026-05-10T01:24:17] Completed: Copying file /Contents/Common7/IDE/PrivateAssemblies/en/liblinux.resources.dll to D:\Program Files (x86)\Microsoft Visual Studio\2022\BuildTools\Common7\IDE\PrivateAssemblies\en\liblinux.resources.dll
[2e2c:0007][2026-05-10T01:24:17] Timestamp updated for file 'D:\Program Files (x86)\Microsoft Visual Studio\2022\BuildTools\Common7\IDE\PrivateAssemblies\en\liblinux.resources.dll'.
[2e2c:0007][2026-05-10T01:24:17] Processing file /Contents/Common7/IDE/VC/Linux/bin/ConnectionManagerExe/en/ConnectionManager.resources.dll
[2e2c:0007][2026-05-10T01:24:17] Started: Copying file /Contents/Common7/IDE/VC/Linux/bin/ConnectionManagerExe/en/ConnectionManager.resources.dll to D:\Program Files (x86)\Microsoft Visual Studio\2022\BuildTools\Common7\IDE\VC\Linux\bin\ConnectionManagerExe\en\ConnectionManager.resources.dll
[2e2c:0007][2026-05-10T01:24:17] Completed: Copying file /Contents/Common7/IDE/VC/Linux/bin/ConnectionManagerExe/en/ConnectionManager.resources.dll to D:\Program Files (x86)\Microsoft Visual Studio\2022\BuildTools\Common7\IDE\VC\Linux\bin\ConnectionManagerExe\en\ConnectionManager.resources.dll
[2e2c:0007][2026-05-10T01:24:17] Timestamp updated for file 'D:\Program Files (x86)\Microsoft Visual Studio\2022\BuildTools\Common7\IDE\VC\Linux\bin\ConnectionManagerExe\en\ConnectionManager.resources.dll'.
[2e2c:0007][2026-05-10T01:24:17] Processing file /Contents/Common7/IDE/VC/Linux/bin/ConnectionManagerExe/en/liblinux.resources.dll
[2e2c:0007][2026-05-10T01:24:17] Started: Copying file /Contents/Common7/IDE/VC/Linux/bin/ConnectionManagerExe/en/liblinux.resources.dll to D:\Program Files (x86)\Microsoft Visual Studio\2022\BuildTools\Common7\IDE\VC\Linux\bin\ConnectionManagerExe\en\liblinux.resources.dll
[2e2c:0007][2026-05-10T01:24:17] Completed: Copying file /Contents/Common7/IDE/VC/Linux/bin/ConnectionManagerExe/en/liblinux.resources.dll to D:\Program Files (x86)\Microsoft Visual Studio\2022\BuildTools\Common7\IDE\VC\Linux\bin\ConnectionManagerExe\en\liblinux.resources.dll
[2e2c:0007][2026-05-10T01:24:17] Timestamp updated for file 'D:\Program Files (x86)\Microsoft Visual Studio\2022\BuildTools\Common7\IDE\VC\Linux\bin\ConnectionManagerExe\en\liblinux.resources.dll'.
[2e2c:0007][2026-05-10T01:24:17] Processing file /Contents/MSBuild/Microsoft/VC/v160/Application%20Type/Linux/1.0/en/liblinux.IO.resources.dll
[2e2c:0007][2026-05-10T01:24:17] Started: Copying file /Contents/MSBuild/Microsoft/VC/v160/Application%20Type/Linux/1.0/en/liblinux.IO.resources.dll to D:\Program Files (x86)\Microsoft Visual Studio\2022\BuildTools\MSBuild\Microsoft\VC\v160\Application Type\Linux\1.0\en\liblinux.IO.resources.dll
[2e2c:0007][2026-05-10T01:24:17] Completed: Copying file /Contents/MSBuild/Microsoft/VC/v160/Application%20Type/Linux/1.0/en/liblinux.IO.resources.dll to D:\Program Files (x86)\Microsoft Visual Studio\2022\BuildTools\MSBuild\Microsoft\VC\v160\Application Type\Linux\1.0\en\liblinux.IO.resources.dll
[2e2c:0007][2026-05-10T01:24:17] Timestamp updated for file 'D:\Program Files (x86)\Microsoft Visual Studio\2022\BuildTools\MSBuild\Microsoft\VC\v160\Application Type\Linux\1.0\en\liblinux.IO.resources.dll'.
[2e2c:0007][2026-05-10T01:24:17] Processing file /Contents/MSBuild/Microsoft/VC/v160/Application%20Type/Linux/1.0/en/liblinux.Local.resources.dll
[2e2c:0007][2026-05-10T01:24:17] Started: Copying file /Contents/MSBuild/Microsoft/VC/v160/Application%20Type/Linux/1.0/en/liblinux.Local.resources.dll to D:\Program Files (x86)\Microsoft Visual Studio\2022\BuildTools\MSBuild\Microsoft\VC\v160\Application Type\Linux\1.0\en\liblinux.Local.resources.dll
[2e2c:0007][2026-05-10T01:24:17] Completed: Copying file /Contents/MSBuild/Microsoft/VC/v160/Application%20Type/Linux/1.0/en/liblinux.Local.resources.dll to D:\Program Files (x86)\Microsoft Visual Studio\2022\BuildTools\MSBuild\Microsoft\VC\v160\Application Type\Linux\1.0\en\liblinux.Local.resources.dll
[2e2c:0007][2026-05-10T01:24:17] Timestamp updated for file 'D:\Program Files (x86)\Microsoft Visual Studio\2022\BuildTools\MSBuild\Microsoft\VC\v160\Application Type\Linux\1.0\en\liblinux.Local.resources.dll'.
[2e2c:0007][2026-05-10T01:24:17] Processing file /Contents/MSBuild/Microsoft/VC/v160/Application%20Type/Linux/1.0/en/liblinux.resources.dll
[2e2c:0007][2026-05-10T01:24:17] Started: Copying file /Contents/MSBuild/Microsoft/VC/v160/Application%20Type/Linux/1.0/en/liblinux.resources.dll to D:\Program Files (x86)\Microsoft Visual Studio\2022\BuildTools\MSBuild\Microsoft\VC\v160\Application Type\Linux\1.0\en\liblinux.resources.dll
[2e2c:0007][2026-05-10T01:24:17] Completed: Copying file /Contents/MSBuild/Microsoft/VC/v160/Application%20Type/Linux/1.0/en/liblinux.resources.dll to D:\Program Files (x86)\Microsoft Visual Studio\2022\BuildTools\MSBuild\Microsoft\VC\v160\Application Type\Linux\1.0\en\liblinux.resources.dll
[2e2c:0007][2026-05-10T01:24:17] Timestamp updated for file 'D:\Program Files (x86)\Microsoft Visual Studio\2022\BuildTools\MSBuild\Microsoft\VC\v160\Application Type\Linux\1.0\en\liblinux.resources.dll'.
[2e2c:0007][2026-05-10T01:24:17] Processing file /Contents/MSBuild/Microsoft/VC/v170/Application%20Type/Linux/1.0/en/liblinux.IO.resources.dll
[2e2c:0007][2026-05-10T01:24:17] Started: Copying file /Contents/MSBuild/Microsoft/VC/v170/Application%20Type/Linux/1.0/en/liblinux.IO.resources.dll to D:\Program Files (x86)\Microsoft Visual Studio\2022\BuildTools\MSBuild\Microsoft\VC\v170\Application Type\Linux\1.0\en\liblinux.IO.resources.dll
[2e2c:0007][2026-05-10T01:24:17] Completed: Copying file /Contents/MSBuild/Microsoft/VC/v170/Application%20Type/Linux/1.0/en/liblinux.IO.resources.dll to D:\Program Files (x86)\Microsoft Visual Studio\2022\BuildTools\MSBuild\Microsoft\VC\v170\Application Type\Linux\1.0\en\liblinux.IO.resources.dll
[2e2c:0007][2026-05-10T01:24:17] Timestamp updated for file 'D:\Program Files (x86)\Microsoft Visual Studio\2022\BuildTools\MSBuild\Microsoft\VC\v170\Application Type\Linux\1.0\en\liblinux.IO.resources.dll'.
[2e2c:0007][2026-05-10T01:24:17] Processing file /Contents/MSBuild/Microsoft/VC/v170/Application%20Type/Linux/1.0/en/liblinux.Local.resources.dll
[2e2c:0007][2026-05-10T01:24:17] Started: Copying file /Contents/MSBuild/Microsoft/VC/v170/Application%20Type/Linux/1.0/en/liblinux.Local.resources.dll to D:\Program Files (x86)\Microsoft Visual Studio\2022\BuildTools\MSBuild\Microsoft\VC\v170\Application Type\Linux\1.0\en\liblinux.Local.resources.dll
[2e2c:0007][2026-05-10T01:24:17] Completed: Copying file /Contents/MSBuild/Microsoft/VC/v170/Application%20Type/Linux/1.0/en/liblinux.Local.resources.dll to D:\Program Files (x86)\Microsoft Visual Studio\2022\BuildTools\MSBuild\Microsoft\VC\v170\Application Type\Linux\1.0\en\liblinux.Local.resources.dll
[2e2c:0007][2026-05-10T01:24:17] Timestamp updated for file 'D:\Program Files (x86)\Microsoft Visual Studio\2022\BuildTools\MSBuild\Microsoft\VC\v170\Application Type\Linux\1.0\en\liblinux.Local.resources.dll'.
[2e2c:0007][2026-05-10T01:24:17] Processing file /Contents/MSBuild/Microsoft/VC/v170/Application%20Type/Linux/1.0/en/liblinux.resources.dll
[2e2c:0007][2026-05-10T01:24:17] Started: Copying file /Contents/MSBuild/Microsoft/VC/v170/Application%20Type/Linux/1.0/en/liblinux.resources.dll to D:\Program Files (x86)\Microsoft Visual Studio\2022\BuildTools\MSBuild\Microsoft\VC\v170\Application Type\Linux\1.0\en\liblinux.resources.dll
[2e2c:0007][2026-05-10T01:24:17] Completed: Copying file /Contents/MSBuild/Microsoft/VC/v170/Application%20Type/Linux/1.0/en/liblinux.resources.dll to D:\Program Files (x86)\Microsoft Visual Studio\2022\BuildTools\MSBuild\Microsoft\VC\v170\Application Type\Linux\1.0\en\liblinux.resources.dll
[2e2c:0007][2026-05-10T01:24:17] Timestamp updated for file 'D:\Program Files (x86)\Microsoft Visual Studio\2022\BuildTools\MSBuild\Microsoft\VC\v170\Application Type\Linux\1.0\en\liblinux.resources.dll'.
[2e2c:0007][2026-05-10T01:24:17] Package executed successfully. Return code: 0
