[18d4:0007][2026-05-10T02:03:36] Opening the package for processing
[18d4:0007][2026-05-10T02:03:36] Using package payload to get the embedded manifest
[18d4:0007][2026-05-10T02:03:36] Getting list of files within the package
[18d4:0007][2026-05-10T02:03:36] Processing file /Contents/Common7/IDE/CommonExtensions/Platform/ParallelDebugger/Microsoft.VisualStudio.Debugger.Parallel.pkgdef
[18d4:0007][2026-05-10T02:03:36] Started: Copying file /Contents/Common7/IDE/CommonExtensions/Platform/ParallelDebugger/Microsoft.VisualStudio.Debugger.Parallel.pkgdef to D:\Program Files (x86)\Microsoft Visual Studio\2022\BuildTools\Common7\IDE\CommonExtensions\Platform\ParallelDebugger\Microsoft.VisualStudio.Debugger.Parallel.pkgdef
[18d4:0007][2026-05-10T02:03:36] Completed: Copying file /Contents/Common7/IDE/CommonExtensions/Platform/ParallelDebugger/Microsoft.VisualStudio.Debugger.Parallel.pkgdef to D:\Program Files (x86)\Microsoft Visual Studio\2022\BuildTools\Common7\IDE\CommonExtensions\Platform\ParallelDebugger\Microsoft.VisualStudio.Debugger.Parallel.pkgdef
[18d4:0007][2026-05-10T02:03:36] Timestamp updated for file 'D:\Program Files (x86)\Microsoft Visual Studio\2022\BuildTools\Common7\IDE\CommonExtensions\Platform\ParallelDebugger\Microsoft.VisualStudio.Debugger.Parallel.pkgdef'.
[18d4:0007][2026-05-10T02:03:36] Processing file /Contents/Common7/IDE/CommonExtensions/Platform/ParallelDebugger/PfxTaskProvider.pkgdef
[18d4:0007][2026-05-10T02:03:36] Started: Copying file /Contents/Common7/IDE/CommonExtensions/Platform/ParallelDebugger/PfxTaskProvider.pkgdef to D:\Program Files (x86)\Microsoft Visual Studio\2022\BuildTools\Common7\IDE\CommonExtensions\Platform\ParallelDebugger\PfxTaskProvider.pkgdef
[18d4:0007][2026-05-10T02:03:36] Completed: Copying file /Contents/Common7/IDE/CommonExtensions/Platform/ParallelDebugger/PfxTaskProvider.pkgdef to D:\Program Files (x86)\Microsoft Visual Studio\2022\BuildTools\Common7\IDE\CommonExtensions\Platform\ParallelDebugger\PfxTaskProvider.pkgdef
[18d4:0007][2026-05-10T02:03:36] Timestamp updated for file 'D:\Program Files (x86)\Microsoft Visual Studio\2022\BuildTools\Common7\IDE\CommonExtensions\Platform\ParallelDebugger\PfxTaskProvider.pkgdef'.
[18d4:0007][2026-05-10T02:03:36] Processing file /Contents/Common7/IDE/CommonExtensions/Platform/ParallelDebugger/PplTaskProvider.pkgdef
[18d4:0007][2026-05-10T02:03:36] Started: Copying file /Contents/Common7/IDE/CommonExtensions/Platform/ParallelDebugger/PplTaskProvider.pkgdef to D:\Program Files (x86)\Microsoft Visual Studio\2022\BuildTools\Common7\IDE\CommonExtensions\Platform\ParallelDebugger\PplTaskProvider.pkgdef
[18d4:0007][2026-05-10T02:03:36] Completed: Copying file /Contents/Common7/IDE/CommonExtensions/Platform/ParallelDebugger/PplTaskProvider.pkgdef to D:\Program Files (x86)\Microsoft Visual Studio\2022\BuildTools\Common7\IDE\CommonExtensions\Platform\ParallelDebugger\PplTaskProvider.pkgdef
[18d4:0007][2026-05-10T02:03:36] Timestamp updated for file 'D:\Program Files (x86)\Microsoft Visual Studio\2022\BuildTools\Common7\IDE\CommonExtensions\Platform\ParallelDebugger\PplTaskProvider.pkgdef'.
[18d4:0007][2026-05-10T02:03:36] Processing file /Contents/Common7/IDE/Microsoft.VisualStudio.Debugger.Parallel.dll
[18d4:0007][2026-05-10T02:03:36] Started: Copying file /Contents/Common7/IDE/Microsoft.VisualStudio.Debugger.Parallel.dll to D:\Program Files (x86)\Microsoft Visual Studio\2022\BuildTools\Common7\IDE\Microsoft.VisualStudio.Debugger.Parallel.dll
[18d4:0007][2026-05-10T02:03:36] Completed: Copying file /Contents/Common7/IDE/Microsoft.VisualStudio.Debugger.Parallel.dll to D:\Program Files (x86)\Microsoft Visual Studio\2022\BuildTools\Common7\IDE\Microsoft.VisualStudio.Debugger.Parallel.dll
[18d4:0007][2026-05-10T02:03:36] Timestamp updated for file 'D:\Program Files (x86)\Microsoft Visual Studio\2022\BuildTools\Common7\IDE\Microsoft.VisualStudio.Debugger.Parallel.dll'.
[18d4:0007][2026-05-10T02:03:36] Queueing D:\Program Files (x86)\Microsoft Visual Studio\2022\BuildTools\Common7\IDE\Microsoft.VisualStudio.Debugger.Parallel.dll for X86 ngen
[18d4:0007][2026-05-10T02:03:36] Successfully queued file '/Contents/Common7/IDE/Microsoft.VisualStudio.Debugger.Parallel.dll' for ngen
[18d4:0007][2026-05-10T02:03:36] Processing file /Contents/Common7/IDE/PublicAssemblies/Microsoft.VisualStudio.Debugger.Parallel.MultiValueVisualizers.dll
[18d4:0007][2026-05-10T02:03:36] Started: Copying file /Contents/Common7/IDE/PublicAssemblies/Microsoft.VisualStudio.Debugger.Parallel.MultiValueVisualizers.dll to D:\Program Files (x86)\Microsoft Visual Studio\2022\BuildTools\Common7\IDE\PublicAssemblies\Microsoft.VisualStudio.Debugger.Parallel.MultiValueVisualizers.dll
[18d4:0007][2026-05-10T02:03:36] Completed: Copying file /Contents/Common7/IDE/PublicAssemblies/Microsoft.VisualStudio.Debugger.Parallel.MultiValueVisualizers.dll to D:\Program Files (x86)\Microsoft Visual Studio\2022\BuildTools\Common7\IDE\PublicAssemblies\Microsoft.VisualStudio.Debugger.Parallel.MultiValueVisualizers.dll
[18d4:0007][2026-05-10T02:03:36] Timestamp updated for file 'D:\Program Files (x86)\Microsoft Visual Studio\2022\BuildTools\Common7\IDE\PublicAssemblies\Microsoft.VisualStudio.Debugger.Parallel.MultiValueVisualizers.dll'.
[18d4:0007][2026-05-10T02:03:36] Queueing D:\Program Files (x86)\Microsoft Visual Studio\2022\BuildTools\Common7\IDE\PublicAssemblies\Microsoft.VisualStudio.Debugger.Parallel.MultiValueVisualizers.dll for X86 ngen
[18d4:0007][2026-05-10T02:03:36] Successfully queued file '/Contents/Common7/IDE/PublicAssemblies/Microsoft.VisualStudio.Debugger.Parallel.MultiValueVisualizers.dll' for ngen
[18d4:0007][2026-05-10T02:03:36] Processing file /Contents/Common7/Packages/Debugger/PfxTaskProvider.dll
[18d4:0007][2026-05-10T02:03:36] Started: Copying file /Contents/Common7/Packages/Debugger/PfxTaskProvider.dll to D:\Program Files (x86)\Microsoft Visual Studio\2022\BuildTools\Common7\Packages\Debugger\PfxTaskProvider.dll
[18d4:0007][2026-05-10T02:03:36] Completed: Copying file /Contents/Common7/Packages/Debugger/PfxTaskProvider.dll to D:\Program Files (x86)\Microsoft Visual Studio\2022\BuildTools\Common7\Packages\Debugger\PfxTaskProvider.dll
[18d4:0007][2026-05-10T02:03:36] Timestamp updated for file 'D:\Program Files (x86)\Microsoft Visual Studio\2022\BuildTools\Common7\Packages\Debugger\PfxTaskProvider.dll'.
[18d4:0007][2026-05-10T02:03:36] Processing file /Contents/Common7/Packages/Debugger/PplTaskProvider.dll
[18d4:0007][2026-05-10T02:03:36] Started: Copying file /Contents/Common7/Packages/Debugger/PplTaskProvider.dll to D:\Program Files (x86)\Microsoft Visual Studio\2022\BuildTools\Common7\Packages\Debugger\PplTaskProvider.dll
[18d4:0007][2026-05-10T02:03:36] Completed: Copying file /Contents/Common7/Packages/Debugger/PplTaskProvider.dll to D:\Program Files (x86)\Microsoft Visual Studio\2022\BuildTools\Common7\Packages\Debugger\PplTaskProvider.dll
[18d4:0007][2026-05-10T02:03:36] Timestamp updated for file 'D:\Program Files (x86)\Microsoft Visual Studio\2022\BuildTools\Common7\Packages\Debugger\PplTaskProvider.dll'.
[18d4:0007][2026-05-10T02:03:36] Package executed successfully. Return code: 0
