[3474:0009][2026-05-10T01:46:20] Using cached package manifest as the embedded manifest
[3474:0009][2026-05-10T01:46:20] Processing file /Contents/Common7/IDE/CommonExtensions/Platform/Debugger/WebViews/ScriptResources.en.resx
[3474:0009][2026-05-10T01:46:20] D:\Program Files (x86)\Microsoft Visual Studio\2022\BuildTools\Common7\IDE\CommonExtensions\Platform\Debugger\WebViews\ScriptResources.en.resx file deleted.
[3474:0009][2026-05-10T01:46:20] Processing file /Contents/Common7/IDE/CommonExtensions/Platform/Debugger/WebViews/DiagnosticAnalysisResource.en.resx
[3474:0009][2026-05-10T01:46:20] D:\Program Files (x86)\Microsoft Visual Studio\2022\BuildTools\Common7\IDE\CommonExtensions\Platform\Debugger\WebViews\DiagnosticAnalysisResource.en.resx file deleted.
[3474:0009][2026-05-10T01:46:20] Processing file /Contents/Common7/Packages/Debugger/1033/vsdebugui.dll
[3474:0009][2026-05-10T01:46:20] D:\Program Files (x86)\Microsoft Visual Studio\2022\BuildTools\Common7\Packages\Debugger\1033\vsdebugui.dll file deleted.
[3474:0009][2026-05-10T01:46:20] Processing file /Contents/Common7/Packages/Debugger/1033/symbollocator.resources.dll
[3474:0009][2026-05-10T01:46:20] D:\Program Files (x86)\Microsoft Visual Studio\2022\BuildTools\Common7\Packages\Debugger\1033\symbollocator.resources.dll file deleted.
[3474:0009][2026-05-10T01:46:20] Processing file /Contents/Common7/Packages/Debugger/1033/msdbgui.dll
[3474:0009][2026-05-10T01:46:20] D:\Program Files (x86)\Microsoft Visual Studio\2022\BuildTools\Common7\Packages\Debugger\1033\msdbgui.dll file deleted.
[3474:0009][2026-05-10T01:46:20] Started: Deleting empty directories
[3474:0009][2026-05-10T01:46:20] Completed: Deleting empty directories
[3474:0009][2026-05-10T01:46:20] Uninstalling ProgId: VisualStudio.dmp.[InstanceId]
[3474:0009][2026-05-10T01:46:20] Uninstalling ProgId: VisualStudio.hdmp.[InstanceId]
[3474:0009][2026-05-10T01:46:20] Uninstalling ProgId: VisualStudio.mdmp.[InstanceId]
[3474:0009][2026-05-10T01:46:20] Uninstalling file association: .dmp
[3474:0009][2026-05-10T01:46:20] RegistrationPath: Software\Microsoft\VisualStudio_e00ab787\Capabilities\FileAssociations
[3474:0009][2026-05-10T01:46:20] Uninstalling file association: .hdmp
[3474:0009][2026-05-10T01:46:20] RegistrationPath: Software\Microsoft\VisualStudio_e00ab787\Capabilities\FileAssociations
[3474:0009][2026-05-10T01:46:20] Uninstalling file association: .mdmp
[3474:0009][2026-05-10T01:46:20] RegistrationPath: Software\Microsoft\VisualStudio_e00ab787\Capabilities\FileAssociations
[3474:0009][2026-05-10T01:46:20] Package executed successfully. Return code: 0
