[bd94:0009][2026-05-10T01:00:52] Using cached package manifest as the embedded manifest
[bd94:0009][2026-05-10T01:00:52] Processing file /Contents/Common7/IDE/CommonExtensions/Platform/Debugger/PerfDebuggerWebViews/PerfDebuggerSwimlane.js
[bd94:0009][2026-05-10T01:00:52] D:\Program\Common7\IDE\CommonExtensions\Platform\Debugger\PerfDebuggerWebViews\PerfDebuggerSwimlane.js file deleted.
[bd94:0009][2026-05-10T01:00:52] Processing file /Contents/Common7/IDE/CommonExtensions/Platform/Debugger/PerfDebuggerWebViews/css/IntelliTraceGraph.css
[bd94:0009][2026-05-10T01:00:52] D:\Program\Common7\IDE\CommonExtensions\Platform\Debugger\PerfDebuggerWebViews\css\IntelliTraceGraph.css file deleted.
[bd94:0009][2026-05-10T01:00:52] Processing file /Contents/Common7/IDE/CommonExtensions/Platform/Debugger/PerfDebuggerWebViews/icons/AllEventsIcon.svg
[bd94:0009][2026-05-10T01:00:52] D:\Program\Common7\IDE\CommonExtensions\Platform\Debugger\PerfDebuggerWebViews\icons\AllEventsIcon.svg file deleted.
[bd94:0009][2026-05-10T01:00:52] Processing file /Contents/Common7/IDE/CommonExtensions/Platform/Debugger/PerfDebuggerWebViews/icons/BreakTrackIcon.svg
[bd94:0009][2026-05-10T01:00:52] D:\Program\Common7\IDE\CommonExtensions\Platform\Debugger\PerfDebuggerWebViews\icons\BreakTrackIcon.svg file deleted.
[bd94:0009][2026-05-10T01:00:52] Processing file /Contents/Common7/IDE/CommonExtensions/Platform/Debugger/PerfDebuggerWebViews/icons/ExceptionEventIcon.svg
[bd94:0009][2026-05-10T01:00:52] D:\Program\Common7\IDE\CommonExtensions\Platform\Debugger\PerfDebuggerWebViews\icons\ExceptionEventIcon.svg file deleted.
[bd94:0009][2026-05-10T01:00:52] Processing file /Contents/Common7/IDE/CommonExtensions/Platform/Debugger/PerfDebuggerWebViews/icons/IntelliTraceTrackIcon.svg
[bd94:0009][2026-05-10T01:00:52] D:\Program\Common7\IDE\CommonExtensions\Platform\Debugger\PerfDebuggerWebViews\icons\IntelliTraceTrackIcon.svg file deleted.
[bd94:0009][2026-05-10T01:00:52] Processing file /Contents/Common7/IDE/CommonExtensions/Platform/Debugger/PerfDebuggerWebViews/icons/timeline/light/normal/TimelineMarkGray.png
[bd94:0009][2026-05-10T01:00:52] D:\Program\Common7\IDE\CommonExtensions\Platform\Debugger\PerfDebuggerWebViews\icons\timeline\light\normal\TimelineMarkGray.png file deleted.
[bd94:0009][2026-05-10T01:00:52] Processing file /Contents/Common7/IDE/CommonExtensions/Platform/Debugger/PerfDebuggerWebViews/icons/timeline/light/normal/TimelineMarkPurple.png
[bd94:0009][2026-05-10T01:00:52] D:\Program\Common7\IDE\CommonExtensions\Platform\Debugger\PerfDebuggerWebViews\icons\timeline\light\normal\TimelineMarkPurple.png file deleted.
[bd94:0009][2026-05-10T01:00:52] Processing file /Contents/Common7/IDE/CommonExtensions/Platform/Debugger/PerfDebuggerWebViews/icons/timeline/light/normal/TimelineMarkRed.png
[bd94:0009][2026-05-10T01:00:52] D:\Program\Common7\IDE\CommonExtensions\Platform\Debugger\PerfDebuggerWebViews\icons\timeline\light\normal\TimelineMarkRed.png file deleted.
[bd94:0009][2026-05-10T01:00:52] Processing file /Contents/Common7/IDE/CommonExtensions/Platform/Debugger/PerfDebuggerWebViews/icons/timeline/light/selected/TimelineMarkGray.png
[bd94:0009][2026-05-10T01:00:52] D:\Program\Common7\IDE\CommonExtensions\Platform\Debugger\PerfDebuggerWebViews\icons\timeline\light\selected\TimelineMarkGray.png file deleted.
[bd94:0009][2026-05-10T01:00:52] Processing file /Contents/Common7/IDE/CommonExtensions/Platform/Debugger/PerfDebuggerWebViews/icons/timeline/light/selected/TimelineMarkPurple.png
[bd94:0009][2026-05-10T01:00:52] D:\Program\Common7\IDE\CommonExtensions\Platform\Debugger\PerfDebuggerWebViews\icons\timeline\light\selected\TimelineMarkPurple.png file deleted.
[bd94:0009][2026-05-10T01:00:52] Processing file /Contents/Common7/IDE/CommonExtensions/Platform/Debugger/PerfDebuggerWebViews/icons/timeline/light/selected/TimelineMarkRed.png
[bd94:0009][2026-05-10T01:00:52] D:\Program\Common7\IDE\CommonExtensions\Platform\Debugger\PerfDebuggerWebViews\icons\timeline\light\selected\TimelineMarkRed.png file deleted.
[bd94:0009][2026-05-10T01:00:52] Processing file /Contents/Common7/IDE/PrivateAssemblies/Microsoft.VisualStudio.Diagnostics.HubExtensions.dll
[bd94:0009][2026-05-10T01:00:52] D:\Program\Common7\IDE\PrivateAssemblies\Microsoft.VisualStudio.Diagnostics.HubExtensions.dll file deleted.
[bd94:0009][2026-05-10T01:00:52] Started: Deleting empty directories
[bd94:0009][2026-05-10T01:00:52] Completed: Deleting empty directories
[bd94:0009][2026-05-10T01:00:52] Package executed successfully. Return code: 0
