[2e2c:0007][2026-05-10T01:23:49] Opening the package for processing
[2e2c:0007][2026-05-10T01:23:49] Using package payload to get the embedded manifest
[2e2c:0007][2026-05-10T01:23:49] Getting list of files within the package
[2e2c:0007][2026-05-10T01:23:49] Processing file /Contents/Common7/IDE/CommonExtensions/Platform/MefHosting/Microsoft.VisualStudio.ComponentModelHost.dll
[2e2c:0007][2026-05-10T01:23:49] Started: Copying file /Contents/Common7/IDE/CommonExtensions/Platform/MefHosting/Microsoft.VisualStudio.ComponentModelHost.dll to D:\Program Files (x86)\Microsoft Visual Studio\2022\BuildTools\Common7\IDE\CommonExtensions\Platform\MefHosting\Microsoft.VisualStudio.ComponentModelHost.dll
[2e2c:0007][2026-05-10T01:23:49] Completed: Copying file /Contents/Common7/IDE/CommonExtensions/Platform/MefHosting/Microsoft.VisualStudio.ComponentModelHost.dll to D:\Program Files (x86)\Microsoft Visual Studio\2022\BuildTools\Common7\IDE\CommonExtensions\Platform\MefHosting\Microsoft.VisualStudio.ComponentModelHost.dll
[2e2c:0007][2026-05-10T01:23:49] Timestamp updated for file 'D:\Program Files (x86)\Microsoft Visual Studio\2022\BuildTools\Common7\IDE\CommonExtensions\Platform\MefHosting\Microsoft.VisualStudio.ComponentModelHost.dll'.
[2e2c:0007][2026-05-10T01:23:49] Queueing D:\Program Files (x86)\Microsoft Visual Studio\2022\BuildTools\Common7\IDE\CommonExtensions\Platform\MefHosting\Microsoft.VisualStudio.ComponentModelHost.dll for X86 ngen
[2e2c:0007][2026-05-10T01:23:49] Successfully queued file '/Contents/Common7/IDE/CommonExtensions/Platform/MefHosting/Microsoft.VisualStudio.ComponentModelHost.dll' for ngen
[2e2c:0007][2026-05-10T01:23:49] Processing file /Contents/Common7/IDE/CommonExtensions/Platform/MefHosting/Microsoft.VisualStudio.ComponentModelHost.Implementation.dll
[2e2c:0007][2026-05-10T01:23:49] Started: Copying file /Contents/Common7/IDE/CommonExtensions/Platform/MefHosting/Microsoft.VisualStudio.ComponentModelHost.Implementation.dll to D:\Program Files (x86)\Microsoft Visual Studio\2022\BuildTools\Common7\IDE\CommonExtensions\Platform\MefHosting\Microsoft.VisualStudio.ComponentModelHost.Implementation.dll
[2e2c:0007][2026-05-10T01:23:49] Completed: Copying file /Contents/Common7/IDE/CommonExtensions/Platform/MefHosting/Microsoft.VisualStudio.ComponentModelHost.Implementation.dll to D:\Program Files (x86)\Microsoft Visual Studio\2022\BuildTools\Common7\IDE\CommonExtensions\Platform\MefHosting\Microsoft.VisualStudio.ComponentModelHost.Implementation.dll
[2e2c:0007][2026-05-10T01:23:49] Timestamp updated for file 'D:\Program Files (x86)\Microsoft Visual Studio\2022\BuildTools\Common7\IDE\CommonExtensions\Platform\MefHosting\Microsoft.VisualStudio.ComponentModelHost.Implementation.dll'.
[2e2c:0007][2026-05-10T01:23:49] Queueing D:\Program Files (x86)\Microsoft Visual Studio\2022\BuildTools\Common7\IDE\CommonExtensions\Platform\MefHosting\Microsoft.VisualStudio.ComponentModelHost.Implementation.dll for X86 ngen
[2e2c:0007][2026-05-10T01:23:49] Successfully queued file '/Contents/Common7/IDE/CommonExtensions/Platform/MefHosting/Microsoft.VisualStudio.ComponentModelHost.Implementation.dll' for ngen
[2e2c:0007][2026-05-10T01:23:49] Processing file /Contents/Common7/IDE/CommonExtensions/Platform/MefHosting/Microsoft.VisualStudio.ComponentModelHost.Implementation.pkgdef
[2e2c:0007][2026-05-10T01:23:49] Started: Copying file /Contents/Common7/IDE/CommonExtensions/Platform/MefHosting/Microsoft.VisualStudio.ComponentModelHost.Implementation.pkgdef to D:\Program Files (x86)\Microsoft Visual Studio\2022\BuildTools\Common7\IDE\CommonExtensions\Platform\MefHosting\Microsoft.VisualStudio.ComponentModelHost.Implementation.pkgdef
[2e2c:0007][2026-05-10T01:23:49] Completed: Copying file /Contents/Common7/IDE/CommonExtensions/Platform/MefHosting/Microsoft.VisualStudio.ComponentModelHost.Implementation.pkgdef to D:\Program Files (x86)\Microsoft Visual Studio\2022\BuildTools\Common7\IDE\CommonExtensions\Platform\MefHosting\Microsoft.VisualStudio.ComponentModelHost.Implementation.pkgdef
[2e2c:0007][2026-05-10T01:23:49] Timestamp updated for file 'D:\Program Files (x86)\Microsoft Visual Studio\2022\BuildTools\Common7\IDE\CommonExtensions\Platform\MefHosting\Microsoft.VisualStudio.ComponentModelHost.Implementation.pkgdef'.
[2e2c:0007][2026-05-10T01:23:49] Processing file /Contents/Common7/IDE/CommonExtensions/Platform/MefHosting/Microsoft.VisualStudio.ExtensibilityHosting.dll
[2e2c:0007][2026-05-10T01:23:49] Started: Copying file /Contents/Common7/IDE/CommonExtensions/Platform/MefHosting/Microsoft.VisualStudio.ExtensibilityHosting.dll to D:\Program Files (x86)\Microsoft Visual Studio\2022\BuildTools\Common7\IDE\CommonExtensions\Platform\MefHosting\Microsoft.VisualStudio.ExtensibilityHosting.dll
[2e2c:0007][2026-05-10T01:23:49] Completed: Copying file /Contents/Common7/IDE/CommonExtensions/Platform/MefHosting/Microsoft.VisualStudio.ExtensibilityHosting.dll to D:\Program Files (x86)\Microsoft Visual Studio\2022\BuildTools\Common7\IDE\CommonExtensions\Platform\MefHosting\Microsoft.VisualStudio.ExtensibilityHosting.dll
[2e2c:0007][2026-05-10T01:23:49] Timestamp updated for file 'D:\Program Files (x86)\Microsoft Visual Studio\2022\BuildTools\Common7\IDE\CommonExtensions\Platform\MefHosting\Microsoft.VisualStudio.ExtensibilityHosting.dll'.
[2e2c:0007][2026-05-10T01:23:49] Queueing D:\Program Files (x86)\Microsoft Visual Studio\2022\BuildTools\Common7\IDE\CommonExtensions\Platform\MefHosting\Microsoft.VisualStudio.ExtensibilityHosting.dll for X86 ngen
[2e2c:0007][2026-05-10T01:23:49] Successfully queued file '/Contents/Common7/IDE/CommonExtensions/Platform/MefHosting/Microsoft.VisualStudio.ExtensibilityHosting.dll' for ngen
[2e2c:0007][2026-05-10T01:23:49] Processing file /Contents/Common7/IDE/CommonExtensions/Platform/MefHosting/extension.vsixmanifest
[2e2c:0007][2026-05-10T01:23:49] Started: Copying file /Contents/Common7/IDE/CommonExtensions/Platform/MefHosting/extension.vsixmanifest to D:\Program Files (x86)\Microsoft Visual Studio\2022\BuildTools\Common7\IDE\CommonExtensions\Platform\MefHosting\extension.vsixmanifest
[2e2c:0007][2026-05-10T01:23:49] Completed: Copying file /Contents/Common7/IDE/CommonExtensions/Platform/MefHosting/extension.vsixmanifest to D:\Program Files (x86)\Microsoft Visual Studio\2022\BuildTools\Common7\IDE\CommonExtensions\Platform\MefHosting\extension.vsixmanifest
[2e2c:0007][2026-05-10T01:23:49] Timestamp updated for file 'D:\Program Files (x86)\Microsoft Visual Studio\2022\BuildTools\Common7\IDE\CommonExtensions\Platform\MefHosting\extension.vsixmanifest'.
[2e2c:0007][2026-05-10T01:23:49] Package executed successfully. Return code: 0
