[da4c:0007][2026-05-10T00:50:04] Opening the package for processing
[da4c:0007][2026-05-10T00:50:04] Using package payload to get the embedded manifest
[da4c:0007][2026-05-10T00:50:04] Getting list of files within the package
[da4c:0007][2026-05-10T00:50:04] Processing file /catalog.json
[da4c:0007][2026-05-10T00:50:04] Started: Copying file /catalog.json to D:\Program\Common7\IDE\CommonExtensions\Microsoft\Markdown\catalog.json
[da4c:0007][2026-05-10T00:50:04] Completed: Copying file /catalog.json to D:\Program\Common7\IDE\CommonExtensions\Microsoft\Markdown\catalog.json
[da4c:0007][2026-05-10T00:50:04] Timestamp updated for file 'D:\Program\Common7\IDE\CommonExtensions\Microsoft\Markdown\catalog.json'.
[da4c:0007][2026-05-10T00:50:04] Processing file /cs/Microsoft.VisualStudio.Markdown.Platform.resources.dll
[da4c:0007][2026-05-10T00:50:04] Started: Copying file /cs/Microsoft.VisualStudio.Markdown.Platform.resources.dll to D:\Program\Common7\IDE\CommonExtensions\Microsoft\Markdown\cs\Microsoft.VisualStudio.Markdown.Platform.resources.dll
[da4c:0007][2026-05-10T00:50:04] Completed: Copying file /cs/Microsoft.VisualStudio.Markdown.Platform.resources.dll to D:\Program\Common7\IDE\CommonExtensions\Microsoft\Markdown\cs\Microsoft.VisualStudio.Markdown.Platform.resources.dll
[da4c:0007][2026-05-10T00:50:04] Timestamp updated for file 'D:\Program\Common7\IDE\CommonExtensions\Microsoft\Markdown\cs\Microsoft.VisualStudio.Markdown.Platform.resources.dll'.
[da4c:0007][2026-05-10T00:50:04] Processing file /de/Microsoft.VisualStudio.Markdown.Platform.resources.dll
[da4c:0007][2026-05-10T00:50:04] Started: Copying file /de/Microsoft.VisualStudio.Markdown.Platform.resources.dll to D:\Program\Common7\IDE\CommonExtensions\Microsoft\Markdown\de\Microsoft.VisualStudio.Markdown.Platform.resources.dll
[da4c:0007][2026-05-10T00:50:04] Completed: Copying file /de/Microsoft.VisualStudio.Markdown.Platform.resources.dll to D:\Program\Common7\IDE\CommonExtensions\Microsoft\Markdown\de\Microsoft.VisualStudio.Markdown.Platform.resources.dll
[da4c:0007][2026-05-10T00:50:04] Timestamp updated for file 'D:\Program\Common7\IDE\CommonExtensions\Microsoft\Markdown\de\Microsoft.VisualStudio.Markdown.Platform.resources.dll'.
[da4c:0007][2026-05-10T00:50:04] Processing file /es/Microsoft.VisualStudio.Markdown.Platform.resources.dll
[da4c:0007][2026-05-10T00:50:04] Started: Copying file /es/Microsoft.VisualStudio.Markdown.Platform.resources.dll to D:\Program\Common7\IDE\CommonExtensions\Microsoft\Markdown\es\Microsoft.VisualStudio.Markdown.Platform.resources.dll
[da4c:0007][2026-05-10T00:50:04] Completed: Copying file /es/Microsoft.VisualStudio.Markdown.Platform.resources.dll to D:\Program\Common7\IDE\CommonExtensions\Microsoft\Markdown\es\Microsoft.VisualStudio.Markdown.Platform.resources.dll
[da4c:0007][2026-05-10T00:50:04] Timestamp updated for file 'D:\Program\Common7\IDE\CommonExtensions\Microsoft\Markdown\es\Microsoft.VisualStudio.Markdown.Platform.resources.dll'.
[da4c:0007][2026-05-10T00:50:04] Processing file /fr/Microsoft.VisualStudio.Markdown.Platform.resources.dll
[da4c:0007][2026-05-10T00:50:04] Started: Copying file /fr/Microsoft.VisualStudio.Markdown.Platform.resources.dll to D:\Program\Common7\IDE\CommonExtensions\Microsoft\Markdown\fr\Microsoft.VisualStudio.Markdown.Platform.resources.dll
[da4c:0007][2026-05-10T00:50:04] Completed: Copying file /fr/Microsoft.VisualStudio.Markdown.Platform.resources.dll to D:\Program\Common7\IDE\CommonExtensions\Microsoft\Markdown\fr\Microsoft.VisualStudio.Markdown.Platform.resources.dll
[da4c:0007][2026-05-10T00:50:04] Timestamp updated for file 'D:\Program\Common7\IDE\CommonExtensions\Microsoft\Markdown\fr\Microsoft.VisualStudio.Markdown.Platform.resources.dll'.
[da4c:0007][2026-05-10T00:50:04] Processing file /it/Microsoft.VisualStudio.Markdown.Platform.resources.dll
[da4c:0007][2026-05-10T00:50:04] Started: Copying file /it/Microsoft.VisualStudio.Markdown.Platform.resources.dll to D:\Program\Common7\IDE\CommonExtensions\Microsoft\Markdown\it\Microsoft.VisualStudio.Markdown.Platform.resources.dll
[da4c:0007][2026-05-10T00:50:04] Completed: Copying file /it/Microsoft.VisualStudio.Markdown.Platform.resources.dll to D:\Program\Common7\IDE\CommonExtensions\Microsoft\Markdown\it\Microsoft.VisualStudio.Markdown.Platform.resources.dll
[da4c:0007][2026-05-10T00:50:04] Timestamp updated for file 'D:\Program\Common7\IDE\CommonExtensions\Microsoft\Markdown\it\Microsoft.VisualStudio.Markdown.Platform.resources.dll'.
[da4c:0007][2026-05-10T00:50:04] Processing file /ja/Microsoft.VisualStudio.Markdown.Platform.resources.dll
[da4c:0007][2026-05-10T00:50:04] Started: Copying file /ja/Microsoft.VisualStudio.Markdown.Platform.resources.dll to D:\Program\Common7\IDE\CommonExtensions\Microsoft\Markdown\ja\Microsoft.VisualStudio.Markdown.Platform.resources.dll
[da4c:0007][2026-05-10T00:50:04] Completed: Copying file /ja/Microsoft.VisualStudio.Markdown.Platform.resources.dll to D:\Program\Common7\IDE\CommonExtensions\Microsoft\Markdown\ja\Microsoft.VisualStudio.Markdown.Platform.resources.dll
[da4c:0007][2026-05-10T00:50:04] Timestamp updated for file 'D:\Program\Common7\IDE\CommonExtensions\Microsoft\Markdown\ja\Microsoft.VisualStudio.Markdown.Platform.resources.dll'.
[da4c:0007][2026-05-10T00:50:04] Processing file /ko/Microsoft.VisualStudio.Markdown.Platform.resources.dll
[da4c:0007][2026-05-10T00:50:04] Started: Copying file /ko/Microsoft.VisualStudio.Markdown.Platform.resources.dll to D:\Program\Common7\IDE\CommonExtensions\Microsoft\Markdown\ko\Microsoft.VisualStudio.Markdown.Platform.resources.dll
[da4c:0007][2026-05-10T00:50:04] Completed: Copying file /ko/Microsoft.VisualStudio.Markdown.Platform.resources.dll to D:\Program\Common7\IDE\CommonExtensions\Microsoft\Markdown\ko\Microsoft.VisualStudio.Markdown.Platform.resources.dll
[da4c:0007][2026-05-10T00:50:04] Timestamp updated for file 'D:\Program\Common7\IDE\CommonExtensions\Microsoft\Markdown\ko\Microsoft.VisualStudio.Markdown.Platform.resources.dll'.
[da4c:0007][2026-05-10T00:50:04] Processing file /manifest.json
[da4c:0007][2026-05-10T00:50:04] Started: Copying file /manifest.json to D:\Program\Common7\IDE\CommonExtensions\Microsoft\Markdown\manifest.json
[da4c:0007][2026-05-10T00:50:04] Completed: Copying file /manifest.json to D:\Program\Common7\IDE\CommonExtensions\Microsoft\Markdown\manifest.json
[da4c:0007][2026-05-10T00:50:04] Timestamp updated for file 'D:\Program\Common7\IDE\CommonExtensions\Microsoft\Markdown\manifest.json'.
[da4c:0007][2026-05-10T00:50:04] Processing file /Markdig.Signed.dll
[da4c:0007][2026-05-10T00:50:04] Started: Copying file /Markdig.Signed.dll to D:\Program\Common7\IDE\CommonExtensions\Microsoft\Markdown\Markdig.Signed.dll
[da4c:0007][2026-05-10T00:50:04] Completed: Copying file /Markdig.Signed.dll to D:\Program\Common7\IDE\CommonExtensions\Microsoft\Markdown\Markdig.Signed.dll
[da4c:0007][2026-05-10T00:50:04] Timestamp updated for file 'D:\Program\Common7\IDE\CommonExtensions\Microsoft\Markdown\Markdig.Signed.dll'.
[da4c:0007][2026-05-10T00:50:04] Processing file /Microsoft.VisualStudio.Markdown.Core.dll
[da4c:0007][2026-05-10T00:50:04] Started: Copying file /Microsoft.VisualStudio.Markdown.Core.dll to D:\Program\Common7\IDE\CommonExtensions\Microsoft\Markdown\Microsoft.VisualStudio.Markdown.Core.dll
[da4c:0007][2026-05-10T00:50:04] Completed: Copying file /Microsoft.VisualStudio.Markdown.Core.dll to D:\Program\Common7\IDE\CommonExtensions\Microsoft\Markdown\Microsoft.VisualStudio.Markdown.Core.dll
[da4c:0007][2026-05-10T00:50:04] Timestamp updated for file 'D:\Program\Common7\IDE\CommonExtensions\Microsoft\Markdown\Microsoft.VisualStudio.Markdown.Core.dll'.
[da4c:0007][2026-05-10T00:50:04] Processing file /Microsoft.VisualStudio.Markdown.Platform.dll
[da4c:0007][2026-05-10T00:50:04] Started: Copying file /Microsoft.VisualStudio.Markdown.Platform.dll to D:\Program\Common7\IDE\CommonExtensions\Microsoft\Markdown\Microsoft.VisualStudio.Markdown.Platform.dll
[da4c:0007][2026-05-10T00:50:04] Completed: Copying file /Microsoft.VisualStudio.Markdown.Platform.dll to D:\Program\Common7\IDE\CommonExtensions\Microsoft\Markdown\Microsoft.VisualStudio.Markdown.Platform.dll
[da4c:0007][2026-05-10T00:50:04] Timestamp updated for file 'D:\Program\Common7\IDE\CommonExtensions\Microsoft\Markdown\Microsoft.VisualStudio.Markdown.Platform.dll'.
[da4c:0007][2026-05-10T00:50:04] Processing file /Microsoft.VisualStudio.Platform.Markdown.pkgdef
[da4c:0007][2026-05-10T00:50:04] Started: Copying file /Microsoft.VisualStudio.Platform.Markdown.pkgdef to D:\Program\Common7\IDE\CommonExtensions\Microsoft\Markdown\Microsoft.VisualStudio.Platform.Markdown.pkgdef
[da4c:0007][2026-05-10T00:50:04] Completed: Copying file /Microsoft.VisualStudio.Platform.Markdown.pkgdef to D:\Program\Common7\IDE\CommonExtensions\Microsoft\Markdown\Microsoft.VisualStudio.Platform.Markdown.pkgdef
[da4c:0007][2026-05-10T00:50:04] Timestamp updated for file 'D:\Program\Common7\IDE\CommonExtensions\Microsoft\Markdown\Microsoft.VisualStudio.Platform.Markdown.pkgdef'.
[da4c:0007][2026-05-10T00:50:04] Processing file /pl/Microsoft.VisualStudio.Markdown.Platform.resources.dll
[da4c:0007][2026-05-10T00:50:04] Started: Copying file /pl/Microsoft.VisualStudio.Markdown.Platform.resources.dll to D:\Program\Common7\IDE\CommonExtensions\Microsoft\Markdown\pl\Microsoft.VisualStudio.Markdown.Platform.resources.dll
[da4c:0007][2026-05-10T00:50:04] Completed: Copying file /pl/Microsoft.VisualStudio.Markdown.Platform.resources.dll to D:\Program\Common7\IDE\CommonExtensions\Microsoft\Markdown\pl\Microsoft.VisualStudio.Markdown.Platform.resources.dll
[da4c:0007][2026-05-10T00:50:04] Timestamp updated for file 'D:\Program\Common7\IDE\CommonExtensions\Microsoft\Markdown\pl\Microsoft.VisualStudio.Markdown.Platform.resources.dll'.
[da4c:0007][2026-05-10T00:50:04] Processing file /Preview/Dependencies/daytona-highlight-dark.css
[da4c:0007][2026-05-10T00:50:04] Started: Copying file /Preview/Dependencies/daytona-highlight-dark.css to D:\Program\Common7\IDE\CommonExtensions\Microsoft\Markdown\Preview\Dependencies\daytona-highlight-dark.css
[da4c:0007][2026-05-10T00:50:04] Completed: Copying file /Preview/Dependencies/daytona-highlight-dark.css to D:\Program\Common7\IDE\CommonExtensions\Microsoft\Markdown\Preview\Dependencies\daytona-highlight-dark.css
[da4c:0007][2026-05-10T00:50:04] Timestamp updated for file 'D:\Program\Common7\IDE\CommonExtensions\Microsoft\Markdown\Preview\Dependencies\daytona-highlight-dark.css'.
[da4c:0007][2026-05-10T00:50:04] Processing file /Preview/Dependencies/daytona-md-template.html
[da4c:0007][2026-05-10T00:50:04] Started: Copying file /Preview/Dependencies/daytona-md-template.html to D:\Program\Common7\IDE\CommonExtensions\Microsoft\Markdown\Preview\Dependencies\daytona-md-template.html
[da4c:0007][2026-05-10T00:50:04] Completed: Copying file /Preview/Dependencies/daytona-md-template.html to D:\Program\Common7\IDE\CommonExtensions\Microsoft\Markdown\Preview\Dependencies\daytona-md-template.html
[da4c:0007][2026-05-10T00:50:04] Timestamp updated for file 'D:\Program\Common7\IDE\CommonExtensions\Microsoft\Markdown\Preview\Dependencies\daytona-md-template.html'.
[da4c:0007][2026-05-10T00:50:04] Processing file /Preview/Dependencies/daytonaHTMLContextMenu.js
[da4c:0007][2026-05-10T00:50:04] Started: Copying file /Preview/Dependencies/daytonaHTMLContextMenu.js to D:\Program\Common7\IDE\CommonExtensions\Microsoft\Markdown\Preview\Dependencies\daytonaHTMLContextMenu.js
[da4c:0007][2026-05-10T00:50:04] Completed: Copying file /Preview/Dependencies/daytonaHTMLContextMenu.js to D:\Program\Common7\IDE\CommonExtensions\Microsoft\Markdown\Preview\Dependencies\daytonaHTMLContextMenu.js
[da4c:0007][2026-05-10T00:50:04] Timestamp updated for file 'D:\Program\Common7\IDE\CommonExtensions\Microsoft\Markdown\Preview\Dependencies\daytonaHTMLContextMenu.js'.
[da4c:0007][2026-05-10T00:50:04] Processing file /Preview/Dependencies/DOMPurify/LICENSE.txt
[da4c:0007][2026-05-10T00:50:04] Started: Copying file /Preview/Dependencies/DOMPurify/LICENSE.txt to D:\Program\Common7\IDE\CommonExtensions\Microsoft\Markdown\Preview\Dependencies\DOMPurify\LICENSE.txt
[da4c:0007][2026-05-10T00:50:04] Completed: Copying file /Preview/Dependencies/DOMPurify/LICENSE.txt to D:\Program\Common7\IDE\CommonExtensions\Microsoft\Markdown\Preview\Dependencies\DOMPurify\LICENSE.txt
[da4c:0007][2026-05-10T00:50:04] Timestamp updated for file 'D:\Program\Common7\IDE\CommonExtensions\Microsoft\Markdown\Preview\Dependencies\DOMPurify\LICENSE.txt'.
[da4c:0007][2026-05-10T00:50:04] Processing file /Preview/Dependencies/DOMPurify/purify.min.js
[da4c:0007][2026-05-10T00:50:04] Started: Copying file /Preview/Dependencies/DOMPurify/purify.min.js to D:\Program\Common7\IDE\CommonExtensions\Microsoft\Markdown\Preview\Dependencies\DOMPurify\purify.min.js
[da4c:0007][2026-05-10T00:50:04] Completed: Copying file /Preview/Dependencies/DOMPurify/purify.min.js to D:\Program\Common7\IDE\CommonExtensions\Microsoft\Markdown\Preview\Dependencies\DOMPurify\purify.min.js
[da4c:0007][2026-05-10T00:50:04] Timestamp updated for file 'D:\Program\Common7\IDE\CommonExtensions\Microsoft\Markdown\Preview\Dependencies\DOMPurify\purify.min.js'.
[da4c:0007][2026-05-10T00:50:04] Processing file /Preview/Dependencies/highlight-dark.css
[da4c:0007][2026-05-10T00:50:04] Started: Copying file /Preview/Dependencies/highlight-dark.css to D:\Program\Common7\IDE\CommonExtensions\Microsoft\Markdown\Preview\Dependencies\highlight-dark.css
[da4c:0007][2026-05-10T00:50:04] Completed: Copying file /Preview/Dependencies/highlight-dark.css to D:\Program\Common7\IDE\CommonExtensions\Microsoft\Markdown\Preview\Dependencies\highlight-dark.css
[da4c:0007][2026-05-10T00:50:04] Timestamp updated for file 'D:\Program\Common7\IDE\CommonExtensions\Microsoft\Markdown\Preview\Dependencies\highlight-dark.css'.
[da4c:0007][2026-05-10T00:50:04] Processing file /Preview/Dependencies/highlight.css
[da4c:0007][2026-05-10T00:50:04] Started: Copying file /Preview/Dependencies/highlight.css to D:\Program\Common7\IDE\CommonExtensions\Microsoft\Markdown\Preview\Dependencies\highlight.css
[da4c:0007][2026-05-10T00:50:04] Completed: Copying file /Preview/Dependencies/highlight.css to D:\Program\Common7\IDE\CommonExtensions\Microsoft\Markdown\Preview\Dependencies\highlight.css
[da4c:0007][2026-05-10T00:50:04] Timestamp updated for file 'D:\Program\Common7\IDE\CommonExtensions\Microsoft\Markdown\Preview\Dependencies\highlight.css'.
[da4c:0007][2026-05-10T00:50:04] Processing file /Preview/Dependencies/manifest.json
[da4c:0007][2026-05-10T00:50:04] Started: Copying file /Preview/Dependencies/manifest.json to D:\Program\Common7\IDE\CommonExtensions\Microsoft\Markdown\Preview\Dependencies\manifest.json
[da4c:0007][2026-05-10T00:50:04] Completed: Copying file /Preview/Dependencies/manifest.json to D:\Program\Common7\IDE\CommonExtensions\Microsoft\Markdown\Preview\Dependencies\manifest.json
[da4c:0007][2026-05-10T00:50:04] Timestamp updated for file 'D:\Program\Common7\IDE\CommonExtensions\Microsoft\Markdown\Preview\Dependencies\manifest.json'.
[da4c:0007][2026-05-10T00:50:04] Processing file /Preview/Dependencies/md-template.html
[da4c:0007][2026-05-10T00:50:04] Started: Copying file /Preview/Dependencies/md-template.html to D:\Program\Common7\IDE\CommonExtensions\Microsoft\Markdown\Preview\Dependencies\md-template.html
[da4c:0007][2026-05-10T00:50:04] Completed: Copying file /Preview/Dependencies/md-template.html to D:\Program\Common7\IDE\CommonExtensions\Microsoft\Markdown\Preview\Dependencies\md-template.html
[da4c:0007][2026-05-10T00:50:04] Timestamp updated for file 'D:\Program\Common7\IDE\CommonExtensions\Microsoft\Markdown\Preview\Dependencies\md-template.html'.
[da4c:0007][2026-05-10T00:50:04] Processing file /Preview/Dependencies/mermaidJS/LICENSE.txt
[da4c:0007][2026-05-10T00:50:04] Started: Copying file /Preview/Dependencies/mermaidJS/LICENSE.txt to D:\Program\Common7\IDE\CommonExtensions\Microsoft\Markdown\Preview\Dependencies\mermaidJS\LICENSE.txt
[da4c:0007][2026-05-10T00:50:04] Completed: Copying file /Preview/Dependencies/mermaidJS/LICENSE.txt to D:\Program\Common7\IDE\CommonExtensions\Microsoft\Markdown\Preview\Dependencies\mermaidJS\LICENSE.txt
[da4c:0007][2026-05-10T00:50:04] Timestamp updated for file 'D:\Program\Common7\IDE\CommonExtensions\Microsoft\Markdown\Preview\Dependencies\mermaidJS\LICENSE.txt'.
[da4c:0007][2026-05-10T00:50:04] Processing file /Preview/Dependencies/mermaidJS/mermaid.min.js
[da4c:0007][2026-05-10T00:50:04] Started: Copying file /Preview/Dependencies/mermaidJS/mermaid.min.js to D:\Program\Common7\IDE\CommonExtensions\Microsoft\Markdown\Preview\Dependencies\mermaidJS\mermaid.min.js
[da4c:0007][2026-05-10T00:50:04] Completed: Copying file /Preview/Dependencies/mermaidJS/mermaid.min.js to D:\Program\Common7\IDE\CommonExtensions\Microsoft\Markdown\Preview\Dependencies\mermaidJS\mermaid.min.js
[da4c:0007][2026-05-10T00:50:04] Timestamp updated for file 'D:\Program\Common7\IDE\CommonExtensions\Microsoft\Markdown\Preview\Dependencies\mermaidJS\mermaid.min.js'.
[da4c:0007][2026-05-10T00:50:04] Processing file /Preview/Dependencies/vs-tool.css
[da4c:0007][2026-05-10T00:50:04] Started: Copying file /Preview/Dependencies/vs-tool.css to D:\Program\Common7\IDE\CommonExtensions\Microsoft\Markdown\Preview\Dependencies\vs-tool.css
[da4c:0007][2026-05-10T00:50:04] Completed: Copying file /Preview/Dependencies/vs-tool.css to D:\Program\Common7\IDE\CommonExtensions\Microsoft\Markdown\Preview\Dependencies\vs-tool.css
[da4c:0007][2026-05-10T00:50:04] Timestamp updated for file 'D:\Program\Common7\IDE\CommonExtensions\Microsoft\Markdown\Preview\Dependencies\vs-tool.css'.
[da4c:0007][2026-05-10T00:50:04] Processing file /pt-BR/Microsoft.VisualStudio.Markdown.Platform.resources.dll
[da4c:0007][2026-05-10T00:50:04] Started: Copying file /pt-BR/Microsoft.VisualStudio.Markdown.Platform.resources.dll to D:\Program\Common7\IDE\CommonExtensions\Microsoft\Markdown\pt-BR\Microsoft.VisualStudio.Markdown.Platform.resources.dll
[da4c:0007][2026-05-10T00:50:04] Completed: Copying file /pt-BR/Microsoft.VisualStudio.Markdown.Platform.resources.dll to D:\Program\Common7\IDE\CommonExtensions\Microsoft\Markdown\pt-BR\Microsoft.VisualStudio.Markdown.Platform.resources.dll
[da4c:0007][2026-05-10T00:50:04] Timestamp updated for file 'D:\Program\Common7\IDE\CommonExtensions\Microsoft\Markdown\pt-BR\Microsoft.VisualStudio.Markdown.Platform.resources.dll'.
[da4c:0007][2026-05-10T00:50:04] Processing file /ru/Microsoft.VisualStudio.Markdown.Platform.resources.dll
[da4c:0007][2026-05-10T00:50:04] Started: Copying file /ru/Microsoft.VisualStudio.Markdown.Platform.resources.dll to D:\Program\Common7\IDE\CommonExtensions\Microsoft\Markdown\ru\Microsoft.VisualStudio.Markdown.Platform.resources.dll
[da4c:0007][2026-05-10T00:50:04] Completed: Copying file /ru/Microsoft.VisualStudio.Markdown.Platform.resources.dll to D:\Program\Common7\IDE\CommonExtensions\Microsoft\Markdown\ru\Microsoft.VisualStudio.Markdown.Platform.resources.dll
[da4c:0007][2026-05-10T00:50:04] Timestamp updated for file 'D:\Program\Common7\IDE\CommonExtensions\Microsoft\Markdown\ru\Microsoft.VisualStudio.Markdown.Platform.resources.dll'.
[da4c:0007][2026-05-10T00:50:04] Processing file /runtimes/win-arm64/native/WebView2Loader.dll
[da4c:0007][2026-05-10T00:50:04] Started: Copying file /runtimes/win-arm64/native/WebView2Loader.dll to D:\Program\Common7\IDE\CommonExtensions\Microsoft\Markdown\runtimes\win-arm64\native\WebView2Loader.dll
[da4c:0007][2026-05-10T00:50:04] Completed: Copying file /runtimes/win-arm64/native/WebView2Loader.dll to D:\Program\Common7\IDE\CommonExtensions\Microsoft\Markdown\runtimes\win-arm64\native\WebView2Loader.dll
[da4c:0007][2026-05-10T00:50:04] Timestamp updated for file 'D:\Program\Common7\IDE\CommonExtensions\Microsoft\Markdown\runtimes\win-arm64\native\WebView2Loader.dll'.
[da4c:0007][2026-05-10T00:50:04] Processing file /runtimes/win-x64/native/WebView2Loader.dll
[da4c:0007][2026-05-10T00:50:04] Started: Copying file /runtimes/win-x64/native/WebView2Loader.dll to D:\Program\Common7\IDE\CommonExtensions\Microsoft\Markdown\runtimes\win-x64\native\WebView2Loader.dll
[da4c:0007][2026-05-10T00:50:04] Completed: Copying file /runtimes/win-x64/native/WebView2Loader.dll to D:\Program\Common7\IDE\CommonExtensions\Microsoft\Markdown\runtimes\win-x64\native\WebView2Loader.dll
[da4c:0007][2026-05-10T00:50:04] Timestamp updated for file 'D:\Program\Common7\IDE\CommonExtensions\Microsoft\Markdown\runtimes\win-x64\native\WebView2Loader.dll'.
[da4c:0007][2026-05-10T00:50:04] Processing file /runtimes/win-x86/native/WebView2Loader.dll
[da4c:0007][2026-05-10T00:50:04] Started: Copying file /runtimes/win-x86/native/WebView2Loader.dll to D:\Program\Common7\IDE\CommonExtensions\Microsoft\Markdown\runtimes\win-x86\native\WebView2Loader.dll
[da4c:0007][2026-05-10T00:50:04] Completed: Copying file /runtimes/win-x86/native/WebView2Loader.dll to D:\Program\Common7\IDE\CommonExtensions\Microsoft\Markdown\runtimes\win-x86\native\WebView2Loader.dll
[da4c:0007][2026-05-10T00:50:04] Timestamp updated for file 'D:\Program\Common7\IDE\CommonExtensions\Microsoft\Markdown\runtimes\win-x86\native\WebView2Loader.dll'.
[da4c:0007][2026-05-10T00:50:04] Processing file /Strings.resx
[da4c:0007][2026-05-10T00:50:04] Started: Copying file /Strings.resx to D:\Program\Common7\IDE\CommonExtensions\Microsoft\Markdown\Strings.resx
[da4c:0007][2026-05-10T00:50:04] Completed: Copying file /Strings.resx to D:\Program\Common7\IDE\CommonExtensions\Microsoft\Markdown\Strings.resx
[da4c:0007][2026-05-10T00:50:04] Timestamp updated for file 'D:\Program\Common7\IDE\CommonExtensions\Microsoft\Markdown\Strings.resx'.
[da4c:0007][2026-05-10T00:50:04] Processing file /Templates/ASP.NET%20Core/General/md-aspnetcore.zip
[da4c:0007][2026-05-10T00:50:04] Started: Copying file /Templates/ASP.NET%20Core/General/md-aspnetcore.zip to D:\Program\Common7\IDE\CommonExtensions\Microsoft\Markdown\Templates\ASP.NET Core\General\md-aspnetcore.zip
[da4c:0007][2026-05-10T00:50:04] Completed: Copying file /Templates/ASP.NET%20Core/General/md-aspnetcore.zip to D:\Program\Common7\IDE\CommonExtensions\Microsoft\Markdown\Templates\ASP.NET Core\General\md-aspnetcore.zip
[da4c:0007][2026-05-10T00:50:04] Timestamp updated for file 'D:\Program\Common7\IDE\CommonExtensions\Microsoft\Markdown\Templates\ASP.NET Core\General\md-aspnetcore.zip'.
[da4c:0007][2026-05-10T00:50:04] Processing file /Templates/md-csharp.zip
[da4c:0007][2026-05-10T00:50:04] Started: Copying file /Templates/md-csharp.zip to D:\Program\Common7\IDE\CommonExtensions\Microsoft\Markdown\Templates\md-csharp.zip
[da4c:0007][2026-05-10T00:50:04] Completed: Copying file /Templates/md-csharp.zip to D:\Program\Common7\IDE\CommonExtensions\Microsoft\Markdown\Templates\md-csharp.zip
[da4c:0007][2026-05-10T00:50:04] Timestamp updated for file 'D:\Program\Common7\IDE\CommonExtensions\Microsoft\Markdown\Templates\md-csharp.zip'.
[da4c:0007][2026-05-10T00:50:04] Processing file /Templates/md-vb.zip
[da4c:0007][2026-05-10T00:50:04] Started: Copying file /Templates/md-vb.zip to D:\Program\Common7\IDE\CommonExtensions\Microsoft\Markdown\Templates\md-vb.zip
[da4c:0007][2026-05-10T00:50:04] Completed: Copying file /Templates/md-vb.zip to D:\Program\Common7\IDE\CommonExtensions\Microsoft\Markdown\Templates\md-vb.zip
[da4c:0007][2026-05-10T00:50:04] Timestamp updated for file 'D:\Program\Common7\IDE\CommonExtensions\Microsoft\Markdown\Templates\md-vb.zip'.
[da4c:0007][2026-05-10T00:50:04] Processing file /Templates/md-web.zip
[da4c:0007][2026-05-10T00:50:04] Started: Copying file /Templates/md-web.zip to D:\Program\Common7\IDE\CommonExtensions\Microsoft\Markdown\Templates\md-web.zip
[da4c:0007][2026-05-10T00:50:04] Completed: Copying file /Templates/md-web.zip to D:\Program\Common7\IDE\CommonExtensions\Microsoft\Markdown\Templates\md-web.zip
[da4c:0007][2026-05-10T00:50:04] Timestamp updated for file 'D:\Program\Common7\IDE\CommonExtensions\Microsoft\Markdown\Templates\md-web.zip'.
[da4c:0007][2026-05-10T00:50:04] Processing file /Templates/VC/Utility/md-vc.zip
[da4c:0007][2026-05-10T00:50:04] Started: Copying file /Templates/VC/Utility/md-vc.zip to D:\Program\Common7\IDE\CommonExtensions\Microsoft\Markdown\Templates\VC\Utility\md-vc.zip
[da4c:0007][2026-05-10T00:50:04] Completed: Copying file /Templates/VC/Utility/md-vc.zip to D:\Program\Common7\IDE\CommonExtensions\Microsoft\Markdown\Templates\VC\Utility\md-vc.zip
[da4c:0007][2026-05-10T00:50:04] Timestamp updated for file 'D:\Program\Common7\IDE\CommonExtensions\Microsoft\Markdown\Templates\VC\Utility\md-vc.zip'.
[da4c:0007][2026-05-10T00:50:04] Processing file /tr/Microsoft.VisualStudio.Markdown.Platform.resources.dll
[da4c:0007][2026-05-10T00:50:04] Started: Copying file /tr/Microsoft.VisualStudio.Markdown.Platform.resources.dll to D:\Program\Common7\IDE\CommonExtensions\Microsoft\Markdown\tr\Microsoft.VisualStudio.Markdown.Platform.resources.dll
[da4c:0007][2026-05-10T00:50:04] Completed: Copying file /tr/Microsoft.VisualStudio.Markdown.Platform.resources.dll to D:\Program\Common7\IDE\CommonExtensions\Microsoft\Markdown\tr\Microsoft.VisualStudio.Markdown.Platform.resources.dll
[da4c:0007][2026-05-10T00:50:04] Timestamp updated for file 'D:\Program\Common7\IDE\CommonExtensions\Microsoft\Markdown\tr\Microsoft.VisualStudio.Markdown.Platform.resources.dll'.
[da4c:0007][2026-05-10T00:50:04] Processing file /zh-Hans/Microsoft.VisualStudio.Markdown.Platform.resources.dll
[da4c:0007][2026-05-10T00:50:04] Started: Copying file /zh-Hans/Microsoft.VisualStudio.Markdown.Platform.resources.dll to D:\Program\Common7\IDE\CommonExtensions\Microsoft\Markdown\zh-Hans\Microsoft.VisualStudio.Markdown.Platform.resources.dll
[da4c:0007][2026-05-10T00:50:04] Completed: Copying file /zh-Hans/Microsoft.VisualStudio.Markdown.Platform.resources.dll to D:\Program\Common7\IDE\CommonExtensions\Microsoft\Markdown\zh-Hans\Microsoft.VisualStudio.Markdown.Platform.resources.dll
[da4c:0007][2026-05-10T00:50:04] Timestamp updated for file 'D:\Program\Common7\IDE\CommonExtensions\Microsoft\Markdown\zh-Hans\Microsoft.VisualStudio.Markdown.Platform.resources.dll'.
[da4c:0007][2026-05-10T00:50:04] Processing file /zh-Hant/Microsoft.VisualStudio.Markdown.Platform.resources.dll
[da4c:0007][2026-05-10T00:50:04] Started: Copying file /zh-Hant/Microsoft.VisualStudio.Markdown.Platform.resources.dll to D:\Program\Common7\IDE\CommonExtensions\Microsoft\Markdown\zh-Hant\Microsoft.VisualStudio.Markdown.Platform.resources.dll
[da4c:0007][2026-05-10T00:50:04] Completed: Copying file /zh-Hant/Microsoft.VisualStudio.Markdown.Platform.resources.dll to D:\Program\Common7\IDE\CommonExtensions\Microsoft\Markdown\zh-Hant\Microsoft.VisualStudio.Markdown.Platform.resources.dll
[da4c:0007][2026-05-10T00:50:04] Timestamp updated for file 'D:\Program\Common7\IDE\CommonExtensions\Microsoft\Markdown\zh-Hant\Microsoft.VisualStudio.Markdown.Platform.resources.dll'.
[da4c:0007][2026-05-10T00:50:04] Processing file /extension.vsixmanifest
[da4c:0007][2026-05-10T00:50:04] Started: Copying file /extension.vsixmanifest to D:\Program\Common7\IDE\CommonExtensions\Microsoft\Markdown\extension.vsixmanifest
[da4c:0007][2026-05-10T00:50:04] Completed: Copying file /extension.vsixmanifest to D:\Program\Common7\IDE\CommonExtensions\Microsoft\Markdown\extension.vsixmanifest
[da4c:0007][2026-05-10T00:50:04] Timestamp updated for file 'D:\Program\Common7\IDE\CommonExtensions\Microsoft\Markdown\extension.vsixmanifest'.
[da4c:0007][2026-05-10T00:50:04] Package executed successfully. Return code: 0
