[2e2c:0007][2026-05-10T01:23:51] Opening the package for processing
[2e2c:0007][2026-05-10T01:23:51] Using package payload to get the embedded manifest
[2e2c:0007][2026-05-10T01:23:51] Getting list of files within the package
[2e2c:0007][2026-05-10T01:23:51] Processing file /Contents/Common7/IDE/Automation/VSDebug.dll
[2e2c:0007][2026-05-10T01:23:51] Started: Copying file /Contents/Common7/IDE/Automation/VSDebug.dll to D:\Program Files (x86)\Microsoft Visual Studio\2022\BuildTools\Common7\IDE\Automation\VSDebug.dll
[2e2c:0007][2026-05-10T01:23:51] Completed: Copying file /Contents/Common7/IDE/Automation/VSDebug.dll to D:\Program Files (x86)\Microsoft Visual Studio\2022\BuildTools\Common7\IDE\Automation\VSDebug.dll
[2e2c:0007][2026-05-10T01:23:51] Timestamp updated for file 'D:\Program Files (x86)\Microsoft Visual Studio\2022\BuildTools\Common7\IDE\Automation\VSDebug.dll'.
[2e2c:0007][2026-05-10T01:23:51] Processing file /Contents/Common7/IDE/Automation/VSDebug.dll.manifest
[2e2c:0007][2026-05-10T01:23:51] Started: Copying file /Contents/Common7/IDE/Automation/VSDebug.dll.manifest to D:\Program Files (x86)\Microsoft Visual Studio\2022\BuildTools\Common7\IDE\Automation\VSDebug.dll.manifest
[2e2c:0007][2026-05-10T01:23:51] Completed: Copying file /Contents/Common7/IDE/Automation/VSDebug.dll.manifest to D:\Program Files (x86)\Microsoft Visual Studio\2022\BuildTools\Common7\IDE\Automation\VSDebug.dll.manifest
[2e2c:0007][2026-05-10T01:23:51] Timestamp updated for file 'D:\Program Files (x86)\Microsoft Visual Studio\2022\BuildTools\Common7\IDE\Automation\VSDebug.dll.manifest'.
[2e2c:0007][2026-05-10T01:23:51] Processing file /Contents/Common7/IDE/CommonExtensions/Platform/Debugger/crashdump.ico
[2e2c:0007][2026-05-10T01:23:51] Started: Copying file /Contents/Common7/IDE/CommonExtensions/Platform/Debugger/crashdump.ico to D:\Program Files (x86)\Microsoft Visual Studio\2022\BuildTools\Common7\IDE\CommonExtensions\Platform\Debugger\crashdump.ico
[2e2c:0007][2026-05-10T01:23:51] Completed: Copying file /Contents/Common7/IDE/CommonExtensions/Platform/Debugger/crashdump.ico to D:\Program Files (x86)\Microsoft Visual Studio\2022\BuildTools\Common7\IDE\CommonExtensions\Platform\Debugger\crashdump.ico
[2e2c:0007][2026-05-10T01:23:51] Timestamp updated for file 'D:\Program Files (x86)\Microsoft Visual Studio\2022\BuildTools\Common7\IDE\CommonExtensions\Platform\Debugger\crashdump.ico'.
[2e2c:0007][2026-05-10T01:23:51] Processing file /Contents/Common7/IDE/CommonExtensions/Platform/Debugger/ENCMgr.pkgdef
[2e2c:0007][2026-05-10T01:23:51] Started: Copying file /Contents/Common7/IDE/CommonExtensions/Platform/Debugger/ENCMgr.pkgdef to D:\Program Files (x86)\Microsoft Visual Studio\2022\BuildTools\Common7\IDE\CommonExtensions\Platform\Debugger\ENCMgr.pkgdef
[2e2c:0007][2026-05-10T01:23:51] Completed: Copying file /Contents/Common7/IDE/CommonExtensions/Platform/Debugger/ENCMgr.pkgdef to D:\Program Files (x86)\Microsoft Visual Studio\2022\BuildTools\Common7\IDE\CommonExtensions\Platform\Debugger\ENCMgr.pkgdef
[2e2c:0007][2026-05-10T01:23:51] Timestamp updated for file 'D:\Program Files (x86)\Microsoft Visual Studio\2022\BuildTools\Common7\IDE\CommonExtensions\Platform\Debugger\ENCMgr.pkgdef'.
[2e2c:0007][2026-05-10T01:23:51] Processing file /Contents/Common7/IDE/CommonExtensions/Platform/Debugger/Microsoft.VisualStudio.Debugger.UI.Interfaces.dll
[2e2c:0007][2026-05-10T01:23:51] Started: Copying file /Contents/Common7/IDE/CommonExtensions/Platform/Debugger/Microsoft.VisualStudio.Debugger.UI.Interfaces.dll to D:\Program Files (x86)\Microsoft Visual Studio\2022\BuildTools\Common7\IDE\CommonExtensions\Platform\Debugger\Microsoft.VisualStudio.Debugger.UI.Interfaces.dll
[2e2c:0007][2026-05-10T01:23:51] Completed: Copying file /Contents/Common7/IDE/CommonExtensions/Platform/Debugger/Microsoft.VisualStudio.Debugger.UI.Interfaces.dll to D:\Program Files (x86)\Microsoft Visual Studio\2022\BuildTools\Common7\IDE\CommonExtensions\Platform\Debugger\Microsoft.VisualStudio.Debugger.UI.Interfaces.dll
[2e2c:0007][2026-05-10T01:23:51] Timestamp updated for file 'D:\Program Files (x86)\Microsoft Visual Studio\2022\BuildTools\Common7\IDE\CommonExtensions\Platform\Debugger\Microsoft.VisualStudio.Debugger.UI.Interfaces.dll'.
[2e2c:0007][2026-05-10T01:23:51] Queueing D:\Program Files (x86)\Microsoft Visual Studio\2022\BuildTools\Common7\IDE\CommonExtensions\Platform\Debugger\Microsoft.VisualStudio.Debugger.UI.Interfaces.dll for X86 ngen
[2e2c:0007][2026-05-10T01:23:51] Successfully queued file '/Contents/Common7/IDE/CommonExtensions/Platform/Debugger/Microsoft.VisualStudio.Debugger.UI.Interfaces.dll' for ngen
[2e2c:0007][2026-05-10T01:23:51] Processing file /Contents/Common7/IDE/CommonExtensions/Platform/Debugger/OpenFolderSchema.json
[2e2c:0007][2026-05-10T01:23:51] Started: Copying file /Contents/Common7/IDE/CommonExtensions/Platform/Debugger/OpenFolderSchema.json to D:\Program Files (x86)\Microsoft Visual Studio\2022\BuildTools\Common7\IDE\CommonExtensions\Platform\Debugger\OpenFolderSchema.json
[2e2c:0007][2026-05-10T01:23:51] Completed: Copying file /Contents/Common7/IDE/CommonExtensions/Platform/Debugger/OpenFolderSchema.json to D:\Program Files (x86)\Microsoft Visual Studio\2022\BuildTools\Common7\IDE\CommonExtensions\Platform\Debugger\OpenFolderSchema.json
[2e2c:0007][2026-05-10T01:23:51] Timestamp updated for file 'D:\Program Files (x86)\Microsoft Visual Studio\2022\BuildTools\Common7\IDE\CommonExtensions\Platform\Debugger\OpenFolderSchema.json'.
[2e2c:0007][2026-05-10T01:23:51] Processing file /Contents/Common7/IDE/CommonExtensions/Platform/Debugger/SymbolLocator.pkgdef
[2e2c:0007][2026-05-10T01:23:51] Started: Copying file /Contents/Common7/IDE/CommonExtensions/Platform/Debugger/SymbolLocator.pkgdef to D:\Program Files (x86)\Microsoft Visual Studio\2022\BuildTools\Common7\IDE\CommonExtensions\Platform\Debugger\SymbolLocator.pkgdef
[2e2c:0007][2026-05-10T01:23:51] Completed: Copying file /Contents/Common7/IDE/CommonExtensions/Platform/Debugger/SymbolLocator.pkgdef to D:\Program Files (x86)\Microsoft Visual Studio\2022\BuildTools\Common7\IDE\CommonExtensions\Platform\Debugger\SymbolLocator.pkgdef
[2e2c:0007][2026-05-10T01:23:51] Timestamp updated for file 'D:\Program Files (x86)\Microsoft Visual Studio\2022\BuildTools\Common7\IDE\CommonExtensions\Platform\Debugger\SymbolLocator.pkgdef'.
[2e2c:0007][2026-05-10T01:23:51] Processing file /Contents/Common7/IDE/CommonExtensions/Platform/Debugger/vsdebug.imagemanifest
[2e2c:0007][2026-05-10T01:23:51] Started: Copying file /Contents/Common7/IDE/CommonExtensions/Platform/Debugger/vsdebug.imagemanifest to D:\Program Files (x86)\Microsoft Visual Studio\2022\BuildTools\Common7\IDE\CommonExtensions\Platform\Debugger\vsdebug.imagemanifest
[2e2c:0007][2026-05-10T01:23:51] Completed: Copying file /Contents/Common7/IDE/CommonExtensions/Platform/Debugger/vsdebug.imagemanifest to D:\Program Files (x86)\Microsoft Visual Studio\2022\BuildTools\Common7\IDE\CommonExtensions\Platform\Debugger\vsdebug.imagemanifest
[2e2c:0007][2026-05-10T01:23:51] Timestamp updated for file 'D:\Program Files (x86)\Microsoft Visual Studio\2022\BuildTools\Common7\IDE\CommonExtensions\Platform\Debugger\vsdebug.imagemanifest'.
[2e2c:0007][2026-05-10T01:23:51] Processing file /Contents/Common7/IDE/CommonExtensions/Platform/Debugger/VSDebug.pkgdef
[2e2c:0007][2026-05-10T01:23:51] Started: Copying file /Contents/Common7/IDE/CommonExtensions/Platform/Debugger/VSDebug.pkgdef to D:\Program Files (x86)\Microsoft Visual Studio\2022\BuildTools\Common7\IDE\CommonExtensions\Platform\Debugger\VSDebug.pkgdef
[2e2c:0007][2026-05-10T01:23:51] Completed: Copying file /Contents/Common7/IDE/CommonExtensions/Platform/Debugger/VSDebug.pkgdef to D:\Program Files (x86)\Microsoft Visual Studio\2022\BuildTools\Common7\IDE\CommonExtensions\Platform\Debugger\VSDebug.pkgdef
[2e2c:0007][2026-05-10T01:23:51] Timestamp updated for file 'D:\Program Files (x86)\Microsoft Visual Studio\2022\BuildTools\Common7\IDE\CommonExtensions\Platform\Debugger\VSDebug.pkgdef'.
[2e2c:0007][2026-05-10T01:23:51] Processing file /Contents/Common7/IDE/CommonExtensions/Platform/Debugger/VSDebugCoreUI.dll
[2e2c:0007][2026-05-10T01:23:51] Started: Copying file /Contents/Common7/IDE/CommonExtensions/Platform/Debugger/VSDebugCoreUI.dll to D:\Program Files (x86)\Microsoft Visual Studio\2022\BuildTools\Common7\IDE\CommonExtensions\Platform\Debugger\VSDebugCoreUI.dll
[2e2c:0007][2026-05-10T01:23:51] Completed: Copying file /Contents/Common7/IDE/CommonExtensions/Platform/Debugger/VSDebugCoreUI.dll to D:\Program Files (x86)\Microsoft Visual Studio\2022\BuildTools\Common7\IDE\CommonExtensions\Platform\Debugger\VSDebugCoreUI.dll
[2e2c:0007][2026-05-10T01:23:51] Timestamp updated for file 'D:\Program Files (x86)\Microsoft Visual Studio\2022\BuildTools\Common7\IDE\CommonExtensions\Platform\Debugger\VSDebugCoreUI.dll'.
[2e2c:0007][2026-05-10T01:23:51] Queueing D:\Program Files (x86)\Microsoft Visual Studio\2022\BuildTools\Common7\IDE\CommonExtensions\Platform\Debugger\VSDebugCoreUI.dll for X86 ngen
[2e2c:0007][2026-05-10T01:23:51] Successfully queued file '/Contents/Common7/IDE/CommonExtensions/Platform/Debugger/VSDebugCoreUI.dll' for ngen
[2e2c:0007][2026-05-10T01:23:51] Processing file /Contents/Common7/IDE/CommonExtensions/Platform/Debugger/VSDebugCoreUI.pkgdef
[2e2c:0007][2026-05-10T01:23:51] Started: Copying file /Contents/Common7/IDE/CommonExtensions/Platform/Debugger/VSDebugCoreUI.pkgdef to D:\Program Files (x86)\Microsoft Visual Studio\2022\BuildTools\Common7\IDE\CommonExtensions\Platform\Debugger\VSDebugCoreUI.pkgdef
[2e2c:0007][2026-05-10T01:23:51] Completed: Copying file /Contents/Common7/IDE/CommonExtensions/Platform/Debugger/VSDebugCoreUI.pkgdef to D:\Program Files (x86)\Microsoft Visual Studio\2022\BuildTools\Common7\IDE\CommonExtensions\Platform\Debugger\VSDebugCoreUI.pkgdef
[2e2c:0007][2026-05-10T01:23:51] Timestamp updated for file 'D:\Program Files (x86)\Microsoft Visual Studio\2022\BuildTools\Common7\IDE\CommonExtensions\Platform\Debugger\VSDebugCoreUI.pkgdef'.
[2e2c:0007][2026-05-10T01:23:51] Processing file /Contents/Common7/IDE/CommonExtensions/Platform/Debugger/VsDebugPresentationPackage.dll
[2e2c:0007][2026-05-10T01:23:51] Started: Copying file /Contents/Common7/IDE/CommonExtensions/Platform/Debugger/VsDebugPresentationPackage.dll to D:\Program Files (x86)\Microsoft Visual Studio\2022\BuildTools\Common7\IDE\CommonExtensions\Platform\Debugger\VsDebugPresentationPackage.dll
[2e2c:0007][2026-05-10T01:23:51] Completed: Copying file /Contents/Common7/IDE/CommonExtensions/Platform/Debugger/VsDebugPresentationPackage.dll to D:\Program Files (x86)\Microsoft Visual Studio\2022\BuildTools\Common7\IDE\CommonExtensions\Platform\Debugger\VsDebugPresentationPackage.dll
[2e2c:0007][2026-05-10T01:23:51] Timestamp updated for file 'D:\Program Files (x86)\Microsoft Visual Studio\2022\BuildTools\Common7\IDE\CommonExtensions\Platform\Debugger\VsDebugPresentationPackage.dll'.
[2e2c:0007][2026-05-10T01:23:51] Queueing D:\Program Files (x86)\Microsoft Visual Studio\2022\BuildTools\Common7\IDE\CommonExtensions\Platform\Debugger\VsDebugPresentationPackage.dll for X86 ngen
[2e2c:0007][2026-05-10T01:23:51] Successfully queued file '/Contents/Common7/IDE/CommonExtensions/Platform/Debugger/VsDebugPresentationPackage.dll' for ngen
[2e2c:0007][2026-05-10T01:23:51] Processing file /Contents/Common7/IDE/CommonExtensions/Platform/Debugger/VsDebugPresentationPackage.imagemanifest
[2e2c:0007][2026-05-10T01:23:51] Started: Copying file /Contents/Common7/IDE/CommonExtensions/Platform/Debugger/VsDebugPresentationPackage.imagemanifest to D:\Program Files (x86)\Microsoft Visual Studio\2022\BuildTools\Common7\IDE\CommonExtensions\Platform\Debugger\VsDebugPresentationPackage.imagemanifest
[2e2c:0007][2026-05-10T01:23:51] Completed: Copying file /Contents/Common7/IDE/CommonExtensions/Platform/Debugger/VsDebugPresentationPackage.imagemanifest to D:\Program Files (x86)\Microsoft Visual Studio\2022\BuildTools\Common7\IDE\CommonExtensions\Platform\Debugger\VsDebugPresentationPackage.imagemanifest
[2e2c:0007][2026-05-10T01:23:51] Timestamp updated for file 'D:\Program Files (x86)\Microsoft Visual Studio\2022\BuildTools\Common7\IDE\CommonExtensions\Platform\Debugger\VsDebugPresentationPackage.imagemanifest'.
[2e2c:0007][2026-05-10T01:23:51] Processing file /Contents/Common7/IDE/CommonExtensions/Platform/Debugger/VsDebugPresentationPackage.pkgdef
[2e2c:0007][2026-05-10T01:23:51] Started: Copying file /Contents/Common7/IDE/CommonExtensions/Platform/Debugger/VsDebugPresentationPackage.pkgdef to D:\Program Files (x86)\Microsoft Visual Studio\2022\BuildTools\Common7\IDE\CommonExtensions\Platform\Debugger\VsDebugPresentationPackage.pkgdef
[2e2c:0007][2026-05-10T01:23:51] Completed: Copying file /Contents/Common7/IDE/CommonExtensions/Platform/Debugger/VsDebugPresentationPackage.pkgdef to D:\Program Files (x86)\Microsoft Visual Studio\2022\BuildTools\Common7\IDE\CommonExtensions\Platform\Debugger\VsDebugPresentationPackage.pkgdef
[2e2c:0007][2026-05-10T01:23:51] Timestamp updated for file 'D:\Program Files (x86)\Microsoft Visual Studio\2022\BuildTools\Common7\IDE\CommonExtensions\Platform\Debugger\VsDebugPresentationPackage.pkgdef'.
[2e2c:0007][2026-05-10T01:23:51] Processing file /Contents/Common7/IDE/CommonExtensions/Platform/Debugger/WebViews/BptDiagnosticCommon/Icons/add_row.png
[2e2c:0007][2026-05-10T01:23:51] Started: Copying file /Contents/Common7/IDE/CommonExtensions/Platform/Debugger/WebViews/BptDiagnosticCommon/Icons/add_row.png to D:\Program Files (x86)\Microsoft Visual Studio\2022\BuildTools\Common7\IDE\CommonExtensions\Platform\Debugger\WebViews\BptDiagnosticCommon\Icons\add_row.png
[2e2c:0007][2026-05-10T01:23:51] Completed: Copying file /Contents/Common7/IDE/CommonExtensions/Platform/Debugger/WebViews/BptDiagnosticCommon/Icons/add_row.png to D:\Program Files (x86)\Microsoft Visual Studio\2022\BuildTools\Common7\IDE\CommonExtensions\Platform\Debugger\WebViews\BptDiagnosticCommon\Icons\add_row.png
[2e2c:0007][2026-05-10T01:23:51] Timestamp updated for file 'D:\Program Files (x86)\Microsoft Visual Studio\2022\BuildTools\Common7\IDE\CommonExtensions\Platform\Debugger\WebViews\BptDiagnosticCommon\Icons\add_row.png'.
[2e2c:0007][2026-05-10T01:23:51] Processing file /Contents/Common7/IDE/CommonExtensions/Platform/Debugger/WebViews/BptDiagnosticCommon/Icons/columnmove.png
[2e2c:0007][2026-05-10T01:23:51] Started: Copying file /Contents/Common7/IDE/CommonExtensions/Platform/Debugger/WebViews/BptDiagnosticCommon/Icons/columnmove.png to D:\Program Files (x86)\Microsoft Visual Studio\2022\BuildTools\Common7\IDE\CommonExtensions\Platform\Debugger\WebViews\BptDiagnosticCommon\Icons\columnmove.png
[2e2c:0007][2026-05-10T01:23:51] Completed: Copying file /Contents/Common7/IDE/CommonExtensions/Platform/Debugger/WebViews/BptDiagnosticCommon/Icons/columnmove.png to D:\Program Files (x86)\Microsoft Visual Studio\2022\BuildTools\Common7\IDE\CommonExtensions\Platform\Debugger\WebViews\BptDiagnosticCommon\Icons\columnmove.png
[2e2c:0007][2026-05-10T01:23:51] Timestamp updated for file 'D:\Program Files (x86)\Microsoft Visual Studio\2022\BuildTools\Common7\IDE\CommonExtensions\Platform\Debugger\WebViews\BptDiagnosticCommon\Icons\columnmove.png'.
[2e2c:0007][2026-05-10T01:23:51] Processing file /Contents/Common7/IDE/CommonExtensions/Platform/Debugger/WebViews/BptDiagnosticCommon/Icons/common-icons.png
[2e2c:0007][2026-05-10T01:23:51] Started: Copying file /Contents/Common7/IDE/CommonExtensions/Platform/Debugger/WebViews/BptDiagnosticCommon/Icons/common-icons.png to D:\Program Files (x86)\Microsoft Visual Studio\2022\BuildTools\Common7\IDE\CommonExtensions\Platform\Debugger\WebViews\BptDiagnosticCommon\Icons\common-icons.png
[2e2c:0007][2026-05-10T01:23:51] Completed: Copying file /Contents/Common7/IDE/CommonExtensions/Platform/Debugger/WebViews/BptDiagnosticCommon/Icons/common-icons.png to D:\Program Files (x86)\Microsoft Visual Studio\2022\BuildTools\Common7\IDE\CommonExtensions\Platform\Debugger\WebViews\BptDiagnosticCommon\Icons\common-icons.png
[2e2c:0007][2026-05-10T01:23:51] Timestamp updated for file 'D:\Program Files (x86)\Microsoft Visual Studio\2022\BuildTools\Common7\IDE\CommonExtensions\Platform\Debugger\WebViews\BptDiagnosticCommon\Icons\common-icons.png'.
[2e2c:0007][2026-05-10T01:23:51] Processing file /Contents/Common7/IDE/CommonExtensions/Platform/Debugger/WebViews/BptDiagnosticCommon/Icons/copy.png
[2e2c:0007][2026-05-10T01:23:51] Started: Copying file /Contents/Common7/IDE/CommonExtensions/Platform/Debugger/WebViews/BptDiagnosticCommon/Icons/copy.png to D:\Program Files (x86)\Microsoft Visual Studio\2022\BuildTools\Common7\IDE\CommonExtensions\Platform\Debugger\WebViews\BptDiagnosticCommon\Icons\copy.png
[2e2c:0007][2026-05-10T01:23:51] Completed: Copying file /Contents/Common7/IDE/CommonExtensions/Platform/Debugger/WebViews/BptDiagnosticCommon/Icons/copy.png to D:\Program Files (x86)\Microsoft Visual Studio\2022\BuildTools\Common7\IDE\CommonExtensions\Platform\Debugger\WebViews\BptDiagnosticCommon\Icons\copy.png
[2e2c:0007][2026-05-10T01:23:51] Timestamp updated for file 'D:\Program Files (x86)\Microsoft Visual Studio\2022\BuildTools\Common7\IDE\CommonExtensions\Platform\Debugger\WebViews\BptDiagnosticCommon\Icons\copy.png'.
[2e2c:0007][2026-05-10T01:23:51] Processing file /Contents/Common7/IDE/CommonExtensions/Platform/Debugger/WebViews/BptDiagnosticCommon/Icons/hotItem.png
[2e2c:0007][2026-05-10T01:23:51] Started: Copying file /Contents/Common7/IDE/CommonExtensions/Platform/Debugger/WebViews/BptDiagnosticCommon/Icons/hotItem.png to D:\Program Files (x86)\Microsoft Visual Studio\2022\BuildTools\Common7\IDE\CommonExtensions\Platform\Debugger\WebViews\BptDiagnosticCommon\Icons\hotItem.png
[2e2c:0007][2026-05-10T01:23:51] Completed: Copying file /Contents/Common7/IDE/CommonExtensions/Platform/Debugger/WebViews/BptDiagnosticCommon/Icons/hotItem.png to D:\Program Files (x86)\Microsoft Visual Studio\2022\BuildTools\Common7\IDE\CommonExtensions\Platform\Debugger\WebViews\BptDiagnosticCommon\Icons\hotItem.png
[2e2c:0007][2026-05-10T01:23:51] Timestamp updated for file 'D:\Program Files (x86)\Microsoft Visual Studio\2022\BuildTools\Common7\IDE\CommonExtensions\Platform\Debugger\WebViews\BptDiagnosticCommon\Icons\hotItem.png'.
[2e2c:0007][2026-05-10T01:23:51] Processing file /Contents/Common7/IDE/CommonExtensions/Platform/Debugger/WebViews/BptDiagnosticCommon/Icons/hotPath.png
[2e2c:0007][2026-05-10T01:23:51] Started: Copying file /Contents/Common7/IDE/CommonExtensions/Platform/Debugger/WebViews/BptDiagnosticCommon/Icons/hotPath.png to D:\Program Files (x86)\Microsoft Visual Studio\2022\BuildTools\Common7\IDE\CommonExtensions\Platform\Debugger\WebViews\BptDiagnosticCommon\Icons\hotPath.png
[2e2c:0007][2026-05-10T01:23:51] Completed: Copying file /Contents/Common7/IDE/CommonExtensions/Platform/Debugger/WebViews/BptDiagnosticCommon/Icons/hotPath.png to D:\Program Files (x86)\Microsoft Visual Studio\2022\BuildTools\Common7\IDE\CommonExtensions\Platform\Debugger\WebViews\BptDiagnosticCommon\Icons\hotPath.png
[2e2c:0007][2026-05-10T01:23:51] Timestamp updated for file 'D:\Program Files (x86)\Microsoft Visual Studio\2022\BuildTools\Common7\IDE\CommonExtensions\Platform\Debugger\WebViews\BptDiagnosticCommon\Icons\hotPath.png'.
[2e2c:0007][2026-05-10T01:23:51] Processing file /Contents/Common7/IDE/CommonExtensions/Platform/Debugger/WebViews/BptDiagnosticCommon/Icons/itemCollapsedIcon.png
[2e2c:0007][2026-05-10T01:23:51] Started: Copying file /Contents/Common7/IDE/CommonExtensions/Platform/Debugger/WebViews/BptDiagnosticCommon/Icons/itemCollapsedIcon.png to D:\Program Files (x86)\Microsoft Visual Studio\2022\BuildTools\Common7\IDE\CommonExtensions\Platform\Debugger\WebViews\BptDiagnosticCommon\Icons\itemCollapsedIcon.png
[2e2c:0007][2026-05-10T01:23:51] Completed: Copying file /Contents/Common7/IDE/CommonExtensions/Platform/Debugger/WebViews/BptDiagnosticCommon/Icons/itemCollapsedIcon.png to D:\Program Files (x86)\Microsoft Visual Studio\2022\BuildTools\Common7\IDE\CommonExtensions\Platform\Debugger\WebViews\BptDiagnosticCommon\Icons\itemCollapsedIcon.png
[2e2c:0007][2026-05-10T01:23:51] Timestamp updated for file 'D:\Program Files (x86)\Microsoft Visual Studio\2022\BuildTools\Common7\IDE\CommonExtensions\Platform\Debugger\WebViews\BptDiagnosticCommon\Icons\itemCollapsedIcon.png'.
[2e2c:0007][2026-05-10T01:23:51] Processing file /Contents/Common7/IDE/CommonExtensions/Platform/Debugger/WebViews/BptDiagnosticCommon/Icons/itemExpandedIcon.png
[2e2c:0007][2026-05-10T01:23:51] Started: Copying file /Contents/Common7/IDE/CommonExtensions/Platform/Debugger/WebViews/BptDiagnosticCommon/Icons/itemExpandedIcon.png to D:\Program Files (x86)\Microsoft Visual Studio\2022\BuildTools\Common7\IDE\CommonExtensions\Platform\Debugger\WebViews\BptDiagnosticCommon\Icons\itemExpandedIcon.png
[2e2c:0007][2026-05-10T01:23:51] Completed: Copying file /Contents/Common7/IDE/CommonExtensions/Platform/Debugger/WebViews/BptDiagnosticCommon/Icons/itemExpandedIcon.png to D:\Program Files (x86)\Microsoft Visual Studio\2022\BuildTools\Common7\IDE\CommonExtensions\Platform\Debugger\WebViews\BptDiagnosticCommon\Icons\itemExpandedIcon.png
[2e2c:0007][2026-05-10T01:23:51] Timestamp updated for file 'D:\Program Files (x86)\Microsoft Visual Studio\2022\BuildTools\Common7\IDE\CommonExtensions\Platform\Debugger\WebViews\BptDiagnosticCommon\Icons\itemExpandedIcon.png'.
[2e2c:0007][2026-05-10T01:23:51] Processing file /Contents/Common7/IDE/CommonExtensions/Platform/Debugger/WebViews/BptDiagnosticCommon/Icons/misc-icons.png
[2e2c:0007][2026-05-10T01:23:51] Started: Copying file /Contents/Common7/IDE/CommonExtensions/Platform/Debugger/WebViews/BptDiagnosticCommon/Icons/misc-icons.png to D:\Program Files (x86)\Microsoft Visual Studio\2022\BuildTools\Common7\IDE\CommonExtensions\Platform\Debugger\WebViews\BptDiagnosticCommon\Icons\misc-icons.png
[2e2c:0007][2026-05-10T01:23:51] Completed: Copying file /Contents/Common7/IDE/CommonExtensions/Platform/Debugger/WebViews/BptDiagnosticCommon/Icons/misc-icons.png to D:\Program Files (x86)\Microsoft Visual Studio\2022\BuildTools\Common7\IDE\CommonExtensions\Platform\Debugger\WebViews\BptDiagnosticCommon\Icons\misc-icons.png
[2e2c:0007][2026-05-10T01:23:51] Timestamp updated for file 'D:\Program Files (x86)\Microsoft Visual Studio\2022\BuildTools\Common7\IDE\CommonExtensions\Platform\Debugger\WebViews\BptDiagnosticCommon\Icons\misc-icons.png'.
[2e2c:0007][2026-05-10T01:23:51] Processing file /Contents/Common7/IDE/CommonExtensions/Platform/Debugger/WebViews/BptDiagnosticCommon/Icons/tree-icons.png
[2e2c:0007][2026-05-10T01:23:51] Started: Copying file /Contents/Common7/IDE/CommonExtensions/Platform/Debugger/WebViews/BptDiagnosticCommon/Icons/tree-icons.png to D:\Program Files (x86)\Microsoft Visual Studio\2022\BuildTools\Common7\IDE\CommonExtensions\Platform\Debugger\WebViews\BptDiagnosticCommon\Icons\tree-icons.png
[2e2c:0007][2026-05-10T01:23:51] Completed: Copying file /Contents/Common7/IDE/CommonExtensions/Platform/Debugger/WebViews/BptDiagnosticCommon/Icons/tree-icons.png to D:\Program Files (x86)\Microsoft Visual Studio\2022\BuildTools\Common7\IDE\CommonExtensions\Platform\Debugger\WebViews\BptDiagnosticCommon\Icons\tree-icons.png
[2e2c:0007][2026-05-10T01:23:51] Timestamp updated for file 'D:\Program Files (x86)\Microsoft Visual Studio\2022\BuildTools\Common7\IDE\CommonExtensions\Platform\Debugger\WebViews\BptDiagnosticCommon\Icons\tree-icons.png'.
[2e2c:0007][2026-05-10T01:23:51] Processing file /Contents/Common7/IDE/CommonExtensions/Platform/Debugger/WebViews/BptDiagnosticCommon/JSTreeDynamicGridControl.js
[2e2c:0007][2026-05-10T01:23:51] Started: Copying file /Contents/Common7/IDE/CommonExtensions/Platform/Debugger/WebViews/BptDiagnosticCommon/JSTreeDynamicGridControl.js to D:\Program Files (x86)\Microsoft Visual Studio\2022\BuildTools\Common7\IDE\CommonExtensions\Platform\Debugger\WebViews\BptDiagnosticCommon\JSTreeDynamicGridControl.js
[2e2c:0007][2026-05-10T01:23:51] Completed: Copying file /Contents/Common7/IDE/CommonExtensions/Platform/Debugger/WebViews/BptDiagnosticCommon/JSTreeDynamicGridControl.js to D:\Program Files (x86)\Microsoft Visual Studio\2022\BuildTools\Common7\IDE\CommonExtensions\Platform\Debugger\WebViews\BptDiagnosticCommon\JSTreeDynamicGridControl.js
[2e2c:0007][2026-05-10T01:23:51] Timestamp updated for file 'D:\Program Files (x86)\Microsoft Visual Studio\2022\BuildTools\Common7\IDE\CommonExtensions\Platform\Debugger\WebViews\BptDiagnosticCommon\JSTreeDynamicGridControl.js'.
[2e2c:0007][2026-05-10T01:23:51] Processing file /Contents/Common7/IDE/CommonExtensions/Platform/Debugger/WebViews/BptDiagnosticCommon/MicrosoftAjax-4.0.0.0.debug.js
[2e2c:0007][2026-05-10T01:23:51] Started: Copying file /Contents/Common7/IDE/CommonExtensions/Platform/Debugger/WebViews/BptDiagnosticCommon/MicrosoftAjax-4.0.0.0.debug.js to D:\Program Files (x86)\Microsoft Visual Studio\2022\BuildTools\Common7\IDE\CommonExtensions\Platform\Debugger\WebViews\BptDiagnosticCommon\MicrosoftAjax-4.0.0.0.debug.js
[2e2c:0007][2026-05-10T01:23:51] Completed: Copying file /Contents/Common7/IDE/CommonExtensions/Platform/Debugger/WebViews/BptDiagnosticCommon/MicrosoftAjax-4.0.0.0.debug.js to D:\Program Files (x86)\Microsoft Visual Studio\2022\BuildTools\Common7\IDE\CommonExtensions\Platform\Debugger\WebViews\BptDiagnosticCommon\MicrosoftAjax-4.0.0.0.debug.js
[2e2c:0007][2026-05-10T01:23:51] Timestamp updated for file 'D:\Program Files (x86)\Microsoft Visual Studio\2022\BuildTools\Common7\IDE\CommonExtensions\Platform\Debugger\WebViews\BptDiagnosticCommon\MicrosoftAjax-4.0.0.0.debug.js'.
[2e2c:0007][2026-05-10T01:23:51] Processing file /Contents/Common7/IDE/CommonExtensions/Platform/Debugger/WebViews/camera.png
[2e2c:0007][2026-05-10T01:23:51] Started: Copying file /Contents/Common7/IDE/CommonExtensions/Platform/Debugger/WebViews/camera.png to D:\Program Files (x86)\Microsoft Visual Studio\2022\BuildTools\Common7\IDE\CommonExtensions\Platform\Debugger\WebViews\camera.png
[2e2c:0007][2026-05-10T01:23:51] Completed: Copying file /Contents/Common7/IDE/CommonExtensions/Platform/Debugger/WebViews/camera.png to D:\Program Files (x86)\Microsoft Visual Studio\2022\BuildTools\Common7\IDE\CommonExtensions\Platform\Debugger\WebViews\camera.png
[2e2c:0007][2026-05-10T01:23:51] Timestamp updated for file 'D:\Program Files (x86)\Microsoft Visual Studio\2022\BuildTools\Common7\IDE\CommonExtensions\Platform\Debugger\WebViews\camera.png'.
[2e2c:0007][2026-05-10T01:23:51] Processing file /Contents/Common7/IDE/CommonExtensions/Platform/Debugger/WebViews/camera.svg
[2e2c:0007][2026-05-10T01:23:51] Started: Copying file /Contents/Common7/IDE/CommonExtensions/Platform/Debugger/WebViews/camera.svg to D:\Program Files (x86)\Microsoft Visual Studio\2022\BuildTools\Common7\IDE\CommonExtensions\Platform\Debugger\WebViews\camera.svg
[2e2c:0007][2026-05-10T01:23:51] Completed: Copying file /Contents/Common7/IDE/CommonExtensions/Platform/Debugger/WebViews/camera.svg to D:\Program Files (x86)\Microsoft Visual Studio\2022\BuildTools\Common7\IDE\CommonExtensions\Platform\Debugger\WebViews\camera.svg
[2e2c:0007][2026-05-10T01:23:51] Timestamp updated for file 'D:\Program Files (x86)\Microsoft Visual Studio\2022\BuildTools\Common7\IDE\CommonExtensions\Platform\Debugger\WebViews\camera.svg'.
[2e2c:0007][2026-05-10T01:23:51] Processing file /Contents/Common7/IDE/CommonExtensions/Platform/Debugger/WebViews/Controls/css/dataGrid.css
[2e2c:0007][2026-05-10T01:23:51] Started: Copying file /Contents/Common7/IDE/CommonExtensions/Platform/Debugger/WebViews/Controls/css/dataGrid.css to D:\Program Files (x86)\Microsoft Visual Studio\2022\BuildTools\Common7\IDE\CommonExtensions\Platform\Debugger\WebViews\Controls\css\dataGrid.css
[2e2c:0007][2026-05-10T01:23:51] Completed: Copying file /Contents/Common7/IDE/CommonExtensions/Platform/Debugger/WebViews/Controls/css/dataGrid.css to D:\Program Files (x86)\Microsoft Visual Studio\2022\BuildTools\Common7\IDE\CommonExtensions\Platform\Debugger\WebViews\Controls\css\dataGrid.css
[2e2c:0007][2026-05-10T01:23:51] Timestamp updated for file 'D:\Program Files (x86)\Microsoft Visual Studio\2022\BuildTools\Common7\IDE\CommonExtensions\Platform\Debugger\WebViews\Controls\css\dataGrid.css'.
[2e2c:0007][2026-05-10T01:23:51] Processing file /Contents/Common7/IDE/CommonExtensions/Platform/Debugger/WebViews/Controls/css/treeGrid.css
[2e2c:0007][2026-05-10T01:23:51] Started: Copying file /Contents/Common7/IDE/CommonExtensions/Platform/Debugger/WebViews/Controls/css/treeGrid.css to D:\Program Files (x86)\Microsoft Visual Studio\2022\BuildTools\Common7\IDE\CommonExtensions\Platform\Debugger\WebViews\Controls\css\treeGrid.css
[2e2c:0007][2026-05-10T01:23:51] Completed: Copying file /Contents/Common7/IDE/CommonExtensions/Platform/Debugger/WebViews/Controls/css/treeGrid.css to D:\Program Files (x86)\Microsoft Visual Studio\2022\BuildTools\Common7\IDE\CommonExtensions\Platform\Debugger\WebViews\Controls\css\treeGrid.css
[2e2c:0007][2026-05-10T01:23:51] Timestamp updated for file 'D:\Program Files (x86)\Microsoft Visual Studio\2022\BuildTools\Common7\IDE\CommonExtensions\Platform\Debugger\WebViews\Controls\css\treeGrid.css'.
[2e2c:0007][2026-05-10T01:23:51] Processing file /Contents/Common7/IDE/CommonExtensions/Platform/Debugger/WebViews/Controls/WebView2/dataGrid.css
[2e2c:0007][2026-05-10T01:23:51] Started: Copying file /Contents/Common7/IDE/CommonExtensions/Platform/Debugger/WebViews/Controls/WebView2/dataGrid.css to D:\Program Files (x86)\Microsoft Visual Studio\2022\BuildTools\Common7\IDE\CommonExtensions\Platform\Debugger\WebViews\Controls\WebView2\dataGrid.css
[2e2c:0007][2026-05-10T01:23:51] Completed: Copying file /Contents/Common7/IDE/CommonExtensions/Platform/Debugger/WebViews/Controls/WebView2/dataGrid.css to D:\Program Files (x86)\Microsoft Visual Studio\2022\BuildTools\Common7\IDE\CommonExtensions\Platform\Debugger\WebViews\Controls\WebView2\dataGrid.css
[2e2c:0007][2026-05-10T01:23:51] Timestamp updated for file 'D:\Program Files (x86)\Microsoft Visual Studio\2022\BuildTools\Common7\IDE\CommonExtensions\Platform\Debugger\WebViews\Controls\WebView2\dataGrid.css'.
[2e2c:0007][2026-05-10T01:23:51] Processing file /Contents/Common7/IDE/CommonExtensions/Platform/Debugger/WebViews/Controls/WebView2/diagnosticsHub.js
[2e2c:0007][2026-05-10T01:23:51] Started: Copying file /Contents/Common7/IDE/CommonExtensions/Platform/Debugger/WebViews/Controls/WebView2/diagnosticsHub.js to D:\Program Files (x86)\Microsoft Visual Studio\2022\BuildTools\Common7\IDE\CommonExtensions\Platform\Debugger\WebViews\Controls\WebView2\diagnosticsHub.js
[2e2c:0007][2026-05-10T01:23:51] Completed: Copying file /Contents/Common7/IDE/CommonExtensions/Platform/Debugger/WebViews/Controls/WebView2/diagnosticsHub.js to D:\Program Files (x86)\Microsoft Visual Studio\2022\BuildTools\Common7\IDE\CommonExtensions\Platform\Debugger\WebViews\Controls\WebView2\diagnosticsHub.js
[2e2c:0007][2026-05-10T01:23:51] Timestamp updated for file 'D:\Program Files (x86)\Microsoft Visual Studio\2022\BuildTools\Common7\IDE\CommonExtensions\Platform\Debugger\WebViews\Controls\WebView2\diagnosticsHub.js'.
[2e2c:0007][2026-05-10T01:23:51] Processing file /Contents/Common7/IDE/CommonExtensions/Platform/Debugger/WebViews/Controls/WebView2/treeGrid.css
[2e2c:0007][2026-05-10T01:23:51] Started: Copying file /Contents/Common7/IDE/CommonExtensions/Platform/Debugger/WebViews/Controls/WebView2/treeGrid.css to D:\Program Files (x86)\Microsoft Visual Studio\2022\BuildTools\Common7\IDE\CommonExtensions\Platform\Debugger\WebViews\Controls\WebView2\treeGrid.css
[2e2c:0007][2026-05-10T01:23:51] Completed: Copying file /Contents/Common7/IDE/CommonExtensions/Platform/Debugger/WebViews/Controls/WebView2/treeGrid.css to D:\Program Files (x86)\Microsoft Visual Studio\2022\BuildTools\Common7\IDE\CommonExtensions\Platform\Debugger\WebViews\Controls\WebView2\treeGrid.css
[2e2c:0007][2026-05-10T01:23:51] Timestamp updated for file 'D:\Program Files (x86)\Microsoft Visual Studio\2022\BuildTools\Common7\IDE\CommonExtensions\Platform\Debugger\WebViews\Controls\WebView2\treeGrid.css'.
[2e2c:0007][2026-05-10T01:23:51] Processing file /Contents/Common7/IDE/CommonExtensions/Platform/Debugger/WebViews/delete.png
[2e2c:0007][2026-05-10T01:23:51] Started: Copying file /Contents/Common7/IDE/CommonExtensions/Platform/Debugger/WebViews/delete.png to D:\Program Files (x86)\Microsoft Visual Studio\2022\BuildTools\Common7\IDE\CommonExtensions\Platform\Debugger\WebViews\delete.png
[2e2c:0007][2026-05-10T01:23:51] Completed: Copying file /Contents/Common7/IDE/CommonExtensions/Platform/Debugger/WebViews/delete.png to D:\Program Files (x86)\Microsoft Visual Studio\2022\BuildTools\Common7\IDE\CommonExtensions\Platform\Debugger\WebViews\delete.png
[2e2c:0007][2026-05-10T01:23:51] Timestamp updated for file 'D:\Program Files (x86)\Microsoft Visual Studio\2022\BuildTools\Common7\IDE\CommonExtensions\Platform\Debugger\WebViews\delete.png'.
[2e2c:0007][2026-05-10T01:23:51] Processing file /Contents/Common7/IDE/CommonExtensions/Platform/Debugger/WebViews/DiagnosticAnalysisWindow.css
[2e2c:0007][2026-05-10T01:23:51] Started: Copying file /Contents/Common7/IDE/CommonExtensions/Platform/Debugger/WebViews/DiagnosticAnalysisWindow.css to D:\Program Files (x86)\Microsoft Visual Studio\2022\BuildTools\Common7\IDE\CommonExtensions\Platform\Debugger\WebViews\DiagnosticAnalysisWindow.css
[2e2c:0007][2026-05-10T01:23:51] Completed: Copying file /Contents/Common7/IDE/CommonExtensions/Platform/Debugger/WebViews/DiagnosticAnalysisWindow.css to D:\Program Files (x86)\Microsoft Visual Studio\2022\BuildTools\Common7\IDE\CommonExtensions\Platform\Debugger\WebViews\DiagnosticAnalysisWindow.css
[2e2c:0007][2026-05-10T01:23:51] Timestamp updated for file 'D:\Program Files (x86)\Microsoft Visual Studio\2022\BuildTools\Common7\IDE\CommonExtensions\Platform\Debugger\WebViews\DiagnosticAnalysisWindow.css'.
[2e2c:0007][2026-05-10T01:23:51] Processing file /Contents/Common7/IDE/CommonExtensions/Platform/Debugger/WebViews/DiagnosticAnalysisWindow.html
[2e2c:0007][2026-05-10T01:23:51] Started: Copying file /Contents/Common7/IDE/CommonExtensions/Platform/Debugger/WebViews/DiagnosticAnalysisWindow.html to D:\Program Files (x86)\Microsoft Visual Studio\2022\BuildTools\Common7\IDE\CommonExtensions\Platform\Debugger\WebViews\DiagnosticAnalysisWindow.html
[2e2c:0007][2026-05-10T01:23:51] Completed: Copying file /Contents/Common7/IDE/CommonExtensions/Platform/Debugger/WebViews/DiagnosticAnalysisWindow.html to D:\Program Files (x86)\Microsoft Visual Studio\2022\BuildTools\Common7\IDE\CommonExtensions\Platform\Debugger\WebViews\DiagnosticAnalysisWindow.html
[2e2c:0007][2026-05-10T01:23:51] Timestamp updated for file 'D:\Program Files (x86)\Microsoft Visual Studio\2022\BuildTools\Common7\IDE\CommonExtensions\Platform\Debugger\WebViews\DiagnosticAnalysisWindow.html'.
[2e2c:0007][2026-05-10T01:23:51] Processing file /Contents/Common7/IDE/CommonExtensions/Platform/Debugger/WebViews/DiagnosticAnalysisWindow.js
[2e2c:0007][2026-05-10T01:23:51] Started: Copying file /Contents/Common7/IDE/CommonExtensions/Platform/Debugger/WebViews/DiagnosticAnalysisWindow.js to D:\Program Files (x86)\Microsoft Visual Studio\2022\BuildTools\Common7\IDE\CommonExtensions\Platform\Debugger\WebViews\DiagnosticAnalysisWindow.js
[2e2c:0007][2026-05-10T01:23:51] Completed: Copying file /Contents/Common7/IDE/CommonExtensions/Platform/Debugger/WebViews/DiagnosticAnalysisWindow.js to D:\Program Files (x86)\Microsoft Visual Studio\2022\BuildTools\Common7\IDE\CommonExtensions\Platform\Debugger\WebViews\DiagnosticAnalysisWindow.js
[2e2c:0007][2026-05-10T01:23:51] Timestamp updated for file 'D:\Program Files (x86)\Microsoft Visual Studio\2022\BuildTools\Common7\IDE\CommonExtensions\Platform\Debugger\WebViews\DiagnosticAnalysisWindow.js'.
[2e2c:0007][2026-05-10T01:23:51] Processing file /Contents/Common7/IDE/CommonExtensions/Platform/Debugger/WebViews/DiagnosticAnalysisWindow.manifest.json
[2e2c:0007][2026-05-10T01:23:51] Started: Copying file /Contents/Common7/IDE/CommonExtensions/Platform/Debugger/WebViews/DiagnosticAnalysisWindow.manifest.json to D:\Program Files (x86)\Microsoft Visual Studio\2022\BuildTools\Common7\IDE\CommonExtensions\Platform\Debugger\WebViews\DiagnosticAnalysisWindow.manifest.json
[2e2c:0007][2026-05-10T01:23:51] Completed: Copying file /Contents/Common7/IDE/CommonExtensions/Platform/Debugger/WebViews/DiagnosticAnalysisWindow.manifest.json to D:\Program Files (x86)\Microsoft Visual Studio\2022\BuildTools\Common7\IDE\CommonExtensions\Platform\Debugger\WebViews\DiagnosticAnalysisWindow.manifest.json
[2e2c:0007][2026-05-10T01:23:51] Timestamp updated for file 'D:\Program Files (x86)\Microsoft Visual Studio\2022\BuildTools\Common7\IDE\CommonExtensions\Platform\Debugger\WebViews\DiagnosticAnalysisWindow.manifest.json'.
[2e2c:0007][2026-05-10T01:23:51] Processing file /Contents/Common7/IDE/CommonExtensions/Platform/Debugger/WebViews/gcGlyph.png
[2e2c:0007][2026-05-10T01:23:51] Started: Copying file /Contents/Common7/IDE/CommonExtensions/Platform/Debugger/WebViews/gcGlyph.png to D:\Program Files (x86)\Microsoft Visual Studio\2022\BuildTools\Common7\IDE\CommonExtensions\Platform\Debugger\WebViews\gcGlyph.png
[2e2c:0007][2026-05-10T01:23:51] Completed: Copying file /Contents/Common7/IDE/CommonExtensions/Platform/Debugger/WebViews/gcGlyph.png to D:\Program Files (x86)\Microsoft Visual Studio\2022\BuildTools\Common7\IDE\CommonExtensions\Platform\Debugger\WebViews\gcGlyph.png
[2e2c:0007][2026-05-10T01:23:51] Timestamp updated for file 'D:\Program Files (x86)\Microsoft Visual Studio\2022\BuildTools\Common7\IDE\CommonExtensions\Platform\Debugger\WebViews\gcGlyph.png'.
[2e2c:0007][2026-05-10T01:23:51] Processing file /Contents/Common7/IDE/CommonExtensions/Platform/Debugger/WebViews/grid.css
[2e2c:0007][2026-05-10T01:23:51] Started: Copying file /Contents/Common7/IDE/CommonExtensions/Platform/Debugger/WebViews/grid.css to D:\Program Files (x86)\Microsoft Visual Studio\2022\BuildTools\Common7\IDE\CommonExtensions\Platform\Debugger\WebViews\grid.css
[2e2c:0007][2026-05-10T01:23:51] Completed: Copying file /Contents/Common7/IDE/CommonExtensions/Platform/Debugger/WebViews/grid.css to D:\Program Files (x86)\Microsoft Visual Studio\2022\BuildTools\Common7\IDE\CommonExtensions\Platform\Debugger\WebViews\grid.css
[2e2c:0007][2026-05-10T01:23:51] Timestamp updated for file 'D:\Program Files (x86)\Microsoft Visual Studio\2022\BuildTools\Common7\IDE\CommonExtensions\Platform\Debugger\WebViews\grid.css'.
[2e2c:0007][2026-05-10T01:23:51] Processing file /Contents/Common7/IDE/CommonExtensions/Platform/Debugger/WebViews/Icons/itemCollapsed.png
[2e2c:0007][2026-05-10T01:23:51] Started: Copying file /Contents/Common7/IDE/CommonExtensions/Platform/Debugger/WebViews/Icons/itemCollapsed.png to D:\Program Files (x86)\Microsoft Visual Studio\2022\BuildTools\Common7\IDE\CommonExtensions\Platform\Debugger\WebViews\Icons\itemCollapsed.png
[2e2c:0007][2026-05-10T01:23:51] Completed: Copying file /Contents/Common7/IDE/CommonExtensions/Platform/Debugger/WebViews/Icons/itemCollapsed.png to D:\Program Files (x86)\Microsoft Visual Studio\2022\BuildTools\Common7\IDE\CommonExtensions\Platform\Debugger\WebViews\Icons\itemCollapsed.png
[2e2c:0007][2026-05-10T01:23:51] Timestamp updated for file 'D:\Program Files (x86)\Microsoft Visual Studio\2022\BuildTools\Common7\IDE\CommonExtensions\Platform\Debugger\WebViews\Icons\itemCollapsed.png'.
[2e2c:0007][2026-05-10T01:23:51] Processing file /Contents/Common7/IDE/CommonExtensions/Platform/Debugger/WebViews/Icons/itemExpanded.png
[2e2c:0007][2026-05-10T01:23:51] Started: Copying file /Contents/Common7/IDE/CommonExtensions/Platform/Debugger/WebViews/Icons/itemExpanded.png to D:\Program Files (x86)\Microsoft Visual Studio\2022\BuildTools\Common7\IDE\CommonExtensions\Platform\Debugger\WebViews\Icons\itemExpanded.png
[2e2c:0007][2026-05-10T01:23:51] Completed: Copying file /Contents/Common7/IDE/CommonExtensions/Platform/Debugger/WebViews/Icons/itemExpanded.png to D:\Program Files (x86)\Microsoft Visual Studio\2022\BuildTools\Common7\IDE\CommonExtensions\Platform\Debugger\WebViews\Icons\itemExpanded.png
[2e2c:0007][2026-05-10T01:23:51] Timestamp updated for file 'D:\Program Files (x86)\Microsoft Visual Studio\2022\BuildTools\Common7\IDE\CommonExtensions\Platform\Debugger\WebViews\Icons\itemExpanded.png'.
[2e2c:0007][2026-05-10T01:23:51] Processing file /Contents/Common7/IDE/CommonExtensions/Platform/Debugger/WebViews/inspect.png
[2e2c:0007][2026-05-10T01:23:51] Started: Copying file /Contents/Common7/IDE/CommonExtensions/Platform/Debugger/WebViews/inspect.png to D:\Program Files (x86)\Microsoft Visual Studio\2022\BuildTools\Common7\IDE\CommonExtensions\Platform\Debugger\WebViews\inspect.png
[2e2c:0007][2026-05-10T01:23:51] Completed: Copying file /Contents/Common7/IDE/CommonExtensions/Platform/Debugger/WebViews/inspect.png to D:\Program Files (x86)\Microsoft Visual Studio\2022\BuildTools\Common7\IDE\CommonExtensions\Platform\Debugger\WebViews\inspect.png
[2e2c:0007][2026-05-10T01:23:51] Timestamp updated for file 'D:\Program Files (x86)\Microsoft Visual Studio\2022\BuildTools\Common7\IDE\CommonExtensions\Platform\Debugger\WebViews\inspect.png'.
[2e2c:0007][2026-05-10T01:23:51] Processing file /Contents/Common7/IDE/CommonExtensions/Platform/Debugger/WebViews/Knockout/knockout-3.4.0.js
[2e2c:0007][2026-05-10T01:23:51] Started: Copying file /Contents/Common7/IDE/CommonExtensions/Platform/Debugger/WebViews/Knockout/knockout-3.4.0.js to D:\Program Files (x86)\Microsoft Visual Studio\2022\BuildTools\Common7\IDE\CommonExtensions\Platform\Debugger\WebViews\Knockout\knockout-3.4.0.js
[2e2c:0007][2026-05-10T01:23:51] Completed: Copying file /Contents/Common7/IDE/CommonExtensions/Platform/Debugger/WebViews/Knockout/knockout-3.4.0.js to D:\Program Files (x86)\Microsoft Visual Studio\2022\BuildTools\Common7\IDE\CommonExtensions\Platform\Debugger\WebViews\Knockout\knockout-3.4.0.js
[2e2c:0007][2026-05-10T01:23:51] Timestamp updated for file 'D:\Program Files (x86)\Microsoft Visual Studio\2022\BuildTools\Common7\IDE\CommonExtensions\Platform\Debugger\WebViews\Knockout\knockout-3.4.0.js'.
[2e2c:0007][2026-05-10T01:23:51] Processing file /Contents/Common7/IDE/CommonExtensions/Platform/Debugger/WebViews/ManagedMemorySwimlaneView.html
[2e2c:0007][2026-05-10T01:23:51] Started: Copying file /Contents/Common7/IDE/CommonExtensions/Platform/Debugger/WebViews/ManagedMemorySwimlaneView.html to D:\Program Files (x86)\Microsoft Visual Studio\2022\BuildTools\Common7\IDE\CommonExtensions\Platform\Debugger\WebViews\ManagedMemorySwimlaneView.html
[2e2c:0007][2026-05-10T01:23:51] Completed: Copying file /Contents/Common7/IDE/CommonExtensions/Platform/Debugger/WebViews/ManagedMemorySwimlaneView.html to D:\Program Files (x86)\Microsoft Visual Studio\2022\BuildTools\Common7\IDE\CommonExtensions\Platform\Debugger\WebViews\ManagedMemorySwimlaneView.html
[2e2c:0007][2026-05-10T01:23:51] Timestamp updated for file 'D:\Program Files (x86)\Microsoft Visual Studio\2022\BuildTools\Common7\IDE\CommonExtensions\Platform\Debugger\WebViews\ManagedMemorySwimlaneView.html'.
[2e2c:0007][2026-05-10T01:23:51] Processing file /Contents/Common7/IDE/CommonExtensions/Platform/Debugger/WebViews/memory.svg
[2e2c:0007][2026-05-10T01:23:51] Started: Copying file /Contents/Common7/IDE/CommonExtensions/Platform/Debugger/WebViews/memory.svg to D:\Program Files (x86)\Microsoft Visual Studio\2022\BuildTools\Common7\IDE\CommonExtensions\Platform\Debugger\WebViews\memory.svg
[2e2c:0007][2026-05-10T01:23:51] Completed: Copying file /Contents/Common7/IDE/CommonExtensions/Platform/Debugger/WebViews/memory.svg to D:\Program Files (x86)\Microsoft Visual Studio\2022\BuildTools\Common7\IDE\CommonExtensions\Platform\Debugger\WebViews\memory.svg
[2e2c:0007][2026-05-10T01:23:51] Timestamp updated for file 'D:\Program Files (x86)\Microsoft Visual Studio\2022\BuildTools\Common7\IDE\CommonExtensions\Platform\Debugger\WebViews\memory.svg'.
[2e2c:0007][2026-05-10T01:23:51] Processing file /Contents/Common7/IDE/CommonExtensions/Platform/Debugger/WebViews/MemoryAnalyzerSwimlaneFactory.js
[2e2c:0007][2026-05-10T01:23:51] Started: Copying file /Contents/Common7/IDE/CommonExtensions/Platform/Debugger/WebViews/MemoryAnalyzerSwimlaneFactory.js to D:\Program Files (x86)\Microsoft Visual Studio\2022\BuildTools\Common7\IDE\CommonExtensions\Platform\Debugger\WebViews\MemoryAnalyzerSwimlaneFactory.js
[2e2c:0007][2026-05-10T01:23:51] Completed: Copying file /Contents/Common7/IDE/CommonExtensions/Platform/Debugger/WebViews/MemoryAnalyzerSwimlaneFactory.js to D:\Program Files (x86)\Microsoft Visual Studio\2022\BuildTools\Common7\IDE\CommonExtensions\Platform\Debugger\WebViews\MemoryAnalyzerSwimlaneFactory.js
[2e2c:0007][2026-05-10T01:23:51] Timestamp updated for file 'D:\Program Files (x86)\Microsoft Visual Studio\2022\BuildTools\Common7\IDE\CommonExtensions\Platform\Debugger\WebViews\MemoryAnalyzerSwimlaneFactory.js'.
[2e2c:0007][2026-05-10T01:23:51] Processing file /Contents/Common7/IDE/CommonExtensions/Platform/Debugger/WebViews/MemoryAnalyzerSwimlaneFactory.manifest.json
[2e2c:0007][2026-05-10T01:23:51] Started: Copying file /Contents/Common7/IDE/CommonExtensions/Platform/Debugger/WebViews/MemoryAnalyzerSwimlaneFactory.manifest.json to D:\Program Files (x86)\Microsoft Visual Studio\2022\BuildTools\Common7\IDE\CommonExtensions\Platform\Debugger\WebViews\MemoryAnalyzerSwimlaneFactory.manifest.json
[2e2c:0007][2026-05-10T01:23:51] Completed: Copying file /Contents/Common7/IDE/CommonExtensions/Platform/Debugger/WebViews/MemoryAnalyzerSwimlaneFactory.manifest.json to D:\Program Files (x86)\Microsoft Visual Studio\2022\BuildTools\Common7\IDE\CommonExtensions\Platform\Debugger\WebViews\MemoryAnalyzerSwimlaneFactory.manifest.json
[2e2c:0007][2026-05-10T01:23:51] Timestamp updated for file 'D:\Program Files (x86)\Microsoft Visual Studio\2022\BuildTools\Common7\IDE\CommonExtensions\Platform\Debugger\WebViews\MemoryAnalyzerSwimlaneFactory.manifest.json'.
[2e2c:0007][2026-05-10T01:23:51] Processing file /Contents/Common7/IDE/CommonExtensions/Platform/Debugger/WebViews/mma_icons.png
[2e2c:0007][2026-05-10T01:23:51] Started: Copying file /Contents/Common7/IDE/CommonExtensions/Platform/Debugger/WebViews/mma_icons.png to D:\Program Files (x86)\Microsoft Visual Studio\2022\BuildTools\Common7\IDE\CommonExtensions\Platform\Debugger\WebViews\mma_icons.png
[2e2c:0007][2026-05-10T01:23:51] Completed: Copying file /Contents/Common7/IDE/CommonExtensions/Platform/Debugger/WebViews/mma_icons.png to D:\Program Files (x86)\Microsoft Visual Studio\2022\BuildTools\Common7\IDE\CommonExtensions\Platform\Debugger\WebViews\mma_icons.png
[2e2c:0007][2026-05-10T01:23:51] Timestamp updated for file 'D:\Program Files (x86)\Microsoft Visual Studio\2022\BuildTools\Common7\IDE\CommonExtensions\Platform\Debugger\WebViews\mma_icons.png'.
[2e2c:0007][2026-05-10T01:23:51] Processing file /Contents/Common7/IDE/CommonExtensions/Platform/Debugger/WebViews/ResultsParser.min.js
[2e2c:0007][2026-05-10T01:23:51] Started: Copying file /Contents/Common7/IDE/CommonExtensions/Platform/Debugger/WebViews/ResultsParser.min.js to D:\Program Files (x86)\Microsoft Visual Studio\2022\BuildTools\Common7\IDE\CommonExtensions\Platform\Debugger\WebViews\ResultsParser.min.js
[2e2c:0007][2026-05-10T01:23:51] Completed: Copying file /Contents/Common7/IDE/CommonExtensions/Platform/Debugger/WebViews/ResultsParser.min.js to D:\Program Files (x86)\Microsoft Visual Studio\2022\BuildTools\Common7\IDE\CommonExtensions\Platform\Debugger\WebViews\ResultsParser.min.js
[2e2c:0007][2026-05-10T01:23:51] Timestamp updated for file 'D:\Program Files (x86)\Microsoft Visual Studio\2022\BuildTools\Common7\IDE\CommonExtensions\Platform\Debugger\WebViews\ResultsParser.min.js'.
[2e2c:0007][2026-05-10T01:23:51] Processing file /Contents/Common7/IDE/CommonExtensions/Platform/Debugger/WebViews/snapshotGlyph.png
[2e2c:0007][2026-05-10T01:23:51] Started: Copying file /Contents/Common7/IDE/CommonExtensions/Platform/Debugger/WebViews/snapshotGlyph.png to D:\Program Files (x86)\Microsoft Visual Studio\2022\BuildTools\Common7\IDE\CommonExtensions\Platform\Debugger\WebViews\snapshotGlyph.png
[2e2c:0007][2026-05-10T01:23:51] Completed: Copying file /Contents/Common7/IDE/CommonExtensions/Platform/Debugger/WebViews/snapshotGlyph.png to D:\Program Files (x86)\Microsoft Visual Studio\2022\BuildTools\Common7\IDE\CommonExtensions\Platform\Debugger\WebViews\snapshotGlyph.png
[2e2c:0007][2026-05-10T01:23:51] Timestamp updated for file 'D:\Program Files (x86)\Microsoft Visual Studio\2022\BuildTools\Common7\IDE\CommonExtensions\Platform\Debugger\WebViews\snapshotGlyph.png'.
[2e2c:0007][2026-05-10T01:23:51] Processing file /Contents/Common7/IDE/CommonExtensions/Platform/Debugger/WebViews/snapshotpoint.svg
[2e2c:0007][2026-05-10T01:23:51] Started: Copying file /Contents/Common7/IDE/CommonExtensions/Platform/Debugger/WebViews/snapshotpoint.svg to D:\Program Files (x86)\Microsoft Visual Studio\2022\BuildTools\Common7\IDE\CommonExtensions\Platform\Debugger\WebViews\snapshotpoint.svg
[2e2c:0007][2026-05-10T01:23:51] Completed: Copying file /Contents/Common7/IDE/CommonExtensions/Platform/Debugger/WebViews/snapshotpoint.svg to D:\Program Files (x86)\Microsoft Visual Studio\2022\BuildTools\Common7\IDE\CommonExtensions\Platform\Debugger\WebViews\snapshotpoint.svg
[2e2c:0007][2026-05-10T01:23:51] Timestamp updated for file 'D:\Program Files (x86)\Microsoft Visual Studio\2022\BuildTools\Common7\IDE\CommonExtensions\Platform\Debugger\WebViews\snapshotpoint.svg'.
[2e2c:0007][2026-05-10T01:23:51] Processing file /Contents/Common7/IDE/CommonExtensions/Platform/Debugger/WebViews/spacer.png
[2e2c:0007][2026-05-10T01:23:51] Started: Copying file /Contents/Common7/IDE/CommonExtensions/Platform/Debugger/WebViews/spacer.png to D:\Program Files (x86)\Microsoft Visual Studio\2022\BuildTools\Common7\IDE\CommonExtensions\Platform\Debugger\WebViews\spacer.png
[2e2c:0007][2026-05-10T01:23:51] Completed: Copying file /Contents/Common7/IDE/CommonExtensions/Platform/Debugger/WebViews/spacer.png to D:\Program Files (x86)\Microsoft Visual Studio\2022\BuildTools\Common7\IDE\CommonExtensions\Platform\Debugger\WebViews\spacer.png
[2e2c:0007][2026-05-10T01:23:51] Timestamp updated for file 'D:\Program Files (x86)\Microsoft Visual Studio\2022\BuildTools\Common7\IDE\CommonExtensions\Platform\Debugger\WebViews\spacer.png'.
[2e2c:0007][2026-05-10T01:23:51] Processing file /Contents/Common7/IDE/CommonExtensions/Platform/Debugger/WebViews/WebView2/diagnosticsHub.js
[2e2c:0007][2026-05-10T01:23:51] Started: Copying file /Contents/Common7/IDE/CommonExtensions/Platform/Debugger/WebViews/WebView2/diagnosticsHub.js to D:\Program Files (x86)\Microsoft Visual Studio\2022\BuildTools\Common7\IDE\CommonExtensions\Platform\Debugger\WebViews\WebView2\diagnosticsHub.js
[2e2c:0007][2026-05-10T01:23:51] Completed: Copying file /Contents/Common7/IDE/CommonExtensions/Platform/Debugger/WebViews/WebView2/diagnosticsHub.js to D:\Program Files (x86)\Microsoft Visual Studio\2022\BuildTools\Common7\IDE\CommonExtensions\Platform\Debugger\WebViews\WebView2\diagnosticsHub.js
[2e2c:0007][2026-05-10T01:23:51] Timestamp updated for file 'D:\Program Files (x86)\Microsoft Visual Studio\2022\BuildTools\Common7\IDE\CommonExtensions\Platform\Debugger\WebViews\WebView2\diagnosticsHub.js'.
[2e2c:0007][2026-05-10T01:23:51] Processing file /Contents/Common7/IDE/CommonExtensions/Platform/ParallelDebugger/Microsoft.VisualStudio.Debugger.Parallel.Extension.dll
[2e2c:0007][2026-05-10T01:23:51] Started: Copying file /Contents/Common7/IDE/CommonExtensions/Platform/ParallelDebugger/Microsoft.VisualStudio.Debugger.Parallel.Extension.dll to D:\Program Files (x86)\Microsoft Visual Studio\2022\BuildTools\Common7\IDE\CommonExtensions\Platform\ParallelDebugger\Microsoft.VisualStudio.Debugger.Parallel.Extension.dll
[2e2c:0007][2026-05-10T01:23:51] Completed: Copying file /Contents/Common7/IDE/CommonExtensions/Platform/ParallelDebugger/Microsoft.VisualStudio.Debugger.Parallel.Extension.dll to D:\Program Files (x86)\Microsoft Visual Studio\2022\BuildTools\Common7\IDE\CommonExtensions\Platform\ParallelDebugger\Microsoft.VisualStudio.Debugger.Parallel.Extension.dll
[2e2c:0007][2026-05-10T01:23:51] Timestamp updated for file 'D:\Program Files (x86)\Microsoft Visual Studio\2022\BuildTools\Common7\IDE\CommonExtensions\Platform\ParallelDebugger\Microsoft.VisualStudio.Debugger.Parallel.Extension.dll'.
[2e2c:0007][2026-05-10T01:23:51] Queueing D:\Program Files (x86)\Microsoft Visual Studio\2022\BuildTools\Common7\IDE\CommonExtensions\Platform\ParallelDebugger\Microsoft.VisualStudio.Debugger.Parallel.Extension.dll for X86 ngen
[2e2c:0007][2026-05-10T01:23:51] Successfully queued file '/Contents/Common7/IDE/CommonExtensions/Platform/ParallelDebugger/Microsoft.VisualStudio.Debugger.Parallel.Extension.dll' for ngen
[2e2c:0007][2026-05-10T01:23:51] Processing file /Contents/Common7/IDE/CommonExtensions/Platform/ParallelDebugger/Microsoft.VisualStudio.Debugger.Parallel.Extension.pkgdef
[2e2c:0007][2026-05-10T01:23:51] Started: Copying file /Contents/Common7/IDE/CommonExtensions/Platform/ParallelDebugger/Microsoft.VisualStudio.Debugger.Parallel.Extension.pkgdef to D:\Program Files (x86)\Microsoft Visual Studio\2022\BuildTools\Common7\IDE\CommonExtensions\Platform\ParallelDebugger\Microsoft.VisualStudio.Debugger.Parallel.Extension.pkgdef
[2e2c:0007][2026-05-10T01:23:51] Completed: Copying file /Contents/Common7/IDE/CommonExtensions/Platform/ParallelDebugger/Microsoft.VisualStudio.Debugger.Parallel.Extension.pkgdef to D:\Program Files (x86)\Microsoft Visual Studio\2022\BuildTools\Common7\IDE\CommonExtensions\Platform\ParallelDebugger\Microsoft.VisualStudio.Debugger.Parallel.Extension.pkgdef
[2e2c:0007][2026-05-10T01:23:51] Timestamp updated for file 'D:\Program Files (x86)\Microsoft Visual Studio\2022\BuildTools\Common7\IDE\CommonExtensions\Platform\ParallelDebugger\Microsoft.VisualStudio.Debugger.Parallel.Extension.pkgdef'.
[2e2c:0007][2026-05-10T01:23:51] Processing file /Contents/Common7/IDE/Microsoft.VisualStudio.Debugger.dll
[2e2c:0007][2026-05-10T01:23:51] Started: Copying file /Contents/Common7/IDE/Microsoft.VisualStudio.Debugger.dll to D:\Program Files (x86)\Microsoft Visual Studio\2022\BuildTools\Common7\IDE\Microsoft.VisualStudio.Debugger.dll
[2e2c:0007][2026-05-10T01:23:51] Completed: Copying file /Contents/Common7/IDE/Microsoft.VisualStudio.Debugger.dll to D:\Program Files (x86)\Microsoft Visual Studio\2022\BuildTools\Common7\IDE\Microsoft.VisualStudio.Debugger.dll
[2e2c:0007][2026-05-10T01:23:51] Timestamp updated for file 'D:\Program Files (x86)\Microsoft Visual Studio\2022\BuildTools\Common7\IDE\Microsoft.VisualStudio.Debugger.dll'.
[2e2c:0007][2026-05-10T01:23:51] Processing file /Contents/Common7/IDE/PrivateAssemblies/Microsoft.VisualStudio.Debugger.Azure.Shared.dll
[2e2c:0007][2026-05-10T01:23:51] Started: Copying file /Contents/Common7/IDE/PrivateAssemblies/Microsoft.VisualStudio.Debugger.Azure.Shared.dll to D:\Program Files (x86)\Microsoft Visual Studio\2022\BuildTools\Common7\IDE\PrivateAssemblies\Microsoft.VisualStudio.Debugger.Azure.Shared.dll
[2e2c:0007][2026-05-10T01:23:51] Completed: Copying file /Contents/Common7/IDE/PrivateAssemblies/Microsoft.VisualStudio.Debugger.Azure.Shared.dll to D:\Program Files (x86)\Microsoft Visual Studio\2022\BuildTools\Common7\IDE\PrivateAssemblies\Microsoft.VisualStudio.Debugger.Azure.Shared.dll
[2e2c:0007][2026-05-10T01:23:51] Timestamp updated for file 'D:\Program Files (x86)\Microsoft Visual Studio\2022\BuildTools\Common7\IDE\PrivateAssemblies\Microsoft.VisualStudio.Debugger.Azure.Shared.dll'.
[2e2c:0007][2026-05-10T01:23:51] Processing file /Contents/Common7/IDE/PrivateAssemblies/Microsoft.VisualStudio.Debugger.Contracts.dll
[2e2c:0007][2026-05-10T01:23:51] Started: Copying file /Contents/Common7/IDE/PrivateAssemblies/Microsoft.VisualStudio.Debugger.Contracts.dll to D:\Program Files (x86)\Microsoft Visual Studio\2022\BuildTools\Common7\IDE\PrivateAssemblies\Microsoft.VisualStudio.Debugger.Contracts.dll
[2e2c:0007][2026-05-10T01:23:51] Completed: Copying file /Contents/Common7/IDE/PrivateAssemblies/Microsoft.VisualStudio.Debugger.Contracts.dll to D:\Program Files (x86)\Microsoft Visual Studio\2022\BuildTools\Common7\IDE\PrivateAssemblies\Microsoft.VisualStudio.Debugger.Contracts.dll
[2e2c:0007][2026-05-10T01:23:51] Timestamp updated for file 'D:\Program Files (x86)\Microsoft Visual Studio\2022\BuildTools\Common7\IDE\PrivateAssemblies\Microsoft.VisualStudio.Debugger.Contracts.dll'.
[2e2c:0007][2026-05-10T01:23:51] Processing file /Contents/Common7/IDE/PrivateAssemblies/Microsoft.VisualStudio.Debugger.Interop.Internal.dll
[2e2c:0007][2026-05-10T01:23:51] Started: Copying file /Contents/Common7/IDE/PrivateAssemblies/Microsoft.VisualStudio.Debugger.Interop.Internal.dll to D:\Program Files (x86)\Microsoft Visual Studio\2022\BuildTools\Common7\IDE\PrivateAssemblies\Microsoft.VisualStudio.Debugger.Interop.Internal.dll
[2e2c:0007][2026-05-10T01:23:51] Completed: Copying file /Contents/Common7/IDE/PrivateAssemblies/Microsoft.VisualStudio.Debugger.Interop.Internal.dll to D:\Program Files (x86)\Microsoft Visual Studio\2022\BuildTools\Common7\IDE\PrivateAssemblies\Microsoft.VisualStudio.Debugger.Interop.Internal.dll
[2e2c:0007][2026-05-10T01:23:51] Timestamp updated for file 'D:\Program Files (x86)\Microsoft Visual Studio\2022\BuildTools\Common7\IDE\PrivateAssemblies\Microsoft.VisualStudio.Debugger.Interop.Internal.dll'.
[2e2c:0007][2026-05-10T01:23:51] Processing file /Contents/Common7/IDE/PrivateAssemblies/Microsoft.VisualStudio.Debugger.MemoryToolAnalyzer.dll
[2e2c:0007][2026-05-10T01:23:51] Started: Copying file /Contents/Common7/IDE/PrivateAssemblies/Microsoft.VisualStudio.Debugger.MemoryToolAnalyzer.dll to D:\Program Files (x86)\Microsoft Visual Studio\2022\BuildTools\Common7\IDE\PrivateAssemblies\Microsoft.VisualStudio.Debugger.MemoryToolAnalyzer.dll
[2e2c:0007][2026-05-10T01:23:51] Completed: Copying file /Contents/Common7/IDE/PrivateAssemblies/Microsoft.VisualStudio.Debugger.MemoryToolAnalyzer.dll to D:\Program Files (x86)\Microsoft Visual Studio\2022\BuildTools\Common7\IDE\PrivateAssemblies\Microsoft.VisualStudio.Debugger.MemoryToolAnalyzer.dll
[2e2c:0007][2026-05-10T01:23:51] Timestamp updated for file 'D:\Program Files (x86)\Microsoft Visual Studio\2022\BuildTools\Common7\IDE\PrivateAssemblies\Microsoft.VisualStudio.Debugger.MemoryToolAnalyzer.dll'.
[2e2c:0007][2026-05-10T01:23:51] Processing file /Contents/Common7/IDE/PrivateAssemblies/Microsoft.VisualStudio.Debugger.SymbolLocator.Interop.dll
[2e2c:0007][2026-05-10T01:23:51] Started: Copying file /Contents/Common7/IDE/PrivateAssemblies/Microsoft.VisualStudio.Debugger.SymbolLocator.Interop.dll to D:\Program Files (x86)\Microsoft Visual Studio\2022\BuildTools\Common7\IDE\PrivateAssemblies\Microsoft.VisualStudio.Debugger.SymbolLocator.Interop.dll
[2e2c:0007][2026-05-10T01:23:51] Completed: Copying file /Contents/Common7/IDE/PrivateAssemblies/Microsoft.VisualStudio.Debugger.SymbolLocator.Interop.dll to D:\Program Files (x86)\Microsoft Visual Studio\2022\BuildTools\Common7\IDE\PrivateAssemblies\Microsoft.VisualStudio.Debugger.SymbolLocator.Interop.dll
[2e2c:0007][2026-05-10T01:23:51] Timestamp updated for file 'D:\Program Files (x86)\Microsoft Visual Studio\2022\BuildTools\Common7\IDE\PrivateAssemblies\Microsoft.VisualStudio.Debugger.SymbolLocator.Interop.dll'.
[2e2c:0007][2026-05-10T01:23:51] Processing file /Contents/Common7/IDE/PrivateAssemblies/Microsoft.VisualStudio.Diagnostics.Common.dll
[2e2c:0007][2026-05-10T01:23:51] Started: Copying file /Contents/Common7/IDE/PrivateAssemblies/Microsoft.VisualStudio.Diagnostics.Common.dll to D:\Program Files (x86)\Microsoft Visual Studio\2022\BuildTools\Common7\IDE\PrivateAssemblies\Microsoft.VisualStudio.Diagnostics.Common.dll
[2e2c:0007][2026-05-10T01:23:51] Completed: Copying file /Contents/Common7/IDE/PrivateAssemblies/Microsoft.VisualStudio.Diagnostics.Common.dll to D:\Program Files (x86)\Microsoft Visual Studio\2022\BuildTools\Common7\IDE\PrivateAssemblies\Microsoft.VisualStudio.Diagnostics.Common.dll
[2e2c:0007][2026-05-10T01:23:51] Timestamp updated for file 'D:\Program Files (x86)\Microsoft Visual Studio\2022\BuildTools\Common7\IDE\PrivateAssemblies\Microsoft.VisualStudio.Diagnostics.Common.dll'.
[2e2c:0007][2026-05-10T01:23:51] Queueing D:\Program Files (x86)\Microsoft Visual Studio\2022\BuildTools\Common7\IDE\PrivateAssemblies\Microsoft.VisualStudio.Diagnostics.Common.dll for X86 ngen
[2e2c:0007][2026-05-10T01:23:51] Successfully queued file '/Contents/Common7/IDE/PrivateAssemblies/Microsoft.VisualStudio.Diagnostics.Common.dll' for ngen
[2e2c:0007][2026-05-10T01:23:51] Processing file /Contents/Common7/IDE/PublicAssemblies/Microsoft.VisualStudio.Debugger.Interop.10.0.dll
[2e2c:0007][2026-05-10T01:23:51] Started: Copying file /Contents/Common7/IDE/PublicAssemblies/Microsoft.VisualStudio.Debugger.Interop.10.0.dll to D:\Program Files (x86)\Microsoft Visual Studio\2022\BuildTools\Common7\IDE\PublicAssemblies\Microsoft.VisualStudio.Debugger.Interop.10.0.dll
[2e2c:0007][2026-05-10T01:23:51] Completed: Copying file /Contents/Common7/IDE/PublicAssemblies/Microsoft.VisualStudio.Debugger.Interop.10.0.dll to D:\Program Files (x86)\Microsoft Visual Studio\2022\BuildTools\Common7\IDE\PublicAssemblies\Microsoft.VisualStudio.Debugger.Interop.10.0.dll
[2e2c:0007][2026-05-10T01:23:51] Timestamp updated for file 'D:\Program Files (x86)\Microsoft Visual Studio\2022\BuildTools\Common7\IDE\PublicAssemblies\Microsoft.VisualStudio.Debugger.Interop.10.0.dll'.
[2e2c:0007][2026-05-10T01:23:51] Processing file /Contents/Common7/IDE/PublicAssemblies/Microsoft.VisualStudio.Debugger.Interop.11.0.dll
[2e2c:0007][2026-05-10T01:23:51] Started: Copying file /Contents/Common7/IDE/PublicAssemblies/Microsoft.VisualStudio.Debugger.Interop.11.0.dll to D:\Program Files (x86)\Microsoft Visual Studio\2022\BuildTools\Common7\IDE\PublicAssemblies\Microsoft.VisualStudio.Debugger.Interop.11.0.dll
[2e2c:0007][2026-05-10T01:23:51] Completed: Copying file /Contents/Common7/IDE/PublicAssemblies/Microsoft.VisualStudio.Debugger.Interop.11.0.dll to D:\Program Files (x86)\Microsoft Visual Studio\2022\BuildTools\Common7\IDE\PublicAssemblies\Microsoft.VisualStudio.Debugger.Interop.11.0.dll
[2e2c:0007][2026-05-10T01:23:51] Timestamp updated for file 'D:\Program Files (x86)\Microsoft Visual Studio\2022\BuildTools\Common7\IDE\PublicAssemblies\Microsoft.VisualStudio.Debugger.Interop.11.0.dll'.
[2e2c:0007][2026-05-10T01:23:51] Processing file /Contents/Common7/IDE/PublicAssemblies/Microsoft.VisualStudio.Debugger.Interop.12.0.dll
[2e2c:0007][2026-05-10T01:23:51] Started: Copying file /Contents/Common7/IDE/PublicAssemblies/Microsoft.VisualStudio.Debugger.Interop.12.0.dll to D:\Program Files (x86)\Microsoft Visual Studio\2022\BuildTools\Common7\IDE\PublicAssemblies\Microsoft.VisualStudio.Debugger.Interop.12.0.dll
[2e2c:0007][2026-05-10T01:23:51] Completed: Copying file /Contents/Common7/IDE/PublicAssemblies/Microsoft.VisualStudio.Debugger.Interop.12.0.dll to D:\Program Files (x86)\Microsoft Visual Studio\2022\BuildTools\Common7\IDE\PublicAssemblies\Microsoft.VisualStudio.Debugger.Interop.12.0.dll
[2e2c:0007][2026-05-10T01:23:51] Timestamp updated for file 'D:\Program Files (x86)\Microsoft Visual Studio\2022\BuildTools\Common7\IDE\PublicAssemblies\Microsoft.VisualStudio.Debugger.Interop.12.0.dll'.
[2e2c:0007][2026-05-10T01:23:51] Processing file /Contents/Common7/IDE/PublicAssemblies/Microsoft.VisualStudio.Debugger.Interop.14.0.dll
[2e2c:0007][2026-05-10T01:23:51] Started: Copying file /Contents/Common7/IDE/PublicAssemblies/Microsoft.VisualStudio.Debugger.Interop.14.0.dll to D:\Program Files (x86)\Microsoft Visual Studio\2022\BuildTools\Common7\IDE\PublicAssemblies\Microsoft.VisualStudio.Debugger.Interop.14.0.dll
[2e2c:0007][2026-05-10T01:23:51] Completed: Copying file /Contents/Common7/IDE/PublicAssemblies/Microsoft.VisualStudio.Debugger.Interop.14.0.dll to D:\Program Files (x86)\Microsoft Visual Studio\2022\BuildTools\Common7\IDE\PublicAssemblies\Microsoft.VisualStudio.Debugger.Interop.14.0.dll
[2e2c:0007][2026-05-10T01:23:51] Timestamp updated for file 'D:\Program Files (x86)\Microsoft Visual Studio\2022\BuildTools\Common7\IDE\PublicAssemblies\Microsoft.VisualStudio.Debugger.Interop.14.0.dll'.
[2e2c:0007][2026-05-10T01:23:51] Processing file /Contents/Common7/IDE/PublicAssemblies/Microsoft.VisualStudio.Debugger.Interop.15.0.dll
[2e2c:0007][2026-05-10T01:23:51] Started: Copying file /Contents/Common7/IDE/PublicAssemblies/Microsoft.VisualStudio.Debugger.Interop.15.0.dll to D:\Program Files (x86)\Microsoft Visual Studio\2022\BuildTools\Common7\IDE\PublicAssemblies\Microsoft.VisualStudio.Debugger.Interop.15.0.dll
[2e2c:0007][2026-05-10T01:23:51] Completed: Copying file /Contents/Common7/IDE/PublicAssemblies/Microsoft.VisualStudio.Debugger.Interop.15.0.dll to D:\Program Files (x86)\Microsoft Visual Studio\2022\BuildTools\Common7\IDE\PublicAssemblies\Microsoft.VisualStudio.Debugger.Interop.15.0.dll
[2e2c:0007][2026-05-10T01:23:51] Timestamp updated for file 'D:\Program Files (x86)\Microsoft Visual Studio\2022\BuildTools\Common7\IDE\PublicAssemblies\Microsoft.VisualStudio.Debugger.Interop.15.0.dll'.
[2e2c:0007][2026-05-10T01:23:51] Processing file /Contents/Common7/IDE/PublicAssemblies/Microsoft.VisualStudio.Debugger.Interop.16.0.dll
[2e2c:0007][2026-05-10T01:23:51] Started: Copying file /Contents/Common7/IDE/PublicAssemblies/Microsoft.VisualStudio.Debugger.Interop.16.0.dll to D:\Program Files (x86)\Microsoft Visual Studio\2022\BuildTools\Common7\IDE\PublicAssemblies\Microsoft.VisualStudio.Debugger.Interop.16.0.dll
[2e2c:0007][2026-05-10T01:23:51] Completed: Copying file /Contents/Common7/IDE/PublicAssemblies/Microsoft.VisualStudio.Debugger.Interop.16.0.dll to D:\Program Files (x86)\Microsoft Visual Studio\2022\BuildTools\Common7\IDE\PublicAssemblies\Microsoft.VisualStudio.Debugger.Interop.16.0.dll
[2e2c:0007][2026-05-10T01:23:51] Timestamp updated for file 'D:\Program Files (x86)\Microsoft Visual Studio\2022\BuildTools\Common7\IDE\PublicAssemblies\Microsoft.VisualStudio.Debugger.Interop.16.0.dll'.
[2e2c:0007][2026-05-10T01:23:51] Processing file /Contents/Common7/IDE/PublicAssemblies/Microsoft.VisualStudio.Debugger.Interop.17.0.dll
[2e2c:0007][2026-05-10T01:23:51] Started: Copying file /Contents/Common7/IDE/PublicAssemblies/Microsoft.VisualStudio.Debugger.Interop.17.0.dll to D:\Program Files (x86)\Microsoft Visual Studio\2022\BuildTools\Common7\IDE\PublicAssemblies\Microsoft.VisualStudio.Debugger.Interop.17.0.dll
[2e2c:0007][2026-05-10T01:23:51] Completed: Copying file /Contents/Common7/IDE/PublicAssemblies/Microsoft.VisualStudio.Debugger.Interop.17.0.dll to D:\Program Files (x86)\Microsoft Visual Studio\2022\BuildTools\Common7\IDE\PublicAssemblies\Microsoft.VisualStudio.Debugger.Interop.17.0.dll
[2e2c:0007][2026-05-10T01:23:51] Timestamp updated for file 'D:\Program Files (x86)\Microsoft Visual Studio\2022\BuildTools\Common7\IDE\PublicAssemblies\Microsoft.VisualStudio.Debugger.Interop.17.0.dll'.
[2e2c:0007][2026-05-10T01:23:51] Processing file /Contents/Common7/IDE/PublicAssemblies/Microsoft.VisualStudio.Debugger.InteropA.dll
[2e2c:0007][2026-05-10T01:23:51] Started: Copying file /Contents/Common7/IDE/PublicAssemblies/Microsoft.VisualStudio.Debugger.InteropA.dll to D:\Program Files (x86)\Microsoft Visual Studio\2022\BuildTools\Common7\IDE\PublicAssemblies\Microsoft.VisualStudio.Debugger.InteropA.dll
[2e2c:0007][2026-05-10T01:23:51] Completed: Copying file /Contents/Common7/IDE/PublicAssemblies/Microsoft.VisualStudio.Debugger.InteropA.dll to D:\Program Files (x86)\Microsoft Visual Studio\2022\BuildTools\Common7\IDE\PublicAssemblies\Microsoft.VisualStudio.Debugger.InteropA.dll
[2e2c:0007][2026-05-10T01:23:51] Timestamp updated for file 'D:\Program Files (x86)\Microsoft Visual Studio\2022\BuildTools\Common7\IDE\PublicAssemblies\Microsoft.VisualStudio.Debugger.InteropA.dll'.
[2e2c:0007][2026-05-10T01:23:51] Processing file /Contents/Common7/IDE/srcsrv.dll
[2e2c:0007][2026-05-10T01:23:51] Started: Copying file /Contents/Common7/IDE/srcsrv.dll to D:\Program Files (x86)\Microsoft Visual Studio\2022\BuildTools\Common7\IDE\srcsrv.dll
[2e2c:0007][2026-05-10T01:23:51] Completed: Copying file /Contents/Common7/IDE/srcsrv.dll to D:\Program Files (x86)\Microsoft Visual Studio\2022\BuildTools\Common7\IDE\srcsrv.dll
[2e2c:0007][2026-05-10T01:23:51] Timestamp updated for file 'D:\Program Files (x86)\Microsoft Visual Studio\2022\BuildTools\Common7\IDE\srcsrv.dll'.
[2e2c:0007][2026-05-10T01:23:51] Processing file /Contents/Common7/IDE/srcsrv.ini
[2e2c:0007][2026-05-10T01:23:51] Started: Copying file /Contents/Common7/IDE/srcsrv.ini to D:\Program Files (x86)\Microsoft Visual Studio\2022\BuildTools\Common7\IDE\srcsrv.ini
[2e2c:0007][2026-05-10T01:23:51] Completed: Copying file /Contents/Common7/IDE/srcsrv.ini to D:\Program Files (x86)\Microsoft Visual Studio\2022\BuildTools\Common7\IDE\srcsrv.ini
[2e2c:0007][2026-05-10T01:23:51] Timestamp updated for file 'D:\Program Files (x86)\Microsoft Visual Studio\2022\BuildTools\Common7\IDE\srcsrv.ini'.
[2e2c:0007][2026-05-10T01:23:51] Processing file /Contents/Common7/IDE/symsrv.dll
[2e2c:0007][2026-05-10T01:23:51] Started: Copying file /Contents/Common7/IDE/symsrv.dll to D:\Program Files (x86)\Microsoft Visual Studio\2022\BuildTools\Common7\IDE\symsrv.dll
[2e2c:0007][2026-05-10T01:23:51] Completed: Copying file /Contents/Common7/IDE/symsrv.dll to D:\Program Files (x86)\Microsoft Visual Studio\2022\BuildTools\Common7\IDE\symsrv.dll
[2e2c:0007][2026-05-10T01:23:51] Timestamp updated for file 'D:\Program Files (x86)\Microsoft Visual Studio\2022\BuildTools\Common7\IDE\symsrv.dll'.
[2e2c:0007][2026-05-10T01:23:51] Processing file /Contents/Common7/IDE/symsrv.yes
[2e2c:0007][2026-05-10T01:23:51] Started: Copying file /Contents/Common7/IDE/symsrv.yes to D:\Program Files (x86)\Microsoft Visual Studio\2022\BuildTools\Common7\IDE\symsrv.yes
[2e2c:0007][2026-05-10T01:23:51] Completed: Copying file /Contents/Common7/IDE/symsrv.yes to D:\Program Files (x86)\Microsoft Visual Studio\2022\BuildTools\Common7\IDE\symsrv.yes
[2e2c:0007][2026-05-10T01:23:51] Timestamp updated for file 'D:\Program Files (x86)\Microsoft Visual Studio\2022\BuildTools\Common7\IDE\symsrv.yes'.
[2e2c:0007][2026-05-10T01:23:51] Processing file /Contents/Common7/IDE/symsrvhost.exe
[2e2c:0007][2026-05-10T01:23:51] Started: Copying file /Contents/Common7/IDE/symsrvhost.exe to D:\Program Files (x86)\Microsoft Visual Studio\2022\BuildTools\Common7\IDE\symsrvhost.exe
[2e2c:0007][2026-05-10T01:23:51] Completed: Copying file /Contents/Common7/IDE/symsrvhost.exe to D:\Program Files (x86)\Microsoft Visual Studio\2022\BuildTools\Common7\IDE\symsrvhost.exe
[2e2c:0007][2026-05-10T01:23:51] Timestamp updated for file 'D:\Program Files (x86)\Microsoft Visual Studio\2022\BuildTools\Common7\IDE\symsrvhost.exe'.
[2e2c:0007][2026-05-10T01:23:51] Processing file /Contents/Common7/Packages/Debugger/encmgr.dll
[2e2c:0007][2026-05-10T01:23:51] Started: Copying file /Contents/Common7/Packages/Debugger/encmgr.dll to D:\Program Files (x86)\Microsoft Visual Studio\2022\BuildTools\Common7\Packages\Debugger\encmgr.dll
[2e2c:0007][2026-05-10T01:23:51] Completed: Copying file /Contents/Common7/Packages/Debugger/encmgr.dll to D:\Program Files (x86)\Microsoft Visual Studio\2022\BuildTools\Common7\Packages\Debugger\encmgr.dll
[2e2c:0007][2026-05-10T01:23:51] Timestamp updated for file 'D:\Program Files (x86)\Microsoft Visual Studio\2022\BuildTools\Common7\Packages\Debugger\encmgr.dll'.
[2e2c:0007][2026-05-10T01:23:51] Processing file /Contents/Common7/Packages/Debugger/msdia140.dll
[2e2c:0007][2026-05-10T01:23:51] Started: Copying file /Contents/Common7/Packages/Debugger/msdia140.dll to D:\Program Files (x86)\Microsoft Visual Studio\2022\BuildTools\Common7\Packages\Debugger\msdia140.dll
[2e2c:0007][2026-05-10T01:23:51] Completed: Copying file /Contents/Common7/Packages/Debugger/msdia140.dll to D:\Program Files (x86)\Microsoft Visual Studio\2022\BuildTools\Common7\Packages\Debugger\msdia140.dll
[2e2c:0007][2026-05-10T01:23:51] Timestamp updated for file 'D:\Program Files (x86)\Microsoft Visual Studio\2022\BuildTools\Common7\Packages\Debugger\msdia140.dll'.
[2e2c:0007][2026-05-10T01:23:51] Processing file /Contents/Common7/Packages/Debugger/msvcp140_atomic_wait.dll
[2e2c:0007][2026-05-10T01:23:51] Started: Copying file /Contents/Common7/Packages/Debugger/msvcp140_atomic_wait.dll to D:\Program Files (x86)\Microsoft Visual Studio\2022\BuildTools\Common7\Packages\Debugger\msvcp140_atomic_wait.dll
[2e2c:0007][2026-05-10T01:23:51] Completed: Copying file /Contents/Common7/Packages/Debugger/msvcp140_atomic_wait.dll to D:\Program Files (x86)\Microsoft Visual Studio\2022\BuildTools\Common7\Packages\Debugger\msvcp140_atomic_wait.dll
[2e2c:0007][2026-05-10T01:23:51] Timestamp updated for file 'D:\Program Files (x86)\Microsoft Visual Studio\2022\BuildTools\Common7\Packages\Debugger\msvcp140_atomic_wait.dll'.
[2e2c:0007][2026-05-10T01:23:51] Processing file /Contents/Common7/Packages/Debugger/symbollocator.dll
[2e2c:0007][2026-05-10T01:23:51] Started: Copying file /Contents/Common7/Packages/Debugger/symbollocator.dll to D:\Program Files (x86)\Microsoft Visual Studio\2022\BuildTools\Common7\Packages\Debugger\symbollocator.dll
[2e2c:0007][2026-05-10T01:23:51] Completed: Copying file /Contents/Common7/Packages/Debugger/symbollocator.dll to D:\Program Files (x86)\Microsoft Visual Studio\2022\BuildTools\Common7\Packages\Debugger\symbollocator.dll
[2e2c:0007][2026-05-10T01:23:51] Timestamp updated for file 'D:\Program Files (x86)\Microsoft Visual Studio\2022\BuildTools\Common7\Packages\Debugger\symbollocator.dll'.
[2e2c:0007][2026-05-10T01:23:51] Processing file /Contents/Common7/Packages/Debugger/UnifiedSettings/DebuggerOptions.registration.json
[2e2c:0007][2026-05-10T01:23:51] Started: Copying file /Contents/Common7/Packages/Debugger/UnifiedSettings/DebuggerOptions.registration.json to D:\Program Files (x86)\Microsoft Visual Studio\2022\BuildTools\Common7\Packages\Debugger\UnifiedSettings\DebuggerOptions.registration.json
[2e2c:0007][2026-05-10T01:23:51] Completed: Copying file /Contents/Common7/Packages/Debugger/UnifiedSettings/DebuggerOptions.registration.json to D:\Program Files (x86)\Microsoft Visual Studio\2022\BuildTools\Common7\Packages\Debugger\UnifiedSettings\DebuggerOptions.registration.json
[2e2c:0007][2026-05-10T01:23:51] Timestamp updated for file 'D:\Program Files (x86)\Microsoft Visual Studio\2022\BuildTools\Common7\Packages\Debugger\UnifiedSettings\DebuggerOptions.registration.json'.
[2e2c:0007][2026-05-10T01:23:51] Processing file /Contents/Common7/Packages/Debugger/VSDebug.dll
[2e2c:0007][2026-05-10T01:23:51] Started: Copying file /Contents/Common7/Packages/Debugger/VSDebug.dll to D:\Program Files (x86)\Microsoft Visual Studio\2022\BuildTools\Common7\Packages\Debugger\VSDebug.dll
[2e2c:0007][2026-05-10T01:23:51] Completed: Copying file /Contents/Common7/Packages/Debugger/VSDebug.dll to D:\Program Files (x86)\Microsoft Visual Studio\2022\BuildTools\Common7\Packages\Debugger\VSDebug.dll
[2e2c:0007][2026-05-10T01:23:51] Timestamp updated for file 'D:\Program Files (x86)\Microsoft Visual Studio\2022\BuildTools\Common7\Packages\Debugger\VSDebug.dll'.
[2e2c:0007][2026-05-10T01:23:51] Processing file /Contents/Common7/IDE/CommonExtensions/Platform/Debugger/extension.vsixmanifest
[2e2c:0007][2026-05-10T01:23:51] Started: Copying file /Contents/Common7/IDE/CommonExtensions/Platform/Debugger/extension.vsixmanifest to D:\Program Files (x86)\Microsoft Visual Studio\2022\BuildTools\Common7\IDE\CommonExtensions\Platform\Debugger\extension.vsixmanifest
[2e2c:0007][2026-05-10T01:23:51] Completed: Copying file /Contents/Common7/IDE/CommonExtensions/Platform/Debugger/extension.vsixmanifest to D:\Program Files (x86)\Microsoft Visual Studio\2022\BuildTools\Common7\IDE\CommonExtensions\Platform\Debugger\extension.vsixmanifest
[2e2c:0007][2026-05-10T01:23:51] Timestamp updated for file 'D:\Program Files (x86)\Microsoft Visual Studio\2022\BuildTools\Common7\IDE\CommonExtensions\Platform\Debugger\extension.vsixmanifest'.
[2e2c:0007][2026-05-10T01:23:51] Processing file /Contents/Common7/IDE/CommonExtensions/Platform/ParallelDebugger/extension.vsixmanifest
[2e2c:0007][2026-05-10T01:23:51] Started: Copying file /Contents/Common7/IDE/CommonExtensions/Platform/ParallelDebugger/extension.vsixmanifest to D:\Program Files (x86)\Microsoft Visual Studio\2022\BuildTools\Common7\IDE\CommonExtensions\Platform\ParallelDebugger\extension.vsixmanifest
[2e2c:0007][2026-05-10T01:23:51] Completed: Copying file /Contents/Common7/IDE/CommonExtensions/Platform/ParallelDebugger/extension.vsixmanifest to D:\Program Files (x86)\Microsoft Visual Studio\2022\BuildTools\Common7\IDE\CommonExtensions\Platform\ParallelDebugger\extension.vsixmanifest
[2e2c:0007][2026-05-10T01:23:51] Timestamp updated for file 'D:\Program Files (x86)\Microsoft Visual Studio\2022\BuildTools\Common7\IDE\CommonExtensions\Platform\ParallelDebugger\extension.vsixmanifest'.
[2e2c:0007][2026-05-10T01:23:51] Package executed successfully. Return code: 0
