[0c48:0003][2026-05-10T01:44:43] Using cached package manifest as the embedded manifest
[0c48:0003][2026-05-10T01:44:43] Processing file /Contents/Common7/IDE/Microsoft.VisualStudio.ConfigurationUI.dll
[0c48:0003][2026-05-10T01:44:43] C:\Program Files (x86)\Microsoft Visual Studio\2022\BuildTools\Common7\IDE\Microsoft.VisualStudio.ConfigurationUI.dll file deleted.
[0c48:0003][2026-05-10T01:44:43] Processing file /Contents/Common7/IDE/compluslm.dll
[0c48:0003][2026-05-10T01:44:43] C:\Program Files (x86)\Microsoft Visual Studio\2022\BuildTools\Common7\IDE\compluslm.dll file deleted.
[0c48:0003][2026-05-10T01:44:43] Processing file /Contents/Common7/IDE/vssln.dll
[0c48:0003][2026-05-10T01:44:43] C:\Program Files (x86)\Microsoft Visual Studio\2022\BuildTools\Common7\IDE\vssln.dll file deleted.
[0c48:0003][2026-05-10T01:44:43] Processing file /Contents/Common7/IDE/adodb.manifest
[0c48:0003][2026-05-10T01:44:43] C:\Program Files (x86)\Microsoft Visual Studio\2022\BuildTools\Common7\IDE\adodb.manifest file deleted.
[0c48:0003][2026-05-10T01:44:43] Processing file /Contents/Common7/IDE/Microsoft.VisualStudio.ManagedInterfaces.manifest
[0c48:0003][2026-05-10T01:44:43] C:\Program Files (x86)\Microsoft Visual Studio\2022\BuildTools\Common7\IDE\Microsoft.VisualStudio.ManagedInterfaces.manifest file deleted.
[0c48:0003][2026-05-10T01:44:43] Processing file /Contents/Common7/IDE/Microsoft.VisualStudio.QualityTools.Wizard.TestProjectWizards.manifest
[0c48:0003][2026-05-10T01:44:43] C:\Program Files (x86)\Microsoft Visual Studio\2022\BuildTools\Common7\IDE\Microsoft.VisualStudio.QualityTools.Wizard.TestProjectWizards.manifest file deleted.
[0c48:0003][2026-05-10T01:44:43] Processing file /Contents/Common7/IDE/vshost32.exe
[0c48:0003][2026-05-10T01:44:43] C:\Program Files (x86)\Microsoft Visual Studio\2022\BuildTools\Common7\IDE\vshost32.exe file deleted.
[0c48:0003][2026-05-10T01:44:43] Processing file /Contents/Common7/IDE/vshost32-clr2.exe
[0c48:0003][2026-05-10T01:44:43] C:\Program Files (x86)\Microsoft Visual Studio\2022\BuildTools\Common7\IDE\vshost32-clr2.exe file deleted.
[0c48:0003][2026-05-10T01:44:43] Processing file /Contents/Common7/IDE/Automation/clientbuildmgr.tlb
[0c48:0003][2026-05-10T01:44:43] C:\Program Files (x86)\Microsoft Visual Studio\2022\BuildTools\Common7\IDE\Automation\clientbuildmgr.tlb file deleted.
[0c48:0003][2026-05-10T01:44:43] Processing file /Contents/Common7/IDE/Automation/wfinterop.tlb
[0c48:0003][2026-05-10T01:44:43] C:\Program Files (x86)\Microsoft Visual Studio\2022\BuildTools\Common7\IDE\Automation\wfinterop.tlb file deleted.
[0c48:0003][2026-05-10T01:44:43] Processing file /Contents/Common7/IDE/Automation/msdia140.dll
[0c48:0003][2026-05-10T01:44:43] C:\Program Files (x86)\Microsoft Visual Studio\2022\BuildTools\Common7\IDE\Automation\msdia140.dll file deleted.
[0c48:0003][2026-05-10T01:44:43] Processing file /Contents/Common7/IDE/Automation/clientbuildmgr.tlb.manifest
[0c48:0003][2026-05-10T01:44:43] C:\Program Files (x86)\Microsoft Visual Studio\2022\BuildTools\Common7\IDE\Automation\clientbuildmgr.tlb.manifest file deleted.
[0c48:0003][2026-05-10T01:44:43] Processing file /Contents/Common7/IDE/Automation/msdia140.dll.manifest
[0c48:0003][2026-05-10T01:44:43] C:\Program Files (x86)\Microsoft Visual Studio\2022\BuildTools\Common7\IDE\Automation\msdia140.dll.manifest file deleted.
[0c48:0003][2026-05-10T01:44:43] Processing file /Contents/Common7/IDE/Automation/wfinterop.tlb.manifest
[0c48:0003][2026-05-10T01:44:43] C:\Program Files (x86)\Microsoft Visual Studio\2022\BuildTools\Common7\IDE\Automation\wfinterop.tlb.manifest file deleted.
[0c48:0003][2026-05-10T01:44:43] Processing file /Contents/Common7/IDE/PrivateAssemblies/Microsoft.Alm.Shared.Remoting.RemoteContainer.dll
[0c48:0003][2026-05-10T01:44:43] C:\Program Files (x86)\Microsoft Visual Studio\2022\BuildTools\Common7\IDE\PrivateAssemblies\Microsoft.Alm.Shared.Remoting.RemoteContainer.dll file deleted.
[0c48:0003][2026-05-10T01:44:43] Processing file /Contents/Common7/IDE/PrivateAssemblies/DDConfig.dll
[0c48:0003][2026-05-10T01:44:43] C:\Program Files (x86)\Microsoft Visual Studio\2022\BuildTools\Common7\IDE\PrivateAssemblies\DDConfig.dll file deleted.
[0c48:0003][2026-05-10T01:44:43] Processing file /Contents/Common7/IDE/VS SCC/msemp.dll
[0c48:0003][2026-05-10T01:44:43] C:\Program Files (x86)\Microsoft Visual Studio\2022\BuildTools\Common7\IDE\VS SCC\msemp.dll file deleted.
[0c48:0003][2026-05-10T01:44:43] Processing file /Contents/Common7/IDE/VS SCC/msemp.dll.manifest
[0c48:0003][2026-05-10T01:44:43] C:\Program Files (x86)\Microsoft Visual Studio\2022\BuildTools\Common7\IDE\VS SCC\msemp.dll.manifest file deleted.
[0c48:0003][2026-05-10T01:44:43] Processing file /Contents/Common7/IDE/VS SCC/VssProvider.dll
[0c48:0003][2026-05-10T01:44:43] C:\Program Files (x86)\Microsoft Visual Studio\2022\BuildTools\Common7\IDE\VS SCC\VssProvider.dll file deleted.
[0c48:0003][2026-05-10T01:44:43] Processing file /Contents/Common7/IDE/VS SCC/VssProviderStub.dll
[0c48:0003][2026-05-10T01:44:43] C:\Program Files (x86)\Microsoft Visual Studio\2022\BuildTools\Common7\IDE\VS SCC\VssProviderStub.dll file deleted.
[0c48:0003][2026-05-10T01:44:43] Processing file /Contents/Common7/IDE/Remote Debugger/x64/VsDebugEng.Xaml.dll
[0c48:0003][2026-05-10T01:44:43] C:\Program Files (x86)\Microsoft Visual Studio\2022\BuildTools\Common7\IDE\Remote Debugger\x64\VsDebugEng.Xaml.dll file deleted.
[0c48:0003][2026-05-10T01:44:43] Processing file /Contents/Common7/IDE/Remote Debugger/x64/GpuEnvSetup.dll
[0c48:0003][2026-05-10T01:44:43] C:\Program Files (x86)\Microsoft Visual Studio\2022\BuildTools\Common7\IDE\Remote Debugger\x64\GpuEnvSetup.dll file deleted.
[0c48:0003][2026-05-10T01:44:43] Processing file /Contents/Common7/IDE/Remote Debugger/x64/GpuDebugEngine.dll
[0c48:0003][2026-05-10T01:44:43] C:\Program Files (x86)\Microsoft Visual Studio\2022\BuildTools\Common7\IDE\Remote Debugger\x64\GpuDebugEngine.dll file deleted.
[0c48:0003][2026-05-10T01:44:43] Processing file /Contents/Common7/IDE/Remote Debugger/x64/D3DCompiler_47.dll
[0c48:0003][2026-05-10T01:44:43] C:\Program Files (x86)\Microsoft Visual Studio\2022\BuildTools\Common7\IDE\Remote Debugger\x64\D3DCompiler_47.dll file deleted.
[0c48:0003][2026-05-10T01:44:43] Processing file /Contents/Common7/IDE/Remote Debugger/x64/concrt140.dll
[0c48:0003][2026-05-10T01:44:43] C:\Program Files (x86)\Microsoft Visual Studio\2022\BuildTools\Common7\IDE\Remote Debugger\x64\concrt140.dll file deleted.
[0c48:0003][2026-05-10T01:44:43] Processing file /Contents/Common7/IDE/Remote Debugger/x86/VsDebugEng.Xaml.dll
[0c48:0003][2026-05-10T01:44:43] C:\Program Files (x86)\Microsoft Visual Studio\2022\BuildTools\Common7\IDE\Remote Debugger\x86\VsDebugEng.Xaml.dll file deleted.
[0c48:0003][2026-05-10T01:44:43] Processing file /Contents/Common7/IDE/Remote Debugger/x86/GpuEnvSetup.dll
[0c48:0003][2026-05-10T01:44:43] C:\Program Files (x86)\Microsoft Visual Studio\2022\BuildTools\Common7\IDE\Remote Debugger\x86\GpuEnvSetup.dll file deleted.
[0c48:0003][2026-05-10T01:44:43] Processing file /Contents/Common7/IDE/Remote Debugger/x86/GpuDebugEngine.dll
[0c48:0003][2026-05-10T01:44:43] C:\Program Files (x86)\Microsoft Visual Studio\2022\BuildTools\Common7\IDE\Remote Debugger\x86\GpuDebugEngine.dll file deleted.
[0c48:0003][2026-05-10T01:44:43] Processing file /Contents/Common7/IDE/Remote Debugger/x86/D3DCompiler_47.dll
[0c48:0003][2026-05-10T01:44:43] C:\Program Files (x86)\Microsoft Visual Studio\2022\BuildTools\Common7\IDE\Remote Debugger\x86\D3DCompiler_47.dll file deleted.
[0c48:0003][2026-05-10T01:44:43] Processing file /Contents/Common7/IDE/Remote Debugger/x86/concrt140.dll
[0c48:0003][2026-05-10T01:44:43] C:\Program Files (x86)\Microsoft Visual Studio\2022\BuildTools\Common7\IDE\Remote Debugger\x86\concrt140.dll file deleted.
[0c48:0003][2026-05-10T01:44:43] Processing file /Contents/Common7/Packages/CompSvcsPkg.dll
[0c48:0003][2026-05-10T01:44:43] C:\Program Files (x86)\Microsoft Visual Studio\2022\BuildTools\Common7\Packages\CompSvcsPkg.dll file deleted.
[0c48:0003][2026-05-10T01:44:43] Processing file /Contents/Common7/Packages/dirprj.dll
[0c48:0003][2026-05-10T01:44:43] C:\Program Files (x86)\Microsoft Visual Studio\2022\BuildTools\Common7\Packages\dirprj.dll file deleted.
[0c48:0003][2026-05-10T01:44:43] Processing file /Contents/Common7/Packages/Debugger/GpuEnvSetup.dll
[0c48:0003][2026-05-10T01:44:43] C:\Program Files (x86)\Microsoft Visual Studio\2022\BuildTools\Common7\Packages\Debugger\GpuEnvSetup.dll file deleted.
[0c48:0003][2026-05-10T01:44:43] Processing file /Contents/Common7/Packages/Debugger/GpuEnvSetup.vsdconfig
[0c48:0003][2026-05-10T01:44:43] C:\Program Files (x86)\Microsoft Visual Studio\2022\BuildTools\Common7\Packages\Debugger\GpuEnvSetup.vsdconfig file deleted.
[0c48:0003][2026-05-10T01:44:43] Processing file /Contents/Common7/Packages/Debugger/HlslEE.dll
[0c48:0003][2026-05-10T01:44:43] C:\Program Files (x86)\Microsoft Visual Studio\2022\BuildTools\Common7\Packages\Debugger\HlslEE.dll file deleted.
[0c48:0003][2026-05-10T01:44:43] Processing file /Contents/Common7/Packages/Debugger/HlslEE.vsdconfig
[0c48:0003][2026-05-10T01:44:43] C:\Program Files (x86)\Microsoft Visual Studio\2022\BuildTools\Common7\Packages\Debugger\HlslEE.vsdconfig file deleted.
[0c48:0003][2026-05-10T01:44:43] Processing file /Contents/Common7/Packages/Debugger/jsee.dll
[0c48:0003][2026-05-10T01:44:43] C:\Program Files (x86)\Microsoft Visual Studio\2022\BuildTools\Common7\Packages\Debugger\jsee.dll file deleted.
[0c48:0003][2026-05-10T01:44:43] Processing file /Contents/Common7/IDE/Automation/DiagnosticsTap.dll
[0c48:0003][2026-05-10T01:44:43] C:\Program Files (x86)\Microsoft Visual Studio\2022\BuildTools\Common7\IDE\Automation\DiagnosticsTap.dll file deleted.
[0c48:0003][2026-05-10T01:44:43] Processing file /Contents/Common7/IDE/Automation/DiagnosticsTap.dll.manifest
[0c48:0003][2026-05-10T01:44:43] C:\Program Files (x86)\Microsoft Visual Studio\2022\BuildTools\Common7\IDE\Automation\DiagnosticsTap.dll.manifest file deleted.
[0c48:0003][2026-05-10T01:44:43] Started: Deleting empty directories
[0c48:0003][2026-05-10T01:44:43] Completed: Deleting empty directories
[0c48:0003][2026-05-10T01:44:43] Package executed successfully. Return code: 0
