[2e2c:0007][2026-05-10T01:23:32] Opening the package for processing
[2e2c:0007][2026-05-10T01:23:32] Using package payload to get the embedded manifest
[2e2c:0007][2026-05-10T01:23:32] Getting list of files within the package
[2e2c:0007][2026-05-10T01:23:32] Processing file /Contents/MSBuild/Microsoft/VisualStudio/v17.0/Python%20Tools/Microsoft.PythonTools.BuildTasks.Core.dll
[2e2c:0007][2026-05-10T01:23:32] Started: Copying file /Contents/MSBuild/Microsoft/VisualStudio/v17.0/Python%20Tools/Microsoft.PythonTools.BuildTasks.Core.dll to D:\Program Files (x86)\Microsoft Visual Studio\2022\BuildTools\MSBuild\Microsoft\VisualStudio\v17.0\Python Tools\Microsoft.PythonTools.BuildTasks.Core.dll
[2e2c:0007][2026-05-10T01:23:32] Completed: Copying file /Contents/MSBuild/Microsoft/VisualStudio/v17.0/Python%20Tools/Microsoft.PythonTools.BuildTasks.Core.dll to D:\Program Files (x86)\Microsoft Visual Studio\2022\BuildTools\MSBuild\Microsoft\VisualStudio\v17.0\Python Tools\Microsoft.PythonTools.BuildTasks.Core.dll
[2e2c:0007][2026-05-10T01:23:32] Timestamp updated for file 'D:\Program Files (x86)\Microsoft Visual Studio\2022\BuildTools\MSBuild\Microsoft\VisualStudio\v17.0\Python Tools\Microsoft.PythonTools.BuildTasks.Core.dll'.
[2e2c:0007][2026-05-10T01:23:32] Processing file /Contents/MSBuild/Microsoft/VisualStudio/v17.0/Python%20Tools/Microsoft.PythonTools.Common.dll
[2e2c:0007][2026-05-10T01:23:32] Started: Copying file /Contents/MSBuild/Microsoft/VisualStudio/v17.0/Python%20Tools/Microsoft.PythonTools.Common.dll to D:\Program Files (x86)\Microsoft Visual Studio\2022\BuildTools\MSBuild\Microsoft\VisualStudio\v17.0\Python Tools\Microsoft.PythonTools.Common.dll
[2e2c:0007][2026-05-10T01:23:32] Completed: Copying file /Contents/MSBuild/Microsoft/VisualStudio/v17.0/Python%20Tools/Microsoft.PythonTools.Common.dll to D:\Program Files (x86)\Microsoft Visual Studio\2022\BuildTools\MSBuild\Microsoft\VisualStudio\v17.0\Python Tools\Microsoft.PythonTools.Common.dll
[2e2c:0007][2026-05-10T01:23:32] Timestamp updated for file 'D:\Program Files (x86)\Microsoft Visual Studio\2022\BuildTools\MSBuild\Microsoft\VisualStudio\v17.0\Python Tools\Microsoft.PythonTools.Common.dll'.
[2e2c:0007][2026-05-10T01:23:32] Processing file /Contents/MSBuild/Microsoft/VisualStudio/v17.0/Python%20Tools/Microsoft.PythonTools.Django.targets
[2e2c:0007][2026-05-10T01:23:32] Started: Copying file /Contents/MSBuild/Microsoft/VisualStudio/v17.0/Python%20Tools/Microsoft.PythonTools.Django.targets to D:\Program Files (x86)\Microsoft Visual Studio\2022\BuildTools\MSBuild\Microsoft\VisualStudio\v17.0\Python Tools\Microsoft.PythonTools.Django.targets
[2e2c:0007][2026-05-10T01:23:32] Completed: Copying file /Contents/MSBuild/Microsoft/VisualStudio/v17.0/Python%20Tools/Microsoft.PythonTools.Django.targets to D:\Program Files (x86)\Microsoft Visual Studio\2022\BuildTools\MSBuild\Microsoft\VisualStudio\v17.0\Python Tools\Microsoft.PythonTools.Django.targets
[2e2c:0007][2026-05-10T01:23:32] Timestamp updated for file 'D:\Program Files (x86)\Microsoft Visual Studio\2022\BuildTools\MSBuild\Microsoft\VisualStudio\v17.0\Python Tools\Microsoft.PythonTools.Django.targets'.
[2e2c:0007][2026-05-10T01:23:32] Processing file /Contents/MSBuild/Microsoft/VisualStudio/v17.0/Python%20Tools/Microsoft.PythonTools.targets
[2e2c:0007][2026-05-10T01:23:32] Started: Copying file /Contents/MSBuild/Microsoft/VisualStudio/v17.0/Python%20Tools/Microsoft.PythonTools.targets to D:\Program Files (x86)\Microsoft Visual Studio\2022\BuildTools\MSBuild\Microsoft\VisualStudio\v17.0\Python Tools\Microsoft.PythonTools.targets
[2e2c:0007][2026-05-10T01:23:32] Completed: Copying file /Contents/MSBuild/Microsoft/VisualStudio/v17.0/Python%20Tools/Microsoft.PythonTools.targets to D:\Program Files (x86)\Microsoft Visual Studio\2022\BuildTools\MSBuild\Microsoft\VisualStudio\v17.0\Python Tools\Microsoft.PythonTools.targets
[2e2c:0007][2026-05-10T01:23:32] Timestamp updated for file 'D:\Program Files (x86)\Microsoft Visual Studio\2022\BuildTools\MSBuild\Microsoft\VisualStudio\v17.0\Python Tools\Microsoft.PythonTools.targets'.
[2e2c:0007][2026-05-10T01:23:32] Processing file /Contents/MSBuild/Microsoft/VisualStudio/v17.0/Python%20Tools/Microsoft.PythonTools.Web.targets
[2e2c:0007][2026-05-10T01:23:32] Started: Copying file /Contents/MSBuild/Microsoft/VisualStudio/v17.0/Python%20Tools/Microsoft.PythonTools.Web.targets to D:\Program Files (x86)\Microsoft Visual Studio\2022\BuildTools\MSBuild\Microsoft\VisualStudio\v17.0\Python Tools\Microsoft.PythonTools.Web.targets
[2e2c:0007][2026-05-10T01:23:32] Completed: Copying file /Contents/MSBuild/Microsoft/VisualStudio/v17.0/Python%20Tools/Microsoft.PythonTools.Web.targets to D:\Program Files (x86)\Microsoft Visual Studio\2022\BuildTools\MSBuild\Microsoft\VisualStudio\v17.0\Python Tools\Microsoft.PythonTools.Web.targets
[2e2c:0007][2026-05-10T01:23:32] Timestamp updated for file 'D:\Program Files (x86)\Microsoft Visual Studio\2022\BuildTools\MSBuild\Microsoft\VisualStudio\v17.0\Python Tools\Microsoft.PythonTools.Web.targets'.
[2e2c:0007][2026-05-10T01:23:32] Processing file /Contents/MSBuild/Microsoft/VisualStudio/v17.0/Python%20Tools/Microsoft.PythonTools.WebRole.dll
[2e2c:0007][2026-05-10T01:23:32] Started: Copying file /Contents/MSBuild/Microsoft/VisualStudio/v17.0/Python%20Tools/Microsoft.PythonTools.WebRole.dll to D:\Program Files (x86)\Microsoft Visual Studio\2022\BuildTools\MSBuild\Microsoft\VisualStudio\v17.0\Python Tools\Microsoft.PythonTools.WebRole.dll
[2e2c:0007][2026-05-10T01:23:32] Completed: Copying file /Contents/MSBuild/Microsoft/VisualStudio/v17.0/Python%20Tools/Microsoft.PythonTools.WebRole.dll to D:\Program Files (x86)\Microsoft Visual Studio\2022\BuildTools\MSBuild\Microsoft\VisualStudio\v17.0\Python Tools\Microsoft.PythonTools.WebRole.dll
[2e2c:0007][2026-05-10T01:23:32] Timestamp updated for file 'D:\Program Files (x86)\Microsoft Visual Studio\2022\BuildTools\MSBuild\Microsoft\VisualStudio\v17.0\Python Tools\Microsoft.PythonTools.WebRole.dll'.
[2e2c:0007][2026-05-10T01:23:32] Processing file /Contents/MSBuild/Microsoft/VisualStudio/v17.0/Python%20Tools/Microsoft.PythonTools.Worker.targets
[2e2c:0007][2026-05-10T01:23:32] Started: Copying file /Contents/MSBuild/Microsoft/VisualStudio/v17.0/Python%20Tools/Microsoft.PythonTools.Worker.targets to D:\Program Files (x86)\Microsoft Visual Studio\2022\BuildTools\MSBuild\Microsoft\VisualStudio\v17.0\Python Tools\Microsoft.PythonTools.Worker.targets
[2e2c:0007][2026-05-10T01:23:32] Completed: Copying file /Contents/MSBuild/Microsoft/VisualStudio/v17.0/Python%20Tools/Microsoft.PythonTools.Worker.targets to D:\Program Files (x86)\Microsoft Visual Studio\2022\BuildTools\MSBuild\Microsoft\VisualStudio\v17.0\Python Tools\Microsoft.PythonTools.Worker.targets
[2e2c:0007][2026-05-10T01:23:32] Timestamp updated for file 'D:\Program Files (x86)\Microsoft Visual Studio\2022\BuildTools\MSBuild\Microsoft\VisualStudio\v17.0\Python Tools\Microsoft.PythonTools.Worker.targets'.
[2e2c:0007][2026-05-10T01:23:32] Processing file /Contents/MSBuild/Microsoft/VisualStudio/v17.0/Python%20Tools/wfastcgi.py
[2e2c:0007][2026-05-10T01:23:32] Started: Copying file /Contents/MSBuild/Microsoft/VisualStudio/v17.0/Python%20Tools/wfastcgi.py to D:\Program Files (x86)\Microsoft Visual Studio\2022\BuildTools\MSBuild\Microsoft\VisualStudio\v17.0\Python Tools\wfastcgi.py
[2e2c:0007][2026-05-10T01:23:32] Completed: Copying file /Contents/MSBuild/Microsoft/VisualStudio/v17.0/Python%20Tools/wfastcgi.py to D:\Program Files (x86)\Microsoft Visual Studio\2022\BuildTools\MSBuild\Microsoft\VisualStudio\v17.0\Python Tools\wfastcgi.py
[2e2c:0007][2026-05-10T01:23:32] Timestamp updated for file 'D:\Program Files (x86)\Microsoft Visual Studio\2022\BuildTools\MSBuild\Microsoft\VisualStudio\v17.0\Python Tools\wfastcgi.py'.
[2e2c:0007][2026-05-10T01:23:32] Processing file /Contents/MSBuild/Microsoft/VisualStudio/v18.0/Python%20Tools/Microsoft.PythonTools.BuildTasks.Core.dll
[2e2c:0007][2026-05-10T01:23:32] Started: Copying file /Contents/MSBuild/Microsoft/VisualStudio/v18.0/Python%20Tools/Microsoft.PythonTools.BuildTasks.Core.dll to D:\Program Files (x86)\Microsoft Visual Studio\2022\BuildTools\MSBuild\Microsoft\VisualStudio\v18.0\Python Tools\Microsoft.PythonTools.BuildTasks.Core.dll
[2e2c:0007][2026-05-10T01:23:32] Completed: Copying file /Contents/MSBuild/Microsoft/VisualStudio/v18.0/Python%20Tools/Microsoft.PythonTools.BuildTasks.Core.dll to D:\Program Files (x86)\Microsoft Visual Studio\2022\BuildTools\MSBuild\Microsoft\VisualStudio\v18.0\Python Tools\Microsoft.PythonTools.BuildTasks.Core.dll
[2e2c:0007][2026-05-10T01:23:32] Timestamp updated for file 'D:\Program Files (x86)\Microsoft Visual Studio\2022\BuildTools\MSBuild\Microsoft\VisualStudio\v18.0\Python Tools\Microsoft.PythonTools.BuildTasks.Core.dll'.
[2e2c:0007][2026-05-10T01:23:32] Processing file /Contents/MSBuild/Microsoft/VisualStudio/v18.0/Python%20Tools/Microsoft.PythonTools.Common.dll
[2e2c:0007][2026-05-10T01:23:32] Started: Copying file /Contents/MSBuild/Microsoft/VisualStudio/v18.0/Python%20Tools/Microsoft.PythonTools.Common.dll to D:\Program Files (x86)\Microsoft Visual Studio\2022\BuildTools\MSBuild\Microsoft\VisualStudio\v18.0\Python Tools\Microsoft.PythonTools.Common.dll
[2e2c:0007][2026-05-10T01:23:32] Completed: Copying file /Contents/MSBuild/Microsoft/VisualStudio/v18.0/Python%20Tools/Microsoft.PythonTools.Common.dll to D:\Program Files (x86)\Microsoft Visual Studio\2022\BuildTools\MSBuild\Microsoft\VisualStudio\v18.0\Python Tools\Microsoft.PythonTools.Common.dll
[2e2c:0007][2026-05-10T01:23:32] Timestamp updated for file 'D:\Program Files (x86)\Microsoft Visual Studio\2022\BuildTools\MSBuild\Microsoft\VisualStudio\v18.0\Python Tools\Microsoft.PythonTools.Common.dll'.
[2e2c:0007][2026-05-10T01:23:32] Processing file /Contents/MSBuild/Microsoft/VisualStudio/v18.0/Python%20Tools/Microsoft.PythonTools.Django.targets
[2e2c:0007][2026-05-10T01:23:32] Started: Copying file /Contents/MSBuild/Microsoft/VisualStudio/v18.0/Python%20Tools/Microsoft.PythonTools.Django.targets to D:\Program Files (x86)\Microsoft Visual Studio\2022\BuildTools\MSBuild\Microsoft\VisualStudio\v18.0\Python Tools\Microsoft.PythonTools.Django.targets
[2e2c:0007][2026-05-10T01:23:32] Completed: Copying file /Contents/MSBuild/Microsoft/VisualStudio/v18.0/Python%20Tools/Microsoft.PythonTools.Django.targets to D:\Program Files (x86)\Microsoft Visual Studio\2022\BuildTools\MSBuild\Microsoft\VisualStudio\v18.0\Python Tools\Microsoft.PythonTools.Django.targets
[2e2c:0007][2026-05-10T01:23:32] Timestamp updated for file 'D:\Program Files (x86)\Microsoft Visual Studio\2022\BuildTools\MSBuild\Microsoft\VisualStudio\v18.0\Python Tools\Microsoft.PythonTools.Django.targets'.
[2e2c:0007][2026-05-10T01:23:32] Processing file /Contents/MSBuild/Microsoft/VisualStudio/v18.0/Python%20Tools/Microsoft.PythonTools.targets
[2e2c:0007][2026-05-10T01:23:32] Started: Copying file /Contents/MSBuild/Microsoft/VisualStudio/v18.0/Python%20Tools/Microsoft.PythonTools.targets to D:\Program Files (x86)\Microsoft Visual Studio\2022\BuildTools\MSBuild\Microsoft\VisualStudio\v18.0\Python Tools\Microsoft.PythonTools.targets
[2e2c:0007][2026-05-10T01:23:32] Completed: Copying file /Contents/MSBuild/Microsoft/VisualStudio/v18.0/Python%20Tools/Microsoft.PythonTools.targets to D:\Program Files (x86)\Microsoft Visual Studio\2022\BuildTools\MSBuild\Microsoft\VisualStudio\v18.0\Python Tools\Microsoft.PythonTools.targets
[2e2c:0007][2026-05-10T01:23:32] Timestamp updated for file 'D:\Program Files (x86)\Microsoft Visual Studio\2022\BuildTools\MSBuild\Microsoft\VisualStudio\v18.0\Python Tools\Microsoft.PythonTools.targets'.
[2e2c:0007][2026-05-10T01:23:32] Processing file /Contents/MSBuild/Microsoft/VisualStudio/v18.0/Python%20Tools/Microsoft.PythonTools.Web.targets
[2e2c:0007][2026-05-10T01:23:32] Started: Copying file /Contents/MSBuild/Microsoft/VisualStudio/v18.0/Python%20Tools/Microsoft.PythonTools.Web.targets to D:\Program Files (x86)\Microsoft Visual Studio\2022\BuildTools\MSBuild\Microsoft\VisualStudio\v18.0\Python Tools\Microsoft.PythonTools.Web.targets
[2e2c:0007][2026-05-10T01:23:32] Completed: Copying file /Contents/MSBuild/Microsoft/VisualStudio/v18.0/Python%20Tools/Microsoft.PythonTools.Web.targets to D:\Program Files (x86)\Microsoft Visual Studio\2022\BuildTools\MSBuild\Microsoft\VisualStudio\v18.0\Python Tools\Microsoft.PythonTools.Web.targets
[2e2c:0007][2026-05-10T01:23:32] Timestamp updated for file 'D:\Program Files (x86)\Microsoft Visual Studio\2022\BuildTools\MSBuild\Microsoft\VisualStudio\v18.0\Python Tools\Microsoft.PythonTools.Web.targets'.
[2e2c:0007][2026-05-10T01:23:32] Processing file /Contents/MSBuild/Microsoft/VisualStudio/v18.0/Python%20Tools/Microsoft.PythonTools.WebRole.dll
[2e2c:0007][2026-05-10T01:23:32] Started: Copying file /Contents/MSBuild/Microsoft/VisualStudio/v18.0/Python%20Tools/Microsoft.PythonTools.WebRole.dll to D:\Program Files (x86)\Microsoft Visual Studio\2022\BuildTools\MSBuild\Microsoft\VisualStudio\v18.0\Python Tools\Microsoft.PythonTools.WebRole.dll
[2e2c:0007][2026-05-10T01:23:32] Completed: Copying file /Contents/MSBuild/Microsoft/VisualStudio/v18.0/Python%20Tools/Microsoft.PythonTools.WebRole.dll to D:\Program Files (x86)\Microsoft Visual Studio\2022\BuildTools\MSBuild\Microsoft\VisualStudio\v18.0\Python Tools\Microsoft.PythonTools.WebRole.dll
[2e2c:0007][2026-05-10T01:23:32] Timestamp updated for file 'D:\Program Files (x86)\Microsoft Visual Studio\2022\BuildTools\MSBuild\Microsoft\VisualStudio\v18.0\Python Tools\Microsoft.PythonTools.WebRole.dll'.
[2e2c:0007][2026-05-10T01:23:32] Processing file /Contents/MSBuild/Microsoft/VisualStudio/v18.0/Python%20Tools/Microsoft.PythonTools.Worker.targets
[2e2c:0007][2026-05-10T01:23:32] Started: Copying file /Contents/MSBuild/Microsoft/VisualStudio/v18.0/Python%20Tools/Microsoft.PythonTools.Worker.targets to D:\Program Files (x86)\Microsoft Visual Studio\2022\BuildTools\MSBuild\Microsoft\VisualStudio\v18.0\Python Tools\Microsoft.PythonTools.Worker.targets
[2e2c:0007][2026-05-10T01:23:32] Completed: Copying file /Contents/MSBuild/Microsoft/VisualStudio/v18.0/Python%20Tools/Microsoft.PythonTools.Worker.targets to D:\Program Files (x86)\Microsoft Visual Studio\2022\BuildTools\MSBuild\Microsoft\VisualStudio\v18.0\Python Tools\Microsoft.PythonTools.Worker.targets
[2e2c:0007][2026-05-10T01:23:32] Timestamp updated for file 'D:\Program Files (x86)\Microsoft Visual Studio\2022\BuildTools\MSBuild\Microsoft\VisualStudio\v18.0\Python Tools\Microsoft.PythonTools.Worker.targets'.
[2e2c:0007][2026-05-10T01:23:32] Processing file /Contents/MSBuild/Microsoft/VisualStudio/v18.0/Python%20Tools/wfastcgi.py
[2e2c:0007][2026-05-10T01:23:32] Started: Copying file /Contents/MSBuild/Microsoft/VisualStudio/v18.0/Python%20Tools/wfastcgi.py to D:\Program Files (x86)\Microsoft Visual Studio\2022\BuildTools\MSBuild\Microsoft\VisualStudio\v18.0\Python Tools\wfastcgi.py
[2e2c:0007][2026-05-10T01:23:32] Completed: Copying file /Contents/MSBuild/Microsoft/VisualStudio/v18.0/Python%20Tools/wfastcgi.py to D:\Program Files (x86)\Microsoft Visual Studio\2022\BuildTools\MSBuild\Microsoft\VisualStudio\v18.0\Python Tools\wfastcgi.py
[2e2c:0007][2026-05-10T01:23:32] Timestamp updated for file 'D:\Program Files (x86)\Microsoft Visual Studio\2022\BuildTools\MSBuild\Microsoft\VisualStudio\v18.0\Python Tools\wfastcgi.py'.
[2e2c:0007][2026-05-10T01:23:32] Package executed successfully. Return code: 0
