[da4c:0007][2026-05-10T00:49:59] Opening the package for processing
[da4c:0007][2026-05-10T00:49:59] Using package payload to get the embedded manifest
[da4c:0007][2026-05-10T00:49:59] Getting list of files within the package
[da4c:0007][2026-05-10T00:49:59] Processing file /.vsextension/cs/string-resources.json
[da4c:0007][2026-05-10T00:49:59] Started: Copying file /.vsextension/cs/string-resources.json to D:\Program\Common7\IDE\CommonExtensions\Microsoft\IdentityGS\.vsextension\cs\string-resources.json
[da4c:0007][2026-05-10T00:49:59] Completed: Copying file /.vsextension/cs/string-resources.json to D:\Program\Common7\IDE\CommonExtensions\Microsoft\IdentityGS\.vsextension\cs\string-resources.json
[da4c:0007][2026-05-10T00:49:59] Timestamp updated for file 'D:\Program\Common7\IDE\CommonExtensions\Microsoft\IdentityGS\.vsextension\cs\string-resources.json'.
[da4c:0007][2026-05-10T00:49:59] Processing file /.vsextension/de/string-resources.json
[da4c:0007][2026-05-10T00:49:59] Started: Copying file /.vsextension/de/string-resources.json to D:\Program\Common7\IDE\CommonExtensions\Microsoft\IdentityGS\.vsextension\de\string-resources.json
[da4c:0007][2026-05-10T00:49:59] Completed: Copying file /.vsextension/de/string-resources.json to D:\Program\Common7\IDE\CommonExtensions\Microsoft\IdentityGS\.vsextension\de\string-resources.json
[da4c:0007][2026-05-10T00:49:59] Timestamp updated for file 'D:\Program\Common7\IDE\CommonExtensions\Microsoft\IdentityGS\.vsextension\de\string-resources.json'.
[da4c:0007][2026-05-10T00:49:59] Processing file /.vsextension/es/string-resources.json
[da4c:0007][2026-05-10T00:49:59] Started: Copying file /.vsextension/es/string-resources.json to D:\Program\Common7\IDE\CommonExtensions\Microsoft\IdentityGS\.vsextension\es\string-resources.json
[da4c:0007][2026-05-10T00:49:59] Completed: Copying file /.vsextension/es/string-resources.json to D:\Program\Common7\IDE\CommonExtensions\Microsoft\IdentityGS\.vsextension\es\string-resources.json
[da4c:0007][2026-05-10T00:49:59] Timestamp updated for file 'D:\Program\Common7\IDE\CommonExtensions\Microsoft\IdentityGS\.vsextension\es\string-resources.json'.
[da4c:0007][2026-05-10T00:49:59] Processing file /.vsextension/extension.json
[da4c:0007][2026-05-10T00:49:59] Started: Copying file /.vsextension/extension.json to D:\Program\Common7\IDE\CommonExtensions\Microsoft\IdentityGS\.vsextension\extension.json
[da4c:0007][2026-05-10T00:49:59] Completed: Copying file /.vsextension/extension.json to D:\Program\Common7\IDE\CommonExtensions\Microsoft\IdentityGS\.vsextension\extension.json
[da4c:0007][2026-05-10T00:49:59] Timestamp updated for file 'D:\Program\Common7\IDE\CommonExtensions\Microsoft\IdentityGS\.vsextension\extension.json'.
[da4c:0007][2026-05-10T00:49:59] Processing file /.vsextension/fr/string-resources.json
[da4c:0007][2026-05-10T00:49:59] Started: Copying file /.vsextension/fr/string-resources.json to D:\Program\Common7\IDE\CommonExtensions\Microsoft\IdentityGS\.vsextension\fr\string-resources.json
[da4c:0007][2026-05-10T00:49:59] Completed: Copying file /.vsextension/fr/string-resources.json to D:\Program\Common7\IDE\CommonExtensions\Microsoft\IdentityGS\.vsextension\fr\string-resources.json
[da4c:0007][2026-05-10T00:49:59] Timestamp updated for file 'D:\Program\Common7\IDE\CommonExtensions\Microsoft\IdentityGS\.vsextension\fr\string-resources.json'.
[da4c:0007][2026-05-10T00:49:59] Processing file /.vsextension/it/string-resources.json
[da4c:0007][2026-05-10T00:49:59] Started: Copying file /.vsextension/it/string-resources.json to D:\Program\Common7\IDE\CommonExtensions\Microsoft\IdentityGS\.vsextension\it\string-resources.json
[da4c:0007][2026-05-10T00:49:59] Completed: Copying file /.vsextension/it/string-resources.json to D:\Program\Common7\IDE\CommonExtensions\Microsoft\IdentityGS\.vsextension\it\string-resources.json
[da4c:0007][2026-05-10T00:49:59] Timestamp updated for file 'D:\Program\Common7\IDE\CommonExtensions\Microsoft\IdentityGS\.vsextension\it\string-resources.json'.
[da4c:0007][2026-05-10T00:49:59] Processing file /.vsextension/ja/string-resources.json
[da4c:0007][2026-05-10T00:49:59] Started: Copying file /.vsextension/ja/string-resources.json to D:\Program\Common7\IDE\CommonExtensions\Microsoft\IdentityGS\.vsextension\ja\string-resources.json
[da4c:0007][2026-05-10T00:49:59] Completed: Copying file /.vsextension/ja/string-resources.json to D:\Program\Common7\IDE\CommonExtensions\Microsoft\IdentityGS\.vsextension\ja\string-resources.json
[da4c:0007][2026-05-10T00:49:59] Timestamp updated for file 'D:\Program\Common7\IDE\CommonExtensions\Microsoft\IdentityGS\.vsextension\ja\string-resources.json'.
[da4c:0007][2026-05-10T00:49:59] Processing file /.vsextension/ko/string-resources.json
[da4c:0007][2026-05-10T00:49:59] Started: Copying file /.vsextension/ko/string-resources.json to D:\Program\Common7\IDE\CommonExtensions\Microsoft\IdentityGS\.vsextension\ko\string-resources.json
[da4c:0007][2026-05-10T00:49:59] Completed: Copying file /.vsextension/ko/string-resources.json to D:\Program\Common7\IDE\CommonExtensions\Microsoft\IdentityGS\.vsextension\ko\string-resources.json
[da4c:0007][2026-05-10T00:49:59] Timestamp updated for file 'D:\Program\Common7\IDE\CommonExtensions\Microsoft\IdentityGS\.vsextension\ko\string-resources.json'.
[da4c:0007][2026-05-10T00:49:59] Processing file /.vsextension/pl/string-resources.json
[da4c:0007][2026-05-10T00:49:59] Started: Copying file /.vsextension/pl/string-resources.json to D:\Program\Common7\IDE\CommonExtensions\Microsoft\IdentityGS\.vsextension\pl\string-resources.json
[da4c:0007][2026-05-10T00:49:59] Completed: Copying file /.vsextension/pl/string-resources.json to D:\Program\Common7\IDE\CommonExtensions\Microsoft\IdentityGS\.vsextension\pl\string-resources.json
[da4c:0007][2026-05-10T00:49:59] Timestamp updated for file 'D:\Program\Common7\IDE\CommonExtensions\Microsoft\IdentityGS\.vsextension\pl\string-resources.json'.
[da4c:0007][2026-05-10T00:49:59] Processing file /.vsextension/pt-BR/string-resources.json
[da4c:0007][2026-05-10T00:49:59] Started: Copying file /.vsextension/pt-BR/string-resources.json to D:\Program\Common7\IDE\CommonExtensions\Microsoft\IdentityGS\.vsextension\pt-BR\string-resources.json
[da4c:0007][2026-05-10T00:49:59] Completed: Copying file /.vsextension/pt-BR/string-resources.json to D:\Program\Common7\IDE\CommonExtensions\Microsoft\IdentityGS\.vsextension\pt-BR\string-resources.json
[da4c:0007][2026-05-10T00:49:59] Timestamp updated for file 'D:\Program\Common7\IDE\CommonExtensions\Microsoft\IdentityGS\.vsextension\pt-BR\string-resources.json'.
[da4c:0007][2026-05-10T00:49:59] Processing file /.vsextension/ru/string-resources.json
[da4c:0007][2026-05-10T00:49:59] Started: Copying file /.vsextension/ru/string-resources.json to D:\Program\Common7\IDE\CommonExtensions\Microsoft\IdentityGS\.vsextension\ru\string-resources.json
[da4c:0007][2026-05-10T00:49:59] Completed: Copying file /.vsextension/ru/string-resources.json to D:\Program\Common7\IDE\CommonExtensions\Microsoft\IdentityGS\.vsextension\ru\string-resources.json
[da4c:0007][2026-05-10T00:49:59] Timestamp updated for file 'D:\Program\Common7\IDE\CommonExtensions\Microsoft\IdentityGS\.vsextension\ru\string-resources.json'.
[da4c:0007][2026-05-10T00:49:59] Processing file /.vsextension/string-resources.json
[da4c:0007][2026-05-10T00:49:59] Started: Copying file /.vsextension/string-resources.json to D:\Program\Common7\IDE\CommonExtensions\Microsoft\IdentityGS\.vsextension\string-resources.json
[da4c:0007][2026-05-10T00:49:59] Completed: Copying file /.vsextension/string-resources.json to D:\Program\Common7\IDE\CommonExtensions\Microsoft\IdentityGS\.vsextension\string-resources.json
[da4c:0007][2026-05-10T00:49:59] Timestamp updated for file 'D:\Program\Common7\IDE\CommonExtensions\Microsoft\IdentityGS\.vsextension\string-resources.json'.
[da4c:0007][2026-05-10T00:49:59] Processing file /.vsextension/tr/string-resources.json
[da4c:0007][2026-05-10T00:49:59] Started: Copying file /.vsextension/tr/string-resources.json to D:\Program\Common7\IDE\CommonExtensions\Microsoft\IdentityGS\.vsextension\tr\string-resources.json
[da4c:0007][2026-05-10T00:49:59] Completed: Copying file /.vsextension/tr/string-resources.json to D:\Program\Common7\IDE\CommonExtensions\Microsoft\IdentityGS\.vsextension\tr\string-resources.json
[da4c:0007][2026-05-10T00:49:59] Timestamp updated for file 'D:\Program\Common7\IDE\CommonExtensions\Microsoft\IdentityGS\.vsextension\tr\string-resources.json'.
[da4c:0007][2026-05-10T00:49:59] Processing file /.vsextension/zh-Hans/string-resources.json
[da4c:0007][2026-05-10T00:49:59] Started: Copying file /.vsextension/zh-Hans/string-resources.json to D:\Program\Common7\IDE\CommonExtensions\Microsoft\IdentityGS\.vsextension\zh-Hans\string-resources.json
[da4c:0007][2026-05-10T00:49:59] Completed: Copying file /.vsextension/zh-Hans/string-resources.json to D:\Program\Common7\IDE\CommonExtensions\Microsoft\IdentityGS\.vsextension\zh-Hans\string-resources.json
[da4c:0007][2026-05-10T00:49:59] Timestamp updated for file 'D:\Program\Common7\IDE\CommonExtensions\Microsoft\IdentityGS\.vsextension\zh-Hans\string-resources.json'.
[da4c:0007][2026-05-10T00:49:59] Processing file /.vsextension/zh-Hant/string-resources.json
[da4c:0007][2026-05-10T00:49:59] Started: Copying file /.vsextension/zh-Hant/string-resources.json to D:\Program\Common7\IDE\CommonExtensions\Microsoft\IdentityGS\.vsextension\zh-Hant\string-resources.json
[da4c:0007][2026-05-10T00:49:59] Completed: Copying file /.vsextension/zh-Hant/string-resources.json to D:\Program\Common7\IDE\CommonExtensions\Microsoft\IdentityGS\.vsextension\zh-Hant\string-resources.json
[da4c:0007][2026-05-10T00:49:59] Timestamp updated for file 'D:\Program\Common7\IDE\CommonExtensions\Microsoft\IdentityGS\.vsextension\zh-Hant\string-resources.json'.
[da4c:0007][2026-05-10T00:49:59] Processing file /catalog.json
[da4c:0007][2026-05-10T00:49:59] Started: Copying file /catalog.json to D:\Program\Common7\IDE\CommonExtensions\Microsoft\IdentityGS\catalog.json
[da4c:0007][2026-05-10T00:49:59] Completed: Copying file /catalog.json to D:\Program\Common7\IDE\CommonExtensions\Microsoft\IdentityGS\catalog.json
[da4c:0007][2026-05-10T00:49:59] Timestamp updated for file 'D:\Program\Common7\IDE\CommonExtensions\Microsoft\IdentityGS\catalog.json'.
[da4c:0007][2026-05-10T00:49:59] Processing file /manifest.json
[da4c:0007][2026-05-10T00:49:59] Started: Copying file /manifest.json to D:\Program\Common7\IDE\CommonExtensions\Microsoft\IdentityGS\manifest.json
[da4c:0007][2026-05-10T00:49:59] Completed: Copying file /manifest.json to D:\Program\Common7\IDE\CommonExtensions\Microsoft\IdentityGS\manifest.json
[da4c:0007][2026-05-10T00:49:59] Timestamp updated for file 'D:\Program\Common7\IDE\CommonExtensions\Microsoft\IdentityGS\manifest.json'.
[da4c:0007][2026-05-10T00:49:59] Processing file /Microsoft.Developer.IdentityService.RegisterVSCommand.dll
[da4c:0007][2026-05-10T00:49:59] Started: Copying file /Microsoft.Developer.IdentityService.RegisterVSCommand.dll to D:\Program\Common7\IDE\CommonExtensions\Microsoft\IdentityGS\Microsoft.Developer.IdentityService.RegisterVSCommand.dll
[da4c:0007][2026-05-10T00:49:59] Completed: Copying file /Microsoft.Developer.IdentityService.RegisterVSCommand.dll to D:\Program\Common7\IDE\CommonExtensions\Microsoft\IdentityGS\Microsoft.Developer.IdentityService.RegisterVSCommand.dll
[da4c:0007][2026-05-10T00:49:59] Timestamp updated for file 'D:\Program\Common7\IDE\CommonExtensions\Microsoft\IdentityGS\Microsoft.Developer.IdentityService.RegisterVSCommand.dll'.
[da4c:0007][2026-05-10T00:49:59] Processing file /Microsoft.Developer.IdentityServiceGS.pkgdef
[da4c:0007][2026-05-10T00:49:59] Started: Copying file /Microsoft.Developer.IdentityServiceGS.pkgdef to D:\Program\Common7\IDE\CommonExtensions\Microsoft\IdentityGS\Microsoft.Developer.IdentityServiceGS.pkgdef
[da4c:0007][2026-05-10T00:49:59] Completed: Copying file /Microsoft.Developer.IdentityServiceGS.pkgdef to D:\Program\Common7\IDE\CommonExtensions\Microsoft\IdentityGS\Microsoft.Developer.IdentityServiceGS.pkgdef
[da4c:0007][2026-05-10T00:49:59] Timestamp updated for file 'D:\Program\Common7\IDE\CommonExtensions\Microsoft\IdentityGS\Microsoft.Developer.IdentityServiceGS.pkgdef'.
[da4c:0007][2026-05-10T00:49:59] Processing file /extension.vsixmanifest
[da4c:0007][2026-05-10T00:49:59] Started: Copying file /extension.vsixmanifest to D:\Program\Common7\IDE\CommonExtensions\Microsoft\IdentityGS\extension.vsixmanifest
[da4c:0007][2026-05-10T00:49:59] Completed: Copying file /extension.vsixmanifest to D:\Program\Common7\IDE\CommonExtensions\Microsoft\IdentityGS\extension.vsixmanifest
[da4c:0007][2026-05-10T00:49:59] Timestamp updated for file 'D:\Program\Common7\IDE\CommonExtensions\Microsoft\IdentityGS\extension.vsixmanifest'.
[da4c:0007][2026-05-10T00:49:59] Package executed successfully. Return code: 0
