[18d4:0007][2026-05-10T02:03:36] Opening the package for processing
[18d4:0007][2026-05-10T02:03:36] Using package payload to get the embedded manifest
[18d4:0007][2026-05-10T02:03:36] Getting list of files within the package
[18d4:0007][2026-05-10T02:03:36] Processing file /catalog.json
[18d4:0007][2026-05-10T02:03:36] Started: Copying file /catalog.json to D:\Program Files (x86)\Microsoft Visual Studio\2022\BuildTools\Common7\IDE\CommonExtensions\Microsoft\VBCSharp\ExpressionEvaluators\catalog.json
[18d4:0007][2026-05-10T02:03:36] Completed: Copying file /catalog.json to D:\Program Files (x86)\Microsoft Visual Studio\2022\BuildTools\Common7\IDE\CommonExtensions\Microsoft\VBCSharp\ExpressionEvaluators\catalog.json
[18d4:0007][2026-05-10T02:03:36] Timestamp updated for file 'D:\Program Files (x86)\Microsoft Visual Studio\2022\BuildTools\Common7\IDE\CommonExtensions\Microsoft\VBCSharp\ExpressionEvaluators\catalog.json'.
[18d4:0007][2026-05-10T02:03:36] Processing file /cs/Microsoft.CodeAnalysis.ExpressionEvaluator.ResultProvider.resources.dll
[18d4:0007][2026-05-10T02:03:36] Started: Copying file /cs/Microsoft.CodeAnalysis.ExpressionEvaluator.ResultProvider.resources.dll to D:\Program Files (x86)\Microsoft Visual Studio\2022\BuildTools\Common7\IDE\CommonExtensions\Microsoft\VBCSharp\ExpressionEvaluators\cs\Microsoft.CodeAnalysis.ExpressionEvaluator.ResultProvider.resources.dll
[18d4:0007][2026-05-10T02:03:36] Completed: Copying file /cs/Microsoft.CodeAnalysis.ExpressionEvaluator.ResultProvider.resources.dll to D:\Program Files (x86)\Microsoft Visual Studio\2022\BuildTools\Common7\IDE\CommonExtensions\Microsoft\VBCSharp\ExpressionEvaluators\cs\Microsoft.CodeAnalysis.ExpressionEvaluator.ResultProvider.resources.dll
[18d4:0007][2026-05-10T02:03:36] Timestamp updated for file 'D:\Program Files (x86)\Microsoft Visual Studio\2022\BuildTools\Common7\IDE\CommonExtensions\Microsoft\VBCSharp\ExpressionEvaluators\cs\Microsoft.CodeAnalysis.ExpressionEvaluator.ResultProvider.resources.dll'.
[18d4:0007][2026-05-10T02:03:36] Processing file /cs/Microsoft.CodeAnalysis.VisualBasic.ExpressionEvaluator.ExpressionCompiler.resources.dll
[18d4:0007][2026-05-10T02:03:36] Started: Copying file /cs/Microsoft.CodeAnalysis.VisualBasic.ExpressionEvaluator.ExpressionCompiler.resources.dll to D:\Program Files (x86)\Microsoft Visual Studio\2022\BuildTools\Common7\IDE\CommonExtensions\Microsoft\VBCSharp\ExpressionEvaluators\cs\Microsoft.CodeAnalysis.VisualBasic.ExpressionEvaluator.ExpressionCompiler.resources.dll
[18d4:0007][2026-05-10T02:03:36] Completed: Copying file /cs/Microsoft.CodeAnalysis.VisualBasic.ExpressionEvaluator.ExpressionCompiler.resources.dll to D:\Program Files (x86)\Microsoft Visual Studio\2022\BuildTools\Common7\IDE\CommonExtensions\Microsoft\VBCSharp\ExpressionEvaluators\cs\Microsoft.CodeAnalysis.VisualBasic.ExpressionEvaluator.ExpressionCompiler.resources.dll
[18d4:0007][2026-05-10T02:03:36] Timestamp updated for file 'D:\Program Files (x86)\Microsoft Visual Studio\2022\BuildTools\Common7\IDE\CommonExtensions\Microsoft\VBCSharp\ExpressionEvaluators\cs\Microsoft.CodeAnalysis.VisualBasic.ExpressionEvaluator.ExpressionCompiler.resources.dll'.
[18d4:0007][2026-05-10T02:03:36] Processing file /de/Microsoft.CodeAnalysis.ExpressionEvaluator.ResultProvider.resources.dll
[18d4:0007][2026-05-10T02:03:36] Started: Copying file /de/Microsoft.CodeAnalysis.ExpressionEvaluator.ResultProvider.resources.dll to D:\Program Files (x86)\Microsoft Visual Studio\2022\BuildTools\Common7\IDE\CommonExtensions\Microsoft\VBCSharp\ExpressionEvaluators\de\Microsoft.CodeAnalysis.ExpressionEvaluator.ResultProvider.resources.dll
[18d4:0007][2026-05-10T02:03:36] Completed: Copying file /de/Microsoft.CodeAnalysis.ExpressionEvaluator.ResultProvider.resources.dll to D:\Program Files (x86)\Microsoft Visual Studio\2022\BuildTools\Common7\IDE\CommonExtensions\Microsoft\VBCSharp\ExpressionEvaluators\de\Microsoft.CodeAnalysis.ExpressionEvaluator.ResultProvider.resources.dll
[18d4:0007][2026-05-10T02:03:36] Timestamp updated for file 'D:\Program Files (x86)\Microsoft Visual Studio\2022\BuildTools\Common7\IDE\CommonExtensions\Microsoft\VBCSharp\ExpressionEvaluators\de\Microsoft.CodeAnalysis.ExpressionEvaluator.ResultProvider.resources.dll'.
[18d4:0007][2026-05-10T02:03:36] Processing file /de/Microsoft.CodeAnalysis.VisualBasic.ExpressionEvaluator.ExpressionCompiler.resources.dll
[18d4:0007][2026-05-10T02:03:36] Started: Copying file /de/Microsoft.CodeAnalysis.VisualBasic.ExpressionEvaluator.ExpressionCompiler.resources.dll to D:\Program Files (x86)\Microsoft Visual Studio\2022\BuildTools\Common7\IDE\CommonExtensions\Microsoft\VBCSharp\ExpressionEvaluators\de\Microsoft.CodeAnalysis.VisualBasic.ExpressionEvaluator.ExpressionCompiler.resources.dll
[18d4:0007][2026-05-10T02:03:36] Completed: Copying file /de/Microsoft.CodeAnalysis.VisualBasic.ExpressionEvaluator.ExpressionCompiler.resources.dll to D:\Program Files (x86)\Microsoft Visual Studio\2022\BuildTools\Common7\IDE\CommonExtensions\Microsoft\VBCSharp\ExpressionEvaluators\de\Microsoft.CodeAnalysis.VisualBasic.ExpressionEvaluator.ExpressionCompiler.resources.dll
[18d4:0007][2026-05-10T02:03:36] Timestamp updated for file 'D:\Program Files (x86)\Microsoft Visual Studio\2022\BuildTools\Common7\IDE\CommonExtensions\Microsoft\VBCSharp\ExpressionEvaluators\de\Microsoft.CodeAnalysis.VisualBasic.ExpressionEvaluator.ExpressionCompiler.resources.dll'.
[18d4:0007][2026-05-10T02:03:36] Processing file /es/Microsoft.CodeAnalysis.ExpressionEvaluator.ResultProvider.resources.dll
[18d4:0007][2026-05-10T02:03:36] Started: Copying file /es/Microsoft.CodeAnalysis.ExpressionEvaluator.ResultProvider.resources.dll to D:\Program Files (x86)\Microsoft Visual Studio\2022\BuildTools\Common7\IDE\CommonExtensions\Microsoft\VBCSharp\ExpressionEvaluators\es\Microsoft.CodeAnalysis.ExpressionEvaluator.ResultProvider.resources.dll
[18d4:0007][2026-05-10T02:03:36] Completed: Copying file /es/Microsoft.CodeAnalysis.ExpressionEvaluator.ResultProvider.resources.dll to D:\Program Files (x86)\Microsoft Visual Studio\2022\BuildTools\Common7\IDE\CommonExtensions\Microsoft\VBCSharp\ExpressionEvaluators\es\Microsoft.CodeAnalysis.ExpressionEvaluator.ResultProvider.resources.dll
[18d4:0007][2026-05-10T02:03:36] Timestamp updated for file 'D:\Program Files (x86)\Microsoft Visual Studio\2022\BuildTools\Common7\IDE\CommonExtensions\Microsoft\VBCSharp\ExpressionEvaluators\es\Microsoft.CodeAnalysis.ExpressionEvaluator.ResultProvider.resources.dll'.
[18d4:0007][2026-05-10T02:03:36] Processing file /es/Microsoft.CodeAnalysis.VisualBasic.ExpressionEvaluator.ExpressionCompiler.resources.dll
[18d4:0007][2026-05-10T02:03:36] Started: Copying file /es/Microsoft.CodeAnalysis.VisualBasic.ExpressionEvaluator.ExpressionCompiler.resources.dll to D:\Program Files (x86)\Microsoft Visual Studio\2022\BuildTools\Common7\IDE\CommonExtensions\Microsoft\VBCSharp\ExpressionEvaluators\es\Microsoft.CodeAnalysis.VisualBasic.ExpressionEvaluator.ExpressionCompiler.resources.dll
[18d4:0007][2026-05-10T02:03:36] Completed: Copying file /es/Microsoft.CodeAnalysis.VisualBasic.ExpressionEvaluator.ExpressionCompiler.resources.dll to D:\Program Files (x86)\Microsoft Visual Studio\2022\BuildTools\Common7\IDE\CommonExtensions\Microsoft\VBCSharp\ExpressionEvaluators\es\Microsoft.CodeAnalysis.VisualBasic.ExpressionEvaluator.ExpressionCompiler.resources.dll
[18d4:0007][2026-05-10T02:03:36] Timestamp updated for file 'D:\Program Files (x86)\Microsoft Visual Studio\2022\BuildTools\Common7\IDE\CommonExtensions\Microsoft\VBCSharp\ExpressionEvaluators\es\Microsoft.CodeAnalysis.VisualBasic.ExpressionEvaluator.ExpressionCompiler.resources.dll'.
[18d4:0007][2026-05-10T02:03:36] Processing file /EULA.rtf
[18d4:0007][2026-05-10T02:03:36] Started: Copying file /EULA.rtf to D:\Program Files (x86)\Microsoft Visual Studio\2022\BuildTools\Common7\IDE\CommonExtensions\Microsoft\VBCSharp\ExpressionEvaluators\EULA.rtf
[18d4:0007][2026-05-10T02:03:36] Completed: Copying file /EULA.rtf to D:\Program Files (x86)\Microsoft Visual Studio\2022\BuildTools\Common7\IDE\CommonExtensions\Microsoft\VBCSharp\ExpressionEvaluators\EULA.rtf
[18d4:0007][2026-05-10T02:03:36] Timestamp updated for file 'D:\Program Files (x86)\Microsoft Visual Studio\2022\BuildTools\Common7\IDE\CommonExtensions\Microsoft\VBCSharp\ExpressionEvaluators\EULA.rtf'.
[18d4:0007][2026-05-10T02:03:36] Processing file /ExpressionEvaluatorPackage.pkgdef
[18d4:0007][2026-05-10T02:03:36] Started: Copying file /ExpressionEvaluatorPackage.pkgdef to D:\Program Files (x86)\Microsoft Visual Studio\2022\BuildTools\Common7\IDE\CommonExtensions\Microsoft\VBCSharp\ExpressionEvaluators\ExpressionEvaluatorPackage.pkgdef
[18d4:0007][2026-05-10T02:03:36] Completed: Copying file /ExpressionEvaluatorPackage.pkgdef to D:\Program Files (x86)\Microsoft Visual Studio\2022\BuildTools\Common7\IDE\CommonExtensions\Microsoft\VBCSharp\ExpressionEvaluators\ExpressionEvaluatorPackage.pkgdef
[18d4:0007][2026-05-10T02:03:36] Timestamp updated for file 'D:\Program Files (x86)\Microsoft Visual Studio\2022\BuildTools\Common7\IDE\CommonExtensions\Microsoft\VBCSharp\ExpressionEvaluators\ExpressionEvaluatorPackage.pkgdef'.
[18d4:0007][2026-05-10T02:03:36] Processing file /fr/Microsoft.CodeAnalysis.ExpressionEvaluator.ResultProvider.resources.dll
[18d4:0007][2026-05-10T02:03:36] Started: Copying file /fr/Microsoft.CodeAnalysis.ExpressionEvaluator.ResultProvider.resources.dll to D:\Program Files (x86)\Microsoft Visual Studio\2022\BuildTools\Common7\IDE\CommonExtensions\Microsoft\VBCSharp\ExpressionEvaluators\fr\Microsoft.CodeAnalysis.ExpressionEvaluator.ResultProvider.resources.dll
[18d4:0007][2026-05-10T02:03:36] Completed: Copying file /fr/Microsoft.CodeAnalysis.ExpressionEvaluator.ResultProvider.resources.dll to D:\Program Files (x86)\Microsoft Visual Studio\2022\BuildTools\Common7\IDE\CommonExtensions\Microsoft\VBCSharp\ExpressionEvaluators\fr\Microsoft.CodeAnalysis.ExpressionEvaluator.ResultProvider.resources.dll
[18d4:0007][2026-05-10T02:03:36] Timestamp updated for file 'D:\Program Files (x86)\Microsoft Visual Studio\2022\BuildTools\Common7\IDE\CommonExtensions\Microsoft\VBCSharp\ExpressionEvaluators\fr\Microsoft.CodeAnalysis.ExpressionEvaluator.ResultProvider.resources.dll'.
[18d4:0007][2026-05-10T02:03:36] Processing file /fr/Microsoft.CodeAnalysis.VisualBasic.ExpressionEvaluator.ExpressionCompiler.resources.dll
[18d4:0007][2026-05-10T02:03:36] Started: Copying file /fr/Microsoft.CodeAnalysis.VisualBasic.ExpressionEvaluator.ExpressionCompiler.resources.dll to D:\Program Files (x86)\Microsoft Visual Studio\2022\BuildTools\Common7\IDE\CommonExtensions\Microsoft\VBCSharp\ExpressionEvaluators\fr\Microsoft.CodeAnalysis.VisualBasic.ExpressionEvaluator.ExpressionCompiler.resources.dll
[18d4:0007][2026-05-10T02:03:36] Completed: Copying file /fr/Microsoft.CodeAnalysis.VisualBasic.ExpressionEvaluator.ExpressionCompiler.resources.dll to D:\Program Files (x86)\Microsoft Visual Studio\2022\BuildTools\Common7\IDE\CommonExtensions\Microsoft\VBCSharp\ExpressionEvaluators\fr\Microsoft.CodeAnalysis.VisualBasic.ExpressionEvaluator.ExpressionCompiler.resources.dll
[18d4:0007][2026-05-10T02:03:36] Timestamp updated for file 'D:\Program Files (x86)\Microsoft Visual Studio\2022\BuildTools\Common7\IDE\CommonExtensions\Microsoft\VBCSharp\ExpressionEvaluators\fr\Microsoft.CodeAnalysis.VisualBasic.ExpressionEvaluator.ExpressionCompiler.resources.dll'.
[18d4:0007][2026-05-10T02:03:36] Processing file /it/Microsoft.CodeAnalysis.ExpressionEvaluator.ResultProvider.resources.dll
[18d4:0007][2026-05-10T02:03:36] Started: Copying file /it/Microsoft.CodeAnalysis.ExpressionEvaluator.ResultProvider.resources.dll to D:\Program Files (x86)\Microsoft Visual Studio\2022\BuildTools\Common7\IDE\CommonExtensions\Microsoft\VBCSharp\ExpressionEvaluators\it\Microsoft.CodeAnalysis.ExpressionEvaluator.ResultProvider.resources.dll
[18d4:0007][2026-05-10T02:03:36] Completed: Copying file /it/Microsoft.CodeAnalysis.ExpressionEvaluator.ResultProvider.resources.dll to D:\Program Files (x86)\Microsoft Visual Studio\2022\BuildTools\Common7\IDE\CommonExtensions\Microsoft\VBCSharp\ExpressionEvaluators\it\Microsoft.CodeAnalysis.ExpressionEvaluator.ResultProvider.resources.dll
[18d4:0007][2026-05-10T02:03:36] Timestamp updated for file 'D:\Program Files (x86)\Microsoft Visual Studio\2022\BuildTools\Common7\IDE\CommonExtensions\Microsoft\VBCSharp\ExpressionEvaluators\it\Microsoft.CodeAnalysis.ExpressionEvaluator.ResultProvider.resources.dll'.
[18d4:0007][2026-05-10T02:03:36] Processing file /it/Microsoft.CodeAnalysis.VisualBasic.ExpressionEvaluator.ExpressionCompiler.resources.dll
[18d4:0007][2026-05-10T02:03:36] Started: Copying file /it/Microsoft.CodeAnalysis.VisualBasic.ExpressionEvaluator.ExpressionCompiler.resources.dll to D:\Program Files (x86)\Microsoft Visual Studio\2022\BuildTools\Common7\IDE\CommonExtensions\Microsoft\VBCSharp\ExpressionEvaluators\it\Microsoft.CodeAnalysis.VisualBasic.ExpressionEvaluator.ExpressionCompiler.resources.dll
[18d4:0007][2026-05-10T02:03:36] Completed: Copying file /it/Microsoft.CodeAnalysis.VisualBasic.ExpressionEvaluator.ExpressionCompiler.resources.dll to D:\Program Files (x86)\Microsoft Visual Studio\2022\BuildTools\Common7\IDE\CommonExtensions\Microsoft\VBCSharp\ExpressionEvaluators\it\Microsoft.CodeAnalysis.VisualBasic.ExpressionEvaluator.ExpressionCompiler.resources.dll
[18d4:0007][2026-05-10T02:03:36] Timestamp updated for file 'D:\Program Files (x86)\Microsoft Visual Studio\2022\BuildTools\Common7\IDE\CommonExtensions\Microsoft\VBCSharp\ExpressionEvaluators\it\Microsoft.CodeAnalysis.VisualBasic.ExpressionEvaluator.ExpressionCompiler.resources.dll'.
[18d4:0007][2026-05-10T02:03:36] Processing file /ja/Microsoft.CodeAnalysis.ExpressionEvaluator.ResultProvider.resources.dll
[18d4:0007][2026-05-10T02:03:36] Started: Copying file /ja/Microsoft.CodeAnalysis.ExpressionEvaluator.ResultProvider.resources.dll to D:\Program Files (x86)\Microsoft Visual Studio\2022\BuildTools\Common7\IDE\CommonExtensions\Microsoft\VBCSharp\ExpressionEvaluators\ja\Microsoft.CodeAnalysis.ExpressionEvaluator.ResultProvider.resources.dll
[18d4:0007][2026-05-10T02:03:36] Completed: Copying file /ja/Microsoft.CodeAnalysis.ExpressionEvaluator.ResultProvider.resources.dll to D:\Program Files (x86)\Microsoft Visual Studio\2022\BuildTools\Common7\IDE\CommonExtensions\Microsoft\VBCSharp\ExpressionEvaluators\ja\Microsoft.CodeAnalysis.ExpressionEvaluator.ResultProvider.resources.dll
[18d4:0007][2026-05-10T02:03:36] Timestamp updated for file 'D:\Program Files (x86)\Microsoft Visual Studio\2022\BuildTools\Common7\IDE\CommonExtensions\Microsoft\VBCSharp\ExpressionEvaluators\ja\Microsoft.CodeAnalysis.ExpressionEvaluator.ResultProvider.resources.dll'.
[18d4:0007][2026-05-10T02:03:36] Processing file /ja/Microsoft.CodeAnalysis.VisualBasic.ExpressionEvaluator.ExpressionCompiler.resources.dll
[18d4:0007][2026-05-10T02:03:36] Started: Copying file /ja/Microsoft.CodeAnalysis.VisualBasic.ExpressionEvaluator.ExpressionCompiler.resources.dll to D:\Program Files (x86)\Microsoft Visual Studio\2022\BuildTools\Common7\IDE\CommonExtensions\Microsoft\VBCSharp\ExpressionEvaluators\ja\Microsoft.CodeAnalysis.VisualBasic.ExpressionEvaluator.ExpressionCompiler.resources.dll
[18d4:0007][2026-05-10T02:03:36] Completed: Copying file /ja/Microsoft.CodeAnalysis.VisualBasic.ExpressionEvaluator.ExpressionCompiler.resources.dll to D:\Program Files (x86)\Microsoft Visual Studio\2022\BuildTools\Common7\IDE\CommonExtensions\Microsoft\VBCSharp\ExpressionEvaluators\ja\Microsoft.CodeAnalysis.VisualBasic.ExpressionEvaluator.ExpressionCompiler.resources.dll
[18d4:0007][2026-05-10T02:03:36] Timestamp updated for file 'D:\Program Files (x86)\Microsoft Visual Studio\2022\BuildTools\Common7\IDE\CommonExtensions\Microsoft\VBCSharp\ExpressionEvaluators\ja\Microsoft.CodeAnalysis.VisualBasic.ExpressionEvaluator.ExpressionCompiler.resources.dll'.
[18d4:0007][2026-05-10T02:03:36] Processing file /ko/Microsoft.CodeAnalysis.ExpressionEvaluator.ResultProvider.resources.dll
[18d4:0007][2026-05-10T02:03:36] Started: Copying file /ko/Microsoft.CodeAnalysis.ExpressionEvaluator.ResultProvider.resources.dll to D:\Program Files (x86)\Microsoft Visual Studio\2022\BuildTools\Common7\IDE\CommonExtensions\Microsoft\VBCSharp\ExpressionEvaluators\ko\Microsoft.CodeAnalysis.ExpressionEvaluator.ResultProvider.resources.dll
[18d4:0007][2026-05-10T02:03:36] Completed: Copying file /ko/Microsoft.CodeAnalysis.ExpressionEvaluator.ResultProvider.resources.dll to D:\Program Files (x86)\Microsoft Visual Studio\2022\BuildTools\Common7\IDE\CommonExtensions\Microsoft\VBCSharp\ExpressionEvaluators\ko\Microsoft.CodeAnalysis.ExpressionEvaluator.ResultProvider.resources.dll
[18d4:0007][2026-05-10T02:03:36] Timestamp updated for file 'D:\Program Files (x86)\Microsoft Visual Studio\2022\BuildTools\Common7\IDE\CommonExtensions\Microsoft\VBCSharp\ExpressionEvaluators\ko\Microsoft.CodeAnalysis.ExpressionEvaluator.ResultProvider.resources.dll'.
[18d4:0007][2026-05-10T02:03:36] Processing file /ko/Microsoft.CodeAnalysis.VisualBasic.ExpressionEvaluator.ExpressionCompiler.resources.dll
[18d4:0007][2026-05-10T02:03:36] Started: Copying file /ko/Microsoft.CodeAnalysis.VisualBasic.ExpressionEvaluator.ExpressionCompiler.resources.dll to D:\Program Files (x86)\Microsoft Visual Studio\2022\BuildTools\Common7\IDE\CommonExtensions\Microsoft\VBCSharp\ExpressionEvaluators\ko\Microsoft.CodeAnalysis.VisualBasic.ExpressionEvaluator.ExpressionCompiler.resources.dll
[18d4:0007][2026-05-10T02:03:36] Completed: Copying file /ko/Microsoft.CodeAnalysis.VisualBasic.ExpressionEvaluator.ExpressionCompiler.resources.dll to D:\Program Files (x86)\Microsoft Visual Studio\2022\BuildTools\Common7\IDE\CommonExtensions\Microsoft\VBCSharp\ExpressionEvaluators\ko\Microsoft.CodeAnalysis.VisualBasic.ExpressionEvaluator.ExpressionCompiler.resources.dll
[18d4:0007][2026-05-10T02:03:36] Timestamp updated for file 'D:\Program Files (x86)\Microsoft Visual Studio\2022\BuildTools\Common7\IDE\CommonExtensions\Microsoft\VBCSharp\ExpressionEvaluators\ko\Microsoft.CodeAnalysis.VisualBasic.ExpressionEvaluator.ExpressionCompiler.resources.dll'.
[18d4:0007][2026-05-10T02:03:36] Processing file /manifest.json
[18d4:0007][2026-05-10T02:03:36] Started: Copying file /manifest.json to D:\Program Files (x86)\Microsoft Visual Studio\2022\BuildTools\Common7\IDE\CommonExtensions\Microsoft\VBCSharp\ExpressionEvaluators\manifest.json
[18d4:0007][2026-05-10T02:03:36] Completed: Copying file /manifest.json to D:\Program Files (x86)\Microsoft Visual Studio\2022\BuildTools\Common7\IDE\CommonExtensions\Microsoft\VBCSharp\ExpressionEvaluators\manifest.json
[18d4:0007][2026-05-10T02:03:36] Timestamp updated for file 'D:\Program Files (x86)\Microsoft Visual Studio\2022\BuildTools\Common7\IDE\CommonExtensions\Microsoft\VBCSharp\ExpressionEvaluators\manifest.json'.
[18d4:0007][2026-05-10T02:03:36] Processing file /Microsoft.CodeAnalysis.CSharp.ExpressionEvaluator.ExpressionCompiler.dll
[18d4:0007][2026-05-10T02:03:36] Started: Copying file /Microsoft.CodeAnalysis.CSharp.ExpressionEvaluator.ExpressionCompiler.dll to D:\Program Files (x86)\Microsoft Visual Studio\2022\BuildTools\Common7\IDE\CommonExtensions\Microsoft\VBCSharp\ExpressionEvaluators\Microsoft.CodeAnalysis.CSharp.ExpressionEvaluator.ExpressionCompiler.dll
[18d4:0007][2026-05-10T02:03:36] Completed: Copying file /Microsoft.CodeAnalysis.CSharp.ExpressionEvaluator.ExpressionCompiler.dll to D:\Program Files (x86)\Microsoft Visual Studio\2022\BuildTools\Common7\IDE\CommonExtensions\Microsoft\VBCSharp\ExpressionEvaluators\Microsoft.CodeAnalysis.CSharp.ExpressionEvaluator.ExpressionCompiler.dll
[18d4:0007][2026-05-10T02:03:36] Timestamp updated for file 'D:\Program Files (x86)\Microsoft Visual Studio\2022\BuildTools\Common7\IDE\CommonExtensions\Microsoft\VBCSharp\ExpressionEvaluators\Microsoft.CodeAnalysis.CSharp.ExpressionEvaluator.ExpressionCompiler.dll'.
[18d4:0007][2026-05-10T02:03:36] Queueing D:\Program Files (x86)\Microsoft Visual Studio\2022\BuildTools\Common7\IDE\CommonExtensions\Microsoft\VBCSharp\ExpressionEvaluators\Microsoft.CodeAnalysis.CSharp.ExpressionEvaluator.ExpressionCompiler.dll for X86 ngen
[18d4:0007][2026-05-10T02:03:36] Queueing D:\Program Files (x86)\Microsoft Visual Studio\2022\BuildTools\Common7\IDE\CommonExtensions\Microsoft\VBCSharp\ExpressionEvaluators\Microsoft.CodeAnalysis.CSharp.ExpressionEvaluator.ExpressionCompiler.dll for X64 ngen
[18d4:0007][2026-05-10T02:03:36] Successfully queued file '/Microsoft.CodeAnalysis.CSharp.ExpressionEvaluator.ExpressionCompiler.dll' for ngen
[18d4:0007][2026-05-10T02:03:36] Processing file /Microsoft.CodeAnalysis.CSharp.ExpressionEvaluator.ExpressionCompiler.vsdconfig
[18d4:0007][2026-05-10T02:03:36] Started: Copying file /Microsoft.CodeAnalysis.CSharp.ExpressionEvaluator.ExpressionCompiler.vsdconfig to D:\Program Files (x86)\Microsoft Visual Studio\2022\BuildTools\Common7\IDE\CommonExtensions\Microsoft\VBCSharp\ExpressionEvaluators\Microsoft.CodeAnalysis.CSharp.ExpressionEvaluator.ExpressionCompiler.vsdconfig
[18d4:0007][2026-05-10T02:03:36] Completed: Copying file /Microsoft.CodeAnalysis.CSharp.ExpressionEvaluator.ExpressionCompiler.vsdconfig to D:\Program Files (x86)\Microsoft Visual Studio\2022\BuildTools\Common7\IDE\CommonExtensions\Microsoft\VBCSharp\ExpressionEvaluators\Microsoft.CodeAnalysis.CSharp.ExpressionEvaluator.ExpressionCompiler.vsdconfig
[18d4:0007][2026-05-10T02:03:36] Timestamp updated for file 'D:\Program Files (x86)\Microsoft Visual Studio\2022\BuildTools\Common7\IDE\CommonExtensions\Microsoft\VBCSharp\ExpressionEvaluators\Microsoft.CodeAnalysis.CSharp.ExpressionEvaluator.ExpressionCompiler.vsdconfig'.
[18d4:0007][2026-05-10T02:03:36] Processing file /Microsoft.CodeAnalysis.CSharp.ExpressionEvaluator.ResultProvider.dll
[18d4:0007][2026-05-10T02:03:36] Started: Copying file /Microsoft.CodeAnalysis.CSharp.ExpressionEvaluator.ResultProvider.dll to D:\Program Files (x86)\Microsoft Visual Studio\2022\BuildTools\Common7\IDE\CommonExtensions\Microsoft\VBCSharp\ExpressionEvaluators\Microsoft.CodeAnalysis.CSharp.ExpressionEvaluator.ResultProvider.dll
[18d4:0007][2026-05-10T02:03:36] Completed: Copying file /Microsoft.CodeAnalysis.CSharp.ExpressionEvaluator.ResultProvider.dll to D:\Program Files (x86)\Microsoft Visual Studio\2022\BuildTools\Common7\IDE\CommonExtensions\Microsoft\VBCSharp\ExpressionEvaluators\Microsoft.CodeAnalysis.CSharp.ExpressionEvaluator.ResultProvider.dll
[18d4:0007][2026-05-10T02:03:36] Timestamp updated for file 'D:\Program Files (x86)\Microsoft Visual Studio\2022\BuildTools\Common7\IDE\CommonExtensions\Microsoft\VBCSharp\ExpressionEvaluators\Microsoft.CodeAnalysis.CSharp.ExpressionEvaluator.ResultProvider.dll'.
[18d4:0007][2026-05-10T02:03:36] Queueing D:\Program Files (x86)\Microsoft Visual Studio\2022\BuildTools\Common7\IDE\CommonExtensions\Microsoft\VBCSharp\ExpressionEvaluators\Microsoft.CodeAnalysis.CSharp.ExpressionEvaluator.ResultProvider.dll for X86 ngen
[18d4:0007][2026-05-10T02:03:36] Queueing D:\Program Files (x86)\Microsoft Visual Studio\2022\BuildTools\Common7\IDE\CommonExtensions\Microsoft\VBCSharp\ExpressionEvaluators\Microsoft.CodeAnalysis.CSharp.ExpressionEvaluator.ResultProvider.dll for X64 ngen
[18d4:0007][2026-05-10T02:03:36] Successfully queued file '/Microsoft.CodeAnalysis.CSharp.ExpressionEvaluator.ResultProvider.dll' for ngen
[18d4:0007][2026-05-10T02:03:36] Processing file /Microsoft.CodeAnalysis.CSharp.ExpressionEvaluator.ResultProvider.vsdconfig
[18d4:0007][2026-05-10T02:03:36] Started: Copying file /Microsoft.CodeAnalysis.CSharp.ExpressionEvaluator.ResultProvider.vsdconfig to D:\Program Files (x86)\Microsoft Visual Studio\2022\BuildTools\Common7\IDE\CommonExtensions\Microsoft\VBCSharp\ExpressionEvaluators\Microsoft.CodeAnalysis.CSharp.ExpressionEvaluator.ResultProvider.vsdconfig
[18d4:0007][2026-05-10T02:03:36] Completed: Copying file /Microsoft.CodeAnalysis.CSharp.ExpressionEvaluator.ResultProvider.vsdconfig to D:\Program Files (x86)\Microsoft Visual Studio\2022\BuildTools\Common7\IDE\CommonExtensions\Microsoft\VBCSharp\ExpressionEvaluators\Microsoft.CodeAnalysis.CSharp.ExpressionEvaluator.ResultProvider.vsdconfig
[18d4:0007][2026-05-10T02:03:36] Timestamp updated for file 'D:\Program Files (x86)\Microsoft Visual Studio\2022\BuildTools\Common7\IDE\CommonExtensions\Microsoft\VBCSharp\ExpressionEvaluators\Microsoft.CodeAnalysis.CSharp.ExpressionEvaluator.ResultProvider.vsdconfig'.
[18d4:0007][2026-05-10T02:03:36] Processing file /Microsoft.CodeAnalysis.ExpressionEvaluator.ExpressionCompiler.dll
[18d4:0007][2026-05-10T02:03:36] Started: Copying file /Microsoft.CodeAnalysis.ExpressionEvaluator.ExpressionCompiler.dll to D:\Program Files (x86)\Microsoft Visual Studio\2022\BuildTools\Common7\IDE\CommonExtensions\Microsoft\VBCSharp\ExpressionEvaluators\Microsoft.CodeAnalysis.ExpressionEvaluator.ExpressionCompiler.dll
[18d4:0007][2026-05-10T02:03:36] Completed: Copying file /Microsoft.CodeAnalysis.ExpressionEvaluator.ExpressionCompiler.dll to D:\Program Files (x86)\Microsoft Visual Studio\2022\BuildTools\Common7\IDE\CommonExtensions\Microsoft\VBCSharp\ExpressionEvaluators\Microsoft.CodeAnalysis.ExpressionEvaluator.ExpressionCompiler.dll
[18d4:0007][2026-05-10T02:03:36] Timestamp updated for file 'D:\Program Files (x86)\Microsoft Visual Studio\2022\BuildTools\Common7\IDE\CommonExtensions\Microsoft\VBCSharp\ExpressionEvaluators\Microsoft.CodeAnalysis.ExpressionEvaluator.ExpressionCompiler.dll'.
[18d4:0007][2026-05-10T02:03:36] Queueing D:\Program Files (x86)\Microsoft Visual Studio\2022\BuildTools\Common7\IDE\CommonExtensions\Microsoft\VBCSharp\ExpressionEvaluators\Microsoft.CodeAnalysis.ExpressionEvaluator.ExpressionCompiler.dll for X86 ngen
[18d4:0007][2026-05-10T02:03:36] Queueing D:\Program Files (x86)\Microsoft Visual Studio\2022\BuildTools\Common7\IDE\CommonExtensions\Microsoft\VBCSharp\ExpressionEvaluators\Microsoft.CodeAnalysis.ExpressionEvaluator.ExpressionCompiler.dll for X64 ngen
[18d4:0007][2026-05-10T02:03:36] Successfully queued file '/Microsoft.CodeAnalysis.ExpressionEvaluator.ExpressionCompiler.dll' for ngen
[18d4:0007][2026-05-10T02:03:36] Processing file /Microsoft.CodeAnalysis.ExpressionEvaluator.FunctionResolver.dll
[18d4:0007][2026-05-10T02:03:36] Started: Copying file /Microsoft.CodeAnalysis.ExpressionEvaluator.FunctionResolver.dll to D:\Program Files (x86)\Microsoft Visual Studio\2022\BuildTools\Common7\IDE\CommonExtensions\Microsoft\VBCSharp\ExpressionEvaluators\Microsoft.CodeAnalysis.ExpressionEvaluator.FunctionResolver.dll
[18d4:0007][2026-05-10T02:03:36] Completed: Copying file /Microsoft.CodeAnalysis.ExpressionEvaluator.FunctionResolver.dll to D:\Program Files (x86)\Microsoft Visual Studio\2022\BuildTools\Common7\IDE\CommonExtensions\Microsoft\VBCSharp\ExpressionEvaluators\Microsoft.CodeAnalysis.ExpressionEvaluator.FunctionResolver.dll
[18d4:0007][2026-05-10T02:03:36] Timestamp updated for file 'D:\Program Files (x86)\Microsoft Visual Studio\2022\BuildTools\Common7\IDE\CommonExtensions\Microsoft\VBCSharp\ExpressionEvaluators\Microsoft.CodeAnalysis.ExpressionEvaluator.FunctionResolver.dll'.
[18d4:0007][2026-05-10T02:03:36] Queueing D:\Program Files (x86)\Microsoft Visual Studio\2022\BuildTools\Common7\IDE\CommonExtensions\Microsoft\VBCSharp\ExpressionEvaluators\Microsoft.CodeAnalysis.ExpressionEvaluator.FunctionResolver.dll for X86 ngen
[18d4:0007][2026-05-10T02:03:36] Queueing D:\Program Files (x86)\Microsoft Visual Studio\2022\BuildTools\Common7\IDE\CommonExtensions\Microsoft\VBCSharp\ExpressionEvaluators\Microsoft.CodeAnalysis.ExpressionEvaluator.FunctionResolver.dll for X64 ngen
[18d4:0007][2026-05-10T02:03:36] Successfully queued file '/Microsoft.CodeAnalysis.ExpressionEvaluator.FunctionResolver.dll' for ngen
[18d4:0007][2026-05-10T02:03:36] Processing file /Microsoft.CodeAnalysis.ExpressionEvaluator.FunctionResolver.vsdconfig
[18d4:0007][2026-05-10T02:03:36] Started: Copying file /Microsoft.CodeAnalysis.ExpressionEvaluator.FunctionResolver.vsdconfig to D:\Program Files (x86)\Microsoft Visual Studio\2022\BuildTools\Common7\IDE\CommonExtensions\Microsoft\VBCSharp\ExpressionEvaluators\Microsoft.CodeAnalysis.ExpressionEvaluator.FunctionResolver.vsdconfig
[18d4:0007][2026-05-10T02:03:36] Completed: Copying file /Microsoft.CodeAnalysis.ExpressionEvaluator.FunctionResolver.vsdconfig to D:\Program Files (x86)\Microsoft Visual Studio\2022\BuildTools\Common7\IDE\CommonExtensions\Microsoft\VBCSharp\ExpressionEvaluators\Microsoft.CodeAnalysis.ExpressionEvaluator.FunctionResolver.vsdconfig
[18d4:0007][2026-05-10T02:03:36] Timestamp updated for file 'D:\Program Files (x86)\Microsoft Visual Studio\2022\BuildTools\Common7\IDE\CommonExtensions\Microsoft\VBCSharp\ExpressionEvaluators\Microsoft.CodeAnalysis.ExpressionEvaluator.FunctionResolver.vsdconfig'.
[18d4:0007][2026-05-10T02:03:36] Processing file /Microsoft.CodeAnalysis.ExpressionEvaluator.ResultProvider.dll
[18d4:0007][2026-05-10T02:03:36] Started: Copying file /Microsoft.CodeAnalysis.ExpressionEvaluator.ResultProvider.dll to D:\Program Files (x86)\Microsoft Visual Studio\2022\BuildTools\Common7\IDE\CommonExtensions\Microsoft\VBCSharp\ExpressionEvaluators\Microsoft.CodeAnalysis.ExpressionEvaluator.ResultProvider.dll
[18d4:0007][2026-05-10T02:03:36] Completed: Copying file /Microsoft.CodeAnalysis.ExpressionEvaluator.ResultProvider.dll to D:\Program Files (x86)\Microsoft Visual Studio\2022\BuildTools\Common7\IDE\CommonExtensions\Microsoft\VBCSharp\ExpressionEvaluators\Microsoft.CodeAnalysis.ExpressionEvaluator.ResultProvider.dll
[18d4:0007][2026-05-10T02:03:36] Timestamp updated for file 'D:\Program Files (x86)\Microsoft Visual Studio\2022\BuildTools\Common7\IDE\CommonExtensions\Microsoft\VBCSharp\ExpressionEvaluators\Microsoft.CodeAnalysis.ExpressionEvaluator.ResultProvider.dll'.
[18d4:0007][2026-05-10T02:03:36] Queueing D:\Program Files (x86)\Microsoft Visual Studio\2022\BuildTools\Common7\IDE\CommonExtensions\Microsoft\VBCSharp\ExpressionEvaluators\Microsoft.CodeAnalysis.ExpressionEvaluator.ResultProvider.dll for X86 ngen
[18d4:0007][2026-05-10T02:03:36] Queueing D:\Program Files (x86)\Microsoft Visual Studio\2022\BuildTools\Common7\IDE\CommonExtensions\Microsoft\VBCSharp\ExpressionEvaluators\Microsoft.CodeAnalysis.ExpressionEvaluator.ResultProvider.dll for X64 ngen
[18d4:0007][2026-05-10T02:03:36] Successfully queued file '/Microsoft.CodeAnalysis.ExpressionEvaluator.ResultProvider.dll' for ngen
[18d4:0007][2026-05-10T02:03:36] Processing file /Microsoft.CodeAnalysis.VisualBasic.ExpressionEvaluator.ExpressionCompiler.dll
[18d4:0007][2026-05-10T02:03:36] Started: Copying file /Microsoft.CodeAnalysis.VisualBasic.ExpressionEvaluator.ExpressionCompiler.dll to D:\Program Files (x86)\Microsoft Visual Studio\2022\BuildTools\Common7\IDE\CommonExtensions\Microsoft\VBCSharp\ExpressionEvaluators\Microsoft.CodeAnalysis.VisualBasic.ExpressionEvaluator.ExpressionCompiler.dll
[18d4:0007][2026-05-10T02:03:36] Completed: Copying file /Microsoft.CodeAnalysis.VisualBasic.ExpressionEvaluator.ExpressionCompiler.dll to D:\Program Files (x86)\Microsoft Visual Studio\2022\BuildTools\Common7\IDE\CommonExtensions\Microsoft\VBCSharp\ExpressionEvaluators\Microsoft.CodeAnalysis.VisualBasic.ExpressionEvaluator.ExpressionCompiler.dll
[18d4:0007][2026-05-10T02:03:36] Timestamp updated for file 'D:\Program Files (x86)\Microsoft Visual Studio\2022\BuildTools\Common7\IDE\CommonExtensions\Microsoft\VBCSharp\ExpressionEvaluators\Microsoft.CodeAnalysis.VisualBasic.ExpressionEvaluator.ExpressionCompiler.dll'.
[18d4:0007][2026-05-10T02:03:36] Queueing D:\Program Files (x86)\Microsoft Visual Studio\2022\BuildTools\Common7\IDE\CommonExtensions\Microsoft\VBCSharp\ExpressionEvaluators\Microsoft.CodeAnalysis.VisualBasic.ExpressionEvaluator.ExpressionCompiler.dll for X86 ngen
[18d4:0007][2026-05-10T02:03:36] Queueing D:\Program Files (x86)\Microsoft Visual Studio\2022\BuildTools\Common7\IDE\CommonExtensions\Microsoft\VBCSharp\ExpressionEvaluators\Microsoft.CodeAnalysis.VisualBasic.ExpressionEvaluator.ExpressionCompiler.dll for X64 ngen
[18d4:0007][2026-05-10T02:03:36] Successfully queued file '/Microsoft.CodeAnalysis.VisualBasic.ExpressionEvaluator.ExpressionCompiler.dll' for ngen
[18d4:0007][2026-05-10T02:03:36] Processing file /Microsoft.CodeAnalysis.VisualBasic.ExpressionEvaluator.ExpressionCompiler.vsdconfig
[18d4:0007][2026-05-10T02:03:36] Started: Copying file /Microsoft.CodeAnalysis.VisualBasic.ExpressionEvaluator.ExpressionCompiler.vsdconfig to D:\Program Files (x86)\Microsoft Visual Studio\2022\BuildTools\Common7\IDE\CommonExtensions\Microsoft\VBCSharp\ExpressionEvaluators\Microsoft.CodeAnalysis.VisualBasic.ExpressionEvaluator.ExpressionCompiler.vsdconfig
[18d4:0007][2026-05-10T02:03:36] Completed: Copying file /Microsoft.CodeAnalysis.VisualBasic.ExpressionEvaluator.ExpressionCompiler.vsdconfig to D:\Program Files (x86)\Microsoft Visual Studio\2022\BuildTools\Common7\IDE\CommonExtensions\Microsoft\VBCSharp\ExpressionEvaluators\Microsoft.CodeAnalysis.VisualBasic.ExpressionEvaluator.ExpressionCompiler.vsdconfig
[18d4:0007][2026-05-10T02:03:36] Timestamp updated for file 'D:\Program Files (x86)\Microsoft Visual Studio\2022\BuildTools\Common7\IDE\CommonExtensions\Microsoft\VBCSharp\ExpressionEvaluators\Microsoft.CodeAnalysis.VisualBasic.ExpressionEvaluator.ExpressionCompiler.vsdconfig'.
[18d4:0007][2026-05-10T02:03:36] Processing file /Microsoft.CodeAnalysis.VisualBasic.ExpressionEvaluator.ResultProvider.dll
[18d4:0007][2026-05-10T02:03:36] Started: Copying file /Microsoft.CodeAnalysis.VisualBasic.ExpressionEvaluator.ResultProvider.dll to D:\Program Files (x86)\Microsoft Visual Studio\2022\BuildTools\Common7\IDE\CommonExtensions\Microsoft\VBCSharp\ExpressionEvaluators\Microsoft.CodeAnalysis.VisualBasic.ExpressionEvaluator.ResultProvider.dll
[18d4:0007][2026-05-10T02:03:36] Completed: Copying file /Microsoft.CodeAnalysis.VisualBasic.ExpressionEvaluator.ResultProvider.dll to D:\Program Files (x86)\Microsoft Visual Studio\2022\BuildTools\Common7\IDE\CommonExtensions\Microsoft\VBCSharp\ExpressionEvaluators\Microsoft.CodeAnalysis.VisualBasic.ExpressionEvaluator.ResultProvider.dll
[18d4:0007][2026-05-10T02:03:36] Timestamp updated for file 'D:\Program Files (x86)\Microsoft Visual Studio\2022\BuildTools\Common7\IDE\CommonExtensions\Microsoft\VBCSharp\ExpressionEvaluators\Microsoft.CodeAnalysis.VisualBasic.ExpressionEvaluator.ResultProvider.dll'.
[18d4:0007][2026-05-10T02:03:36] Queueing D:\Program Files (x86)\Microsoft Visual Studio\2022\BuildTools\Common7\IDE\CommonExtensions\Microsoft\VBCSharp\ExpressionEvaluators\Microsoft.CodeAnalysis.VisualBasic.ExpressionEvaluator.ResultProvider.dll for X86 ngen
[18d4:0007][2026-05-10T02:03:36] Queueing D:\Program Files (x86)\Microsoft Visual Studio\2022\BuildTools\Common7\IDE\CommonExtensions\Microsoft\VBCSharp\ExpressionEvaluators\Microsoft.CodeAnalysis.VisualBasic.ExpressionEvaluator.ResultProvider.dll for X64 ngen
[18d4:0007][2026-05-10T02:03:36] Successfully queued file '/Microsoft.CodeAnalysis.VisualBasic.ExpressionEvaluator.ResultProvider.dll' for ngen
[18d4:0007][2026-05-10T02:03:36] Processing file /Microsoft.CodeAnalysis.VisualBasic.ExpressionEvaluator.ResultProvider.vsdconfig
[18d4:0007][2026-05-10T02:03:36] Started: Copying file /Microsoft.CodeAnalysis.VisualBasic.ExpressionEvaluator.ResultProvider.vsdconfig to D:\Program Files (x86)\Microsoft Visual Studio\2022\BuildTools\Common7\IDE\CommonExtensions\Microsoft\VBCSharp\ExpressionEvaluators\Microsoft.CodeAnalysis.VisualBasic.ExpressionEvaluator.ResultProvider.vsdconfig
[18d4:0007][2026-05-10T02:03:36] Completed: Copying file /Microsoft.CodeAnalysis.VisualBasic.ExpressionEvaluator.ResultProvider.vsdconfig to D:\Program Files (x86)\Microsoft Visual Studio\2022\BuildTools\Common7\IDE\CommonExtensions\Microsoft\VBCSharp\ExpressionEvaluators\Microsoft.CodeAnalysis.VisualBasic.ExpressionEvaluator.ResultProvider.vsdconfig
[18d4:0007][2026-05-10T02:03:36] Timestamp updated for file 'D:\Program Files (x86)\Microsoft Visual Studio\2022\BuildTools\Common7\IDE\CommonExtensions\Microsoft\VBCSharp\ExpressionEvaluators\Microsoft.CodeAnalysis.VisualBasic.ExpressionEvaluator.ResultProvider.vsdconfig'.
[18d4:0007][2026-05-10T02:03:36] Processing file /pl/Microsoft.CodeAnalysis.ExpressionEvaluator.ResultProvider.resources.dll
[18d4:0007][2026-05-10T02:03:36] Started: Copying file /pl/Microsoft.CodeAnalysis.ExpressionEvaluator.ResultProvider.resources.dll to D:\Program Files (x86)\Microsoft Visual Studio\2022\BuildTools\Common7\IDE\CommonExtensions\Microsoft\VBCSharp\ExpressionEvaluators\pl\Microsoft.CodeAnalysis.ExpressionEvaluator.ResultProvider.resources.dll
[18d4:0007][2026-05-10T02:03:36] Completed: Copying file /pl/Microsoft.CodeAnalysis.ExpressionEvaluator.ResultProvider.resources.dll to D:\Program Files (x86)\Microsoft Visual Studio\2022\BuildTools\Common7\IDE\CommonExtensions\Microsoft\VBCSharp\ExpressionEvaluators\pl\Microsoft.CodeAnalysis.ExpressionEvaluator.ResultProvider.resources.dll
[18d4:0007][2026-05-10T02:03:36] Timestamp updated for file 'D:\Program Files (x86)\Microsoft Visual Studio\2022\BuildTools\Common7\IDE\CommonExtensions\Microsoft\VBCSharp\ExpressionEvaluators\pl\Microsoft.CodeAnalysis.ExpressionEvaluator.ResultProvider.resources.dll'.
[18d4:0007][2026-05-10T02:03:36] Processing file /pl/Microsoft.CodeAnalysis.VisualBasic.ExpressionEvaluator.ExpressionCompiler.resources.dll
[18d4:0007][2026-05-10T02:03:36] Started: Copying file /pl/Microsoft.CodeAnalysis.VisualBasic.ExpressionEvaluator.ExpressionCompiler.resources.dll to D:\Program Files (x86)\Microsoft Visual Studio\2022\BuildTools\Common7\IDE\CommonExtensions\Microsoft\VBCSharp\ExpressionEvaluators\pl\Microsoft.CodeAnalysis.VisualBasic.ExpressionEvaluator.ExpressionCompiler.resources.dll
[18d4:0007][2026-05-10T02:03:36] Completed: Copying file /pl/Microsoft.CodeAnalysis.VisualBasic.ExpressionEvaluator.ExpressionCompiler.resources.dll to D:\Program Files (x86)\Microsoft Visual Studio\2022\BuildTools\Common7\IDE\CommonExtensions\Microsoft\VBCSharp\ExpressionEvaluators\pl\Microsoft.CodeAnalysis.VisualBasic.ExpressionEvaluator.ExpressionCompiler.resources.dll
[18d4:0007][2026-05-10T02:03:36] Timestamp updated for file 'D:\Program Files (x86)\Microsoft Visual Studio\2022\BuildTools\Common7\IDE\CommonExtensions\Microsoft\VBCSharp\ExpressionEvaluators\pl\Microsoft.CodeAnalysis.VisualBasic.ExpressionEvaluator.ExpressionCompiler.resources.dll'.
[18d4:0007][2026-05-10T02:03:36] Processing file /pt-BR/Microsoft.CodeAnalysis.ExpressionEvaluator.ResultProvider.resources.dll
[18d4:0007][2026-05-10T02:03:36] Started: Copying file /pt-BR/Microsoft.CodeAnalysis.ExpressionEvaluator.ResultProvider.resources.dll to D:\Program Files (x86)\Microsoft Visual Studio\2022\BuildTools\Common7\IDE\CommonExtensions\Microsoft\VBCSharp\ExpressionEvaluators\pt-BR\Microsoft.CodeAnalysis.ExpressionEvaluator.ResultProvider.resources.dll
[18d4:0007][2026-05-10T02:03:36] Completed: Copying file /pt-BR/Microsoft.CodeAnalysis.ExpressionEvaluator.ResultProvider.resources.dll to D:\Program Files (x86)\Microsoft Visual Studio\2022\BuildTools\Common7\IDE\CommonExtensions\Microsoft\VBCSharp\ExpressionEvaluators\pt-BR\Microsoft.CodeAnalysis.ExpressionEvaluator.ResultProvider.resources.dll
[18d4:0007][2026-05-10T02:03:36] Timestamp updated for file 'D:\Program Files (x86)\Microsoft Visual Studio\2022\BuildTools\Common7\IDE\CommonExtensions\Microsoft\VBCSharp\ExpressionEvaluators\pt-BR\Microsoft.CodeAnalysis.ExpressionEvaluator.ResultProvider.resources.dll'.
[18d4:0007][2026-05-10T02:03:36] Processing file /pt-BR/Microsoft.CodeAnalysis.VisualBasic.ExpressionEvaluator.ExpressionCompiler.resources.dll
[18d4:0007][2026-05-10T02:03:36] Started: Copying file /pt-BR/Microsoft.CodeAnalysis.VisualBasic.ExpressionEvaluator.ExpressionCompiler.resources.dll to D:\Program Files (x86)\Microsoft Visual Studio\2022\BuildTools\Common7\IDE\CommonExtensions\Microsoft\VBCSharp\ExpressionEvaluators\pt-BR\Microsoft.CodeAnalysis.VisualBasic.ExpressionEvaluator.ExpressionCompiler.resources.dll
[18d4:0007][2026-05-10T02:03:36] Completed: Copying file /pt-BR/Microsoft.CodeAnalysis.VisualBasic.ExpressionEvaluator.ExpressionCompiler.resources.dll to D:\Program Files (x86)\Microsoft Visual Studio\2022\BuildTools\Common7\IDE\CommonExtensions\Microsoft\VBCSharp\ExpressionEvaluators\pt-BR\Microsoft.CodeAnalysis.VisualBasic.ExpressionEvaluator.ExpressionCompiler.resources.dll
[18d4:0007][2026-05-10T02:03:36] Timestamp updated for file 'D:\Program Files (x86)\Microsoft Visual Studio\2022\BuildTools\Common7\IDE\CommonExtensions\Microsoft\VBCSharp\ExpressionEvaluators\pt-BR\Microsoft.CodeAnalysis.VisualBasic.ExpressionEvaluator.ExpressionCompiler.resources.dll'.
[18d4:0007][2026-05-10T02:03:36] Processing file /ru/Microsoft.CodeAnalysis.ExpressionEvaluator.ResultProvider.resources.dll
[18d4:0007][2026-05-10T02:03:36] Started: Copying file /ru/Microsoft.CodeAnalysis.ExpressionEvaluator.ResultProvider.resources.dll to D:\Program Files (x86)\Microsoft Visual Studio\2022\BuildTools\Common7\IDE\CommonExtensions\Microsoft\VBCSharp\ExpressionEvaluators\ru\Microsoft.CodeAnalysis.ExpressionEvaluator.ResultProvider.resources.dll
[18d4:0007][2026-05-10T02:03:36] Completed: Copying file /ru/Microsoft.CodeAnalysis.ExpressionEvaluator.ResultProvider.resources.dll to D:\Program Files (x86)\Microsoft Visual Studio\2022\BuildTools\Common7\IDE\CommonExtensions\Microsoft\VBCSharp\ExpressionEvaluators\ru\Microsoft.CodeAnalysis.ExpressionEvaluator.ResultProvider.resources.dll
[18d4:0007][2026-05-10T02:03:36] Timestamp updated for file 'D:\Program Files (x86)\Microsoft Visual Studio\2022\BuildTools\Common7\IDE\CommonExtensions\Microsoft\VBCSharp\ExpressionEvaluators\ru\Microsoft.CodeAnalysis.ExpressionEvaluator.ResultProvider.resources.dll'.
[18d4:0007][2026-05-10T02:03:36] Processing file /ru/Microsoft.CodeAnalysis.VisualBasic.ExpressionEvaluator.ExpressionCompiler.resources.dll
[18d4:0007][2026-05-10T02:03:36] Started: Copying file /ru/Microsoft.CodeAnalysis.VisualBasic.ExpressionEvaluator.ExpressionCompiler.resources.dll to D:\Program Files (x86)\Microsoft Visual Studio\2022\BuildTools\Common7\IDE\CommonExtensions\Microsoft\VBCSharp\ExpressionEvaluators\ru\Microsoft.CodeAnalysis.VisualBasic.ExpressionEvaluator.ExpressionCompiler.resources.dll
[18d4:0007][2026-05-10T02:03:36] Completed: Copying file /ru/Microsoft.CodeAnalysis.VisualBasic.ExpressionEvaluator.ExpressionCompiler.resources.dll to D:\Program Files (x86)\Microsoft Visual Studio\2022\BuildTools\Common7\IDE\CommonExtensions\Microsoft\VBCSharp\ExpressionEvaluators\ru\Microsoft.CodeAnalysis.VisualBasic.ExpressionEvaluator.ExpressionCompiler.resources.dll
[18d4:0007][2026-05-10T02:03:36] Timestamp updated for file 'D:\Program Files (x86)\Microsoft Visual Studio\2022\BuildTools\Common7\IDE\CommonExtensions\Microsoft\VBCSharp\ExpressionEvaluators\ru\Microsoft.CodeAnalysis.VisualBasic.ExpressionEvaluator.ExpressionCompiler.resources.dll'.
[18d4:0007][2026-05-10T02:03:36] Processing file /ThirdPartyNotices.rtf
[18d4:0007][2026-05-10T02:03:36] Started: Copying file /ThirdPartyNotices.rtf to D:\Program Files (x86)\Microsoft Visual Studio\2022\BuildTools\Common7\IDE\CommonExtensions\Microsoft\VBCSharp\ExpressionEvaluators\ThirdPartyNotices.rtf
[18d4:0007][2026-05-10T02:03:36] Completed: Copying file /ThirdPartyNotices.rtf to D:\Program Files (x86)\Microsoft Visual Studio\2022\BuildTools\Common7\IDE\CommonExtensions\Microsoft\VBCSharp\ExpressionEvaluators\ThirdPartyNotices.rtf
[18d4:0007][2026-05-10T02:03:36] Timestamp updated for file 'D:\Program Files (x86)\Microsoft Visual Studio\2022\BuildTools\Common7\IDE\CommonExtensions\Microsoft\VBCSharp\ExpressionEvaluators\ThirdPartyNotices.rtf'.
[18d4:0007][2026-05-10T02:03:36] Processing file /tr/Microsoft.CodeAnalysis.ExpressionEvaluator.ResultProvider.resources.dll
[18d4:0007][2026-05-10T02:03:36] Started: Copying file /tr/Microsoft.CodeAnalysis.ExpressionEvaluator.ResultProvider.resources.dll to D:\Program Files (x86)\Microsoft Visual Studio\2022\BuildTools\Common7\IDE\CommonExtensions\Microsoft\VBCSharp\ExpressionEvaluators\tr\Microsoft.CodeAnalysis.ExpressionEvaluator.ResultProvider.resources.dll
[18d4:0007][2026-05-10T02:03:36] Completed: Copying file /tr/Microsoft.CodeAnalysis.ExpressionEvaluator.ResultProvider.resources.dll to D:\Program Files (x86)\Microsoft Visual Studio\2022\BuildTools\Common7\IDE\CommonExtensions\Microsoft\VBCSharp\ExpressionEvaluators\tr\Microsoft.CodeAnalysis.ExpressionEvaluator.ResultProvider.resources.dll
[18d4:0007][2026-05-10T02:03:36] Timestamp updated for file 'D:\Program Files (x86)\Microsoft Visual Studio\2022\BuildTools\Common7\IDE\CommonExtensions\Microsoft\VBCSharp\ExpressionEvaluators\tr\Microsoft.CodeAnalysis.ExpressionEvaluator.ResultProvider.resources.dll'.
[18d4:0007][2026-05-10T02:03:36] Processing file /tr/Microsoft.CodeAnalysis.VisualBasic.ExpressionEvaluator.ExpressionCompiler.resources.dll
[18d4:0007][2026-05-10T02:03:36] Started: Copying file /tr/Microsoft.CodeAnalysis.VisualBasic.ExpressionEvaluator.ExpressionCompiler.resources.dll to D:\Program Files (x86)\Microsoft Visual Studio\2022\BuildTools\Common7\IDE\CommonExtensions\Microsoft\VBCSharp\ExpressionEvaluators\tr\Microsoft.CodeAnalysis.VisualBasic.ExpressionEvaluator.ExpressionCompiler.resources.dll
[18d4:0007][2026-05-10T02:03:36] Completed: Copying file /tr/Microsoft.CodeAnalysis.VisualBasic.ExpressionEvaluator.ExpressionCompiler.resources.dll to D:\Program Files (x86)\Microsoft Visual Studio\2022\BuildTools\Common7\IDE\CommonExtensions\Microsoft\VBCSharp\ExpressionEvaluators\tr\Microsoft.CodeAnalysis.VisualBasic.ExpressionEvaluator.ExpressionCompiler.resources.dll
[18d4:0007][2026-05-10T02:03:36] Timestamp updated for file 'D:\Program Files (x86)\Microsoft Visual Studio\2022\BuildTools\Common7\IDE\CommonExtensions\Microsoft\VBCSharp\ExpressionEvaluators\tr\Microsoft.CodeAnalysis.VisualBasic.ExpressionEvaluator.ExpressionCompiler.resources.dll'.
[18d4:0007][2026-05-10T02:03:36] Processing file /zh-Hans/Microsoft.CodeAnalysis.ExpressionEvaluator.ResultProvider.resources.dll
[18d4:0007][2026-05-10T02:03:36] Started: Copying file /zh-Hans/Microsoft.CodeAnalysis.ExpressionEvaluator.ResultProvider.resources.dll to D:\Program Files (x86)\Microsoft Visual Studio\2022\BuildTools\Common7\IDE\CommonExtensions\Microsoft\VBCSharp\ExpressionEvaluators\zh-Hans\Microsoft.CodeAnalysis.ExpressionEvaluator.ResultProvider.resources.dll
[18d4:0007][2026-05-10T02:03:36] Completed: Copying file /zh-Hans/Microsoft.CodeAnalysis.ExpressionEvaluator.ResultProvider.resources.dll to D:\Program Files (x86)\Microsoft Visual Studio\2022\BuildTools\Common7\IDE\CommonExtensions\Microsoft\VBCSharp\ExpressionEvaluators\zh-Hans\Microsoft.CodeAnalysis.ExpressionEvaluator.ResultProvider.resources.dll
[18d4:0007][2026-05-10T02:03:36] Timestamp updated for file 'D:\Program Files (x86)\Microsoft Visual Studio\2022\BuildTools\Common7\IDE\CommonExtensions\Microsoft\VBCSharp\ExpressionEvaluators\zh-Hans\Microsoft.CodeAnalysis.ExpressionEvaluator.ResultProvider.resources.dll'.
[18d4:0007][2026-05-10T02:03:36] Processing file /zh-Hans/Microsoft.CodeAnalysis.VisualBasic.ExpressionEvaluator.ExpressionCompiler.resources.dll
[18d4:0007][2026-05-10T02:03:36] Started: Copying file /zh-Hans/Microsoft.CodeAnalysis.VisualBasic.ExpressionEvaluator.ExpressionCompiler.resources.dll to D:\Program Files (x86)\Microsoft Visual Studio\2022\BuildTools\Common7\IDE\CommonExtensions\Microsoft\VBCSharp\ExpressionEvaluators\zh-Hans\Microsoft.CodeAnalysis.VisualBasic.ExpressionEvaluator.ExpressionCompiler.resources.dll
[18d4:0007][2026-05-10T02:03:36] Completed: Copying file /zh-Hans/Microsoft.CodeAnalysis.VisualBasic.ExpressionEvaluator.ExpressionCompiler.resources.dll to D:\Program Files (x86)\Microsoft Visual Studio\2022\BuildTools\Common7\IDE\CommonExtensions\Microsoft\VBCSharp\ExpressionEvaluators\zh-Hans\Microsoft.CodeAnalysis.VisualBasic.ExpressionEvaluator.ExpressionCompiler.resources.dll
[18d4:0007][2026-05-10T02:03:36] Timestamp updated for file 'D:\Program Files (x86)\Microsoft Visual Studio\2022\BuildTools\Common7\IDE\CommonExtensions\Microsoft\VBCSharp\ExpressionEvaluators\zh-Hans\Microsoft.CodeAnalysis.VisualBasic.ExpressionEvaluator.ExpressionCompiler.resources.dll'.
[18d4:0007][2026-05-10T02:03:36] Processing file /zh-Hant/Microsoft.CodeAnalysis.ExpressionEvaluator.ResultProvider.resources.dll
[18d4:0007][2026-05-10T02:03:36] Started: Copying file /zh-Hant/Microsoft.CodeAnalysis.ExpressionEvaluator.ResultProvider.resources.dll to D:\Program Files (x86)\Microsoft Visual Studio\2022\BuildTools\Common7\IDE\CommonExtensions\Microsoft\VBCSharp\ExpressionEvaluators\zh-Hant\Microsoft.CodeAnalysis.ExpressionEvaluator.ResultProvider.resources.dll
[18d4:0007][2026-05-10T02:03:36] Completed: Copying file /zh-Hant/Microsoft.CodeAnalysis.ExpressionEvaluator.ResultProvider.resources.dll to D:\Program Files (x86)\Microsoft Visual Studio\2022\BuildTools\Common7\IDE\CommonExtensions\Microsoft\VBCSharp\ExpressionEvaluators\zh-Hant\Microsoft.CodeAnalysis.ExpressionEvaluator.ResultProvider.resources.dll
[18d4:0007][2026-05-10T02:03:36] Timestamp updated for file 'D:\Program Files (x86)\Microsoft Visual Studio\2022\BuildTools\Common7\IDE\CommonExtensions\Microsoft\VBCSharp\ExpressionEvaluators\zh-Hant\Microsoft.CodeAnalysis.ExpressionEvaluator.ResultProvider.resources.dll'.
[18d4:0007][2026-05-10T02:03:36] Processing file /zh-Hant/Microsoft.CodeAnalysis.VisualBasic.ExpressionEvaluator.ExpressionCompiler.resources.dll
[18d4:0007][2026-05-10T02:03:36] Started: Copying file /zh-Hant/Microsoft.CodeAnalysis.VisualBasic.ExpressionEvaluator.ExpressionCompiler.resources.dll to D:\Program Files (x86)\Microsoft Visual Studio\2022\BuildTools\Common7\IDE\CommonExtensions\Microsoft\VBCSharp\ExpressionEvaluators\zh-Hant\Microsoft.CodeAnalysis.VisualBasic.ExpressionEvaluator.ExpressionCompiler.resources.dll
[18d4:0007][2026-05-10T02:03:36] Completed: Copying file /zh-Hant/Microsoft.CodeAnalysis.VisualBasic.ExpressionEvaluator.ExpressionCompiler.resources.dll to D:\Program Files (x86)\Microsoft Visual Studio\2022\BuildTools\Common7\IDE\CommonExtensions\Microsoft\VBCSharp\ExpressionEvaluators\zh-Hant\Microsoft.CodeAnalysis.VisualBasic.ExpressionEvaluator.ExpressionCompiler.resources.dll
[18d4:0007][2026-05-10T02:03:36] Timestamp updated for file 'D:\Program Files (x86)\Microsoft Visual Studio\2022\BuildTools\Common7\IDE\CommonExtensions\Microsoft\VBCSharp\ExpressionEvaluators\zh-Hant\Microsoft.CodeAnalysis.VisualBasic.ExpressionEvaluator.ExpressionCompiler.resources.dll'.
[18d4:0007][2026-05-10T02:03:36] Processing file /extension.vsixmanifest
[18d4:0007][2026-05-10T02:03:36] Started: Copying file /extension.vsixmanifest to D:\Program Files (x86)\Microsoft Visual Studio\2022\BuildTools\Common7\IDE\CommonExtensions\Microsoft\VBCSharp\ExpressionEvaluators\extension.vsixmanifest
[18d4:0007][2026-05-10T02:03:36] Completed: Copying file /extension.vsixmanifest to D:\Program Files (x86)\Microsoft Visual Studio\2022\BuildTools\Common7\IDE\CommonExtensions\Microsoft\VBCSharp\ExpressionEvaluators\extension.vsixmanifest
[18d4:0007][2026-05-10T02:03:36] Timestamp updated for file 'D:\Program Files (x86)\Microsoft Visual Studio\2022\BuildTools\Common7\IDE\CommonExtensions\Microsoft\VBCSharp\ExpressionEvaluators\extension.vsixmanifest'.
[18d4:0007][2026-05-10T02:03:36] Package executed successfully. Return code: 0
