[da4c:0007][2026-05-10T00:49:56] Opening the package for processing
[da4c:0007][2026-05-10T00:49:56] Using package payload to get the embedded manifest
[da4c:0007][2026-05-10T00:49:56] Getting list of files within the package
[da4c:0007][2026-05-10T00:49:56] Processing file /Contents/Common7/IDE/CommonExtensions/Microsoft/VC/VC_Pkg_Pro_Registration.pkgdef
[da4c:0007][2026-05-10T00:49:56] Started: Copying file /Contents/Common7/IDE/CommonExtensions/Microsoft/VC/VC_Pkg_Pro_Registration.pkgdef to D:\Program\Common7\IDE\CommonExtensions\Microsoft\VC\VC_Pkg_Pro_Registration.pkgdef
[da4c:0007][2026-05-10T00:49:56] Completed: Copying file /Contents/Common7/IDE/CommonExtensions/Microsoft/VC/VC_Pkg_Pro_Registration.pkgdef to D:\Program\Common7\IDE\CommonExtensions\Microsoft\VC\VC_Pkg_Pro_Registration.pkgdef
[da4c:0007][2026-05-10T00:49:56] Timestamp updated for file 'D:\Program\Common7\IDE\CommonExtensions\Microsoft\VC\VC_Pkg_Pro_Registration.pkgdef'.
[da4c:0007][2026-05-10T00:49:56] Processing file /Contents/Common7/Tools/spyxx.chm
[da4c:0007][2026-05-10T00:49:56] Started: Copying file /Contents/Common7/Tools/spyxx.chm to D:\Program\Common7\Tools\spyxx.chm
[da4c:0007][2026-05-10T00:49:56] Completed: Copying file /Contents/Common7/Tools/spyxx.chm to D:\Program\Common7\Tools\spyxx.chm
[da4c:0007][2026-05-10T00:49:56] Timestamp updated for file 'D:\Program\Common7\Tools\spyxx.chm'.
[da4c:0007][2026-05-10T00:49:56] Processing file /Contents/Common7/Tools/spyxx.exe
[da4c:0007][2026-05-10T00:49:56] Started: Copying file /Contents/Common7/Tools/spyxx.exe to D:\Program\Common7\Tools\spyxx.exe
[da4c:0007][2026-05-10T00:49:56] Completed: Copying file /Contents/Common7/Tools/spyxx.exe to D:\Program\Common7\Tools\spyxx.exe
[da4c:0007][2026-05-10T00:49:56] Timestamp updated for file 'D:\Program\Common7\Tools\spyxx.exe'.
[da4c:0007][2026-05-10T00:49:56] Processing file /Contents/Common7/Tools/spyxxhk.dll
[da4c:0007][2026-05-10T00:49:56] Started: Copying file /Contents/Common7/Tools/spyxxhk.dll to D:\Program\Common7\Tools\spyxxhk.dll
[da4c:0007][2026-05-10T00:49:56] Completed: Copying file /Contents/Common7/Tools/spyxxhk.dll to D:\Program\Common7\Tools\spyxxhk.dll
[da4c:0007][2026-05-10T00:49:56] Timestamp updated for file 'D:\Program\Common7\Tools\spyxxhk.dll'.
[da4c:0007][2026-05-10T00:49:56] Processing file /Contents/Common7/Tools/spyxxhk_amd64.dll
[da4c:0007][2026-05-10T00:49:56] Started: Copying file /Contents/Common7/Tools/spyxxhk_amd64.dll to D:\Program\Common7\Tools\spyxxhk_amd64.dll
[da4c:0007][2026-05-10T00:49:56] Completed: Copying file /Contents/Common7/Tools/spyxxhk_amd64.dll to D:\Program\Common7\Tools\spyxxhk_amd64.dll
[da4c:0007][2026-05-10T00:49:56] Timestamp updated for file 'D:\Program\Common7\Tools\spyxxhk_amd64.dll'.
[da4c:0007][2026-05-10T00:49:56] Processing file /Contents/Common7/Tools/spyxx_amd64.chm
[da4c:0007][2026-05-10T00:49:56] Started: Copying file /Contents/Common7/Tools/spyxx_amd64.chm to D:\Program\Common7\Tools\spyxx_amd64.chm
[da4c:0007][2026-05-10T00:49:56] Completed: Copying file /Contents/Common7/Tools/spyxx_amd64.chm to D:\Program\Common7\Tools\spyxx_amd64.chm
[da4c:0007][2026-05-10T00:49:56] Timestamp updated for file 'D:\Program\Common7\Tools\spyxx_amd64.chm'.
[da4c:0007][2026-05-10T00:49:56] Processing file /Contents/Common7/Tools/spyxx_amd64.exe
[da4c:0007][2026-05-10T00:49:56] Started: Copying file /Contents/Common7/Tools/spyxx_amd64.exe to D:\Program\Common7\Tools\spyxx_amd64.exe
[da4c:0007][2026-05-10T00:49:56] Completed: Copying file /Contents/Common7/Tools/spyxx_amd64.exe to D:\Program\Common7\Tools\spyxx_amd64.exe
[da4c:0007][2026-05-10T00:49:56] Timestamp updated for file 'D:\Program\Common7\Tools\spyxx_amd64.exe'.
[da4c:0007][2026-05-10T00:49:56] Package executed successfully. Return code: 0
