[c9c4:0009][2026-05-10T01:02:09] Opening the package for processing
[c9c4:0009][2026-05-10T01:02:09] Using package payload to get the embedded manifest
[c9c4:0009][2026-05-10T01:02:09] Getting list of files within the package
[c9c4:0009][2026-05-10T01:02:09] Processing file /Contents/Common7/IDE/CommonExtensions/Microsoft/ServiceHub/Microsoft.ServiceHub.Client.dll
[c9c4:0009][2026-05-10T01:02:09] Started: Copying file /Contents/Common7/IDE/CommonExtensions/Microsoft/ServiceHub/Microsoft.ServiceHub.Client.dll to D:\Program Files (x86)\Microsoft Visual Studio\2022\BuildTools\Common7\IDE\CommonExtensions\Microsoft\ServiceHub\Microsoft.ServiceHub.Client.dll
[c9c4:0009][2026-05-10T01:02:10] Completed: Copying file /Contents/Common7/IDE/CommonExtensions/Microsoft/ServiceHub/Microsoft.ServiceHub.Client.dll to D:\Program Files (x86)\Microsoft Visual Studio\2022\BuildTools\Common7\IDE\CommonExtensions\Microsoft\ServiceHub\Microsoft.ServiceHub.Client.dll
[c9c4:0009][2026-05-10T01:02:10] Timestamp updated for file 'D:\Program Files (x86)\Microsoft Visual Studio\2022\BuildTools\Common7\IDE\CommonExtensions\Microsoft\ServiceHub\Microsoft.ServiceHub.Client.dll'.
[c9c4:0009][2026-05-10T01:02:10] Queueing D:\Program Files (x86)\Microsoft Visual Studio\2022\BuildTools\Common7\IDE\CommonExtensions\Microsoft\ServiceHub\Microsoft.ServiceHub.Client.dll for X86 ngen
[c9c4:0009][2026-05-10T01:02:10] Queueing D:\Program Files (x86)\Microsoft Visual Studio\2022\BuildTools\Common7\IDE\CommonExtensions\Microsoft\ServiceHub\Microsoft.ServiceHub.Client.dll for X64 ngen
[c9c4:0009][2026-05-10T01:02:10] Successfully queued file '/Contents/Common7/IDE/CommonExtensions/Microsoft/ServiceHub/Microsoft.ServiceHub.Client.dll' for ngen
[c9c4:0009][2026-05-10T01:02:10] Processing file /Contents/Common7/IDE/CommonExtensions/Microsoft/ServiceHub/Microsoft.ServiceHub.HostLib.dll
[c9c4:0009][2026-05-10T01:02:10] Started: Copying file /Contents/Common7/IDE/CommonExtensions/Microsoft/ServiceHub/Microsoft.ServiceHub.HostLib.dll to D:\Program Files (x86)\Microsoft Visual Studio\2022\BuildTools\Common7\IDE\CommonExtensions\Microsoft\ServiceHub\Microsoft.ServiceHub.HostLib.dll
[c9c4:0009][2026-05-10T01:02:10] Completed: Copying file /Contents/Common7/IDE/CommonExtensions/Microsoft/ServiceHub/Microsoft.ServiceHub.HostLib.dll to D:\Program Files (x86)\Microsoft Visual Studio\2022\BuildTools\Common7\IDE\CommonExtensions\Microsoft\ServiceHub\Microsoft.ServiceHub.HostLib.dll
[c9c4:0009][2026-05-10T01:02:10] Timestamp updated for file 'D:\Program Files (x86)\Microsoft Visual Studio\2022\BuildTools\Common7\IDE\CommonExtensions\Microsoft\ServiceHub\Microsoft.ServiceHub.HostLib.dll'.
[c9c4:0009][2026-05-10T01:02:10] Queueing D:\Program Files (x86)\Microsoft Visual Studio\2022\BuildTools\Common7\IDE\CommonExtensions\Microsoft\ServiceHub\Microsoft.ServiceHub.HostLib.dll for X86 ngen
[c9c4:0009][2026-05-10T01:02:10] Queueing D:\Program Files (x86)\Microsoft Visual Studio\2022\BuildTools\Common7\IDE\CommonExtensions\Microsoft\ServiceHub\Microsoft.ServiceHub.HostLib.dll for X64 ngen
[c9c4:0009][2026-05-10T01:02:10] Successfully queued file '/Contents/Common7/IDE/CommonExtensions/Microsoft/ServiceHub/Microsoft.ServiceHub.HostLib.dll' for ngen
[c9c4:0009][2026-05-10T01:02:10] Processing file /Contents/Common7/IDE/CommonExtensions/Microsoft/ServiceHub/Microsoft.ServiceHub.HostStub.dll
[c9c4:0009][2026-05-10T01:02:10] Started: Copying file /Contents/Common7/IDE/CommonExtensions/Microsoft/ServiceHub/Microsoft.ServiceHub.HostStub.dll to D:\Program Files (x86)\Microsoft Visual Studio\2022\BuildTools\Common7\IDE\CommonExtensions\Microsoft\ServiceHub\Microsoft.ServiceHub.HostStub.dll
[c9c4:0009][2026-05-10T01:02:10] Completed: Copying file /Contents/Common7/IDE/CommonExtensions/Microsoft/ServiceHub/Microsoft.ServiceHub.HostStub.dll to D:\Program Files (x86)\Microsoft Visual Studio\2022\BuildTools\Common7\IDE\CommonExtensions\Microsoft\ServiceHub\Microsoft.ServiceHub.HostStub.dll
[c9c4:0009][2026-05-10T01:02:10] Timestamp updated for file 'D:\Program Files (x86)\Microsoft Visual Studio\2022\BuildTools\Common7\IDE\CommonExtensions\Microsoft\ServiceHub\Microsoft.ServiceHub.HostStub.dll'.
[c9c4:0009][2026-05-10T01:02:10] Queueing D:\Program Files (x86)\Microsoft Visual Studio\2022\BuildTools\Common7\IDE\CommonExtensions\Microsoft\ServiceHub\Microsoft.ServiceHub.HostStub.dll for X86 ngen
[c9c4:0009][2026-05-10T01:02:10] Queueing D:\Program Files (x86)\Microsoft Visual Studio\2022\BuildTools\Common7\IDE\CommonExtensions\Microsoft\ServiceHub\Microsoft.ServiceHub.HostStub.dll for X64 ngen
[c9c4:0009][2026-05-10T01:02:10] Successfully queued file '/Contents/Common7/IDE/CommonExtensions/Microsoft/ServiceHub/Microsoft.ServiceHub.HostStub.dll' for ngen
[c9c4:0009][2026-05-10T01:02:10] Processing file /Contents/Common7/IDE/CommonExtensions/Microsoft/ServiceHub/ServiceHubClient.pkgdef
[c9c4:0009][2026-05-10T01:02:10] Started: Copying file /Contents/Common7/IDE/CommonExtensions/Microsoft/ServiceHub/ServiceHubClient.pkgdef to D:\Program Files (x86)\Microsoft Visual Studio\2022\BuildTools\Common7\IDE\CommonExtensions\Microsoft\ServiceHub\ServiceHubClient.pkgdef
[c9c4:0009][2026-05-10T01:02:10] Completed: Copying file /Contents/Common7/IDE/CommonExtensions/Microsoft/ServiceHub/ServiceHubClient.pkgdef to D:\Program Files (x86)\Microsoft Visual Studio\2022\BuildTools\Common7\IDE\CommonExtensions\Microsoft\ServiceHub\ServiceHubClient.pkgdef
[c9c4:0009][2026-05-10T01:02:10] Timestamp updated for file 'D:\Program Files (x86)\Microsoft Visual Studio\2022\BuildTools\Common7\IDE\CommonExtensions\Microsoft\ServiceHub\ServiceHubClient.pkgdef'.
[c9c4:0009][2026-05-10T01:02:10] Processing file /Contents/Common7/IDE/CommonExtensions/Microsoft/ServiceHub/System.Text.Encodings.Web.dll
[c9c4:0009][2026-05-10T01:02:10] Started: Copying file /Contents/Common7/IDE/CommonExtensions/Microsoft/ServiceHub/System.Text.Encodings.Web.dll to D:\Program Files (x86)\Microsoft Visual Studio\2022\BuildTools\Common7\IDE\CommonExtensions\Microsoft\ServiceHub\System.Text.Encodings.Web.dll
[c9c4:0009][2026-05-10T01:02:10] Completed: Copying file /Contents/Common7/IDE/CommonExtensions/Microsoft/ServiceHub/System.Text.Encodings.Web.dll to D:\Program Files (x86)\Microsoft Visual Studio\2022\BuildTools\Common7\IDE\CommonExtensions\Microsoft\ServiceHub\System.Text.Encodings.Web.dll
[c9c4:0009][2026-05-10T01:02:10] Timestamp updated for file 'D:\Program Files (x86)\Microsoft Visual Studio\2022\BuildTools\Common7\IDE\CommonExtensions\Microsoft\ServiceHub\System.Text.Encodings.Web.dll'.
[c9c4:0009][2026-05-10T01:02:10] Processing file /Contents/Common7/IDE/CommonExtensions/Microsoft/ServiceHub/System.Text.Json.dll
[c9c4:0009][2026-05-10T01:02:10] Started: Copying file /Contents/Common7/IDE/CommonExtensions/Microsoft/ServiceHub/System.Text.Json.dll to D:\Program Files (x86)\Microsoft Visual Studio\2022\BuildTools\Common7\IDE\CommonExtensions\Microsoft\ServiceHub\System.Text.Json.dll
[c9c4:0009][2026-05-10T01:02:10] Completed: Copying file /Contents/Common7/IDE/CommonExtensions/Microsoft/ServiceHub/System.Text.Json.dll to D:\Program Files (x86)\Microsoft Visual Studio\2022\BuildTools\Common7\IDE\CommonExtensions\Microsoft\ServiceHub\System.Text.Json.dll
[c9c4:0009][2026-05-10T01:02:10] Timestamp updated for file 'D:\Program Files (x86)\Microsoft Visual Studio\2022\BuildTools\Common7\IDE\CommonExtensions\Microsoft\ServiceHub\System.Text.Json.dll'.
[c9c4:0009][2026-05-10T01:02:10] Processing file /Contents/Common7/IDE/PrivateAssemblies/cs/Microsoft.ServiceHub.Resources.dll
[c9c4:0009][2026-05-10T01:02:10] Started: Copying file /Contents/Common7/IDE/PrivateAssemblies/cs/Microsoft.ServiceHub.Resources.dll to D:\Program Files (x86)\Microsoft Visual Studio\2022\BuildTools\Common7\IDE\PrivateAssemblies\cs\Microsoft.ServiceHub.Resources.dll
[c9c4:0009][2026-05-10T01:02:10] Completed: Copying file /Contents/Common7/IDE/PrivateAssemblies/cs/Microsoft.ServiceHub.Resources.dll to D:\Program Files (x86)\Microsoft Visual Studio\2022\BuildTools\Common7\IDE\PrivateAssemblies\cs\Microsoft.ServiceHub.Resources.dll
[c9c4:0009][2026-05-10T01:02:10] Timestamp updated for file 'D:\Program Files (x86)\Microsoft Visual Studio\2022\BuildTools\Common7\IDE\PrivateAssemblies\cs\Microsoft.ServiceHub.Resources.dll'.
[c9c4:0009][2026-05-10T01:02:10] Processing file /Contents/Common7/IDE/PrivateAssemblies/de/Microsoft.ServiceHub.Resources.dll
[c9c4:0009][2026-05-10T01:02:10] Started: Copying file /Contents/Common7/IDE/PrivateAssemblies/de/Microsoft.ServiceHub.Resources.dll to D:\Program Files (x86)\Microsoft Visual Studio\2022\BuildTools\Common7\IDE\PrivateAssemblies\de\Microsoft.ServiceHub.Resources.dll
[c9c4:0009][2026-05-10T01:02:10] Completed: Copying file /Contents/Common7/IDE/PrivateAssemblies/de/Microsoft.ServiceHub.Resources.dll to D:\Program Files (x86)\Microsoft Visual Studio\2022\BuildTools\Common7\IDE\PrivateAssemblies\de\Microsoft.ServiceHub.Resources.dll
[c9c4:0009][2026-05-10T01:02:10] Timestamp updated for file 'D:\Program Files (x86)\Microsoft Visual Studio\2022\BuildTools\Common7\IDE\PrivateAssemblies\de\Microsoft.ServiceHub.Resources.dll'.
[c9c4:0009][2026-05-10T01:02:10] Processing file /Contents/Common7/IDE/PrivateAssemblies/es/Microsoft.ServiceHub.Resources.dll
[c9c4:0009][2026-05-10T01:02:10] Started: Copying file /Contents/Common7/IDE/PrivateAssemblies/es/Microsoft.ServiceHub.Resources.dll to D:\Program Files (x86)\Microsoft Visual Studio\2022\BuildTools\Common7\IDE\PrivateAssemblies\es\Microsoft.ServiceHub.Resources.dll
[c9c4:0009][2026-05-10T01:02:10] Completed: Copying file /Contents/Common7/IDE/PrivateAssemblies/es/Microsoft.ServiceHub.Resources.dll to D:\Program Files (x86)\Microsoft Visual Studio\2022\BuildTools\Common7\IDE\PrivateAssemblies\es\Microsoft.ServiceHub.Resources.dll
[c9c4:0009][2026-05-10T01:02:10] Timestamp updated for file 'D:\Program Files (x86)\Microsoft Visual Studio\2022\BuildTools\Common7\IDE\PrivateAssemblies\es\Microsoft.ServiceHub.Resources.dll'.
[c9c4:0009][2026-05-10T01:02:10] Processing file /Contents/Common7/IDE/PrivateAssemblies/fr/Microsoft.ServiceHub.Resources.dll
[c9c4:0009][2026-05-10T01:02:10] Started: Copying file /Contents/Common7/IDE/PrivateAssemblies/fr/Microsoft.ServiceHub.Resources.dll to D:\Program Files (x86)\Microsoft Visual Studio\2022\BuildTools\Common7\IDE\PrivateAssemblies\fr\Microsoft.ServiceHub.Resources.dll
[c9c4:0009][2026-05-10T01:02:10] Completed: Copying file /Contents/Common7/IDE/PrivateAssemblies/fr/Microsoft.ServiceHub.Resources.dll to D:\Program Files (x86)\Microsoft Visual Studio\2022\BuildTools\Common7\IDE\PrivateAssemblies\fr\Microsoft.ServiceHub.Resources.dll
[c9c4:0009][2026-05-10T01:02:10] Timestamp updated for file 'D:\Program Files (x86)\Microsoft Visual Studio\2022\BuildTools\Common7\IDE\PrivateAssemblies\fr\Microsoft.ServiceHub.Resources.dll'.
[c9c4:0009][2026-05-10T01:02:10] Processing file /Contents/Common7/IDE/PrivateAssemblies/it/Microsoft.ServiceHub.Resources.dll
[c9c4:0009][2026-05-10T01:02:10] Started: Copying file /Contents/Common7/IDE/PrivateAssemblies/it/Microsoft.ServiceHub.Resources.dll to D:\Program Files (x86)\Microsoft Visual Studio\2022\BuildTools\Common7\IDE\PrivateAssemblies\it\Microsoft.ServiceHub.Resources.dll
[c9c4:0009][2026-05-10T01:02:10] Completed: Copying file /Contents/Common7/IDE/PrivateAssemblies/it/Microsoft.ServiceHub.Resources.dll to D:\Program Files (x86)\Microsoft Visual Studio\2022\BuildTools\Common7\IDE\PrivateAssemblies\it\Microsoft.ServiceHub.Resources.dll
[c9c4:0009][2026-05-10T01:02:10] Timestamp updated for file 'D:\Program Files (x86)\Microsoft Visual Studio\2022\BuildTools\Common7\IDE\PrivateAssemblies\it\Microsoft.ServiceHub.Resources.dll'.
[c9c4:0009][2026-05-10T01:02:10] Processing file /Contents/Common7/IDE/PrivateAssemblies/ja/Microsoft.ServiceHub.Resources.dll
[c9c4:0009][2026-05-10T01:02:10] Started: Copying file /Contents/Common7/IDE/PrivateAssemblies/ja/Microsoft.ServiceHub.Resources.dll to D:\Program Files (x86)\Microsoft Visual Studio\2022\BuildTools\Common7\IDE\PrivateAssemblies\ja\Microsoft.ServiceHub.Resources.dll
[c9c4:0009][2026-05-10T01:02:10] Completed: Copying file /Contents/Common7/IDE/PrivateAssemblies/ja/Microsoft.ServiceHub.Resources.dll to D:\Program Files (x86)\Microsoft Visual Studio\2022\BuildTools\Common7\IDE\PrivateAssemblies\ja\Microsoft.ServiceHub.Resources.dll
[c9c4:0009][2026-05-10T01:02:10] Timestamp updated for file 'D:\Program Files (x86)\Microsoft Visual Studio\2022\BuildTools\Common7\IDE\PrivateAssemblies\ja\Microsoft.ServiceHub.Resources.dll'.
[c9c4:0009][2026-05-10T01:02:10] Processing file /Contents/Common7/IDE/PrivateAssemblies/ko/Microsoft.ServiceHub.Resources.dll
[c9c4:0009][2026-05-10T01:02:10] Started: Copying file /Contents/Common7/IDE/PrivateAssemblies/ko/Microsoft.ServiceHub.Resources.dll to D:\Program Files (x86)\Microsoft Visual Studio\2022\BuildTools\Common7\IDE\PrivateAssemblies\ko\Microsoft.ServiceHub.Resources.dll
[c9c4:0009][2026-05-10T01:02:10] Completed: Copying file /Contents/Common7/IDE/PrivateAssemblies/ko/Microsoft.ServiceHub.Resources.dll to D:\Program Files (x86)\Microsoft Visual Studio\2022\BuildTools\Common7\IDE\PrivateAssemblies\ko\Microsoft.ServiceHub.Resources.dll
[c9c4:0009][2026-05-10T01:02:10] Timestamp updated for file 'D:\Program Files (x86)\Microsoft Visual Studio\2022\BuildTools\Common7\IDE\PrivateAssemblies\ko\Microsoft.ServiceHub.Resources.dll'.
[c9c4:0009][2026-05-10T01:02:10] Processing file /Contents/Common7/IDE/PrivateAssemblies/Microsoft.ServiceHub.Resources.dll
[c9c4:0009][2026-05-10T01:02:10] Started: Copying file /Contents/Common7/IDE/PrivateAssemblies/Microsoft.ServiceHub.Resources.dll to D:\Program Files (x86)\Microsoft Visual Studio\2022\BuildTools\Common7\IDE\PrivateAssemblies\Microsoft.ServiceHub.Resources.dll
[c9c4:0009][2026-05-10T01:02:10] Completed: Copying file /Contents/Common7/IDE/PrivateAssemblies/Microsoft.ServiceHub.Resources.dll to D:\Program Files (x86)\Microsoft Visual Studio\2022\BuildTools\Common7\IDE\PrivateAssemblies\Microsoft.ServiceHub.Resources.dll
[c9c4:0009][2026-05-10T01:02:10] Timestamp updated for file 'D:\Program Files (x86)\Microsoft Visual Studio\2022\BuildTools\Common7\IDE\PrivateAssemblies\Microsoft.ServiceHub.Resources.dll'.
[c9c4:0009][2026-05-10T01:02:10] Processing file /Contents/Common7/IDE/PrivateAssemblies/pl/Microsoft.ServiceHub.Resources.dll
[c9c4:0009][2026-05-10T01:02:10] Started: Copying file /Contents/Common7/IDE/PrivateAssemblies/pl/Microsoft.ServiceHub.Resources.dll to D:\Program Files (x86)\Microsoft Visual Studio\2022\BuildTools\Common7\IDE\PrivateAssemblies\pl\Microsoft.ServiceHub.Resources.dll
[c9c4:0009][2026-05-10T01:02:10] Completed: Copying file /Contents/Common7/IDE/PrivateAssemblies/pl/Microsoft.ServiceHub.Resources.dll to D:\Program Files (x86)\Microsoft Visual Studio\2022\BuildTools\Common7\IDE\PrivateAssemblies\pl\Microsoft.ServiceHub.Resources.dll
[c9c4:0009][2026-05-10T01:02:10] Timestamp updated for file 'D:\Program Files (x86)\Microsoft Visual Studio\2022\BuildTools\Common7\IDE\PrivateAssemblies\pl\Microsoft.ServiceHub.Resources.dll'.
[c9c4:0009][2026-05-10T01:02:10] Processing file /Contents/Common7/IDE/PrivateAssemblies/pt-BR/Microsoft.ServiceHub.Resources.dll
[c9c4:0009][2026-05-10T01:02:10] Started: Copying file /Contents/Common7/IDE/PrivateAssemblies/pt-BR/Microsoft.ServiceHub.Resources.dll to D:\Program Files (x86)\Microsoft Visual Studio\2022\BuildTools\Common7\IDE\PrivateAssemblies\pt-BR\Microsoft.ServiceHub.Resources.dll
[c9c4:0009][2026-05-10T01:02:10] Completed: Copying file /Contents/Common7/IDE/PrivateAssemblies/pt-BR/Microsoft.ServiceHub.Resources.dll to D:\Program Files (x86)\Microsoft Visual Studio\2022\BuildTools\Common7\IDE\PrivateAssemblies\pt-BR\Microsoft.ServiceHub.Resources.dll
[c9c4:0009][2026-05-10T01:02:10] Timestamp updated for file 'D:\Program Files (x86)\Microsoft Visual Studio\2022\BuildTools\Common7\IDE\PrivateAssemblies\pt-BR\Microsoft.ServiceHub.Resources.dll'.
[c9c4:0009][2026-05-10T01:02:10] Processing file /Contents/Common7/IDE/PrivateAssemblies/ru/Microsoft.ServiceHub.Resources.dll
[c9c4:0009][2026-05-10T01:02:10] Started: Copying file /Contents/Common7/IDE/PrivateAssemblies/ru/Microsoft.ServiceHub.Resources.dll to D:\Program Files (x86)\Microsoft Visual Studio\2022\BuildTools\Common7\IDE\PrivateAssemblies\ru\Microsoft.ServiceHub.Resources.dll
[c9c4:0009][2026-05-10T01:02:10] Completed: Copying file /Contents/Common7/IDE/PrivateAssemblies/ru/Microsoft.ServiceHub.Resources.dll to D:\Program Files (x86)\Microsoft Visual Studio\2022\BuildTools\Common7\IDE\PrivateAssemblies\ru\Microsoft.ServiceHub.Resources.dll
[c9c4:0009][2026-05-10T01:02:10] Timestamp updated for file 'D:\Program Files (x86)\Microsoft Visual Studio\2022\BuildTools\Common7\IDE\PrivateAssemblies\ru\Microsoft.ServiceHub.Resources.dll'.
[c9c4:0009][2026-05-10T01:02:10] Processing file /Contents/Common7/IDE/PrivateAssemblies/tr/Microsoft.ServiceHub.Resources.dll
[c9c4:0009][2026-05-10T01:02:10] Started: Copying file /Contents/Common7/IDE/PrivateAssemblies/tr/Microsoft.ServiceHub.Resources.dll to D:\Program Files (x86)\Microsoft Visual Studio\2022\BuildTools\Common7\IDE\PrivateAssemblies\tr\Microsoft.ServiceHub.Resources.dll
[c9c4:0009][2026-05-10T01:02:10] Completed: Copying file /Contents/Common7/IDE/PrivateAssemblies/tr/Microsoft.ServiceHub.Resources.dll to D:\Program Files (x86)\Microsoft Visual Studio\2022\BuildTools\Common7\IDE\PrivateAssemblies\tr\Microsoft.ServiceHub.Resources.dll
[c9c4:0009][2026-05-10T01:02:10] Timestamp updated for file 'D:\Program Files (x86)\Microsoft Visual Studio\2022\BuildTools\Common7\IDE\PrivateAssemblies\tr\Microsoft.ServiceHub.Resources.dll'.
[c9c4:0009][2026-05-10T01:02:10] Processing file /Contents/Common7/IDE/PrivateAssemblies/zh-Hans/Microsoft.ServiceHub.Resources.dll
[c9c4:0009][2026-05-10T01:02:10] Started: Copying file /Contents/Common7/IDE/PrivateAssemblies/zh-Hans/Microsoft.ServiceHub.Resources.dll to D:\Program Files (x86)\Microsoft Visual Studio\2022\BuildTools\Common7\IDE\PrivateAssemblies\zh-Hans\Microsoft.ServiceHub.Resources.dll
[c9c4:0009][2026-05-10T01:02:10] Completed: Copying file /Contents/Common7/IDE/PrivateAssemblies/zh-Hans/Microsoft.ServiceHub.Resources.dll to D:\Program Files (x86)\Microsoft Visual Studio\2022\BuildTools\Common7\IDE\PrivateAssemblies\zh-Hans\Microsoft.ServiceHub.Resources.dll
[c9c4:0009][2026-05-10T01:02:10] Timestamp updated for file 'D:\Program Files (x86)\Microsoft Visual Studio\2022\BuildTools\Common7\IDE\PrivateAssemblies\zh-Hans\Microsoft.ServiceHub.Resources.dll'.
[c9c4:0009][2026-05-10T01:02:10] Processing file /Contents/Common7/IDE/PrivateAssemblies/zh-Hant/Microsoft.ServiceHub.Resources.dll
[c9c4:0009][2026-05-10T01:02:10] Started: Copying file /Contents/Common7/IDE/PrivateAssemblies/zh-Hant/Microsoft.ServiceHub.Resources.dll to D:\Program Files (x86)\Microsoft Visual Studio\2022\BuildTools\Common7\IDE\PrivateAssemblies\zh-Hant\Microsoft.ServiceHub.Resources.dll
[c9c4:0009][2026-05-10T01:02:10] Completed: Copying file /Contents/Common7/IDE/PrivateAssemblies/zh-Hant/Microsoft.ServiceHub.Resources.dll to D:\Program Files (x86)\Microsoft Visual Studio\2022\BuildTools\Common7\IDE\PrivateAssemblies\zh-Hant\Microsoft.ServiceHub.Resources.dll
[c9c4:0009][2026-05-10T01:02:10] Timestamp updated for file 'D:\Program Files (x86)\Microsoft Visual Studio\2022\BuildTools\Common7\IDE\PrivateAssemblies\zh-Hant\Microsoft.ServiceHub.Resources.dll'.
[c9c4:0009][2026-05-10T01:02:10] Processing file /Contents/Common7/ServiceHub/Hosts/ServiceHub.Host.netfx.x64/desktopClr.x64.DataWarehouseHost.servicehub.host.json
[c9c4:0009][2026-05-10T01:02:10] Started: Copying file /Contents/Common7/ServiceHub/Hosts/ServiceHub.Host.netfx.x64/desktopClr.x64.DataWarehouseHost.servicehub.host.json to D:\Program Files (x86)\Microsoft Visual Studio\2022\BuildTools\Common7\ServiceHub\Hosts\ServiceHub.Host.netfx.x64\desktopClr.x64.DataWarehouseHost.servicehub.host.json
[c9c4:0009][2026-05-10T01:02:10] Completed: Copying file /Contents/Common7/ServiceHub/Hosts/ServiceHub.Host.netfx.x64/desktopClr.x64.DataWarehouseHost.servicehub.host.json to D:\Program Files (x86)\Microsoft Visual Studio\2022\BuildTools\Common7\ServiceHub\Hosts\ServiceHub.Host.netfx.x64\desktopClr.x64.DataWarehouseHost.servicehub.host.json
[c9c4:0009][2026-05-10T01:02:10] Timestamp updated for file 'D:\Program Files (x86)\Microsoft Visual Studio\2022\BuildTools\Common7\ServiceHub\Hosts\ServiceHub.Host.netfx.x64\desktopClr.x64.DataWarehouseHost.servicehub.host.json'.
[c9c4:0009][2026-05-10T01:02:10] Processing file /Contents/Common7/ServiceHub/Hosts/ServiceHub.Host.netfx.x64/desktopClr.x64.IntellicodeModelService.servicehub.host.json
[c9c4:0009][2026-05-10T01:02:10] Started: Copying file /Contents/Common7/ServiceHub/Hosts/ServiceHub.Host.netfx.x64/desktopClr.x64.IntellicodeModelService.servicehub.host.json to D:\Program Files (x86)\Microsoft Visual Studio\2022\BuildTools\Common7\ServiceHub\Hosts\ServiceHub.Host.netfx.x64\desktopClr.x64.IntellicodeModelService.servicehub.host.json
[c9c4:0009][2026-05-10T01:02:10] Completed: Copying file /Contents/Common7/ServiceHub/Hosts/ServiceHub.Host.netfx.x64/desktopClr.x64.IntellicodeModelService.servicehub.host.json to D:\Program Files (x86)\Microsoft Visual Studio\2022\BuildTools\Common7\ServiceHub\Hosts\ServiceHub.Host.netfx.x64\desktopClr.x64.IntellicodeModelService.servicehub.host.json
[c9c4:0009][2026-05-10T01:02:10] Timestamp updated for file 'D:\Program Files (x86)\Microsoft Visual Studio\2022\BuildTools\Common7\ServiceHub\Hosts\ServiceHub.Host.netfx.x64\desktopClr.x64.IntellicodeModelService.servicehub.host.json'.
[c9c4:0009][2026-05-10T01:02:10] Processing file /Contents/Common7/ServiceHub/Hosts/ServiceHub.Host.netfx.x64/desktopClr.x64.servicehub.host.json
[c9c4:0009][2026-05-10T01:02:10] Started: Copying file /Contents/Common7/ServiceHub/Hosts/ServiceHub.Host.netfx.x64/desktopClr.x64.servicehub.host.json to D:\Program Files (x86)\Microsoft Visual Studio\2022\BuildTools\Common7\ServiceHub\Hosts\ServiceHub.Host.netfx.x64\desktopClr.x64.servicehub.host.json
[c9c4:0009][2026-05-10T01:02:10] Completed: Copying file /Contents/Common7/ServiceHub/Hosts/ServiceHub.Host.netfx.x64/desktopClr.x64.servicehub.host.json to D:\Program Files (x86)\Microsoft Visual Studio\2022\BuildTools\Common7\ServiceHub\Hosts\ServiceHub.Host.netfx.x64\desktopClr.x64.servicehub.host.json
[c9c4:0009][2026-05-10T01:02:10] Timestamp updated for file 'D:\Program Files (x86)\Microsoft Visual Studio\2022\BuildTools\Common7\ServiceHub\Hosts\ServiceHub.Host.netfx.x64\desktopClr.x64.servicehub.host.json'.
[c9c4:0009][2026-05-10T01:02:10] Processing file /Contents/Common7/ServiceHub/Hosts/ServiceHub.Host.netfx.x64/netfx.x64.DataWarehouseHost.servicehub.host.json
[c9c4:0009][2026-05-10T01:02:10] Started: Copying file /Contents/Common7/ServiceHub/Hosts/ServiceHub.Host.netfx.x64/netfx.x64.DataWarehouseHost.servicehub.host.json to D:\Program Files (x86)\Microsoft Visual Studio\2022\BuildTools\Common7\ServiceHub\Hosts\ServiceHub.Host.netfx.x64\netfx.x64.DataWarehouseHost.servicehub.host.json
[c9c4:0009][2026-05-10T01:02:10] Completed: Copying file /Contents/Common7/ServiceHub/Hosts/ServiceHub.Host.netfx.x64/netfx.x64.DataWarehouseHost.servicehub.host.json to D:\Program Files (x86)\Microsoft Visual Studio\2022\BuildTools\Common7\ServiceHub\Hosts\ServiceHub.Host.netfx.x64\netfx.x64.DataWarehouseHost.servicehub.host.json
[c9c4:0009][2026-05-10T01:02:10] Timestamp updated for file 'D:\Program Files (x86)\Microsoft Visual Studio\2022\BuildTools\Common7\ServiceHub\Hosts\ServiceHub.Host.netfx.x64\netfx.x64.DataWarehouseHost.servicehub.host.json'.
[c9c4:0009][2026-05-10T01:02:10] Processing file /Contents/Common7/ServiceHub/Hosts/ServiceHub.Host.netfx.x64/netfx.x64.IntellicodeModelService.servicehub.host.json
[c9c4:0009][2026-05-10T01:02:10] Started: Copying file /Contents/Common7/ServiceHub/Hosts/ServiceHub.Host.netfx.x64/netfx.x64.IntellicodeModelService.servicehub.host.json to D:\Program Files (x86)\Microsoft Visual Studio\2022\BuildTools\Common7\ServiceHub\Hosts\ServiceHub.Host.netfx.x64\netfx.x64.IntellicodeModelService.servicehub.host.json
[c9c4:0009][2026-05-10T01:02:10] Completed: Copying file /Contents/Common7/ServiceHub/Hosts/ServiceHub.Host.netfx.x64/netfx.x64.IntellicodeModelService.servicehub.host.json to D:\Program Files (x86)\Microsoft Visual Studio\2022\BuildTools\Common7\ServiceHub\Hosts\ServiceHub.Host.netfx.x64\netfx.x64.IntellicodeModelService.servicehub.host.json
[c9c4:0009][2026-05-10T01:02:10] Timestamp updated for file 'D:\Program Files (x86)\Microsoft Visual Studio\2022\BuildTools\Common7\ServiceHub\Hosts\ServiceHub.Host.netfx.x64\netfx.x64.IntellicodeModelService.servicehub.host.json'.
[c9c4:0009][2026-05-10T01:02:10] Processing file /Contents/Common7/ServiceHub/Hosts/ServiceHub.Host.netfx.x64/netfx.x64.servicehub.host.json
[c9c4:0009][2026-05-10T01:02:10] Started: Copying file /Contents/Common7/ServiceHub/Hosts/ServiceHub.Host.netfx.x64/netfx.x64.servicehub.host.json to D:\Program Files (x86)\Microsoft Visual Studio\2022\BuildTools\Common7\ServiceHub\Hosts\ServiceHub.Host.netfx.x64\netfx.x64.servicehub.host.json
[c9c4:0009][2026-05-10T01:02:10] Completed: Copying file /Contents/Common7/ServiceHub/Hosts/ServiceHub.Host.netfx.x64/netfx.x64.servicehub.host.json to D:\Program Files (x86)\Microsoft Visual Studio\2022\BuildTools\Common7\ServiceHub\Hosts\ServiceHub.Host.netfx.x64\netfx.x64.servicehub.host.json
[c9c4:0009][2026-05-10T01:02:10] Timestamp updated for file 'D:\Program Files (x86)\Microsoft Visual Studio\2022\BuildTools\Common7\ServiceHub\Hosts\ServiceHub.Host.netfx.x64\netfx.x64.servicehub.host.json'.
[c9c4:0009][2026-05-10T01:02:10] Processing file /Contents/Common7/ServiceHub/Hosts/ServiceHub.Host.netfx.x64/ServiceHub.DataWarehouseHost.exe
[c9c4:0009][2026-05-10T01:02:10] Started: Copying file /Contents/Common7/ServiceHub/Hosts/ServiceHub.Host.netfx.x64/ServiceHub.DataWarehouseHost.exe to D:\Program Files (x86)\Microsoft Visual Studio\2022\BuildTools\Common7\ServiceHub\Hosts\ServiceHub.Host.netfx.x64\ServiceHub.DataWarehouseHost.exe
[c9c4:0009][2026-05-10T01:02:10] Completed: Copying file /Contents/Common7/ServiceHub/Hosts/ServiceHub.Host.netfx.x64/ServiceHub.DataWarehouseHost.exe to D:\Program Files (x86)\Microsoft Visual Studio\2022\BuildTools\Common7\ServiceHub\Hosts\ServiceHub.Host.netfx.x64\ServiceHub.DataWarehouseHost.exe
[c9c4:0009][2026-05-10T01:02:10] Timestamp updated for file 'D:\Program Files (x86)\Microsoft Visual Studio\2022\BuildTools\Common7\ServiceHub\Hosts\ServiceHub.Host.netfx.x64\ServiceHub.DataWarehouseHost.exe'.
[c9c4:0009][2026-05-10T01:02:10] Processing file /Contents/Common7/ServiceHub/Hosts/ServiceHub.Host.netfx.x64/ServiceHub.DataWarehouseHost.exe.config
[c9c4:0009][2026-05-10T01:02:10] Started: Copying file /Contents/Common7/ServiceHub/Hosts/ServiceHub.Host.netfx.x64/ServiceHub.DataWarehouseHost.exe.config to D:\Program Files (x86)\Microsoft Visual Studio\2022\BuildTools\Common7\ServiceHub\Hosts\ServiceHub.Host.netfx.x64\ServiceHub.DataWarehouseHost.exe.config
[c9c4:0009][2026-05-10T01:02:10] Completed: Copying file /Contents/Common7/ServiceHub/Hosts/ServiceHub.Host.netfx.x64/ServiceHub.DataWarehouseHost.exe.config to D:\Program Files (x86)\Microsoft Visual Studio\2022\BuildTools\Common7\ServiceHub\Hosts\ServiceHub.Host.netfx.x64\ServiceHub.DataWarehouseHost.exe.config
[c9c4:0009][2026-05-10T01:02:10] Timestamp updated for file 'D:\Program Files (x86)\Microsoft Visual Studio\2022\BuildTools\Common7\ServiceHub\Hosts\ServiceHub.Host.netfx.x64\ServiceHub.DataWarehouseHost.exe.config'.
[c9c4:0009][2026-05-10T01:02:10] Processing file /Contents/Common7/ServiceHub/Hosts/ServiceHub.Host.netfx.x64/ServiceHub.Host.netfx.x64.exe
[c9c4:0009][2026-05-10T01:02:10] Started: Copying file /Contents/Common7/ServiceHub/Hosts/ServiceHub.Host.netfx.x64/ServiceHub.Host.netfx.x64.exe to D:\Program Files (x86)\Microsoft Visual Studio\2022\BuildTools\Common7\ServiceHub\Hosts\ServiceHub.Host.netfx.x64\ServiceHub.Host.netfx.x64.exe
[c9c4:0009][2026-05-10T01:02:10] Completed: Copying file /Contents/Common7/ServiceHub/Hosts/ServiceHub.Host.netfx.x64/ServiceHub.Host.netfx.x64.exe to D:\Program Files (x86)\Microsoft Visual Studio\2022\BuildTools\Common7\ServiceHub\Hosts\ServiceHub.Host.netfx.x64\ServiceHub.Host.netfx.x64.exe
[c9c4:0009][2026-05-10T01:02:10] Timestamp updated for file 'D:\Program Files (x86)\Microsoft Visual Studio\2022\BuildTools\Common7\ServiceHub\Hosts\ServiceHub.Host.netfx.x64\ServiceHub.Host.netfx.x64.exe'.
[c9c4:0009][2026-05-10T01:02:10] Processing file /Contents/Common7/ServiceHub/Hosts/ServiceHub.Host.netfx.x64/ServiceHub.Host.netfx.x64.exe.config
[c9c4:0009][2026-05-10T01:02:10] Started: Copying file /Contents/Common7/ServiceHub/Hosts/ServiceHub.Host.netfx.x64/ServiceHub.Host.netfx.x64.exe.config to D:\Program Files (x86)\Microsoft Visual Studio\2022\BuildTools\Common7\ServiceHub\Hosts\ServiceHub.Host.netfx.x64\ServiceHub.Host.netfx.x64.exe.config
[c9c4:0009][2026-05-10T01:02:10] Completed: Copying file /Contents/Common7/ServiceHub/Hosts/ServiceHub.Host.netfx.x64/ServiceHub.Host.netfx.x64.exe.config to D:\Program Files (x86)\Microsoft Visual Studio\2022\BuildTools\Common7\ServiceHub\Hosts\ServiceHub.Host.netfx.x64\ServiceHub.Host.netfx.x64.exe.config
[c9c4:0009][2026-05-10T01:02:10] Timestamp updated for file 'D:\Program Files (x86)\Microsoft Visual Studio\2022\BuildTools\Common7\ServiceHub\Hosts\ServiceHub.Host.netfx.x64\ServiceHub.Host.netfx.x64.exe.config'.
[c9c4:0009][2026-05-10T01:02:10] Processing file /Contents/Common7/ServiceHub/Hosts/ServiceHub.Host.netfx.x64/ServiceHub.IntellicodeModelService.exe
[c9c4:0009][2026-05-10T01:02:10] Started: Copying file /Contents/Common7/ServiceHub/Hosts/ServiceHub.Host.netfx.x64/ServiceHub.IntellicodeModelService.exe to D:\Program Files (x86)\Microsoft Visual Studio\2022\BuildTools\Common7\ServiceHub\Hosts\ServiceHub.Host.netfx.x64\ServiceHub.IntellicodeModelService.exe
[c9c4:0009][2026-05-10T01:02:10] Completed: Copying file /Contents/Common7/ServiceHub/Hosts/ServiceHub.Host.netfx.x64/ServiceHub.IntellicodeModelService.exe to D:\Program Files (x86)\Microsoft Visual Studio\2022\BuildTools\Common7\ServiceHub\Hosts\ServiceHub.Host.netfx.x64\ServiceHub.IntellicodeModelService.exe
[c9c4:0009][2026-05-10T01:02:10] Timestamp updated for file 'D:\Program Files (x86)\Microsoft Visual Studio\2022\BuildTools\Common7\ServiceHub\Hosts\ServiceHub.Host.netfx.x64\ServiceHub.IntellicodeModelService.exe'.
[c9c4:0009][2026-05-10T01:02:10] Processing file /Contents/Common7/ServiceHub/Hosts/ServiceHub.Host.netfx.x64/ServiceHub.IntellicodeModelService.exe.config
[c9c4:0009][2026-05-10T01:02:10] Started: Copying file /Contents/Common7/ServiceHub/Hosts/ServiceHub.Host.netfx.x64/ServiceHub.IntellicodeModelService.exe.config to D:\Program Files (x86)\Microsoft Visual Studio\2022\BuildTools\Common7\ServiceHub\Hosts\ServiceHub.Host.netfx.x64\ServiceHub.IntellicodeModelService.exe.config
[c9c4:0009][2026-05-10T01:02:10] Completed: Copying file /Contents/Common7/ServiceHub/Hosts/ServiceHub.Host.netfx.x64/ServiceHub.IntellicodeModelService.exe.config to D:\Program Files (x86)\Microsoft Visual Studio\2022\BuildTools\Common7\ServiceHub\Hosts\ServiceHub.Host.netfx.x64\ServiceHub.IntellicodeModelService.exe.config
[c9c4:0009][2026-05-10T01:02:10] Timestamp updated for file 'D:\Program Files (x86)\Microsoft Visual Studio\2022\BuildTools\Common7\ServiceHub\Hosts\ServiceHub.Host.netfx.x64\ServiceHub.IntellicodeModelService.exe.config'.
[c9c4:0009][2026-05-10T01:02:10] Processing file /Contents/Common7/ServiceHub/Hosts/ServiceHub.Host.netfx.x86/desktopClr.x86.DataWarehouseHost.servicehub.host.json
[c9c4:0009][2026-05-10T01:02:10] Started: Copying file /Contents/Common7/ServiceHub/Hosts/ServiceHub.Host.netfx.x86/desktopClr.x86.DataWarehouseHost.servicehub.host.json to D:\Program Files (x86)\Microsoft Visual Studio\2022\BuildTools\Common7\ServiceHub\Hosts\ServiceHub.Host.netfx.x86\desktopClr.x86.DataWarehouseHost.servicehub.host.json
[c9c4:0009][2026-05-10T01:02:10] Completed: Copying file /Contents/Common7/ServiceHub/Hosts/ServiceHub.Host.netfx.x86/desktopClr.x86.DataWarehouseHost.servicehub.host.json to D:\Program Files (x86)\Microsoft Visual Studio\2022\BuildTools\Common7\ServiceHub\Hosts\ServiceHub.Host.netfx.x86\desktopClr.x86.DataWarehouseHost.servicehub.host.json
[c9c4:0009][2026-05-10T01:02:10] Timestamp updated for file 'D:\Program Files (x86)\Microsoft Visual Studio\2022\BuildTools\Common7\ServiceHub\Hosts\ServiceHub.Host.netfx.x86\desktopClr.x86.DataWarehouseHost.servicehub.host.json'.
[c9c4:0009][2026-05-10T01:02:10] Processing file /Contents/Common7/ServiceHub/Hosts/ServiceHub.Host.netfx.x86/desktopClr.x86.IdentityHost.servicehub.host.json
[c9c4:0009][2026-05-10T01:02:10] Started: Copying file /Contents/Common7/ServiceHub/Hosts/ServiceHub.Host.netfx.x86/desktopClr.x86.IdentityHost.servicehub.host.json to D:\Program Files (x86)\Microsoft Visual Studio\2022\BuildTools\Common7\ServiceHub\Hosts\ServiceHub.Host.netfx.x86\desktopClr.x86.IdentityHost.servicehub.host.json
[c9c4:0009][2026-05-10T01:02:10] Completed: Copying file /Contents/Common7/ServiceHub/Hosts/ServiceHub.Host.netfx.x86/desktopClr.x86.IdentityHost.servicehub.host.json to D:\Program Files (x86)\Microsoft Visual Studio\2022\BuildTools\Common7\ServiceHub\Hosts\ServiceHub.Host.netfx.x86\desktopClr.x86.IdentityHost.servicehub.host.json
[c9c4:0009][2026-05-10T01:02:10] Timestamp updated for file 'D:\Program Files (x86)\Microsoft Visual Studio\2022\BuildTools\Common7\ServiceHub\Hosts\ServiceHub.Host.netfx.x86\desktopClr.x86.IdentityHost.servicehub.host.json'.
[c9c4:0009][2026-05-10T01:02:10] Processing file /Contents/Common7/ServiceHub/Hosts/ServiceHub.Host.netfx.x86/desktopClr.x86.servicehub.host.json
[c9c4:0009][2026-05-10T01:02:10] Started: Copying file /Contents/Common7/ServiceHub/Hosts/ServiceHub.Host.netfx.x86/desktopClr.x86.servicehub.host.json to D:\Program Files (x86)\Microsoft Visual Studio\2022\BuildTools\Common7\ServiceHub\Hosts\ServiceHub.Host.netfx.x86\desktopClr.x86.servicehub.host.json
[c9c4:0009][2026-05-10T01:02:10] Completed: Copying file /Contents/Common7/ServiceHub/Hosts/ServiceHub.Host.netfx.x86/desktopClr.x86.servicehub.host.json to D:\Program Files (x86)\Microsoft Visual Studio\2022\BuildTools\Common7\ServiceHub\Hosts\ServiceHub.Host.netfx.x86\desktopClr.x86.servicehub.host.json
[c9c4:0009][2026-05-10T01:02:10] Timestamp updated for file 'D:\Program Files (x86)\Microsoft Visual Studio\2022\BuildTools\Common7\ServiceHub\Hosts\ServiceHub.Host.netfx.x86\desktopClr.x86.servicehub.host.json'.
[c9c4:0009][2026-05-10T01:02:10] Processing file /Contents/Common7/ServiceHub/Hosts/ServiceHub.Host.netfx.x86/netfx.x86.DataWarehouseHost.servicehub.host.json
[c9c4:0009][2026-05-10T01:02:10] Started: Copying file /Contents/Common7/ServiceHub/Hosts/ServiceHub.Host.netfx.x86/netfx.x86.DataWarehouseHost.servicehub.host.json to D:\Program Files (x86)\Microsoft Visual Studio\2022\BuildTools\Common7\ServiceHub\Hosts\ServiceHub.Host.netfx.x86\netfx.x86.DataWarehouseHost.servicehub.host.json
[c9c4:0009][2026-05-10T01:02:10] Completed: Copying file /Contents/Common7/ServiceHub/Hosts/ServiceHub.Host.netfx.x86/netfx.x86.DataWarehouseHost.servicehub.host.json to D:\Program Files (x86)\Microsoft Visual Studio\2022\BuildTools\Common7\ServiceHub\Hosts\ServiceHub.Host.netfx.x86\netfx.x86.DataWarehouseHost.servicehub.host.json
[c9c4:0009][2026-05-10T01:02:10] Timestamp updated for file 'D:\Program Files (x86)\Microsoft Visual Studio\2022\BuildTools\Common7\ServiceHub\Hosts\ServiceHub.Host.netfx.x86\netfx.x86.DataWarehouseHost.servicehub.host.json'.
[c9c4:0009][2026-05-10T01:02:10] Processing file /Contents/Common7/ServiceHub/Hosts/ServiceHub.Host.netfx.x86/netfx.x86.IdentityHost.servicehub.host.json
[c9c4:0009][2026-05-10T01:02:10] Started: Copying file /Contents/Common7/ServiceHub/Hosts/ServiceHub.Host.netfx.x86/netfx.x86.IdentityHost.servicehub.host.json to D:\Program Files (x86)\Microsoft Visual Studio\2022\BuildTools\Common7\ServiceHub\Hosts\ServiceHub.Host.netfx.x86\netfx.x86.IdentityHost.servicehub.host.json
[c9c4:0009][2026-05-10T01:02:10] Completed: Copying file /Contents/Common7/ServiceHub/Hosts/ServiceHub.Host.netfx.x86/netfx.x86.IdentityHost.servicehub.host.json to D:\Program Files (x86)\Microsoft Visual Studio\2022\BuildTools\Common7\ServiceHub\Hosts\ServiceHub.Host.netfx.x86\netfx.x86.IdentityHost.servicehub.host.json
[c9c4:0009][2026-05-10T01:02:10] Timestamp updated for file 'D:\Program Files (x86)\Microsoft Visual Studio\2022\BuildTools\Common7\ServiceHub\Hosts\ServiceHub.Host.netfx.x86\netfx.x86.IdentityHost.servicehub.host.json'.
[c9c4:0009][2026-05-10T01:02:10] Processing file /Contents/Common7/ServiceHub/Hosts/ServiceHub.Host.netfx.x86/netfx.x86.servicehub.host.json
[c9c4:0009][2026-05-10T01:02:10] Started: Copying file /Contents/Common7/ServiceHub/Hosts/ServiceHub.Host.netfx.x86/netfx.x86.servicehub.host.json to D:\Program Files (x86)\Microsoft Visual Studio\2022\BuildTools\Common7\ServiceHub\Hosts\ServiceHub.Host.netfx.x86\netfx.x86.servicehub.host.json
[c9c4:0009][2026-05-10T01:02:10] Completed: Copying file /Contents/Common7/ServiceHub/Hosts/ServiceHub.Host.netfx.x86/netfx.x86.servicehub.host.json to D:\Program Files (x86)\Microsoft Visual Studio\2022\BuildTools\Common7\ServiceHub\Hosts\ServiceHub.Host.netfx.x86\netfx.x86.servicehub.host.json
[c9c4:0009][2026-05-10T01:02:10] Timestamp updated for file 'D:\Program Files (x86)\Microsoft Visual Studio\2022\BuildTools\Common7\ServiceHub\Hosts\ServiceHub.Host.netfx.x86\netfx.x86.servicehub.host.json'.
[c9c4:0009][2026-05-10T01:02:10] Processing file /Contents/Common7/ServiceHub/Hosts/ServiceHub.Host.netfx.x86/ServiceHub.DataWarehouseHost.exe
[c9c4:0009][2026-05-10T01:02:10] Started: Copying file /Contents/Common7/ServiceHub/Hosts/ServiceHub.Host.netfx.x86/ServiceHub.DataWarehouseHost.exe to D:\Program Files (x86)\Microsoft Visual Studio\2022\BuildTools\Common7\ServiceHub\Hosts\ServiceHub.Host.netfx.x86\ServiceHub.DataWarehouseHost.exe
[c9c4:0009][2026-05-10T01:02:10] Completed: Copying file /Contents/Common7/ServiceHub/Hosts/ServiceHub.Host.netfx.x86/ServiceHub.DataWarehouseHost.exe to D:\Program Files (x86)\Microsoft Visual Studio\2022\BuildTools\Common7\ServiceHub\Hosts\ServiceHub.Host.netfx.x86\ServiceHub.DataWarehouseHost.exe
[c9c4:0009][2026-05-10T01:02:10] Timestamp updated for file 'D:\Program Files (x86)\Microsoft Visual Studio\2022\BuildTools\Common7\ServiceHub\Hosts\ServiceHub.Host.netfx.x86\ServiceHub.DataWarehouseHost.exe'.
[c9c4:0009][2026-05-10T01:02:10] Processing file /Contents/Common7/ServiceHub/Hosts/ServiceHub.Host.netfx.x86/ServiceHub.DataWarehouseHost.exe.config
[c9c4:0009][2026-05-10T01:02:10] Started: Copying file /Contents/Common7/ServiceHub/Hosts/ServiceHub.Host.netfx.x86/ServiceHub.DataWarehouseHost.exe.config to D:\Program Files (x86)\Microsoft Visual Studio\2022\BuildTools\Common7\ServiceHub\Hosts\ServiceHub.Host.netfx.x86\ServiceHub.DataWarehouseHost.exe.config
[c9c4:0009][2026-05-10T01:02:10] Completed: Copying file /Contents/Common7/ServiceHub/Hosts/ServiceHub.Host.netfx.x86/ServiceHub.DataWarehouseHost.exe.config to D:\Program Files (x86)\Microsoft Visual Studio\2022\BuildTools\Common7\ServiceHub\Hosts\ServiceHub.Host.netfx.x86\ServiceHub.DataWarehouseHost.exe.config
[c9c4:0009][2026-05-10T01:02:10] Timestamp updated for file 'D:\Program Files (x86)\Microsoft Visual Studio\2022\BuildTools\Common7\ServiceHub\Hosts\ServiceHub.Host.netfx.x86\ServiceHub.DataWarehouseHost.exe.config'.
[c9c4:0009][2026-05-10T01:02:10] Processing file /Contents/Common7/ServiceHub/Hosts/ServiceHub.Host.netfx.x86/ServiceHub.Host.netfx.x86.exe
[c9c4:0009][2026-05-10T01:02:10] Started: Copying file /Contents/Common7/ServiceHub/Hosts/ServiceHub.Host.netfx.x86/ServiceHub.Host.netfx.x86.exe to D:\Program Files (x86)\Microsoft Visual Studio\2022\BuildTools\Common7\ServiceHub\Hosts\ServiceHub.Host.netfx.x86\ServiceHub.Host.netfx.x86.exe
[c9c4:0009][2026-05-10T01:02:10] Completed: Copying file /Contents/Common7/ServiceHub/Hosts/ServiceHub.Host.netfx.x86/ServiceHub.Host.netfx.x86.exe to D:\Program Files (x86)\Microsoft Visual Studio\2022\BuildTools\Common7\ServiceHub\Hosts\ServiceHub.Host.netfx.x86\ServiceHub.Host.netfx.x86.exe
[c9c4:0009][2026-05-10T01:02:10] Timestamp updated for file 'D:\Program Files (x86)\Microsoft Visual Studio\2022\BuildTools\Common7\ServiceHub\Hosts\ServiceHub.Host.netfx.x86\ServiceHub.Host.netfx.x86.exe'.
[c9c4:0009][2026-05-10T01:02:10] Processing file /Contents/Common7/ServiceHub/Hosts/ServiceHub.Host.netfx.x86/ServiceHub.Host.netfx.x86.exe.config
[c9c4:0009][2026-05-10T01:02:10] Started: Copying file /Contents/Common7/ServiceHub/Hosts/ServiceHub.Host.netfx.x86/ServiceHub.Host.netfx.x86.exe.config to D:\Program Files (x86)\Microsoft Visual Studio\2022\BuildTools\Common7\ServiceHub\Hosts\ServiceHub.Host.netfx.x86\ServiceHub.Host.netfx.x86.exe.config
[c9c4:0009][2026-05-10T01:02:10] Completed: Copying file /Contents/Common7/ServiceHub/Hosts/ServiceHub.Host.netfx.x86/ServiceHub.Host.netfx.x86.exe.config to D:\Program Files (x86)\Microsoft Visual Studio\2022\BuildTools\Common7\ServiceHub\Hosts\ServiceHub.Host.netfx.x86\ServiceHub.Host.netfx.x86.exe.config
[c9c4:0009][2026-05-10T01:02:10] Timestamp updated for file 'D:\Program Files (x86)\Microsoft Visual Studio\2022\BuildTools\Common7\ServiceHub\Hosts\ServiceHub.Host.netfx.x86\ServiceHub.Host.netfx.x86.exe.config'.
[c9c4:0009][2026-05-10T01:02:10] Processing file /Contents/Common7/ServiceHub/Hosts/ServiceHub.Host.netfx.x86/ServiceHub.IdentityHost.exe
[c9c4:0009][2026-05-10T01:02:10] Started: Copying file /Contents/Common7/ServiceHub/Hosts/ServiceHub.Host.netfx.x86/ServiceHub.IdentityHost.exe to D:\Program Files (x86)\Microsoft Visual Studio\2022\BuildTools\Common7\ServiceHub\Hosts\ServiceHub.Host.netfx.x86\ServiceHub.IdentityHost.exe
[c9c4:0009][2026-05-10T01:02:10] Completed: Copying file /Contents/Common7/ServiceHub/Hosts/ServiceHub.Host.netfx.x86/ServiceHub.IdentityHost.exe to D:\Program Files (x86)\Microsoft Visual Studio\2022\BuildTools\Common7\ServiceHub\Hosts\ServiceHub.Host.netfx.x86\ServiceHub.IdentityHost.exe
[c9c4:0009][2026-05-10T01:02:10] Timestamp updated for file 'D:\Program Files (x86)\Microsoft Visual Studio\2022\BuildTools\Common7\ServiceHub\Hosts\ServiceHub.Host.netfx.x86\ServiceHub.IdentityHost.exe'.
[c9c4:0009][2026-05-10T01:02:10] Processing file /Contents/Common7/ServiceHub/Hosts/ServiceHub.Host.netfx.x86/ServiceHub.IdentityHost.exe.config
[c9c4:0009][2026-05-10T01:02:10] Started: Copying file /Contents/Common7/ServiceHub/Hosts/ServiceHub.Host.netfx.x86/ServiceHub.IdentityHost.exe.config to D:\Program Files (x86)\Microsoft Visual Studio\2022\BuildTools\Common7\ServiceHub\Hosts\ServiceHub.Host.netfx.x86\ServiceHub.IdentityHost.exe.config
[c9c4:0009][2026-05-10T01:02:10] Completed: Copying file /Contents/Common7/ServiceHub/Hosts/ServiceHub.Host.netfx.x86/ServiceHub.IdentityHost.exe.config to D:\Program Files (x86)\Microsoft Visual Studio\2022\BuildTools\Common7\ServiceHub\Hosts\ServiceHub.Host.netfx.x86\ServiceHub.IdentityHost.exe.config
[c9c4:0009][2026-05-10T01:02:10] Timestamp updated for file 'D:\Program Files (x86)\Microsoft Visual Studio\2022\BuildTools\Common7\ServiceHub\Hosts\ServiceHub.Host.netfx.x86\ServiceHub.IdentityHost.exe.config'.
[c9c4:0009][2026-05-10T01:02:10] Processing file /Contents/Common7/ServiceHub/Services/Microsoft.ServiceHub.Framework.AlwaysUnauthorizedService/Microsoft.ServiceHub.Framework.AlwaysUnauthorizedService.dll
[c9c4:0009][2026-05-10T01:02:10] Started: Copying file /Contents/Common7/ServiceHub/Services/Microsoft.ServiceHub.Framework.AlwaysUnauthorizedService/Microsoft.ServiceHub.Framework.AlwaysUnauthorizedService.dll to D:\Program Files (x86)\Microsoft Visual Studio\2022\BuildTools\Common7\ServiceHub\Services\Microsoft.ServiceHub.Framework.AlwaysUnauthorizedService\Microsoft.ServiceHub.Framework.AlwaysUnauthorizedService.dll
[c9c4:0009][2026-05-10T01:02:10] Completed: Copying file /Contents/Common7/ServiceHub/Services/Microsoft.ServiceHub.Framework.AlwaysUnauthorizedService/Microsoft.ServiceHub.Framework.AlwaysUnauthorizedService.dll to D:\Program Files (x86)\Microsoft Visual Studio\2022\BuildTools\Common7\ServiceHub\Services\Microsoft.ServiceHub.Framework.AlwaysUnauthorizedService\Microsoft.ServiceHub.Framework.AlwaysUnauthorizedService.dll
[c9c4:0009][2026-05-10T01:02:10] Timestamp updated for file 'D:\Program Files (x86)\Microsoft Visual Studio\2022\BuildTools\Common7\ServiceHub\Services\Microsoft.ServiceHub.Framework.AlwaysUnauthorizedService\Microsoft.ServiceHub.Framework.AlwaysUnauthorizedService.dll'.
[c9c4:0009][2026-05-10T01:02:10] Processing file /Contents/Common7/ServiceHub/Services/Microsoft.ServiceHub.Framework.AlwaysUnauthorizedService/Microsoft.ServiceHub.Framework.AuthorizationService.servicehub.service.json
[c9c4:0009][2026-05-10T01:02:10] Started: Copying file /Contents/Common7/ServiceHub/Services/Microsoft.ServiceHub.Framework.AlwaysUnauthorizedService/Microsoft.ServiceHub.Framework.AuthorizationService.servicehub.service.json to D:\Program Files (x86)\Microsoft Visual Studio\2022\BuildTools\Common7\ServiceHub\Services\Microsoft.ServiceHub.Framework.AlwaysUnauthorizedService\Microsoft.ServiceHub.Framework.AuthorizationService.servicehub.service.json
[c9c4:0009][2026-05-10T01:02:10] Completed: Copying file /Contents/Common7/ServiceHub/Services/Microsoft.ServiceHub.Framework.AlwaysUnauthorizedService/Microsoft.ServiceHub.Framework.AuthorizationService.servicehub.service.json to D:\Program Files (x86)\Microsoft Visual Studio\2022\BuildTools\Common7\ServiceHub\Services\Microsoft.ServiceHub.Framework.AlwaysUnauthorizedService\Microsoft.ServiceHub.Framework.AuthorizationService.servicehub.service.json
[c9c4:0009][2026-05-10T01:02:10] Timestamp updated for file 'D:\Program Files (x86)\Microsoft Visual Studio\2022\BuildTools\Common7\ServiceHub\Services\Microsoft.ServiceHub.Framework.AlwaysUnauthorizedService\Microsoft.ServiceHub.Framework.AuthorizationService.servicehub.service.json'.
[c9c4:0009][2026-05-10T01:02:10] Processing file /Contents/Common7/ServiceHub/Services/Microsoft.ServiceHub.Framework.AlwaysUnauthorizedService/System.Text.Encodings.Web.dll
[c9c4:0009][2026-05-10T01:02:10] Started: Copying file /Contents/Common7/ServiceHub/Services/Microsoft.ServiceHub.Framework.AlwaysUnauthorizedService/System.Text.Encodings.Web.dll to D:\Program Files (x86)\Microsoft Visual Studio\2022\BuildTools\Common7\ServiceHub\Services\Microsoft.ServiceHub.Framework.AlwaysUnauthorizedService\System.Text.Encodings.Web.dll
[c9c4:0009][2026-05-10T01:02:10] Completed: Copying file /Contents/Common7/ServiceHub/Services/Microsoft.ServiceHub.Framework.AlwaysUnauthorizedService/System.Text.Encodings.Web.dll to D:\Program Files (x86)\Microsoft Visual Studio\2022\BuildTools\Common7\ServiceHub\Services\Microsoft.ServiceHub.Framework.AlwaysUnauthorizedService\System.Text.Encodings.Web.dll
[c9c4:0009][2026-05-10T01:02:10] Timestamp updated for file 'D:\Program Files (x86)\Microsoft Visual Studio\2022\BuildTools\Common7\ServiceHub\Services\Microsoft.ServiceHub.Framework.AlwaysUnauthorizedService\System.Text.Encodings.Web.dll'.
[c9c4:0009][2026-05-10T01:02:10] Processing file /Contents/Common7/ServiceHub/Services/Microsoft.ServiceHub.Framework.AlwaysUnauthorizedService/System.Text.Json.dll
[c9c4:0009][2026-05-10T01:02:10] Started: Copying file /Contents/Common7/ServiceHub/Services/Microsoft.ServiceHub.Framework.AlwaysUnauthorizedService/System.Text.Json.dll to D:\Program Files (x86)\Microsoft Visual Studio\2022\BuildTools\Common7\ServiceHub\Services\Microsoft.ServiceHub.Framework.AlwaysUnauthorizedService\System.Text.Json.dll
[c9c4:0009][2026-05-10T01:02:10] Completed: Copying file /Contents/Common7/ServiceHub/Services/Microsoft.ServiceHub.Framework.AlwaysUnauthorizedService/System.Text.Json.dll to D:\Program Files (x86)\Microsoft Visual Studio\2022\BuildTools\Common7\ServiceHub\Services\Microsoft.ServiceHub.Framework.AlwaysUnauthorizedService\System.Text.Json.dll
[c9c4:0009][2026-05-10T01:02:10] Timestamp updated for file 'D:\Program Files (x86)\Microsoft Visual Studio\2022\BuildTools\Common7\ServiceHub\Services\Microsoft.ServiceHub.Framework.AlwaysUnauthorizedService\System.Text.Json.dll'.
[c9c4:0009][2026-05-10T01:02:10] Package executed successfully. Return code: 0
