[c9c4:0009][2026-05-10T01:01:49] Opening the package for processing
[c9c4:0009][2026-05-10T01:01:49] Using package payload to get the embedded manifest
[c9c4:0009][2026-05-10T01:01:49] Getting list of files within the package
[c9c4:0009][2026-05-10T01:01:49] Processing file /Contents/Msbuild/Microsoft/VC/v170/Platforms/ARM/Platform.Common.props
[c9c4:0009][2026-05-10T01:01:49] Started: Copying file /Contents/Msbuild/Microsoft/VC/v170/Platforms/ARM/Platform.Common.props to D:\Program Files (x86)\Microsoft Visual Studio\2022\BuildTools\Msbuild\Microsoft\VC\v170\Platforms\ARM\Platform.Common.props
[c9c4:0009][2026-05-10T01:01:49] Completed: Copying file /Contents/Msbuild/Microsoft/VC/v170/Platforms/ARM/Platform.Common.props to D:\Program Files (x86)\Microsoft Visual Studio\2022\BuildTools\Msbuild\Microsoft\VC\v170\Platforms\ARM\Platform.Common.props
[c9c4:0009][2026-05-10T01:01:49] Timestamp updated for file 'D:\Program Files (x86)\Microsoft Visual Studio\2022\BuildTools\Msbuild\Microsoft\VC\v170\Platforms\ARM\Platform.Common.props'.
[c9c4:0009][2026-05-10T01:01:49] Processing file /Contents/Msbuild/Microsoft/VC/v170/Platforms/ARM/Platform.Default.props
[c9c4:0009][2026-05-10T01:01:49] Started: Copying file /Contents/Msbuild/Microsoft/VC/v170/Platforms/ARM/Platform.Default.props to D:\Program Files (x86)\Microsoft Visual Studio\2022\BuildTools\Msbuild\Microsoft\VC\v170\Platforms\ARM\Platform.Default.props
[c9c4:0009][2026-05-10T01:01:49] Completed: Copying file /Contents/Msbuild/Microsoft/VC/v170/Platforms/ARM/Platform.Default.props to D:\Program Files (x86)\Microsoft Visual Studio\2022\BuildTools\Msbuild\Microsoft\VC\v170\Platforms\ARM\Platform.Default.props
[c9c4:0009][2026-05-10T01:01:49] Timestamp updated for file 'D:\Program Files (x86)\Microsoft Visual Studio\2022\BuildTools\Msbuild\Microsoft\VC\v170\Platforms\ARM\Platform.Default.props'.
[c9c4:0009][2026-05-10T01:01:49] Processing file /Contents/Msbuild/Microsoft/VC/v170/Platforms/ARM/Platform.props
[c9c4:0009][2026-05-10T01:01:49] Started: Copying file /Contents/Msbuild/Microsoft/VC/v170/Platforms/ARM/Platform.props to D:\Program Files (x86)\Microsoft Visual Studio\2022\BuildTools\Msbuild\Microsoft\VC\v170\Platforms\ARM\Platform.props
[c9c4:0009][2026-05-10T01:01:49] Completed: Copying file /Contents/Msbuild/Microsoft/VC/v170/Platforms/ARM/Platform.props to D:\Program Files (x86)\Microsoft Visual Studio\2022\BuildTools\Msbuild\Microsoft\VC\v170\Platforms\ARM\Platform.props
[c9c4:0009][2026-05-10T01:01:49] Timestamp updated for file 'D:\Program Files (x86)\Microsoft Visual Studio\2022\BuildTools\Msbuild\Microsoft\VC\v170\Platforms\ARM\Platform.props'.
[c9c4:0009][2026-05-10T01:01:49] Processing file /Contents/Msbuild/Microsoft/VC/v170/Platforms/ARM/Platform.targets
[c9c4:0009][2026-05-10T01:01:49] Started: Copying file /Contents/Msbuild/Microsoft/VC/v170/Platforms/ARM/Platform.targets to D:\Program Files (x86)\Microsoft Visual Studio\2022\BuildTools\Msbuild\Microsoft\VC\v170\Platforms\ARM\Platform.targets
[c9c4:0009][2026-05-10T01:01:49] Completed: Copying file /Contents/Msbuild/Microsoft/VC/v170/Platforms/ARM/Platform.targets to D:\Program Files (x86)\Microsoft Visual Studio\2022\BuildTools\Msbuild\Microsoft\VC\v170\Platforms\ARM\Platform.targets
[c9c4:0009][2026-05-10T01:01:49] Timestamp updated for file 'D:\Program Files (x86)\Microsoft Visual Studio\2022\BuildTools\Msbuild\Microsoft\VC\v170\Platforms\ARM\Platform.targets'.
[c9c4:0009][2026-05-10T01:01:49] Package executed successfully. Return code: 0
