[3c7c:000c][2026-05-10T01:36:04] Opening the package for processing
[3c7c:000c][2026-05-10T01:36:04] Using package payload to get the embedded manifest
[3c7c:000c][2026-05-10T01:36:04] Getting list of files within the package
[3c7c:000c][2026-05-10T01:36:04] Processing file /Contents/Common7/IDE/PrivateAssemblies/Microsoft.VisualStudio.ScriptedHost.dll
[3c7c:000c][2026-05-10T01:36:04] Started: Copying file /Contents/Common7/IDE/PrivateAssemblies/Microsoft.VisualStudio.ScriptedHost.dll to C:\Program Files (x86)\Microsoft Visual Studio\2022\BuildTools\Common7\IDE\PrivateAssemblies\Microsoft.VisualStudio.ScriptedHost.dll
[3c7c:000c][2026-05-10T01:36:04] Completed: Copying file /Contents/Common7/IDE/PrivateAssemblies/Microsoft.VisualStudio.ScriptedHost.dll to C:\Program Files (x86)\Microsoft Visual Studio\2022\BuildTools\Common7\IDE\PrivateAssemblies\Microsoft.VisualStudio.ScriptedHost.dll
[3c7c:000c][2026-05-10T01:36:04] Timestamp updated for file 'C:\Program Files (x86)\Microsoft Visual Studio\2022\BuildTools\Common7\IDE\PrivateAssemblies\Microsoft.VisualStudio.ScriptedHost.dll'.
[3c7c:000c][2026-05-10T01:36:04] Queueing C:\Program Files (x86)\Microsoft Visual Studio\2022\BuildTools\Common7\IDE\PrivateAssemblies\Microsoft.VisualStudio.ScriptedHost.dll for X86 ngen
[3c7c:000c][2026-05-10T01:36:04] Successfully queued file '/Contents/Common7/IDE/PrivateAssemblies/Microsoft.VisualStudio.ScriptedHost.dll' for ngen
[3c7c:000c][2026-05-10T01:36:04] Processing file /Contents/Common7/IDE/PrivateAssemblies/Microsoft.Web.WebView2.Core.dll
[3c7c:000c][2026-05-10T01:36:04] Started: Copying file /Contents/Common7/IDE/PrivateAssemblies/Microsoft.Web.WebView2.Core.dll to C:\Program Files (x86)\Microsoft Visual Studio\2022\BuildTools\Common7\IDE\PrivateAssemblies\Microsoft.Web.WebView2.Core.dll
[3c7c:000c][2026-05-10T01:36:04] Completed: Copying file /Contents/Common7/IDE/PrivateAssemblies/Microsoft.Web.WebView2.Core.dll to C:\Program Files (x86)\Microsoft Visual Studio\2022\BuildTools\Common7\IDE\PrivateAssemblies\Microsoft.Web.WebView2.Core.dll
[3c7c:000c][2026-05-10T01:36:04] Timestamp updated for file 'C:\Program Files (x86)\Microsoft Visual Studio\2022\BuildTools\Common7\IDE\PrivateAssemblies\Microsoft.Web.WebView2.Core.dll'.
[3c7c:000c][2026-05-10T01:36:04] Processing file /Contents/Common7/IDE/PrivateAssemblies/Microsoft.Web.WebView2.Wpf.dll
[3c7c:000c][2026-05-10T01:36:04] Started: Copying file /Contents/Common7/IDE/PrivateAssemblies/Microsoft.Web.WebView2.Wpf.dll to C:\Program Files (x86)\Microsoft Visual Studio\2022\BuildTools\Common7\IDE\PrivateAssemblies\Microsoft.Web.WebView2.Wpf.dll
[3c7c:000c][2026-05-10T01:36:04] Completed: Copying file /Contents/Common7/IDE/PrivateAssemblies/Microsoft.Web.WebView2.Wpf.dll to C:\Program Files (x86)\Microsoft Visual Studio\2022\BuildTools\Common7\IDE\PrivateAssemblies\Microsoft.Web.WebView2.Wpf.dll
[3c7c:000c][2026-05-10T01:36:04] Timestamp updated for file 'C:\Program Files (x86)\Microsoft Visual Studio\2022\BuildTools\Common7\IDE\PrivateAssemblies\Microsoft.Web.WebView2.Wpf.dll'.
[3c7c:000c][2026-05-10T01:36:04] Processing file /Contents/Common7/IDE/PrivateAssemblies/plugin.vs.v2.js
[3c7c:000c][2026-05-10T01:36:04] Started: Copying file /Contents/Common7/IDE/PrivateAssemblies/plugin.vs.v2.js to C:\Program Files (x86)\Microsoft Visual Studio\2022\BuildTools\Common7\IDE\PrivateAssemblies\plugin.vs.v2.js
[3c7c:000c][2026-05-10T01:36:04] Completed: Copying file /Contents/Common7/IDE/PrivateAssemblies/plugin.vs.v2.js to C:\Program Files (x86)\Microsoft Visual Studio\2022\BuildTools\Common7\IDE\PrivateAssemblies\plugin.vs.v2.js
[3c7c:000c][2026-05-10T01:36:04] Timestamp updated for file 'C:\Program Files (x86)\Microsoft Visual Studio\2022\BuildTools\Common7\IDE\PrivateAssemblies\plugin.vs.v2.js'.
[3c7c:000c][2026-05-10T01:36:04] Processing file /Contents/Common7/IDE/PrivateAssemblies/ScriptedHost.Blank.html
[3c7c:000c][2026-05-10T01:36:04] Started: Copying file /Contents/Common7/IDE/PrivateAssemblies/ScriptedHost.Blank.html to C:\Program Files (x86)\Microsoft Visual Studio\2022\BuildTools\Common7\IDE\PrivateAssemblies\ScriptedHost.Blank.html
[3c7c:000c][2026-05-10T01:36:04] Completed: Copying file /Contents/Common7/IDE/PrivateAssemblies/ScriptedHost.Blank.html to C:\Program Files (x86)\Microsoft Visual Studio\2022\BuildTools\Common7\IDE\PrivateAssemblies\ScriptedHost.Blank.html
[3c7c:000c][2026-05-10T01:36:04] Timestamp updated for file 'C:\Program Files (x86)\Microsoft Visual Studio\2022\BuildTools\Common7\IDE\PrivateAssemblies\ScriptedHost.Blank.html'.
[3c7c:000c][2026-05-10T01:36:04] Package executed successfully. Return code: 0
