[bd94:0009][2026-05-10T01:00:48] Using cached package manifest as the embedded manifest
[bd94:0009][2026-05-10T01:00:48] Processing file /extension.vsixmanifest
[bd94:0009][2026-05-10T01:00:48] D:\Program\Common7\IDE\CommonExtensions\Microsoft\Markdown\extension.vsixmanifest file deleted.
[bd94:0009][2026-05-10T01:00:48] Processing file /Markdig.Signed.dll
[bd94:0009][2026-05-10T01:00:48] D:\Program\Common7\IDE\CommonExtensions\Microsoft\Markdown\Markdig.Signed.dll file deleted.
[bd94:0009][2026-05-10T01:00:48] Processing file /Templates/md-csharp.zip
[bd94:0009][2026-05-10T01:00:48] D:\Program\Common7\IDE\CommonExtensions\Microsoft\Markdown\Templates\md-csharp.zip file deleted.
[bd94:0009][2026-05-10T01:00:48] Processing file /Templates/md-vb.zip
[bd94:0009][2026-05-10T01:00:48] D:\Program\Common7\IDE\CommonExtensions\Microsoft\Markdown\Templates\md-vb.zip file deleted.
[bd94:0009][2026-05-10T01:00:48] Processing file /Templates/VC/Utility/md-vc.zip
[bd94:0009][2026-05-10T01:00:48] D:\Program\Common7\IDE\CommonExtensions\Microsoft\Markdown\Templates\VC\Utility\md-vc.zip file deleted.
[bd94:0009][2026-05-10T01:00:48] Processing file /Templates/md-web.zip
[bd94:0009][2026-05-10T01:00:48] D:\Program\Common7\IDE\CommonExtensions\Microsoft\Markdown\Templates\md-web.zip file deleted.
[bd94:0009][2026-05-10T01:00:48] Processing file /Templates/ASP.NET%20Core/General/md-aspnetcore.zip
[bd94:0009][2026-05-10T01:00:48] D:\Program\Common7\IDE\CommonExtensions\Microsoft\Markdown\Templates\ASP.NET Core\General\md-aspnetcore.zip file deleted.
[bd94:0009][2026-05-10T01:00:48] Processing file /Microsoft.VisualStudio.Platform.Markdown.pkgdef
[bd94:0009][2026-05-10T01:00:48] D:\Program\Common7\IDE\CommonExtensions\Microsoft\Markdown\Microsoft.VisualStudio.Platform.Markdown.pkgdef file deleted.
[bd94:0009][2026-05-10T01:00:48] Processing file /Preview/Dependencies/vs-tool.css
[bd94:0009][2026-05-10T01:00:48] D:\Program\Common7\IDE\CommonExtensions\Microsoft\Markdown\Preview\Dependencies\vs-tool.css file deleted.
[bd94:0009][2026-05-10T01:00:48] Processing file /Preview/Dependencies/highlight.css
[bd94:0009][2026-05-10T01:00:48] D:\Program\Common7\IDE\CommonExtensions\Microsoft\Markdown\Preview\Dependencies\highlight.css file deleted.
[bd94:0009][2026-05-10T01:00:48] Processing file /Preview/Dependencies/highlight-dark.css
[bd94:0009][2026-05-10T01:00:48] D:\Program\Common7\IDE\CommonExtensions\Microsoft\Markdown\Preview\Dependencies\highlight-dark.css file deleted.
[bd94:0009][2026-05-10T01:00:48] Processing file /Preview/Dependencies/daytona-highlight-dark.css
[bd94:0009][2026-05-10T01:00:48] D:\Program\Common7\IDE\CommonExtensions\Microsoft\Markdown\Preview\Dependencies\daytona-highlight-dark.css file deleted.
[bd94:0009][2026-05-10T01:00:48] Processing file /Preview/Dependencies/daytona-md-template.html
[bd94:0009][2026-05-10T01:00:48] D:\Program\Common7\IDE\CommonExtensions\Microsoft\Markdown\Preview\Dependencies\daytona-md-template.html file deleted.
[bd94:0009][2026-05-10T01:00:48] Processing file /Preview/Dependencies/md-template.html
[bd94:0009][2026-05-10T01:00:48] D:\Program\Common7\IDE\CommonExtensions\Microsoft\Markdown\Preview\Dependencies\md-template.html file deleted.
[bd94:0009][2026-05-10T01:00:48] Processing file /Preview/Dependencies/DOMPurify/purify.min.js
[bd94:0009][2026-05-10T01:00:48] D:\Program\Common7\IDE\CommonExtensions\Microsoft\Markdown\Preview\Dependencies\DOMPurify\purify.min.js file deleted.
[bd94:0009][2026-05-10T01:00:48] Processing file /Preview/Dependencies/DOMPurify/LICENSE.txt
[bd94:0009][2026-05-10T01:00:48] D:\Program\Common7\IDE\CommonExtensions\Microsoft\Markdown\Preview\Dependencies\DOMPurify\LICENSE.txt file deleted.
[bd94:0009][2026-05-10T01:00:48] Processing file /Preview/Dependencies/mermaidJS/mermaid.min.js
[bd94:0009][2026-05-10T01:00:48] D:\Program\Common7\IDE\CommonExtensions\Microsoft\Markdown\Preview\Dependencies\mermaidJS\mermaid.min.js file deleted.
[bd94:0009][2026-05-10T01:00:48] Processing file /Preview/Dependencies/mermaidJS/LICENSE.txt
[bd94:0009][2026-05-10T01:00:48] D:\Program\Common7\IDE\CommonExtensions\Microsoft\Markdown\Preview\Dependencies\mermaidJS\LICENSE.txt file deleted.
[bd94:0009][2026-05-10T01:00:48] Processing file /Preview/Dependencies/manifest.json
[bd94:0009][2026-05-10T01:00:48] D:\Program\Common7\IDE\CommonExtensions\Microsoft\Markdown\Preview\Dependencies\manifest.json file deleted.
[bd94:0009][2026-05-10T01:00:48] Processing file /Preview/Dependencies/daytonaHTMLContextMenu.js
[bd94:0009][2026-05-10T01:00:48] D:\Program\Common7\IDE\CommonExtensions\Microsoft\Markdown\Preview\Dependencies\daytonaHTMLContextMenu.js file deleted.
[bd94:0009][2026-05-10T01:00:48] Processing file /runtimes/win-x86/native/WebView2Loader.dll
[bd94:0009][2026-05-10T01:00:48] D:\Program\Common7\IDE\CommonExtensions\Microsoft\Markdown\runtimes\win-x86\native\WebView2Loader.dll file deleted.
[bd94:0009][2026-05-10T01:00:48] Processing file /runtimes/win-x64/native/WebView2Loader.dll
[bd94:0009][2026-05-10T01:00:48] D:\Program\Common7\IDE\CommonExtensions\Microsoft\Markdown\runtimes\win-x64\native\WebView2Loader.dll file deleted.
[bd94:0009][2026-05-10T01:00:48] Processing file /runtimes/win-arm64/native/WebView2Loader.dll
[bd94:0009][2026-05-10T01:00:48] D:\Program\Common7\IDE\CommonExtensions\Microsoft\Markdown\runtimes\win-arm64\native\WebView2Loader.dll file deleted.
[bd94:0009][2026-05-10T01:00:48] Processing file /Strings.resx
[bd94:0009][2026-05-10T01:00:48] D:\Program\Common7\IDE\CommonExtensions\Microsoft\Markdown\Strings.resx file deleted.
[bd94:0009][2026-05-10T01:00:48] Processing file /Microsoft.VisualStudio.Markdown.Core.dll
[bd94:0009][2026-05-10T01:00:48] D:\Program\Common7\IDE\CommonExtensions\Microsoft\Markdown\Microsoft.VisualStudio.Markdown.Core.dll file deleted.
[bd94:0009][2026-05-10T01:00:48] Processing file /Microsoft.VisualStudio.Markdown.Platform.dll
[bd94:0009][2026-05-10T01:00:48] D:\Program\Common7\IDE\CommonExtensions\Microsoft\Markdown\Microsoft.VisualStudio.Markdown.Platform.dll file deleted.
[bd94:0009][2026-05-10T01:00:48] Processing file /zh-Hans/Microsoft.VisualStudio.Markdown.Platform.resources.dll
[bd94:0009][2026-05-10T01:00:48] D:\Program\Common7\IDE\CommonExtensions\Microsoft\Markdown\zh-Hans\Microsoft.VisualStudio.Markdown.Platform.resources.dll file deleted.
[bd94:0009][2026-05-10T01:00:48] Processing file /zh-Hant/Microsoft.VisualStudio.Markdown.Platform.resources.dll
[bd94:0009][2026-05-10T01:00:48] D:\Program\Common7\IDE\CommonExtensions\Microsoft\Markdown\zh-Hant\Microsoft.VisualStudio.Markdown.Platform.resources.dll file deleted.
[bd94:0009][2026-05-10T01:00:48] Processing file /de/Microsoft.VisualStudio.Markdown.Platform.resources.dll
[bd94:0009][2026-05-10T01:00:48] D:\Program\Common7\IDE\CommonExtensions\Microsoft\Markdown\de\Microsoft.VisualStudio.Markdown.Platform.resources.dll file deleted.
[bd94:0009][2026-05-10T01:00:48] Processing file /es/Microsoft.VisualStudio.Markdown.Platform.resources.dll
[bd94:0009][2026-05-10T01:00:48] D:\Program\Common7\IDE\CommonExtensions\Microsoft\Markdown\es\Microsoft.VisualStudio.Markdown.Platform.resources.dll file deleted.
[bd94:0009][2026-05-10T01:00:48] Processing file /fr/Microsoft.VisualStudio.Markdown.Platform.resources.dll
[bd94:0009][2026-05-10T01:00:48] D:\Program\Common7\IDE\CommonExtensions\Microsoft\Markdown\fr\Microsoft.VisualStudio.Markdown.Platform.resources.dll file deleted.
[bd94:0009][2026-05-10T01:00:48] Processing file /it/Microsoft.VisualStudio.Markdown.Platform.resources.dll
[bd94:0009][2026-05-10T01:00:48] D:\Program\Common7\IDE\CommonExtensions\Microsoft\Markdown\it\Microsoft.VisualStudio.Markdown.Platform.resources.dll file deleted.
[bd94:0009][2026-05-10T01:00:48] Processing file /ja/Microsoft.VisualStudio.Markdown.Platform.resources.dll
[bd94:0009][2026-05-10T01:00:48] D:\Program\Common7\IDE\CommonExtensions\Microsoft\Markdown\ja\Microsoft.VisualStudio.Markdown.Platform.resources.dll file deleted.
[bd94:0009][2026-05-10T01:00:48] Processing file /ko/Microsoft.VisualStudio.Markdown.Platform.resources.dll
[bd94:0009][2026-05-10T01:00:48] D:\Program\Common7\IDE\CommonExtensions\Microsoft\Markdown\ko\Microsoft.VisualStudio.Markdown.Platform.resources.dll file deleted.
[bd94:0009][2026-05-10T01:00:48] Processing file /ru/Microsoft.VisualStudio.Markdown.Platform.resources.dll
[bd94:0009][2026-05-10T01:00:48] D:\Program\Common7\IDE\CommonExtensions\Microsoft\Markdown\ru\Microsoft.VisualStudio.Markdown.Platform.resources.dll file deleted.
[bd94:0009][2026-05-10T01:00:48] Processing file /cs/Microsoft.VisualStudio.Markdown.Platform.resources.dll
[bd94:0009][2026-05-10T01:00:48] D:\Program\Common7\IDE\CommonExtensions\Microsoft\Markdown\cs\Microsoft.VisualStudio.Markdown.Platform.resources.dll file deleted.
[bd94:0009][2026-05-10T01:00:48] Processing file /pt-BR/Microsoft.VisualStudio.Markdown.Platform.resources.dll
[bd94:0009][2026-05-10T01:00:48] D:\Program\Common7\IDE\CommonExtensions\Microsoft\Markdown\pt-BR\Microsoft.VisualStudio.Markdown.Platform.resources.dll file deleted.
[bd94:0009][2026-05-10T01:00:48] Processing file /pl/Microsoft.VisualStudio.Markdown.Platform.resources.dll
[bd94:0009][2026-05-10T01:00:48] D:\Program\Common7\IDE\CommonExtensions\Microsoft\Markdown\pl\Microsoft.VisualStudio.Markdown.Platform.resources.dll file deleted.
[bd94:0009][2026-05-10T01:00:48] Processing file /tr/Microsoft.VisualStudio.Markdown.Platform.resources.dll
[bd94:0009][2026-05-10T01:00:48] D:\Program\Common7\IDE\CommonExtensions\Microsoft\Markdown\tr\Microsoft.VisualStudio.Markdown.Platform.resources.dll file deleted.
[bd94:0009][2026-05-10T01:00:48] Processing file /manifest.json
[bd94:0009][2026-05-10T01:00:48] D:\Program\Common7\IDE\CommonExtensions\Microsoft\Markdown\manifest.json file deleted.
[bd94:0009][2026-05-10T01:00:48] Processing file /catalog.json
[bd94:0009][2026-05-10T01:00:48] D:\Program\Common7\IDE\CommonExtensions\Microsoft\Markdown\catalog.json file deleted.
[bd94:0009][2026-05-10T01:00:48] Started: Deleting empty directories
[bd94:0009][2026-05-10T01:00:48] Completed: Deleting empty directories
[bd94:0009][2026-05-10T01:00:48] Package executed successfully. Return code: 0
