[da4c:0007][2026-05-10T00:50:12] Opening the package for processing
[da4c:0007][2026-05-10T00:50:12] Using package payload to get the embedded manifest
[da4c:0007][2026-05-10T00:50:12] Getting list of files within the package
[da4c:0007][2026-05-10T00:50:12] Processing file /Contents/Common7/IDE/1033/Microsoft.VisualStudio.DesignUI.dll
[da4c:0007][2026-05-10T00:50:12] Started: Copying file /Contents/Common7/IDE/1033/Microsoft.VisualStudio.DesignUI.dll to D:\Program\Common7\IDE\1033\Microsoft.VisualStudio.DesignUI.dll
[da4c:0007][2026-05-10T00:50:12] Completed: Copying file /Contents/Common7/IDE/1033/Microsoft.VisualStudio.DesignUI.dll to D:\Program\Common7\IDE\1033\Microsoft.VisualStudio.DesignUI.dll
[da4c:0007][2026-05-10T00:50:12] Timestamp updated for file 'D:\Program\Common7\IDE\1033\Microsoft.VisualStudio.DesignUI.dll'.
[da4c:0007][2026-05-10T00:50:12] Processing file /Contents/Common7/IDE/1033/Microsoft.VisualStudio.ExportTemplateUI.dll
[da4c:0007][2026-05-10T00:50:12] Started: Copying file /Contents/Common7/IDE/1033/Microsoft.VisualStudio.ExportTemplateUI.dll to D:\Program\Common7\IDE\1033\Microsoft.VisualStudio.ExportTemplateUI.dll
[da4c:0007][2026-05-10T00:50:12] Completed: Copying file /Contents/Common7/IDE/1033/Microsoft.VisualStudio.ExportTemplateUI.dll to D:\Program\Common7\IDE\1033\Microsoft.VisualStudio.ExportTemplateUI.dll
[da4c:0007][2026-05-10T00:50:12] Timestamp updated for file 'D:\Program\Common7\IDE\1033\Microsoft.VisualStudio.ExportTemplateUI.dll'.
[da4c:0007][2026-05-10T00:50:12] Processing file /Contents/Common7/IDE/1033/Microsoft.VisualStudio.Windows.FormsUI.dll
[da4c:0007][2026-05-10T00:50:12] Started: Copying file /Contents/Common7/IDE/1033/Microsoft.VisualStudio.Windows.FormsUI.dll to D:\Program\Common7\IDE\1033\Microsoft.VisualStudio.Windows.FormsUI.dll
[da4c:0007][2026-05-10T00:50:12] Completed: Copying file /Contents/Common7/IDE/1033/Microsoft.VisualStudio.Windows.FormsUI.dll to D:\Program\Common7\IDE\1033\Microsoft.VisualStudio.Windows.FormsUI.dll
[da4c:0007][2026-05-10T00:50:12] Timestamp updated for file 'D:\Program\Common7\IDE\1033\Microsoft.VisualStudio.Windows.FormsUI.dll'.
[da4c:0007][2026-05-10T00:50:12] Processing file /Contents/Common7/IDE/1033/vsslnui.dll
[da4c:0007][2026-05-10T00:50:12] Started: Copying file /Contents/Common7/IDE/1033/vsslnui.dll to D:\Program\Common7\IDE\1033\vsslnui.dll
[da4c:0007][2026-05-10T00:50:12] Completed: Copying file /Contents/Common7/IDE/1033/vsslnui.dll to D:\Program\Common7\IDE\1033\vsslnui.dll
[da4c:0007][2026-05-10T00:50:12] Timestamp updated for file 'D:\Program\Common7\IDE\1033\vsslnui.dll'.
[da4c:0007][2026-05-10T00:50:12] Processing file /Contents/Common7/IDE/1033/WindowsFormsIntegration.PackageUI.dll
[da4c:0007][2026-05-10T00:50:12] Started: Copying file /Contents/Common7/IDE/1033/WindowsFormsIntegration.PackageUI.dll to D:\Program\Common7\IDE\1033\WindowsFormsIntegration.PackageUI.dll
[da4c:0007][2026-05-10T00:50:12] Completed: Copying file /Contents/Common7/IDE/1033/WindowsFormsIntegration.PackageUI.dll to D:\Program\Common7\IDE\1033\WindowsFormsIntegration.PackageUI.dll
[da4c:0007][2026-05-10T00:50:12] Timestamp updated for file 'D:\Program\Common7\IDE\1033\WindowsFormsIntegration.PackageUI.dll'.
[da4c:0007][2026-05-10T00:50:12] Processing file /Contents/Common7/IDE/VS%20SCC/1033/msempui.dll
[da4c:0007][2026-05-10T00:50:12] Started: Copying file /Contents/Common7/IDE/VS%20SCC/1033/msempui.dll to D:\Program\Common7\IDE\VS SCC\1033\msempui.dll
[da4c:0007][2026-05-10T00:50:12] Completed: Copying file /Contents/Common7/IDE/VS%20SCC/1033/msempui.dll to D:\Program\Common7\IDE\VS SCC\1033\msempui.dll
[da4c:0007][2026-05-10T00:50:12] Timestamp updated for file 'D:\Program\Common7\IDE\VS SCC\1033\msempui.dll'.
[da4c:0007][2026-05-10T00:50:12] Processing file /Contents/Common7/IDE/VS%20SCC/1033/VssProviderStubui.dll
[da4c:0007][2026-05-10T00:50:12] Started: Copying file /Contents/Common7/IDE/VS%20SCC/1033/VssProviderStubui.dll to D:\Program\Common7\IDE\VS SCC\1033\VssProviderStubui.dll
[da4c:0007][2026-05-10T00:50:12] Completed: Copying file /Contents/Common7/IDE/VS%20SCC/1033/VssProviderStubui.dll to D:\Program\Common7\IDE\VS SCC\1033\VssProviderStubui.dll
[da4c:0007][2026-05-10T00:50:12] Timestamp updated for file 'D:\Program\Common7\IDE\VS SCC\1033\VssProviderStubui.dll'.
[da4c:0007][2026-05-10T00:50:12] Processing file /Contents/Common7/IDE/VS%20SCC/1033/VssProviderui.dll
[da4c:0007][2026-05-10T00:50:12] Started: Copying file /Contents/Common7/IDE/VS%20SCC/1033/VssProviderui.dll to D:\Program\Common7\IDE\VS SCC\1033\VssProviderui.dll
[da4c:0007][2026-05-10T00:50:12] Completed: Copying file /Contents/Common7/IDE/VS%20SCC/1033/VssProviderui.dll to D:\Program\Common7\IDE\VS SCC\1033\VssProviderui.dll
[da4c:0007][2026-05-10T00:50:12] Timestamp updated for file 'D:\Program\Common7\IDE\VS SCC\1033\VssProviderui.dll'.
[da4c:0007][2026-05-10T00:50:12] Processing file /Contents/Common7/IDE/Xml/1033/Microsoft.XmlEditorUI.dll
[da4c:0007][2026-05-10T00:50:12] Started: Copying file /Contents/Common7/IDE/Xml/1033/Microsoft.XmlEditorUI.dll to D:\Program\Common7\IDE\Xml\1033\Microsoft.XmlEditorUI.dll
[da4c:0007][2026-05-10T00:50:12] Completed: Copying file /Contents/Common7/IDE/Xml/1033/Microsoft.XmlEditorUI.dll to D:\Program\Common7\IDE\Xml\1033\Microsoft.XmlEditorUI.dll
[da4c:0007][2026-05-10T00:50:12] Timestamp updated for file 'D:\Program\Common7\IDE\Xml\1033\Microsoft.XmlEditorUI.dll'.
[da4c:0007][2026-05-10T00:50:12] Processing file /Contents/Common7/Packages/1033/compsvcspkgui.dll
[da4c:0007][2026-05-10T00:50:12] Started: Copying file /Contents/Common7/Packages/1033/compsvcspkgui.dll to D:\Program\Common7\Packages\1033\compsvcspkgui.dll
[da4c:0007][2026-05-10T00:50:12] Completed: Copying file /Contents/Common7/Packages/1033/compsvcspkgui.dll to D:\Program\Common7\Packages\1033\compsvcspkgui.dll
[da4c:0007][2026-05-10T00:50:12] Timestamp updated for file 'D:\Program\Common7\Packages\1033\compsvcspkgui.dll'.
[da4c:0007][2026-05-10T00:50:12] Processing file /Contents/Common7/Packages/1033/dirprjui.dll
[da4c:0007][2026-05-10T00:50:12] Started: Copying file /Contents/Common7/Packages/1033/dirprjui.dll to D:\Program\Common7\Packages\1033\dirprjui.dll
[da4c:0007][2026-05-10T00:50:12] Completed: Copying file /Contents/Common7/Packages/1033/dirprjui.dll to D:\Program\Common7\Packages\1033\dirprjui.dll
[da4c:0007][2026-05-10T00:50:12] Timestamp updated for file 'D:\Program\Common7\Packages\1033\dirprjui.dll'.
[da4c:0007][2026-05-10T00:50:12] Processing file /Contents/Common7/Packages/Debugger/1033/GpuDebugEngine.resources.dll
[da4c:0007][2026-05-10T00:50:12] Started: Copying file /Contents/Common7/Packages/Debugger/1033/GpuDebugEngine.resources.dll to D:\Program\Common7\Packages\Debugger\1033\GpuDebugEngine.resources.dll
[da4c:0007][2026-05-10T00:50:12] Completed: Copying file /Contents/Common7/Packages/Debugger/1033/GpuDebugEngine.resources.dll to D:\Program\Common7\Packages\Debugger\1033\GpuDebugEngine.resources.dll
[da4c:0007][2026-05-10T00:50:12] Timestamp updated for file 'D:\Program\Common7\Packages\Debugger\1033\GpuDebugEngine.resources.dll'.
[da4c:0007][2026-05-10T00:50:12] Package executed successfully. Return code: 0
