[2e2c:0007][2026-05-10T01:24:15] Opening the package for processing
[2e2c:0007][2026-05-10T01:24:15] Using package payload to get the embedded manifest
[2e2c:0007][2026-05-10T01:24:15] Getting list of files within the package
[2e2c:0007][2026-05-10T01:24:15] Processing file /Contents/Common7/IDE/CommonExtensions/Microsoft/ClientDiagnostics/ClientDiagnostics.pkgdef
[2e2c:0007][2026-05-10T01:24:15] Started: Copying file /Contents/Common7/IDE/CommonExtensions/Microsoft/ClientDiagnostics/ClientDiagnostics.pkgdef to D:\Program Files (x86)\Microsoft Visual Studio\2022\BuildTools\Common7\IDE\CommonExtensions\Microsoft\ClientDiagnostics\ClientDiagnostics.pkgdef
[2e2c:0007][2026-05-10T01:24:15] Completed: Copying file /Contents/Common7/IDE/CommonExtensions/Microsoft/ClientDiagnostics/ClientDiagnostics.pkgdef to D:\Program Files (x86)\Microsoft Visual Studio\2022\BuildTools\Common7\IDE\CommonExtensions\Microsoft\ClientDiagnostics\ClientDiagnostics.pkgdef
[2e2c:0007][2026-05-10T01:24:15] Timestamp updated for file 'D:\Program Files (x86)\Microsoft Visual Studio\2022\BuildTools\Common7\IDE\CommonExtensions\Microsoft\ClientDiagnostics\ClientDiagnostics.pkgdef'.
[2e2c:0007][2026-05-10T01:24:15] Processing file /Contents/Common7/IDE/CommonExtensions/Microsoft/ClientDiagnostics/CommonColors.pkgdef
[2e2c:0007][2026-05-10T01:24:15] Started: Copying file /Contents/Common7/IDE/CommonExtensions/Microsoft/ClientDiagnostics/CommonColors.pkgdef to D:\Program Files (x86)\Microsoft Visual Studio\2022\BuildTools\Common7\IDE\CommonExtensions\Microsoft\ClientDiagnostics\CommonColors.pkgdef
[2e2c:0007][2026-05-10T01:24:15] Completed: Copying file /Contents/Common7/IDE/CommonExtensions/Microsoft/ClientDiagnostics/CommonColors.pkgdef to D:\Program Files (x86)\Microsoft Visual Studio\2022\BuildTools\Common7\IDE\CommonExtensions\Microsoft\ClientDiagnostics\CommonColors.pkgdef
[2e2c:0007][2026-05-10T01:24:15] Timestamp updated for file 'D:\Program Files (x86)\Microsoft Visual Studio\2022\BuildTools\Common7\IDE\CommonExtensions\Microsoft\ClientDiagnostics\CommonColors.pkgdef'.
[2e2c:0007][2026-05-10T01:24:15] Processing file /Contents/Common7/IDE/CommonExtensions/Microsoft/ClientDiagnostics/default.natjmc
[2e2c:0007][2026-05-10T01:24:15] Started: Copying file /Contents/Common7/IDE/CommonExtensions/Microsoft/ClientDiagnostics/default.natjmc to D:\Program Files (x86)\Microsoft Visual Studio\2022\BuildTools\Common7\IDE\CommonExtensions\Microsoft\ClientDiagnostics\default.natjmc
[2e2c:0007][2026-05-10T01:24:15] Completed: Copying file /Contents/Common7/IDE/CommonExtensions/Microsoft/ClientDiagnostics/default.natjmc to D:\Program Files (x86)\Microsoft Visual Studio\2022\BuildTools\Common7\IDE\CommonExtensions\Microsoft\ClientDiagnostics\default.natjmc
[2e2c:0007][2026-05-10T01:24:15] Timestamp updated for file 'D:\Program Files (x86)\Microsoft Visual Studio\2022\BuildTools\Common7\IDE\CommonExtensions\Microsoft\ClientDiagnostics\default.natjmc'.
[2e2c:0007][2026-05-10T01:24:15] Processing file /Contents/Common7/IDE/CommonExtensions/Microsoft/ClientDiagnostics/Microsoft.VisualStudio.ClientDiagnostics.Common.dll
[2e2c:0007][2026-05-10T01:24:15] Started: Copying file /Contents/Common7/IDE/CommonExtensions/Microsoft/ClientDiagnostics/Microsoft.VisualStudio.ClientDiagnostics.Common.dll to D:\Program Files (x86)\Microsoft Visual Studio\2022\BuildTools\Common7\IDE\CommonExtensions\Microsoft\ClientDiagnostics\Microsoft.VisualStudio.ClientDiagnostics.Common.dll
[2e2c:0007][2026-05-10T01:24:15] Completed: Copying file /Contents/Common7/IDE/CommonExtensions/Microsoft/ClientDiagnostics/Microsoft.VisualStudio.ClientDiagnostics.Common.dll to D:\Program Files (x86)\Microsoft Visual Studio\2022\BuildTools\Common7\IDE\CommonExtensions\Microsoft\ClientDiagnostics\Microsoft.VisualStudio.ClientDiagnostics.Common.dll
[2e2c:0007][2026-05-10T01:24:15] Timestamp updated for file 'D:\Program Files (x86)\Microsoft Visual Studio\2022\BuildTools\Common7\IDE\CommonExtensions\Microsoft\ClientDiagnostics\Microsoft.VisualStudio.ClientDiagnostics.Common.dll'.
[2e2c:0007][2026-05-10T01:24:15] Processing file /Contents/Common7/IDE/CommonExtensions/Microsoft/ClientDiagnostics/Microsoft.VisualStudio.ClientDiagnostics.dll
[2e2c:0007][2026-05-10T01:24:15] Started: Copying file /Contents/Common7/IDE/CommonExtensions/Microsoft/ClientDiagnostics/Microsoft.VisualStudio.ClientDiagnostics.dll to D:\Program Files (x86)\Microsoft Visual Studio\2022\BuildTools\Common7\IDE\CommonExtensions\Microsoft\ClientDiagnostics\Microsoft.VisualStudio.ClientDiagnostics.dll
[2e2c:0007][2026-05-10T01:24:15] Completed: Copying file /Contents/Common7/IDE/CommonExtensions/Microsoft/ClientDiagnostics/Microsoft.VisualStudio.ClientDiagnostics.dll to D:\Program Files (x86)\Microsoft Visual Studio\2022\BuildTools\Common7\IDE\CommonExtensions\Microsoft\ClientDiagnostics\Microsoft.VisualStudio.ClientDiagnostics.dll
[2e2c:0007][2026-05-10T01:24:15] Timestamp updated for file 'D:\Program Files (x86)\Microsoft Visual Studio\2022\BuildTools\Common7\IDE\CommonExtensions\Microsoft\ClientDiagnostics\Microsoft.VisualStudio.ClientDiagnostics.dll'.
[2e2c:0007][2026-05-10T01:24:15] Processing file /Contents/VC/Auxiliary/VS/include/VSCustomNativeHeapEtwProvider.h
[2e2c:0007][2026-05-10T01:24:15] Started: Copying file /Contents/VC/Auxiliary/VS/include/VSCustomNativeHeapEtwProvider.h to D:\Program Files (x86)\Microsoft Visual Studio\2022\BuildTools\VC\Auxiliary\VS\include\VSCustomNativeHeapEtwProvider.h
[2e2c:0007][2026-05-10T01:24:15] Completed: Copying file /Contents/VC/Auxiliary/VS/include/VSCustomNativeHeapEtwProvider.h to D:\Program Files (x86)\Microsoft Visual Studio\2022\BuildTools\VC\Auxiliary\VS\include\VSCustomNativeHeapEtwProvider.h
[2e2c:0007][2026-05-10T01:24:15] Timestamp updated for file 'D:\Program Files (x86)\Microsoft Visual Studio\2022\BuildTools\VC\Auxiliary\VS\include\VSCustomNativeHeapEtwProvider.h'.
[2e2c:0007][2026-05-10T01:24:15] Processing file /Contents/VC/Auxiliary/VS/lib/arm/VSCustomNativeHeapEtwProvider.lib
[2e2c:0007][2026-05-10T01:24:15] Started: Copying file /Contents/VC/Auxiliary/VS/lib/arm/VSCustomNativeHeapEtwProvider.lib to D:\Program Files (x86)\Microsoft Visual Studio\2022\BuildTools\VC\Auxiliary\VS\lib\arm\VSCustomNativeHeapEtwProvider.lib
[2e2c:0007][2026-05-10T01:24:15] Completed: Copying file /Contents/VC/Auxiliary/VS/lib/arm/VSCustomNativeHeapEtwProvider.lib to D:\Program Files (x86)\Microsoft Visual Studio\2022\BuildTools\VC\Auxiliary\VS\lib\arm\VSCustomNativeHeapEtwProvider.lib
[2e2c:0007][2026-05-10T01:24:15] Timestamp updated for file 'D:\Program Files (x86)\Microsoft Visual Studio\2022\BuildTools\VC\Auxiliary\VS\lib\arm\VSCustomNativeHeapEtwProvider.lib'.
[2e2c:0007][2026-05-10T01:24:15] Processing file /Contents/VC/Auxiliary/VS/lib/onecore/arm/VSCustomNativeHeapEtwProvider.lib
[2e2c:0007][2026-05-10T01:24:15] Started: Copying file /Contents/VC/Auxiliary/VS/lib/onecore/arm/VSCustomNativeHeapEtwProvider.lib to D:\Program Files (x86)\Microsoft Visual Studio\2022\BuildTools\VC\Auxiliary\VS\lib\onecore\arm\VSCustomNativeHeapEtwProvider.lib
[2e2c:0007][2026-05-10T01:24:15] Completed: Copying file /Contents/VC/Auxiliary/VS/lib/onecore/arm/VSCustomNativeHeapEtwProvider.lib to D:\Program Files (x86)\Microsoft Visual Studio\2022\BuildTools\VC\Auxiliary\VS\lib\onecore\arm\VSCustomNativeHeapEtwProvider.lib
[2e2c:0007][2026-05-10T01:24:15] Timestamp updated for file 'D:\Program Files (x86)\Microsoft Visual Studio\2022\BuildTools\VC\Auxiliary\VS\lib\onecore\arm\VSCustomNativeHeapEtwProvider.lib'.
[2e2c:0007][2026-05-10T01:24:15] Processing file /Contents/VC/Auxiliary/VS/lib/onecore/x64/VSCustomNativeHeapEtwProvider.lib
[2e2c:0007][2026-05-10T01:24:15] Started: Copying file /Contents/VC/Auxiliary/VS/lib/onecore/x64/VSCustomNativeHeapEtwProvider.lib to D:\Program Files (x86)\Microsoft Visual Studio\2022\BuildTools\VC\Auxiliary\VS\lib\onecore\x64\VSCustomNativeHeapEtwProvider.lib
[2e2c:0007][2026-05-10T01:24:15] Completed: Copying file /Contents/VC/Auxiliary/VS/lib/onecore/x64/VSCustomNativeHeapEtwProvider.lib to D:\Program Files (x86)\Microsoft Visual Studio\2022\BuildTools\VC\Auxiliary\VS\lib\onecore\x64\VSCustomNativeHeapEtwProvider.lib
[2e2c:0007][2026-05-10T01:24:15] Timestamp updated for file 'D:\Program Files (x86)\Microsoft Visual Studio\2022\BuildTools\VC\Auxiliary\VS\lib\onecore\x64\VSCustomNativeHeapEtwProvider.lib'.
[2e2c:0007][2026-05-10T01:24:15] Processing file /Contents/VC/Auxiliary/VS/lib/onecore/x86/VSCustomNativeHeapEtwProvider.lib
[2e2c:0007][2026-05-10T01:24:15] Started: Copying file /Contents/VC/Auxiliary/VS/lib/onecore/x86/VSCustomNativeHeapEtwProvider.lib to D:\Program Files (x86)\Microsoft Visual Studio\2022\BuildTools\VC\Auxiliary\VS\lib\onecore\x86\VSCustomNativeHeapEtwProvider.lib
[2e2c:0007][2026-05-10T01:24:15] Completed: Copying file /Contents/VC/Auxiliary/VS/lib/onecore/x86/VSCustomNativeHeapEtwProvider.lib to D:\Program Files (x86)\Microsoft Visual Studio\2022\BuildTools\VC\Auxiliary\VS\lib\onecore\x86\VSCustomNativeHeapEtwProvider.lib
[2e2c:0007][2026-05-10T01:24:15] Timestamp updated for file 'D:\Program Files (x86)\Microsoft Visual Studio\2022\BuildTools\VC\Auxiliary\VS\lib\onecore\x86\VSCustomNativeHeapEtwProvider.lib'.
[2e2c:0007][2026-05-10T01:24:15] Processing file /Contents/VC/Auxiliary/VS/lib/x64/VSCustomNativeHeapEtwProvider.lib
[2e2c:0007][2026-05-10T01:24:15] Started: Copying file /Contents/VC/Auxiliary/VS/lib/x64/VSCustomNativeHeapEtwProvider.lib to D:\Program Files (x86)\Microsoft Visual Studio\2022\BuildTools\VC\Auxiliary\VS\lib\x64\VSCustomNativeHeapEtwProvider.lib
[2e2c:0007][2026-05-10T01:24:15] Completed: Copying file /Contents/VC/Auxiliary/VS/lib/x64/VSCustomNativeHeapEtwProvider.lib to D:\Program Files (x86)\Microsoft Visual Studio\2022\BuildTools\VC\Auxiliary\VS\lib\x64\VSCustomNativeHeapEtwProvider.lib
[2e2c:0007][2026-05-10T01:24:15] Timestamp updated for file 'D:\Program Files (x86)\Microsoft Visual Studio\2022\BuildTools\VC\Auxiliary\VS\lib\x64\VSCustomNativeHeapEtwProvider.lib'.
[2e2c:0007][2026-05-10T01:24:15] Processing file /Contents/VC/Auxiliary/VS/lib/x86/VSCustomNativeHeapEtwProvider.lib
[2e2c:0007][2026-05-10T01:24:15] Started: Copying file /Contents/VC/Auxiliary/VS/lib/x86/VSCustomNativeHeapEtwProvider.lib to D:\Program Files (x86)\Microsoft Visual Studio\2022\BuildTools\VC\Auxiliary\VS\lib\x86\VSCustomNativeHeapEtwProvider.lib
[2e2c:0007][2026-05-10T01:24:15] Completed: Copying file /Contents/VC/Auxiliary/VS/lib/x86/VSCustomNativeHeapEtwProvider.lib to D:\Program Files (x86)\Microsoft Visual Studio\2022\BuildTools\VC\Auxiliary\VS\lib\x86\VSCustomNativeHeapEtwProvider.lib
[2e2c:0007][2026-05-10T01:24:15] Timestamp updated for file 'D:\Program Files (x86)\Microsoft Visual Studio\2022\BuildTools\VC\Auxiliary\VS\lib\x86\VSCustomNativeHeapEtwProvider.lib'.
[2e2c:0007][2026-05-10T01:24:15] Processing file /Contents/Common7/IDE/CommonExtensions/Microsoft/ClientDiagnostics/extension.vsixmanifest
[2e2c:0007][2026-05-10T01:24:15] Started: Copying file /Contents/Common7/IDE/CommonExtensions/Microsoft/ClientDiagnostics/extension.vsixmanifest to D:\Program Files (x86)\Microsoft Visual Studio\2022\BuildTools\Common7\IDE\CommonExtensions\Microsoft\ClientDiagnostics\extension.vsixmanifest
[2e2c:0007][2026-05-10T01:24:15] Completed: Copying file /Contents/Common7/IDE/CommonExtensions/Microsoft/ClientDiagnostics/extension.vsixmanifest to D:\Program Files (x86)\Microsoft Visual Studio\2022\BuildTools\Common7\IDE\CommonExtensions\Microsoft\ClientDiagnostics\extension.vsixmanifest
[2e2c:0007][2026-05-10T01:24:15] Timestamp updated for file 'D:\Program Files (x86)\Microsoft Visual Studio\2022\BuildTools\Common7\IDE\CommonExtensions\Microsoft\ClientDiagnostics\extension.vsixmanifest'.
[2e2c:0007][2026-05-10T01:24:15] Package executed successfully. Return code: 0
