[18d4:0007][2026-05-10T02:03:45] Opening the package for processing
[18d4:0007][2026-05-10T02:03:45] Using package payload to get the embedded manifest
[18d4:0007][2026-05-10T02:03:45] Getting list of files within the package
[18d4:0007][2026-05-10T02:03:45] Processing file /Contents/Common7/IDE/CodeMarkersEtw.man
[18d4:0007][2026-05-10T02:03:45] Started: Copying file /Contents/Common7/IDE/CodeMarkersEtw.man to D:\Program Files (x86)\Microsoft Visual Studio\2022\BuildTools\Common7\IDE\CodeMarkersEtw.man
[18d4:0007][2026-05-10T02:03:45] Completed: Copying file /Contents/Common7/IDE/CodeMarkersEtw.man to D:\Program Files (x86)\Microsoft Visual Studio\2022\BuildTools\Common7\IDE\CodeMarkersEtw.man
[18d4:0007][2026-05-10T02:03:45] Timestamp updated for file 'D:\Program Files (x86)\Microsoft Visual Studio\2022\BuildTools\Common7\IDE\CodeMarkersEtw.man'.
[18d4:0007][2026-05-10T02:03:45] Processing file /Contents/Common7/IDE/CodeMarkersEtwRc.dll
[18d4:0007][2026-05-10T02:03:45] Started: Copying file /Contents/Common7/IDE/CodeMarkersEtwRc.dll to D:\Program Files (x86)\Microsoft Visual Studio\2022\BuildTools\Common7\IDE\CodeMarkersEtwRc.dll
[18d4:0007][2026-05-10T02:03:45] Completed: Copying file /Contents/Common7/IDE/CodeMarkersEtwRc.dll to D:\Program Files (x86)\Microsoft Visual Studio\2022\BuildTools\Common7\IDE\CodeMarkersEtwRc.dll
[18d4:0007][2026-05-10T02:03:45] Timestamp updated for file 'D:\Program Files (x86)\Microsoft Visual Studio\2022\BuildTools\Common7\IDE\CodeMarkersEtwRc.dll'.
[18d4:0007][2026-05-10T02:03:45] Processing file /Contents/Common7/IDE/CommonExtensions/Microsoft/VSLog/Microsoft.VisualStudio.PerfWatson.Provider.pkgdef
[18d4:0007][2026-05-10T02:03:45] Started: Copying file /Contents/Common7/IDE/CommonExtensions/Microsoft/VSLog/Microsoft.VisualStudio.PerfWatson.Provider.pkgdef to D:\Program Files (x86)\Microsoft Visual Studio\2022\BuildTools\Common7\IDE\CommonExtensions\Microsoft\VSLog\Microsoft.VisualStudio.PerfWatson.Provider.pkgdef
[18d4:0007][2026-05-10T02:03:45] Completed: Copying file /Contents/Common7/IDE/CommonExtensions/Microsoft/VSLog/Microsoft.VisualStudio.PerfWatson.Provider.pkgdef to D:\Program Files (x86)\Microsoft Visual Studio\2022\BuildTools\Common7\IDE\CommonExtensions\Microsoft\VSLog\Microsoft.VisualStudio.PerfWatson.Provider.pkgdef
[18d4:0007][2026-05-10T02:03:45] Timestamp updated for file 'D:\Program Files (x86)\Microsoft Visual Studio\2022\BuildTools\Common7\IDE\CommonExtensions\Microsoft\VSLog\Microsoft.VisualStudio.PerfWatson.Provider.pkgdef'.
[18d4:0007][2026-05-10T02:03:45] Processing file /Contents/Common7/IDE/CommonExtensions/Microsoft/VSLog/VSLog.pkgdef
[18d4:0007][2026-05-10T02:03:45] Started: Copying file /Contents/Common7/IDE/CommonExtensions/Microsoft/VSLog/VSLog.pkgdef to D:\Program Files (x86)\Microsoft Visual Studio\2022\BuildTools\Common7\IDE\CommonExtensions\Microsoft\VSLog\VSLog.pkgdef
[18d4:0007][2026-05-10T02:03:45] Completed: Copying file /Contents/Common7/IDE/CommonExtensions/Microsoft/VSLog/VSLog.pkgdef to D:\Program Files (x86)\Microsoft Visual Studio\2022\BuildTools\Common7\IDE\CommonExtensions\Microsoft\VSLog\VSLog.pkgdef
[18d4:0007][2026-05-10T02:03:45] Timestamp updated for file 'D:\Program Files (x86)\Microsoft Visual Studio\2022\BuildTools\Common7\IDE\CommonExtensions\Microsoft\VSLog\VSLog.pkgdef'.
[18d4:0007][2026-05-10T02:03:45] Processing file /Contents/Common7/IDE/CommonExtensions/Microsoft/VSReliability/VsReliability.pkgdef
[18d4:0007][2026-05-10T02:03:45] Started: Copying file /Contents/Common7/IDE/CommonExtensions/Microsoft/VSReliability/VsReliability.pkgdef to D:\Program Files (x86)\Microsoft Visual Studio\2022\BuildTools\Common7\IDE\CommonExtensions\Microsoft\VSReliability\VsReliability.pkgdef
[18d4:0007][2026-05-10T02:03:45] Completed: Copying file /Contents/Common7/IDE/CommonExtensions/Microsoft/VSReliability/VsReliability.pkgdef to D:\Program Files (x86)\Microsoft Visual Studio\2022\BuildTools\Common7\IDE\CommonExtensions\Microsoft\VSReliability\VsReliability.pkgdef
[18d4:0007][2026-05-10T02:03:45] Timestamp updated for file 'D:\Program Files (x86)\Microsoft Visual Studio\2022\BuildTools\Common7\IDE\CommonExtensions\Microsoft\VSReliability\VsReliability.pkgdef'.
[18d4:0007][2026-05-10T02:03:45] Processing file /Contents/Common7/IDE/Microsoft.VisualStudio.CodeMarkers.dll
[18d4:0007][2026-05-10T02:03:45] Started: Copying file /Contents/Common7/IDE/Microsoft.VisualStudio.CodeMarkers.dll to D:\Program Files (x86)\Microsoft Visual Studio\2022\BuildTools\Common7\IDE\Microsoft.VisualStudio.CodeMarkers.dll
[18d4:0007][2026-05-10T02:03:45] Completed: Copying file /Contents/Common7/IDE/Microsoft.VisualStudio.CodeMarkers.dll to D:\Program Files (x86)\Microsoft Visual Studio\2022\BuildTools\Common7\IDE\Microsoft.VisualStudio.CodeMarkers.dll
[18d4:0007][2026-05-10T02:03:45] Timestamp updated for file 'D:\Program Files (x86)\Microsoft Visual Studio\2022\BuildTools\Common7\IDE\Microsoft.VisualStudio.CodeMarkers.dll'.
[18d4:0007][2026-05-10T02:03:45] Processing file /Contents/Common7/IDE/Microsoft.VisualStudio.PerfWatson.dll
[18d4:0007][2026-05-10T02:03:45] Started: Copying file /Contents/Common7/IDE/Microsoft.VisualStudio.PerfWatson.dll to D:\Program Files (x86)\Microsoft Visual Studio\2022\BuildTools\Common7\IDE\Microsoft.VisualStudio.PerfWatson.dll
[18d4:0007][2026-05-10T02:03:45] Completed: Copying file /Contents/Common7/IDE/Microsoft.VisualStudio.PerfWatson.dll to D:\Program Files (x86)\Microsoft Visual Studio\2022\BuildTools\Common7\IDE\Microsoft.VisualStudio.PerfWatson.dll
[18d4:0007][2026-05-10T02:03:45] Timestamp updated for file 'D:\Program Files (x86)\Microsoft Visual Studio\2022\BuildTools\Common7\IDE\Microsoft.VisualStudio.PerfWatson.dll'.
[18d4:0007][2026-05-10T02:03:45] Queueing D:\Program Files (x86)\Microsoft Visual Studio\2022\BuildTools\Common7\IDE\Microsoft.VisualStudio.PerfWatson.dll for X86 ngen
[18d4:0007][2026-05-10T02:03:45] Successfully queued file '/Contents/Common7/IDE/Microsoft.VisualStudio.PerfWatson.dll' for ngen
[18d4:0007][2026-05-10T02:03:45] Processing file /Contents/Common7/IDE/msdia140.dll
[18d4:0007][2026-05-10T02:03:45] Started: Copying file /Contents/Common7/IDE/msdia140.dll to D:\Program Files (x86)\Microsoft Visual Studio\2022\BuildTools\Common7\IDE\msdia140.dll
[18d4:0007][2026-05-10T02:03:45] Completed: Copying file /Contents/Common7/IDE/msdia140.dll to D:\Program Files (x86)\Microsoft Visual Studio\2022\BuildTools\Common7\IDE\msdia140.dll
[18d4:0007][2026-05-10T02:03:45] Timestamp updated for file 'D:\Program Files (x86)\Microsoft Visual Studio\2022\BuildTools\Common7\IDE\msdia140.dll'.
[18d4:0007][2026-05-10T02:03:45] Processing file /Contents/Common7/IDE/PerfWatson2.exe
[18d4:0007][2026-05-10T02:03:45] Started: Copying file /Contents/Common7/IDE/PerfWatson2.exe to D:\Program Files (x86)\Microsoft Visual Studio\2022\BuildTools\Common7\IDE\PerfWatson2.exe
[18d4:0007][2026-05-10T02:03:45] Completed: Copying file /Contents/Common7/IDE/PerfWatson2.exe to D:\Program Files (x86)\Microsoft Visual Studio\2022\BuildTools\Common7\IDE\PerfWatson2.exe
[18d4:0007][2026-05-10T02:03:45] Timestamp updated for file 'D:\Program Files (x86)\Microsoft Visual Studio\2022\BuildTools\Common7\IDE\PerfWatson2.exe'.
[18d4:0007][2026-05-10T02:03:45] Queueing D:\Program Files (x86)\Microsoft Visual Studio\2022\BuildTools\Common7\IDE\PerfWatson2.exe for X86 ngen
[18d4:0007][2026-05-10T02:03:45] Successfully queued file '/Contents/Common7/IDE/PerfWatson2.exe' for ngen
[18d4:0007][2026-05-10T02:03:45] Processing file /Contents/Common7/IDE/PerfWatson2.exe.config
[18d4:0007][2026-05-10T02:03:45] Started: Copying file /Contents/Common7/IDE/PerfWatson2.exe.config to D:\Program Files (x86)\Microsoft Visual Studio\2022\BuildTools\Common7\IDE\PerfWatson2.exe.config
[18d4:0007][2026-05-10T02:03:45] Completed: Copying file /Contents/Common7/IDE/PerfWatson2.exe.config to D:\Program Files (x86)\Microsoft Visual Studio\2022\BuildTools\Common7\IDE\PerfWatson2.exe.config
[18d4:0007][2026-05-10T02:03:45] Timestamp updated for file 'D:\Program Files (x86)\Microsoft Visual Studio\2022\BuildTools\Common7\IDE\PerfWatson2.exe.config'.
[18d4:0007][2026-05-10T02:03:45] Processing file /Contents/Common7/IDE/PrivateAssemblies/Microsoft.VisualStudio.PerfWatson.Provider.dll
[18d4:0007][2026-05-10T02:03:45] Started: Copying file /Contents/Common7/IDE/PrivateAssemblies/Microsoft.VisualStudio.PerfWatson.Provider.dll to D:\Program Files (x86)\Microsoft Visual Studio\2022\BuildTools\Common7\IDE\PrivateAssemblies\Microsoft.VisualStudio.PerfWatson.Provider.dll
[18d4:0007][2026-05-10T02:03:45] Completed: Copying file /Contents/Common7/IDE/PrivateAssemblies/Microsoft.VisualStudio.PerfWatson.Provider.dll to D:\Program Files (x86)\Microsoft Visual Studio\2022\BuildTools\Common7\IDE\PrivateAssemblies\Microsoft.VisualStudio.PerfWatson.Provider.dll
[18d4:0007][2026-05-10T02:03:45] Timestamp updated for file 'D:\Program Files (x86)\Microsoft Visual Studio\2022\BuildTools\Common7\IDE\PrivateAssemblies\Microsoft.VisualStudio.PerfWatson.Provider.dll'.
[18d4:0007][2026-05-10T02:03:45] Processing file /Contents/Common7/IDE/ResponsivenessTrackingManifest.xml
[18d4:0007][2026-05-10T02:03:45] Started: Copying file /Contents/Common7/IDE/ResponsivenessTrackingManifest.xml to D:\Program Files (x86)\Microsoft Visual Studio\2022\BuildTools\Common7\IDE\ResponsivenessTrackingManifest.xml
[18d4:0007][2026-05-10T02:03:45] Completed: Copying file /Contents/Common7/IDE/ResponsivenessTrackingManifest.xml to D:\Program Files (x86)\Microsoft Visual Studio\2022\BuildTools\Common7\IDE\ResponsivenessTrackingManifest.xml
[18d4:0007][2026-05-10T02:03:45] Timestamp updated for file 'D:\Program Files (x86)\Microsoft Visual Studio\2022\BuildTools\Common7\IDE\ResponsivenessTrackingManifest.xml'.
[18d4:0007][2026-05-10T02:03:45] Processing file /Contents/Common7/IDE/VsLog.dll
[18d4:0007][2026-05-10T02:03:45] Started: Copying file /Contents/Common7/IDE/VsLog.dll to D:\Program Files (x86)\Microsoft Visual Studio\2022\BuildTools\Common7\IDE\VsLog.dll
[18d4:0007][2026-05-10T02:03:45] Completed: Copying file /Contents/Common7/IDE/VsLog.dll to D:\Program Files (x86)\Microsoft Visual Studio\2022\BuildTools\Common7\IDE\VsLog.dll
[18d4:0007][2026-05-10T02:03:45] Timestamp updated for file 'D:\Program Files (x86)\Microsoft Visual Studio\2022\BuildTools\Common7\IDE\VsLog.dll'.
[18d4:0007][2026-05-10T02:03:45] Processing file /Contents/Common7/IDE/VSReliability.dll
[18d4:0007][2026-05-10T02:03:45] Started: Copying file /Contents/Common7/IDE/VSReliability.dll to D:\Program Files (x86)\Microsoft Visual Studio\2022\BuildTools\Common7\IDE\VSReliability.dll
[18d4:0007][2026-05-10T02:03:45] Completed: Copying file /Contents/Common7/IDE/VSReliability.dll to D:\Program Files (x86)\Microsoft Visual Studio\2022\BuildTools\Common7\IDE\VSReliability.dll
[18d4:0007][2026-05-10T02:03:45] Timestamp updated for file 'D:\Program Files (x86)\Microsoft Visual Studio\2022\BuildTools\Common7\IDE\VSReliability.dll'.
[18d4:0007][2026-05-10T02:03:45] Processing file /Contents/Common7/IDE/x64/VSReliability.dll
[18d4:0007][2026-05-10T02:03:45] Started: Copying file /Contents/Common7/IDE/x64/VSReliability.dll to D:\Program Files (x86)\Microsoft Visual Studio\2022\BuildTools\Common7\IDE\x64\VSReliability.dll
[18d4:0007][2026-05-10T02:03:45] Completed: Copying file /Contents/Common7/IDE/x64/VSReliability.dll to D:\Program Files (x86)\Microsoft Visual Studio\2022\BuildTools\Common7\IDE\x64\VSReliability.dll
[18d4:0007][2026-05-10T02:03:45] Timestamp updated for file 'D:\Program Files (x86)\Microsoft Visual Studio\2022\BuildTools\Common7\IDE\x64\VSReliability.dll'.
[18d4:0007][2026-05-10T02:03:45] Package executed successfully. Return code: 0
