[2e2c:0007][2026-05-10T01:24:05] Opening the package for processing
[2e2c:0007][2026-05-10T01:24:05] Using package payload to get the embedded manifest
[2e2c:0007][2026-05-10T01:24:05] Getting list of files within the package
[2e2c:0007][2026-05-10T01:24:05] Processing file /Contents/Common7/IDE/CommonExtensions/Microsoft/Architecture%20Tools/GraphProviderPackage/Microsoft.VisualStudio.Progression.CodeSchema.dll
[2e2c:0007][2026-05-10T01:24:05] Started: Copying file /Contents/Common7/IDE/CommonExtensions/Microsoft/Architecture%20Tools/GraphProviderPackage/Microsoft.VisualStudio.Progression.CodeSchema.dll to D:\Program Files (x86)\Microsoft Visual Studio\2022\BuildTools\Common7\IDE\CommonExtensions\Microsoft\Architecture Tools\GraphProviderPackage\Microsoft.VisualStudio.Progression.CodeSchema.dll
[2e2c:0007][2026-05-10T01:24:05] Completed: Copying file /Contents/Common7/IDE/CommonExtensions/Microsoft/Architecture%20Tools/GraphProviderPackage/Microsoft.VisualStudio.Progression.CodeSchema.dll to D:\Program Files (x86)\Microsoft Visual Studio\2022\BuildTools\Common7\IDE\CommonExtensions\Microsoft\Architecture Tools\GraphProviderPackage\Microsoft.VisualStudio.Progression.CodeSchema.dll
[2e2c:0007][2026-05-10T01:24:05] Timestamp updated for file 'D:\Program Files (x86)\Microsoft Visual Studio\2022\BuildTools\Common7\IDE\CommonExtensions\Microsoft\Architecture Tools\GraphProviderPackage\Microsoft.VisualStudio.Progression.CodeSchema.dll'.
[2e2c:0007][2026-05-10T01:24:05] Queueing D:\Program Files (x86)\Microsoft Visual Studio\2022\BuildTools\Common7\IDE\CommonExtensions\Microsoft\Architecture Tools\GraphProviderPackage\Microsoft.VisualStudio.Progression.CodeSchema.dll for X86 ngen
[2e2c:0007][2026-05-10T01:24:05] Successfully queued file '/Contents/Common7/IDE/CommonExtensions/Microsoft/Architecture Tools/GraphProviderPackage/Microsoft.VisualStudio.Progression.CodeSchema.dll' for ngen
[2e2c:0007][2026-05-10T01:24:05] Processing file /Contents/Common7/IDE/CommonExtensions/Microsoft/Architecture%20Tools/GraphProviderPackage/Microsoft.VisualStudio.Progression.Common.dll
[2e2c:0007][2026-05-10T01:24:05] Started: Copying file /Contents/Common7/IDE/CommonExtensions/Microsoft/Architecture%20Tools/GraphProviderPackage/Microsoft.VisualStudio.Progression.Common.dll to D:\Program Files (x86)\Microsoft Visual Studio\2022\BuildTools\Common7\IDE\CommonExtensions\Microsoft\Architecture Tools\GraphProviderPackage\Microsoft.VisualStudio.Progression.Common.dll
[2e2c:0007][2026-05-10T01:24:05] Completed: Copying file /Contents/Common7/IDE/CommonExtensions/Microsoft/Architecture%20Tools/GraphProviderPackage/Microsoft.VisualStudio.Progression.Common.dll to D:\Program Files (x86)\Microsoft Visual Studio\2022\BuildTools\Common7\IDE\CommonExtensions\Microsoft\Architecture Tools\GraphProviderPackage\Microsoft.VisualStudio.Progression.Common.dll
[2e2c:0007][2026-05-10T01:24:05] Timestamp updated for file 'D:\Program Files (x86)\Microsoft Visual Studio\2022\BuildTools\Common7\IDE\CommonExtensions\Microsoft\Architecture Tools\GraphProviderPackage\Microsoft.VisualStudio.Progression.Common.dll'.
[2e2c:0007][2026-05-10T01:24:05] Queueing D:\Program Files (x86)\Microsoft Visual Studio\2022\BuildTools\Common7\IDE\CommonExtensions\Microsoft\Architecture Tools\GraphProviderPackage\Microsoft.VisualStudio.Progression.Common.dll for X86 ngen
[2e2c:0007][2026-05-10T01:24:05] Successfully queued file '/Contents/Common7/IDE/CommonExtensions/Microsoft/Architecture Tools/GraphProviderPackage/Microsoft.VisualStudio.Progression.Common.dll' for ngen
[2e2c:0007][2026-05-10T01:24:05] Processing file /Contents/Common7/IDE/CommonExtensions/Microsoft/Architecture%20Tools/GraphProviderPackage/Microsoft.VisualStudio.Progression.DataManager.dll
[2e2c:0007][2026-05-10T01:24:05] Started: Copying file /Contents/Common7/IDE/CommonExtensions/Microsoft/Architecture%20Tools/GraphProviderPackage/Microsoft.VisualStudio.Progression.DataManager.dll to D:\Program Files (x86)\Microsoft Visual Studio\2022\BuildTools\Common7\IDE\CommonExtensions\Microsoft\Architecture Tools\GraphProviderPackage\Microsoft.VisualStudio.Progression.DataManager.dll
[2e2c:0007][2026-05-10T01:24:05] Completed: Copying file /Contents/Common7/IDE/CommonExtensions/Microsoft/Architecture%20Tools/GraphProviderPackage/Microsoft.VisualStudio.Progression.DataManager.dll to D:\Program Files (x86)\Microsoft Visual Studio\2022\BuildTools\Common7\IDE\CommonExtensions\Microsoft\Architecture Tools\GraphProviderPackage\Microsoft.VisualStudio.Progression.DataManager.dll
[2e2c:0007][2026-05-10T01:24:05] Timestamp updated for file 'D:\Program Files (x86)\Microsoft Visual Studio\2022\BuildTools\Common7\IDE\CommonExtensions\Microsoft\Architecture Tools\GraphProviderPackage\Microsoft.VisualStudio.Progression.DataManager.dll'.
[2e2c:0007][2026-05-10T01:24:05] Queueing D:\Program Files (x86)\Microsoft Visual Studio\2022\BuildTools\Common7\IDE\CommonExtensions\Microsoft\Architecture Tools\GraphProviderPackage\Microsoft.VisualStudio.Progression.DataManager.dll for X86 ngen
[2e2c:0007][2026-05-10T01:24:05] Successfully queued file '/Contents/Common7/IDE/CommonExtensions/Microsoft/Architecture Tools/GraphProviderPackage/Microsoft.VisualStudio.Progression.DataManager.dll' for ngen
[2e2c:0007][2026-05-10T01:24:05] Processing file /Contents/Common7/IDE/CommonExtensions/Microsoft/Architecture%20Tools/Providers/ManagedProvider/Microsoft.VisualStudio.Progression.ManagedProvider.dll
[2e2c:0007][2026-05-10T01:24:05] Started: Copying file /Contents/Common7/IDE/CommonExtensions/Microsoft/Architecture%20Tools/Providers/ManagedProvider/Microsoft.VisualStudio.Progression.ManagedProvider.dll to D:\Program Files (x86)\Microsoft Visual Studio\2022\BuildTools\Common7\IDE\CommonExtensions\Microsoft\Architecture Tools\Providers\ManagedProvider\Microsoft.VisualStudio.Progression.ManagedProvider.dll
[2e2c:0007][2026-05-10T01:24:05] Completed: Copying file /Contents/Common7/IDE/CommonExtensions/Microsoft/Architecture%20Tools/Providers/ManagedProvider/Microsoft.VisualStudio.Progression.ManagedProvider.dll to D:\Program Files (x86)\Microsoft Visual Studio\2022\BuildTools\Common7\IDE\CommonExtensions\Microsoft\Architecture Tools\Providers\ManagedProvider\Microsoft.VisualStudio.Progression.ManagedProvider.dll
[2e2c:0007][2026-05-10T01:24:05] Timestamp updated for file 'D:\Program Files (x86)\Microsoft Visual Studio\2022\BuildTools\Common7\IDE\CommonExtensions\Microsoft\Architecture Tools\Providers\ManagedProvider\Microsoft.VisualStudio.Progression.ManagedProvider.dll'.
[2e2c:0007][2026-05-10T01:24:05] Queueing D:\Program Files (x86)\Microsoft Visual Studio\2022\BuildTools\Common7\IDE\CommonExtensions\Microsoft\Architecture Tools\Providers\ManagedProvider\Microsoft.VisualStudio.Progression.ManagedProvider.dll for X86 ngen
[2e2c:0007][2026-05-10T01:24:05] Successfully queued file '/Contents/Common7/IDE/CommonExtensions/Microsoft/Architecture Tools/Providers/ManagedProvider/Microsoft.VisualStudio.Progression.ManagedProvider.dll' for ngen
[2e2c:0007][2026-05-10T01:24:05] Processing file /Contents/Common7/IDE/CommonExtensions/Microsoft/Architecture%20Tools/Providers/Solution/Microsoft.VisualStudio.Progression.VSProvider.dll
[2e2c:0007][2026-05-10T01:24:05] Started: Copying file /Contents/Common7/IDE/CommonExtensions/Microsoft/Architecture%20Tools/Providers/Solution/Microsoft.VisualStudio.Progression.VSProvider.dll to D:\Program Files (x86)\Microsoft Visual Studio\2022\BuildTools\Common7\IDE\CommonExtensions\Microsoft\Architecture Tools\Providers\Solution\Microsoft.VisualStudio.Progression.VSProvider.dll
[2e2c:0007][2026-05-10T01:24:05] Completed: Copying file /Contents/Common7/IDE/CommonExtensions/Microsoft/Architecture%20Tools/Providers/Solution/Microsoft.VisualStudio.Progression.VSProvider.dll to D:\Program Files (x86)\Microsoft Visual Studio\2022\BuildTools\Common7\IDE\CommonExtensions\Microsoft\Architecture Tools\Providers\Solution\Microsoft.VisualStudio.Progression.VSProvider.dll
[2e2c:0007][2026-05-10T01:24:05] Timestamp updated for file 'D:\Program Files (x86)\Microsoft Visual Studio\2022\BuildTools\Common7\IDE\CommonExtensions\Microsoft\Architecture Tools\Providers\Solution\Microsoft.VisualStudio.Progression.VSProvider.dll'.
[2e2c:0007][2026-05-10T01:24:05] Queueing D:\Program Files (x86)\Microsoft Visual Studio\2022\BuildTools\Common7\IDE\CommonExtensions\Microsoft\Architecture Tools\Providers\Solution\Microsoft.VisualStudio.Progression.VSProvider.dll for X86 ngen
[2e2c:0007][2026-05-10T01:24:05] Successfully queued file '/Contents/Common7/IDE/CommonExtensions/Microsoft/Architecture Tools/Providers/Solution/Microsoft.VisualStudio.Progression.VSProvider.dll' for ngen
[2e2c:0007][2026-05-10T01:24:05] Processing file /Contents/Common7/IDE/PrivateAssemblies/Microsoft.VisualStudio.ArchitectureTools.PEReader.dll
[2e2c:0007][2026-05-10T01:24:05] Started: Copying file /Contents/Common7/IDE/PrivateAssemblies/Microsoft.VisualStudio.ArchitectureTools.PEReader.dll to D:\Program Files (x86)\Microsoft Visual Studio\2022\BuildTools\Common7\IDE\PrivateAssemblies\Microsoft.VisualStudio.ArchitectureTools.PEReader.dll
[2e2c:0007][2026-05-10T01:24:05] Completed: Copying file /Contents/Common7/IDE/PrivateAssemblies/Microsoft.VisualStudio.ArchitectureTools.PEReader.dll to D:\Program Files (x86)\Microsoft Visual Studio\2022\BuildTools\Common7\IDE\PrivateAssemblies\Microsoft.VisualStudio.ArchitectureTools.PEReader.dll
[2e2c:0007][2026-05-10T01:24:05] Timestamp updated for file 'D:\Program Files (x86)\Microsoft Visual Studio\2022\BuildTools\Common7\IDE\PrivateAssemblies\Microsoft.VisualStudio.ArchitectureTools.PEReader.dll'.
[2e2c:0007][2026-05-10T01:24:05] Queueing D:\Program Files (x86)\Microsoft Visual Studio\2022\BuildTools\Common7\IDE\PrivateAssemblies\Microsoft.VisualStudio.ArchitectureTools.PEReader.dll for X86 ngen
[2e2c:0007][2026-05-10T01:24:05] Successfully queued file '/Contents/Common7/IDE/PrivateAssemblies/Microsoft.VisualStudio.ArchitectureTools.PEReader.dll' for ngen
[2e2c:0007][2026-05-10T01:24:05] Processing file /Contents/Common7/IDE/PrivateAssemblies/Microsoft.VisualStudio.ArchitectureTools.Telemetry.dll
[2e2c:0007][2026-05-10T01:24:05] Started: Copying file /Contents/Common7/IDE/PrivateAssemblies/Microsoft.VisualStudio.ArchitectureTools.Telemetry.dll to D:\Program Files (x86)\Microsoft Visual Studio\2022\BuildTools\Common7\IDE\PrivateAssemblies\Microsoft.VisualStudio.ArchitectureTools.Telemetry.dll
[2e2c:0007][2026-05-10T01:24:05] Completed: Copying file /Contents/Common7/IDE/PrivateAssemblies/Microsoft.VisualStudio.ArchitectureTools.Telemetry.dll to D:\Program Files (x86)\Microsoft Visual Studio\2022\BuildTools\Common7\IDE\PrivateAssemblies\Microsoft.VisualStudio.ArchitectureTools.Telemetry.dll
[2e2c:0007][2026-05-10T01:24:05] Timestamp updated for file 'D:\Program Files (x86)\Microsoft Visual Studio\2022\BuildTools\Common7\IDE\PrivateAssemblies\Microsoft.VisualStudio.ArchitectureTools.Telemetry.dll'.
[2e2c:0007][2026-05-10T01:24:05] Queueing D:\Program Files (x86)\Microsoft Visual Studio\2022\BuildTools\Common7\IDE\PrivateAssemblies\Microsoft.VisualStudio.ArchitectureTools.Telemetry.dll for X86 ngen
[2e2c:0007][2026-05-10T01:24:05] Successfully queued file '/Contents/Common7/IDE/PrivateAssemblies/Microsoft.VisualStudio.ArchitectureTools.Telemetry.dll' for ngen
[2e2c:0007][2026-05-10T01:24:05] Processing file /Contents/Common7/IDE/CommonExtensions/Microsoft/Architecture%20Tools/Providers/ManagedProvider/extension.vsixmanifest
[2e2c:0007][2026-05-10T01:24:05] Started: Copying file /Contents/Common7/IDE/CommonExtensions/Microsoft/Architecture%20Tools/Providers/ManagedProvider/extension.vsixmanifest to D:\Program Files (x86)\Microsoft Visual Studio\2022\BuildTools\Common7\IDE\CommonExtensions\Microsoft\Architecture Tools\Providers\ManagedProvider\extension.vsixmanifest
[2e2c:0007][2026-05-10T01:24:05] Completed: Copying file /Contents/Common7/IDE/CommonExtensions/Microsoft/Architecture%20Tools/Providers/ManagedProvider/extension.vsixmanifest to D:\Program Files (x86)\Microsoft Visual Studio\2022\BuildTools\Common7\IDE\CommonExtensions\Microsoft\Architecture Tools\Providers\ManagedProvider\extension.vsixmanifest
[2e2c:0007][2026-05-10T01:24:05] Timestamp updated for file 'D:\Program Files (x86)\Microsoft Visual Studio\2022\BuildTools\Common7\IDE\CommonExtensions\Microsoft\Architecture Tools\Providers\ManagedProvider\extension.vsixmanifest'.
[2e2c:0007][2026-05-10T01:24:05] Processing file /Contents/Common7/IDE/CommonExtensions/Microsoft/Architecture%20Tools/Providers/Solution/extension.vsixmanifest
[2e2c:0007][2026-05-10T01:24:05] Started: Copying file /Contents/Common7/IDE/CommonExtensions/Microsoft/Architecture%20Tools/Providers/Solution/extension.vsixmanifest to D:\Program Files (x86)\Microsoft Visual Studio\2022\BuildTools\Common7\IDE\CommonExtensions\Microsoft\Architecture Tools\Providers\Solution\extension.vsixmanifest
[2e2c:0007][2026-05-10T01:24:05] Completed: Copying file /Contents/Common7/IDE/CommonExtensions/Microsoft/Architecture%20Tools/Providers/Solution/extension.vsixmanifest to D:\Program Files (x86)\Microsoft Visual Studio\2022\BuildTools\Common7\IDE\CommonExtensions\Microsoft\Architecture Tools\Providers\Solution\extension.vsixmanifest
[2e2c:0007][2026-05-10T01:24:05] Timestamp updated for file 'D:\Program Files (x86)\Microsoft Visual Studio\2022\BuildTools\Common7\IDE\CommonExtensions\Microsoft\Architecture Tools\Providers\Solution\extension.vsixmanifest'.
[2e2c:0007][2026-05-10T01:24:05] Package executed successfully. Return code: 0
