[da4c:0007][2026-05-10T00:49:47] Opening the package for processing
[da4c:0007][2026-05-10T00:49:47] Using package payload to get the embedded manifest
[da4c:0007][2026-05-10T00:49:47] Getting list of files within the package
[da4c:0007][2026-05-10T00:49:47] Processing file /Contents/Common7/IDE/PrivateAssemblies/amd64/msdia140.dll
[da4c:0007][2026-05-10T00:49:47] Started: Copying file /Contents/Common7/IDE/PrivateAssemblies/amd64/msdia140.dll to D:\Program\Common7\IDE\PrivateAssemblies\amd64\msdia140.dll
[da4c:0007][2026-05-10T00:49:47] Completed: Copying file /Contents/Common7/IDE/PrivateAssemblies/amd64/msdia140.dll to D:\Program\Common7\IDE\PrivateAssemblies\amd64\msdia140.dll
[da4c:0007][2026-05-10T00:49:47] Timestamp updated for file 'D:\Program\Common7\IDE\PrivateAssemblies\amd64\msdia140.dll'.
[da4c:0007][2026-05-10T00:49:47] Processing file /Contents/Common7/IDE/PrivateAssemblies/Dia2Lib.dll
[da4c:0007][2026-05-10T00:49:47] Started: Copying file /Contents/Common7/IDE/PrivateAssemblies/Dia2Lib.dll to D:\Program\Common7\IDE\PrivateAssemblies\Dia2Lib.dll
[da4c:0007][2026-05-10T00:49:47] Completed: Copying file /Contents/Common7/IDE/PrivateAssemblies/Dia2Lib.dll to D:\Program\Common7\IDE\PrivateAssemblies\Dia2Lib.dll
[da4c:0007][2026-05-10T00:49:47] Timestamp updated for file 'D:\Program\Common7\IDE\PrivateAssemblies\Dia2Lib.dll'.
[da4c:0007][2026-05-10T00:49:47] Processing file /Contents/Common7/IDE/PrivateAssemblies/Microsoft.Diagnostics.EtwHeapDump.dll
[da4c:0007][2026-05-10T00:49:47] Started: Copying file /Contents/Common7/IDE/PrivateAssemblies/Microsoft.Diagnostics.EtwHeapDump.dll to D:\Program\Common7\IDE\PrivateAssemblies\Microsoft.Diagnostics.EtwHeapDump.dll
[da4c:0007][2026-05-10T00:49:47] Completed: Copying file /Contents/Common7/IDE/PrivateAssemblies/Microsoft.Diagnostics.EtwHeapDump.dll to D:\Program\Common7\IDE\PrivateAssemblies\Microsoft.Diagnostics.EtwHeapDump.dll
[da4c:0007][2026-05-10T00:49:47] Timestamp updated for file 'D:\Program\Common7\IDE\PrivateAssemblies\Microsoft.Diagnostics.EtwHeapDump.dll'.
[da4c:0007][2026-05-10T00:49:47] Processing file /Contents/Common7/IDE/PrivateAssemblies/Microsoft.Diagnostics.FastSerialization.dll
[da4c:0007][2026-05-10T00:49:47] Started: Copying file /Contents/Common7/IDE/PrivateAssemblies/Microsoft.Diagnostics.FastSerialization.dll to D:\Program\Common7\IDE\PrivateAssemblies\Microsoft.Diagnostics.FastSerialization.dll
[da4c:0007][2026-05-10T00:49:47] Completed: Copying file /Contents/Common7/IDE/PrivateAssemblies/Microsoft.Diagnostics.FastSerialization.dll to D:\Program\Common7\IDE\PrivateAssemblies\Microsoft.Diagnostics.FastSerialization.dll
[da4c:0007][2026-05-10T00:49:47] Timestamp updated for file 'D:\Program\Common7\IDE\PrivateAssemblies\Microsoft.Diagnostics.FastSerialization.dll'.
[da4c:0007][2026-05-10T00:49:47] Processing file /Contents/Common7/IDE/PrivateAssemblies/Microsoft.Diagnostics.HeapDump.dll
[da4c:0007][2026-05-10T00:49:47] Started: Copying file /Contents/Common7/IDE/PrivateAssemblies/Microsoft.Diagnostics.HeapDump.dll to D:\Program\Common7\IDE\PrivateAssemblies\Microsoft.Diagnostics.HeapDump.dll
[da4c:0007][2026-05-10T00:49:47] Completed: Copying file /Contents/Common7/IDE/PrivateAssemblies/Microsoft.Diagnostics.HeapDump.dll to D:\Program\Common7\IDE\PrivateAssemblies\Microsoft.Diagnostics.HeapDump.dll
[da4c:0007][2026-05-10T00:49:47] Timestamp updated for file 'D:\Program\Common7\IDE\PrivateAssemblies\Microsoft.Diagnostics.HeapDump.dll'.
[da4c:0007][2026-05-10T00:49:47] Processing file /Contents/Common7/IDE/PrivateAssemblies/Microsoft.Diagnostics.MemoryGraph.dll
[da4c:0007][2026-05-10T00:49:47] Started: Copying file /Contents/Common7/IDE/PrivateAssemblies/Microsoft.Diagnostics.MemoryGraph.dll to D:\Program\Common7\IDE\PrivateAssemblies\Microsoft.Diagnostics.MemoryGraph.dll
[da4c:0007][2026-05-10T00:49:47] Completed: Copying file /Contents/Common7/IDE/PrivateAssemblies/Microsoft.Diagnostics.MemoryGraph.dll to D:\Program\Common7\IDE\PrivateAssemblies\Microsoft.Diagnostics.MemoryGraph.dll
[da4c:0007][2026-05-10T00:49:47] Timestamp updated for file 'D:\Program\Common7\IDE\PrivateAssemblies\Microsoft.Diagnostics.MemoryGraph.dll'.
[da4c:0007][2026-05-10T00:49:47] Processing file /Contents/Common7/IDE/PrivateAssemblies/Microsoft.Diagnostics.Tracing.TraceEvent.dll
[da4c:0007][2026-05-10T00:49:47] Started: Copying file /Contents/Common7/IDE/PrivateAssemblies/Microsoft.Diagnostics.Tracing.TraceEvent.dll to D:\Program\Common7\IDE\PrivateAssemblies\Microsoft.Diagnostics.Tracing.TraceEvent.dll
[da4c:0007][2026-05-10T00:49:47] Completed: Copying file /Contents/Common7/IDE/PrivateAssemblies/Microsoft.Diagnostics.Tracing.TraceEvent.dll to D:\Program\Common7\IDE\PrivateAssemblies\Microsoft.Diagnostics.Tracing.TraceEvent.dll
[da4c:0007][2026-05-10T00:49:47] Timestamp updated for file 'D:\Program\Common7\IDE\PrivateAssemblies\Microsoft.Diagnostics.Tracing.TraceEvent.dll'.
[da4c:0007][2026-05-10T00:49:47] Processing file /Contents/Common7/IDE/PrivateAssemblies/Microsoft.Diagnostics.Utilities.dll
[da4c:0007][2026-05-10T00:49:47] Started: Copying file /Contents/Common7/IDE/PrivateAssemblies/Microsoft.Diagnostics.Utilities.dll to D:\Program\Common7\IDE\PrivateAssemblies\Microsoft.Diagnostics.Utilities.dll
[da4c:0007][2026-05-10T00:49:47] Completed: Copying file /Contents/Common7/IDE/PrivateAssemblies/Microsoft.Diagnostics.Utilities.dll to D:\Program\Common7\IDE\PrivateAssemblies\Microsoft.Diagnostics.Utilities.dll
[da4c:0007][2026-05-10T00:49:47] Timestamp updated for file 'D:\Program\Common7\IDE\PrivateAssemblies\Microsoft.Diagnostics.Utilities.dll'.
[da4c:0007][2026-05-10T00:49:47] Processing file /Contents/Common7/IDE/PrivateAssemblies/TraceReloggerLib.dll
[da4c:0007][2026-05-10T00:49:47] Started: Copying file /Contents/Common7/IDE/PrivateAssemblies/TraceReloggerLib.dll to D:\Program\Common7\IDE\PrivateAssemblies\TraceReloggerLib.dll
[da4c:0007][2026-05-10T00:49:47] Completed: Copying file /Contents/Common7/IDE/PrivateAssemblies/TraceReloggerLib.dll to D:\Program\Common7\IDE\PrivateAssemblies\TraceReloggerLib.dll
[da4c:0007][2026-05-10T00:49:47] Timestamp updated for file 'D:\Program\Common7\IDE\PrivateAssemblies\TraceReloggerLib.dll'.
[da4c:0007][2026-05-10T00:49:47] Processing file /Contents/Common7/IDE/PrivateAssemblies/x86/msdia140.dll
[da4c:0007][2026-05-10T00:49:47] Started: Copying file /Contents/Common7/IDE/PrivateAssemblies/x86/msdia140.dll to D:\Program\Common7\IDE\PrivateAssemblies\x86\msdia140.dll
[da4c:0007][2026-05-10T00:49:47] Completed: Copying file /Contents/Common7/IDE/PrivateAssemblies/x86/msdia140.dll to D:\Program\Common7\IDE\PrivateAssemblies\x86\msdia140.dll
[da4c:0007][2026-05-10T00:49:47] Timestamp updated for file 'D:\Program\Common7\IDE\PrivateAssemblies\x86\msdia140.dll'.
[da4c:0007][2026-05-10T00:49:47] Package executed successfully. Return code: 0
