[18d4:0007][2026-05-10T02:03:33] Opening the package for processing
[18d4:0007][2026-05-10T02:03:33] Using package payload to get the embedded manifest
[18d4:0007][2026-05-10T02:03:33] Getting list of files within the package
[18d4:0007][2026-05-10T02:03:33] Processing file /catalog.json
[18d4:0007][2026-05-10T02:03:33] Started: Copying file /catalog.json to D:\Program Files (x86)\Microsoft Visual Studio\2022\BuildTools\Common7\IDE\CommonExtensions\Microsoft\LanguageServer\catalog.json
[18d4:0007][2026-05-10T02:03:33] Completed: Copying file /catalog.json to D:\Program Files (x86)\Microsoft Visual Studio\2022\BuildTools\Common7\IDE\CommonExtensions\Microsoft\LanguageServer\catalog.json
[18d4:0007][2026-05-10T02:03:33] Timestamp updated for file 'D:\Program Files (x86)\Microsoft Visual Studio\2022\BuildTools\Common7\IDE\CommonExtensions\Microsoft\LanguageServer\catalog.json'.
[18d4:0007][2026-05-10T02:03:33] Processing file /cs/Microsoft.VisualStudio.LanguageServer.Client.Implementation.resources.dll
[18d4:0007][2026-05-10T02:03:33] Started: Copying file /cs/Microsoft.VisualStudio.LanguageServer.Client.Implementation.resources.dll to D:\Program Files (x86)\Microsoft Visual Studio\2022\BuildTools\Common7\IDE\CommonExtensions\Microsoft\LanguageServer\cs\Microsoft.VisualStudio.LanguageServer.Client.Implementation.resources.dll
[18d4:0007][2026-05-10T02:03:33] Completed: Copying file /cs/Microsoft.VisualStudio.LanguageServer.Client.Implementation.resources.dll to D:\Program Files (x86)\Microsoft Visual Studio\2022\BuildTools\Common7\IDE\CommonExtensions\Microsoft\LanguageServer\cs\Microsoft.VisualStudio.LanguageServer.Client.Implementation.resources.dll
[18d4:0007][2026-05-10T02:03:33] Timestamp updated for file 'D:\Program Files (x86)\Microsoft Visual Studio\2022\BuildTools\Common7\IDE\CommonExtensions\Microsoft\LanguageServer\cs\Microsoft.VisualStudio.LanguageServer.Client.Implementation.resources.dll'.
[18d4:0007][2026-05-10T02:03:33] Processing file /cs/Microsoft.VisualStudio.LanguageServer.Protocol.resources.dll
[18d4:0007][2026-05-10T02:03:33] Started: Copying file /cs/Microsoft.VisualStudio.LanguageServer.Protocol.resources.dll to D:\Program Files (x86)\Microsoft Visual Studio\2022\BuildTools\Common7\IDE\CommonExtensions\Microsoft\LanguageServer\cs\Microsoft.VisualStudio.LanguageServer.Protocol.resources.dll
[18d4:0007][2026-05-10T02:03:33] Completed: Copying file /cs/Microsoft.VisualStudio.LanguageServer.Protocol.resources.dll to D:\Program Files (x86)\Microsoft Visual Studio\2022\BuildTools\Common7\IDE\CommonExtensions\Microsoft\LanguageServer\cs\Microsoft.VisualStudio.LanguageServer.Protocol.resources.dll
[18d4:0007][2026-05-10T02:03:33] Timestamp updated for file 'D:\Program Files (x86)\Microsoft Visual Studio\2022\BuildTools\Common7\IDE\CommonExtensions\Microsoft\LanguageServer\cs\Microsoft.VisualStudio.LanguageServer.Protocol.resources.dll'.
[18d4:0007][2026-05-10T02:03:33] Processing file /de/Microsoft.VisualStudio.LanguageServer.Client.Implementation.resources.dll
[18d4:0007][2026-05-10T02:03:33] Started: Copying file /de/Microsoft.VisualStudio.LanguageServer.Client.Implementation.resources.dll to D:\Program Files (x86)\Microsoft Visual Studio\2022\BuildTools\Common7\IDE\CommonExtensions\Microsoft\LanguageServer\de\Microsoft.VisualStudio.LanguageServer.Client.Implementation.resources.dll
[18d4:0007][2026-05-10T02:03:33] Completed: Copying file /de/Microsoft.VisualStudio.LanguageServer.Client.Implementation.resources.dll to D:\Program Files (x86)\Microsoft Visual Studio\2022\BuildTools\Common7\IDE\CommonExtensions\Microsoft\LanguageServer\de\Microsoft.VisualStudio.LanguageServer.Client.Implementation.resources.dll
[18d4:0007][2026-05-10T02:03:33] Timestamp updated for file 'D:\Program Files (x86)\Microsoft Visual Studio\2022\BuildTools\Common7\IDE\CommonExtensions\Microsoft\LanguageServer\de\Microsoft.VisualStudio.LanguageServer.Client.Implementation.resources.dll'.
[18d4:0007][2026-05-10T02:03:33] Processing file /de/Microsoft.VisualStudio.LanguageServer.Protocol.resources.dll
[18d4:0007][2026-05-10T02:03:33] Started: Copying file /de/Microsoft.VisualStudio.LanguageServer.Protocol.resources.dll to D:\Program Files (x86)\Microsoft Visual Studio\2022\BuildTools\Common7\IDE\CommonExtensions\Microsoft\LanguageServer\de\Microsoft.VisualStudio.LanguageServer.Protocol.resources.dll
[18d4:0007][2026-05-10T02:03:33] Completed: Copying file /de/Microsoft.VisualStudio.LanguageServer.Protocol.resources.dll to D:\Program Files (x86)\Microsoft Visual Studio\2022\BuildTools\Common7\IDE\CommonExtensions\Microsoft\LanguageServer\de\Microsoft.VisualStudio.LanguageServer.Protocol.resources.dll
[18d4:0007][2026-05-10T02:03:33] Timestamp updated for file 'D:\Program Files (x86)\Microsoft Visual Studio\2022\BuildTools\Common7\IDE\CommonExtensions\Microsoft\LanguageServer\de\Microsoft.VisualStudio.LanguageServer.Protocol.resources.dll'.
[18d4:0007][2026-05-10T02:03:33] Processing file /es/Microsoft.VisualStudio.LanguageServer.Client.Implementation.resources.dll
[18d4:0007][2026-05-10T02:03:33] Started: Copying file /es/Microsoft.VisualStudio.LanguageServer.Client.Implementation.resources.dll to D:\Program Files (x86)\Microsoft Visual Studio\2022\BuildTools\Common7\IDE\CommonExtensions\Microsoft\LanguageServer\es\Microsoft.VisualStudio.LanguageServer.Client.Implementation.resources.dll
[18d4:0007][2026-05-10T02:03:33] Completed: Copying file /es/Microsoft.VisualStudio.LanguageServer.Client.Implementation.resources.dll to D:\Program Files (x86)\Microsoft Visual Studio\2022\BuildTools\Common7\IDE\CommonExtensions\Microsoft\LanguageServer\es\Microsoft.VisualStudio.LanguageServer.Client.Implementation.resources.dll
[18d4:0007][2026-05-10T02:03:33] Timestamp updated for file 'D:\Program Files (x86)\Microsoft Visual Studio\2022\BuildTools\Common7\IDE\CommonExtensions\Microsoft\LanguageServer\es\Microsoft.VisualStudio.LanguageServer.Client.Implementation.resources.dll'.
[18d4:0007][2026-05-10T02:03:33] Processing file /es/Microsoft.VisualStudio.LanguageServer.Protocol.resources.dll
[18d4:0007][2026-05-10T02:03:33] Started: Copying file /es/Microsoft.VisualStudio.LanguageServer.Protocol.resources.dll to D:\Program Files (x86)\Microsoft Visual Studio\2022\BuildTools\Common7\IDE\CommonExtensions\Microsoft\LanguageServer\es\Microsoft.VisualStudio.LanguageServer.Protocol.resources.dll
[18d4:0007][2026-05-10T02:03:33] Completed: Copying file /es/Microsoft.VisualStudio.LanguageServer.Protocol.resources.dll to D:\Program Files (x86)\Microsoft Visual Studio\2022\BuildTools\Common7\IDE\CommonExtensions\Microsoft\LanguageServer\es\Microsoft.VisualStudio.LanguageServer.Protocol.resources.dll
[18d4:0007][2026-05-10T02:03:33] Timestamp updated for file 'D:\Program Files (x86)\Microsoft Visual Studio\2022\BuildTools\Common7\IDE\CommonExtensions\Microsoft\LanguageServer\es\Microsoft.VisualStudio.LanguageServer.Protocol.resources.dll'.
[18d4:0007][2026-05-10T02:03:33] Processing file /fr/Microsoft.VisualStudio.LanguageServer.Client.Implementation.resources.dll
[18d4:0007][2026-05-10T02:03:33] Started: Copying file /fr/Microsoft.VisualStudio.LanguageServer.Client.Implementation.resources.dll to D:\Program Files (x86)\Microsoft Visual Studio\2022\BuildTools\Common7\IDE\CommonExtensions\Microsoft\LanguageServer\fr\Microsoft.VisualStudio.LanguageServer.Client.Implementation.resources.dll
[18d4:0007][2026-05-10T02:03:33] Completed: Copying file /fr/Microsoft.VisualStudio.LanguageServer.Client.Implementation.resources.dll to D:\Program Files (x86)\Microsoft Visual Studio\2022\BuildTools\Common7\IDE\CommonExtensions\Microsoft\LanguageServer\fr\Microsoft.VisualStudio.LanguageServer.Client.Implementation.resources.dll
[18d4:0007][2026-05-10T02:03:33] Timestamp updated for file 'D:\Program Files (x86)\Microsoft Visual Studio\2022\BuildTools\Common7\IDE\CommonExtensions\Microsoft\LanguageServer\fr\Microsoft.VisualStudio.LanguageServer.Client.Implementation.resources.dll'.
[18d4:0007][2026-05-10T02:03:33] Processing file /fr/Microsoft.VisualStudio.LanguageServer.Protocol.resources.dll
[18d4:0007][2026-05-10T02:03:33] Started: Copying file /fr/Microsoft.VisualStudio.LanguageServer.Protocol.resources.dll to D:\Program Files (x86)\Microsoft Visual Studio\2022\BuildTools\Common7\IDE\CommonExtensions\Microsoft\LanguageServer\fr\Microsoft.VisualStudio.LanguageServer.Protocol.resources.dll
[18d4:0007][2026-05-10T02:03:33] Completed: Copying file /fr/Microsoft.VisualStudio.LanguageServer.Protocol.resources.dll to D:\Program Files (x86)\Microsoft Visual Studio\2022\BuildTools\Common7\IDE\CommonExtensions\Microsoft\LanguageServer\fr\Microsoft.VisualStudio.LanguageServer.Protocol.resources.dll
[18d4:0007][2026-05-10T02:03:33] Timestamp updated for file 'D:\Program Files (x86)\Microsoft Visual Studio\2022\BuildTools\Common7\IDE\CommonExtensions\Microsoft\LanguageServer\fr\Microsoft.VisualStudio.LanguageServer.Protocol.resources.dll'.
[18d4:0007][2026-05-10T02:03:33] Processing file /it/Microsoft.VisualStudio.LanguageServer.Client.Implementation.resources.dll
[18d4:0007][2026-05-10T02:03:33] Started: Copying file /it/Microsoft.VisualStudio.LanguageServer.Client.Implementation.resources.dll to D:\Program Files (x86)\Microsoft Visual Studio\2022\BuildTools\Common7\IDE\CommonExtensions\Microsoft\LanguageServer\it\Microsoft.VisualStudio.LanguageServer.Client.Implementation.resources.dll
[18d4:0007][2026-05-10T02:03:33] Completed: Copying file /it/Microsoft.VisualStudio.LanguageServer.Client.Implementation.resources.dll to D:\Program Files (x86)\Microsoft Visual Studio\2022\BuildTools\Common7\IDE\CommonExtensions\Microsoft\LanguageServer\it\Microsoft.VisualStudio.LanguageServer.Client.Implementation.resources.dll
[18d4:0007][2026-05-10T02:03:33] Timestamp updated for file 'D:\Program Files (x86)\Microsoft Visual Studio\2022\BuildTools\Common7\IDE\CommonExtensions\Microsoft\LanguageServer\it\Microsoft.VisualStudio.LanguageServer.Client.Implementation.resources.dll'.
[18d4:0007][2026-05-10T02:03:33] Processing file /it/Microsoft.VisualStudio.LanguageServer.Protocol.resources.dll
[18d4:0007][2026-05-10T02:03:33] Started: Copying file /it/Microsoft.VisualStudio.LanguageServer.Protocol.resources.dll to D:\Program Files (x86)\Microsoft Visual Studio\2022\BuildTools\Common7\IDE\CommonExtensions\Microsoft\LanguageServer\it\Microsoft.VisualStudio.LanguageServer.Protocol.resources.dll
[18d4:0007][2026-05-10T02:03:33] Completed: Copying file /it/Microsoft.VisualStudio.LanguageServer.Protocol.resources.dll to D:\Program Files (x86)\Microsoft Visual Studio\2022\BuildTools\Common7\IDE\CommonExtensions\Microsoft\LanguageServer\it\Microsoft.VisualStudio.LanguageServer.Protocol.resources.dll
[18d4:0007][2026-05-10T02:03:33] Timestamp updated for file 'D:\Program Files (x86)\Microsoft Visual Studio\2022\BuildTools\Common7\IDE\CommonExtensions\Microsoft\LanguageServer\it\Microsoft.VisualStudio.LanguageServer.Protocol.resources.dll'.
[18d4:0007][2026-05-10T02:03:33] Processing file /ja/Microsoft.VisualStudio.LanguageServer.Client.Implementation.resources.dll
[18d4:0007][2026-05-10T02:03:33] Started: Copying file /ja/Microsoft.VisualStudio.LanguageServer.Client.Implementation.resources.dll to D:\Program Files (x86)\Microsoft Visual Studio\2022\BuildTools\Common7\IDE\CommonExtensions\Microsoft\LanguageServer\ja\Microsoft.VisualStudio.LanguageServer.Client.Implementation.resources.dll
[18d4:0007][2026-05-10T02:03:33] Completed: Copying file /ja/Microsoft.VisualStudio.LanguageServer.Client.Implementation.resources.dll to D:\Program Files (x86)\Microsoft Visual Studio\2022\BuildTools\Common7\IDE\CommonExtensions\Microsoft\LanguageServer\ja\Microsoft.VisualStudio.LanguageServer.Client.Implementation.resources.dll
[18d4:0007][2026-05-10T02:03:33] Timestamp updated for file 'D:\Program Files (x86)\Microsoft Visual Studio\2022\BuildTools\Common7\IDE\CommonExtensions\Microsoft\LanguageServer\ja\Microsoft.VisualStudio.LanguageServer.Client.Implementation.resources.dll'.
[18d4:0007][2026-05-10T02:03:33] Processing file /ja/Microsoft.VisualStudio.LanguageServer.Protocol.resources.dll
[18d4:0007][2026-05-10T02:03:33] Started: Copying file /ja/Microsoft.VisualStudio.LanguageServer.Protocol.resources.dll to D:\Program Files (x86)\Microsoft Visual Studio\2022\BuildTools\Common7\IDE\CommonExtensions\Microsoft\LanguageServer\ja\Microsoft.VisualStudio.LanguageServer.Protocol.resources.dll
[18d4:0007][2026-05-10T02:03:33] Completed: Copying file /ja/Microsoft.VisualStudio.LanguageServer.Protocol.resources.dll to D:\Program Files (x86)\Microsoft Visual Studio\2022\BuildTools\Common7\IDE\CommonExtensions\Microsoft\LanguageServer\ja\Microsoft.VisualStudio.LanguageServer.Protocol.resources.dll
[18d4:0007][2026-05-10T02:03:33] Timestamp updated for file 'D:\Program Files (x86)\Microsoft Visual Studio\2022\BuildTools\Common7\IDE\CommonExtensions\Microsoft\LanguageServer\ja\Microsoft.VisualStudio.LanguageServer.Protocol.resources.dll'.
[18d4:0007][2026-05-10T02:03:33] Processing file /ko/Microsoft.VisualStudio.LanguageServer.Client.Implementation.resources.dll
[18d4:0007][2026-05-10T02:03:33] Started: Copying file /ko/Microsoft.VisualStudio.LanguageServer.Client.Implementation.resources.dll to D:\Program Files (x86)\Microsoft Visual Studio\2022\BuildTools\Common7\IDE\CommonExtensions\Microsoft\LanguageServer\ko\Microsoft.VisualStudio.LanguageServer.Client.Implementation.resources.dll
[18d4:0007][2026-05-10T02:03:33] Completed: Copying file /ko/Microsoft.VisualStudio.LanguageServer.Client.Implementation.resources.dll to D:\Program Files (x86)\Microsoft Visual Studio\2022\BuildTools\Common7\IDE\CommonExtensions\Microsoft\LanguageServer\ko\Microsoft.VisualStudio.LanguageServer.Client.Implementation.resources.dll
[18d4:0007][2026-05-10T02:03:33] Timestamp updated for file 'D:\Program Files (x86)\Microsoft Visual Studio\2022\BuildTools\Common7\IDE\CommonExtensions\Microsoft\LanguageServer\ko\Microsoft.VisualStudio.LanguageServer.Client.Implementation.resources.dll'.
[18d4:0007][2026-05-10T02:03:33] Processing file /ko/Microsoft.VisualStudio.LanguageServer.Protocol.resources.dll
[18d4:0007][2026-05-10T02:03:33] Started: Copying file /ko/Microsoft.VisualStudio.LanguageServer.Protocol.resources.dll to D:\Program Files (x86)\Microsoft Visual Studio\2022\BuildTools\Common7\IDE\CommonExtensions\Microsoft\LanguageServer\ko\Microsoft.VisualStudio.LanguageServer.Protocol.resources.dll
[18d4:0007][2026-05-10T02:03:33] Completed: Copying file /ko/Microsoft.VisualStudio.LanguageServer.Protocol.resources.dll to D:\Program Files (x86)\Microsoft Visual Studio\2022\BuildTools\Common7\IDE\CommonExtensions\Microsoft\LanguageServer\ko\Microsoft.VisualStudio.LanguageServer.Protocol.resources.dll
[18d4:0007][2026-05-10T02:03:33] Timestamp updated for file 'D:\Program Files (x86)\Microsoft Visual Studio\2022\BuildTools\Common7\IDE\CommonExtensions\Microsoft\LanguageServer\ko\Microsoft.VisualStudio.LanguageServer.Protocol.resources.dll'.
[18d4:0007][2026-05-10T02:03:33] Processing file /LanguageServer.Container.pkgdef
[18d4:0007][2026-05-10T02:03:33] Started: Copying file /LanguageServer.Container.pkgdef to D:\Program Files (x86)\Microsoft Visual Studio\2022\BuildTools\Common7\IDE\CommonExtensions\Microsoft\LanguageServer\LanguageServer.Container.pkgdef
[18d4:0007][2026-05-10T02:03:33] Completed: Copying file /LanguageServer.Container.pkgdef to D:\Program Files (x86)\Microsoft Visual Studio\2022\BuildTools\Common7\IDE\CommonExtensions\Microsoft\LanguageServer\LanguageServer.Container.pkgdef
[18d4:0007][2026-05-10T02:03:33] Timestamp updated for file 'D:\Program Files (x86)\Microsoft Visual Studio\2022\BuildTools\Common7\IDE\CommonExtensions\Microsoft\LanguageServer\LanguageServer.Container.pkgdef'.
[18d4:0007][2026-05-10T02:03:33] Processing file /manifest.json
[18d4:0007][2026-05-10T02:03:33] Started: Copying file /manifest.json to D:\Program Files (x86)\Microsoft Visual Studio\2022\BuildTools\Common7\IDE\CommonExtensions\Microsoft\LanguageServer\manifest.json
[18d4:0007][2026-05-10T02:03:33] Completed: Copying file /manifest.json to D:\Program Files (x86)\Microsoft Visual Studio\2022\BuildTools\Common7\IDE\CommonExtensions\Microsoft\LanguageServer\manifest.json
[18d4:0007][2026-05-10T02:03:33] Timestamp updated for file 'D:\Program Files (x86)\Microsoft Visual Studio\2022\BuildTools\Common7\IDE\CommonExtensions\Microsoft\LanguageServer\manifest.json'.
[18d4:0007][2026-05-10T02:03:33] Processing file /Microsoft.VisualStudio.LanguageServer.Client.dll
[18d4:0007][2026-05-10T02:03:33] Started: Copying file /Microsoft.VisualStudio.LanguageServer.Client.dll to D:\Program Files (x86)\Microsoft Visual Studio\2022\BuildTools\Common7\IDE\CommonExtensions\Microsoft\LanguageServer\Microsoft.VisualStudio.LanguageServer.Client.dll
[18d4:0007][2026-05-10T02:03:33] Completed: Copying file /Microsoft.VisualStudio.LanguageServer.Client.dll to D:\Program Files (x86)\Microsoft Visual Studio\2022\BuildTools\Common7\IDE\CommonExtensions\Microsoft\LanguageServer\Microsoft.VisualStudio.LanguageServer.Client.dll
[18d4:0007][2026-05-10T02:03:33] Timestamp updated for file 'D:\Program Files (x86)\Microsoft Visual Studio\2022\BuildTools\Common7\IDE\CommonExtensions\Microsoft\LanguageServer\Microsoft.VisualStudio.LanguageServer.Client.dll'.
[18d4:0007][2026-05-10T02:03:33] Queueing D:\Program Files (x86)\Microsoft Visual Studio\2022\BuildTools\Common7\IDE\CommonExtensions\Microsoft\LanguageServer\Microsoft.VisualStudio.LanguageServer.Client.dll for X86 ngen
[18d4:0007][2026-05-10T02:03:33] Successfully queued file '/Microsoft.VisualStudio.LanguageServer.Client.dll' for ngen
[18d4:0007][2026-05-10T02:03:33] Processing file /Microsoft.VisualStudio.LanguageServer.Client.Implementation.dll
[18d4:0007][2026-05-10T02:03:33] Started: Copying file /Microsoft.VisualStudio.LanguageServer.Client.Implementation.dll to D:\Program Files (x86)\Microsoft Visual Studio\2022\BuildTools\Common7\IDE\CommonExtensions\Microsoft\LanguageServer\Microsoft.VisualStudio.LanguageServer.Client.Implementation.dll
[18d4:0007][2026-05-10T02:03:33] Completed: Copying file /Microsoft.VisualStudio.LanguageServer.Client.Implementation.dll to D:\Program Files (x86)\Microsoft Visual Studio\2022\BuildTools\Common7\IDE\CommonExtensions\Microsoft\LanguageServer\Microsoft.VisualStudio.LanguageServer.Client.Implementation.dll
[18d4:0007][2026-05-10T02:03:33] Timestamp updated for file 'D:\Program Files (x86)\Microsoft Visual Studio\2022\BuildTools\Common7\IDE\CommonExtensions\Microsoft\LanguageServer\Microsoft.VisualStudio.LanguageServer.Client.Implementation.dll'.
[18d4:0007][2026-05-10T02:03:33] Queueing D:\Program Files (x86)\Microsoft Visual Studio\2022\BuildTools\Common7\IDE\CommonExtensions\Microsoft\LanguageServer\Microsoft.VisualStudio.LanguageServer.Client.Implementation.dll for X86 ngen
[18d4:0007][2026-05-10T02:03:33] Successfully queued file '/Microsoft.VisualStudio.LanguageServer.Client.Implementation.dll' for ngen
[18d4:0007][2026-05-10T02:03:33] Processing file /Microsoft.VisualStudio.LanguageServer.Client.Implementation.pkgdef
[18d4:0007][2026-05-10T02:03:33] Started: Copying file /Microsoft.VisualStudio.LanguageServer.Client.Implementation.pkgdef to D:\Program Files (x86)\Microsoft Visual Studio\2022\BuildTools\Common7\IDE\CommonExtensions\Microsoft\LanguageServer\Microsoft.VisualStudio.LanguageServer.Client.Implementation.pkgdef
[18d4:0007][2026-05-10T02:03:33] Completed: Copying file /Microsoft.VisualStudio.LanguageServer.Client.Implementation.pkgdef to D:\Program Files (x86)\Microsoft Visual Studio\2022\BuildTools\Common7\IDE\CommonExtensions\Microsoft\LanguageServer\Microsoft.VisualStudio.LanguageServer.Client.Implementation.pkgdef
[18d4:0007][2026-05-10T02:03:33] Timestamp updated for file 'D:\Program Files (x86)\Microsoft Visual Studio\2022\BuildTools\Common7\IDE\CommonExtensions\Microsoft\LanguageServer\Microsoft.VisualStudio.LanguageServer.Client.Implementation.pkgdef'.
[18d4:0007][2026-05-10T02:03:33] Processing file /Microsoft.VisualStudio.LanguageServer.Client.pkgdef
[18d4:0007][2026-05-10T02:03:33] Started: Copying file /Microsoft.VisualStudio.LanguageServer.Client.pkgdef to D:\Program Files (x86)\Microsoft Visual Studio\2022\BuildTools\Common7\IDE\CommonExtensions\Microsoft\LanguageServer\Microsoft.VisualStudio.LanguageServer.Client.pkgdef
[18d4:0007][2026-05-10T02:03:33] Completed: Copying file /Microsoft.VisualStudio.LanguageServer.Client.pkgdef to D:\Program Files (x86)\Microsoft Visual Studio\2022\BuildTools\Common7\IDE\CommonExtensions\Microsoft\LanguageServer\Microsoft.VisualStudio.LanguageServer.Client.pkgdef
[18d4:0007][2026-05-10T02:03:33] Timestamp updated for file 'D:\Program Files (x86)\Microsoft Visual Studio\2022\BuildTools\Common7\IDE\CommonExtensions\Microsoft\LanguageServer\Microsoft.VisualStudio.LanguageServer.Client.pkgdef'.
[18d4:0007][2026-05-10T02:03:33] Processing file /Microsoft.VisualStudio.LanguageServer.Protocol.dll
[18d4:0007][2026-05-10T02:03:33] Started: Copying file /Microsoft.VisualStudio.LanguageServer.Protocol.dll to D:\Program Files (x86)\Microsoft Visual Studio\2022\BuildTools\Common7\IDE\CommonExtensions\Microsoft\LanguageServer\Microsoft.VisualStudio.LanguageServer.Protocol.dll
[18d4:0007][2026-05-10T02:03:33] Completed: Copying file /Microsoft.VisualStudio.LanguageServer.Protocol.dll to D:\Program Files (x86)\Microsoft Visual Studio\2022\BuildTools\Common7\IDE\CommonExtensions\Microsoft\LanguageServer\Microsoft.VisualStudio.LanguageServer.Protocol.dll
[18d4:0007][2026-05-10T02:03:33] Timestamp updated for file 'D:\Program Files (x86)\Microsoft Visual Studio\2022\BuildTools\Common7\IDE\CommonExtensions\Microsoft\LanguageServer\Microsoft.VisualStudio.LanguageServer.Protocol.dll'.
[18d4:0007][2026-05-10T02:03:33] Queueing D:\Program Files (x86)\Microsoft Visual Studio\2022\BuildTools\Common7\IDE\CommonExtensions\Microsoft\LanguageServer\Microsoft.VisualStudio.LanguageServer.Protocol.dll for X86 ngen
[18d4:0007][2026-05-10T02:03:33] Successfully queued file '/Microsoft.VisualStudio.LanguageServer.Protocol.dll' for ngen
[18d4:0007][2026-05-10T02:03:33] Processing file /Microsoft.VisualStudio.LanguageServer.Protocol.Extensions.dll
[18d4:0007][2026-05-10T02:03:33] Started: Copying file /Microsoft.VisualStudio.LanguageServer.Protocol.Extensions.dll to D:\Program Files (x86)\Microsoft Visual Studio\2022\BuildTools\Common7\IDE\CommonExtensions\Microsoft\LanguageServer\Microsoft.VisualStudio.LanguageServer.Protocol.Extensions.dll
[18d4:0007][2026-05-10T02:03:33] Completed: Copying file /Microsoft.VisualStudio.LanguageServer.Protocol.Extensions.dll to D:\Program Files (x86)\Microsoft Visual Studio\2022\BuildTools\Common7\IDE\CommonExtensions\Microsoft\LanguageServer\Microsoft.VisualStudio.LanguageServer.Protocol.Extensions.dll
[18d4:0007][2026-05-10T02:03:33] Timestamp updated for file 'D:\Program Files (x86)\Microsoft Visual Studio\2022\BuildTools\Common7\IDE\CommonExtensions\Microsoft\LanguageServer\Microsoft.VisualStudio.LanguageServer.Protocol.Extensions.dll'.
[18d4:0007][2026-05-10T02:03:33] Queueing D:\Program Files (x86)\Microsoft Visual Studio\2022\BuildTools\Common7\IDE\CommonExtensions\Microsoft\LanguageServer\Microsoft.VisualStudio.LanguageServer.Protocol.Extensions.dll for X86 ngen
[18d4:0007][2026-05-10T02:03:33] Successfully queued file '/Microsoft.VisualStudio.LanguageServer.Protocol.Extensions.dll' for ngen
[18d4:0007][2026-05-10T02:03:33] Processing file /Microsoft.VisualStudio.LanguageServer.Protocol.Internal.dll
[18d4:0007][2026-05-10T02:03:33] Started: Copying file /Microsoft.VisualStudio.LanguageServer.Protocol.Internal.dll to D:\Program Files (x86)\Microsoft Visual Studio\2022\BuildTools\Common7\IDE\CommonExtensions\Microsoft\LanguageServer\Microsoft.VisualStudio.LanguageServer.Protocol.Internal.dll
[18d4:0007][2026-05-10T02:03:33] Completed: Copying file /Microsoft.VisualStudio.LanguageServer.Protocol.Internal.dll to D:\Program Files (x86)\Microsoft Visual Studio\2022\BuildTools\Common7\IDE\CommonExtensions\Microsoft\LanguageServer\Microsoft.VisualStudio.LanguageServer.Protocol.Internal.dll
[18d4:0007][2026-05-10T02:03:33] Timestamp updated for file 'D:\Program Files (x86)\Microsoft Visual Studio\2022\BuildTools\Common7\IDE\CommonExtensions\Microsoft\LanguageServer\Microsoft.VisualStudio.LanguageServer.Protocol.Internal.dll'.
[18d4:0007][2026-05-10T02:03:33] Queueing D:\Program Files (x86)\Microsoft Visual Studio\2022\BuildTools\Common7\IDE\CommonExtensions\Microsoft\LanguageServer\Microsoft.VisualStudio.LanguageServer.Protocol.Internal.dll for X86 ngen
[18d4:0007][2026-05-10T02:03:33] Successfully queued file '/Microsoft.VisualStudio.LanguageServer.Protocol.Internal.dll' for ngen
[18d4:0007][2026-05-10T02:03:33] Processing file /pl/Microsoft.VisualStudio.LanguageServer.Client.Implementation.resources.dll
[18d4:0007][2026-05-10T02:03:33] Started: Copying file /pl/Microsoft.VisualStudio.LanguageServer.Client.Implementation.resources.dll to D:\Program Files (x86)\Microsoft Visual Studio\2022\BuildTools\Common7\IDE\CommonExtensions\Microsoft\LanguageServer\pl\Microsoft.VisualStudio.LanguageServer.Client.Implementation.resources.dll
[18d4:0007][2026-05-10T02:03:33] Completed: Copying file /pl/Microsoft.VisualStudio.LanguageServer.Client.Implementation.resources.dll to D:\Program Files (x86)\Microsoft Visual Studio\2022\BuildTools\Common7\IDE\CommonExtensions\Microsoft\LanguageServer\pl\Microsoft.VisualStudio.LanguageServer.Client.Implementation.resources.dll
[18d4:0007][2026-05-10T02:03:33] Timestamp updated for file 'D:\Program Files (x86)\Microsoft Visual Studio\2022\BuildTools\Common7\IDE\CommonExtensions\Microsoft\LanguageServer\pl\Microsoft.VisualStudio.LanguageServer.Client.Implementation.resources.dll'.
[18d4:0007][2026-05-10T02:03:33] Processing file /pl/Microsoft.VisualStudio.LanguageServer.Protocol.resources.dll
[18d4:0007][2026-05-10T02:03:33] Started: Copying file /pl/Microsoft.VisualStudio.LanguageServer.Protocol.resources.dll to D:\Program Files (x86)\Microsoft Visual Studio\2022\BuildTools\Common7\IDE\CommonExtensions\Microsoft\LanguageServer\pl\Microsoft.VisualStudio.LanguageServer.Protocol.resources.dll
[18d4:0007][2026-05-10T02:03:33] Completed: Copying file /pl/Microsoft.VisualStudio.LanguageServer.Protocol.resources.dll to D:\Program Files (x86)\Microsoft Visual Studio\2022\BuildTools\Common7\IDE\CommonExtensions\Microsoft\LanguageServer\pl\Microsoft.VisualStudio.LanguageServer.Protocol.resources.dll
[18d4:0007][2026-05-10T02:03:33] Timestamp updated for file 'D:\Program Files (x86)\Microsoft Visual Studio\2022\BuildTools\Common7\IDE\CommonExtensions\Microsoft\LanguageServer\pl\Microsoft.VisualStudio.LanguageServer.Protocol.resources.dll'.
[18d4:0007][2026-05-10T02:03:33] Processing file /pt-BR/Microsoft.VisualStudio.LanguageServer.Client.Implementation.resources.dll
[18d4:0007][2026-05-10T02:03:33] Started: Copying file /pt-BR/Microsoft.VisualStudio.LanguageServer.Client.Implementation.resources.dll to D:\Program Files (x86)\Microsoft Visual Studio\2022\BuildTools\Common7\IDE\CommonExtensions\Microsoft\LanguageServer\pt-BR\Microsoft.VisualStudio.LanguageServer.Client.Implementation.resources.dll
[18d4:0007][2026-05-10T02:03:33] Completed: Copying file /pt-BR/Microsoft.VisualStudio.LanguageServer.Client.Implementation.resources.dll to D:\Program Files (x86)\Microsoft Visual Studio\2022\BuildTools\Common7\IDE\CommonExtensions\Microsoft\LanguageServer\pt-BR\Microsoft.VisualStudio.LanguageServer.Client.Implementation.resources.dll
[18d4:0007][2026-05-10T02:03:33] Timestamp updated for file 'D:\Program Files (x86)\Microsoft Visual Studio\2022\BuildTools\Common7\IDE\CommonExtensions\Microsoft\LanguageServer\pt-BR\Microsoft.VisualStudio.LanguageServer.Client.Implementation.resources.dll'.
[18d4:0007][2026-05-10T02:03:33] Processing file /pt-BR/Microsoft.VisualStudio.LanguageServer.Protocol.resources.dll
[18d4:0007][2026-05-10T02:03:33] Started: Copying file /pt-BR/Microsoft.VisualStudio.LanguageServer.Protocol.resources.dll to D:\Program Files (x86)\Microsoft Visual Studio\2022\BuildTools\Common7\IDE\CommonExtensions\Microsoft\LanguageServer\pt-BR\Microsoft.VisualStudio.LanguageServer.Protocol.resources.dll
[18d4:0007][2026-05-10T02:03:33] Completed: Copying file /pt-BR/Microsoft.VisualStudio.LanguageServer.Protocol.resources.dll to D:\Program Files (x86)\Microsoft Visual Studio\2022\BuildTools\Common7\IDE\CommonExtensions\Microsoft\LanguageServer\pt-BR\Microsoft.VisualStudio.LanguageServer.Protocol.resources.dll
[18d4:0007][2026-05-10T02:03:33] Timestamp updated for file 'D:\Program Files (x86)\Microsoft Visual Studio\2022\BuildTools\Common7\IDE\CommonExtensions\Microsoft\LanguageServer\pt-BR\Microsoft.VisualStudio.LanguageServer.Protocol.resources.dll'.
[18d4:0007][2026-05-10T02:03:33] Processing file /ru/Microsoft.VisualStudio.LanguageServer.Client.Implementation.resources.dll
[18d4:0007][2026-05-10T02:03:33] Started: Copying file /ru/Microsoft.VisualStudio.LanguageServer.Client.Implementation.resources.dll to D:\Program Files (x86)\Microsoft Visual Studio\2022\BuildTools\Common7\IDE\CommonExtensions\Microsoft\LanguageServer\ru\Microsoft.VisualStudio.LanguageServer.Client.Implementation.resources.dll
[18d4:0007][2026-05-10T02:03:33] Completed: Copying file /ru/Microsoft.VisualStudio.LanguageServer.Client.Implementation.resources.dll to D:\Program Files (x86)\Microsoft Visual Studio\2022\BuildTools\Common7\IDE\CommonExtensions\Microsoft\LanguageServer\ru\Microsoft.VisualStudio.LanguageServer.Client.Implementation.resources.dll
[18d4:0007][2026-05-10T02:03:33] Timestamp updated for file 'D:\Program Files (x86)\Microsoft Visual Studio\2022\BuildTools\Common7\IDE\CommonExtensions\Microsoft\LanguageServer\ru\Microsoft.VisualStudio.LanguageServer.Client.Implementation.resources.dll'.
[18d4:0007][2026-05-10T02:03:33] Processing file /ru/Microsoft.VisualStudio.LanguageServer.Protocol.resources.dll
[18d4:0007][2026-05-10T02:03:33] Started: Copying file /ru/Microsoft.VisualStudio.LanguageServer.Protocol.resources.dll to D:\Program Files (x86)\Microsoft Visual Studio\2022\BuildTools\Common7\IDE\CommonExtensions\Microsoft\LanguageServer\ru\Microsoft.VisualStudio.LanguageServer.Protocol.resources.dll
[18d4:0007][2026-05-10T02:03:33] Completed: Copying file /ru/Microsoft.VisualStudio.LanguageServer.Protocol.resources.dll to D:\Program Files (x86)\Microsoft Visual Studio\2022\BuildTools\Common7\IDE\CommonExtensions\Microsoft\LanguageServer\ru\Microsoft.VisualStudio.LanguageServer.Protocol.resources.dll
[18d4:0007][2026-05-10T02:03:33] Timestamp updated for file 'D:\Program Files (x86)\Microsoft Visual Studio\2022\BuildTools\Common7\IDE\CommonExtensions\Microsoft\LanguageServer\ru\Microsoft.VisualStudio.LanguageServer.Protocol.resources.dll'.
[18d4:0007][2026-05-10T02:03:33] Processing file /tr/Microsoft.VisualStudio.LanguageServer.Client.Implementation.resources.dll
[18d4:0007][2026-05-10T02:03:33] Started: Copying file /tr/Microsoft.VisualStudio.LanguageServer.Client.Implementation.resources.dll to D:\Program Files (x86)\Microsoft Visual Studio\2022\BuildTools\Common7\IDE\CommonExtensions\Microsoft\LanguageServer\tr\Microsoft.VisualStudio.LanguageServer.Client.Implementation.resources.dll
[18d4:0007][2026-05-10T02:03:33] Completed: Copying file /tr/Microsoft.VisualStudio.LanguageServer.Client.Implementation.resources.dll to D:\Program Files (x86)\Microsoft Visual Studio\2022\BuildTools\Common7\IDE\CommonExtensions\Microsoft\LanguageServer\tr\Microsoft.VisualStudio.LanguageServer.Client.Implementation.resources.dll
[18d4:0007][2026-05-10T02:03:33] Timestamp updated for file 'D:\Program Files (x86)\Microsoft Visual Studio\2022\BuildTools\Common7\IDE\CommonExtensions\Microsoft\LanguageServer\tr\Microsoft.VisualStudio.LanguageServer.Client.Implementation.resources.dll'.
[18d4:0007][2026-05-10T02:03:33] Processing file /tr/Microsoft.VisualStudio.LanguageServer.Protocol.resources.dll
[18d4:0007][2026-05-10T02:03:33] Started: Copying file /tr/Microsoft.VisualStudio.LanguageServer.Protocol.resources.dll to D:\Program Files (x86)\Microsoft Visual Studio\2022\BuildTools\Common7\IDE\CommonExtensions\Microsoft\LanguageServer\tr\Microsoft.VisualStudio.LanguageServer.Protocol.resources.dll
[18d4:0007][2026-05-10T02:03:33] Completed: Copying file /tr/Microsoft.VisualStudio.LanguageServer.Protocol.resources.dll to D:\Program Files (x86)\Microsoft Visual Studio\2022\BuildTools\Common7\IDE\CommonExtensions\Microsoft\LanguageServer\tr\Microsoft.VisualStudio.LanguageServer.Protocol.resources.dll
[18d4:0007][2026-05-10T02:03:33] Timestamp updated for file 'D:\Program Files (x86)\Microsoft Visual Studio\2022\BuildTools\Common7\IDE\CommonExtensions\Microsoft\LanguageServer\tr\Microsoft.VisualStudio.LanguageServer.Protocol.resources.dll'.
[18d4:0007][2026-05-10T02:03:33] Processing file /zh-Hans/Microsoft.VisualStudio.LanguageServer.Client.Implementation.resources.dll
[18d4:0007][2026-05-10T02:03:33] Started: Copying file /zh-Hans/Microsoft.VisualStudio.LanguageServer.Client.Implementation.resources.dll to D:\Program Files (x86)\Microsoft Visual Studio\2022\BuildTools\Common7\IDE\CommonExtensions\Microsoft\LanguageServer\zh-Hans\Microsoft.VisualStudio.LanguageServer.Client.Implementation.resources.dll
[18d4:0007][2026-05-10T02:03:33] Completed: Copying file /zh-Hans/Microsoft.VisualStudio.LanguageServer.Client.Implementation.resources.dll to D:\Program Files (x86)\Microsoft Visual Studio\2022\BuildTools\Common7\IDE\CommonExtensions\Microsoft\LanguageServer\zh-Hans\Microsoft.VisualStudio.LanguageServer.Client.Implementation.resources.dll
[18d4:0007][2026-05-10T02:03:33] Timestamp updated for file 'D:\Program Files (x86)\Microsoft Visual Studio\2022\BuildTools\Common7\IDE\CommonExtensions\Microsoft\LanguageServer\zh-Hans\Microsoft.VisualStudio.LanguageServer.Client.Implementation.resources.dll'.
[18d4:0007][2026-05-10T02:03:33] Processing file /zh-Hans/Microsoft.VisualStudio.LanguageServer.Protocol.resources.dll
[18d4:0007][2026-05-10T02:03:33] Started: Copying file /zh-Hans/Microsoft.VisualStudio.LanguageServer.Protocol.resources.dll to D:\Program Files (x86)\Microsoft Visual Studio\2022\BuildTools\Common7\IDE\CommonExtensions\Microsoft\LanguageServer\zh-Hans\Microsoft.VisualStudio.LanguageServer.Protocol.resources.dll
[18d4:0007][2026-05-10T02:03:33] Completed: Copying file /zh-Hans/Microsoft.VisualStudio.LanguageServer.Protocol.resources.dll to D:\Program Files (x86)\Microsoft Visual Studio\2022\BuildTools\Common7\IDE\CommonExtensions\Microsoft\LanguageServer\zh-Hans\Microsoft.VisualStudio.LanguageServer.Protocol.resources.dll
[18d4:0007][2026-05-10T02:03:33] Timestamp updated for file 'D:\Program Files (x86)\Microsoft Visual Studio\2022\BuildTools\Common7\IDE\CommonExtensions\Microsoft\LanguageServer\zh-Hans\Microsoft.VisualStudio.LanguageServer.Protocol.resources.dll'.
[18d4:0007][2026-05-10T02:03:33] Processing file /zh-Hant/Microsoft.VisualStudio.LanguageServer.Client.Implementation.resources.dll
[18d4:0007][2026-05-10T02:03:33] Started: Copying file /zh-Hant/Microsoft.VisualStudio.LanguageServer.Client.Implementation.resources.dll to D:\Program Files (x86)\Microsoft Visual Studio\2022\BuildTools\Common7\IDE\CommonExtensions\Microsoft\LanguageServer\zh-Hant\Microsoft.VisualStudio.LanguageServer.Client.Implementation.resources.dll
[18d4:0007][2026-05-10T02:03:33] Completed: Copying file /zh-Hant/Microsoft.VisualStudio.LanguageServer.Client.Implementation.resources.dll to D:\Program Files (x86)\Microsoft Visual Studio\2022\BuildTools\Common7\IDE\CommonExtensions\Microsoft\LanguageServer\zh-Hant\Microsoft.VisualStudio.LanguageServer.Client.Implementation.resources.dll
[18d4:0007][2026-05-10T02:03:33] Timestamp updated for file 'D:\Program Files (x86)\Microsoft Visual Studio\2022\BuildTools\Common7\IDE\CommonExtensions\Microsoft\LanguageServer\zh-Hant\Microsoft.VisualStudio.LanguageServer.Client.Implementation.resources.dll'.
[18d4:0007][2026-05-10T02:03:33] Processing file /zh-Hant/Microsoft.VisualStudio.LanguageServer.Protocol.resources.dll
[18d4:0007][2026-05-10T02:03:33] Started: Copying file /zh-Hant/Microsoft.VisualStudio.LanguageServer.Protocol.resources.dll to D:\Program Files (x86)\Microsoft Visual Studio\2022\BuildTools\Common7\IDE\CommonExtensions\Microsoft\LanguageServer\zh-Hant\Microsoft.VisualStudio.LanguageServer.Protocol.resources.dll
[18d4:0007][2026-05-10T02:03:33] Completed: Copying file /zh-Hant/Microsoft.VisualStudio.LanguageServer.Protocol.resources.dll to D:\Program Files (x86)\Microsoft Visual Studio\2022\BuildTools\Common7\IDE\CommonExtensions\Microsoft\LanguageServer\zh-Hant\Microsoft.VisualStudio.LanguageServer.Protocol.resources.dll
[18d4:0007][2026-05-10T02:03:33] Timestamp updated for file 'D:\Program Files (x86)\Microsoft Visual Studio\2022\BuildTools\Common7\IDE\CommonExtensions\Microsoft\LanguageServer\zh-Hant\Microsoft.VisualStudio.LanguageServer.Protocol.resources.dll'.
[18d4:0007][2026-05-10T02:03:33] Processing file /extension.vsixmanifest
[18d4:0007][2026-05-10T02:03:33] Started: Copying file /extension.vsixmanifest to D:\Program Files (x86)\Microsoft Visual Studio\2022\BuildTools\Common7\IDE\CommonExtensions\Microsoft\LanguageServer\extension.vsixmanifest
[18d4:0007][2026-05-10T02:03:33] Completed: Copying file /extension.vsixmanifest to D:\Program Files (x86)\Microsoft Visual Studio\2022\BuildTools\Common7\IDE\CommonExtensions\Microsoft\LanguageServer\extension.vsixmanifest
[18d4:0007][2026-05-10T02:03:33] Timestamp updated for file 'D:\Program Files (x86)\Microsoft Visual Studio\2022\BuildTools\Common7\IDE\CommonExtensions\Microsoft\LanguageServer\extension.vsixmanifest'.
[18d4:0007][2026-05-10T02:03:33] Package executed successfully. Return code: 0
