[da4c:0007][2026-05-10T00:50:13] Opening the package for processing
[da4c:0007][2026-05-10T00:50:13] Using package payload to get the embedded manifest
[da4c:0007][2026-05-10T00:50:13] Getting list of files within the package
[da4c:0007][2026-05-10T00:50:13] Processing file /Contents/Common7/IDE/Extensions/Community/CodeSharing_shproj_Ext_Reg_AppId_VisualStudio.pkgdef
[da4c:0007][2026-05-10T00:50:13] Started: Copying file /Contents/Common7/IDE/Extensions/Community/CodeSharing_shproj_Ext_Reg_AppId_VisualStudio.pkgdef to D:\Program\Common7\IDE\Extensions\Community\CodeSharing_shproj_Ext_Reg_AppId_VisualStudio.pkgdef
[da4c:0007][2026-05-10T00:50:13] Completed: Copying file /Contents/Common7/IDE/Extensions/Community/CodeSharing_shproj_Ext_Reg_AppId_VisualStudio.pkgdef to D:\Program\Common7\IDE\Extensions\Community\CodeSharing_shproj_Ext_Reg_AppId_VisualStudio.pkgdef
[da4c:0007][2026-05-10T00:50:13] Timestamp updated for file 'D:\Program\Common7\IDE\Extensions\Community\CodeSharing_shproj_Ext_Reg_AppId_VisualStudio.pkgdef'.
[da4c:0007][2026-05-10T00:50:13] Processing file /Contents/Common7/IDE/Extensions/Community/DirProj_Reg_Common_10256.3643236F_FC70_11D3_A536_0090278A1BB8.pkgdef
[da4c:0007][2026-05-10T00:50:13] Started: Copying file /Contents/Common7/IDE/Extensions/Community/DirProj_Reg_Common_10256.3643236F_FC70_11D3_A536_0090278A1BB8.pkgdef to D:\Program\Common7\IDE\Extensions\Community\DirProj_Reg_Common_10256.3643236F_FC70_11D3_A536_0090278A1BB8.pkgdef
[da4c:0007][2026-05-10T00:50:13] Completed: Copying file /Contents/Common7/IDE/Extensions/Community/DirProj_Reg_Common_10256.3643236F_FC70_11D3_A536_0090278A1BB8.pkgdef to D:\Program\Common7\IDE\Extensions\Community\DirProj_Reg_Common_10256.3643236F_FC70_11D3_A536_0090278A1BB8.pkgdef
[da4c:0007][2026-05-10T00:50:13] Timestamp updated for file 'D:\Program\Common7\IDE\Extensions\Community\DirProj_Reg_Common_10256.3643236F_FC70_11D3_A536_0090278A1BB8.pkgdef'.
[da4c:0007][2026-05-10T00:50:13] Processing file /Contents/Common7/IDE/Extensions/Community/HTML_Editor_Reg_for_VS_4090.3643236F_FC70_11D3_A536_0090278A1BB8.pkgdef
[da4c:0007][2026-05-10T00:50:13] Started: Copying file /Contents/Common7/IDE/Extensions/Community/HTML_Editor_Reg_for_VS_4090.3643236F_FC70_11D3_A536_0090278A1BB8.pkgdef to D:\Program\Common7\IDE\Extensions\Community\HTML_Editor_Reg_for_VS_4090.3643236F_FC70_11D3_A536_0090278A1BB8.pkgdef
[da4c:0007][2026-05-10T00:50:13] Completed: Copying file /Contents/Common7/IDE/Extensions/Community/HTML_Editor_Reg_for_VS_4090.3643236F_FC70_11D3_A536_0090278A1BB8.pkgdef to D:\Program\Common7\IDE\Extensions\Community\HTML_Editor_Reg_for_VS_4090.3643236F_FC70_11D3_A536_0090278A1BB8.pkgdef
[da4c:0007][2026-05-10T00:50:13] Timestamp updated for file 'D:\Program\Common7\IDE\Extensions\Community\HTML_Editor_Reg_for_VS_4090.3643236F_FC70_11D3_A536_0090278A1BB8.pkgdef'.
[da4c:0007][2026-05-10T00:50:13] Processing file /Contents/Common7/IDE/Extensions/Community/Pro_SKU_License_Key_7238.3643236F_FC70_11D3_A536_0090278A1BB8.pkgdef
[da4c:0007][2026-05-10T00:50:13] Started: Copying file /Contents/Common7/IDE/Extensions/Community/Pro_SKU_License_Key_7238.3643236F_FC70_11D3_A536_0090278A1BB8.pkgdef to D:\Program\Common7\IDE\Extensions\Community\Pro_SKU_License_Key_7238.3643236F_FC70_11D3_A536_0090278A1BB8.pkgdef
[da4c:0007][2026-05-10T00:50:13] Completed: Copying file /Contents/Common7/IDE/Extensions/Community/Pro_SKU_License_Key_7238.3643236F_FC70_11D3_A536_0090278A1BB8.pkgdef to D:\Program\Common7\IDE\Extensions\Community\Pro_SKU_License_Key_7238.3643236F_FC70_11D3_A536_0090278A1BB8.pkgdef
[da4c:0007][2026-05-10T00:50:13] Timestamp updated for file 'D:\Program\Common7\IDE\Extensions\Community\Pro_SKU_License_Key_7238.3643236F_FC70_11D3_A536_0090278A1BB8.pkgdef'.
[da4c:0007][2026-05-10T00:50:13] Processing file /Contents/Common7/IDE/Extensions/Community/Razor_Registry_Component_x86.pkgdef
[da4c:0007][2026-05-10T00:50:13] Started: Copying file /Contents/Common7/IDE/Extensions/Community/Razor_Registry_Component_x86.pkgdef to D:\Program\Common7\IDE\Extensions\Community\Razor_Registry_Component_x86.pkgdef
[da4c:0007][2026-05-10T00:50:13] Completed: Copying file /Contents/Common7/IDE/Extensions/Community/Razor_Registry_Component_x86.pkgdef to D:\Program\Common7\IDE\Extensions\Community\Razor_Registry_Component_x86.pkgdef
[da4c:0007][2026-05-10T00:50:13] Timestamp updated for file 'D:\Program\Common7\IDE\Extensions\Community\Razor_Registry_Component_x86.pkgdef'.
[da4c:0007][2026-05-10T00:50:13] Processing file /Contents/Common7/IDE/Extensions/Community/ResW_FileExtension_Registration.pkgdef
[da4c:0007][2026-05-10T00:50:13] Started: Copying file /Contents/Common7/IDE/Extensions/Community/ResW_FileExtension_Registration.pkgdef to D:\Program\Common7\IDE\Extensions\Community\ResW_FileExtension_Registration.pkgdef
[da4c:0007][2026-05-10T00:50:13] Completed: Copying file /Contents/Common7/IDE/Extensions/Community/ResW_FileExtension_Registration.pkgdef to D:\Program\Common7\IDE\Extensions\Community\ResW_FileExtension_Registration.pkgdef
[da4c:0007][2026-05-10T00:50:13] Timestamp updated for file 'D:\Program\Common7\IDE\Extensions\Community\ResW_FileExtension_Registration.pkgdef'.
[da4c:0007][2026-05-10T00:50:13] Processing file /Contents/Common7/IDE/Extensions/Community/SxS.MSVSEditors_Reg_VS_27145.3643236F_FC70_11D3_A536_0090278A1BB8.pkgdef
[da4c:0007][2026-05-10T00:50:13] Started: Copying file /Contents/Common7/IDE/Extensions/Community/SxS.MSVSEditors_Reg_VS_27145.3643236F_FC70_11D3_A536_0090278A1BB8.pkgdef to D:\Program\Common7\IDE\Extensions\Community\SxS.MSVSEditors_Reg_VS_27145.3643236F_FC70_11D3_A536_0090278A1BB8.pkgdef
[da4c:0007][2026-05-10T00:50:13] Completed: Copying file /Contents/Common7/IDE/Extensions/Community/SxS.MSVSEditors_Reg_VS_27145.3643236F_FC70_11D3_A536_0090278A1BB8.pkgdef to D:\Program\Common7\IDE\Extensions\Community\SxS.MSVSEditors_Reg_VS_27145.3643236F_FC70_11D3_A536_0090278A1BB8.pkgdef
[da4c:0007][2026-05-10T00:50:13] Timestamp updated for file 'D:\Program\Common7\IDE\Extensions\Community\SxS.MSVSEditors_Reg_VS_27145.3643236F_FC70_11D3_A536_0090278A1BB8.pkgdef'.
[da4c:0007][2026-05-10T00:50:13] Processing file /Contents/Common7/IDE/Extensions/Community/VCSharp_Proj_System_Reg_26672.3643236F_FC70_11D3_A536_0090278A1BB8.pkgdef
[da4c:0007][2026-05-10T00:50:13] Started: Copying file /Contents/Common7/IDE/Extensions/Community/VCSharp_Proj_System_Reg_26672.3643236F_FC70_11D3_A536_0090278A1BB8.pkgdef to D:\Program\Common7\IDE\Extensions\Community\VCSharp_Proj_System_Reg_26672.3643236F_FC70_11D3_A536_0090278A1BB8.pkgdef
[da4c:0007][2026-05-10T00:50:13] Completed: Copying file /Contents/Common7/IDE/Extensions/Community/VCSharp_Proj_System_Reg_26672.3643236F_FC70_11D3_A536_0090278A1BB8.pkgdef to D:\Program\Common7\IDE\Extensions\Community\VCSharp_Proj_System_Reg_26672.3643236F_FC70_11D3_A536_0090278A1BB8.pkgdef
[da4c:0007][2026-05-10T00:50:13] Timestamp updated for file 'D:\Program\Common7\IDE\Extensions\Community\VCSharp_Proj_System_Reg_26672.3643236F_FC70_11D3_A536_0090278A1BB8.pkgdef'.
[da4c:0007][2026-05-10T00:50:13] Processing file /Contents/Common7/IDE/Extensions/Community/VS_Diagnostics_IntelliTraceShell_Component.pkgdef
[da4c:0007][2026-05-10T00:50:13] Started: Copying file /Contents/Common7/IDE/Extensions/Community/VS_Diagnostics_IntelliTraceShell_Component.pkgdef to D:\Program\Common7\IDE\Extensions\Community\VS_Diagnostics_IntelliTraceShell_Component.pkgdef
[da4c:0007][2026-05-10T00:50:13] Completed: Copying file /Contents/Common7/IDE/Extensions/Community/VS_Diagnostics_IntelliTraceShell_Component.pkgdef to D:\Program\Common7\IDE\Extensions\Community\VS_Diagnostics_IntelliTraceShell_Component.pkgdef
[da4c:0007][2026-05-10T00:50:13] Timestamp updated for file 'D:\Program\Common7\IDE\Extensions\Community\VS_Diagnostics_IntelliTraceShell_Component.pkgdef'.
[da4c:0007][2026-05-10T00:50:13] Processing file /Contents/Common7/IDE/Extensions/Community/VS_SCC_EMP_Reg_for_VS_8486.3643236F_FC70_11D3_A536_0090278A1BB8.pkgdef
[da4c:0007][2026-05-10T00:50:13] Started: Copying file /Contents/Common7/IDE/Extensions/Community/VS_SCC_EMP_Reg_for_VS_8486.3643236F_FC70_11D3_A536_0090278A1BB8.pkgdef to D:\Program\Common7\IDE\Extensions\Community\VS_SCC_EMP_Reg_for_VS_8486.3643236F_FC70_11D3_A536_0090278A1BB8.pkgdef
[da4c:0007][2026-05-10T00:50:13] Completed: Copying file /Contents/Common7/IDE/Extensions/Community/VS_SCC_EMP_Reg_for_VS_8486.3643236F_FC70_11D3_A536_0090278A1BB8.pkgdef to D:\Program\Common7\IDE\Extensions\Community\VS_SCC_EMP_Reg_for_VS_8486.3643236F_FC70_11D3_A536_0090278A1BB8.pkgdef
[da4c:0007][2026-05-10T00:50:13] Timestamp updated for file 'D:\Program\Common7\IDE\Extensions\Community\VS_SCC_EMP_Reg_for_VS_8486.3643236F_FC70_11D3_A536_0090278A1BB8.pkgdef'.
[da4c:0007][2026-05-10T00:50:13] Processing file /Contents/Common7/IDE/Extensions/Community/VS_SCC_Integration_Core_Registry_for_VS_3560.3643236F_FC70_11D3_A536_0090278A1BB8.pkgdef
[da4c:0007][2026-05-10T00:50:13] Started: Copying file /Contents/Common7/IDE/Extensions/Community/VS_SCC_Integration_Core_Registry_for_VS_3560.3643236F_FC70_11D3_A536_0090278A1BB8.pkgdef to D:\Program\Common7\IDE\Extensions\Community\VS_SCC_Integration_Core_Registry_for_VS_3560.3643236F_FC70_11D3_A536_0090278A1BB8.pkgdef
[da4c:0007][2026-05-10T00:50:13] Completed: Copying file /Contents/Common7/IDE/Extensions/Community/VS_SCC_Integration_Core_Registry_for_VS_3560.3643236F_FC70_11D3_A536_0090278A1BB8.pkgdef to D:\Program\Common7\IDE\Extensions\Community\VS_SCC_Integration_Core_Registry_for_VS_3560.3643236F_FC70_11D3_A536_0090278A1BB8.pkgdef
[da4c:0007][2026-05-10T00:50:13] Timestamp updated for file 'D:\Program\Common7\IDE\Extensions\Community\VS_SCC_Integration_Core_Registry_for_VS_3560.3643236F_FC70_11D3_A536_0090278A1BB8.pkgdef'.
[da4c:0007][2026-05-10T00:50:13] Processing file /Contents/Common7/IDE/Extensions/Community/VS_SCC_TeamCore_Reg_for_VS_4694.3643236F_FC70_11D3_A536_0090278A1BB8.pkgdef
[da4c:0007][2026-05-10T00:50:13] Started: Copying file /Contents/Common7/IDE/Extensions/Community/VS_SCC_TeamCore_Reg_for_VS_4694.3643236F_FC70_11D3_A536_0090278A1BB8.pkgdef to D:\Program\Common7\IDE\Extensions\Community\VS_SCC_TeamCore_Reg_for_VS_4694.3643236F_FC70_11D3_A536_0090278A1BB8.pkgdef
[da4c:0007][2026-05-10T00:50:13] Completed: Copying file /Contents/Common7/IDE/Extensions/Community/VS_SCC_TeamCore_Reg_for_VS_4694.3643236F_FC70_11D3_A536_0090278A1BB8.pkgdef to D:\Program\Common7\IDE\Extensions\Community\VS_SCC_TeamCore_Reg_for_VS_4694.3643236F_FC70_11D3_A536_0090278A1BB8.pkgdef
[da4c:0007][2026-05-10T00:50:13] Timestamp updated for file 'D:\Program\Common7\IDE\Extensions\Community\VS_SCC_TeamCore_Reg_for_VS_4694.3643236F_FC70_11D3_A536_0090278A1BB8.pkgdef'.
[da4c:0007][2026-05-10T00:50:13] Processing file /Contents/Common7/IDE/ItemTemplates/RulesetTemplates.vstman
[da4c:0007][2026-05-10T00:50:13] Started: Copying file /Contents/Common7/IDE/ItemTemplates/RulesetTemplates.vstman to D:\Program\Common7\IDE\ItemTemplates\RulesetTemplates.vstman
[da4c:0007][2026-05-10T00:50:13] Completed: Copying file /Contents/Common7/IDE/ItemTemplates/RulesetTemplates.vstman to D:\Program\Common7\IDE\ItemTemplates\RulesetTemplates.vstman
[da4c:0007][2026-05-10T00:50:13] Timestamp updated for file 'D:\Program\Common7\IDE\ItemTemplates\RulesetTemplates.vstman'.
[da4c:0007][2026-05-10T00:50:13] Package executed successfully. Return code: 0
