[c9c4:0009][2026-05-10T01:02:02] Opening the package for processing
[c9c4:0009][2026-05-10T01:02:02] Using package payload to get the embedded manifest
[c9c4:0009][2026-05-10T01:02:02] Getting list of files within the package
[c9c4:0009][2026-05-10T01:02:02] Processing file /Contents/Common7/IDE/en/Microsoft.VisualStudio.VCProjectUI.resources.dll
[c9c4:0009][2026-05-10T01:02:02] Started: Copying file /Contents/Common7/IDE/en/Microsoft.VisualStudio.VCProjectUI.resources.dll to D:\Program Files (x86)\Microsoft Visual Studio\2022\BuildTools\Common7\IDE\en\Microsoft.VisualStudio.VCProjectUI.resources.dll
[c9c4:0009][2026-05-10T01:02:02] Completed: Copying file /Contents/Common7/IDE/en/Microsoft.VisualStudio.VCProjectUI.resources.dll to D:\Program Files (x86)\Microsoft Visual Studio\2022\BuildTools\Common7\IDE\en\Microsoft.VisualStudio.VCProjectUI.resources.dll
[c9c4:0009][2026-05-10T01:02:02] Timestamp updated for file 'D:\Program Files (x86)\Microsoft Visual Studio\2022\BuildTools\Common7\IDE\en\Microsoft.VisualStudio.VCProjectUI.resources.dll'.
[c9c4:0009][2026-05-10T01:02:02] Processing file /Contents/Common7/IDE/PublicAssemblies/en/Microsoft.VisualStudio.VCProject.xml
[c9c4:0009][2026-05-10T01:02:02] Started: Copying file /Contents/Common7/IDE/PublicAssemblies/en/Microsoft.VisualStudio.VCProject.xml to D:\Program Files (x86)\Microsoft Visual Studio\2022\BuildTools\Common7\IDE\PublicAssemblies\en\Microsoft.VisualStudio.VCProject.xml
[c9c4:0009][2026-05-10T01:02:02] Completed: Copying file /Contents/Common7/IDE/PublicAssemblies/en/Microsoft.VisualStudio.VCProject.xml to D:\Program Files (x86)\Microsoft Visual Studio\2022\BuildTools\Common7\IDE\PublicAssemblies\en\Microsoft.VisualStudio.VCProject.xml
[c9c4:0009][2026-05-10T01:02:02] Timestamp updated for file 'D:\Program Files (x86)\Microsoft Visual Studio\2022\BuildTools\Common7\IDE\PublicAssemblies\en\Microsoft.VisualStudio.VCProject.xml'.
[c9c4:0009][2026-05-10T01:02:02] Processing file /Contents/Common7/IDE/PublicAssemblies/en/Microsoft.VisualStudio.VCProjectEngine.xml
[c9c4:0009][2026-05-10T01:02:02] Started: Copying file /Contents/Common7/IDE/PublicAssemblies/en/Microsoft.VisualStudio.VCProjectEngine.xml to D:\Program Files (x86)\Microsoft Visual Studio\2022\BuildTools\Common7\IDE\PublicAssemblies\en\Microsoft.VisualStudio.VCProjectEngine.xml
[c9c4:0009][2026-05-10T01:02:02] Completed: Copying file /Contents/Common7/IDE/PublicAssemblies/en/Microsoft.VisualStudio.VCProjectEngine.xml to D:\Program Files (x86)\Microsoft Visual Studio\2022\BuildTools\Common7\IDE\PublicAssemblies\en\Microsoft.VisualStudio.VCProjectEngine.xml
[c9c4:0009][2026-05-10T01:02:02] Timestamp updated for file 'D:\Program Files (x86)\Microsoft Visual Studio\2022\BuildTools\Common7\IDE\PublicAssemblies\en\Microsoft.VisualStudio.VCProjectEngine.xml'.
[c9c4:0009][2026-05-10T01:02:02] Processing file /Contents/Common7/IDE/VC/vcpackages/1033/VCProjectUI.dll
[c9c4:0009][2026-05-10T01:02:02] Started: Copying file /Contents/Common7/IDE/VC/vcpackages/1033/VCProjectUI.dll to D:\Program Files (x86)\Microsoft Visual Studio\2022\BuildTools\Common7\IDE\VC\vcpackages\1033\VCProjectUI.dll
[c9c4:0009][2026-05-10T01:02:02] Completed: Copying file /Contents/Common7/IDE/VC/vcpackages/1033/VCProjectUI.dll to D:\Program Files (x86)\Microsoft Visual Studio\2022\BuildTools\Common7\IDE\VC\vcpackages\1033\VCProjectUI.dll
[c9c4:0009][2026-05-10T01:02:02] Timestamp updated for file 'D:\Program Files (x86)\Microsoft Visual Studio\2022\BuildTools\Common7\IDE\VC\vcpackages\1033\VCProjectUI.dll'.
[c9c4:0009][2026-05-10T01:02:02] Processing file /Contents/Common7/Tools/1033/vcconvertengineui.dll
[c9c4:0009][2026-05-10T01:02:02] Started: Copying file /Contents/Common7/Tools/1033/vcconvertengineui.dll to D:\Program Files (x86)\Microsoft Visual Studio\2022\BuildTools\Common7\Tools\1033\vcconvertengineui.dll
[c9c4:0009][2026-05-10T01:02:02] Completed: Copying file /Contents/Common7/Tools/1033/vcconvertengineui.dll to D:\Program Files (x86)\Microsoft Visual Studio\2022\BuildTools\Common7\Tools\1033\vcconvertengineui.dll
[c9c4:0009][2026-05-10T01:02:02] Timestamp updated for file 'D:\Program Files (x86)\Microsoft Visual Studio\2022\BuildTools\Common7\Tools\1033\vcconvertengineui.dll'.
[c9c4:0009][2026-05-10T01:02:02] Package executed successfully. Return code: 0
