[3474:0009][2026-05-10T01:46:09] Using cached package manifest as the embedded manifest
[3474:0009][2026-05-10T01:46:09] Processing file /extension.vsixmanifest
[3474:0009][2026-05-10T01:46:09] D:\Program Files (x86)\Microsoft Visual Studio\2022\BuildTools\Common7\IDE\CommonExtensions\Microsoft\OpenFolder\extension.vsixmanifest file deleted.
[3474:0009][2026-05-10T01:46:09] Processing file /SQLitePCLRaw.batteries_v2.dll
[3474:0009][2026-05-10T01:46:09] D:\Program Files (x86)\Microsoft Visual Studio\2022\BuildTools\Common7\IDE\CommonExtensions\Microsoft\OpenFolder\SQLitePCLRaw.batteries_v2.dll file deleted.
[3474:0009][2026-05-10T01:46:09] Processing file /SQLitePCLRaw.core.dll
[3474:0009][2026-05-10T01:46:09] D:\Program Files (x86)\Microsoft Visual Studio\2022\BuildTools\Common7\IDE\CommonExtensions\Microsoft\OpenFolder\SQLitePCLRaw.core.dll file deleted.
[3474:0009][2026-05-10T01:46:09] Processing file /SQLitePCLRaw.provider.dynamic_cdecl.dll
[3474:0009][2026-05-10T01:46:09] D:\Program Files (x86)\Microsoft Visual Studio\2022\BuildTools\Common7\IDE\CommonExtensions\Microsoft\OpenFolder\SQLitePCLRaw.provider.dynamic_cdecl.dll file deleted.
[3474:0009][2026-05-10T01:46:09] Processing file /runtimes/win-x86/native/e_sqlite3.dll
[3474:0009][2026-05-10T01:46:09] D:\Program Files (x86)\Microsoft Visual Studio\2022\BuildTools\Common7\IDE\CommonExtensions\Microsoft\OpenFolder\runtimes\win-x86\native\e_sqlite3.dll file deleted.
[3474:0009][2026-05-10T01:46:09] Processing file /runtimes/win-x64/native/e_sqlite3.dll
[3474:0009][2026-05-10T01:46:09] D:\Program Files (x86)\Microsoft Visual Studio\2022\BuildTools\Common7\IDE\CommonExtensions\Microsoft\OpenFolder\runtimes\win-x64\native\e_sqlite3.dll file deleted.
[3474:0009][2026-05-10T01:46:09] Processing file /runtimes/win-arm64/native/e_sqlite3.dll
[3474:0009][2026-05-10T01:46:09] D:\Program Files (x86)\Microsoft Visual Studio\2022\BuildTools\Common7\IDE\CommonExtensions\Microsoft\OpenFolder\runtimes\win-arm64\native\e_sqlite3.dll file deleted.
[3474:0009][2026-05-10T01:46:09] Processing file /zh-Hans/Microsoft.VisualStudio.Workspace.Extensions.Implementation.VS.resources.dll
[3474:0009][2026-05-10T01:46:09] D:\Program Files (x86)\Microsoft Visual Studio\2022\BuildTools\Common7\IDE\CommonExtensions\Microsoft\OpenFolder\zh-Hans\Microsoft.VisualStudio.Workspace.Extensions.Implementation.VS.resources.dll file deleted.
[3474:0009][2026-05-10T01:46:09] Processing file /zh-Hans/Microsoft.VisualStudio.Workspace.Extensions.Implementation.resources.dll
[3474:0009][2026-05-10T01:46:09] D:\Program Files (x86)\Microsoft Visual Studio\2022\BuildTools\Common7\IDE\CommonExtensions\Microsoft\OpenFolder\zh-Hans\Microsoft.VisualStudio.Workspace.Extensions.Implementation.resources.dll file deleted.
[3474:0009][2026-05-10T01:46:09] Processing file /zh-Hans/Microsoft.VisualStudio.Workspace.Extensions.resources.dll
[3474:0009][2026-05-10T01:46:09] D:\Program Files (x86)\Microsoft Visual Studio\2022\BuildTools\Common7\IDE\CommonExtensions\Microsoft\OpenFolder\zh-Hans\Microsoft.VisualStudio.Workspace.Extensions.resources.dll file deleted.
[3474:0009][2026-05-10T01:46:09] Processing file /zh-Hans/Microsoft.VisualStudio.Workspace.VSIntegration.resources.dll
[3474:0009][2026-05-10T01:46:09] D:\Program Files (x86)\Microsoft Visual Studio\2022\BuildTools\Common7\IDE\CommonExtensions\Microsoft\OpenFolder\zh-Hans\Microsoft.VisualStudio.Workspace.VSIntegration.resources.dll file deleted.
[3474:0009][2026-05-10T01:46:09] Processing file /zh-Hans/Microsoft.VisualStudio.Workspace.Implementation.resources.dll
[3474:0009][2026-05-10T01:46:09] D:\Program Files (x86)\Microsoft Visual Studio\2022\BuildTools\Common7\IDE\CommonExtensions\Microsoft\OpenFolder\zh-Hans\Microsoft.VisualStudio.Workspace.Implementation.resources.dll file deleted.
[3474:0009][2026-05-10T01:46:09] Processing file /zh-Hans/Microsoft.VisualStudio.Workspace.resources.dll
[3474:0009][2026-05-10T01:46:09] D:\Program Files (x86)\Microsoft Visual Studio\2022\BuildTools\Common7\IDE\CommonExtensions\Microsoft\OpenFolder\zh-Hans\Microsoft.VisualStudio.Workspace.resources.dll file deleted.
[3474:0009][2026-05-10T01:46:09] Processing file /zh-Hant/Microsoft.VisualStudio.Workspace.Extensions.Implementation.VS.resources.dll
[3474:0009][2026-05-10T01:46:09] D:\Program Files (x86)\Microsoft Visual Studio\2022\BuildTools\Common7\IDE\CommonExtensions\Microsoft\OpenFolder\zh-Hant\Microsoft.VisualStudio.Workspace.Extensions.Implementation.VS.resources.dll file deleted.
[3474:0009][2026-05-10T01:46:09] Processing file /zh-Hant/Microsoft.VisualStudio.Workspace.Extensions.Implementation.resources.dll
[3474:0009][2026-05-10T01:46:09] D:\Program Files (x86)\Microsoft Visual Studio\2022\BuildTools\Common7\IDE\CommonExtensions\Microsoft\OpenFolder\zh-Hant\Microsoft.VisualStudio.Workspace.Extensions.Implementation.resources.dll file deleted.
[3474:0009][2026-05-10T01:46:09] Processing file /zh-Hant/Microsoft.VisualStudio.Workspace.Extensions.resources.dll
[3474:0009][2026-05-10T01:46:09] D:\Program Files (x86)\Microsoft Visual Studio\2022\BuildTools\Common7\IDE\CommonExtensions\Microsoft\OpenFolder\zh-Hant\Microsoft.VisualStudio.Workspace.Extensions.resources.dll file deleted.
[3474:0009][2026-05-10T01:46:09] Processing file /zh-Hant/Microsoft.VisualStudio.Workspace.VSIntegration.resources.dll
[3474:0009][2026-05-10T01:46:09] D:\Program Files (x86)\Microsoft Visual Studio\2022\BuildTools\Common7\IDE\CommonExtensions\Microsoft\OpenFolder\zh-Hant\Microsoft.VisualStudio.Workspace.VSIntegration.resources.dll file deleted.
[3474:0009][2026-05-10T01:46:09] Processing file /zh-Hant/Microsoft.VisualStudio.Workspace.Implementation.resources.dll
[3474:0009][2026-05-10T01:46:09] D:\Program Files (x86)\Microsoft Visual Studio\2022\BuildTools\Common7\IDE\CommonExtensions\Microsoft\OpenFolder\zh-Hant\Microsoft.VisualStudio.Workspace.Implementation.resources.dll file deleted.
[3474:0009][2026-05-10T01:46:09] Processing file /zh-Hant/Microsoft.VisualStudio.Workspace.resources.dll
[3474:0009][2026-05-10T01:46:09] D:\Program Files (x86)\Microsoft Visual Studio\2022\BuildTools\Common7\IDE\CommonExtensions\Microsoft\OpenFolder\zh-Hant\Microsoft.VisualStudio.Workspace.resources.dll file deleted.
[3474:0009][2026-05-10T01:46:09] Processing file /cs/Microsoft.VisualStudio.Workspace.Extensions.Implementation.VS.resources.dll
[3474:0009][2026-05-10T01:46:09] D:\Program Files (x86)\Microsoft Visual Studio\2022\BuildTools\Common7\IDE\CommonExtensions\Microsoft\OpenFolder\cs\Microsoft.VisualStudio.Workspace.Extensions.Implementation.VS.resources.dll file deleted.
[3474:0009][2026-05-10T01:46:09] Processing file /cs/Microsoft.VisualStudio.Workspace.Extensions.Implementation.resources.dll
[3474:0009][2026-05-10T01:46:09] D:\Program Files (x86)\Microsoft Visual Studio\2022\BuildTools\Common7\IDE\CommonExtensions\Microsoft\OpenFolder\cs\Microsoft.VisualStudio.Workspace.Extensions.Implementation.resources.dll file deleted.
[3474:0009][2026-05-10T01:46:09] Processing file /cs/Microsoft.VisualStudio.Workspace.Extensions.resources.dll
[3474:0009][2026-05-10T01:46:09] D:\Program Files (x86)\Microsoft Visual Studio\2022\BuildTools\Common7\IDE\CommonExtensions\Microsoft\OpenFolder\cs\Microsoft.VisualStudio.Workspace.Extensions.resources.dll file deleted.
[3474:0009][2026-05-10T01:46:09] Processing file /cs/Microsoft.VisualStudio.Workspace.VSIntegration.resources.dll
[3474:0009][2026-05-10T01:46:09] D:\Program Files (x86)\Microsoft Visual Studio\2022\BuildTools\Common7\IDE\CommonExtensions\Microsoft\OpenFolder\cs\Microsoft.VisualStudio.Workspace.VSIntegration.resources.dll file deleted.
[3474:0009][2026-05-10T01:46:09] Processing file /cs/Microsoft.VisualStudio.Workspace.Implementation.resources.dll
[3474:0009][2026-05-10T01:46:09] D:\Program Files (x86)\Microsoft Visual Studio\2022\BuildTools\Common7\IDE\CommonExtensions\Microsoft\OpenFolder\cs\Microsoft.VisualStudio.Workspace.Implementation.resources.dll file deleted.
[3474:0009][2026-05-10T01:46:09] Processing file /cs/Microsoft.VisualStudio.Workspace.resources.dll
[3474:0009][2026-05-10T01:46:09] D:\Program Files (x86)\Microsoft Visual Studio\2022\BuildTools\Common7\IDE\CommonExtensions\Microsoft\OpenFolder\cs\Microsoft.VisualStudio.Workspace.resources.dll file deleted.
[3474:0009][2026-05-10T01:46:09] Processing file /de/Microsoft.VisualStudio.Workspace.Extensions.Implementation.VS.resources.dll
[3474:0009][2026-05-10T01:46:09] D:\Program Files (x86)\Microsoft Visual Studio\2022\BuildTools\Common7\IDE\CommonExtensions\Microsoft\OpenFolder\de\Microsoft.VisualStudio.Workspace.Extensions.Implementation.VS.resources.dll file deleted.
[3474:0009][2026-05-10T01:46:09] Processing file /de/Microsoft.VisualStudio.Workspace.Extensions.Implementation.resources.dll
[3474:0009][2026-05-10T01:46:09] D:\Program Files (x86)\Microsoft Visual Studio\2022\BuildTools\Common7\IDE\CommonExtensions\Microsoft\OpenFolder\de\Microsoft.VisualStudio.Workspace.Extensions.Implementation.resources.dll file deleted.
[3474:0009][2026-05-10T01:46:09] Processing file /de/Microsoft.VisualStudio.Workspace.Extensions.resources.dll
[3474:0009][2026-05-10T01:46:09] D:\Program Files (x86)\Microsoft Visual Studio\2022\BuildTools\Common7\IDE\CommonExtensions\Microsoft\OpenFolder\de\Microsoft.VisualStudio.Workspace.Extensions.resources.dll file deleted.
[3474:0009][2026-05-10T01:46:09] Processing file /de/Microsoft.VisualStudio.Workspace.VSIntegration.resources.dll
[3474:0009][2026-05-10T01:46:09] D:\Program Files (x86)\Microsoft Visual Studio\2022\BuildTools\Common7\IDE\CommonExtensions\Microsoft\OpenFolder\de\Microsoft.VisualStudio.Workspace.VSIntegration.resources.dll file deleted.
[3474:0009][2026-05-10T01:46:09] Processing file /de/Microsoft.VisualStudio.Workspace.Implementation.resources.dll
[3474:0009][2026-05-10T01:46:09] D:\Program Files (x86)\Microsoft Visual Studio\2022\BuildTools\Common7\IDE\CommonExtensions\Microsoft\OpenFolder\de\Microsoft.VisualStudio.Workspace.Implementation.resources.dll file deleted.
[3474:0009][2026-05-10T01:46:09] Processing file /de/Microsoft.VisualStudio.Workspace.resources.dll
[3474:0009][2026-05-10T01:46:09] D:\Program Files (x86)\Microsoft Visual Studio\2022\BuildTools\Common7\IDE\CommonExtensions\Microsoft\OpenFolder\de\Microsoft.VisualStudio.Workspace.resources.dll file deleted.
[3474:0009][2026-05-10T01:46:09] Processing file /es/Microsoft.VisualStudio.Workspace.Extensions.Implementation.VS.resources.dll
[3474:0009][2026-05-10T01:46:09] D:\Program Files (x86)\Microsoft Visual Studio\2022\BuildTools\Common7\IDE\CommonExtensions\Microsoft\OpenFolder\es\Microsoft.VisualStudio.Workspace.Extensions.Implementation.VS.resources.dll file deleted.
[3474:0009][2026-05-10T01:46:09] Processing file /es/Microsoft.VisualStudio.Workspace.Extensions.Implementation.resources.dll
[3474:0009][2026-05-10T01:46:09] D:\Program Files (x86)\Microsoft Visual Studio\2022\BuildTools\Common7\IDE\CommonExtensions\Microsoft\OpenFolder\es\Microsoft.VisualStudio.Workspace.Extensions.Implementation.resources.dll file deleted.
[3474:0009][2026-05-10T01:46:09] Processing file /es/Microsoft.VisualStudio.Workspace.Extensions.resources.dll
[3474:0009][2026-05-10T01:46:09] D:\Program Files (x86)\Microsoft Visual Studio\2022\BuildTools\Common7\IDE\CommonExtensions\Microsoft\OpenFolder\es\Microsoft.VisualStudio.Workspace.Extensions.resources.dll file deleted.
[3474:0009][2026-05-10T01:46:09] Processing file /es/Microsoft.VisualStudio.Workspace.VSIntegration.resources.dll
[3474:0009][2026-05-10T01:46:09] D:\Program Files (x86)\Microsoft Visual Studio\2022\BuildTools\Common7\IDE\CommonExtensions\Microsoft\OpenFolder\es\Microsoft.VisualStudio.Workspace.VSIntegration.resources.dll file deleted.
[3474:0009][2026-05-10T01:46:09] Processing file /es/Microsoft.VisualStudio.Workspace.Implementation.resources.dll
[3474:0009][2026-05-10T01:46:09] D:\Program Files (x86)\Microsoft Visual Studio\2022\BuildTools\Common7\IDE\CommonExtensions\Microsoft\OpenFolder\es\Microsoft.VisualStudio.Workspace.Implementation.resources.dll file deleted.
[3474:0009][2026-05-10T01:46:09] Processing file /es/Microsoft.VisualStudio.Workspace.resources.dll
[3474:0009][2026-05-10T01:46:09] D:\Program Files (x86)\Microsoft Visual Studio\2022\BuildTools\Common7\IDE\CommonExtensions\Microsoft\OpenFolder\es\Microsoft.VisualStudio.Workspace.resources.dll file deleted.
[3474:0009][2026-05-10T01:46:09] Processing file /fr/Microsoft.VisualStudio.Workspace.Extensions.Implementation.VS.resources.dll
[3474:0009][2026-05-10T01:46:09] D:\Program Files (x86)\Microsoft Visual Studio\2022\BuildTools\Common7\IDE\CommonExtensions\Microsoft\OpenFolder\fr\Microsoft.VisualStudio.Workspace.Extensions.Implementation.VS.resources.dll file deleted.
[3474:0009][2026-05-10T01:46:09] Processing file /fr/Microsoft.VisualStudio.Workspace.Extensions.Implementation.resources.dll
[3474:0009][2026-05-10T01:46:09] D:\Program Files (x86)\Microsoft Visual Studio\2022\BuildTools\Common7\IDE\CommonExtensions\Microsoft\OpenFolder\fr\Microsoft.VisualStudio.Workspace.Extensions.Implementation.resources.dll file deleted.
[3474:0009][2026-05-10T01:46:09] Processing file /fr/Microsoft.VisualStudio.Workspace.Extensions.resources.dll
[3474:0009][2026-05-10T01:46:09] D:\Program Files (x86)\Microsoft Visual Studio\2022\BuildTools\Common7\IDE\CommonExtensions\Microsoft\OpenFolder\fr\Microsoft.VisualStudio.Workspace.Extensions.resources.dll file deleted.
[3474:0009][2026-05-10T01:46:09] Processing file /fr/Microsoft.VisualStudio.Workspace.VSIntegration.resources.dll
[3474:0009][2026-05-10T01:46:09] D:\Program Files (x86)\Microsoft Visual Studio\2022\BuildTools\Common7\IDE\CommonExtensions\Microsoft\OpenFolder\fr\Microsoft.VisualStudio.Workspace.VSIntegration.resources.dll file deleted.
[3474:0009][2026-05-10T01:46:09] Processing file /fr/Microsoft.VisualStudio.Workspace.Implementation.resources.dll
[3474:0009][2026-05-10T01:46:09] D:\Program Files (x86)\Microsoft Visual Studio\2022\BuildTools\Common7\IDE\CommonExtensions\Microsoft\OpenFolder\fr\Microsoft.VisualStudio.Workspace.Implementation.resources.dll file deleted.
[3474:0009][2026-05-10T01:46:09] Processing file /fr/Microsoft.VisualStudio.Workspace.resources.dll
[3474:0009][2026-05-10T01:46:09] D:\Program Files (x86)\Microsoft Visual Studio\2022\BuildTools\Common7\IDE\CommonExtensions\Microsoft\OpenFolder\fr\Microsoft.VisualStudio.Workspace.resources.dll file deleted.
[3474:0009][2026-05-10T01:46:09] Processing file /it/Microsoft.VisualStudio.Workspace.Extensions.Implementation.VS.resources.dll
[3474:0009][2026-05-10T01:46:09] D:\Program Files (x86)\Microsoft Visual Studio\2022\BuildTools\Common7\IDE\CommonExtensions\Microsoft\OpenFolder\it\Microsoft.VisualStudio.Workspace.Extensions.Implementation.VS.resources.dll file deleted.
[3474:0009][2026-05-10T01:46:09] Processing file /it/Microsoft.VisualStudio.Workspace.Extensions.Implementation.resources.dll
[3474:0009][2026-05-10T01:46:09] D:\Program Files (x86)\Microsoft Visual Studio\2022\BuildTools\Common7\IDE\CommonExtensions\Microsoft\OpenFolder\it\Microsoft.VisualStudio.Workspace.Extensions.Implementation.resources.dll file deleted.
[3474:0009][2026-05-10T01:46:09] Processing file /it/Microsoft.VisualStudio.Workspace.Extensions.resources.dll
[3474:0009][2026-05-10T01:46:09] D:\Program Files (x86)\Microsoft Visual Studio\2022\BuildTools\Common7\IDE\CommonExtensions\Microsoft\OpenFolder\it\Microsoft.VisualStudio.Workspace.Extensions.resources.dll file deleted.
[3474:0009][2026-05-10T01:46:09] Processing file /it/Microsoft.VisualStudio.Workspace.VSIntegration.resources.dll
[3474:0009][2026-05-10T01:46:09] D:\Program Files (x86)\Microsoft Visual Studio\2022\BuildTools\Common7\IDE\CommonExtensions\Microsoft\OpenFolder\it\Microsoft.VisualStudio.Workspace.VSIntegration.resources.dll file deleted.
[3474:0009][2026-05-10T01:46:09] Processing file /it/Microsoft.VisualStudio.Workspace.Implementation.resources.dll
[3474:0009][2026-05-10T01:46:09] D:\Program Files (x86)\Microsoft Visual Studio\2022\BuildTools\Common7\IDE\CommonExtensions\Microsoft\OpenFolder\it\Microsoft.VisualStudio.Workspace.Implementation.resources.dll file deleted.
[3474:0009][2026-05-10T01:46:09] Processing file /it/Microsoft.VisualStudio.Workspace.resources.dll
[3474:0009][2026-05-10T01:46:09] D:\Program Files (x86)\Microsoft Visual Studio\2022\BuildTools\Common7\IDE\CommonExtensions\Microsoft\OpenFolder\it\Microsoft.VisualStudio.Workspace.resources.dll file deleted.
[3474:0009][2026-05-10T01:46:09] Processing file /ja/Microsoft.VisualStudio.Workspace.Extensions.Implementation.VS.resources.dll
[3474:0009][2026-05-10T01:46:09] D:\Program Files (x86)\Microsoft Visual Studio\2022\BuildTools\Common7\IDE\CommonExtensions\Microsoft\OpenFolder\ja\Microsoft.VisualStudio.Workspace.Extensions.Implementation.VS.resources.dll file deleted.
[3474:0009][2026-05-10T01:46:09] Processing file /ja/Microsoft.VisualStudio.Workspace.Extensions.Implementation.resources.dll
[3474:0009][2026-05-10T01:46:09] D:\Program Files (x86)\Microsoft Visual Studio\2022\BuildTools\Common7\IDE\CommonExtensions\Microsoft\OpenFolder\ja\Microsoft.VisualStudio.Workspace.Extensions.Implementation.resources.dll file deleted.
[3474:0009][2026-05-10T01:46:09] Processing file /ja/Microsoft.VisualStudio.Workspace.Extensions.resources.dll
[3474:0009][2026-05-10T01:46:09] D:\Program Files (x86)\Microsoft Visual Studio\2022\BuildTools\Common7\IDE\CommonExtensions\Microsoft\OpenFolder\ja\Microsoft.VisualStudio.Workspace.Extensions.resources.dll file deleted.
[3474:0009][2026-05-10T01:46:09] Processing file /ja/Microsoft.VisualStudio.Workspace.VSIntegration.resources.dll
[3474:0009][2026-05-10T01:46:09] D:\Program Files (x86)\Microsoft Visual Studio\2022\BuildTools\Common7\IDE\CommonExtensions\Microsoft\OpenFolder\ja\Microsoft.VisualStudio.Workspace.VSIntegration.resources.dll file deleted.
[3474:0009][2026-05-10T01:46:09] Processing file /ja/Microsoft.VisualStudio.Workspace.Implementation.resources.dll
[3474:0009][2026-05-10T01:46:09] D:\Program Files (x86)\Microsoft Visual Studio\2022\BuildTools\Common7\IDE\CommonExtensions\Microsoft\OpenFolder\ja\Microsoft.VisualStudio.Workspace.Implementation.resources.dll file deleted.
[3474:0009][2026-05-10T01:46:09] Processing file /ja/Microsoft.VisualStudio.Workspace.resources.dll
[3474:0009][2026-05-10T01:46:09] D:\Program Files (x86)\Microsoft Visual Studio\2022\BuildTools\Common7\IDE\CommonExtensions\Microsoft\OpenFolder\ja\Microsoft.VisualStudio.Workspace.resources.dll file deleted.
[3474:0009][2026-05-10T01:46:09] Processing file /ko/Microsoft.VisualStudio.Workspace.Extensions.Implementation.VS.resources.dll
[3474:0009][2026-05-10T01:46:09] D:\Program Files (x86)\Microsoft Visual Studio\2022\BuildTools\Common7\IDE\CommonExtensions\Microsoft\OpenFolder\ko\Microsoft.VisualStudio.Workspace.Extensions.Implementation.VS.resources.dll file deleted.
[3474:0009][2026-05-10T01:46:09] Processing file /ko/Microsoft.VisualStudio.Workspace.Extensions.Implementation.resources.dll
[3474:0009][2026-05-10T01:46:09] D:\Program Files (x86)\Microsoft Visual Studio\2022\BuildTools\Common7\IDE\CommonExtensions\Microsoft\OpenFolder\ko\Microsoft.VisualStudio.Workspace.Extensions.Implementation.resources.dll file deleted.
[3474:0009][2026-05-10T01:46:09] Processing file /ko/Microsoft.VisualStudio.Workspace.Extensions.resources.dll
[3474:0009][2026-05-10T01:46:09] D:\Program Files (x86)\Microsoft Visual Studio\2022\BuildTools\Common7\IDE\CommonExtensions\Microsoft\OpenFolder\ko\Microsoft.VisualStudio.Workspace.Extensions.resources.dll file deleted.
[3474:0009][2026-05-10T01:46:09] Processing file /ko/Microsoft.VisualStudio.Workspace.VSIntegration.resources.dll
[3474:0009][2026-05-10T01:46:09] D:\Program Files (x86)\Microsoft Visual Studio\2022\BuildTools\Common7\IDE\CommonExtensions\Microsoft\OpenFolder\ko\Microsoft.VisualStudio.Workspace.VSIntegration.resources.dll file deleted.
[3474:0009][2026-05-10T01:46:09] Processing file /ko/Microsoft.VisualStudio.Workspace.Implementation.resources.dll
[3474:0009][2026-05-10T01:46:09] D:\Program Files (x86)\Microsoft Visual Studio\2022\BuildTools\Common7\IDE\CommonExtensions\Microsoft\OpenFolder\ko\Microsoft.VisualStudio.Workspace.Implementation.resources.dll file deleted.
[3474:0009][2026-05-10T01:46:09] Processing file /ko/Microsoft.VisualStudio.Workspace.resources.dll
[3474:0009][2026-05-10T01:46:09] D:\Program Files (x86)\Microsoft Visual Studio\2022\BuildTools\Common7\IDE\CommonExtensions\Microsoft\OpenFolder\ko\Microsoft.VisualStudio.Workspace.resources.dll file deleted.
[3474:0009][2026-05-10T01:46:09] Processing file /pl/Microsoft.VisualStudio.Workspace.Extensions.Implementation.VS.resources.dll
[3474:0009][2026-05-10T01:46:09] D:\Program Files (x86)\Microsoft Visual Studio\2022\BuildTools\Common7\IDE\CommonExtensions\Microsoft\OpenFolder\pl\Microsoft.VisualStudio.Workspace.Extensions.Implementation.VS.resources.dll file deleted.
[3474:0009][2026-05-10T01:46:09] Processing file /pl/Microsoft.VisualStudio.Workspace.Extensions.Implementation.resources.dll
[3474:0009][2026-05-10T01:46:09] D:\Program Files (x86)\Microsoft Visual Studio\2022\BuildTools\Common7\IDE\CommonExtensions\Microsoft\OpenFolder\pl\Microsoft.VisualStudio.Workspace.Extensions.Implementation.resources.dll file deleted.
[3474:0009][2026-05-10T01:46:09] Processing file /pl/Microsoft.VisualStudio.Workspace.Extensions.resources.dll
[3474:0009][2026-05-10T01:46:09] D:\Program Files (x86)\Microsoft Visual Studio\2022\BuildTools\Common7\IDE\CommonExtensions\Microsoft\OpenFolder\pl\Microsoft.VisualStudio.Workspace.Extensions.resources.dll file deleted.
[3474:0009][2026-05-10T01:46:09] Processing file /pl/Microsoft.VisualStudio.Workspace.VSIntegration.resources.dll
[3474:0009][2026-05-10T01:46:09] D:\Program Files (x86)\Microsoft Visual Studio\2022\BuildTools\Common7\IDE\CommonExtensions\Microsoft\OpenFolder\pl\Microsoft.VisualStudio.Workspace.VSIntegration.resources.dll file deleted.
[3474:0009][2026-05-10T01:46:09] Processing file /pl/Microsoft.VisualStudio.Workspace.Implementation.resources.dll
[3474:0009][2026-05-10T01:46:09] D:\Program Files (x86)\Microsoft Visual Studio\2022\BuildTools\Common7\IDE\CommonExtensions\Microsoft\OpenFolder\pl\Microsoft.VisualStudio.Workspace.Implementation.resources.dll file deleted.
[3474:0009][2026-05-10T01:46:09] Processing file /pl/Microsoft.VisualStudio.Workspace.resources.dll
[3474:0009][2026-05-10T01:46:09] D:\Program Files (x86)\Microsoft Visual Studio\2022\BuildTools\Common7\IDE\CommonExtensions\Microsoft\OpenFolder\pl\Microsoft.VisualStudio.Workspace.resources.dll file deleted.
[3474:0009][2026-05-10T01:46:09] Processing file /pt-BR/Microsoft.VisualStudio.Workspace.Extensions.Implementation.VS.resources.dll
[3474:0009][2026-05-10T01:46:09] D:\Program Files (x86)\Microsoft Visual Studio\2022\BuildTools\Common7\IDE\CommonExtensions\Microsoft\OpenFolder\pt-BR\Microsoft.VisualStudio.Workspace.Extensions.Implementation.VS.resources.dll file deleted.
[3474:0009][2026-05-10T01:46:09] Processing file /pt-BR/Microsoft.VisualStudio.Workspace.Extensions.Implementation.resources.dll
[3474:0009][2026-05-10T01:46:09] D:\Program Files (x86)\Microsoft Visual Studio\2022\BuildTools\Common7\IDE\CommonExtensions\Microsoft\OpenFolder\pt-BR\Microsoft.VisualStudio.Workspace.Extensions.Implementation.resources.dll file deleted.
[3474:0009][2026-05-10T01:46:09] Processing file /pt-BR/Microsoft.VisualStudio.Workspace.Extensions.resources.dll
[3474:0009][2026-05-10T01:46:09] D:\Program Files (x86)\Microsoft Visual Studio\2022\BuildTools\Common7\IDE\CommonExtensions\Microsoft\OpenFolder\pt-BR\Microsoft.VisualStudio.Workspace.Extensions.resources.dll file deleted.
[3474:0009][2026-05-10T01:46:09] Processing file /pt-BR/Microsoft.VisualStudio.Workspace.VSIntegration.resources.dll
[3474:0009][2026-05-10T01:46:09] D:\Program Files (x86)\Microsoft Visual Studio\2022\BuildTools\Common7\IDE\CommonExtensions\Microsoft\OpenFolder\pt-BR\Microsoft.VisualStudio.Workspace.VSIntegration.resources.dll file deleted.
[3474:0009][2026-05-10T01:46:09] Processing file /pt-BR/Microsoft.VisualStudio.Workspace.Implementation.resources.dll
[3474:0009][2026-05-10T01:46:09] D:\Program Files (x86)\Microsoft Visual Studio\2022\BuildTools\Common7\IDE\CommonExtensions\Microsoft\OpenFolder\pt-BR\Microsoft.VisualStudio.Workspace.Implementation.resources.dll file deleted.
[3474:0009][2026-05-10T01:46:09] Processing file /pt-BR/Microsoft.VisualStudio.Workspace.resources.dll
[3474:0009][2026-05-10T01:46:09] D:\Program Files (x86)\Microsoft Visual Studio\2022\BuildTools\Common7\IDE\CommonExtensions\Microsoft\OpenFolder\pt-BR\Microsoft.VisualStudio.Workspace.resources.dll file deleted.
[3474:0009][2026-05-10T01:46:09] Processing file /ru/Microsoft.VisualStudio.Workspace.Extensions.Implementation.VS.resources.dll
[3474:0009][2026-05-10T01:46:09] D:\Program Files (x86)\Microsoft Visual Studio\2022\BuildTools\Common7\IDE\CommonExtensions\Microsoft\OpenFolder\ru\Microsoft.VisualStudio.Workspace.Extensions.Implementation.VS.resources.dll file deleted.
[3474:0009][2026-05-10T01:46:09] Processing file /ru/Microsoft.VisualStudio.Workspace.Extensions.Implementation.resources.dll
[3474:0009][2026-05-10T01:46:09] D:\Program Files (x86)\Microsoft Visual Studio\2022\BuildTools\Common7\IDE\CommonExtensions\Microsoft\OpenFolder\ru\Microsoft.VisualStudio.Workspace.Extensions.Implementation.resources.dll file deleted.
[3474:0009][2026-05-10T01:46:09] Processing file /ru/Microsoft.VisualStudio.Workspace.Extensions.resources.dll
[3474:0009][2026-05-10T01:46:09] D:\Program Files (x86)\Microsoft Visual Studio\2022\BuildTools\Common7\IDE\CommonExtensions\Microsoft\OpenFolder\ru\Microsoft.VisualStudio.Workspace.Extensions.resources.dll file deleted.
[3474:0009][2026-05-10T01:46:09] Processing file /ru/Microsoft.VisualStudio.Workspace.VSIntegration.resources.dll
[3474:0009][2026-05-10T01:46:09] D:\Program Files (x86)\Microsoft Visual Studio\2022\BuildTools\Common7\IDE\CommonExtensions\Microsoft\OpenFolder\ru\Microsoft.VisualStudio.Workspace.VSIntegration.resources.dll file deleted.
[3474:0009][2026-05-10T01:46:09] Processing file /ru/Microsoft.VisualStudio.Workspace.Implementation.resources.dll
[3474:0009][2026-05-10T01:46:09] D:\Program Files (x86)\Microsoft Visual Studio\2022\BuildTools\Common7\IDE\CommonExtensions\Microsoft\OpenFolder\ru\Microsoft.VisualStudio.Workspace.Implementation.resources.dll file deleted.
[3474:0009][2026-05-10T01:46:09] Processing file /ru/Microsoft.VisualStudio.Workspace.resources.dll
[3474:0009][2026-05-10T01:46:09] D:\Program Files (x86)\Microsoft Visual Studio\2022\BuildTools\Common7\IDE\CommonExtensions\Microsoft\OpenFolder\ru\Microsoft.VisualStudio.Workspace.resources.dll file deleted.
[3474:0009][2026-05-10T01:46:09] Processing file /tr/Microsoft.VisualStudio.Workspace.Extensions.Implementation.VS.resources.dll
[3474:0009][2026-05-10T01:46:09] D:\Program Files (x86)\Microsoft Visual Studio\2022\BuildTools\Common7\IDE\CommonExtensions\Microsoft\OpenFolder\tr\Microsoft.VisualStudio.Workspace.Extensions.Implementation.VS.resources.dll file deleted.
[3474:0009][2026-05-10T01:46:09] Processing file /tr/Microsoft.VisualStudio.Workspace.Extensions.Implementation.resources.dll
[3474:0009][2026-05-10T01:46:09] D:\Program Files (x86)\Microsoft Visual Studio\2022\BuildTools\Common7\IDE\CommonExtensions\Microsoft\OpenFolder\tr\Microsoft.VisualStudio.Workspace.Extensions.Implementation.resources.dll file deleted.
[3474:0009][2026-05-10T01:46:09] Processing file /tr/Microsoft.VisualStudio.Workspace.Extensions.resources.dll
[3474:0009][2026-05-10T01:46:09] D:\Program Files (x86)\Microsoft Visual Studio\2022\BuildTools\Common7\IDE\CommonExtensions\Microsoft\OpenFolder\tr\Microsoft.VisualStudio.Workspace.Extensions.resources.dll file deleted.
[3474:0009][2026-05-10T01:46:09] Processing file /tr/Microsoft.VisualStudio.Workspace.VSIntegration.resources.dll
[3474:0009][2026-05-10T01:46:09] D:\Program Files (x86)\Microsoft Visual Studio\2022\BuildTools\Common7\IDE\CommonExtensions\Microsoft\OpenFolder\tr\Microsoft.VisualStudio.Workspace.VSIntegration.resources.dll file deleted.
[3474:0009][2026-05-10T01:46:09] Processing file /tr/Microsoft.VisualStudio.Workspace.Implementation.resources.dll
[3474:0009][2026-05-10T01:46:09] D:\Program Files (x86)\Microsoft Visual Studio\2022\BuildTools\Common7\IDE\CommonExtensions\Microsoft\OpenFolder\tr\Microsoft.VisualStudio.Workspace.Implementation.resources.dll file deleted.
[3474:0009][2026-05-10T01:46:09] Processing file /tr/Microsoft.VisualStudio.Workspace.resources.dll
[3474:0009][2026-05-10T01:46:09] D:\Program Files (x86)\Microsoft Visual Studio\2022\BuildTools\Common7\IDE\CommonExtensions\Microsoft\OpenFolder\tr\Microsoft.VisualStudio.Workspace.resources.dll file deleted.
[3474:0009][2026-05-10T01:46:09] Processing file /DefaultGenericSettings.json
[3474:0009][2026-05-10T01:46:09] D:\Program Files (x86)\Microsoft Visual Studio\2022\BuildTools\Common7\IDE\CommonExtensions\Microsoft\OpenFolder\DefaultGenericSettings.json file deleted.
[3474:0009][2026-05-10T01:46:09] Processing file /VSIntegrationPackage.pkgdef
[3474:0009][2026-05-10T01:46:09] D:\Program Files (x86)\Microsoft Visual Studio\2022\BuildTools\Common7\IDE\CommonExtensions\Microsoft\OpenFolder\VSIntegrationPackage.pkgdef file deleted.
[3474:0009][2026-05-10T01:46:09] Processing file /Microsoft.VisualStudio.Workspace.Extensions.Implementation.VS.dll
[3474:0009][2026-05-10T01:46:09] D:\Program Files (x86)\Microsoft Visual Studio\2022\BuildTools\Common7\IDE\CommonExtensions\Microsoft\OpenFolder\Microsoft.VisualStudio.Workspace.Extensions.Implementation.VS.dll file deleted.
[3474:0009][2026-05-10T01:46:09] Processing file /Microsoft.VisualStudio.Workspace.Extensions.Implementation.dll
[3474:0009][2026-05-10T01:46:09] D:\Program Files (x86)\Microsoft Visual Studio\2022\BuildTools\Common7\IDE\CommonExtensions\Microsoft\OpenFolder\Microsoft.VisualStudio.Workspace.Extensions.Implementation.dll file deleted.
[3474:0009][2026-05-10T01:46:09] Processing file /Microsoft.VisualStudio.Workspace.Extensions.VS.dll
[3474:0009][2026-05-10T01:46:09] D:\Program Files (x86)\Microsoft Visual Studio\2022\BuildTools\Common7\IDE\CommonExtensions\Microsoft\OpenFolder\Microsoft.VisualStudio.Workspace.Extensions.VS.dll file deleted.
[3474:0009][2026-05-10T01:46:09] Processing file /Microsoft.VisualStudio.Workspace.Extensions.dll
[3474:0009][2026-05-10T01:46:09] D:\Program Files (x86)\Microsoft Visual Studio\2022\BuildTools\Common7\IDE\CommonExtensions\Microsoft\OpenFolder\Microsoft.VisualStudio.Workspace.Extensions.dll file deleted.
[3474:0009][2026-05-10T01:46:09] Processing file /Microsoft.VisualStudio.Workspace.VSIntegration.Contracts.dll
[3474:0009][2026-05-10T01:46:09] D:\Program Files (x86)\Microsoft Visual Studio\2022\BuildTools\Common7\IDE\CommonExtensions\Microsoft\OpenFolder\Microsoft.VisualStudio.Workspace.VSIntegration.Contracts.dll file deleted.
[3474:0009][2026-05-10T01:46:09] Processing file /Microsoft.VisualStudio.Workspace.VSIntegration.dll
[3474:0009][2026-05-10T01:46:09] D:\Program Files (x86)\Microsoft Visual Studio\2022\BuildTools\Common7\IDE\CommonExtensions\Microsoft\OpenFolder\Microsoft.VisualStudio.Workspace.VSIntegration.dll file deleted.
[3474:0009][2026-05-10T01:46:09] Processing file /Microsoft.VisualStudio.Workspace.Implementation.dll
[3474:0009][2026-05-10T01:46:09] D:\Program Files (x86)\Microsoft Visual Studio\2022\BuildTools\Common7\IDE\CommonExtensions\Microsoft\OpenFolder\Microsoft.VisualStudio.Workspace.Implementation.dll file deleted.
[3474:0009][2026-05-10T01:46:09] Processing file /Microsoft.VisualStudio.Workspace.dll
[3474:0009][2026-05-10T01:46:09] D:\Program Files (x86)\Microsoft Visual Studio\2022\BuildTools\Common7\IDE\CommonExtensions\Microsoft\OpenFolder\Microsoft.VisualStudio.Workspace.dll file deleted.
[3474:0009][2026-05-10T01:46:09] Processing file /manifest.json
[3474:0009][2026-05-10T01:46:09] D:\Program Files (x86)\Microsoft Visual Studio\2022\BuildTools\Common7\IDE\CommonExtensions\Microsoft\OpenFolder\manifest.json file deleted.
[3474:0009][2026-05-10T01:46:09] Processing file /catalog.json
[3474:0009][2026-05-10T01:46:09] D:\Program Files (x86)\Microsoft Visual Studio\2022\BuildTools\Common7\IDE\CommonExtensions\Microsoft\OpenFolder\catalog.json file deleted.
[3474:0009][2026-05-10T01:46:09] Started: Deleting empty directories
[3474:0009][2026-05-10T01:46:09] Completed: Deleting empty directories
[3474:0009][2026-05-10T01:46:09] Package executed successfully. Return code: 0
