[3c7c:000c][2026-05-10T01:35:59] Opening the package for processing
[3c7c:000c][2026-05-10T01:35:59] Using package payload to get the embedded manifest
[3c7c:000c][2026-05-10T01:35:59] Getting list of files within the package
[3c7c:000c][2026-05-10T01:35:59] Processing file /Contents/Common7/IDE/Extensions/Microsoft/Dot%20Net/ItemTemplates/Code/1033/Class/Class.cs
[3c7c:000c][2026-05-10T01:35:59] Started: Copying file /Contents/Common7/IDE/Extensions/Microsoft/Dot%20Net/ItemTemplates/Code/1033/Class/Class.cs to C:\Program Files (x86)\Microsoft Visual Studio\2022\BuildTools\Common7\IDE\Extensions\Microsoft\Dot Net\ItemTemplates\Code\1033\Class\Class.cs
[3c7c:000c][2026-05-10T01:35:59] Completed: Copying file /Contents/Common7/IDE/Extensions/Microsoft/Dot%20Net/ItemTemplates/Code/1033/Class/Class.cs to C:\Program Files (x86)\Microsoft Visual Studio\2022\BuildTools\Common7\IDE\Extensions\Microsoft\Dot Net\ItemTemplates\Code\1033\Class\Class.cs
[3c7c:000c][2026-05-10T01:35:59] Timestamp updated for file 'C:\Program Files (x86)\Microsoft Visual Studio\2022\BuildTools\Common7\IDE\Extensions\Microsoft\Dot Net\ItemTemplates\Code\1033\Class\Class.cs'.
[3c7c:000c][2026-05-10T01:35:59] Processing file /Contents/Common7/IDE/Extensions/Microsoft/Dot%20Net/ItemTemplates/Code/1033/Class/Class.vstemplate
[3c7c:000c][2026-05-10T01:35:59] Started: Copying file /Contents/Common7/IDE/Extensions/Microsoft/Dot%20Net/ItemTemplates/Code/1033/Class/Class.vstemplate to C:\Program Files (x86)\Microsoft Visual Studio\2022\BuildTools\Common7\IDE\Extensions\Microsoft\Dot Net\ItemTemplates\Code\1033\Class\Class.vstemplate
[3c7c:000c][2026-05-10T01:35:59] Completed: Copying file /Contents/Common7/IDE/Extensions/Microsoft/Dot%20Net/ItemTemplates/Code/1033/Class/Class.vstemplate to C:\Program Files (x86)\Microsoft Visual Studio\2022\BuildTools\Common7\IDE\Extensions\Microsoft\Dot Net\ItemTemplates\Code\1033\Class\Class.vstemplate
[3c7c:000c][2026-05-10T01:35:59] Timestamp updated for file 'C:\Program Files (x86)\Microsoft Visual Studio\2022\BuildTools\Common7\IDE\Extensions\Microsoft\Dot Net\ItemTemplates\Code\1033\Class\Class.vstemplate'.
[3c7c:000c][2026-05-10T01:35:59] Processing file /Contents/Common7/IDE/Extensions/Microsoft/Dot%20Net/ItemTemplates/Code/1033/CodeFile/CodeFile.cs
[3c7c:000c][2026-05-10T01:35:59] Started: Copying file /Contents/Common7/IDE/Extensions/Microsoft/Dot%20Net/ItemTemplates/Code/1033/CodeFile/CodeFile.cs to C:\Program Files (x86)\Microsoft Visual Studio\2022\BuildTools\Common7\IDE\Extensions\Microsoft\Dot Net\ItemTemplates\Code\1033\CodeFile\CodeFile.cs
[3c7c:000c][2026-05-10T01:35:59] Completed: Copying file /Contents/Common7/IDE/Extensions/Microsoft/Dot%20Net/ItemTemplates/Code/1033/CodeFile/CodeFile.cs to C:\Program Files (x86)\Microsoft Visual Studio\2022\BuildTools\Common7\IDE\Extensions\Microsoft\Dot Net\ItemTemplates\Code\1033\CodeFile\CodeFile.cs
[3c7c:000c][2026-05-10T01:35:59] Timestamp updated for file 'C:\Program Files (x86)\Microsoft Visual Studio\2022\BuildTools\Common7\IDE\Extensions\Microsoft\Dot Net\ItemTemplates\Code\1033\CodeFile\CodeFile.cs'.
[3c7c:000c][2026-05-10T01:35:59] Processing file /Contents/Common7/IDE/Extensions/Microsoft/Dot%20Net/ItemTemplates/Code/1033/CodeFile/CodeFile.vstemplate
[3c7c:000c][2026-05-10T01:35:59] Started: Copying file /Contents/Common7/IDE/Extensions/Microsoft/Dot%20Net/ItemTemplates/Code/1033/CodeFile/CodeFile.vstemplate to C:\Program Files (x86)\Microsoft Visual Studio\2022\BuildTools\Common7\IDE\Extensions\Microsoft\Dot Net\ItemTemplates\Code\1033\CodeFile\CodeFile.vstemplate
[3c7c:000c][2026-05-10T01:35:59] Completed: Copying file /Contents/Common7/IDE/Extensions/Microsoft/Dot%20Net/ItemTemplates/Code/1033/CodeFile/CodeFile.vstemplate to C:\Program Files (x86)\Microsoft Visual Studio\2022\BuildTools\Common7\IDE\Extensions\Microsoft\Dot Net\ItemTemplates\Code\1033\CodeFile\CodeFile.vstemplate
[3c7c:000c][2026-05-10T01:35:59] Timestamp updated for file 'C:\Program Files (x86)\Microsoft Visual Studio\2022\BuildTools\Common7\IDE\Extensions\Microsoft\Dot Net\ItemTemplates\Code\1033\CodeFile\CodeFile.vstemplate'.
[3c7c:000c][2026-05-10T01:35:59] Processing file /Contents/Common7/IDE/Extensions/Microsoft/Dot%20Net/ItemTemplates/Code/1033/Interface/Interface.cs
[3c7c:000c][2026-05-10T01:35:59] Started: Copying file /Contents/Common7/IDE/Extensions/Microsoft/Dot%20Net/ItemTemplates/Code/1033/Interface/Interface.cs to C:\Program Files (x86)\Microsoft Visual Studio\2022\BuildTools\Common7\IDE\Extensions\Microsoft\Dot Net\ItemTemplates\Code\1033\Interface\Interface.cs
[3c7c:000c][2026-05-10T01:35:59] Completed: Copying file /Contents/Common7/IDE/Extensions/Microsoft/Dot%20Net/ItemTemplates/Code/1033/Interface/Interface.cs to C:\Program Files (x86)\Microsoft Visual Studio\2022\BuildTools\Common7\IDE\Extensions\Microsoft\Dot Net\ItemTemplates\Code\1033\Interface\Interface.cs
[3c7c:000c][2026-05-10T01:35:59] Timestamp updated for file 'C:\Program Files (x86)\Microsoft Visual Studio\2022\BuildTools\Common7\IDE\Extensions\Microsoft\Dot Net\ItemTemplates\Code\1033\Interface\Interface.cs'.
[3c7c:000c][2026-05-10T01:35:59] Processing file /Contents/Common7/IDE/Extensions/Microsoft/Dot%20Net/ItemTemplates/Code/1033/Interface/Interface.vstemplate
[3c7c:000c][2026-05-10T01:35:59] Started: Copying file /Contents/Common7/IDE/Extensions/Microsoft/Dot%20Net/ItemTemplates/Code/1033/Interface/Interface.vstemplate to C:\Program Files (x86)\Microsoft Visual Studio\2022\BuildTools\Common7\IDE\Extensions\Microsoft\Dot Net\ItemTemplates\Code\1033\Interface\Interface.vstemplate
[3c7c:000c][2026-05-10T01:35:59] Completed: Copying file /Contents/Common7/IDE/Extensions/Microsoft/Dot%20Net/ItemTemplates/Code/1033/Interface/Interface.vstemplate to C:\Program Files (x86)\Microsoft Visual Studio\2022\BuildTools\Common7\IDE\Extensions\Microsoft\Dot Net\ItemTemplates\Code\1033\Interface\Interface.vstemplate
[3c7c:000c][2026-05-10T01:35:59] Timestamp updated for file 'C:\Program Files (x86)\Microsoft Visual Studio\2022\BuildTools\Common7\IDE\Extensions\Microsoft\Dot Net\ItemTemplates\Code\1033\Interface\Interface.vstemplate'.
[3c7c:000c][2026-05-10T01:35:59] Processing file /Contents/Common7/IDE/Extensions/Microsoft/Dot%20Net/ItemTemplates/Microsoft.WebTools.DotNet.Core.ItemTemplates.Item..vstman
[3c7c:000c][2026-05-10T01:35:59] Started: Copying file /Contents/Common7/IDE/Extensions/Microsoft/Dot%20Net/ItemTemplates/Microsoft.WebTools.DotNet.Core.ItemTemplates.Item..vstman to C:\Program Files (x86)\Microsoft Visual Studio\2022\BuildTools\Common7\IDE\Extensions\Microsoft\Dot Net\ItemTemplates\Microsoft.WebTools.DotNet.Core.ItemTemplates.Item..vstman
[3c7c:000c][2026-05-10T01:35:59] Completed: Copying file /Contents/Common7/IDE/Extensions/Microsoft/Dot%20Net/ItemTemplates/Microsoft.WebTools.DotNet.Core.ItemTemplates.Item..vstman to C:\Program Files (x86)\Microsoft Visual Studio\2022\BuildTools\Common7\IDE\Extensions\Microsoft\Dot Net\ItemTemplates\Microsoft.WebTools.DotNet.Core.ItemTemplates.Item..vstman
[3c7c:000c][2026-05-10T01:35:59] Timestamp updated for file 'C:\Program Files (x86)\Microsoft Visual Studio\2022\BuildTools\Common7\IDE\Extensions\Microsoft\Dot Net\ItemTemplates\Microsoft.WebTools.DotNet.Core.ItemTemplates.Item..vstman'.
[3c7c:000c][2026-05-10T01:35:59] Package executed successfully. Return code: 0
