[bd94:0009][2026-05-10T01:00:50] Using cached package manifest as the embedded manifest
[bd94:0009][2026-05-10T01:00:50] Processing file /Contents/Common7/IDE/concrt140.dll
[bd94:0009][2026-05-10T01:00:50] D:\Program\Common7\IDE\concrt140.dll file deleted.
[bd94:0009][2026-05-10T01:00:50] Processing file /Contents/Common7/IDE/msvcp140.dll
[bd94:0009][2026-05-10T01:00:50] D:\Program\Common7\IDE\msvcp140.dll file deleted.
[bd94:0009][2026-05-10T01:00:50] Processing file /Contents/Common7/IDE/msvcp140_atomic_wait.dll
[bd94:0009][2026-05-10T01:00:50] D:\Program\Common7\IDE\msvcp140_atomic_wait.dll file deleted.
[bd94:0009][2026-05-10T01:00:50] Processing file /Contents/Common7/IDE/api-ms-win-core-file-l1-2-0.dll
[bd94:0009][2026-05-10T01:00:50] D:\Program\Common7\IDE\api-ms-win-core-file-l1-2-0.dll file deleted.
[bd94:0009][2026-05-10T01:00:50] Processing file /Contents/Common7/IDE/api-ms-win-core-file-l2-1-0.dll
[bd94:0009][2026-05-10T01:00:50] D:\Program\Common7\IDE\api-ms-win-core-file-l2-1-0.dll file deleted.
[bd94:0009][2026-05-10T01:00:50] Processing file /Contents/Common7/IDE/api-ms-win-core-localization-l1-2-0.dll
[bd94:0009][2026-05-10T01:00:50] D:\Program\Common7\IDE\api-ms-win-core-localization-l1-2-0.dll file deleted.
[bd94:0009][2026-05-10T01:00:50] Processing file /Contents/Common7/IDE/api-ms-win-core-processthreads-l1-1-1.dll
[bd94:0009][2026-05-10T01:00:50] D:\Program\Common7\IDE\api-ms-win-core-processthreads-l1-1-1.dll file deleted.
[bd94:0009][2026-05-10T01:00:50] Processing file /Contents/Common7/IDE/api-ms-win-core-synch-l1-2-0.dll
[bd94:0009][2026-05-10T01:00:50] D:\Program\Common7\IDE\api-ms-win-core-synch-l1-2-0.dll file deleted.
[bd94:0009][2026-05-10T01:00:50] Processing file /Contents/Common7/IDE/api-ms-win-core-timezone-l1-1-0.dll
[bd94:0009][2026-05-10T01:00:50] D:\Program\Common7\IDE\api-ms-win-core-timezone-l1-1-0.dll file deleted.
[bd94:0009][2026-05-10T01:00:50] Processing file /Contents/Common7/IDE/api-ms-win-crt-convert-l1-1-0.dll
[bd94:0009][2026-05-10T01:00:50] D:\Program\Common7\IDE\api-ms-win-crt-convert-l1-1-0.dll file deleted.
[bd94:0009][2026-05-10T01:00:50] Processing file /Contents/Common7/IDE/api-ms-win-crt-environment-l1-1-0.dll
[bd94:0009][2026-05-10T01:00:50] D:\Program\Common7\IDE\api-ms-win-crt-environment-l1-1-0.dll file deleted.
[bd94:0009][2026-05-10T01:00:50] Processing file /Contents/Common7/IDE/api-ms-win-crt-filesystem-l1-1-0.dll
[bd94:0009][2026-05-10T01:00:50] D:\Program\Common7\IDE\api-ms-win-crt-filesystem-l1-1-0.dll file deleted.
[bd94:0009][2026-05-10T01:00:50] Processing file /Contents/Common7/IDE/api-ms-win-crt-heap-l1-1-0.dll
[bd94:0009][2026-05-10T01:00:50] D:\Program\Common7\IDE\api-ms-win-crt-heap-l1-1-0.dll file deleted.
[bd94:0009][2026-05-10T01:00:50] Processing file /Contents/Common7/IDE/api-ms-win-crt-locale-l1-1-0.dll
[bd94:0009][2026-05-10T01:00:50] D:\Program\Common7\IDE\api-ms-win-crt-locale-l1-1-0.dll file deleted.
[bd94:0009][2026-05-10T01:00:50] Processing file /Contents/Common7/IDE/api-ms-win-crt-math-l1-1-0.dll
[bd94:0009][2026-05-10T01:00:50] D:\Program\Common7\IDE\api-ms-win-crt-math-l1-1-0.dll file deleted.
[bd94:0009][2026-05-10T01:00:50] Processing file /Contents/Common7/IDE/api-ms-win-crt-multibyte-l1-1-0.dll
[bd94:0009][2026-05-10T01:00:50] D:\Program\Common7\IDE\api-ms-win-crt-multibyte-l1-1-0.dll file deleted.
[bd94:0009][2026-05-10T01:00:50] Processing file /Contents/Common7/IDE/api-ms-win-crt-runtime-l1-1-0.dll
[bd94:0009][2026-05-10T01:00:50] D:\Program\Common7\IDE\api-ms-win-crt-runtime-l1-1-0.dll file deleted.
[bd94:0009][2026-05-10T01:00:50] Processing file /Contents/Common7/IDE/api-ms-win-crt-stdio-l1-1-0.dll
[bd94:0009][2026-05-10T01:00:50] D:\Program\Common7\IDE\api-ms-win-crt-stdio-l1-1-0.dll file deleted.
[bd94:0009][2026-05-10T01:00:50] Processing file /Contents/Common7/IDE/api-ms-win-crt-string-l1-1-0.dll
[bd94:0009][2026-05-10T01:00:50] D:\Program\Common7\IDE\api-ms-win-crt-string-l1-1-0.dll file deleted.
[bd94:0009][2026-05-10T01:00:50] Processing file /Contents/Common7/IDE/api-ms-win-crt-time-l1-1-0.dll
[bd94:0009][2026-05-10T01:00:50] D:\Program\Common7\IDE\api-ms-win-crt-time-l1-1-0.dll file deleted.
[bd94:0009][2026-05-10T01:00:50] Processing file /Contents/Common7/IDE/api-ms-win-crt-utility-l1-1-0.dll
[bd94:0009][2026-05-10T01:00:50] D:\Program\Common7\IDE\api-ms-win-crt-utility-l1-1-0.dll file deleted.
[bd94:0009][2026-05-10T01:00:50] Processing file /Contents/Common7/IDE/ucrtbase.dll
[bd94:0009][2026-05-10T01:00:50] D:\Program\Common7\IDE\ucrtbase.dll file deleted.
[bd94:0009][2026-05-10T01:00:50] Processing file /Contents/Common7/IDE/System.Windows.Forms.VisualStudio.15.0.dll
[bd94:0009][2026-05-10T01:00:50] D:\Program\Common7\IDE\System.Windows.Forms.VisualStudio.15.0.dll file deleted.
[bd94:0009][2026-05-10T01:00:50] Processing file /Contents/Common7/IDE/StorePID.exe
[bd94:0009][2026-05-10T01:00:50] D:\Program\Common7\IDE\StorePID.exe file deleted.
[bd94:0009][2026-05-10T01:00:50] Processing file /Contents/Common7/IDE/ReSharper (Visual Studio).vsk
[bd94:0009][2026-05-10T01:00:50] D:\Program\Common7\IDE\ReSharper (Visual Studio).vsk file deleted.
[bd94:0009][2026-05-10T01:00:50] Processing file /Contents/Common7/IDE/Visual Assist (Visual Studio).vsk
[bd94:0009][2026-05-10T01:00:50] D:\Program\Common7\IDE\Visual Assist (Visual Studio).vsk file deleted.
[bd94:0009][2026-05-10T01:00:50] Processing file /Contents/Common7/IDE/Visual Basic 6.vsk
[bd94:0009][2026-05-10T01:00:50] D:\Program\Common7\IDE\Visual Basic 6.vsk file deleted.
[bd94:0009][2026-05-10T01:00:50] Processing file /Contents/Common7/IDE/Visual C# 2005.vsk
[bd94:0009][2026-05-10T01:00:50] D:\Program\Common7\IDE\Visual C# 2005.vsk file deleted.
[bd94:0009][2026-05-10T01:00:50] Processing file /Contents/Common7/IDE/Visual C++ 2.vsk
[bd94:0009][2026-05-10T01:00:50] D:\Program\Common7\IDE\Visual C++ 2.vsk file deleted.
[bd94:0009][2026-05-10T01:00:50] Processing file /Contents/Common7/IDE/Visual C++ 6.vsk
[bd94:0009][2026-05-10T01:00:50] D:\Program\Common7\IDE\Visual C++ 6.vsk file deleted.
[bd94:0009][2026-05-10T01:00:50] Processing file /Contents/Common7/IDE/Visual Studio 6.vsk
[bd94:0009][2026-05-10T01:00:50] D:\Program\Common7\IDE\Visual Studio 6.vsk file deleted.
[bd94:0009][2026-05-10T01:00:50] Processing file /Contents/Common7/IDE/Visual Studio Code.vsk
[bd94:0009][2026-05-10T01:00:50] D:\Program\Common7\IDE\Visual Studio Code.vsk file deleted.
[bd94:0009][2026-05-10T01:00:50] Processing file /Contents/Common7/IDE/VsRegEdit.exe
[bd94:0009][2026-05-10T01:00:50] D:\Program\Common7\IDE\VsRegEdit.exe file deleted.
[bd94:0009][2026-05-10T01:00:50] Processing file /Contents/Common7/IDE/CommonExtensions/LowImpactVsFeatureFlags.pkgdef
[bd94:0009][2026-05-10T01:00:50] D:\Program\Common7\IDE\CommonExtensions\LowImpactVsFeatureFlags.pkgdef file deleted.
[bd94:0009][2026-05-10T01:00:50] Processing file /Contents/Common7/IDE/CommonExtensions/ProjectShellFileAssociations.pkgdef
[bd94:0009][2026-05-10T01:00:50] D:\Program\Common7\IDE\CommonExtensions\ProjectShellFileAssociations.pkgdef file deleted.
[bd94:0009][2026-05-10T01:00:50] Processing file /Contents/MSBuild/Current/Bin/AssemblyFolders.config
[bd94:0009][2026-05-10T01:00:50] D:\Program\MSBuild\Current\Bin\AssemblyFolders.config file deleted.
[bd94:0009][2026-05-10T01:00:50] Started: Deleting empty directories
[bd94:0009][2026-05-10T01:00:50] Completed: Deleting empty directories
[bd94:0009][2026-05-10T01:00:50] Package executed successfully. Return code: 0
