[2e2c:0007][2026-05-10T01:23:53] Opening the package for processing
[2e2c:0007][2026-05-10T01:23:53] Using package payload to get the embedded manifest
[2e2c:0007][2026-05-10T01:23:53] Getting list of files within the package
[2e2c:0007][2026-05-10T01:23:53] Processing file /catalog.json
[2e2c:0007][2026-05-10T01:23:53] Started: Copying file /catalog.json to D:\Program Files (x86)\Microsoft Visual Studio\2022\BuildTools\Common7\IDE\Extensions\Microsoft\DebugAdapterHost\catalog.json
[2e2c:0007][2026-05-10T01:23:53] Completed: Copying file /catalog.json to D:\Program Files (x86)\Microsoft Visual Studio\2022\BuildTools\Common7\IDE\Extensions\Microsoft\DebugAdapterHost\catalog.json
[2e2c:0007][2026-05-10T01:23:53] Timestamp updated for file 'D:\Program Files (x86)\Microsoft Visual Studio\2022\BuildTools\Common7\IDE\Extensions\Microsoft\DebugAdapterHost\catalog.json'.
[2e2c:0007][2026-05-10T01:23:53] Processing file /cs/Microsoft.VisualStudio.Debugger.VSCodeDebuggerHost.resources.dll
[2e2c:0007][2026-05-10T01:23:53] Started: Copying file /cs/Microsoft.VisualStudio.Debugger.VSCodeDebuggerHost.resources.dll to D:\Program Files (x86)\Microsoft Visual Studio\2022\BuildTools\Common7\IDE\Extensions\Microsoft\DebugAdapterHost\cs\Microsoft.VisualStudio.Debugger.VSCodeDebuggerHost.resources.dll
[2e2c:0007][2026-05-10T01:23:53] Completed: Copying file /cs/Microsoft.VisualStudio.Debugger.VSCodeDebuggerHost.resources.dll to D:\Program Files (x86)\Microsoft Visual Studio\2022\BuildTools\Common7\IDE\Extensions\Microsoft\DebugAdapterHost\cs\Microsoft.VisualStudio.Debugger.VSCodeDebuggerHost.resources.dll
[2e2c:0007][2026-05-10T01:23:53] Timestamp updated for file 'D:\Program Files (x86)\Microsoft Visual Studio\2022\BuildTools\Common7\IDE\Extensions\Microsoft\DebugAdapterHost\cs\Microsoft.VisualStudio.Debugger.VSCodeDebuggerHost.resources.dll'.
[2e2c:0007][2026-05-10T01:23:53] Processing file /de/Microsoft.VisualStudio.Debugger.VSCodeDebuggerHost.resources.dll
[2e2c:0007][2026-05-10T01:23:53] Started: Copying file /de/Microsoft.VisualStudio.Debugger.VSCodeDebuggerHost.resources.dll to D:\Program Files (x86)\Microsoft Visual Studio\2022\BuildTools\Common7\IDE\Extensions\Microsoft\DebugAdapterHost\de\Microsoft.VisualStudio.Debugger.VSCodeDebuggerHost.resources.dll
[2e2c:0007][2026-05-10T01:23:53] Completed: Copying file /de/Microsoft.VisualStudio.Debugger.VSCodeDebuggerHost.resources.dll to D:\Program Files (x86)\Microsoft Visual Studio\2022\BuildTools\Common7\IDE\Extensions\Microsoft\DebugAdapterHost\de\Microsoft.VisualStudio.Debugger.VSCodeDebuggerHost.resources.dll
[2e2c:0007][2026-05-10T01:23:53] Timestamp updated for file 'D:\Program Files (x86)\Microsoft Visual Studio\2022\BuildTools\Common7\IDE\Extensions\Microsoft\DebugAdapterHost\de\Microsoft.VisualStudio.Debugger.VSCodeDebuggerHost.resources.dll'.
[2e2c:0007][2026-05-10T01:23:53] Processing file /EngineRegistration.pkgdef
[2e2c:0007][2026-05-10T01:23:53] Started: Copying file /EngineRegistration.pkgdef to D:\Program Files (x86)\Microsoft Visual Studio\2022\BuildTools\Common7\IDE\Extensions\Microsoft\DebugAdapterHost\EngineRegistration.pkgdef
[2e2c:0007][2026-05-10T01:23:53] Completed: Copying file /EngineRegistration.pkgdef to D:\Program Files (x86)\Microsoft Visual Studio\2022\BuildTools\Common7\IDE\Extensions\Microsoft\DebugAdapterHost\EngineRegistration.pkgdef
[2e2c:0007][2026-05-10T01:23:53] Timestamp updated for file 'D:\Program Files (x86)\Microsoft Visual Studio\2022\BuildTools\Common7\IDE\Extensions\Microsoft\DebugAdapterHost\EngineRegistration.pkgdef'.
[2e2c:0007][2026-05-10T01:23:53] Processing file /es/Microsoft.VisualStudio.Debugger.VSCodeDebuggerHost.resources.dll
[2e2c:0007][2026-05-10T01:23:53] Started: Copying file /es/Microsoft.VisualStudio.Debugger.VSCodeDebuggerHost.resources.dll to D:\Program Files (x86)\Microsoft Visual Studio\2022\BuildTools\Common7\IDE\Extensions\Microsoft\DebugAdapterHost\es\Microsoft.VisualStudio.Debugger.VSCodeDebuggerHost.resources.dll
[2e2c:0007][2026-05-10T01:23:53] Completed: Copying file /es/Microsoft.VisualStudio.Debugger.VSCodeDebuggerHost.resources.dll to D:\Program Files (x86)\Microsoft Visual Studio\2022\BuildTools\Common7\IDE\Extensions\Microsoft\DebugAdapterHost\es\Microsoft.VisualStudio.Debugger.VSCodeDebuggerHost.resources.dll
[2e2c:0007][2026-05-10T01:23:53] Timestamp updated for file 'D:\Program Files (x86)\Microsoft Visual Studio\2022\BuildTools\Common7\IDE\Extensions\Microsoft\DebugAdapterHost\es\Microsoft.VisualStudio.Debugger.VSCodeDebuggerHost.resources.dll'.
[2e2c:0007][2026-05-10T01:23:53] Processing file /fr/Microsoft.VisualStudio.Debugger.VSCodeDebuggerHost.resources.dll
[2e2c:0007][2026-05-10T01:23:53] Started: Copying file /fr/Microsoft.VisualStudio.Debugger.VSCodeDebuggerHost.resources.dll to D:\Program Files (x86)\Microsoft Visual Studio\2022\BuildTools\Common7\IDE\Extensions\Microsoft\DebugAdapterHost\fr\Microsoft.VisualStudio.Debugger.VSCodeDebuggerHost.resources.dll
[2e2c:0007][2026-05-10T01:23:53] Completed: Copying file /fr/Microsoft.VisualStudio.Debugger.VSCodeDebuggerHost.resources.dll to D:\Program Files (x86)\Microsoft Visual Studio\2022\BuildTools\Common7\IDE\Extensions\Microsoft\DebugAdapterHost\fr\Microsoft.VisualStudio.Debugger.VSCodeDebuggerHost.resources.dll
[2e2c:0007][2026-05-10T01:23:53] Timestamp updated for file 'D:\Program Files (x86)\Microsoft Visual Studio\2022\BuildTools\Common7\IDE\Extensions\Microsoft\DebugAdapterHost\fr\Microsoft.VisualStudio.Debugger.VSCodeDebuggerHost.resources.dll'.
[2e2c:0007][2026-05-10T01:23:53] Processing file /it/Microsoft.VisualStudio.Debugger.VSCodeDebuggerHost.resources.dll
[2e2c:0007][2026-05-10T01:23:53] Started: Copying file /it/Microsoft.VisualStudio.Debugger.VSCodeDebuggerHost.resources.dll to D:\Program Files (x86)\Microsoft Visual Studio\2022\BuildTools\Common7\IDE\Extensions\Microsoft\DebugAdapterHost\it\Microsoft.VisualStudio.Debugger.VSCodeDebuggerHost.resources.dll
[2e2c:0007][2026-05-10T01:23:53] Completed: Copying file /it/Microsoft.VisualStudio.Debugger.VSCodeDebuggerHost.resources.dll to D:\Program Files (x86)\Microsoft Visual Studio\2022\BuildTools\Common7\IDE\Extensions\Microsoft\DebugAdapterHost\it\Microsoft.VisualStudio.Debugger.VSCodeDebuggerHost.resources.dll
[2e2c:0007][2026-05-10T01:23:53] Timestamp updated for file 'D:\Program Files (x86)\Microsoft Visual Studio\2022\BuildTools\Common7\IDE\Extensions\Microsoft\DebugAdapterHost\it\Microsoft.VisualStudio.Debugger.VSCodeDebuggerHost.resources.dll'.
[2e2c:0007][2026-05-10T01:23:53] Processing file /ja/Microsoft.VisualStudio.Debugger.VSCodeDebuggerHost.resources.dll
[2e2c:0007][2026-05-10T01:23:53] Started: Copying file /ja/Microsoft.VisualStudio.Debugger.VSCodeDebuggerHost.resources.dll to D:\Program Files (x86)\Microsoft Visual Studio\2022\BuildTools\Common7\IDE\Extensions\Microsoft\DebugAdapterHost\ja\Microsoft.VisualStudio.Debugger.VSCodeDebuggerHost.resources.dll
[2e2c:0007][2026-05-10T01:23:53] Completed: Copying file /ja/Microsoft.VisualStudio.Debugger.VSCodeDebuggerHost.resources.dll to D:\Program Files (x86)\Microsoft Visual Studio\2022\BuildTools\Common7\IDE\Extensions\Microsoft\DebugAdapterHost\ja\Microsoft.VisualStudio.Debugger.VSCodeDebuggerHost.resources.dll
[2e2c:0007][2026-05-10T01:23:53] Timestamp updated for file 'D:\Program Files (x86)\Microsoft Visual Studio\2022\BuildTools\Common7\IDE\Extensions\Microsoft\DebugAdapterHost\ja\Microsoft.VisualStudio.Debugger.VSCodeDebuggerHost.resources.dll'.
[2e2c:0007][2026-05-10T01:23:53] Processing file /ko/Microsoft.VisualStudio.Debugger.VSCodeDebuggerHost.resources.dll
[2e2c:0007][2026-05-10T01:23:53] Started: Copying file /ko/Microsoft.VisualStudio.Debugger.VSCodeDebuggerHost.resources.dll to D:\Program Files (x86)\Microsoft Visual Studio\2022\BuildTools\Common7\IDE\Extensions\Microsoft\DebugAdapterHost\ko\Microsoft.VisualStudio.Debugger.VSCodeDebuggerHost.resources.dll
[2e2c:0007][2026-05-10T01:23:53] Completed: Copying file /ko/Microsoft.VisualStudio.Debugger.VSCodeDebuggerHost.resources.dll to D:\Program Files (x86)\Microsoft Visual Studio\2022\BuildTools\Common7\IDE\Extensions\Microsoft\DebugAdapterHost\ko\Microsoft.VisualStudio.Debugger.VSCodeDebuggerHost.resources.dll
[2e2c:0007][2026-05-10T01:23:53] Timestamp updated for file 'D:\Program Files (x86)\Microsoft Visual Studio\2022\BuildTools\Common7\IDE\Extensions\Microsoft\DebugAdapterHost\ko\Microsoft.VisualStudio.Debugger.VSCodeDebuggerHost.resources.dll'.
[2e2c:0007][2026-05-10T01:23:53] Processing file /manifest.json
[2e2c:0007][2026-05-10T01:23:53] Started: Copying file /manifest.json to D:\Program Files (x86)\Microsoft Visual Studio\2022\BuildTools\Common7\IDE\Extensions\Microsoft\DebugAdapterHost\manifest.json
[2e2c:0007][2026-05-10T01:23:53] Completed: Copying file /manifest.json to D:\Program Files (x86)\Microsoft Visual Studio\2022\BuildTools\Common7\IDE\Extensions\Microsoft\DebugAdapterHost\manifest.json
[2e2c:0007][2026-05-10T01:23:53] Timestamp updated for file 'D:\Program Files (x86)\Microsoft Visual Studio\2022\BuildTools\Common7\IDE\Extensions\Microsoft\DebugAdapterHost\manifest.json'.
[2e2c:0007][2026-05-10T01:23:53] Processing file /Microsoft.VisualStudio.Debugger.DebugAdapterHost.Interfaces.dll
[2e2c:0007][2026-05-10T01:23:53] Started: Copying file /Microsoft.VisualStudio.Debugger.DebugAdapterHost.Interfaces.dll to D:\Program Files (x86)\Microsoft Visual Studio\2022\BuildTools\Common7\IDE\Extensions\Microsoft\DebugAdapterHost\Microsoft.VisualStudio.Debugger.DebugAdapterHost.Interfaces.dll
[2e2c:0007][2026-05-10T01:23:53] Completed: Copying file /Microsoft.VisualStudio.Debugger.DebugAdapterHost.Interfaces.dll to D:\Program Files (x86)\Microsoft Visual Studio\2022\BuildTools\Common7\IDE\Extensions\Microsoft\DebugAdapterHost\Microsoft.VisualStudio.Debugger.DebugAdapterHost.Interfaces.dll
[2e2c:0007][2026-05-10T01:23:53] Timestamp updated for file 'D:\Program Files (x86)\Microsoft Visual Studio\2022\BuildTools\Common7\IDE\Extensions\Microsoft\DebugAdapterHost\Microsoft.VisualStudio.Debugger.DebugAdapterHost.Interfaces.dll'.
[2e2c:0007][2026-05-10T01:23:53] Processing file /Microsoft.VisualStudio.Debugger.VSCodeDebuggerHost.dll
[2e2c:0007][2026-05-10T01:23:53] Started: Copying file /Microsoft.VisualStudio.Debugger.VSCodeDebuggerHost.dll to D:\Program Files (x86)\Microsoft Visual Studio\2022\BuildTools\Common7\IDE\Extensions\Microsoft\DebugAdapterHost\Microsoft.VisualStudio.Debugger.VSCodeDebuggerHost.dll
[2e2c:0007][2026-05-10T01:23:53] Completed: Copying file /Microsoft.VisualStudio.Debugger.VSCodeDebuggerHost.dll to D:\Program Files (x86)\Microsoft Visual Studio\2022\BuildTools\Common7\IDE\Extensions\Microsoft\DebugAdapterHost\Microsoft.VisualStudio.Debugger.VSCodeDebuggerHost.dll
[2e2c:0007][2026-05-10T01:23:53] Timestamp updated for file 'D:\Program Files (x86)\Microsoft Visual Studio\2022\BuildTools\Common7\IDE\Extensions\Microsoft\DebugAdapterHost\Microsoft.VisualStudio.Debugger.VSCodeDebuggerHost.dll'.
[2e2c:0007][2026-05-10T01:23:53] Processing file /Microsoft.VisualStudio.Debugger.VSCodeDebuggerHost.pkgdef
[2e2c:0007][2026-05-10T01:23:53] Started: Copying file /Microsoft.VisualStudio.Debugger.VSCodeDebuggerHost.pkgdef to D:\Program Files (x86)\Microsoft Visual Studio\2022\BuildTools\Common7\IDE\Extensions\Microsoft\DebugAdapterHost\Microsoft.VisualStudio.Debugger.VSCodeDebuggerHost.pkgdef
[2e2c:0007][2026-05-10T01:23:53] Completed: Copying file /Microsoft.VisualStudio.Debugger.VSCodeDebuggerHost.pkgdef to D:\Program Files (x86)\Microsoft Visual Studio\2022\BuildTools\Common7\IDE\Extensions\Microsoft\DebugAdapterHost\Microsoft.VisualStudio.Debugger.VSCodeDebuggerHost.pkgdef
[2e2c:0007][2026-05-10T01:23:53] Timestamp updated for file 'D:\Program Files (x86)\Microsoft Visual Studio\2022\BuildTools\Common7\IDE\Extensions\Microsoft\DebugAdapterHost\Microsoft.VisualStudio.Debugger.VSCodeDebuggerHost.pkgdef'.
[2e2c:0007][2026-05-10T01:23:53] Processing file /Microsoft.VisualStudio.Debugger.VSCodeDebuggerHost.VSIX.clientenabledpkg
[2e2c:0007][2026-05-10T01:23:53] Started: Copying file /Microsoft.VisualStudio.Debugger.VSCodeDebuggerHost.VSIX.clientenabledpkg to D:\Program Files (x86)\Microsoft Visual Studio\2022\BuildTools\Common7\IDE\Extensions\Microsoft\DebugAdapterHost\Microsoft.VisualStudio.Debugger.VSCodeDebuggerHost.VSIX.clientenabledpkg
[2e2c:0007][2026-05-10T01:23:53] Completed: Copying file /Microsoft.VisualStudio.Debugger.VSCodeDebuggerHost.VSIX.clientenabledpkg to D:\Program Files (x86)\Microsoft Visual Studio\2022\BuildTools\Common7\IDE\Extensions\Microsoft\DebugAdapterHost\Microsoft.VisualStudio.Debugger.VSCodeDebuggerHost.VSIX.clientenabledpkg
[2e2c:0007][2026-05-10T01:23:53] Timestamp updated for file 'D:\Program Files (x86)\Microsoft Visual Studio\2022\BuildTools\Common7\IDE\Extensions\Microsoft\DebugAdapterHost\Microsoft.VisualStudio.Debugger.VSCodeDebuggerHost.VSIX.clientenabledpkg'.
[2e2c:0007][2026-05-10T01:23:53] Processing file /Microsoft.VisualStudio.Shared.VSCodeDebugProtocol.dll
[2e2c:0007][2026-05-10T01:23:53] Started: Copying file /Microsoft.VisualStudio.Shared.VSCodeDebugProtocol.dll to D:\Program Files (x86)\Microsoft Visual Studio\2022\BuildTools\Common7\IDE\Extensions\Microsoft\DebugAdapterHost\Microsoft.VisualStudio.Shared.VSCodeDebugProtocol.dll
[2e2c:0007][2026-05-10T01:23:53] Completed: Copying file /Microsoft.VisualStudio.Shared.VSCodeDebugProtocol.dll to D:\Program Files (x86)\Microsoft Visual Studio\2022\BuildTools\Common7\IDE\Extensions\Microsoft\DebugAdapterHost\Microsoft.VisualStudio.Shared.VSCodeDebugProtocol.dll
[2e2c:0007][2026-05-10T01:23:53] Timestamp updated for file 'D:\Program Files (x86)\Microsoft Visual Studio\2022\BuildTools\Common7\IDE\Extensions\Microsoft\DebugAdapterHost\Microsoft.VisualStudio.Shared.VSCodeDebugProtocol.dll'.
[2e2c:0007][2026-05-10T01:23:53] Processing file /pl/Microsoft.VisualStudio.Debugger.VSCodeDebuggerHost.resources.dll
[2e2c:0007][2026-05-10T01:23:53] Started: Copying file /pl/Microsoft.VisualStudio.Debugger.VSCodeDebuggerHost.resources.dll to D:\Program Files (x86)\Microsoft Visual Studio\2022\BuildTools\Common7\IDE\Extensions\Microsoft\DebugAdapterHost\pl\Microsoft.VisualStudio.Debugger.VSCodeDebuggerHost.resources.dll
[2e2c:0007][2026-05-10T01:23:53] Completed: Copying file /pl/Microsoft.VisualStudio.Debugger.VSCodeDebuggerHost.resources.dll to D:\Program Files (x86)\Microsoft Visual Studio\2022\BuildTools\Common7\IDE\Extensions\Microsoft\DebugAdapterHost\pl\Microsoft.VisualStudio.Debugger.VSCodeDebuggerHost.resources.dll
[2e2c:0007][2026-05-10T01:23:53] Timestamp updated for file 'D:\Program Files (x86)\Microsoft Visual Studio\2022\BuildTools\Common7\IDE\Extensions\Microsoft\DebugAdapterHost\pl\Microsoft.VisualStudio.Debugger.VSCodeDebuggerHost.resources.dll'.
[2e2c:0007][2026-05-10T01:23:53] Processing file /pt-BR/Microsoft.VisualStudio.Debugger.VSCodeDebuggerHost.resources.dll
[2e2c:0007][2026-05-10T01:23:53] Started: Copying file /pt-BR/Microsoft.VisualStudio.Debugger.VSCodeDebuggerHost.resources.dll to D:\Program Files (x86)\Microsoft Visual Studio\2022\BuildTools\Common7\IDE\Extensions\Microsoft\DebugAdapterHost\pt-BR\Microsoft.VisualStudio.Debugger.VSCodeDebuggerHost.resources.dll
[2e2c:0007][2026-05-10T01:23:53] Completed: Copying file /pt-BR/Microsoft.VisualStudio.Debugger.VSCodeDebuggerHost.resources.dll to D:\Program Files (x86)\Microsoft Visual Studio\2022\BuildTools\Common7\IDE\Extensions\Microsoft\DebugAdapterHost\pt-BR\Microsoft.VisualStudio.Debugger.VSCodeDebuggerHost.resources.dll
[2e2c:0007][2026-05-10T01:23:53] Timestamp updated for file 'D:\Program Files (x86)\Microsoft Visual Studio\2022\BuildTools\Common7\IDE\Extensions\Microsoft\DebugAdapterHost\pt-BR\Microsoft.VisualStudio.Debugger.VSCodeDebuggerHost.resources.dll'.
[2e2c:0007][2026-05-10T01:23:53] Processing file /ReferenceAssemblyRegistration.pkgdef
[2e2c:0007][2026-05-10T01:23:53] Started: Copying file /ReferenceAssemblyRegistration.pkgdef to D:\Program Files (x86)\Microsoft Visual Studio\2022\BuildTools\Common7\IDE\Extensions\Microsoft\DebugAdapterHost\ReferenceAssemblyRegistration.pkgdef
[2e2c:0007][2026-05-10T01:23:53] Completed: Copying file /ReferenceAssemblyRegistration.pkgdef to D:\Program Files (x86)\Microsoft Visual Studio\2022\BuildTools\Common7\IDE\Extensions\Microsoft\DebugAdapterHost\ReferenceAssemblyRegistration.pkgdef
[2e2c:0007][2026-05-10T01:23:53] Timestamp updated for file 'D:\Program Files (x86)\Microsoft Visual Studio\2022\BuildTools\Common7\IDE\Extensions\Microsoft\DebugAdapterHost\ReferenceAssemblyRegistration.pkgdef'.
[2e2c:0007][2026-05-10T01:23:53] Processing file /ru/Microsoft.VisualStudio.Debugger.VSCodeDebuggerHost.resources.dll
[2e2c:0007][2026-05-10T01:23:53] Started: Copying file /ru/Microsoft.VisualStudio.Debugger.VSCodeDebuggerHost.resources.dll to D:\Program Files (x86)\Microsoft Visual Studio\2022\BuildTools\Common7\IDE\Extensions\Microsoft\DebugAdapterHost\ru\Microsoft.VisualStudio.Debugger.VSCodeDebuggerHost.resources.dll
[2e2c:0007][2026-05-10T01:23:53] Completed: Copying file /ru/Microsoft.VisualStudio.Debugger.VSCodeDebuggerHost.resources.dll to D:\Program Files (x86)\Microsoft Visual Studio\2022\BuildTools\Common7\IDE\Extensions\Microsoft\DebugAdapterHost\ru\Microsoft.VisualStudio.Debugger.VSCodeDebuggerHost.resources.dll
[2e2c:0007][2026-05-10T01:23:53] Timestamp updated for file 'D:\Program Files (x86)\Microsoft Visual Studio\2022\BuildTools\Common7\IDE\Extensions\Microsoft\DebugAdapterHost\ru\Microsoft.VisualStudio.Debugger.VSCodeDebuggerHost.resources.dll'.
[2e2c:0007][2026-05-10T01:23:53] Processing file /tr/Microsoft.VisualStudio.Debugger.VSCodeDebuggerHost.resources.dll
[2e2c:0007][2026-05-10T01:23:53] Started: Copying file /tr/Microsoft.VisualStudio.Debugger.VSCodeDebuggerHost.resources.dll to D:\Program Files (x86)\Microsoft Visual Studio\2022\BuildTools\Common7\IDE\Extensions\Microsoft\DebugAdapterHost\tr\Microsoft.VisualStudio.Debugger.VSCodeDebuggerHost.resources.dll
[2e2c:0007][2026-05-10T01:23:53] Completed: Copying file /tr/Microsoft.VisualStudio.Debugger.VSCodeDebuggerHost.resources.dll to D:\Program Files (x86)\Microsoft Visual Studio\2022\BuildTools\Common7\IDE\Extensions\Microsoft\DebugAdapterHost\tr\Microsoft.VisualStudio.Debugger.VSCodeDebuggerHost.resources.dll
[2e2c:0007][2026-05-10T01:23:53] Timestamp updated for file 'D:\Program Files (x86)\Microsoft Visual Studio\2022\BuildTools\Common7\IDE\Extensions\Microsoft\DebugAdapterHost\tr\Microsoft.VisualStudio.Debugger.VSCodeDebuggerHost.resources.dll'.
[2e2c:0007][2026-05-10T01:23:53] Processing file /zh-Hans/Microsoft.VisualStudio.Debugger.VSCodeDebuggerHost.resources.dll
[2e2c:0007][2026-05-10T01:23:53] Started: Copying file /zh-Hans/Microsoft.VisualStudio.Debugger.VSCodeDebuggerHost.resources.dll to D:\Program Files (x86)\Microsoft Visual Studio\2022\BuildTools\Common7\IDE\Extensions\Microsoft\DebugAdapterHost\zh-Hans\Microsoft.VisualStudio.Debugger.VSCodeDebuggerHost.resources.dll
[2e2c:0007][2026-05-10T01:23:53] Completed: Copying file /zh-Hans/Microsoft.VisualStudio.Debugger.VSCodeDebuggerHost.resources.dll to D:\Program Files (x86)\Microsoft Visual Studio\2022\BuildTools\Common7\IDE\Extensions\Microsoft\DebugAdapterHost\zh-Hans\Microsoft.VisualStudio.Debugger.VSCodeDebuggerHost.resources.dll
[2e2c:0007][2026-05-10T01:23:53] Timestamp updated for file 'D:\Program Files (x86)\Microsoft Visual Studio\2022\BuildTools\Common7\IDE\Extensions\Microsoft\DebugAdapterHost\zh-Hans\Microsoft.VisualStudio.Debugger.VSCodeDebuggerHost.resources.dll'.
[2e2c:0007][2026-05-10T01:23:53] Processing file /zh-Hant/Microsoft.VisualStudio.Debugger.VSCodeDebuggerHost.resources.dll
[2e2c:0007][2026-05-10T01:23:53] Started: Copying file /zh-Hant/Microsoft.VisualStudio.Debugger.VSCodeDebuggerHost.resources.dll to D:\Program Files (x86)\Microsoft Visual Studio\2022\BuildTools\Common7\IDE\Extensions\Microsoft\DebugAdapterHost\zh-Hant\Microsoft.VisualStudio.Debugger.VSCodeDebuggerHost.resources.dll
[2e2c:0007][2026-05-10T01:23:53] Completed: Copying file /zh-Hant/Microsoft.VisualStudio.Debugger.VSCodeDebuggerHost.resources.dll to D:\Program Files (x86)\Microsoft Visual Studio\2022\BuildTools\Common7\IDE\Extensions\Microsoft\DebugAdapterHost\zh-Hant\Microsoft.VisualStudio.Debugger.VSCodeDebuggerHost.resources.dll
[2e2c:0007][2026-05-10T01:23:53] Timestamp updated for file 'D:\Program Files (x86)\Microsoft Visual Studio\2022\BuildTools\Common7\IDE\Extensions\Microsoft\DebugAdapterHost\zh-Hant\Microsoft.VisualStudio.Debugger.VSCodeDebuggerHost.resources.dll'.
[2e2c:0007][2026-05-10T01:23:53] Processing file /extension.vsixmanifest
[2e2c:0007][2026-05-10T01:23:53] Started: Copying file /extension.vsixmanifest to D:\Program Files (x86)\Microsoft Visual Studio\2022\BuildTools\Common7\IDE\Extensions\Microsoft\DebugAdapterHost\extension.vsixmanifest
[2e2c:0007][2026-05-10T01:23:53] Completed: Copying file /extension.vsixmanifest to D:\Program Files (x86)\Microsoft Visual Studio\2022\BuildTools\Common7\IDE\Extensions\Microsoft\DebugAdapterHost\extension.vsixmanifest
[2e2c:0007][2026-05-10T01:23:53] Timestamp updated for file 'D:\Program Files (x86)\Microsoft Visual Studio\2022\BuildTools\Common7\IDE\Extensions\Microsoft\DebugAdapterHost\extension.vsixmanifest'.
[2e2c:0007][2026-05-10T01:23:53] Package executed successfully. Return code: 0
