[da4c:0007][2026-05-10T00:50:05] Opening the package for processing
[da4c:0007][2026-05-10T00:50:05] Using package payload to get the embedded manifest
[da4c:0007][2026-05-10T00:50:05] Getting list of files within the package
[da4c:0007][2026-05-10T00:50:05] Processing file /Contents/Common7/IDE/CommonExtensions/Platform/DiagnosticsHub/.vsextension/extension.json
[da4c:0007][2026-05-10T00:50:05] Started: Copying file /Contents/Common7/IDE/CommonExtensions/Platform/DiagnosticsHub/.vsextension/extension.json to D:\Program\Common7\IDE\CommonExtensions\Platform\DiagnosticsHub\.vsextension\extension.json
[da4c:0007][2026-05-10T00:50:05] Completed: Copying file /Contents/Common7/IDE/CommonExtensions/Platform/DiagnosticsHub/.vsextension/extension.json to D:\Program\Common7\IDE\CommonExtensions\Platform\DiagnosticsHub\.vsextension\extension.json
[da4c:0007][2026-05-10T00:50:05] Timestamp updated for file 'D:\Program\Common7\IDE\CommonExtensions\Platform\DiagnosticsHub\.vsextension\extension.json'.
[da4c:0007][2026-05-10T00:50:05] Processing file /Contents/Common7/IDE/CommonExtensions/Platform/DiagnosticsHub/.vsextension/string-resources.json
[da4c:0007][2026-05-10T00:50:05] Started: Copying file /Contents/Common7/IDE/CommonExtensions/Platform/DiagnosticsHub/.vsextension/string-resources.json to D:\Program\Common7\IDE\CommonExtensions\Platform\DiagnosticsHub\.vsextension\string-resources.json
[da4c:0007][2026-05-10T00:50:05] Completed: Copying file /Contents/Common7/IDE/CommonExtensions/Platform/DiagnosticsHub/.vsextension/string-resources.json to D:\Program\Common7\IDE\CommonExtensions\Platform\DiagnosticsHub\.vsextension\string-resources.json
[da4c:0007][2026-05-10T00:50:05] Timestamp updated for file 'D:\Program\Common7\IDE\CommonExtensions\Platform\DiagnosticsHub\.vsextension\string-resources.json'.
[da4c:0007][2026-05-10T00:50:05] Processing file /Contents/Common7/IDE/CommonExtensions/Platform/DiagnosticsHub/DiagHubTrace.cs
[da4c:0007][2026-05-10T00:50:05] Started: Copying file /Contents/Common7/IDE/CommonExtensions/Platform/DiagnosticsHub/DiagHubTrace.cs to D:\Program\Common7\IDE\CommonExtensions\Platform\DiagnosticsHub\DiagHubTrace.cs
[da4c:0007][2026-05-10T00:50:05] Completed: Copying file /Contents/Common7/IDE/CommonExtensions/Platform/DiagnosticsHub/DiagHubTrace.cs to D:\Program\Common7\IDE\CommonExtensions\Platform\DiagnosticsHub\DiagHubTrace.cs
[da4c:0007][2026-05-10T00:50:05] Timestamp updated for file 'D:\Program\Common7\IDE\CommonExtensions\Platform\DiagnosticsHub\DiagHubTrace.cs'.
[da4c:0007][2026-05-10T00:50:05] Processing file /Contents/Common7/IDE/CommonExtensions/Platform/DiagnosticsHub/DiagHubTrace.h
[da4c:0007][2026-05-10T00:50:05] Started: Copying file /Contents/Common7/IDE/CommonExtensions/Platform/DiagnosticsHub/DiagHubTrace.h to D:\Program\Common7\IDE\CommonExtensions\Platform\DiagnosticsHub\DiagHubTrace.h
[da4c:0007][2026-05-10T00:50:05] Completed: Copying file /Contents/Common7/IDE/CommonExtensions/Platform/DiagnosticsHub/DiagHubTrace.h to D:\Program\Common7\IDE\CommonExtensions\Platform\DiagnosticsHub\DiagHubTrace.h
[da4c:0007][2026-05-10T00:50:05] Timestamp updated for file 'D:\Program\Common7\IDE\CommonExtensions\Platform\DiagnosticsHub\DiagHubTrace.h'.
[da4c:0007][2026-05-10T00:50:05] Processing file /Contents/Common7/IDE/CommonExtensions/Platform/DiagnosticsHub/DiagHubTrace.vb
[da4c:0007][2026-05-10T00:50:05] Started: Copying file /Contents/Common7/IDE/CommonExtensions/Platform/DiagnosticsHub/DiagHubTrace.vb to D:\Program\Common7\IDE\CommonExtensions\Platform\DiagnosticsHub\DiagHubTrace.vb
[da4c:0007][2026-05-10T00:50:05] Completed: Copying file /Contents/Common7/IDE/CommonExtensions/Platform/DiagnosticsHub/DiagHubTrace.vb to D:\Program\Common7\IDE\CommonExtensions\Platform\DiagnosticsHub\DiagHubTrace.vb
[da4c:0007][2026-05-10T00:50:05] Timestamp updated for file 'D:\Program\Common7\IDE\CommonExtensions\Platform\DiagnosticsHub\DiagHubTrace.vb'.
[da4c:0007][2026-05-10T00:50:05] Processing file /Contents/Common7/IDE/CommonExtensions/Platform/DiagnosticsHub/DiagnosticsHub.DataWarehouse.ServiceModule.pkgdef
[da4c:0007][2026-05-10T00:50:05] Started: Copying file /Contents/Common7/IDE/CommonExtensions/Platform/DiagnosticsHub/DiagnosticsHub.DataWarehouse.ServiceModule.pkgdef to D:\Program\Common7\IDE\CommonExtensions\Platform\DiagnosticsHub\DiagnosticsHub.DataWarehouse.ServiceModule.pkgdef
[da4c:0007][2026-05-10T00:50:05] Completed: Copying file /Contents/Common7/IDE/CommonExtensions/Platform/DiagnosticsHub/DiagnosticsHub.DataWarehouse.ServiceModule.pkgdef to D:\Program\Common7\IDE\CommonExtensions\Platform\DiagnosticsHub\DiagnosticsHub.DataWarehouse.ServiceModule.pkgdef
[da4c:0007][2026-05-10T00:50:05] Timestamp updated for file 'D:\Program\Common7\IDE\CommonExtensions\Platform\DiagnosticsHub\DiagnosticsHub.DataWarehouse.ServiceModule.pkgdef'.
[da4c:0007][2026-05-10T00:50:05] Processing file /Contents/Common7/IDE/CommonExtensions/Platform/DiagnosticsHub/DiagnosticsHub.StandardCollector.Bridge.vsdconfig
[da4c:0007][2026-05-10T00:50:05] Started: Copying file /Contents/Common7/IDE/CommonExtensions/Platform/DiagnosticsHub/DiagnosticsHub.StandardCollector.Bridge.vsdconfig to D:\Program\Common7\IDE\CommonExtensions\Platform\DiagnosticsHub\DiagnosticsHub.StandardCollector.Bridge.vsdconfig
[da4c:0007][2026-05-10T00:50:05] Completed: Copying file /Contents/Common7/IDE/CommonExtensions/Platform/DiagnosticsHub/DiagnosticsHub.StandardCollector.Bridge.vsdconfig to D:\Program\Common7\IDE\CommonExtensions\Platform\DiagnosticsHub\DiagnosticsHub.StandardCollector.Bridge.vsdconfig
[da4c:0007][2026-05-10T00:50:05] Timestamp updated for file 'D:\Program\Common7\IDE\CommonExtensions\Platform\DiagnosticsHub\DiagnosticsHub.StandardCollector.Bridge.vsdconfig'.
[da4c:0007][2026-05-10T00:50:05] Processing file /Contents/Common7/IDE/CommonExtensions/Platform/DiagnosticsHub/DiagnosticsHubColors.pkgdef
[da4c:0007][2026-05-10T00:50:05] Started: Copying file /Contents/Common7/IDE/CommonExtensions/Platform/DiagnosticsHub/DiagnosticsHubColors.pkgdef to D:\Program\Common7\IDE\CommonExtensions\Platform\DiagnosticsHub\DiagnosticsHubColors.pkgdef
[da4c:0007][2026-05-10T00:50:05] Completed: Copying file /Contents/Common7/IDE/CommonExtensions/Platform/DiagnosticsHub/DiagnosticsHubColors.pkgdef to D:\Program\Common7\IDE\CommonExtensions\Platform\DiagnosticsHub\DiagnosticsHubColors.pkgdef
[da4c:0007][2026-05-10T00:50:05] Timestamp updated for file 'D:\Program\Common7\IDE\CommonExtensions\Platform\DiagnosticsHub\DiagnosticsHubColors.pkgdef'.
[da4c:0007][2026-05-10T00:50:05] Processing file /Contents/Common7/IDE/CommonExtensions/Platform/DiagnosticsHub/diagsession.ico
[da4c:0007][2026-05-10T00:50:05] Started: Copying file /Contents/Common7/IDE/CommonExtensions/Platform/DiagnosticsHub/diagsession.ico to D:\Program\Common7\IDE\CommonExtensions\Platform\DiagnosticsHub\diagsession.ico
[da4c:0007][2026-05-10T00:50:05] Completed: Copying file /Contents/Common7/IDE/CommonExtensions/Platform/DiagnosticsHub/diagsession.ico to D:\Program\Common7\IDE\CommonExtensions\Platform\DiagnosticsHub\diagsession.ico
[da4c:0007][2026-05-10T00:50:05] Timestamp updated for file 'D:\Program\Common7\IDE\CommonExtensions\Platform\DiagnosticsHub\diagsession.ico'.
[da4c:0007][2026-05-10T00:50:05] Processing file /Contents/Common7/IDE/CommonExtensions/Platform/DiagnosticsHub/EdgeWebViews/collectionSwimLanesView.html
[da4c:0007][2026-05-10T00:50:05] Started: Copying file /Contents/Common7/IDE/CommonExtensions/Platform/DiagnosticsHub/EdgeWebViews/collectionSwimLanesView.html to D:\Program\Common7\IDE\CommonExtensions\Platform\DiagnosticsHub\EdgeWebViews\collectionSwimLanesView.html
[da4c:0007][2026-05-10T00:50:05] Completed: Copying file /Contents/Common7/IDE/CommonExtensions/Platform/DiagnosticsHub/EdgeWebViews/collectionSwimLanesView.html to D:\Program\Common7\IDE\CommonExtensions\Platform\DiagnosticsHub\EdgeWebViews\collectionSwimLanesView.html
[da4c:0007][2026-05-10T00:50:05] Timestamp updated for file 'D:\Program\Common7\IDE\CommonExtensions\Platform\DiagnosticsHub\EdgeWebViews\collectionSwimLanesView.html'.
[da4c:0007][2026-05-10T00:50:05] Processing file /Contents/Common7/IDE/CommonExtensions/Platform/DiagnosticsHub/EdgeWebViews/collectionSwimLanesView.manifest.json
[da4c:0007][2026-05-10T00:50:05] Started: Copying file /Contents/Common7/IDE/CommonExtensions/Platform/DiagnosticsHub/EdgeWebViews/collectionSwimLanesView.manifest.json to D:\Program\Common7\IDE\CommonExtensions\Platform\DiagnosticsHub\EdgeWebViews\collectionSwimLanesView.manifest.json
[da4c:0007][2026-05-10T00:50:05] Completed: Copying file /Contents/Common7/IDE/CommonExtensions/Platform/DiagnosticsHub/EdgeWebViews/collectionSwimLanesView.manifest.json to D:\Program\Common7\IDE\CommonExtensions\Platform\DiagnosticsHub\EdgeWebViews\collectionSwimLanesView.manifest.json
[da4c:0007][2026-05-10T00:50:05] Timestamp updated for file 'D:\Program\Common7\IDE\CommonExtensions\Platform\DiagnosticsHub\EdgeWebViews\collectionSwimLanesView.manifest.json'.
[da4c:0007][2026-05-10T00:50:05] Processing file /Contents/Common7/IDE/CommonExtensions/Platform/DiagnosticsHub/EdgeWebViews/css/graph.css
[da4c:0007][2026-05-10T00:50:05] Started: Copying file /Contents/Common7/IDE/CommonExtensions/Platform/DiagnosticsHub/EdgeWebViews/css/graph.css to D:\Program\Common7\IDE\CommonExtensions\Platform\DiagnosticsHub\EdgeWebViews\css\graph.css
[da4c:0007][2026-05-10T00:50:05] Completed: Copying file /Contents/Common7/IDE/CommonExtensions/Platform/DiagnosticsHub/EdgeWebViews/css/graph.css to D:\Program\Common7\IDE\CommonExtensions\Platform\DiagnosticsHub\EdgeWebViews\css\graph.css
[da4c:0007][2026-05-10T00:50:05] Timestamp updated for file 'D:\Program\Common7\IDE\CommonExtensions\Platform\DiagnosticsHub\EdgeWebViews\css\graph.css'.
[da4c:0007][2026-05-10T00:50:05] Processing file /Contents/Common7/IDE/CommonExtensions/Platform/DiagnosticsHub/EdgeWebViews/css/multiLineGraph.css
[da4c:0007][2026-05-10T00:50:05] Started: Copying file /Contents/Common7/IDE/CommonExtensions/Platform/DiagnosticsHub/EdgeWebViews/css/multiLineGraph.css to D:\Program\Common7\IDE\CommonExtensions\Platform\DiagnosticsHub\EdgeWebViews\css\multiLineGraph.css
[da4c:0007][2026-05-10T00:50:05] Completed: Copying file /Contents/Common7/IDE/CommonExtensions/Platform/DiagnosticsHub/EdgeWebViews/css/multiLineGraph.css to D:\Program\Common7\IDE\CommonExtensions\Platform\DiagnosticsHub\EdgeWebViews\css\multiLineGraph.css
[da4c:0007][2026-05-10T00:50:05] Timestamp updated for file 'D:\Program\Common7\IDE\CommonExtensions\Platform\DiagnosticsHub\EdgeWebViews\css\multiLineGraph.css'.
[da4c:0007][2026-05-10T00:50:05] Processing file /Contents/Common7/IDE/CommonExtensions/Platform/DiagnosticsHub/EdgeWebViews/css/processSelectionDropDownControl.css
[da4c:0007][2026-05-10T00:50:05] Started: Copying file /Contents/Common7/IDE/CommonExtensions/Platform/DiagnosticsHub/EdgeWebViews/css/processSelectionDropDownControl.css to D:\Program\Common7\IDE\CommonExtensions\Platform\DiagnosticsHub\EdgeWebViews\css\processSelectionDropDownControl.css
[da4c:0007][2026-05-10T00:50:05] Completed: Copying file /Contents/Common7/IDE/CommonExtensions/Platform/DiagnosticsHub/EdgeWebViews/css/processSelectionDropDownControl.css to D:\Program\Common7\IDE\CommonExtensions\Platform\DiagnosticsHub\EdgeWebViews\css\processSelectionDropDownControl.css
[da4c:0007][2026-05-10T00:50:05] Timestamp updated for file 'D:\Program\Common7\IDE\CommonExtensions\Platform\DiagnosticsHub\EdgeWebViews\css\processSelectionDropDownControl.css'.
[da4c:0007][2026-05-10T00:50:05] Processing file /Contents/Common7/IDE/CommonExtensions/Platform/DiagnosticsHub/EdgeWebViews/css/renderer.css
[da4c:0007][2026-05-10T00:50:05] Started: Copying file /Contents/Common7/IDE/CommonExtensions/Platform/DiagnosticsHub/EdgeWebViews/css/renderer.css to D:\Program\Common7\IDE\CommonExtensions\Platform\DiagnosticsHub\EdgeWebViews\css\renderer.css
[da4c:0007][2026-05-10T00:50:05] Completed: Copying file /Contents/Common7/IDE/CommonExtensions/Platform/DiagnosticsHub/EdgeWebViews/css/renderer.css to D:\Program\Common7\IDE\CommonExtensions\Platform\DiagnosticsHub\EdgeWebViews\css\renderer.css
[da4c:0007][2026-05-10T00:50:05] Timestamp updated for file 'D:\Program\Common7\IDE\CommonExtensions\Platform\DiagnosticsHub\EdgeWebViews\css\renderer.css'.
[da4c:0007][2026-05-10T00:50:05] Processing file /Contents/Common7/IDE/CommonExtensions/Platform/DiagnosticsHub/EdgeWebViews/css/ruler.css
[da4c:0007][2026-05-10T00:50:05] Started: Copying file /Contents/Common7/IDE/CommonExtensions/Platform/DiagnosticsHub/EdgeWebViews/css/ruler.css to D:\Program\Common7\IDE\CommonExtensions\Platform\DiagnosticsHub\EdgeWebViews\css\ruler.css
[da4c:0007][2026-05-10T00:50:05] Completed: Copying file /Contents/Common7/IDE/CommonExtensions/Platform/DiagnosticsHub/EdgeWebViews/css/ruler.css to D:\Program\Common7\IDE\CommonExtensions\Platform\DiagnosticsHub\EdgeWebViews\css\ruler.css
[da4c:0007][2026-05-10T00:50:05] Timestamp updated for file 'D:\Program\Common7\IDE\CommonExtensions\Platform\DiagnosticsHub\EdgeWebViews\css\ruler.css'.
[da4c:0007][2026-05-10T00:50:05] Processing file /Contents/Common7/IDE/CommonExtensions/Platform/DiagnosticsHub/EdgeWebViews/css/scrollbar.css
[da4c:0007][2026-05-10T00:50:05] Started: Copying file /Contents/Common7/IDE/CommonExtensions/Platform/DiagnosticsHub/EdgeWebViews/css/scrollbar.css to D:\Program\Common7\IDE\CommonExtensions\Platform\DiagnosticsHub\EdgeWebViews\css\scrollbar.css
[da4c:0007][2026-05-10T00:50:05] Completed: Copying file /Contents/Common7/IDE/CommonExtensions/Platform/DiagnosticsHub/EdgeWebViews/css/scrollbar.css to D:\Program\Common7\IDE\CommonExtensions\Platform\DiagnosticsHub\EdgeWebViews\css\scrollbar.css
[da4c:0007][2026-05-10T00:50:05] Timestamp updated for file 'D:\Program\Common7\IDE\CommonExtensions\Platform\DiagnosticsHub\EdgeWebViews\css\scrollbar.css'.
[da4c:0007][2026-05-10T00:50:05] Processing file /Contents/Common7/IDE/CommonExtensions/Platform/DiagnosticsHub/EdgeWebViews/css/summaryView.css
[da4c:0007][2026-05-10T00:50:05] Started: Copying file /Contents/Common7/IDE/CommonExtensions/Platform/DiagnosticsHub/EdgeWebViews/css/summaryView.css to D:\Program\Common7\IDE\CommonExtensions\Platform\DiagnosticsHub\EdgeWebViews\css\summaryView.css
[da4c:0007][2026-05-10T00:50:05] Completed: Copying file /Contents/Common7/IDE/CommonExtensions/Platform/DiagnosticsHub/EdgeWebViews/css/summaryView.css to D:\Program\Common7\IDE\CommonExtensions\Platform\DiagnosticsHub\EdgeWebViews\css\summaryView.css
[da4c:0007][2026-05-10T00:50:05] Timestamp updated for file 'D:\Program\Common7\IDE\CommonExtensions\Platform\DiagnosticsHub\EdgeWebViews\css\summaryView.css'.
[da4c:0007][2026-05-10T00:50:05] Processing file /Contents/Common7/IDE/CommonExtensions/Platform/DiagnosticsHub/EdgeWebViews/css/swimlane.css
[da4c:0007][2026-05-10T00:50:05] Started: Copying file /Contents/Common7/IDE/CommonExtensions/Platform/DiagnosticsHub/EdgeWebViews/css/swimlane.css to D:\Program\Common7\IDE\CommonExtensions\Platform\DiagnosticsHub\EdgeWebViews\css\swimlane.css
[da4c:0007][2026-05-10T00:50:05] Completed: Copying file /Contents/Common7/IDE/CommonExtensions/Platform/DiagnosticsHub/EdgeWebViews/css/swimlane.css to D:\Program\Common7\IDE\CommonExtensions\Platform\DiagnosticsHub\EdgeWebViews\css\swimlane.css
[da4c:0007][2026-05-10T00:50:05] Timestamp updated for file 'D:\Program\Common7\IDE\CommonExtensions\Platform\DiagnosticsHub\EdgeWebViews\css\swimlane.css'.
[da4c:0007][2026-05-10T00:50:05] Processing file /Contents/Common7/IDE/CommonExtensions/Platform/DiagnosticsHub/EdgeWebViews/css/toolbar.css
[da4c:0007][2026-05-10T00:50:05] Started: Copying file /Contents/Common7/IDE/CommonExtensions/Platform/DiagnosticsHub/EdgeWebViews/css/toolbar.css to D:\Program\Common7\IDE\CommonExtensions\Platform\DiagnosticsHub\EdgeWebViews\css\toolbar.css
[da4c:0007][2026-05-10T00:50:05] Completed: Copying file /Contents/Common7/IDE/CommonExtensions/Platform/DiagnosticsHub/EdgeWebViews/css/toolbar.css to D:\Program\Common7\IDE\CommonExtensions\Platform\DiagnosticsHub\EdgeWebViews\css\toolbar.css
[da4c:0007][2026-05-10T00:50:05] Timestamp updated for file 'D:\Program\Common7\IDE\CommonExtensions\Platform\DiagnosticsHub\EdgeWebViews\css\toolbar.css'.
[da4c:0007][2026-05-10T00:50:05] Processing file /Contents/Common7/IDE/CommonExtensions/Platform/DiagnosticsHub/EdgeWebViews/css/toolSelectionDropDownControl.css
[da4c:0007][2026-05-10T00:50:05] Started: Copying file /Contents/Common7/IDE/CommonExtensions/Platform/DiagnosticsHub/EdgeWebViews/css/toolSelectionDropDownControl.css to D:\Program\Common7\IDE\CommonExtensions\Platform\DiagnosticsHub\EdgeWebViews\css\toolSelectionDropDownControl.css
[da4c:0007][2026-05-10T00:50:05] Completed: Copying file /Contents/Common7/IDE/CommonExtensions/Platform/DiagnosticsHub/EdgeWebViews/css/toolSelectionDropDownControl.css to D:\Program\Common7\IDE\CommonExtensions\Platform\DiagnosticsHub\EdgeWebViews\css\toolSelectionDropDownControl.css
[da4c:0007][2026-05-10T00:50:05] Timestamp updated for file 'D:\Program\Common7\IDE\CommonExtensions\Platform\DiagnosticsHub\EdgeWebViews\css\toolSelectionDropDownControl.css'.
[da4c:0007][2026-05-10T00:50:05] Processing file /Contents/Common7/IDE/CommonExtensions/Platform/DiagnosticsHub/EdgeWebViews/css/unsupportedBrowser.css
[da4c:0007][2026-05-10T00:50:05] Started: Copying file /Contents/Common7/IDE/CommonExtensions/Platform/DiagnosticsHub/EdgeWebViews/css/unsupportedBrowser.css to D:\Program\Common7\IDE\CommonExtensions\Platform\DiagnosticsHub\EdgeWebViews\css\unsupportedBrowser.css
[da4c:0007][2026-05-10T00:50:05] Completed: Copying file /Contents/Common7/IDE/CommonExtensions/Platform/DiagnosticsHub/EdgeWebViews/css/unsupportedBrowser.css to D:\Program\Common7\IDE\CommonExtensions\Platform\DiagnosticsHub\EdgeWebViews\css\unsupportedBrowser.css
[da4c:0007][2026-05-10T00:50:05] Timestamp updated for file 'D:\Program\Common7\IDE\CommonExtensions\Platform\DiagnosticsHub\EdgeWebViews\css\unsupportedBrowser.css'.
[da4c:0007][2026-05-10T00:50:05] Processing file /Contents/Common7/IDE/CommonExtensions/Platform/DiagnosticsHub/EdgeWebViews/css/view.css
[da4c:0007][2026-05-10T00:50:05] Started: Copying file /Contents/Common7/IDE/CommonExtensions/Platform/DiagnosticsHub/EdgeWebViews/css/view.css to D:\Program\Common7\IDE\CommonExtensions\Platform\DiagnosticsHub\EdgeWebViews\css\view.css
[da4c:0007][2026-05-10T00:50:05] Completed: Copying file /Contents/Common7/IDE/CommonExtensions/Platform/DiagnosticsHub/EdgeWebViews/css/view.css to D:\Program\Common7\IDE\CommonExtensions\Platform\DiagnosticsHub\EdgeWebViews\css\view.css
[da4c:0007][2026-05-10T00:50:05] Timestamp updated for file 'D:\Program\Common7\IDE\CommonExtensions\Platform\DiagnosticsHub\EdgeWebViews\css\view.css'.
[da4c:0007][2026-05-10T00:50:05] Processing file /Contents/Common7/IDE/CommonExtensions/Platform/DiagnosticsHub/EdgeWebViews/DiagnosticsHub.TypeScript.ScriptResources.resx
[da4c:0007][2026-05-10T00:50:05] Started: Copying file /Contents/Common7/IDE/CommonExtensions/Platform/DiagnosticsHub/EdgeWebViews/DiagnosticsHub.TypeScript.ScriptResources.resx to D:\Program\Common7\IDE\CommonExtensions\Platform\DiagnosticsHub\EdgeWebViews\DiagnosticsHub.TypeScript.ScriptResources.resx
[da4c:0007][2026-05-10T00:50:05] Completed: Copying file /Contents/Common7/IDE/CommonExtensions/Platform/DiagnosticsHub/EdgeWebViews/DiagnosticsHub.TypeScript.ScriptResources.resx to D:\Program\Common7\IDE\CommonExtensions\Platform\DiagnosticsHub\EdgeWebViews\DiagnosticsHub.TypeScript.ScriptResources.resx
[da4c:0007][2026-05-10T00:50:05] Timestamp updated for file 'D:\Program\Common7\IDE\CommonExtensions\Platform\DiagnosticsHub\EdgeWebViews\DiagnosticsHub.TypeScript.ScriptResources.resx'.
[da4c:0007][2026-05-10T00:50:05] Processing file /Contents/Common7/IDE/CommonExtensions/Platform/DiagnosticsHub/EdgeWebViews/DiagnosticsHub.TypeScript.Swimlanes.ScriptResources.resx
[da4c:0007][2026-05-10T00:50:05] Started: Copying file /Contents/Common7/IDE/CommonExtensions/Platform/DiagnosticsHub/EdgeWebViews/DiagnosticsHub.TypeScript.Swimlanes.ScriptResources.resx to D:\Program\Common7\IDE\CommonExtensions\Platform\DiagnosticsHub\EdgeWebViews\DiagnosticsHub.TypeScript.Swimlanes.ScriptResources.resx
[da4c:0007][2026-05-10T00:50:05] Completed: Copying file /Contents/Common7/IDE/CommonExtensions/Platform/DiagnosticsHub/EdgeWebViews/DiagnosticsHub.TypeScript.Swimlanes.ScriptResources.resx to D:\Program\Common7\IDE\CommonExtensions\Platform\DiagnosticsHub\EdgeWebViews\DiagnosticsHub.TypeScript.Swimlanes.ScriptResources.resx
[da4c:0007][2026-05-10T00:50:05] Timestamp updated for file 'D:\Program\Common7\IDE\CommonExtensions\Platform\DiagnosticsHub\EdgeWebViews\DiagnosticsHub.TypeScript.Swimlanes.ScriptResources.resx'.
[da4c:0007][2026-05-10T00:50:05] Processing file /Contents/Common7/IDE/CommonExtensions/Platform/DiagnosticsHub/EdgeWebViews/images/customMark1_18x.png
[da4c:0007][2026-05-10T00:50:05] Started: Copying file /Contents/Common7/IDE/CommonExtensions/Platform/DiagnosticsHub/EdgeWebViews/images/customMark1_18x.png to D:\Program\Common7\IDE\CommonExtensions\Platform\DiagnosticsHub\EdgeWebViews\images\customMark1_18x.png
[da4c:0007][2026-05-10T00:50:05] Completed: Copying file /Contents/Common7/IDE/CommonExtensions/Platform/DiagnosticsHub/EdgeWebViews/images/customMark1_18x.png to D:\Program\Common7\IDE\CommonExtensions\Platform\DiagnosticsHub\EdgeWebViews\images\customMark1_18x.png
[da4c:0007][2026-05-10T00:50:05] Timestamp updated for file 'D:\Program\Common7\IDE\CommonExtensions\Platform\DiagnosticsHub\EdgeWebViews\images\customMark1_18x.png'.
[da4c:0007][2026-05-10T00:50:05] Processing file /Contents/Common7/IDE/CommonExtensions/Platform/DiagnosticsHub/EdgeWebViews/images/customMark2_18x.png
[da4c:0007][2026-05-10T00:50:05] Started: Copying file /Contents/Common7/IDE/CommonExtensions/Platform/DiagnosticsHub/EdgeWebViews/images/customMark2_18x.png to D:\Program\Common7\IDE\CommonExtensions\Platform\DiagnosticsHub\EdgeWebViews\images\customMark2_18x.png
[da4c:0007][2026-05-10T00:50:05] Completed: Copying file /Contents/Common7/IDE/CommonExtensions/Platform/DiagnosticsHub/EdgeWebViews/images/customMark2_18x.png to D:\Program\Common7\IDE\CommonExtensions\Platform\DiagnosticsHub\EdgeWebViews\images\customMark2_18x.png
[da4c:0007][2026-05-10T00:50:05] Timestamp updated for file 'D:\Program\Common7\IDE\CommonExtensions\Platform\DiagnosticsHub\EdgeWebViews\images\customMark2_18x.png'.
[da4c:0007][2026-05-10T00:50:05] Processing file /Contents/Common7/IDE/CommonExtensions/Platform/DiagnosticsHub/EdgeWebViews/images/customMark3_18x.png
[da4c:0007][2026-05-10T00:50:05] Started: Copying file /Contents/Common7/IDE/CommonExtensions/Platform/DiagnosticsHub/EdgeWebViews/images/customMark3_18x.png to D:\Program\Common7\IDE\CommonExtensions\Platform\DiagnosticsHub\EdgeWebViews\images\customMark3_18x.png
[da4c:0007][2026-05-10T00:50:05] Completed: Copying file /Contents/Common7/IDE/CommonExtensions/Platform/DiagnosticsHub/EdgeWebViews/images/customMark3_18x.png to D:\Program\Common7\IDE\CommonExtensions\Platform\DiagnosticsHub\EdgeWebViews\images\customMark3_18x.png
[da4c:0007][2026-05-10T00:50:05] Timestamp updated for file 'D:\Program\Common7\IDE\CommonExtensions\Platform\DiagnosticsHub\EdgeWebViews\images\customMark3_18x.png'.
[da4c:0007][2026-05-10T00:50:05] Processing file /Contents/Common7/IDE/CommonExtensions/Platform/DiagnosticsHub/EdgeWebViews/images/customMark4_18x.png
[da4c:0007][2026-05-10T00:50:05] Started: Copying file /Contents/Common7/IDE/CommonExtensions/Platform/DiagnosticsHub/EdgeWebViews/images/customMark4_18x.png to D:\Program\Common7\IDE\CommonExtensions\Platform\DiagnosticsHub\EdgeWebViews\images\customMark4_18x.png
[da4c:0007][2026-05-10T00:50:05] Completed: Copying file /Contents/Common7/IDE/CommonExtensions/Platform/DiagnosticsHub/EdgeWebViews/images/customMark4_18x.png to D:\Program\Common7\IDE\CommonExtensions\Platform\DiagnosticsHub\EdgeWebViews\images\customMark4_18x.png
[da4c:0007][2026-05-10T00:50:05] Timestamp updated for file 'D:\Program\Common7\IDE\CommonExtensions\Platform\DiagnosticsHub\EdgeWebViews\images\customMark4_18x.png'.
[da4c:0007][2026-05-10T00:50:05] Processing file /Contents/Common7/IDE/CommonExtensions/Platform/DiagnosticsHub/EdgeWebViews/images/customMark5_18x.png
[da4c:0007][2026-05-10T00:50:05] Started: Copying file /Contents/Common7/IDE/CommonExtensions/Platform/DiagnosticsHub/EdgeWebViews/images/customMark5_18x.png to D:\Program\Common7\IDE\CommonExtensions\Platform\DiagnosticsHub\EdgeWebViews\images\customMark5_18x.png
[da4c:0007][2026-05-10T00:50:05] Completed: Copying file /Contents/Common7/IDE/CommonExtensions/Platform/DiagnosticsHub/EdgeWebViews/images/customMark5_18x.png to D:\Program\Common7\IDE\CommonExtensions\Platform\DiagnosticsHub\EdgeWebViews\images\customMark5_18x.png
[da4c:0007][2026-05-10T00:50:05] Timestamp updated for file 'D:\Program\Common7\IDE\CommonExtensions\Platform\DiagnosticsHub\EdgeWebViews\images\customMark5_18x.png'.
[da4c:0007][2026-05-10T00:50:05] Processing file /Contents/Common7/IDE/CommonExtensions/Platform/DiagnosticsHub/EdgeWebViews/images/information_blue.svg
[da4c:0007][2026-05-10T00:50:05] Started: Copying file /Contents/Common7/IDE/CommonExtensions/Platform/DiagnosticsHub/EdgeWebViews/images/information_blue.svg to D:\Program\Common7\IDE\CommonExtensions\Platform\DiagnosticsHub\EdgeWebViews\images\information_blue.svg
[da4c:0007][2026-05-10T00:50:05] Completed: Copying file /Contents/Common7/IDE/CommonExtensions/Platform/DiagnosticsHub/EdgeWebViews/images/information_blue.svg to D:\Program\Common7\IDE\CommonExtensions\Platform\DiagnosticsHub\EdgeWebViews\images\information_blue.svg
[da4c:0007][2026-05-10T00:50:05] Timestamp updated for file 'D:\Program\Common7\IDE\CommonExtensions\Platform\DiagnosticsHub\EdgeWebViews\images\information_blue.svg'.
[da4c:0007][2026-05-10T00:50:05] Processing file /Contents/Common7/IDE/CommonExtensions/Platform/DiagnosticsHub/EdgeWebViews/images/itemcollapsedicon.png
[da4c:0007][2026-05-10T00:50:05] Started: Copying file /Contents/Common7/IDE/CommonExtensions/Platform/DiagnosticsHub/EdgeWebViews/images/itemcollapsedicon.png to D:\Program\Common7\IDE\CommonExtensions\Platform\DiagnosticsHub\EdgeWebViews\images\itemcollapsedicon.png
[da4c:0007][2026-05-10T00:50:05] Completed: Copying file /Contents/Common7/IDE/CommonExtensions/Platform/DiagnosticsHub/EdgeWebViews/images/itemcollapsedicon.png to D:\Program\Common7\IDE\CommonExtensions\Platform\DiagnosticsHub\EdgeWebViews\images\itemcollapsedicon.png
[da4c:0007][2026-05-10T00:50:05] Timestamp updated for file 'D:\Program\Common7\IDE\CommonExtensions\Platform\DiagnosticsHub\EdgeWebViews\images\itemcollapsedicon.png'.
[da4c:0007][2026-05-10T00:50:05] Processing file /Contents/Common7/IDE/CommonExtensions/Platform/DiagnosticsHub/EdgeWebViews/images/itemexpandedicon.png
[da4c:0007][2026-05-10T00:50:05] Started: Copying file /Contents/Common7/IDE/CommonExtensions/Platform/DiagnosticsHub/EdgeWebViews/images/itemexpandedicon.png to D:\Program\Common7\IDE\CommonExtensions\Platform\DiagnosticsHub\EdgeWebViews\images\itemexpandedicon.png
[da4c:0007][2026-05-10T00:50:05] Completed: Copying file /Contents/Common7/IDE/CommonExtensions/Platform/DiagnosticsHub/EdgeWebViews/images/itemexpandedicon.png to D:\Program\Common7\IDE\CommonExtensions\Platform\DiagnosticsHub\EdgeWebViews\images\itemexpandedicon.png
[da4c:0007][2026-05-10T00:50:05] Timestamp updated for file 'D:\Program\Common7\IDE\CommonExtensions\Platform\DiagnosticsHub\EdgeWebViews\images\itemexpandedicon.png'.
[da4c:0007][2026-05-10T00:50:05] Processing file /Contents/Common7/IDE/CommonExtensions/Platform/DiagnosticsHub/EdgeWebViews/images/i_appevent.png
[da4c:0007][2026-05-10T00:50:05] Started: Copying file /Contents/Common7/IDE/CommonExtensions/Platform/DiagnosticsHub/EdgeWebViews/images/i_appevent.png to D:\Program\Common7\IDE\CommonExtensions\Platform\DiagnosticsHub\EdgeWebViews\images\i_appevent.png
[da4c:0007][2026-05-10T00:50:05] Completed: Copying file /Contents/Common7/IDE/CommonExtensions/Platform/DiagnosticsHub/EdgeWebViews/images/i_appevent.png to D:\Program\Common7\IDE\CommonExtensions\Platform\DiagnosticsHub\EdgeWebViews\images\i_appevent.png
[da4c:0007][2026-05-10T00:50:05] Timestamp updated for file 'D:\Program\Common7\IDE\CommonExtensions\Platform\DiagnosticsHub\EdgeWebViews\images\i_appevent.png'.
[da4c:0007][2026-05-10T00:50:05] Processing file /Contents/Common7/IDE/CommonExtensions/Platform/DiagnosticsHub/EdgeWebViews/images/i_chartselection_clear.svg
[da4c:0007][2026-05-10T00:50:05] Started: Copying file /Contents/Common7/IDE/CommonExtensions/Platform/DiagnosticsHub/EdgeWebViews/images/i_chartselection_clear.svg to D:\Program\Common7\IDE\CommonExtensions\Platform\DiagnosticsHub\EdgeWebViews\images\i_chartselection_clear.svg
[da4c:0007][2026-05-10T00:50:05] Completed: Copying file /Contents/Common7/IDE/CommonExtensions/Platform/DiagnosticsHub/EdgeWebViews/images/i_chartselection_clear.svg to D:\Program\Common7\IDE\CommonExtensions\Platform\DiagnosticsHub\EdgeWebViews\images\i_chartselection_clear.svg
[da4c:0007][2026-05-10T00:50:05] Timestamp updated for file 'D:\Program\Common7\IDE\CommonExtensions\Platform\DiagnosticsHub\EdgeWebViews\images\i_chartselection_clear.svg'.
[da4c:0007][2026-05-10T00:50:05] Processing file /Contents/Common7/IDE/CommonExtensions/Platform/DiagnosticsHub/EdgeWebViews/images/i_chartselection_clear_disabled.svg
[da4c:0007][2026-05-10T00:50:05] Started: Copying file /Contents/Common7/IDE/CommonExtensions/Platform/DiagnosticsHub/EdgeWebViews/images/i_chartselection_clear_disabled.svg to D:\Program\Common7\IDE\CommonExtensions\Platform\DiagnosticsHub\EdgeWebViews\images\i_chartselection_clear_disabled.svg
[da4c:0007][2026-05-10T00:50:05] Completed: Copying file /Contents/Common7/IDE/CommonExtensions/Platform/DiagnosticsHub/EdgeWebViews/images/i_chartselection_clear_disabled.svg to D:\Program\Common7\IDE\CommonExtensions\Platform\DiagnosticsHub\EdgeWebViews\images\i_chartselection_clear_disabled.svg
[da4c:0007][2026-05-10T00:50:05] Timestamp updated for file 'D:\Program\Common7\IDE\CommonExtensions\Platform\DiagnosticsHub\EdgeWebViews\images\i_chartselection_clear_disabled.svg'.
[da4c:0007][2026-05-10T00:50:05] Processing file /Contents/Common7/IDE/CommonExtensions/Platform/DiagnosticsHub/EdgeWebViews/images/i_chartzoom_in.svg
[da4c:0007][2026-05-10T00:50:05] Started: Copying file /Contents/Common7/IDE/CommonExtensions/Platform/DiagnosticsHub/EdgeWebViews/images/i_chartzoom_in.svg to D:\Program\Common7\IDE\CommonExtensions\Platform\DiagnosticsHub\EdgeWebViews\images\i_chartzoom_in.svg
[da4c:0007][2026-05-10T00:50:05] Completed: Copying file /Contents/Common7/IDE/CommonExtensions/Platform/DiagnosticsHub/EdgeWebViews/images/i_chartzoom_in.svg to D:\Program\Common7\IDE\CommonExtensions\Platform\DiagnosticsHub\EdgeWebViews\images\i_chartzoom_in.svg
[da4c:0007][2026-05-10T00:50:05] Timestamp updated for file 'D:\Program\Common7\IDE\CommonExtensions\Platform\DiagnosticsHub\EdgeWebViews\images\i_chartzoom_in.svg'.
[da4c:0007][2026-05-10T00:50:05] Processing file /Contents/Common7/IDE/CommonExtensions/Platform/DiagnosticsHub/EdgeWebViews/images/i_chartzoom_in_disabled.svg
[da4c:0007][2026-05-10T00:50:05] Started: Copying file /Contents/Common7/IDE/CommonExtensions/Platform/DiagnosticsHub/EdgeWebViews/images/i_chartzoom_in_disabled.svg to D:\Program\Common7\IDE\CommonExtensions\Platform\DiagnosticsHub\EdgeWebViews\images\i_chartzoom_in_disabled.svg
[da4c:0007][2026-05-10T00:50:05] Completed: Copying file /Contents/Common7/IDE/CommonExtensions/Platform/DiagnosticsHub/EdgeWebViews/images/i_chartzoom_in_disabled.svg to D:\Program\Common7\IDE\CommonExtensions\Platform\DiagnosticsHub\EdgeWebViews\images\i_chartzoom_in_disabled.svg
[da4c:0007][2026-05-10T00:50:05] Timestamp updated for file 'D:\Program\Common7\IDE\CommonExtensions\Platform\DiagnosticsHub\EdgeWebViews\images\i_chartzoom_in_disabled.svg'.
[da4c:0007][2026-05-10T00:50:05] Processing file /Contents/Common7/IDE/CommonExtensions/Platform/DiagnosticsHub/EdgeWebViews/images/i_chartzoom_reset.svg
[da4c:0007][2026-05-10T00:50:05] Started: Copying file /Contents/Common7/IDE/CommonExtensions/Platform/DiagnosticsHub/EdgeWebViews/images/i_chartzoom_reset.svg to D:\Program\Common7\IDE\CommonExtensions\Platform\DiagnosticsHub\EdgeWebViews\images\i_chartzoom_reset.svg
[da4c:0007][2026-05-10T00:50:05] Completed: Copying file /Contents/Common7/IDE/CommonExtensions/Platform/DiagnosticsHub/EdgeWebViews/images/i_chartzoom_reset.svg to D:\Program\Common7\IDE\CommonExtensions\Platform\DiagnosticsHub\EdgeWebViews\images\i_chartzoom_reset.svg
[da4c:0007][2026-05-10T00:50:05] Timestamp updated for file 'D:\Program\Common7\IDE\CommonExtensions\Platform\DiagnosticsHub\EdgeWebViews\images\i_chartzoom_reset.svg'.
[da4c:0007][2026-05-10T00:50:05] Processing file /Contents/Common7/IDE/CommonExtensions/Platform/DiagnosticsHub/EdgeWebViews/images/i_chartzoom_reset_disabled.svg
[da4c:0007][2026-05-10T00:50:05] Started: Copying file /Contents/Common7/IDE/CommonExtensions/Platform/DiagnosticsHub/EdgeWebViews/images/i_chartzoom_reset_disabled.svg to D:\Program\Common7\IDE\CommonExtensions\Platform\DiagnosticsHub\EdgeWebViews\images\i_chartzoom_reset_disabled.svg
[da4c:0007][2026-05-10T00:50:05] Completed: Copying file /Contents/Common7/IDE/CommonExtensions/Platform/DiagnosticsHub/EdgeWebViews/images/i_chartzoom_reset_disabled.svg to D:\Program\Common7\IDE\CommonExtensions\Platform\DiagnosticsHub\EdgeWebViews\images\i_chartzoom_reset_disabled.svg
[da4c:0007][2026-05-10T00:50:05] Timestamp updated for file 'D:\Program\Common7\IDE\CommonExtensions\Platform\DiagnosticsHub\EdgeWebViews\images\i_chartzoom_reset_disabled.svg'.
[da4c:0007][2026-05-10T00:50:05] Processing file /Contents/Common7/IDE/CommonExtensions/Platform/DiagnosticsHub/EdgeWebViews/images/i_stopcollection.svg
[da4c:0007][2026-05-10T00:50:05] Started: Copying file /Contents/Common7/IDE/CommonExtensions/Platform/DiagnosticsHub/EdgeWebViews/images/i_stopcollection.svg to D:\Program\Common7\IDE\CommonExtensions\Platform\DiagnosticsHub\EdgeWebViews\images\i_stopcollection.svg
[da4c:0007][2026-05-10T00:50:05] Completed: Copying file /Contents/Common7/IDE/CommonExtensions/Platform/DiagnosticsHub/EdgeWebViews/images/i_stopcollection.svg to D:\Program\Common7\IDE\CommonExtensions\Platform\DiagnosticsHub\EdgeWebViews\images\i_stopcollection.svg
[da4c:0007][2026-05-10T00:50:05] Timestamp updated for file 'D:\Program\Common7\IDE\CommonExtensions\Platform\DiagnosticsHub\EdgeWebViews\images\i_stopcollection.svg'.
[da4c:0007][2026-05-10T00:50:05] Processing file /Contents/Common7/IDE/CommonExtensions/Platform/DiagnosticsHub/EdgeWebViews/images/i_stopcollection_disabled.svg
[da4c:0007][2026-05-10T00:50:05] Started: Copying file /Contents/Common7/IDE/CommonExtensions/Platform/DiagnosticsHub/EdgeWebViews/images/i_stopcollection_disabled.svg to D:\Program\Common7\IDE\CommonExtensions\Platform\DiagnosticsHub\EdgeWebViews\images\i_stopcollection_disabled.svg
[da4c:0007][2026-05-10T00:50:05] Completed: Copying file /Contents/Common7/IDE/CommonExtensions/Platform/DiagnosticsHub/EdgeWebViews/images/i_stopcollection_disabled.svg to D:\Program\Common7\IDE\CommonExtensions\Platform\DiagnosticsHub\EdgeWebViews\images\i_stopcollection_disabled.svg
[da4c:0007][2026-05-10T00:50:05] Timestamp updated for file 'D:\Program\Common7\IDE\CommonExtensions\Platform\DiagnosticsHub\EdgeWebViews\images\i_stopcollection_disabled.svg'.
[da4c:0007][2026-05-10T00:50:05] Processing file /Contents/Common7/IDE/CommonExtensions/Platform/DiagnosticsHub/EdgeWebViews/images/i_usermark.png
[da4c:0007][2026-05-10T00:50:05] Started: Copying file /Contents/Common7/IDE/CommonExtensions/Platform/DiagnosticsHub/EdgeWebViews/images/i_usermark.png to D:\Program\Common7\IDE\CommonExtensions\Platform\DiagnosticsHub\EdgeWebViews\images\i_usermark.png
[da4c:0007][2026-05-10T00:50:05] Completed: Copying file /Contents/Common7/IDE/CommonExtensions/Platform/DiagnosticsHub/EdgeWebViews/images/i_usermark.png to D:\Program\Common7\IDE\CommonExtensions\Platform\DiagnosticsHub\EdgeWebViews\images\i_usermark.png
[da4c:0007][2026-05-10T00:50:05] Timestamp updated for file 'D:\Program\Common7\IDE\CommonExtensions\Platform\DiagnosticsHub\EdgeWebViews\images\i_usermark.png'.
[da4c:0007][2026-05-10T00:50:05] Processing file /Contents/Common7/IDE/CommonExtensions/Platform/DiagnosticsHub/EdgeWebViews/images/i_usermark.svg
[da4c:0007][2026-05-10T00:50:05] Started: Copying file /Contents/Common7/IDE/CommonExtensions/Platform/DiagnosticsHub/EdgeWebViews/images/i_usermark.svg to D:\Program\Common7\IDE\CommonExtensions\Platform\DiagnosticsHub\EdgeWebViews\images\i_usermark.svg
[da4c:0007][2026-05-10T00:50:05] Completed: Copying file /Contents/Common7/IDE/CommonExtensions/Platform/DiagnosticsHub/EdgeWebViews/images/i_usermark.svg to D:\Program\Common7\IDE\CommonExtensions\Platform\DiagnosticsHub\EdgeWebViews\images\i_usermark.svg
[da4c:0007][2026-05-10T00:50:05] Timestamp updated for file 'D:\Program\Common7\IDE\CommonExtensions\Platform\DiagnosticsHub\EdgeWebViews\images\i_usermark.svg'.
[da4c:0007][2026-05-10T00:50:05] Processing file /Contents/Common7/IDE/CommonExtensions/Platform/DiagnosticsHub/EdgeWebViews/images/process.svg
[da4c:0007][2026-05-10T00:50:05] Started: Copying file /Contents/Common7/IDE/CommonExtensions/Platform/DiagnosticsHub/EdgeWebViews/images/process.svg to D:\Program\Common7\IDE\CommonExtensions\Platform\DiagnosticsHub\EdgeWebViews\images\process.svg
[da4c:0007][2026-05-10T00:50:05] Completed: Copying file /Contents/Common7/IDE/CommonExtensions/Platform/DiagnosticsHub/EdgeWebViews/images/process.svg to D:\Program\Common7\IDE\CommonExtensions\Platform\DiagnosticsHub\EdgeWebViews\images\process.svg
[da4c:0007][2026-05-10T00:50:05] Timestamp updated for file 'D:\Program\Common7\IDE\CommonExtensions\Platform\DiagnosticsHub\EdgeWebViews\images\process.svg'.
[da4c:0007][2026-05-10T00:50:05] Processing file /Contents/Common7/IDE/CommonExtensions/Platform/DiagnosticsHub/EdgeWebViews/images/resetTimelineViewDisabled_16x.svg
[da4c:0007][2026-05-10T00:50:05] Started: Copying file /Contents/Common7/IDE/CommonExtensions/Platform/DiagnosticsHub/EdgeWebViews/images/resetTimelineViewDisabled_16x.svg to D:\Program\Common7\IDE\CommonExtensions\Platform\DiagnosticsHub\EdgeWebViews\images\resetTimelineViewDisabled_16x.svg
[da4c:0007][2026-05-10T00:50:05] Completed: Copying file /Contents/Common7/IDE/CommonExtensions/Platform/DiagnosticsHub/EdgeWebViews/images/resetTimelineViewDisabled_16x.svg to D:\Program\Common7\IDE\CommonExtensions\Platform\DiagnosticsHub\EdgeWebViews\images\resetTimelineViewDisabled_16x.svg
[da4c:0007][2026-05-10T00:50:05] Timestamp updated for file 'D:\Program\Common7\IDE\CommonExtensions\Platform\DiagnosticsHub\EdgeWebViews\images\resetTimelineViewDisabled_16x.svg'.
[da4c:0007][2026-05-10T00:50:05] Processing file /Contents/Common7/IDE/CommonExtensions/Platform/DiagnosticsHub/EdgeWebViews/images/resetTimelineView_16x.svg
[da4c:0007][2026-05-10T00:50:05] Started: Copying file /Contents/Common7/IDE/CommonExtensions/Platform/DiagnosticsHub/EdgeWebViews/images/resetTimelineView_16x.svg to D:\Program\Common7\IDE\CommonExtensions\Platform\DiagnosticsHub\EdgeWebViews\images\resetTimelineView_16x.svg
[da4c:0007][2026-05-10T00:50:05] Completed: Copying file /Contents/Common7/IDE/CommonExtensions/Platform/DiagnosticsHub/EdgeWebViews/images/resetTimelineView_16x.svg to D:\Program\Common7\IDE\CommonExtensions\Platform\DiagnosticsHub\EdgeWebViews\images\resetTimelineView_16x.svg
[da4c:0007][2026-05-10T00:50:05] Timestamp updated for file 'D:\Program\Common7\IDE\CommonExtensions\Platform\DiagnosticsHub\EdgeWebViews\images\resetTimelineView_16x.svg'.
[da4c:0007][2026-05-10T00:50:05] Processing file /Contents/Common7/IDE/CommonExtensions/Platform/DiagnosticsHub/EdgeWebViews/images/samplingDisabled.svg
[da4c:0007][2026-05-10T00:50:05] Started: Copying file /Contents/Common7/IDE/CommonExtensions/Platform/DiagnosticsHub/EdgeWebViews/images/samplingDisabled.svg to D:\Program\Common7\IDE\CommonExtensions\Platform\DiagnosticsHub\EdgeWebViews\images\samplingDisabled.svg
[da4c:0007][2026-05-10T00:50:05] Completed: Copying file /Contents/Common7/IDE/CommonExtensions/Platform/DiagnosticsHub/EdgeWebViews/images/samplingDisabled.svg to D:\Program\Common7\IDE\CommonExtensions\Platform\DiagnosticsHub\EdgeWebViews\images\samplingDisabled.svg
[da4c:0007][2026-05-10T00:50:05] Timestamp updated for file 'D:\Program\Common7\IDE\CommonExtensions\Platform\DiagnosticsHub\EdgeWebViews\images\samplingDisabled.svg'.
[da4c:0007][2026-05-10T00:50:05] Processing file /Contents/Common7/IDE/CommonExtensions/Platform/DiagnosticsHub/EdgeWebViews/images/samplingEnabled.svg
[da4c:0007][2026-05-10T00:50:05] Started: Copying file /Contents/Common7/IDE/CommonExtensions/Platform/DiagnosticsHub/EdgeWebViews/images/samplingEnabled.svg to D:\Program\Common7\IDE\CommonExtensions\Platform\DiagnosticsHub\EdgeWebViews\images\samplingEnabled.svg
[da4c:0007][2026-05-10T00:50:05] Completed: Copying file /Contents/Common7/IDE/CommonExtensions/Platform/DiagnosticsHub/EdgeWebViews/images/samplingEnabled.svg to D:\Program\Common7\IDE\CommonExtensions\Platform\DiagnosticsHub\EdgeWebViews\images\samplingEnabled.svg
[da4c:0007][2026-05-10T00:50:05] Timestamp updated for file 'D:\Program\Common7\IDE\CommonExtensions\Platform\DiagnosticsHub\EdgeWebViews\images\samplingEnabled.svg'.
[da4c:0007][2026-05-10T00:50:05] Processing file /Contents/Common7/IDE/CommonExtensions/Platform/DiagnosticsHub/EdgeWebViews/images/showOutput_16x.svg
[da4c:0007][2026-05-10T00:50:05] Started: Copying file /Contents/Common7/IDE/CommonExtensions/Platform/DiagnosticsHub/EdgeWebViews/images/showOutput_16x.svg to D:\Program\Common7\IDE\CommonExtensions\Platform\DiagnosticsHub\EdgeWebViews\images\showOutput_16x.svg
[da4c:0007][2026-05-10T00:50:05] Completed: Copying file /Contents/Common7/IDE/CommonExtensions/Platform/DiagnosticsHub/EdgeWebViews/images/showOutput_16x.svg to D:\Program\Common7\IDE\CommonExtensions\Platform\DiagnosticsHub\EdgeWebViews\images\showOutput_16x.svg
[da4c:0007][2026-05-10T00:50:05] Timestamp updated for file 'D:\Program\Common7\IDE\CommonExtensions\Platform\DiagnosticsHub\EdgeWebViews\images\showOutput_16x.svg'.
[da4c:0007][2026-05-10T00:50:05] Processing file /Contents/Common7/IDE/CommonExtensions/Platform/DiagnosticsHub/EdgeWebViews/images/toolsSettings.svg
[da4c:0007][2026-05-10T00:50:05] Started: Copying file /Contents/Common7/IDE/CommonExtensions/Platform/DiagnosticsHub/EdgeWebViews/images/toolsSettings.svg to D:\Program\Common7\IDE\CommonExtensions\Platform\DiagnosticsHub\EdgeWebViews\images\toolsSettings.svg
[da4c:0007][2026-05-10T00:50:05] Completed: Copying file /Contents/Common7/IDE/CommonExtensions/Platform/DiagnosticsHub/EdgeWebViews/images/toolsSettings.svg to D:\Program\Common7\IDE\CommonExtensions\Platform\DiagnosticsHub\EdgeWebViews\images\toolsSettings.svg
[da4c:0007][2026-05-10T00:50:05] Timestamp updated for file 'D:\Program\Common7\IDE\CommonExtensions\Platform\DiagnosticsHub\EdgeWebViews\images\toolsSettings.svg'.
[da4c:0007][2026-05-10T00:50:05] Processing file /Contents/Common7/IDE/CommonExtensions/Platform/DiagnosticsHub/EdgeWebViews/performanceDebuggerSwimLanesView.html
[da4c:0007][2026-05-10T00:50:05] Started: Copying file /Contents/Common7/IDE/CommonExtensions/Platform/DiagnosticsHub/EdgeWebViews/performanceDebuggerSwimLanesView.html to D:\Program\Common7\IDE\CommonExtensions\Platform\DiagnosticsHub\EdgeWebViews\performanceDebuggerSwimLanesView.html
[da4c:0007][2026-05-10T00:50:05] Completed: Copying file /Contents/Common7/IDE/CommonExtensions/Platform/DiagnosticsHub/EdgeWebViews/performanceDebuggerSwimLanesView.html to D:\Program\Common7\IDE\CommonExtensions\Platform\DiagnosticsHub\EdgeWebViews\performanceDebuggerSwimLanesView.html
[da4c:0007][2026-05-10T00:50:05] Timestamp updated for file 'D:\Program\Common7\IDE\CommonExtensions\Platform\DiagnosticsHub\EdgeWebViews\performanceDebuggerSwimLanesView.html'.
[da4c:0007][2026-05-10T00:50:05] Processing file /Contents/Common7/IDE/CommonExtensions/Platform/DiagnosticsHub/EdgeWebViews/performanceDebuggerSwimLanesView.manifest.json
[da4c:0007][2026-05-10T00:50:05] Started: Copying file /Contents/Common7/IDE/CommonExtensions/Platform/DiagnosticsHub/EdgeWebViews/performanceDebuggerSwimLanesView.manifest.json to D:\Program\Common7\IDE\CommonExtensions\Platform\DiagnosticsHub\EdgeWebViews\performanceDebuggerSwimLanesView.manifest.json
[da4c:0007][2026-05-10T00:50:05] Completed: Copying file /Contents/Common7/IDE/CommonExtensions/Platform/DiagnosticsHub/EdgeWebViews/performanceDebuggerSwimLanesView.manifest.json to D:\Program\Common7\IDE\CommonExtensions\Platform\DiagnosticsHub\EdgeWebViews\performanceDebuggerSwimLanesView.manifest.json
[da4c:0007][2026-05-10T00:50:05] Timestamp updated for file 'D:\Program\Common7\IDE\CommonExtensions\Platform\DiagnosticsHub\EdgeWebViews\performanceDebuggerSwimLanesView.manifest.json'.
[da4c:0007][2026-05-10T00:50:05] Processing file /Contents/Common7/IDE/CommonExtensions/Platform/DiagnosticsHub/EdgeWebViews/scripts/diagnosticsHub-core.js
[da4c:0007][2026-05-10T00:50:05] Started: Copying file /Contents/Common7/IDE/CommonExtensions/Platform/DiagnosticsHub/EdgeWebViews/scripts/diagnosticsHub-core.js to D:\Program\Common7\IDE\CommonExtensions\Platform\DiagnosticsHub\EdgeWebViews\scripts\diagnosticsHub-core.js
[da4c:0007][2026-05-10T00:50:05] Completed: Copying file /Contents/Common7/IDE/CommonExtensions/Platform/DiagnosticsHub/EdgeWebViews/scripts/diagnosticsHub-core.js to D:\Program\Common7\IDE\CommonExtensions\Platform\DiagnosticsHub\EdgeWebViews\scripts\diagnosticsHub-core.js
[da4c:0007][2026-05-10T00:50:05] Timestamp updated for file 'D:\Program\Common7\IDE\CommonExtensions\Platform\DiagnosticsHub\EdgeWebViews\scripts\diagnosticsHub-core.js'.
[da4c:0007][2026-05-10T00:50:05] Processing file /Contents/Common7/IDE/CommonExtensions/Platform/DiagnosticsHub/EdgeWebViews/scripts/diagnosticsHub-loader.js
[da4c:0007][2026-05-10T00:50:05] Started: Copying file /Contents/Common7/IDE/CommonExtensions/Platform/DiagnosticsHub/EdgeWebViews/scripts/diagnosticsHub-loader.js to D:\Program\Common7\IDE\CommonExtensions\Platform\DiagnosticsHub\EdgeWebViews\scripts\diagnosticsHub-loader.js
[da4c:0007][2026-05-10T00:50:05] Completed: Copying file /Contents/Common7/IDE/CommonExtensions/Platform/DiagnosticsHub/EdgeWebViews/scripts/diagnosticsHub-loader.js to D:\Program\Common7\IDE\CommonExtensions\Platform\DiagnosticsHub\EdgeWebViews\scripts\diagnosticsHub-loader.js
[da4c:0007][2026-05-10T00:50:05] Timestamp updated for file 'D:\Program\Common7\IDE\CommonExtensions\Platform\DiagnosticsHub\EdgeWebViews\scripts\diagnosticsHub-loader.js'.
[da4c:0007][2026-05-10T00:50:05] Processing file /Contents/Common7/IDE/CommonExtensions/Platform/DiagnosticsHub/EdgeWebViews/scripts/diagnosticsHub-summaryView.js
[da4c:0007][2026-05-10T00:50:05] Started: Copying file /Contents/Common7/IDE/CommonExtensions/Platform/DiagnosticsHub/EdgeWebViews/scripts/diagnosticsHub-summaryView.js to D:\Program\Common7\IDE\CommonExtensions\Platform\DiagnosticsHub\EdgeWebViews\scripts\diagnosticsHub-summaryView.js
[da4c:0007][2026-05-10T00:50:05] Completed: Copying file /Contents/Common7/IDE/CommonExtensions/Platform/DiagnosticsHub/EdgeWebViews/scripts/diagnosticsHub-summaryView.js to D:\Program\Common7\IDE\CommonExtensions\Platform\DiagnosticsHub\EdgeWebViews\scripts\diagnosticsHub-summaryView.js
[da4c:0007][2026-05-10T00:50:05] Timestamp updated for file 'D:\Program\Common7\IDE\CommonExtensions\Platform\DiagnosticsHub\EdgeWebViews\scripts\diagnosticsHub-summaryView.js'.
[da4c:0007][2026-05-10T00:50:05] Processing file /Contents/Common7/IDE/CommonExtensions/Platform/DiagnosticsHub/EdgeWebViews/scripts/diagnosticsHub-swimlanes.js
[da4c:0007][2026-05-10T00:50:05] Started: Copying file /Contents/Common7/IDE/CommonExtensions/Platform/DiagnosticsHub/EdgeWebViews/scripts/diagnosticsHub-swimlanes.js to D:\Program\Common7\IDE\CommonExtensions\Platform\DiagnosticsHub\EdgeWebViews\scripts\diagnosticsHub-swimlanes.js
[da4c:0007][2026-05-10T00:50:05] Completed: Copying file /Contents/Common7/IDE/CommonExtensions/Platform/DiagnosticsHub/EdgeWebViews/scripts/diagnosticsHub-swimlanes.js to D:\Program\Common7\IDE\CommonExtensions\Platform\DiagnosticsHub\EdgeWebViews\scripts\diagnosticsHub-swimlanes.js
[da4c:0007][2026-05-10T00:50:05] Timestamp updated for file 'D:\Program\Common7\IDE\CommonExtensions\Platform\DiagnosticsHub\EdgeWebViews\scripts\diagnosticsHub-swimlanes.js'.
[da4c:0007][2026-05-10T00:50:05] Processing file /Contents/Common7/IDE/CommonExtensions/Platform/DiagnosticsHub/EdgeWebViews/scripts/diagnosticsHub-ui.js
[da4c:0007][2026-05-10T00:50:05] Started: Copying file /Contents/Common7/IDE/CommonExtensions/Platform/DiagnosticsHub/EdgeWebViews/scripts/diagnosticsHub-ui.js to D:\Program\Common7\IDE\CommonExtensions\Platform\DiagnosticsHub\EdgeWebViews\scripts\diagnosticsHub-ui.js
[da4c:0007][2026-05-10T00:50:05] Completed: Copying file /Contents/Common7/IDE/CommonExtensions/Platform/DiagnosticsHub/EdgeWebViews/scripts/diagnosticsHub-ui.js to D:\Program\Common7\IDE\CommonExtensions\Platform\DiagnosticsHub\EdgeWebViews\scripts\diagnosticsHub-ui.js
[da4c:0007][2026-05-10T00:50:05] Timestamp updated for file 'D:\Program\Common7\IDE\CommonExtensions\Platform\DiagnosticsHub\EdgeWebViews\scripts\diagnosticsHub-ui.js'.
[da4c:0007][2026-05-10T00:50:05] Processing file /Contents/Common7/IDE/CommonExtensions/Platform/DiagnosticsHub/EdgeWebViews/scripts/diagnosticsHub.js
[da4c:0007][2026-05-10T00:50:05] Started: Copying file /Contents/Common7/IDE/CommonExtensions/Platform/DiagnosticsHub/EdgeWebViews/scripts/diagnosticsHub.js to D:\Program\Common7\IDE\CommonExtensions\Platform\DiagnosticsHub\EdgeWebViews\scripts\diagnosticsHub.js
[da4c:0007][2026-05-10T00:50:05] Completed: Copying file /Contents/Common7/IDE/CommonExtensions/Platform/DiagnosticsHub/EdgeWebViews/scripts/diagnosticsHub.js to D:\Program\Common7\IDE\CommonExtensions\Platform\DiagnosticsHub\EdgeWebViews\scripts\diagnosticsHub.js
[da4c:0007][2026-05-10T00:50:05] Timestamp updated for file 'D:\Program\Common7\IDE\CommonExtensions\Platform\DiagnosticsHub\EdgeWebViews\scripts\diagnosticsHub.js'.
[da4c:0007][2026-05-10T00:50:05] Processing file /Contents/Common7/IDE/CommonExtensions/Platform/DiagnosticsHub/EdgeWebViews/summaryView.html
[da4c:0007][2026-05-10T00:50:05] Started: Copying file /Contents/Common7/IDE/CommonExtensions/Platform/DiagnosticsHub/EdgeWebViews/summaryView.html to D:\Program\Common7\IDE\CommonExtensions\Platform\DiagnosticsHub\EdgeWebViews\summaryView.html
[da4c:0007][2026-05-10T00:50:05] Completed: Copying file /Contents/Common7/IDE/CommonExtensions/Platform/DiagnosticsHub/EdgeWebViews/summaryView.html to D:\Program\Common7\IDE\CommonExtensions\Platform\DiagnosticsHub\EdgeWebViews\summaryView.html
[da4c:0007][2026-05-10T00:50:05] Timestamp updated for file 'D:\Program\Common7\IDE\CommonExtensions\Platform\DiagnosticsHub\EdgeWebViews\summaryView.html'.
[da4c:0007][2026-05-10T00:50:05] Processing file /Contents/Common7/IDE/CommonExtensions/Platform/DiagnosticsHub/EdgeWebViews/summaryView.manifest.json
[da4c:0007][2026-05-10T00:50:05] Started: Copying file /Contents/Common7/IDE/CommonExtensions/Platform/DiagnosticsHub/EdgeWebViews/summaryView.manifest.json to D:\Program\Common7\IDE\CommonExtensions\Platform\DiagnosticsHub\EdgeWebViews\summaryView.manifest.json
[da4c:0007][2026-05-10T00:50:05] Completed: Copying file /Contents/Common7/IDE/CommonExtensions/Platform/DiagnosticsHub/EdgeWebViews/summaryView.manifest.json to D:\Program\Common7\IDE\CommonExtensions\Platform\DiagnosticsHub\EdgeWebViews\summaryView.manifest.json
[da4c:0007][2026-05-10T00:50:05] Timestamp updated for file 'D:\Program\Common7\IDE\CommonExtensions\Platform\DiagnosticsHub\EdgeWebViews\summaryView.manifest.json'.
[da4c:0007][2026-05-10T00:50:05] Processing file /Contents/Common7/IDE/CommonExtensions/Platform/DiagnosticsHub/EdgeWebViews/swimLanesView.html
[da4c:0007][2026-05-10T00:50:05] Started: Copying file /Contents/Common7/IDE/CommonExtensions/Platform/DiagnosticsHub/EdgeWebViews/swimLanesView.html to D:\Program\Common7\IDE\CommonExtensions\Platform\DiagnosticsHub\EdgeWebViews\swimLanesView.html
[da4c:0007][2026-05-10T00:50:05] Completed: Copying file /Contents/Common7/IDE/CommonExtensions/Platform/DiagnosticsHub/EdgeWebViews/swimLanesView.html to D:\Program\Common7\IDE\CommonExtensions\Platform\DiagnosticsHub\EdgeWebViews\swimLanesView.html
[da4c:0007][2026-05-10T00:50:05] Timestamp updated for file 'D:\Program\Common7\IDE\CommonExtensions\Platform\DiagnosticsHub\EdgeWebViews\swimLanesView.html'.
[da4c:0007][2026-05-10T00:50:05] Processing file /Contents/Common7/IDE/CommonExtensions/Platform/DiagnosticsHub/EdgeWebViews/swimLanesView.manifest.json
[da4c:0007][2026-05-10T00:50:05] Started: Copying file /Contents/Common7/IDE/CommonExtensions/Platform/DiagnosticsHub/EdgeWebViews/swimLanesView.manifest.json to D:\Program\Common7\IDE\CommonExtensions\Platform\DiagnosticsHub\EdgeWebViews\swimLanesView.manifest.json
[da4c:0007][2026-05-10T00:50:05] Completed: Copying file /Contents/Common7/IDE/CommonExtensions/Platform/DiagnosticsHub/EdgeWebViews/swimLanesView.manifest.json to D:\Program\Common7\IDE\CommonExtensions\Platform\DiagnosticsHub\EdgeWebViews\swimLanesView.manifest.json
[da4c:0007][2026-05-10T00:50:05] Timestamp updated for file 'D:\Program\Common7\IDE\CommonExtensions\Platform\DiagnosticsHub\EdgeWebViews\swimLanesView.manifest.json'.
[da4c:0007][2026-05-10T00:50:05] Processing file /Contents/Common7/IDE/CommonExtensions/Platform/DiagnosticsHub/EdgeWebViews/unsupportedBrowser.html
[da4c:0007][2026-05-10T00:50:05] Started: Copying file /Contents/Common7/IDE/CommonExtensions/Platform/DiagnosticsHub/EdgeWebViews/unsupportedBrowser.html to D:\Program\Common7\IDE\CommonExtensions\Platform\DiagnosticsHub\EdgeWebViews\unsupportedBrowser.html
[da4c:0007][2026-05-10T00:50:05] Completed: Copying file /Contents/Common7/IDE/CommonExtensions/Platform/DiagnosticsHub/EdgeWebViews/unsupportedBrowser.html to D:\Program\Common7\IDE\CommonExtensions\Platform\DiagnosticsHub\EdgeWebViews\unsupportedBrowser.html
[da4c:0007][2026-05-10T00:50:05] Timestamp updated for file 'D:\Program\Common7\IDE\CommonExtensions\Platform\DiagnosticsHub\EdgeWebViews\unsupportedBrowser.html'.
[da4c:0007][2026-05-10T00:50:05] Processing file /Contents/Common7/IDE/CommonExtensions/Platform/DiagnosticsHub/EdgeWebViews/unsupportedBrowser.manifest.json
[da4c:0007][2026-05-10T00:50:05] Started: Copying file /Contents/Common7/IDE/CommonExtensions/Platform/DiagnosticsHub/EdgeWebViews/unsupportedBrowser.manifest.json to D:\Program\Common7\IDE\CommonExtensions\Platform\DiagnosticsHub\EdgeWebViews\unsupportedBrowser.manifest.json
[da4c:0007][2026-05-10T00:50:05] Completed: Copying file /Contents/Common7/IDE/CommonExtensions/Platform/DiagnosticsHub/EdgeWebViews/unsupportedBrowser.manifest.json to D:\Program\Common7\IDE\CommonExtensions\Platform\DiagnosticsHub\EdgeWebViews\unsupportedBrowser.manifest.json
[da4c:0007][2026-05-10T00:50:05] Timestamp updated for file 'D:\Program\Common7\IDE\CommonExtensions\Platform\DiagnosticsHub\EdgeWebViews\unsupportedBrowser.manifest.json'.
[da4c:0007][2026-05-10T00:50:05] Processing file /Contents/Common7/IDE/CommonExtensions/Platform/DiagnosticsHub/Linux/amd64/DiagnosticsHub.CorProfiler.Linux.so
[da4c:0007][2026-05-10T00:50:05] Started: Copying file /Contents/Common7/IDE/CommonExtensions/Platform/DiagnosticsHub/Linux/amd64/DiagnosticsHub.CorProfiler.Linux.so to D:\Program\Common7\IDE\CommonExtensions\Platform\DiagnosticsHub\Linux\amd64\DiagnosticsHub.CorProfiler.Linux.so
[da4c:0007][2026-05-10T00:50:05] Completed: Copying file /Contents/Common7/IDE/CommonExtensions/Platform/DiagnosticsHub/Linux/amd64/DiagnosticsHub.CorProfiler.Linux.so to D:\Program\Common7\IDE\CommonExtensions\Platform\DiagnosticsHub\Linux\amd64\DiagnosticsHub.CorProfiler.Linux.so
[da4c:0007][2026-05-10T00:50:05] Timestamp updated for file 'D:\Program\Common7\IDE\CommonExtensions\Platform\DiagnosticsHub\Linux\amd64\DiagnosticsHub.CorProfiler.Linux.so'.
[da4c:0007][2026-05-10T00:50:05] Processing file /Contents/Common7/IDE/CommonExtensions/Platform/DiagnosticsHub/Manifests/DhCorProfilerProvider.manifest.xml
[da4c:0007][2026-05-10T00:50:05] Started: Copying file /Contents/Common7/IDE/CommonExtensions/Platform/DiagnosticsHub/Manifests/DhCorProfilerProvider.manifest.xml to D:\Program\Common7\IDE\CommonExtensions\Platform\DiagnosticsHub\Manifests\DhCorProfilerProvider.manifest.xml
[da4c:0007][2026-05-10T00:50:05] Completed: Copying file /Contents/Common7/IDE/CommonExtensions/Platform/DiagnosticsHub/Manifests/DhCorProfilerProvider.manifest.xml to D:\Program\Common7\IDE\CommonExtensions\Platform\DiagnosticsHub\Manifests\DhCorProfilerProvider.manifest.xml
[da4c:0007][2026-05-10T00:50:05] Timestamp updated for file 'D:\Program\Common7\IDE\CommonExtensions\Platform\DiagnosticsHub\Manifests\DhCorProfilerProvider.manifest.xml'.
[da4c:0007][2026-05-10T00:50:05] Processing file /Contents/Common7/IDE/CommonExtensions/Platform/DiagnosticsHub/Manifests/DiagHubTestProvider.manifest.xml
[da4c:0007][2026-05-10T00:50:05] Started: Copying file /Contents/Common7/IDE/CommonExtensions/Platform/DiagnosticsHub/Manifests/DiagHubTestProvider.manifest.xml to D:\Program\Common7\IDE\CommonExtensions\Platform\DiagnosticsHub\Manifests\DiagHubTestProvider.manifest.xml
[da4c:0007][2026-05-10T00:50:05] Completed: Copying file /Contents/Common7/IDE/CommonExtensions/Platform/DiagnosticsHub/Manifests/DiagHubTestProvider.manifest.xml to D:\Program\Common7\IDE\CommonExtensions\Platform\DiagnosticsHub\Manifests\DiagHubTestProvider.manifest.xml
[da4c:0007][2026-05-10T00:50:05] Timestamp updated for file 'D:\Program\Common7\IDE\CommonExtensions\Platform\DiagnosticsHub\Manifests\DiagHubTestProvider.manifest.xml'.
[da4c:0007][2026-05-10T00:50:05] Processing file /Contents/Common7/IDE/CommonExtensions/Platform/DiagnosticsHub/Manifests/FileSizeProvider.manifest.xml
[da4c:0007][2026-05-10T00:50:05] Started: Copying file /Contents/Common7/IDE/CommonExtensions/Platform/DiagnosticsHub/Manifests/FileSizeProvider.manifest.xml to D:\Program\Common7\IDE\CommonExtensions\Platform\DiagnosticsHub\Manifests\FileSizeProvider.manifest.xml
[da4c:0007][2026-05-10T00:50:05] Completed: Copying file /Contents/Common7/IDE/CommonExtensions/Platform/DiagnosticsHub/Manifests/FileSizeProvider.manifest.xml to D:\Program\Common7\IDE\CommonExtensions\Platform\DiagnosticsHub\Manifests\FileSizeProvider.manifest.xml
[da4c:0007][2026-05-10T00:50:05] Timestamp updated for file 'D:\Program\Common7\IDE\CommonExtensions\Platform\DiagnosticsHub\Manifests\FileSizeProvider.manifest.xml'.
[da4c:0007][2026-05-10T00:50:05] Processing file /Contents/Common7/IDE/CommonExtensions/Platform/DiagnosticsHub/Manifests/Microsoft-VisualStudio-Performance-DiagnosticsHub.manifest.xml
[da4c:0007][2026-05-10T00:50:05] Started: Copying file /Contents/Common7/IDE/CommonExtensions/Platform/DiagnosticsHub/Manifests/Microsoft-VisualStudio-Performance-DiagnosticsHub.manifest.xml to D:\Program\Common7\IDE\CommonExtensions\Platform\DiagnosticsHub\Manifests\Microsoft-VisualStudio-Performance-DiagnosticsHub.manifest.xml
[da4c:0007][2026-05-10T00:50:05] Completed: Copying file /Contents/Common7/IDE/CommonExtensions/Platform/DiagnosticsHub/Manifests/Microsoft-VisualStudio-Performance-DiagnosticsHub.manifest.xml to D:\Program\Common7\IDE\CommonExtensions\Platform\DiagnosticsHub\Manifests\Microsoft-VisualStudio-Performance-DiagnosticsHub.manifest.xml
[da4c:0007][2026-05-10T00:50:05] Timestamp updated for file 'D:\Program\Common7\IDE\CommonExtensions\Platform\DiagnosticsHub\Manifests\Microsoft-VisualStudio-Performance-DiagnosticsHub.manifest.xml'.
[da4c:0007][2026-05-10T00:50:05] Processing file /Contents/Common7/IDE/CommonExtensions/Platform/DiagnosticsHub/Microsoft.DiagnosticsHub.Benchmarks.CodeLens.dll
[da4c:0007][2026-05-10T00:50:05] Started: Copying file /Contents/Common7/IDE/CommonExtensions/Platform/DiagnosticsHub/Microsoft.DiagnosticsHub.Benchmarks.CodeLens.dll to D:\Program\Common7\IDE\CommonExtensions\Platform\DiagnosticsHub\Microsoft.DiagnosticsHub.Benchmarks.CodeLens.dll
[da4c:0007][2026-05-10T00:50:05] Completed: Copying file /Contents/Common7/IDE/CommonExtensions/Platform/DiagnosticsHub/Microsoft.DiagnosticsHub.Benchmarks.CodeLens.dll to D:\Program\Common7\IDE\CommonExtensions\Platform\DiagnosticsHub\Microsoft.DiagnosticsHub.Benchmarks.CodeLens.dll
[da4c:0007][2026-05-10T00:50:05] Timestamp updated for file 'D:\Program\Common7\IDE\CommonExtensions\Platform\DiagnosticsHub\Microsoft.DiagnosticsHub.Benchmarks.CodeLens.dll'.
[da4c:0007][2026-05-10T00:50:05] Processing file /Contents/Common7/IDE/CommonExtensions/Platform/DiagnosticsHub/Microsoft.DiagnosticsHub.Presentation.dll
[da4c:0007][2026-05-10T00:50:05] Started: Copying file /Contents/Common7/IDE/CommonExtensions/Platform/DiagnosticsHub/Microsoft.DiagnosticsHub.Presentation.dll to D:\Program\Common7\IDE\CommonExtensions\Platform\DiagnosticsHub\Microsoft.DiagnosticsHub.Presentation.dll
[da4c:0007][2026-05-10T00:50:05] Completed: Copying file /Contents/Common7/IDE/CommonExtensions/Platform/DiagnosticsHub/Microsoft.DiagnosticsHub.Presentation.dll to D:\Program\Common7\IDE\CommonExtensions\Platform\DiagnosticsHub\Microsoft.DiagnosticsHub.Presentation.dll
[da4c:0007][2026-05-10T00:50:05] Timestamp updated for file 'D:\Program\Common7\IDE\CommonExtensions\Platform\DiagnosticsHub\Microsoft.DiagnosticsHub.Presentation.dll'.
[da4c:0007][2026-05-10T00:50:05] Queueing D:\Program\Common7\IDE\CommonExtensions\Platform\DiagnosticsHub\Microsoft.DiagnosticsHub.Presentation.dll for X86 ngen
[da4c:0007][2026-05-10T00:50:05] Successfully queued file '/Contents/Common7/IDE/CommonExtensions/Platform/DiagnosticsHub/Microsoft.DiagnosticsHub.Presentation.dll' for ngen
[da4c:0007][2026-05-10T00:50:05] Processing file /Contents/Common7/IDE/CommonExtensions/Platform/DiagnosticsHub/Microsoft.DiagnosticsHub.Runtime.dll
[da4c:0007][2026-05-10T00:50:05] Started: Copying file /Contents/Common7/IDE/CommonExtensions/Platform/DiagnosticsHub/Microsoft.DiagnosticsHub.Runtime.dll to D:\Program\Common7\IDE\CommonExtensions\Platform\DiagnosticsHub\Microsoft.DiagnosticsHub.Runtime.dll
[da4c:0007][2026-05-10T00:50:05] Completed: Copying file /Contents/Common7/IDE/CommonExtensions/Platform/DiagnosticsHub/Microsoft.DiagnosticsHub.Runtime.dll to D:\Program\Common7\IDE\CommonExtensions\Platform\DiagnosticsHub\Microsoft.DiagnosticsHub.Runtime.dll
[da4c:0007][2026-05-10T00:50:05] Timestamp updated for file 'D:\Program\Common7\IDE\CommonExtensions\Platform\DiagnosticsHub\Microsoft.DiagnosticsHub.Runtime.dll'.
[da4c:0007][2026-05-10T00:50:05] Queueing D:\Program\Common7\IDE\CommonExtensions\Platform\DiagnosticsHub\Microsoft.DiagnosticsHub.Runtime.dll for X86 ngen
[da4c:0007][2026-05-10T00:50:05] Successfully queued file '/Contents/Common7/IDE/CommonExtensions/Platform/DiagnosticsHub/Microsoft.DiagnosticsHub.Runtime.dll' for ngen
[da4c:0007][2026-05-10T00:50:05] Processing file /Contents/Common7/IDE/CommonExtensions/Platform/DiagnosticsHub/Microsoft.DiagnosticsHub.VisualStudio.Package.clientenabledpkg
[da4c:0007][2026-05-10T00:50:05] Started: Copying file /Contents/Common7/IDE/CommonExtensions/Platform/DiagnosticsHub/Microsoft.DiagnosticsHub.VisualStudio.Package.clientenabledpkg to D:\Program\Common7\IDE\CommonExtensions\Platform\DiagnosticsHub\Microsoft.DiagnosticsHub.VisualStudio.Package.clientenabledpkg
[da4c:0007][2026-05-10T00:50:05] Completed: Copying file /Contents/Common7/IDE/CommonExtensions/Platform/DiagnosticsHub/Microsoft.DiagnosticsHub.VisualStudio.Package.clientenabledpkg to D:\Program\Common7\IDE\CommonExtensions\Platform\DiagnosticsHub\Microsoft.DiagnosticsHub.VisualStudio.Package.clientenabledpkg
[da4c:0007][2026-05-10T00:50:05] Timestamp updated for file 'D:\Program\Common7\IDE\CommonExtensions\Platform\DiagnosticsHub\Microsoft.DiagnosticsHub.VisualStudio.Package.clientenabledpkg'.
[da4c:0007][2026-05-10T00:50:05] Processing file /Contents/Common7/IDE/CommonExtensions/Platform/DiagnosticsHub/Microsoft.DiagnosticsHub.VisualStudio.Package.dll
[da4c:0007][2026-05-10T00:50:05] Started: Copying file /Contents/Common7/IDE/CommonExtensions/Platform/DiagnosticsHub/Microsoft.DiagnosticsHub.VisualStudio.Package.dll to D:\Program\Common7\IDE\CommonExtensions\Platform\DiagnosticsHub\Microsoft.DiagnosticsHub.VisualStudio.Package.dll
[da4c:0007][2026-05-10T00:50:05] Completed: Copying file /Contents/Common7/IDE/CommonExtensions/Platform/DiagnosticsHub/Microsoft.DiagnosticsHub.VisualStudio.Package.dll to D:\Program\Common7\IDE\CommonExtensions\Platform\DiagnosticsHub\Microsoft.DiagnosticsHub.VisualStudio.Package.dll
[da4c:0007][2026-05-10T00:50:05] Timestamp updated for file 'D:\Program\Common7\IDE\CommonExtensions\Platform\DiagnosticsHub\Microsoft.DiagnosticsHub.VisualStudio.Package.dll'.
[da4c:0007][2026-05-10T00:50:05] Queueing D:\Program\Common7\IDE\CommonExtensions\Platform\DiagnosticsHub\Microsoft.DiagnosticsHub.VisualStudio.Package.dll for X86 ngen
[da4c:0007][2026-05-10T00:50:05] Successfully queued file '/Contents/Common7/IDE/CommonExtensions/Platform/DiagnosticsHub/Microsoft.DiagnosticsHub.VisualStudio.Package.dll' for ngen
[da4c:0007][2026-05-10T00:50:05] Processing file /Contents/Common7/IDE/CommonExtensions/Platform/DiagnosticsHub/Microsoft.DiagnosticsHub.VisualStudio.Package.FeatureFlags.pkgdef
[da4c:0007][2026-05-10T00:50:05] Started: Copying file /Contents/Common7/IDE/CommonExtensions/Platform/DiagnosticsHub/Microsoft.DiagnosticsHub.VisualStudio.Package.FeatureFlags.pkgdef to D:\Program\Common7\IDE\CommonExtensions\Platform\DiagnosticsHub\Microsoft.DiagnosticsHub.VisualStudio.Package.FeatureFlags.pkgdef
[da4c:0007][2026-05-10T00:50:05] Completed: Copying file /Contents/Common7/IDE/CommonExtensions/Platform/DiagnosticsHub/Microsoft.DiagnosticsHub.VisualStudio.Package.FeatureFlags.pkgdef to D:\Program\Common7\IDE\CommonExtensions\Platform\DiagnosticsHub\Microsoft.DiagnosticsHub.VisualStudio.Package.FeatureFlags.pkgdef
[da4c:0007][2026-05-10T00:50:05] Timestamp updated for file 'D:\Program\Common7\IDE\CommonExtensions\Platform\DiagnosticsHub\Microsoft.DiagnosticsHub.VisualStudio.Package.FeatureFlags.pkgdef'.
[da4c:0007][2026-05-10T00:50:05] Processing file /Contents/Common7/IDE/CommonExtensions/Platform/DiagnosticsHub/Microsoft.DiagnosticsHub.VisualStudio.Package.pkgdef
[da4c:0007][2026-05-10T00:50:05] Started: Copying file /Contents/Common7/IDE/CommonExtensions/Platform/DiagnosticsHub/Microsoft.DiagnosticsHub.VisualStudio.Package.pkgdef to D:\Program\Common7\IDE\CommonExtensions\Platform\DiagnosticsHub\Microsoft.DiagnosticsHub.VisualStudio.Package.pkgdef
[da4c:0007][2026-05-10T00:50:05] Completed: Copying file /Contents/Common7/IDE/CommonExtensions/Platform/DiagnosticsHub/Microsoft.DiagnosticsHub.VisualStudio.Package.pkgdef to D:\Program\Common7\IDE\CommonExtensions\Platform\DiagnosticsHub\Microsoft.DiagnosticsHub.VisualStudio.Package.pkgdef
[da4c:0007][2026-05-10T00:50:05] Timestamp updated for file 'D:\Program\Common7\IDE\CommonExtensions\Platform\DiagnosticsHub\Microsoft.DiagnosticsHub.VisualStudio.Package.pkgdef'.
[da4c:0007][2026-05-10T00:50:05] Processing file /Contents/Common7/IDE/CommonExtensions/Platform/DiagnosticsHub/Microsoft.DiagnosticsHub.VisualStudio.Package.vsdconfig
[da4c:0007][2026-05-10T00:50:05] Started: Copying file /Contents/Common7/IDE/CommonExtensions/Platform/DiagnosticsHub/Microsoft.DiagnosticsHub.VisualStudio.Package.vsdconfig to D:\Program\Common7\IDE\CommonExtensions\Platform\DiagnosticsHub\Microsoft.DiagnosticsHub.VisualStudio.Package.vsdconfig
[da4c:0007][2026-05-10T00:50:05] Completed: Copying file /Contents/Common7/IDE/CommonExtensions/Platform/DiagnosticsHub/Microsoft.DiagnosticsHub.VisualStudio.Package.vsdconfig to D:\Program\Common7\IDE\CommonExtensions\Platform\DiagnosticsHub\Microsoft.DiagnosticsHub.VisualStudio.Package.vsdconfig
[da4c:0007][2026-05-10T00:50:05] Timestamp updated for file 'D:\Program\Common7\IDE\CommonExtensions\Platform\DiagnosticsHub\Microsoft.DiagnosticsHub.VisualStudio.Package.vsdconfig'.
[da4c:0007][2026-05-10T00:50:05] Processing file /Contents/Common7/IDE/CommonExtensions/Platform/DiagnosticsHub/registration.json
[da4c:0007][2026-05-10T00:50:05] Started: Copying file /Contents/Common7/IDE/CommonExtensions/Platform/DiagnosticsHub/registration.json to D:\Program\Common7\IDE\CommonExtensions\Platform\DiagnosticsHub\registration.json
[da4c:0007][2026-05-10T00:50:05] Completed: Copying file /Contents/Common7/IDE/CommonExtensions/Platform/DiagnosticsHub/registration.json to D:\Program\Common7\IDE\CommonExtensions\Platform\DiagnosticsHub\registration.json
[da4c:0007][2026-05-10T00:50:05] Timestamp updated for file 'D:\Program\Common7\IDE\CommonExtensions\Platform\DiagnosticsHub\registration.json'.
[da4c:0007][2026-05-10T00:50:05] Processing file /Contents/Common7/IDE/CommonExtensions/Platform/DiagnosticsHub/SDK/CpuSamplingControl.h
[da4c:0007][2026-05-10T00:50:05] Started: Copying file /Contents/Common7/IDE/CommonExtensions/Platform/DiagnosticsHub/SDK/CpuSamplingControl.h to D:\Program\Common7\IDE\CommonExtensions\Platform\DiagnosticsHub\SDK\CpuSamplingControl.h
[da4c:0007][2026-05-10T00:50:05] Completed: Copying file /Contents/Common7/IDE/CommonExtensions/Platform/DiagnosticsHub/SDK/CpuSamplingControl.h to D:\Program\Common7\IDE\CommonExtensions\Platform\DiagnosticsHub\SDK\CpuSamplingControl.h
[da4c:0007][2026-05-10T00:50:05] Timestamp updated for file 'D:\Program\Common7\IDE\CommonExtensions\Platform\DiagnosticsHub\SDK\CpuSamplingControl.h'.
[da4c:0007][2026-05-10T00:50:05] Processing file /Contents/Common7/IDE/CommonExtensions/Platform/DiagnosticsHub/SDK/DiagHubControl.h
[da4c:0007][2026-05-10T00:50:05] Started: Copying file /Contents/Common7/IDE/CommonExtensions/Platform/DiagnosticsHub/SDK/DiagHubControl.h to D:\Program\Common7\IDE\CommonExtensions\Platform\DiagnosticsHub\SDK\DiagHubControl.h
[da4c:0007][2026-05-10T00:50:05] Completed: Copying file /Contents/Common7/IDE/CommonExtensions/Platform/DiagnosticsHub/SDK/DiagHubControl.h to D:\Program\Common7\IDE\CommonExtensions\Platform\DiagnosticsHub\SDK\DiagHubControl.h
[da4c:0007][2026-05-10T00:50:05] Timestamp updated for file 'D:\Program\Common7\IDE\CommonExtensions\Platform\DiagnosticsHub\SDK\DiagHubControl.h'.
[da4c:0007][2026-05-10T00:50:05] Processing file /Contents/Common7/IDE/CommonExtensions/Platform/DiagnosticsHub/UserMarkRange.cs
[da4c:0007][2026-05-10T00:50:05] Started: Copying file /Contents/Common7/IDE/CommonExtensions/Platform/DiagnosticsHub/UserMarkRange.cs to D:\Program\Common7\IDE\CommonExtensions\Platform\DiagnosticsHub\UserMarkRange.cs
[da4c:0007][2026-05-10T00:50:05] Completed: Copying file /Contents/Common7/IDE/CommonExtensions/Platform/DiagnosticsHub/UserMarkRange.cs to D:\Program\Common7\IDE\CommonExtensions\Platform\DiagnosticsHub\UserMarkRange.cs
[da4c:0007][2026-05-10T00:50:05] Timestamp updated for file 'D:\Program\Common7\IDE\CommonExtensions\Platform\DiagnosticsHub\UserMarkRange.cs'.
[da4c:0007][2026-05-10T00:50:05] Processing file /Contents/Common7/IDE/CommonExtensions/Platform/DiagnosticsHub/UserMarks.cs
[da4c:0007][2026-05-10T00:50:05] Started: Copying file /Contents/Common7/IDE/CommonExtensions/Platform/DiagnosticsHub/UserMarks.cs to D:\Program\Common7\IDE\CommonExtensions\Platform\DiagnosticsHub\UserMarks.cs
[da4c:0007][2026-05-10T00:50:05] Completed: Copying file /Contents/Common7/IDE/CommonExtensions/Platform/DiagnosticsHub/UserMarks.cs to D:\Program\Common7\IDE\CommonExtensions\Platform\DiagnosticsHub\UserMarks.cs
[da4c:0007][2026-05-10T00:50:05] Timestamp updated for file 'D:\Program\Common7\IDE\CommonExtensions\Platform\DiagnosticsHub\UserMarks.cs'.
[da4c:0007][2026-05-10T00:50:05] Processing file /Contents/Common7/IDE/CommonExtensions/Platform/DiagnosticsHub/UserMarks.h
[da4c:0007][2026-05-10T00:50:05] Started: Copying file /Contents/Common7/IDE/CommonExtensions/Platform/DiagnosticsHub/UserMarks.h to D:\Program\Common7\IDE\CommonExtensions\Platform\DiagnosticsHub\UserMarks.h
[da4c:0007][2026-05-10T00:50:05] Completed: Copying file /Contents/Common7/IDE/CommonExtensions/Platform/DiagnosticsHub/UserMarks.h to D:\Program\Common7\IDE\CommonExtensions\Platform\DiagnosticsHub\UserMarks.h
[da4c:0007][2026-05-10T00:50:05] Timestamp updated for file 'D:\Program\Common7\IDE\CommonExtensions\Platform\DiagnosticsHub\UserMarks.h'.
[da4c:0007][2026-05-10T00:50:05] Processing file /Contents/Common7/IDE/CommonExtensions/Platform/DiagnosticsHub/x86/CallCounter.config
[da4c:0007][2026-05-10T00:50:05] Started: Copying file /Contents/Common7/IDE/CommonExtensions/Platform/DiagnosticsHub/x86/CallCounter.config to D:\Program\Common7\IDE\CommonExtensions\Platform\DiagnosticsHub\x86\CallCounter.config
[da4c:0007][2026-05-10T00:50:05] Completed: Copying file /Contents/Common7/IDE/CommonExtensions/Platform/DiagnosticsHub/x86/CallCounter.config to D:\Program\Common7\IDE\CommonExtensions\Platform\DiagnosticsHub\x86\CallCounter.config
[da4c:0007][2026-05-10T00:50:05] Timestamp updated for file 'D:\Program\Common7\IDE\CommonExtensions\Platform\DiagnosticsHub\x86\CallCounter.config'.
[da4c:0007][2026-05-10T00:50:05] Processing file /Contents/Common7/IDE/CommonExtensions/Platform/DiagnosticsHub/x86/DiagnosticsHub.CorProfiler.dll
[da4c:0007][2026-05-10T00:50:05] Started: Copying file /Contents/Common7/IDE/CommonExtensions/Platform/DiagnosticsHub/x86/DiagnosticsHub.CorProfiler.dll to D:\Program\Common7\IDE\CommonExtensions\Platform\DiagnosticsHub\x86\DiagnosticsHub.CorProfiler.dll
[da4c:0007][2026-05-10T00:50:05] Completed: Copying file /Contents/Common7/IDE/CommonExtensions/Platform/DiagnosticsHub/x86/DiagnosticsHub.CorProfiler.dll to D:\Program\Common7\IDE\CommonExtensions\Platform\DiagnosticsHub\x86\DiagnosticsHub.CorProfiler.dll
[da4c:0007][2026-05-10T00:50:05] Timestamp updated for file 'D:\Program\Common7\IDE\CommonExtensions\Platform\DiagnosticsHub\x86\DiagnosticsHub.CorProfiler.dll'.
[da4c:0007][2026-05-10T00:50:05] Processing file /Contents/Common7/IDE/CommonExtensions/Platform/DiagnosticsHub/x86/DiagnosticsHub.Packaging.dll
[da4c:0007][2026-05-10T00:50:05] Started: Copying file /Contents/Common7/IDE/CommonExtensions/Platform/DiagnosticsHub/x86/DiagnosticsHub.Packaging.dll to D:\Program\Common7\IDE\CommonExtensions\Platform\DiagnosticsHub\x86\DiagnosticsHub.Packaging.dll
[da4c:0007][2026-05-10T00:50:05] Completed: Copying file /Contents/Common7/IDE/CommonExtensions/Platform/DiagnosticsHub/x86/DiagnosticsHub.Packaging.dll to D:\Program\Common7\IDE\CommonExtensions\Platform\DiagnosticsHub\x86\DiagnosticsHub.Packaging.dll
[da4c:0007][2026-05-10T00:50:05] Timestamp updated for file 'D:\Program\Common7\IDE\CommonExtensions\Platform\DiagnosticsHub\x86\DiagnosticsHub.Packaging.dll'.
[da4c:0007][2026-05-10T00:50:05] Processing file /Contents/Common7/IDE/CommonExtensions/Platform/DiagnosticsHub/x86/DiagnosticsHub.StandardCollector.Bridge.dll
[da4c:0007][2026-05-10T00:50:05] Started: Copying file /Contents/Common7/IDE/CommonExtensions/Platform/DiagnosticsHub/x86/DiagnosticsHub.StandardCollector.Bridge.dll to D:\Program\Common7\IDE\CommonExtensions\Platform\DiagnosticsHub\x86\DiagnosticsHub.StandardCollector.Bridge.dll
[da4c:0007][2026-05-10T00:50:05] Completed: Copying file /Contents/Common7/IDE/CommonExtensions/Platform/DiagnosticsHub/x86/DiagnosticsHub.StandardCollector.Bridge.dll to D:\Program\Common7\IDE\CommonExtensions\Platform\DiagnosticsHub\x86\DiagnosticsHub.StandardCollector.Bridge.dll
[da4c:0007][2026-05-10T00:50:05] Timestamp updated for file 'D:\Program\Common7\IDE\CommonExtensions\Platform\DiagnosticsHub\x86\DiagnosticsHub.StandardCollector.Bridge.dll'.
[da4c:0007][2026-05-10T00:50:05] Processing file /Contents/Common7/IDE/CommonExtensions/Platform/DiagnosticsHub/x86/PerfProfiler.config
[da4c:0007][2026-05-10T00:50:05] Started: Copying file /Contents/Common7/IDE/CommonExtensions/Platform/DiagnosticsHub/x86/PerfProfiler.config to D:\Program\Common7\IDE\CommonExtensions\Platform\DiagnosticsHub\x86\PerfProfiler.config
[da4c:0007][2026-05-10T00:50:05] Completed: Copying file /Contents/Common7/IDE/CommonExtensions/Platform/DiagnosticsHub/x86/PerfProfiler.config to D:\Program\Common7\IDE\CommonExtensions\Platform\DiagnosticsHub\x86\PerfProfiler.config
[da4c:0007][2026-05-10T00:50:05] Timestamp updated for file 'D:\Program\Common7\IDE\CommonExtensions\Platform\DiagnosticsHub\x86\PerfProfiler.config'.
[da4c:0007][2026-05-10T00:50:05] Processing file /Contents/Common7/IDE/CommonExtensions/Platform/PerfMarkers/Microsoft.DiagnosticsHub.PerfMarkers.dll
[da4c:0007][2026-05-10T00:50:05] Started: Copying file /Contents/Common7/IDE/CommonExtensions/Platform/PerfMarkers/Microsoft.DiagnosticsHub.PerfMarkers.dll to D:\Program\Common7\IDE\CommonExtensions\Platform\PerfMarkers\Microsoft.DiagnosticsHub.PerfMarkers.dll
[da4c:0007][2026-05-10T00:50:05] Completed: Copying file /Contents/Common7/IDE/CommonExtensions/Platform/PerfMarkers/Microsoft.DiagnosticsHub.PerfMarkers.dll to D:\Program\Common7\IDE\CommonExtensions\Platform\PerfMarkers\Microsoft.DiagnosticsHub.PerfMarkers.dll
[da4c:0007][2026-05-10T00:50:05] Timestamp updated for file 'D:\Program\Common7\IDE\CommonExtensions\Platform\PerfMarkers\Microsoft.DiagnosticsHub.PerfMarkers.dll'.
[da4c:0007][2026-05-10T00:50:05] Processing file /Contents/Common7/IDE/PrivateAssemblies/DiagnosticsHub.DataWarehouseManaged.dll
[da4c:0007][2026-05-10T00:50:05] Started: Copying file /Contents/Common7/IDE/PrivateAssemblies/DiagnosticsHub.DataWarehouseManaged.dll to D:\Program\Common7\IDE\PrivateAssemblies\DiagnosticsHub.DataWarehouseManaged.dll
[da4c:0007][2026-05-10T00:50:05] Completed: Copying file /Contents/Common7/IDE/PrivateAssemblies/DiagnosticsHub.DataWarehouseManaged.dll to D:\Program\Common7\IDE\PrivateAssemblies\DiagnosticsHub.DataWarehouseManaged.dll
[da4c:0007][2026-05-10T00:50:05] Timestamp updated for file 'D:\Program\Common7\IDE\PrivateAssemblies\DiagnosticsHub.DataWarehouseManaged.dll'.
[da4c:0007][2026-05-10T00:50:05] Processing file /Contents/Common7/IDE/PrivateAssemblies/DiagnosticsHub.Packaging.Interop.dll
[da4c:0007][2026-05-10T00:50:05] Started: Copying file /Contents/Common7/IDE/PrivateAssemblies/DiagnosticsHub.Packaging.Interop.dll to D:\Program\Common7\IDE\PrivateAssemblies\DiagnosticsHub.Packaging.Interop.dll
[da4c:0007][2026-05-10T00:50:05] Completed: Copying file /Contents/Common7/IDE/PrivateAssemblies/DiagnosticsHub.Packaging.Interop.dll to D:\Program\Common7\IDE\PrivateAssemblies\DiagnosticsHub.Packaging.Interop.dll
[da4c:0007][2026-05-10T00:50:05] Timestamp updated for file 'D:\Program\Common7\IDE\PrivateAssemblies\DiagnosticsHub.Packaging.Interop.dll'.
[da4c:0007][2026-05-10T00:50:05] Processing file /Contents/Common7/IDE/PrivateAssemblies/DiagnosticsHub.Packaging.Managed.dll
[da4c:0007][2026-05-10T00:50:05] Started: Copying file /Contents/Common7/IDE/PrivateAssemblies/DiagnosticsHub.Packaging.Managed.dll to D:\Program\Common7\IDE\PrivateAssemblies\DiagnosticsHub.Packaging.Managed.dll
[da4c:0007][2026-05-10T00:50:05] Completed: Copying file /Contents/Common7/IDE/PrivateAssemblies/DiagnosticsHub.Packaging.Managed.dll to D:\Program\Common7\IDE\PrivateAssemblies\DiagnosticsHub.Packaging.Managed.dll
[da4c:0007][2026-05-10T00:50:05] Timestamp updated for file 'D:\Program\Common7\IDE\PrivateAssemblies\DiagnosticsHub.Packaging.Managed.dll'.
[da4c:0007][2026-05-10T00:50:05] Queueing D:\Program\Common7\IDE\PrivateAssemblies\DiagnosticsHub.Packaging.Managed.dll for X86 ngen
[da4c:0007][2026-05-10T00:50:05] Successfully queued file '/Contents/Common7/IDE/PrivateAssemblies/DiagnosticsHub.Packaging.Managed.dll' for ngen
[da4c:0007][2026-05-10T00:50:05] Processing file /Contents/Common7/IDE/PrivateAssemblies/DiagnosticsHub.StandardCollector.Host.Interop.dll
[da4c:0007][2026-05-10T00:50:05] Started: Copying file /Contents/Common7/IDE/PrivateAssemblies/DiagnosticsHub.StandardCollector.Host.Interop.dll to D:\Program\Common7\IDE\PrivateAssemblies\DiagnosticsHub.StandardCollector.Host.Interop.dll
[da4c:0007][2026-05-10T00:50:05] Completed: Copying file /Contents/Common7/IDE/PrivateAssemblies/DiagnosticsHub.StandardCollector.Host.Interop.dll to D:\Program\Common7\IDE\PrivateAssemblies\DiagnosticsHub.StandardCollector.Host.Interop.dll
[da4c:0007][2026-05-10T00:50:05] Timestamp updated for file 'D:\Program\Common7\IDE\PrivateAssemblies\DiagnosticsHub.StandardCollector.Host.Interop.dll'.
[da4c:0007][2026-05-10T00:50:05] Processing file /Contents/Common7/IDE/PrivateAssemblies/Microsoft.DiagnosticsHub.DataWarehouse.Interop.dll
[da4c:0007][2026-05-10T00:50:05] Started: Copying file /Contents/Common7/IDE/PrivateAssemblies/Microsoft.DiagnosticsHub.DataWarehouse.Interop.dll to D:\Program\Common7\IDE\PrivateAssemblies\Microsoft.DiagnosticsHub.DataWarehouse.Interop.dll
[da4c:0007][2026-05-10T00:50:05] Completed: Copying file /Contents/Common7/IDE/PrivateAssemblies/Microsoft.DiagnosticsHub.DataWarehouse.Interop.dll to D:\Program\Common7\IDE\PrivateAssemblies\Microsoft.DiagnosticsHub.DataWarehouse.Interop.dll
[da4c:0007][2026-05-10T00:50:05] Timestamp updated for file 'D:\Program\Common7\IDE\PrivateAssemblies\Microsoft.DiagnosticsHub.DataWarehouse.Interop.dll'.
[da4c:0007][2026-05-10T00:50:05] Processing file /Contents/Common7/IDE/PrivateAssemblies/Microsoft.DiagnosticsHub.Packaging.InteropEx.dll
[da4c:0007][2026-05-10T00:50:05] Started: Copying file /Contents/Common7/IDE/PrivateAssemblies/Microsoft.DiagnosticsHub.Packaging.InteropEx.dll to D:\Program\Common7\IDE\PrivateAssemblies\Microsoft.DiagnosticsHub.Packaging.InteropEx.dll
[da4c:0007][2026-05-10T00:50:05] Completed: Copying file /Contents/Common7/IDE/PrivateAssemblies/Microsoft.DiagnosticsHub.Packaging.InteropEx.dll to D:\Program\Common7\IDE\PrivateAssemblies\Microsoft.DiagnosticsHub.Packaging.InteropEx.dll
[da4c:0007][2026-05-10T00:50:05] Timestamp updated for file 'D:\Program\Common7\IDE\PrivateAssemblies\Microsoft.DiagnosticsHub.Packaging.InteropEx.dll'.
[da4c:0007][2026-05-10T00:50:05] Processing file /Contents/Common7/IDE/PrivateAssemblies/Microsoft.DiagnosticsHub.SDK.dll
[da4c:0007][2026-05-10T00:50:05] Started: Copying file /Contents/Common7/IDE/PrivateAssemblies/Microsoft.DiagnosticsHub.SDK.dll to D:\Program\Common7\IDE\PrivateAssemblies\Microsoft.DiagnosticsHub.SDK.dll
[da4c:0007][2026-05-10T00:50:05] Completed: Copying file /Contents/Common7/IDE/PrivateAssemblies/Microsoft.DiagnosticsHub.SDK.dll to D:\Program\Common7\IDE\PrivateAssemblies\Microsoft.DiagnosticsHub.SDK.dll
[da4c:0007][2026-05-10T00:50:05] Timestamp updated for file 'D:\Program\Common7\IDE\PrivateAssemblies\Microsoft.DiagnosticsHub.SDK.dll'.
[da4c:0007][2026-05-10T00:50:05] Processing file /Contents/Common7/IDE/PrivateAssemblies/Microsoft.DiagnosticsHub.VisualStudio.SDK.dll
[da4c:0007][2026-05-10T00:50:05] Started: Copying file /Contents/Common7/IDE/PrivateAssemblies/Microsoft.DiagnosticsHub.VisualStudio.SDK.dll to D:\Program\Common7\IDE\PrivateAssemblies\Microsoft.DiagnosticsHub.VisualStudio.SDK.dll
[da4c:0007][2026-05-10T00:50:05] Completed: Copying file /Contents/Common7/IDE/PrivateAssemblies/Microsoft.DiagnosticsHub.VisualStudio.SDK.dll to D:\Program\Common7\IDE\PrivateAssemblies\Microsoft.DiagnosticsHub.VisualStudio.SDK.dll
[da4c:0007][2026-05-10T00:50:05] Timestamp updated for file 'D:\Program\Common7\IDE\PrivateAssemblies\Microsoft.DiagnosticsHub.VisualStudio.SDK.dll'.
[da4c:0007][2026-05-10T00:50:05] Processing file /Contents/Common7/IDE/Remote%20Debugger/x86/DiagnosticsHub.StandardCollector.Bridge.dll
[da4c:0007][2026-05-10T00:50:05] Started: Copying file /Contents/Common7/IDE/Remote%20Debugger/x86/DiagnosticsHub.StandardCollector.Bridge.dll to D:\Program\Common7\IDE\Remote Debugger\x86\DiagnosticsHub.StandardCollector.Bridge.dll
[da4c:0007][2026-05-10T00:50:05] Completed: Copying file /Contents/Common7/IDE/Remote%20Debugger/x86/DiagnosticsHub.StandardCollector.Bridge.dll to D:\Program\Common7\IDE\Remote Debugger\x86\DiagnosticsHub.StandardCollector.Bridge.dll
[da4c:0007][2026-05-10T00:50:05] Timestamp updated for file 'D:\Program\Common7\IDE\Remote Debugger\x86\DiagnosticsHub.StandardCollector.Bridge.dll'.
[da4c:0007][2026-05-10T00:50:05] Processing file /Contents/Common7/Tools/vsdevcmd/ext/diaghub.bat
[da4c:0007][2026-05-10T00:50:05] Started: Copying file /Contents/Common7/Tools/vsdevcmd/ext/diaghub.bat to D:\Program\Common7\Tools\vsdevcmd\ext\diaghub.bat
[da4c:0007][2026-05-10T00:50:05] Completed: Copying file /Contents/Common7/Tools/vsdevcmd/ext/diaghub.bat to D:\Program\Common7\Tools\vsdevcmd\ext\diaghub.bat
[da4c:0007][2026-05-10T00:50:05] Timestamp updated for file 'D:\Program\Common7\Tools\vsdevcmd\ext\diaghub.bat'.
[da4c:0007][2026-05-10T00:50:05] Processing file /Contents/Team%20Tools/DiagnosticsHub/1033/DiagnosticsHubMsg.dll
[da4c:0007][2026-05-10T00:50:05] Started: Copying file /Contents/Team%20Tools/DiagnosticsHub/1033/DiagnosticsHubMsg.dll to D:\Program\Team Tools\DiagnosticsHub\1033\DiagnosticsHubMsg.dll
[da4c:0007][2026-05-10T00:50:05] Completed: Copying file /Contents/Team%20Tools/DiagnosticsHub/1033/DiagnosticsHubMsg.dll to D:\Program\Team Tools\DiagnosticsHub\1033\DiagnosticsHubMsg.dll
[da4c:0007][2026-05-10T00:50:05] Timestamp updated for file 'D:\Program\Team Tools\DiagnosticsHub\1033\DiagnosticsHubMsg.dll'.
[da4c:0007][2026-05-10T00:50:05] Processing file /Contents/Common7/IDE/CommonExtensions/Platform/DiagnosticsHub/extension.vsixmanifest
[da4c:0007][2026-05-10T00:50:05] Started: Copying file /Contents/Common7/IDE/CommonExtensions/Platform/DiagnosticsHub/extension.vsixmanifest to D:\Program\Common7\IDE\CommonExtensions\Platform\DiagnosticsHub\extension.vsixmanifest
[da4c:0007][2026-05-10T00:50:05] Completed: Copying file /Contents/Common7/IDE/CommonExtensions/Platform/DiagnosticsHub/extension.vsixmanifest to D:\Program\Common7\IDE\CommonExtensions\Platform\DiagnosticsHub\extension.vsixmanifest
[da4c:0007][2026-05-10T00:50:05] Timestamp updated for file 'D:\Program\Common7\IDE\CommonExtensions\Platform\DiagnosticsHub\extension.vsixmanifest'.
[da4c:0007][2026-05-10T00:50:05] Processing file /Contents/Common7/IDE/CommonExtensions/Platform/PerfMarkers/extension.vsixmanifest
[da4c:0007][2026-05-10T00:50:05] Started: Copying file /Contents/Common7/IDE/CommonExtensions/Platform/PerfMarkers/extension.vsixmanifest to D:\Program\Common7\IDE\CommonExtensions\Platform\PerfMarkers\extension.vsixmanifest
[da4c:0007][2026-05-10T00:50:05] Completed: Copying file /Contents/Common7/IDE/CommonExtensions/Platform/PerfMarkers/extension.vsixmanifest to D:\Program\Common7\IDE\CommonExtensions\Platform\PerfMarkers\extension.vsixmanifest
[da4c:0007][2026-05-10T00:50:05] Timestamp updated for file 'D:\Program\Common7\IDE\CommonExtensions\Platform\PerfMarkers\extension.vsixmanifest'.
[da4c:0007][2026-05-10T00:50:05] Package executed successfully. Return code: 0
