[3c7c:000c][2026-05-10T01:35:52] Opening the package for processing
[3c7c:000c][2026-05-10T01:35:52] Using package payload to get the embedded manifest
[3c7c:000c][2026-05-10T01:35:52] Getting list of files within the package
[3c7c:000c][2026-05-10T01:35:52] Processing file /Contents/Common7/Tools/Launch-VsDevShell.ps1
[3c7c:000c][2026-05-10T01:35:52] Started: Copying file /Contents/Common7/Tools/Launch-VsDevShell.ps1 to C:\Program Files (x86)\Microsoft Visual Studio\2022\BuildTools\Common7\Tools\Launch-VsDevShell.ps1
[3c7c:000c][2026-05-10T01:35:52] Completed: Copying file /Contents/Common7/Tools/Launch-VsDevShell.ps1 to C:\Program Files (x86)\Microsoft Visual Studio\2022\BuildTools\Common7\Tools\Launch-VsDevShell.ps1
[3c7c:000c][2026-05-10T01:35:52] Timestamp updated for file 'C:\Program Files (x86)\Microsoft Visual Studio\2022\BuildTools\Common7\Tools\Launch-VsDevShell.ps1'.
[3c7c:000c][2026-05-10T01:35:52] Processing file /Contents/Common7/Tools/LaunchDevCmd.bat
[3c7c:000c][2026-05-10T01:35:52] Started: Copying file /Contents/Common7/Tools/LaunchDevCmd.bat to C:\Program Files (x86)\Microsoft Visual Studio\2022\BuildTools\Common7\Tools\LaunchDevCmd.bat
[3c7c:000c][2026-05-10T01:35:52] Completed: Copying file /Contents/Common7/Tools/LaunchDevCmd.bat to C:\Program Files (x86)\Microsoft Visual Studio\2022\BuildTools\Common7\Tools\LaunchDevCmd.bat
[3c7c:000c][2026-05-10T01:35:52] Timestamp updated for file 'C:\Program Files (x86)\Microsoft Visual Studio\2022\BuildTools\Common7\Tools\LaunchDevCmd.bat'.
[3c7c:000c][2026-05-10T01:35:52] Processing file /Contents/Common7/Tools/Microsoft.VisualStudio.DevShell.dll
[3c7c:000c][2026-05-10T01:35:52] Started: Copying file /Contents/Common7/Tools/Microsoft.VisualStudio.DevShell.dll to C:\Program Files (x86)\Microsoft Visual Studio\2022\BuildTools\Common7\Tools\Microsoft.VisualStudio.DevShell.dll
[3c7c:000c][2026-05-10T01:35:52] Completed: Copying file /Contents/Common7/Tools/Microsoft.VisualStudio.DevShell.dll to C:\Program Files (x86)\Microsoft Visual Studio\2022\BuildTools\Common7\Tools\Microsoft.VisualStudio.DevShell.dll
[3c7c:000c][2026-05-10T01:35:52] Timestamp updated for file 'C:\Program Files (x86)\Microsoft Visual Studio\2022\BuildTools\Common7\Tools\Microsoft.VisualStudio.DevShell.dll'.
[3c7c:000c][2026-05-10T01:35:52] Processing file /Contents/Common7/Tools/Microsoft.VisualStudio.RemoteControl.dll
[3c7c:000c][2026-05-10T01:35:52] Started: Copying file /Contents/Common7/Tools/Microsoft.VisualStudio.RemoteControl.dll to C:\Program Files (x86)\Microsoft Visual Studio\2022\BuildTools\Common7\Tools\Microsoft.VisualStudio.RemoteControl.dll
[3c7c:000c][2026-05-10T01:35:52] Completed: Copying file /Contents/Common7/Tools/Microsoft.VisualStudio.RemoteControl.dll to C:\Program Files (x86)\Microsoft Visual Studio\2022\BuildTools\Common7\Tools\Microsoft.VisualStudio.RemoteControl.dll
[3c7c:000c][2026-05-10T01:35:52] Timestamp updated for file 'C:\Program Files (x86)\Microsoft Visual Studio\2022\BuildTools\Common7\Tools\Microsoft.VisualStudio.RemoteControl.dll'.
[3c7c:000c][2026-05-10T01:35:52] Processing file /Contents/Common7/Tools/Microsoft.VisualStudio.Telemetry.dll
[3c7c:000c][2026-05-10T01:35:52] Started: Copying file /Contents/Common7/Tools/Microsoft.VisualStudio.Telemetry.dll to C:\Program Files (x86)\Microsoft Visual Studio\2022\BuildTools\Common7\Tools\Microsoft.VisualStudio.Telemetry.dll
[3c7c:000c][2026-05-10T01:35:52] Completed: Copying file /Contents/Common7/Tools/Microsoft.VisualStudio.Telemetry.dll to C:\Program Files (x86)\Microsoft Visual Studio\2022\BuildTools\Common7\Tools\Microsoft.VisualStudio.Telemetry.dll
[3c7c:000c][2026-05-10T01:35:52] Timestamp updated for file 'C:\Program Files (x86)\Microsoft Visual Studio\2022\BuildTools\Common7\Tools\Microsoft.VisualStudio.Telemetry.dll'.
[3c7c:000c][2026-05-10T01:35:52] Processing file /Contents/Common7/Tools/Microsoft.VisualStudio.Utilities.Internal.dll
[3c7c:000c][2026-05-10T01:35:52] Started: Copying file /Contents/Common7/Tools/Microsoft.VisualStudio.Utilities.Internal.dll to C:\Program Files (x86)\Microsoft Visual Studio\2022\BuildTools\Common7\Tools\Microsoft.VisualStudio.Utilities.Internal.dll
[3c7c:000c][2026-05-10T01:35:52] Completed: Copying file /Contents/Common7/Tools/Microsoft.VisualStudio.Utilities.Internal.dll to C:\Program Files (x86)\Microsoft Visual Studio\2022\BuildTools\Common7\Tools\Microsoft.VisualStudio.Utilities.Internal.dll
[3c7c:000c][2026-05-10T01:35:52] Timestamp updated for file 'C:\Program Files (x86)\Microsoft Visual Studio\2022\BuildTools\Common7\Tools\Microsoft.VisualStudio.Utilities.Internal.dll'.
[3c7c:000c][2026-05-10T01:35:52] Processing file /Contents/Common7/Tools/Newtonsoft.Json.dll
[3c7c:000c][2026-05-10T01:35:52] Started: Copying file /Contents/Common7/Tools/Newtonsoft.Json.dll to C:\Program Files (x86)\Microsoft Visual Studio\2022\BuildTools\Common7\Tools\Newtonsoft.Json.dll
[3c7c:000c][2026-05-10T01:35:52] Completed: Copying file /Contents/Common7/Tools/Newtonsoft.Json.dll to C:\Program Files (x86)\Microsoft Visual Studio\2022\BuildTools\Common7\Tools\Newtonsoft.Json.dll
[3c7c:000c][2026-05-10T01:35:52] Timestamp updated for file 'C:\Program Files (x86)\Microsoft Visual Studio\2022\BuildTools\Common7\Tools\Newtonsoft.Json.dll'.
[3c7c:000c][2026-05-10T01:35:52] Processing file /Contents/Common7/Tools/System.Runtime.CompilerServices.Unsafe.dll
[3c7c:000c][2026-05-10T01:35:52] Started: Copying file /Contents/Common7/Tools/System.Runtime.CompilerServices.Unsafe.dll to C:\Program Files (x86)\Microsoft Visual Studio\2022\BuildTools\Common7\Tools\System.Runtime.CompilerServices.Unsafe.dll
[3c7c:000c][2026-05-10T01:35:52] Completed: Copying file /Contents/Common7/Tools/System.Runtime.CompilerServices.Unsafe.dll to C:\Program Files (x86)\Microsoft Visual Studio\2022\BuildTools\Common7\Tools\System.Runtime.CompilerServices.Unsafe.dll
[3c7c:000c][2026-05-10T01:35:52] Timestamp updated for file 'C:\Program Files (x86)\Microsoft Visual Studio\2022\BuildTools\Common7\Tools\System.Runtime.CompilerServices.Unsafe.dll'.
[3c7c:000c][2026-05-10T01:35:52] Processing file /Contents/Common7/Tools/VsDevCmd.bat
[3c7c:000c][2026-05-10T01:35:52] Started: Copying file /Contents/Common7/Tools/VsDevCmd.bat to C:\Program Files (x86)\Microsoft Visual Studio\2022\BuildTools\Common7\Tools\VsDevCmd.bat
[3c7c:000c][2026-05-10T01:35:52] Completed: Copying file /Contents/Common7/Tools/VsDevCmd.bat to C:\Program Files (x86)\Microsoft Visual Studio\2022\BuildTools\Common7\Tools\VsDevCmd.bat
[3c7c:000c][2026-05-10T01:35:52] Timestamp updated for file 'C:\Program Files (x86)\Microsoft Visual Studio\2022\BuildTools\Common7\Tools\VsDevCmd.bat'.
[3c7c:000c][2026-05-10T01:35:52] Processing file /Contents/Common7/Tools/vsdevcmd/core/parse_cmd.bat
[3c7c:000c][2026-05-10T01:35:52] Started: Copying file /Contents/Common7/Tools/vsdevcmd/core/parse_cmd.bat to C:\Program Files (x86)\Microsoft Visual Studio\2022\BuildTools\Common7\Tools\vsdevcmd\core\parse_cmd.bat
[3c7c:000c][2026-05-10T01:35:52] Completed: Copying file /Contents/Common7/Tools/vsdevcmd/core/parse_cmd.bat to C:\Program Files (x86)\Microsoft Visual Studio\2022\BuildTools\Common7\Tools\vsdevcmd\core\parse_cmd.bat
[3c7c:000c][2026-05-10T01:35:52] Timestamp updated for file 'C:\Program Files (x86)\Microsoft Visual Studio\2022\BuildTools\Common7\Tools\vsdevcmd\core\parse_cmd.bat'.
[3c7c:000c][2026-05-10T01:35:52] Processing file /Contents/Common7/Tools/vsdevcmd/core/vsdevcmd_end.bat
[3c7c:000c][2026-05-10T01:35:52] Started: Copying file /Contents/Common7/Tools/vsdevcmd/core/vsdevcmd_end.bat to C:\Program Files (x86)\Microsoft Visual Studio\2022\BuildTools\Common7\Tools\vsdevcmd\core\vsdevcmd_end.bat
[3c7c:000c][2026-05-10T01:35:52] Completed: Copying file /Contents/Common7/Tools/vsdevcmd/core/vsdevcmd_end.bat to C:\Program Files (x86)\Microsoft Visual Studio\2022\BuildTools\Common7\Tools\vsdevcmd\core\vsdevcmd_end.bat
[3c7c:000c][2026-05-10T01:35:52] Timestamp updated for file 'C:\Program Files (x86)\Microsoft Visual Studio\2022\BuildTools\Common7\Tools\vsdevcmd\core\vsdevcmd_end.bat'.
[3c7c:000c][2026-05-10T01:35:52] Processing file /Contents/Common7/Tools/vsdevcmd/core/vsdevcmd_start.bat
[3c7c:000c][2026-05-10T01:35:52] Started: Copying file /Contents/Common7/Tools/vsdevcmd/core/vsdevcmd_start.bat to C:\Program Files (x86)\Microsoft Visual Studio\2022\BuildTools\Common7\Tools\vsdevcmd\core\vsdevcmd_start.bat
[3c7c:000c][2026-05-10T01:35:52] Completed: Copying file /Contents/Common7/Tools/vsdevcmd/core/vsdevcmd_start.bat to C:\Program Files (x86)\Microsoft Visual Studio\2022\BuildTools\Common7\Tools\vsdevcmd\core\vsdevcmd_start.bat
[3c7c:000c][2026-05-10T01:35:52] Timestamp updated for file 'C:\Program Files (x86)\Microsoft Visual Studio\2022\BuildTools\Common7\Tools\vsdevcmd\core\vsdevcmd_start.bat'.
[3c7c:000c][2026-05-10T01:35:52] Processing file /Contents/Common7/Tools/VsMSBuildCmd.bat
[3c7c:000c][2026-05-10T01:35:52] Started: Copying file /Contents/Common7/Tools/VsMSBuildCmd.bat to C:\Program Files (x86)\Microsoft Visual Studio\2022\BuildTools\Common7\Tools\VsMSBuildCmd.bat
[3c7c:000c][2026-05-10T01:35:52] Completed: Copying file /Contents/Common7/Tools/VsMSBuildCmd.bat to C:\Program Files (x86)\Microsoft Visual Studio\2022\BuildTools\Common7\Tools\VsMSBuildCmd.bat
[3c7c:000c][2026-05-10T01:35:52] Timestamp updated for file 'C:\Program Files (x86)\Microsoft Visual Studio\2022\BuildTools\Common7\Tools\VsMSBuildCmd.bat'.
[3c7c:000c][2026-05-10T01:35:52] Package executed successfully. Return code: 0
