[da4c:0007][2026-05-10T00:49:55] Opening the package for processing
[da4c:0007][2026-05-10T00:49:55] Using package payload to get the embedded manifest
[da4c:0007][2026-05-10T00:49:55] Getting list of files within the package
[da4c:0007][2026-05-10T00:49:55] Processing file /Contents/Common7/IDE/CommonExtensions/Microsoft/VC/ResourceEditor.pkgdef
[da4c:0007][2026-05-10T00:49:55] Started: Copying file /Contents/Common7/IDE/CommonExtensions/Microsoft/VC/ResourceEditor.pkgdef to D:\Program\Common7\IDE\CommonExtensions\Microsoft\VC\ResourceEditor.pkgdef
[da4c:0007][2026-05-10T00:49:55] Completed: Copying file /Contents/Common7/IDE/CommonExtensions/Microsoft/VC/ResourceEditor.pkgdef to D:\Program\Common7\IDE\CommonExtensions\Microsoft\VC\ResourceEditor.pkgdef
[da4c:0007][2026-05-10T00:49:55] Timestamp updated for file 'D:\Program\Common7\IDE\CommonExtensions\Microsoft\VC\ResourceEditor.pkgdef'.
[da4c:0007][2026-05-10T00:49:55] Processing file /Contents/Common7/IDE/PrivateAssemblies/Microsoft.VisualStudio.ResCom.Internal.dll
[da4c:0007][2026-05-10T00:49:55] Started: Copying file /Contents/Common7/IDE/PrivateAssemblies/Microsoft.VisualStudio.ResCom.Internal.dll to D:\Program\Common7\IDE\PrivateAssemblies\Microsoft.VisualStudio.ResCom.Internal.dll
[da4c:0007][2026-05-10T00:49:55] Completed: Copying file /Contents/Common7/IDE/PrivateAssemblies/Microsoft.VisualStudio.ResCom.Internal.dll to D:\Program\Common7\IDE\PrivateAssemblies\Microsoft.VisualStudio.ResCom.Internal.dll
[da4c:0007][2026-05-10T00:49:55] Timestamp updated for file 'D:\Program\Common7\IDE\PrivateAssemblies\Microsoft.VisualStudio.ResCom.Internal.dll'.
[da4c:0007][2026-05-10T00:49:55] Processing file /Contents/Common7/IDE/PrivateAssemblies/Microsoft.VisualStudio.ResPkg.Internal.dll
[da4c:0007][2026-05-10T00:49:55] Started: Copying file /Contents/Common7/IDE/PrivateAssemblies/Microsoft.VisualStudio.ResPkg.Internal.dll to D:\Program\Common7\IDE\PrivateAssemblies\Microsoft.VisualStudio.ResPkg.Internal.dll
[da4c:0007][2026-05-10T00:49:55] Completed: Copying file /Contents/Common7/IDE/PrivateAssemblies/Microsoft.VisualStudio.ResPkg.Internal.dll to D:\Program\Common7\IDE\PrivateAssemblies\Microsoft.VisualStudio.ResPkg.Internal.dll
[da4c:0007][2026-05-10T00:49:55] Timestamp updated for file 'D:\Program\Common7\IDE\PrivateAssemblies\Microsoft.VisualStudio.ResPkg.Internal.dll'.
[da4c:0007][2026-05-10T00:49:55] Processing file /Contents/Common7/IDE/VC/VCContextItems/AddEvent.vstemplate
[da4c:0007][2026-05-10T00:49:55] Started: Copying file /Contents/Common7/IDE/VC/VCContextItems/AddEvent.vstemplate to D:\Program\Common7\IDE\VC\VCContextItems\AddEvent.vstemplate
[da4c:0007][2026-05-10T00:49:55] Completed: Copying file /Contents/Common7/IDE/VC/VCContextItems/AddEvent.vstemplate to D:\Program\Common7\IDE\VC\VCContextItems\AddEvent.vstemplate
[da4c:0007][2026-05-10T00:49:55] Timestamp updated for file 'D:\Program\Common7\IDE\VC\VCContextItems\AddEvent.vstemplate'.
[da4c:0007][2026-05-10T00:49:55] Processing file /Contents/Common7/IDE/VC/VCContextItems/ControlVariable.vstemplate
[da4c:0007][2026-05-10T00:49:55] Started: Copying file /Contents/Common7/IDE/VC/VCContextItems/ControlVariable.vstemplate to D:\Program\Common7\IDE\VC\VCContextItems\ControlVariable.vstemplate
[da4c:0007][2026-05-10T00:49:55] Completed: Copying file /Contents/Common7/IDE/VC/VCContextItems/ControlVariable.vstemplate to D:\Program\Common7\IDE\VC\VCContextItems\ControlVariable.vstemplate
[da4c:0007][2026-05-10T00:49:55] Timestamp updated for file 'D:\Program\Common7\IDE\VC\VCContextItems\ControlVariable.vstemplate'.
[da4c:0007][2026-05-10T00:49:55] Processing file /Contents/Common7/IDE/VC/VCContextItems/ControlVariable/ActiveXWrapper.cpp
[da4c:0007][2026-05-10T00:49:55] Started: Copying file /Contents/Common7/IDE/VC/VCContextItems/ControlVariable/ActiveXWrapper.cpp to D:\Program\Common7\IDE\VC\VCContextItems\ControlVariable\ActiveXWrapper.cpp
[da4c:0007][2026-05-10T00:49:55] Completed: Copying file /Contents/Common7/IDE/VC/VCContextItems/ControlVariable/ActiveXWrapper.cpp to D:\Program\Common7\IDE\VC\VCContextItems\ControlVariable\ActiveXWrapper.cpp
[da4c:0007][2026-05-10T00:49:55] Timestamp updated for file 'D:\Program\Common7\IDE\VC\VCContextItems\ControlVariable\ActiveXWrapper.cpp'.
[da4c:0007][2026-05-10T00:49:55] Processing file /Contents/Common7/IDE/VC/VCContextItems/ControlVariable/ActiveXWrapper.h
[da4c:0007][2026-05-10T00:49:55] Started: Copying file /Contents/Common7/IDE/VC/VCContextItems/ControlVariable/ActiveXWrapper.h to D:\Program\Common7\IDE\VC\VCContextItems\ControlVariable\ActiveXWrapper.h
[da4c:0007][2026-05-10T00:49:55] Completed: Copying file /Contents/Common7/IDE/VC/VCContextItems/ControlVariable/ActiveXWrapper.h to D:\Program\Common7\IDE\VC\VCContextItems\ControlVariable\ActiveXWrapper.h
[da4c:0007][2026-05-10T00:49:55] Timestamp updated for file 'D:\Program\Common7\IDE\VC\VCContextItems\ControlVariable\ActiveXWrapper.h'.
[da4c:0007][2026-05-10T00:49:55] Processing file /Contents/Common7/IDE/VC/VCContextItems/ControlVariable/_Font.h
[da4c:0007][2026-05-10T00:49:55] Started: Copying file /Contents/Common7/IDE/VC/VCContextItems/ControlVariable/_Font.h to D:\Program\Common7\IDE\VC\VCContextItems\ControlVariable\_Font.h
[da4c:0007][2026-05-10T00:49:55] Completed: Copying file /Contents/Common7/IDE/VC/VCContextItems/ControlVariable/_Font.h to D:\Program\Common7\IDE\VC\VCContextItems\ControlVariable\_Font.h
[da4c:0007][2026-05-10T00:49:55] Timestamp updated for file 'D:\Program\Common7\IDE\VC\VCContextItems\ControlVariable\_Font.h'.
[da4c:0007][2026-05-10T00:49:55] Processing file /Contents/Common7/IDE/VC/VCContextItems/ControlVariable/_Picture.h
[da4c:0007][2026-05-10T00:49:55] Started: Copying file /Contents/Common7/IDE/VC/VCContextItems/ControlVariable/_Picture.h to D:\Program\Common7\IDE\VC\VCContextItems\ControlVariable\_Picture.h
[da4c:0007][2026-05-10T00:49:55] Completed: Copying file /Contents/Common7/IDE/VC/VCContextItems/ControlVariable/_Picture.h to D:\Program\Common7\IDE\VC\VCContextItems\ControlVariable\_Picture.h
[da4c:0007][2026-05-10T00:49:55] Timestamp updated for file 'D:\Program\Common7\IDE\VC\VCContextItems\ControlVariable\_Picture.h'.
[da4c:0007][2026-05-10T00:49:55] Processing file /Contents/Common7/IDE/VC/VCContextItems/EventHandler.vstemplate
[da4c:0007][2026-05-10T00:49:55] Started: Copying file /Contents/Common7/IDE/VC/VCContextItems/EventHandler.vstemplate to D:\Program\Common7\IDE\VC\VCContextItems\EventHandler.vstemplate
[da4c:0007][2026-05-10T00:49:55] Completed: Copying file /Contents/Common7/IDE/VC/VCContextItems/EventHandler.vstemplate to D:\Program\Common7\IDE\VC\VCContextItems\EventHandler.vstemplate
[da4c:0007][2026-05-10T00:49:55] Timestamp updated for file 'D:\Program\Common7\IDE\VC\VCContextItems\EventHandler.vstemplate'.
[da4c:0007][2026-05-10T00:49:55] Processing file /Contents/Common7/IDE/VC/vcpackages/autolayt.dll
[da4c:0007][2026-05-10T00:49:55] Started: Copying file /Contents/Common7/IDE/VC/vcpackages/autolayt.dll to D:\Program\Common7\IDE\VC\vcpackages\autolayt.dll
[da4c:0007][2026-05-10T00:49:55] Completed: Copying file /Contents/Common7/IDE/VC/vcpackages/autolayt.dll to D:\Program\Common7\IDE\VC\vcpackages\autolayt.dll
[da4c:0007][2026-05-10T00:49:55] Timestamp updated for file 'D:\Program\Common7\IDE\VC\vcpackages\autolayt.dll'.
[da4c:0007][2026-05-10T00:49:55] Processing file /Contents/Common7/IDE/VC/vcpackages/bined.dll
[da4c:0007][2026-05-10T00:49:55] Started: Copying file /Contents/Common7/IDE/VC/vcpackages/bined.dll to D:\Program\Common7\IDE\VC\vcpackages\bined.dll
[da4c:0007][2026-05-10T00:49:55] Completed: Copying file /Contents/Common7/IDE/VC/vcpackages/bined.dll to D:\Program\Common7\IDE\VC\vcpackages\bined.dll
[da4c:0007][2026-05-10T00:49:55] Timestamp updated for file 'D:\Program\Common7\IDE\VC\vcpackages\bined.dll'.
[da4c:0007][2026-05-10T00:49:55] Processing file /Contents/Common7/IDE/VC/vcpackages/mfc140u.dll
[da4c:0007][2026-05-10T00:49:55] Started: Copying file /Contents/Common7/IDE/VC/vcpackages/mfc140u.dll to D:\Program\Common7\IDE\VC\vcpackages\mfc140u.dll
[da4c:0007][2026-05-10T00:49:55] Completed: Copying file /Contents/Common7/IDE/VC/vcpackages/mfc140u.dll to D:\Program\Common7\IDE\VC\vcpackages\mfc140u.dll
[da4c:0007][2026-05-10T00:49:55] Timestamp updated for file 'D:\Program\Common7\IDE\VC\vcpackages\mfc140u.dll'.
[da4c:0007][2026-05-10T00:49:55] Processing file /Contents/Common7/IDE/VC/vcpackages/rcxdti.dll
[da4c:0007][2026-05-10T00:49:55] Started: Copying file /Contents/Common7/IDE/VC/vcpackages/rcxdti.dll to D:\Program\Common7\IDE\VC\vcpackages\rcxdti.dll
[da4c:0007][2026-05-10T00:49:55] Completed: Copying file /Contents/Common7/IDE/VC/vcpackages/rcxdti.dll to D:\Program\Common7\IDE\VC\vcpackages\rcxdti.dll
[da4c:0007][2026-05-10T00:49:55] Timestamp updated for file 'D:\Program\Common7\IDE\VC\vcpackages\rcxdti.dll'.
[da4c:0007][2026-05-10T00:49:55] Processing file /Contents/Common7/IDE/VC/vcpackages/resedit.dll
[da4c:0007][2026-05-10T00:49:55] Started: Copying file /Contents/Common7/IDE/VC/vcpackages/resedit.dll to D:\Program\Common7\IDE\VC\vcpackages\resedit.dll
[da4c:0007][2026-05-10T00:49:56] Completed: Copying file /Contents/Common7/IDE/VC/vcpackages/resedit.dll to D:\Program\Common7\IDE\VC\vcpackages\resedit.dll
[da4c:0007][2026-05-10T00:49:56] Timestamp updated for file 'D:\Program\Common7\IDE\VC\vcpackages\resedit.dll'.
[da4c:0007][2026-05-10T00:49:56] Package executed successfully. Return code: 0
