[0c48:0003][2026-05-10T01:44:47] Using cached package manifest as the embedded manifest
[0c48:0003][2026-05-10T01:44:47] Processing file /extension.vsixmanifest
[0c48:0003][2026-05-10T01:44:47] C:\Program Files (x86)\Microsoft Visual Studio\2022\BuildTools\Common7\IDE\CommonExtensions\Microsoft\VBCSharp\ExpressionEvaluators\extension.vsixmanifest file deleted.
[0c48:0003][2026-05-10T01:44:47] Processing file /ExpressionEvaluatorPackage.pkgdef
[0c48:0003][2026-05-10T01:44:47] C:\Program Files (x86)\Microsoft Visual Studio\2022\BuildTools\Common7\IDE\CommonExtensions\Microsoft\VBCSharp\ExpressionEvaluators\ExpressionEvaluatorPackage.pkgdef file deleted.
[0c48:0003][2026-05-10T01:44:47] Processing file /EULA.rtf
[0c48:0003][2026-05-10T01:44:47] C:\Program Files (x86)\Microsoft Visual Studio\2022\BuildTools\Common7\IDE\CommonExtensions\Microsoft\VBCSharp\ExpressionEvaluators\EULA.rtf file deleted.
[0c48:0003][2026-05-10T01:44:47] Processing file /ThirdPartyNotices.rtf
[0c48:0003][2026-05-10T01:44:47] C:\Program Files (x86)\Microsoft Visual Studio\2022\BuildTools\Common7\IDE\CommonExtensions\Microsoft\VBCSharp\ExpressionEvaluators\ThirdPartyNotices.rtf file deleted.
[0c48:0003][2026-05-10T01:44:47] Processing file /Microsoft.CodeAnalysis.ExpressionEvaluator.ExpressionCompiler.dll
[0c48:0003][2026-05-10T01:44:47] C:\Program Files (x86)\Microsoft Visual Studio\2022\BuildTools\Common7\IDE\CommonExtensions\Microsoft\VBCSharp\ExpressionEvaluators\Microsoft.CodeAnalysis.ExpressionEvaluator.ExpressionCompiler.dll file deleted.
[0c48:0003][2026-05-10T01:44:47] Processing file /Microsoft.CodeAnalysis.ExpressionEvaluator.ResultProvider.dll
[0c48:0003][2026-05-10T01:44:47] C:\Program Files (x86)\Microsoft Visual Studio\2022\BuildTools\Common7\IDE\CommonExtensions\Microsoft\VBCSharp\ExpressionEvaluators\Microsoft.CodeAnalysis.ExpressionEvaluator.ResultProvider.dll file deleted.
[0c48:0003][2026-05-10T01:44:47] Processing file /cs/Microsoft.CodeAnalysis.ExpressionEvaluator.ResultProvider.resources.dll
[0c48:0003][2026-05-10T01:44:47] C:\Program Files (x86)\Microsoft Visual Studio\2022\BuildTools\Common7\IDE\CommonExtensions\Microsoft\VBCSharp\ExpressionEvaluators\cs\Microsoft.CodeAnalysis.ExpressionEvaluator.ResultProvider.resources.dll file deleted.
[0c48:0003][2026-05-10T01:44:47] Processing file /de/Microsoft.CodeAnalysis.ExpressionEvaluator.ResultProvider.resources.dll
[0c48:0003][2026-05-10T01:44:47] C:\Program Files (x86)\Microsoft Visual Studio\2022\BuildTools\Common7\IDE\CommonExtensions\Microsoft\VBCSharp\ExpressionEvaluators\de\Microsoft.CodeAnalysis.ExpressionEvaluator.ResultProvider.resources.dll file deleted.
[0c48:0003][2026-05-10T01:44:47] Processing file /es/Microsoft.CodeAnalysis.ExpressionEvaluator.ResultProvider.resources.dll
[0c48:0003][2026-05-10T01:44:47] C:\Program Files (x86)\Microsoft Visual Studio\2022\BuildTools\Common7\IDE\CommonExtensions\Microsoft\VBCSharp\ExpressionEvaluators\es\Microsoft.CodeAnalysis.ExpressionEvaluator.ResultProvider.resources.dll file deleted.
[0c48:0003][2026-05-10T01:44:47] Processing file /fr/Microsoft.CodeAnalysis.ExpressionEvaluator.ResultProvider.resources.dll
[0c48:0003][2026-05-10T01:44:47] C:\Program Files (x86)\Microsoft Visual Studio\2022\BuildTools\Common7\IDE\CommonExtensions\Microsoft\VBCSharp\ExpressionEvaluators\fr\Microsoft.CodeAnalysis.ExpressionEvaluator.ResultProvider.resources.dll file deleted.
[0c48:0003][2026-05-10T01:44:47] Processing file /it/Microsoft.CodeAnalysis.ExpressionEvaluator.ResultProvider.resources.dll
[0c48:0003][2026-05-10T01:44:47] C:\Program Files (x86)\Microsoft Visual Studio\2022\BuildTools\Common7\IDE\CommonExtensions\Microsoft\VBCSharp\ExpressionEvaluators\it\Microsoft.CodeAnalysis.ExpressionEvaluator.ResultProvider.resources.dll file deleted.
[0c48:0003][2026-05-10T01:44:47] Processing file /ja/Microsoft.CodeAnalysis.ExpressionEvaluator.ResultProvider.resources.dll
[0c48:0003][2026-05-10T01:44:47] C:\Program Files (x86)\Microsoft Visual Studio\2022\BuildTools\Common7\IDE\CommonExtensions\Microsoft\VBCSharp\ExpressionEvaluators\ja\Microsoft.CodeAnalysis.ExpressionEvaluator.ResultProvider.resources.dll file deleted.
[0c48:0003][2026-05-10T01:44:47] Processing file /ko/Microsoft.CodeAnalysis.ExpressionEvaluator.ResultProvider.resources.dll
[0c48:0003][2026-05-10T01:44:47] C:\Program Files (x86)\Microsoft Visual Studio\2022\BuildTools\Common7\IDE\CommonExtensions\Microsoft\VBCSharp\ExpressionEvaluators\ko\Microsoft.CodeAnalysis.ExpressionEvaluator.ResultProvider.resources.dll file deleted.
[0c48:0003][2026-05-10T01:44:47] Processing file /pl/Microsoft.CodeAnalysis.ExpressionEvaluator.ResultProvider.resources.dll
[0c48:0003][2026-05-10T01:44:47] C:\Program Files (x86)\Microsoft Visual Studio\2022\BuildTools\Common7\IDE\CommonExtensions\Microsoft\VBCSharp\ExpressionEvaluators\pl\Microsoft.CodeAnalysis.ExpressionEvaluator.ResultProvider.resources.dll file deleted.
[0c48:0003][2026-05-10T01:44:47] Processing file /pt-BR/Microsoft.CodeAnalysis.ExpressionEvaluator.ResultProvider.resources.dll
[0c48:0003][2026-05-10T01:44:47] C:\Program Files (x86)\Microsoft Visual Studio\2022\BuildTools\Common7\IDE\CommonExtensions\Microsoft\VBCSharp\ExpressionEvaluators\pt-BR\Microsoft.CodeAnalysis.ExpressionEvaluator.ResultProvider.resources.dll file deleted.
[0c48:0003][2026-05-10T01:44:47] Processing file /ru/Microsoft.CodeAnalysis.ExpressionEvaluator.ResultProvider.resources.dll
[0c48:0003][2026-05-10T01:44:47] C:\Program Files (x86)\Microsoft Visual Studio\2022\BuildTools\Common7\IDE\CommonExtensions\Microsoft\VBCSharp\ExpressionEvaluators\ru\Microsoft.CodeAnalysis.ExpressionEvaluator.ResultProvider.resources.dll file deleted.
[0c48:0003][2026-05-10T01:44:47] Processing file /tr/Microsoft.CodeAnalysis.ExpressionEvaluator.ResultProvider.resources.dll
[0c48:0003][2026-05-10T01:44:47] C:\Program Files (x86)\Microsoft Visual Studio\2022\BuildTools\Common7\IDE\CommonExtensions\Microsoft\VBCSharp\ExpressionEvaluators\tr\Microsoft.CodeAnalysis.ExpressionEvaluator.ResultProvider.resources.dll file deleted.
[0c48:0003][2026-05-10T01:44:47] Processing file /zh-Hans/Microsoft.CodeAnalysis.ExpressionEvaluator.ResultProvider.resources.dll
[0c48:0003][2026-05-10T01:44:47] C:\Program Files (x86)\Microsoft Visual Studio\2022\BuildTools\Common7\IDE\CommonExtensions\Microsoft\VBCSharp\ExpressionEvaluators\zh-Hans\Microsoft.CodeAnalysis.ExpressionEvaluator.ResultProvider.resources.dll file deleted.
[0c48:0003][2026-05-10T01:44:47] Processing file /zh-Hant/Microsoft.CodeAnalysis.ExpressionEvaluator.ResultProvider.resources.dll
[0c48:0003][2026-05-10T01:44:47] C:\Program Files (x86)\Microsoft Visual Studio\2022\BuildTools\Common7\IDE\CommonExtensions\Microsoft\VBCSharp\ExpressionEvaluators\zh-Hant\Microsoft.CodeAnalysis.ExpressionEvaluator.ResultProvider.resources.dll file deleted.
[0c48:0003][2026-05-10T01:44:47] Processing file /Microsoft.CodeAnalysis.ExpressionEvaluator.FunctionResolver.vsdconfig
[0c48:0003][2026-05-10T01:44:47] C:\Program Files (x86)\Microsoft Visual Studio\2022\BuildTools\Common7\IDE\CommonExtensions\Microsoft\VBCSharp\ExpressionEvaluators\Microsoft.CodeAnalysis.ExpressionEvaluator.FunctionResolver.vsdconfig file deleted.
[0c48:0003][2026-05-10T01:44:47] Processing file /Microsoft.CodeAnalysis.ExpressionEvaluator.FunctionResolver.dll
[0c48:0003][2026-05-10T01:44:47] C:\Program Files (x86)\Microsoft Visual Studio\2022\BuildTools\Common7\IDE\CommonExtensions\Microsoft\VBCSharp\ExpressionEvaluators\Microsoft.CodeAnalysis.ExpressionEvaluator.FunctionResolver.dll file deleted.
[0c48:0003][2026-05-10T01:44:47] Processing file /Microsoft.CodeAnalysis.CSharp.ExpressionEvaluator.ExpressionCompiler.vsdconfig
[0c48:0003][2026-05-10T01:44:47] C:\Program Files (x86)\Microsoft Visual Studio\2022\BuildTools\Common7\IDE\CommonExtensions\Microsoft\VBCSharp\ExpressionEvaluators\Microsoft.CodeAnalysis.CSharp.ExpressionEvaluator.ExpressionCompiler.vsdconfig file deleted.
[0c48:0003][2026-05-10T01:44:47] Processing file /Microsoft.CodeAnalysis.CSharp.ExpressionEvaluator.ExpressionCompiler.dll
[0c48:0003][2026-05-10T01:44:47] C:\Program Files (x86)\Microsoft Visual Studio\2022\BuildTools\Common7\IDE\CommonExtensions\Microsoft\VBCSharp\ExpressionEvaluators\Microsoft.CodeAnalysis.CSharp.ExpressionEvaluator.ExpressionCompiler.dll file deleted.
[0c48:0003][2026-05-10T01:44:47] Processing file /Microsoft.CodeAnalysis.CSharp.ExpressionEvaluator.ResultProvider.vsdconfig
[0c48:0003][2026-05-10T01:44:47] C:\Program Files (x86)\Microsoft Visual Studio\2022\BuildTools\Common7\IDE\CommonExtensions\Microsoft\VBCSharp\ExpressionEvaluators\Microsoft.CodeAnalysis.CSharp.ExpressionEvaluator.ResultProvider.vsdconfig file deleted.
[0c48:0003][2026-05-10T01:44:47] Processing file /Microsoft.CodeAnalysis.CSharp.ExpressionEvaluator.ResultProvider.dll
[0c48:0003][2026-05-10T01:44:47] C:\Program Files (x86)\Microsoft Visual Studio\2022\BuildTools\Common7\IDE\CommonExtensions\Microsoft\VBCSharp\ExpressionEvaluators\Microsoft.CodeAnalysis.CSharp.ExpressionEvaluator.ResultProvider.dll file deleted.
[0c48:0003][2026-05-10T01:44:47] Processing file /Microsoft.CodeAnalysis.VisualBasic.ExpressionEvaluator.ExpressionCompiler.vsdconfig
[0c48:0003][2026-05-10T01:44:47] C:\Program Files (x86)\Microsoft Visual Studio\2022\BuildTools\Common7\IDE\CommonExtensions\Microsoft\VBCSharp\ExpressionEvaluators\Microsoft.CodeAnalysis.VisualBasic.ExpressionEvaluator.ExpressionCompiler.vsdconfig file deleted.
[0c48:0003][2026-05-10T01:44:47] Processing file /Microsoft.CodeAnalysis.VisualBasic.ExpressionEvaluator.ExpressionCompiler.dll
[0c48:0003][2026-05-10T01:44:47] C:\Program Files (x86)\Microsoft Visual Studio\2022\BuildTools\Common7\IDE\CommonExtensions\Microsoft\VBCSharp\ExpressionEvaluators\Microsoft.CodeAnalysis.VisualBasic.ExpressionEvaluator.ExpressionCompiler.dll file deleted.
[0c48:0003][2026-05-10T01:44:47] Processing file /cs/Microsoft.CodeAnalysis.VisualBasic.ExpressionEvaluator.ExpressionCompiler.resources.dll
[0c48:0003][2026-05-10T01:44:47] C:\Program Files (x86)\Microsoft Visual Studio\2022\BuildTools\Common7\IDE\CommonExtensions\Microsoft\VBCSharp\ExpressionEvaluators\cs\Microsoft.CodeAnalysis.VisualBasic.ExpressionEvaluator.ExpressionCompiler.resources.dll file deleted.
[0c48:0003][2026-05-10T01:44:47] Processing file /de/Microsoft.CodeAnalysis.VisualBasic.ExpressionEvaluator.ExpressionCompiler.resources.dll
[0c48:0003][2026-05-10T01:44:47] C:\Program Files (x86)\Microsoft Visual Studio\2022\BuildTools\Common7\IDE\CommonExtensions\Microsoft\VBCSharp\ExpressionEvaluators\de\Microsoft.CodeAnalysis.VisualBasic.ExpressionEvaluator.ExpressionCompiler.resources.dll file deleted.
[0c48:0003][2026-05-10T01:44:47] Processing file /es/Microsoft.CodeAnalysis.VisualBasic.ExpressionEvaluator.ExpressionCompiler.resources.dll
[0c48:0003][2026-05-10T01:44:47] C:\Program Files (x86)\Microsoft Visual Studio\2022\BuildTools\Common7\IDE\CommonExtensions\Microsoft\VBCSharp\ExpressionEvaluators\es\Microsoft.CodeAnalysis.VisualBasic.ExpressionEvaluator.ExpressionCompiler.resources.dll file deleted.
[0c48:0003][2026-05-10T01:44:47] Processing file /fr/Microsoft.CodeAnalysis.VisualBasic.ExpressionEvaluator.ExpressionCompiler.resources.dll
[0c48:0003][2026-05-10T01:44:47] C:\Program Files (x86)\Microsoft Visual Studio\2022\BuildTools\Common7\IDE\CommonExtensions\Microsoft\VBCSharp\ExpressionEvaluators\fr\Microsoft.CodeAnalysis.VisualBasic.ExpressionEvaluator.ExpressionCompiler.resources.dll file deleted.
[0c48:0003][2026-05-10T01:44:47] Processing file /it/Microsoft.CodeAnalysis.VisualBasic.ExpressionEvaluator.ExpressionCompiler.resources.dll
[0c48:0003][2026-05-10T01:44:47] C:\Program Files (x86)\Microsoft Visual Studio\2022\BuildTools\Common7\IDE\CommonExtensions\Microsoft\VBCSharp\ExpressionEvaluators\it\Microsoft.CodeAnalysis.VisualBasic.ExpressionEvaluator.ExpressionCompiler.resources.dll file deleted.
[0c48:0003][2026-05-10T01:44:47] Processing file /ja/Microsoft.CodeAnalysis.VisualBasic.ExpressionEvaluator.ExpressionCompiler.resources.dll
[0c48:0003][2026-05-10T01:44:47] C:\Program Files (x86)\Microsoft Visual Studio\2022\BuildTools\Common7\IDE\CommonExtensions\Microsoft\VBCSharp\ExpressionEvaluators\ja\Microsoft.CodeAnalysis.VisualBasic.ExpressionEvaluator.ExpressionCompiler.resources.dll file deleted.
[0c48:0003][2026-05-10T01:44:47] Processing file /ko/Microsoft.CodeAnalysis.VisualBasic.ExpressionEvaluator.ExpressionCompiler.resources.dll
[0c48:0003][2026-05-10T01:44:47] C:\Program Files (x86)\Microsoft Visual Studio\2022\BuildTools\Common7\IDE\CommonExtensions\Microsoft\VBCSharp\ExpressionEvaluators\ko\Microsoft.CodeAnalysis.VisualBasic.ExpressionEvaluator.ExpressionCompiler.resources.dll file deleted.
[0c48:0003][2026-05-10T01:44:47] Processing file /pl/Microsoft.CodeAnalysis.VisualBasic.ExpressionEvaluator.ExpressionCompiler.resources.dll
[0c48:0003][2026-05-10T01:44:47] C:\Program Files (x86)\Microsoft Visual Studio\2022\BuildTools\Common7\IDE\CommonExtensions\Microsoft\VBCSharp\ExpressionEvaluators\pl\Microsoft.CodeAnalysis.VisualBasic.ExpressionEvaluator.ExpressionCompiler.resources.dll file deleted.
[0c48:0003][2026-05-10T01:44:47] Processing file /pt-BR/Microsoft.CodeAnalysis.VisualBasic.ExpressionEvaluator.ExpressionCompiler.resources.dll
[0c48:0003][2026-05-10T01:44:47] C:\Program Files (x86)\Microsoft Visual Studio\2022\BuildTools\Common7\IDE\CommonExtensions\Microsoft\VBCSharp\ExpressionEvaluators\pt-BR\Microsoft.CodeAnalysis.VisualBasic.ExpressionEvaluator.ExpressionCompiler.resources.dll file deleted.
[0c48:0003][2026-05-10T01:44:47] Processing file /ru/Microsoft.CodeAnalysis.VisualBasic.ExpressionEvaluator.ExpressionCompiler.resources.dll
[0c48:0003][2026-05-10T01:44:47] C:\Program Files (x86)\Microsoft Visual Studio\2022\BuildTools\Common7\IDE\CommonExtensions\Microsoft\VBCSharp\ExpressionEvaluators\ru\Microsoft.CodeAnalysis.VisualBasic.ExpressionEvaluator.ExpressionCompiler.resources.dll file deleted.
[0c48:0003][2026-05-10T01:44:47] Processing file /tr/Microsoft.CodeAnalysis.VisualBasic.ExpressionEvaluator.ExpressionCompiler.resources.dll
[0c48:0003][2026-05-10T01:44:47] C:\Program Files (x86)\Microsoft Visual Studio\2022\BuildTools\Common7\IDE\CommonExtensions\Microsoft\VBCSharp\ExpressionEvaluators\tr\Microsoft.CodeAnalysis.VisualBasic.ExpressionEvaluator.ExpressionCompiler.resources.dll file deleted.
[0c48:0003][2026-05-10T01:44:47] Processing file /zh-Hans/Microsoft.CodeAnalysis.VisualBasic.ExpressionEvaluator.ExpressionCompiler.resources.dll
[0c48:0003][2026-05-10T01:44:47] C:\Program Files (x86)\Microsoft Visual Studio\2022\BuildTools\Common7\IDE\CommonExtensions\Microsoft\VBCSharp\ExpressionEvaluators\zh-Hans\Microsoft.CodeAnalysis.VisualBasic.ExpressionEvaluator.ExpressionCompiler.resources.dll file deleted.
[0c48:0003][2026-05-10T01:44:47] Processing file /zh-Hant/Microsoft.CodeAnalysis.VisualBasic.ExpressionEvaluator.ExpressionCompiler.resources.dll
[0c48:0003][2026-05-10T01:44:47] C:\Program Files (x86)\Microsoft Visual Studio\2022\BuildTools\Common7\IDE\CommonExtensions\Microsoft\VBCSharp\ExpressionEvaluators\zh-Hant\Microsoft.CodeAnalysis.VisualBasic.ExpressionEvaluator.ExpressionCompiler.resources.dll file deleted.
[0c48:0003][2026-05-10T01:44:47] Processing file /Microsoft.CodeAnalysis.VisualBasic.ExpressionEvaluator.ResultProvider.vsdconfig
[0c48:0003][2026-05-10T01:44:47] C:\Program Files (x86)\Microsoft Visual Studio\2022\BuildTools\Common7\IDE\CommonExtensions\Microsoft\VBCSharp\ExpressionEvaluators\Microsoft.CodeAnalysis.VisualBasic.ExpressionEvaluator.ResultProvider.vsdconfig file deleted.
[0c48:0003][2026-05-10T01:44:47] Processing file /Microsoft.CodeAnalysis.VisualBasic.ExpressionEvaluator.ResultProvider.dll
[0c48:0003][2026-05-10T01:44:47] C:\Program Files (x86)\Microsoft Visual Studio\2022\BuildTools\Common7\IDE\CommonExtensions\Microsoft\VBCSharp\ExpressionEvaluators\Microsoft.CodeAnalysis.VisualBasic.ExpressionEvaluator.ResultProvider.dll file deleted.
[0c48:0003][2026-05-10T01:44:47] Processing file /manifest.json
[0c48:0003][2026-05-10T01:44:47] C:\Program Files (x86)\Microsoft Visual Studio\2022\BuildTools\Common7\IDE\CommonExtensions\Microsoft\VBCSharp\ExpressionEvaluators\manifest.json file deleted.
[0c48:0003][2026-05-10T01:44:47] Processing file /catalog.json
[0c48:0003][2026-05-10T01:44:47] C:\Program Files (x86)\Microsoft Visual Studio\2022\BuildTools\Common7\IDE\CommonExtensions\Microsoft\VBCSharp\ExpressionEvaluators\catalog.json file deleted.
[0c48:0003][2026-05-10T01:44:47] Started: Deleting empty directories
[0c48:0003][2026-05-10T01:44:47] Completed: Deleting empty directories
[0c48:0003][2026-05-10T01:44:47] Package executed successfully. Return code: 0
