[18d4:0007][2026-05-10T02:03:39] Opening the package for processing
[18d4:0007][2026-05-10T02:03:39] Using package payload to get the embedded manifest
[18d4:0007][2026-05-10T02:03:39] Getting list of files within the package
[18d4:0007][2026-05-10T02:03:39] Processing file /Contents/Common7/IDE/CommonExtensions/Microsoft/VC/ResourceEditor.pkgdef
[18d4:0007][2026-05-10T02:03:39] Started: Copying file /Contents/Common7/IDE/CommonExtensions/Microsoft/VC/ResourceEditor.pkgdef to D:\Program Files (x86)\Microsoft Visual Studio\2022\BuildTools\Common7\IDE\CommonExtensions\Microsoft\VC\ResourceEditor.pkgdef
[18d4:0007][2026-05-10T02:03:39] Completed: Copying file /Contents/Common7/IDE/CommonExtensions/Microsoft/VC/ResourceEditor.pkgdef to D:\Program Files (x86)\Microsoft Visual Studio\2022\BuildTools\Common7\IDE\CommonExtensions\Microsoft\VC\ResourceEditor.pkgdef
[18d4:0007][2026-05-10T02:03:39] Timestamp updated for file 'D:\Program Files (x86)\Microsoft Visual Studio\2022\BuildTools\Common7\IDE\CommonExtensions\Microsoft\VC\ResourceEditor.pkgdef'.
[18d4:0007][2026-05-10T02:03:39] Processing file /Contents/Common7/IDE/PrivateAssemblies/Microsoft.VisualStudio.ResCom.Internal.dll
[18d4:0007][2026-05-10T02:03:39] Started: Copying file /Contents/Common7/IDE/PrivateAssemblies/Microsoft.VisualStudio.ResCom.Internal.dll to D:\Program Files (x86)\Microsoft Visual Studio\2022\BuildTools\Common7\IDE\PrivateAssemblies\Microsoft.VisualStudio.ResCom.Internal.dll
[18d4:0007][2026-05-10T02:03:39] Completed: Copying file /Contents/Common7/IDE/PrivateAssemblies/Microsoft.VisualStudio.ResCom.Internal.dll to D:\Program Files (x86)\Microsoft Visual Studio\2022\BuildTools\Common7\IDE\PrivateAssemblies\Microsoft.VisualStudio.ResCom.Internal.dll
[18d4:0007][2026-05-10T02:03:39] Timestamp updated for file 'D:\Program Files (x86)\Microsoft Visual Studio\2022\BuildTools\Common7\IDE\PrivateAssemblies\Microsoft.VisualStudio.ResCom.Internal.dll'.
[18d4:0007][2026-05-10T02:03:39] Processing file /Contents/Common7/IDE/PrivateAssemblies/Microsoft.VisualStudio.ResPkg.Internal.dll
[18d4:0007][2026-05-10T02:03:39] Started: Copying file /Contents/Common7/IDE/PrivateAssemblies/Microsoft.VisualStudio.ResPkg.Internal.dll to D:\Program Files (x86)\Microsoft Visual Studio\2022\BuildTools\Common7\IDE\PrivateAssemblies\Microsoft.VisualStudio.ResPkg.Internal.dll
[18d4:0007][2026-05-10T02:03:39] Completed: Copying file /Contents/Common7/IDE/PrivateAssemblies/Microsoft.VisualStudio.ResPkg.Internal.dll to D:\Program Files (x86)\Microsoft Visual Studio\2022\BuildTools\Common7\IDE\PrivateAssemblies\Microsoft.VisualStudio.ResPkg.Internal.dll
[18d4:0007][2026-05-10T02:03:39] Timestamp updated for file 'D:\Program Files (x86)\Microsoft Visual Studio\2022\BuildTools\Common7\IDE\PrivateAssemblies\Microsoft.VisualStudio.ResPkg.Internal.dll'.
[18d4:0007][2026-05-10T02:03:39] Processing file /Contents/Common7/IDE/VC/VCContextItems/AddEvent.vstemplate
[18d4:0007][2026-05-10T02:03:39] Started: Copying file /Contents/Common7/IDE/VC/VCContextItems/AddEvent.vstemplate to D:\Program Files (x86)\Microsoft Visual Studio\2022\BuildTools\Common7\IDE\VC\VCContextItems\AddEvent.vstemplate
[18d4:0007][2026-05-10T02:03:39] Completed: Copying file /Contents/Common7/IDE/VC/VCContextItems/AddEvent.vstemplate to D:\Program Files (x86)\Microsoft Visual Studio\2022\BuildTools\Common7\IDE\VC\VCContextItems\AddEvent.vstemplate
[18d4:0007][2026-05-10T02:03:39] Timestamp updated for file 'D:\Program Files (x86)\Microsoft Visual Studio\2022\BuildTools\Common7\IDE\VC\VCContextItems\AddEvent.vstemplate'.
[18d4:0007][2026-05-10T02:03:39] Processing file /Contents/Common7/IDE/VC/VCContextItems/ControlVariable.vstemplate
[18d4:0007][2026-05-10T02:03:39] Started: Copying file /Contents/Common7/IDE/VC/VCContextItems/ControlVariable.vstemplate to D:\Program Files (x86)\Microsoft Visual Studio\2022\BuildTools\Common7\IDE\VC\VCContextItems\ControlVariable.vstemplate
[18d4:0007][2026-05-10T02:03:39] Completed: Copying file /Contents/Common7/IDE/VC/VCContextItems/ControlVariable.vstemplate to D:\Program Files (x86)\Microsoft Visual Studio\2022\BuildTools\Common7\IDE\VC\VCContextItems\ControlVariable.vstemplate
[18d4:0007][2026-05-10T02:03:39] Timestamp updated for file 'D:\Program Files (x86)\Microsoft Visual Studio\2022\BuildTools\Common7\IDE\VC\VCContextItems\ControlVariable.vstemplate'.
[18d4:0007][2026-05-10T02:03:39] Processing file /Contents/Common7/IDE/VC/VCContextItems/ControlVariable/ActiveXWrapper.cpp
[18d4:0007][2026-05-10T02:03:39] Started: Copying file /Contents/Common7/IDE/VC/VCContextItems/ControlVariable/ActiveXWrapper.cpp to D:\Program Files (x86)\Microsoft Visual Studio\2022\BuildTools\Common7\IDE\VC\VCContextItems\ControlVariable\ActiveXWrapper.cpp
[18d4:0007][2026-05-10T02:03:39] Completed: Copying file /Contents/Common7/IDE/VC/VCContextItems/ControlVariable/ActiveXWrapper.cpp to D:\Program Files (x86)\Microsoft Visual Studio\2022\BuildTools\Common7\IDE\VC\VCContextItems\ControlVariable\ActiveXWrapper.cpp
[18d4:0007][2026-05-10T02:03:39] Timestamp updated for file 'D:\Program Files (x86)\Microsoft Visual Studio\2022\BuildTools\Common7\IDE\VC\VCContextItems\ControlVariable\ActiveXWrapper.cpp'.
[18d4:0007][2026-05-10T02:03:39] Processing file /Contents/Common7/IDE/VC/VCContextItems/ControlVariable/ActiveXWrapper.h
[18d4:0007][2026-05-10T02:03:39] Started: Copying file /Contents/Common7/IDE/VC/VCContextItems/ControlVariable/ActiveXWrapper.h to D:\Program Files (x86)\Microsoft Visual Studio\2022\BuildTools\Common7\IDE\VC\VCContextItems\ControlVariable\ActiveXWrapper.h
[18d4:0007][2026-05-10T02:03:39] Completed: Copying file /Contents/Common7/IDE/VC/VCContextItems/ControlVariable/ActiveXWrapper.h to D:\Program Files (x86)\Microsoft Visual Studio\2022\BuildTools\Common7\IDE\VC\VCContextItems\ControlVariable\ActiveXWrapper.h
[18d4:0007][2026-05-10T02:03:39] Timestamp updated for file 'D:\Program Files (x86)\Microsoft Visual Studio\2022\BuildTools\Common7\IDE\VC\VCContextItems\ControlVariable\ActiveXWrapper.h'.
[18d4:0007][2026-05-10T02:03:39] Processing file /Contents/Common7/IDE/VC/VCContextItems/ControlVariable/_Font.h
[18d4:0007][2026-05-10T02:03:39] Started: Copying file /Contents/Common7/IDE/VC/VCContextItems/ControlVariable/_Font.h to D:\Program Files (x86)\Microsoft Visual Studio\2022\BuildTools\Common7\IDE\VC\VCContextItems\ControlVariable\_Font.h
[18d4:0007][2026-05-10T02:03:39] Completed: Copying file /Contents/Common7/IDE/VC/VCContextItems/ControlVariable/_Font.h to D:\Program Files (x86)\Microsoft Visual Studio\2022\BuildTools\Common7\IDE\VC\VCContextItems\ControlVariable\_Font.h
[18d4:0007][2026-05-10T02:03:39] Timestamp updated for file 'D:\Program Files (x86)\Microsoft Visual Studio\2022\BuildTools\Common7\IDE\VC\VCContextItems\ControlVariable\_Font.h'.
[18d4:0007][2026-05-10T02:03:39] Processing file /Contents/Common7/IDE/VC/VCContextItems/ControlVariable/_Picture.h
[18d4:0007][2026-05-10T02:03:39] Started: Copying file /Contents/Common7/IDE/VC/VCContextItems/ControlVariable/_Picture.h to D:\Program Files (x86)\Microsoft Visual Studio\2022\BuildTools\Common7\IDE\VC\VCContextItems\ControlVariable\_Picture.h
[18d4:0007][2026-05-10T02:03:39] Completed: Copying file /Contents/Common7/IDE/VC/VCContextItems/ControlVariable/_Picture.h to D:\Program Files (x86)\Microsoft Visual Studio\2022\BuildTools\Common7\IDE\VC\VCContextItems\ControlVariable\_Picture.h
[18d4:0007][2026-05-10T02:03:39] Timestamp updated for file 'D:\Program Files (x86)\Microsoft Visual Studio\2022\BuildTools\Common7\IDE\VC\VCContextItems\ControlVariable\_Picture.h'.
[18d4:0007][2026-05-10T02:03:39] Processing file /Contents/Common7/IDE/VC/VCContextItems/EventHandler.vstemplate
[18d4:0007][2026-05-10T02:03:39] Started: Copying file /Contents/Common7/IDE/VC/VCContextItems/EventHandler.vstemplate to D:\Program Files (x86)\Microsoft Visual Studio\2022\BuildTools\Common7\IDE\VC\VCContextItems\EventHandler.vstemplate
[18d4:0007][2026-05-10T02:03:39] Completed: Copying file /Contents/Common7/IDE/VC/VCContextItems/EventHandler.vstemplate to D:\Program Files (x86)\Microsoft Visual Studio\2022\BuildTools\Common7\IDE\VC\VCContextItems\EventHandler.vstemplate
[18d4:0007][2026-05-10T02:03:39] Timestamp updated for file 'D:\Program Files (x86)\Microsoft Visual Studio\2022\BuildTools\Common7\IDE\VC\VCContextItems\EventHandler.vstemplate'.
[18d4:0007][2026-05-10T02:03:39] Processing file /Contents/Common7/IDE/VC/vcpackages/autolayt.dll
[18d4:0007][2026-05-10T02:03:39] Started: Copying file /Contents/Common7/IDE/VC/vcpackages/autolayt.dll to D:\Program Files (x86)\Microsoft Visual Studio\2022\BuildTools\Common7\IDE\VC\vcpackages\autolayt.dll
[18d4:0007][2026-05-10T02:03:39] Completed: Copying file /Contents/Common7/IDE/VC/vcpackages/autolayt.dll to D:\Program Files (x86)\Microsoft Visual Studio\2022\BuildTools\Common7\IDE\VC\vcpackages\autolayt.dll
[18d4:0007][2026-05-10T02:03:39] Timestamp updated for file 'D:\Program Files (x86)\Microsoft Visual Studio\2022\BuildTools\Common7\IDE\VC\vcpackages\autolayt.dll'.
[18d4:0007][2026-05-10T02:03:39] Processing file /Contents/Common7/IDE/VC/vcpackages/bined.dll
[18d4:0007][2026-05-10T02:03:39] Started: Copying file /Contents/Common7/IDE/VC/vcpackages/bined.dll to D:\Program Files (x86)\Microsoft Visual Studio\2022\BuildTools\Common7\IDE\VC\vcpackages\bined.dll
[18d4:0007][2026-05-10T02:03:39] Completed: Copying file /Contents/Common7/IDE/VC/vcpackages/bined.dll to D:\Program Files (x86)\Microsoft Visual Studio\2022\BuildTools\Common7\IDE\VC\vcpackages\bined.dll
[18d4:0007][2026-05-10T02:03:39] Timestamp updated for file 'D:\Program Files (x86)\Microsoft Visual Studio\2022\BuildTools\Common7\IDE\VC\vcpackages\bined.dll'.
[18d4:0007][2026-05-10T02:03:39] Processing file /Contents/Common7/IDE/VC/vcpackages/mfc140u.dll
[18d4:0007][2026-05-10T02:03:39] Started: Copying file /Contents/Common7/IDE/VC/vcpackages/mfc140u.dll to D:\Program Files (x86)\Microsoft Visual Studio\2022\BuildTools\Common7\IDE\VC\vcpackages\mfc140u.dll
[18d4:0007][2026-05-10T02:03:39] Completed: Copying file /Contents/Common7/IDE/VC/vcpackages/mfc140u.dll to D:\Program Files (x86)\Microsoft Visual Studio\2022\BuildTools\Common7\IDE\VC\vcpackages\mfc140u.dll
[18d4:0007][2026-05-10T02:03:39] Timestamp updated for file 'D:\Program Files (x86)\Microsoft Visual Studio\2022\BuildTools\Common7\IDE\VC\vcpackages\mfc140u.dll'.
[18d4:0007][2026-05-10T02:03:39] Processing file /Contents/Common7/IDE/VC/vcpackages/rcxdti.dll
[18d4:0007][2026-05-10T02:03:39] Started: Copying file /Contents/Common7/IDE/VC/vcpackages/rcxdti.dll to D:\Program Files (x86)\Microsoft Visual Studio\2022\BuildTools\Common7\IDE\VC\vcpackages\rcxdti.dll
[18d4:0007][2026-05-10T02:03:39] Completed: Copying file /Contents/Common7/IDE/VC/vcpackages/rcxdti.dll to D:\Program Files (x86)\Microsoft Visual Studio\2022\BuildTools\Common7\IDE\VC\vcpackages\rcxdti.dll
[18d4:0007][2026-05-10T02:03:39] Timestamp updated for file 'D:\Program Files (x86)\Microsoft Visual Studio\2022\BuildTools\Common7\IDE\VC\vcpackages\rcxdti.dll'.
[18d4:0007][2026-05-10T02:03:39] Processing file /Contents/Common7/IDE/VC/vcpackages/resedit.dll
[18d4:0007][2026-05-10T02:03:39] Started: Copying file /Contents/Common7/IDE/VC/vcpackages/resedit.dll to D:\Program Files (x86)\Microsoft Visual Studio\2022\BuildTools\Common7\IDE\VC\vcpackages\resedit.dll
[18d4:0007][2026-05-10T02:03:39] Completed: Copying file /Contents/Common7/IDE/VC/vcpackages/resedit.dll to D:\Program Files (x86)\Microsoft Visual Studio\2022\BuildTools\Common7\IDE\VC\vcpackages\resedit.dll
[18d4:0007][2026-05-10T02:03:39] Timestamp updated for file 'D:\Program Files (x86)\Microsoft Visual Studio\2022\BuildTools\Common7\IDE\VC\vcpackages\resedit.dll'.
[18d4:0007][2026-05-10T02:03:39] Package executed successfully. Return code: 0
