[da4c:0007][2026-05-10T00:49:47] Opening the package for processing
[da4c:0007][2026-05-10T00:49:47] Using package payload to get the embedded manifest
[da4c:0007][2026-05-10T00:49:47] Getting list of files within the package
[da4c:0007][2026-05-10T00:49:47] Processing file /Contents/Common7/IDE/Extensions/DSLTextTemplatingRegistry_x86.pkgdef
[da4c:0007][2026-05-10T00:49:47] Started: Copying file /Contents/Common7/IDE/Extensions/DSLTextTemplatingRegistry_x86.pkgdef to D:\Program\Common7\IDE\Extensions\DSLTextTemplatingRegistry_x86.pkgdef
[da4c:0007][2026-05-10T00:49:47] Completed: Copying file /Contents/Common7/IDE/Extensions/DSLTextTemplatingRegistry_x86.pkgdef to D:\Program\Common7\IDE\Extensions\DSLTextTemplatingRegistry_x86.pkgdef
[da4c:0007][2026-05-10T00:49:47] Timestamp updated for file 'D:\Program\Common7\IDE\Extensions\DSLTextTemplatingRegistry_x86.pkgdef'.
[da4c:0007][2026-05-10T00:49:47] Processing file /Contents/Common7/IDE/Extensions/DSLTextTemplating_FileAssoc_Sxs.pkgdef
[da4c:0007][2026-05-10T00:49:47] Started: Copying file /Contents/Common7/IDE/Extensions/DSLTextTemplating_FileAssoc_Sxs.pkgdef to D:\Program\Common7\IDE\Extensions\DSLTextTemplating_FileAssoc_Sxs.pkgdef
[da4c:0007][2026-05-10T00:49:47] Completed: Copying file /Contents/Common7/IDE/Extensions/DSLTextTemplating_FileAssoc_Sxs.pkgdef to D:\Program\Common7\IDE\Extensions\DSLTextTemplating_FileAssoc_Sxs.pkgdef
[da4c:0007][2026-05-10T00:49:47] Timestamp updated for file 'D:\Program\Common7\IDE\Extensions\DSLTextTemplating_FileAssoc_Sxs.pkgdef'.
[da4c:0007][2026-05-10T00:49:47] Processing file /Contents/Common7/IDE/ItemTemplates/AspNetCore/CSharp/1033/TextTemplate/Prospective.WebCSharp.tt
[da4c:0007][2026-05-10T00:49:47] Started: Copying file /Contents/Common7/IDE/ItemTemplates/AspNetCore/CSharp/1033/TextTemplate/Prospective.WebCSharp.tt to D:\Program\Common7\IDE\ItemTemplates\AspNetCore\CSharp\1033\TextTemplate\Prospective.WebCSharp.tt
[da4c:0007][2026-05-10T00:49:47] Completed: Copying file /Contents/Common7/IDE/ItemTemplates/AspNetCore/CSharp/1033/TextTemplate/Prospective.WebCSharp.tt to D:\Program\Common7\IDE\ItemTemplates\AspNetCore\CSharp\1033\TextTemplate\Prospective.WebCSharp.tt
[da4c:0007][2026-05-10T00:49:47] Timestamp updated for file 'D:\Program\Common7\IDE\ItemTemplates\AspNetCore\CSharp\1033\TextTemplate\Prospective.WebCSharp.tt'.
[da4c:0007][2026-05-10T00:49:47] Processing file /Contents/Common7/IDE/ItemTemplates/AspNetCore/CSharp/1033/TextTemplate/TextTemplate.WebCSharp.vstemplate
[da4c:0007][2026-05-10T00:49:47] Started: Copying file /Contents/Common7/IDE/ItemTemplates/AspNetCore/CSharp/1033/TextTemplate/TextTemplate.WebCSharp.vstemplate to D:\Program\Common7\IDE\ItemTemplates\AspNetCore\CSharp\1033\TextTemplate\TextTemplate.WebCSharp.vstemplate
[da4c:0007][2026-05-10T00:49:47] Completed: Copying file /Contents/Common7/IDE/ItemTemplates/AspNetCore/CSharp/1033/TextTemplate/TextTemplate.WebCSharp.vstemplate to D:\Program\Common7\IDE\ItemTemplates\AspNetCore\CSharp\1033\TextTemplate\TextTemplate.WebCSharp.vstemplate
[da4c:0007][2026-05-10T00:49:47] Timestamp updated for file 'D:\Program\Common7\IDE\ItemTemplates\AspNetCore\CSharp\1033\TextTemplate\TextTemplate.WebCSharp.vstemplate'.
[da4c:0007][2026-05-10T00:49:47] Processing file /Contents/Common7/IDE/ItemTemplates/CSharp/General/1033/PreTextTemplate/PreProspective.CSharp.tt
[da4c:0007][2026-05-10T00:49:47] Started: Copying file /Contents/Common7/IDE/ItemTemplates/CSharp/General/1033/PreTextTemplate/PreProspective.CSharp.tt to D:\Program\Common7\IDE\ItemTemplates\CSharp\General\1033\PreTextTemplate\PreProspective.CSharp.tt
[da4c:0007][2026-05-10T00:49:47] Completed: Copying file /Contents/Common7/IDE/ItemTemplates/CSharp/General/1033/PreTextTemplate/PreProspective.CSharp.tt to D:\Program\Common7\IDE\ItemTemplates\CSharp\General\1033\PreTextTemplate\PreProspective.CSharp.tt
[da4c:0007][2026-05-10T00:49:47] Timestamp updated for file 'D:\Program\Common7\IDE\ItemTemplates\CSharp\General\1033\PreTextTemplate\PreProspective.CSharp.tt'.
[da4c:0007][2026-05-10T00:49:47] Processing file /Contents/Common7/IDE/ItemTemplates/CSharp/General/1033/PreTextTemplate/PreTextTemplate.CSharp.vstemplate
[da4c:0007][2026-05-10T00:49:47] Started: Copying file /Contents/Common7/IDE/ItemTemplates/CSharp/General/1033/PreTextTemplate/PreTextTemplate.CSharp.vstemplate to D:\Program\Common7\IDE\ItemTemplates\CSharp\General\1033\PreTextTemplate\PreTextTemplate.CSharp.vstemplate
[da4c:0007][2026-05-10T00:49:47] Completed: Copying file /Contents/Common7/IDE/ItemTemplates/CSharp/General/1033/PreTextTemplate/PreTextTemplate.CSharp.vstemplate to D:\Program\Common7\IDE\ItemTemplates\CSharp\General\1033\PreTextTemplate\PreTextTemplate.CSharp.vstemplate
[da4c:0007][2026-05-10T00:49:47] Timestamp updated for file 'D:\Program\Common7\IDE\ItemTemplates\CSharp\General\1033\PreTextTemplate\PreTextTemplate.CSharp.vstemplate'.
[da4c:0007][2026-05-10T00:49:47] Processing file /Contents/Common7/IDE/ItemTemplates/CSharp/General/1033/TextTemplate/Prospective.CSharp.tt
[da4c:0007][2026-05-10T00:49:47] Started: Copying file /Contents/Common7/IDE/ItemTemplates/CSharp/General/1033/TextTemplate/Prospective.CSharp.tt to D:\Program\Common7\IDE\ItemTemplates\CSharp\General\1033\TextTemplate\Prospective.CSharp.tt
[da4c:0007][2026-05-10T00:49:47] Completed: Copying file /Contents/Common7/IDE/ItemTemplates/CSharp/General/1033/TextTemplate/Prospective.CSharp.tt to D:\Program\Common7\IDE\ItemTemplates\CSharp\General\1033\TextTemplate\Prospective.CSharp.tt
[da4c:0007][2026-05-10T00:49:47] Timestamp updated for file 'D:\Program\Common7\IDE\ItemTemplates\CSharp\General\1033\TextTemplate\Prospective.CSharp.tt'.
[da4c:0007][2026-05-10T00:49:47] Processing file /Contents/Common7/IDE/ItemTemplates/CSharp/General/1033/TextTemplate/TextTemplate.CSharp.vstemplate
[da4c:0007][2026-05-10T00:49:47] Started: Copying file /Contents/Common7/IDE/ItemTemplates/CSharp/General/1033/TextTemplate/TextTemplate.CSharp.vstemplate to D:\Program\Common7\IDE\ItemTemplates\CSharp\General\1033\TextTemplate\TextTemplate.CSharp.vstemplate
[da4c:0007][2026-05-10T00:49:47] Completed: Copying file /Contents/Common7/IDE/ItemTemplates/CSharp/General/1033/TextTemplate/TextTemplate.CSharp.vstemplate to D:\Program\Common7\IDE\ItemTemplates\CSharp\General\1033\TextTemplate\TextTemplate.CSharp.vstemplate
[da4c:0007][2026-05-10T00:49:47] Timestamp updated for file 'D:\Program\Common7\IDE\ItemTemplates\CSharp\General\1033\TextTemplate\TextTemplate.CSharp.vstemplate'.
[da4c:0007][2026-05-10T00:49:47] Processing file /contents/Common7/IDE/ItemTemplates/Microsoft.VisualStudio.TextTemplating.Integration.Item..vstman
[da4c:0007][2026-05-10T00:49:47] Started: Copying file /contents/Common7/IDE/ItemTemplates/Microsoft.VisualStudio.TextTemplating.Integration.Item..vstman to D:\Program\Common7\IDE\ItemTemplates\Microsoft.VisualStudio.TextTemplating.Integration.Item..vstman
[da4c:0007][2026-05-10T00:49:47] Completed: Copying file /contents/Common7/IDE/ItemTemplates/Microsoft.VisualStudio.TextTemplating.Integration.Item..vstman to D:\Program\Common7\IDE\ItemTemplates\Microsoft.VisualStudio.TextTemplating.Integration.Item..vstman
[da4c:0007][2026-05-10T00:49:47] Timestamp updated for file 'D:\Program\Common7\IDE\ItemTemplates\Microsoft.VisualStudio.TextTemplating.Integration.Item..vstman'.
[da4c:0007][2026-05-10T00:49:47] Processing file /Contents/Common7/IDE/ItemTemplates/VisualBasic/General/1033/PreTextTemplate/PreProspective.VisualBasic.tt
[da4c:0007][2026-05-10T00:49:47] Started: Copying file /Contents/Common7/IDE/ItemTemplates/VisualBasic/General/1033/PreTextTemplate/PreProspective.VisualBasic.tt to D:\Program\Common7\IDE\ItemTemplates\VisualBasic\General\1033\PreTextTemplate\PreProspective.VisualBasic.tt
[da4c:0007][2026-05-10T00:49:47] Completed: Copying file /Contents/Common7/IDE/ItemTemplates/VisualBasic/General/1033/PreTextTemplate/PreProspective.VisualBasic.tt to D:\Program\Common7\IDE\ItemTemplates\VisualBasic\General\1033\PreTextTemplate\PreProspective.VisualBasic.tt
[da4c:0007][2026-05-10T00:49:47] Timestamp updated for file 'D:\Program\Common7\IDE\ItemTemplates\VisualBasic\General\1033\PreTextTemplate\PreProspective.VisualBasic.tt'.
[da4c:0007][2026-05-10T00:49:47] Processing file /Contents/Common7/IDE/ItemTemplates/VisualBasic/General/1033/PreTextTemplate/PreTextTemplate.VisualBasic.vstemplate
[da4c:0007][2026-05-10T00:49:47] Started: Copying file /Contents/Common7/IDE/ItemTemplates/VisualBasic/General/1033/PreTextTemplate/PreTextTemplate.VisualBasic.vstemplate to D:\Program\Common7\IDE\ItemTemplates\VisualBasic\General\1033\PreTextTemplate\PreTextTemplate.VisualBasic.vstemplate
[da4c:0007][2026-05-10T00:49:47] Completed: Copying file /Contents/Common7/IDE/ItemTemplates/VisualBasic/General/1033/PreTextTemplate/PreTextTemplate.VisualBasic.vstemplate to D:\Program\Common7\IDE\ItemTemplates\VisualBasic\General\1033\PreTextTemplate\PreTextTemplate.VisualBasic.vstemplate
[da4c:0007][2026-05-10T00:49:47] Timestamp updated for file 'D:\Program\Common7\IDE\ItemTemplates\VisualBasic\General\1033\PreTextTemplate\PreTextTemplate.VisualBasic.vstemplate'.
[da4c:0007][2026-05-10T00:49:47] Processing file /Contents/Common7/IDE/ItemTemplates/VisualBasic/General/1033/TextTemplate/Prospective.VisualBasic.tt
[da4c:0007][2026-05-10T00:49:47] Started: Copying file /Contents/Common7/IDE/ItemTemplates/VisualBasic/General/1033/TextTemplate/Prospective.VisualBasic.tt to D:\Program\Common7\IDE\ItemTemplates\VisualBasic\General\1033\TextTemplate\Prospective.VisualBasic.tt
[da4c:0007][2026-05-10T00:49:47] Completed: Copying file /Contents/Common7/IDE/ItemTemplates/VisualBasic/General/1033/TextTemplate/Prospective.VisualBasic.tt to D:\Program\Common7\IDE\ItemTemplates\VisualBasic\General\1033\TextTemplate\Prospective.VisualBasic.tt
[da4c:0007][2026-05-10T00:49:47] Timestamp updated for file 'D:\Program\Common7\IDE\ItemTemplates\VisualBasic\General\1033\TextTemplate\Prospective.VisualBasic.tt'.
[da4c:0007][2026-05-10T00:49:47] Processing file /Contents/Common7/IDE/ItemTemplates/VisualBasic/General/1033/TextTemplate/TextTemplate.VisualBasic.vstemplate
[da4c:0007][2026-05-10T00:49:47] Started: Copying file /Contents/Common7/IDE/ItemTemplates/VisualBasic/General/1033/TextTemplate/TextTemplate.VisualBasic.vstemplate to D:\Program\Common7\IDE\ItemTemplates\VisualBasic\General\1033\TextTemplate\TextTemplate.VisualBasic.vstemplate
[da4c:0007][2026-05-10T00:49:47] Completed: Copying file /Contents/Common7/IDE/ItemTemplates/VisualBasic/General/1033/TextTemplate/TextTemplate.VisualBasic.vstemplate to D:\Program\Common7\IDE\ItemTemplates\VisualBasic\General\1033\TextTemplate\TextTemplate.VisualBasic.vstemplate
[da4c:0007][2026-05-10T00:49:47] Timestamp updated for file 'D:\Program\Common7\IDE\ItemTemplates\VisualBasic\General\1033\TextTemplate\TextTemplate.VisualBasic.vstemplate'.
[da4c:0007][2026-05-10T00:49:47] Processing file /Contents/Common7/IDE/ItemTemplates/Web/CSharp/1033/PreTextTemplate/PreProspective.WebCSharp.tt
[da4c:0007][2026-05-10T00:49:47] Started: Copying file /Contents/Common7/IDE/ItemTemplates/Web/CSharp/1033/PreTextTemplate/PreProspective.WebCSharp.tt to D:\Program\Common7\IDE\ItemTemplates\Web\CSharp\1033\PreTextTemplate\PreProspective.WebCSharp.tt
[da4c:0007][2026-05-10T00:49:47] Completed: Copying file /Contents/Common7/IDE/ItemTemplates/Web/CSharp/1033/PreTextTemplate/PreProspective.WebCSharp.tt to D:\Program\Common7\IDE\ItemTemplates\Web\CSharp\1033\PreTextTemplate\PreProspective.WebCSharp.tt
[da4c:0007][2026-05-10T00:49:47] Timestamp updated for file 'D:\Program\Common7\IDE\ItemTemplates\Web\CSharp\1033\PreTextTemplate\PreProspective.WebCSharp.tt'.
[da4c:0007][2026-05-10T00:49:47] Processing file /Contents/Common7/IDE/ItemTemplates/Web/CSharp/1033/PreTextTemplate/PreTextTemplate.WebCSharp.vstemplate
[da4c:0007][2026-05-10T00:49:47] Started: Copying file /Contents/Common7/IDE/ItemTemplates/Web/CSharp/1033/PreTextTemplate/PreTextTemplate.WebCSharp.vstemplate to D:\Program\Common7\IDE\ItemTemplates\Web\CSharp\1033\PreTextTemplate\PreTextTemplate.WebCSharp.vstemplate
[da4c:0007][2026-05-10T00:49:47] Completed: Copying file /Contents/Common7/IDE/ItemTemplates/Web/CSharp/1033/PreTextTemplate/PreTextTemplate.WebCSharp.vstemplate to D:\Program\Common7\IDE\ItemTemplates\Web\CSharp\1033\PreTextTemplate\PreTextTemplate.WebCSharp.vstemplate
[da4c:0007][2026-05-10T00:49:47] Timestamp updated for file 'D:\Program\Common7\IDE\ItemTemplates\Web\CSharp\1033\PreTextTemplate\PreTextTemplate.WebCSharp.vstemplate'.
[da4c:0007][2026-05-10T00:49:47] Processing file /Contents/Common7/IDE/ItemTemplates/Web/CSharp/1033/TextTemplate/Prospective.WebCSharp.tt
[da4c:0007][2026-05-10T00:49:47] Started: Copying file /Contents/Common7/IDE/ItemTemplates/Web/CSharp/1033/TextTemplate/Prospective.WebCSharp.tt to D:\Program\Common7\IDE\ItemTemplates\Web\CSharp\1033\TextTemplate\Prospective.WebCSharp.tt
[da4c:0007][2026-05-10T00:49:47] Completed: Copying file /Contents/Common7/IDE/ItemTemplates/Web/CSharp/1033/TextTemplate/Prospective.WebCSharp.tt to D:\Program\Common7\IDE\ItemTemplates\Web\CSharp\1033\TextTemplate\Prospective.WebCSharp.tt
[da4c:0007][2026-05-10T00:49:47] Timestamp updated for file 'D:\Program\Common7\IDE\ItemTemplates\Web\CSharp\1033\TextTemplate\Prospective.WebCSharp.tt'.
[da4c:0007][2026-05-10T00:49:47] Processing file /Contents/Common7/IDE/ItemTemplates/Web/CSharp/1033/TextTemplate/TextTemplate.WebCSharp.vstemplate
[da4c:0007][2026-05-10T00:49:47] Started: Copying file /Contents/Common7/IDE/ItemTemplates/Web/CSharp/1033/TextTemplate/TextTemplate.WebCSharp.vstemplate to D:\Program\Common7\IDE\ItemTemplates\Web\CSharp\1033\TextTemplate\TextTemplate.WebCSharp.vstemplate
[da4c:0007][2026-05-10T00:49:47] Completed: Copying file /Contents/Common7/IDE/ItemTemplates/Web/CSharp/1033/TextTemplate/TextTemplate.WebCSharp.vstemplate to D:\Program\Common7\IDE\ItemTemplates\Web\CSharp\1033\TextTemplate\TextTemplate.WebCSharp.vstemplate
[da4c:0007][2026-05-10T00:49:47] Timestamp updated for file 'D:\Program\Common7\IDE\ItemTemplates\Web\CSharp\1033\TextTemplate\TextTemplate.WebCSharp.vstemplate'.
[da4c:0007][2026-05-10T00:49:47] Processing file /Contents/Common7/IDE/ItemTemplates/Web/VisualBasic/1033/PreTextTemplate/PreProspective.WebVisualBasic.tt
[da4c:0007][2026-05-10T00:49:47] Started: Copying file /Contents/Common7/IDE/ItemTemplates/Web/VisualBasic/1033/PreTextTemplate/PreProspective.WebVisualBasic.tt to D:\Program\Common7\IDE\ItemTemplates\Web\VisualBasic\1033\PreTextTemplate\PreProspective.WebVisualBasic.tt
[da4c:0007][2026-05-10T00:49:47] Completed: Copying file /Contents/Common7/IDE/ItemTemplates/Web/VisualBasic/1033/PreTextTemplate/PreProspective.WebVisualBasic.tt to D:\Program\Common7\IDE\ItemTemplates\Web\VisualBasic\1033\PreTextTemplate\PreProspective.WebVisualBasic.tt
[da4c:0007][2026-05-10T00:49:47] Timestamp updated for file 'D:\Program\Common7\IDE\ItemTemplates\Web\VisualBasic\1033\PreTextTemplate\PreProspective.WebVisualBasic.tt'.
[da4c:0007][2026-05-10T00:49:47] Processing file /Contents/Common7/IDE/ItemTemplates/Web/VisualBasic/1033/PreTextTemplate/PreTextTemplate.WebVisualBasic.vstemplate
[da4c:0007][2026-05-10T00:49:47] Started: Copying file /Contents/Common7/IDE/ItemTemplates/Web/VisualBasic/1033/PreTextTemplate/PreTextTemplate.WebVisualBasic.vstemplate to D:\Program\Common7\IDE\ItemTemplates\Web\VisualBasic\1033\PreTextTemplate\PreTextTemplate.WebVisualBasic.vstemplate
[da4c:0007][2026-05-10T00:49:47] Completed: Copying file /Contents/Common7/IDE/ItemTemplates/Web/VisualBasic/1033/PreTextTemplate/PreTextTemplate.WebVisualBasic.vstemplate to D:\Program\Common7\IDE\ItemTemplates\Web\VisualBasic\1033\PreTextTemplate\PreTextTemplate.WebVisualBasic.vstemplate
[da4c:0007][2026-05-10T00:49:47] Timestamp updated for file 'D:\Program\Common7\IDE\ItemTemplates\Web\VisualBasic\1033\PreTextTemplate\PreTextTemplate.WebVisualBasic.vstemplate'.
[da4c:0007][2026-05-10T00:49:47] Processing file /Contents/Common7/IDE/ItemTemplates/Web/VisualBasic/1033/TextTemplate/Prospective.WebVisualBasic.tt
[da4c:0007][2026-05-10T00:49:47] Started: Copying file /Contents/Common7/IDE/ItemTemplates/Web/VisualBasic/1033/TextTemplate/Prospective.WebVisualBasic.tt to D:\Program\Common7\IDE\ItemTemplates\Web\VisualBasic\1033\TextTemplate\Prospective.WebVisualBasic.tt
[da4c:0007][2026-05-10T00:49:47] Completed: Copying file /Contents/Common7/IDE/ItemTemplates/Web/VisualBasic/1033/TextTemplate/Prospective.WebVisualBasic.tt to D:\Program\Common7\IDE\ItemTemplates\Web\VisualBasic\1033\TextTemplate\Prospective.WebVisualBasic.tt
[da4c:0007][2026-05-10T00:49:47] Timestamp updated for file 'D:\Program\Common7\IDE\ItemTemplates\Web\VisualBasic\1033\TextTemplate\Prospective.WebVisualBasic.tt'.
[da4c:0007][2026-05-10T00:49:47] Processing file /Contents/Common7/IDE/ItemTemplates/Web/VisualBasic/1033/TextTemplate/TextTemplate.WebVisualBasic.vstemplate
[da4c:0007][2026-05-10T00:49:47] Started: Copying file /Contents/Common7/IDE/ItemTemplates/Web/VisualBasic/1033/TextTemplate/TextTemplate.WebVisualBasic.vstemplate to D:\Program\Common7\IDE\ItemTemplates\Web\VisualBasic\1033\TextTemplate\TextTemplate.WebVisualBasic.vstemplate
[da4c:0007][2026-05-10T00:49:47] Completed: Copying file /Contents/Common7/IDE/ItemTemplates/Web/VisualBasic/1033/TextTemplate/TextTemplate.WebVisualBasic.vstemplate to D:\Program\Common7\IDE\ItemTemplates\Web\VisualBasic\1033\TextTemplate\TextTemplate.WebVisualBasic.vstemplate
[da4c:0007][2026-05-10T00:49:47] Timestamp updated for file 'D:\Program\Common7\IDE\ItemTemplates\Web\VisualBasic\1033\TextTemplate\TextTemplate.WebVisualBasic.vstemplate'.
[da4c:0007][2026-05-10T00:49:47] Processing file /Contents/Common7/IDE/PublicAssemblies/Microsoft.VisualStudio.TextTemplating.VSHost.dll
[da4c:0007][2026-05-10T00:49:47] Started: Copying file /Contents/Common7/IDE/PublicAssemblies/Microsoft.VisualStudio.TextTemplating.VSHost.dll to D:\Program\Common7\IDE\PublicAssemblies\Microsoft.VisualStudio.TextTemplating.VSHost.dll
[da4c:0007][2026-05-10T00:49:47] Completed: Copying file /Contents/Common7/IDE/PublicAssemblies/Microsoft.VisualStudio.TextTemplating.VSHost.dll to D:\Program\Common7\IDE\PublicAssemblies\Microsoft.VisualStudio.TextTemplating.VSHost.dll
[da4c:0007][2026-05-10T00:49:47] Timestamp updated for file 'D:\Program\Common7\IDE\PublicAssemblies\Microsoft.VisualStudio.TextTemplating.VSHost.dll'.
[da4c:0007][2026-05-10T00:49:47] Queueing D:\Program\Common7\IDE\PublicAssemblies\Microsoft.VisualStudio.TextTemplating.VSHost.dll for X86 ngen
[da4c:0007][2026-05-10T00:49:47] Successfully queued file '/Contents/Common7/IDE/PublicAssemblies/Microsoft.VisualStudio.TextTemplating.VSHost.dll' for ngen
[da4c:0007][2026-05-10T00:49:47] Processing file /Contents/Common7/IDE/T4VSHostProcess.exe
[da4c:0007][2026-05-10T00:49:47] Started: Copying file /Contents/Common7/IDE/T4VSHostProcess.exe to D:\Program\Common7\IDE\T4VSHostProcess.exe
[da4c:0007][2026-05-10T00:49:47] Completed: Copying file /Contents/Common7/IDE/T4VSHostProcess.exe to D:\Program\Common7\IDE\T4VSHostProcess.exe
[da4c:0007][2026-05-10T00:49:47] Timestamp updated for file 'D:\Program\Common7\IDE\T4VSHostProcess.exe'.
[da4c:0007][2026-05-10T00:49:47] Processing file /Contents/Common7/IDE/T4VSHostProcess.exe.config
[da4c:0007][2026-05-10T00:49:47] Started: Copying file /Contents/Common7/IDE/T4VSHostProcess.exe.config to D:\Program\Common7\IDE\T4VSHostProcess.exe.config
[da4c:0007][2026-05-10T00:49:47] Completed: Copying file /Contents/Common7/IDE/T4VSHostProcess.exe.config to D:\Program\Common7\IDE\T4VSHostProcess.exe.config
[da4c:0007][2026-05-10T00:49:47] Timestamp updated for file 'D:\Program\Common7\IDE\T4VSHostProcess.exe.config'.
[da4c:0007][2026-05-10T00:49:47] Package executed successfully. Return code: 0
