[3c7c:000c][2026-05-10T01:36:08] Opening the package for processing
[3c7c:000c][2026-05-10T01:36:08] Using package payload to get the embedded manifest
[3c7c:000c][2026-05-10T01:36:08] Getting list of files within the package
[3c7c:000c][2026-05-10T01:36:08] Processing file /Contents/Common7/IDE/CommonExtensions/Microsoft/Linux/Linux/Microsoft.VisualStudio.Linux.ConnectionManager.Contracts.dll
[3c7c:000c][2026-05-10T01:36:08] Started: Copying file /Contents/Common7/IDE/CommonExtensions/Microsoft/Linux/Linux/Microsoft.VisualStudio.Linux.ConnectionManager.Contracts.dll to C:\Program Files (x86)\Microsoft Visual Studio\2022\BuildTools\Common7\IDE\CommonExtensions\Microsoft\Linux\Linux\Microsoft.VisualStudio.Linux.ConnectionManager.Contracts.dll
[3c7c:000c][2026-05-10T01:36:08] Completed: Copying file /Contents/Common7/IDE/CommonExtensions/Microsoft/Linux/Linux/Microsoft.VisualStudio.Linux.ConnectionManager.Contracts.dll to C:\Program Files (x86)\Microsoft Visual Studio\2022\BuildTools\Common7\IDE\CommonExtensions\Microsoft\Linux\Linux\Microsoft.VisualStudio.Linux.ConnectionManager.Contracts.dll
[3c7c:000c][2026-05-10T01:36:08] Timestamp updated for file 'C:\Program Files (x86)\Microsoft Visual Studio\2022\BuildTools\Common7\IDE\CommonExtensions\Microsoft\Linux\Linux\Microsoft.VisualStudio.Linux.ConnectionManager.Contracts.dll'.
[3c7c:000c][2026-05-10T01:36:08] Processing file /Contents/Common7/IDE/CommonExtensions/Microsoft/Linux/Linux/Microsoft.VisualStudio.Linux.ConnectionManager.dll
[3c7c:000c][2026-05-10T01:36:08] Started: Copying file /Contents/Common7/IDE/CommonExtensions/Microsoft/Linux/Linux/Microsoft.VisualStudio.Linux.ConnectionManager.dll to C:\Program Files (x86)\Microsoft Visual Studio\2022\BuildTools\Common7\IDE\CommonExtensions\Microsoft\Linux\Linux\Microsoft.VisualStudio.Linux.ConnectionManager.dll
[3c7c:000c][2026-05-10T01:36:08] Completed: Copying file /Contents/Common7/IDE/CommonExtensions/Microsoft/Linux/Linux/Microsoft.VisualStudio.Linux.ConnectionManager.dll to C:\Program Files (x86)\Microsoft Visual Studio\2022\BuildTools\Common7\IDE\CommonExtensions\Microsoft\Linux\Linux\Microsoft.VisualStudio.Linux.ConnectionManager.dll
[3c7c:000c][2026-05-10T01:36:08] Timestamp updated for file 'C:\Program Files (x86)\Microsoft Visual Studio\2022\BuildTools\Common7\IDE\CommonExtensions\Microsoft\Linux\Linux\Microsoft.VisualStudio.Linux.ConnectionManager.dll'.
[3c7c:000c][2026-05-10T01:36:08] Processing file /Contents/Common7/IDE/CommonExtensions/Microsoft/Linux/Linux/Microsoft.VisualStudio.Linux.ConnectionManager.pkgdef
[3c7c:000c][2026-05-10T01:36:08] Started: Copying file /Contents/Common7/IDE/CommonExtensions/Microsoft/Linux/Linux/Microsoft.VisualStudio.Linux.ConnectionManager.pkgdef to C:\Program Files (x86)\Microsoft Visual Studio\2022\BuildTools\Common7\IDE\CommonExtensions\Microsoft\Linux\Linux\Microsoft.VisualStudio.Linux.ConnectionManager.pkgdef
[3c7c:000c][2026-05-10T01:36:08] Completed: Copying file /Contents/Common7/IDE/CommonExtensions/Microsoft/Linux/Linux/Microsoft.VisualStudio.Linux.ConnectionManager.pkgdef to C:\Program Files (x86)\Microsoft Visual Studio\2022\BuildTools\Common7\IDE\CommonExtensions\Microsoft\Linux\Linux\Microsoft.VisualStudio.Linux.ConnectionManager.pkgdef
[3c7c:000c][2026-05-10T01:36:08] Timestamp updated for file 'C:\Program Files (x86)\Microsoft Visual Studio\2022\BuildTools\Common7\IDE\CommonExtensions\Microsoft\Linux\Linux\Microsoft.VisualStudio.Linux.ConnectionManager.pkgdef'.
[3c7c:000c][2026-05-10T01:36:08] Processing file /Contents/Common7/IDE/CommonExtensions/Microsoft/Linux/Linux/ThirdPartyNotices.txt
[3c7c:000c][2026-05-10T01:36:08] Started: Copying file /Contents/Common7/IDE/CommonExtensions/Microsoft/Linux/Linux/ThirdPartyNotices.txt to C:\Program Files (x86)\Microsoft Visual Studio\2022\BuildTools\Common7\IDE\CommonExtensions\Microsoft\Linux\Linux\ThirdPartyNotices.txt
[3c7c:000c][2026-05-10T01:36:08] Completed: Copying file /Contents/Common7/IDE/CommonExtensions/Microsoft/Linux/Linux/ThirdPartyNotices.txt to C:\Program Files (x86)\Microsoft Visual Studio\2022\BuildTools\Common7\IDE\CommonExtensions\Microsoft\Linux\Linux\ThirdPartyNotices.txt
[3c7c:000c][2026-05-10T01:36:08] Timestamp updated for file 'C:\Program Files (x86)\Microsoft Visual Studio\2022\BuildTools\Common7\IDE\CommonExtensions\Microsoft\Linux\Linux\ThirdPartyNotices.txt'.
[3c7c:000c][2026-05-10T01:36:08] Processing file /Contents/Common7/IDE/PrivateAssemblies/CommandLine.dll
[3c7c:000c][2026-05-10T01:36:08] Started: Copying file /Contents/Common7/IDE/PrivateAssemblies/CommandLine.dll to C:\Program Files (x86)\Microsoft Visual Studio\2022\BuildTools\Common7\IDE\PrivateAssemblies\CommandLine.dll
[3c7c:000c][2026-05-10T01:36:08] Completed: Copying file /Contents/Common7/IDE/PrivateAssemblies/CommandLine.dll to C:\Program Files (x86)\Microsoft Visual Studio\2022\BuildTools\Common7\IDE\PrivateAssemblies\CommandLine.dll
[3c7c:000c][2026-05-10T01:36:08] Timestamp updated for file 'C:\Program Files (x86)\Microsoft Visual Studio\2022\BuildTools\Common7\IDE\PrivateAssemblies\CommandLine.dll'.
[3c7c:000c][2026-05-10T01:36:08] Processing file /Contents/Common7/IDE/PrivateAssemblies/liblinux.dll
[3c7c:000c][2026-05-10T01:36:08] Started: Copying file /Contents/Common7/IDE/PrivateAssemblies/liblinux.dll to C:\Program Files (x86)\Microsoft Visual Studio\2022\BuildTools\Common7\IDE\PrivateAssemblies\liblinux.dll
[3c7c:000c][2026-05-10T01:36:08] Completed: Copying file /Contents/Common7/IDE/PrivateAssemblies/liblinux.dll to C:\Program Files (x86)\Microsoft Visual Studio\2022\BuildTools\Common7\IDE\PrivateAssemblies\liblinux.dll
[3c7c:000c][2026-05-10T01:36:08] Timestamp updated for file 'C:\Program Files (x86)\Microsoft Visual Studio\2022\BuildTools\Common7\IDE\PrivateAssemblies\liblinux.dll'.
[3c7c:000c][2026-05-10T01:36:08] Processing file /Contents/Common7/IDE/PrivateAssemblies/liblinux.IO.dll
[3c7c:000c][2026-05-10T01:36:08] Started: Copying file /Contents/Common7/IDE/PrivateAssemblies/liblinux.IO.dll to C:\Program Files (x86)\Microsoft Visual Studio\2022\BuildTools\Common7\IDE\PrivateAssemblies\liblinux.IO.dll
[3c7c:000c][2026-05-10T01:36:08] Completed: Copying file /Contents/Common7/IDE/PrivateAssemblies/liblinux.IO.dll to C:\Program Files (x86)\Microsoft Visual Studio\2022\BuildTools\Common7\IDE\PrivateAssemblies\liblinux.IO.dll
[3c7c:000c][2026-05-10T01:36:08] Timestamp updated for file 'C:\Program Files (x86)\Microsoft Visual Studio\2022\BuildTools\Common7\IDE\PrivateAssemblies\liblinux.IO.dll'.
[3c7c:000c][2026-05-10T01:36:08] Processing file /Contents/Common7/IDE/PrivateAssemblies/liblinux.Local.dll
[3c7c:000c][2026-05-10T01:36:08] Started: Copying file /Contents/Common7/IDE/PrivateAssemblies/liblinux.Local.dll to C:\Program Files (x86)\Microsoft Visual Studio\2022\BuildTools\Common7\IDE\PrivateAssemblies\liblinux.Local.dll
[3c7c:000c][2026-05-10T01:36:08] Completed: Copying file /Contents/Common7/IDE/PrivateAssemblies/liblinux.Local.dll to C:\Program Files (x86)\Microsoft Visual Studio\2022\BuildTools\Common7\IDE\PrivateAssemblies\liblinux.Local.dll
[3c7c:000c][2026-05-10T01:36:08] Timestamp updated for file 'C:\Program Files (x86)\Microsoft Visual Studio\2022\BuildTools\Common7\IDE\PrivateAssemblies\liblinux.Local.dll'.
[3c7c:000c][2026-05-10T01:36:08] Processing file /Contents/Common7/IDE/PrivateAssemblies/liblinux.Local/devcontainers-cli-0.60.0.tgz
[3c7c:000c][2026-05-10T01:36:08] Started: Copying file /Contents/Common7/IDE/PrivateAssemblies/liblinux.Local/devcontainers-cli-0.60.0.tgz to C:\Program Files (x86)\Microsoft Visual Studio\2022\BuildTools\Common7\IDE\PrivateAssemblies\liblinux.Local\devcontainers-cli-0.60.0.tgz
[3c7c:000c][2026-05-10T01:36:08] Completed: Copying file /Contents/Common7/IDE/PrivateAssemblies/liblinux.Local/devcontainers-cli-0.60.0.tgz to C:\Program Files (x86)\Microsoft Visual Studio\2022\BuildTools\Common7\IDE\PrivateAssemblies\liblinux.Local\devcontainers-cli-0.60.0.tgz
[3c7c:000c][2026-05-10T01:36:08] Timestamp updated for file 'C:\Program Files (x86)\Microsoft Visual Studio\2022\BuildTools\Common7\IDE\PrivateAssemblies\liblinux.Local\devcontainers-cli-0.60.0.tgz'.
[3c7c:000c][2026-05-10T01:36:08] Processing file /Contents/Common7/IDE/PrivateAssemblies/liblinux.Local/provision-openssh.sh
[3c7c:000c][2026-05-10T01:36:08] Started: Copying file /Contents/Common7/IDE/PrivateAssemblies/liblinux.Local/provision-openssh.sh to C:\Program Files (x86)\Microsoft Visual Studio\2022\BuildTools\Common7\IDE\PrivateAssemblies\liblinux.Local\provision-openssh.sh
[3c7c:000c][2026-05-10T01:36:08] Completed: Copying file /Contents/Common7/IDE/PrivateAssemblies/liblinux.Local/provision-openssh.sh to C:\Program Files (x86)\Microsoft Visual Studio\2022\BuildTools\Common7\IDE\PrivateAssemblies\liblinux.Local\provision-openssh.sh
[3c7c:000c][2026-05-10T01:36:08] Timestamp updated for file 'C:\Program Files (x86)\Microsoft Visual Studio\2022\BuildTools\Common7\IDE\PrivateAssemblies\liblinux.Local\provision-openssh.sh'.
[3c7c:000c][2026-05-10T01:36:08] Processing file /Contents/Common7/IDE/PrivateAssemblies/Microsoft.VisualStudio.Linux.ConnectionManager.Contracts.dll
[3c7c:000c][2026-05-10T01:36:08] Started: Copying file /Contents/Common7/IDE/PrivateAssemblies/Microsoft.VisualStudio.Linux.ConnectionManager.Contracts.dll to C:\Program Files (x86)\Microsoft Visual Studio\2022\BuildTools\Common7\IDE\PrivateAssemblies\Microsoft.VisualStudio.Linux.ConnectionManager.Contracts.dll
[3c7c:000c][2026-05-10T01:36:08] Completed: Copying file /Contents/Common7/IDE/PrivateAssemblies/Microsoft.VisualStudio.Linux.ConnectionManager.Contracts.dll to C:\Program Files (x86)\Microsoft Visual Studio\2022\BuildTools\Common7\IDE\PrivateAssemblies\Microsoft.VisualStudio.Linux.ConnectionManager.Contracts.dll
[3c7c:000c][2026-05-10T01:36:08] Timestamp updated for file 'C:\Program Files (x86)\Microsoft Visual Studio\2022\BuildTools\Common7\IDE\PrivateAssemblies\Microsoft.VisualStudio.Linux.ConnectionManager.Contracts.dll'.
[3c7c:000c][2026-05-10T01:36:08] Processing file /Contents/Common7/IDE/PrivateAssemblies/Microsoft.VisualStudio.Linux.ConnectionManager.Store.dll
[3c7c:000c][2026-05-10T01:36:08] Started: Copying file /Contents/Common7/IDE/PrivateAssemblies/Microsoft.VisualStudio.Linux.ConnectionManager.Store.dll to C:\Program Files (x86)\Microsoft Visual Studio\2022\BuildTools\Common7\IDE\PrivateAssemblies\Microsoft.VisualStudio.Linux.ConnectionManager.Store.dll
[3c7c:000c][2026-05-10T01:36:08] Completed: Copying file /Contents/Common7/IDE/PrivateAssemblies/Microsoft.VisualStudio.Linux.ConnectionManager.Store.dll to C:\Program Files (x86)\Microsoft Visual Studio\2022\BuildTools\Common7\IDE\PrivateAssemblies\Microsoft.VisualStudio.Linux.ConnectionManager.Store.dll
[3c7c:000c][2026-05-10T01:36:08] Timestamp updated for file 'C:\Program Files (x86)\Microsoft Visual Studio\2022\BuildTools\Common7\IDE\PrivateAssemblies\Microsoft.VisualStudio.Linux.ConnectionManager.Store.dll'.
[3c7c:000c][2026-05-10T01:36:08] Processing file /Contents/Common7/IDE/PrivateAssemblies/Visual%20CPP%20for%20Linux%20Development%20ThirdPartyNotices.txt
[3c7c:000c][2026-05-10T01:36:08] Started: Copying file /Contents/Common7/IDE/PrivateAssemblies/Visual%20CPP%20for%20Linux%20Development%20ThirdPartyNotices.txt to C:\Program Files (x86)\Microsoft Visual Studio\2022\BuildTools\Common7\IDE\PrivateAssemblies\Visual CPP for Linux Development ThirdPartyNotices.txt
[3c7c:000c][2026-05-10T01:36:08] Completed: Copying file /Contents/Common7/IDE/PrivateAssemblies/Visual%20CPP%20for%20Linux%20Development%20ThirdPartyNotices.txt to C:\Program Files (x86)\Microsoft Visual Studio\2022\BuildTools\Common7\IDE\PrivateAssemblies\Visual CPP for Linux Development ThirdPartyNotices.txt
[3c7c:000c][2026-05-10T01:36:08] Timestamp updated for file 'C:\Program Files (x86)\Microsoft Visual Studio\2022\BuildTools\Common7\IDE\PrivateAssemblies\Visual CPP for Linux Development ThirdPartyNotices.txt'.
[3c7c:000c][2026-05-10T01:36:08] Processing file /Contents/Common7/IDE/PrivateAssemblies/VS.Renci.SshNet.dll
[3c7c:000c][2026-05-10T01:36:08] Started: Copying file /Contents/Common7/IDE/PrivateAssemblies/VS.Renci.SshNet.dll to C:\Program Files (x86)\Microsoft Visual Studio\2022\BuildTools\Common7\IDE\PrivateAssemblies\VS.Renci.SshNet.dll
[3c7c:000c][2026-05-10T01:36:08] Completed: Copying file /Contents/Common7/IDE/PrivateAssemblies/VS.Renci.SshNet.dll to C:\Program Files (x86)\Microsoft Visual Studio\2022\BuildTools\Common7\IDE\PrivateAssemblies\VS.Renci.SshNet.dll
[3c7c:000c][2026-05-10T01:36:08] Timestamp updated for file 'C:\Program Files (x86)\Microsoft Visual Studio\2022\BuildTools\Common7\IDE\PrivateAssemblies\VS.Renci.SshNet.dll'.
[3c7c:000c][2026-05-10T01:36:08] Processing file /Contents/Common7/IDE/VC/Linux/bin/ConnectionManagerExe/ConnectionManager.exe
[3c7c:000c][2026-05-10T01:36:08] Started: Copying file /Contents/Common7/IDE/VC/Linux/bin/ConnectionManagerExe/ConnectionManager.exe to C:\Program Files (x86)\Microsoft Visual Studio\2022\BuildTools\Common7\IDE\VC\Linux\bin\ConnectionManagerExe\ConnectionManager.exe
[3c7c:000c][2026-05-10T01:36:08] Completed: Copying file /Contents/Common7/IDE/VC/Linux/bin/ConnectionManagerExe/ConnectionManager.exe to C:\Program Files (x86)\Microsoft Visual Studio\2022\BuildTools\Common7\IDE\VC\Linux\bin\ConnectionManagerExe\ConnectionManager.exe
[3c7c:000c][2026-05-10T01:36:08] Timestamp updated for file 'C:\Program Files (x86)\Microsoft Visual Studio\2022\BuildTools\Common7\IDE\VC\Linux\bin\ConnectionManagerExe\ConnectionManager.exe'.
[3c7c:000c][2026-05-10T01:36:08] Processing file /Contents/Common7/IDE/VC/Linux/bin/ConnectionManagerExe/ConnectionManager.exe.config
[3c7c:000c][2026-05-10T01:36:08] Started: Copying file /Contents/Common7/IDE/VC/Linux/bin/ConnectionManagerExe/ConnectionManager.exe.config to C:\Program Files (x86)\Microsoft Visual Studio\2022\BuildTools\Common7\IDE\VC\Linux\bin\ConnectionManagerExe\ConnectionManager.exe.config
[3c7c:000c][2026-05-10T01:36:08] Completed: Copying file /Contents/Common7/IDE/VC/Linux/bin/ConnectionManagerExe/ConnectionManager.exe.config to C:\Program Files (x86)\Microsoft Visual Studio\2022\BuildTools\Common7\IDE\VC\Linux\bin\ConnectionManagerExe\ConnectionManager.exe.config
[3c7c:000c][2026-05-10T01:36:08] Timestamp updated for file 'C:\Program Files (x86)\Microsoft Visual Studio\2022\BuildTools\Common7\IDE\VC\Linux\bin\ConnectionManagerExe\ConnectionManager.exe.config'.
[3c7c:000c][2026-05-10T01:36:08] Processing file /Contents/Common7/IDE/VC/Linux/bin/ConnectionManagerExe/liblinux.dll
[3c7c:000c][2026-05-10T01:36:08] Started: Copying file /Contents/Common7/IDE/VC/Linux/bin/ConnectionManagerExe/liblinux.dll to C:\Program Files (x86)\Microsoft Visual Studio\2022\BuildTools\Common7\IDE\VC\Linux\bin\ConnectionManagerExe\liblinux.dll
[3c7c:000c][2026-05-10T01:36:08] Completed: Copying file /Contents/Common7/IDE/VC/Linux/bin/ConnectionManagerExe/liblinux.dll to C:\Program Files (x86)\Microsoft Visual Studio\2022\BuildTools\Common7\IDE\VC\Linux\bin\ConnectionManagerExe\liblinux.dll
[3c7c:000c][2026-05-10T01:36:08] Timestamp updated for file 'C:\Program Files (x86)\Microsoft Visual Studio\2022\BuildTools\Common7\IDE\VC\Linux\bin\ConnectionManagerExe\liblinux.dll'.
[3c7c:000c][2026-05-10T01:36:08] Processing file /Contents/Common7/IDE/VC/Linux/bin/ConnectionManagerExe/NOTICE.txt
[3c7c:000c][2026-05-10T01:36:08] Started: Copying file /Contents/Common7/IDE/VC/Linux/bin/ConnectionManagerExe/NOTICE.txt to C:\Program Files (x86)\Microsoft Visual Studio\2022\BuildTools\Common7\IDE\VC\Linux\bin\ConnectionManagerExe\NOTICE.txt
[3c7c:000c][2026-05-10T01:36:08] Completed: Copying file /Contents/Common7/IDE/VC/Linux/bin/ConnectionManagerExe/NOTICE.txt to C:\Program Files (x86)\Microsoft Visual Studio\2022\BuildTools\Common7\IDE\VC\Linux\bin\ConnectionManagerExe\NOTICE.txt
[3c7c:000c][2026-05-10T01:36:08] Timestamp updated for file 'C:\Program Files (x86)\Microsoft Visual Studio\2022\BuildTools\Common7\IDE\VC\Linux\bin\ConnectionManagerExe\NOTICE.txt'.
[3c7c:000c][2026-05-10T01:36:08] Processing file /Contents/Common7/Tools/vsdevcmd/ext/ConnectionManagerExe.bat
[3c7c:000c][2026-05-10T01:36:08] Started: Copying file /Contents/Common7/Tools/vsdevcmd/ext/ConnectionManagerExe.bat to C:\Program Files (x86)\Microsoft Visual Studio\2022\BuildTools\Common7\Tools\vsdevcmd\ext\ConnectionManagerExe.bat
[3c7c:000c][2026-05-10T01:36:08] Completed: Copying file /Contents/Common7/Tools/vsdevcmd/ext/ConnectionManagerExe.bat to C:\Program Files (x86)\Microsoft Visual Studio\2022\BuildTools\Common7\Tools\vsdevcmd\ext\ConnectionManagerExe.bat
[3c7c:000c][2026-05-10T01:36:08] Timestamp updated for file 'C:\Program Files (x86)\Microsoft Visual Studio\2022\BuildTools\Common7\Tools\vsdevcmd\ext\ConnectionManagerExe.bat'.
[3c7c:000c][2026-05-10T01:36:08] Processing file /Contents/Common7/IDE/CommonExtensions/Microsoft/Linux/Linux/ConnectionManager.extension.vsixmanifest
[3c7c:000c][2026-05-10T01:36:08] Started: Copying file /Contents/Common7/IDE/CommonExtensions/Microsoft/Linux/Linux/ConnectionManager.extension.vsixmanifest to C:\Program Files (x86)\Microsoft Visual Studio\2022\BuildTools\Common7\IDE\CommonExtensions\Microsoft\Linux\Linux\ConnectionManager.extension.vsixmanifest
[3c7c:000c][2026-05-10T01:36:08] Completed: Copying file /Contents/Common7/IDE/CommonExtensions/Microsoft/Linux/Linux/ConnectionManager.extension.vsixmanifest to C:\Program Files (x86)\Microsoft Visual Studio\2022\BuildTools\Common7\IDE\CommonExtensions\Microsoft\Linux\Linux\ConnectionManager.extension.vsixmanifest
[3c7c:000c][2026-05-10T01:36:08] Timestamp updated for file 'C:\Program Files (x86)\Microsoft Visual Studio\2022\BuildTools\Common7\IDE\CommonExtensions\Microsoft\Linux\Linux\ConnectionManager.extension.vsixmanifest'.
[3c7c:000c][2026-05-10T01:36:08] Package executed successfully. Return code: 0
