[3474:0009][2026-05-10T01:46:00] Using cached package manifest as the embedded manifest
[3474:0009][2026-05-10T01:46:00] Processing file /extension.vsixmanifest
[3474:0009][2026-05-10T01:46:00] D:\Program Files (x86)\Microsoft Visual Studio\2022\BuildTools\Common7\IDE\CommonExtensions\Microsoft\Project\extension.vsixmanifest file deleted.
[3474:0009][2026-05-10T01:46:00] Processing file /codesharingproj.pkgdef
[3474:0009][2026-05-10T01:46:00] D:\Program Files (x86)\Microsoft Visual Studio\2022\BuildTools\Common7\IDE\CommonExtensions\Microsoft\Project\codesharingproj.pkgdef file deleted.
[3474:0009][2026-05-10T01:46:00] Processing file /Microsoft.VisualStudio.Project.VS.Implementation.pkgdef
[3474:0009][2026-05-10T01:46:00] D:\Program Files (x86)\Microsoft Visual Studio\2022\BuildTools\Common7\IDE\CommonExtensions\Microsoft\Project\Microsoft.VisualStudio.Project.VS.Implementation.pkgdef file deleted.
[3474:0009][2026-05-10T01:46:00] Processing file /msbuildproj.pkgdef
[3474:0009][2026-05-10T01:46:00] D:\Program Files (x86)\Microsoft Visual Studio\2022\BuildTools\Common7\IDE\CommonExtensions\Microsoft\Project\msbuildproj.pkgdef file deleted.
[3474:0009][2026-05-10T01:46:00] Processing file /SharedProjectFilesPackage.pkgdef
[3474:0009][2026-05-10T01:46:00] D:\Program Files (x86)\Microsoft Visual Studio\2022\BuildTools\Common7\IDE\CommonExtensions\Microsoft\Project\SharedProjectFilesPackage.pkgdef file deleted.
[3474:0009][2026-05-10T01:46:00] Processing file /Microsoft.VisualStudio.ProjectSystem.pkgdef
[3474:0009][2026-05-10T01:46:00] D:\Program Files (x86)\Microsoft Visual Studio\2022\BuildTools\Common7\IDE\CommonExtensions\Microsoft\Project\Microsoft.VisualStudio.ProjectSystem.pkgdef file deleted.
[3474:0009][2026-05-10T01:46:00] Processing file /shareproj.ico
[3474:0009][2026-05-10T01:46:00] D:\Program Files (x86)\Microsoft Visual Studio\2022\BuildTools\Common7\IDE\CommonExtensions\Microsoft\Project\shareproj.ico file deleted.
[3474:0009][2026-05-10T01:46:00] Processing file /.filenesting.json
[3474:0009][2026-05-10T01:46:00] D:\Program Files (x86)\Microsoft Visual Studio\2022\BuildTools\Common7\IDE\CommonExtensions\Microsoft\Project\.filenesting.json file deleted.
[3474:0009][2026-05-10T01:46:00] Processing file /Microsoft.VisualStudio.ProjectSystem.dll
[3474:0009][2026-05-10T01:46:00] D:\Program Files (x86)\Microsoft Visual Studio\2022\BuildTools\Common7\IDE\CommonExtensions\Microsoft\Project\Microsoft.VisualStudio.ProjectSystem.dll file deleted.
[3474:0009][2026-05-10T01:46:00] Processing file /zh-Hans/Microsoft.VisualStudio.ProjectSystem.resources.dll
[3474:0009][2026-05-10T01:46:00] D:\Program Files (x86)\Microsoft Visual Studio\2022\BuildTools\Common7\IDE\CommonExtensions\Microsoft\Project\zh-Hans\Microsoft.VisualStudio.ProjectSystem.resources.dll file deleted.
[3474:0009][2026-05-10T01:46:00] Processing file /zh-Hant/Microsoft.VisualStudio.ProjectSystem.resources.dll
[3474:0009][2026-05-10T01:46:00] D:\Program Files (x86)\Microsoft Visual Studio\2022\BuildTools\Common7\IDE\CommonExtensions\Microsoft\Project\zh-Hant\Microsoft.VisualStudio.ProjectSystem.resources.dll file deleted.
[3474:0009][2026-05-10T01:46:00] Processing file /de/Microsoft.VisualStudio.ProjectSystem.resources.dll
[3474:0009][2026-05-10T01:46:00] D:\Program Files (x86)\Microsoft Visual Studio\2022\BuildTools\Common7\IDE\CommonExtensions\Microsoft\Project\de\Microsoft.VisualStudio.ProjectSystem.resources.dll file deleted.
[3474:0009][2026-05-10T01:46:00] Processing file /es/Microsoft.VisualStudio.ProjectSystem.resources.dll
[3474:0009][2026-05-10T01:46:00] D:\Program Files (x86)\Microsoft Visual Studio\2022\BuildTools\Common7\IDE\CommonExtensions\Microsoft\Project\es\Microsoft.VisualStudio.ProjectSystem.resources.dll file deleted.
[3474:0009][2026-05-10T01:46:00] Processing file /fr/Microsoft.VisualStudio.ProjectSystem.resources.dll
[3474:0009][2026-05-10T01:46:00] D:\Program Files (x86)\Microsoft Visual Studio\2022\BuildTools\Common7\IDE\CommonExtensions\Microsoft\Project\fr\Microsoft.VisualStudio.ProjectSystem.resources.dll file deleted.
[3474:0009][2026-05-10T01:46:00] Processing file /it/Microsoft.VisualStudio.ProjectSystem.resources.dll
[3474:0009][2026-05-10T01:46:00] D:\Program Files (x86)\Microsoft Visual Studio\2022\BuildTools\Common7\IDE\CommonExtensions\Microsoft\Project\it\Microsoft.VisualStudio.ProjectSystem.resources.dll file deleted.
[3474:0009][2026-05-10T01:46:00] Processing file /ja/Microsoft.VisualStudio.ProjectSystem.resources.dll
[3474:0009][2026-05-10T01:46:00] D:\Program Files (x86)\Microsoft Visual Studio\2022\BuildTools\Common7\IDE\CommonExtensions\Microsoft\Project\ja\Microsoft.VisualStudio.ProjectSystem.resources.dll file deleted.
[3474:0009][2026-05-10T01:46:00] Processing file /ko/Microsoft.VisualStudio.ProjectSystem.resources.dll
[3474:0009][2026-05-10T01:46:00] D:\Program Files (x86)\Microsoft Visual Studio\2022\BuildTools\Common7\IDE\CommonExtensions\Microsoft\Project\ko\Microsoft.VisualStudio.ProjectSystem.resources.dll file deleted.
[3474:0009][2026-05-10T01:46:00] Processing file /ru/Microsoft.VisualStudio.ProjectSystem.resources.dll
[3474:0009][2026-05-10T01:46:00] D:\Program Files (x86)\Microsoft Visual Studio\2022\BuildTools\Common7\IDE\CommonExtensions\Microsoft\Project\ru\Microsoft.VisualStudio.ProjectSystem.resources.dll file deleted.
[3474:0009][2026-05-10T01:46:00] Processing file /cs/Microsoft.VisualStudio.ProjectSystem.resources.dll
[3474:0009][2026-05-10T01:46:00] D:\Program Files (x86)\Microsoft Visual Studio\2022\BuildTools\Common7\IDE\CommonExtensions\Microsoft\Project\cs\Microsoft.VisualStudio.ProjectSystem.resources.dll file deleted.
[3474:0009][2026-05-10T01:46:00] Processing file /pt-BR/Microsoft.VisualStudio.ProjectSystem.resources.dll
[3474:0009][2026-05-10T01:46:00] D:\Program Files (x86)\Microsoft Visual Studio\2022\BuildTools\Common7\IDE\CommonExtensions\Microsoft\Project\pt-BR\Microsoft.VisualStudio.ProjectSystem.resources.dll file deleted.
[3474:0009][2026-05-10T01:46:00] Processing file /pl/Microsoft.VisualStudio.ProjectSystem.resources.dll
[3474:0009][2026-05-10T01:46:00] D:\Program Files (x86)\Microsoft Visual Studio\2022\BuildTools\Common7\IDE\CommonExtensions\Microsoft\Project\pl\Microsoft.VisualStudio.ProjectSystem.resources.dll file deleted.
[3474:0009][2026-05-10T01:46:00] Processing file /tr/Microsoft.VisualStudio.ProjectSystem.resources.dll
[3474:0009][2026-05-10T01:46:00] D:\Program Files (x86)\Microsoft Visual Studio\2022\BuildTools\Common7\IDE\CommonExtensions\Microsoft\Project\tr\Microsoft.VisualStudio.ProjectSystem.resources.dll file deleted.
[3474:0009][2026-05-10T01:46:00] Processing file /Microsoft.VisualStudio.ProjectSystem.Implementation.dll
[3474:0009][2026-05-10T01:46:00] D:\Program Files (x86)\Microsoft Visual Studio\2022\BuildTools\Common7\IDE\CommonExtensions\Microsoft\Project\Microsoft.VisualStudio.ProjectSystem.Implementation.dll file deleted.
[3474:0009][2026-05-10T01:46:00] Processing file /zh-Hans/Microsoft.VisualStudio.ProjectSystem.Implementation.resources.dll
[3474:0009][2026-05-10T01:46:00] D:\Program Files (x86)\Microsoft Visual Studio\2022\BuildTools\Common7\IDE\CommonExtensions\Microsoft\Project\zh-Hans\Microsoft.VisualStudio.ProjectSystem.Implementation.resources.dll file deleted.
[3474:0009][2026-05-10T01:46:00] Processing file /zh-Hant/Microsoft.VisualStudio.ProjectSystem.Implementation.resources.dll
[3474:0009][2026-05-10T01:46:00] D:\Program Files (x86)\Microsoft Visual Studio\2022\BuildTools\Common7\IDE\CommonExtensions\Microsoft\Project\zh-Hant\Microsoft.VisualStudio.ProjectSystem.Implementation.resources.dll file deleted.
[3474:0009][2026-05-10T01:46:00] Processing file /de/Microsoft.VisualStudio.ProjectSystem.Implementation.resources.dll
[3474:0009][2026-05-10T01:46:00] D:\Program Files (x86)\Microsoft Visual Studio\2022\BuildTools\Common7\IDE\CommonExtensions\Microsoft\Project\de\Microsoft.VisualStudio.ProjectSystem.Implementation.resources.dll file deleted.
[3474:0009][2026-05-10T01:46:00] Processing file /es/Microsoft.VisualStudio.ProjectSystem.Implementation.resources.dll
[3474:0009][2026-05-10T01:46:00] D:\Program Files (x86)\Microsoft Visual Studio\2022\BuildTools\Common7\IDE\CommonExtensions\Microsoft\Project\es\Microsoft.VisualStudio.ProjectSystem.Implementation.resources.dll file deleted.
[3474:0009][2026-05-10T01:46:00] Processing file /fr/Microsoft.VisualStudio.ProjectSystem.Implementation.resources.dll
[3474:0009][2026-05-10T01:46:00] D:\Program Files (x86)\Microsoft Visual Studio\2022\BuildTools\Common7\IDE\CommonExtensions\Microsoft\Project\fr\Microsoft.VisualStudio.ProjectSystem.Implementation.resources.dll file deleted.
[3474:0009][2026-05-10T01:46:00] Processing file /it/Microsoft.VisualStudio.ProjectSystem.Implementation.resources.dll
[3474:0009][2026-05-10T01:46:00] D:\Program Files (x86)\Microsoft Visual Studio\2022\BuildTools\Common7\IDE\CommonExtensions\Microsoft\Project\it\Microsoft.VisualStudio.ProjectSystem.Implementation.resources.dll file deleted.
[3474:0009][2026-05-10T01:46:00] Processing file /ja/Microsoft.VisualStudio.ProjectSystem.Implementation.resources.dll
[3474:0009][2026-05-10T01:46:00] D:\Program Files (x86)\Microsoft Visual Studio\2022\BuildTools\Common7\IDE\CommonExtensions\Microsoft\Project\ja\Microsoft.VisualStudio.ProjectSystem.Implementation.resources.dll file deleted.
[3474:0009][2026-05-10T01:46:00] Processing file /ko/Microsoft.VisualStudio.ProjectSystem.Implementation.resources.dll
[3474:0009][2026-05-10T01:46:00] D:\Program Files (x86)\Microsoft Visual Studio\2022\BuildTools\Common7\IDE\CommonExtensions\Microsoft\Project\ko\Microsoft.VisualStudio.ProjectSystem.Implementation.resources.dll file deleted.
[3474:0009][2026-05-10T01:46:00] Processing file /ru/Microsoft.VisualStudio.ProjectSystem.Implementation.resources.dll
[3474:0009][2026-05-10T01:46:00] D:\Program Files (x86)\Microsoft Visual Studio\2022\BuildTools\Common7\IDE\CommonExtensions\Microsoft\Project\ru\Microsoft.VisualStudio.ProjectSystem.Implementation.resources.dll file deleted.
[3474:0009][2026-05-10T01:46:00] Processing file /cs/Microsoft.VisualStudio.ProjectSystem.Implementation.resources.dll
[3474:0009][2026-05-10T01:46:00] D:\Program Files (x86)\Microsoft Visual Studio\2022\BuildTools\Common7\IDE\CommonExtensions\Microsoft\Project\cs\Microsoft.VisualStudio.ProjectSystem.Implementation.resources.dll file deleted.
[3474:0009][2026-05-10T01:46:00] Processing file /pt-BR/Microsoft.VisualStudio.ProjectSystem.Implementation.resources.dll
[3474:0009][2026-05-10T01:46:00] D:\Program Files (x86)\Microsoft Visual Studio\2022\BuildTools\Common7\IDE\CommonExtensions\Microsoft\Project\pt-BR\Microsoft.VisualStudio.ProjectSystem.Implementation.resources.dll file deleted.
[3474:0009][2026-05-10T01:46:00] Processing file /pl/Microsoft.VisualStudio.ProjectSystem.Implementation.resources.dll
[3474:0009][2026-05-10T01:46:00] D:\Program Files (x86)\Microsoft Visual Studio\2022\BuildTools\Common7\IDE\CommonExtensions\Microsoft\Project\pl\Microsoft.VisualStudio.ProjectSystem.Implementation.resources.dll file deleted.
[3474:0009][2026-05-10T01:46:00] Processing file /tr/Microsoft.VisualStudio.ProjectSystem.Implementation.resources.dll
[3474:0009][2026-05-10T01:46:00] D:\Program Files (x86)\Microsoft Visual Studio\2022\BuildTools\Common7\IDE\CommonExtensions\Microsoft\Project\tr\Microsoft.VisualStudio.ProjectSystem.Implementation.resources.dll file deleted.
[3474:0009][2026-05-10T01:46:00] Processing file /Microsoft.VisualStudio.ProjectSystem.VS.dll
[3474:0009][2026-05-10T01:46:00] D:\Program Files (x86)\Microsoft Visual Studio\2022\BuildTools\Common7\IDE\CommonExtensions\Microsoft\Project\Microsoft.VisualStudio.ProjectSystem.VS.dll file deleted.
[3474:0009][2026-05-10T01:46:00] Processing file /Microsoft.VisualStudio.ProjectSystem.VS.Implementation.dll
[3474:0009][2026-05-10T01:46:00] D:\Program Files (x86)\Microsoft Visual Studio\2022\BuildTools\Common7\IDE\CommonExtensions\Microsoft\Project\Microsoft.VisualStudio.ProjectSystem.VS.Implementation.dll file deleted.
[3474:0009][2026-05-10T01:46:00] Processing file /zh-Hans/Microsoft.VisualStudio.ProjectSystem.VS.Implementation.resources.dll
[3474:0009][2026-05-10T01:46:00] D:\Program Files (x86)\Microsoft Visual Studio\2022\BuildTools\Common7\IDE\CommonExtensions\Microsoft\Project\zh-Hans\Microsoft.VisualStudio.ProjectSystem.VS.Implementation.resources.dll file deleted.
[3474:0009][2026-05-10T01:46:00] Processing file /zh-Hant/Microsoft.VisualStudio.ProjectSystem.VS.Implementation.resources.dll
[3474:0009][2026-05-10T01:46:00] D:\Program Files (x86)\Microsoft Visual Studio\2022\BuildTools\Common7\IDE\CommonExtensions\Microsoft\Project\zh-Hant\Microsoft.VisualStudio.ProjectSystem.VS.Implementation.resources.dll file deleted.
[3474:0009][2026-05-10T01:46:00] Processing file /de/Microsoft.VisualStudio.ProjectSystem.VS.Implementation.resources.dll
[3474:0009][2026-05-10T01:46:00] D:\Program Files (x86)\Microsoft Visual Studio\2022\BuildTools\Common7\IDE\CommonExtensions\Microsoft\Project\de\Microsoft.VisualStudio.ProjectSystem.VS.Implementation.resources.dll file deleted.
[3474:0009][2026-05-10T01:46:00] Processing file /es/Microsoft.VisualStudio.ProjectSystem.VS.Implementation.resources.dll
[3474:0009][2026-05-10T01:46:00] D:\Program Files (x86)\Microsoft Visual Studio\2022\BuildTools\Common7\IDE\CommonExtensions\Microsoft\Project\es\Microsoft.VisualStudio.ProjectSystem.VS.Implementation.resources.dll file deleted.
[3474:0009][2026-05-10T01:46:00] Processing file /fr/Microsoft.VisualStudio.ProjectSystem.VS.Implementation.resources.dll
[3474:0009][2026-05-10T01:46:00] D:\Program Files (x86)\Microsoft Visual Studio\2022\BuildTools\Common7\IDE\CommonExtensions\Microsoft\Project\fr\Microsoft.VisualStudio.ProjectSystem.VS.Implementation.resources.dll file deleted.
[3474:0009][2026-05-10T01:46:00] Processing file /it/Microsoft.VisualStudio.ProjectSystem.VS.Implementation.resources.dll
[3474:0009][2026-05-10T01:46:00] D:\Program Files (x86)\Microsoft Visual Studio\2022\BuildTools\Common7\IDE\CommonExtensions\Microsoft\Project\it\Microsoft.VisualStudio.ProjectSystem.VS.Implementation.resources.dll file deleted.
[3474:0009][2026-05-10T01:46:00] Processing file /ja/Microsoft.VisualStudio.ProjectSystem.VS.Implementation.resources.dll
[3474:0009][2026-05-10T01:46:00] D:\Program Files (x86)\Microsoft Visual Studio\2022\BuildTools\Common7\IDE\CommonExtensions\Microsoft\Project\ja\Microsoft.VisualStudio.ProjectSystem.VS.Implementation.resources.dll file deleted.
[3474:0009][2026-05-10T01:46:00] Processing file /ko/Microsoft.VisualStudio.ProjectSystem.VS.Implementation.resources.dll
[3474:0009][2026-05-10T01:46:00] D:\Program Files (x86)\Microsoft Visual Studio\2022\BuildTools\Common7\IDE\CommonExtensions\Microsoft\Project\ko\Microsoft.VisualStudio.ProjectSystem.VS.Implementation.resources.dll file deleted.
[3474:0009][2026-05-10T01:46:00] Processing file /ru/Microsoft.VisualStudio.ProjectSystem.VS.Implementation.resources.dll
[3474:0009][2026-05-10T01:46:00] D:\Program Files (x86)\Microsoft Visual Studio\2022\BuildTools\Common7\IDE\CommonExtensions\Microsoft\Project\ru\Microsoft.VisualStudio.ProjectSystem.VS.Implementation.resources.dll file deleted.
[3474:0009][2026-05-10T01:46:00] Processing file /cs/Microsoft.VisualStudio.ProjectSystem.VS.Implementation.resources.dll
[3474:0009][2026-05-10T01:46:00] D:\Program Files (x86)\Microsoft Visual Studio\2022\BuildTools\Common7\IDE\CommonExtensions\Microsoft\Project\cs\Microsoft.VisualStudio.ProjectSystem.VS.Implementation.resources.dll file deleted.
[3474:0009][2026-05-10T01:46:00] Processing file /pt-BR/Microsoft.VisualStudio.ProjectSystem.VS.Implementation.resources.dll
[3474:0009][2026-05-10T01:46:00] D:\Program Files (x86)\Microsoft Visual Studio\2022\BuildTools\Common7\IDE\CommonExtensions\Microsoft\Project\pt-BR\Microsoft.VisualStudio.ProjectSystem.VS.Implementation.resources.dll file deleted.
[3474:0009][2026-05-10T01:46:00] Processing file /pl/Microsoft.VisualStudio.ProjectSystem.VS.Implementation.resources.dll
[3474:0009][2026-05-10T01:46:00] D:\Program Files (x86)\Microsoft Visual Studio\2022\BuildTools\Common7\IDE\CommonExtensions\Microsoft\Project\pl\Microsoft.VisualStudio.ProjectSystem.VS.Implementation.resources.dll file deleted.
[3474:0009][2026-05-10T01:46:00] Processing file /tr/Microsoft.VisualStudio.ProjectSystem.VS.Implementation.resources.dll
[3474:0009][2026-05-10T01:46:00] D:\Program Files (x86)\Microsoft Visual Studio\2022\BuildTools\Common7\IDE\CommonExtensions\Microsoft\Project\tr\Microsoft.VisualStudio.ProjectSystem.VS.Implementation.resources.dll file deleted.
[3474:0009][2026-05-10T01:46:00] Processing file /manifest.json
[3474:0009][2026-05-10T01:46:00] D:\Program Files (x86)\Microsoft Visual Studio\2022\BuildTools\Common7\IDE\CommonExtensions\Microsoft\Project\manifest.json file deleted.
[3474:0009][2026-05-10T01:46:00] Processing file /catalog.json
[3474:0009][2026-05-10T01:46:00] D:\Program Files (x86)\Microsoft Visual Studio\2022\BuildTools\Common7\IDE\CommonExtensions\Microsoft\Project\catalog.json file deleted.
[3474:0009][2026-05-10T01:46:00] Started: Deleting empty directories
[3474:0009][2026-05-10T01:46:00] Completed: Deleting empty directories
[3474:0009][2026-05-10T01:46:00] Package executed successfully. Return code: 0
