[da4c:0007][2026-05-10T00:49:54] Opening the package for processing
[da4c:0007][2026-05-10T00:49:54] Using package payload to get the embedded manifest
[da4c:0007][2026-05-10T00:49:54] Getting list of files within the package
[da4c:0007][2026-05-10T00:49:54] Processing file /Contents/Common7/IDE/Extensions/Microsoft/VsGraphics/1033/ImageContentTask.xml
[da4c:0007][2026-05-10T00:49:54] Started: Copying file /Contents/Common7/IDE/Extensions/Microsoft/VsGraphics/1033/ImageContentTask.xml to D:\Program\Common7\IDE\Extensions\Microsoft\VsGraphics\1033\ImageContentTask.xml
[da4c:0007][2026-05-10T00:49:54] Completed: Copying file /Contents/Common7/IDE/Extensions/Microsoft/VsGraphics/1033/ImageContentTask.xml to D:\Program\Common7\IDE\Extensions\Microsoft\VsGraphics\1033\ImageContentTask.xml
[da4c:0007][2026-05-10T00:49:54] Timestamp updated for file 'D:\Program\Common7\IDE\Extensions\Microsoft\VsGraphics\1033\ImageContentTask.xml'.
[da4c:0007][2026-05-10T00:49:54] Processing file /Contents/Common7/IDE/Extensions/Microsoft/VsGraphics/1033/MeshContentTask.xml
[da4c:0007][2026-05-10T00:49:54] Started: Copying file /Contents/Common7/IDE/Extensions/Microsoft/VsGraphics/1033/MeshContentTask.xml to D:\Program\Common7\IDE\Extensions\Microsoft\VsGraphics\1033\MeshContentTask.xml
[da4c:0007][2026-05-10T00:49:54] Completed: Copying file /Contents/Common7/IDE/Extensions/Microsoft/VsGraphics/1033/MeshContentTask.xml to D:\Program\Common7\IDE\Extensions\Microsoft\VsGraphics\1033\MeshContentTask.xml
[da4c:0007][2026-05-10T00:49:54] Timestamp updated for file 'D:\Program\Common7\IDE\Extensions\Microsoft\VsGraphics\1033\MeshContentTask.xml'.
[da4c:0007][2026-05-10T00:49:54] Processing file /Contents/Common7/IDE/Extensions/Microsoft/VsGraphics/1033/ShaderGraphContentTask.xml
[da4c:0007][2026-05-10T00:49:54] Started: Copying file /Contents/Common7/IDE/Extensions/Microsoft/VsGraphics/1033/ShaderGraphContentTask.xml to D:\Program\Common7\IDE\Extensions\Microsoft\VsGraphics\1033\ShaderGraphContentTask.xml
[da4c:0007][2026-05-10T00:49:54] Completed: Copying file /Contents/Common7/IDE/Extensions/Microsoft/VsGraphics/1033/ShaderGraphContentTask.xml to D:\Program\Common7\IDE\Extensions\Microsoft\VsGraphics\1033\ShaderGraphContentTask.xml
[da4c:0007][2026-05-10T00:49:54] Timestamp updated for file 'D:\Program\Common7\IDE\Extensions\Microsoft\VsGraphics\1033\ShaderGraphContentTask.xml'.
[da4c:0007][2026-05-10T00:49:54] Processing file /Contents/Common7/IDE/VC/vcpackages/en/platform.xml
[da4c:0007][2026-05-10T00:49:54] Started: Copying file /Contents/Common7/IDE/VC/vcpackages/en/platform.xml to D:\Program\Common7\IDE\VC\vcpackages\en\platform.xml
[da4c:0007][2026-05-10T00:49:54] Completed: Copying file /Contents/Common7/IDE/VC/vcpackages/en/platform.xml to D:\Program\Common7\IDE\VC\vcpackages\en\platform.xml
[da4c:0007][2026-05-10T00:49:54] Timestamp updated for file 'D:\Program\Common7\IDE\VC\vcpackages\en\platform.xml'.
[da4c:0007][2026-05-10T00:49:54] Package executed successfully. Return code: 0
