[3c7c:000c][2026-05-10T01:35:51] Opening the package for processing
[3c7c:000c][2026-05-10T01:35:51] Using package payload to get the embedded manifest
[3c7c:000c][2026-05-10T01:35:51] Getting list of files within the package
[3c7c:000c][2026-05-10T01:35:51] Processing file /Contents/MSBuild/Microsoft/VisualStudio/v17.0/Python%20Tools/Microsoft.PythonTools.BuildTasks.Core.dll
[3c7c:000c][2026-05-10T01:35:51] Started: Copying file /Contents/MSBuild/Microsoft/VisualStudio/v17.0/Python%20Tools/Microsoft.PythonTools.BuildTasks.Core.dll to C:\Program Files (x86)\Microsoft Visual Studio\2022\BuildTools\MSBuild\Microsoft\VisualStudio\v17.0\Python Tools\Microsoft.PythonTools.BuildTasks.Core.dll
[3c7c:000c][2026-05-10T01:35:51] Completed: Copying file /Contents/MSBuild/Microsoft/VisualStudio/v17.0/Python%20Tools/Microsoft.PythonTools.BuildTasks.Core.dll to C:\Program Files (x86)\Microsoft Visual Studio\2022\BuildTools\MSBuild\Microsoft\VisualStudio\v17.0\Python Tools\Microsoft.PythonTools.BuildTasks.Core.dll
[3c7c:000c][2026-05-10T01:35:51] Timestamp updated for file 'C:\Program Files (x86)\Microsoft Visual Studio\2022\BuildTools\MSBuild\Microsoft\VisualStudio\v17.0\Python Tools\Microsoft.PythonTools.BuildTasks.Core.dll'.
[3c7c:000c][2026-05-10T01:35:51] Processing file /Contents/MSBuild/Microsoft/VisualStudio/v17.0/Python%20Tools/Microsoft.PythonTools.Common.dll
[3c7c:000c][2026-05-10T01:35:51] Started: Copying file /Contents/MSBuild/Microsoft/VisualStudio/v17.0/Python%20Tools/Microsoft.PythonTools.Common.dll to C:\Program Files (x86)\Microsoft Visual Studio\2022\BuildTools\MSBuild\Microsoft\VisualStudio\v17.0\Python Tools\Microsoft.PythonTools.Common.dll
[3c7c:000c][2026-05-10T01:35:51] Completed: Copying file /Contents/MSBuild/Microsoft/VisualStudio/v17.0/Python%20Tools/Microsoft.PythonTools.Common.dll to C:\Program Files (x86)\Microsoft Visual Studio\2022\BuildTools\MSBuild\Microsoft\VisualStudio\v17.0\Python Tools\Microsoft.PythonTools.Common.dll
[3c7c:000c][2026-05-10T01:35:51] Timestamp updated for file 'C:\Program Files (x86)\Microsoft Visual Studio\2022\BuildTools\MSBuild\Microsoft\VisualStudio\v17.0\Python Tools\Microsoft.PythonTools.Common.dll'.
[3c7c:000c][2026-05-10T01:35:51] Processing file /Contents/MSBuild/Microsoft/VisualStudio/v17.0/Python%20Tools/Microsoft.PythonTools.Django.targets
[3c7c:000c][2026-05-10T01:35:51] Started: Copying file /Contents/MSBuild/Microsoft/VisualStudio/v17.0/Python%20Tools/Microsoft.PythonTools.Django.targets to C:\Program Files (x86)\Microsoft Visual Studio\2022\BuildTools\MSBuild\Microsoft\VisualStudio\v17.0\Python Tools\Microsoft.PythonTools.Django.targets
[3c7c:000c][2026-05-10T01:35:51] Completed: Copying file /Contents/MSBuild/Microsoft/VisualStudio/v17.0/Python%20Tools/Microsoft.PythonTools.Django.targets to C:\Program Files (x86)\Microsoft Visual Studio\2022\BuildTools\MSBuild\Microsoft\VisualStudio\v17.0\Python Tools\Microsoft.PythonTools.Django.targets
[3c7c:000c][2026-05-10T01:35:51] Timestamp updated for file 'C:\Program Files (x86)\Microsoft Visual Studio\2022\BuildTools\MSBuild\Microsoft\VisualStudio\v17.0\Python Tools\Microsoft.PythonTools.Django.targets'.
[3c7c:000c][2026-05-10T01:35:51] Processing file /Contents/MSBuild/Microsoft/VisualStudio/v17.0/Python%20Tools/Microsoft.PythonTools.targets
[3c7c:000c][2026-05-10T01:35:51] Started: Copying file /Contents/MSBuild/Microsoft/VisualStudio/v17.0/Python%20Tools/Microsoft.PythonTools.targets to C:\Program Files (x86)\Microsoft Visual Studio\2022\BuildTools\MSBuild\Microsoft\VisualStudio\v17.0\Python Tools\Microsoft.PythonTools.targets
[3c7c:000c][2026-05-10T01:35:51] Completed: Copying file /Contents/MSBuild/Microsoft/VisualStudio/v17.0/Python%20Tools/Microsoft.PythonTools.targets to C:\Program Files (x86)\Microsoft Visual Studio\2022\BuildTools\MSBuild\Microsoft\VisualStudio\v17.0\Python Tools\Microsoft.PythonTools.targets
[3c7c:000c][2026-05-10T01:35:51] Timestamp updated for file 'C:\Program Files (x86)\Microsoft Visual Studio\2022\BuildTools\MSBuild\Microsoft\VisualStudio\v17.0\Python Tools\Microsoft.PythonTools.targets'.
[3c7c:000c][2026-05-10T01:35:51] Processing file /Contents/MSBuild/Microsoft/VisualStudio/v17.0/Python%20Tools/Microsoft.PythonTools.Web.targets
[3c7c:000c][2026-05-10T01:35:51] Started: Copying file /Contents/MSBuild/Microsoft/VisualStudio/v17.0/Python%20Tools/Microsoft.PythonTools.Web.targets to C:\Program Files (x86)\Microsoft Visual Studio\2022\BuildTools\MSBuild\Microsoft\VisualStudio\v17.0\Python Tools\Microsoft.PythonTools.Web.targets
[3c7c:000c][2026-05-10T01:35:51] Completed: Copying file /Contents/MSBuild/Microsoft/VisualStudio/v17.0/Python%20Tools/Microsoft.PythonTools.Web.targets to C:\Program Files (x86)\Microsoft Visual Studio\2022\BuildTools\MSBuild\Microsoft\VisualStudio\v17.0\Python Tools\Microsoft.PythonTools.Web.targets
[3c7c:000c][2026-05-10T01:35:51] Timestamp updated for file 'C:\Program Files (x86)\Microsoft Visual Studio\2022\BuildTools\MSBuild\Microsoft\VisualStudio\v17.0\Python Tools\Microsoft.PythonTools.Web.targets'.
[3c7c:000c][2026-05-10T01:35:51] Processing file /Contents/MSBuild/Microsoft/VisualStudio/v17.0/Python%20Tools/Microsoft.PythonTools.WebRole.dll
[3c7c:000c][2026-05-10T01:35:51] Started: Copying file /Contents/MSBuild/Microsoft/VisualStudio/v17.0/Python%20Tools/Microsoft.PythonTools.WebRole.dll to C:\Program Files (x86)\Microsoft Visual Studio\2022\BuildTools\MSBuild\Microsoft\VisualStudio\v17.0\Python Tools\Microsoft.PythonTools.WebRole.dll
[3c7c:000c][2026-05-10T01:35:51] Completed: Copying file /Contents/MSBuild/Microsoft/VisualStudio/v17.0/Python%20Tools/Microsoft.PythonTools.WebRole.dll to C:\Program Files (x86)\Microsoft Visual Studio\2022\BuildTools\MSBuild\Microsoft\VisualStudio\v17.0\Python Tools\Microsoft.PythonTools.WebRole.dll
[3c7c:000c][2026-05-10T01:35:51] Timestamp updated for file 'C:\Program Files (x86)\Microsoft Visual Studio\2022\BuildTools\MSBuild\Microsoft\VisualStudio\v17.0\Python Tools\Microsoft.PythonTools.WebRole.dll'.
[3c7c:000c][2026-05-10T01:35:51] Processing file /Contents/MSBuild/Microsoft/VisualStudio/v17.0/Python%20Tools/Microsoft.PythonTools.Worker.targets
[3c7c:000c][2026-05-10T01:35:51] Started: Copying file /Contents/MSBuild/Microsoft/VisualStudio/v17.0/Python%20Tools/Microsoft.PythonTools.Worker.targets to C:\Program Files (x86)\Microsoft Visual Studio\2022\BuildTools\MSBuild\Microsoft\VisualStudio\v17.0\Python Tools\Microsoft.PythonTools.Worker.targets
[3c7c:000c][2026-05-10T01:35:51] Completed: Copying file /Contents/MSBuild/Microsoft/VisualStudio/v17.0/Python%20Tools/Microsoft.PythonTools.Worker.targets to C:\Program Files (x86)\Microsoft Visual Studio\2022\BuildTools\MSBuild\Microsoft\VisualStudio\v17.0\Python Tools\Microsoft.PythonTools.Worker.targets
[3c7c:000c][2026-05-10T01:35:51] Timestamp updated for file 'C:\Program Files (x86)\Microsoft Visual Studio\2022\BuildTools\MSBuild\Microsoft\VisualStudio\v17.0\Python Tools\Microsoft.PythonTools.Worker.targets'.
[3c7c:000c][2026-05-10T01:35:51] Processing file /Contents/MSBuild/Microsoft/VisualStudio/v17.0/Python%20Tools/wfastcgi.py
[3c7c:000c][2026-05-10T01:35:51] Started: Copying file /Contents/MSBuild/Microsoft/VisualStudio/v17.0/Python%20Tools/wfastcgi.py to C:\Program Files (x86)\Microsoft Visual Studio\2022\BuildTools\MSBuild\Microsoft\VisualStudio\v17.0\Python Tools\wfastcgi.py
[3c7c:000c][2026-05-10T01:35:51] Completed: Copying file /Contents/MSBuild/Microsoft/VisualStudio/v17.0/Python%20Tools/wfastcgi.py to C:\Program Files (x86)\Microsoft Visual Studio\2022\BuildTools\MSBuild\Microsoft\VisualStudio\v17.0\Python Tools\wfastcgi.py
[3c7c:000c][2026-05-10T01:35:51] Timestamp updated for file 'C:\Program Files (x86)\Microsoft Visual Studio\2022\BuildTools\MSBuild\Microsoft\VisualStudio\v17.0\Python Tools\wfastcgi.py'.
[3c7c:000c][2026-05-10T01:35:51] Processing file /Contents/MSBuild/Microsoft/VisualStudio/v18.0/Python%20Tools/Microsoft.PythonTools.BuildTasks.Core.dll
[3c7c:000c][2026-05-10T01:35:51] Started: Copying file /Contents/MSBuild/Microsoft/VisualStudio/v18.0/Python%20Tools/Microsoft.PythonTools.BuildTasks.Core.dll to C:\Program Files (x86)\Microsoft Visual Studio\2022\BuildTools\MSBuild\Microsoft\VisualStudio\v18.0\Python Tools\Microsoft.PythonTools.BuildTasks.Core.dll
[3c7c:000c][2026-05-10T01:35:51] Completed: Copying file /Contents/MSBuild/Microsoft/VisualStudio/v18.0/Python%20Tools/Microsoft.PythonTools.BuildTasks.Core.dll to C:\Program Files (x86)\Microsoft Visual Studio\2022\BuildTools\MSBuild\Microsoft\VisualStudio\v18.0\Python Tools\Microsoft.PythonTools.BuildTasks.Core.dll
[3c7c:000c][2026-05-10T01:35:51] Timestamp updated for file 'C:\Program Files (x86)\Microsoft Visual Studio\2022\BuildTools\MSBuild\Microsoft\VisualStudio\v18.0\Python Tools\Microsoft.PythonTools.BuildTasks.Core.dll'.
[3c7c:000c][2026-05-10T01:35:51] Processing file /Contents/MSBuild/Microsoft/VisualStudio/v18.0/Python%20Tools/Microsoft.PythonTools.Common.dll
[3c7c:000c][2026-05-10T01:35:51] Started: Copying file /Contents/MSBuild/Microsoft/VisualStudio/v18.0/Python%20Tools/Microsoft.PythonTools.Common.dll to C:\Program Files (x86)\Microsoft Visual Studio\2022\BuildTools\MSBuild\Microsoft\VisualStudio\v18.0\Python Tools\Microsoft.PythonTools.Common.dll
[3c7c:000c][2026-05-10T01:35:51] Completed: Copying file /Contents/MSBuild/Microsoft/VisualStudio/v18.0/Python%20Tools/Microsoft.PythonTools.Common.dll to C:\Program Files (x86)\Microsoft Visual Studio\2022\BuildTools\MSBuild\Microsoft\VisualStudio\v18.0\Python Tools\Microsoft.PythonTools.Common.dll
[3c7c:000c][2026-05-10T01:35:51] Timestamp updated for file 'C:\Program Files (x86)\Microsoft Visual Studio\2022\BuildTools\MSBuild\Microsoft\VisualStudio\v18.0\Python Tools\Microsoft.PythonTools.Common.dll'.
[3c7c:000c][2026-05-10T01:35:51] Processing file /Contents/MSBuild/Microsoft/VisualStudio/v18.0/Python%20Tools/Microsoft.PythonTools.Django.targets
[3c7c:000c][2026-05-10T01:35:51] Started: Copying file /Contents/MSBuild/Microsoft/VisualStudio/v18.0/Python%20Tools/Microsoft.PythonTools.Django.targets to C:\Program Files (x86)\Microsoft Visual Studio\2022\BuildTools\MSBuild\Microsoft\VisualStudio\v18.0\Python Tools\Microsoft.PythonTools.Django.targets
[3c7c:000c][2026-05-10T01:35:51] Completed: Copying file /Contents/MSBuild/Microsoft/VisualStudio/v18.0/Python%20Tools/Microsoft.PythonTools.Django.targets to C:\Program Files (x86)\Microsoft Visual Studio\2022\BuildTools\MSBuild\Microsoft\VisualStudio\v18.0\Python Tools\Microsoft.PythonTools.Django.targets
[3c7c:000c][2026-05-10T01:35:51] Timestamp updated for file 'C:\Program Files (x86)\Microsoft Visual Studio\2022\BuildTools\MSBuild\Microsoft\VisualStudio\v18.0\Python Tools\Microsoft.PythonTools.Django.targets'.
[3c7c:000c][2026-05-10T01:35:51] Processing file /Contents/MSBuild/Microsoft/VisualStudio/v18.0/Python%20Tools/Microsoft.PythonTools.targets
[3c7c:000c][2026-05-10T01:35:51] Started: Copying file /Contents/MSBuild/Microsoft/VisualStudio/v18.0/Python%20Tools/Microsoft.PythonTools.targets to C:\Program Files (x86)\Microsoft Visual Studio\2022\BuildTools\MSBuild\Microsoft\VisualStudio\v18.0\Python Tools\Microsoft.PythonTools.targets
[3c7c:000c][2026-05-10T01:35:51] Completed: Copying file /Contents/MSBuild/Microsoft/VisualStudio/v18.0/Python%20Tools/Microsoft.PythonTools.targets to C:\Program Files (x86)\Microsoft Visual Studio\2022\BuildTools\MSBuild\Microsoft\VisualStudio\v18.0\Python Tools\Microsoft.PythonTools.targets
[3c7c:000c][2026-05-10T01:35:51] Timestamp updated for file 'C:\Program Files (x86)\Microsoft Visual Studio\2022\BuildTools\MSBuild\Microsoft\VisualStudio\v18.0\Python Tools\Microsoft.PythonTools.targets'.
[3c7c:000c][2026-05-10T01:35:51] Processing file /Contents/MSBuild/Microsoft/VisualStudio/v18.0/Python%20Tools/Microsoft.PythonTools.Web.targets
[3c7c:000c][2026-05-10T01:35:51] Started: Copying file /Contents/MSBuild/Microsoft/VisualStudio/v18.0/Python%20Tools/Microsoft.PythonTools.Web.targets to C:\Program Files (x86)\Microsoft Visual Studio\2022\BuildTools\MSBuild\Microsoft\VisualStudio\v18.0\Python Tools\Microsoft.PythonTools.Web.targets
[3c7c:000c][2026-05-10T01:35:51] Completed: Copying file /Contents/MSBuild/Microsoft/VisualStudio/v18.0/Python%20Tools/Microsoft.PythonTools.Web.targets to C:\Program Files (x86)\Microsoft Visual Studio\2022\BuildTools\MSBuild\Microsoft\VisualStudio\v18.0\Python Tools\Microsoft.PythonTools.Web.targets
[3c7c:000c][2026-05-10T01:35:51] Timestamp updated for file 'C:\Program Files (x86)\Microsoft Visual Studio\2022\BuildTools\MSBuild\Microsoft\VisualStudio\v18.0\Python Tools\Microsoft.PythonTools.Web.targets'.
[3c7c:000c][2026-05-10T01:35:51] Processing file /Contents/MSBuild/Microsoft/VisualStudio/v18.0/Python%20Tools/Microsoft.PythonTools.WebRole.dll
[3c7c:000c][2026-05-10T01:35:51] Started: Copying file /Contents/MSBuild/Microsoft/VisualStudio/v18.0/Python%20Tools/Microsoft.PythonTools.WebRole.dll to C:\Program Files (x86)\Microsoft Visual Studio\2022\BuildTools\MSBuild\Microsoft\VisualStudio\v18.0\Python Tools\Microsoft.PythonTools.WebRole.dll
[3c7c:000c][2026-05-10T01:35:51] Completed: Copying file /Contents/MSBuild/Microsoft/VisualStudio/v18.0/Python%20Tools/Microsoft.PythonTools.WebRole.dll to C:\Program Files (x86)\Microsoft Visual Studio\2022\BuildTools\MSBuild\Microsoft\VisualStudio\v18.0\Python Tools\Microsoft.PythonTools.WebRole.dll
[3c7c:000c][2026-05-10T01:35:51] Timestamp updated for file 'C:\Program Files (x86)\Microsoft Visual Studio\2022\BuildTools\MSBuild\Microsoft\VisualStudio\v18.0\Python Tools\Microsoft.PythonTools.WebRole.dll'.
[3c7c:000c][2026-05-10T01:35:51] Processing file /Contents/MSBuild/Microsoft/VisualStudio/v18.0/Python%20Tools/Microsoft.PythonTools.Worker.targets
[3c7c:000c][2026-05-10T01:35:51] Started: Copying file /Contents/MSBuild/Microsoft/VisualStudio/v18.0/Python%20Tools/Microsoft.PythonTools.Worker.targets to C:\Program Files (x86)\Microsoft Visual Studio\2022\BuildTools\MSBuild\Microsoft\VisualStudio\v18.0\Python Tools\Microsoft.PythonTools.Worker.targets
[3c7c:000c][2026-05-10T01:35:51] Completed: Copying file /Contents/MSBuild/Microsoft/VisualStudio/v18.0/Python%20Tools/Microsoft.PythonTools.Worker.targets to C:\Program Files (x86)\Microsoft Visual Studio\2022\BuildTools\MSBuild\Microsoft\VisualStudio\v18.0\Python Tools\Microsoft.PythonTools.Worker.targets
[3c7c:000c][2026-05-10T01:35:51] Timestamp updated for file 'C:\Program Files (x86)\Microsoft Visual Studio\2022\BuildTools\MSBuild\Microsoft\VisualStudio\v18.0\Python Tools\Microsoft.PythonTools.Worker.targets'.
[3c7c:000c][2026-05-10T01:35:51] Processing file /Contents/MSBuild/Microsoft/VisualStudio/v18.0/Python%20Tools/wfastcgi.py
[3c7c:000c][2026-05-10T01:35:51] Started: Copying file /Contents/MSBuild/Microsoft/VisualStudio/v18.0/Python%20Tools/wfastcgi.py to C:\Program Files (x86)\Microsoft Visual Studio\2022\BuildTools\MSBuild\Microsoft\VisualStudio\v18.0\Python Tools\wfastcgi.py
[3c7c:000c][2026-05-10T01:35:51] Completed: Copying file /Contents/MSBuild/Microsoft/VisualStudio/v18.0/Python%20Tools/wfastcgi.py to C:\Program Files (x86)\Microsoft Visual Studio\2022\BuildTools\MSBuild\Microsoft\VisualStudio\v18.0\Python Tools\wfastcgi.py
[3c7c:000c][2026-05-10T01:35:51] Timestamp updated for file 'C:\Program Files (x86)\Microsoft Visual Studio\2022\BuildTools\MSBuild\Microsoft\VisualStudio\v18.0\Python Tools\wfastcgi.py'.
[3c7c:000c][2026-05-10T01:35:51] Package executed successfully. Return code: 0
