[c9c4:0009][2026-05-10T01:02:19] Opening the package for processing
[c9c4:0009][2026-05-10T01:02:19] Using package payload to get the embedded manifest
[c9c4:0009][2026-05-10T01:02:19] Getting list of files within the package
[c9c4:0009][2026-05-10T01:02:19] Processing file /Contents/Common7/IDE/CommonExtensions/Microsoft/CS/VCSharp_Proj_System_Reg_ProjectFactory.pkgdef
[c9c4:0009][2026-05-10T01:02:19] Started: Copying file /Contents/Common7/IDE/CommonExtensions/Microsoft/CS/VCSharp_Proj_System_Reg_ProjectFactory.pkgdef to D:\Program Files (x86)\Microsoft Visual Studio\2022\BuildTools\Common7\IDE\CommonExtensions\Microsoft\CS\VCSharp_Proj_System_Reg_ProjectFactory.pkgdef
[c9c4:0009][2026-05-10T01:02:19] Completed: Copying file /Contents/Common7/IDE/CommonExtensions/Microsoft/CS/VCSharp_Proj_System_Reg_ProjectFactory.pkgdef to D:\Program Files (x86)\Microsoft Visual Studio\2022\BuildTools\Common7\IDE\CommonExtensions\Microsoft\CS\VCSharp_Proj_System_Reg_ProjectFactory.pkgdef
[c9c4:0009][2026-05-10T01:02:19] Timestamp updated for file 'D:\Program Files (x86)\Microsoft Visual Studio\2022\BuildTools\Common7\IDE\CommonExtensions\Microsoft\CS\VCSharp_Proj_System_Reg_ProjectFactory.pkgdef'.
[c9c4:0009][2026-05-10T01:02:19] Processing file /Contents/Common7/IDE/Script%20Diagnostics/x86/DiagnosticsRemoteHelper.dll
[c9c4:0009][2026-05-10T01:02:19] Started: Copying file /Contents/Common7/IDE/Script%20Diagnostics/x86/DiagnosticsRemoteHelper.dll to D:\Program Files (x86)\Microsoft Visual Studio\2022\BuildTools\Common7\IDE\Script Diagnostics\x86\DiagnosticsRemoteHelper.dll
[c9c4:0009][2026-05-10T01:02:19] Completed: Copying file /Contents/Common7/IDE/Script%20Diagnostics/x86/DiagnosticsRemoteHelper.dll to D:\Program Files (x86)\Microsoft Visual Studio\2022\BuildTools\Common7\IDE\Script Diagnostics\x86\DiagnosticsRemoteHelper.dll
[c9c4:0009][2026-05-10T01:02:19] Timestamp updated for file 'D:\Program Files (x86)\Microsoft Visual Studio\2022\BuildTools\Common7\IDE\Script Diagnostics\x86\DiagnosticsRemoteHelper.dll'.
[c9c4:0009][2026-05-10T01:02:19] Processing file /Contents/Common7/IDE/Xml/Microsoft.XslDebugger.dll
[c9c4:0009][2026-05-10T01:02:19] Started: Copying file /Contents/Common7/IDE/Xml/Microsoft.XslDebugger.dll to D:\Program Files (x86)\Microsoft Visual Studio\2022\BuildTools\Common7\IDE\Xml\Microsoft.XslDebugger.dll
[c9c4:0009][2026-05-10T01:02:19] Completed: Copying file /Contents/Common7/IDE/Xml/Microsoft.XslDebugger.dll to D:\Program Files (x86)\Microsoft Visual Studio\2022\BuildTools\Common7\IDE\Xml\Microsoft.XslDebugger.dll
[c9c4:0009][2026-05-10T01:02:19] Timestamp updated for file 'D:\Program Files (x86)\Microsoft Visual Studio\2022\BuildTools\Common7\IDE\Xml\Microsoft.XslDebugger.dll'.
[c9c4:0009][2026-05-10T01:02:19] Processing file /Contents/Common7/IDE/Xml/Microsoft.XslDebugger.Host.exe
[c9c4:0009][2026-05-10T01:02:19] Started: Copying file /Contents/Common7/IDE/Xml/Microsoft.XslDebugger.Host.exe to D:\Program Files (x86)\Microsoft Visual Studio\2022\BuildTools\Common7\IDE\Xml\Microsoft.XslDebugger.Host.exe
[c9c4:0009][2026-05-10T01:02:19] Completed: Copying file /Contents/Common7/IDE/Xml/Microsoft.XslDebugger.Host.exe to D:\Program Files (x86)\Microsoft Visual Studio\2022\BuildTools\Common7\IDE\Xml\Microsoft.XslDebugger.Host.exe
[c9c4:0009][2026-05-10T01:02:19] Timestamp updated for file 'D:\Program Files (x86)\Microsoft Visual Studio\2022\BuildTools\Common7\IDE\Xml\Microsoft.XslDebugger.Host.exe'.
[c9c4:0009][2026-05-10T01:02:19] Package executed successfully. Return code: 0
