[3c7c:000c][2026-05-10T01:35:55] Opening the package for processing
[3c7c:000c][2026-05-10T01:35:55] Using package payload to get the embedded manifest
[3c7c:000c][2026-05-10T01:35:55] Getting list of files within the package
[3c7c:000c][2026-05-10T01:35:55] Processing file /Contents/Common7/IDE/CommonExtensions/Platform/EditorColors.pkgdef
[3c7c:000c][2026-05-10T01:35:55] Started: Copying file /Contents/Common7/IDE/CommonExtensions/Platform/EditorColors.pkgdef to C:\Program Files (x86)\Microsoft Visual Studio\2022\BuildTools\Common7\IDE\CommonExtensions\Platform\EditorColors.pkgdef
[3c7c:000c][2026-05-10T01:35:55] Completed: Copying file /Contents/Common7/IDE/CommonExtensions/Platform/EditorColors.pkgdef to C:\Program Files (x86)\Microsoft Visual Studio\2022\BuildTools\Common7\IDE\CommonExtensions\Platform\EditorColors.pkgdef
[3c7c:000c][2026-05-10T01:35:55] Timestamp updated for file 'C:\Program Files (x86)\Microsoft Visual Studio\2022\BuildTools\Common7\IDE\CommonExtensions\Platform\EditorColors.pkgdef'.
[3c7c:000c][2026-05-10T01:35:55] Processing file /Contents/Common7/IDE/CommonExtensions/Platform/Shell.Dark.pkgdef
[3c7c:000c][2026-05-10T01:35:55] Started: Copying file /Contents/Common7/IDE/CommonExtensions/Platform/Shell.Dark.pkgdef to C:\Program Files (x86)\Microsoft Visual Studio\2022\BuildTools\Common7\IDE\CommonExtensions\Platform\Shell.Dark.pkgdef
[3c7c:000c][2026-05-10T01:35:55] Completed: Copying file /Contents/Common7/IDE/CommonExtensions/Platform/Shell.Dark.pkgdef to C:\Program Files (x86)\Microsoft Visual Studio\2022\BuildTools\Common7\IDE\CommonExtensions\Platform\Shell.Dark.pkgdef
[3c7c:000c][2026-05-10T01:35:55] Timestamp updated for file 'C:\Program Files (x86)\Microsoft Visual Studio\2022\BuildTools\Common7\IDE\CommonExtensions\Platform\Shell.Dark.pkgdef'.
[3c7c:000c][2026-05-10T01:35:55] Processing file /Contents/Common7/IDE/CommonExtensions/Platform/Shell.HighContrast.pkgdef
[3c7c:000c][2026-05-10T01:35:55] Started: Copying file /Contents/Common7/IDE/CommonExtensions/Platform/Shell.HighContrast.pkgdef to C:\Program Files (x86)\Microsoft Visual Studio\2022\BuildTools\Common7\IDE\CommonExtensions\Platform\Shell.HighContrast.pkgdef
[3c7c:000c][2026-05-10T01:35:55] Completed: Copying file /Contents/Common7/IDE/CommonExtensions/Platform/Shell.HighContrast.pkgdef to C:\Program Files (x86)\Microsoft Visual Studio\2022\BuildTools\Common7\IDE\CommonExtensions\Platform\Shell.HighContrast.pkgdef
[3c7c:000c][2026-05-10T01:35:55] Timestamp updated for file 'C:\Program Files (x86)\Microsoft Visual Studio\2022\BuildTools\Common7\IDE\CommonExtensions\Platform\Shell.HighContrast.pkgdef'.
[3c7c:000c][2026-05-10T01:35:55] Processing file /Contents/Common7/IDE/CommonExtensions/Platform/Shell.Light.pkgdef
[3c7c:000c][2026-05-10T01:35:55] Started: Copying file /Contents/Common7/IDE/CommonExtensions/Platform/Shell.Light.pkgdef to C:\Program Files (x86)\Microsoft Visual Studio\2022\BuildTools\Common7\IDE\CommonExtensions\Platform\Shell.Light.pkgdef
[3c7c:000c][2026-05-10T01:35:55] Completed: Copying file /Contents/Common7/IDE/CommonExtensions/Platform/Shell.Light.pkgdef to C:\Program Files (x86)\Microsoft Visual Studio\2022\BuildTools\Common7\IDE\CommonExtensions\Platform\Shell.Light.pkgdef
[3c7c:000c][2026-05-10T01:35:55] Timestamp updated for file 'C:\Program Files (x86)\Microsoft Visual Studio\2022\BuildTools\Common7\IDE\CommonExtensions\Platform\Shell.Light.pkgdef'.
[3c7c:000c][2026-05-10T01:35:55] Processing file /Contents/Common7/IDE/CommonExtensions/Platform/Shell/Microsoft.VisualStudio.FeatureFlags.pkgdef
[3c7c:000c][2026-05-10T01:35:55] Started: Copying file /Contents/Common7/IDE/CommonExtensions/Platform/Shell/Microsoft.VisualStudio.FeatureFlags.pkgdef to C:\Program Files (x86)\Microsoft Visual Studio\2022\BuildTools\Common7\IDE\CommonExtensions\Platform\Shell\Microsoft.VisualStudio.FeatureFlags.pkgdef
[3c7c:000c][2026-05-10T01:35:55] Completed: Copying file /Contents/Common7/IDE/CommonExtensions/Platform/Shell/Microsoft.VisualStudio.FeatureFlags.pkgdef to C:\Program Files (x86)\Microsoft Visual Studio\2022\BuildTools\Common7\IDE\CommonExtensions\Platform\Shell\Microsoft.VisualStudio.FeatureFlags.pkgdef
[3c7c:000c][2026-05-10T01:35:55] Timestamp updated for file 'C:\Program Files (x86)\Microsoft Visual Studio\2022\BuildTools\Common7\IDE\CommonExtensions\Platform\Shell\Microsoft.VisualStudio.FeatureFlags.pkgdef'.
[3c7c:000c][2026-05-10T01:35:55] Processing file /Contents/Common7/IDE/CommonExtensions/Platform/Shell/Microsoft.VisualStudio.IDE.ToolboxControlsInstaller.pkgdef
[3c7c:000c][2026-05-10T01:35:55] Started: Copying file /Contents/Common7/IDE/CommonExtensions/Platform/Shell/Microsoft.VisualStudio.IDE.ToolboxControlsInstaller.pkgdef to C:\Program Files (x86)\Microsoft Visual Studio\2022\BuildTools\Common7\IDE\CommonExtensions\Platform\Shell\Microsoft.VisualStudio.IDE.ToolboxControlsInstaller.pkgdef
[3c7c:000c][2026-05-10T01:35:55] Completed: Copying file /Contents/Common7/IDE/CommonExtensions/Platform/Shell/Microsoft.VisualStudio.IDE.ToolboxControlsInstaller.pkgdef to C:\Program Files (x86)\Microsoft Visual Studio\2022\BuildTools\Common7\IDE\CommonExtensions\Platform\Shell\Microsoft.VisualStudio.IDE.ToolboxControlsInstaller.pkgdef
[3c7c:000c][2026-05-10T01:35:55] Timestamp updated for file 'C:\Program Files (x86)\Microsoft Visual Studio\2022\BuildTools\Common7\IDE\CommonExtensions\Platform\Shell\Microsoft.VisualStudio.IDE.ToolboxControlsInstaller.pkgdef'.
[3c7c:000c][2026-05-10T01:35:55] Processing file /Contents/Common7/IDE/CommonExtensions/Platform/Shell/Microsoft.VisualStudio.ImageCatalog.imagemanifest
[3c7c:000c][2026-05-10T01:35:55] Started: Copying file /Contents/Common7/IDE/CommonExtensions/Platform/Shell/Microsoft.VisualStudio.ImageCatalog.imagemanifest to C:\Program Files (x86)\Microsoft Visual Studio\2022\BuildTools\Common7\IDE\CommonExtensions\Platform\Shell\Microsoft.VisualStudio.ImageCatalog.imagemanifest
[3c7c:000c][2026-05-10T01:35:55] Completed: Copying file /Contents/Common7/IDE/CommonExtensions/Platform/Shell/Microsoft.VisualStudio.ImageCatalog.imagemanifest to C:\Program Files (x86)\Microsoft Visual Studio\2022\BuildTools\Common7\IDE\CommonExtensions\Platform\Shell\Microsoft.VisualStudio.ImageCatalog.imagemanifest
[3c7c:000c][2026-05-10T01:35:55] Timestamp updated for file 'C:\Program Files (x86)\Microsoft Visual Studio\2022\BuildTools\Common7\IDE\CommonExtensions\Platform\Shell\Microsoft.VisualStudio.ImageCatalog.imagemanifest'.
[3c7c:000c][2026-05-10T01:35:55] Processing file /Contents/Common7/IDE/CommonExtensions/Platform/Shell/Microsoft.VisualStudio.Platform.WindowManagement.pkgdef
[3c7c:000c][2026-05-10T01:35:55] Started: Copying file /Contents/Common7/IDE/CommonExtensions/Platform/Shell/Microsoft.VisualStudio.Platform.WindowManagement.pkgdef to C:\Program Files (x86)\Microsoft Visual Studio\2022\BuildTools\Common7\IDE\CommonExtensions\Platform\Shell\Microsoft.VisualStudio.Platform.WindowManagement.pkgdef
[3c7c:000c][2026-05-10T01:35:55] Completed: Copying file /Contents/Common7/IDE/CommonExtensions/Platform/Shell/Microsoft.VisualStudio.Platform.WindowManagement.pkgdef to C:\Program Files (x86)\Microsoft Visual Studio\2022\BuildTools\Common7\IDE\CommonExtensions\Platform\Shell\Microsoft.VisualStudio.Platform.WindowManagement.pkgdef
[3c7c:000c][2026-05-10T01:35:55] Timestamp updated for file 'C:\Program Files (x86)\Microsoft Visual Studio\2022\BuildTools\Common7\IDE\CommonExtensions\Platform\Shell\Microsoft.VisualStudio.Platform.WindowManagement.pkgdef'.
[3c7c:000c][2026-05-10T01:35:55] Processing file /Contents/Common7/IDE/CommonExtensions/Platform/Shell/Microsoft.VisualStudio.Platform.WindowManagement.ThemeImages.imagemanifest
[3c7c:000c][2026-05-10T01:35:55] Started: Copying file /Contents/Common7/IDE/CommonExtensions/Platform/Shell/Microsoft.VisualStudio.Platform.WindowManagement.ThemeImages.imagemanifest to C:\Program Files (x86)\Microsoft Visual Studio\2022\BuildTools\Common7\IDE\CommonExtensions\Platform\Shell\Microsoft.VisualStudio.Platform.WindowManagement.ThemeImages.imagemanifest
[3c7c:000c][2026-05-10T01:35:55] Completed: Copying file /Contents/Common7/IDE/CommonExtensions/Platform/Shell/Microsoft.VisualStudio.Platform.WindowManagement.ThemeImages.imagemanifest to C:\Program Files (x86)\Microsoft Visual Studio\2022\BuildTools\Common7\IDE\CommonExtensions\Platform\Shell\Microsoft.VisualStudio.Platform.WindowManagement.ThemeImages.imagemanifest
[3c7c:000c][2026-05-10T01:35:55] Timestamp updated for file 'C:\Program Files (x86)\Microsoft Visual Studio\2022\BuildTools\Common7\IDE\CommonExtensions\Platform\Shell\Microsoft.VisualStudio.Platform.WindowManagement.ThemeImages.imagemanifest'.
[3c7c:000c][2026-05-10T01:35:55] Processing file /Contents/Common7/IDE/CommonExtensions/Platform/Shell/Microsoft.VisualStudio.Toolbox.pkgdef
[3c7c:000c][2026-05-10T01:35:55] Started: Copying file /Contents/Common7/IDE/CommonExtensions/Platform/Shell/Microsoft.VisualStudio.Toolbox.pkgdef to C:\Program Files (x86)\Microsoft Visual Studio\2022\BuildTools\Common7\IDE\CommonExtensions\Platform\Shell\Microsoft.VisualStudio.Toolbox.pkgdef
[3c7c:000c][2026-05-10T01:35:55] Completed: Copying file /Contents/Common7/IDE/CommonExtensions/Platform/Shell/Microsoft.VisualStudio.Toolbox.pkgdef to C:\Program Files (x86)\Microsoft Visual Studio\2022\BuildTools\Common7\IDE\CommonExtensions\Platform\Shell\Microsoft.VisualStudio.Toolbox.pkgdef
[3c7c:000c][2026-05-10T01:35:55] Timestamp updated for file 'C:\Program Files (x86)\Microsoft Visual Studio\2022\BuildTools\Common7\IDE\CommonExtensions\Platform\Shell\Microsoft.VisualStudio.Toolbox.pkgdef'.
[3c7c:000c][2026-05-10T01:35:55] Processing file /Contents/Common7/IDE/CommonExtensions/Platform/Theme.Blue.ExtraContrast.pkgdef
[3c7c:000c][2026-05-10T01:35:55] Started: Copying file /Contents/Common7/IDE/CommonExtensions/Platform/Theme.Blue.ExtraContrast.pkgdef to C:\Program Files (x86)\Microsoft Visual Studio\2022\BuildTools\Common7\IDE\CommonExtensions\Platform\Theme.Blue.ExtraContrast.pkgdef
[3c7c:000c][2026-05-10T01:35:55] Completed: Copying file /Contents/Common7/IDE/CommonExtensions/Platform/Theme.Blue.ExtraContrast.pkgdef to C:\Program Files (x86)\Microsoft Visual Studio\2022\BuildTools\Common7\IDE\CommonExtensions\Platform\Theme.Blue.ExtraContrast.pkgdef
[3c7c:000c][2026-05-10T01:35:55] Timestamp updated for file 'C:\Program Files (x86)\Microsoft Visual Studio\2022\BuildTools\Common7\IDE\CommonExtensions\Platform\Theme.Blue.ExtraContrast.pkgdef'.
[3c7c:000c][2026-05-10T01:35:55] Processing file /Contents/Common7/IDE/CommonExtensions/Platform/Theme.Blue.pkgdef
[3c7c:000c][2026-05-10T01:35:55] Started: Copying file /Contents/Common7/IDE/CommonExtensions/Platform/Theme.Blue.pkgdef to C:\Program Files (x86)\Microsoft Visual Studio\2022\BuildTools\Common7\IDE\CommonExtensions\Platform\Theme.Blue.pkgdef
[3c7c:000c][2026-05-10T01:35:55] Completed: Copying file /Contents/Common7/IDE/CommonExtensions/Platform/Theme.Blue.pkgdef to C:\Program Files (x86)\Microsoft Visual Studio\2022\BuildTools\Common7\IDE\CommonExtensions\Platform\Theme.Blue.pkgdef
[3c7c:000c][2026-05-10T01:35:55] Timestamp updated for file 'C:\Program Files (x86)\Microsoft Visual Studio\2022\BuildTools\Common7\IDE\CommonExtensions\Platform\Theme.Blue.pkgdef'.
[3c7c:000c][2026-05-10T01:35:55] Processing file /Contents/Common7/IDE/CommonExtensions/Platform/Theme.Bubblegum.pkgdef
[3c7c:000c][2026-05-10T01:35:55] Started: Copying file /Contents/Common7/IDE/CommonExtensions/Platform/Theme.Bubblegum.pkgdef to C:\Program Files (x86)\Microsoft Visual Studio\2022\BuildTools\Common7\IDE\CommonExtensions\Platform\Theme.Bubblegum.pkgdef
[3c7c:000c][2026-05-10T01:35:55] Completed: Copying file /Contents/Common7/IDE/CommonExtensions/Platform/Theme.Bubblegum.pkgdef to C:\Program Files (x86)\Microsoft Visual Studio\2022\BuildTools\Common7\IDE\CommonExtensions\Platform\Theme.Bubblegum.pkgdef
[3c7c:000c][2026-05-10T01:35:55] Timestamp updated for file 'C:\Program Files (x86)\Microsoft Visual Studio\2022\BuildTools\Common7\IDE\CommonExtensions\Platform\Theme.Bubblegum.pkgdef'.
[3c7c:000c][2026-05-10T01:35:55] Processing file /Contents/Common7/IDE/CommonExtensions/Platform/Theme.CoolBreeze.pkgdef
[3c7c:000c][2026-05-10T01:35:55] Started: Copying file /Contents/Common7/IDE/CommonExtensions/Platform/Theme.CoolBreeze.pkgdef to C:\Program Files (x86)\Microsoft Visual Studio\2022\BuildTools\Common7\IDE\CommonExtensions\Platform\Theme.CoolBreeze.pkgdef
[3c7c:000c][2026-05-10T01:35:55] Completed: Copying file /Contents/Common7/IDE/CommonExtensions/Platform/Theme.CoolBreeze.pkgdef to C:\Program Files (x86)\Microsoft Visual Studio\2022\BuildTools\Common7\IDE\CommonExtensions\Platform\Theme.CoolBreeze.pkgdef
[3c7c:000c][2026-05-10T01:35:55] Timestamp updated for file 'C:\Program Files (x86)\Microsoft Visual Studio\2022\BuildTools\Common7\IDE\CommonExtensions\Platform\Theme.CoolBreeze.pkgdef'.
[3c7c:000c][2026-05-10T01:35:55] Processing file /Contents/Common7/IDE/CommonExtensions/Platform/Theme.CoolSlate.pkgdef
[3c7c:000c][2026-05-10T01:35:55] Started: Copying file /Contents/Common7/IDE/CommonExtensions/Platform/Theme.CoolSlate.pkgdef to C:\Program Files (x86)\Microsoft Visual Studio\2022\BuildTools\Common7\IDE\CommonExtensions\Platform\Theme.CoolSlate.pkgdef
[3c7c:000c][2026-05-10T01:35:55] Completed: Copying file /Contents/Common7/IDE/CommonExtensions/Platform/Theme.CoolSlate.pkgdef to C:\Program Files (x86)\Microsoft Visual Studio\2022\BuildTools\Common7\IDE\CommonExtensions\Platform\Theme.CoolSlate.pkgdef
[3c7c:000c][2026-05-10T01:35:55] Timestamp updated for file 'C:\Program Files (x86)\Microsoft Visual Studio\2022\BuildTools\Common7\IDE\CommonExtensions\Platform\Theme.CoolSlate.pkgdef'.
[3c7c:000c][2026-05-10T01:35:55] Processing file /Contents/Common7/IDE/CommonExtensions/Platform/Theme.Dark.pkgdef
[3c7c:000c][2026-05-10T01:35:55] Started: Copying file /Contents/Common7/IDE/CommonExtensions/Platform/Theme.Dark.pkgdef to C:\Program Files (x86)\Microsoft Visual Studio\2022\BuildTools\Common7\IDE\CommonExtensions\Platform\Theme.Dark.pkgdef
[3c7c:000c][2026-05-10T01:35:55] Completed: Copying file /Contents/Common7/IDE/CommonExtensions/Platform/Theme.Dark.pkgdef to C:\Program Files (x86)\Microsoft Visual Studio\2022\BuildTools\Common7\IDE\CommonExtensions\Platform\Theme.Dark.pkgdef
[3c7c:000c][2026-05-10T01:35:55] Timestamp updated for file 'C:\Program Files (x86)\Microsoft Visual Studio\2022\BuildTools\Common7\IDE\CommonExtensions\Platform\Theme.Dark.pkgdef'.
[3c7c:000c][2026-05-10T01:35:55] Processing file /Contents/Common7/IDE/CommonExtensions/Platform/Theme.HighContrast.pkgdef
[3c7c:000c][2026-05-10T01:35:55] Started: Copying file /Contents/Common7/IDE/CommonExtensions/Platform/Theme.HighContrast.pkgdef to C:\Program Files (x86)\Microsoft Visual Studio\2022\BuildTools\Common7\IDE\CommonExtensions\Platform\Theme.HighContrast.pkgdef
[3c7c:000c][2026-05-10T01:35:55] Completed: Copying file /Contents/Common7/IDE/CommonExtensions/Platform/Theme.HighContrast.pkgdef to C:\Program Files (x86)\Microsoft Visual Studio\2022\BuildTools\Common7\IDE\CommonExtensions\Platform\Theme.HighContrast.pkgdef
[3c7c:000c][2026-05-10T01:35:55] Timestamp updated for file 'C:\Program Files (x86)\Microsoft Visual Studio\2022\BuildTools\Common7\IDE\CommonExtensions\Platform\Theme.HighContrast.pkgdef'.
[3c7c:000c][2026-05-10T01:35:55] Processing file /Contents/Common7/IDE/CommonExtensions/Platform/Theme.IcyMint.pkgdef
[3c7c:000c][2026-05-10T01:35:55] Started: Copying file /Contents/Common7/IDE/CommonExtensions/Platform/Theme.IcyMint.pkgdef to C:\Program Files (x86)\Microsoft Visual Studio\2022\BuildTools\Common7\IDE\CommonExtensions\Platform\Theme.IcyMint.pkgdef
[3c7c:000c][2026-05-10T01:35:55] Completed: Copying file /Contents/Common7/IDE/CommonExtensions/Platform/Theme.IcyMint.pkgdef to C:\Program Files (x86)\Microsoft Visual Studio\2022\BuildTools\Common7\IDE\CommonExtensions\Platform\Theme.IcyMint.pkgdef
[3c7c:000c][2026-05-10T01:35:55] Timestamp updated for file 'C:\Program Files (x86)\Microsoft Visual Studio\2022\BuildTools\Common7\IDE\CommonExtensions\Platform\Theme.IcyMint.pkgdef'.
[3c7c:000c][2026-05-10T01:35:55] Processing file /Contents/Common7/IDE/CommonExtensions/Platform/Theme.JuicyPlum.pkgdef
[3c7c:000c][2026-05-10T01:35:55] Started: Copying file /Contents/Common7/IDE/CommonExtensions/Platform/Theme.JuicyPlum.pkgdef to C:\Program Files (x86)\Microsoft Visual Studio\2022\BuildTools\Common7\IDE\CommonExtensions\Platform\Theme.JuicyPlum.pkgdef
[3c7c:000c][2026-05-10T01:35:55] Completed: Copying file /Contents/Common7/IDE/CommonExtensions/Platform/Theme.JuicyPlum.pkgdef to C:\Program Files (x86)\Microsoft Visual Studio\2022\BuildTools\Common7\IDE\CommonExtensions\Platform\Theme.JuicyPlum.pkgdef
[3c7c:000c][2026-05-10T01:35:55] Timestamp updated for file 'C:\Program Files (x86)\Microsoft Visual Studio\2022\BuildTools\Common7\IDE\CommonExtensions\Platform\Theme.JuicyPlum.pkgdef'.
[3c7c:000c][2026-05-10T01:35:55] Processing file /Contents/Common7/IDE/CommonExtensions/Platform/Theme.Light.pkgdef
[3c7c:000c][2026-05-10T01:35:55] Started: Copying file /Contents/Common7/IDE/CommonExtensions/Platform/Theme.Light.pkgdef to C:\Program Files (x86)\Microsoft Visual Studio\2022\BuildTools\Common7\IDE\CommonExtensions\Platform\Theme.Light.pkgdef
[3c7c:000c][2026-05-10T01:35:55] Completed: Copying file /Contents/Common7/IDE/CommonExtensions/Platform/Theme.Light.pkgdef to C:\Program Files (x86)\Microsoft Visual Studio\2022\BuildTools\Common7\IDE\CommonExtensions\Platform\Theme.Light.pkgdef
[3c7c:000c][2026-05-10T01:35:55] Timestamp updated for file 'C:\Program Files (x86)\Microsoft Visual Studio\2022\BuildTools\Common7\IDE\CommonExtensions\Platform\Theme.Light.pkgdef'.
[3c7c:000c][2026-05-10T01:35:55] Processing file /Contents/Common7/IDE/CommonExtensions/Platform/Theme.MangoParadise.pkgdef
[3c7c:000c][2026-05-10T01:35:55] Started: Copying file /Contents/Common7/IDE/CommonExtensions/Platform/Theme.MangoParadise.pkgdef to C:\Program Files (x86)\Microsoft Visual Studio\2022\BuildTools\Common7\IDE\CommonExtensions\Platform\Theme.MangoParadise.pkgdef
[3c7c:000c][2026-05-10T01:35:55] Completed: Copying file /Contents/Common7/IDE/CommonExtensions/Platform/Theme.MangoParadise.pkgdef to C:\Program Files (x86)\Microsoft Visual Studio\2022\BuildTools\Common7\IDE\CommonExtensions\Platform\Theme.MangoParadise.pkgdef
[3c7c:000c][2026-05-10T01:35:55] Timestamp updated for file 'C:\Program Files (x86)\Microsoft Visual Studio\2022\BuildTools\Common7\IDE\CommonExtensions\Platform\Theme.MangoParadise.pkgdef'.
[3c7c:000c][2026-05-10T01:35:55] Processing file /Contents/Common7/IDE/CommonExtensions/Platform/Theme.MoonlightGlow.pkgdef
[3c7c:000c][2026-05-10T01:35:55] Started: Copying file /Contents/Common7/IDE/CommonExtensions/Platform/Theme.MoonlightGlow.pkgdef to C:\Program Files (x86)\Microsoft Visual Studio\2022\BuildTools\Common7\IDE\CommonExtensions\Platform\Theme.MoonlightGlow.pkgdef
[3c7c:000c][2026-05-10T01:35:55] Completed: Copying file /Contents/Common7/IDE/CommonExtensions/Platform/Theme.MoonlightGlow.pkgdef to C:\Program Files (x86)\Microsoft Visual Studio\2022\BuildTools\Common7\IDE\CommonExtensions\Platform\Theme.MoonlightGlow.pkgdef
[3c7c:000c][2026-05-10T01:35:55] Timestamp updated for file 'C:\Program Files (x86)\Microsoft Visual Studio\2022\BuildTools\Common7\IDE\CommonExtensions\Platform\Theme.MoonlightGlow.pkgdef'.
[3c7c:000c][2026-05-10T01:35:55] Processing file /Contents/Common7/IDE/CommonExtensions/Platform/Theme.MysticalForest.pkgdef
[3c7c:000c][2026-05-10T01:35:55] Started: Copying file /Contents/Common7/IDE/CommonExtensions/Platform/Theme.MysticalForest.pkgdef to C:\Program Files (x86)\Microsoft Visual Studio\2022\BuildTools\Common7\IDE\CommonExtensions\Platform\Theme.MysticalForest.pkgdef
[3c7c:000c][2026-05-10T01:35:55] Completed: Copying file /Contents/Common7/IDE/CommonExtensions/Platform/Theme.MysticalForest.pkgdef to C:\Program Files (x86)\Microsoft Visual Studio\2022\BuildTools\Common7\IDE\CommonExtensions\Platform\Theme.MysticalForest.pkgdef
[3c7c:000c][2026-05-10T01:35:55] Timestamp updated for file 'C:\Program Files (x86)\Microsoft Visual Studio\2022\BuildTools\Common7\IDE\CommonExtensions\Platform\Theme.MysticalForest.pkgdef'.
[3c7c:000c][2026-05-10T01:35:55] Processing file /Contents/Common7/IDE/CommonExtensions/Platform/Theme.Registration.pkgdef
[3c7c:000c][2026-05-10T01:35:55] Started: Copying file /Contents/Common7/IDE/CommonExtensions/Platform/Theme.Registration.pkgdef to C:\Program Files (x86)\Microsoft Visual Studio\2022\BuildTools\Common7\IDE\CommonExtensions\Platform\Theme.Registration.pkgdef
[3c7c:000c][2026-05-10T01:35:55] Completed: Copying file /Contents/Common7/IDE/CommonExtensions/Platform/Theme.Registration.pkgdef to C:\Program Files (x86)\Microsoft Visual Studio\2022\BuildTools\Common7\IDE\CommonExtensions\Platform\Theme.Registration.pkgdef
[3c7c:000c][2026-05-10T01:35:55] Timestamp updated for file 'C:\Program Files (x86)\Microsoft Visual Studio\2022\BuildTools\Common7\IDE\CommonExtensions\Platform\Theme.Registration.pkgdef'.
[3c7c:000c][2026-05-10T01:35:55] Processing file /Contents/Common7/IDE/CommonExtensions/Platform/Theme.SilkyPink.pkgdef
[3c7c:000c][2026-05-10T01:35:55] Started: Copying file /Contents/Common7/IDE/CommonExtensions/Platform/Theme.SilkyPink.pkgdef to C:\Program Files (x86)\Microsoft Visual Studio\2022\BuildTools\Common7\IDE\CommonExtensions\Platform\Theme.SilkyPink.pkgdef
[3c7c:000c][2026-05-10T01:35:55] Completed: Copying file /Contents/Common7/IDE/CommonExtensions/Platform/Theme.SilkyPink.pkgdef to C:\Program Files (x86)\Microsoft Visual Studio\2022\BuildTools\Common7\IDE\CommonExtensions\Platform\Theme.SilkyPink.pkgdef
[3c7c:000c][2026-05-10T01:35:55] Timestamp updated for file 'C:\Program Files (x86)\Microsoft Visual Studio\2022\BuildTools\Common7\IDE\CommonExtensions\Platform\Theme.SilkyPink.pkgdef'.
[3c7c:000c][2026-05-10T01:35:55] Processing file /Contents/Common7/IDE/CommonExtensions/Platform/Theme.SpicyRed.pkgdef
[3c7c:000c][2026-05-10T01:35:55] Started: Copying file /Contents/Common7/IDE/CommonExtensions/Platform/Theme.SpicyRed.pkgdef to C:\Program Files (x86)\Microsoft Visual Studio\2022\BuildTools\Common7\IDE\CommonExtensions\Platform\Theme.SpicyRed.pkgdef
[3c7c:000c][2026-05-10T01:35:55] Completed: Copying file /Contents/Common7/IDE/CommonExtensions/Platform/Theme.SpicyRed.pkgdef to C:\Program Files (x86)\Microsoft Visual Studio\2022\BuildTools\Common7\IDE\CommonExtensions\Platform\Theme.SpicyRed.pkgdef
[3c7c:000c][2026-05-10T01:35:55] Timestamp updated for file 'C:\Program Files (x86)\Microsoft Visual Studio\2022\BuildTools\Common7\IDE\CommonExtensions\Platform\Theme.SpicyRed.pkgdef'.
[3c7c:000c][2026-05-10T01:35:55] Processing file /Contents/Common7/IDE/CommonExtensions/Platform/Theme.SunnyDay.pkgdef
[3c7c:000c][2026-05-10T01:35:55] Started: Copying file /Contents/Common7/IDE/CommonExtensions/Platform/Theme.SunnyDay.pkgdef to C:\Program Files (x86)\Microsoft Visual Studio\2022\BuildTools\Common7\IDE\CommonExtensions\Platform\Theme.SunnyDay.pkgdef
[3c7c:000c][2026-05-10T01:35:55] Completed: Copying file /Contents/Common7/IDE/CommonExtensions/Platform/Theme.SunnyDay.pkgdef to C:\Program Files (x86)\Microsoft Visual Studio\2022\BuildTools\Common7\IDE\CommonExtensions\Platform\Theme.SunnyDay.pkgdef
[3c7c:000c][2026-05-10T01:35:55] Timestamp updated for file 'C:\Program Files (x86)\Microsoft Visual Studio\2022\BuildTools\Common7\IDE\CommonExtensions\Platform\Theme.SunnyDay.pkgdef'.
[3c7c:000c][2026-05-10T01:35:55] Processing file /Contents/Common7/IDE/DefaultLayout.winprf
[3c7c:000c][2026-05-10T01:35:55] Started: Copying file /Contents/Common7/IDE/DefaultLayout.winprf to C:\Program Files (x86)\Microsoft Visual Studio\2022\BuildTools\Common7\IDE\DefaultLayout.winprf
[3c7c:000c][2026-05-10T01:35:55] Completed: Copying file /Contents/Common7/IDE/DefaultLayout.winprf to C:\Program Files (x86)\Microsoft Visual Studio\2022\BuildTools\Common7\IDE\DefaultLayout.winprf
[3c7c:000c][2026-05-10T01:35:55] Timestamp updated for file 'C:\Program Files (x86)\Microsoft Visual Studio\2022\BuildTools\Common7\IDE\DefaultLayout.winprf'.
[3c7c:000c][2026-05-10T01:35:55] Processing file /Contents/Common7/IDE/en/Microsoft.VisualStudio.ImageCatalog.resources.dll
[3c7c:000c][2026-05-10T01:35:55] Started: Copying file /Contents/Common7/IDE/en/Microsoft.VisualStudio.ImageCatalog.resources.dll to C:\Program Files (x86)\Microsoft Visual Studio\2022\BuildTools\Common7\IDE\en\Microsoft.VisualStudio.ImageCatalog.resources.dll
[3c7c:000c][2026-05-10T01:35:56] Completed: Copying file /Contents/Common7/IDE/en/Microsoft.VisualStudio.ImageCatalog.resources.dll to C:\Program Files (x86)\Microsoft Visual Studio\2022\BuildTools\Common7\IDE\en\Microsoft.VisualStudio.ImageCatalog.resources.dll
[3c7c:000c][2026-05-10T01:35:56] Timestamp updated for file 'C:\Program Files (x86)\Microsoft Visual Studio\2022\BuildTools\Common7\IDE\en\Microsoft.VisualStudio.ImageCatalog.resources.dll'.
[3c7c:000c][2026-05-10T01:35:56] Processing file /Contents/Common7/IDE/Microsoft.VisualStudio.ImageCatalog.dll
[3c7c:000c][2026-05-10T01:35:56] Started: Copying file /Contents/Common7/IDE/Microsoft.VisualStudio.ImageCatalog.dll to C:\Program Files (x86)\Microsoft Visual Studio\2022\BuildTools\Common7\IDE\Microsoft.VisualStudio.ImageCatalog.dll
[3c7c:000c][2026-05-10T01:35:56] Completed: Copying file /Contents/Common7/IDE/Microsoft.VisualStudio.ImageCatalog.dll to C:\Program Files (x86)\Microsoft Visual Studio\2022\BuildTools\Common7\IDE\Microsoft.VisualStudio.ImageCatalog.dll
[3c7c:000c][2026-05-10T01:35:56] Timestamp updated for file 'C:\Program Files (x86)\Microsoft Visual Studio\2022\BuildTools\Common7\IDE\Microsoft.VisualStudio.ImageCatalog.dll'.
[3c7c:000c][2026-05-10T01:35:56] Queueing C:\Program Files (x86)\Microsoft Visual Studio\2022\BuildTools\Common7\IDE\Microsoft.VisualStudio.ImageCatalog.dll for X86 ngen
[3c7c:000c][2026-05-10T01:35:56] Successfully queued file '/Contents/Common7/IDE/Microsoft.VisualStudio.ImageCatalog.dll' for ngen
[3c7c:000c][2026-05-10T01:35:56] Processing file /Contents/Common7/IDE/Microsoft.VisualStudio.Imaging.dll
[3c7c:000c][2026-05-10T01:35:56] Started: Copying file /Contents/Common7/IDE/Microsoft.VisualStudio.Imaging.dll to C:\Program Files (x86)\Microsoft Visual Studio\2022\BuildTools\Common7\IDE\Microsoft.VisualStudio.Imaging.dll
[3c7c:000c][2026-05-10T01:35:56] Completed: Copying file /Contents/Common7/IDE/Microsoft.VisualStudio.Imaging.dll to C:\Program Files (x86)\Microsoft Visual Studio\2022\BuildTools\Common7\IDE\Microsoft.VisualStudio.Imaging.dll
[3c7c:000c][2026-05-10T01:35:56] Timestamp updated for file 'C:\Program Files (x86)\Microsoft Visual Studio\2022\BuildTools\Common7\IDE\Microsoft.VisualStudio.Imaging.dll'.
[3c7c:000c][2026-05-10T01:35:56] Queueing C:\Program Files (x86)\Microsoft Visual Studio\2022\BuildTools\Common7\IDE\Microsoft.VisualStudio.Imaging.dll for X86 ngen
[3c7c:000c][2026-05-10T01:35:56] Successfully queued file '/Contents/Common7/IDE/Microsoft.VisualStudio.Imaging.dll' for ngen
[3c7c:000c][2026-05-10T01:35:56] Processing file /Contents/Common7/IDE/Microsoft.VisualStudio.Platform.WindowManagement.dll
[3c7c:000c][2026-05-10T01:35:56] Started: Copying file /Contents/Common7/IDE/Microsoft.VisualStudio.Platform.WindowManagement.dll to C:\Program Files (x86)\Microsoft Visual Studio\2022\BuildTools\Common7\IDE\Microsoft.VisualStudio.Platform.WindowManagement.dll
[3c7c:000c][2026-05-10T01:35:56] Completed: Copying file /Contents/Common7/IDE/Microsoft.VisualStudio.Platform.WindowManagement.dll to C:\Program Files (x86)\Microsoft Visual Studio\2022\BuildTools\Common7\IDE\Microsoft.VisualStudio.Platform.WindowManagement.dll
[3c7c:000c][2026-05-10T01:35:56] Timestamp updated for file 'C:\Program Files (x86)\Microsoft Visual Studio\2022\BuildTools\Common7\IDE\Microsoft.VisualStudio.Platform.WindowManagement.dll'.
[3c7c:000c][2026-05-10T01:35:56] Queueing C:\Program Files (x86)\Microsoft Visual Studio\2022\BuildTools\Common7\IDE\Microsoft.VisualStudio.Platform.WindowManagement.dll for X86 ngen
[3c7c:000c][2026-05-10T01:35:56] Successfully queued file '/Contents/Common7/IDE/Microsoft.VisualStudio.Platform.WindowManagement.dll' for ngen
[3c7c:000c][2026-05-10T01:35:56] Processing file /Contents/Common7/IDE/Microsoft.VisualStudio.Shell.Styles.dll
[3c7c:000c][2026-05-10T01:35:56] Started: Copying file /Contents/Common7/IDE/Microsoft.VisualStudio.Shell.Styles.dll to C:\Program Files (x86)\Microsoft Visual Studio\2022\BuildTools\Common7\IDE\Microsoft.VisualStudio.Shell.Styles.dll
[3c7c:000c][2026-05-10T01:35:56] Completed: Copying file /Contents/Common7/IDE/Microsoft.VisualStudio.Shell.Styles.dll to C:\Program Files (x86)\Microsoft Visual Studio\2022\BuildTools\Common7\IDE\Microsoft.VisualStudio.Shell.Styles.dll
[3c7c:000c][2026-05-10T01:35:56] Timestamp updated for file 'C:\Program Files (x86)\Microsoft Visual Studio\2022\BuildTools\Common7\IDE\Microsoft.VisualStudio.Shell.Styles.dll'.
[3c7c:000c][2026-05-10T01:35:56] Processing file /Contents/Common7/IDE/Microsoft.VisualStudio.Utilities.dll
[3c7c:000c][2026-05-10T01:35:56] Started: Copying file /Contents/Common7/IDE/Microsoft.VisualStudio.Utilities.dll to C:\Program Files (x86)\Microsoft Visual Studio\2022\BuildTools\Common7\IDE\Microsoft.VisualStudio.Utilities.dll
[3c7c:000c][2026-05-10T01:35:56] Completed: Copying file /Contents/Common7/IDE/Microsoft.VisualStudio.Utilities.dll to C:\Program Files (x86)\Microsoft Visual Studio\2022\BuildTools\Common7\IDE\Microsoft.VisualStudio.Utilities.dll
[3c7c:000c][2026-05-10T01:35:56] Timestamp updated for file 'C:\Program Files (x86)\Microsoft Visual Studio\2022\BuildTools\Common7\IDE\Microsoft.VisualStudio.Utilities.dll'.
[3c7c:000c][2026-05-10T01:35:56] Queueing C:\Program Files (x86)\Microsoft Visual Studio\2022\BuildTools\Common7\IDE\Microsoft.VisualStudio.Utilities.dll for X86 ngen
[3c7c:000c][2026-05-10T01:35:56] Successfully queued file '/Contents/Common7/IDE/Microsoft.VisualStudio.Utilities.dll' for ngen
[3c7c:000c][2026-05-10T01:35:56] Processing file /Contents/Common7/IDE/Microsoft.WizardFramework.dll
[3c7c:000c][2026-05-10T01:35:56] Started: Copying file /Contents/Common7/IDE/Microsoft.WizardFramework.dll to C:\Program Files (x86)\Microsoft Visual Studio\2022\BuildTools\Common7\IDE\Microsoft.WizardFramework.dll
[3c7c:000c][2026-05-10T01:35:56] Completed: Copying file /Contents/Common7/IDE/Microsoft.WizardFramework.dll to C:\Program Files (x86)\Microsoft Visual Studio\2022\BuildTools\Common7\IDE\Microsoft.WizardFramework.dll
[3c7c:000c][2026-05-10T01:35:56] Timestamp updated for file 'C:\Program Files (x86)\Microsoft Visual Studio\2022\BuildTools\Common7\IDE\Microsoft.WizardFramework.dll'.
[3c7c:000c][2026-05-10T01:35:56] Processing file /Contents/Common7/IDE/Microsoft.WizardFrameworkVS.dll
[3c7c:000c][2026-05-10T01:35:56] Started: Copying file /Contents/Common7/IDE/Microsoft.WizardFrameworkVS.dll to C:\Program Files (x86)\Microsoft Visual Studio\2022\BuildTools\Common7\IDE\Microsoft.WizardFrameworkVS.dll
[3c7c:000c][2026-05-10T01:35:56] Completed: Copying file /Contents/Common7/IDE/Microsoft.WizardFrameworkVS.dll to C:\Program Files (x86)\Microsoft Visual Studio\2022\BuildTools\Common7\IDE\Microsoft.WizardFrameworkVS.dll
[3c7c:000c][2026-05-10T01:35:56] Timestamp updated for file 'C:\Program Files (x86)\Microsoft Visual Studio\2022\BuildTools\Common7\IDE\Microsoft.WizardFrameworkVS.dll'.
[3c7c:000c][2026-05-10T01:35:56] Processing file /Contents/Common7/IDE/PrivateAssemblies/Microsoft.Internal.VisualStudio.Shell.Framework.dll
[3c7c:000c][2026-05-10T01:35:56] Started: Copying file /Contents/Common7/IDE/PrivateAssemblies/Microsoft.Internal.VisualStudio.Shell.Framework.dll to C:\Program Files (x86)\Microsoft Visual Studio\2022\BuildTools\Common7\IDE\PrivateAssemblies\Microsoft.Internal.VisualStudio.Shell.Framework.dll
[3c7c:000c][2026-05-10T01:35:56] Completed: Copying file /Contents/Common7/IDE/PrivateAssemblies/Microsoft.Internal.VisualStudio.Shell.Framework.dll to C:\Program Files (x86)\Microsoft Visual Studio\2022\BuildTools\Common7\IDE\PrivateAssemblies\Microsoft.Internal.VisualStudio.Shell.Framework.dll
[3c7c:000c][2026-05-10T01:35:56] Timestamp updated for file 'C:\Program Files (x86)\Microsoft Visual Studio\2022\BuildTools\Common7\IDE\PrivateAssemblies\Microsoft.Internal.VisualStudio.Shell.Framework.dll'.
[3c7c:000c][2026-05-10T01:35:56] Queueing C:\Program Files (x86)\Microsoft Visual Studio\2022\BuildTools\Common7\IDE\PrivateAssemblies\Microsoft.Internal.VisualStudio.Shell.Framework.dll for X86 ngen
[3c7c:000c][2026-05-10T01:35:56] Successfully queued file '/Contents/Common7/IDE/PrivateAssemblies/Microsoft.Internal.VisualStudio.Shell.Framework.dll' for ngen
[3c7c:000c][2026-05-10T01:35:56] Processing file /Contents/Common7/IDE/PrivateAssemblies/Microsoft.Internal.VisualStudio.UserNotifications.dll
[3c7c:000c][2026-05-10T01:35:56] Started: Copying file /Contents/Common7/IDE/PrivateAssemblies/Microsoft.Internal.VisualStudio.UserNotifications.dll to C:\Program Files (x86)\Microsoft Visual Studio\2022\BuildTools\Common7\IDE\PrivateAssemblies\Microsoft.Internal.VisualStudio.UserNotifications.dll
[3c7c:000c][2026-05-10T01:35:56] Completed: Copying file /Contents/Common7/IDE/PrivateAssemblies/Microsoft.Internal.VisualStudio.UserNotifications.dll to C:\Program Files (x86)\Microsoft Visual Studio\2022\BuildTools\Common7\IDE\PrivateAssemblies\Microsoft.Internal.VisualStudio.UserNotifications.dll
[3c7c:000c][2026-05-10T01:35:56] Timestamp updated for file 'C:\Program Files (x86)\Microsoft Visual Studio\2022\BuildTools\Common7\IDE\PrivateAssemblies\Microsoft.Internal.VisualStudio.UserNotifications.dll'.
[3c7c:000c][2026-05-10T01:35:56] Queueing C:\Program Files (x86)\Microsoft Visual Studio\2022\BuildTools\Common7\IDE\PrivateAssemblies\Microsoft.Internal.VisualStudio.UserNotifications.dll for X86 ngen
[3c7c:000c][2026-05-10T01:35:56] Successfully queued file '/Contents/Common7/IDE/PrivateAssemblies/Microsoft.Internal.VisualStudio.UserNotifications.dll' for ngen
[3c7c:000c][2026-05-10T01:35:56] Processing file /Contents/Common7/IDE/PrivateAssemblies/Microsoft.VisualStudio.IDE.ToolboxControlsInstaller.dll
[3c7c:000c][2026-05-10T01:35:56] Started: Copying file /Contents/Common7/IDE/PrivateAssemblies/Microsoft.VisualStudio.IDE.ToolboxControlsInstaller.dll to C:\Program Files (x86)\Microsoft Visual Studio\2022\BuildTools\Common7\IDE\PrivateAssemblies\Microsoft.VisualStudio.IDE.ToolboxControlsInstaller.dll
[3c7c:000c][2026-05-10T01:35:56] Completed: Copying file /Contents/Common7/IDE/PrivateAssemblies/Microsoft.VisualStudio.IDE.ToolboxControlsInstaller.dll to C:\Program Files (x86)\Microsoft Visual Studio\2022\BuildTools\Common7\IDE\PrivateAssemblies\Microsoft.VisualStudio.IDE.ToolboxControlsInstaller.dll
[3c7c:000c][2026-05-10T01:35:56] Timestamp updated for file 'C:\Program Files (x86)\Microsoft Visual Studio\2022\BuildTools\Common7\IDE\PrivateAssemblies\Microsoft.VisualStudio.IDE.ToolboxControlsInstaller.dll'.
[3c7c:000c][2026-05-10T01:35:56] Processing file /Contents/Common7/IDE/PrivateAssemblies/Microsoft.VisualStudio.Toolbox.dll
[3c7c:000c][2026-05-10T01:35:56] Started: Copying file /Contents/Common7/IDE/PrivateAssemblies/Microsoft.VisualStudio.Toolbox.dll to C:\Program Files (x86)\Microsoft Visual Studio\2022\BuildTools\Common7\IDE\PrivateAssemblies\Microsoft.VisualStudio.Toolbox.dll
[3c7c:000c][2026-05-10T01:35:56] Completed: Copying file /Contents/Common7/IDE/PrivateAssemblies/Microsoft.VisualStudio.Toolbox.dll to C:\Program Files (x86)\Microsoft Visual Studio\2022\BuildTools\Common7\IDE\PrivateAssemblies\Microsoft.VisualStudio.Toolbox.dll
[3c7c:000c][2026-05-10T01:35:56] Timestamp updated for file 'C:\Program Files (x86)\Microsoft Visual Studio\2022\BuildTools\Common7\IDE\PrivateAssemblies\Microsoft.VisualStudio.Toolbox.dll'.
[3c7c:000c][2026-05-10T01:35:56] Queueing C:\Program Files (x86)\Microsoft Visual Studio\2022\BuildTools\Common7\IDE\PrivateAssemblies\Microsoft.VisualStudio.Toolbox.dll for X86 ngen
[3c7c:000c][2026-05-10T01:35:56] Successfully queued file '/Contents/Common7/IDE/PrivateAssemblies/Microsoft.VisualStudio.Toolbox.dll' for ngen
[3c7c:000c][2026-05-10T01:35:56] Package executed successfully. Return code: 0
