[0c48:0003][2026-05-10T01:44:47] Using cached package manifest as the embedded manifest
[0c48:0003][2026-05-10T01:44:47] Processing file /Contents/Common7/IDE/PrivateAssemblies/Microsoft.Identity.Client.dll
[0c48:0003][2026-05-10T01:44:47] C:\Program Files (x86)\Microsoft Visual Studio\2022\BuildTools\Common7\IDE\PrivateAssemblies\Microsoft.Identity.Client.dll file deleted.
[0c48:0003][2026-05-10T01:44:47] Processing file /Contents/Common7/IDE/PrivateAssemblies/Microsoft.Identity.Client.Broker.dll
[0c48:0003][2026-05-10T01:44:47] C:\Program Files (x86)\Microsoft Visual Studio\2022\BuildTools\Common7\IDE\PrivateAssemblies\Microsoft.Identity.Client.Broker.dll file deleted.
[0c48:0003][2026-05-10T01:44:47] Processing file /Contents/Common7/IDE/PrivateAssemblies/Microsoft.Identity.Client.NativeInterop.dll
[0c48:0003][2026-05-10T01:44:47] C:\Program Files (x86)\Microsoft Visual Studio\2022\BuildTools\Common7\IDE\PrivateAssemblies\Microsoft.Identity.Client.NativeInterop.dll file deleted.
[0c48:0003][2026-05-10T01:44:47] Processing file /Contents/Common7/IDE/PrivateAssemblies/msalruntime_arm64.dll
[0c48:0003][2026-05-10T01:44:47] C:\Program Files (x86)\Microsoft Visual Studio\2022\BuildTools\Common7\IDE\PrivateAssemblies\msalruntime_arm64.dll file deleted.
[0c48:0003][2026-05-10T01:44:47] Processing file /Contents/Common7/IDE/PrivateAssemblies/msalruntime.dll
[0c48:0003][2026-05-10T01:44:47] C:\Program Files (x86)\Microsoft Visual Studio\2022\BuildTools\Common7\IDE\PrivateAssemblies\msalruntime.dll file deleted.
[0c48:0003][2026-05-10T01:44:47] Processing file /Contents/Common7/IDE/PrivateAssemblies/msalruntime_x86.dll
[0c48:0003][2026-05-10T01:44:47] C:\Program Files (x86)\Microsoft Visual Studio\2022\BuildTools\Common7\IDE\PrivateAssemblies\msalruntime_x86.dll file deleted.
[0c48:0003][2026-05-10T01:44:47] Processing file /Contents/Common7/IDE/PrivateAssemblies/Microsoft.IdentityModel.Abstractions.dll
[0c48:0003][2026-05-10T01:44:47] C:\Program Files (x86)\Microsoft Visual Studio\2022\BuildTools\Common7\IDE\PrivateAssemblies\Microsoft.IdentityModel.Abstractions.dll file deleted.
[0c48:0003][2026-05-10T01:44:47] Processing file /Contents/Common7/IDE/PrivateAssemblies/Microsoft.IdentityModel.Logging.dll
[0c48:0003][2026-05-10T01:44:47] C:\Program Files (x86)\Microsoft Visual Studio\2022\BuildTools\Common7\IDE\PrivateAssemblies\Microsoft.IdentityModel.Logging.dll file deleted.
[0c48:0003][2026-05-10T01:44:47] Processing file /Contents/Common7/IDE/PrivateAssemblies/Microsoft.IdentityModel.Tokens.dll
[0c48:0003][2026-05-10T01:44:47] C:\Program Files (x86)\Microsoft Visual Studio\2022\BuildTools\Common7\IDE\PrivateAssemblies\Microsoft.IdentityModel.Tokens.dll file deleted.
[0c48:0003][2026-05-10T01:44:47] Processing file /Contents/Common7/IDE/PrivateAssemblies/Microsoft.IdentityModel.JsonWebTokens.dll
[0c48:0003][2026-05-10T01:44:47] C:\Program Files (x86)\Microsoft Visual Studio\2022\BuildTools\Common7\IDE\PrivateAssemblies\Microsoft.IdentityModel.JsonWebTokens.dll file deleted.
[0c48:0003][2026-05-10T01:44:47] Processing file /Contents/Common7/IDE/PrivateAssemblies/Microsoft.Identity.Client.Extensions.Msal.dll
[0c48:0003][2026-05-10T01:44:47] C:\Program Files (x86)\Microsoft Visual Studio\2022\BuildTools\Common7\IDE\PrivateAssemblies\Microsoft.Identity.Client.Extensions.Msal.dll file deleted.
[0c48:0003][2026-05-10T01:44:47] Processing file /Contents/Common7/IDE/PrivateAssemblies/System.IdentityModel.Tokens.Jwt.dll
[0c48:0003][2026-05-10T01:44:47] C:\Program Files (x86)\Microsoft Visual Studio\2022\BuildTools\Common7\IDE\PrivateAssemblies\System.IdentityModel.Tokens.Jwt.dll file deleted.
[0c48:0003][2026-05-10T01:44:47] Started: Deleting empty directories
[0c48:0003][2026-05-10T01:44:47] Completed: Deleting empty directories
[0c48:0003][2026-05-10T01:44:47] Package executed successfully. Return code: 0
