[3c7c:000c][2026-05-10T01:35:59] Opening the package for processing
[3c7c:000c][2026-05-10T01:35:59] Using package payload to get the embedded manifest
[3c7c:000c][2026-05-10T01:35:59] Getting list of files within the package
[3c7c:000c][2026-05-10T01:35:59] Processing file /Contents/Common7/IDE/CommonExtensions/Platform/Debugger/CoreCLRDebugEngine.pkgdef
[3c7c:000c][2026-05-10T01:35:59] Started: Copying file /Contents/Common7/IDE/CommonExtensions/Platform/Debugger/CoreCLRDebugEngine.pkgdef to C:\Program Files (x86)\Microsoft Visual Studio\2022\BuildTools\Common7\IDE\CommonExtensions\Platform\Debugger\CoreCLRDebugEngine.pkgdef
[3c7c:000c][2026-05-10T01:35:59] Completed: Copying file /Contents/Common7/IDE/CommonExtensions/Platform/Debugger/CoreCLRDebugEngine.pkgdef to C:\Program Files (x86)\Microsoft Visual Studio\2022\BuildTools\Common7\IDE\CommonExtensions\Platform\Debugger\CoreCLRDebugEngine.pkgdef
[3c7c:000c][2026-05-10T01:35:59] Timestamp updated for file 'C:\Program Files (x86)\Microsoft Visual Studio\2022\BuildTools\Common7\IDE\CommonExtensions\Platform\Debugger\CoreCLRDebugEngine.pkgdef'.
[3c7c:000c][2026-05-10T01:35:59] Processing file /Contents/Common7/IDE/CommonExtensions/Platform/Debugger/DotNetDebugger.pkgdef
[3c7c:000c][2026-05-10T01:35:59] Started: Copying file /Contents/Common7/IDE/CommonExtensions/Platform/Debugger/DotNetDebugger.pkgdef to C:\Program Files (x86)\Microsoft Visual Studio\2022\BuildTools\Common7\IDE\CommonExtensions\Platform\Debugger\DotNetDebugger.pkgdef
[3c7c:000c][2026-05-10T01:35:59] Completed: Copying file /Contents/Common7/IDE/CommonExtensions/Platform/Debugger/DotNetDebugger.pkgdef to C:\Program Files (x86)\Microsoft Visual Studio\2022\BuildTools\Common7\IDE\CommonExtensions\Platform\Debugger\DotNetDebugger.pkgdef
[3c7c:000c][2026-05-10T01:35:59] Timestamp updated for file 'C:\Program Files (x86)\Microsoft Visual Studio\2022\BuildTools\Common7\IDE\CommonExtensions\Platform\Debugger\DotNetDebugger.pkgdef'.
[3c7c:000c][2026-05-10T01:35:59] Processing file /Contents/Common7/IDE/CommonExtensions/Platform/Debugger/MonoDebugEngine.pkgdef
[3c7c:000c][2026-05-10T01:35:59] Started: Copying file /Contents/Common7/IDE/CommonExtensions/Platform/Debugger/MonoDebugEngine.pkgdef to C:\Program Files (x86)\Microsoft Visual Studio\2022\BuildTools\Common7\IDE\CommonExtensions\Platform\Debugger\MonoDebugEngine.pkgdef
[3c7c:000c][2026-05-10T01:35:59] Completed: Copying file /Contents/Common7/IDE/CommonExtensions/Platform/Debugger/MonoDebugEngine.pkgdef to C:\Program Files (x86)\Microsoft Visual Studio\2022\BuildTools\Common7\IDE\CommonExtensions\Platform\Debugger\MonoDebugEngine.pkgdef
[3c7c:000c][2026-05-10T01:35:59] Timestamp updated for file 'C:\Program Files (x86)\Microsoft Visual Studio\2022\BuildTools\Common7\IDE\CommonExtensions\Platform\Debugger\MonoDebugEngine.pkgdef'.
[3c7c:000c][2026-05-10T01:35:59] Processing file /Contents/Common7/IDE/PrivateAssemblies/ClrCustomVisualizerVSHost.dll
[3c7c:000c][2026-05-10T01:35:59] Started: Copying file /Contents/Common7/IDE/PrivateAssemblies/ClrCustomVisualizerVSHost.dll to C:\Program Files (x86)\Microsoft Visual Studio\2022\BuildTools\Common7\IDE\PrivateAssemblies\ClrCustomVisualizerVSHost.dll
[3c7c:000c][2026-05-10T01:35:59] Completed: Copying file /Contents/Common7/IDE/PrivateAssemblies/ClrCustomVisualizerVSHost.dll to C:\Program Files (x86)\Microsoft Visual Studio\2022\BuildTools\Common7\IDE\PrivateAssemblies\ClrCustomVisualizerVSHost.dll
[3c7c:000c][2026-05-10T01:35:59] Timestamp updated for file 'C:\Program Files (x86)\Microsoft Visual Studio\2022\BuildTools\Common7\IDE\PrivateAssemblies\ClrCustomVisualizerVSHost.dll'.
[3c7c:000c][2026-05-10T01:35:59] Processing file /Contents/Common7/IDE/PrivateAssemblies/Microsoft.VisualStudio.Debugger.Metadata.dll
[3c7c:000c][2026-05-10T01:35:59] Started: Copying file /Contents/Common7/IDE/PrivateAssemblies/Microsoft.VisualStudio.Debugger.Metadata.dll to C:\Program Files (x86)\Microsoft Visual Studio\2022\BuildTools\Common7\IDE\PrivateAssemblies\Microsoft.VisualStudio.Debugger.Metadata.dll
[3c7c:000c][2026-05-10T01:35:59] Completed: Copying file /Contents/Common7/IDE/PrivateAssemblies/Microsoft.VisualStudio.Debugger.Metadata.dll to C:\Program Files (x86)\Microsoft Visual Studio\2022\BuildTools\Common7\IDE\PrivateAssemblies\Microsoft.VisualStudio.Debugger.Metadata.dll
[3c7c:000c][2026-05-10T01:35:59] Timestamp updated for file 'C:\Program Files (x86)\Microsoft Visual Studio\2022\BuildTools\Common7\IDE\PrivateAssemblies\Microsoft.VisualStudio.Debugger.Metadata.dll'.
[3c7c:000c][2026-05-10T01:35:59] Queueing C:\Program Files (x86)\Microsoft Visual Studio\2022\BuildTools\Common7\IDE\PrivateAssemblies\Microsoft.VisualStudio.Debugger.Metadata.dll for X86 ngen
[3c7c:000c][2026-05-10T01:35:59] Successfully queued file '/Contents/Common7/IDE/PrivateAssemblies/Microsoft.VisualStudio.Debugger.Metadata.dll' for ngen
[3c7c:000c][2026-05-10T01:35:59] Processing file /Contents/Common7/IDE/PrivateAssemblies/Microsoft.VisualStudio.vil.dll
[3c7c:000c][2026-05-10T01:35:59] Started: Copying file /Contents/Common7/IDE/PrivateAssemblies/Microsoft.VisualStudio.vil.dll to C:\Program Files (x86)\Microsoft Visual Studio\2022\BuildTools\Common7\IDE\PrivateAssemblies\Microsoft.VisualStudio.vil.dll
[3c7c:000c][2026-05-10T01:35:59] Completed: Copying file /Contents/Common7/IDE/PrivateAssemblies/Microsoft.VisualStudio.vil.dll to C:\Program Files (x86)\Microsoft Visual Studio\2022\BuildTools\Common7\IDE\PrivateAssemblies\Microsoft.VisualStudio.vil.dll
[3c7c:000c][2026-05-10T01:35:59] Timestamp updated for file 'C:\Program Files (x86)\Microsoft Visual Studio\2022\BuildTools\Common7\IDE\PrivateAssemblies\Microsoft.VisualStudio.vil.dll'.
[3c7c:000c][2026-05-10T01:35:59] Queueing C:\Program Files (x86)\Microsoft Visual Studio\2022\BuildTools\Common7\IDE\PrivateAssemblies\Microsoft.VisualStudio.vil.dll for X86 ngen
[3c7c:000c][2026-05-10T01:35:59] Successfully queued file '/Contents/Common7/IDE/PrivateAssemblies/Microsoft.VisualStudio.vil.dll' for ngen
[3c7c:000c][2026-05-10T01:35:59] Processing file /Contents/Common7/IDE/PrivateAssemblies/Microsoft.VisualStudio.vil.host.dll
[3c7c:000c][2026-05-10T01:35:59] Started: Copying file /Contents/Common7/IDE/PrivateAssemblies/Microsoft.VisualStudio.vil.host.dll to C:\Program Files (x86)\Microsoft Visual Studio\2022\BuildTools\Common7\IDE\PrivateAssemblies\Microsoft.VisualStudio.vil.host.dll
[3c7c:000c][2026-05-10T01:35:59] Completed: Copying file /Contents/Common7/IDE/PrivateAssemblies/Microsoft.VisualStudio.vil.host.dll to C:\Program Files (x86)\Microsoft Visual Studio\2022\BuildTools\Common7\IDE\PrivateAssemblies\Microsoft.VisualStudio.vil.host.dll
[3c7c:000c][2026-05-10T01:35:59] Timestamp updated for file 'C:\Program Files (x86)\Microsoft Visual Studio\2022\BuildTools\Common7\IDE\PrivateAssemblies\Microsoft.VisualStudio.vil.host.dll'.
[3c7c:000c][2026-05-10T01:35:59] Queueing C:\Program Files (x86)\Microsoft Visual Studio\2022\BuildTools\Common7\IDE\PrivateAssemblies\Microsoft.VisualStudio.vil.host.dll for X86 ngen
[3c7c:000c][2026-05-10T01:35:59] Successfully queued file '/Contents/Common7/IDE/PrivateAssemblies/Microsoft.VisualStudio.vil.host.dll' for ngen
[3c7c:000c][2026-05-10T01:35:59] Processing file /Contents/Common7/IDE/PrivateAssemblies/Runtime/Microsoft.VisualStudio.Debugger.Runtime.Desktop.dll
[3c7c:000c][2026-05-10T01:35:59] Started: Copying file /Contents/Common7/IDE/PrivateAssemblies/Runtime/Microsoft.VisualStudio.Debugger.Runtime.Desktop.dll to C:\Program Files (x86)\Microsoft Visual Studio\2022\BuildTools\Common7\IDE\PrivateAssemblies\Runtime\Microsoft.VisualStudio.Debugger.Runtime.Desktop.dll
[3c7c:000c][2026-05-10T01:35:59] Completed: Copying file /Contents/Common7/IDE/PrivateAssemblies/Runtime/Microsoft.VisualStudio.Debugger.Runtime.Desktop.dll to C:\Program Files (x86)\Microsoft Visual Studio\2022\BuildTools\Common7\IDE\PrivateAssemblies\Runtime\Microsoft.VisualStudio.Debugger.Runtime.Desktop.dll
[3c7c:000c][2026-05-10T01:35:59] Timestamp updated for file 'C:\Program Files (x86)\Microsoft Visual Studio\2022\BuildTools\Common7\IDE\PrivateAssemblies\Runtime\Microsoft.VisualStudio.Debugger.Runtime.Desktop.dll'.
[3c7c:000c][2026-05-10T01:35:59] Processing file /Contents/Common7/IDE/PrivateAssemblies/Runtime/Microsoft.VisualStudio.Debugger.Runtime.Impl.dll
[3c7c:000c][2026-05-10T01:35:59] Started: Copying file /Contents/Common7/IDE/PrivateAssemblies/Runtime/Microsoft.VisualStudio.Debugger.Runtime.Impl.dll to C:\Program Files (x86)\Microsoft Visual Studio\2022\BuildTools\Common7\IDE\PrivateAssemblies\Runtime\Microsoft.VisualStudio.Debugger.Runtime.Impl.dll
[3c7c:000c][2026-05-10T01:35:59] Completed: Copying file /Contents/Common7/IDE/PrivateAssemblies/Runtime/Microsoft.VisualStudio.Debugger.Runtime.Impl.dll to C:\Program Files (x86)\Microsoft Visual Studio\2022\BuildTools\Common7\IDE\PrivateAssemblies\Runtime\Microsoft.VisualStudio.Debugger.Runtime.Impl.dll
[3c7c:000c][2026-05-10T01:35:59] Timestamp updated for file 'C:\Program Files (x86)\Microsoft Visual Studio\2022\BuildTools\Common7\IDE\PrivateAssemblies\Runtime\Microsoft.VisualStudio.Debugger.Runtime.Impl.dll'.
[3c7c:000c][2026-05-10T01:35:59] Processing file /Contents/Common7/IDE/PrivateAssemblies/Runtime/Microsoft.VisualStudio.Debugger.Runtime.NetCoreApp.dll
[3c7c:000c][2026-05-10T01:35:59] Started: Copying file /Contents/Common7/IDE/PrivateAssemblies/Runtime/Microsoft.VisualStudio.Debugger.Runtime.NetCoreApp.dll to C:\Program Files (x86)\Microsoft Visual Studio\2022\BuildTools\Common7\IDE\PrivateAssemblies\Runtime\Microsoft.VisualStudio.Debugger.Runtime.NetCoreApp.dll
[3c7c:000c][2026-05-10T01:35:59] Completed: Copying file /Contents/Common7/IDE/PrivateAssemblies/Runtime/Microsoft.VisualStudio.Debugger.Runtime.NetCoreApp.dll to C:\Program Files (x86)\Microsoft Visual Studio\2022\BuildTools\Common7\IDE\PrivateAssemblies\Runtime\Microsoft.VisualStudio.Debugger.Runtime.NetCoreApp.dll
[3c7c:000c][2026-05-10T01:35:59] Timestamp updated for file 'C:\Program Files (x86)\Microsoft Visual Studio\2022\BuildTools\Common7\IDE\PrivateAssemblies\Runtime\Microsoft.VisualStudio.Debugger.Runtime.NetCoreApp.dll'.
[3c7c:000c][2026-05-10T01:35:59] Package executed successfully. Return code: 0
