[da4c:0007][2026-05-10T00:49:36] Opening the package for processing
[da4c:0007][2026-05-10T00:49:36] Using package payload to get the embedded manifest
[da4c:0007][2026-05-10T00:49:36] Getting list of files within the package
[da4c:0007][2026-05-10T00:49:36] Processing file /Contents/Common7/Tools/Launch-VsDevShell.ps1
[da4c:0007][2026-05-10T00:49:36] Started: Copying file /Contents/Common7/Tools/Launch-VsDevShell.ps1 to D:\Program\Common7\Tools\Launch-VsDevShell.ps1
[da4c:0007][2026-05-10T00:49:36] Completed: Copying file /Contents/Common7/Tools/Launch-VsDevShell.ps1 to D:\Program\Common7\Tools\Launch-VsDevShell.ps1
[da4c:0007][2026-05-10T00:49:36] Timestamp updated for file 'D:\Program\Common7\Tools\Launch-VsDevShell.ps1'.
[da4c:0007][2026-05-10T00:49:36] Processing file /Contents/Common7/Tools/LaunchDevCmd.bat
[da4c:0007][2026-05-10T00:49:36] Started: Copying file /Contents/Common7/Tools/LaunchDevCmd.bat to D:\Program\Common7\Tools\LaunchDevCmd.bat
[da4c:0007][2026-05-10T00:49:36] Completed: Copying file /Contents/Common7/Tools/LaunchDevCmd.bat to D:\Program\Common7\Tools\LaunchDevCmd.bat
[da4c:0007][2026-05-10T00:49:36] Timestamp updated for file 'D:\Program\Common7\Tools\LaunchDevCmd.bat'.
[da4c:0007][2026-05-10T00:49:36] Processing file /Contents/Common7/Tools/Microsoft.VisualStudio.DevShell.dll
[da4c:0007][2026-05-10T00:49:36] Started: Copying file /Contents/Common7/Tools/Microsoft.VisualStudio.DevShell.dll to D:\Program\Common7\Tools\Microsoft.VisualStudio.DevShell.dll
[da4c:0007][2026-05-10T00:49:36] Completed: Copying file /Contents/Common7/Tools/Microsoft.VisualStudio.DevShell.dll to D:\Program\Common7\Tools\Microsoft.VisualStudio.DevShell.dll
[da4c:0007][2026-05-10T00:49:36] Timestamp updated for file 'D:\Program\Common7\Tools\Microsoft.VisualStudio.DevShell.dll'.
[da4c:0007][2026-05-10T00:49:36] Processing file /Contents/Common7/Tools/Microsoft.VisualStudio.RemoteControl.dll
[da4c:0007][2026-05-10T00:49:36] Started: Copying file /Contents/Common7/Tools/Microsoft.VisualStudio.RemoteControl.dll to D:\Program\Common7\Tools\Microsoft.VisualStudio.RemoteControl.dll
[da4c:0007][2026-05-10T00:49:36] Completed: Copying file /Contents/Common7/Tools/Microsoft.VisualStudio.RemoteControl.dll to D:\Program\Common7\Tools\Microsoft.VisualStudio.RemoteControl.dll
[da4c:0007][2026-05-10T00:49:36] Timestamp updated for file 'D:\Program\Common7\Tools\Microsoft.VisualStudio.RemoteControl.dll'.
[da4c:0007][2026-05-10T00:49:36] Processing file /Contents/Common7/Tools/Microsoft.VisualStudio.Telemetry.dll
[da4c:0007][2026-05-10T00:49:36] Started: Copying file /Contents/Common7/Tools/Microsoft.VisualStudio.Telemetry.dll to D:\Program\Common7\Tools\Microsoft.VisualStudio.Telemetry.dll
[da4c:0007][2026-05-10T00:49:36] Completed: Copying file /Contents/Common7/Tools/Microsoft.VisualStudio.Telemetry.dll to D:\Program\Common7\Tools\Microsoft.VisualStudio.Telemetry.dll
[da4c:0007][2026-05-10T00:49:36] Timestamp updated for file 'D:\Program\Common7\Tools\Microsoft.VisualStudio.Telemetry.dll'.
[da4c:0007][2026-05-10T00:49:36] Processing file /Contents/Common7/Tools/Microsoft.VisualStudio.Utilities.Internal.dll
[da4c:0007][2026-05-10T00:49:36] Started: Copying file /Contents/Common7/Tools/Microsoft.VisualStudio.Utilities.Internal.dll to D:\Program\Common7\Tools\Microsoft.VisualStudio.Utilities.Internal.dll
[da4c:0007][2026-05-10T00:49:36] Completed: Copying file /Contents/Common7/Tools/Microsoft.VisualStudio.Utilities.Internal.dll to D:\Program\Common7\Tools\Microsoft.VisualStudio.Utilities.Internal.dll
[da4c:0007][2026-05-10T00:49:36] Timestamp updated for file 'D:\Program\Common7\Tools\Microsoft.VisualStudio.Utilities.Internal.dll'.
[da4c:0007][2026-05-10T00:49:36] Processing file /Contents/Common7/Tools/Newtonsoft.Json.dll
[da4c:0007][2026-05-10T00:49:36] Started: Copying file /Contents/Common7/Tools/Newtonsoft.Json.dll to D:\Program\Common7\Tools\Newtonsoft.Json.dll
[da4c:0007][2026-05-10T00:49:36] Completed: Copying file /Contents/Common7/Tools/Newtonsoft.Json.dll to D:\Program\Common7\Tools\Newtonsoft.Json.dll
[da4c:0007][2026-05-10T00:49:36] Timestamp updated for file 'D:\Program\Common7\Tools\Newtonsoft.Json.dll'.
[da4c:0007][2026-05-10T00:49:36] Processing file /Contents/Common7/Tools/System.Runtime.CompilerServices.Unsafe.dll
[da4c:0007][2026-05-10T00:49:36] Started: Copying file /Contents/Common7/Tools/System.Runtime.CompilerServices.Unsafe.dll to D:\Program\Common7\Tools\System.Runtime.CompilerServices.Unsafe.dll
[da4c:0007][2026-05-10T00:49:36] Completed: Copying file /Contents/Common7/Tools/System.Runtime.CompilerServices.Unsafe.dll to D:\Program\Common7\Tools\System.Runtime.CompilerServices.Unsafe.dll
[da4c:0007][2026-05-10T00:49:36] Timestamp updated for file 'D:\Program\Common7\Tools\System.Runtime.CompilerServices.Unsafe.dll'.
[da4c:0007][2026-05-10T00:49:36] Processing file /Contents/Common7/Tools/VsDevCmd.bat
[da4c:0007][2026-05-10T00:49:36] Started: Copying file /Contents/Common7/Tools/VsDevCmd.bat to D:\Program\Common7\Tools\VsDevCmd.bat
[da4c:0007][2026-05-10T00:49:36] Completed: Copying file /Contents/Common7/Tools/VsDevCmd.bat to D:\Program\Common7\Tools\VsDevCmd.bat
[da4c:0007][2026-05-10T00:49:36] Timestamp updated for file 'D:\Program\Common7\Tools\VsDevCmd.bat'.
[da4c:0007][2026-05-10T00:49:36] Processing file /Contents/Common7/Tools/vsdevcmd/core/parse_cmd.bat
[da4c:0007][2026-05-10T00:49:36] Started: Copying file /Contents/Common7/Tools/vsdevcmd/core/parse_cmd.bat to D:\Program\Common7\Tools\vsdevcmd\core\parse_cmd.bat
[da4c:0007][2026-05-10T00:49:36] Completed: Copying file /Contents/Common7/Tools/vsdevcmd/core/parse_cmd.bat to D:\Program\Common7\Tools\vsdevcmd\core\parse_cmd.bat
[da4c:0007][2026-05-10T00:49:36] Timestamp updated for file 'D:\Program\Common7\Tools\vsdevcmd\core\parse_cmd.bat'.
[da4c:0007][2026-05-10T00:49:36] Processing file /Contents/Common7/Tools/vsdevcmd/core/vsdevcmd_end.bat
[da4c:0007][2026-05-10T00:49:36] Started: Copying file /Contents/Common7/Tools/vsdevcmd/core/vsdevcmd_end.bat to D:\Program\Common7\Tools\vsdevcmd\core\vsdevcmd_end.bat
[da4c:0007][2026-05-10T00:49:36] Completed: Copying file /Contents/Common7/Tools/vsdevcmd/core/vsdevcmd_end.bat to D:\Program\Common7\Tools\vsdevcmd\core\vsdevcmd_end.bat
[da4c:0007][2026-05-10T00:49:36] Timestamp updated for file 'D:\Program\Common7\Tools\vsdevcmd\core\vsdevcmd_end.bat'.
[da4c:0007][2026-05-10T00:49:36] Processing file /Contents/Common7/Tools/vsdevcmd/core/vsdevcmd_start.bat
[da4c:0007][2026-05-10T00:49:36] Started: Copying file /Contents/Common7/Tools/vsdevcmd/core/vsdevcmd_start.bat to D:\Program\Common7\Tools\vsdevcmd\core\vsdevcmd_start.bat
[da4c:0007][2026-05-10T00:49:36] Completed: Copying file /Contents/Common7/Tools/vsdevcmd/core/vsdevcmd_start.bat to D:\Program\Common7\Tools\vsdevcmd\core\vsdevcmd_start.bat
[da4c:0007][2026-05-10T00:49:36] Timestamp updated for file 'D:\Program\Common7\Tools\vsdevcmd\core\vsdevcmd_start.bat'.
[da4c:0007][2026-05-10T00:49:36] Processing file /Contents/Common7/Tools/VsMSBuildCmd.bat
[da4c:0007][2026-05-10T00:49:36] Started: Copying file /Contents/Common7/Tools/VsMSBuildCmd.bat to D:\Program\Common7\Tools\VsMSBuildCmd.bat
[da4c:0007][2026-05-10T00:49:36] Completed: Copying file /Contents/Common7/Tools/VsMSBuildCmd.bat to D:\Program\Common7\Tools\VsMSBuildCmd.bat
[da4c:0007][2026-05-10T00:49:36] Timestamp updated for file 'D:\Program\Common7\Tools\VsMSBuildCmd.bat'.
[da4c:0007][2026-05-10T00:49:36] Package executed successfully. Return code: 0
