[c9c4:0009][2026-05-10T01:02:20] Opening the package for processing
[c9c4:0009][2026-05-10T01:02:20] Using package payload to get the embedded manifest
[c9c4:0009][2026-05-10T01:02:20] Getting list of files within the package
[c9c4:0009][2026-05-10T01:02:20] Processing file /Contents/Common7/IDE/VC/VCWizards/CodeWiz/.NET/Installer/scripts/1033/default.js
[c9c4:0009][2026-05-10T01:02:20] Started: Copying file /Contents/Common7/IDE/VC/VCWizards/CodeWiz/.NET/Installer/scripts/1033/default.js to D:\Program Files (x86)\Microsoft Visual Studio\2022\BuildTools\Common7\IDE\VC\VCWizards\CodeWiz\.NET\Installer\scripts\1033\default.js
[c9c4:0009][2026-05-10T01:02:20] Completed: Copying file /Contents/Common7/IDE/VC/VCWizards/CodeWiz/.NET/Installer/scripts/1033/default.js to D:\Program Files (x86)\Microsoft Visual Studio\2022\BuildTools\Common7\IDE\VC\VCWizards\CodeWiz\.NET\Installer\scripts\1033\default.js
[c9c4:0009][2026-05-10T01:02:20] Timestamp updated for file 'D:\Program Files (x86)\Microsoft Visual Studio\2022\BuildTools\Common7\IDE\VC\VCWizards\CodeWiz\.NET\Installer\scripts\1033\default.js'.
[c9c4:0009][2026-05-10T01:02:20] Processing file /Contents/Common7/IDE/VC/VCWizards/CodeWiz/.NET/Installer/templates/1033/newinstaller.cpp
[c9c4:0009][2026-05-10T01:02:20] Started: Copying file /Contents/Common7/IDE/VC/VCWizards/CodeWiz/.NET/Installer/templates/1033/newinstaller.cpp to D:\Program Files (x86)\Microsoft Visual Studio\2022\BuildTools\Common7\IDE\VC\VCWizards\CodeWiz\.NET\Installer\templates\1033\newinstaller.cpp
[c9c4:0009][2026-05-10T01:02:20] Completed: Copying file /Contents/Common7/IDE/VC/VCWizards/CodeWiz/.NET/Installer/templates/1033/newinstaller.cpp to D:\Program Files (x86)\Microsoft Visual Studio\2022\BuildTools\Common7\IDE\VC\VCWizards\CodeWiz\.NET\Installer\templates\1033\newinstaller.cpp
[c9c4:0009][2026-05-10T01:02:20] Timestamp updated for file 'D:\Program Files (x86)\Microsoft Visual Studio\2022\BuildTools\Common7\IDE\VC\VCWizards\CodeWiz\.NET\Installer\templates\1033\newinstaller.cpp'.
[c9c4:0009][2026-05-10T01:02:20] Processing file /Contents/Common7/IDE/VC/VCWizards/CodeWiz/.NET/Installer/templates/1033/newinstaller.h
[c9c4:0009][2026-05-10T01:02:20] Started: Copying file /Contents/Common7/IDE/VC/VCWizards/CodeWiz/.NET/Installer/templates/1033/newinstaller.h to D:\Program Files (x86)\Microsoft Visual Studio\2022\BuildTools\Common7\IDE\VC\VCWizards\CodeWiz\.NET\Installer\templates\1033\newinstaller.h
[c9c4:0009][2026-05-10T01:02:20] Completed: Copying file /Contents/Common7/IDE/VC/VCWizards/CodeWiz/.NET/Installer/templates/1033/newinstaller.h to D:\Program Files (x86)\Microsoft Visual Studio\2022\BuildTools\Common7\IDE\VC\VCWizards\CodeWiz\.NET\Installer\templates\1033\newinstaller.h
[c9c4:0009][2026-05-10T01:02:20] Timestamp updated for file 'D:\Program Files (x86)\Microsoft Visual Studio\2022\BuildTools\Common7\IDE\VC\VCWizards\CodeWiz\.NET\Installer\templates\1033\newinstaller.h'.
[c9c4:0009][2026-05-10T01:02:20] Processing file /Contents/Common7/IDE/VC/VCWizards/CodeWiz/.NET/Installer/templates/1033/templates.inf
[c9c4:0009][2026-05-10T01:02:20] Started: Copying file /Contents/Common7/IDE/VC/VCWizards/CodeWiz/.NET/Installer/templates/1033/templates.inf to D:\Program Files (x86)\Microsoft Visual Studio\2022\BuildTools\Common7\IDE\VC\VCWizards\CodeWiz\.NET\Installer\templates\1033\templates.inf
[c9c4:0009][2026-05-10T01:02:20] Completed: Copying file /Contents/Common7/IDE/VC/VCWizards/CodeWiz/.NET/Installer/templates/1033/templates.inf to D:\Program Files (x86)\Microsoft Visual Studio\2022\BuildTools\Common7\IDE\VC\VCWizards\CodeWiz\.NET\Installer\templates\1033\templates.inf
[c9c4:0009][2026-05-10T01:02:20] Timestamp updated for file 'D:\Program Files (x86)\Microsoft Visual Studio\2022\BuildTools\Common7\IDE\VC\VCWizards\CodeWiz\.NET\Installer\templates\1033\templates.inf'.
[c9c4:0009][2026-05-10T01:02:20] Processing file /Contents/Common7/IDE/VC/VCWizards/CodeWiz/.NET/XMLSchema/Scripts/1033/default.js
[c9c4:0009][2026-05-10T01:02:20] Started: Copying file /Contents/Common7/IDE/VC/VCWizards/CodeWiz/.NET/XMLSchema/Scripts/1033/default.js to D:\Program Files (x86)\Microsoft Visual Studio\2022\BuildTools\Common7\IDE\VC\VCWizards\CodeWiz\.NET\XMLSchema\Scripts\1033\default.js
[c9c4:0009][2026-05-10T01:02:20] Completed: Copying file /Contents/Common7/IDE/VC/VCWizards/CodeWiz/.NET/XMLSchema/Scripts/1033/default.js to D:\Program Files (x86)\Microsoft Visual Studio\2022\BuildTools\Common7\IDE\VC\VCWizards\CodeWiz\.NET\XMLSchema\Scripts\1033\default.js
[c9c4:0009][2026-05-10T01:02:20] Timestamp updated for file 'D:\Program Files (x86)\Microsoft Visual Studio\2022\BuildTools\Common7\IDE\VC\VCWizards\CodeWiz\.NET\XMLSchema\Scripts\1033\default.js'.
[c9c4:0009][2026-05-10T01:02:20] Processing file /Contents/Common7/IDE/VC/VCWizards/CodeWiz/.NET/XMLSchema/Templates/1033/newxmlschema.xsd
[c9c4:0009][2026-05-10T01:02:20] Started: Copying file /Contents/Common7/IDE/VC/VCWizards/CodeWiz/.NET/XMLSchema/Templates/1033/newxmlschema.xsd to D:\Program Files (x86)\Microsoft Visual Studio\2022\BuildTools\Common7\IDE\VC\VCWizards\CodeWiz\.NET\XMLSchema\Templates\1033\newxmlschema.xsd
[c9c4:0009][2026-05-10T01:02:20] Completed: Copying file /Contents/Common7/IDE/VC/VCWizards/CodeWiz/.NET/XMLSchema/Templates/1033/newxmlschema.xsd to D:\Program Files (x86)\Microsoft Visual Studio\2022\BuildTools\Common7\IDE\VC\VCWizards\CodeWiz\.NET\XMLSchema\Templates\1033\newxmlschema.xsd
[c9c4:0009][2026-05-10T01:02:20] Timestamp updated for file 'D:\Program Files (x86)\Microsoft Visual Studio\2022\BuildTools\Common7\IDE\VC\VCWizards\CodeWiz\.NET\XMLSchema\Templates\1033\newxmlschema.xsd'.
[c9c4:0009][2026-05-10T01:02:20] Processing file /Contents/Common7/IDE/VC/VCWizards/CodeWiz/.NET/XMLSchema/Templates/1033/templates.inf
[c9c4:0009][2026-05-10T01:02:20] Started: Copying file /Contents/Common7/IDE/VC/VCWizards/CodeWiz/.NET/XMLSchema/Templates/1033/templates.inf to D:\Program Files (x86)\Microsoft Visual Studio\2022\BuildTools\Common7\IDE\VC\VCWizards\CodeWiz\.NET\XMLSchema\Templates\1033\templates.inf
[c9c4:0009][2026-05-10T01:02:20] Completed: Copying file /Contents/Common7/IDE/VC/VCWizards/CodeWiz/.NET/XMLSchema/Templates/1033/templates.inf to D:\Program Files (x86)\Microsoft Visual Studio\2022\BuildTools\Common7\IDE\VC\VCWizards\CodeWiz\.NET\XMLSchema\Templates\1033\templates.inf
[c9c4:0009][2026-05-10T01:02:20] Timestamp updated for file 'D:\Program Files (x86)\Microsoft Visual Studio\2022\BuildTools\Common7\IDE\VC\VCWizards\CodeWiz\.NET\XMLSchema\Templates\1033\templates.inf'.
[c9c4:0009][2026-05-10T01:02:20] Processing file /Contents/Common7/IDE/VC/VCWizards/CodeWiz/Generic/DEFFile/Scripts/1033/default.js
[c9c4:0009][2026-05-10T01:02:20] Started: Copying file /Contents/Common7/IDE/VC/VCWizards/CodeWiz/Generic/DEFFile/Scripts/1033/default.js to D:\Program Files (x86)\Microsoft Visual Studio\2022\BuildTools\Common7\IDE\VC\VCWizards\CodeWiz\Generic\DEFFile\Scripts\1033\default.js
[c9c4:0009][2026-05-10T01:02:20] Completed: Copying file /Contents/Common7/IDE/VC/VCWizards/CodeWiz/Generic/DEFFile/Scripts/1033/default.js to D:\Program Files (x86)\Microsoft Visual Studio\2022\BuildTools\Common7\IDE\VC\VCWizards\CodeWiz\Generic\DEFFile\Scripts\1033\default.js
[c9c4:0009][2026-05-10T01:02:20] Timestamp updated for file 'D:\Program Files (x86)\Microsoft Visual Studio\2022\BuildTools\Common7\IDE\VC\VCWizards\CodeWiz\Generic\DEFFile\Scripts\1033\default.js'.
[c9c4:0009][2026-05-10T01:02:20] Processing file /Contents/Common7/IDE/VC/VCWizards/CodeWiz/Generic/DEFFile/Templates/1033/empty.def
[c9c4:0009][2026-05-10T01:02:20] Started: Copying file /Contents/Common7/IDE/VC/VCWizards/CodeWiz/Generic/DEFFile/Templates/1033/empty.def to D:\Program Files (x86)\Microsoft Visual Studio\2022\BuildTools\Common7\IDE\VC\VCWizards\CodeWiz\Generic\DEFFile\Templates\1033\empty.def
[c9c4:0009][2026-05-10T01:02:20] Completed: Copying file /Contents/Common7/IDE/VC/VCWizards/CodeWiz/Generic/DEFFile/Templates/1033/empty.def to D:\Program Files (x86)\Microsoft Visual Studio\2022\BuildTools\Common7\IDE\VC\VCWizards\CodeWiz\Generic\DEFFile\Templates\1033\empty.def
[c9c4:0009][2026-05-10T01:02:20] Timestamp updated for file 'D:\Program Files (x86)\Microsoft Visual Studio\2022\BuildTools\Common7\IDE\VC\VCWizards\CodeWiz\Generic\DEFFile\Templates\1033\empty.def'.
[c9c4:0009][2026-05-10T01:02:20] Processing file /Contents/Common7/IDE/VC/VCWizards/CodeWiz/Generic/DEFFile/Templates/1033/root.def
[c9c4:0009][2026-05-10T01:02:20] Started: Copying file /Contents/Common7/IDE/VC/VCWizards/CodeWiz/Generic/DEFFile/Templates/1033/root.def to D:\Program Files (x86)\Microsoft Visual Studio\2022\BuildTools\Common7\IDE\VC\VCWizards\CodeWiz\Generic\DEFFile\Templates\1033\root.def
[c9c4:0009][2026-05-10T01:02:20] Completed: Copying file /Contents/Common7/IDE/VC/VCWizards/CodeWiz/Generic/DEFFile/Templates/1033/root.def to D:\Program Files (x86)\Microsoft Visual Studio\2022\BuildTools\Common7\IDE\VC\VCWizards\CodeWiz\Generic\DEFFile\Templates\1033\root.def
[c9c4:0009][2026-05-10T01:02:20] Timestamp updated for file 'D:\Program Files (x86)\Microsoft Visual Studio\2022\BuildTools\Common7\IDE\VC\VCWizards\CodeWiz\Generic\DEFFile\Templates\1033\root.def'.
[c9c4:0009][2026-05-10T01:02:20] Processing file /Contents/Common7/IDE/VC/VCWizards/CodeWiz/Generic/RCFile/Scripts/1033/default.js
[c9c4:0009][2026-05-10T01:02:20] Started: Copying file /Contents/Common7/IDE/VC/VCWizards/CodeWiz/Generic/RCFile/Scripts/1033/default.js to D:\Program Files (x86)\Microsoft Visual Studio\2022\BuildTools\Common7\IDE\VC\VCWizards\CodeWiz\Generic\RCFile\Scripts\1033\default.js
[c9c4:0009][2026-05-10T01:02:20] Completed: Copying file /Contents/Common7/IDE/VC/VCWizards/CodeWiz/Generic/RCFile/Scripts/1033/default.js to D:\Program Files (x86)\Microsoft Visual Studio\2022\BuildTools\Common7\IDE\VC\VCWizards\CodeWiz\Generic\RCFile\Scripts\1033\default.js
[c9c4:0009][2026-05-10T01:02:20] Timestamp updated for file 'D:\Program Files (x86)\Microsoft Visual Studio\2022\BuildTools\Common7\IDE\VC\VCWizards\CodeWiz\Generic\RCFile\Scripts\1033\default.js'.
[c9c4:0009][2026-05-10T01:02:20] Processing file /Contents/Common7/IDE/VC/VCWizards/CodeWiz/Generic/RCFile/Templates/1033/rcfile.rc
[c9c4:0009][2026-05-10T01:02:20] Started: Copying file /Contents/Common7/IDE/VC/VCWizards/CodeWiz/Generic/RCFile/Templates/1033/rcfile.rc to D:\Program Files (x86)\Microsoft Visual Studio\2022\BuildTools\Common7\IDE\VC\VCWizards\CodeWiz\Generic\RCFile\Templates\1033\rcfile.rc
[c9c4:0009][2026-05-10T01:02:20] Completed: Copying file /Contents/Common7/IDE/VC/VCWizards/CodeWiz/Generic/RCFile/Templates/1033/rcfile.rc to D:\Program Files (x86)\Microsoft Visual Studio\2022\BuildTools\Common7\IDE\VC\VCWizards\CodeWiz\Generic\RCFile\Templates\1033\rcfile.rc
[c9c4:0009][2026-05-10T01:02:20] Timestamp updated for file 'D:\Program Files (x86)\Microsoft Visual Studio\2022\BuildTools\Common7\IDE\VC\VCWizards\CodeWiz\Generic\RCFile\Templates\1033\rcfile.rc'.
[c9c4:0009][2026-05-10T01:02:20] Processing file /Contents/Common7/IDE/VC/VCWizards/CodeWiz/Generic/RCFile/Templates/1033/resource.h
[c9c4:0009][2026-05-10T01:02:20] Started: Copying file /Contents/Common7/IDE/VC/VCWizards/CodeWiz/Generic/RCFile/Templates/1033/resource.h to D:\Program Files (x86)\Microsoft Visual Studio\2022\BuildTools\Common7\IDE\VC\VCWizards\CodeWiz\Generic\RCFile\Templates\1033\resource.h
[c9c4:0009][2026-05-10T01:02:20] Completed: Copying file /Contents/Common7/IDE/VC/VCWizards/CodeWiz/Generic/RCFile/Templates/1033/resource.h to D:\Program Files (x86)\Microsoft Visual Studio\2022\BuildTools\Common7\IDE\VC\VCWizards\CodeWiz\Generic\RCFile\Templates\1033\resource.h
[c9c4:0009][2026-05-10T01:02:20] Timestamp updated for file 'D:\Program Files (x86)\Microsoft Visual Studio\2022\BuildTools\Common7\IDE\VC\VCWizards\CodeWiz\Generic\RCFile\Templates\1033\resource.h'.
[c9c4:0009][2026-05-10T01:02:20] Processing file /Contents/Common7/IDE/VC/VCWizards/CodeWiz/Generic/RCFile/Templates/1033/templates.inf
[c9c4:0009][2026-05-10T01:02:20] Started: Copying file /Contents/Common7/IDE/VC/VCWizards/CodeWiz/Generic/RCFile/Templates/1033/templates.inf to D:\Program Files (x86)\Microsoft Visual Studio\2022\BuildTools\Common7\IDE\VC\VCWizards\CodeWiz\Generic\RCFile\Templates\1033\templates.inf
[c9c4:0009][2026-05-10T01:02:20] Completed: Copying file /Contents/Common7/IDE/VC/VCWizards/CodeWiz/Generic/RCFile/Templates/1033/templates.inf to D:\Program Files (x86)\Microsoft Visual Studio\2022\BuildTools\Common7\IDE\VC\VCWizards\CodeWiz\Generic\RCFile\Templates\1033\templates.inf
[c9c4:0009][2026-05-10T01:02:20] Timestamp updated for file 'D:\Program Files (x86)\Microsoft Visual Studio\2022\BuildTools\Common7\IDE\VC\VCWizards\CodeWiz\Generic\RCFile\Templates\1033\templates.inf'.
[c9c4:0009][2026-05-10T01:02:20] Processing file /Contents/Common7/IDE/VC/VCWizards/CodeWiz/Generic/ResourceScript/scripts/1033/default.js
[c9c4:0009][2026-05-10T01:02:20] Started: Copying file /Contents/Common7/IDE/VC/VCWizards/CodeWiz/Generic/ResourceScript/scripts/1033/default.js to D:\Program Files (x86)\Microsoft Visual Studio\2022\BuildTools\Common7\IDE\VC\VCWizards\CodeWiz\Generic\ResourceScript\scripts\1033\default.js
[c9c4:0009][2026-05-10T01:02:20] Completed: Copying file /Contents/Common7/IDE/VC/VCWizards/CodeWiz/Generic/ResourceScript/scripts/1033/default.js to D:\Program Files (x86)\Microsoft Visual Studio\2022\BuildTools\Common7\IDE\VC\VCWizards\CodeWiz\Generic\ResourceScript\scripts\1033\default.js
[c9c4:0009][2026-05-10T01:02:20] Timestamp updated for file 'D:\Program Files (x86)\Microsoft Visual Studio\2022\BuildTools\Common7\IDE\VC\VCWizards\CodeWiz\Generic\ResourceScript\scripts\1033\default.js'.
[c9c4:0009][2026-05-10T01:02:20] Processing file /Contents/Common7/IDE/VC/VCWizards/CodeWiz/Generic/ResourceScript/Templates/1033/rcfile.rc
[c9c4:0009][2026-05-10T01:02:20] Started: Copying file /Contents/Common7/IDE/VC/VCWizards/CodeWiz/Generic/ResourceScript/Templates/1033/rcfile.rc to D:\Program Files (x86)\Microsoft Visual Studio\2022\BuildTools\Common7\IDE\VC\VCWizards\CodeWiz\Generic\ResourceScript\Templates\1033\rcfile.rc
[c9c4:0009][2026-05-10T01:02:20] Completed: Copying file /Contents/Common7/IDE/VC/VCWizards/CodeWiz/Generic/ResourceScript/Templates/1033/rcfile.rc to D:\Program Files (x86)\Microsoft Visual Studio\2022\BuildTools\Common7\IDE\VC\VCWizards\CodeWiz\Generic\ResourceScript\Templates\1033\rcfile.rc
[c9c4:0009][2026-05-10T01:02:20] Timestamp updated for file 'D:\Program Files (x86)\Microsoft Visual Studio\2022\BuildTools\Common7\IDE\VC\VCWizards\CodeWiz\Generic\ResourceScript\Templates\1033\rcfile.rc'.
[c9c4:0009][2026-05-10T01:02:20] Processing file /Contents/Common7/IDE/VC/VCWizards/CodeWiz/Generic/ResourceScript/Templates/1033/resource.h
[c9c4:0009][2026-05-10T01:02:20] Started: Copying file /Contents/Common7/IDE/VC/VCWizards/CodeWiz/Generic/ResourceScript/Templates/1033/resource.h to D:\Program Files (x86)\Microsoft Visual Studio\2022\BuildTools\Common7\IDE\VC\VCWizards\CodeWiz\Generic\ResourceScript\Templates\1033\resource.h
[c9c4:0009][2026-05-10T01:02:20] Completed: Copying file /Contents/Common7/IDE/VC/VCWizards/CodeWiz/Generic/ResourceScript/Templates/1033/resource.h to D:\Program Files (x86)\Microsoft Visual Studio\2022\BuildTools\Common7\IDE\VC\VCWizards\CodeWiz\Generic\ResourceScript\Templates\1033\resource.h
[c9c4:0009][2026-05-10T01:02:20] Timestamp updated for file 'D:\Program Files (x86)\Microsoft Visual Studio\2022\BuildTools\Common7\IDE\VC\VCWizards\CodeWiz\Generic\ResourceScript\Templates\1033\resource.h'.
[c9c4:0009][2026-05-10T01:02:20] Package executed successfully. Return code: 0
