[c9c4:0009][2026-05-10T01:02:22] Opening the package for processing
[c9c4:0009][2026-05-10T01:02:22] Using package payload to get the embedded manifest
[c9c4:0009][2026-05-10T01:02:22] Getting list of files within the package
[c9c4:0009][2026-05-10T01:02:22] Processing file /Contents/Common7/IDE/CommonExtensions/Microsoft/Linux/Linux/Microsoft.VisualStudio.Linux.ConnectionManager.Contracts.dll
[c9c4:0009][2026-05-10T01:02:22] Started: Copying file /Contents/Common7/IDE/CommonExtensions/Microsoft/Linux/Linux/Microsoft.VisualStudio.Linux.ConnectionManager.Contracts.dll to D:\Program Files (x86)\Microsoft Visual Studio\2022\BuildTools\Common7\IDE\CommonExtensions\Microsoft\Linux\Linux\Microsoft.VisualStudio.Linux.ConnectionManager.Contracts.dll
[c9c4:0009][2026-05-10T01:02:22] Completed: Copying file /Contents/Common7/IDE/CommonExtensions/Microsoft/Linux/Linux/Microsoft.VisualStudio.Linux.ConnectionManager.Contracts.dll to D:\Program Files (x86)\Microsoft Visual Studio\2022\BuildTools\Common7\IDE\CommonExtensions\Microsoft\Linux\Linux\Microsoft.VisualStudio.Linux.ConnectionManager.Contracts.dll
[c9c4:0009][2026-05-10T01:02:22] Timestamp updated for file 'D:\Program Files (x86)\Microsoft Visual Studio\2022\BuildTools\Common7\IDE\CommonExtensions\Microsoft\Linux\Linux\Microsoft.VisualStudio.Linux.ConnectionManager.Contracts.dll'.
[c9c4:0009][2026-05-10T01:02:22] Processing file /Contents/Common7/IDE/CommonExtensions/Microsoft/Linux/Linux/Microsoft.VisualStudio.Linux.ConnectionManager.dll
[c9c4:0009][2026-05-10T01:02:22] Started: Copying file /Contents/Common7/IDE/CommonExtensions/Microsoft/Linux/Linux/Microsoft.VisualStudio.Linux.ConnectionManager.dll to D:\Program Files (x86)\Microsoft Visual Studio\2022\BuildTools\Common7\IDE\CommonExtensions\Microsoft\Linux\Linux\Microsoft.VisualStudio.Linux.ConnectionManager.dll
[c9c4:0009][2026-05-10T01:02:22] Completed: Copying file /Contents/Common7/IDE/CommonExtensions/Microsoft/Linux/Linux/Microsoft.VisualStudio.Linux.ConnectionManager.dll to D:\Program Files (x86)\Microsoft Visual Studio\2022\BuildTools\Common7\IDE\CommonExtensions\Microsoft\Linux\Linux\Microsoft.VisualStudio.Linux.ConnectionManager.dll
[c9c4:0009][2026-05-10T01:02:22] Timestamp updated for file 'D:\Program Files (x86)\Microsoft Visual Studio\2022\BuildTools\Common7\IDE\CommonExtensions\Microsoft\Linux\Linux\Microsoft.VisualStudio.Linux.ConnectionManager.dll'.
[c9c4:0009][2026-05-10T01:02:22] Processing file /Contents/Common7/IDE/CommonExtensions/Microsoft/Linux/Linux/Microsoft.VisualStudio.Linux.ConnectionManager.pkgdef
[c9c4:0009][2026-05-10T01:02:22] Started: Copying file /Contents/Common7/IDE/CommonExtensions/Microsoft/Linux/Linux/Microsoft.VisualStudio.Linux.ConnectionManager.pkgdef to D:\Program Files (x86)\Microsoft Visual Studio\2022\BuildTools\Common7\IDE\CommonExtensions\Microsoft\Linux\Linux\Microsoft.VisualStudio.Linux.ConnectionManager.pkgdef
[c9c4:0009][2026-05-10T01:02:22] Completed: Copying file /Contents/Common7/IDE/CommonExtensions/Microsoft/Linux/Linux/Microsoft.VisualStudio.Linux.ConnectionManager.pkgdef to D:\Program Files (x86)\Microsoft Visual Studio\2022\BuildTools\Common7\IDE\CommonExtensions\Microsoft\Linux\Linux\Microsoft.VisualStudio.Linux.ConnectionManager.pkgdef
[c9c4:0009][2026-05-10T01:02:22] Timestamp updated for file 'D:\Program Files (x86)\Microsoft Visual Studio\2022\BuildTools\Common7\IDE\CommonExtensions\Microsoft\Linux\Linux\Microsoft.VisualStudio.Linux.ConnectionManager.pkgdef'.
[c9c4:0009][2026-05-10T01:02:22] Processing file /Contents/Common7/IDE/CommonExtensions/Microsoft/Linux/Linux/ThirdPartyNotices.txt
[c9c4:0009][2026-05-10T01:02:22] Started: Copying file /Contents/Common7/IDE/CommonExtensions/Microsoft/Linux/Linux/ThirdPartyNotices.txt to D:\Program Files (x86)\Microsoft Visual Studio\2022\BuildTools\Common7\IDE\CommonExtensions\Microsoft\Linux\Linux\ThirdPartyNotices.txt
[c9c4:0009][2026-05-10T01:02:22] Completed: Copying file /Contents/Common7/IDE/CommonExtensions/Microsoft/Linux/Linux/ThirdPartyNotices.txt to D:\Program Files (x86)\Microsoft Visual Studio\2022\BuildTools\Common7\IDE\CommonExtensions\Microsoft\Linux\Linux\ThirdPartyNotices.txt
[c9c4:0009][2026-05-10T01:02:22] Timestamp updated for file 'D:\Program Files (x86)\Microsoft Visual Studio\2022\BuildTools\Common7\IDE\CommonExtensions\Microsoft\Linux\Linux\ThirdPartyNotices.txt'.
[c9c4:0009][2026-05-10T01:02:22] Processing file /Contents/Common7/IDE/PrivateAssemblies/CommandLine.dll
[c9c4:0009][2026-05-10T01:02:22] Started: Copying file /Contents/Common7/IDE/PrivateAssemblies/CommandLine.dll to D:\Program Files (x86)\Microsoft Visual Studio\2022\BuildTools\Common7\IDE\PrivateAssemblies\CommandLine.dll
[c9c4:0009][2026-05-10T01:02:22] Completed: Copying file /Contents/Common7/IDE/PrivateAssemblies/CommandLine.dll to D:\Program Files (x86)\Microsoft Visual Studio\2022\BuildTools\Common7\IDE\PrivateAssemblies\CommandLine.dll
[c9c4:0009][2026-05-10T01:02:22] Timestamp updated for file 'D:\Program Files (x86)\Microsoft Visual Studio\2022\BuildTools\Common7\IDE\PrivateAssemblies\CommandLine.dll'.
[c9c4:0009][2026-05-10T01:02:22] Processing file /Contents/Common7/IDE/PrivateAssemblies/liblinux.dll
[c9c4:0009][2026-05-10T01:02:22] Started: Copying file /Contents/Common7/IDE/PrivateAssemblies/liblinux.dll to D:\Program Files (x86)\Microsoft Visual Studio\2022\BuildTools\Common7\IDE\PrivateAssemblies\liblinux.dll
[c9c4:0009][2026-05-10T01:02:22] Completed: Copying file /Contents/Common7/IDE/PrivateAssemblies/liblinux.dll to D:\Program Files (x86)\Microsoft Visual Studio\2022\BuildTools\Common7\IDE\PrivateAssemblies\liblinux.dll
[c9c4:0009][2026-05-10T01:02:22] Timestamp updated for file 'D:\Program Files (x86)\Microsoft Visual Studio\2022\BuildTools\Common7\IDE\PrivateAssemblies\liblinux.dll'.
[c9c4:0009][2026-05-10T01:02:22] Processing file /Contents/Common7/IDE/PrivateAssemblies/liblinux.IO.dll
[c9c4:0009][2026-05-10T01:02:22] Started: Copying file /Contents/Common7/IDE/PrivateAssemblies/liblinux.IO.dll to D:\Program Files (x86)\Microsoft Visual Studio\2022\BuildTools\Common7\IDE\PrivateAssemblies\liblinux.IO.dll
[c9c4:0009][2026-05-10T01:02:22] Completed: Copying file /Contents/Common7/IDE/PrivateAssemblies/liblinux.IO.dll to D:\Program Files (x86)\Microsoft Visual Studio\2022\BuildTools\Common7\IDE\PrivateAssemblies\liblinux.IO.dll
[c9c4:0009][2026-05-10T01:02:22] Timestamp updated for file 'D:\Program Files (x86)\Microsoft Visual Studio\2022\BuildTools\Common7\IDE\PrivateAssemblies\liblinux.IO.dll'.
[c9c4:0009][2026-05-10T01:02:22] Processing file /Contents/Common7/IDE/PrivateAssemblies/liblinux.Local.dll
[c9c4:0009][2026-05-10T01:02:22] Started: Copying file /Contents/Common7/IDE/PrivateAssemblies/liblinux.Local.dll to D:\Program Files (x86)\Microsoft Visual Studio\2022\BuildTools\Common7\IDE\PrivateAssemblies\liblinux.Local.dll
[c9c4:0009][2026-05-10T01:02:22] Completed: Copying file /Contents/Common7/IDE/PrivateAssemblies/liblinux.Local.dll to D:\Program Files (x86)\Microsoft Visual Studio\2022\BuildTools\Common7\IDE\PrivateAssemblies\liblinux.Local.dll
[c9c4:0009][2026-05-10T01:02:22] Timestamp updated for file 'D:\Program Files (x86)\Microsoft Visual Studio\2022\BuildTools\Common7\IDE\PrivateAssemblies\liblinux.Local.dll'.
[c9c4:0009][2026-05-10T01:02:22] Processing file /Contents/Common7/IDE/PrivateAssemblies/liblinux.Local/devcontainers-cli-0.60.0.tgz
[c9c4:0009][2026-05-10T01:02:22] Started: Copying file /Contents/Common7/IDE/PrivateAssemblies/liblinux.Local/devcontainers-cli-0.60.0.tgz to D:\Program Files (x86)\Microsoft Visual Studio\2022\BuildTools\Common7\IDE\PrivateAssemblies\liblinux.Local\devcontainers-cli-0.60.0.tgz
[c9c4:0009][2026-05-10T01:02:22] Completed: Copying file /Contents/Common7/IDE/PrivateAssemblies/liblinux.Local/devcontainers-cli-0.60.0.tgz to D:\Program Files (x86)\Microsoft Visual Studio\2022\BuildTools\Common7\IDE\PrivateAssemblies\liblinux.Local\devcontainers-cli-0.60.0.tgz
[c9c4:0009][2026-05-10T01:02:22] Timestamp updated for file 'D:\Program Files (x86)\Microsoft Visual Studio\2022\BuildTools\Common7\IDE\PrivateAssemblies\liblinux.Local\devcontainers-cli-0.60.0.tgz'.
[c9c4:0009][2026-05-10T01:02:22] Processing file /Contents/Common7/IDE/PrivateAssemblies/liblinux.Local/provision-openssh.sh
[c9c4:0009][2026-05-10T01:02:22] Started: Copying file /Contents/Common7/IDE/PrivateAssemblies/liblinux.Local/provision-openssh.sh to D:\Program Files (x86)\Microsoft Visual Studio\2022\BuildTools\Common7\IDE\PrivateAssemblies\liblinux.Local\provision-openssh.sh
[c9c4:0009][2026-05-10T01:02:22] Completed: Copying file /Contents/Common7/IDE/PrivateAssemblies/liblinux.Local/provision-openssh.sh to D:\Program Files (x86)\Microsoft Visual Studio\2022\BuildTools\Common7\IDE\PrivateAssemblies\liblinux.Local\provision-openssh.sh
[c9c4:0009][2026-05-10T01:02:22] Timestamp updated for file 'D:\Program Files (x86)\Microsoft Visual Studio\2022\BuildTools\Common7\IDE\PrivateAssemblies\liblinux.Local\provision-openssh.sh'.
[c9c4:0009][2026-05-10T01:02:22] Processing file /Contents/Common7/IDE/PrivateAssemblies/Microsoft.VisualStudio.Linux.ConnectionManager.Contracts.dll
[c9c4:0009][2026-05-10T01:02:22] Started: Copying file /Contents/Common7/IDE/PrivateAssemblies/Microsoft.VisualStudio.Linux.ConnectionManager.Contracts.dll to D:\Program Files (x86)\Microsoft Visual Studio\2022\BuildTools\Common7\IDE\PrivateAssemblies\Microsoft.VisualStudio.Linux.ConnectionManager.Contracts.dll
[c9c4:0009][2026-05-10T01:02:22] Completed: Copying file /Contents/Common7/IDE/PrivateAssemblies/Microsoft.VisualStudio.Linux.ConnectionManager.Contracts.dll to D:\Program Files (x86)\Microsoft Visual Studio\2022\BuildTools\Common7\IDE\PrivateAssemblies\Microsoft.VisualStudio.Linux.ConnectionManager.Contracts.dll
[c9c4:0009][2026-05-10T01:02:22] Timestamp updated for file 'D:\Program Files (x86)\Microsoft Visual Studio\2022\BuildTools\Common7\IDE\PrivateAssemblies\Microsoft.VisualStudio.Linux.ConnectionManager.Contracts.dll'.
[c9c4:0009][2026-05-10T01:02:22] Processing file /Contents/Common7/IDE/PrivateAssemblies/Microsoft.VisualStudio.Linux.ConnectionManager.Store.dll
[c9c4:0009][2026-05-10T01:02:22] Started: Copying file /Contents/Common7/IDE/PrivateAssemblies/Microsoft.VisualStudio.Linux.ConnectionManager.Store.dll to D:\Program Files (x86)\Microsoft Visual Studio\2022\BuildTools\Common7\IDE\PrivateAssemblies\Microsoft.VisualStudio.Linux.ConnectionManager.Store.dll
[c9c4:0009][2026-05-10T01:02:22] Completed: Copying file /Contents/Common7/IDE/PrivateAssemblies/Microsoft.VisualStudio.Linux.ConnectionManager.Store.dll to D:\Program Files (x86)\Microsoft Visual Studio\2022\BuildTools\Common7\IDE\PrivateAssemblies\Microsoft.VisualStudio.Linux.ConnectionManager.Store.dll
[c9c4:0009][2026-05-10T01:02:22] Timestamp updated for file 'D:\Program Files (x86)\Microsoft Visual Studio\2022\BuildTools\Common7\IDE\PrivateAssemblies\Microsoft.VisualStudio.Linux.ConnectionManager.Store.dll'.
[c9c4:0009][2026-05-10T01:02:22] Processing file /Contents/Common7/IDE/PrivateAssemblies/Visual%20CPP%20for%20Linux%20Development%20ThirdPartyNotices.txt
[c9c4:0009][2026-05-10T01:02:22] Started: Copying file /Contents/Common7/IDE/PrivateAssemblies/Visual%20CPP%20for%20Linux%20Development%20ThirdPartyNotices.txt to D:\Program Files (x86)\Microsoft Visual Studio\2022\BuildTools\Common7\IDE\PrivateAssemblies\Visual CPP for Linux Development ThirdPartyNotices.txt
[c9c4:0009][2026-05-10T01:02:22] Completed: Copying file /Contents/Common7/IDE/PrivateAssemblies/Visual%20CPP%20for%20Linux%20Development%20ThirdPartyNotices.txt to D:\Program Files (x86)\Microsoft Visual Studio\2022\BuildTools\Common7\IDE\PrivateAssemblies\Visual CPP for Linux Development ThirdPartyNotices.txt
[c9c4:0009][2026-05-10T01:02:22] Timestamp updated for file 'D:\Program Files (x86)\Microsoft Visual Studio\2022\BuildTools\Common7\IDE\PrivateAssemblies\Visual CPP for Linux Development ThirdPartyNotices.txt'.
[c9c4:0009][2026-05-10T01:02:22] Processing file /Contents/Common7/IDE/PrivateAssemblies/VS.Renci.SshNet.dll
[c9c4:0009][2026-05-10T01:02:22] Started: Copying file /Contents/Common7/IDE/PrivateAssemblies/VS.Renci.SshNet.dll to D:\Program Files (x86)\Microsoft Visual Studio\2022\BuildTools\Common7\IDE\PrivateAssemblies\VS.Renci.SshNet.dll
[c9c4:0009][2026-05-10T01:02:22] Completed: Copying file /Contents/Common7/IDE/PrivateAssemblies/VS.Renci.SshNet.dll to D:\Program Files (x86)\Microsoft Visual Studio\2022\BuildTools\Common7\IDE\PrivateAssemblies\VS.Renci.SshNet.dll
[c9c4:0009][2026-05-10T01:02:22] Timestamp updated for file 'D:\Program Files (x86)\Microsoft Visual Studio\2022\BuildTools\Common7\IDE\PrivateAssemblies\VS.Renci.SshNet.dll'.
[c9c4:0009][2026-05-10T01:02:22] Processing file /Contents/Common7/IDE/VC/Linux/bin/ConnectionManagerExe/ConnectionManager.exe
[c9c4:0009][2026-05-10T01:02:22] Started: Copying file /Contents/Common7/IDE/VC/Linux/bin/ConnectionManagerExe/ConnectionManager.exe to D:\Program Files (x86)\Microsoft Visual Studio\2022\BuildTools\Common7\IDE\VC\Linux\bin\ConnectionManagerExe\ConnectionManager.exe
[c9c4:0009][2026-05-10T01:02:22] Completed: Copying file /Contents/Common7/IDE/VC/Linux/bin/ConnectionManagerExe/ConnectionManager.exe to D:\Program Files (x86)\Microsoft Visual Studio\2022\BuildTools\Common7\IDE\VC\Linux\bin\ConnectionManagerExe\ConnectionManager.exe
[c9c4:0009][2026-05-10T01:02:22] Timestamp updated for file 'D:\Program Files (x86)\Microsoft Visual Studio\2022\BuildTools\Common7\IDE\VC\Linux\bin\ConnectionManagerExe\ConnectionManager.exe'.
[c9c4:0009][2026-05-10T01:02:22] Processing file /Contents/Common7/IDE/VC/Linux/bin/ConnectionManagerExe/ConnectionManager.exe.config
[c9c4:0009][2026-05-10T01:02:22] Started: Copying file /Contents/Common7/IDE/VC/Linux/bin/ConnectionManagerExe/ConnectionManager.exe.config to D:\Program Files (x86)\Microsoft Visual Studio\2022\BuildTools\Common7\IDE\VC\Linux\bin\ConnectionManagerExe\ConnectionManager.exe.config
[c9c4:0009][2026-05-10T01:02:22] Completed: Copying file /Contents/Common7/IDE/VC/Linux/bin/ConnectionManagerExe/ConnectionManager.exe.config to D:\Program Files (x86)\Microsoft Visual Studio\2022\BuildTools\Common7\IDE\VC\Linux\bin\ConnectionManagerExe\ConnectionManager.exe.config
[c9c4:0009][2026-05-10T01:02:22] Timestamp updated for file 'D:\Program Files (x86)\Microsoft Visual Studio\2022\BuildTools\Common7\IDE\VC\Linux\bin\ConnectionManagerExe\ConnectionManager.exe.config'.
[c9c4:0009][2026-05-10T01:02:22] Processing file /Contents/Common7/IDE/VC/Linux/bin/ConnectionManagerExe/liblinux.dll
[c9c4:0009][2026-05-10T01:02:22] Started: Copying file /Contents/Common7/IDE/VC/Linux/bin/ConnectionManagerExe/liblinux.dll to D:\Program Files (x86)\Microsoft Visual Studio\2022\BuildTools\Common7\IDE\VC\Linux\bin\ConnectionManagerExe\liblinux.dll
[c9c4:0009][2026-05-10T01:02:22] Completed: Copying file /Contents/Common7/IDE/VC/Linux/bin/ConnectionManagerExe/liblinux.dll to D:\Program Files (x86)\Microsoft Visual Studio\2022\BuildTools\Common7\IDE\VC\Linux\bin\ConnectionManagerExe\liblinux.dll
[c9c4:0009][2026-05-10T01:02:22] Timestamp updated for file 'D:\Program Files (x86)\Microsoft Visual Studio\2022\BuildTools\Common7\IDE\VC\Linux\bin\ConnectionManagerExe\liblinux.dll'.
[c9c4:0009][2026-05-10T01:02:22] Processing file /Contents/Common7/IDE/VC/Linux/bin/ConnectionManagerExe/NOTICE.txt
[c9c4:0009][2026-05-10T01:02:22] Started: Copying file /Contents/Common7/IDE/VC/Linux/bin/ConnectionManagerExe/NOTICE.txt to D:\Program Files (x86)\Microsoft Visual Studio\2022\BuildTools\Common7\IDE\VC\Linux\bin\ConnectionManagerExe\NOTICE.txt
[c9c4:0009][2026-05-10T01:02:22] Completed: Copying file /Contents/Common7/IDE/VC/Linux/bin/ConnectionManagerExe/NOTICE.txt to D:\Program Files (x86)\Microsoft Visual Studio\2022\BuildTools\Common7\IDE\VC\Linux\bin\ConnectionManagerExe\NOTICE.txt
[c9c4:0009][2026-05-10T01:02:22] Timestamp updated for file 'D:\Program Files (x86)\Microsoft Visual Studio\2022\BuildTools\Common7\IDE\VC\Linux\bin\ConnectionManagerExe\NOTICE.txt'.
[c9c4:0009][2026-05-10T01:02:22] Processing file /Contents/Common7/Tools/vsdevcmd/ext/ConnectionManagerExe.bat
[c9c4:0009][2026-05-10T01:02:22] Started: Copying file /Contents/Common7/Tools/vsdevcmd/ext/ConnectionManagerExe.bat to D:\Program Files (x86)\Microsoft Visual Studio\2022\BuildTools\Common7\Tools\vsdevcmd\ext\ConnectionManagerExe.bat
[c9c4:0009][2026-05-10T01:02:22] Completed: Copying file /Contents/Common7/Tools/vsdevcmd/ext/ConnectionManagerExe.bat to D:\Program Files (x86)\Microsoft Visual Studio\2022\BuildTools\Common7\Tools\vsdevcmd\ext\ConnectionManagerExe.bat
[c9c4:0009][2026-05-10T01:02:22] Timestamp updated for file 'D:\Program Files (x86)\Microsoft Visual Studio\2022\BuildTools\Common7\Tools\vsdevcmd\ext\ConnectionManagerExe.bat'.
[c9c4:0009][2026-05-10T01:02:22] Processing file /Contents/Common7/IDE/CommonExtensions/Microsoft/Linux/Linux/ConnectionManager.extension.vsixmanifest
[c9c4:0009][2026-05-10T01:02:22] Started: Copying file /Contents/Common7/IDE/CommonExtensions/Microsoft/Linux/Linux/ConnectionManager.extension.vsixmanifest to D:\Program Files (x86)\Microsoft Visual Studio\2022\BuildTools\Common7\IDE\CommonExtensions\Microsoft\Linux\Linux\ConnectionManager.extension.vsixmanifest
[c9c4:0009][2026-05-10T01:02:22] Completed: Copying file /Contents/Common7/IDE/CommonExtensions/Microsoft/Linux/Linux/ConnectionManager.extension.vsixmanifest to D:\Program Files (x86)\Microsoft Visual Studio\2022\BuildTools\Common7\IDE\CommonExtensions\Microsoft\Linux\Linux\ConnectionManager.extension.vsixmanifest
[c9c4:0009][2026-05-10T01:02:22] Timestamp updated for file 'D:\Program Files (x86)\Microsoft Visual Studio\2022\BuildTools\Common7\IDE\CommonExtensions\Microsoft\Linux\Linux\ConnectionManager.extension.vsixmanifest'.
[c9c4:0009][2026-05-10T01:02:22] Package executed successfully. Return code: 0
