[da4c:0007][2026-05-10T00:49:39] Opening the package for processing
[da4c:0007][2026-05-10T00:49:39] Using package payload to get the embedded manifest
[da4c:0007][2026-05-10T00:49:39] Getting list of files within the package
[da4c:0007][2026-05-10T00:49:39] Processing file /Contents/VC/Auxiliary/Build/Microsoft.VCRedistVersion.default.props
[da4c:0007][2026-05-10T00:49:39] Started: Copying file /Contents/VC/Auxiliary/Build/Microsoft.VCRedistVersion.default.props to D:\Program\VC\Auxiliary\Build\Microsoft.VCRedistVersion.default.props
[da4c:0007][2026-05-10T00:49:39] Completed: Copying file /Contents/VC/Auxiliary/Build/Microsoft.VCRedistVersion.default.props to D:\Program\VC\Auxiliary\Build\Microsoft.VCRedistVersion.default.props
[da4c:0007][2026-05-10T00:49:39] Timestamp updated for file 'D:\Program\VC\Auxiliary\Build\Microsoft.VCRedistVersion.default.props'.
[da4c:0007][2026-05-10T00:49:39] Processing file /Contents/VC/Auxiliary/Build/Microsoft.VCRedistVersion.default.txt
[da4c:0007][2026-05-10T00:49:39] Started: Copying file /Contents/VC/Auxiliary/Build/Microsoft.VCRedistVersion.default.txt to D:\Program\VC\Auxiliary\Build\Microsoft.VCRedistVersion.default.txt
[da4c:0007][2026-05-10T00:49:39] Completed: Copying file /Contents/VC/Auxiliary/Build/Microsoft.VCRedistVersion.default.txt to D:\Program\VC\Auxiliary\Build\Microsoft.VCRedistVersion.default.txt
[da4c:0007][2026-05-10T00:49:39] Timestamp updated for file 'D:\Program\VC\Auxiliary\Build\Microsoft.VCRedistVersion.default.txt'.
[da4c:0007][2026-05-10T00:49:39] Processing file /Contents/VC/Auxiliary/Build/Microsoft.VCRedistVersion.v143.default.props
[da4c:0007][2026-05-10T00:49:39] Started: Copying file /Contents/VC/Auxiliary/Build/Microsoft.VCRedistVersion.v143.default.props to D:\Program\VC\Auxiliary\Build\Microsoft.VCRedistVersion.v143.default.props
[da4c:0007][2026-05-10T00:49:39] Completed: Copying file /Contents/VC/Auxiliary/Build/Microsoft.VCRedistVersion.v143.default.props to D:\Program\VC\Auxiliary\Build\Microsoft.VCRedistVersion.v143.default.props
[da4c:0007][2026-05-10T00:49:39] Timestamp updated for file 'D:\Program\VC\Auxiliary\Build\Microsoft.VCRedistVersion.v143.default.props'.
[da4c:0007][2026-05-10T00:49:39] Processing file /Contents/VC/Redist/MSVC/14.44.35112/Auxiliary/Microsoft.VC.ServicingVersion.Redist.props
[da4c:0007][2026-05-10T00:49:39] Started: Copying file /Contents/VC/Redist/MSVC/14.44.35112/Auxiliary/Microsoft.VC.ServicingVersion.Redist.props to D:\Program\VC\Redist\MSVC\14.44.35112\Auxiliary\Microsoft.VC.ServicingVersion.Redist.props
[da4c:0007][2026-05-10T00:49:39] Completed: Copying file /Contents/VC/Redist/MSVC/14.44.35112/Auxiliary/Microsoft.VC.ServicingVersion.Redist.props to D:\Program\VC\Redist\MSVC\14.44.35112\Auxiliary\Microsoft.VC.ServicingVersion.Redist.props
[da4c:0007][2026-05-10T00:49:39] Timestamp updated for file 'D:\Program\VC\Redist\MSVC\14.44.35112\Auxiliary\Microsoft.VC.ServicingVersion.Redist.props'.
[da4c:0007][2026-05-10T00:49:39] Package executed successfully. Return code: 0
