[da4c:0007][2026-05-10T00:49:52] Opening the package for processing
[da4c:0007][2026-05-10T00:49:52] Using package payload to get the embedded manifest
[da4c:0007][2026-05-10T00:49:52] Getting list of files within the package
[da4c:0007][2026-05-10T00:49:52] Processing file /Contents/Common7/IDE/CommonExtensions/Platform/Debugger/CoreCLRDebugEngine.pkgdef
[da4c:0007][2026-05-10T00:49:52] Started: Copying file /Contents/Common7/IDE/CommonExtensions/Platform/Debugger/CoreCLRDebugEngine.pkgdef to D:\Program\Common7\IDE\CommonExtensions\Platform\Debugger\CoreCLRDebugEngine.pkgdef
[da4c:0007][2026-05-10T00:49:52] Completed: Copying file /Contents/Common7/IDE/CommonExtensions/Platform/Debugger/CoreCLRDebugEngine.pkgdef to D:\Program\Common7\IDE\CommonExtensions\Platform\Debugger\CoreCLRDebugEngine.pkgdef
[da4c:0007][2026-05-10T00:49:52] Timestamp updated for file 'D:\Program\Common7\IDE\CommonExtensions\Platform\Debugger\CoreCLRDebugEngine.pkgdef'.
[da4c:0007][2026-05-10T00:49:52] Processing file /Contents/Common7/IDE/CommonExtensions/Platform/Debugger/DotNetDebugger.pkgdef
[da4c:0007][2026-05-10T00:49:52] Started: Copying file /Contents/Common7/IDE/CommonExtensions/Platform/Debugger/DotNetDebugger.pkgdef to D:\Program\Common7\IDE\CommonExtensions\Platform\Debugger\DotNetDebugger.pkgdef
[da4c:0007][2026-05-10T00:49:52] Completed: Copying file /Contents/Common7/IDE/CommonExtensions/Platform/Debugger/DotNetDebugger.pkgdef to D:\Program\Common7\IDE\CommonExtensions\Platform\Debugger\DotNetDebugger.pkgdef
[da4c:0007][2026-05-10T00:49:52] Timestamp updated for file 'D:\Program\Common7\IDE\CommonExtensions\Platform\Debugger\DotNetDebugger.pkgdef'.
[da4c:0007][2026-05-10T00:49:52] Processing file /Contents/Common7/IDE/CommonExtensions/Platform/Debugger/MonoDebugEngine.pkgdef
[da4c:0007][2026-05-10T00:49:52] Started: Copying file /Contents/Common7/IDE/CommonExtensions/Platform/Debugger/MonoDebugEngine.pkgdef to D:\Program\Common7\IDE\CommonExtensions\Platform\Debugger\MonoDebugEngine.pkgdef
[da4c:0007][2026-05-10T00:49:52] Completed: Copying file /Contents/Common7/IDE/CommonExtensions/Platform/Debugger/MonoDebugEngine.pkgdef to D:\Program\Common7\IDE\CommonExtensions\Platform\Debugger\MonoDebugEngine.pkgdef
[da4c:0007][2026-05-10T00:49:52] Timestamp updated for file 'D:\Program\Common7\IDE\CommonExtensions\Platform\Debugger\MonoDebugEngine.pkgdef'.
[da4c:0007][2026-05-10T00:49:52] Processing file /Contents/Common7/IDE/PrivateAssemblies/ClrCustomVisualizerVSHost.dll
[da4c:0007][2026-05-10T00:49:52] Started: Copying file /Contents/Common7/IDE/PrivateAssemblies/ClrCustomVisualizerVSHost.dll to D:\Program\Common7\IDE\PrivateAssemblies\ClrCustomVisualizerVSHost.dll
[da4c:0007][2026-05-10T00:49:52] Completed: Copying file /Contents/Common7/IDE/PrivateAssemblies/ClrCustomVisualizerVSHost.dll to D:\Program\Common7\IDE\PrivateAssemblies\ClrCustomVisualizerVSHost.dll
[da4c:0007][2026-05-10T00:49:52] Timestamp updated for file 'D:\Program\Common7\IDE\PrivateAssemblies\ClrCustomVisualizerVSHost.dll'.
[da4c:0007][2026-05-10T00:49:52] Processing file /Contents/Common7/IDE/PrivateAssemblies/Microsoft.VisualStudio.Debugger.Metadata.dll
[da4c:0007][2026-05-10T00:49:52] Started: Copying file /Contents/Common7/IDE/PrivateAssemblies/Microsoft.VisualStudio.Debugger.Metadata.dll to D:\Program\Common7\IDE\PrivateAssemblies\Microsoft.VisualStudio.Debugger.Metadata.dll
[da4c:0007][2026-05-10T00:49:52] Completed: Copying file /Contents/Common7/IDE/PrivateAssemblies/Microsoft.VisualStudio.Debugger.Metadata.dll to D:\Program\Common7\IDE\PrivateAssemblies\Microsoft.VisualStudio.Debugger.Metadata.dll
[da4c:0007][2026-05-10T00:49:52] Timestamp updated for file 'D:\Program\Common7\IDE\PrivateAssemblies\Microsoft.VisualStudio.Debugger.Metadata.dll'.
[da4c:0007][2026-05-10T00:49:52] Queueing D:\Program\Common7\IDE\PrivateAssemblies\Microsoft.VisualStudio.Debugger.Metadata.dll for X86 ngen
[da4c:0007][2026-05-10T00:49:52] Successfully queued file '/Contents/Common7/IDE/PrivateAssemblies/Microsoft.VisualStudio.Debugger.Metadata.dll' for ngen
[da4c:0007][2026-05-10T00:49:52] Processing file /Contents/Common7/IDE/PrivateAssemblies/Microsoft.VisualStudio.vil.dll
[da4c:0007][2026-05-10T00:49:52] Started: Copying file /Contents/Common7/IDE/PrivateAssemblies/Microsoft.VisualStudio.vil.dll to D:\Program\Common7\IDE\PrivateAssemblies\Microsoft.VisualStudio.vil.dll
[da4c:0007][2026-05-10T00:49:52] Completed: Copying file /Contents/Common7/IDE/PrivateAssemblies/Microsoft.VisualStudio.vil.dll to D:\Program\Common7\IDE\PrivateAssemblies\Microsoft.VisualStudio.vil.dll
[da4c:0007][2026-05-10T00:49:52] Timestamp updated for file 'D:\Program\Common7\IDE\PrivateAssemblies\Microsoft.VisualStudio.vil.dll'.
[da4c:0007][2026-05-10T00:49:52] Queueing D:\Program\Common7\IDE\PrivateAssemblies\Microsoft.VisualStudio.vil.dll for X86 ngen
[da4c:0007][2026-05-10T00:49:52] Successfully queued file '/Contents/Common7/IDE/PrivateAssemblies/Microsoft.VisualStudio.vil.dll' for ngen
[da4c:0007][2026-05-10T00:49:52] Processing file /Contents/Common7/IDE/PrivateAssemblies/Microsoft.VisualStudio.vil.host.dll
[da4c:0007][2026-05-10T00:49:52] Started: Copying file /Contents/Common7/IDE/PrivateAssemblies/Microsoft.VisualStudio.vil.host.dll to D:\Program\Common7\IDE\PrivateAssemblies\Microsoft.VisualStudio.vil.host.dll
[da4c:0007][2026-05-10T00:49:52] Completed: Copying file /Contents/Common7/IDE/PrivateAssemblies/Microsoft.VisualStudio.vil.host.dll to D:\Program\Common7\IDE\PrivateAssemblies\Microsoft.VisualStudio.vil.host.dll
[da4c:0007][2026-05-10T00:49:52] Timestamp updated for file 'D:\Program\Common7\IDE\PrivateAssemblies\Microsoft.VisualStudio.vil.host.dll'.
[da4c:0007][2026-05-10T00:49:52] Queueing D:\Program\Common7\IDE\PrivateAssemblies\Microsoft.VisualStudio.vil.host.dll for X86 ngen
[da4c:0007][2026-05-10T00:49:52] Successfully queued file '/Contents/Common7/IDE/PrivateAssemblies/Microsoft.VisualStudio.vil.host.dll' for ngen
[da4c:0007][2026-05-10T00:49:52] Processing file /Contents/Common7/IDE/PrivateAssemblies/Runtime/Microsoft.VisualStudio.Debugger.Runtime.Desktop.dll
[da4c:0007][2026-05-10T00:49:52] Started: Copying file /Contents/Common7/IDE/PrivateAssemblies/Runtime/Microsoft.VisualStudio.Debugger.Runtime.Desktop.dll to D:\Program\Common7\IDE\PrivateAssemblies\Runtime\Microsoft.VisualStudio.Debugger.Runtime.Desktop.dll
[da4c:0007][2026-05-10T00:49:52] Completed: Copying file /Contents/Common7/IDE/PrivateAssemblies/Runtime/Microsoft.VisualStudio.Debugger.Runtime.Desktop.dll to D:\Program\Common7\IDE\PrivateAssemblies\Runtime\Microsoft.VisualStudio.Debugger.Runtime.Desktop.dll
[da4c:0007][2026-05-10T00:49:52] Timestamp updated for file 'D:\Program\Common7\IDE\PrivateAssemblies\Runtime\Microsoft.VisualStudio.Debugger.Runtime.Desktop.dll'.
[da4c:0007][2026-05-10T00:49:52] Processing file /Contents/Common7/IDE/PrivateAssemblies/Runtime/Microsoft.VisualStudio.Debugger.Runtime.Impl.dll
[da4c:0007][2026-05-10T00:49:52] Started: Copying file /Contents/Common7/IDE/PrivateAssemblies/Runtime/Microsoft.VisualStudio.Debugger.Runtime.Impl.dll to D:\Program\Common7\IDE\PrivateAssemblies\Runtime\Microsoft.VisualStudio.Debugger.Runtime.Impl.dll
[da4c:0007][2026-05-10T00:49:52] Completed: Copying file /Contents/Common7/IDE/PrivateAssemblies/Runtime/Microsoft.VisualStudio.Debugger.Runtime.Impl.dll to D:\Program\Common7\IDE\PrivateAssemblies\Runtime\Microsoft.VisualStudio.Debugger.Runtime.Impl.dll
[da4c:0007][2026-05-10T00:49:52] Timestamp updated for file 'D:\Program\Common7\IDE\PrivateAssemblies\Runtime\Microsoft.VisualStudio.Debugger.Runtime.Impl.dll'.
[da4c:0007][2026-05-10T00:49:52] Processing file /Contents/Common7/IDE/PrivateAssemblies/Runtime/Microsoft.VisualStudio.Debugger.Runtime.NetCoreApp.dll
[da4c:0007][2026-05-10T00:49:52] Started: Copying file /Contents/Common7/IDE/PrivateAssemblies/Runtime/Microsoft.VisualStudio.Debugger.Runtime.NetCoreApp.dll to D:\Program\Common7\IDE\PrivateAssemblies\Runtime\Microsoft.VisualStudio.Debugger.Runtime.NetCoreApp.dll
[da4c:0007][2026-05-10T00:49:52] Completed: Copying file /Contents/Common7/IDE/PrivateAssemblies/Runtime/Microsoft.VisualStudio.Debugger.Runtime.NetCoreApp.dll to D:\Program\Common7\IDE\PrivateAssemblies\Runtime\Microsoft.VisualStudio.Debugger.Runtime.NetCoreApp.dll
[da4c:0007][2026-05-10T00:49:52] Timestamp updated for file 'D:\Program\Common7\IDE\PrivateAssemblies\Runtime\Microsoft.VisualStudio.Debugger.Runtime.NetCoreApp.dll'.
[da4c:0007][2026-05-10T00:49:52] Package executed successfully. Return code: 0
