[3c7c:000c][2026-05-10T01:35:58] Opening the package for processing
[3c7c:000c][2026-05-10T01:35:58] Using package payload to get the embedded manifest
[3c7c:000c][2026-05-10T01:35:58] Getting list of files within the package
[3c7c:000c][2026-05-10T01:35:58] Processing file /Contents/Common7/IDE/Remote%20Debugger/x86/iisresolver.dll
[3c7c:000c][2026-05-10T01:35:58] Started: Copying file /Contents/Common7/IDE/Remote%20Debugger/x86/iisresolver.dll to C:\Program Files (x86)\Microsoft Visual Studio\2022\BuildTools\Common7\IDE\Remote Debugger\x86\iisresolver.dll
[3c7c:000c][2026-05-10T01:35:58] Completed: Copying file /Contents/Common7/IDE/Remote%20Debugger/x86/iisresolver.dll to C:\Program Files (x86)\Microsoft Visual Studio\2022\BuildTools\Common7\IDE\Remote Debugger\x86\iisresolver.dll
[3c7c:000c][2026-05-10T01:35:58] Timestamp updated for file 'C:\Program Files (x86)\Microsoft Visual Studio\2022\BuildTools\Common7\IDE\Remote Debugger\x86\iisresolver.dll'.
[3c7c:000c][2026-05-10T01:35:58] Processing file /Contents/Common7/IDE/Remote%20Debugger/x86/MemoryAnalyzer.Extensions.dll
[3c7c:000c][2026-05-10T01:35:58] Started: Copying file /Contents/Common7/IDE/Remote%20Debugger/x86/MemoryAnalyzer.Extensions.dll to C:\Program Files (x86)\Microsoft Visual Studio\2022\BuildTools\Common7\IDE\Remote Debugger\x86\MemoryAnalyzer.Extensions.dll
[3c7c:000c][2026-05-10T01:35:58] Completed: Copying file /Contents/Common7/IDE/Remote%20Debugger/x86/MemoryAnalyzer.Extensions.dll to C:\Program Files (x86)\Microsoft Visual Studio\2022\BuildTools\Common7\IDE\Remote Debugger\x86\MemoryAnalyzer.Extensions.dll
[3c7c:000c][2026-05-10T01:35:58] Timestamp updated for file 'C:\Program Files (x86)\Microsoft Visual Studio\2022\BuildTools\Common7\IDE\Remote Debugger\x86\MemoryAnalyzer.Extensions.dll'.
[3c7c:000c][2026-05-10T01:35:58] Processing file /Contents/Common7/IDE/Remote%20Debugger/x86/Microsoft.VisualStudio.Debugger.Engine.dll
[3c7c:000c][2026-05-10T01:35:58] Started: Copying file /Contents/Common7/IDE/Remote%20Debugger/x86/Microsoft.VisualStudio.Debugger.Engine.dll to C:\Program Files (x86)\Microsoft Visual Studio\2022\BuildTools\Common7\IDE\Remote Debugger\x86\Microsoft.VisualStudio.Debugger.Engine.dll
[3c7c:000c][2026-05-10T01:35:58] Completed: Copying file /Contents/Common7/IDE/Remote%20Debugger/x86/Microsoft.VisualStudio.Debugger.Engine.dll to C:\Program Files (x86)\Microsoft Visual Studio\2022\BuildTools\Common7\IDE\Remote Debugger\x86\Microsoft.VisualStudio.Debugger.Engine.dll
[3c7c:000c][2026-05-10T01:35:58] Timestamp updated for file 'C:\Program Files (x86)\Microsoft Visual Studio\2022\BuildTools\Common7\IDE\Remote Debugger\x86\Microsoft.VisualStudio.Debugger.Engine.dll'.
[3c7c:000c][2026-05-10T01:35:58] Processing file /Contents/Common7/IDE/Remote%20Debugger/x86/Microsoft.VisualStudio.Debugger.Metadata.dll
[3c7c:000c][2026-05-10T01:35:58] Started: Copying file /Contents/Common7/IDE/Remote%20Debugger/x86/Microsoft.VisualStudio.Debugger.Metadata.dll to C:\Program Files (x86)\Microsoft Visual Studio\2022\BuildTools\Common7\IDE\Remote Debugger\x86\Microsoft.VisualStudio.Debugger.Metadata.dll
[3c7c:000c][2026-05-10T01:35:58] Completed: Copying file /Contents/Common7/IDE/Remote%20Debugger/x86/Microsoft.VisualStudio.Debugger.Metadata.dll to C:\Program Files (x86)\Microsoft Visual Studio\2022\BuildTools\Common7\IDE\Remote Debugger\x86\Microsoft.VisualStudio.Debugger.Metadata.dll
[3c7c:000c][2026-05-10T01:35:58] Timestamp updated for file 'C:\Program Files (x86)\Microsoft Visual Studio\2022\BuildTools\Common7\IDE\Remote Debugger\x86\Microsoft.VisualStudio.Debugger.Metadata.dll'.
[3c7c:000c][2026-05-10T01:35:58] Processing file /Contents/Common7/IDE/Remote%20Debugger/x86/Microsoft.VisualStudio.vil.dll
[3c7c:000c][2026-05-10T01:35:58] Started: Copying file /Contents/Common7/IDE/Remote%20Debugger/x86/Microsoft.VisualStudio.vil.dll to C:\Program Files (x86)\Microsoft Visual Studio\2022\BuildTools\Common7\IDE\Remote Debugger\x86\Microsoft.VisualStudio.vil.dll
[3c7c:000c][2026-05-10T01:35:58] Completed: Copying file /Contents/Common7/IDE/Remote%20Debugger/x86/Microsoft.VisualStudio.vil.dll to C:\Program Files (x86)\Microsoft Visual Studio\2022\BuildTools\Common7\IDE\Remote Debugger\x86\Microsoft.VisualStudio.vil.dll
[3c7c:000c][2026-05-10T01:35:58] Timestamp updated for file 'C:\Program Files (x86)\Microsoft Visual Studio\2022\BuildTools\Common7\IDE\Remote Debugger\x86\Microsoft.VisualStudio.vil.dll'.
[3c7c:000c][2026-05-10T01:35:58] Processing file /Contents/Common7/IDE/Remote%20Debugger/x86/Microsoft.VisualStudio.vil.host.dll
[3c7c:000c][2026-05-10T01:35:58] Started: Copying file /Contents/Common7/IDE/Remote%20Debugger/x86/Microsoft.VisualStudio.vil.host.dll to C:\Program Files (x86)\Microsoft Visual Studio\2022\BuildTools\Common7\IDE\Remote Debugger\x86\Microsoft.VisualStudio.vil.host.dll
[3c7c:000c][2026-05-10T01:35:58] Completed: Copying file /Contents/Common7/IDE/Remote%20Debugger/x86/Microsoft.VisualStudio.vil.host.dll to C:\Program Files (x86)\Microsoft Visual Studio\2022\BuildTools\Common7\IDE\Remote Debugger\x86\Microsoft.VisualStudio.vil.host.dll
[3c7c:000c][2026-05-10T01:35:58] Timestamp updated for file 'C:\Program Files (x86)\Microsoft Visual Studio\2022\BuildTools\Common7\IDE\Remote Debugger\x86\Microsoft.VisualStudio.vil.host.dll'.
[3c7c:000c][2026-05-10T01:35:58] Processing file /Contents/Common7/IDE/Remote%20Debugger/x86/Runtime/Microsoft.VisualStudio.Debugger.Runtime.Desktop.dll
[3c7c:000c][2026-05-10T01:35:58] Started: Copying file /Contents/Common7/IDE/Remote%20Debugger/x86/Runtime/Microsoft.VisualStudio.Debugger.Runtime.Desktop.dll to C:\Program Files (x86)\Microsoft Visual Studio\2022\BuildTools\Common7\IDE\Remote Debugger\x86\Runtime\Microsoft.VisualStudio.Debugger.Runtime.Desktop.dll
[3c7c:000c][2026-05-10T01:35:58] Completed: Copying file /Contents/Common7/IDE/Remote%20Debugger/x86/Runtime/Microsoft.VisualStudio.Debugger.Runtime.Desktop.dll to C:\Program Files (x86)\Microsoft Visual Studio\2022\BuildTools\Common7\IDE\Remote Debugger\x86\Runtime\Microsoft.VisualStudio.Debugger.Runtime.Desktop.dll
[3c7c:000c][2026-05-10T01:35:58] Timestamp updated for file 'C:\Program Files (x86)\Microsoft Visual Studio\2022\BuildTools\Common7\IDE\Remote Debugger\x86\Runtime\Microsoft.VisualStudio.Debugger.Runtime.Desktop.dll'.
[3c7c:000c][2026-05-10T01:35:58] Processing file /Contents/Common7/IDE/Remote%20Debugger/x86/Runtime/Microsoft.VisualStudio.Debugger.Runtime.Impl.dll
[3c7c:000c][2026-05-10T01:35:58] Started: Copying file /Contents/Common7/IDE/Remote%20Debugger/x86/Runtime/Microsoft.VisualStudio.Debugger.Runtime.Impl.dll to C:\Program Files (x86)\Microsoft Visual Studio\2022\BuildTools\Common7\IDE\Remote Debugger\x86\Runtime\Microsoft.VisualStudio.Debugger.Runtime.Impl.dll
[3c7c:000c][2026-05-10T01:35:58] Completed: Copying file /Contents/Common7/IDE/Remote%20Debugger/x86/Runtime/Microsoft.VisualStudio.Debugger.Runtime.Impl.dll to C:\Program Files (x86)\Microsoft Visual Studio\2022\BuildTools\Common7\IDE\Remote Debugger\x86\Runtime\Microsoft.VisualStudio.Debugger.Runtime.Impl.dll
[3c7c:000c][2026-05-10T01:35:58] Timestamp updated for file 'C:\Program Files (x86)\Microsoft Visual Studio\2022\BuildTools\Common7\IDE\Remote Debugger\x86\Runtime\Microsoft.VisualStudio.Debugger.Runtime.Impl.dll'.
[3c7c:000c][2026-05-10T01:35:58] Processing file /Contents/Common7/IDE/Remote%20Debugger/x86/Runtime/Microsoft.VisualStudio.Debugger.Runtime.NetCoreApp.dll
[3c7c:000c][2026-05-10T01:35:58] Started: Copying file /Contents/Common7/IDE/Remote%20Debugger/x86/Runtime/Microsoft.VisualStudio.Debugger.Runtime.NetCoreApp.dll to C:\Program Files (x86)\Microsoft Visual Studio\2022\BuildTools\Common7\IDE\Remote Debugger\x86\Runtime\Microsoft.VisualStudio.Debugger.Runtime.NetCoreApp.dll
[3c7c:000c][2026-05-10T01:35:58] Completed: Copying file /Contents/Common7/IDE/Remote%20Debugger/x86/Runtime/Microsoft.VisualStudio.Debugger.Runtime.NetCoreApp.dll to C:\Program Files (x86)\Microsoft Visual Studio\2022\BuildTools\Common7\IDE\Remote Debugger\x86\Runtime\Microsoft.VisualStudio.Debugger.Runtime.NetCoreApp.dll
[3c7c:000c][2026-05-10T01:35:58] Timestamp updated for file 'C:\Program Files (x86)\Microsoft Visual Studio\2022\BuildTools\Common7\IDE\Remote Debugger\x86\Runtime\Microsoft.VisualStudio.Debugger.Runtime.NetCoreApp.dll'.
[3c7c:000c][2026-05-10T01:35:58] Processing file /Contents/Common7/IDE/Remote%20Debugger/x86/vsdebugeng.dll
[3c7c:000c][2026-05-10T01:35:58] Started: Copying file /Contents/Common7/IDE/Remote%20Debugger/x86/vsdebugeng.dll to C:\Program Files (x86)\Microsoft Visual Studio\2022\BuildTools\Common7\IDE\Remote Debugger\x86\vsdebugeng.dll
[3c7c:000c][2026-05-10T01:35:58] Completed: Copying file /Contents/Common7/IDE/Remote%20Debugger/x86/vsdebugeng.dll to C:\Program Files (x86)\Microsoft Visual Studio\2022\BuildTools\Common7\IDE\Remote Debugger\x86\vsdebugeng.dll
[3c7c:000c][2026-05-10T01:35:58] Timestamp updated for file 'C:\Program Files (x86)\Microsoft Visual Studio\2022\BuildTools\Common7\IDE\Remote Debugger\x86\vsdebugeng.dll'.
[3c7c:000c][2026-05-10T01:35:58] Processing file /Contents/Common7/IDE/Remote%20Debugger/x86/vsdebugeng.impl.dll
[3c7c:000c][2026-05-10T01:35:58] Started: Copying file /Contents/Common7/IDE/Remote%20Debugger/x86/vsdebugeng.impl.dll to C:\Program Files (x86)\Microsoft Visual Studio\2022\BuildTools\Common7\IDE\Remote Debugger\x86\vsdebugeng.impl.dll
[3c7c:000c][2026-05-10T01:35:58] Completed: Copying file /Contents/Common7/IDE/Remote%20Debugger/x86/vsdebugeng.impl.dll to C:\Program Files (x86)\Microsoft Visual Studio\2022\BuildTools\Common7\IDE\Remote Debugger\x86\vsdebugeng.impl.dll
[3c7c:000c][2026-05-10T01:35:58] Timestamp updated for file 'C:\Program Files (x86)\Microsoft Visual Studio\2022\BuildTools\Common7\IDE\Remote Debugger\x86\vsdebugeng.impl.dll'.
[3c7c:000c][2026-05-10T01:35:58] Processing file /Contents/Common7/IDE/Remote%20Debugger/x86/vsdebugeng.manimpl.45.dll
[3c7c:000c][2026-05-10T01:35:58] Started: Copying file /Contents/Common7/IDE/Remote%20Debugger/x86/vsdebugeng.manimpl.45.dll to C:\Program Files (x86)\Microsoft Visual Studio\2022\BuildTools\Common7\IDE\Remote Debugger\x86\vsdebugeng.manimpl.45.dll
[3c7c:000c][2026-05-10T01:35:58] Completed: Copying file /Contents/Common7/IDE/Remote%20Debugger/x86/vsdebugeng.manimpl.45.dll to C:\Program Files (x86)\Microsoft Visual Studio\2022\BuildTools\Common7\IDE\Remote Debugger\x86\vsdebugeng.manimpl.45.dll
[3c7c:000c][2026-05-10T01:35:58] Timestamp updated for file 'C:\Program Files (x86)\Microsoft Visual Studio\2022\BuildTools\Common7\IDE\Remote Debugger\x86\vsdebugeng.manimpl.45.dll'.
[3c7c:000c][2026-05-10T01:35:58] Processing file /Contents/Common7/IDE/Remote%20Debugger/x86/vsdebugeng.manimpl.dll
[3c7c:000c][2026-05-10T01:35:58] Started: Copying file /Contents/Common7/IDE/Remote%20Debugger/x86/vsdebugeng.manimpl.dll to C:\Program Files (x86)\Microsoft Visual Studio\2022\BuildTools\Common7\IDE\Remote Debugger\x86\vsdebugeng.manimpl.dll
[3c7c:000c][2026-05-10T01:35:58] Completed: Copying file /Contents/Common7/IDE/Remote%20Debugger/x86/vsdebugeng.manimpl.dll to C:\Program Files (x86)\Microsoft Visual Studio\2022\BuildTools\Common7\IDE\Remote Debugger\x86\vsdebugeng.manimpl.dll
[3c7c:000c][2026-05-10T01:35:58] Timestamp updated for file 'C:\Program Files (x86)\Microsoft Visual Studio\2022\BuildTools\Common7\IDE\Remote Debugger\x86\vsdebugeng.manimpl.dll'.
[3c7c:000c][2026-05-10T01:35:58] Processing file /Contents/Common7/IDE/Remote%20Debugger/x86/VsDebugLaunchNotify.exe
[3c7c:000c][2026-05-10T01:35:58] Started: Copying file /Contents/Common7/IDE/Remote%20Debugger/x86/VsDebugLaunchNotify.exe to C:\Program Files (x86)\Microsoft Visual Studio\2022\BuildTools\Common7\IDE\Remote Debugger\x86\VsDebugLaunchNotify.exe
[3c7c:000c][2026-05-10T01:35:58] Completed: Copying file /Contents/Common7/IDE/Remote%20Debugger/x86/VsDebugLaunchNotify.exe to C:\Program Files (x86)\Microsoft Visual Studio\2022\BuildTools\Common7\IDE\Remote Debugger\x86\VsDebugLaunchNotify.exe
[3c7c:000c][2026-05-10T01:35:58] Timestamp updated for file 'C:\Program Files (x86)\Microsoft Visual Studio\2022\BuildTools\Common7\IDE\Remote Debugger\x86\VsDebugLaunchNotify.exe'.
[3c7c:000c][2026-05-10T01:35:58] Processing file /Contents/Common7/IDE/Remote%20Debugger/x86/VsDebugWERHelper.exe
[3c7c:000c][2026-05-10T01:35:58] Started: Copying file /Contents/Common7/IDE/Remote%20Debugger/x86/VsDebugWERHelper.exe to C:\Program Files (x86)\Microsoft Visual Studio\2022\BuildTools\Common7\IDE\Remote Debugger\x86\VsDebugWERHelper.exe
[3c7c:000c][2026-05-10T01:35:58] Completed: Copying file /Contents/Common7/IDE/Remote%20Debugger/x86/VsDebugWERHelper.exe to C:\Program Files (x86)\Microsoft Visual Studio\2022\BuildTools\Common7\IDE\Remote Debugger\x86\VsDebugWERHelper.exe
[3c7c:000c][2026-05-10T01:35:58] Timestamp updated for file 'C:\Program Files (x86)\Microsoft Visual Studio\2022\BuildTools\Common7\IDE\Remote Debugger\x86\VsDebugWERHelper.exe'.
[3c7c:000c][2026-05-10T01:35:58] Package executed successfully. Return code: 0
