[2e2c:0007][2026-05-10T01:23:53] Opening the package for processing
[2e2c:0007][2026-05-10T01:23:53] Using package payload to get the embedded manifest
[2e2c:0007][2026-05-10T01:23:53] Getting list of files within the package
[2e2c:0007][2026-05-10T01:23:53] Processing file /Contents/Common7/IDE/CommonExtensions/Microsoft/VC/Debugger/cppdebug.remote.vsdconfig
[2e2c:0007][2026-05-10T01:23:53] Started: Copying file /Contents/Common7/IDE/CommonExtensions/Microsoft/VC/Debugger/cppdebug.remote.vsdconfig to D:\Program Files (x86)\Microsoft Visual Studio\2022\BuildTools\Common7\IDE\CommonExtensions\Microsoft\VC\Debugger\cppdebug.remote.vsdconfig
[2e2c:0007][2026-05-10T01:23:53] Completed: Copying file /Contents/Common7/IDE/CommonExtensions/Microsoft/VC/Debugger/cppdebug.remote.vsdconfig to D:\Program Files (x86)\Microsoft Visual Studio\2022\BuildTools\Common7\IDE\CommonExtensions\Microsoft\VC\Debugger\cppdebug.remote.vsdconfig
[2e2c:0007][2026-05-10T01:23:53] Timestamp updated for file 'D:\Program Files (x86)\Microsoft Visual Studio\2022\BuildTools\Common7\IDE\CommonExtensions\Microsoft\VC\Debugger\cppdebug.remote.vsdconfig'.
[2e2c:0007][2026-05-10T01:23:53] Processing file /Contents/Common7/IDE/CommonExtensions/Microsoft/VC/Debugger/cppdebug.vsdconfig
[2e2c:0007][2026-05-10T01:23:53] Started: Copying file /Contents/Common7/IDE/CommonExtensions/Microsoft/VC/Debugger/cppdebug.vsdconfig to D:\Program Files (x86)\Microsoft Visual Studio\2022\BuildTools\Common7\IDE\CommonExtensions\Microsoft\VC\Debugger\cppdebug.vsdconfig
[2e2c:0007][2026-05-10T01:23:53] Completed: Copying file /Contents/Common7/IDE/CommonExtensions/Microsoft/VC/Debugger/cppdebug.vsdconfig to D:\Program Files (x86)\Microsoft Visual Studio\2022\BuildTools\Common7\IDE\CommonExtensions\Microsoft\VC\Debugger\cppdebug.vsdconfig
[2e2c:0007][2026-05-10T01:23:53] Timestamp updated for file 'D:\Program Files (x86)\Microsoft Visual Studio\2022\BuildTools\Common7\IDE\CommonExtensions\Microsoft\VC\Debugger\cppdebug.vsdconfig'.
[2e2c:0007][2026-05-10T01:23:53] Processing file /Contents/Common7/IDE/CommonExtensions/Microsoft/VC/Debugger/VCDebugger.pkgdef
[2e2c:0007][2026-05-10T01:23:53] Started: Copying file /Contents/Common7/IDE/CommonExtensions/Microsoft/VC/Debugger/VCDebugger.pkgdef to D:\Program Files (x86)\Microsoft Visual Studio\2022\BuildTools\Common7\IDE\CommonExtensions\Microsoft\VC\Debugger\VCDebugger.pkgdef
[2e2c:0007][2026-05-10T01:23:53] Completed: Copying file /Contents/Common7/IDE/CommonExtensions/Microsoft/VC/Debugger/VCDebugger.pkgdef to D:\Program Files (x86)\Microsoft Visual Studio\2022\BuildTools\Common7\IDE\CommonExtensions\Microsoft\VC\Debugger\VCDebugger.pkgdef
[2e2c:0007][2026-05-10T01:23:53] Timestamp updated for file 'D:\Program Files (x86)\Microsoft Visual Studio\2022\BuildTools\Common7\IDE\CommonExtensions\Microsoft\VC\Debugger\VCDebugger.pkgdef'.
[2e2c:0007][2026-05-10T01:23:53] Processing file /Contents/Common7/IDE/CommonExtensions/Microsoft/VC/Debugger/x64/CppDebug.dll
[2e2c:0007][2026-05-10T01:23:53] Started: Copying file /Contents/Common7/IDE/CommonExtensions/Microsoft/VC/Debugger/x64/CppDebug.dll to D:\Program Files (x86)\Microsoft Visual Studio\2022\BuildTools\Common7\IDE\CommonExtensions\Microsoft\VC\Debugger\x64\CppDebug.dll
[2e2c:0007][2026-05-10T01:23:53] Completed: Copying file /Contents/Common7/IDE/CommonExtensions/Microsoft/VC/Debugger/x64/CppDebug.dll to D:\Program Files (x86)\Microsoft Visual Studio\2022\BuildTools\Common7\IDE\CommonExtensions\Microsoft\VC\Debugger\x64\CppDebug.dll
[2e2c:0007][2026-05-10T01:23:53] Timestamp updated for file 'D:\Program Files (x86)\Microsoft Visual Studio\2022\BuildTools\Common7\IDE\CommonExtensions\Microsoft\VC\Debugger\x64\CppDebug.dll'.
[2e2c:0007][2026-05-10T01:23:53] Processing file /Contents/Common7/IDE/CommonExtensions/Microsoft/VC/Debugger/x64/cppdebug.remote.dll
[2e2c:0007][2026-05-10T01:23:53] Started: Copying file /Contents/Common7/IDE/CommonExtensions/Microsoft/VC/Debugger/x64/cppdebug.remote.dll to D:\Program Files (x86)\Microsoft Visual Studio\2022\BuildTools\Common7\IDE\CommonExtensions\Microsoft\VC\Debugger\x64\cppdebug.remote.dll
[2e2c:0007][2026-05-10T01:23:53] Completed: Copying file /Contents/Common7/IDE/CommonExtensions/Microsoft/VC/Debugger/x64/cppdebug.remote.dll to D:\Program Files (x86)\Microsoft Visual Studio\2022\BuildTools\Common7\IDE\CommonExtensions\Microsoft\VC\Debugger\x64\cppdebug.remote.dll
[2e2c:0007][2026-05-10T01:23:53] Timestamp updated for file 'D:\Program Files (x86)\Microsoft Visual Studio\2022\BuildTools\Common7\IDE\CommonExtensions\Microsoft\VC\Debugger\x64\cppdebug.remote.dll'.
[2e2c:0007][2026-05-10T01:23:53] Processing file /Contents/Common7/IDE/CommonExtensions/Microsoft/VC/Debugger/x86/CppDebug.dll
[2e2c:0007][2026-05-10T01:23:53] Started: Copying file /Contents/Common7/IDE/CommonExtensions/Microsoft/VC/Debugger/x86/CppDebug.dll to D:\Program Files (x86)\Microsoft Visual Studio\2022\BuildTools\Common7\IDE\CommonExtensions\Microsoft\VC\Debugger\x86\CppDebug.dll
[2e2c:0007][2026-05-10T01:23:53] Completed: Copying file /Contents/Common7/IDE/CommonExtensions/Microsoft/VC/Debugger/x86/CppDebug.dll to D:\Program Files (x86)\Microsoft Visual Studio\2022\BuildTools\Common7\IDE\CommonExtensions\Microsoft\VC\Debugger\x86\CppDebug.dll
[2e2c:0007][2026-05-10T01:23:53] Timestamp updated for file 'D:\Program Files (x86)\Microsoft Visual Studio\2022\BuildTools\Common7\IDE\CommonExtensions\Microsoft\VC\Debugger\x86\CppDebug.dll'.
[2e2c:0007][2026-05-10T01:23:53] Processing file /Contents/Common7/IDE/CommonExtensions/Microsoft/VC/Debugger/x86/cppdebug.remote.dll
[2e2c:0007][2026-05-10T01:23:53] Started: Copying file /Contents/Common7/IDE/CommonExtensions/Microsoft/VC/Debugger/x86/cppdebug.remote.dll to D:\Program Files (x86)\Microsoft Visual Studio\2022\BuildTools\Common7\IDE\CommonExtensions\Microsoft\VC\Debugger\x86\cppdebug.remote.dll
[2e2c:0007][2026-05-10T01:23:53] Completed: Copying file /Contents/Common7/IDE/CommonExtensions/Microsoft/VC/Debugger/x86/cppdebug.remote.dll to D:\Program Files (x86)\Microsoft Visual Studio\2022\BuildTools\Common7\IDE\CommonExtensions\Microsoft\VC\Debugger\x86\cppdebug.remote.dll
[2e2c:0007][2026-05-10T01:23:53] Timestamp updated for file 'D:\Program Files (x86)\Microsoft Visual Studio\2022\BuildTools\Common7\IDE\CommonExtensions\Microsoft\VC\Debugger\x86\cppdebug.remote.dll'.
[2e2c:0007][2026-05-10T01:23:53] Processing file /Contents/Common7/IDE/CommonExtensions/Microsoft/VC/MCppEE.pkgdef
[2e2c:0007][2026-05-10T01:23:53] Started: Copying file /Contents/Common7/IDE/CommonExtensions/Microsoft/VC/MCppEE.pkgdef to D:\Program Files (x86)\Microsoft Visual Studio\2022\BuildTools\Common7\IDE\CommonExtensions\Microsoft\VC\MCppEE.pkgdef
[2e2c:0007][2026-05-10T01:23:53] Completed: Copying file /Contents/Common7/IDE/CommonExtensions/Microsoft/VC/MCppEE.pkgdef to D:\Program Files (x86)\Microsoft Visual Studio\2022\BuildTools\Common7\IDE\CommonExtensions\Microsoft\VC\MCppEE.pkgdef
[2e2c:0007][2026-05-10T01:23:53] Timestamp updated for file 'D:\Program Files (x86)\Microsoft Visual Studio\2022\BuildTools\Common7\IDE\CommonExtensions\Microsoft\VC\MCppEE.pkgdef'.
[2e2c:0007][2026-05-10T01:23:53] Processing file /Contents/Common7/IDE/CommonExtensions/Microsoft/VC/ObjC.pkgdef
[2e2c:0007][2026-05-10T01:23:53] Started: Copying file /Contents/Common7/IDE/CommonExtensions/Microsoft/VC/ObjC.pkgdef to D:\Program Files (x86)\Microsoft Visual Studio\2022\BuildTools\Common7\IDE\CommonExtensions\Microsoft\VC\ObjC.pkgdef
[2e2c:0007][2026-05-10T01:23:53] Completed: Copying file /Contents/Common7/IDE/CommonExtensions/Microsoft/VC/ObjC.pkgdef to D:\Program Files (x86)\Microsoft Visual Studio\2022\BuildTools\Common7\IDE\CommonExtensions\Microsoft\VC\ObjC.pkgdef
[2e2c:0007][2026-05-10T01:23:53] Timestamp updated for file 'D:\Program Files (x86)\Microsoft Visual Studio\2022\BuildTools\Common7\IDE\CommonExtensions\Microsoft\VC\ObjC.pkgdef'.
[2e2c:0007][2026-05-10T01:23:53] Processing file /Contents/Common7/IDE/CommonExtensions/Platform/Debugger/ECBuild.pkgdef
[2e2c:0007][2026-05-10T01:23:53] Started: Copying file /Contents/Common7/IDE/CommonExtensions/Platform/Debugger/ECBuild.pkgdef to D:\Program Files (x86)\Microsoft Visual Studio\2022\BuildTools\Common7\IDE\CommonExtensions\Platform\Debugger\ECBuild.pkgdef
[2e2c:0007][2026-05-10T01:23:53] Completed: Copying file /Contents/Common7/IDE/CommonExtensions/Platform/Debugger/ECBuild.pkgdef to D:\Program Files (x86)\Microsoft Visual Studio\2022\BuildTools\Common7\IDE\CommonExtensions\Platform\Debugger\ECBuild.pkgdef
[2e2c:0007][2026-05-10T01:23:53] Timestamp updated for file 'D:\Program Files (x86)\Microsoft Visual Studio\2022\BuildTools\Common7\IDE\CommonExtensions\Platform\Debugger\ECBuild.pkgdef'.
[2e2c:0007][2026-05-10T01:23:53] Processing file /Contents/Common7/Packages/Debugger/ecbuild.dll
[2e2c:0007][2026-05-10T01:23:53] Started: Copying file /Contents/Common7/Packages/Debugger/ecbuild.dll to D:\Program Files (x86)\Microsoft Visual Studio\2022\BuildTools\Common7\Packages\Debugger\ecbuild.dll
[2e2c:0007][2026-05-10T01:23:53] Completed: Copying file /Contents/Common7/Packages/Debugger/ecbuild.dll to D:\Program Files (x86)\Microsoft Visual Studio\2022\BuildTools\Common7\Packages\Debugger\ecbuild.dll
[2e2c:0007][2026-05-10T01:23:53] Timestamp updated for file 'D:\Program Files (x86)\Microsoft Visual Studio\2022\BuildTools\Common7\Packages\Debugger\ecbuild.dll'.
[2e2c:0007][2026-05-10T01:23:53] Processing file /Contents/Common7/Packages/Debugger/natstepfilter.xsd
[2e2c:0007][2026-05-10T01:23:53] Started: Copying file /Contents/Common7/Packages/Debugger/natstepfilter.xsd to D:\Program Files (x86)\Microsoft Visual Studio\2022\BuildTools\Common7\Packages\Debugger\natstepfilter.xsd
[2e2c:0007][2026-05-10T01:23:53] Completed: Copying file /Contents/Common7/Packages/Debugger/natstepfilter.xsd to D:\Program Files (x86)\Microsoft Visual Studio\2022\BuildTools\Common7\Packages\Debugger\natstepfilter.xsd
[2e2c:0007][2026-05-10T01:23:53] Timestamp updated for file 'D:\Program Files (x86)\Microsoft Visual Studio\2022\BuildTools\Common7\Packages\Debugger\natstepfilter.xsd'.
[2e2c:0007][2026-05-10T01:23:53] Processing file /Contents/Common7/Packages/Debugger/natvis.xsd
[2e2c:0007][2026-05-10T01:23:53] Started: Copying file /Contents/Common7/Packages/Debugger/natvis.xsd to D:\Program Files (x86)\Microsoft Visual Studio\2022\BuildTools\Common7\Packages\Debugger\natvis.xsd
[2e2c:0007][2026-05-10T01:23:53] Completed: Copying file /Contents/Common7/Packages/Debugger/natvis.xsd to D:\Program Files (x86)\Microsoft Visual Studio\2022\BuildTools\Common7\Packages\Debugger\natvis.xsd
[2e2c:0007][2026-05-10T01:23:53] Timestamp updated for file 'D:\Program Files (x86)\Microsoft Visual Studio\2022\BuildTools\Common7\Packages\Debugger\natvis.xsd'.
[2e2c:0007][2026-05-10T01:23:53] Processing file /Contents/Common7/Packages/Debugger/vcencbld.dll
[2e2c:0007][2026-05-10T01:23:53] Started: Copying file /Contents/Common7/Packages/Debugger/vcencbld.dll to D:\Program Files (x86)\Microsoft Visual Studio\2022\BuildTools\Common7\Packages\Debugger\vcencbld.dll
[2e2c:0007][2026-05-10T01:23:53] Completed: Copying file /Contents/Common7/Packages/Debugger/vcencbld.dll to D:\Program Files (x86)\Microsoft Visual Studio\2022\BuildTools\Common7\Packages\Debugger\vcencbld.dll
[2e2c:0007][2026-05-10T01:23:53] Timestamp updated for file 'D:\Program Files (x86)\Microsoft Visual Studio\2022\BuildTools\Common7\Packages\Debugger\vcencbld.dll'.
[2e2c:0007][2026-05-10T01:23:53] Processing file /Contents/Common7/Packages/Debugger/Visualizers/atlmfc.natvis
[2e2c:0007][2026-05-10T01:23:53] Started: Copying file /Contents/Common7/Packages/Debugger/Visualizers/atlmfc.natvis to D:\Program Files (x86)\Microsoft Visual Studio\2022\BuildTools\Common7\Packages\Debugger\Visualizers\atlmfc.natvis
[2e2c:0007][2026-05-10T01:23:53] Completed: Copying file /Contents/Common7/Packages/Debugger/Visualizers/atlmfc.natvis to D:\Program Files (x86)\Microsoft Visual Studio\2022\BuildTools\Common7\Packages\Debugger\Visualizers\atlmfc.natvis
[2e2c:0007][2026-05-10T01:23:53] Timestamp updated for file 'D:\Program Files (x86)\Microsoft Visual Studio\2022\BuildTools\Common7\Packages\Debugger\Visualizers\atlmfc.natvis'.
[2e2c:0007][2026-05-10T01:23:53] Processing file /Contents/Common7/Packages/Debugger/Visualizers/concurrency.natvis
[2e2c:0007][2026-05-10T01:23:53] Started: Copying file /Contents/Common7/Packages/Debugger/Visualizers/concurrency.natvis to D:\Program Files (x86)\Microsoft Visual Studio\2022\BuildTools\Common7\Packages\Debugger\Visualizers\concurrency.natvis
[2e2c:0007][2026-05-10T01:23:53] Completed: Copying file /Contents/Common7/Packages/Debugger/Visualizers/concurrency.natvis to D:\Program Files (x86)\Microsoft Visual Studio\2022\BuildTools\Common7\Packages\Debugger\Visualizers\concurrency.natvis
[2e2c:0007][2026-05-10T01:23:53] Timestamp updated for file 'D:\Program Files (x86)\Microsoft Visual Studio\2022\BuildTools\Common7\Packages\Debugger\Visualizers\concurrency.natvis'.
[2e2c:0007][2026-05-10T01:23:53] Processing file /Contents/Common7/Packages/Debugger/Visualizers/CppAMP.natstepfilter
[2e2c:0007][2026-05-10T01:23:53] Started: Copying file /Contents/Common7/Packages/Debugger/Visualizers/CppAMP.natstepfilter to D:\Program Files (x86)\Microsoft Visual Studio\2022\BuildTools\Common7\Packages\Debugger\Visualizers\CppAMP.natstepfilter
[2e2c:0007][2026-05-10T01:23:53] Completed: Copying file /Contents/Common7/Packages/Debugger/Visualizers/CppAMP.natstepfilter to D:\Program Files (x86)\Microsoft Visual Studio\2022\BuildTools\Common7\Packages\Debugger\Visualizers\CppAMP.natstepfilter
[2e2c:0007][2026-05-10T01:23:53] Timestamp updated for file 'D:\Program Files (x86)\Microsoft Visual Studio\2022\BuildTools\Common7\Packages\Debugger\Visualizers\CppAMP.natstepfilter'.
[2e2c:0007][2026-05-10T01:23:53] Processing file /Contents/Common7/Packages/Debugger/Visualizers/cpp_rest.natvis
[2e2c:0007][2026-05-10T01:23:53] Started: Copying file /Contents/Common7/Packages/Debugger/Visualizers/cpp_rest.natvis to D:\Program Files (x86)\Microsoft Visual Studio\2022\BuildTools\Common7\Packages\Debugger\Visualizers\cpp_rest.natvis
[2e2c:0007][2026-05-10T01:23:53] Completed: Copying file /Contents/Common7/Packages/Debugger/Visualizers/cpp_rest.natvis to D:\Program Files (x86)\Microsoft Visual Studio\2022\BuildTools\Common7\Packages\Debugger\Visualizers\cpp_rest.natvis
[2e2c:0007][2026-05-10T01:23:53] Timestamp updated for file 'D:\Program Files (x86)\Microsoft Visual Studio\2022\BuildTools\Common7\Packages\Debugger\Visualizers\cpp_rest.natvis'.
[2e2c:0007][2026-05-10T01:23:53] Processing file /Contents/Common7/Packages/Debugger/Visualizers/default.natstepfilter
[2e2c:0007][2026-05-10T01:23:53] Started: Copying file /Contents/Common7/Packages/Debugger/Visualizers/default.natstepfilter to D:\Program Files (x86)\Microsoft Visual Studio\2022\BuildTools\Common7\Packages\Debugger\Visualizers\default.natstepfilter
[2e2c:0007][2026-05-10T01:23:53] Completed: Copying file /Contents/Common7/Packages/Debugger/Visualizers/default.natstepfilter to D:\Program Files (x86)\Microsoft Visual Studio\2022\BuildTools\Common7\Packages\Debugger\Visualizers\default.natstepfilter
[2e2c:0007][2026-05-10T01:23:53] Timestamp updated for file 'D:\Program Files (x86)\Microsoft Visual Studio\2022\BuildTools\Common7\Packages\Debugger\Visualizers\default.natstepfilter'.
[2e2c:0007][2026-05-10T01:23:53] Processing file /Contents/Common7/Packages/Debugger/Visualizers/ObjectiveC.natvis
[2e2c:0007][2026-05-10T01:23:53] Started: Copying file /Contents/Common7/Packages/Debugger/Visualizers/ObjectiveC.natvis to D:\Program Files (x86)\Microsoft Visual Studio\2022\BuildTools\Common7\Packages\Debugger\Visualizers\ObjectiveC.natvis
[2e2c:0007][2026-05-10T01:23:53] Completed: Copying file /Contents/Common7/Packages/Debugger/Visualizers/ObjectiveC.natvis to D:\Program Files (x86)\Microsoft Visual Studio\2022\BuildTools\Common7\Packages\Debugger\Visualizers\ObjectiveC.natvis
[2e2c:0007][2026-05-10T01:23:53] Timestamp updated for file 'D:\Program Files (x86)\Microsoft Visual Studio\2022\BuildTools\Common7\Packages\Debugger\Visualizers\ObjectiveC.natvis'.
[2e2c:0007][2026-05-10T01:23:53] Processing file /Contents/Common7/Packages/Debugger/Visualizers/stl.natvis
[2e2c:0007][2026-05-10T01:23:53] Started: Copying file /Contents/Common7/Packages/Debugger/Visualizers/stl.natvis to D:\Program Files (x86)\Microsoft Visual Studio\2022\BuildTools\Common7\Packages\Debugger\Visualizers\stl.natvis
[2e2c:0007][2026-05-10T01:23:53] Completed: Copying file /Contents/Common7/Packages/Debugger/Visualizers/stl.natvis to D:\Program Files (x86)\Microsoft Visual Studio\2022\BuildTools\Common7\Packages\Debugger\Visualizers\stl.natvis
[2e2c:0007][2026-05-10T01:23:53] Timestamp updated for file 'D:\Program Files (x86)\Microsoft Visual Studio\2022\BuildTools\Common7\Packages\Debugger\Visualizers\stl.natvis'.
[2e2c:0007][2026-05-10T01:23:53] Processing file /Contents/Common7/Packages/Debugger/Visualizers/Windows.Data.Json.natvis
[2e2c:0007][2026-05-10T01:23:53] Started: Copying file /Contents/Common7/Packages/Debugger/Visualizers/Windows.Data.Json.natvis to D:\Program Files (x86)\Microsoft Visual Studio\2022\BuildTools\Common7\Packages\Debugger\Visualizers\Windows.Data.Json.natvis
[2e2c:0007][2026-05-10T01:23:53] Completed: Copying file /Contents/Common7/Packages/Debugger/Visualizers/Windows.Data.Json.natvis to D:\Program Files (x86)\Microsoft Visual Studio\2022\BuildTools\Common7\Packages\Debugger\Visualizers\Windows.Data.Json.natvis
[2e2c:0007][2026-05-10T01:23:53] Timestamp updated for file 'D:\Program Files (x86)\Microsoft Visual Studio\2022\BuildTools\Common7\Packages\Debugger\Visualizers\Windows.Data.Json.natvis'.
[2e2c:0007][2026-05-10T01:23:53] Processing file /Contents/Common7/Packages/Debugger/Visualizers/windows.devices.geolocation.natvis
[2e2c:0007][2026-05-10T01:23:53] Started: Copying file /Contents/Common7/Packages/Debugger/Visualizers/windows.devices.geolocation.natvis to D:\Program Files (x86)\Microsoft Visual Studio\2022\BuildTools\Common7\Packages\Debugger\Visualizers\windows.devices.geolocation.natvis
[2e2c:0007][2026-05-10T01:23:53] Completed: Copying file /Contents/Common7/Packages/Debugger/Visualizers/windows.devices.geolocation.natvis to D:\Program Files (x86)\Microsoft Visual Studio\2022\BuildTools\Common7\Packages\Debugger\Visualizers\windows.devices.geolocation.natvis
[2e2c:0007][2026-05-10T01:23:53] Timestamp updated for file 'D:\Program Files (x86)\Microsoft Visual Studio\2022\BuildTools\Common7\Packages\Debugger\Visualizers\windows.devices.geolocation.natvis'.
[2e2c:0007][2026-05-10T01:23:53] Processing file /Contents/Common7/Packages/Debugger/Visualizers/windows.devices.sensors.natvis
[2e2c:0007][2026-05-10T01:23:53] Started: Copying file /Contents/Common7/Packages/Debugger/Visualizers/windows.devices.sensors.natvis to D:\Program Files (x86)\Microsoft Visual Studio\2022\BuildTools\Common7\Packages\Debugger\Visualizers\windows.devices.sensors.natvis
[2e2c:0007][2026-05-10T01:23:53] Completed: Copying file /Contents/Common7/Packages/Debugger/Visualizers/windows.devices.sensors.natvis to D:\Program Files (x86)\Microsoft Visual Studio\2022\BuildTools\Common7\Packages\Debugger\Visualizers\windows.devices.sensors.natvis
[2e2c:0007][2026-05-10T01:23:53] Timestamp updated for file 'D:\Program Files (x86)\Microsoft Visual Studio\2022\BuildTools\Common7\Packages\Debugger\Visualizers\windows.devices.sensors.natvis'.
[2e2c:0007][2026-05-10T01:23:53] Processing file /Contents/Common7/Packages/Debugger/Visualizers/windows.media.natvis
[2e2c:0007][2026-05-10T01:23:53] Started: Copying file /Contents/Common7/Packages/Debugger/Visualizers/windows.media.natvis to D:\Program Files (x86)\Microsoft Visual Studio\2022\BuildTools\Common7\Packages\Debugger\Visualizers\windows.media.natvis
[2e2c:0007][2026-05-10T01:23:53] Completed: Copying file /Contents/Common7/Packages/Debugger/Visualizers/windows.media.natvis to D:\Program Files (x86)\Microsoft Visual Studio\2022\BuildTools\Common7\Packages\Debugger\Visualizers\windows.media.natvis
[2e2c:0007][2026-05-10T01:23:53] Timestamp updated for file 'D:\Program Files (x86)\Microsoft Visual Studio\2022\BuildTools\Common7\Packages\Debugger\Visualizers\windows.media.natvis'.
[2e2c:0007][2026-05-10T01:23:53] Processing file /Contents/Common7/Packages/Debugger/Visualizers/windows.natvis
[2e2c:0007][2026-05-10T01:23:53] Started: Copying file /Contents/Common7/Packages/Debugger/Visualizers/windows.natvis to D:\Program Files (x86)\Microsoft Visual Studio\2022\BuildTools\Common7\Packages\Debugger\Visualizers\windows.natvis
[2e2c:0007][2026-05-10T01:23:53] Completed: Copying file /Contents/Common7/Packages/Debugger/Visualizers/windows.natvis to D:\Program Files (x86)\Microsoft Visual Studio\2022\BuildTools\Common7\Packages\Debugger\Visualizers\windows.natvis
[2e2c:0007][2026-05-10T01:23:53] Timestamp updated for file 'D:\Program Files (x86)\Microsoft Visual Studio\2022\BuildTools\Common7\Packages\Debugger\Visualizers\windows.natvis'.
[2e2c:0007][2026-05-10T01:23:53] Processing file /Contents/Common7/Packages/Debugger/Visualizers/winrt.natvis
[2e2c:0007][2026-05-10T01:23:53] Started: Copying file /Contents/Common7/Packages/Debugger/Visualizers/winrt.natvis to D:\Program Files (x86)\Microsoft Visual Studio\2022\BuildTools\Common7\Packages\Debugger\Visualizers\winrt.natvis
[2e2c:0007][2026-05-10T01:23:53] Completed: Copying file /Contents/Common7/Packages/Debugger/Visualizers/winrt.natvis to D:\Program Files (x86)\Microsoft Visual Studio\2022\BuildTools\Common7\Packages\Debugger\Visualizers\winrt.natvis
[2e2c:0007][2026-05-10T01:23:53] Timestamp updated for file 'D:\Program Files (x86)\Microsoft Visual Studio\2022\BuildTools\Common7\Packages\Debugger\Visualizers\winrt.natvis'.
[2e2c:0007][2026-05-10T01:23:53] Processing file /Contents/Xml/Schemas/natstepfilter.xsd
[2e2c:0007][2026-05-10T01:23:53] Started: Copying file /Contents/Xml/Schemas/natstepfilter.xsd to D:\Program Files (x86)\Microsoft Visual Studio\2022\BuildTools\Xml\Schemas\natstepfilter.xsd
[2e2c:0007][2026-05-10T01:23:53] Completed: Copying file /Contents/Xml/Schemas/natstepfilter.xsd to D:\Program Files (x86)\Microsoft Visual Studio\2022\BuildTools\Xml\Schemas\natstepfilter.xsd
[2e2c:0007][2026-05-10T01:23:53] Timestamp updated for file 'D:\Program Files (x86)\Microsoft Visual Studio\2022\BuildTools\Xml\Schemas\natstepfilter.xsd'.
[2e2c:0007][2026-05-10T01:23:53] Processing file /Contents/Common7/IDE/CommonExtensions/Microsoft/VC/Debugger/extension.vsixmanifest
[2e2c:0007][2026-05-10T01:23:53] Started: Copying file /Contents/Common7/IDE/CommonExtensions/Microsoft/VC/Debugger/extension.vsixmanifest to D:\Program Files (x86)\Microsoft Visual Studio\2022\BuildTools\Common7\IDE\CommonExtensions\Microsoft\VC\Debugger\extension.vsixmanifest
[2e2c:0007][2026-05-10T01:23:53] Completed: Copying file /Contents/Common7/IDE/CommonExtensions/Microsoft/VC/Debugger/extension.vsixmanifest to D:\Program Files (x86)\Microsoft Visual Studio\2022\BuildTools\Common7\IDE\CommonExtensions\Microsoft\VC\Debugger\extension.vsixmanifest
[2e2c:0007][2026-05-10T01:23:53] Timestamp updated for file 'D:\Program Files (x86)\Microsoft Visual Studio\2022\BuildTools\Common7\IDE\CommonExtensions\Microsoft\VC\Debugger\extension.vsixmanifest'.
[2e2c:0007][2026-05-10T01:23:53] Package executed successfully. Return code: 0
