[da4c:0007][2026-05-10T00:49:53] Opening the package for processing
[da4c:0007][2026-05-10T00:49:53] Using package payload to get the embedded manifest
[da4c:0007][2026-05-10T00:49:53] Getting list of files within the package
[da4c:0007][2026-05-10T00:49:53] Processing file /Contents/Common7/IDE/CommonExtensions/Microsoft/VC/Debugger/x64/MSEnc.dll
[da4c:0007][2026-05-10T00:49:53] Started: Copying file /Contents/Common7/IDE/CommonExtensions/Microsoft/VC/Debugger/x64/MSEnc.dll to D:\Program\Common7\IDE\CommonExtensions\Microsoft\VC\Debugger\x64\MSEnc.dll
[da4c:0007][2026-05-10T00:49:53] Completed: Copying file /Contents/Common7/IDE/CommonExtensions/Microsoft/VC/Debugger/x64/MSEnc.dll to D:\Program\Common7\IDE\CommonExtensions\Microsoft\VC\Debugger\x64\MSEnc.dll
[da4c:0007][2026-05-10T00:49:53] Timestamp updated for file 'D:\Program\Common7\IDE\CommonExtensions\Microsoft\VC\Debugger\x64\MSEnc.dll'.
[da4c:0007][2026-05-10T00:49:53] Processing file /Contents/Common7/IDE/CommonExtensions/Microsoft/VC/Debugger/x86/MSEnc.dll
[da4c:0007][2026-05-10T00:49:53] Started: Copying file /Contents/Common7/IDE/CommonExtensions/Microsoft/VC/Debugger/x86/MSEnc.dll to D:\Program\Common7\IDE\CommonExtensions\Microsoft\VC\Debugger\x86\MSEnc.dll
[da4c:0007][2026-05-10T00:49:53] Completed: Copying file /Contents/Common7/IDE/CommonExtensions/Microsoft/VC/Debugger/x86/MSEnc.dll to D:\Program\Common7\IDE\CommonExtensions\Microsoft\VC\Debugger\x86\MSEnc.dll
[da4c:0007][2026-05-10T00:49:53] Timestamp updated for file 'D:\Program\Common7\IDE\CommonExtensions\Microsoft\VC\Debugger\x86\MSEnc.dll'.
[da4c:0007][2026-05-10T00:49:53] Processing file /Contents/Common7/Packages/Debugger/AsyncStackWalk.natvis
[da4c:0007][2026-05-10T00:49:53] Started: Copying file /Contents/Common7/Packages/Debugger/AsyncStackWalk.natvis to D:\Program\Common7\Packages\Debugger\AsyncStackWalk.natvis
[da4c:0007][2026-05-10T00:49:53] Completed: Copying file /Contents/Common7/Packages/Debugger/AsyncStackWalk.natvis to D:\Program\Common7\Packages\Debugger\AsyncStackWalk.natvis
[da4c:0007][2026-05-10T00:49:53] Timestamp updated for file 'D:\Program\Common7\Packages\Debugger\AsyncStackWalk.natvis'.
[da4c:0007][2026-05-10T00:49:53] Processing file /Contents/Common7/Packages/Debugger/Visualizers/default.natjmc
[da4c:0007][2026-05-10T00:49:53] Started: Copying file /Contents/Common7/Packages/Debugger/Visualizers/default.natjmc to D:\Program\Common7\Packages\Debugger\Visualizers\default.natjmc
[da4c:0007][2026-05-10T00:49:53] Completed: Copying file /Contents/Common7/Packages/Debugger/Visualizers/default.natjmc to D:\Program\Common7\Packages\Debugger\Visualizers\default.natjmc
[da4c:0007][2026-05-10T00:49:53] Timestamp updated for file 'D:\Program\Common7\Packages\Debugger\Visualizers\default.natjmc'.
[da4c:0007][2026-05-10T00:49:53] Package executed successfully. Return code: 0
