[3c7c:000c][2026-05-10T01:35:59] Opening the package for processing
[3c7c:000c][2026-05-10T01:35:59] Using package payload to get the embedded manifest
[3c7c:000c][2026-05-10T01:35:59] Getting list of files within the package
[3c7c:000c][2026-05-10T01:35:59] Processing file /Contents/Common7/IDE/CommonExtensions/Microsoft/VC/Debugger/x64/mspdbst.dll
[3c7c:000c][2026-05-10T01:35:59] Started: Copying file /Contents/Common7/IDE/CommonExtensions/Microsoft/VC/Debugger/x64/mspdbst.dll to C:\Program Files (x86)\Microsoft Visual Studio\2022\BuildTools\Common7\IDE\CommonExtensions\Microsoft\VC\Debugger\x64\mspdbst.dll
[3c7c:000c][2026-05-10T01:35:59] Completed: Copying file /Contents/Common7/IDE/CommonExtensions/Microsoft/VC/Debugger/x64/mspdbst.dll to C:\Program Files (x86)\Microsoft Visual Studio\2022\BuildTools\Common7\IDE\CommonExtensions\Microsoft\VC\Debugger\x64\mspdbst.dll
[3c7c:000c][2026-05-10T01:35:59] Timestamp updated for file 'C:\Program Files (x86)\Microsoft Visual Studio\2022\BuildTools\Common7\IDE\CommonExtensions\Microsoft\VC\Debugger\x64\mspdbst.dll'.
[3c7c:000c][2026-05-10T01:35:59] Processing file /Contents/Common7/IDE/CommonExtensions/Microsoft/VC/Debugger/x64/msvcp140_atomic_wait.dll
[3c7c:000c][2026-05-10T01:35:59] Started: Copying file /Contents/Common7/IDE/CommonExtensions/Microsoft/VC/Debugger/x64/msvcp140_atomic_wait.dll to C:\Program Files (x86)\Microsoft Visual Studio\2022\BuildTools\Common7\IDE\CommonExtensions\Microsoft\VC\Debugger\x64\msvcp140_atomic_wait.dll
[3c7c:000c][2026-05-10T01:35:59] Completed: Copying file /Contents/Common7/IDE/CommonExtensions/Microsoft/VC/Debugger/x64/msvcp140_atomic_wait.dll to C:\Program Files (x86)\Microsoft Visual Studio\2022\BuildTools\Common7\IDE\CommonExtensions\Microsoft\VC\Debugger\x64\msvcp140_atomic_wait.dll
[3c7c:000c][2026-05-10T01:35:59] Timestamp updated for file 'C:\Program Files (x86)\Microsoft Visual Studio\2022\BuildTools\Common7\IDE\CommonExtensions\Microsoft\VC\Debugger\x64\msvcp140_atomic_wait.dll'.
[3c7c:000c][2026-05-10T01:35:59] Processing file /Contents/Common7/IDE/CommonExtensions/Microsoft/VC/Debugger/x64/tbbmalloc.dll
[3c7c:000c][2026-05-10T01:35:59] Started: Copying file /Contents/Common7/IDE/CommonExtensions/Microsoft/VC/Debugger/x64/tbbmalloc.dll to C:\Program Files (x86)\Microsoft Visual Studio\2022\BuildTools\Common7\IDE\CommonExtensions\Microsoft\VC\Debugger\x64\tbbmalloc.dll
[3c7c:000c][2026-05-10T01:35:59] Completed: Copying file /Contents/Common7/IDE/CommonExtensions/Microsoft/VC/Debugger/x64/tbbmalloc.dll to C:\Program Files (x86)\Microsoft Visual Studio\2022\BuildTools\Common7\IDE\CommonExtensions\Microsoft\VC\Debugger\x64\tbbmalloc.dll
[3c7c:000c][2026-05-10T01:35:59] Timestamp updated for file 'C:\Program Files (x86)\Microsoft Visual Studio\2022\BuildTools\Common7\IDE\CommonExtensions\Microsoft\VC\Debugger\x64\tbbmalloc.dll'.
[3c7c:000c][2026-05-10T01:35:59] Processing file /Contents/Common7/IDE/CommonExtensions/Microsoft/VC/Debugger/x86/mspdbst.dll
[3c7c:000c][2026-05-10T01:35:59] Started: Copying file /Contents/Common7/IDE/CommonExtensions/Microsoft/VC/Debugger/x86/mspdbst.dll to C:\Program Files (x86)\Microsoft Visual Studio\2022\BuildTools\Common7\IDE\CommonExtensions\Microsoft\VC\Debugger\x86\mspdbst.dll
[3c7c:000c][2026-05-10T01:35:59] Completed: Copying file /Contents/Common7/IDE/CommonExtensions/Microsoft/VC/Debugger/x86/mspdbst.dll to C:\Program Files (x86)\Microsoft Visual Studio\2022\BuildTools\Common7\IDE\CommonExtensions\Microsoft\VC\Debugger\x86\mspdbst.dll
[3c7c:000c][2026-05-10T01:35:59] Timestamp updated for file 'C:\Program Files (x86)\Microsoft Visual Studio\2022\BuildTools\Common7\IDE\CommonExtensions\Microsoft\VC\Debugger\x86\mspdbst.dll'.
[3c7c:000c][2026-05-10T01:35:59] Processing file /Contents/Common7/IDE/CommonExtensions/Microsoft/VC/Debugger/x86/msvcp140_atomic_wait.dll
[3c7c:000c][2026-05-10T01:35:59] Started: Copying file /Contents/Common7/IDE/CommonExtensions/Microsoft/VC/Debugger/x86/msvcp140_atomic_wait.dll to C:\Program Files (x86)\Microsoft Visual Studio\2022\BuildTools\Common7\IDE\CommonExtensions\Microsoft\VC\Debugger\x86\msvcp140_atomic_wait.dll
[3c7c:000c][2026-05-10T01:35:59] Completed: Copying file /Contents/Common7/IDE/CommonExtensions/Microsoft/VC/Debugger/x86/msvcp140_atomic_wait.dll to C:\Program Files (x86)\Microsoft Visual Studio\2022\BuildTools\Common7\IDE\CommonExtensions\Microsoft\VC\Debugger\x86\msvcp140_atomic_wait.dll
[3c7c:000c][2026-05-10T01:35:59] Timestamp updated for file 'C:\Program Files (x86)\Microsoft Visual Studio\2022\BuildTools\Common7\IDE\CommonExtensions\Microsoft\VC\Debugger\x86\msvcp140_atomic_wait.dll'.
[3c7c:000c][2026-05-10T01:35:59] Processing file /Contents/Common7/IDE/CommonExtensions/Microsoft/VC/Debugger/x86/tbbmalloc.dll
[3c7c:000c][2026-05-10T01:35:59] Started: Copying file /Contents/Common7/IDE/CommonExtensions/Microsoft/VC/Debugger/x86/tbbmalloc.dll to C:\Program Files (x86)\Microsoft Visual Studio\2022\BuildTools\Common7\IDE\CommonExtensions\Microsoft\VC\Debugger\x86\tbbmalloc.dll
[3c7c:000c][2026-05-10T01:35:59] Completed: Copying file /Contents/Common7/IDE/CommonExtensions/Microsoft/VC/Debugger/x86/tbbmalloc.dll to C:\Program Files (x86)\Microsoft Visual Studio\2022\BuildTools\Common7\IDE\CommonExtensions\Microsoft\VC\Debugger\x86\tbbmalloc.dll
[3c7c:000c][2026-05-10T01:35:59] Timestamp updated for file 'C:\Program Files (x86)\Microsoft Visual Studio\2022\BuildTools\Common7\IDE\CommonExtensions\Microsoft\VC\Debugger\x86\tbbmalloc.dll'.
[3c7c:000c][2026-05-10T01:35:59] Processing file /Contents/Common7/IDE/CommonExtensions/Microsoft/VC/VC_DirControl_Registry.pkgdef
[3c7c:000c][2026-05-10T01:35:59] Started: Copying file /Contents/Common7/IDE/CommonExtensions/Microsoft/VC/VC_DirControl_Registry.pkgdef to C:\Program Files (x86)\Microsoft Visual Studio\2022\BuildTools\Common7\IDE\CommonExtensions\Microsoft\VC\VC_DirControl_Registry.pkgdef
[3c7c:000c][2026-05-10T01:35:59] Completed: Copying file /Contents/Common7/IDE/CommonExtensions/Microsoft/VC/VC_DirControl_Registry.pkgdef to C:\Program Files (x86)\Microsoft Visual Studio\2022\BuildTools\Common7\IDE\CommonExtensions\Microsoft\VC\VC_DirControl_Registry.pkgdef
[3c7c:000c][2026-05-10T01:35:59] Timestamp updated for file 'C:\Program Files (x86)\Microsoft Visual Studio\2022\BuildTools\Common7\IDE\CommonExtensions\Microsoft\VC\VC_DirControl_Registry.pkgdef'.
[3c7c:000c][2026-05-10T01:35:59] Processing file /Contents/Common7/IDE/msobj120.dll
[3c7c:000c][2026-05-10T01:35:59] Started: Copying file /Contents/Common7/IDE/msobj120.dll to C:\Program Files (x86)\Microsoft Visual Studio\2022\BuildTools\Common7\IDE\msobj120.dll
[3c7c:000c][2026-05-10T01:35:59] Completed: Copying file /Contents/Common7/IDE/msobj120.dll to C:\Program Files (x86)\Microsoft Visual Studio\2022\BuildTools\Common7\IDE\msobj120.dll
[3c7c:000c][2026-05-10T01:35:59] Timestamp updated for file 'C:\Program Files (x86)\Microsoft Visual Studio\2022\BuildTools\Common7\IDE\msobj120.dll'.
[3c7c:000c][2026-05-10T01:35:59] Processing file /Contents/Common7/IDE/mspdb140.dll
[3c7c:000c][2026-05-10T01:35:59] Started: Copying file /Contents/Common7/IDE/mspdb140.dll to C:\Program Files (x86)\Microsoft Visual Studio\2022\BuildTools\Common7\IDE\mspdb140.dll
[3c7c:000c][2026-05-10T01:35:59] Completed: Copying file /Contents/Common7/IDE/mspdb140.dll to C:\Program Files (x86)\Microsoft Visual Studio\2022\BuildTools\Common7\IDE\mspdb140.dll
[3c7c:000c][2026-05-10T01:35:59] Timestamp updated for file 'C:\Program Files (x86)\Microsoft Visual Studio\2022\BuildTools\Common7\IDE\mspdb140.dll'.
[3c7c:000c][2026-05-10T01:35:59] Processing file /Contents/Common7/IDE/mspdbcore.dll
[3c7c:000c][2026-05-10T01:35:59] Started: Copying file /Contents/Common7/IDE/mspdbcore.dll to C:\Program Files (x86)\Microsoft Visual Studio\2022\BuildTools\Common7\IDE\mspdbcore.dll
[3c7c:000c][2026-05-10T01:35:59] Completed: Copying file /Contents/Common7/IDE/mspdbcore.dll to C:\Program Files (x86)\Microsoft Visual Studio\2022\BuildTools\Common7\IDE\mspdbcore.dll
[3c7c:000c][2026-05-10T01:35:59] Timestamp updated for file 'C:\Program Files (x86)\Microsoft Visual Studio\2022\BuildTools\Common7\IDE\mspdbcore.dll'.
[3c7c:000c][2026-05-10T01:35:59] Processing file /Contents/Common7/IDE/mspdbsrv.exe
[3c7c:000c][2026-05-10T01:35:59] Started: Copying file /Contents/Common7/IDE/mspdbsrv.exe to C:\Program Files (x86)\Microsoft Visual Studio\2022\BuildTools\Common7\IDE\mspdbsrv.exe
[3c7c:000c][2026-05-10T01:35:59] Completed: Copying file /Contents/Common7/IDE/mspdbsrv.exe to C:\Program Files (x86)\Microsoft Visual Studio\2022\BuildTools\Common7\IDE\mspdbsrv.exe
[3c7c:000c][2026-05-10T01:35:59] Timestamp updated for file 'C:\Program Files (x86)\Microsoft Visual Studio\2022\BuildTools\Common7\IDE\mspdbsrv.exe'.
[3c7c:000c][2026-05-10T01:35:59] Processing file /Contents/Common7/IDE/msvcdis120.dll
[3c7c:000c][2026-05-10T01:35:59] Started: Copying file /Contents/Common7/IDE/msvcdis120.dll to C:\Program Files (x86)\Microsoft Visual Studio\2022\BuildTools\Common7\IDE\msvcdis120.dll
[3c7c:000c][2026-05-10T01:35:59] Completed: Copying file /Contents/Common7/IDE/msvcdis120.dll to C:\Program Files (x86)\Microsoft Visual Studio\2022\BuildTools\Common7\IDE\msvcdis120.dll
[3c7c:000c][2026-05-10T01:35:59] Timestamp updated for file 'C:\Program Files (x86)\Microsoft Visual Studio\2022\BuildTools\Common7\IDE\msvcdis120.dll'.
[3c7c:000c][2026-05-10T01:35:59] Processing file /Contents/Common7/IDE/tbbmalloc.dll
[3c7c:000c][2026-05-10T01:35:59] Started: Copying file /Contents/Common7/IDE/tbbmalloc.dll to C:\Program Files (x86)\Microsoft Visual Studio\2022\BuildTools\Common7\IDE\tbbmalloc.dll
[3c7c:000c][2026-05-10T01:35:59] Completed: Copying file /Contents/Common7/IDE/tbbmalloc.dll to C:\Program Files (x86)\Microsoft Visual Studio\2022\BuildTools\Common7\IDE\tbbmalloc.dll
[3c7c:000c][2026-05-10T01:35:59] Timestamp updated for file 'C:\Program Files (x86)\Microsoft Visual Studio\2022\BuildTools\Common7\IDE\tbbmalloc.dll'.
[3c7c:000c][2026-05-10T01:35:59] Processing file /Contents/Common7/IDE/VC/dircontrol.manifest
[3c7c:000c][2026-05-10T01:35:59] Started: Copying file /Contents/Common7/IDE/VC/dircontrol.manifest to C:\Program Files (x86)\Microsoft Visual Studio\2022\BuildTools\Common7\IDE\VC\dircontrol.manifest
[3c7c:000c][2026-05-10T01:35:59] Completed: Copying file /Contents/Common7/IDE/VC/dircontrol.manifest to C:\Program Files (x86)\Microsoft Visual Studio\2022\BuildTools\Common7\IDE\VC\dircontrol.manifest
[3c7c:000c][2026-05-10T01:35:59] Timestamp updated for file 'C:\Program Files (x86)\Microsoft Visual Studio\2022\BuildTools\Common7\IDE\VC\dircontrol.manifest'.
[3c7c:000c][2026-05-10T01:35:59] Processing file /Contents/Common7/IDE/VC/vcpackages/DirControl.dll
[3c7c:000c][2026-05-10T01:35:59] Started: Copying file /Contents/Common7/IDE/VC/vcpackages/DirControl.dll to C:\Program Files (x86)\Microsoft Visual Studio\2022\BuildTools\Common7\IDE\VC\vcpackages\DirControl.dll
[3c7c:000c][2026-05-10T01:35:59] Completed: Copying file /Contents/Common7/IDE/VC/vcpackages/DirControl.dll to C:\Program Files (x86)\Microsoft Visual Studio\2022\BuildTools\Common7\IDE\VC\vcpackages\DirControl.dll
[3c7c:000c][2026-05-10T01:35:59] Timestamp updated for file 'C:\Program Files (x86)\Microsoft Visual Studio\2022\BuildTools\Common7\IDE\VC\vcpackages\DirControl.dll'.
[3c7c:000c][2026-05-10T01:35:59] Package executed successfully. Return code: 0
