[18d4:0007][2026-05-10T02:03:31] Opening the package for processing
[18d4:0007][2026-05-10T02:03:31] Using package payload to get the embedded manifest
[18d4:0007][2026-05-10T02:03:31] Getting list of files within the package
[18d4:0007][2026-05-10T02:03:31] Processing file /Contents/Common7/IDE/CommonExtensions/Platform/EditorColors.pkgdef
[18d4:0007][2026-05-10T02:03:31] Started: Copying file /Contents/Common7/IDE/CommonExtensions/Platform/EditorColors.pkgdef to D:\Program Files (x86)\Microsoft Visual Studio\2022\BuildTools\Common7\IDE\CommonExtensions\Platform\EditorColors.pkgdef
[18d4:0007][2026-05-10T02:03:31] Completed: Copying file /Contents/Common7/IDE/CommonExtensions/Platform/EditorColors.pkgdef to D:\Program Files (x86)\Microsoft Visual Studio\2022\BuildTools\Common7\IDE\CommonExtensions\Platform\EditorColors.pkgdef
[18d4:0007][2026-05-10T02:03:31] Timestamp updated for file 'D:\Program Files (x86)\Microsoft Visual Studio\2022\BuildTools\Common7\IDE\CommonExtensions\Platform\EditorColors.pkgdef'.
[18d4:0007][2026-05-10T02:03:31] Processing file /Contents/Common7/IDE/CommonExtensions/Platform/Shell.Dark.pkgdef
[18d4:0007][2026-05-10T02:03:31] Started: Copying file /Contents/Common7/IDE/CommonExtensions/Platform/Shell.Dark.pkgdef to D:\Program Files (x86)\Microsoft Visual Studio\2022\BuildTools\Common7\IDE\CommonExtensions\Platform\Shell.Dark.pkgdef
[18d4:0007][2026-05-10T02:03:31] Completed: Copying file /Contents/Common7/IDE/CommonExtensions/Platform/Shell.Dark.pkgdef to D:\Program Files (x86)\Microsoft Visual Studio\2022\BuildTools\Common7\IDE\CommonExtensions\Platform\Shell.Dark.pkgdef
[18d4:0007][2026-05-10T02:03:31] Timestamp updated for file 'D:\Program Files (x86)\Microsoft Visual Studio\2022\BuildTools\Common7\IDE\CommonExtensions\Platform\Shell.Dark.pkgdef'.
[18d4:0007][2026-05-10T02:03:31] Processing file /Contents/Common7/IDE/CommonExtensions/Platform/Shell.HighContrast.pkgdef
[18d4:0007][2026-05-10T02:03:31] Started: Copying file /Contents/Common7/IDE/CommonExtensions/Platform/Shell.HighContrast.pkgdef to D:\Program Files (x86)\Microsoft Visual Studio\2022\BuildTools\Common7\IDE\CommonExtensions\Platform\Shell.HighContrast.pkgdef
[18d4:0007][2026-05-10T02:03:31] Completed: Copying file /Contents/Common7/IDE/CommonExtensions/Platform/Shell.HighContrast.pkgdef to D:\Program Files (x86)\Microsoft Visual Studio\2022\BuildTools\Common7\IDE\CommonExtensions\Platform\Shell.HighContrast.pkgdef
[18d4:0007][2026-05-10T02:03:31] Timestamp updated for file 'D:\Program Files (x86)\Microsoft Visual Studio\2022\BuildTools\Common7\IDE\CommonExtensions\Platform\Shell.HighContrast.pkgdef'.
[18d4:0007][2026-05-10T02:03:31] Processing file /Contents/Common7/IDE/CommonExtensions/Platform/Shell.Light.pkgdef
[18d4:0007][2026-05-10T02:03:31] Started: Copying file /Contents/Common7/IDE/CommonExtensions/Platform/Shell.Light.pkgdef to D:\Program Files (x86)\Microsoft Visual Studio\2022\BuildTools\Common7\IDE\CommonExtensions\Platform\Shell.Light.pkgdef
[18d4:0007][2026-05-10T02:03:31] Completed: Copying file /Contents/Common7/IDE/CommonExtensions/Platform/Shell.Light.pkgdef to D:\Program Files (x86)\Microsoft Visual Studio\2022\BuildTools\Common7\IDE\CommonExtensions\Platform\Shell.Light.pkgdef
[18d4:0007][2026-05-10T02:03:31] Timestamp updated for file 'D:\Program Files (x86)\Microsoft Visual Studio\2022\BuildTools\Common7\IDE\CommonExtensions\Platform\Shell.Light.pkgdef'.
[18d4:0007][2026-05-10T02:03:31] Processing file /Contents/Common7/IDE/CommonExtensions/Platform/Shell/Microsoft.VisualStudio.FeatureFlags.pkgdef
[18d4:0007][2026-05-10T02:03:31] Started: Copying file /Contents/Common7/IDE/CommonExtensions/Platform/Shell/Microsoft.VisualStudio.FeatureFlags.pkgdef to D:\Program Files (x86)\Microsoft Visual Studio\2022\BuildTools\Common7\IDE\CommonExtensions\Platform\Shell\Microsoft.VisualStudio.FeatureFlags.pkgdef
[18d4:0007][2026-05-10T02:03:31] Completed: Copying file /Contents/Common7/IDE/CommonExtensions/Platform/Shell/Microsoft.VisualStudio.FeatureFlags.pkgdef to D:\Program Files (x86)\Microsoft Visual Studio\2022\BuildTools\Common7\IDE\CommonExtensions\Platform\Shell\Microsoft.VisualStudio.FeatureFlags.pkgdef
[18d4:0007][2026-05-10T02:03:31] Timestamp updated for file 'D:\Program Files (x86)\Microsoft Visual Studio\2022\BuildTools\Common7\IDE\CommonExtensions\Platform\Shell\Microsoft.VisualStudio.FeatureFlags.pkgdef'.
[18d4:0007][2026-05-10T02:03:31] Processing file /Contents/Common7/IDE/CommonExtensions/Platform/Shell/Microsoft.VisualStudio.IDE.ToolboxControlsInstaller.pkgdef
[18d4:0007][2026-05-10T02:03:31] Started: Copying file /Contents/Common7/IDE/CommonExtensions/Platform/Shell/Microsoft.VisualStudio.IDE.ToolboxControlsInstaller.pkgdef to D:\Program Files (x86)\Microsoft Visual Studio\2022\BuildTools\Common7\IDE\CommonExtensions\Platform\Shell\Microsoft.VisualStudio.IDE.ToolboxControlsInstaller.pkgdef
[18d4:0007][2026-05-10T02:03:31] Completed: Copying file /Contents/Common7/IDE/CommonExtensions/Platform/Shell/Microsoft.VisualStudio.IDE.ToolboxControlsInstaller.pkgdef to D:\Program Files (x86)\Microsoft Visual Studio\2022\BuildTools\Common7\IDE\CommonExtensions\Platform\Shell\Microsoft.VisualStudio.IDE.ToolboxControlsInstaller.pkgdef
[18d4:0007][2026-05-10T02:03:31] Timestamp updated for file 'D:\Program Files (x86)\Microsoft Visual Studio\2022\BuildTools\Common7\IDE\CommonExtensions\Platform\Shell\Microsoft.VisualStudio.IDE.ToolboxControlsInstaller.pkgdef'.
[18d4:0007][2026-05-10T02:03:31] Processing file /Contents/Common7/IDE/CommonExtensions/Platform/Shell/Microsoft.VisualStudio.ImageCatalog.imagemanifest
[18d4:0007][2026-05-10T02:03:31] Started: Copying file /Contents/Common7/IDE/CommonExtensions/Platform/Shell/Microsoft.VisualStudio.ImageCatalog.imagemanifest to D:\Program Files (x86)\Microsoft Visual Studio\2022\BuildTools\Common7\IDE\CommonExtensions\Platform\Shell\Microsoft.VisualStudio.ImageCatalog.imagemanifest
[18d4:0007][2026-05-10T02:03:31] Completed: Copying file /Contents/Common7/IDE/CommonExtensions/Platform/Shell/Microsoft.VisualStudio.ImageCatalog.imagemanifest to D:\Program Files (x86)\Microsoft Visual Studio\2022\BuildTools\Common7\IDE\CommonExtensions\Platform\Shell\Microsoft.VisualStudio.ImageCatalog.imagemanifest
[18d4:0007][2026-05-10T02:03:31] Timestamp updated for file 'D:\Program Files (x86)\Microsoft Visual Studio\2022\BuildTools\Common7\IDE\CommonExtensions\Platform\Shell\Microsoft.VisualStudio.ImageCatalog.imagemanifest'.
[18d4:0007][2026-05-10T02:03:31] Processing file /Contents/Common7/IDE/CommonExtensions/Platform/Shell/Microsoft.VisualStudio.Platform.WindowManagement.pkgdef
[18d4:0007][2026-05-10T02:03:31] Started: Copying file /Contents/Common7/IDE/CommonExtensions/Platform/Shell/Microsoft.VisualStudio.Platform.WindowManagement.pkgdef to D:\Program Files (x86)\Microsoft Visual Studio\2022\BuildTools\Common7\IDE\CommonExtensions\Platform\Shell\Microsoft.VisualStudio.Platform.WindowManagement.pkgdef
[18d4:0007][2026-05-10T02:03:31] Completed: Copying file /Contents/Common7/IDE/CommonExtensions/Platform/Shell/Microsoft.VisualStudio.Platform.WindowManagement.pkgdef to D:\Program Files (x86)\Microsoft Visual Studio\2022\BuildTools\Common7\IDE\CommonExtensions\Platform\Shell\Microsoft.VisualStudio.Platform.WindowManagement.pkgdef
[18d4:0007][2026-05-10T02:03:31] Timestamp updated for file 'D:\Program Files (x86)\Microsoft Visual Studio\2022\BuildTools\Common7\IDE\CommonExtensions\Platform\Shell\Microsoft.VisualStudio.Platform.WindowManagement.pkgdef'.
[18d4:0007][2026-05-10T02:03:31] Processing file /Contents/Common7/IDE/CommonExtensions/Platform/Shell/Microsoft.VisualStudio.Platform.WindowManagement.ThemeImages.imagemanifest
[18d4:0007][2026-05-10T02:03:31] Started: Copying file /Contents/Common7/IDE/CommonExtensions/Platform/Shell/Microsoft.VisualStudio.Platform.WindowManagement.ThemeImages.imagemanifest to D:\Program Files (x86)\Microsoft Visual Studio\2022\BuildTools\Common7\IDE\CommonExtensions\Platform\Shell\Microsoft.VisualStudio.Platform.WindowManagement.ThemeImages.imagemanifest
[18d4:0007][2026-05-10T02:03:31] Completed: Copying file /Contents/Common7/IDE/CommonExtensions/Platform/Shell/Microsoft.VisualStudio.Platform.WindowManagement.ThemeImages.imagemanifest to D:\Program Files (x86)\Microsoft Visual Studio\2022\BuildTools\Common7\IDE\CommonExtensions\Platform\Shell\Microsoft.VisualStudio.Platform.WindowManagement.ThemeImages.imagemanifest
[18d4:0007][2026-05-10T02:03:31] Timestamp updated for file 'D:\Program Files (x86)\Microsoft Visual Studio\2022\BuildTools\Common7\IDE\CommonExtensions\Platform\Shell\Microsoft.VisualStudio.Platform.WindowManagement.ThemeImages.imagemanifest'.
[18d4:0007][2026-05-10T02:03:31] Processing file /Contents/Common7/IDE/CommonExtensions/Platform/Shell/Microsoft.VisualStudio.Toolbox.pkgdef
[18d4:0007][2026-05-10T02:03:31] Started: Copying file /Contents/Common7/IDE/CommonExtensions/Platform/Shell/Microsoft.VisualStudio.Toolbox.pkgdef to D:\Program Files (x86)\Microsoft Visual Studio\2022\BuildTools\Common7\IDE\CommonExtensions\Platform\Shell\Microsoft.VisualStudio.Toolbox.pkgdef
[18d4:0007][2026-05-10T02:03:31] Completed: Copying file /Contents/Common7/IDE/CommonExtensions/Platform/Shell/Microsoft.VisualStudio.Toolbox.pkgdef to D:\Program Files (x86)\Microsoft Visual Studio\2022\BuildTools\Common7\IDE\CommonExtensions\Platform\Shell\Microsoft.VisualStudio.Toolbox.pkgdef
[18d4:0007][2026-05-10T02:03:31] Timestamp updated for file 'D:\Program Files (x86)\Microsoft Visual Studio\2022\BuildTools\Common7\IDE\CommonExtensions\Platform\Shell\Microsoft.VisualStudio.Toolbox.pkgdef'.
[18d4:0007][2026-05-10T02:03:31] Processing file /Contents/Common7/IDE/CommonExtensions/Platform/Theme.Blue.ExtraContrast.pkgdef
[18d4:0007][2026-05-10T02:03:31] Started: Copying file /Contents/Common7/IDE/CommonExtensions/Platform/Theme.Blue.ExtraContrast.pkgdef to D:\Program Files (x86)\Microsoft Visual Studio\2022\BuildTools\Common7\IDE\CommonExtensions\Platform\Theme.Blue.ExtraContrast.pkgdef
[18d4:0007][2026-05-10T02:03:31] Completed: Copying file /Contents/Common7/IDE/CommonExtensions/Platform/Theme.Blue.ExtraContrast.pkgdef to D:\Program Files (x86)\Microsoft Visual Studio\2022\BuildTools\Common7\IDE\CommonExtensions\Platform\Theme.Blue.ExtraContrast.pkgdef
[18d4:0007][2026-05-10T02:03:31] Timestamp updated for file 'D:\Program Files (x86)\Microsoft Visual Studio\2022\BuildTools\Common7\IDE\CommonExtensions\Platform\Theme.Blue.ExtraContrast.pkgdef'.
[18d4:0007][2026-05-10T02:03:31] Processing file /Contents/Common7/IDE/CommonExtensions/Platform/Theme.Blue.pkgdef
[18d4:0007][2026-05-10T02:03:31] Started: Copying file /Contents/Common7/IDE/CommonExtensions/Platform/Theme.Blue.pkgdef to D:\Program Files (x86)\Microsoft Visual Studio\2022\BuildTools\Common7\IDE\CommonExtensions\Platform\Theme.Blue.pkgdef
[18d4:0007][2026-05-10T02:03:31] Completed: Copying file /Contents/Common7/IDE/CommonExtensions/Platform/Theme.Blue.pkgdef to D:\Program Files (x86)\Microsoft Visual Studio\2022\BuildTools\Common7\IDE\CommonExtensions\Platform\Theme.Blue.pkgdef
[18d4:0007][2026-05-10T02:03:31] Timestamp updated for file 'D:\Program Files (x86)\Microsoft Visual Studio\2022\BuildTools\Common7\IDE\CommonExtensions\Platform\Theme.Blue.pkgdef'.
[18d4:0007][2026-05-10T02:03:31] Processing file /Contents/Common7/IDE/CommonExtensions/Platform/Theme.Bubblegum.pkgdef
[18d4:0007][2026-05-10T02:03:31] Started: Copying file /Contents/Common7/IDE/CommonExtensions/Platform/Theme.Bubblegum.pkgdef to D:\Program Files (x86)\Microsoft Visual Studio\2022\BuildTools\Common7\IDE\CommonExtensions\Platform\Theme.Bubblegum.pkgdef
[18d4:0007][2026-05-10T02:03:31] Completed: Copying file /Contents/Common7/IDE/CommonExtensions/Platform/Theme.Bubblegum.pkgdef to D:\Program Files (x86)\Microsoft Visual Studio\2022\BuildTools\Common7\IDE\CommonExtensions\Platform\Theme.Bubblegum.pkgdef
[18d4:0007][2026-05-10T02:03:31] Timestamp updated for file 'D:\Program Files (x86)\Microsoft Visual Studio\2022\BuildTools\Common7\IDE\CommonExtensions\Platform\Theme.Bubblegum.pkgdef'.
[18d4:0007][2026-05-10T02:03:31] Processing file /Contents/Common7/IDE/CommonExtensions/Platform/Theme.CoolBreeze.pkgdef
[18d4:0007][2026-05-10T02:03:31] Started: Copying file /Contents/Common7/IDE/CommonExtensions/Platform/Theme.CoolBreeze.pkgdef to D:\Program Files (x86)\Microsoft Visual Studio\2022\BuildTools\Common7\IDE\CommonExtensions\Platform\Theme.CoolBreeze.pkgdef
[18d4:0007][2026-05-10T02:03:31] Completed: Copying file /Contents/Common7/IDE/CommonExtensions/Platform/Theme.CoolBreeze.pkgdef to D:\Program Files (x86)\Microsoft Visual Studio\2022\BuildTools\Common7\IDE\CommonExtensions\Platform\Theme.CoolBreeze.pkgdef
[18d4:0007][2026-05-10T02:03:31] Timestamp updated for file 'D:\Program Files (x86)\Microsoft Visual Studio\2022\BuildTools\Common7\IDE\CommonExtensions\Platform\Theme.CoolBreeze.pkgdef'.
[18d4:0007][2026-05-10T02:03:31] Processing file /Contents/Common7/IDE/CommonExtensions/Platform/Theme.CoolSlate.pkgdef
[18d4:0007][2026-05-10T02:03:31] Started: Copying file /Contents/Common7/IDE/CommonExtensions/Platform/Theme.CoolSlate.pkgdef to D:\Program Files (x86)\Microsoft Visual Studio\2022\BuildTools\Common7\IDE\CommonExtensions\Platform\Theme.CoolSlate.pkgdef
[18d4:0007][2026-05-10T02:03:31] Completed: Copying file /Contents/Common7/IDE/CommonExtensions/Platform/Theme.CoolSlate.pkgdef to D:\Program Files (x86)\Microsoft Visual Studio\2022\BuildTools\Common7\IDE\CommonExtensions\Platform\Theme.CoolSlate.pkgdef
[18d4:0007][2026-05-10T02:03:31] Timestamp updated for file 'D:\Program Files (x86)\Microsoft Visual Studio\2022\BuildTools\Common7\IDE\CommonExtensions\Platform\Theme.CoolSlate.pkgdef'.
[18d4:0007][2026-05-10T02:03:31] Processing file /Contents/Common7/IDE/CommonExtensions/Platform/Theme.Dark.pkgdef
[18d4:0007][2026-05-10T02:03:31] Started: Copying file /Contents/Common7/IDE/CommonExtensions/Platform/Theme.Dark.pkgdef to D:\Program Files (x86)\Microsoft Visual Studio\2022\BuildTools\Common7\IDE\CommonExtensions\Platform\Theme.Dark.pkgdef
[18d4:0007][2026-05-10T02:03:31] Completed: Copying file /Contents/Common7/IDE/CommonExtensions/Platform/Theme.Dark.pkgdef to D:\Program Files (x86)\Microsoft Visual Studio\2022\BuildTools\Common7\IDE\CommonExtensions\Platform\Theme.Dark.pkgdef
[18d4:0007][2026-05-10T02:03:31] Timestamp updated for file 'D:\Program Files (x86)\Microsoft Visual Studio\2022\BuildTools\Common7\IDE\CommonExtensions\Platform\Theme.Dark.pkgdef'.
[18d4:0007][2026-05-10T02:03:31] Processing file /Contents/Common7/IDE/CommonExtensions/Platform/Theme.HighContrast.pkgdef
[18d4:0007][2026-05-10T02:03:31] Started: Copying file /Contents/Common7/IDE/CommonExtensions/Platform/Theme.HighContrast.pkgdef to D:\Program Files (x86)\Microsoft Visual Studio\2022\BuildTools\Common7\IDE\CommonExtensions\Platform\Theme.HighContrast.pkgdef
[18d4:0007][2026-05-10T02:03:31] Completed: Copying file /Contents/Common7/IDE/CommonExtensions/Platform/Theme.HighContrast.pkgdef to D:\Program Files (x86)\Microsoft Visual Studio\2022\BuildTools\Common7\IDE\CommonExtensions\Platform\Theme.HighContrast.pkgdef
[18d4:0007][2026-05-10T02:03:31] Timestamp updated for file 'D:\Program Files (x86)\Microsoft Visual Studio\2022\BuildTools\Common7\IDE\CommonExtensions\Platform\Theme.HighContrast.pkgdef'.
[18d4:0007][2026-05-10T02:03:31] Processing file /Contents/Common7/IDE/CommonExtensions/Platform/Theme.IcyMint.pkgdef
[18d4:0007][2026-05-10T02:03:31] Started: Copying file /Contents/Common7/IDE/CommonExtensions/Platform/Theme.IcyMint.pkgdef to D:\Program Files (x86)\Microsoft Visual Studio\2022\BuildTools\Common7\IDE\CommonExtensions\Platform\Theme.IcyMint.pkgdef
[18d4:0007][2026-05-10T02:03:31] Completed: Copying file /Contents/Common7/IDE/CommonExtensions/Platform/Theme.IcyMint.pkgdef to D:\Program Files (x86)\Microsoft Visual Studio\2022\BuildTools\Common7\IDE\CommonExtensions\Platform\Theme.IcyMint.pkgdef
[18d4:0007][2026-05-10T02:03:31] Timestamp updated for file 'D:\Program Files (x86)\Microsoft Visual Studio\2022\BuildTools\Common7\IDE\CommonExtensions\Platform\Theme.IcyMint.pkgdef'.
[18d4:0007][2026-05-10T02:03:31] Processing file /Contents/Common7/IDE/CommonExtensions/Platform/Theme.JuicyPlum.pkgdef
[18d4:0007][2026-05-10T02:03:31] Started: Copying file /Contents/Common7/IDE/CommonExtensions/Platform/Theme.JuicyPlum.pkgdef to D:\Program Files (x86)\Microsoft Visual Studio\2022\BuildTools\Common7\IDE\CommonExtensions\Platform\Theme.JuicyPlum.pkgdef
[18d4:0007][2026-05-10T02:03:31] Completed: Copying file /Contents/Common7/IDE/CommonExtensions/Platform/Theme.JuicyPlum.pkgdef to D:\Program Files (x86)\Microsoft Visual Studio\2022\BuildTools\Common7\IDE\CommonExtensions\Platform\Theme.JuicyPlum.pkgdef
[18d4:0007][2026-05-10T02:03:31] Timestamp updated for file 'D:\Program Files (x86)\Microsoft Visual Studio\2022\BuildTools\Common7\IDE\CommonExtensions\Platform\Theme.JuicyPlum.pkgdef'.
[18d4:0007][2026-05-10T02:03:31] Processing file /Contents/Common7/IDE/CommonExtensions/Platform/Theme.Light.pkgdef
[18d4:0007][2026-05-10T02:03:31] Started: Copying file /Contents/Common7/IDE/CommonExtensions/Platform/Theme.Light.pkgdef to D:\Program Files (x86)\Microsoft Visual Studio\2022\BuildTools\Common7\IDE\CommonExtensions\Platform\Theme.Light.pkgdef
[18d4:0007][2026-05-10T02:03:31] Completed: Copying file /Contents/Common7/IDE/CommonExtensions/Platform/Theme.Light.pkgdef to D:\Program Files (x86)\Microsoft Visual Studio\2022\BuildTools\Common7\IDE\CommonExtensions\Platform\Theme.Light.pkgdef
[18d4:0007][2026-05-10T02:03:31] Timestamp updated for file 'D:\Program Files (x86)\Microsoft Visual Studio\2022\BuildTools\Common7\IDE\CommonExtensions\Platform\Theme.Light.pkgdef'.
[18d4:0007][2026-05-10T02:03:31] Processing file /Contents/Common7/IDE/CommonExtensions/Platform/Theme.MangoParadise.pkgdef
[18d4:0007][2026-05-10T02:03:31] Started: Copying file /Contents/Common7/IDE/CommonExtensions/Platform/Theme.MangoParadise.pkgdef to D:\Program Files (x86)\Microsoft Visual Studio\2022\BuildTools\Common7\IDE\CommonExtensions\Platform\Theme.MangoParadise.pkgdef
[18d4:0007][2026-05-10T02:03:31] Completed: Copying file /Contents/Common7/IDE/CommonExtensions/Platform/Theme.MangoParadise.pkgdef to D:\Program Files (x86)\Microsoft Visual Studio\2022\BuildTools\Common7\IDE\CommonExtensions\Platform\Theme.MangoParadise.pkgdef
[18d4:0007][2026-05-10T02:03:31] Timestamp updated for file 'D:\Program Files (x86)\Microsoft Visual Studio\2022\BuildTools\Common7\IDE\CommonExtensions\Platform\Theme.MangoParadise.pkgdef'.
[18d4:0007][2026-05-10T02:03:31] Processing file /Contents/Common7/IDE/CommonExtensions/Platform/Theme.MoonlightGlow.pkgdef
[18d4:0007][2026-05-10T02:03:31] Started: Copying file /Contents/Common7/IDE/CommonExtensions/Platform/Theme.MoonlightGlow.pkgdef to D:\Program Files (x86)\Microsoft Visual Studio\2022\BuildTools\Common7\IDE\CommonExtensions\Platform\Theme.MoonlightGlow.pkgdef
[18d4:0007][2026-05-10T02:03:31] Completed: Copying file /Contents/Common7/IDE/CommonExtensions/Platform/Theme.MoonlightGlow.pkgdef to D:\Program Files (x86)\Microsoft Visual Studio\2022\BuildTools\Common7\IDE\CommonExtensions\Platform\Theme.MoonlightGlow.pkgdef
[18d4:0007][2026-05-10T02:03:31] Timestamp updated for file 'D:\Program Files (x86)\Microsoft Visual Studio\2022\BuildTools\Common7\IDE\CommonExtensions\Platform\Theme.MoonlightGlow.pkgdef'.
[18d4:0007][2026-05-10T02:03:31] Processing file /Contents/Common7/IDE/CommonExtensions/Platform/Theme.MysticalForest.pkgdef
[18d4:0007][2026-05-10T02:03:31] Started: Copying file /Contents/Common7/IDE/CommonExtensions/Platform/Theme.MysticalForest.pkgdef to D:\Program Files (x86)\Microsoft Visual Studio\2022\BuildTools\Common7\IDE\CommonExtensions\Platform\Theme.MysticalForest.pkgdef
[18d4:0007][2026-05-10T02:03:31] Completed: Copying file /Contents/Common7/IDE/CommonExtensions/Platform/Theme.MysticalForest.pkgdef to D:\Program Files (x86)\Microsoft Visual Studio\2022\BuildTools\Common7\IDE\CommonExtensions\Platform\Theme.MysticalForest.pkgdef
[18d4:0007][2026-05-10T02:03:31] Timestamp updated for file 'D:\Program Files (x86)\Microsoft Visual Studio\2022\BuildTools\Common7\IDE\CommonExtensions\Platform\Theme.MysticalForest.pkgdef'.
[18d4:0007][2026-05-10T02:03:31] Processing file /Contents/Common7/IDE/CommonExtensions/Platform/Theme.Registration.pkgdef
[18d4:0007][2026-05-10T02:03:31] Started: Copying file /Contents/Common7/IDE/CommonExtensions/Platform/Theme.Registration.pkgdef to D:\Program Files (x86)\Microsoft Visual Studio\2022\BuildTools\Common7\IDE\CommonExtensions\Platform\Theme.Registration.pkgdef
[18d4:0007][2026-05-10T02:03:31] Completed: Copying file /Contents/Common7/IDE/CommonExtensions/Platform/Theme.Registration.pkgdef to D:\Program Files (x86)\Microsoft Visual Studio\2022\BuildTools\Common7\IDE\CommonExtensions\Platform\Theme.Registration.pkgdef
[18d4:0007][2026-05-10T02:03:31] Timestamp updated for file 'D:\Program Files (x86)\Microsoft Visual Studio\2022\BuildTools\Common7\IDE\CommonExtensions\Platform\Theme.Registration.pkgdef'.
[18d4:0007][2026-05-10T02:03:31] Processing file /Contents/Common7/IDE/CommonExtensions/Platform/Theme.SilkyPink.pkgdef
[18d4:0007][2026-05-10T02:03:31] Started: Copying file /Contents/Common7/IDE/CommonExtensions/Platform/Theme.SilkyPink.pkgdef to D:\Program Files (x86)\Microsoft Visual Studio\2022\BuildTools\Common7\IDE\CommonExtensions\Platform\Theme.SilkyPink.pkgdef
[18d4:0007][2026-05-10T02:03:31] Completed: Copying file /Contents/Common7/IDE/CommonExtensions/Platform/Theme.SilkyPink.pkgdef to D:\Program Files (x86)\Microsoft Visual Studio\2022\BuildTools\Common7\IDE\CommonExtensions\Platform\Theme.SilkyPink.pkgdef
[18d4:0007][2026-05-10T02:03:31] Timestamp updated for file 'D:\Program Files (x86)\Microsoft Visual Studio\2022\BuildTools\Common7\IDE\CommonExtensions\Platform\Theme.SilkyPink.pkgdef'.
[18d4:0007][2026-05-10T02:03:31] Processing file /Contents/Common7/IDE/CommonExtensions/Platform/Theme.SpicyRed.pkgdef
[18d4:0007][2026-05-10T02:03:31] Started: Copying file /Contents/Common7/IDE/CommonExtensions/Platform/Theme.SpicyRed.pkgdef to D:\Program Files (x86)\Microsoft Visual Studio\2022\BuildTools\Common7\IDE\CommonExtensions\Platform\Theme.SpicyRed.pkgdef
[18d4:0007][2026-05-10T02:03:31] Completed: Copying file /Contents/Common7/IDE/CommonExtensions/Platform/Theme.SpicyRed.pkgdef to D:\Program Files (x86)\Microsoft Visual Studio\2022\BuildTools\Common7\IDE\CommonExtensions\Platform\Theme.SpicyRed.pkgdef
[18d4:0007][2026-05-10T02:03:31] Timestamp updated for file 'D:\Program Files (x86)\Microsoft Visual Studio\2022\BuildTools\Common7\IDE\CommonExtensions\Platform\Theme.SpicyRed.pkgdef'.
[18d4:0007][2026-05-10T02:03:31] Processing file /Contents/Common7/IDE/CommonExtensions/Platform/Theme.SunnyDay.pkgdef
[18d4:0007][2026-05-10T02:03:31] Started: Copying file /Contents/Common7/IDE/CommonExtensions/Platform/Theme.SunnyDay.pkgdef to D:\Program Files (x86)\Microsoft Visual Studio\2022\BuildTools\Common7\IDE\CommonExtensions\Platform\Theme.SunnyDay.pkgdef
[18d4:0007][2026-05-10T02:03:31] Completed: Copying file /Contents/Common7/IDE/CommonExtensions/Platform/Theme.SunnyDay.pkgdef to D:\Program Files (x86)\Microsoft Visual Studio\2022\BuildTools\Common7\IDE\CommonExtensions\Platform\Theme.SunnyDay.pkgdef
[18d4:0007][2026-05-10T02:03:31] Timestamp updated for file 'D:\Program Files (x86)\Microsoft Visual Studio\2022\BuildTools\Common7\IDE\CommonExtensions\Platform\Theme.SunnyDay.pkgdef'.
[18d4:0007][2026-05-10T02:03:31] Processing file /Contents/Common7/IDE/DefaultLayout.winprf
[18d4:0007][2026-05-10T02:03:31] Started: Copying file /Contents/Common7/IDE/DefaultLayout.winprf to D:\Program Files (x86)\Microsoft Visual Studio\2022\BuildTools\Common7\IDE\DefaultLayout.winprf
[18d4:0007][2026-05-10T02:03:31] Completed: Copying file /Contents/Common7/IDE/DefaultLayout.winprf to D:\Program Files (x86)\Microsoft Visual Studio\2022\BuildTools\Common7\IDE\DefaultLayout.winprf
[18d4:0007][2026-05-10T02:03:31] Timestamp updated for file 'D:\Program Files (x86)\Microsoft Visual Studio\2022\BuildTools\Common7\IDE\DefaultLayout.winprf'.
[18d4:0007][2026-05-10T02:03:31] Processing file /Contents/Common7/IDE/en/Microsoft.VisualStudio.ImageCatalog.resources.dll
[18d4:0007][2026-05-10T02:03:31] Started: Copying file /Contents/Common7/IDE/en/Microsoft.VisualStudio.ImageCatalog.resources.dll to D:\Program Files (x86)\Microsoft Visual Studio\2022\BuildTools\Common7\IDE\en\Microsoft.VisualStudio.ImageCatalog.resources.dll
[18d4:0007][2026-05-10T02:03:31] Completed: Copying file /Contents/Common7/IDE/en/Microsoft.VisualStudio.ImageCatalog.resources.dll to D:\Program Files (x86)\Microsoft Visual Studio\2022\BuildTools\Common7\IDE\en\Microsoft.VisualStudio.ImageCatalog.resources.dll
[18d4:0007][2026-05-10T02:03:31] Timestamp updated for file 'D:\Program Files (x86)\Microsoft Visual Studio\2022\BuildTools\Common7\IDE\en\Microsoft.VisualStudio.ImageCatalog.resources.dll'.
[18d4:0007][2026-05-10T02:03:31] Processing file /Contents/Common7/IDE/Microsoft.VisualStudio.ImageCatalog.dll
[18d4:0007][2026-05-10T02:03:31] Started: Copying file /Contents/Common7/IDE/Microsoft.VisualStudio.ImageCatalog.dll to D:\Program Files (x86)\Microsoft Visual Studio\2022\BuildTools\Common7\IDE\Microsoft.VisualStudio.ImageCatalog.dll
[18d4:0007][2026-05-10T02:03:31] Completed: Copying file /Contents/Common7/IDE/Microsoft.VisualStudio.ImageCatalog.dll to D:\Program Files (x86)\Microsoft Visual Studio\2022\BuildTools\Common7\IDE\Microsoft.VisualStudio.ImageCatalog.dll
[18d4:0007][2026-05-10T02:03:31] Timestamp updated for file 'D:\Program Files (x86)\Microsoft Visual Studio\2022\BuildTools\Common7\IDE\Microsoft.VisualStudio.ImageCatalog.dll'.
[18d4:0007][2026-05-10T02:03:31] Queueing D:\Program Files (x86)\Microsoft Visual Studio\2022\BuildTools\Common7\IDE\Microsoft.VisualStudio.ImageCatalog.dll for X86 ngen
[18d4:0007][2026-05-10T02:03:31] Successfully queued file '/Contents/Common7/IDE/Microsoft.VisualStudio.ImageCatalog.dll' for ngen
[18d4:0007][2026-05-10T02:03:31] Processing file /Contents/Common7/IDE/Microsoft.VisualStudio.Imaging.dll
[18d4:0007][2026-05-10T02:03:31] Started: Copying file /Contents/Common7/IDE/Microsoft.VisualStudio.Imaging.dll to D:\Program Files (x86)\Microsoft Visual Studio\2022\BuildTools\Common7\IDE\Microsoft.VisualStudio.Imaging.dll
[18d4:0007][2026-05-10T02:03:31] Completed: Copying file /Contents/Common7/IDE/Microsoft.VisualStudio.Imaging.dll to D:\Program Files (x86)\Microsoft Visual Studio\2022\BuildTools\Common7\IDE\Microsoft.VisualStudio.Imaging.dll
[18d4:0007][2026-05-10T02:03:31] Timestamp updated for file 'D:\Program Files (x86)\Microsoft Visual Studio\2022\BuildTools\Common7\IDE\Microsoft.VisualStudio.Imaging.dll'.
[18d4:0007][2026-05-10T02:03:31] Queueing D:\Program Files (x86)\Microsoft Visual Studio\2022\BuildTools\Common7\IDE\Microsoft.VisualStudio.Imaging.dll for X86 ngen
[18d4:0007][2026-05-10T02:03:31] Successfully queued file '/Contents/Common7/IDE/Microsoft.VisualStudio.Imaging.dll' for ngen
[18d4:0007][2026-05-10T02:03:31] Processing file /Contents/Common7/IDE/Microsoft.VisualStudio.Platform.WindowManagement.dll
[18d4:0007][2026-05-10T02:03:31] Started: Copying file /Contents/Common7/IDE/Microsoft.VisualStudio.Platform.WindowManagement.dll to D:\Program Files (x86)\Microsoft Visual Studio\2022\BuildTools\Common7\IDE\Microsoft.VisualStudio.Platform.WindowManagement.dll
[18d4:0007][2026-05-10T02:03:31] Completed: Copying file /Contents/Common7/IDE/Microsoft.VisualStudio.Platform.WindowManagement.dll to D:\Program Files (x86)\Microsoft Visual Studio\2022\BuildTools\Common7\IDE\Microsoft.VisualStudio.Platform.WindowManagement.dll
[18d4:0007][2026-05-10T02:03:31] Timestamp updated for file 'D:\Program Files (x86)\Microsoft Visual Studio\2022\BuildTools\Common7\IDE\Microsoft.VisualStudio.Platform.WindowManagement.dll'.
[18d4:0007][2026-05-10T02:03:31] Queueing D:\Program Files (x86)\Microsoft Visual Studio\2022\BuildTools\Common7\IDE\Microsoft.VisualStudio.Platform.WindowManagement.dll for X86 ngen
[18d4:0007][2026-05-10T02:03:31] Successfully queued file '/Contents/Common7/IDE/Microsoft.VisualStudio.Platform.WindowManagement.dll' for ngen
[18d4:0007][2026-05-10T02:03:31] Processing file /Contents/Common7/IDE/Microsoft.VisualStudio.Shell.Styles.dll
[18d4:0007][2026-05-10T02:03:31] Started: Copying file /Contents/Common7/IDE/Microsoft.VisualStudio.Shell.Styles.dll to D:\Program Files (x86)\Microsoft Visual Studio\2022\BuildTools\Common7\IDE\Microsoft.VisualStudio.Shell.Styles.dll
[18d4:0007][2026-05-10T02:03:31] Completed: Copying file /Contents/Common7/IDE/Microsoft.VisualStudio.Shell.Styles.dll to D:\Program Files (x86)\Microsoft Visual Studio\2022\BuildTools\Common7\IDE\Microsoft.VisualStudio.Shell.Styles.dll
[18d4:0007][2026-05-10T02:03:31] Timestamp updated for file 'D:\Program Files (x86)\Microsoft Visual Studio\2022\BuildTools\Common7\IDE\Microsoft.VisualStudio.Shell.Styles.dll'.
[18d4:0007][2026-05-10T02:03:31] Processing file /Contents/Common7/IDE/Microsoft.VisualStudio.Utilities.dll
[18d4:0007][2026-05-10T02:03:31] Started: Copying file /Contents/Common7/IDE/Microsoft.VisualStudio.Utilities.dll to D:\Program Files (x86)\Microsoft Visual Studio\2022\BuildTools\Common7\IDE\Microsoft.VisualStudio.Utilities.dll
[18d4:0007][2026-05-10T02:03:31] Completed: Copying file /Contents/Common7/IDE/Microsoft.VisualStudio.Utilities.dll to D:\Program Files (x86)\Microsoft Visual Studio\2022\BuildTools\Common7\IDE\Microsoft.VisualStudio.Utilities.dll
[18d4:0007][2026-05-10T02:03:31] Timestamp updated for file 'D:\Program Files (x86)\Microsoft Visual Studio\2022\BuildTools\Common7\IDE\Microsoft.VisualStudio.Utilities.dll'.
[18d4:0007][2026-05-10T02:03:31] Queueing D:\Program Files (x86)\Microsoft Visual Studio\2022\BuildTools\Common7\IDE\Microsoft.VisualStudio.Utilities.dll for X86 ngen
[18d4:0007][2026-05-10T02:03:31] Successfully queued file '/Contents/Common7/IDE/Microsoft.VisualStudio.Utilities.dll' for ngen
[18d4:0007][2026-05-10T02:03:31] Processing file /Contents/Common7/IDE/Microsoft.WizardFramework.dll
[18d4:0007][2026-05-10T02:03:31] Started: Copying file /Contents/Common7/IDE/Microsoft.WizardFramework.dll to D:\Program Files (x86)\Microsoft Visual Studio\2022\BuildTools\Common7\IDE\Microsoft.WizardFramework.dll
[18d4:0007][2026-05-10T02:03:31] Completed: Copying file /Contents/Common7/IDE/Microsoft.WizardFramework.dll to D:\Program Files (x86)\Microsoft Visual Studio\2022\BuildTools\Common7\IDE\Microsoft.WizardFramework.dll
[18d4:0007][2026-05-10T02:03:31] Timestamp updated for file 'D:\Program Files (x86)\Microsoft Visual Studio\2022\BuildTools\Common7\IDE\Microsoft.WizardFramework.dll'.
[18d4:0007][2026-05-10T02:03:31] Processing file /Contents/Common7/IDE/Microsoft.WizardFrameworkVS.dll
[18d4:0007][2026-05-10T02:03:31] Started: Copying file /Contents/Common7/IDE/Microsoft.WizardFrameworkVS.dll to D:\Program Files (x86)\Microsoft Visual Studio\2022\BuildTools\Common7\IDE\Microsoft.WizardFrameworkVS.dll
[18d4:0007][2026-05-10T02:03:31] Completed: Copying file /Contents/Common7/IDE/Microsoft.WizardFrameworkVS.dll to D:\Program Files (x86)\Microsoft Visual Studio\2022\BuildTools\Common7\IDE\Microsoft.WizardFrameworkVS.dll
[18d4:0007][2026-05-10T02:03:31] Timestamp updated for file 'D:\Program Files (x86)\Microsoft Visual Studio\2022\BuildTools\Common7\IDE\Microsoft.WizardFrameworkVS.dll'.
[18d4:0007][2026-05-10T02:03:31] Processing file /Contents/Common7/IDE/PrivateAssemblies/Microsoft.Internal.VisualStudio.Shell.Framework.dll
[18d4:0007][2026-05-10T02:03:31] Started: Copying file /Contents/Common7/IDE/PrivateAssemblies/Microsoft.Internal.VisualStudio.Shell.Framework.dll to D:\Program Files (x86)\Microsoft Visual Studio\2022\BuildTools\Common7\IDE\PrivateAssemblies\Microsoft.Internal.VisualStudio.Shell.Framework.dll
[18d4:0007][2026-05-10T02:03:31] Completed: Copying file /Contents/Common7/IDE/PrivateAssemblies/Microsoft.Internal.VisualStudio.Shell.Framework.dll to D:\Program Files (x86)\Microsoft Visual Studio\2022\BuildTools\Common7\IDE\PrivateAssemblies\Microsoft.Internal.VisualStudio.Shell.Framework.dll
[18d4:0007][2026-05-10T02:03:31] Timestamp updated for file 'D:\Program Files (x86)\Microsoft Visual Studio\2022\BuildTools\Common7\IDE\PrivateAssemblies\Microsoft.Internal.VisualStudio.Shell.Framework.dll'.
[18d4:0007][2026-05-10T02:03:31] Queueing D:\Program Files (x86)\Microsoft Visual Studio\2022\BuildTools\Common7\IDE\PrivateAssemblies\Microsoft.Internal.VisualStudio.Shell.Framework.dll for X86 ngen
[18d4:0007][2026-05-10T02:03:31] Successfully queued file '/Contents/Common7/IDE/PrivateAssemblies/Microsoft.Internal.VisualStudio.Shell.Framework.dll' for ngen
[18d4:0007][2026-05-10T02:03:31] Processing file /Contents/Common7/IDE/PrivateAssemblies/Microsoft.Internal.VisualStudio.UserNotifications.dll
[18d4:0007][2026-05-10T02:03:31] Started: Copying file /Contents/Common7/IDE/PrivateAssemblies/Microsoft.Internal.VisualStudio.UserNotifications.dll to D:\Program Files (x86)\Microsoft Visual Studio\2022\BuildTools\Common7\IDE\PrivateAssemblies\Microsoft.Internal.VisualStudio.UserNotifications.dll
[18d4:0007][2026-05-10T02:03:31] Completed: Copying file /Contents/Common7/IDE/PrivateAssemblies/Microsoft.Internal.VisualStudio.UserNotifications.dll to D:\Program Files (x86)\Microsoft Visual Studio\2022\BuildTools\Common7\IDE\PrivateAssemblies\Microsoft.Internal.VisualStudio.UserNotifications.dll
[18d4:0007][2026-05-10T02:03:31] Timestamp updated for file 'D:\Program Files (x86)\Microsoft Visual Studio\2022\BuildTools\Common7\IDE\PrivateAssemblies\Microsoft.Internal.VisualStudio.UserNotifications.dll'.
[18d4:0007][2026-05-10T02:03:31] Queueing D:\Program Files (x86)\Microsoft Visual Studio\2022\BuildTools\Common7\IDE\PrivateAssemblies\Microsoft.Internal.VisualStudio.UserNotifications.dll for X86 ngen
[18d4:0007][2026-05-10T02:03:31] Successfully queued file '/Contents/Common7/IDE/PrivateAssemblies/Microsoft.Internal.VisualStudio.UserNotifications.dll' for ngen
[18d4:0007][2026-05-10T02:03:31] Processing file /Contents/Common7/IDE/PrivateAssemblies/Microsoft.VisualStudio.IDE.ToolboxControlsInstaller.dll
[18d4:0007][2026-05-10T02:03:31] Started: Copying file /Contents/Common7/IDE/PrivateAssemblies/Microsoft.VisualStudio.IDE.ToolboxControlsInstaller.dll to D:\Program Files (x86)\Microsoft Visual Studio\2022\BuildTools\Common7\IDE\PrivateAssemblies\Microsoft.VisualStudio.IDE.ToolboxControlsInstaller.dll
[18d4:0007][2026-05-10T02:03:31] Completed: Copying file /Contents/Common7/IDE/PrivateAssemblies/Microsoft.VisualStudio.IDE.ToolboxControlsInstaller.dll to D:\Program Files (x86)\Microsoft Visual Studio\2022\BuildTools\Common7\IDE\PrivateAssemblies\Microsoft.VisualStudio.IDE.ToolboxControlsInstaller.dll
[18d4:0007][2026-05-10T02:03:31] Timestamp updated for file 'D:\Program Files (x86)\Microsoft Visual Studio\2022\BuildTools\Common7\IDE\PrivateAssemblies\Microsoft.VisualStudio.IDE.ToolboxControlsInstaller.dll'.
[18d4:0007][2026-05-10T02:03:31] Processing file /Contents/Common7/IDE/PrivateAssemblies/Microsoft.VisualStudio.Toolbox.dll
[18d4:0007][2026-05-10T02:03:31] Started: Copying file /Contents/Common7/IDE/PrivateAssemblies/Microsoft.VisualStudio.Toolbox.dll to D:\Program Files (x86)\Microsoft Visual Studio\2022\BuildTools\Common7\IDE\PrivateAssemblies\Microsoft.VisualStudio.Toolbox.dll
[18d4:0007][2026-05-10T02:03:31] Completed: Copying file /Contents/Common7/IDE/PrivateAssemblies/Microsoft.VisualStudio.Toolbox.dll to D:\Program Files (x86)\Microsoft Visual Studio\2022\BuildTools\Common7\IDE\PrivateAssemblies\Microsoft.VisualStudio.Toolbox.dll
[18d4:0007][2026-05-10T02:03:31] Timestamp updated for file 'D:\Program Files (x86)\Microsoft Visual Studio\2022\BuildTools\Common7\IDE\PrivateAssemblies\Microsoft.VisualStudio.Toolbox.dll'.
[18d4:0007][2026-05-10T02:03:31] Queueing D:\Program Files (x86)\Microsoft Visual Studio\2022\BuildTools\Common7\IDE\PrivateAssemblies\Microsoft.VisualStudio.Toolbox.dll for X86 ngen
[18d4:0007][2026-05-10T02:03:31] Successfully queued file '/Contents/Common7/IDE/PrivateAssemblies/Microsoft.VisualStudio.Toolbox.dll' for ngen
[18d4:0007][2026-05-10T02:03:31] Package executed successfully. Return code: 0
