[18d4:0007][2026-05-10T02:03:33] Opening the package for processing
[18d4:0007][2026-05-10T02:03:33] Using package payload to get the embedded manifest
[18d4:0007][2026-05-10T02:03:33] Getting list of files within the package
[18d4:0007][2026-05-10T02:03:33] Processing file /Contents/Common7/IDE/CommonExtensions/Platform/MefHosting/Microsoft.VisualStudio.ComponentModelHost.dll
[18d4:0007][2026-05-10T02:03:33] Started: Copying file /Contents/Common7/IDE/CommonExtensions/Platform/MefHosting/Microsoft.VisualStudio.ComponentModelHost.dll to D:\Program Files (x86)\Microsoft Visual Studio\2022\BuildTools\Common7\IDE\CommonExtensions\Platform\MefHosting\Microsoft.VisualStudio.ComponentModelHost.dll
[18d4:0007][2026-05-10T02:03:33] Completed: Copying file /Contents/Common7/IDE/CommonExtensions/Platform/MefHosting/Microsoft.VisualStudio.ComponentModelHost.dll to D:\Program Files (x86)\Microsoft Visual Studio\2022\BuildTools\Common7\IDE\CommonExtensions\Platform\MefHosting\Microsoft.VisualStudio.ComponentModelHost.dll
[18d4:0007][2026-05-10T02:03:33] Timestamp updated for file 'D:\Program Files (x86)\Microsoft Visual Studio\2022\BuildTools\Common7\IDE\CommonExtensions\Platform\MefHosting\Microsoft.VisualStudio.ComponentModelHost.dll'.
[18d4:0007][2026-05-10T02:03:33] Queueing D:\Program Files (x86)\Microsoft Visual Studio\2022\BuildTools\Common7\IDE\CommonExtensions\Platform\MefHosting\Microsoft.VisualStudio.ComponentModelHost.dll for X86 ngen
[18d4:0007][2026-05-10T02:03:33] Successfully queued file '/Contents/Common7/IDE/CommonExtensions/Platform/MefHosting/Microsoft.VisualStudio.ComponentModelHost.dll' for ngen
[18d4:0007][2026-05-10T02:03:33] Processing file /Contents/Common7/IDE/CommonExtensions/Platform/MefHosting/Microsoft.VisualStudio.ComponentModelHost.Implementation.dll
[18d4:0007][2026-05-10T02:03:33] Started: Copying file /Contents/Common7/IDE/CommonExtensions/Platform/MefHosting/Microsoft.VisualStudio.ComponentModelHost.Implementation.dll to D:\Program Files (x86)\Microsoft Visual Studio\2022\BuildTools\Common7\IDE\CommonExtensions\Platform\MefHosting\Microsoft.VisualStudio.ComponentModelHost.Implementation.dll
[18d4:0007][2026-05-10T02:03:33] Completed: Copying file /Contents/Common7/IDE/CommonExtensions/Platform/MefHosting/Microsoft.VisualStudio.ComponentModelHost.Implementation.dll to D:\Program Files (x86)\Microsoft Visual Studio\2022\BuildTools\Common7\IDE\CommonExtensions\Platform\MefHosting\Microsoft.VisualStudio.ComponentModelHost.Implementation.dll
[18d4:0007][2026-05-10T02:03:33] Timestamp updated for file 'D:\Program Files (x86)\Microsoft Visual Studio\2022\BuildTools\Common7\IDE\CommonExtensions\Platform\MefHosting\Microsoft.VisualStudio.ComponentModelHost.Implementation.dll'.
[18d4:0007][2026-05-10T02:03:33] Queueing D:\Program Files (x86)\Microsoft Visual Studio\2022\BuildTools\Common7\IDE\CommonExtensions\Platform\MefHosting\Microsoft.VisualStudio.ComponentModelHost.Implementation.dll for X86 ngen
[18d4:0007][2026-05-10T02:03:33] Successfully queued file '/Contents/Common7/IDE/CommonExtensions/Platform/MefHosting/Microsoft.VisualStudio.ComponentModelHost.Implementation.dll' for ngen
[18d4:0007][2026-05-10T02:03:33] Processing file /Contents/Common7/IDE/CommonExtensions/Platform/MefHosting/Microsoft.VisualStudio.ComponentModelHost.Implementation.pkgdef
[18d4:0007][2026-05-10T02:03:33] Started: Copying file /Contents/Common7/IDE/CommonExtensions/Platform/MefHosting/Microsoft.VisualStudio.ComponentModelHost.Implementation.pkgdef to D:\Program Files (x86)\Microsoft Visual Studio\2022\BuildTools\Common7\IDE\CommonExtensions\Platform\MefHosting\Microsoft.VisualStudio.ComponentModelHost.Implementation.pkgdef
[18d4:0007][2026-05-10T02:03:33] Completed: Copying file /Contents/Common7/IDE/CommonExtensions/Platform/MefHosting/Microsoft.VisualStudio.ComponentModelHost.Implementation.pkgdef to D:\Program Files (x86)\Microsoft Visual Studio\2022\BuildTools\Common7\IDE\CommonExtensions\Platform\MefHosting\Microsoft.VisualStudio.ComponentModelHost.Implementation.pkgdef
[18d4:0007][2026-05-10T02:03:33] Timestamp updated for file 'D:\Program Files (x86)\Microsoft Visual Studio\2022\BuildTools\Common7\IDE\CommonExtensions\Platform\MefHosting\Microsoft.VisualStudio.ComponentModelHost.Implementation.pkgdef'.
[18d4:0007][2026-05-10T02:03:33] Processing file /Contents/Common7/IDE/CommonExtensions/Platform/MefHosting/Microsoft.VisualStudio.ExtensibilityHosting.dll
[18d4:0007][2026-05-10T02:03:33] Started: Copying file /Contents/Common7/IDE/CommonExtensions/Platform/MefHosting/Microsoft.VisualStudio.ExtensibilityHosting.dll to D:\Program Files (x86)\Microsoft Visual Studio\2022\BuildTools\Common7\IDE\CommonExtensions\Platform\MefHosting\Microsoft.VisualStudio.ExtensibilityHosting.dll
[18d4:0007][2026-05-10T02:03:33] Completed: Copying file /Contents/Common7/IDE/CommonExtensions/Platform/MefHosting/Microsoft.VisualStudio.ExtensibilityHosting.dll to D:\Program Files (x86)\Microsoft Visual Studio\2022\BuildTools\Common7\IDE\CommonExtensions\Platform\MefHosting\Microsoft.VisualStudio.ExtensibilityHosting.dll
[18d4:0007][2026-05-10T02:03:33] Timestamp updated for file 'D:\Program Files (x86)\Microsoft Visual Studio\2022\BuildTools\Common7\IDE\CommonExtensions\Platform\MefHosting\Microsoft.VisualStudio.ExtensibilityHosting.dll'.
[18d4:0007][2026-05-10T02:03:33] Queueing D:\Program Files (x86)\Microsoft Visual Studio\2022\BuildTools\Common7\IDE\CommonExtensions\Platform\MefHosting\Microsoft.VisualStudio.ExtensibilityHosting.dll for X86 ngen
[18d4:0007][2026-05-10T02:03:33] Successfully queued file '/Contents/Common7/IDE/CommonExtensions/Platform/MefHosting/Microsoft.VisualStudio.ExtensibilityHosting.dll' for ngen
[18d4:0007][2026-05-10T02:03:33] Processing file /Contents/Common7/IDE/CommonExtensions/Platform/MefHosting/extension.vsixmanifest
[18d4:0007][2026-05-10T02:03:33] Started: Copying file /Contents/Common7/IDE/CommonExtensions/Platform/MefHosting/extension.vsixmanifest to D:\Program Files (x86)\Microsoft Visual Studio\2022\BuildTools\Common7\IDE\CommonExtensions\Platform\MefHosting\extension.vsixmanifest
[18d4:0007][2026-05-10T02:03:33] Completed: Copying file /Contents/Common7/IDE/CommonExtensions/Platform/MefHosting/extension.vsixmanifest to D:\Program Files (x86)\Microsoft Visual Studio\2022\BuildTools\Common7\IDE\CommonExtensions\Platform\MefHosting\extension.vsixmanifest
[18d4:0007][2026-05-10T02:03:33] Timestamp updated for file 'D:\Program Files (x86)\Microsoft Visual Studio\2022\BuildTools\Common7\IDE\CommonExtensions\Platform\MefHosting\extension.vsixmanifest'.
[18d4:0007][2026-05-10T02:03:33] Package executed successfully. Return code: 0
