[3c7c:000c][2026-05-10T01:36:02] Opening the package for processing
[3c7c:000c][2026-05-10T01:36:02] Using package payload to get the embedded manifest
[3c7c:000c][2026-05-10T01:36:02] Getting list of files within the package
[3c7c:000c][2026-05-10T01:36:02] Processing file /Contents/Common7/IDE/Extensions/Microsoft/VsGraphics/Assets/Images/mreCone.bmp
[3c7c:000c][2026-05-10T01:36:02] Started: Copying file /Contents/Common7/IDE/Extensions/Microsoft/VsGraphics/Assets/Images/mreCone.bmp to C:\Program Files (x86)\Microsoft Visual Studio\2022\BuildTools\Common7\IDE\Extensions\Microsoft\VsGraphics\Assets\Images\mreCone.bmp
[3c7c:000c][2026-05-10T01:36:02] Completed: Copying file /Contents/Common7/IDE/Extensions/Microsoft/VsGraphics/Assets/Images/mreCone.bmp to C:\Program Files (x86)\Microsoft Visual Studio\2022\BuildTools\Common7\IDE\Extensions\Microsoft\VsGraphics\Assets\Images\mreCone.bmp
[3c7c:000c][2026-05-10T01:36:02] Timestamp updated for file 'C:\Program Files (x86)\Microsoft Visual Studio\2022\BuildTools\Common7\IDE\Extensions\Microsoft\VsGraphics\Assets\Images\mreCone.bmp'.
[3c7c:000c][2026-05-10T01:36:02] Processing file /Contents/Common7/IDE/Extensions/Microsoft/VsGraphics/Assets/Images/mreCube.bmp
[3c7c:000c][2026-05-10T01:36:02] Started: Copying file /Contents/Common7/IDE/Extensions/Microsoft/VsGraphics/Assets/Images/mreCube.bmp to C:\Program Files (x86)\Microsoft Visual Studio\2022\BuildTools\Common7\IDE\Extensions\Microsoft\VsGraphics\Assets\Images\mreCube.bmp
[3c7c:000c][2026-05-10T01:36:02] Completed: Copying file /Contents/Common7/IDE/Extensions/Microsoft/VsGraphics/Assets/Images/mreCube.bmp to C:\Program Files (x86)\Microsoft Visual Studio\2022\BuildTools\Common7\IDE\Extensions\Microsoft\VsGraphics\Assets\Images\mreCube.bmp
[3c7c:000c][2026-05-10T01:36:02] Timestamp updated for file 'C:\Program Files (x86)\Microsoft Visual Studio\2022\BuildTools\Common7\IDE\Extensions\Microsoft\VsGraphics\Assets\Images\mreCube.bmp'.
[3c7c:000c][2026-05-10T01:36:02] Processing file /Contents/Common7/IDE/Extensions/Microsoft/VsGraphics/Assets/Images/mreCylinder.bmp
[3c7c:000c][2026-05-10T01:36:02] Started: Copying file /Contents/Common7/IDE/Extensions/Microsoft/VsGraphics/Assets/Images/mreCylinder.bmp to C:\Program Files (x86)\Microsoft Visual Studio\2022\BuildTools\Common7\IDE\Extensions\Microsoft\VsGraphics\Assets\Images\mreCylinder.bmp
[3c7c:000c][2026-05-10T01:36:02] Completed: Copying file /Contents/Common7/IDE/Extensions/Microsoft/VsGraphics/Assets/Images/mreCylinder.bmp to C:\Program Files (x86)\Microsoft Visual Studio\2022\BuildTools\Common7\IDE\Extensions\Microsoft\VsGraphics\Assets\Images\mreCylinder.bmp
[3c7c:000c][2026-05-10T01:36:02] Timestamp updated for file 'C:\Program Files (x86)\Microsoft Visual Studio\2022\BuildTools\Common7\IDE\Extensions\Microsoft\VsGraphics\Assets\Images\mreCylinder.bmp'.
[3c7c:000c][2026-05-10T01:36:02] Processing file /Contents/Common7/IDE/Extensions/Microsoft/VsGraphics/Assets/Images/mreDisc.bmp
[3c7c:000c][2026-05-10T01:36:02] Started: Copying file /Contents/Common7/IDE/Extensions/Microsoft/VsGraphics/Assets/Images/mreDisc.bmp to C:\Program Files (x86)\Microsoft Visual Studio\2022\BuildTools\Common7\IDE\Extensions\Microsoft\VsGraphics\Assets\Images\mreDisc.bmp
[3c7c:000c][2026-05-10T01:36:02] Completed: Copying file /Contents/Common7/IDE/Extensions/Microsoft/VsGraphics/Assets/Images/mreDisc.bmp to C:\Program Files (x86)\Microsoft Visual Studio\2022\BuildTools\Common7\IDE\Extensions\Microsoft\VsGraphics\Assets\Images\mreDisc.bmp
[3c7c:000c][2026-05-10T01:36:02] Timestamp updated for file 'C:\Program Files (x86)\Microsoft Visual Studio\2022\BuildTools\Common7\IDE\Extensions\Microsoft\VsGraphics\Assets\Images\mreDisc.bmp'.
[3c7c:000c][2026-05-10T01:36:02] Processing file /Contents/Common7/IDE/Extensions/Microsoft/VsGraphics/Assets/Images/mrePlane.bmp
[3c7c:000c][2026-05-10T01:36:02] Started: Copying file /Contents/Common7/IDE/Extensions/Microsoft/VsGraphics/Assets/Images/mrePlane.bmp to C:\Program Files (x86)\Microsoft Visual Studio\2022\BuildTools\Common7\IDE\Extensions\Microsoft\VsGraphics\Assets\Images\mrePlane.bmp
[3c7c:000c][2026-05-10T01:36:02] Completed: Copying file /Contents/Common7/IDE/Extensions/Microsoft/VsGraphics/Assets/Images/mrePlane.bmp to C:\Program Files (x86)\Microsoft Visual Studio\2022\BuildTools\Common7\IDE\Extensions\Microsoft\VsGraphics\Assets\Images\mrePlane.bmp
[3c7c:000c][2026-05-10T01:36:02] Timestamp updated for file 'C:\Program Files (x86)\Microsoft Visual Studio\2022\BuildTools\Common7\IDE\Extensions\Microsoft\VsGraphics\Assets\Images\mrePlane.bmp'.
[3c7c:000c][2026-05-10T01:36:02] Processing file /Contents/Common7/IDE/Extensions/Microsoft/VsGraphics/Assets/Images/mreSphere.bmp
[3c7c:000c][2026-05-10T01:36:02] Started: Copying file /Contents/Common7/IDE/Extensions/Microsoft/VsGraphics/Assets/Images/mreSphere.bmp to C:\Program Files (x86)\Microsoft Visual Studio\2022\BuildTools\Common7\IDE\Extensions\Microsoft\VsGraphics\Assets\Images\mreSphere.bmp
[3c7c:000c][2026-05-10T01:36:02] Completed: Copying file /Contents/Common7/IDE/Extensions/Microsoft/VsGraphics/Assets/Images/mreSphere.bmp to C:\Program Files (x86)\Microsoft Visual Studio\2022\BuildTools\Common7\IDE\Extensions\Microsoft\VsGraphics\Assets\Images\mreSphere.bmp
[3c7c:000c][2026-05-10T01:36:02] Timestamp updated for file 'C:\Program Files (x86)\Microsoft Visual Studio\2022\BuildTools\Common7\IDE\Extensions\Microsoft\VsGraphics\Assets\Images\mreSphere.bmp'.
[3c7c:000c][2026-05-10T01:36:02] Processing file /Contents/Common7/IDE/Extensions/Microsoft/VsGraphics/Assets/Images/mreTeapot.bmp
[3c7c:000c][2026-05-10T01:36:02] Started: Copying file /Contents/Common7/IDE/Extensions/Microsoft/VsGraphics/Assets/Images/mreTeapot.bmp to C:\Program Files (x86)\Microsoft Visual Studio\2022\BuildTools\Common7\IDE\Extensions\Microsoft\VsGraphics\Assets\Images\mreTeapot.bmp
[3c7c:000c][2026-05-10T01:36:02] Completed: Copying file /Contents/Common7/IDE/Extensions/Microsoft/VsGraphics/Assets/Images/mreTeapot.bmp to C:\Program Files (x86)\Microsoft Visual Studio\2022\BuildTools\Common7\IDE\Extensions\Microsoft\VsGraphics\Assets\Images\mreTeapot.bmp
[3c7c:000c][2026-05-10T01:36:02] Timestamp updated for file 'C:\Program Files (x86)\Microsoft Visual Studio\2022\BuildTools\Common7\IDE\Extensions\Microsoft\VsGraphics\Assets\Images\mreTeapot.bmp'.
[3c7c:000c][2026-05-10T01:36:02] Processing file /Contents/Common7/IDE/Extensions/Microsoft/VsGraphics/Assets/Images/shaderLambert.bmp
[3c7c:000c][2026-05-10T01:36:02] Started: Copying file /Contents/Common7/IDE/Extensions/Microsoft/VsGraphics/Assets/Images/shaderLambert.bmp to C:\Program Files (x86)\Microsoft Visual Studio\2022\BuildTools\Common7\IDE\Extensions\Microsoft\VsGraphics\Assets\Images\shaderLambert.bmp
[3c7c:000c][2026-05-10T01:36:02] Completed: Copying file /Contents/Common7/IDE/Extensions/Microsoft/VsGraphics/Assets/Images/shaderLambert.bmp to C:\Program Files (x86)\Microsoft Visual Studio\2022\BuildTools\Common7\IDE\Extensions\Microsoft\VsGraphics\Assets\Images\shaderLambert.bmp
[3c7c:000c][2026-05-10T01:36:02] Timestamp updated for file 'C:\Program Files (x86)\Microsoft Visual Studio\2022\BuildTools\Common7\IDE\Extensions\Microsoft\VsGraphics\Assets\Images\shaderLambert.bmp'.
[3c7c:000c][2026-05-10T01:36:02] Processing file /Contents/Common7/IDE/Extensions/Microsoft/VsGraphics/Assets/Images/shaderOthers.bmp
[3c7c:000c][2026-05-10T01:36:02] Started: Copying file /Contents/Common7/IDE/Extensions/Microsoft/VsGraphics/Assets/Images/shaderOthers.bmp to C:\Program Files (x86)\Microsoft Visual Studio\2022\BuildTools\Common7\IDE\Extensions\Microsoft\VsGraphics\Assets\Images\shaderOthers.bmp
[3c7c:000c][2026-05-10T01:36:02] Completed: Copying file /Contents/Common7/IDE/Extensions/Microsoft/VsGraphics/Assets/Images/shaderOthers.bmp to C:\Program Files (x86)\Microsoft Visual Studio\2022\BuildTools\Common7\IDE\Extensions\Microsoft\VsGraphics\Assets\Images\shaderOthers.bmp
[3c7c:000c][2026-05-10T01:36:02] Timestamp updated for file 'C:\Program Files (x86)\Microsoft Visual Studio\2022\BuildTools\Common7\IDE\Extensions\Microsoft\VsGraphics\Assets\Images\shaderOthers.bmp'.
[3c7c:000c][2026-05-10T01:36:02] Processing file /Contents/Common7/IDE/Extensions/Microsoft/VsGraphics/Assets/Images/shaderPhong.bmp
[3c7c:000c][2026-05-10T01:36:02] Started: Copying file /Contents/Common7/IDE/Extensions/Microsoft/VsGraphics/Assets/Images/shaderPhong.bmp to C:\Program Files (x86)\Microsoft Visual Studio\2022\BuildTools\Common7\IDE\Extensions\Microsoft\VsGraphics\Assets\Images\shaderPhong.bmp
[3c7c:000c][2026-05-10T01:36:02] Completed: Copying file /Contents/Common7/IDE/Extensions/Microsoft/VsGraphics/Assets/Images/shaderPhong.bmp to C:\Program Files (x86)\Microsoft Visual Studio\2022\BuildTools\Common7\IDE\Extensions\Microsoft\VsGraphics\Assets\Images\shaderPhong.bmp
[3c7c:000c][2026-05-10T01:36:02] Timestamp updated for file 'C:\Program Files (x86)\Microsoft Visual Studio\2022\BuildTools\Common7\IDE\Extensions\Microsoft\VsGraphics\Assets\Images\shaderPhong.bmp'.
[3c7c:000c][2026-05-10T01:36:02] Processing file /Contents/Common7/IDE/Extensions/Microsoft/VsGraphics/Assets/Images/shaderUnlit.bmp
[3c7c:000c][2026-05-10T01:36:02] Started: Copying file /Contents/Common7/IDE/Extensions/Microsoft/VsGraphics/Assets/Images/shaderUnlit.bmp to C:\Program Files (x86)\Microsoft Visual Studio\2022\BuildTools\Common7\IDE\Extensions\Microsoft\VsGraphics\Assets\Images\shaderUnlit.bmp
[3c7c:000c][2026-05-10T01:36:02] Completed: Copying file /Contents/Common7/IDE/Extensions/Microsoft/VsGraphics/Assets/Images/shaderUnlit.bmp to C:\Program Files (x86)\Microsoft Visual Studio\2022\BuildTools\Common7\IDE\Extensions\Microsoft\VsGraphics\Assets\Images\shaderUnlit.bmp
[3c7c:000c][2026-05-10T01:36:02] Timestamp updated for file 'C:\Program Files (x86)\Microsoft Visual Studio\2022\BuildTools\Common7\IDE\Extensions\Microsoft\VsGraphics\Assets\Images\shaderUnlit.bmp'.
[3c7c:000c][2026-05-10T01:36:02] Processing file /Contents/Common7/IDE/Extensions/Microsoft/VsGraphics/TemplateDefaults/defaultfile.bmp
[3c7c:000c][2026-05-10T01:36:02] Started: Copying file /Contents/Common7/IDE/Extensions/Microsoft/VsGraphics/TemplateDefaults/defaultfile.bmp to C:\Program Files (x86)\Microsoft Visual Studio\2022\BuildTools\Common7\IDE\Extensions\Microsoft\VsGraphics\TemplateDefaults\defaultfile.bmp
[3c7c:000c][2026-05-10T01:36:02] Completed: Copying file /Contents/Common7/IDE/Extensions/Microsoft/VsGraphics/TemplateDefaults/defaultfile.bmp to C:\Program Files (x86)\Microsoft Visual Studio\2022\BuildTools\Common7\IDE\Extensions\Microsoft\VsGraphics\TemplateDefaults\defaultfile.bmp
[3c7c:000c][2026-05-10T01:36:02] Timestamp updated for file 'C:\Program Files (x86)\Microsoft Visual Studio\2022\BuildTools\Common7\IDE\Extensions\Microsoft\VsGraphics\TemplateDefaults\defaultfile.bmp'.
[3c7c:000c][2026-05-10T01:36:02] Processing file /Contents/Common7/IDE/Extensions/Microsoft/VsGraphics/TemplateDefaults/defaultfile.dds
[3c7c:000c][2026-05-10T01:36:02] Started: Copying file /Contents/Common7/IDE/Extensions/Microsoft/VsGraphics/TemplateDefaults/defaultfile.dds to C:\Program Files (x86)\Microsoft Visual Studio\2022\BuildTools\Common7\IDE\Extensions\Microsoft\VsGraphics\TemplateDefaults\defaultfile.dds
[3c7c:000c][2026-05-10T01:36:02] Completed: Copying file /Contents/Common7/IDE/Extensions/Microsoft/VsGraphics/TemplateDefaults/defaultfile.dds to C:\Program Files (x86)\Microsoft Visual Studio\2022\BuildTools\Common7\IDE\Extensions\Microsoft\VsGraphics\TemplateDefaults\defaultfile.dds
[3c7c:000c][2026-05-10T01:36:02] Timestamp updated for file 'C:\Program Files (x86)\Microsoft Visual Studio\2022\BuildTools\Common7\IDE\Extensions\Microsoft\VsGraphics\TemplateDefaults\defaultfile.dds'.
[3c7c:000c][2026-05-10T01:36:02] Processing file /Contents/Common7/IDE/Extensions/Microsoft/VsGraphics/TemplateDefaults/defaultfile.dgsl
[3c7c:000c][2026-05-10T01:36:02] Started: Copying file /Contents/Common7/IDE/Extensions/Microsoft/VsGraphics/TemplateDefaults/defaultfile.dgsl to C:\Program Files (x86)\Microsoft Visual Studio\2022\BuildTools\Common7\IDE\Extensions\Microsoft\VsGraphics\TemplateDefaults\defaultfile.dgsl
[3c7c:000c][2026-05-10T01:36:02] Completed: Copying file /Contents/Common7/IDE/Extensions/Microsoft/VsGraphics/TemplateDefaults/defaultfile.dgsl to C:\Program Files (x86)\Microsoft Visual Studio\2022\BuildTools\Common7\IDE\Extensions\Microsoft\VsGraphics\TemplateDefaults\defaultfile.dgsl
[3c7c:000c][2026-05-10T01:36:02] Timestamp updated for file 'C:\Program Files (x86)\Microsoft Visual Studio\2022\BuildTools\Common7\IDE\Extensions\Microsoft\VsGraphics\TemplateDefaults\defaultfile.dgsl'.
[3c7c:000c][2026-05-10T01:36:02] Processing file /Contents/Common7/IDE/Extensions/Microsoft/VsGraphics/TemplateDefaults/defaultfile.gif
[3c7c:000c][2026-05-10T01:36:02] Started: Copying file /Contents/Common7/IDE/Extensions/Microsoft/VsGraphics/TemplateDefaults/defaultfile.gif to C:\Program Files (x86)\Microsoft Visual Studio\2022\BuildTools\Common7\IDE\Extensions\Microsoft\VsGraphics\TemplateDefaults\defaultfile.gif
[3c7c:000c][2026-05-10T01:36:02] Completed: Copying file /Contents/Common7/IDE/Extensions/Microsoft/VsGraphics/TemplateDefaults/defaultfile.gif to C:\Program Files (x86)\Microsoft Visual Studio\2022\BuildTools\Common7\IDE\Extensions\Microsoft\VsGraphics\TemplateDefaults\defaultfile.gif
[3c7c:000c][2026-05-10T01:36:02] Timestamp updated for file 'C:\Program Files (x86)\Microsoft Visual Studio\2022\BuildTools\Common7\IDE\Extensions\Microsoft\VsGraphics\TemplateDefaults\defaultfile.gif'.
[3c7c:000c][2026-05-10T01:36:02] Processing file /Contents/Common7/IDE/Extensions/Microsoft/VsGraphics/TemplateDefaults/defaultfile.jpg
[3c7c:000c][2026-05-10T01:36:02] Started: Copying file /Contents/Common7/IDE/Extensions/Microsoft/VsGraphics/TemplateDefaults/defaultfile.jpg to C:\Program Files (x86)\Microsoft Visual Studio\2022\BuildTools\Common7\IDE\Extensions\Microsoft\VsGraphics\TemplateDefaults\defaultfile.jpg
[3c7c:000c][2026-05-10T01:36:02] Completed: Copying file /Contents/Common7/IDE/Extensions/Microsoft/VsGraphics/TemplateDefaults/defaultfile.jpg to C:\Program Files (x86)\Microsoft Visual Studio\2022\BuildTools\Common7\IDE\Extensions\Microsoft\VsGraphics\TemplateDefaults\defaultfile.jpg
[3c7c:000c][2026-05-10T01:36:02] Timestamp updated for file 'C:\Program Files (x86)\Microsoft Visual Studio\2022\BuildTools\Common7\IDE\Extensions\Microsoft\VsGraphics\TemplateDefaults\defaultfile.jpg'.
[3c7c:000c][2026-05-10T01:36:02] Processing file /Contents/Common7/IDE/Extensions/Microsoft/VsGraphics/TemplateDefaults/defaultfile.obj
[3c7c:000c][2026-05-10T01:36:02] Started: Copying file /Contents/Common7/IDE/Extensions/Microsoft/VsGraphics/TemplateDefaults/defaultfile.obj to C:\Program Files (x86)\Microsoft Visual Studio\2022\BuildTools\Common7\IDE\Extensions\Microsoft\VsGraphics\TemplateDefaults\defaultfile.obj
[3c7c:000c][2026-05-10T01:36:02] Completed: Copying file /Contents/Common7/IDE/Extensions/Microsoft/VsGraphics/TemplateDefaults/defaultfile.obj to C:\Program Files (x86)\Microsoft Visual Studio\2022\BuildTools\Common7\IDE\Extensions\Microsoft\VsGraphics\TemplateDefaults\defaultfile.obj
[3c7c:000c][2026-05-10T01:36:02] Timestamp updated for file 'C:\Program Files (x86)\Microsoft Visual Studio\2022\BuildTools\Common7\IDE\Extensions\Microsoft\VsGraphics\TemplateDefaults\defaultfile.obj'.
[3c7c:000c][2026-05-10T01:36:02] Processing file /Contents/Common7/IDE/Extensions/Microsoft/VsGraphics/TemplateDefaults/defaultfile.png
[3c7c:000c][2026-05-10T01:36:02] Started: Copying file /Contents/Common7/IDE/Extensions/Microsoft/VsGraphics/TemplateDefaults/defaultfile.png to C:\Program Files (x86)\Microsoft Visual Studio\2022\BuildTools\Common7\IDE\Extensions\Microsoft\VsGraphics\TemplateDefaults\defaultfile.png
[3c7c:000c][2026-05-10T01:36:02] Completed: Copying file /Contents/Common7/IDE/Extensions/Microsoft/VsGraphics/TemplateDefaults/defaultfile.png to C:\Program Files (x86)\Microsoft Visual Studio\2022\BuildTools\Common7\IDE\Extensions\Microsoft\VsGraphics\TemplateDefaults\defaultfile.png
[3c7c:000c][2026-05-10T01:36:02] Timestamp updated for file 'C:\Program Files (x86)\Microsoft Visual Studio\2022\BuildTools\Common7\IDE\Extensions\Microsoft\VsGraphics\TemplateDefaults\defaultfile.png'.
[3c7c:000c][2026-05-10T01:36:02] Processing file /Contents/Common7/IDE/Extensions/Microsoft/VsGraphics/TemplateDefaults/defaultfile.tga
[3c7c:000c][2026-05-10T01:36:02] Started: Copying file /Contents/Common7/IDE/Extensions/Microsoft/VsGraphics/TemplateDefaults/defaultfile.tga to C:\Program Files (x86)\Microsoft Visual Studio\2022\BuildTools\Common7\IDE\Extensions\Microsoft\VsGraphics\TemplateDefaults\defaultfile.tga
[3c7c:000c][2026-05-10T01:36:02] Completed: Copying file /Contents/Common7/IDE/Extensions/Microsoft/VsGraphics/TemplateDefaults/defaultfile.tga to C:\Program Files (x86)\Microsoft Visual Studio\2022\BuildTools\Common7\IDE\Extensions\Microsoft\VsGraphics\TemplateDefaults\defaultfile.tga
[3c7c:000c][2026-05-10T01:36:02] Timestamp updated for file 'C:\Program Files (x86)\Microsoft Visual Studio\2022\BuildTools\Common7\IDE\Extensions\Microsoft\VsGraphics\TemplateDefaults\defaultfile.tga'.
[3c7c:000c][2026-05-10T01:36:02] Processing file /Contents/Common7/IDE/Extensions/Microsoft/VsGraphics/TemplateDefaults/defaultfile.tif
[3c7c:000c][2026-05-10T01:36:02] Started: Copying file /Contents/Common7/IDE/Extensions/Microsoft/VsGraphics/TemplateDefaults/defaultfile.tif to C:\Program Files (x86)\Microsoft Visual Studio\2022\BuildTools\Common7\IDE\Extensions\Microsoft\VsGraphics\TemplateDefaults\defaultfile.tif
[3c7c:000c][2026-05-10T01:36:02] Completed: Copying file /Contents/Common7/IDE/Extensions/Microsoft/VsGraphics/TemplateDefaults/defaultfile.tif to C:\Program Files (x86)\Microsoft Visual Studio\2022\BuildTools\Common7\IDE\Extensions\Microsoft\VsGraphics\TemplateDefaults\defaultfile.tif
[3c7c:000c][2026-05-10T01:36:02] Timestamp updated for file 'C:\Program Files (x86)\Microsoft Visual Studio\2022\BuildTools\Common7\IDE\Extensions\Microsoft\VsGraphics\TemplateDefaults\defaultfile.tif'.
[3c7c:000c][2026-05-10T01:36:02] Processing file /Contents/Common7/IDE/Extensions/Microsoft/VsGraphics/Templates/addnewitems.vsdir
[3c7c:000c][2026-05-10T01:36:02] Started: Copying file /Contents/Common7/IDE/Extensions/Microsoft/VsGraphics/Templates/addnewitems.vsdir to C:\Program Files (x86)\Microsoft Visual Studio\2022\BuildTools\Common7\IDE\Extensions\Microsoft\VsGraphics\Templates\addnewitems.vsdir
[3c7c:000c][2026-05-10T01:36:02] Completed: Copying file /Contents/Common7/IDE/Extensions/Microsoft/VsGraphics/Templates/addnewitems.vsdir to C:\Program Files (x86)\Microsoft Visual Studio\2022\BuildTools\Common7\IDE\Extensions\Microsoft\VsGraphics\Templates\addnewitems.vsdir
[3c7c:000c][2026-05-10T01:36:02] Timestamp updated for file 'C:\Program Files (x86)\Microsoft Visual Studio\2022\BuildTools\Common7\IDE\Extensions\Microsoft\VsGraphics\Templates\addnewitems.vsdir'.
[3c7c:000c][2026-05-10T01:36:02] Processing file /Contents/Common7/IDE/VCGraphicsWizard.dll
[3c7c:000c][2026-05-10T01:36:02] Started: Copying file /Contents/Common7/IDE/VCGraphicsWizard.dll to C:\Program Files (x86)\Microsoft Visual Studio\2022\BuildTools\Common7\IDE\VCGraphicsWizard.dll
[3c7c:000c][2026-05-10T01:36:02] Completed: Copying file /Contents/Common7/IDE/VCGraphicsWizard.dll to C:\Program Files (x86)\Microsoft Visual Studio\2022\BuildTools\Common7\IDE\VCGraphicsWizard.dll
[3c7c:000c][2026-05-10T01:36:02] Timestamp updated for file 'C:\Program Files (x86)\Microsoft Visual Studio\2022\BuildTools\Common7\IDE\VCGraphicsWizard.dll'.
[3c7c:000c][2026-05-10T01:36:02] Package executed successfully. Return code: 0
