[da4c:0007][2026-05-10T00:49:38] Opening the package for processing
[da4c:0007][2026-05-10T00:49:38] Using package payload to get the embedded manifest
[da4c:0007][2026-05-10T00:49:38] Getting list of files within the package
[da4c:0007][2026-05-10T00:49:38] Processing file /Contents/Msbuild/Microsoft/VC/v170/Platforms/ARM/Platform.Common.props
[da4c:0007][2026-05-10T00:49:38] Started: Copying file /Contents/Msbuild/Microsoft/VC/v170/Platforms/ARM/Platform.Common.props to D:\Program\Msbuild\Microsoft\VC\v170\Platforms\ARM\Platform.Common.props
[da4c:0007][2026-05-10T00:49:38] Completed: Copying file /Contents/Msbuild/Microsoft/VC/v170/Platforms/ARM/Platform.Common.props to D:\Program\Msbuild\Microsoft\VC\v170\Platforms\ARM\Platform.Common.props
[da4c:0007][2026-05-10T00:49:38] Timestamp updated for file 'D:\Program\Msbuild\Microsoft\VC\v170\Platforms\ARM\Platform.Common.props'.
[da4c:0007][2026-05-10T00:49:38] Processing file /Contents/Msbuild/Microsoft/VC/v170/Platforms/ARM/Platform.Default.props
[da4c:0007][2026-05-10T00:49:38] Started: Copying file /Contents/Msbuild/Microsoft/VC/v170/Platforms/ARM/Platform.Default.props to D:\Program\Msbuild\Microsoft\VC\v170\Platforms\ARM\Platform.Default.props
[da4c:0007][2026-05-10T00:49:38] Completed: Copying file /Contents/Msbuild/Microsoft/VC/v170/Platforms/ARM/Platform.Default.props to D:\Program\Msbuild\Microsoft\VC\v170\Platforms\ARM\Platform.Default.props
[da4c:0007][2026-05-10T00:49:38] Timestamp updated for file 'D:\Program\Msbuild\Microsoft\VC\v170\Platforms\ARM\Platform.Default.props'.
[da4c:0007][2026-05-10T00:49:38] Processing file /Contents/Msbuild/Microsoft/VC/v170/Platforms/ARM/Platform.props
[da4c:0007][2026-05-10T00:49:38] Started: Copying file /Contents/Msbuild/Microsoft/VC/v170/Platforms/ARM/Platform.props to D:\Program\Msbuild\Microsoft\VC\v170\Platforms\ARM\Platform.props
[da4c:0007][2026-05-10T00:49:38] Completed: Copying file /Contents/Msbuild/Microsoft/VC/v170/Platforms/ARM/Platform.props to D:\Program\Msbuild\Microsoft\VC\v170\Platforms\ARM\Platform.props
[da4c:0007][2026-05-10T00:49:38] Timestamp updated for file 'D:\Program\Msbuild\Microsoft\VC\v170\Platforms\ARM\Platform.props'.
[da4c:0007][2026-05-10T00:49:38] Processing file /Contents/Msbuild/Microsoft/VC/v170/Platforms/ARM/Platform.targets
[da4c:0007][2026-05-10T00:49:38] Started: Copying file /Contents/Msbuild/Microsoft/VC/v170/Platforms/ARM/Platform.targets to D:\Program\Msbuild\Microsoft\VC\v170\Platforms\ARM\Platform.targets
[da4c:0007][2026-05-10T00:49:38] Completed: Copying file /Contents/Msbuild/Microsoft/VC/v170/Platforms/ARM/Platform.targets to D:\Program\Msbuild\Microsoft\VC\v170\Platforms\ARM\Platform.targets
[da4c:0007][2026-05-10T00:49:38] Timestamp updated for file 'D:\Program\Msbuild\Microsoft\VC\v170\Platforms\ARM\Platform.targets'.
[da4c:0007][2026-05-10T00:49:38] Package executed successfully. Return code: 0
