[bd94:0009][2026-05-10T01:00:52] Using cached package manifest as the embedded manifest
[bd94:0009][2026-05-10T01:00:52] Processing file /Contents/Common7/IDE/CommonExtensions/Platform/Debugger/msvsmon_x86.pkgdef
[bd94:0009][2026-05-10T01:00:52] D:\Program\Common7\IDE\CommonExtensions\Platform\Debugger\msvsmon_x86.pkgdef file deleted.
[bd94:0009][2026-05-10T01:00:52] Processing file /Contents/Common7/IDE/Remote Debugger/Appx/AppxDebug.dll
[bd94:0009][2026-05-10T01:00:52] D:\Program\Common7\IDE\Remote Debugger\Appx\AppxDebug.dll file deleted.
[bd94:0009][2026-05-10T01:00:52] Processing file /Contents/Common7/IDE/Remote Debugger/Appx/AppxDebugSysTray.exe
[bd94:0009][2026-05-10T01:00:52] D:\Program\Common7\IDE\Remote Debugger\Appx\AppxDebugSysTray.exe file deleted.
[bd94:0009][2026-05-10T01:00:52] Processing file /Contents/Common7/IDE/Remote Debugger/Appx/AppxDebugSysTray.exe.config
[bd94:0009][2026-05-10T01:00:52] D:\Program\Common7\IDE\Remote Debugger\Appx\AppxDebugSysTray.exe.config file deleted.
[bd94:0009][2026-05-10T01:00:52] Processing file /Contents/Common7/IDE/Remote Debugger/x86/DebuggerProxy.dll
[bd94:0009][2026-05-10T01:00:52] D:\Program\Common7\IDE\Remote Debugger\x86\DebuggerProxy.dll file deleted.
[bd94:0009][2026-05-10T01:00:52] Processing file /Contents/Common7/IDE/Remote Debugger/x86/DebuggerProxy.dll.manifest
[bd94:0009][2026-05-10T01:00:52] D:\Program\Common7\IDE\Remote Debugger\x86\DebuggerProxy.dll.manifest file deleted.
[bd94:0009][2026-05-10T01:00:52] Processing file /Contents/Common7/IDE/Remote Debugger/x86/Microsoft.VisualStudio.Debugger.Interop.Internal.dll
[bd94:0009][2026-05-10T01:00:52] D:\Program\Common7\IDE\Remote Debugger\x86\Microsoft.VisualStudio.Debugger.Interop.Internal.dll file deleted.
[bd94:0009][2026-05-10T01:00:52] Processing file /Contents/Common7/IDE/Remote Debugger/x86/msvsmon.exe
[bd94:0009][2026-05-10T01:00:52] D:\Program\Common7\IDE\Remote Debugger\x86\msvsmon.exe file deleted.
[bd94:0009][2026-05-10T01:00:52] Processing file /Contents/Common7/IDE/Remote Debugger/x86/msvsmon.exe.config
[bd94:0009][2026-05-10T01:00:52] D:\Program\Common7\IDE\Remote Debugger\x86\msvsmon.exe.config file deleted.
[bd94:0009][2026-05-10T01:00:52] Processing file /Contents/Common7/IDE/Remote Debugger/x86/msvsmon.html
[bd94:0009][2026-05-10T01:00:52] D:\Program\Common7\IDE\Remote Debugger\x86\msvsmon.html file deleted.
[bd94:0009][2026-05-10T01:00:52] Processing file /Contents/Common7/IDE/Remote Debugger/x86/Microsoft.VisualStudio.Debugger.Interop.10.0.dll
[bd94:0009][2026-05-10T01:00:52] D:\Program\Common7\IDE\Remote Debugger\x86\Microsoft.VisualStudio.Debugger.Interop.10.0.dll file deleted.
[bd94:0009][2026-05-10T01:00:52] Processing file /Contents/Common7/IDE/Remote Debugger/x86/Microsoft.VisualStudio.Debugger.Interop.11.0.dll
[bd94:0009][2026-05-10T01:00:52] D:\Program\Common7\IDE\Remote Debugger\x86\Microsoft.VisualStudio.Debugger.Interop.11.0.dll file deleted.
[bd94:0009][2026-05-10T01:00:52] Processing file /Contents/Common7/IDE/Remote Debugger/x86/Microsoft.VisualStudio.Debugger.Interop.12.0.dll
[bd94:0009][2026-05-10T01:00:52] D:\Program\Common7\IDE\Remote Debugger\x86\Microsoft.VisualStudio.Debugger.Interop.12.0.dll file deleted.
[bd94:0009][2026-05-10T01:00:52] Processing file /Contents/Common7/IDE/Remote Debugger/x86/Microsoft.VisualStudio.Debugger.Interop.14.0.dll
[bd94:0009][2026-05-10T01:00:52] D:\Program\Common7\IDE\Remote Debugger\x86\Microsoft.VisualStudio.Debugger.Interop.14.0.dll file deleted.
[bd94:0009][2026-05-10T01:00:52] Processing file /Contents/Common7/IDE/Remote Debugger/x86/Microsoft.VisualStudio.Debugger.Interop.15.0.dll
[bd94:0009][2026-05-10T01:00:52] D:\Program\Common7\IDE\Remote Debugger\x86\Microsoft.VisualStudio.Debugger.Interop.15.0.dll file deleted.
[bd94:0009][2026-05-10T01:00:52] Processing file /Contents/Common7/IDE/Remote Debugger/x86/Microsoft.VisualStudio.Debugger.Interop.16.0.dll
[bd94:0009][2026-05-10T01:00:52] D:\Program\Common7\IDE\Remote Debugger\x86\Microsoft.VisualStudio.Debugger.Interop.16.0.dll file deleted.
[bd94:0009][2026-05-10T01:00:52] Processing file /Contents/Common7/IDE/Remote Debugger/x86/Microsoft.VisualStudio.Debugger.InteropA.dll
[bd94:0009][2026-05-10T01:00:52] D:\Program\Common7\IDE\Remote Debugger\x86\Microsoft.VisualStudio.Debugger.InteropA.dll file deleted.
[bd94:0009][2026-05-10T01:00:52] Processing file /Contents/Common7/IDE/Remote Debugger/x86/Microsoft.VisualStudio.Interop.dll
[bd94:0009][2026-05-10T01:00:52] D:\Program\Common7\IDE\Remote Debugger\x86\Microsoft.VisualStudio.Interop.dll file deleted.
[bd94:0009][2026-05-10T01:00:52] Processing file /Contents/Common7/IDE/Remote Debugger/x86/Microsoft.VisualStudio.OLE.Interop.dll
[bd94:0009][2026-05-10T01:00:52] D:\Program\Common7\IDE\Remote Debugger\x86\Microsoft.VisualStudio.OLE.Interop.dll file deleted.
[bd94:0009][2026-05-10T01:00:52] Processing file /Contents/Common7/IDE/Remote Debugger/x86/symbollocator.dll
[bd94:0009][2026-05-10T01:00:52] D:\Program\Common7\IDE\Remote Debugger\x86\symbollocator.dll file deleted.
[bd94:0009][2026-05-10T01:00:52] Processing file /Contents/Common7/IDE/Remote Debugger/x86/PfxTaskProvider.dll
[bd94:0009][2026-05-10T01:00:52] D:\Program\Common7\IDE\Remote Debugger\x86\PfxTaskProvider.dll file deleted.
[bd94:0009][2026-05-10T01:00:52] Processing file /Contents/Common7/IDE/Remote Debugger/x86/Microsoft.DiaSymReader.PortablePdb.dll
[bd94:0009][2026-05-10T01:00:52] D:\Program\Common7\IDE\Remote Debugger\x86\Microsoft.DiaSymReader.PortablePdb.dll file deleted.
[bd94:0009][2026-05-10T01:00:52] Processing file /Contents/Common7/IDE/Remote Debugger/x86/Microsoft.DiaSymReader.dll
[bd94:0009][2026-05-10T01:00:52] D:\Program\Common7\IDE\Remote Debugger\x86\Microsoft.DiaSymReader.dll file deleted.
[bd94:0009][2026-05-10T01:00:52] Processing file /Contents/Common7/IDE/Remote Debugger/x86/Microsoft.Diagnostics.FastSerialization.dll
[bd94:0009][2026-05-10T01:00:52] D:\Program\Common7\IDE\Remote Debugger\x86\Microsoft.Diagnostics.FastSerialization.dll file deleted.
[bd94:0009][2026-05-10T01:00:52] Processing file /Contents/Common7/IDE/Remote Debugger/x86/Microsoft.Diagnostics.MemoryGraph.dll
[bd94:0009][2026-05-10T01:00:52] D:\Program\Common7\IDE\Remote Debugger\x86\Microsoft.Diagnostics.MemoryGraph.dll file deleted.
[bd94:0009][2026-05-10T01:00:52] Processing file /Contents/Common7/IDE/Remote Debugger/x86/Microsoft.Diagnostics.Utilities.dll
[bd94:0009][2026-05-10T01:00:52] D:\Program\Common7\IDE\Remote Debugger\x86\Microsoft.Diagnostics.Utilities.dll file deleted.
[bd94:0009][2026-05-10T01:00:52] Processing file /Contents/Common7/IDE/Remote Debugger/x86/Microsoft.CodeAnalysis.CSharp.ExpressionEvaluator.ResultProvider.dll
[bd94:0009][2026-05-10T01:00:52] D:\Program\Common7\IDE\Remote Debugger\x86\Microsoft.CodeAnalysis.CSharp.ExpressionEvaluator.ResultProvider.dll file deleted.
[bd94:0009][2026-05-10T01:00:52] Processing file /Contents/Common7/IDE/Remote Debugger/x86/Microsoft.CodeAnalysis.ExpressionEvaluator.ResultProvider.dll
[bd94:0009][2026-05-10T01:00:52] D:\Program\Common7\IDE\Remote Debugger\x86\Microsoft.CodeAnalysis.ExpressionEvaluator.ResultProvider.dll file deleted.
[bd94:0009][2026-05-10T01:00:52] Processing file /Contents/Common7/IDE/Remote Debugger/x86/Microsoft.CodeAnalysis.VisualBasic.ExpressionEvaluator.ResultProvider.dll
[bd94:0009][2026-05-10T01:00:52] D:\Program\Common7\IDE\Remote Debugger\x86\Microsoft.CodeAnalysis.VisualBasic.ExpressionEvaluator.ResultProvider.dll file deleted.
[bd94:0009][2026-05-10T01:00:52] Processing file /Contents/Common7/IDE/Remote Debugger/x86/Microsoft.CodeAnalysis.ExpressionEvaluator.FunctionResolver.dll
[bd94:0009][2026-05-10T01:00:52] D:\Program\Common7\IDE\Remote Debugger\x86\Microsoft.CodeAnalysis.ExpressionEvaluator.FunctionResolver.dll file deleted.
[bd94:0009][2026-05-10T01:00:52] Processing file /Contents/Common7/IDE/Remote Debugger/x86/System.Reflection.Metadata.dll
[bd94:0009][2026-05-10T01:00:52] D:\Program\Common7\IDE\Remote Debugger\x86\System.Reflection.Metadata.dll file deleted.
[bd94:0009][2026-05-10T01:00:52] Processing file /Contents/Common7/IDE/Remote Debugger/x86/System.Collections.Immutable.dll
[bd94:0009][2026-05-10T01:00:52] D:\Program\Common7\IDE\Remote Debugger\x86\System.Collections.Immutable.dll file deleted.
[bd94:0009][2026-05-10T01:00:52] Processing file /Contents/Common7/IDE/Remote Debugger/x86/CppDebug.remote.dll
[bd94:0009][2026-05-10T01:00:52] D:\Program\Common7\IDE\Remote Debugger\x86\CppDebug.remote.dll file deleted.
[bd94:0009][2026-05-10T01:00:52] Processing file /Contents/Common7/IDE/Remote Debugger/x86/symsrv.yes
[bd94:0009][2026-05-10T01:00:52] D:\Program\Common7\IDE\Remote Debugger\x86\symsrv.yes file deleted.
[bd94:0009][2026-05-10T01:00:52] Processing file /Contents/Common7/IDE/Remote Debugger/x86/symsrv.dll
[bd94:0009][2026-05-10T01:00:52] D:\Program\Common7\IDE\Remote Debugger\x86\symsrv.dll file deleted.
[bd94:0009][2026-05-10T01:00:52] Processing file /Contents/Common7/IDE/Remote Debugger/x86/msdia140.dll
[bd94:0009][2026-05-10T01:00:52] D:\Program\Common7\IDE\Remote Debugger\x86\msdia140.dll file deleted.
[bd94:0009][2026-05-10T01:00:52] Processing file /Contents/Common7/IDE/Remote Debugger/x86/msvcdis140.dll
[bd94:0009][2026-05-10T01:00:52] D:\Program\Common7\IDE\Remote Debugger\x86\msvcdis140.dll file deleted.
[bd94:0009][2026-05-10T01:00:52] Processing file /Contents/Common7/IDE/Remote Debugger/x86/msvcp140.dll
[bd94:0009][2026-05-10T01:00:52] D:\Program\Common7\IDE\Remote Debugger\x86\msvcp140.dll file deleted.
[bd94:0009][2026-05-10T01:00:52] Processing file /Contents/Common7/IDE/Remote Debugger/x86/msvcp140_atomic_wait.dll
[bd94:0009][2026-05-10T01:00:52] D:\Program\Common7\IDE\Remote Debugger\x86\msvcp140_atomic_wait.dll file deleted.
[bd94:0009][2026-05-10T01:00:52] Processing file /Contents/Common7/IDE/Remote Debugger/x86/vcruntime140.dll
[bd94:0009][2026-05-10T01:00:52] D:\Program\Common7\IDE\Remote Debugger\x86\vcruntime140.dll file deleted.
[bd94:0009][2026-05-10T01:00:52] Processing file /Contents/Common7/IDE/Remote Debugger/x86/api-ms-win-core-console-l1-1-0.dll
[bd94:0009][2026-05-10T01:00:52] D:\Program\Common7\IDE\Remote Debugger\x86\api-ms-win-core-console-l1-1-0.dll file deleted.
[bd94:0009][2026-05-10T01:00:52] Processing file /Contents/Common7/IDE/Remote Debugger/x86/api-ms-win-core-datetime-l1-1-0.dll
[bd94:0009][2026-05-10T01:00:52] D:\Program\Common7\IDE\Remote Debugger\x86\api-ms-win-core-datetime-l1-1-0.dll file deleted.
[bd94:0009][2026-05-10T01:00:52] Processing file /Contents/Common7/IDE/Remote Debugger/x86/api-ms-win-core-debug-l1-1-0.dll
[bd94:0009][2026-05-10T01:00:52] D:\Program\Common7\IDE\Remote Debugger\x86\api-ms-win-core-debug-l1-1-0.dll file deleted.
[bd94:0009][2026-05-10T01:00:52] Processing file /Contents/Common7/IDE/Remote Debugger/x86/api-ms-win-core-errorhandling-l1-1-0.dll
[bd94:0009][2026-05-10T01:00:52] D:\Program\Common7\IDE\Remote Debugger\x86\api-ms-win-core-errorhandling-l1-1-0.dll file deleted.
[bd94:0009][2026-05-10T01:00:52] Processing file /Contents/Common7/IDE/Remote Debugger/x86/api-ms-win-core-file-l1-1-0.dll
[bd94:0009][2026-05-10T01:00:52] D:\Program\Common7\IDE\Remote Debugger\x86\api-ms-win-core-file-l1-1-0.dll file deleted.
[bd94:0009][2026-05-10T01:00:52] Processing file /Contents/Common7/IDE/Remote Debugger/x86/api-ms-win-core-file-l1-2-0.dll
[bd94:0009][2026-05-10T01:00:52] D:\Program\Common7\IDE\Remote Debugger\x86\api-ms-win-core-file-l1-2-0.dll file deleted.
[bd94:0009][2026-05-10T01:00:52] Processing file /Contents/Common7/IDE/Remote Debugger/x86/api-ms-win-core-file-l2-1-0.dll
[bd94:0009][2026-05-10T01:00:52] D:\Program\Common7\IDE\Remote Debugger\x86\api-ms-win-core-file-l2-1-0.dll file deleted.
[bd94:0009][2026-05-10T01:00:52] Processing file /Contents/Common7/IDE/Remote Debugger/x86/api-ms-win-core-handle-l1-1-0.dll
[bd94:0009][2026-05-10T01:00:52] D:\Program\Common7\IDE\Remote Debugger\x86\api-ms-win-core-handle-l1-1-0.dll file deleted.
[bd94:0009][2026-05-10T01:00:52] Processing file /Contents/Common7/IDE/Remote Debugger/x86/api-ms-win-core-heap-l1-1-0.dll
[bd94:0009][2026-05-10T01:00:52] D:\Program\Common7\IDE\Remote Debugger\x86\api-ms-win-core-heap-l1-1-0.dll file deleted.
[bd94:0009][2026-05-10T01:00:52] Processing file /Contents/Common7/IDE/Remote Debugger/x86/api-ms-win-core-interlocked-l1-1-0.dll
[bd94:0009][2026-05-10T01:00:52] D:\Program\Common7\IDE\Remote Debugger\x86\api-ms-win-core-interlocked-l1-1-0.dll file deleted.
[bd94:0009][2026-05-10T01:00:52] Processing file /Contents/Common7/IDE/Remote Debugger/x86/api-ms-win-core-libraryloader-l1-1-0.dll
[bd94:0009][2026-05-10T01:00:52] D:\Program\Common7\IDE\Remote Debugger\x86\api-ms-win-core-libraryloader-l1-1-0.dll file deleted.
[bd94:0009][2026-05-10T01:00:52] Processing file /Contents/Common7/IDE/Remote Debugger/x86/api-ms-win-core-localization-l1-2-0.dll
[bd94:0009][2026-05-10T01:00:52] D:\Program\Common7\IDE\Remote Debugger\x86\api-ms-win-core-localization-l1-2-0.dll file deleted.
[bd94:0009][2026-05-10T01:00:52] Processing file /Contents/Common7/IDE/Remote Debugger/x86/api-ms-win-core-memory-l1-1-0.dll
[bd94:0009][2026-05-10T01:00:52] D:\Program\Common7\IDE\Remote Debugger\x86\api-ms-win-core-memory-l1-1-0.dll file deleted.
[bd94:0009][2026-05-10T01:00:52] Processing file /Contents/Common7/IDE/Remote Debugger/x86/api-ms-win-core-namedpipe-l1-1-0.dll
[bd94:0009][2026-05-10T01:00:52] D:\Program\Common7\IDE\Remote Debugger\x86\api-ms-win-core-namedpipe-l1-1-0.dll file deleted.
[bd94:0009][2026-05-10T01:00:52] Processing file /Contents/Common7/IDE/Remote Debugger/x86/api-ms-win-core-processenvironment-l1-1-0.dll
[bd94:0009][2026-05-10T01:00:52] D:\Program\Common7\IDE\Remote Debugger\x86\api-ms-win-core-processenvironment-l1-1-0.dll file deleted.
[bd94:0009][2026-05-10T01:00:52] Processing file /Contents/Common7/IDE/Remote Debugger/x86/api-ms-win-core-processthreads-l1-1-0.dll
[bd94:0009][2026-05-10T01:00:52] D:\Program\Common7\IDE\Remote Debugger\x86\api-ms-win-core-processthreads-l1-1-0.dll file deleted.
[bd94:0009][2026-05-10T01:00:52] Processing file /Contents/Common7/IDE/Remote Debugger/x86/api-ms-win-core-processthreads-l1-1-1.dll
[bd94:0009][2026-05-10T01:00:52] D:\Program\Common7\IDE\Remote Debugger\x86\api-ms-win-core-processthreads-l1-1-1.dll file deleted.
[bd94:0009][2026-05-10T01:00:52] Processing file /Contents/Common7/IDE/Remote Debugger/x86/api-ms-win-core-profile-l1-1-0.dll
[bd94:0009][2026-05-10T01:00:52] D:\Program\Common7\IDE\Remote Debugger\x86\api-ms-win-core-profile-l1-1-0.dll file deleted.
[bd94:0009][2026-05-10T01:00:52] Processing file /Contents/Common7/IDE/Remote Debugger/x86/api-ms-win-core-rtlsupport-l1-1-0.dll
[bd94:0009][2026-05-10T01:00:52] D:\Program\Common7\IDE\Remote Debugger\x86\api-ms-win-core-rtlsupport-l1-1-0.dll file deleted.
[bd94:0009][2026-05-10T01:00:52] Processing file /Contents/Common7/IDE/Remote Debugger/x86/api-ms-win-core-string-l1-1-0.dll
[bd94:0009][2026-05-10T01:00:52] D:\Program\Common7\IDE\Remote Debugger\x86\api-ms-win-core-string-l1-1-0.dll file deleted.
[bd94:0009][2026-05-10T01:00:52] Processing file /Contents/Common7/IDE/Remote Debugger/x86/api-ms-win-core-synch-l1-1-0.dll
[bd94:0009][2026-05-10T01:00:52] D:\Program\Common7\IDE\Remote Debugger\x86\api-ms-win-core-synch-l1-1-0.dll file deleted.
[bd94:0009][2026-05-10T01:00:52] Processing file /Contents/Common7/IDE/Remote Debugger/x86/api-ms-win-core-synch-l1-2-0.dll
[bd94:0009][2026-05-10T01:00:52] D:\Program\Common7\IDE\Remote Debugger\x86\api-ms-win-core-synch-l1-2-0.dll file deleted.
[bd94:0009][2026-05-10T01:00:52] Processing file /Contents/Common7/IDE/Remote Debugger/x86/api-ms-win-core-sysinfo-l1-1-0.dll
[bd94:0009][2026-05-10T01:00:52] D:\Program\Common7\IDE\Remote Debugger\x86\api-ms-win-core-sysinfo-l1-1-0.dll file deleted.
[bd94:0009][2026-05-10T01:00:52] Processing file /Contents/Common7/IDE/Remote Debugger/x86/api-ms-win-core-timezone-l1-1-0.dll
[bd94:0009][2026-05-10T01:00:52] D:\Program\Common7\IDE\Remote Debugger\x86\api-ms-win-core-timezone-l1-1-0.dll file deleted.
[bd94:0009][2026-05-10T01:00:52] Processing file /Contents/Common7/IDE/Remote Debugger/x86/api-ms-win-core-util-l1-1-0.dll
[bd94:0009][2026-05-10T01:00:52] D:\Program\Common7\IDE\Remote Debugger\x86\api-ms-win-core-util-l1-1-0.dll file deleted.
[bd94:0009][2026-05-10T01:00:52] Processing file /Contents/Common7/IDE/Remote Debugger/x86/api-ms-win-crt-conio-l1-1-0.dll
[bd94:0009][2026-05-10T01:00:52] D:\Program\Common7\IDE\Remote Debugger\x86\api-ms-win-crt-conio-l1-1-0.dll file deleted.
[bd94:0009][2026-05-10T01:00:52] Processing file /Contents/Common7/IDE/Remote Debugger/x86/api-ms-win-crt-convert-l1-1-0.dll
[bd94:0009][2026-05-10T01:00:52] D:\Program\Common7\IDE\Remote Debugger\x86\api-ms-win-crt-convert-l1-1-0.dll file deleted.
[bd94:0009][2026-05-10T01:00:52] Processing file /Contents/Common7/IDE/Remote Debugger/x86/api-ms-win-crt-environment-l1-1-0.dll
[bd94:0009][2026-05-10T01:00:52] D:\Program\Common7\IDE\Remote Debugger\x86\api-ms-win-crt-environment-l1-1-0.dll file deleted.
[bd94:0009][2026-05-10T01:00:52] Processing file /Contents/Common7/IDE/Remote Debugger/x86/api-ms-win-crt-filesystem-l1-1-0.dll
[bd94:0009][2026-05-10T01:00:52] D:\Program\Common7\IDE\Remote Debugger\x86\api-ms-win-crt-filesystem-l1-1-0.dll file deleted.
[bd94:0009][2026-05-10T01:00:52] Processing file /Contents/Common7/IDE/Remote Debugger/x86/api-ms-win-crt-heap-l1-1-0.dll
[bd94:0009][2026-05-10T01:00:52] D:\Program\Common7\IDE\Remote Debugger\x86\api-ms-win-crt-heap-l1-1-0.dll file deleted.
[bd94:0009][2026-05-10T01:00:52] Processing file /Contents/Common7/IDE/Remote Debugger/x86/api-ms-win-crt-locale-l1-1-0.dll
[bd94:0009][2026-05-10T01:00:52] D:\Program\Common7\IDE\Remote Debugger\x86\api-ms-win-crt-locale-l1-1-0.dll file deleted.
[bd94:0009][2026-05-10T01:00:52] Processing file /Contents/Common7/IDE/Remote Debugger/x86/api-ms-win-crt-math-l1-1-0.dll
[bd94:0009][2026-05-10T01:00:52] D:\Program\Common7\IDE\Remote Debugger\x86\api-ms-win-crt-math-l1-1-0.dll file deleted.
[bd94:0009][2026-05-10T01:00:52] Processing file /Contents/Common7/IDE/Remote Debugger/x86/api-ms-win-crt-multibyte-l1-1-0.dll
[bd94:0009][2026-05-10T01:00:52] D:\Program\Common7\IDE\Remote Debugger\x86\api-ms-win-crt-multibyte-l1-1-0.dll file deleted.
[bd94:0009][2026-05-10T01:00:52] Processing file /Contents/Common7/IDE/Remote Debugger/x86/api-ms-win-crt-private-l1-1-0.dll
[bd94:0009][2026-05-10T01:00:52] D:\Program\Common7\IDE\Remote Debugger\x86\api-ms-win-crt-private-l1-1-0.dll file deleted.
[bd94:0009][2026-05-10T01:00:52] Processing file /Contents/Common7/IDE/Remote Debugger/x86/api-ms-win-crt-process-l1-1-0.dll
[bd94:0009][2026-05-10T01:00:52] D:\Program\Common7\IDE\Remote Debugger\x86\api-ms-win-crt-process-l1-1-0.dll file deleted.
[bd94:0009][2026-05-10T01:00:52] Processing file /Contents/Common7/IDE/Remote Debugger/x86/api-ms-win-crt-runtime-l1-1-0.dll
[bd94:0009][2026-05-10T01:00:52] D:\Program\Common7\IDE\Remote Debugger\x86\api-ms-win-crt-runtime-l1-1-0.dll file deleted.
[bd94:0009][2026-05-10T01:00:52] Processing file /Contents/Common7/IDE/Remote Debugger/x86/api-ms-win-crt-stdio-l1-1-0.dll
[bd94:0009][2026-05-10T01:00:52] D:\Program\Common7\IDE\Remote Debugger\x86\api-ms-win-crt-stdio-l1-1-0.dll file deleted.
[bd94:0009][2026-05-10T01:00:52] Processing file /Contents/Common7/IDE/Remote Debugger/x86/api-ms-win-crt-string-l1-1-0.dll
[bd94:0009][2026-05-10T01:00:52] D:\Program\Common7\IDE\Remote Debugger\x86\api-ms-win-crt-string-l1-1-0.dll file deleted.
[bd94:0009][2026-05-10T01:00:52] Processing file /Contents/Common7/IDE/Remote Debugger/x86/api-ms-win-crt-time-l1-1-0.dll
[bd94:0009][2026-05-10T01:00:52] D:\Program\Common7\IDE\Remote Debugger\x86\api-ms-win-crt-time-l1-1-0.dll file deleted.
[bd94:0009][2026-05-10T01:00:52] Processing file /Contents/Common7/IDE/Remote Debugger/x86/api-ms-win-crt-utility-l1-1-0.dll
[bd94:0009][2026-05-10T01:00:52] D:\Program\Common7\IDE\Remote Debugger\x86\api-ms-win-crt-utility-l1-1-0.dll file deleted.
[bd94:0009][2026-05-10T01:00:52] Processing file /Contents/Common7/IDE/Remote Debugger/x86/ucrtbase.dll
[bd94:0009][2026-05-10T01:00:52] D:\Program\Common7\IDE\Remote Debugger\x86\ucrtbase.dll file deleted.
[bd94:0009][2026-05-10T01:00:52] Processing file /Contents/Common7/IDE/Remote Debugger/x86/monomscordbi.dll
[bd94:0009][2026-05-10T01:00:52] D:\Program\Common7\IDE\Remote Debugger\x86\monomscordbi.dll file deleted.
[bd94:0009][2026-05-10T01:00:52] Processing file /Contents/Common7/IDE/Remote Debugger/x86/dbgshim.dll
[bd94:0009][2026-05-10T01:00:52] D:\Program\Common7\IDE\Remote Debugger\x86\dbgshim.dll file deleted.
[bd94:0009][2026-05-10T01:00:52] Processing file /Contents/Common7/IDE/Remote Debugger/x86/MCppEE.dll
[bd94:0009][2026-05-10T01:00:52] D:\Program\Common7\IDE\Remote Debugger\x86\MCppEE.dll file deleted.
[bd94:0009][2026-05-10T01:00:52] Processing file /Contents/Common7/IDE/Remote Debugger/x86/netstandard.dll
[bd94:0009][2026-05-10T01:00:52] D:\Program\Common7\IDE\Remote Debugger\x86\netstandard.dll file deleted.
[bd94:0009][2026-05-10T01:00:52] Processing file /Contents/Common7/IDE/Remote Debugger/x86/Microsoft.Win32.Registry.dll
[bd94:0009][2026-05-10T01:00:52] D:\Program\Common7\IDE\Remote Debugger\x86\Microsoft.Win32.Registry.dll file deleted.
[bd94:0009][2026-05-10T01:00:52] Processing file /Contents/Common7/IDE/Remote Debugger/x86/System.Buffers.dll
[bd94:0009][2026-05-10T01:00:52] D:\Program\Common7\IDE\Remote Debugger\x86\System.Buffers.dll file deleted.
[bd94:0009][2026-05-10T01:00:52] Processing file /Contents/Common7/IDE/Remote Debugger/x86/System.Memory.dll
[bd94:0009][2026-05-10T01:00:52] D:\Program\Common7\IDE\Remote Debugger\x86\System.Memory.dll file deleted.
[bd94:0009][2026-05-10T01:00:52] Processing file /Contents/Common7/IDE/Remote Debugger/x86/System.Numerics.Vectors.dll
[bd94:0009][2026-05-10T01:00:52] D:\Program\Common7\IDE\Remote Debugger\x86\System.Numerics.Vectors.dll file deleted.
[bd94:0009][2026-05-10T01:00:52] Processing file /Contents/Common7/IDE/Remote Debugger/x86/System.Runtime.CompilerServices.Unsafe.dll
[bd94:0009][2026-05-10T01:00:52] D:\Program\Common7\IDE\Remote Debugger\x86\System.Runtime.CompilerServices.Unsafe.dll file deleted.
[bd94:0009][2026-05-10T01:00:52] Processing file /Contents/Common7/IDE/Remote Debugger/x86/System.Runtime.InteropServices.RuntimeInformation.dll
[bd94:0009][2026-05-10T01:00:52] D:\Program\Common7\IDE\Remote Debugger\x86\System.Runtime.InteropServices.RuntimeInformation.dll file deleted.
[bd94:0009][2026-05-10T01:00:52] Started: Deleting empty directories
[bd94:0009][2026-05-10T01:00:52] Completed: Deleting empty directories
[bd94:0009][2026-05-10T01:00:52] Package executed successfully. Return code: 0
