[18d4:0007][2026-05-10T02:03:32] Opening the package for processing
[18d4:0007][2026-05-10T02:03:32] Using package payload to get the embedded manifest
[18d4:0007][2026-05-10T02:03:32] Getting list of files within the package
[18d4:0007][2026-05-10T02:03:32] Processing file /Contents/Common7/IDE/Microsoft.VisualStudio.ExtensionEngine.dll
[18d4:0007][2026-05-10T02:03:32] Started: Copying file /Contents/Common7/IDE/Microsoft.VisualStudio.ExtensionEngine.dll to D:\Program Files (x86)\Microsoft Visual Studio\2022\BuildTools\Common7\IDE\Microsoft.VisualStudio.ExtensionEngine.dll
[18d4:0007][2026-05-10T02:03:32] Completed: Copying file /Contents/Common7/IDE/Microsoft.VisualStudio.ExtensionEngine.dll to D:\Program Files (x86)\Microsoft Visual Studio\2022\BuildTools\Common7\IDE\Microsoft.VisualStudio.ExtensionEngine.dll
[18d4:0007][2026-05-10T02:03:32] Timestamp updated for file 'D:\Program Files (x86)\Microsoft Visual Studio\2022\BuildTools\Common7\IDE\Microsoft.VisualStudio.ExtensionEngine.dll'.
[18d4:0007][2026-05-10T02:03:32] Queueing D:\Program Files (x86)\Microsoft Visual Studio\2022\BuildTools\Common7\IDE\Microsoft.VisualStudio.ExtensionEngine.dll for X86 ngen
[18d4:0007][2026-05-10T02:03:32] Successfully queued file '/Contents/Common7/IDE/Microsoft.VisualStudio.ExtensionEngine.dll' for ngen
[18d4:0007][2026-05-10T02:03:32] Processing file /Contents/Common7/IDE/PrivateAssemblies/Microsoft.VisualStudio.ExtensionEngine.dll
[18d4:0007][2026-05-10T02:03:32] Started: Copying file /Contents/Common7/IDE/PrivateAssemblies/Microsoft.VisualStudio.ExtensionEngine.dll to D:\Program Files (x86)\Microsoft Visual Studio\2022\BuildTools\Common7\IDE\PrivateAssemblies\Microsoft.VisualStudio.ExtensionEngine.dll
[18d4:0007][2026-05-10T02:03:32] Completed: Copying file /Contents/Common7/IDE/PrivateAssemblies/Microsoft.VisualStudio.ExtensionEngine.dll to D:\Program Files (x86)\Microsoft Visual Studio\2022\BuildTools\Common7\IDE\PrivateAssemblies\Microsoft.VisualStudio.ExtensionEngine.dll
[18d4:0007][2026-05-10T02:03:32] Timestamp updated for file 'D:\Program Files (x86)\Microsoft Visual Studio\2022\BuildTools\Common7\IDE\PrivateAssemblies\Microsoft.VisualStudio.ExtensionEngine.dll'.
[18d4:0007][2026-05-10T02:03:32] Processing file /Contents/Common7/IDE/PrivateAssemblies/Microsoft.VisualStudio.ExtensionManager.Implementation.dll
[18d4:0007][2026-05-10T02:03:32] Started: Copying file /Contents/Common7/IDE/PrivateAssemblies/Microsoft.VisualStudio.ExtensionManager.Implementation.dll to D:\Program Files (x86)\Microsoft Visual Studio\2022\BuildTools\Common7\IDE\PrivateAssemblies\Microsoft.VisualStudio.ExtensionManager.Implementation.dll
[18d4:0007][2026-05-10T02:03:32] Completed: Copying file /Contents/Common7/IDE/PrivateAssemblies/Microsoft.VisualStudio.ExtensionManager.Implementation.dll to D:\Program Files (x86)\Microsoft Visual Studio\2022\BuildTools\Common7\IDE\PrivateAssemblies\Microsoft.VisualStudio.ExtensionManager.Implementation.dll
[18d4:0007][2026-05-10T02:03:32] Timestamp updated for file 'D:\Program Files (x86)\Microsoft Visual Studio\2022\BuildTools\Common7\IDE\PrivateAssemblies\Microsoft.VisualStudio.ExtensionManager.Implementation.dll'.
[18d4:0007][2026-05-10T02:03:32] Queueing D:\Program Files (x86)\Microsoft Visual Studio\2022\BuildTools\Common7\IDE\PrivateAssemblies\Microsoft.VisualStudio.ExtensionManager.Implementation.dll for X86 ngen
[18d4:0007][2026-05-10T02:03:32] Successfully queued file '/Contents/Common7/IDE/PrivateAssemblies/Microsoft.VisualStudio.ExtensionManager.Implementation.dll' for ngen
[18d4:0007][2026-05-10T02:03:32] Processing file /Contents/Common7/IDE/VSIXInstaller.exe
[18d4:0007][2026-05-10T02:03:32] Started: Copying file /Contents/Common7/IDE/VSIXInstaller.exe to D:\Program Files (x86)\Microsoft Visual Studio\2022\BuildTools\Common7\IDE\VSIXInstaller.exe
[18d4:0007][2026-05-10T02:03:32] Completed: Copying file /Contents/Common7/IDE/VSIXInstaller.exe to D:\Program Files (x86)\Microsoft Visual Studio\2022\BuildTools\Common7\IDE\VSIXInstaller.exe
[18d4:0007][2026-05-10T02:03:32] Timestamp updated for file 'D:\Program Files (x86)\Microsoft Visual Studio\2022\BuildTools\Common7\IDE\VSIXInstaller.exe'.
[18d4:0007][2026-05-10T02:03:32] Processing file /Contents/Common7/IDE/VSIXInstaller.exe.config
[18d4:0007][2026-05-10T02:03:32] Started: Copying file /Contents/Common7/IDE/VSIXInstaller.exe.config to D:\Program Files (x86)\Microsoft Visual Studio\2022\BuildTools\Common7\IDE\VSIXInstaller.exe.config
[18d4:0007][2026-05-10T02:03:32] Completed: Copying file /Contents/Common7/IDE/VSIXInstaller.exe.config to D:\Program Files (x86)\Microsoft Visual Studio\2022\BuildTools\Common7\IDE\VSIXInstaller.exe.config
[18d4:0007][2026-05-10T02:03:32] Timestamp updated for file 'D:\Program Files (x86)\Microsoft Visual Studio\2022\BuildTools\Common7\IDE\VSIXInstaller.exe.config'.
[18d4:0007][2026-05-10T02:03:32] Package executed successfully. Return code: 0
