[18d4:0007][2026-05-10T02:03:34] Opening the package for processing
[18d4:0007][2026-05-10T02:03:34] Using package payload to get the embedded manifest
[18d4:0007][2026-05-10T02:03:34] Getting list of files within the package
[18d4:0007][2026-05-10T02:03:34] Processing file /Contents/Common7/IDE/CommonExtensions/Microsoft/Search/Microsoft.VisualStudio.Platform.SearchProviders.dll
[18d4:0007][2026-05-10T02:03:34] Started: Copying file /Contents/Common7/IDE/CommonExtensions/Microsoft/Search/Microsoft.VisualStudio.Platform.SearchProviders.dll to D:\Program Files (x86)\Microsoft Visual Studio\2022\BuildTools\Common7\IDE\CommonExtensions\Microsoft\Search\Microsoft.VisualStudio.Platform.SearchProviders.dll
[18d4:0007][2026-05-10T02:03:34] Completed: Copying file /Contents/Common7/IDE/CommonExtensions/Microsoft/Search/Microsoft.VisualStudio.Platform.SearchProviders.dll to D:\Program Files (x86)\Microsoft Visual Studio\2022\BuildTools\Common7\IDE\CommonExtensions\Microsoft\Search\Microsoft.VisualStudio.Platform.SearchProviders.dll
[18d4:0007][2026-05-10T02:03:34] Timestamp updated for file 'D:\Program Files (x86)\Microsoft Visual Studio\2022\BuildTools\Common7\IDE\CommonExtensions\Microsoft\Search\Microsoft.VisualStudio.Platform.SearchProviders.dll'.
[18d4:0007][2026-05-10T02:03:34] Queueing D:\Program Files (x86)\Microsoft Visual Studio\2022\BuildTools\Common7\IDE\CommonExtensions\Microsoft\Search\Microsoft.VisualStudio.Platform.SearchProviders.dll for X86 ngen
[18d4:0007][2026-05-10T02:03:34] Successfully queued file '/Contents/Common7/IDE/CommonExtensions/Microsoft/Search/Microsoft.VisualStudio.Platform.SearchProviders.dll' for ngen
[18d4:0007][2026-05-10T02:03:34] Processing file /Contents/Common7/IDE/CommonExtensions/Microsoft/Search/Microsoft.VisualStudio.Platform.SearchProviders.Legacy.pkgdef
[18d4:0007][2026-05-10T02:03:34] Started: Copying file /Contents/Common7/IDE/CommonExtensions/Microsoft/Search/Microsoft.VisualStudio.Platform.SearchProviders.Legacy.pkgdef to D:\Program Files (x86)\Microsoft Visual Studio\2022\BuildTools\Common7\IDE\CommonExtensions\Microsoft\Search\Microsoft.VisualStudio.Platform.SearchProviders.Legacy.pkgdef
[18d4:0007][2026-05-10T02:03:34] Completed: Copying file /Contents/Common7/IDE/CommonExtensions/Microsoft/Search/Microsoft.VisualStudio.Platform.SearchProviders.Legacy.pkgdef to D:\Program Files (x86)\Microsoft Visual Studio\2022\BuildTools\Common7\IDE\CommonExtensions\Microsoft\Search\Microsoft.VisualStudio.Platform.SearchProviders.Legacy.pkgdef
[18d4:0007][2026-05-10T02:03:34] Timestamp updated for file 'D:\Program Files (x86)\Microsoft Visual Studio\2022\BuildTools\Common7\IDE\CommonExtensions\Microsoft\Search\Microsoft.VisualStudio.Platform.SearchProviders.Legacy.pkgdef'.
[18d4:0007][2026-05-10T02:03:34] Processing file /Contents/Common7/IDE/CommonExtensions/Microsoft/Search/Microsoft.VisualStudio.Search.dll
[18d4:0007][2026-05-10T02:03:34] Started: Copying file /Contents/Common7/IDE/CommonExtensions/Microsoft/Search/Microsoft.VisualStudio.Search.dll to D:\Program Files (x86)\Microsoft Visual Studio\2022\BuildTools\Common7\IDE\CommonExtensions\Microsoft\Search\Microsoft.VisualStudio.Search.dll
[18d4:0007][2026-05-10T02:03:34] Completed: Copying file /Contents/Common7/IDE/CommonExtensions/Microsoft/Search/Microsoft.VisualStudio.Search.dll to D:\Program Files (x86)\Microsoft Visual Studio\2022\BuildTools\Common7\IDE\CommonExtensions\Microsoft\Search\Microsoft.VisualStudio.Search.dll
[18d4:0007][2026-05-10T02:03:34] Timestamp updated for file 'D:\Program Files (x86)\Microsoft Visual Studio\2022\BuildTools\Common7\IDE\CommonExtensions\Microsoft\Search\Microsoft.VisualStudio.Search.dll'.
[18d4:0007][2026-05-10T02:03:34] Queueing D:\Program Files (x86)\Microsoft Visual Studio\2022\BuildTools\Common7\IDE\CommonExtensions\Microsoft\Search\Microsoft.VisualStudio.Search.dll for X86 ngen
[18d4:0007][2026-05-10T02:03:34] Successfully queued file '/Contents/Common7/IDE/CommonExtensions/Microsoft/Search/Microsoft.VisualStudio.Search.dll' for ngen
[18d4:0007][2026-05-10T02:03:34] Processing file /Contents/Common7/IDE/CommonExtensions/Microsoft/Search/Microsoft.VisualStudio.Search.Implementation.dll
[18d4:0007][2026-05-10T02:03:34] Started: Copying file /Contents/Common7/IDE/CommonExtensions/Microsoft/Search/Microsoft.VisualStudio.Search.Implementation.dll to D:\Program Files (x86)\Microsoft Visual Studio\2022\BuildTools\Common7\IDE\CommonExtensions\Microsoft\Search\Microsoft.VisualStudio.Search.Implementation.dll
[18d4:0007][2026-05-10T02:03:34] Completed: Copying file /Contents/Common7/IDE/CommonExtensions/Microsoft/Search/Microsoft.VisualStudio.Search.Implementation.dll to D:\Program Files (x86)\Microsoft Visual Studio\2022\BuildTools\Common7\IDE\CommonExtensions\Microsoft\Search\Microsoft.VisualStudio.Search.Implementation.dll
[18d4:0007][2026-05-10T02:03:34] Timestamp updated for file 'D:\Program Files (x86)\Microsoft Visual Studio\2022\BuildTools\Common7\IDE\CommonExtensions\Microsoft\Search\Microsoft.VisualStudio.Search.Implementation.dll'.
[18d4:0007][2026-05-10T02:03:34] Queueing D:\Program Files (x86)\Microsoft Visual Studio\2022\BuildTools\Common7\IDE\CommonExtensions\Microsoft\Search\Microsoft.VisualStudio.Search.Implementation.dll for X86 ngen
[18d4:0007][2026-05-10T02:03:34] Successfully queued file '/Contents/Common7/IDE/CommonExtensions/Microsoft/Search/Microsoft.VisualStudio.Search.Implementation.dll' for ngen
[18d4:0007][2026-05-10T02:03:34] Processing file /Contents/Common7/IDE/CommonExtensions/Microsoft/Search/Microsoft.VisualStudio.Search.pkgdef
[18d4:0007][2026-05-10T02:03:34] Started: Copying file /Contents/Common7/IDE/CommonExtensions/Microsoft/Search/Microsoft.VisualStudio.Search.pkgdef to D:\Program Files (x86)\Microsoft Visual Studio\2022\BuildTools\Common7\IDE\CommonExtensions\Microsoft\Search\Microsoft.VisualStudio.Search.pkgdef
[18d4:0007][2026-05-10T02:03:34] Completed: Copying file /Contents/Common7/IDE/CommonExtensions/Microsoft/Search/Microsoft.VisualStudio.Search.pkgdef to D:\Program Files (x86)\Microsoft Visual Studio\2022\BuildTools\Common7\IDE\CommonExtensions\Microsoft\Search\Microsoft.VisualStudio.Search.pkgdef
[18d4:0007][2026-05-10T02:03:34] Timestamp updated for file 'D:\Program Files (x86)\Microsoft Visual Studio\2022\BuildTools\Common7\IDE\CommonExtensions\Microsoft\Search\Microsoft.VisualStudio.Search.pkgdef'.
[18d4:0007][2026-05-10T02:03:34] Processing file /Contents/Common7/IDE/CommonExtensions/Microsoft/Search/ranks.dat
[18d4:0007][2026-05-10T02:03:34] Started: Copying file /Contents/Common7/IDE/CommonExtensions/Microsoft/Search/ranks.dat to D:\Program Files (x86)\Microsoft Visual Studio\2022\BuildTools\Common7\IDE\CommonExtensions\Microsoft\Search\ranks.dat
[18d4:0007][2026-05-10T02:03:34] Completed: Copying file /Contents/Common7/IDE/CommonExtensions/Microsoft/Search/ranks.dat to D:\Program Files (x86)\Microsoft Visual Studio\2022\BuildTools\Common7\IDE\CommonExtensions\Microsoft\Search\ranks.dat
[18d4:0007][2026-05-10T02:03:34] Timestamp updated for file 'D:\Program Files (x86)\Microsoft Visual Studio\2022\BuildTools\Common7\IDE\CommonExtensions\Microsoft\Search\ranks.dat'.
[18d4:0007][2026-05-10T02:03:34] Processing file /Contents/Common7/IDE/CommonExtensions/Microsoft/VSTelemetry/VSTelemetryPackage.pkgdef
[18d4:0007][2026-05-10T02:03:34] Started: Copying file /Contents/Common7/IDE/CommonExtensions/Microsoft/VSTelemetry/VSTelemetryPackage.pkgdef to D:\Program Files (x86)\Microsoft Visual Studio\2022\BuildTools\Common7\IDE\CommonExtensions\Microsoft\VSTelemetry\VSTelemetryPackage.pkgdef
[18d4:0007][2026-05-10T02:03:34] Completed: Copying file /Contents/Common7/IDE/CommonExtensions/Microsoft/VSTelemetry/VSTelemetryPackage.pkgdef to D:\Program Files (x86)\Microsoft Visual Studio\2022\BuildTools\Common7\IDE\CommonExtensions\Microsoft\VSTelemetry\VSTelemetryPackage.pkgdef
[18d4:0007][2026-05-10T02:03:34] Timestamp updated for file 'D:\Program Files (x86)\Microsoft Visual Studio\2022\BuildTools\Common7\IDE\CommonExtensions\Microsoft\VSTelemetry\VSTelemetryPackage.pkgdef'.
[18d4:0007][2026-05-10T02:03:34] Processing file /Contents/Common7/IDE/CommonExtensions/Platform/Shell/CmdDefUI.Pkgdef
[18d4:0007][2026-05-10T02:03:34] Started: Copying file /Contents/Common7/IDE/CommonExtensions/Platform/Shell/CmdDefUI.Pkgdef to D:\Program Files (x86)\Microsoft Visual Studio\2022\BuildTools\Common7\IDE\CommonExtensions\Platform\Shell\CmdDefUI.Pkgdef
[18d4:0007][2026-05-10T02:03:34] Completed: Copying file /Contents/Common7/IDE/CommonExtensions/Platform/Shell/CmdDefUI.Pkgdef to D:\Program Files (x86)\Microsoft Visual Studio\2022\BuildTools\Common7\IDE\CommonExtensions\Platform\Shell\CmdDefUI.Pkgdef
[18d4:0007][2026-05-10T02:03:34] Timestamp updated for file 'D:\Program Files (x86)\Microsoft Visual Studio\2022\BuildTools\Common7\IDE\CommonExtensions\Platform\Shell\CmdDefUI.Pkgdef'.
[18d4:0007][2026-05-10T02:03:34] Processing file /Contents/Common7/IDE/CommonExtensions/Platform/Shell/Microsoft.VisualStudio.CommonIDE.imagemanifest
[18d4:0007][2026-05-10T02:03:34] Started: Copying file /Contents/Common7/IDE/CommonExtensions/Platform/Shell/Microsoft.VisualStudio.CommonIDE.imagemanifest to D:\Program Files (x86)\Microsoft Visual Studio\2022\BuildTools\Common7\IDE\CommonExtensions\Platform\Shell\Microsoft.VisualStudio.CommonIDE.imagemanifest
[18d4:0007][2026-05-10T02:03:34] Completed: Copying file /Contents/Common7/IDE/CommonExtensions/Platform/Shell/Microsoft.VisualStudio.CommonIDE.imagemanifest to D:\Program Files (x86)\Microsoft Visual Studio\2022\BuildTools\Common7\IDE\CommonExtensions\Platform\Shell\Microsoft.VisualStudio.CommonIDE.imagemanifest
[18d4:0007][2026-05-10T02:03:34] Timestamp updated for file 'D:\Program Files (x86)\Microsoft Visual Studio\2022\BuildTools\Common7\IDE\CommonExtensions\Platform\Shell\Microsoft.VisualStudio.CommonIDE.imagemanifest'.
[18d4:0007][2026-05-10T02:03:34] Processing file /Contents/Common7/IDE/CommonExtensions/Platform/Shell/Microsoft.VisualStudio.CommonIDE.pkgdef
[18d4:0007][2026-05-10T02:03:34] Started: Copying file /Contents/Common7/IDE/CommonExtensions/Platform/Shell/Microsoft.VisualStudio.CommonIDE.pkgdef to D:\Program Files (x86)\Microsoft Visual Studio\2022\BuildTools\Common7\IDE\CommonExtensions\Platform\Shell\Microsoft.VisualStudio.CommonIDE.pkgdef
[18d4:0007][2026-05-10T02:03:34] Completed: Copying file /Contents/Common7/IDE/CommonExtensions/Platform/Shell/Microsoft.VisualStudio.CommonIDE.pkgdef to D:\Program Files (x86)\Microsoft Visual Studio\2022\BuildTools\Common7\IDE\CommonExtensions\Platform\Shell\Microsoft.VisualStudio.CommonIDE.pkgdef
[18d4:0007][2026-05-10T02:03:34] Timestamp updated for file 'D:\Program Files (x86)\Microsoft Visual Studio\2022\BuildTools\Common7\IDE\CommonExtensions\Platform\Shell\Microsoft.VisualStudio.CommonIDE.pkgdef'.
[18d4:0007][2026-05-10T02:03:34] Processing file /Contents/Common7/IDE/CommonExtensions/Platform/Shell/Microsoft.VisualStudio.Dialogs.pkgdef
[18d4:0007][2026-05-10T02:03:34] Started: Copying file /Contents/Common7/IDE/CommonExtensions/Platform/Shell/Microsoft.VisualStudio.Dialogs.pkgdef to D:\Program Files (x86)\Microsoft Visual Studio\2022\BuildTools\Common7\IDE\CommonExtensions\Platform\Shell\Microsoft.VisualStudio.Dialogs.pkgdef
[18d4:0007][2026-05-10T02:03:34] Completed: Copying file /Contents/Common7/IDE/CommonExtensions/Platform/Shell/Microsoft.VisualStudio.Dialogs.pkgdef to D:\Program Files (x86)\Microsoft Visual Studio\2022\BuildTools\Common7\IDE\CommonExtensions\Platform\Shell\Microsoft.VisualStudio.Dialogs.pkgdef
[18d4:0007][2026-05-10T02:03:34] Timestamp updated for file 'D:\Program Files (x86)\Microsoft Visual Studio\2022\BuildTools\Common7\IDE\CommonExtensions\Platform\Shell\Microsoft.VisualStudio.Dialogs.pkgdef'.
[18d4:0007][2026-05-10T02:03:34] Processing file /Contents/Common7/IDE/CommonExtensions/Platform/Shell/Microsoft.VisualStudio.Pkgdef
[18d4:0007][2026-05-10T02:03:34] Started: Copying file /Contents/Common7/IDE/CommonExtensions/Platform/Shell/Microsoft.VisualStudio.Pkgdef to D:\Program Files (x86)\Microsoft Visual Studio\2022\BuildTools\Common7\IDE\CommonExtensions\Platform\Shell\Microsoft.VisualStudio.Pkgdef
[18d4:0007][2026-05-10T02:03:34] Completed: Copying file /Contents/Common7/IDE/CommonExtensions/Platform/Shell/Microsoft.VisualStudio.Pkgdef to D:\Program Files (x86)\Microsoft Visual Studio\2022\BuildTools\Common7\IDE\CommonExtensions\Platform\Shell\Microsoft.VisualStudio.Pkgdef
[18d4:0007][2026-05-10T02:03:34] Timestamp updated for file 'D:\Program Files (x86)\Microsoft Visual Studio\2022\BuildTools\Common7\IDE\CommonExtensions\Platform\Shell\Microsoft.VisualStudio.Pkgdef'.
[18d4:0007][2026-05-10T02:03:34] Processing file /Contents/Common7/IDE/CommonExtensions/Platform/Shell/Microsoft.VisualStudio.TemplateWizard.pkgdef
[18d4:0007][2026-05-10T02:03:34] Started: Copying file /Contents/Common7/IDE/CommonExtensions/Platform/Shell/Microsoft.VisualStudio.TemplateWizard.pkgdef to D:\Program Files (x86)\Microsoft Visual Studio\2022\BuildTools\Common7\IDE\CommonExtensions\Platform\Shell\Microsoft.VisualStudio.TemplateWizard.pkgdef
[18d4:0007][2026-05-10T02:03:34] Completed: Copying file /Contents/Common7/IDE/CommonExtensions/Platform/Shell/Microsoft.VisualStudio.TemplateWizard.pkgdef to D:\Program Files (x86)\Microsoft Visual Studio\2022\BuildTools\Common7\IDE\CommonExtensions\Platform\Shell\Microsoft.VisualStudio.TemplateWizard.pkgdef
[18d4:0007][2026-05-10T02:03:34] Timestamp updated for file 'D:\Program Files (x86)\Microsoft Visual Studio\2022\BuildTools\Common7\IDE\CommonExtensions\Platform\Shell\Microsoft.VisualStudio.TemplateWizard.pkgdef'.
[18d4:0007][2026-05-10T02:03:34] Processing file /Contents/Common7/IDE/CommonExtensions/Platform/Shell/Msenv.Core.Pkgdef
[18d4:0007][2026-05-10T02:03:34] Started: Copying file /Contents/Common7/IDE/CommonExtensions/Platform/Shell/Msenv.Core.Pkgdef to D:\Program Files (x86)\Microsoft Visual Studio\2022\BuildTools\Common7\IDE\CommonExtensions\Platform\Shell\Msenv.Core.Pkgdef
[18d4:0007][2026-05-10T02:03:34] Completed: Copying file /Contents/Common7/IDE/CommonExtensions/Platform/Shell/Msenv.Core.Pkgdef to D:\Program Files (x86)\Microsoft Visual Studio\2022\BuildTools\Common7\IDE\CommonExtensions\Platform\Shell\Msenv.Core.Pkgdef
[18d4:0007][2026-05-10T02:03:34] Timestamp updated for file 'D:\Program Files (x86)\Microsoft Visual Studio\2022\BuildTools\Common7\IDE\CommonExtensions\Platform\Shell\Msenv.Core.Pkgdef'.
[18d4:0007][2026-05-10T02:03:34] Processing file /Contents/Common7/IDE/CommonExtensions/Platform/Shell/msenv.imagemanifest
[18d4:0007][2026-05-10T02:03:34] Started: Copying file /Contents/Common7/IDE/CommonExtensions/Platform/Shell/msenv.imagemanifest to D:\Program Files (x86)\Microsoft Visual Studio\2022\BuildTools\Common7\IDE\CommonExtensions\Platform\Shell\msenv.imagemanifest
[18d4:0007][2026-05-10T02:03:34] Completed: Copying file /Contents/Common7/IDE/CommonExtensions/Platform/Shell/msenv.imagemanifest to D:\Program Files (x86)\Microsoft Visual Studio\2022\BuildTools\Common7\IDE\CommonExtensions\Platform\Shell\msenv.imagemanifest
[18d4:0007][2026-05-10T02:03:34] Timestamp updated for file 'D:\Program Files (x86)\Microsoft Visual Studio\2022\BuildTools\Common7\IDE\CommonExtensions\Platform\Shell\msenv.imagemanifest'.
[18d4:0007][2026-05-10T02:03:34] Processing file /Contents/Common7/IDE/CommonExtensions/Platform/Shell/ProjectAggregator.pkgdef
[18d4:0007][2026-05-10T02:03:34] Started: Copying file /Contents/Common7/IDE/CommonExtensions/Platform/Shell/ProjectAggregator.pkgdef to D:\Program Files (x86)\Microsoft Visual Studio\2022\BuildTools\Common7\IDE\CommonExtensions\Platform\Shell\ProjectAggregator.pkgdef
[18d4:0007][2026-05-10T02:03:34] Completed: Copying file /Contents/Common7/IDE/CommonExtensions/Platform/Shell/ProjectAggregator.pkgdef to D:\Program Files (x86)\Microsoft Visual Studio\2022\BuildTools\Common7\IDE\CommonExtensions\Platform\Shell\ProjectAggregator.pkgdef
[18d4:0007][2026-05-10T02:03:34] Timestamp updated for file 'D:\Program Files (x86)\Microsoft Visual Studio\2022\BuildTools\Common7\IDE\CommonExtensions\Platform\Shell\ProjectAggregator.pkgdef'.
[18d4:0007][2026-05-10T02:03:34] Processing file /Contents/Common7/IDE/CommonExtensions/Platform/Shell/VsAppDomainManager.dll
[18d4:0007][2026-05-10T02:03:34] Started: Copying file /Contents/Common7/IDE/CommonExtensions/Platform/Shell/VsAppDomainManager.dll to D:\Program Files (x86)\Microsoft Visual Studio\2022\BuildTools\Common7\IDE\CommonExtensions\Platform\Shell\VsAppDomainManager.dll
[18d4:0007][2026-05-10T02:03:34] Completed: Copying file /Contents/Common7/IDE/CommonExtensions/Platform/Shell/VsAppDomainManager.dll to D:\Program Files (x86)\Microsoft Visual Studio\2022\BuildTools\Common7\IDE\CommonExtensions\Platform\Shell\VsAppDomainManager.dll
[18d4:0007][2026-05-10T02:03:34] Timestamp updated for file 'D:\Program Files (x86)\Microsoft Visual Studio\2022\BuildTools\Common7\IDE\CommonExtensions\Platform\Shell\VsAppDomainManager.dll'.
[18d4:0007][2026-05-10T02:03:34] Processing file /Contents/Common7/IDE/CommonExtensions/Platform/Shell/VsAppDomainManager.pkgdef
[18d4:0007][2026-05-10T02:03:34] Started: Copying file /Contents/Common7/IDE/CommonExtensions/Platform/Shell/VsAppDomainManager.pkgdef to D:\Program Files (x86)\Microsoft Visual Studio\2022\BuildTools\Common7\IDE\CommonExtensions\Platform\Shell\VsAppDomainManager.pkgdef
[18d4:0007][2026-05-10T02:03:34] Completed: Copying file /Contents/Common7/IDE/CommonExtensions/Platform/Shell/VsAppDomainManager.pkgdef to D:\Program Files (x86)\Microsoft Visual Studio\2022\BuildTools\Common7\IDE\CommonExtensions\Platform\Shell\VsAppDomainManager.pkgdef
[18d4:0007][2026-05-10T02:03:34] Timestamp updated for file 'D:\Program Files (x86)\Microsoft Visual Studio\2022\BuildTools\Common7\IDE\CommonExtensions\Platform\Shell\VsAppDomainManager.pkgdef'.
[18d4:0007][2026-05-10T02:03:34] Processing file /Contents/Common7/IDE/CommonExtensions/Platform/Shell/VSIXInstaller.pkgdef
[18d4:0007][2026-05-10T02:03:34] Started: Copying file /Contents/Common7/IDE/CommonExtensions/Platform/Shell/VSIXInstaller.pkgdef to D:\Program Files (x86)\Microsoft Visual Studio\2022\BuildTools\Common7\IDE\CommonExtensions\Platform\Shell\VSIXInstaller.pkgdef
[18d4:0007][2026-05-10T02:03:34] Completed: Copying file /Contents/Common7/IDE/CommonExtensions/Platform/Shell/VSIXInstaller.pkgdef to D:\Program Files (x86)\Microsoft Visual Studio\2022\BuildTools\Common7\IDE\CommonExtensions\Platform\Shell\VSIXInstaller.pkgdef
[18d4:0007][2026-05-10T02:03:34] Timestamp updated for file 'D:\Program Files (x86)\Microsoft Visual Studio\2022\BuildTools\Common7\IDE\CommonExtensions\Platform\Shell\VSIXInstaller.pkgdef'.
[18d4:0007][2026-05-10T02:03:34] Processing file /Contents/Common7/IDE/CommonExtensions/Platform/TreeNavigation/Microsoft.VisualStudio.Shell.TreeNavigation.HierarchyProvider.dll
[18d4:0007][2026-05-10T02:03:34] Started: Copying file /Contents/Common7/IDE/CommonExtensions/Platform/TreeNavigation/Microsoft.VisualStudio.Shell.TreeNavigation.HierarchyProvider.dll to D:\Program Files (x86)\Microsoft Visual Studio\2022\BuildTools\Common7\IDE\CommonExtensions\Platform\TreeNavigation\Microsoft.VisualStudio.Shell.TreeNavigation.HierarchyProvider.dll
[18d4:0007][2026-05-10T02:03:34] Completed: Copying file /Contents/Common7/IDE/CommonExtensions/Platform/TreeNavigation/Microsoft.VisualStudio.Shell.TreeNavigation.HierarchyProvider.dll to D:\Program Files (x86)\Microsoft Visual Studio\2022\BuildTools\Common7\IDE\CommonExtensions\Platform\TreeNavigation\Microsoft.VisualStudio.Shell.TreeNavigation.HierarchyProvider.dll
[18d4:0007][2026-05-10T02:03:34] Timestamp updated for file 'D:\Program Files (x86)\Microsoft Visual Studio\2022\BuildTools\Common7\IDE\CommonExtensions\Platform\TreeNavigation\Microsoft.VisualStudio.Shell.TreeNavigation.HierarchyProvider.dll'.
[18d4:0007][2026-05-10T02:03:34] Queueing D:\Program Files (x86)\Microsoft Visual Studio\2022\BuildTools\Common7\IDE\CommonExtensions\Platform\TreeNavigation\Microsoft.VisualStudio.Shell.TreeNavigation.HierarchyProvider.dll for X86 ngen
[18d4:0007][2026-05-10T02:03:34] Successfully queued file '/Contents/Common7/IDE/CommonExtensions/Platform/TreeNavigation/Microsoft.VisualStudio.Shell.TreeNavigation.HierarchyProvider.dll' for ngen
[18d4:0007][2026-05-10T02:03:34] Processing file /Contents/Common7/IDE/CommonExtensions/Platform/TreeNavigation/Microsoft.VisualStudio.Shell.TreeNavigation.HierarchyProvider.pkgdef
[18d4:0007][2026-05-10T02:03:34] Started: Copying file /Contents/Common7/IDE/CommonExtensions/Platform/TreeNavigation/Microsoft.VisualStudio.Shell.TreeNavigation.HierarchyProvider.pkgdef to D:\Program Files (x86)\Microsoft Visual Studio\2022\BuildTools\Common7\IDE\CommonExtensions\Platform\TreeNavigation\Microsoft.VisualStudio.Shell.TreeNavigation.HierarchyProvider.pkgdef
[18d4:0007][2026-05-10T02:03:34] Completed: Copying file /Contents/Common7/IDE/CommonExtensions/Platform/TreeNavigation/Microsoft.VisualStudio.Shell.TreeNavigation.HierarchyProvider.pkgdef to D:\Program Files (x86)\Microsoft Visual Studio\2022\BuildTools\Common7\IDE\CommonExtensions\Platform\TreeNavigation\Microsoft.VisualStudio.Shell.TreeNavigation.HierarchyProvider.pkgdef
[18d4:0007][2026-05-10T02:03:34] Timestamp updated for file 'D:\Program Files (x86)\Microsoft Visual Studio\2022\BuildTools\Common7\IDE\CommonExtensions\Platform\TreeNavigation\Microsoft.VisualStudio.Shell.TreeNavigation.HierarchyProvider.pkgdef'.
[18d4:0007][2026-05-10T02:03:34] Processing file /Contents/Common7/IDE/CommonExtensions/Platform/VSLogP.pkgdef
[18d4:0007][2026-05-10T02:03:34] Started: Copying file /Contents/Common7/IDE/CommonExtensions/Platform/VSLogP.pkgdef to D:\Program Files (x86)\Microsoft Visual Studio\2022\BuildTools\Common7\IDE\CommonExtensions\Platform\VSLogP.pkgdef
[18d4:0007][2026-05-10T02:03:34] Completed: Copying file /Contents/Common7/IDE/CommonExtensions/Platform/VSLogP.pkgdef to D:\Program Files (x86)\Microsoft Visual Studio\2022\BuildTools\Common7\IDE\CommonExtensions\Platform\VSLogP.pkgdef
[18d4:0007][2026-05-10T02:03:34] Timestamp updated for file 'D:\Program Files (x86)\Microsoft Visual Studio\2022\BuildTools\Common7\IDE\CommonExtensions\Platform\VSLogP.pkgdef'.
[18d4:0007][2026-05-10T02:03:34] Processing file /Contents/Common7/IDE/Microsoft.VisualStudio.Designer.Interfaces.dll
[18d4:0007][2026-05-10T02:03:34] Started: Copying file /Contents/Common7/IDE/Microsoft.VisualStudio.Designer.Interfaces.dll to D:\Program Files (x86)\Microsoft Visual Studio\2022\BuildTools\Common7\IDE\Microsoft.VisualStudio.Designer.Interfaces.dll
[18d4:0007][2026-05-10T02:03:34] Completed: Copying file /Contents/Common7/IDE/Microsoft.VisualStudio.Designer.Interfaces.dll to D:\Program Files (x86)\Microsoft Visual Studio\2022\BuildTools\Common7\IDE\Microsoft.VisualStudio.Designer.Interfaces.dll
[18d4:0007][2026-05-10T02:03:34] Timestamp updated for file 'D:\Program Files (x86)\Microsoft Visual Studio\2022\BuildTools\Common7\IDE\Microsoft.VisualStudio.Designer.Interfaces.dll'.
[18d4:0007][2026-05-10T02:03:34] Queueing D:\Program Files (x86)\Microsoft Visual Studio\2022\BuildTools\Common7\IDE\Microsoft.VisualStudio.Designer.Interfaces.dll for X86 ngen
[18d4:0007][2026-05-10T02:03:34] Successfully queued file '/Contents/Common7/IDE/Microsoft.VisualStudio.Designer.Interfaces.dll' for ngen
[18d4:0007][2026-05-10T02:03:34] Processing file /Contents/Common7/IDE/Microsoft.VisualStudio.dll
[18d4:0007][2026-05-10T02:03:34] Started: Copying file /Contents/Common7/IDE/Microsoft.VisualStudio.dll to D:\Program Files (x86)\Microsoft Visual Studio\2022\BuildTools\Common7\IDE\Microsoft.VisualStudio.dll
[18d4:0007][2026-05-10T02:03:34] Completed: Copying file /Contents/Common7/IDE/Microsoft.VisualStudio.dll to D:\Program Files (x86)\Microsoft Visual Studio\2022\BuildTools\Common7\IDE\Microsoft.VisualStudio.dll
[18d4:0007][2026-05-10T02:03:34] Timestamp updated for file 'D:\Program Files (x86)\Microsoft Visual Studio\2022\BuildTools\Common7\IDE\Microsoft.VisualStudio.dll'.
[18d4:0007][2026-05-10T02:03:34] Queueing D:\Program Files (x86)\Microsoft Visual Studio\2022\BuildTools\Common7\IDE\Microsoft.VisualStudio.dll for X86 ngen
[18d4:0007][2026-05-10T02:03:34] Successfully queued file '/Contents/Common7/IDE/Microsoft.VisualStudio.dll' for ngen
[18d4:0007][2026-05-10T02:03:34] Processing file /Contents/Common7/IDE/Microsoft.VisualStudio.Package.LanguageService.15.0.dll
[18d4:0007][2026-05-10T02:03:34] Started: Copying file /Contents/Common7/IDE/Microsoft.VisualStudio.Package.LanguageService.15.0.dll to D:\Program Files (x86)\Microsoft Visual Studio\2022\BuildTools\Common7\IDE\Microsoft.VisualStudio.Package.LanguageService.15.0.dll
[18d4:0007][2026-05-10T02:03:34] Completed: Copying file /Contents/Common7/IDE/Microsoft.VisualStudio.Package.LanguageService.15.0.dll to D:\Program Files (x86)\Microsoft Visual Studio\2022\BuildTools\Common7\IDE\Microsoft.VisualStudio.Package.LanguageService.15.0.dll
[18d4:0007][2026-05-10T02:03:34] Timestamp updated for file 'D:\Program Files (x86)\Microsoft Visual Studio\2022\BuildTools\Common7\IDE\Microsoft.VisualStudio.Package.LanguageService.15.0.dll'.
[18d4:0007][2026-05-10T02:03:34] Processing file /Contents/Common7/IDE/Microsoft.VisualStudio.ProductKeyDialog.dll
[18d4:0007][2026-05-10T02:03:34] Started: Copying file /Contents/Common7/IDE/Microsoft.VisualStudio.ProductKeyDialog.dll to D:\Program Files (x86)\Microsoft Visual Studio\2022\BuildTools\Common7\IDE\Microsoft.VisualStudio.ProductKeyDialog.dll
[18d4:0007][2026-05-10T02:03:34] Completed: Copying file /Contents/Common7/IDE/Microsoft.VisualStudio.ProductKeyDialog.dll to D:\Program Files (x86)\Microsoft Visual Studio\2022\BuildTools\Common7\IDE\Microsoft.VisualStudio.ProductKeyDialog.dll
[18d4:0007][2026-05-10T02:03:34] Timestamp updated for file 'D:\Program Files (x86)\Microsoft Visual Studio\2022\BuildTools\Common7\IDE\Microsoft.VisualStudio.ProductKeyDialog.dll'.
[18d4:0007][2026-05-10T02:03:34] Queueing D:\Program Files (x86)\Microsoft Visual Studio\2022\BuildTools\Common7\IDE\Microsoft.VisualStudio.ProductKeyDialog.dll for X86 ngen
[18d4:0007][2026-05-10T02:03:34] Successfully queued file '/Contents/Common7/IDE/Microsoft.VisualStudio.ProductKeyDialog.dll' for ngen
[18d4:0007][2026-05-10T02:03:34] Processing file /Contents/Common7/IDE/Microsoft.VisualStudio.ProductKeyDialog.tlb
[18d4:0007][2026-05-10T02:03:34] Started: Copying file /Contents/Common7/IDE/Microsoft.VisualStudio.ProductKeyDialog.tlb to D:\Program Files (x86)\Microsoft Visual Studio\2022\BuildTools\Common7\IDE\Microsoft.VisualStudio.ProductKeyDialog.tlb
[18d4:0007][2026-05-10T02:03:34] Completed: Copying file /Contents/Common7/IDE/Microsoft.VisualStudio.ProductKeyDialog.tlb to D:\Program Files (x86)\Microsoft Visual Studio\2022\BuildTools\Common7\IDE\Microsoft.VisualStudio.ProductKeyDialog.tlb
[18d4:0007][2026-05-10T02:03:34] Timestamp updated for file 'D:\Program Files (x86)\Microsoft Visual Studio\2022\BuildTools\Common7\IDE\Microsoft.VisualStudio.ProductKeyDialog.tlb'.
[18d4:0007][2026-05-10T02:03:34] Processing file /Contents/Common7/IDE/Microsoft.VisualStudio.Shell.ViewManager.dll
[18d4:0007][2026-05-10T02:03:34] Started: Copying file /Contents/Common7/IDE/Microsoft.VisualStudio.Shell.ViewManager.dll to D:\Program Files (x86)\Microsoft Visual Studio\2022\BuildTools\Common7\IDE\Microsoft.VisualStudio.Shell.ViewManager.dll
[18d4:0007][2026-05-10T02:03:34] Completed: Copying file /Contents/Common7/IDE/Microsoft.VisualStudio.Shell.ViewManager.dll to D:\Program Files (x86)\Microsoft Visual Studio\2022\BuildTools\Common7\IDE\Microsoft.VisualStudio.Shell.ViewManager.dll
[18d4:0007][2026-05-10T02:03:34] Timestamp updated for file 'D:\Program Files (x86)\Microsoft Visual Studio\2022\BuildTools\Common7\IDE\Microsoft.VisualStudio.Shell.ViewManager.dll'.
[18d4:0007][2026-05-10T02:03:34] Queueing D:\Program Files (x86)\Microsoft Visual Studio\2022\BuildTools\Common7\IDE\Microsoft.VisualStudio.Shell.ViewManager.dll for X86 ngen
[18d4:0007][2026-05-10T02:03:34] Successfully queued file '/Contents/Common7/IDE/Microsoft.VisualStudio.Shell.ViewManager.dll' for ngen
[18d4:0007][2026-05-10T02:03:34] Processing file /Contents/Common7/IDE/Microsoft.VisualStudio.TemplateWizard.dll
[18d4:0007][2026-05-10T02:03:34] Started: Copying file /Contents/Common7/IDE/Microsoft.VisualStudio.TemplateWizard.dll to D:\Program Files (x86)\Microsoft Visual Studio\2022\BuildTools\Common7\IDE\Microsoft.VisualStudio.TemplateWizard.dll
[18d4:0007][2026-05-10T02:03:34] Completed: Copying file /Contents/Common7/IDE/Microsoft.VisualStudio.TemplateWizard.dll to D:\Program Files (x86)\Microsoft Visual Studio\2022\BuildTools\Common7\IDE\Microsoft.VisualStudio.TemplateWizard.dll
[18d4:0007][2026-05-10T02:03:34] Timestamp updated for file 'D:\Program Files (x86)\Microsoft Visual Studio\2022\BuildTools\Common7\IDE\Microsoft.VisualStudio.TemplateWizard.dll'.
[18d4:0007][2026-05-10T02:03:34] Queueing D:\Program Files (x86)\Microsoft Visual Studio\2022\BuildTools\Common7\IDE\Microsoft.VisualStudio.TemplateWizard.dll for X86 ngen
[18d4:0007][2026-05-10T02:03:34] Successfully queued file '/Contents/Common7/IDE/Microsoft.VisualStudio.TemplateWizard.dll' for ngen
[18d4:0007][2026-05-10T02:03:34] Processing file /Contents/Common7/IDE/NewFileItems/HtmlPage.html
[18d4:0007][2026-05-10T02:03:34] Started: Copying file /Contents/Common7/IDE/NewFileItems/HtmlPage.html to D:\Program Files (x86)\Microsoft Visual Studio\2022\BuildTools\Common7\IDE\NewFileItems\HtmlPage.html
[18d4:0007][2026-05-10T02:03:34] Completed: Copying file /Contents/Common7/IDE/NewFileItems/HtmlPage.html to D:\Program Files (x86)\Microsoft Visual Studio\2022\BuildTools\Common7\IDE\NewFileItems\HtmlPage.html
[18d4:0007][2026-05-10T02:03:34] Timestamp updated for file 'D:\Program Files (x86)\Microsoft Visual Studio\2022\BuildTools\Common7\IDE\NewFileItems\HtmlPage.html'.
[18d4:0007][2026-05-10T02:03:34] Processing file /Contents/Common7/IDE/NewFileItems/jscript.js
[18d4:0007][2026-05-10T02:03:34] Started: Copying file /Contents/Common7/IDE/NewFileItems/jscript.js to D:\Program Files (x86)\Microsoft Visual Studio\2022\BuildTools\Common7\IDE\NewFileItems\jscript.js
[18d4:0007][2026-05-10T02:03:34] Completed: Copying file /Contents/Common7/IDE/NewFileItems/jscript.js to D:\Program Files (x86)\Microsoft Visual Studio\2022\BuildTools\Common7\IDE\NewFileItems\jscript.js
[18d4:0007][2026-05-10T02:03:34] Timestamp updated for file 'D:\Program Files (x86)\Microsoft Visual Studio\2022\BuildTools\Common7\IDE\NewFileItems\jscript.js'.
[18d4:0007][2026-05-10T02:03:34] Processing file /Contents/Common7/IDE/NewFileItems/NewFileItems.vsdir
[18d4:0007][2026-05-10T02:03:34] Started: Copying file /Contents/Common7/IDE/NewFileItems/NewFileItems.vsdir to D:\Program Files (x86)\Microsoft Visual Studio\2022\BuildTools\Common7\IDE\NewFileItems\NewFileItems.vsdir
[18d4:0007][2026-05-10T02:03:34] Completed: Copying file /Contents/Common7/IDE/NewFileItems/NewFileItems.vsdir to D:\Program Files (x86)\Microsoft Visual Studio\2022\BuildTools\Common7\IDE\NewFileItems\NewFileItems.vsdir
[18d4:0007][2026-05-10T02:03:34] Timestamp updated for file 'D:\Program Files (x86)\Microsoft Visual Studio\2022\BuildTools\Common7\IDE\NewFileItems\NewFileItems.vsdir'.
[18d4:0007][2026-05-10T02:03:34] Processing file /Contents/Common7/IDE/NewFileItems/stylesht.css
[18d4:0007][2026-05-10T02:03:34] Started: Copying file /Contents/Common7/IDE/NewFileItems/stylesht.css to D:\Program Files (x86)\Microsoft Visual Studio\2022\BuildTools\Common7\IDE\NewFileItems\stylesht.css
[18d4:0007][2026-05-10T02:03:34] Completed: Copying file /Contents/Common7/IDE/NewFileItems/stylesht.css to D:\Program Files (x86)\Microsoft Visual Studio\2022\BuildTools\Common7\IDE\NewFileItems\stylesht.css
[18d4:0007][2026-05-10T02:03:34] Timestamp updated for file 'D:\Program Files (x86)\Microsoft Visual Studio\2022\BuildTools\Common7\IDE\NewFileItems\stylesht.css'.
[18d4:0007][2026-05-10T02:03:34] Processing file /Contents/Common7/IDE/NewFileItems/TextFile.txt
[18d4:0007][2026-05-10T02:03:34] Started: Copying file /Contents/Common7/IDE/NewFileItems/TextFile.txt to D:\Program Files (x86)\Microsoft Visual Studio\2022\BuildTools\Common7\IDE\NewFileItems\TextFile.txt
[18d4:0007][2026-05-10T02:03:34] Completed: Copying file /Contents/Common7/IDE/NewFileItems/TextFile.txt to D:\Program Files (x86)\Microsoft Visual Studio\2022\BuildTools\Common7\IDE\NewFileItems\TextFile.txt
[18d4:0007][2026-05-10T02:03:34] Timestamp updated for file 'D:\Program Files (x86)\Microsoft Visual Studio\2022\BuildTools\Common7\IDE\NewFileItems\TextFile.txt'.
[18d4:0007][2026-05-10T02:03:34] Processing file /Contents/Common7/IDE/NewFileItems/xmlpage.xml
[18d4:0007][2026-05-10T02:03:34] Started: Copying file /Contents/Common7/IDE/NewFileItems/xmlpage.xml to D:\Program Files (x86)\Microsoft Visual Studio\2022\BuildTools\Common7\IDE\NewFileItems\xmlpage.xml
[18d4:0007][2026-05-10T02:03:34] Completed: Copying file /Contents/Common7/IDE/NewFileItems/xmlpage.xml to D:\Program Files (x86)\Microsoft Visual Studio\2022\BuildTools\Common7\IDE\NewFileItems\xmlpage.xml
[18d4:0007][2026-05-10T02:03:34] Timestamp updated for file 'D:\Program Files (x86)\Microsoft Visual Studio\2022\BuildTools\Common7\IDE\NewFileItems\xmlpage.xml'.
[18d4:0007][2026-05-10T02:03:34] Processing file /Contents/Common7/IDE/NewFileItems/xmlschem.xsd
[18d4:0007][2026-05-10T02:03:34] Started: Copying file /Contents/Common7/IDE/NewFileItems/xmlschem.xsd to D:\Program Files (x86)\Microsoft Visual Studio\2022\BuildTools\Common7\IDE\NewFileItems\xmlschem.xsd
[18d4:0007][2026-05-10T02:03:34] Completed: Copying file /Contents/Common7/IDE/NewFileItems/xmlschem.xsd to D:\Program Files (x86)\Microsoft Visual Studio\2022\BuildTools\Common7\IDE\NewFileItems\xmlschem.xsd
[18d4:0007][2026-05-10T02:03:34] Timestamp updated for file 'D:\Program Files (x86)\Microsoft Visual Studio\2022\BuildTools\Common7\IDE\NewFileItems\xmlschem.xsd'.
[18d4:0007][2026-05-10T02:03:34] Processing file /Contents/Common7/IDE/NewFileItems/xsltfile.xslt
[18d4:0007][2026-05-10T02:03:34] Started: Copying file /Contents/Common7/IDE/NewFileItems/xsltfile.xslt to D:\Program Files (x86)\Microsoft Visual Studio\2022\BuildTools\Common7\IDE\NewFileItems\xsltfile.xslt
[18d4:0007][2026-05-10T02:03:34] Completed: Copying file /Contents/Common7/IDE/NewFileItems/xsltfile.xslt to D:\Program Files (x86)\Microsoft Visual Studio\2022\BuildTools\Common7\IDE\NewFileItems\xsltfile.xslt
[18d4:0007][2026-05-10T02:03:34] Timestamp updated for file 'D:\Program Files (x86)\Microsoft Visual Studio\2022\BuildTools\Common7\IDE\NewFileItems\xsltfile.xslt'.
[18d4:0007][2026-05-10T02:03:34] Processing file /Contents/Common7/IDE/offreg.dll
[18d4:0007][2026-05-10T02:03:34] Started: Copying file /Contents/Common7/IDE/offreg.dll to D:\Program Files (x86)\Microsoft Visual Studio\2022\BuildTools\Common7\IDE\offreg.dll
[18d4:0007][2026-05-10T02:03:34] Completed: Copying file /Contents/Common7/IDE/offreg.dll to D:\Program Files (x86)\Microsoft Visual Studio\2022\BuildTools\Common7\IDE\offreg.dll
[18d4:0007][2026-05-10T02:03:34] Timestamp updated for file 'D:\Program Files (x86)\Microsoft Visual Studio\2022\BuildTools\Common7\IDE\offreg.dll'.
[18d4:0007][2026-05-10T02:03:34] Processing file /Contents/Common7/IDE/PrivateAssemblies/CheckHyperVHost.exe
[18d4:0007][2026-05-10T02:03:34] Started: Copying file /Contents/Common7/IDE/PrivateAssemblies/CheckHyperVHost.exe to D:\Program Files (x86)\Microsoft Visual Studio\2022\BuildTools\Common7\IDE\PrivateAssemblies\CheckHyperVHost.exe
[18d4:0007][2026-05-10T02:03:34] Completed: Copying file /Contents/Common7/IDE/PrivateAssemblies/CheckHyperVHost.exe to D:\Program Files (x86)\Microsoft Visual Studio\2022\BuildTools\Common7\IDE\PrivateAssemblies\CheckHyperVHost.exe
[18d4:0007][2026-05-10T02:03:34] Timestamp updated for file 'D:\Program Files (x86)\Microsoft Visual Studio\2022\BuildTools\Common7\IDE\PrivateAssemblies\CheckHyperVHost.exe'.
[18d4:0007][2026-05-10T02:03:34] Processing file /Contents/Common7/IDE/PrivateAssemblies/Markdig.Signed.dll
[18d4:0007][2026-05-10T02:03:34] Started: Copying file /Contents/Common7/IDE/PrivateAssemblies/Markdig.Signed.dll to D:\Program Files (x86)\Microsoft Visual Studio\2022\BuildTools\Common7\IDE\PrivateAssemblies\Markdig.Signed.dll
[18d4:0007][2026-05-10T02:03:34] Completed: Copying file /Contents/Common7/IDE/PrivateAssemblies/Markdig.Signed.dll to D:\Program Files (x86)\Microsoft Visual Studio\2022\BuildTools\Common7\IDE\PrivateAssemblies\Markdig.Signed.dll
[18d4:0007][2026-05-10T02:03:34] Timestamp updated for file 'D:\Program Files (x86)\Microsoft Visual Studio\2022\BuildTools\Common7\IDE\PrivateAssemblies\Markdig.Signed.dll'.
[18d4:0007][2026-05-10T02:03:34] Processing file /Contents/Common7/IDE/PrivateAssemblies/Markdig.Wpf.dll
[18d4:0007][2026-05-10T02:03:34] Started: Copying file /Contents/Common7/IDE/PrivateAssemblies/Markdig.Wpf.dll to D:\Program Files (x86)\Microsoft Visual Studio\2022\BuildTools\Common7\IDE\PrivateAssemblies\Markdig.Wpf.dll
[18d4:0007][2026-05-10T02:03:34] Completed: Copying file /Contents/Common7/IDE/PrivateAssemblies/Markdig.Wpf.dll to D:\Program Files (x86)\Microsoft Visual Studio\2022\BuildTools\Common7\IDE\PrivateAssemblies\Markdig.Wpf.dll
[18d4:0007][2026-05-10T02:03:34] Timestamp updated for file 'D:\Program Files (x86)\Microsoft Visual Studio\2022\BuildTools\Common7\IDE\PrivateAssemblies\Markdig.Wpf.dll'.
[18d4:0007][2026-05-10T02:03:34] Processing file /Contents/Common7/IDE/PrivateAssemblies/Microsoft.Diagnostics.Tracing.EventSource.dll
[18d4:0007][2026-05-10T02:03:34] Started: Copying file /Contents/Common7/IDE/PrivateAssemblies/Microsoft.Diagnostics.Tracing.EventSource.dll to D:\Program Files (x86)\Microsoft Visual Studio\2022\BuildTools\Common7\IDE\PrivateAssemblies\Microsoft.Diagnostics.Tracing.EventSource.dll
[18d4:0007][2026-05-10T02:03:34] Completed: Copying file /Contents/Common7/IDE/PrivateAssemblies/Microsoft.Diagnostics.Tracing.EventSource.dll to D:\Program Files (x86)\Microsoft Visual Studio\2022\BuildTools\Common7\IDE\PrivateAssemblies\Microsoft.Diagnostics.Tracing.EventSource.dll
[18d4:0007][2026-05-10T02:03:34] Timestamp updated for file 'D:\Program Files (x86)\Microsoft Visual Studio\2022\BuildTools\Common7\IDE\PrivateAssemblies\Microsoft.Diagnostics.Tracing.EventSource.dll'.
[18d4:0007][2026-05-10T02:03:34] Processing file /Contents/Common7/IDE/PrivateAssemblies/Microsoft.VisualStudio.CommonIDE.dll
[18d4:0007][2026-05-10T02:03:34] Started: Copying file /Contents/Common7/IDE/PrivateAssemblies/Microsoft.VisualStudio.CommonIDE.dll to D:\Program Files (x86)\Microsoft Visual Studio\2022\BuildTools\Common7\IDE\PrivateAssemblies\Microsoft.VisualStudio.CommonIDE.dll
[18d4:0007][2026-05-10T02:03:34] Completed: Copying file /Contents/Common7/IDE/PrivateAssemblies/Microsoft.VisualStudio.CommonIDE.dll to D:\Program Files (x86)\Microsoft Visual Studio\2022\BuildTools\Common7\IDE\PrivateAssemblies\Microsoft.VisualStudio.CommonIDE.dll
[18d4:0007][2026-05-10T02:03:34] Timestamp updated for file 'D:\Program Files (x86)\Microsoft Visual Studio\2022\BuildTools\Common7\IDE\PrivateAssemblies\Microsoft.VisualStudio.CommonIDE.dll'.
[18d4:0007][2026-05-10T02:03:34] Queueing D:\Program Files (x86)\Microsoft Visual Studio\2022\BuildTools\Common7\IDE\PrivateAssemblies\Microsoft.VisualStudio.CommonIDE.dll for X86 ngen
[18d4:0007][2026-05-10T02:03:34] Successfully queued file '/Contents/Common7/IDE/PrivateAssemblies/Microsoft.VisualStudio.CommonIDE.dll' for ngen
[18d4:0007][2026-05-10T02:03:34] Processing file /Contents/Common7/IDE/PrivateAssemblies/Microsoft.VisualStudio.Diagnostics.Assert.dll
[18d4:0007][2026-05-10T02:03:34] Started: Copying file /Contents/Common7/IDE/PrivateAssemblies/Microsoft.VisualStudio.Diagnostics.Assert.dll to D:\Program Files (x86)\Microsoft Visual Studio\2022\BuildTools\Common7\IDE\PrivateAssemblies\Microsoft.VisualStudio.Diagnostics.Assert.dll
[18d4:0007][2026-05-10T02:03:34] Completed: Copying file /Contents/Common7/IDE/PrivateAssemblies/Microsoft.VisualStudio.Diagnostics.Assert.dll to D:\Program Files (x86)\Microsoft Visual Studio\2022\BuildTools\Common7\IDE\PrivateAssemblies\Microsoft.VisualStudio.Diagnostics.Assert.dll
[18d4:0007][2026-05-10T02:03:34] Timestamp updated for file 'D:\Program Files (x86)\Microsoft Visual Studio\2022\BuildTools\Common7\IDE\PrivateAssemblies\Microsoft.VisualStudio.Diagnostics.Assert.dll'.
[18d4:0007][2026-05-10T02:03:34] Queueing D:\Program Files (x86)\Microsoft Visual Studio\2022\BuildTools\Common7\IDE\PrivateAssemblies\Microsoft.VisualStudio.Diagnostics.Assert.dll for X86 ngen
[18d4:0007][2026-05-10T02:03:34] Successfully queued file '/Contents/Common7/IDE/PrivateAssemblies/Microsoft.VisualStudio.Diagnostics.Assert.dll' for ngen
[18d4:0007][2026-05-10T02:03:34] Processing file /Contents/Common7/IDE/PrivateAssemblies/Microsoft.VisualStudio.Diagnostics.Measurement.dll
[18d4:0007][2026-05-10T02:03:34] Started: Copying file /Contents/Common7/IDE/PrivateAssemblies/Microsoft.VisualStudio.Diagnostics.Measurement.dll to D:\Program Files (x86)\Microsoft Visual Studio\2022\BuildTools\Common7\IDE\PrivateAssemblies\Microsoft.VisualStudio.Diagnostics.Measurement.dll
[18d4:0007][2026-05-10T02:03:34] Completed: Copying file /Contents/Common7/IDE/PrivateAssemblies/Microsoft.VisualStudio.Diagnostics.Measurement.dll to D:\Program Files (x86)\Microsoft Visual Studio\2022\BuildTools\Common7\IDE\PrivateAssemblies\Microsoft.VisualStudio.Diagnostics.Measurement.dll
[18d4:0007][2026-05-10T02:03:34] Timestamp updated for file 'D:\Program Files (x86)\Microsoft Visual Studio\2022\BuildTools\Common7\IDE\PrivateAssemblies\Microsoft.VisualStudio.Diagnostics.Measurement.dll'.
[18d4:0007][2026-05-10T02:03:34] Queueing D:\Program Files (x86)\Microsoft Visual Studio\2022\BuildTools\Common7\IDE\PrivateAssemblies\Microsoft.VisualStudio.Diagnostics.Measurement.dll for X86 ngen
[18d4:0007][2026-05-10T02:03:34] Successfully queued file '/Contents/Common7/IDE/PrivateAssemblies/Microsoft.VisualStudio.Diagnostics.Measurement.dll' for ngen
[18d4:0007][2026-05-10T02:03:34] Processing file /Contents/Common7/IDE/PrivateAssemblies/Microsoft.VisualStudio.Dialogs.dll
[18d4:0007][2026-05-10T02:03:34] Started: Copying file /Contents/Common7/IDE/PrivateAssemblies/Microsoft.VisualStudio.Dialogs.dll to D:\Program Files (x86)\Microsoft Visual Studio\2022\BuildTools\Common7\IDE\PrivateAssemblies\Microsoft.VisualStudio.Dialogs.dll
[18d4:0007][2026-05-10T02:03:34] Completed: Copying file /Contents/Common7/IDE/PrivateAssemblies/Microsoft.VisualStudio.Dialogs.dll to D:\Program Files (x86)\Microsoft Visual Studio\2022\BuildTools\Common7\IDE\PrivateAssemblies\Microsoft.VisualStudio.Dialogs.dll
[18d4:0007][2026-05-10T02:03:34] Timestamp updated for file 'D:\Program Files (x86)\Microsoft Visual Studio\2022\BuildTools\Common7\IDE\PrivateAssemblies\Microsoft.VisualStudio.Dialogs.dll'.
[18d4:0007][2026-05-10T02:03:34] Queueing D:\Program Files (x86)\Microsoft Visual Studio\2022\BuildTools\Common7\IDE\PrivateAssemblies\Microsoft.VisualStudio.Dialogs.dll for X86 ngen
[18d4:0007][2026-05-10T02:03:34] Successfully queued file '/Contents/Common7/IDE/PrivateAssemblies/Microsoft.VisualStudio.Dialogs.dll' for ngen
[18d4:0007][2026-05-10T02:03:34] Processing file /Contents/Common7/IDE/PrivateAssemblies/Microsoft.VisualStudio.DpiAwareness.dll
[18d4:0007][2026-05-10T02:03:34] Started: Copying file /Contents/Common7/IDE/PrivateAssemblies/Microsoft.VisualStudio.DpiAwareness.dll to D:\Program Files (x86)\Microsoft Visual Studio\2022\BuildTools\Common7\IDE\PrivateAssemblies\Microsoft.VisualStudio.DpiAwareness.dll
[18d4:0007][2026-05-10T02:03:34] Completed: Copying file /Contents/Common7/IDE/PrivateAssemblies/Microsoft.VisualStudio.DpiAwareness.dll to D:\Program Files (x86)\Microsoft Visual Studio\2022\BuildTools\Common7\IDE\PrivateAssemblies\Microsoft.VisualStudio.DpiAwareness.dll
[18d4:0007][2026-05-10T02:03:34] Timestamp updated for file 'D:\Program Files (x86)\Microsoft Visual Studio\2022\BuildTools\Common7\IDE\PrivateAssemblies\Microsoft.VisualStudio.DpiAwareness.dll'.
[18d4:0007][2026-05-10T02:03:34] Processing file /Contents/Common7/IDE/PrivateAssemblies/Microsoft.VisualStudio.ExtensionsExplorer.dll
[18d4:0007][2026-05-10T02:03:34] Started: Copying file /Contents/Common7/IDE/PrivateAssemblies/Microsoft.VisualStudio.ExtensionsExplorer.dll to D:\Program Files (x86)\Microsoft Visual Studio\2022\BuildTools\Common7\IDE\PrivateAssemblies\Microsoft.VisualStudio.ExtensionsExplorer.dll
[18d4:0007][2026-05-10T02:03:34] Completed: Copying file /Contents/Common7/IDE/PrivateAssemblies/Microsoft.VisualStudio.ExtensionsExplorer.dll to D:\Program Files (x86)\Microsoft Visual Studio\2022\BuildTools\Common7\IDE\PrivateAssemblies\Microsoft.VisualStudio.ExtensionsExplorer.dll
[18d4:0007][2026-05-10T02:03:34] Timestamp updated for file 'D:\Program Files (x86)\Microsoft Visual Studio\2022\BuildTools\Common7\IDE\PrivateAssemblies\Microsoft.VisualStudio.ExtensionsExplorer.dll'.
[18d4:0007][2026-05-10T02:03:34] Queueing D:\Program Files (x86)\Microsoft Visual Studio\2022\BuildTools\Common7\IDE\PrivateAssemblies\Microsoft.VisualStudio.ExtensionsExplorer.dll for X86 ngen
[18d4:0007][2026-05-10T02:03:34] Successfully queued file '/Contents/Common7/IDE/PrivateAssemblies/Microsoft.VisualStudio.ExtensionsExplorer.dll' for ngen
[18d4:0007][2026-05-10T02:03:34] Processing file /Contents/Common7/IDE/PrivateAssemblies/Microsoft.VisualStudio.ExtensionsExplorer.UI.dll
[18d4:0007][2026-05-10T02:03:34] Started: Copying file /Contents/Common7/IDE/PrivateAssemblies/Microsoft.VisualStudio.ExtensionsExplorer.UI.dll to D:\Program Files (x86)\Microsoft Visual Studio\2022\BuildTools\Common7\IDE\PrivateAssemblies\Microsoft.VisualStudio.ExtensionsExplorer.UI.dll
[18d4:0007][2026-05-10T02:03:34] Completed: Copying file /Contents/Common7/IDE/PrivateAssemblies/Microsoft.VisualStudio.ExtensionsExplorer.UI.dll to D:\Program Files (x86)\Microsoft Visual Studio\2022\BuildTools\Common7\IDE\PrivateAssemblies\Microsoft.VisualStudio.ExtensionsExplorer.UI.dll
[18d4:0007][2026-05-10T02:03:34] Timestamp updated for file 'D:\Program Files (x86)\Microsoft Visual Studio\2022\BuildTools\Common7\IDE\PrivateAssemblies\Microsoft.VisualStudio.ExtensionsExplorer.UI.dll'.
[18d4:0007][2026-05-10T02:03:34] Queueing D:\Program Files (x86)\Microsoft Visual Studio\2022\BuildTools\Common7\IDE\PrivateAssemblies\Microsoft.VisualStudio.ExtensionsExplorer.UI.dll for X86 ngen
[18d4:0007][2026-05-10T02:03:34] Successfully queued file '/Contents/Common7/IDE/PrivateAssemblies/Microsoft.VisualStudio.ExtensionsExplorer.UI.dll' for ngen
[18d4:0007][2026-05-10T02:03:34] Processing file /Contents/Common7/IDE/PrivateAssemblies/Microsoft.VisualStudio.FileDiscovery.dll
[18d4:0007][2026-05-10T02:03:34] Started: Copying file /Contents/Common7/IDE/PrivateAssemblies/Microsoft.VisualStudio.FileDiscovery.dll to D:\Program Files (x86)\Microsoft Visual Studio\2022\BuildTools\Common7\IDE\PrivateAssemblies\Microsoft.VisualStudio.FileDiscovery.dll
[18d4:0007][2026-05-10T02:03:34] Completed: Copying file /Contents/Common7/IDE/PrivateAssemblies/Microsoft.VisualStudio.FileDiscovery.dll to D:\Program Files (x86)\Microsoft Visual Studio\2022\BuildTools\Common7\IDE\PrivateAssemblies\Microsoft.VisualStudio.FileDiscovery.dll
[18d4:0007][2026-05-10T02:03:34] Timestamp updated for file 'D:\Program Files (x86)\Microsoft Visual Studio\2022\BuildTools\Common7\IDE\PrivateAssemblies\Microsoft.VisualStudio.FileDiscovery.dll'.
[18d4:0007][2026-05-10T02:03:34] Processing file /Contents/Common7/IDE/PrivateAssemblies/Microsoft.VisualStudio.Platform.AppDomainManager.dll
[18d4:0007][2026-05-10T02:03:34] Started: Copying file /Contents/Common7/IDE/PrivateAssemblies/Microsoft.VisualStudio.Platform.AppDomainManager.dll to D:\Program Files (x86)\Microsoft Visual Studio\2022\BuildTools\Common7\IDE\PrivateAssemblies\Microsoft.VisualStudio.Platform.AppDomainManager.dll
[18d4:0007][2026-05-10T02:03:34] Completed: Copying file /Contents/Common7/IDE/PrivateAssemblies/Microsoft.VisualStudio.Platform.AppDomainManager.dll to D:\Program Files (x86)\Microsoft Visual Studio\2022\BuildTools\Common7\IDE\PrivateAssemblies\Microsoft.VisualStudio.Platform.AppDomainManager.dll
[18d4:0007][2026-05-10T02:03:34] Timestamp updated for file 'D:\Program Files (x86)\Microsoft Visual Studio\2022\BuildTools\Common7\IDE\PrivateAssemblies\Microsoft.VisualStudio.Platform.AppDomainManager.dll'.
[18d4:0007][2026-05-10T02:03:34] Processing file /Contents/Common7/IDE/PrivateAssemblies/Microsoft.VisualStudio.RemoteControl.dll
[18d4:0007][2026-05-10T02:03:34] Started: Copying file /Contents/Common7/IDE/PrivateAssemblies/Microsoft.VisualStudio.RemoteControl.dll to D:\Program Files (x86)\Microsoft Visual Studio\2022\BuildTools\Common7\IDE\PrivateAssemblies\Microsoft.VisualStudio.RemoteControl.dll
[18d4:0007][2026-05-10T02:03:34] Completed: Copying file /Contents/Common7/IDE/PrivateAssemblies/Microsoft.VisualStudio.RemoteControl.dll to D:\Program Files (x86)\Microsoft Visual Studio\2022\BuildTools\Common7\IDE\PrivateAssemblies\Microsoft.VisualStudio.RemoteControl.dll
[18d4:0007][2026-05-10T02:03:34] Timestamp updated for file 'D:\Program Files (x86)\Microsoft Visual Studio\2022\BuildTools\Common7\IDE\PrivateAssemblies\Microsoft.VisualStudio.RemoteControl.dll'.
[18d4:0007][2026-05-10T02:03:34] Queueing D:\Program Files (x86)\Microsoft Visual Studio\2022\BuildTools\Common7\IDE\PrivateAssemblies\Microsoft.VisualStudio.RemoteControl.dll for X86 ngen
[18d4:0007][2026-05-10T02:03:34] Successfully queued file '/Contents/Common7/IDE/PrivateAssemblies/Microsoft.VisualStudio.RemoteControl.dll' for ngen
[18d4:0007][2026-05-10T02:03:34] Processing file /Contents/Common7/IDE/PrivateAssemblies/Microsoft.VisualStudio.Services.Gallery.WebApi.dll
[18d4:0007][2026-05-10T02:03:34] Started: Copying file /Contents/Common7/IDE/PrivateAssemblies/Microsoft.VisualStudio.Services.Gallery.WebApi.dll to D:\Program Files (x86)\Microsoft Visual Studio\2022\BuildTools\Common7\IDE\PrivateAssemblies\Microsoft.VisualStudio.Services.Gallery.WebApi.dll
[18d4:0007][2026-05-10T02:03:34] Completed: Copying file /Contents/Common7/IDE/PrivateAssemblies/Microsoft.VisualStudio.Services.Gallery.WebApi.dll to D:\Program Files (x86)\Microsoft Visual Studio\2022\BuildTools\Common7\IDE\PrivateAssemblies\Microsoft.VisualStudio.Services.Gallery.WebApi.dll
[18d4:0007][2026-05-10T02:03:34] Timestamp updated for file 'D:\Program Files (x86)\Microsoft Visual Studio\2022\BuildTools\Common7\IDE\PrivateAssemblies\Microsoft.VisualStudio.Services.Gallery.WebApi.dll'.
[18d4:0007][2026-05-10T02:03:34] Queueing D:\Program Files (x86)\Microsoft Visual Studio\2022\BuildTools\Common7\IDE\PrivateAssemblies\Microsoft.VisualStudio.Services.Gallery.WebApi.dll for X86 ngen
[18d4:0007][2026-05-10T02:03:34] Successfully queued file '/Contents/Common7/IDE/PrivateAssemblies/Microsoft.VisualStudio.Services.Gallery.WebApi.dll' for ngen
[18d4:0007][2026-05-10T02:03:34] Processing file /Contents/Common7/IDE/PrivateAssemblies/Microsoft.VisualStudio.Setup.Common.dll
[18d4:0007][2026-05-10T02:03:34] Started: Copying file /Contents/Common7/IDE/PrivateAssemblies/Microsoft.VisualStudio.Setup.Common.dll to D:\Program Files (x86)\Microsoft Visual Studio\2022\BuildTools\Common7\IDE\PrivateAssemblies\Microsoft.VisualStudio.Setup.Common.dll
[18d4:0007][2026-05-10T02:03:34] Completed: Copying file /Contents/Common7/IDE/PrivateAssemblies/Microsoft.VisualStudio.Setup.Common.dll to D:\Program Files (x86)\Microsoft Visual Studio\2022\BuildTools\Common7\IDE\PrivateAssemblies\Microsoft.VisualStudio.Setup.Common.dll
[18d4:0007][2026-05-10T02:03:34] Timestamp updated for file 'D:\Program Files (x86)\Microsoft Visual Studio\2022\BuildTools\Common7\IDE\PrivateAssemblies\Microsoft.VisualStudio.Setup.Common.dll'.
[18d4:0007][2026-05-10T02:03:34] Queueing D:\Program Files (x86)\Microsoft Visual Studio\2022\BuildTools\Common7\IDE\PrivateAssemblies\Microsoft.VisualStudio.Setup.Common.dll for X86 ngen
[18d4:0007][2026-05-10T02:03:34] Successfully queued file '/Contents/Common7/IDE/PrivateAssemblies/Microsoft.VisualStudio.Setup.Common.dll' for ngen
[18d4:0007][2026-05-10T02:03:34] Processing file /Contents/Common7/IDE/PrivateAssemblies/Microsoft.VisualStudio.Setup.dll
[18d4:0007][2026-05-10T02:03:34] Started: Copying file /Contents/Common7/IDE/PrivateAssemblies/Microsoft.VisualStudio.Setup.dll to D:\Program Files (x86)\Microsoft Visual Studio\2022\BuildTools\Common7\IDE\PrivateAssemblies\Microsoft.VisualStudio.Setup.dll
[18d4:0007][2026-05-10T02:03:34] Completed: Copying file /Contents/Common7/IDE/PrivateAssemblies/Microsoft.VisualStudio.Setup.dll to D:\Program Files (x86)\Microsoft Visual Studio\2022\BuildTools\Common7\IDE\PrivateAssemblies\Microsoft.VisualStudio.Setup.dll
[18d4:0007][2026-05-10T02:03:34] Timestamp updated for file 'D:\Program Files (x86)\Microsoft Visual Studio\2022\BuildTools\Common7\IDE\PrivateAssemblies\Microsoft.VisualStudio.Setup.dll'.
[18d4:0007][2026-05-10T02:03:34] Queueing D:\Program Files (x86)\Microsoft Visual Studio\2022\BuildTools\Common7\IDE\PrivateAssemblies\Microsoft.VisualStudio.Setup.dll for X86 ngen
[18d4:0007][2026-05-10T02:03:34] Successfully queued file '/Contents/Common7/IDE/PrivateAssemblies/Microsoft.VisualStudio.Setup.dll' for ngen
[18d4:0007][2026-05-10T02:03:34] Processing file /Contents/Common7/IDE/PrivateAssemblies/Microsoft.VisualStudio.Setup.Download.dll
[18d4:0007][2026-05-10T02:03:34] Started: Copying file /Contents/Common7/IDE/PrivateAssemblies/Microsoft.VisualStudio.Setup.Download.dll to D:\Program Files (x86)\Microsoft Visual Studio\2022\BuildTools\Common7\IDE\PrivateAssemblies\Microsoft.VisualStudio.Setup.Download.dll
[18d4:0007][2026-05-10T02:03:34] Completed: Copying file /Contents/Common7/IDE/PrivateAssemblies/Microsoft.VisualStudio.Setup.Download.dll to D:\Program Files (x86)\Microsoft Visual Studio\2022\BuildTools\Common7\IDE\PrivateAssemblies\Microsoft.VisualStudio.Setup.Download.dll
[18d4:0007][2026-05-10T02:03:34] Timestamp updated for file 'D:\Program Files (x86)\Microsoft Visual Studio\2022\BuildTools\Common7\IDE\PrivateAssemblies\Microsoft.VisualStudio.Setup.Download.dll'.
[18d4:0007][2026-05-10T02:03:34] Queueing D:\Program Files (x86)\Microsoft Visual Studio\2022\BuildTools\Common7\IDE\PrivateAssemblies\Microsoft.VisualStudio.Setup.Download.dll for X86 ngen
[18d4:0007][2026-05-10T02:03:34] Successfully queued file '/Contents/Common7/IDE/PrivateAssemblies/Microsoft.VisualStudio.Setup.Download.dll' for ngen
[18d4:0007][2026-05-10T02:03:34] Processing file /Contents/Common7/IDE/PrivateAssemblies/microsoft.visualstudio.setup.nuget.config
[18d4:0007][2026-05-10T02:03:34] Started: Copying file /Contents/Common7/IDE/PrivateAssemblies/microsoft.visualstudio.setup.nuget.config to D:\Program Files (x86)\Microsoft Visual Studio\2022\BuildTools\Common7\IDE\PrivateAssemblies\microsoft.visualstudio.setup.nuget.config
[18d4:0007][2026-05-10T02:03:34] Completed: Copying file /Contents/Common7/IDE/PrivateAssemblies/microsoft.visualstudio.setup.nuget.config to D:\Program Files (x86)\Microsoft Visual Studio\2022\BuildTools\Common7\IDE\PrivateAssemblies\microsoft.visualstudio.setup.nuget.config
[18d4:0007][2026-05-10T02:03:34] Timestamp updated for file 'D:\Program Files (x86)\Microsoft Visual Studio\2022\BuildTools\Common7\IDE\PrivateAssemblies\microsoft.visualstudio.setup.nuget.config'.
[18d4:0007][2026-05-10T02:03:34] Processing file /Contents/Common7/IDE/PrivateAssemblies/Microsoft.VisualStudio.Setup.NuGet.Packaging.dll
[18d4:0007][2026-05-10T02:03:34] Started: Copying file /Contents/Common7/IDE/PrivateAssemblies/Microsoft.VisualStudio.Setup.NuGet.Packaging.dll to D:\Program Files (x86)\Microsoft Visual Studio\2022\BuildTools\Common7\IDE\PrivateAssemblies\Microsoft.VisualStudio.Setup.NuGet.Packaging.dll
[18d4:0007][2026-05-10T02:03:34] Completed: Copying file /Contents/Common7/IDE/PrivateAssemblies/Microsoft.VisualStudio.Setup.NuGet.Packaging.dll to D:\Program Files (x86)\Microsoft Visual Studio\2022\BuildTools\Common7\IDE\PrivateAssemblies\Microsoft.VisualStudio.Setup.NuGet.Packaging.dll
[18d4:0007][2026-05-10T02:03:34] Timestamp updated for file 'D:\Program Files (x86)\Microsoft Visual Studio\2022\BuildTools\Common7\IDE\PrivateAssemblies\Microsoft.VisualStudio.Setup.NuGet.Packaging.dll'.
[18d4:0007][2026-05-10T02:03:34] Queueing D:\Program Files (x86)\Microsoft Visual Studio\2022\BuildTools\Common7\IDE\PrivateAssemblies\Microsoft.VisualStudio.Setup.NuGet.Packaging.dll for X86 ngen
[18d4:0007][2026-05-10T02:03:34] Successfully queued file '/Contents/Common7/IDE/PrivateAssemblies/Microsoft.VisualStudio.Setup.NuGet.Packaging.dll' for ngen
[18d4:0007][2026-05-10T02:03:34] Processing file /Contents/Common7/IDE/PrivateAssemblies/Microsoft.VisualStudio.Setup.VSApi.dll
[18d4:0007][2026-05-10T02:03:34] Started: Copying file /Contents/Common7/IDE/PrivateAssemblies/Microsoft.VisualStudio.Setup.VSApi.dll to D:\Program Files (x86)\Microsoft Visual Studio\2022\BuildTools\Common7\IDE\PrivateAssemblies\Microsoft.VisualStudio.Setup.VSApi.dll
[18d4:0007][2026-05-10T02:03:34] Completed: Copying file /Contents/Common7/IDE/PrivateAssemblies/Microsoft.VisualStudio.Setup.VSApi.dll to D:\Program Files (x86)\Microsoft Visual Studio\2022\BuildTools\Common7\IDE\PrivateAssemblies\Microsoft.VisualStudio.Setup.VSApi.dll
[18d4:0007][2026-05-10T02:03:34] Timestamp updated for file 'D:\Program Files (x86)\Microsoft Visual Studio\2022\BuildTools\Common7\IDE\PrivateAssemblies\Microsoft.VisualStudio.Setup.VSApi.dll'.
[18d4:0007][2026-05-10T02:03:34] Queueing D:\Program Files (x86)\Microsoft Visual Studio\2022\BuildTools\Common7\IDE\PrivateAssemblies\Microsoft.VisualStudio.Setup.VSApi.dll for X86 ngen
[18d4:0007][2026-05-10T02:03:34] Successfully queued file '/Contents/Common7/IDE/PrivateAssemblies/Microsoft.VisualStudio.Setup.VSApi.dll' for ngen
[18d4:0007][2026-05-10T02:03:34] Processing file /Contents/Common7/IDE/PrivateAssemblies/Microsoft.VisualStudio.Shell.Internal.WinMD.dll
[18d4:0007][2026-05-10T02:03:34] Started: Copying file /Contents/Common7/IDE/PrivateAssemblies/Microsoft.VisualStudio.Shell.Internal.WinMD.dll to D:\Program Files (x86)\Microsoft Visual Studio\2022\BuildTools\Common7\IDE\PrivateAssemblies\Microsoft.VisualStudio.Shell.Internal.WinMD.dll
[18d4:0007][2026-05-10T02:03:34] Completed: Copying file /Contents/Common7/IDE/PrivateAssemblies/Microsoft.VisualStudio.Shell.Internal.WinMD.dll to D:\Program Files (x86)\Microsoft Visual Studio\2022\BuildTools\Common7\IDE\PrivateAssemblies\Microsoft.VisualStudio.Shell.Internal.WinMD.dll
[18d4:0007][2026-05-10T02:03:34] Timestamp updated for file 'D:\Program Files (x86)\Microsoft Visual Studio\2022\BuildTools\Common7\IDE\PrivateAssemblies\Microsoft.VisualStudio.Shell.Internal.WinMD.dll'.
[18d4:0007][2026-05-10T02:03:34] Queueing D:\Program Files (x86)\Microsoft Visual Studio\2022\BuildTools\Common7\IDE\PrivateAssemblies\Microsoft.VisualStudio.Shell.Internal.WinMD.dll for X86 ngen
[18d4:0007][2026-05-10T02:03:34] Successfully queued file '/Contents/Common7/IDE/PrivateAssemblies/Microsoft.VisualStudio.Shell.Internal.WinMD.dll' for ngen
[18d4:0007][2026-05-10T02:03:34] Processing file /Contents/Common7/IDE/PrivateAssemblies/Microsoft.VisualStudio.SolutionPersistence.dll
[18d4:0007][2026-05-10T02:03:34] Started: Copying file /Contents/Common7/IDE/PrivateAssemblies/Microsoft.VisualStudio.SolutionPersistence.dll to D:\Program Files (x86)\Microsoft Visual Studio\2022\BuildTools\Common7\IDE\PrivateAssemblies\Microsoft.VisualStudio.SolutionPersistence.dll
[18d4:0007][2026-05-10T02:03:34] Completed: Copying file /Contents/Common7/IDE/PrivateAssemblies/Microsoft.VisualStudio.SolutionPersistence.dll to D:\Program Files (x86)\Microsoft Visual Studio\2022\BuildTools\Common7\IDE\PrivateAssemblies\Microsoft.VisualStudio.SolutionPersistence.dll
[18d4:0007][2026-05-10T02:03:34] Timestamp updated for file 'D:\Program Files (x86)\Microsoft Visual Studio\2022\BuildTools\Common7\IDE\PrivateAssemblies\Microsoft.VisualStudio.SolutionPersistence.dll'.
[18d4:0007][2026-05-10T02:03:34] Queueing D:\Program Files (x86)\Microsoft Visual Studio\2022\BuildTools\Common7\IDE\PrivateAssemblies\Microsoft.VisualStudio.SolutionPersistence.dll for X86 ngen
[18d4:0007][2026-05-10T02:03:34] Successfully queued file '/Contents/Common7/IDE/PrivateAssemblies/Microsoft.VisualStudio.SolutionPersistence.dll' for ngen
[18d4:0007][2026-05-10T02:03:34] Processing file /Contents/Common7/IDE/PrivateAssemblies/Microsoft.VisualStudio.Telemetry.dll
[18d4:0007][2026-05-10T02:03:34] Started: Copying file /Contents/Common7/IDE/PrivateAssemblies/Microsoft.VisualStudio.Telemetry.dll to D:\Program Files (x86)\Microsoft Visual Studio\2022\BuildTools\Common7\IDE\PrivateAssemblies\Microsoft.VisualStudio.Telemetry.dll
[18d4:0007][2026-05-10T02:03:34] Completed: Copying file /Contents/Common7/IDE/PrivateAssemblies/Microsoft.VisualStudio.Telemetry.dll to D:\Program Files (x86)\Microsoft Visual Studio\2022\BuildTools\Common7\IDE\PrivateAssemblies\Microsoft.VisualStudio.Telemetry.dll
[18d4:0007][2026-05-10T02:03:34] Timestamp updated for file 'D:\Program Files (x86)\Microsoft Visual Studio\2022\BuildTools\Common7\IDE\PrivateAssemblies\Microsoft.VisualStudio.Telemetry.dll'.
[18d4:0007][2026-05-10T02:03:34] Queueing D:\Program Files (x86)\Microsoft Visual Studio\2022\BuildTools\Common7\IDE\PrivateAssemblies\Microsoft.VisualStudio.Telemetry.dll for X86 ngen
[18d4:0007][2026-05-10T02:03:34] Queueing D:\Program Files (x86)\Microsoft Visual Studio\2022\BuildTools\Common7\IDE\PrivateAssemblies\Microsoft.VisualStudio.Telemetry.dll for X64 ngen
[18d4:0007][2026-05-10T02:03:34] Successfully queued file '/Contents/Common7/IDE/PrivateAssemblies/Microsoft.VisualStudio.Telemetry.dll' for ngen
[18d4:0007][2026-05-10T02:03:34] Processing file /Contents/Common7/IDE/PrivateAssemblies/Microsoft.VisualStudio.Telemetry.Package.dll
[18d4:0007][2026-05-10T02:03:34] Started: Copying file /Contents/Common7/IDE/PrivateAssemblies/Microsoft.VisualStudio.Telemetry.Package.dll to D:\Program Files (x86)\Microsoft Visual Studio\2022\BuildTools\Common7\IDE\PrivateAssemblies\Microsoft.VisualStudio.Telemetry.Package.dll
[18d4:0007][2026-05-10T02:03:34] Completed: Copying file /Contents/Common7/IDE/PrivateAssemblies/Microsoft.VisualStudio.Telemetry.Package.dll to D:\Program Files (x86)\Microsoft Visual Studio\2022\BuildTools\Common7\IDE\PrivateAssemblies\Microsoft.VisualStudio.Telemetry.Package.dll
[18d4:0007][2026-05-10T02:03:34] Timestamp updated for file 'D:\Program Files (x86)\Microsoft Visual Studio\2022\BuildTools\Common7\IDE\PrivateAssemblies\Microsoft.VisualStudio.Telemetry.Package.dll'.
[18d4:0007][2026-05-10T02:03:34] Queueing D:\Program Files (x86)\Microsoft Visual Studio\2022\BuildTools\Common7\IDE\PrivateAssemblies\Microsoft.VisualStudio.Telemetry.Package.dll for X86 ngen
[18d4:0007][2026-05-10T02:03:34] Successfully queued file '/Contents/Common7/IDE/PrivateAssemblies/Microsoft.VisualStudio.Telemetry.Package.dll' for ngen
[18d4:0007][2026-05-10T02:03:34] Processing file /Contents/Common7/IDE/PrivateAssemblies/Microsoft.VisualStudio.TemplateProviders.Implementation.dll
[18d4:0007][2026-05-10T02:03:34] Started: Copying file /Contents/Common7/IDE/PrivateAssemblies/Microsoft.VisualStudio.TemplateProviders.Implementation.dll to D:\Program Files (x86)\Microsoft Visual Studio\2022\BuildTools\Common7\IDE\PrivateAssemblies\Microsoft.VisualStudio.TemplateProviders.Implementation.dll
[18d4:0007][2026-05-10T02:03:34] Completed: Copying file /Contents/Common7/IDE/PrivateAssemblies/Microsoft.VisualStudio.TemplateProviders.Implementation.dll to D:\Program Files (x86)\Microsoft Visual Studio\2022\BuildTools\Common7\IDE\PrivateAssemblies\Microsoft.VisualStudio.TemplateProviders.Implementation.dll
[18d4:0007][2026-05-10T02:03:34] Timestamp updated for file 'D:\Program Files (x86)\Microsoft Visual Studio\2022\BuildTools\Common7\IDE\PrivateAssemblies\Microsoft.VisualStudio.TemplateProviders.Implementation.dll'.
[18d4:0007][2026-05-10T02:03:34] Processing file /Contents/Common7/IDE/PrivateAssemblies/Microsoft.VisualStudio.Threading.dll
[18d4:0007][2026-05-10T02:03:34] Started: Copying file /Contents/Common7/IDE/PrivateAssemblies/Microsoft.VisualStudio.Threading.dll to D:\Program Files (x86)\Microsoft Visual Studio\2022\BuildTools\Common7\IDE\PrivateAssemblies\Microsoft.VisualStudio.Threading.dll
[18d4:0007][2026-05-10T02:03:34] Completed: Copying file /Contents/Common7/IDE/PrivateAssemblies/Microsoft.VisualStudio.Threading.dll to D:\Program Files (x86)\Microsoft Visual Studio\2022\BuildTools\Common7\IDE\PrivateAssemblies\Microsoft.VisualStudio.Threading.dll
[18d4:0007][2026-05-10T02:03:34] Timestamp updated for file 'D:\Program Files (x86)\Microsoft Visual Studio\2022\BuildTools\Common7\IDE\PrivateAssemblies\Microsoft.VisualStudio.Threading.dll'.
[18d4:0007][2026-05-10T02:03:34] Queueing D:\Program Files (x86)\Microsoft Visual Studio\2022\BuildTools\Common7\IDE\PrivateAssemblies\Microsoft.VisualStudio.Threading.dll for X86 ngen
[18d4:0007][2026-05-10T02:03:34] Successfully queued file '/Contents/Common7/IDE/PrivateAssemblies/Microsoft.VisualStudio.Threading.dll' for ngen
[18d4:0007][2026-05-10T02:03:34] Processing file /Contents/Common7/IDE/PrivateAssemblies/Microsoft.VisualStudio.Utilities.Internal.dll
[18d4:0007][2026-05-10T02:03:34] Started: Copying file /Contents/Common7/IDE/PrivateAssemblies/Microsoft.VisualStudio.Utilities.Internal.dll to D:\Program Files (x86)\Microsoft Visual Studio\2022\BuildTools\Common7\IDE\PrivateAssemblies\Microsoft.VisualStudio.Utilities.Internal.dll
[18d4:0007][2026-05-10T02:03:34] Completed: Copying file /Contents/Common7/IDE/PrivateAssemblies/Microsoft.VisualStudio.Utilities.Internal.dll to D:\Program Files (x86)\Microsoft Visual Studio\2022\BuildTools\Common7\IDE\PrivateAssemblies\Microsoft.VisualStudio.Utilities.Internal.dll
[18d4:0007][2026-05-10T02:03:34] Timestamp updated for file 'D:\Program Files (x86)\Microsoft Visual Studio\2022\BuildTools\Common7\IDE\PrivateAssemblies\Microsoft.VisualStudio.Utilities.Internal.dll'.
[18d4:0007][2026-05-10T02:03:34] Queueing D:\Program Files (x86)\Microsoft Visual Studio\2022\BuildTools\Common7\IDE\PrivateAssemblies\Microsoft.VisualStudio.Utilities.Internal.dll for X86 ngen
[18d4:0007][2026-05-10T02:03:34] Successfully queued file '/Contents/Common7/IDE/PrivateAssemblies/Microsoft.VisualStudio.Utilities.Internal.dll' for ngen
[18d4:0007][2026-05-10T02:03:34] Processing file /Contents/Common7/IDE/PrivateAssemblies/Newtonsoft.Json.12.0.0.2/Newtonsoft.Json.dll
[18d4:0007][2026-05-10T02:03:34] Started: Copying file /Contents/Common7/IDE/PrivateAssemblies/Newtonsoft.Json.12.0.0.2/Newtonsoft.Json.dll to D:\Program Files (x86)\Microsoft Visual Studio\2022\BuildTools\Common7\IDE\PrivateAssemblies\Newtonsoft.Json.12.0.0.2\Newtonsoft.Json.dll
[18d4:0007][2026-05-10T02:03:34] Completed: Copying file /Contents/Common7/IDE/PrivateAssemblies/Newtonsoft.Json.12.0.0.2/Newtonsoft.Json.dll to D:\Program Files (x86)\Microsoft Visual Studio\2022\BuildTools\Common7\IDE\PrivateAssemblies\Newtonsoft.Json.12.0.0.2\Newtonsoft.Json.dll
[18d4:0007][2026-05-10T02:03:34] Timestamp updated for file 'D:\Program Files (x86)\Microsoft Visual Studio\2022\BuildTools\Common7\IDE\PrivateAssemblies\Newtonsoft.Json.12.0.0.2\Newtonsoft.Json.dll'.
[18d4:0007][2026-05-10T02:03:34] Processing file /Contents/Common7/IDE/PrivateAssemblies/Newtonsoft.Json.13.0.1.0/Newtonsoft.Json.dll
[18d4:0007][2026-05-10T02:03:34] Started: Copying file /Contents/Common7/IDE/PrivateAssemblies/Newtonsoft.Json.13.0.1.0/Newtonsoft.Json.dll to D:\Program Files (x86)\Microsoft Visual Studio\2022\BuildTools\Common7\IDE\PrivateAssemblies\Newtonsoft.Json.13.0.1.0\Newtonsoft.Json.dll
[18d4:0007][2026-05-10T02:03:34] Completed: Copying file /Contents/Common7/IDE/PrivateAssemblies/Newtonsoft.Json.13.0.1.0/Newtonsoft.Json.dll to D:\Program Files (x86)\Microsoft Visual Studio\2022\BuildTools\Common7\IDE\PrivateAssemblies\Newtonsoft.Json.13.0.1.0\Newtonsoft.Json.dll
[18d4:0007][2026-05-10T02:03:34] Timestamp updated for file 'D:\Program Files (x86)\Microsoft Visual Studio\2022\BuildTools\Common7\IDE\PrivateAssemblies\Newtonsoft.Json.13.0.1.0\Newtonsoft.Json.dll'.
[18d4:0007][2026-05-10T02:03:34] Processing file /Contents/Common7/IDE/PrivateAssemblies/Newtonsoft.Json.13.0.3.0/Newtonsoft.Json.dll
[18d4:0007][2026-05-10T02:03:34] Started: Copying file /Contents/Common7/IDE/PrivateAssemblies/Newtonsoft.Json.13.0.3.0/Newtonsoft.Json.dll to D:\Program Files (x86)\Microsoft Visual Studio\2022\BuildTools\Common7\IDE\PrivateAssemblies\Newtonsoft.Json.13.0.3.0\Newtonsoft.Json.dll
[18d4:0007][2026-05-10T02:03:34] Completed: Copying file /Contents/Common7/IDE/PrivateAssemblies/Newtonsoft.Json.13.0.3.0/Newtonsoft.Json.dll to D:\Program Files (x86)\Microsoft Visual Studio\2022\BuildTools\Common7\IDE\PrivateAssemblies\Newtonsoft.Json.13.0.3.0\Newtonsoft.Json.dll
[18d4:0007][2026-05-10T02:03:34] Timestamp updated for file 'D:\Program Files (x86)\Microsoft Visual Studio\2022\BuildTools\Common7\IDE\PrivateAssemblies\Newtonsoft.Json.13.0.3.0\Newtonsoft.Json.dll'.
[18d4:0007][2026-05-10T02:03:34] Queueing D:\Program Files (x86)\Microsoft Visual Studio\2022\BuildTools\Common7\IDE\PrivateAssemblies\Newtonsoft.Json.13.0.3.0\Newtonsoft.Json.dll for X86 ngen
[18d4:0007][2026-05-10T02:03:34] Queueing D:\Program Files (x86)\Microsoft Visual Studio\2022\BuildTools\Common7\IDE\PrivateAssemblies\Newtonsoft.Json.13.0.3.0\Newtonsoft.Json.dll for X64 ngen
[18d4:0007][2026-05-10T02:03:34] Successfully queued file '/Contents/Common7/IDE/PrivateAssemblies/Newtonsoft.Json.13.0.3.0/Newtonsoft.Json.dll' for ngen
[18d4:0007][2026-05-10T02:03:34] Processing file /Contents/Common7/IDE/PrivateAssemblies/Newtonsoft.Json.9.0.0.1/Newtonsoft.Json.dll
[18d4:0007][2026-05-10T02:03:34] Started: Copying file /Contents/Common7/IDE/PrivateAssemblies/Newtonsoft.Json.9.0.0.1/Newtonsoft.Json.dll to D:\Program Files (x86)\Microsoft Visual Studio\2022\BuildTools\Common7\IDE\PrivateAssemblies\Newtonsoft.Json.9.0.0.1\Newtonsoft.Json.dll
[18d4:0007][2026-05-10T02:03:34] Completed: Copying file /Contents/Common7/IDE/PrivateAssemblies/Newtonsoft.Json.9.0.0.1/Newtonsoft.Json.dll to D:\Program Files (x86)\Microsoft Visual Studio\2022\BuildTools\Common7\IDE\PrivateAssemblies\Newtonsoft.Json.9.0.0.1\Newtonsoft.Json.dll
[18d4:0007][2026-05-10T02:03:34] Timestamp updated for file 'D:\Program Files (x86)\Microsoft Visual Studio\2022\BuildTools\Common7\IDE\PrivateAssemblies\Newtonsoft.Json.9.0.0.1\Newtonsoft.Json.dll'.
[18d4:0007][2026-05-10T02:03:34] Processing file /Contents/Common7/IDE/PrivateAssemblies/System.Design.dll
[18d4:0007][2026-05-10T02:03:34] Started: Copying file /Contents/Common7/IDE/PrivateAssemblies/System.Design.dll to D:\Program Files (x86)\Microsoft Visual Studio\2022\BuildTools\Common7\IDE\PrivateAssemblies\System.Design.dll
[18d4:0007][2026-05-10T02:03:34] Completed: Copying file /Contents/Common7/IDE/PrivateAssemblies/System.Design.dll to D:\Program Files (x86)\Microsoft Visual Studio\2022\BuildTools\Common7\IDE\PrivateAssemblies\System.Design.dll
[18d4:0007][2026-05-10T02:03:34] Timestamp updated for file 'D:\Program Files (x86)\Microsoft Visual Studio\2022\BuildTools\Common7\IDE\PrivateAssemblies\System.Design.dll'.
[18d4:0007][2026-05-10T02:03:34] Queueing D:\Program Files (x86)\Microsoft Visual Studio\2022\BuildTools\Common7\IDE\PrivateAssemblies\System.Design.dll for X86 ngen
[18d4:0007][2026-05-10T02:03:34] Successfully queued file '/Contents/Common7/IDE/PrivateAssemblies/System.Design.dll' for ngen
[18d4:0007][2026-05-10T02:03:34] Processing file /Contents/Common7/IDE/PublicAssemblies/Microsoft.VisualStudio.Shell.15.0.dll
[18d4:0007][2026-05-10T02:03:34] Started: Copying file /Contents/Common7/IDE/PublicAssemblies/Microsoft.VisualStudio.Shell.15.0.dll to D:\Program Files (x86)\Microsoft Visual Studio\2022\BuildTools\Common7\IDE\PublicAssemblies\Microsoft.VisualStudio.Shell.15.0.dll
[18d4:0007][2026-05-10T02:03:34] Completed: Copying file /Contents/Common7/IDE/PublicAssemblies/Microsoft.VisualStudio.Shell.15.0.dll to D:\Program Files (x86)\Microsoft Visual Studio\2022\BuildTools\Common7\IDE\PublicAssemblies\Microsoft.VisualStudio.Shell.15.0.dll
[18d4:0007][2026-05-10T02:03:34] Timestamp updated for file 'D:\Program Files (x86)\Microsoft Visual Studio\2022\BuildTools\Common7\IDE\PublicAssemblies\Microsoft.VisualStudio.Shell.15.0.dll'.
[18d4:0007][2026-05-10T02:03:34] Queueing D:\Program Files (x86)\Microsoft Visual Studio\2022\BuildTools\Common7\IDE\PublicAssemblies\Microsoft.VisualStudio.Shell.15.0.dll for X86 ngen
[18d4:0007][2026-05-10T02:03:34] Successfully queued file '/Contents/Common7/IDE/PublicAssemblies/Microsoft.VisualStudio.Shell.15.0.dll' for ngen
[18d4:0007][2026-05-10T02:03:34] Processing file /Contents/Common7/IDE/PublicAssemblies/Microsoft.VisualStudio.Shell.Framework.dll
[18d4:0007][2026-05-10T02:03:34] Started: Copying file /Contents/Common7/IDE/PublicAssemblies/Microsoft.VisualStudio.Shell.Framework.dll to D:\Program Files (x86)\Microsoft Visual Studio\2022\BuildTools\Common7\IDE\PublicAssemblies\Microsoft.VisualStudio.Shell.Framework.dll
[18d4:0007][2026-05-10T02:03:34] Completed: Copying file /Contents/Common7/IDE/PublicAssemblies/Microsoft.VisualStudio.Shell.Framework.dll to D:\Program Files (x86)\Microsoft Visual Studio\2022\BuildTools\Common7\IDE\PublicAssemblies\Microsoft.VisualStudio.Shell.Framework.dll
[18d4:0007][2026-05-10T02:03:34] Timestamp updated for file 'D:\Program Files (x86)\Microsoft Visual Studio\2022\BuildTools\Common7\IDE\PublicAssemblies\Microsoft.VisualStudio.Shell.Framework.dll'.
[18d4:0007][2026-05-10T02:03:34] Queueing D:\Program Files (x86)\Microsoft Visual Studio\2022\BuildTools\Common7\IDE\PublicAssemblies\Microsoft.VisualStudio.Shell.Framework.dll for X86 ngen
[18d4:0007][2026-05-10T02:03:34] Successfully queued file '/Contents/Common7/IDE/PublicAssemblies/Microsoft.VisualStudio.Shell.Framework.dll' for ngen
[18d4:0007][2026-05-10T02:03:34] Processing file /Contents/Common7/IDE/PublicAssemblies/Microsoft.VisualStudio.Shell.Immutable.10.0.dll
[18d4:0007][2026-05-10T02:03:34] Started: Copying file /Contents/Common7/IDE/PublicAssemblies/Microsoft.VisualStudio.Shell.Immutable.10.0.dll to D:\Program Files (x86)\Microsoft Visual Studio\2022\BuildTools\Common7\IDE\PublicAssemblies\Microsoft.VisualStudio.Shell.Immutable.10.0.dll
[18d4:0007][2026-05-10T02:03:34] Completed: Copying file /Contents/Common7/IDE/PublicAssemblies/Microsoft.VisualStudio.Shell.Immutable.10.0.dll to D:\Program Files (x86)\Microsoft Visual Studio\2022\BuildTools\Common7\IDE\PublicAssemblies\Microsoft.VisualStudio.Shell.Immutable.10.0.dll
[18d4:0007][2026-05-10T02:03:34] Timestamp updated for file 'D:\Program Files (x86)\Microsoft Visual Studio\2022\BuildTools\Common7\IDE\PublicAssemblies\Microsoft.VisualStudio.Shell.Immutable.10.0.dll'.
[18d4:0007][2026-05-10T02:03:34] Processing file /Contents/Common7/IDE/PublicAssemblies/Microsoft.VisualStudio.Shell.Immutable.11.0.dll
[18d4:0007][2026-05-10T02:03:34] Started: Copying file /Contents/Common7/IDE/PublicAssemblies/Microsoft.VisualStudio.Shell.Immutable.11.0.dll to D:\Program Files (x86)\Microsoft Visual Studio\2022\BuildTools\Common7\IDE\PublicAssemblies\Microsoft.VisualStudio.Shell.Immutable.11.0.dll
[18d4:0007][2026-05-10T02:03:34] Completed: Copying file /Contents/Common7/IDE/PublicAssemblies/Microsoft.VisualStudio.Shell.Immutable.11.0.dll to D:\Program Files (x86)\Microsoft Visual Studio\2022\BuildTools\Common7\IDE\PublicAssemblies\Microsoft.VisualStudio.Shell.Immutable.11.0.dll
[18d4:0007][2026-05-10T02:03:34] Timestamp updated for file 'D:\Program Files (x86)\Microsoft Visual Studio\2022\BuildTools\Common7\IDE\PublicAssemblies\Microsoft.VisualStudio.Shell.Immutable.11.0.dll'.
[18d4:0007][2026-05-10T02:03:34] Processing file /Contents/Common7/IDE/PublicAssemblies/Microsoft.VisualStudio.Shell.Immutable.12.0.dll
[18d4:0007][2026-05-10T02:03:34] Started: Copying file /Contents/Common7/IDE/PublicAssemblies/Microsoft.VisualStudio.Shell.Immutable.12.0.dll to D:\Program Files (x86)\Microsoft Visual Studio\2022\BuildTools\Common7\IDE\PublicAssemblies\Microsoft.VisualStudio.Shell.Immutable.12.0.dll
[18d4:0007][2026-05-10T02:03:34] Completed: Copying file /Contents/Common7/IDE/PublicAssemblies/Microsoft.VisualStudio.Shell.Immutable.12.0.dll to D:\Program Files (x86)\Microsoft Visual Studio\2022\BuildTools\Common7\IDE\PublicAssemblies\Microsoft.VisualStudio.Shell.Immutable.12.0.dll
[18d4:0007][2026-05-10T02:03:34] Timestamp updated for file 'D:\Program Files (x86)\Microsoft Visual Studio\2022\BuildTools\Common7\IDE\PublicAssemblies\Microsoft.VisualStudio.Shell.Immutable.12.0.dll'.
[18d4:0007][2026-05-10T02:03:34] Processing file /Contents/Common7/IDE/PublicAssemblies/Microsoft.VisualStudio.Shell.Immutable.14.0.dll
[18d4:0007][2026-05-10T02:03:34] Started: Copying file /Contents/Common7/IDE/PublicAssemblies/Microsoft.VisualStudio.Shell.Immutable.14.0.dll to D:\Program Files (x86)\Microsoft Visual Studio\2022\BuildTools\Common7\IDE\PublicAssemblies\Microsoft.VisualStudio.Shell.Immutable.14.0.dll
[18d4:0007][2026-05-10T02:03:34] Completed: Copying file /Contents/Common7/IDE/PublicAssemblies/Microsoft.VisualStudio.Shell.Immutable.14.0.dll to D:\Program Files (x86)\Microsoft Visual Studio\2022\BuildTools\Common7\IDE\PublicAssemblies\Microsoft.VisualStudio.Shell.Immutable.14.0.dll
[18d4:0007][2026-05-10T02:03:34] Timestamp updated for file 'D:\Program Files (x86)\Microsoft Visual Studio\2022\BuildTools\Common7\IDE\PublicAssemblies\Microsoft.VisualStudio.Shell.Immutable.14.0.dll'.
[18d4:0007][2026-05-10T02:03:34] Queueing D:\Program Files (x86)\Microsoft Visual Studio\2022\BuildTools\Common7\IDE\PublicAssemblies\Microsoft.VisualStudio.Shell.Immutable.14.0.dll for X86 ngen
[18d4:0007][2026-05-10T02:03:34] Successfully queued file '/Contents/Common7/IDE/PublicAssemblies/Microsoft.VisualStudio.Shell.Immutable.14.0.dll' for ngen
[18d4:0007][2026-05-10T02:03:34] Processing file /Contents/Common7/IDE/ShellExtensions/Platform/AppEnvConfig.pkgdef
[18d4:0007][2026-05-10T02:03:34] Started: Copying file /Contents/Common7/IDE/ShellExtensions/Platform/AppEnvConfig.pkgdef to D:\Program Files (x86)\Microsoft Visual Studio\2022\BuildTools\Common7\IDE\ShellExtensions\Platform\AppEnvConfig.pkgdef
[18d4:0007][2026-05-10T02:03:34] Completed: Copying file /Contents/Common7/IDE/ShellExtensions/Platform/AppEnvConfig.pkgdef to D:\Program Files (x86)\Microsoft Visual Studio\2022\BuildTools\Common7\IDE\ShellExtensions\Platform\AppEnvConfig.pkgdef
[18d4:0007][2026-05-10T02:03:34] Timestamp updated for file 'D:\Program Files (x86)\Microsoft Visual Studio\2022\BuildTools\Common7\IDE\ShellExtensions\Platform\AppEnvConfig.pkgdef'.
[18d4:0007][2026-05-10T02:03:34] Processing file /Contents/Common7/IDE/SolutionTemplates/blank.sln
[18d4:0007][2026-05-10T02:03:34] Started: Copying file /Contents/Common7/IDE/SolutionTemplates/blank.sln to D:\Program Files (x86)\Microsoft Visual Studio\2022\BuildTools\Common7\IDE\SolutionTemplates\blank.sln
[18d4:0007][2026-05-10T02:03:34] Completed: Copying file /Contents/Common7/IDE/SolutionTemplates/blank.sln to D:\Program Files (x86)\Microsoft Visual Studio\2022\BuildTools\Common7\IDE\SolutionTemplates\blank.sln
[18d4:0007][2026-05-10T02:03:34] Timestamp updated for file 'D:\Program Files (x86)\Microsoft Visual Studio\2022\BuildTools\Common7\IDE\SolutionTemplates\blank.sln'.
[18d4:0007][2026-05-10T02:03:34] Processing file /Contents/Common7/IDE/SolutionTemplates/blank.vsdir
[18d4:0007][2026-05-10T02:03:34] Started: Copying file /Contents/Common7/IDE/SolutionTemplates/blank.vsdir to D:\Program Files (x86)\Microsoft Visual Studio\2022\BuildTools\Common7\IDE\SolutionTemplates\blank.vsdir
[18d4:0007][2026-05-10T02:03:34] Completed: Copying file /Contents/Common7/IDE/SolutionTemplates/blank.vsdir to D:\Program Files (x86)\Microsoft Visual Studio\2022\BuildTools\Common7\IDE\SolutionTemplates\blank.vsdir
[18d4:0007][2026-05-10T02:03:34] Timestamp updated for file 'D:\Program Files (x86)\Microsoft Visual Studio\2022\BuildTools\Common7\IDE\SolutionTemplates\blank.vsdir'.
[18d4:0007][2026-05-10T02:03:34] Processing file /Contents/Common7/IDE/ToolboxCaches/ToolboxItemDiscoveryCache.2ed5b6c0-e464-4454-972b-0a666a9f8c5d.dat
[18d4:0007][2026-05-10T02:03:34] Started: Copying file /Contents/Common7/IDE/ToolboxCaches/ToolboxItemDiscoveryCache.2ed5b6c0-e464-4454-972b-0a666a9f8c5d.dat to D:\Program Files (x86)\Microsoft Visual Studio\2022\BuildTools\Common7\IDE\ToolboxCaches\ToolboxItemDiscoveryCache.2ed5b6c0-e464-4454-972b-0a666a9f8c5d.dat
[18d4:0007][2026-05-10T02:03:34] Completed: Copying file /Contents/Common7/IDE/ToolboxCaches/ToolboxItemDiscoveryCache.2ed5b6c0-e464-4454-972b-0a666a9f8c5d.dat to D:\Program Files (x86)\Microsoft Visual Studio\2022\BuildTools\Common7\IDE\ToolboxCaches\ToolboxItemDiscoveryCache.2ed5b6c0-e464-4454-972b-0a666a9f8c5d.dat
[18d4:0007][2026-05-10T02:03:34] Timestamp updated for file 'D:\Program Files (x86)\Microsoft Visual Studio\2022\BuildTools\Common7\IDE\ToolboxCaches\ToolboxItemDiscoveryCache.2ed5b6c0-e464-4454-972b-0a666a9f8c5d.dat'.
[18d4:0007][2026-05-10T02:03:34] Processing file /Contents/Common7/IDE/ToolboxCaches/ToolboxItemDiscoveryCache.3f527a12-a490-4474-8d61-1e52a873c122.dat
[18d4:0007][2026-05-10T02:03:34] Started: Copying file /Contents/Common7/IDE/ToolboxCaches/ToolboxItemDiscoveryCache.3f527a12-a490-4474-8d61-1e52a873c122.dat to D:\Program Files (x86)\Microsoft Visual Studio\2022\BuildTools\Common7\IDE\ToolboxCaches\ToolboxItemDiscoveryCache.3f527a12-a490-4474-8d61-1e52a873c122.dat
[18d4:0007][2026-05-10T02:03:34] Completed: Copying file /Contents/Common7/IDE/ToolboxCaches/ToolboxItemDiscoveryCache.3f527a12-a490-4474-8d61-1e52a873c122.dat to D:\Program Files (x86)\Microsoft Visual Studio\2022\BuildTools\Common7\IDE\ToolboxCaches\ToolboxItemDiscoveryCache.3f527a12-a490-4474-8d61-1e52a873c122.dat
[18d4:0007][2026-05-10T02:03:34] Timestamp updated for file 'D:\Program Files (x86)\Microsoft Visual Studio\2022\BuildTools\Common7\IDE\ToolboxCaches\ToolboxItemDiscoveryCache.3f527a12-a490-4474-8d61-1e52a873c122.dat'.
[18d4:0007][2026-05-10T02:03:34] Processing file /Contents/Common7/IDE/ToolboxCaches/ToolboxItemDiscoveryCache.7036b125-fa82-3aba-acb8-bdbc97782a06.dat
[18d4:0007][2026-05-10T02:03:34] Started: Copying file /Contents/Common7/IDE/ToolboxCaches/ToolboxItemDiscoveryCache.7036b125-fa82-3aba-acb8-bdbc97782a06.dat to D:\Program Files (x86)\Microsoft Visual Studio\2022\BuildTools\Common7\IDE\ToolboxCaches\ToolboxItemDiscoveryCache.7036b125-fa82-3aba-acb8-bdbc97782a06.dat
[18d4:0007][2026-05-10T02:03:34] Completed: Copying file /Contents/Common7/IDE/ToolboxCaches/ToolboxItemDiscoveryCache.7036b125-fa82-3aba-acb8-bdbc97782a06.dat to D:\Program Files (x86)\Microsoft Visual Studio\2022\BuildTools\Common7\IDE\ToolboxCaches\ToolboxItemDiscoveryCache.7036b125-fa82-3aba-acb8-bdbc97782a06.dat
[18d4:0007][2026-05-10T02:03:34] Timestamp updated for file 'D:\Program Files (x86)\Microsoft Visual Studio\2022\BuildTools\Common7\IDE\ToolboxCaches\ToolboxItemDiscoveryCache.7036b125-fa82-3aba-acb8-bdbc97782a06.dat'.
[18d4:0007][2026-05-10T02:03:34] Processing file /Contents/Common7/IDE/ToolboxCaches/ToolboxItemDiscoveryCache.7c9becba-12b9-4480-9dbf-2345aa3c4f9a.dat
[18d4:0007][2026-05-10T02:03:34] Started: Copying file /Contents/Common7/IDE/ToolboxCaches/ToolboxItemDiscoveryCache.7c9becba-12b9-4480-9dbf-2345aa3c4f9a.dat to D:\Program Files (x86)\Microsoft Visual Studio\2022\BuildTools\Common7\IDE\ToolboxCaches\ToolboxItemDiscoveryCache.7c9becba-12b9-4480-9dbf-2345aa3c4f9a.dat
[18d4:0007][2026-05-10T02:03:34] Completed: Copying file /Contents/Common7/IDE/ToolboxCaches/ToolboxItemDiscoveryCache.7c9becba-12b9-4480-9dbf-2345aa3c4f9a.dat to D:\Program Files (x86)\Microsoft Visual Studio\2022\BuildTools\Common7\IDE\ToolboxCaches\ToolboxItemDiscoveryCache.7c9becba-12b9-4480-9dbf-2345aa3c4f9a.dat
[18d4:0007][2026-05-10T02:03:34] Timestamp updated for file 'D:\Program Files (x86)\Microsoft Visual Studio\2022\BuildTools\Common7\IDE\ToolboxCaches\ToolboxItemDiscoveryCache.7c9becba-12b9-4480-9dbf-2345aa3c4f9a.dat'.
[18d4:0007][2026-05-10T02:03:34] Processing file /Contents/Common7/IDE/x64/offreg.dll
[18d4:0007][2026-05-10T02:03:34] Started: Copying file /Contents/Common7/IDE/x64/offreg.dll to D:\Program Files (x86)\Microsoft Visual Studio\2022\BuildTools\Common7\IDE\x64\offreg.dll
[18d4:0007][2026-05-10T02:03:34] Completed: Copying file /Contents/Common7/IDE/x64/offreg.dll to D:\Program Files (x86)\Microsoft Visual Studio\2022\BuildTools\Common7\IDE\x64\offreg.dll
[18d4:0007][2026-05-10T02:03:34] Timestamp updated for file 'D:\Program Files (x86)\Microsoft Visual Studio\2022\BuildTools\Common7\IDE\x64\offreg.dll'.
[18d4:0007][2026-05-10T02:03:34] Processing file /Contents/Common7/IDE/x64/VsRegistryDetour.dll
[18d4:0007][2026-05-10T02:03:34] Started: Copying file /Contents/Common7/IDE/x64/VsRegistryDetour.dll to D:\Program Files (x86)\Microsoft Visual Studio\2022\BuildTools\Common7\IDE\x64\VsRegistryDetour.dll
[18d4:0007][2026-05-10T02:03:34] Completed: Copying file /Contents/Common7/IDE/x64/VsRegistryDetour.dll to D:\Program Files (x86)\Microsoft Visual Studio\2022\BuildTools\Common7\IDE\x64\VsRegistryDetour.dll
[18d4:0007][2026-05-10T02:03:34] Timestamp updated for file 'D:\Program Files (x86)\Microsoft Visual Studio\2022\BuildTools\Common7\IDE\x64\VsRegistryDetour.dll'.
[18d4:0007][2026-05-10T02:03:34] Processing file /Contents/Xml/Schemas/ImageManifest.xsd
[18d4:0007][2026-05-10T02:03:34] Started: Copying file /Contents/Xml/Schemas/ImageManifest.xsd to D:\Program Files (x86)\Microsoft Visual Studio\2022\BuildTools\Xml\Schemas\ImageManifest.xsd
[18d4:0007][2026-05-10T02:03:34] Completed: Copying file /Contents/Xml/Schemas/ImageManifest.xsd to D:\Program Files (x86)\Microsoft Visual Studio\2022\BuildTools\Xml\Schemas\ImageManifest.xsd
[18d4:0007][2026-05-10T02:03:34] Timestamp updated for file 'D:\Program Files (x86)\Microsoft Visual Studio\2022\BuildTools\Xml\Schemas\ImageManifest.xsd'.
[18d4:0007][2026-05-10T02:03:34] Processing file /Contents/Common7/IDE/CommonExtensions/Microsoft/ProductUpdate/extension.vsixmanifest
[18d4:0007][2026-05-10T02:03:34] Started: Copying file /Contents/Common7/IDE/CommonExtensions/Microsoft/ProductUpdate/extension.vsixmanifest to D:\Program Files (x86)\Microsoft Visual Studio\2022\BuildTools\Common7\IDE\CommonExtensions\Microsoft\ProductUpdate\extension.vsixmanifest
[18d4:0007][2026-05-10T02:03:34] Completed: Copying file /Contents/Common7/IDE/CommonExtensions/Microsoft/ProductUpdate/extension.vsixmanifest to D:\Program Files (x86)\Microsoft Visual Studio\2022\BuildTools\Common7\IDE\CommonExtensions\Microsoft\ProductUpdate\extension.vsixmanifest
[18d4:0007][2026-05-10T02:03:34] Timestamp updated for file 'D:\Program Files (x86)\Microsoft Visual Studio\2022\BuildTools\Common7\IDE\CommonExtensions\Microsoft\ProductUpdate\extension.vsixmanifest'.
[18d4:0007][2026-05-10T02:03:34] Processing file /Contents/Common7/IDE/CommonExtensions/Microsoft/Search/extension.vsixmanifest
[18d4:0007][2026-05-10T02:03:34] Started: Copying file /Contents/Common7/IDE/CommonExtensions/Microsoft/Search/extension.vsixmanifest to D:\Program Files (x86)\Microsoft Visual Studio\2022\BuildTools\Common7\IDE\CommonExtensions\Microsoft\Search\extension.vsixmanifest
[18d4:0007][2026-05-10T02:03:34] Completed: Copying file /Contents/Common7/IDE/CommonExtensions/Microsoft/Search/extension.vsixmanifest to D:\Program Files (x86)\Microsoft Visual Studio\2022\BuildTools\Common7\IDE\CommonExtensions\Microsoft\Search\extension.vsixmanifest
[18d4:0007][2026-05-10T02:03:34] Timestamp updated for file 'D:\Program Files (x86)\Microsoft Visual Studio\2022\BuildTools\Common7\IDE\CommonExtensions\Microsoft\Search\extension.vsixmanifest'.
[18d4:0007][2026-05-10T02:03:34] Processing file /Contents/Common7/IDE/CommonExtensions/Platform/Shell/extension.vsixmanifest
[18d4:0007][2026-05-10T02:03:34] Started: Copying file /Contents/Common7/IDE/CommonExtensions/Platform/Shell/extension.vsixmanifest to D:\Program Files (x86)\Microsoft Visual Studio\2022\BuildTools\Common7\IDE\CommonExtensions\Platform\Shell\extension.vsixmanifest
[18d4:0007][2026-05-10T02:03:34] Completed: Copying file /Contents/Common7/IDE/CommonExtensions/Platform/Shell/extension.vsixmanifest to D:\Program Files (x86)\Microsoft Visual Studio\2022\BuildTools\Common7\IDE\CommonExtensions\Platform\Shell\extension.vsixmanifest
[18d4:0007][2026-05-10T02:03:34] Timestamp updated for file 'D:\Program Files (x86)\Microsoft Visual Studio\2022\BuildTools\Common7\IDE\CommonExtensions\Platform\Shell\extension.vsixmanifest'.
[18d4:0007][2026-05-10T02:03:34] Processing file /Contents/Common7/IDE/CommonExtensions/Platform/TreeNavigation/extension.vsixmanifest
[18d4:0007][2026-05-10T02:03:34] Started: Copying file /Contents/Common7/IDE/CommonExtensions/Platform/TreeNavigation/extension.vsixmanifest to D:\Program Files (x86)\Microsoft Visual Studio\2022\BuildTools\Common7\IDE\CommonExtensions\Platform\TreeNavigation\extension.vsixmanifest
[18d4:0007][2026-05-10T02:03:34] Completed: Copying file /Contents/Common7/IDE/CommonExtensions/Platform/TreeNavigation/extension.vsixmanifest to D:\Program Files (x86)\Microsoft Visual Studio\2022\BuildTools\Common7\IDE\CommonExtensions\Platform\TreeNavigation\extension.vsixmanifest
[18d4:0007][2026-05-10T02:03:34] Timestamp updated for file 'D:\Program Files (x86)\Microsoft Visual Studio\2022\BuildTools\Common7\IDE\CommonExtensions\Platform\TreeNavigation\extension.vsixmanifest'.
[18d4:0007][2026-05-10T02:03:34] Package executed successfully. Return code: 0
