[0c48:0003][2026-05-10T01:44:44] Using cached package manifest as the embedded manifest
[0c48:0003][2026-05-10T01:44:44] Processing file /Contents/Common7/IDE/CommonExtensions/Platform/DiagnosticsHub/EdgeWebViews/collectionSwimLanesView.html
[0c48:0003][2026-05-10T01:44:44] C:\Program Files (x86)\Microsoft Visual Studio\2022\BuildTools\Common7\IDE\CommonExtensions\Platform\DiagnosticsHub\EdgeWebViews\collectionSwimLanesView.html file deleted.
[0c48:0003][2026-05-10T01:44:44] Processing file /Contents/Common7/IDE/CommonExtensions/Platform/DiagnosticsHub/EdgeWebViews/collectionSwimLanesView.manifest.json
[0c48:0003][2026-05-10T01:44:44] C:\Program Files (x86)\Microsoft Visual Studio\2022\BuildTools\Common7\IDE\CommonExtensions\Platform\DiagnosticsHub\EdgeWebViews\collectionSwimLanesView.manifest.json file deleted.
[0c48:0003][2026-05-10T01:44:44] Processing file /Contents/Common7/IDE/CommonExtensions/Platform/DiagnosticsHub/EdgeWebViews/performanceDebuggerSwimLanesView.html
[0c48:0003][2026-05-10T01:44:44] C:\Program Files (x86)\Microsoft Visual Studio\2022\BuildTools\Common7\IDE\CommonExtensions\Platform\DiagnosticsHub\EdgeWebViews\performanceDebuggerSwimLanesView.html file deleted.
[0c48:0003][2026-05-10T01:44:44] Processing file /Contents/Common7/IDE/CommonExtensions/Platform/DiagnosticsHub/EdgeWebViews/performanceDebuggerSwimLanesView.manifest.json
[0c48:0003][2026-05-10T01:44:44] C:\Program Files (x86)\Microsoft Visual Studio\2022\BuildTools\Common7\IDE\CommonExtensions\Platform\DiagnosticsHub\EdgeWebViews\performanceDebuggerSwimLanesView.manifest.json file deleted.
[0c48:0003][2026-05-10T01:44:44] Processing file /Contents/Common7/IDE/CommonExtensions/Platform/DiagnosticsHub/EdgeWebViews/swimLanesView.html
[0c48:0003][2026-05-10T01:44:44] C:\Program Files (x86)\Microsoft Visual Studio\2022\BuildTools\Common7\IDE\CommonExtensions\Platform\DiagnosticsHub\EdgeWebViews\swimLanesView.html file deleted.
[0c48:0003][2026-05-10T01:44:44] Processing file /Contents/Common7/IDE/CommonExtensions/Platform/DiagnosticsHub/EdgeWebViews/swimLanesView.manifest.json
[0c48:0003][2026-05-10T01:44:44] C:\Program Files (x86)\Microsoft Visual Studio\2022\BuildTools\Common7\IDE\CommonExtensions\Platform\DiagnosticsHub\EdgeWebViews\swimLanesView.manifest.json file deleted.
[0c48:0003][2026-05-10T01:44:44] Processing file /Contents/Common7/IDE/CommonExtensions/Platform/DiagnosticsHub/EdgeWebViews/unsupportedBrowser.html
[0c48:0003][2026-05-10T01:44:44] C:\Program Files (x86)\Microsoft Visual Studio\2022\BuildTools\Common7\IDE\CommonExtensions\Platform\DiagnosticsHub\EdgeWebViews\unsupportedBrowser.html file deleted.
[0c48:0003][2026-05-10T01:44:44] Processing file /Contents/Common7/IDE/CommonExtensions/Platform/DiagnosticsHub/EdgeWebViews/unsupportedBrowser.manifest.json
[0c48:0003][2026-05-10T01:44:44] C:\Program Files (x86)\Microsoft Visual Studio\2022\BuildTools\Common7\IDE\CommonExtensions\Platform\DiagnosticsHub\EdgeWebViews\unsupportedBrowser.manifest.json file deleted.
[0c48:0003][2026-05-10T01:44:44] Processing file /Contents/Common7/IDE/CommonExtensions/Platform/DiagnosticsHub/EdgeWebViews/summaryView.html
[0c48:0003][2026-05-10T01:44:44] C:\Program Files (x86)\Microsoft Visual Studio\2022\BuildTools\Common7\IDE\CommonExtensions\Platform\DiagnosticsHub\EdgeWebViews\summaryView.html file deleted.
[0c48:0003][2026-05-10T01:44:44] Processing file /Contents/Common7/IDE/CommonExtensions/Platform/DiagnosticsHub/EdgeWebViews/summaryView.manifest.json
[0c48:0003][2026-05-10T01:44:44] C:\Program Files (x86)\Microsoft Visual Studio\2022\BuildTools\Common7\IDE\CommonExtensions\Platform\DiagnosticsHub\EdgeWebViews\summaryView.manifest.json file deleted.
[0c48:0003][2026-05-10T01:44:44] Processing file /Contents/Common7/IDE/CommonExtensions/Platform/DiagnosticsHub/EdgeWebViews/DiagnosticsHub.TypeScript.Swimlanes.ScriptResources.resx
[0c48:0003][2026-05-10T01:44:44] C:\Program Files (x86)\Microsoft Visual Studio\2022\BuildTools\Common7\IDE\CommonExtensions\Platform\DiagnosticsHub\EdgeWebViews\DiagnosticsHub.TypeScript.Swimlanes.ScriptResources.resx file deleted.
[0c48:0003][2026-05-10T01:44:44] Processing file /Contents/Common7/IDE/CommonExtensions/Platform/DiagnosticsHub/EdgeWebViews/DiagnosticsHub.TypeScript.ScriptResources.resx
[0c48:0003][2026-05-10T01:44:44] C:\Program Files (x86)\Microsoft Visual Studio\2022\BuildTools\Common7\IDE\CommonExtensions\Platform\DiagnosticsHub\EdgeWebViews\DiagnosticsHub.TypeScript.ScriptResources.resx file deleted.
[0c48:0003][2026-05-10T01:44:44] Processing file /Contents/Common7/IDE/CommonExtensions/Platform/DiagnosticsHub/EdgeWebViews/css/graph.css
[0c48:0003][2026-05-10T01:44:44] C:\Program Files (x86)\Microsoft Visual Studio\2022\BuildTools\Common7\IDE\CommonExtensions\Platform\DiagnosticsHub\EdgeWebViews\css\graph.css file deleted.
[0c48:0003][2026-05-10T01:44:44] Processing file /Contents/Common7/IDE/CommonExtensions/Platform/DiagnosticsHub/EdgeWebViews/css/multiLineGraph.css
[0c48:0003][2026-05-10T01:44:44] C:\Program Files (x86)\Microsoft Visual Studio\2022\BuildTools\Common7\IDE\CommonExtensions\Platform\DiagnosticsHub\EdgeWebViews\css\multiLineGraph.css file deleted.
[0c48:0003][2026-05-10T01:44:44] Processing file /Contents/Common7/IDE/CommonExtensions/Platform/DiagnosticsHub/EdgeWebViews/css/processSelectionDropDownControl.css
[0c48:0003][2026-05-10T01:44:44] C:\Program Files (x86)\Microsoft Visual Studio\2022\BuildTools\Common7\IDE\CommonExtensions\Platform\DiagnosticsHub\EdgeWebViews\css\processSelectionDropDownControl.css file deleted.
[0c48:0003][2026-05-10T01:44:44] Processing file /Contents/Common7/IDE/CommonExtensions/Platform/DiagnosticsHub/EdgeWebViews/css/renderer.css
[0c48:0003][2026-05-10T01:44:44] C:\Program Files (x86)\Microsoft Visual Studio\2022\BuildTools\Common7\IDE\CommonExtensions\Platform\DiagnosticsHub\EdgeWebViews\css\renderer.css file deleted.
[0c48:0003][2026-05-10T01:44:44] Processing file /Contents/Common7/IDE/CommonExtensions/Platform/DiagnosticsHub/EdgeWebViews/css/ruler.css
[0c48:0003][2026-05-10T01:44:44] C:\Program Files (x86)\Microsoft Visual Studio\2022\BuildTools\Common7\IDE\CommonExtensions\Platform\DiagnosticsHub\EdgeWebViews\css\ruler.css file deleted.
[0c48:0003][2026-05-10T01:44:44] Processing file /Contents/Common7/IDE/CommonExtensions/Platform/DiagnosticsHub/EdgeWebViews/css/scrollbar.css
[0c48:0003][2026-05-10T01:44:44] C:\Program Files (x86)\Microsoft Visual Studio\2022\BuildTools\Common7\IDE\CommonExtensions\Platform\DiagnosticsHub\EdgeWebViews\css\scrollbar.css file deleted.
[0c48:0003][2026-05-10T01:44:44] Processing file /Contents/Common7/IDE/CommonExtensions/Platform/DiagnosticsHub/EdgeWebViews/css/swimlane.css
[0c48:0003][2026-05-10T01:44:44] C:\Program Files (x86)\Microsoft Visual Studio\2022\BuildTools\Common7\IDE\CommonExtensions\Platform\DiagnosticsHub\EdgeWebViews\css\swimlane.css file deleted.
[0c48:0003][2026-05-10T01:44:44] Processing file /Contents/Common7/IDE/CommonExtensions/Platform/DiagnosticsHub/EdgeWebViews/css/toolbar.css
[0c48:0003][2026-05-10T01:44:44] C:\Program Files (x86)\Microsoft Visual Studio\2022\BuildTools\Common7\IDE\CommonExtensions\Platform\DiagnosticsHub\EdgeWebViews\css\toolbar.css file deleted.
[0c48:0003][2026-05-10T01:44:44] Processing file /Contents/Common7/IDE/CommonExtensions/Platform/DiagnosticsHub/EdgeWebViews/css/toolSelectionDropDownControl.css
[0c48:0003][2026-05-10T01:44:44] C:\Program Files (x86)\Microsoft Visual Studio\2022\BuildTools\Common7\IDE\CommonExtensions\Platform\DiagnosticsHub\EdgeWebViews\css\toolSelectionDropDownControl.css file deleted.
[0c48:0003][2026-05-10T01:44:44] Processing file /Contents/Common7/IDE/CommonExtensions/Platform/DiagnosticsHub/EdgeWebViews/css/unsupportedBrowser.css
[0c48:0003][2026-05-10T01:44:44] C:\Program Files (x86)\Microsoft Visual Studio\2022\BuildTools\Common7\IDE\CommonExtensions\Platform\DiagnosticsHub\EdgeWebViews\css\unsupportedBrowser.css file deleted.
[0c48:0003][2026-05-10T01:44:44] Processing file /Contents/Common7/IDE/CommonExtensions/Platform/DiagnosticsHub/EdgeWebViews/css/view.css
[0c48:0003][2026-05-10T01:44:44] C:\Program Files (x86)\Microsoft Visual Studio\2022\BuildTools\Common7\IDE\CommonExtensions\Platform\DiagnosticsHub\EdgeWebViews\css\view.css file deleted.
[0c48:0003][2026-05-10T01:44:44] Processing file /Contents/Common7/IDE/CommonExtensions/Platform/DiagnosticsHub/EdgeWebViews/css/summaryView.css
[0c48:0003][2026-05-10T01:44:44] C:\Program Files (x86)\Microsoft Visual Studio\2022\BuildTools\Common7\IDE\CommonExtensions\Platform\DiagnosticsHub\EdgeWebViews\css\summaryView.css file deleted.
[0c48:0003][2026-05-10T01:44:44] Processing file /Contents/Common7/IDE/CommonExtensions/Platform/DiagnosticsHub/EdgeWebViews/images/customMark1_18x.png
[0c48:0003][2026-05-10T01:44:44] C:\Program Files (x86)\Microsoft Visual Studio\2022\BuildTools\Common7\IDE\CommonExtensions\Platform\DiagnosticsHub\EdgeWebViews\images\customMark1_18x.png file deleted.
[0c48:0003][2026-05-10T01:44:44] Processing file /Contents/Common7/IDE/CommonExtensions/Platform/DiagnosticsHub/EdgeWebViews/images/customMark2_18x.png
[0c48:0003][2026-05-10T01:44:44] C:\Program Files (x86)\Microsoft Visual Studio\2022\BuildTools\Common7\IDE\CommonExtensions\Platform\DiagnosticsHub\EdgeWebViews\images\customMark2_18x.png file deleted.
[0c48:0003][2026-05-10T01:44:44] Processing file /Contents/Common7/IDE/CommonExtensions/Platform/DiagnosticsHub/EdgeWebViews/images/customMark3_18x.png
[0c48:0003][2026-05-10T01:44:44] C:\Program Files (x86)\Microsoft Visual Studio\2022\BuildTools\Common7\IDE\CommonExtensions\Platform\DiagnosticsHub\EdgeWebViews\images\customMark3_18x.png file deleted.
[0c48:0003][2026-05-10T01:44:44] Processing file /Contents/Common7/IDE/CommonExtensions/Platform/DiagnosticsHub/EdgeWebViews/images/customMark4_18x.png
[0c48:0003][2026-05-10T01:44:44] C:\Program Files (x86)\Microsoft Visual Studio\2022\BuildTools\Common7\IDE\CommonExtensions\Platform\DiagnosticsHub\EdgeWebViews\images\customMark4_18x.png file deleted.
[0c48:0003][2026-05-10T01:44:44] Processing file /Contents/Common7/IDE/CommonExtensions/Platform/DiagnosticsHub/EdgeWebViews/images/customMark5_18x.png
[0c48:0003][2026-05-10T01:44:44] C:\Program Files (x86)\Microsoft Visual Studio\2022\BuildTools\Common7\IDE\CommonExtensions\Platform\DiagnosticsHub\EdgeWebViews\images\customMark5_18x.png file deleted.
[0c48:0003][2026-05-10T01:44:44] Processing file /Contents/Common7/IDE/CommonExtensions/Platform/DiagnosticsHub/EdgeWebViews/images/i_appevent.png
[0c48:0003][2026-05-10T01:44:44] C:\Program Files (x86)\Microsoft Visual Studio\2022\BuildTools\Common7\IDE\CommonExtensions\Platform\DiagnosticsHub\EdgeWebViews\images\i_appevent.png file deleted.
[0c48:0003][2026-05-10T01:44:44] Processing file /Contents/Common7/IDE/CommonExtensions/Platform/DiagnosticsHub/EdgeWebViews/images/i_chartselection_clear.svg
[0c48:0003][2026-05-10T01:44:44] C:\Program Files (x86)\Microsoft Visual Studio\2022\BuildTools\Common7\IDE\CommonExtensions\Platform\DiagnosticsHub\EdgeWebViews\images\i_chartselection_clear.svg file deleted.
[0c48:0003][2026-05-10T01:44:44] Processing file /Contents/Common7/IDE/CommonExtensions/Platform/DiagnosticsHub/EdgeWebViews/images/i_chartselection_clear_disabled.svg
[0c48:0003][2026-05-10T01:44:44] C:\Program Files (x86)\Microsoft Visual Studio\2022\BuildTools\Common7\IDE\CommonExtensions\Platform\DiagnosticsHub\EdgeWebViews\images\i_chartselection_clear_disabled.svg file deleted.
[0c48:0003][2026-05-10T01:44:44] Processing file /Contents/Common7/IDE/CommonExtensions/Platform/DiagnosticsHub/EdgeWebViews/images/i_chartzoom_in.svg
[0c48:0003][2026-05-10T01:44:44] C:\Program Files (x86)\Microsoft Visual Studio\2022\BuildTools\Common7\IDE\CommonExtensions\Platform\DiagnosticsHub\EdgeWebViews\images\i_chartzoom_in.svg file deleted.
[0c48:0003][2026-05-10T01:44:44] Processing file /Contents/Common7/IDE/CommonExtensions/Platform/DiagnosticsHub/EdgeWebViews/images/i_chartzoom_in_disabled.svg
[0c48:0003][2026-05-10T01:44:44] C:\Program Files (x86)\Microsoft Visual Studio\2022\BuildTools\Common7\IDE\CommonExtensions\Platform\DiagnosticsHub\EdgeWebViews\images\i_chartzoom_in_disabled.svg file deleted.
[0c48:0003][2026-05-10T01:44:44] Processing file /Contents/Common7/IDE/CommonExtensions/Platform/DiagnosticsHub/EdgeWebViews/images/i_chartzoom_reset.svg
[0c48:0003][2026-05-10T01:44:44] C:\Program Files (x86)\Microsoft Visual Studio\2022\BuildTools\Common7\IDE\CommonExtensions\Platform\DiagnosticsHub\EdgeWebViews\images\i_chartzoom_reset.svg file deleted.
[0c48:0003][2026-05-10T01:44:44] Processing file /Contents/Common7/IDE/CommonExtensions/Platform/DiagnosticsHub/EdgeWebViews/images/i_chartzoom_reset_disabled.svg
[0c48:0003][2026-05-10T01:44:44] C:\Program Files (x86)\Microsoft Visual Studio\2022\BuildTools\Common7\IDE\CommonExtensions\Platform\DiagnosticsHub\EdgeWebViews\images\i_chartzoom_reset_disabled.svg file deleted.
[0c48:0003][2026-05-10T01:44:44] Processing file /Contents/Common7/IDE/CommonExtensions/Platform/DiagnosticsHub/EdgeWebViews/images/i_stopcollection.svg
[0c48:0003][2026-05-10T01:44:44] C:\Program Files (x86)\Microsoft Visual Studio\2022\BuildTools\Common7\IDE\CommonExtensions\Platform\DiagnosticsHub\EdgeWebViews\images\i_stopcollection.svg file deleted.
[0c48:0003][2026-05-10T01:44:44] Processing file /Contents/Common7/IDE/CommonExtensions/Platform/DiagnosticsHub/EdgeWebViews/images/i_stopcollection_disabled.svg
[0c48:0003][2026-05-10T01:44:44] C:\Program Files (x86)\Microsoft Visual Studio\2022\BuildTools\Common7\IDE\CommonExtensions\Platform\DiagnosticsHub\EdgeWebViews\images\i_stopcollection_disabled.svg file deleted.
[0c48:0003][2026-05-10T01:44:44] Processing file /Contents/Common7/IDE/CommonExtensions/Platform/DiagnosticsHub/EdgeWebViews/images/i_usermark.svg
[0c48:0003][2026-05-10T01:44:44] C:\Program Files (x86)\Microsoft Visual Studio\2022\BuildTools\Common7\IDE\CommonExtensions\Platform\DiagnosticsHub\EdgeWebViews\images\i_usermark.svg file deleted.
[0c48:0003][2026-05-10T01:44:44] Processing file /Contents/Common7/IDE/CommonExtensions/Platform/DiagnosticsHub/EdgeWebViews/images/i_usermark.png
[0c48:0003][2026-05-10T01:44:44] C:\Program Files (x86)\Microsoft Visual Studio\2022\BuildTools\Common7\IDE\CommonExtensions\Platform\DiagnosticsHub\EdgeWebViews\images\i_usermark.png file deleted.
[0c48:0003][2026-05-10T01:44:44] Processing file /Contents/Common7/IDE/CommonExtensions/Platform/DiagnosticsHub/EdgeWebViews/images/information_blue.svg
[0c48:0003][2026-05-10T01:44:44] C:\Program Files (x86)\Microsoft Visual Studio\2022\BuildTools\Common7\IDE\CommonExtensions\Platform\DiagnosticsHub\EdgeWebViews\images\information_blue.svg file deleted.
[0c48:0003][2026-05-10T01:44:44] Processing file /Contents/Common7/IDE/CommonExtensions/Platform/DiagnosticsHub/EdgeWebViews/images/itemcollapsedicon.png
[0c48:0003][2026-05-10T01:44:44] C:\Program Files (x86)\Microsoft Visual Studio\2022\BuildTools\Common7\IDE\CommonExtensions\Platform\DiagnosticsHub\EdgeWebViews\images\itemcollapsedicon.png file deleted.
[0c48:0003][2026-05-10T01:44:44] Processing file /Contents/Common7/IDE/CommonExtensions/Platform/DiagnosticsHub/EdgeWebViews/images/itemexpandedicon.png
[0c48:0003][2026-05-10T01:44:44] C:\Program Files (x86)\Microsoft Visual Studio\2022\BuildTools\Common7\IDE\CommonExtensions\Platform\DiagnosticsHub\EdgeWebViews\images\itemexpandedicon.png file deleted.
[0c48:0003][2026-05-10T01:44:44] Processing file /Contents/Common7/IDE/CommonExtensions/Platform/DiagnosticsHub/EdgeWebViews/images/resetTimelineView_16x.svg
[0c48:0003][2026-05-10T01:44:44] C:\Program Files (x86)\Microsoft Visual Studio\2022\BuildTools\Common7\IDE\CommonExtensions\Platform\DiagnosticsHub\EdgeWebViews\images\resetTimelineView_16x.svg file deleted.
[0c48:0003][2026-05-10T01:44:44] Processing file /Contents/Common7/IDE/CommonExtensions/Platform/DiagnosticsHub/EdgeWebViews/images/resetTimelineViewDisabled_16x.svg
[0c48:0003][2026-05-10T01:44:44] C:\Program Files (x86)\Microsoft Visual Studio\2022\BuildTools\Common7\IDE\CommonExtensions\Platform\DiagnosticsHub\EdgeWebViews\images\resetTimelineViewDisabled_16x.svg file deleted.
[0c48:0003][2026-05-10T01:44:44] Processing file /Contents/Common7/IDE/CommonExtensions/Platform/DiagnosticsHub/EdgeWebViews/images/samplingEnabled.svg
[0c48:0003][2026-05-10T01:44:44] C:\Program Files (x86)\Microsoft Visual Studio\2022\BuildTools\Common7\IDE\CommonExtensions\Platform\DiagnosticsHub\EdgeWebViews\images\samplingEnabled.svg file deleted.
[0c48:0003][2026-05-10T01:44:44] Processing file /Contents/Common7/IDE/CommonExtensions/Platform/DiagnosticsHub/EdgeWebViews/images/samplingDisabled.svg
[0c48:0003][2026-05-10T01:44:44] C:\Program Files (x86)\Microsoft Visual Studio\2022\BuildTools\Common7\IDE\CommonExtensions\Platform\DiagnosticsHub\EdgeWebViews\images\samplingDisabled.svg file deleted.
[0c48:0003][2026-05-10T01:44:44] Processing file /Contents/Common7/IDE/CommonExtensions/Platform/DiagnosticsHub/EdgeWebViews/images/showOutput_16x.svg
[0c48:0003][2026-05-10T01:44:44] C:\Program Files (x86)\Microsoft Visual Studio\2022\BuildTools\Common7\IDE\CommonExtensions\Platform\DiagnosticsHub\EdgeWebViews\images\showOutput_16x.svg file deleted.
[0c48:0003][2026-05-10T01:44:44] Processing file /Contents/Common7/IDE/CommonExtensions/Platform/DiagnosticsHub/EdgeWebViews/images/toolsSettings.svg
[0c48:0003][2026-05-10T01:44:44] C:\Program Files (x86)\Microsoft Visual Studio\2022\BuildTools\Common7\IDE\CommonExtensions\Platform\DiagnosticsHub\EdgeWebViews\images\toolsSettings.svg file deleted.
[0c48:0003][2026-05-10T01:44:44] Processing file /Contents/Common7/IDE/CommonExtensions/Platform/DiagnosticsHub/EdgeWebViews/images/process.svg
[0c48:0003][2026-05-10T01:44:44] C:\Program Files (x86)\Microsoft Visual Studio\2022\BuildTools\Common7\IDE\CommonExtensions\Platform\DiagnosticsHub\EdgeWebViews\images\process.svg file deleted.
[0c48:0003][2026-05-10T01:44:44] Processing file /Contents/Common7/IDE/CommonExtensions/Platform/DiagnosticsHub/EdgeWebViews/scripts/diagnosticsHub.js
[0c48:0003][2026-05-10T01:44:44] C:\Program Files (x86)\Microsoft Visual Studio\2022\BuildTools\Common7\IDE\CommonExtensions\Platform\DiagnosticsHub\EdgeWebViews\scripts\diagnosticsHub.js file deleted.
[0c48:0003][2026-05-10T01:44:44] Processing file /Contents/Common7/IDE/CommonExtensions/Platform/DiagnosticsHub/EdgeWebViews/scripts/diagnosticsHub-core.js
[0c48:0003][2026-05-10T01:44:44] C:\Program Files (x86)\Microsoft Visual Studio\2022\BuildTools\Common7\IDE\CommonExtensions\Platform\DiagnosticsHub\EdgeWebViews\scripts\diagnosticsHub-core.js file deleted.
[0c48:0003][2026-05-10T01:44:44] Processing file /Contents/Common7/IDE/CommonExtensions/Platform/DiagnosticsHub/EdgeWebViews/scripts/diagnosticsHub-loader.js
[0c48:0003][2026-05-10T01:44:44] C:\Program Files (x86)\Microsoft Visual Studio\2022\BuildTools\Common7\IDE\CommonExtensions\Platform\DiagnosticsHub\EdgeWebViews\scripts\diagnosticsHub-loader.js file deleted.
[0c48:0003][2026-05-10T01:44:44] Processing file /Contents/Common7/IDE/CommonExtensions/Platform/DiagnosticsHub/EdgeWebViews/scripts/diagnosticsHub-swimlanes.js
[0c48:0003][2026-05-10T01:44:44] C:\Program Files (x86)\Microsoft Visual Studio\2022\BuildTools\Common7\IDE\CommonExtensions\Platform\DiagnosticsHub\EdgeWebViews\scripts\diagnosticsHub-swimlanes.js file deleted.
[0c48:0003][2026-05-10T01:44:44] Processing file /Contents/Common7/IDE/CommonExtensions/Platform/DiagnosticsHub/EdgeWebViews/scripts/diagnosticsHub-ui.js
[0c48:0003][2026-05-10T01:44:44] C:\Program Files (x86)\Microsoft Visual Studio\2022\BuildTools\Common7\IDE\CommonExtensions\Platform\DiagnosticsHub\EdgeWebViews\scripts\diagnosticsHub-ui.js file deleted.
[0c48:0003][2026-05-10T01:44:44] Processing file /Contents/Common7/IDE/CommonExtensions/Platform/DiagnosticsHub/EdgeWebViews/scripts/diagnosticsHub-summaryView.js
[0c48:0003][2026-05-10T01:44:44] C:\Program Files (x86)\Microsoft Visual Studio\2022\BuildTools\Common7\IDE\CommonExtensions\Platform\DiagnosticsHub\EdgeWebViews\scripts\diagnosticsHub-summaryView.js file deleted.
[0c48:0003][2026-05-10T01:44:44] Processing file /Contents/Common7/IDE/CommonExtensions/Platform/DiagnosticsHub/DiagnosticsHub.StandardCollector.Bridge.vsdconfig
[0c48:0003][2026-05-10T01:44:44] C:\Program Files (x86)\Microsoft Visual Studio\2022\BuildTools\Common7\IDE\CommonExtensions\Platform\DiagnosticsHub\DiagnosticsHub.StandardCollector.Bridge.vsdconfig file deleted.
[0c48:0003][2026-05-10T01:44:44] Processing file /Contents/Common7/IDE/CommonExtensions/Platform/DiagnosticsHub/DiagnosticsHubColors.pkgdef
[0c48:0003][2026-05-10T01:44:44] C:\Program Files (x86)\Microsoft Visual Studio\2022\BuildTools\Common7\IDE\CommonExtensions\Platform\DiagnosticsHub\DiagnosticsHubColors.pkgdef file deleted.
[0c48:0003][2026-05-10T01:44:44] Processing file /Contents/Common7/IDE/CommonExtensions/Platform/DiagnosticsHub/diagsession.ico
[0c48:0003][2026-05-10T01:44:44] C:\Program Files (x86)\Microsoft Visual Studio\2022\BuildTools\Common7\IDE\CommonExtensions\Platform\DiagnosticsHub\diagsession.ico file deleted.
[0c48:0003][2026-05-10T01:44:44] Processing file /Contents/Common7/IDE/CommonExtensions/Platform/DiagnosticsHub/extension.vsixmanifest
[0c48:0003][2026-05-10T01:44:44] C:\Program Files (x86)\Microsoft Visual Studio\2022\BuildTools\Common7\IDE\CommonExtensions\Platform\DiagnosticsHub\extension.vsixmanifest file deleted.
[0c48:0003][2026-05-10T01:44:44] Processing file /Contents/Common7/IDE/CommonExtensions/Platform/DiagnosticsHub/Microsoft.DiagnosticsHub.Presentation.dll
[0c48:0003][2026-05-10T01:44:44] C:\Program Files (x86)\Microsoft Visual Studio\2022\BuildTools\Common7\IDE\CommonExtensions\Platform\DiagnosticsHub\Microsoft.DiagnosticsHub.Presentation.dll file deleted.
[0c48:0003][2026-05-10T01:44:44] Processing file /Contents/Common7/IDE/CommonExtensions/Platform/DiagnosticsHub/Microsoft.DiagnosticsHub.Runtime.dll
[0c48:0003][2026-05-10T01:44:44] C:\Program Files (x86)\Microsoft Visual Studio\2022\BuildTools\Common7\IDE\CommonExtensions\Platform\DiagnosticsHub\Microsoft.DiagnosticsHub.Runtime.dll file deleted.
[0c48:0003][2026-05-10T01:44:44] Processing file /Contents/Common7/IDE/CommonExtensions/Platform/DiagnosticsHub/Microsoft.DiagnosticsHub.VisualStudio.Package.dll
[0c48:0003][2026-05-10T01:44:44] C:\Program Files (x86)\Microsoft Visual Studio\2022\BuildTools\Common7\IDE\CommonExtensions\Platform\DiagnosticsHub\Microsoft.DiagnosticsHub.VisualStudio.Package.dll file deleted.
[0c48:0003][2026-05-10T01:44:44] Processing file /Contents/Common7/IDE/CommonExtensions/Platform/DiagnosticsHub/Microsoft.DiagnosticsHub.VisualStudio.Package.pkgdef
[0c48:0003][2026-05-10T01:44:44] C:\Program Files (x86)\Microsoft Visual Studio\2022\BuildTools\Common7\IDE\CommonExtensions\Platform\DiagnosticsHub\Microsoft.DiagnosticsHub.VisualStudio.Package.pkgdef file deleted.
[0c48:0003][2026-05-10T01:44:44] Processing file /Contents/Common7/IDE/CommonExtensions/Platform/DiagnosticsHub/Microsoft.DiagnosticsHub.VisualStudio.Package.clientenabledpkg
[0c48:0003][2026-05-10T01:44:44] C:\Program Files (x86)\Microsoft Visual Studio\2022\BuildTools\Common7\IDE\CommonExtensions\Platform\DiagnosticsHub\Microsoft.DiagnosticsHub.VisualStudio.Package.clientenabledpkg file deleted.
[0c48:0003][2026-05-10T01:44:44] Processing file /Contents/Common7/IDE/CommonExtensions/Platform/DiagnosticsHub/Microsoft.DiagnosticsHub.VisualStudio.Package.FeatureFlags.pkgdef
[0c48:0003][2026-05-10T01:44:44] C:\Program Files (x86)\Microsoft Visual Studio\2022\BuildTools\Common7\IDE\CommonExtensions\Platform\DiagnosticsHub\Microsoft.DiagnosticsHub.VisualStudio.Package.FeatureFlags.pkgdef file deleted.
[0c48:0003][2026-05-10T01:44:44] Processing file /Contents/Common7/IDE/CommonExtensions/Platform/DiagnosticsHub/Microsoft.DiagnosticsHub.VisualStudio.Package.vsdconfig
[0c48:0003][2026-05-10T01:44:44] C:\Program Files (x86)\Microsoft Visual Studio\2022\BuildTools\Common7\IDE\CommonExtensions\Platform\DiagnosticsHub\Microsoft.DiagnosticsHub.VisualStudio.Package.vsdconfig file deleted.
[0c48:0003][2026-05-10T01:44:44] Processing file /Contents/Common7/IDE/CommonExtensions/Platform/DiagnosticsHub/registration.json
[0c48:0003][2026-05-10T01:44:44] C:\Program Files (x86)\Microsoft Visual Studio\2022\BuildTools\Common7\IDE\CommonExtensions\Platform\DiagnosticsHub\registration.json file deleted.
[0c48:0003][2026-05-10T01:44:44] Processing file /Contents/Common7/IDE/CommonExtensions/Platform/DiagnosticsHub/DiagnosticsHub.DataWarehouse.ServiceModule.pkgdef
[0c48:0003][2026-05-10T01:44:44] C:\Program Files (x86)\Microsoft Visual Studio\2022\BuildTools\Common7\IDE\CommonExtensions\Platform\DiagnosticsHub\DiagnosticsHub.DataWarehouse.ServiceModule.pkgdef file deleted.
[0c48:0003][2026-05-10T01:44:44] Processing file /Contents/Common7/IDE/CommonExtensions/Platform/DiagnosticsHub/UserMarks.cs
[0c48:0003][2026-05-10T01:44:44] C:\Program Files (x86)\Microsoft Visual Studio\2022\BuildTools\Common7\IDE\CommonExtensions\Platform\DiagnosticsHub\UserMarks.cs file deleted.
[0c48:0003][2026-05-10T01:44:44] Processing file /Contents/Common7/IDE/CommonExtensions/Platform/DiagnosticsHub/UserMarkRange.cs
[0c48:0003][2026-05-10T01:44:44] C:\Program Files (x86)\Microsoft Visual Studio\2022\BuildTools\Common7\IDE\CommonExtensions\Platform\DiagnosticsHub\UserMarkRange.cs file deleted.
[0c48:0003][2026-05-10T01:44:44] Processing file /Contents/Common7/IDE/CommonExtensions/Platform/DiagnosticsHub/UserMarks.h
[0c48:0003][2026-05-10T01:44:44] C:\Program Files (x86)\Microsoft Visual Studio\2022\BuildTools\Common7\IDE\CommonExtensions\Platform\DiagnosticsHub\UserMarks.h file deleted.
[0c48:0003][2026-05-10T01:44:44] Processing file /Contents/Common7/IDE/CommonExtensions/Platform/DiagnosticsHub/DiagHubTrace.cs
[0c48:0003][2026-05-10T01:44:44] C:\Program Files (x86)\Microsoft Visual Studio\2022\BuildTools\Common7\IDE\CommonExtensions\Platform\DiagnosticsHub\DiagHubTrace.cs file deleted.
[0c48:0003][2026-05-10T01:44:44] Processing file /Contents/Common7/IDE/CommonExtensions/Platform/DiagnosticsHub/DiagHubTrace.h
[0c48:0003][2026-05-10T01:44:44] C:\Program Files (x86)\Microsoft Visual Studio\2022\BuildTools\Common7\IDE\CommonExtensions\Platform\DiagnosticsHub\DiagHubTrace.h file deleted.
[0c48:0003][2026-05-10T01:44:44] Processing file /Contents/Common7/IDE/CommonExtensions/Platform/DiagnosticsHub/DiagHubTrace.vb
[0c48:0003][2026-05-10T01:44:44] C:\Program Files (x86)\Microsoft Visual Studio\2022\BuildTools\Common7\IDE\CommonExtensions\Platform\DiagnosticsHub\DiagHubTrace.vb file deleted.
[0c48:0003][2026-05-10T01:44:44] Processing file /Contents/Common7/IDE/CommonExtensions/Platform/DiagnosticsHub/Microsoft.DiagnosticsHub.Benchmarks.CodeLens.dll
[0c48:0003][2026-05-10T01:44:44] C:\Program Files (x86)\Microsoft Visual Studio\2022\BuildTools\Common7\IDE\CommonExtensions\Platform\DiagnosticsHub\Microsoft.DiagnosticsHub.Benchmarks.CodeLens.dll file deleted.
[0c48:0003][2026-05-10T01:44:44] Processing file /Contents/Common7/IDE/CommonExtensions/Platform/DiagnosticsHub/.vsextension/extension.json
[0c48:0003][2026-05-10T01:44:44] C:\Program Files (x86)\Microsoft Visual Studio\2022\BuildTools\Common7\IDE\CommonExtensions\Platform\DiagnosticsHub\.vsextension\extension.json file deleted.
[0c48:0003][2026-05-10T01:44:44] Processing file /Contents/Common7/IDE/CommonExtensions/Platform/DiagnosticsHub/.vsextension/string-resources.json
[0c48:0003][2026-05-10T01:44:44] C:\Program Files (x86)\Microsoft Visual Studio\2022\BuildTools\Common7\IDE\CommonExtensions\Platform\DiagnosticsHub\.vsextension\string-resources.json file deleted.
[0c48:0003][2026-05-10T01:44:44] Processing file /Contents/Common7/IDE/CommonExtensions/Platform/DiagnosticsHub/x86/DiagnosticsHub.CorProfiler.dll
[0c48:0003][2026-05-10T01:44:44] C:\Program Files (x86)\Microsoft Visual Studio\2022\BuildTools\Common7\IDE\CommonExtensions\Platform\DiagnosticsHub\x86\DiagnosticsHub.CorProfiler.dll file deleted.
[0c48:0003][2026-05-10T01:44:44] Processing file /Contents/Common7/IDE/CommonExtensions/Platform/DiagnosticsHub/x86/CallCounter.config
[0c48:0003][2026-05-10T01:44:44] C:\Program Files (x86)\Microsoft Visual Studio\2022\BuildTools\Common7\IDE\CommonExtensions\Platform\DiagnosticsHub\x86\CallCounter.config file deleted.
[0c48:0003][2026-05-10T01:44:44] Processing file /Contents/Common7/IDE/CommonExtensions/Platform/DiagnosticsHub/x86/PerfProfiler.config
[0c48:0003][2026-05-10T01:44:44] C:\Program Files (x86)\Microsoft Visual Studio\2022\BuildTools\Common7\IDE\CommonExtensions\Platform\DiagnosticsHub\x86\PerfProfiler.config file deleted.
[0c48:0003][2026-05-10T01:44:44] Processing file /Contents/Common7/IDE/CommonExtensions/Platform/DiagnosticsHub/x86/DiagnosticsHub.Packaging.dll
[0c48:0003][2026-05-10T01:44:44] C:\Program Files (x86)\Microsoft Visual Studio\2022\BuildTools\Common7\IDE\CommonExtensions\Platform\DiagnosticsHub\x86\DiagnosticsHub.Packaging.dll file deleted.
[0c48:0003][2026-05-10T01:44:44] Processing file /Contents/Common7/IDE/CommonExtensions/Platform/DiagnosticsHub/x86/DiagnosticsHub.StandardCollector.Bridge.dll
[0c48:0003][2026-05-10T01:44:44] C:\Program Files (x86)\Microsoft Visual Studio\2022\BuildTools\Common7\IDE\CommonExtensions\Platform\DiagnosticsHub\x86\DiagnosticsHub.StandardCollector.Bridge.dll file deleted.
[0c48:0003][2026-05-10T01:44:44] Processing file /Contents/Common7/IDE/CommonExtensions/Platform/DiagnosticsHub/Linux/amd64/DiagnosticsHub.CorProfiler.Linux.so
[0c48:0003][2026-05-10T01:44:44] C:\Program Files (x86)\Microsoft Visual Studio\2022\BuildTools\Common7\IDE\CommonExtensions\Platform\DiagnosticsHub\Linux\amd64\DiagnosticsHub.CorProfiler.Linux.so file deleted.
[0c48:0003][2026-05-10T01:44:44] Processing file /Contents/Common7/IDE/CommonExtensions/Platform/DiagnosticsHub/Manifests/Microsoft-VisualStudio-Performance-DiagnosticsHub.manifest.xml
[0c48:0003][2026-05-10T01:44:44] C:\Program Files (x86)\Microsoft Visual Studio\2022\BuildTools\Common7\IDE\CommonExtensions\Platform\DiagnosticsHub\Manifests\Microsoft-VisualStudio-Performance-DiagnosticsHub.manifest.xml file deleted.
[0c48:0003][2026-05-10T01:44:44] Processing file /Contents/Common7/IDE/CommonExtensions/Platform/DiagnosticsHub/Manifests/DhCorProfilerProvider.manifest.xml
[0c48:0003][2026-05-10T01:44:44] C:\Program Files (x86)\Microsoft Visual Studio\2022\BuildTools\Common7\IDE\CommonExtensions\Platform\DiagnosticsHub\Manifests\DhCorProfilerProvider.manifest.xml file deleted.
[0c48:0003][2026-05-10T01:44:44] Processing file /Contents/Common7/IDE/CommonExtensions/Platform/DiagnosticsHub/Manifests/FileSizeProvider.manifest.xml
[0c48:0003][2026-05-10T01:44:44] C:\Program Files (x86)\Microsoft Visual Studio\2022\BuildTools\Common7\IDE\CommonExtensions\Platform\DiagnosticsHub\Manifests\FileSizeProvider.manifest.xml file deleted.
[0c48:0003][2026-05-10T01:44:44] Processing file /Contents/Common7/IDE/CommonExtensions/Platform/DiagnosticsHub/Manifests/DiagHubTestProvider.manifest.xml
[0c48:0003][2026-05-10T01:44:44] C:\Program Files (x86)\Microsoft Visual Studio\2022\BuildTools\Common7\IDE\CommonExtensions\Platform\DiagnosticsHub\Manifests\DiagHubTestProvider.manifest.xml file deleted.
[0c48:0003][2026-05-10T01:44:44] Processing file /Contents/Common7/IDE/CommonExtensions/Platform/PerfMarkers/Microsoft.DiagnosticsHub.PerfMarkers.dll
[0c48:0003][2026-05-10T01:44:44] C:\Program Files (x86)\Microsoft Visual Studio\2022\BuildTools\Common7\IDE\CommonExtensions\Platform\PerfMarkers\Microsoft.DiagnosticsHub.PerfMarkers.dll file deleted.
[0c48:0003][2026-05-10T01:44:44] Processing file /Contents/Common7/IDE/CommonExtensions/Platform/PerfMarkers/extension.vsixmanifest
[0c48:0003][2026-05-10T01:44:44] C:\Program Files (x86)\Microsoft Visual Studio\2022\BuildTools\Common7\IDE\CommonExtensions\Platform\PerfMarkers\extension.vsixmanifest file deleted.
[0c48:0003][2026-05-10T01:44:44] Processing file /Contents/Common7/IDE/Remote Debugger/x86/DiagnosticsHub.StandardCollector.Bridge.dll
[0c48:0003][2026-05-10T01:44:44] C:\Program Files (x86)\Microsoft Visual Studio\2022\BuildTools\Common7\IDE\Remote Debugger\x86\DiagnosticsHub.StandardCollector.Bridge.dll file deleted.
[0c48:0003][2026-05-10T01:44:44] Processing file /Contents/Common7/Tools/vsdevcmd/ext/diaghub.bat
[0c48:0003][2026-05-10T01:44:44] C:\Program Files (x86)\Microsoft Visual Studio\2022\BuildTools\Common7\Tools\vsdevcmd\ext\diaghub.bat file deleted.
[0c48:0003][2026-05-10T01:44:44] Processing file /Contents/Team Tools/DiagnosticsHub/1033/DiagnosticsHubMsg.dll
[0c48:0003][2026-05-10T01:44:44] C:\Program Files (x86)\Microsoft Visual Studio\2022\BuildTools\Team Tools\DiagnosticsHub\1033\DiagnosticsHubMsg.dll file deleted.
[0c48:0003][2026-05-10T01:44:44] Processing file /Contents/Common7/IDE/CommonExtensions/Platform/DiagnosticsHub/SDK/CpuSamplingControl.h
[0c48:0003][2026-05-10T01:44:44] C:\Program Files (x86)\Microsoft Visual Studio\2022\BuildTools\Common7\IDE\CommonExtensions\Platform\DiagnosticsHub\SDK\CpuSamplingControl.h file deleted.
[0c48:0003][2026-05-10T01:44:44] Processing file /Contents/Common7/IDE/CommonExtensions/Platform/DiagnosticsHub/SDK/DiagHubControl.h
[0c48:0003][2026-05-10T01:44:44] C:\Program Files (x86)\Microsoft Visual Studio\2022\BuildTools\Common7\IDE\CommonExtensions\Platform\DiagnosticsHub\SDK\DiagHubControl.h file deleted.
[0c48:0003][2026-05-10T01:44:44] Processing file /Contents/Common7/IDE/PrivateAssemblies/DiagnosticsHub.Packaging.Interop.dll
[0c48:0003][2026-05-10T01:44:44] C:\Program Files (x86)\Microsoft Visual Studio\2022\BuildTools\Common7\IDE\PrivateAssemblies\DiagnosticsHub.Packaging.Interop.dll file deleted.
[0c48:0003][2026-05-10T01:44:44] Processing file /Contents/Common7/IDE/PrivateAssemblies/DiagnosticsHub.StandardCollector.Host.Interop.dll
[0c48:0003][2026-05-10T01:44:44] C:\Program Files (x86)\Microsoft Visual Studio\2022\BuildTools\Common7\IDE\PrivateAssemblies\DiagnosticsHub.StandardCollector.Host.Interop.dll file deleted.
[0c48:0003][2026-05-10T01:44:44] Processing file /Contents/Common7/IDE/PrivateAssemblies/DiagnosticsHub.Packaging.Managed.dll
[0c48:0003][2026-05-10T01:44:44] C:\Program Files (x86)\Microsoft Visual Studio\2022\BuildTools\Common7\IDE\PrivateAssemblies\DiagnosticsHub.Packaging.Managed.dll file deleted.
[0c48:0003][2026-05-10T01:44:44] Processing file /Contents/Common7/IDE/PrivateAssemblies/DiagnosticsHub.DataWarehouseManaged.dll
[0c48:0003][2026-05-10T01:44:44] C:\Program Files (x86)\Microsoft Visual Studio\2022\BuildTools\Common7\IDE\PrivateAssemblies\DiagnosticsHub.DataWarehouseManaged.dll file deleted.
[0c48:0003][2026-05-10T01:44:44] Processing file /Contents/Common7/IDE/PrivateAssemblies/Microsoft.DiagnosticsHub.DataWarehouse.Interop.dll
[0c48:0003][2026-05-10T01:44:44] C:\Program Files (x86)\Microsoft Visual Studio\2022\BuildTools\Common7\IDE\PrivateAssemblies\Microsoft.DiagnosticsHub.DataWarehouse.Interop.dll file deleted.
[0c48:0003][2026-05-10T01:44:44] Processing file /Contents/Common7/IDE/PrivateAssemblies/Microsoft.DiagnosticsHub.Packaging.InteropEx.dll
[0c48:0003][2026-05-10T01:44:44] C:\Program Files (x86)\Microsoft Visual Studio\2022\BuildTools\Common7\IDE\PrivateAssemblies\Microsoft.DiagnosticsHub.Packaging.InteropEx.dll file deleted.
[0c48:0003][2026-05-10T01:44:44] Processing file /Contents/Common7/IDE/PrivateAssemblies/Microsoft.DiagnosticsHub.SDK.dll
[0c48:0003][2026-05-10T01:44:44] C:\Program Files (x86)\Microsoft Visual Studio\2022\BuildTools\Common7\IDE\PrivateAssemblies\Microsoft.DiagnosticsHub.SDK.dll file deleted.
[0c48:0003][2026-05-10T01:44:44] Processing file /Contents/Common7/IDE/PrivateAssemblies/Microsoft.DiagnosticsHub.VisualStudio.SDK.dll
[0c48:0003][2026-05-10T01:44:44] C:\Program Files (x86)\Microsoft Visual Studio\2022\BuildTools\Common7\IDE\PrivateAssemblies\Microsoft.DiagnosticsHub.VisualStudio.SDK.dll file deleted.
[0c48:0003][2026-05-10T01:44:44] Started: Deleting empty directories
[0c48:0003][2026-05-10T01:44:44] Completed: Deleting empty directories
[0c48:0003][2026-05-10T01:44:44] Package executed successfully. Return code: 0
