[da4c:0007][2026-05-10T00:49:51] Opening the package for processing
[da4c:0007][2026-05-10T00:49:51] Using package payload to get the embedded manifest
[da4c:0007][2026-05-10T00:49:51] Getting list of files within the package
[da4c:0007][2026-05-10T00:49:51] Processing file /Contents/Common7/IDE/CommonExtensions/Platform/Debugger/PerfDebuggerWebViews/css/IntelliTraceGraph.css
[da4c:0007][2026-05-10T00:49:51] Started: Copying file /Contents/Common7/IDE/CommonExtensions/Platform/Debugger/PerfDebuggerWebViews/css/IntelliTraceGraph.css to D:\Program\Common7\IDE\CommonExtensions\Platform\Debugger\PerfDebuggerWebViews\css\IntelliTraceGraph.css
[da4c:0007][2026-05-10T00:49:51] Completed: Copying file /Contents/Common7/IDE/CommonExtensions/Platform/Debugger/PerfDebuggerWebViews/css/IntelliTraceGraph.css to D:\Program\Common7\IDE\CommonExtensions\Platform\Debugger\PerfDebuggerWebViews\css\IntelliTraceGraph.css
[da4c:0007][2026-05-10T00:49:51] Timestamp updated for file 'D:\Program\Common7\IDE\CommonExtensions\Platform\Debugger\PerfDebuggerWebViews\css\IntelliTraceGraph.css'.
[da4c:0007][2026-05-10T00:49:51] Processing file /Contents/Common7/IDE/CommonExtensions/Platform/Debugger/PerfDebuggerWebViews/icons/AllEventsIcon.svg
[da4c:0007][2026-05-10T00:49:51] Started: Copying file /Contents/Common7/IDE/CommonExtensions/Platform/Debugger/PerfDebuggerWebViews/icons/AllEventsIcon.svg to D:\Program\Common7\IDE\CommonExtensions\Platform\Debugger\PerfDebuggerWebViews\icons\AllEventsIcon.svg
[da4c:0007][2026-05-10T00:49:51] Completed: Copying file /Contents/Common7/IDE/CommonExtensions/Platform/Debugger/PerfDebuggerWebViews/icons/AllEventsIcon.svg to D:\Program\Common7\IDE\CommonExtensions\Platform\Debugger\PerfDebuggerWebViews\icons\AllEventsIcon.svg
[da4c:0007][2026-05-10T00:49:51] Timestamp updated for file 'D:\Program\Common7\IDE\CommonExtensions\Platform\Debugger\PerfDebuggerWebViews\icons\AllEventsIcon.svg'.
[da4c:0007][2026-05-10T00:49:51] Processing file /Contents/Common7/IDE/CommonExtensions/Platform/Debugger/PerfDebuggerWebViews/icons/BreakTrackIcon.svg
[da4c:0007][2026-05-10T00:49:51] Started: Copying file /Contents/Common7/IDE/CommonExtensions/Platform/Debugger/PerfDebuggerWebViews/icons/BreakTrackIcon.svg to D:\Program\Common7\IDE\CommonExtensions\Platform\Debugger\PerfDebuggerWebViews\icons\BreakTrackIcon.svg
[da4c:0007][2026-05-10T00:49:51] Completed: Copying file /Contents/Common7/IDE/CommonExtensions/Platform/Debugger/PerfDebuggerWebViews/icons/BreakTrackIcon.svg to D:\Program\Common7\IDE\CommonExtensions\Platform\Debugger\PerfDebuggerWebViews\icons\BreakTrackIcon.svg
[da4c:0007][2026-05-10T00:49:51] Timestamp updated for file 'D:\Program\Common7\IDE\CommonExtensions\Platform\Debugger\PerfDebuggerWebViews\icons\BreakTrackIcon.svg'.
[da4c:0007][2026-05-10T00:49:51] Processing file /Contents/Common7/IDE/CommonExtensions/Platform/Debugger/PerfDebuggerWebViews/icons/ExceptionEventIcon.svg
[da4c:0007][2026-05-10T00:49:51] Started: Copying file /Contents/Common7/IDE/CommonExtensions/Platform/Debugger/PerfDebuggerWebViews/icons/ExceptionEventIcon.svg to D:\Program\Common7\IDE\CommonExtensions\Platform\Debugger\PerfDebuggerWebViews\icons\ExceptionEventIcon.svg
[da4c:0007][2026-05-10T00:49:51] Completed: Copying file /Contents/Common7/IDE/CommonExtensions/Platform/Debugger/PerfDebuggerWebViews/icons/ExceptionEventIcon.svg to D:\Program\Common7\IDE\CommonExtensions\Platform\Debugger\PerfDebuggerWebViews\icons\ExceptionEventIcon.svg
[da4c:0007][2026-05-10T00:49:51] Timestamp updated for file 'D:\Program\Common7\IDE\CommonExtensions\Platform\Debugger\PerfDebuggerWebViews\icons\ExceptionEventIcon.svg'.
[da4c:0007][2026-05-10T00:49:51] Processing file /Contents/Common7/IDE/CommonExtensions/Platform/Debugger/PerfDebuggerWebViews/icons/IntelliTraceTrackIcon.svg
[da4c:0007][2026-05-10T00:49:51] Started: Copying file /Contents/Common7/IDE/CommonExtensions/Platform/Debugger/PerfDebuggerWebViews/icons/IntelliTraceTrackIcon.svg to D:\Program\Common7\IDE\CommonExtensions\Platform\Debugger\PerfDebuggerWebViews\icons\IntelliTraceTrackIcon.svg
[da4c:0007][2026-05-10T00:49:51] Completed: Copying file /Contents/Common7/IDE/CommonExtensions/Platform/Debugger/PerfDebuggerWebViews/icons/IntelliTraceTrackIcon.svg to D:\Program\Common7\IDE\CommonExtensions\Platform\Debugger\PerfDebuggerWebViews\icons\IntelliTraceTrackIcon.svg
[da4c:0007][2026-05-10T00:49:51] Timestamp updated for file 'D:\Program\Common7\IDE\CommonExtensions\Platform\Debugger\PerfDebuggerWebViews\icons\IntelliTraceTrackIcon.svg'.
[da4c:0007][2026-05-10T00:49:51] Processing file /Contents/Common7/IDE/CommonExtensions/Platform/Debugger/PerfDebuggerWebViews/icons/timeline/light/normal/TimelineMarkGray.png
[da4c:0007][2026-05-10T00:49:51] Started: Copying file /Contents/Common7/IDE/CommonExtensions/Platform/Debugger/PerfDebuggerWebViews/icons/timeline/light/normal/TimelineMarkGray.png to D:\Program\Common7\IDE\CommonExtensions\Platform\Debugger\PerfDebuggerWebViews\icons\timeline\light\normal\TimelineMarkGray.png
[da4c:0007][2026-05-10T00:49:51] Completed: Copying file /Contents/Common7/IDE/CommonExtensions/Platform/Debugger/PerfDebuggerWebViews/icons/timeline/light/normal/TimelineMarkGray.png to D:\Program\Common7\IDE\CommonExtensions\Platform\Debugger\PerfDebuggerWebViews\icons\timeline\light\normal\TimelineMarkGray.png
[da4c:0007][2026-05-10T00:49:51] Timestamp updated for file 'D:\Program\Common7\IDE\CommonExtensions\Platform\Debugger\PerfDebuggerWebViews\icons\timeline\light\normal\TimelineMarkGray.png'.
[da4c:0007][2026-05-10T00:49:51] Processing file /Contents/Common7/IDE/CommonExtensions/Platform/Debugger/PerfDebuggerWebViews/icons/timeline/light/normal/TimelineMarkPurple.png
[da4c:0007][2026-05-10T00:49:51] Started: Copying file /Contents/Common7/IDE/CommonExtensions/Platform/Debugger/PerfDebuggerWebViews/icons/timeline/light/normal/TimelineMarkPurple.png to D:\Program\Common7\IDE\CommonExtensions\Platform\Debugger\PerfDebuggerWebViews\icons\timeline\light\normal\TimelineMarkPurple.png
[da4c:0007][2026-05-10T00:49:51] Completed: Copying file /Contents/Common7/IDE/CommonExtensions/Platform/Debugger/PerfDebuggerWebViews/icons/timeline/light/normal/TimelineMarkPurple.png to D:\Program\Common7\IDE\CommonExtensions\Platform\Debugger\PerfDebuggerWebViews\icons\timeline\light\normal\TimelineMarkPurple.png
[da4c:0007][2026-05-10T00:49:51] Timestamp updated for file 'D:\Program\Common7\IDE\CommonExtensions\Platform\Debugger\PerfDebuggerWebViews\icons\timeline\light\normal\TimelineMarkPurple.png'.
[da4c:0007][2026-05-10T00:49:51] Processing file /Contents/Common7/IDE/CommonExtensions/Platform/Debugger/PerfDebuggerWebViews/icons/timeline/light/normal/TimelineMarkRed.png
[da4c:0007][2026-05-10T00:49:51] Started: Copying file /Contents/Common7/IDE/CommonExtensions/Platform/Debugger/PerfDebuggerWebViews/icons/timeline/light/normal/TimelineMarkRed.png to D:\Program\Common7\IDE\CommonExtensions\Platform\Debugger\PerfDebuggerWebViews\icons\timeline\light\normal\TimelineMarkRed.png
[da4c:0007][2026-05-10T00:49:51] Completed: Copying file /Contents/Common7/IDE/CommonExtensions/Platform/Debugger/PerfDebuggerWebViews/icons/timeline/light/normal/TimelineMarkRed.png to D:\Program\Common7\IDE\CommonExtensions\Platform\Debugger\PerfDebuggerWebViews\icons\timeline\light\normal\TimelineMarkRed.png
[da4c:0007][2026-05-10T00:49:51] Timestamp updated for file 'D:\Program\Common7\IDE\CommonExtensions\Platform\Debugger\PerfDebuggerWebViews\icons\timeline\light\normal\TimelineMarkRed.png'.
[da4c:0007][2026-05-10T00:49:51] Processing file /Contents/Common7/IDE/CommonExtensions/Platform/Debugger/PerfDebuggerWebViews/icons/timeline/light/selected/TimelineMarkGray.png
[da4c:0007][2026-05-10T00:49:51] Started: Copying file /Contents/Common7/IDE/CommonExtensions/Platform/Debugger/PerfDebuggerWebViews/icons/timeline/light/selected/TimelineMarkGray.png to D:\Program\Common7\IDE\CommonExtensions\Platform\Debugger\PerfDebuggerWebViews\icons\timeline\light\selected\TimelineMarkGray.png
[da4c:0007][2026-05-10T00:49:51] Completed: Copying file /Contents/Common7/IDE/CommonExtensions/Platform/Debugger/PerfDebuggerWebViews/icons/timeline/light/selected/TimelineMarkGray.png to D:\Program\Common7\IDE\CommonExtensions\Platform\Debugger\PerfDebuggerWebViews\icons\timeline\light\selected\TimelineMarkGray.png
[da4c:0007][2026-05-10T00:49:51] Timestamp updated for file 'D:\Program\Common7\IDE\CommonExtensions\Platform\Debugger\PerfDebuggerWebViews\icons\timeline\light\selected\TimelineMarkGray.png'.
[da4c:0007][2026-05-10T00:49:51] Processing file /Contents/Common7/IDE/CommonExtensions/Platform/Debugger/PerfDebuggerWebViews/icons/timeline/light/selected/TimelineMarkPurple.png
[da4c:0007][2026-05-10T00:49:51] Started: Copying file /Contents/Common7/IDE/CommonExtensions/Platform/Debugger/PerfDebuggerWebViews/icons/timeline/light/selected/TimelineMarkPurple.png to D:\Program\Common7\IDE\CommonExtensions\Platform\Debugger\PerfDebuggerWebViews\icons\timeline\light\selected\TimelineMarkPurple.png
[da4c:0007][2026-05-10T00:49:51] Completed: Copying file /Contents/Common7/IDE/CommonExtensions/Platform/Debugger/PerfDebuggerWebViews/icons/timeline/light/selected/TimelineMarkPurple.png to D:\Program\Common7\IDE\CommonExtensions\Platform\Debugger\PerfDebuggerWebViews\icons\timeline\light\selected\TimelineMarkPurple.png
[da4c:0007][2026-05-10T00:49:51] Timestamp updated for file 'D:\Program\Common7\IDE\CommonExtensions\Platform\Debugger\PerfDebuggerWebViews\icons\timeline\light\selected\TimelineMarkPurple.png'.
[da4c:0007][2026-05-10T00:49:51] Processing file /Contents/Common7/IDE/CommonExtensions/Platform/Debugger/PerfDebuggerWebViews/icons/timeline/light/selected/TimelineMarkRed.png
[da4c:0007][2026-05-10T00:49:51] Started: Copying file /Contents/Common7/IDE/CommonExtensions/Platform/Debugger/PerfDebuggerWebViews/icons/timeline/light/selected/TimelineMarkRed.png to D:\Program\Common7\IDE\CommonExtensions\Platform\Debugger\PerfDebuggerWebViews\icons\timeline\light\selected\TimelineMarkRed.png
[da4c:0007][2026-05-10T00:49:51] Completed: Copying file /Contents/Common7/IDE/CommonExtensions/Platform/Debugger/PerfDebuggerWebViews/icons/timeline/light/selected/TimelineMarkRed.png to D:\Program\Common7\IDE\CommonExtensions\Platform\Debugger\PerfDebuggerWebViews\icons\timeline\light\selected\TimelineMarkRed.png
[da4c:0007][2026-05-10T00:49:51] Timestamp updated for file 'D:\Program\Common7\IDE\CommonExtensions\Platform\Debugger\PerfDebuggerWebViews\icons\timeline\light\selected\TimelineMarkRed.png'.
[da4c:0007][2026-05-10T00:49:51] Processing file /Contents/Common7/IDE/CommonExtensions/Platform/Debugger/PerfDebuggerWebViews/PerfDebuggerSwimlane.js
[da4c:0007][2026-05-10T00:49:51] Started: Copying file /Contents/Common7/IDE/CommonExtensions/Platform/Debugger/PerfDebuggerWebViews/PerfDebuggerSwimlane.js to D:\Program\Common7\IDE\CommonExtensions\Platform\Debugger\PerfDebuggerWebViews\PerfDebuggerSwimlane.js
[da4c:0007][2026-05-10T00:49:51] Completed: Copying file /Contents/Common7/IDE/CommonExtensions/Platform/Debugger/PerfDebuggerWebViews/PerfDebuggerSwimlane.js to D:\Program\Common7\IDE\CommonExtensions\Platform\Debugger\PerfDebuggerWebViews\PerfDebuggerSwimlane.js
[da4c:0007][2026-05-10T00:49:51] Timestamp updated for file 'D:\Program\Common7\IDE\CommonExtensions\Platform\Debugger\PerfDebuggerWebViews\PerfDebuggerSwimlane.js'.
[da4c:0007][2026-05-10T00:49:51] Processing file /Contents/Common7/IDE/PrivateAssemblies/Microsoft.VisualStudio.Diagnostics.HubExtensions.dll
[da4c:0007][2026-05-10T00:49:51] Started: Copying file /Contents/Common7/IDE/PrivateAssemblies/Microsoft.VisualStudio.Diagnostics.HubExtensions.dll to D:\Program\Common7\IDE\PrivateAssemblies\Microsoft.VisualStudio.Diagnostics.HubExtensions.dll
[da4c:0007][2026-05-10T00:49:51] Completed: Copying file /Contents/Common7/IDE/PrivateAssemblies/Microsoft.VisualStudio.Diagnostics.HubExtensions.dll to D:\Program\Common7\IDE\PrivateAssemblies\Microsoft.VisualStudio.Diagnostics.HubExtensions.dll
[da4c:0007][2026-05-10T00:49:51] Timestamp updated for file 'D:\Program\Common7\IDE\PrivateAssemblies\Microsoft.VisualStudio.Diagnostics.HubExtensions.dll'.
[da4c:0007][2026-05-10T00:49:51] Queueing D:\Program\Common7\IDE\PrivateAssemblies\Microsoft.VisualStudio.Diagnostics.HubExtensions.dll for X86 ngen
[da4c:0007][2026-05-10T00:49:51] Successfully queued file '/Contents/Common7/IDE/PrivateAssemblies/Microsoft.VisualStudio.Diagnostics.HubExtensions.dll' for ngen
[da4c:0007][2026-05-10T00:49:51] Package executed successfully. Return code: 0
