[0c48:0003][2026-05-10T01:44:48] Using cached package manifest as the embedded manifest
[0c48:0003][2026-05-10T01:44:48] Processing file /Contents/Common7/IDE/CommonExtensions/Platform/Debugger/WebViews/ScriptResources.en.resx
[0c48:0003][2026-05-10T01:44:48] C:\Program Files (x86)\Microsoft Visual Studio\2022\BuildTools\Common7\IDE\CommonExtensions\Platform\Debugger\WebViews\ScriptResources.en.resx file deleted.
[0c48:0003][2026-05-10T01:44:48] Processing file /Contents/Common7/IDE/CommonExtensions/Platform/Debugger/WebViews/DiagnosticAnalysisResource.en.resx
[0c48:0003][2026-05-10T01:44:48] C:\Program Files (x86)\Microsoft Visual Studio\2022\BuildTools\Common7\IDE\CommonExtensions\Platform\Debugger\WebViews\DiagnosticAnalysisResource.en.resx file deleted.
[0c48:0003][2026-05-10T01:44:48] Processing file /Contents/Common7/Packages/Debugger/1033/vsdebugui.dll
[0c48:0003][2026-05-10T01:44:48] C:\Program Files (x86)\Microsoft Visual Studio\2022\BuildTools\Common7\Packages\Debugger\1033\vsdebugui.dll file deleted.
[0c48:0003][2026-05-10T01:44:48] Processing file /Contents/Common7/Packages/Debugger/1033/symbollocator.resources.dll
[0c48:0003][2026-05-10T01:44:48] C:\Program Files (x86)\Microsoft Visual Studio\2022\BuildTools\Common7\Packages\Debugger\1033\symbollocator.resources.dll file deleted.
[0c48:0003][2026-05-10T01:44:48] Processing file /Contents/Common7/Packages/Debugger/1033/msdbgui.dll
[0c48:0003][2026-05-10T01:44:48] C:\Program Files (x86)\Microsoft Visual Studio\2022\BuildTools\Common7\Packages\Debugger\1033\msdbgui.dll file deleted.
[0c48:0003][2026-05-10T01:44:48] Started: Deleting empty directories
[0c48:0003][2026-05-10T01:44:48] Completed: Deleting empty directories
[0c48:0003][2026-05-10T01:44:48] Uninstalling ProgId: VisualStudio.dmp.[InstanceId]
[0c48:0003][2026-05-10T01:44:48] Uninstalling ProgId: VisualStudio.hdmp.[InstanceId]
[0c48:0003][2026-05-10T01:44:48] Uninstalling ProgId: VisualStudio.mdmp.[InstanceId]
[0c48:0003][2026-05-10T01:44:48] Uninstalling file association: .dmp
[0c48:0003][2026-05-10T01:44:48] RegistrationPath: Software\Microsoft\VisualStudio_6d5b802f\Capabilities\FileAssociations
[0c48:0003][2026-05-10T01:44:48] Uninstalling file association: .hdmp
[0c48:0003][2026-05-10T01:44:48] RegistrationPath: Software\Microsoft\VisualStudio_6d5b802f\Capabilities\FileAssociations
[0c48:0003][2026-05-10T01:44:48] Uninstalling file association: .mdmp
[0c48:0003][2026-05-10T01:44:48] RegistrationPath: Software\Microsoft\VisualStudio_6d5b802f\Capabilities\FileAssociations
[0c48:0003][2026-05-10T01:44:48] Package executed successfully. Return code: 0
