[3c7c:000c][2026-05-10T01:36:06] Opening the package for processing
[3c7c:000c][2026-05-10T01:36:06] Using package payload to get the embedded manifest
[3c7c:000c][2026-05-10T01:36:06] Getting list of files within the package
[3c7c:000c][2026-05-10T01:36:06] Processing file /Contents/Common7/IDE/VC/VCWizards/CodeWiz/.NET/Installer/scripts/1033/default.js
[3c7c:000c][2026-05-10T01:36:06] Started: Copying file /Contents/Common7/IDE/VC/VCWizards/CodeWiz/.NET/Installer/scripts/1033/default.js to C:\Program Files (x86)\Microsoft Visual Studio\2022\BuildTools\Common7\IDE\VC\VCWizards\CodeWiz\.NET\Installer\scripts\1033\default.js
[3c7c:000c][2026-05-10T01:36:06] Completed: Copying file /Contents/Common7/IDE/VC/VCWizards/CodeWiz/.NET/Installer/scripts/1033/default.js to C:\Program Files (x86)\Microsoft Visual Studio\2022\BuildTools\Common7\IDE\VC\VCWizards\CodeWiz\.NET\Installer\scripts\1033\default.js
[3c7c:000c][2026-05-10T01:36:06] Timestamp updated for file 'C:\Program Files (x86)\Microsoft Visual Studio\2022\BuildTools\Common7\IDE\VC\VCWizards\CodeWiz\.NET\Installer\scripts\1033\default.js'.
[3c7c:000c][2026-05-10T01:36:06] Processing file /Contents/Common7/IDE/VC/VCWizards/CodeWiz/.NET/Installer/templates/1033/newinstaller.cpp
[3c7c:000c][2026-05-10T01:36:06] Started: Copying file /Contents/Common7/IDE/VC/VCWizards/CodeWiz/.NET/Installer/templates/1033/newinstaller.cpp to C:\Program Files (x86)\Microsoft Visual Studio\2022\BuildTools\Common7\IDE\VC\VCWizards\CodeWiz\.NET\Installer\templates\1033\newinstaller.cpp
[3c7c:000c][2026-05-10T01:36:06] Completed: Copying file /Contents/Common7/IDE/VC/VCWizards/CodeWiz/.NET/Installer/templates/1033/newinstaller.cpp to C:\Program Files (x86)\Microsoft Visual Studio\2022\BuildTools\Common7\IDE\VC\VCWizards\CodeWiz\.NET\Installer\templates\1033\newinstaller.cpp
[3c7c:000c][2026-05-10T01:36:06] Timestamp updated for file 'C:\Program Files (x86)\Microsoft Visual Studio\2022\BuildTools\Common7\IDE\VC\VCWizards\CodeWiz\.NET\Installer\templates\1033\newinstaller.cpp'.
[3c7c:000c][2026-05-10T01:36:06] Processing file /Contents/Common7/IDE/VC/VCWizards/CodeWiz/.NET/Installer/templates/1033/newinstaller.h
[3c7c:000c][2026-05-10T01:36:06] Started: Copying file /Contents/Common7/IDE/VC/VCWizards/CodeWiz/.NET/Installer/templates/1033/newinstaller.h to C:\Program Files (x86)\Microsoft Visual Studio\2022\BuildTools\Common7\IDE\VC\VCWizards\CodeWiz\.NET\Installer\templates\1033\newinstaller.h
[3c7c:000c][2026-05-10T01:36:06] Completed: Copying file /Contents/Common7/IDE/VC/VCWizards/CodeWiz/.NET/Installer/templates/1033/newinstaller.h to C:\Program Files (x86)\Microsoft Visual Studio\2022\BuildTools\Common7\IDE\VC\VCWizards\CodeWiz\.NET\Installer\templates\1033\newinstaller.h
[3c7c:000c][2026-05-10T01:36:06] Timestamp updated for file 'C:\Program Files (x86)\Microsoft Visual Studio\2022\BuildTools\Common7\IDE\VC\VCWizards\CodeWiz\.NET\Installer\templates\1033\newinstaller.h'.
[3c7c:000c][2026-05-10T01:36:06] Processing file /Contents/Common7/IDE/VC/VCWizards/CodeWiz/.NET/Installer/templates/1033/templates.inf
[3c7c:000c][2026-05-10T01:36:06] Started: Copying file /Contents/Common7/IDE/VC/VCWizards/CodeWiz/.NET/Installer/templates/1033/templates.inf to C:\Program Files (x86)\Microsoft Visual Studio\2022\BuildTools\Common7\IDE\VC\VCWizards\CodeWiz\.NET\Installer\templates\1033\templates.inf
[3c7c:000c][2026-05-10T01:36:06] Completed: Copying file /Contents/Common7/IDE/VC/VCWizards/CodeWiz/.NET/Installer/templates/1033/templates.inf to C:\Program Files (x86)\Microsoft Visual Studio\2022\BuildTools\Common7\IDE\VC\VCWizards\CodeWiz\.NET\Installer\templates\1033\templates.inf
[3c7c:000c][2026-05-10T01:36:06] Timestamp updated for file 'C:\Program Files (x86)\Microsoft Visual Studio\2022\BuildTools\Common7\IDE\VC\VCWizards\CodeWiz\.NET\Installer\templates\1033\templates.inf'.
[3c7c:000c][2026-05-10T01:36:06] Processing file /Contents/Common7/IDE/VC/VCWizards/CodeWiz/.NET/XMLSchema/Scripts/1033/default.js
[3c7c:000c][2026-05-10T01:36:06] Started: Copying file /Contents/Common7/IDE/VC/VCWizards/CodeWiz/.NET/XMLSchema/Scripts/1033/default.js to C:\Program Files (x86)\Microsoft Visual Studio\2022\BuildTools\Common7\IDE\VC\VCWizards\CodeWiz\.NET\XMLSchema\Scripts\1033\default.js
[3c7c:000c][2026-05-10T01:36:06] Completed: Copying file /Contents/Common7/IDE/VC/VCWizards/CodeWiz/.NET/XMLSchema/Scripts/1033/default.js to C:\Program Files (x86)\Microsoft Visual Studio\2022\BuildTools\Common7\IDE\VC\VCWizards\CodeWiz\.NET\XMLSchema\Scripts\1033\default.js
[3c7c:000c][2026-05-10T01:36:06] Timestamp updated for file 'C:\Program Files (x86)\Microsoft Visual Studio\2022\BuildTools\Common7\IDE\VC\VCWizards\CodeWiz\.NET\XMLSchema\Scripts\1033\default.js'.
[3c7c:000c][2026-05-10T01:36:06] Processing file /Contents/Common7/IDE/VC/VCWizards/CodeWiz/.NET/XMLSchema/Templates/1033/newxmlschema.xsd
[3c7c:000c][2026-05-10T01:36:06] Started: Copying file /Contents/Common7/IDE/VC/VCWizards/CodeWiz/.NET/XMLSchema/Templates/1033/newxmlschema.xsd to C:\Program Files (x86)\Microsoft Visual Studio\2022\BuildTools\Common7\IDE\VC\VCWizards\CodeWiz\.NET\XMLSchema\Templates\1033\newxmlschema.xsd
[3c7c:000c][2026-05-10T01:36:06] Completed: Copying file /Contents/Common7/IDE/VC/VCWizards/CodeWiz/.NET/XMLSchema/Templates/1033/newxmlschema.xsd to C:\Program Files (x86)\Microsoft Visual Studio\2022\BuildTools\Common7\IDE\VC\VCWizards\CodeWiz\.NET\XMLSchema\Templates\1033\newxmlschema.xsd
[3c7c:000c][2026-05-10T01:36:06] Timestamp updated for file 'C:\Program Files (x86)\Microsoft Visual Studio\2022\BuildTools\Common7\IDE\VC\VCWizards\CodeWiz\.NET\XMLSchema\Templates\1033\newxmlschema.xsd'.
[3c7c:000c][2026-05-10T01:36:06] Processing file /Contents/Common7/IDE/VC/VCWizards/CodeWiz/.NET/XMLSchema/Templates/1033/templates.inf
[3c7c:000c][2026-05-10T01:36:06] Started: Copying file /Contents/Common7/IDE/VC/VCWizards/CodeWiz/.NET/XMLSchema/Templates/1033/templates.inf to C:\Program Files (x86)\Microsoft Visual Studio\2022\BuildTools\Common7\IDE\VC\VCWizards\CodeWiz\.NET\XMLSchema\Templates\1033\templates.inf
[3c7c:000c][2026-05-10T01:36:06] Completed: Copying file /Contents/Common7/IDE/VC/VCWizards/CodeWiz/.NET/XMLSchema/Templates/1033/templates.inf to C:\Program Files (x86)\Microsoft Visual Studio\2022\BuildTools\Common7\IDE\VC\VCWizards\CodeWiz\.NET\XMLSchema\Templates\1033\templates.inf
[3c7c:000c][2026-05-10T01:36:06] Timestamp updated for file 'C:\Program Files (x86)\Microsoft Visual Studio\2022\BuildTools\Common7\IDE\VC\VCWizards\CodeWiz\.NET\XMLSchema\Templates\1033\templates.inf'.
[3c7c:000c][2026-05-10T01:36:06] Processing file /Contents/Common7/IDE/VC/VCWizards/CodeWiz/Generic/DEFFile/Scripts/1033/default.js
[3c7c:000c][2026-05-10T01:36:06] Started: Copying file /Contents/Common7/IDE/VC/VCWizards/CodeWiz/Generic/DEFFile/Scripts/1033/default.js to C:\Program Files (x86)\Microsoft Visual Studio\2022\BuildTools\Common7\IDE\VC\VCWizards\CodeWiz\Generic\DEFFile\Scripts\1033\default.js
[3c7c:000c][2026-05-10T01:36:06] Completed: Copying file /Contents/Common7/IDE/VC/VCWizards/CodeWiz/Generic/DEFFile/Scripts/1033/default.js to C:\Program Files (x86)\Microsoft Visual Studio\2022\BuildTools\Common7\IDE\VC\VCWizards\CodeWiz\Generic\DEFFile\Scripts\1033\default.js
[3c7c:000c][2026-05-10T01:36:06] Timestamp updated for file 'C:\Program Files (x86)\Microsoft Visual Studio\2022\BuildTools\Common7\IDE\VC\VCWizards\CodeWiz\Generic\DEFFile\Scripts\1033\default.js'.
[3c7c:000c][2026-05-10T01:36:06] Processing file /Contents/Common7/IDE/VC/VCWizards/CodeWiz/Generic/DEFFile/Templates/1033/empty.def
[3c7c:000c][2026-05-10T01:36:06] Started: Copying file /Contents/Common7/IDE/VC/VCWizards/CodeWiz/Generic/DEFFile/Templates/1033/empty.def to C:\Program Files (x86)\Microsoft Visual Studio\2022\BuildTools\Common7\IDE\VC\VCWizards\CodeWiz\Generic\DEFFile\Templates\1033\empty.def
[3c7c:000c][2026-05-10T01:36:06] Completed: Copying file /Contents/Common7/IDE/VC/VCWizards/CodeWiz/Generic/DEFFile/Templates/1033/empty.def to C:\Program Files (x86)\Microsoft Visual Studio\2022\BuildTools\Common7\IDE\VC\VCWizards\CodeWiz\Generic\DEFFile\Templates\1033\empty.def
[3c7c:000c][2026-05-10T01:36:06] Timestamp updated for file 'C:\Program Files (x86)\Microsoft Visual Studio\2022\BuildTools\Common7\IDE\VC\VCWizards\CodeWiz\Generic\DEFFile\Templates\1033\empty.def'.
[3c7c:000c][2026-05-10T01:36:06] Processing file /Contents/Common7/IDE/VC/VCWizards/CodeWiz/Generic/DEFFile/Templates/1033/root.def
[3c7c:000c][2026-05-10T01:36:06] Started: Copying file /Contents/Common7/IDE/VC/VCWizards/CodeWiz/Generic/DEFFile/Templates/1033/root.def to C:\Program Files (x86)\Microsoft Visual Studio\2022\BuildTools\Common7\IDE\VC\VCWizards\CodeWiz\Generic\DEFFile\Templates\1033\root.def
[3c7c:000c][2026-05-10T01:36:06] Completed: Copying file /Contents/Common7/IDE/VC/VCWizards/CodeWiz/Generic/DEFFile/Templates/1033/root.def to C:\Program Files (x86)\Microsoft Visual Studio\2022\BuildTools\Common7\IDE\VC\VCWizards\CodeWiz\Generic\DEFFile\Templates\1033\root.def
[3c7c:000c][2026-05-10T01:36:06] Timestamp updated for file 'C:\Program Files (x86)\Microsoft Visual Studio\2022\BuildTools\Common7\IDE\VC\VCWizards\CodeWiz\Generic\DEFFile\Templates\1033\root.def'.
[3c7c:000c][2026-05-10T01:36:06] Processing file /Contents/Common7/IDE/VC/VCWizards/CodeWiz/Generic/RCFile/Scripts/1033/default.js
[3c7c:000c][2026-05-10T01:36:06] Started: Copying file /Contents/Common7/IDE/VC/VCWizards/CodeWiz/Generic/RCFile/Scripts/1033/default.js to C:\Program Files (x86)\Microsoft Visual Studio\2022\BuildTools\Common7\IDE\VC\VCWizards\CodeWiz\Generic\RCFile\Scripts\1033\default.js
[3c7c:000c][2026-05-10T01:36:06] Completed: Copying file /Contents/Common7/IDE/VC/VCWizards/CodeWiz/Generic/RCFile/Scripts/1033/default.js to C:\Program Files (x86)\Microsoft Visual Studio\2022\BuildTools\Common7\IDE\VC\VCWizards\CodeWiz\Generic\RCFile\Scripts\1033\default.js
[3c7c:000c][2026-05-10T01:36:06] Timestamp updated for file 'C:\Program Files (x86)\Microsoft Visual Studio\2022\BuildTools\Common7\IDE\VC\VCWizards\CodeWiz\Generic\RCFile\Scripts\1033\default.js'.
[3c7c:000c][2026-05-10T01:36:06] Processing file /Contents/Common7/IDE/VC/VCWizards/CodeWiz/Generic/RCFile/Templates/1033/rcfile.rc
[3c7c:000c][2026-05-10T01:36:06] Started: Copying file /Contents/Common7/IDE/VC/VCWizards/CodeWiz/Generic/RCFile/Templates/1033/rcfile.rc to C:\Program Files (x86)\Microsoft Visual Studio\2022\BuildTools\Common7\IDE\VC\VCWizards\CodeWiz\Generic\RCFile\Templates\1033\rcfile.rc
[3c7c:000c][2026-05-10T01:36:06] Completed: Copying file /Contents/Common7/IDE/VC/VCWizards/CodeWiz/Generic/RCFile/Templates/1033/rcfile.rc to C:\Program Files (x86)\Microsoft Visual Studio\2022\BuildTools\Common7\IDE\VC\VCWizards\CodeWiz\Generic\RCFile\Templates\1033\rcfile.rc
[3c7c:000c][2026-05-10T01:36:06] Timestamp updated for file 'C:\Program Files (x86)\Microsoft Visual Studio\2022\BuildTools\Common7\IDE\VC\VCWizards\CodeWiz\Generic\RCFile\Templates\1033\rcfile.rc'.
[3c7c:000c][2026-05-10T01:36:06] Processing file /Contents/Common7/IDE/VC/VCWizards/CodeWiz/Generic/RCFile/Templates/1033/resource.h
[3c7c:000c][2026-05-10T01:36:06] Started: Copying file /Contents/Common7/IDE/VC/VCWizards/CodeWiz/Generic/RCFile/Templates/1033/resource.h to C:\Program Files (x86)\Microsoft Visual Studio\2022\BuildTools\Common7\IDE\VC\VCWizards\CodeWiz\Generic\RCFile\Templates\1033\resource.h
[3c7c:000c][2026-05-10T01:36:06] Completed: Copying file /Contents/Common7/IDE/VC/VCWizards/CodeWiz/Generic/RCFile/Templates/1033/resource.h to C:\Program Files (x86)\Microsoft Visual Studio\2022\BuildTools\Common7\IDE\VC\VCWizards\CodeWiz\Generic\RCFile\Templates\1033\resource.h
[3c7c:000c][2026-05-10T01:36:06] Timestamp updated for file 'C:\Program Files (x86)\Microsoft Visual Studio\2022\BuildTools\Common7\IDE\VC\VCWizards\CodeWiz\Generic\RCFile\Templates\1033\resource.h'.
[3c7c:000c][2026-05-10T01:36:06] Processing file /Contents/Common7/IDE/VC/VCWizards/CodeWiz/Generic/RCFile/Templates/1033/templates.inf
[3c7c:000c][2026-05-10T01:36:06] Started: Copying file /Contents/Common7/IDE/VC/VCWizards/CodeWiz/Generic/RCFile/Templates/1033/templates.inf to C:\Program Files (x86)\Microsoft Visual Studio\2022\BuildTools\Common7\IDE\VC\VCWizards\CodeWiz\Generic\RCFile\Templates\1033\templates.inf
[3c7c:000c][2026-05-10T01:36:06] Completed: Copying file /Contents/Common7/IDE/VC/VCWizards/CodeWiz/Generic/RCFile/Templates/1033/templates.inf to C:\Program Files (x86)\Microsoft Visual Studio\2022\BuildTools\Common7\IDE\VC\VCWizards\CodeWiz\Generic\RCFile\Templates\1033\templates.inf
[3c7c:000c][2026-05-10T01:36:06] Timestamp updated for file 'C:\Program Files (x86)\Microsoft Visual Studio\2022\BuildTools\Common7\IDE\VC\VCWizards\CodeWiz\Generic\RCFile\Templates\1033\templates.inf'.
[3c7c:000c][2026-05-10T01:36:06] Processing file /Contents/Common7/IDE/VC/VCWizards/CodeWiz/Generic/ResourceScript/scripts/1033/default.js
[3c7c:000c][2026-05-10T01:36:06] Started: Copying file /Contents/Common7/IDE/VC/VCWizards/CodeWiz/Generic/ResourceScript/scripts/1033/default.js to C:\Program Files (x86)\Microsoft Visual Studio\2022\BuildTools\Common7\IDE\VC\VCWizards\CodeWiz\Generic\ResourceScript\scripts\1033\default.js
[3c7c:000c][2026-05-10T01:36:06] Completed: Copying file /Contents/Common7/IDE/VC/VCWizards/CodeWiz/Generic/ResourceScript/scripts/1033/default.js to C:\Program Files (x86)\Microsoft Visual Studio\2022\BuildTools\Common7\IDE\VC\VCWizards\CodeWiz\Generic\ResourceScript\scripts\1033\default.js
[3c7c:000c][2026-05-10T01:36:06] Timestamp updated for file 'C:\Program Files (x86)\Microsoft Visual Studio\2022\BuildTools\Common7\IDE\VC\VCWizards\CodeWiz\Generic\ResourceScript\scripts\1033\default.js'.
[3c7c:000c][2026-05-10T01:36:06] Processing file /Contents/Common7/IDE/VC/VCWizards/CodeWiz/Generic/ResourceScript/Templates/1033/rcfile.rc
[3c7c:000c][2026-05-10T01:36:06] Started: Copying file /Contents/Common7/IDE/VC/VCWizards/CodeWiz/Generic/ResourceScript/Templates/1033/rcfile.rc to C:\Program Files (x86)\Microsoft Visual Studio\2022\BuildTools\Common7\IDE\VC\VCWizards\CodeWiz\Generic\ResourceScript\Templates\1033\rcfile.rc
[3c7c:000c][2026-05-10T01:36:06] Completed: Copying file /Contents/Common7/IDE/VC/VCWizards/CodeWiz/Generic/ResourceScript/Templates/1033/rcfile.rc to C:\Program Files (x86)\Microsoft Visual Studio\2022\BuildTools\Common7\IDE\VC\VCWizards\CodeWiz\Generic\ResourceScript\Templates\1033\rcfile.rc
[3c7c:000c][2026-05-10T01:36:06] Timestamp updated for file 'C:\Program Files (x86)\Microsoft Visual Studio\2022\BuildTools\Common7\IDE\VC\VCWizards\CodeWiz\Generic\ResourceScript\Templates\1033\rcfile.rc'.
[3c7c:000c][2026-05-10T01:36:06] Processing file /Contents/Common7/IDE/VC/VCWizards/CodeWiz/Generic/ResourceScript/Templates/1033/resource.h
[3c7c:000c][2026-05-10T01:36:06] Started: Copying file /Contents/Common7/IDE/VC/VCWizards/CodeWiz/Generic/ResourceScript/Templates/1033/resource.h to C:\Program Files (x86)\Microsoft Visual Studio\2022\BuildTools\Common7\IDE\VC\VCWizards\CodeWiz\Generic\ResourceScript\Templates\1033\resource.h
[3c7c:000c][2026-05-10T01:36:06] Completed: Copying file /Contents/Common7/IDE/VC/VCWizards/CodeWiz/Generic/ResourceScript/Templates/1033/resource.h to C:\Program Files (x86)\Microsoft Visual Studio\2022\BuildTools\Common7\IDE\VC\VCWizards\CodeWiz\Generic\ResourceScript\Templates\1033\resource.h
[3c7c:000c][2026-05-10T01:36:06] Timestamp updated for file 'C:\Program Files (x86)\Microsoft Visual Studio\2022\BuildTools\Common7\IDE\VC\VCWizards\CodeWiz\Generic\ResourceScript\Templates\1033\resource.h'.
[3c7c:000c][2026-05-10T01:36:06] Package executed successfully. Return code: 0
