[18d4:0007][2026-05-10T02:03:31] Opening the package for processing
[18d4:0007][2026-05-10T02:03:31] Using package payload to get the embedded manifest
[18d4:0007][2026-05-10T02:03:31] Getting list of files within the package
[18d4:0007][2026-05-10T02:03:31] Processing file /Contents/Common7/IDE/en/Microsoft.VisualStudio.Imaging.resources.dll
[18d4:0007][2026-05-10T02:03:31] Started: Copying file /Contents/Common7/IDE/en/Microsoft.VisualStudio.Imaging.resources.dll to D:\Program Files (x86)\Microsoft Visual Studio\2022\BuildTools\Common7\IDE\en\Microsoft.VisualStudio.Imaging.resources.dll
[18d4:0007][2026-05-10T02:03:31] Completed: Copying file /Contents/Common7/IDE/en/Microsoft.VisualStudio.Imaging.resources.dll to D:\Program Files (x86)\Microsoft Visual Studio\2022\BuildTools\Common7\IDE\en\Microsoft.VisualStudio.Imaging.resources.dll
[18d4:0007][2026-05-10T02:03:31] Timestamp updated for file 'D:\Program Files (x86)\Microsoft Visual Studio\2022\BuildTools\Common7\IDE\en\Microsoft.VisualStudio.Imaging.resources.dll'.
[18d4:0007][2026-05-10T02:03:31] Processing file /Contents/Common7/IDE/en/Microsoft.VisualStudio.Platform.WindowManagement.resources.dll
[18d4:0007][2026-05-10T02:03:31] Started: Copying file /Contents/Common7/IDE/en/Microsoft.VisualStudio.Platform.WindowManagement.resources.dll to D:\Program Files (x86)\Microsoft Visual Studio\2022\BuildTools\Common7\IDE\en\Microsoft.VisualStudio.Platform.WindowManagement.resources.dll
[18d4:0007][2026-05-10T02:03:31] Completed: Copying file /Contents/Common7/IDE/en/Microsoft.VisualStudio.Platform.WindowManagement.resources.dll to D:\Program Files (x86)\Microsoft Visual Studio\2022\BuildTools\Common7\IDE\en\Microsoft.VisualStudio.Platform.WindowManagement.resources.dll
[18d4:0007][2026-05-10T02:03:31] Timestamp updated for file 'D:\Program Files (x86)\Microsoft Visual Studio\2022\BuildTools\Common7\IDE\en\Microsoft.VisualStudio.Platform.WindowManagement.resources.dll'.
[18d4:0007][2026-05-10T02:03:31] Processing file /Contents/Common7/IDE/en/Microsoft.VisualStudio.Utilities.resources.dll
[18d4:0007][2026-05-10T02:03:31] Started: Copying file /Contents/Common7/IDE/en/Microsoft.VisualStudio.Utilities.resources.dll to D:\Program Files (x86)\Microsoft Visual Studio\2022\BuildTools\Common7\IDE\en\Microsoft.VisualStudio.Utilities.resources.dll
[18d4:0007][2026-05-10T02:03:31] Completed: Copying file /Contents/Common7/IDE/en/Microsoft.VisualStudio.Utilities.resources.dll to D:\Program Files (x86)\Microsoft Visual Studio\2022\BuildTools\Common7\IDE\en\Microsoft.VisualStudio.Utilities.resources.dll
[18d4:0007][2026-05-10T02:03:31] Timestamp updated for file 'D:\Program Files (x86)\Microsoft Visual Studio\2022\BuildTools\Common7\IDE\en\Microsoft.VisualStudio.Utilities.resources.dll'.
[18d4:0007][2026-05-10T02:03:31] Processing file /Contents/Common7/IDE/PrivateAssemblies/en/Microsoft.Internal.VisualStudio.UserNotifications.resources.dll
[18d4:0007][2026-05-10T02:03:31] Started: Copying file /Contents/Common7/IDE/PrivateAssemblies/en/Microsoft.Internal.VisualStudio.UserNotifications.resources.dll to D:\Program Files (x86)\Microsoft Visual Studio\2022\BuildTools\Common7\IDE\PrivateAssemblies\en\Microsoft.Internal.VisualStudio.UserNotifications.resources.dll
[18d4:0007][2026-05-10T02:03:31] Completed: Copying file /Contents/Common7/IDE/PrivateAssemblies/en/Microsoft.Internal.VisualStudio.UserNotifications.resources.dll to D:\Program Files (x86)\Microsoft Visual Studio\2022\BuildTools\Common7\IDE\PrivateAssemblies\en\Microsoft.Internal.VisualStudio.UserNotifications.resources.dll
[18d4:0007][2026-05-10T02:03:31] Timestamp updated for file 'D:\Program Files (x86)\Microsoft Visual Studio\2022\BuildTools\Common7\IDE\PrivateAssemblies\en\Microsoft.Internal.VisualStudio.UserNotifications.resources.dll'.
[18d4:0007][2026-05-10T02:03:31] Processing file /Contents/Common7/IDE/PrivateAssemblies/en/Microsoft.VisualStudio.Toolbox.resources.dll
[18d4:0007][2026-05-10T02:03:31] Started: Copying file /Contents/Common7/IDE/PrivateAssemblies/en/Microsoft.VisualStudio.Toolbox.resources.dll to D:\Program Files (x86)\Microsoft Visual Studio\2022\BuildTools\Common7\IDE\PrivateAssemblies\en\Microsoft.VisualStudio.Toolbox.resources.dll
[18d4:0007][2026-05-10T02:03:31] Completed: Copying file /Contents/Common7/IDE/PrivateAssemblies/en/Microsoft.VisualStudio.Toolbox.resources.dll to D:\Program Files (x86)\Microsoft Visual Studio\2022\BuildTools\Common7\IDE\PrivateAssemblies\en\Microsoft.VisualStudio.Toolbox.resources.dll
[18d4:0007][2026-05-10T02:03:31] Timestamp updated for file 'D:\Program Files (x86)\Microsoft Visual Studio\2022\BuildTools\Common7\IDE\PrivateAssemblies\en\Microsoft.VisualStudio.Toolbox.resources.dll'.
[18d4:0007][2026-05-10T02:03:31] Package executed successfully. Return code: 0
