[da4c:0007][2026-05-10T00:49:55] Opening the package for processing
[da4c:0007][2026-05-10T00:49:55] Using package payload to get the embedded manifest
[da4c:0007][2026-05-10T00:49:55] Getting list of files within the package
[da4c:0007][2026-05-10T00:49:55] Processing file /Contents/Common7/IDE/en/Microsoft.VisualStudio.VCProjectUI.resources.dll
[da4c:0007][2026-05-10T00:49:55] Started: Copying file /Contents/Common7/IDE/en/Microsoft.VisualStudio.VCProjectUI.resources.dll to D:\Program\Common7\IDE\en\Microsoft.VisualStudio.VCProjectUI.resources.dll
[da4c:0007][2026-05-10T00:49:55] Completed: Copying file /Contents/Common7/IDE/en/Microsoft.VisualStudio.VCProjectUI.resources.dll to D:\Program\Common7\IDE\en\Microsoft.VisualStudio.VCProjectUI.resources.dll
[da4c:0007][2026-05-10T00:49:55] Timestamp updated for file 'D:\Program\Common7\IDE\en\Microsoft.VisualStudio.VCProjectUI.resources.dll'.
[da4c:0007][2026-05-10T00:49:55] Processing file /Contents/Common7/IDE/PublicAssemblies/en/Microsoft.VisualStudio.VCProject.xml
[da4c:0007][2026-05-10T00:49:55] Started: Copying file /Contents/Common7/IDE/PublicAssemblies/en/Microsoft.VisualStudio.VCProject.xml to D:\Program\Common7\IDE\PublicAssemblies\en\Microsoft.VisualStudio.VCProject.xml
[da4c:0007][2026-05-10T00:49:55] Completed: Copying file /Contents/Common7/IDE/PublicAssemblies/en/Microsoft.VisualStudio.VCProject.xml to D:\Program\Common7\IDE\PublicAssemblies\en\Microsoft.VisualStudio.VCProject.xml
[da4c:0007][2026-05-10T00:49:55] Timestamp updated for file 'D:\Program\Common7\IDE\PublicAssemblies\en\Microsoft.VisualStudio.VCProject.xml'.
[da4c:0007][2026-05-10T00:49:55] Processing file /Contents/Common7/IDE/PublicAssemblies/en/Microsoft.VisualStudio.VCProjectEngine.xml
[da4c:0007][2026-05-10T00:49:55] Started: Copying file /Contents/Common7/IDE/PublicAssemblies/en/Microsoft.VisualStudio.VCProjectEngine.xml to D:\Program\Common7\IDE\PublicAssemblies\en\Microsoft.VisualStudio.VCProjectEngine.xml
[da4c:0007][2026-05-10T00:49:55] Completed: Copying file /Contents/Common7/IDE/PublicAssemblies/en/Microsoft.VisualStudio.VCProjectEngine.xml to D:\Program\Common7\IDE\PublicAssemblies\en\Microsoft.VisualStudio.VCProjectEngine.xml
[da4c:0007][2026-05-10T00:49:55] Timestamp updated for file 'D:\Program\Common7\IDE\PublicAssemblies\en\Microsoft.VisualStudio.VCProjectEngine.xml'.
[da4c:0007][2026-05-10T00:49:55] Processing file /Contents/Common7/IDE/VC/vcpackages/1033/VCProjectUI.dll
[da4c:0007][2026-05-10T00:49:55] Started: Copying file /Contents/Common7/IDE/VC/vcpackages/1033/VCProjectUI.dll to D:\Program\Common7\IDE\VC\vcpackages\1033\VCProjectUI.dll
[da4c:0007][2026-05-10T00:49:55] Completed: Copying file /Contents/Common7/IDE/VC/vcpackages/1033/VCProjectUI.dll to D:\Program\Common7\IDE\VC\vcpackages\1033\VCProjectUI.dll
[da4c:0007][2026-05-10T00:49:55] Timestamp updated for file 'D:\Program\Common7\IDE\VC\vcpackages\1033\VCProjectUI.dll'.
[da4c:0007][2026-05-10T00:49:55] Processing file /Contents/Common7/Tools/1033/vcconvertengineui.dll
[da4c:0007][2026-05-10T00:49:55] Started: Copying file /Contents/Common7/Tools/1033/vcconvertengineui.dll to D:\Program\Common7\Tools\1033\vcconvertengineui.dll
[da4c:0007][2026-05-10T00:49:55] Completed: Copying file /Contents/Common7/Tools/1033/vcconvertengineui.dll to D:\Program\Common7\Tools\1033\vcconvertengineui.dll
[da4c:0007][2026-05-10T00:49:55] Timestamp updated for file 'D:\Program\Common7\Tools\1033\vcconvertengineui.dll'.
[da4c:0007][2026-05-10T00:49:55] Package executed successfully. Return code: 0
