[18d4:0007][2026-05-10T02:03:45] Opening the package for processing
[18d4:0007][2026-05-10T02:03:45] Using package payload to get the embedded manifest
[18d4:0007][2026-05-10T02:03:45] Getting list of files within the package
[18d4:0007][2026-05-10T02:03:45] Processing file /Contents/Common7/IDE/VSFinalizer.exe
[18d4:0007][2026-05-10T02:03:45] Started: Copying file /Contents/Common7/IDE/VSFinalizer.exe to D:\Program Files (x86)\Microsoft Visual Studio\2022\BuildTools\Common7\IDE\VSFinalizer.exe
[18d4:0007][2026-05-10T02:03:45] Completed: Copying file /Contents/Common7/IDE/VSFinalizer.exe to D:\Program Files (x86)\Microsoft Visual Studio\2022\BuildTools\Common7\IDE\VSFinalizer.exe
[18d4:0007][2026-05-10T02:03:45] Timestamp updated for file 'D:\Program Files (x86)\Microsoft Visual Studio\2022\BuildTools\Common7\IDE\VSFinalizer.exe'.
[18d4:0007][2026-05-10T02:03:45] Processing file /Contents/Common7/IDE/VSFinalizer.exe.config
[18d4:0007][2026-05-10T02:03:45] Started: Copying file /Contents/Common7/IDE/VSFinalizer.exe.config to D:\Program Files (x86)\Microsoft Visual Studio\2022\BuildTools\Common7\IDE\VSFinalizer.exe.config
[18d4:0007][2026-05-10T02:03:45] Completed: Copying file /Contents/Common7/IDE/VSFinalizer.exe.config to D:\Program Files (x86)\Microsoft Visual Studio\2022\BuildTools\Common7\IDE\VSFinalizer.exe.config
[18d4:0007][2026-05-10T02:03:45] Timestamp updated for file 'D:\Program Files (x86)\Microsoft Visual Studio\2022\BuildTools\Common7\IDE\VSFinalizer.exe.config'.
[18d4:0007][2026-05-10T02:03:45] Processing file /Contents/Common7/IDE/VSFinalizerDependencies/Microsoft.Bcl.AsyncInterfaces.dll
[18d4:0007][2026-05-10T02:03:45] Started: Copying file /Contents/Common7/IDE/VSFinalizerDependencies/Microsoft.Bcl.AsyncInterfaces.dll to D:\Program Files (x86)\Microsoft Visual Studio\2022\BuildTools\Common7\IDE\VSFinalizerDependencies\Microsoft.Bcl.AsyncInterfaces.dll
[18d4:0007][2026-05-10T02:03:45] Completed: Copying file /Contents/Common7/IDE/VSFinalizerDependencies/Microsoft.Bcl.AsyncInterfaces.dll to D:\Program Files (x86)\Microsoft Visual Studio\2022\BuildTools\Common7\IDE\VSFinalizerDependencies\Microsoft.Bcl.AsyncInterfaces.dll
[18d4:0007][2026-05-10T02:03:45] Timestamp updated for file 'D:\Program Files (x86)\Microsoft Visual Studio\2022\BuildTools\Common7\IDE\VSFinalizerDependencies\Microsoft.Bcl.AsyncInterfaces.dll'.
[18d4:0007][2026-05-10T02:03:45] Processing file /Contents/Common7/IDE/VSFinalizerDependencies/System.Buffers.dll
[18d4:0007][2026-05-10T02:03:45] Started: Copying file /Contents/Common7/IDE/VSFinalizerDependencies/System.Buffers.dll to D:\Program Files (x86)\Microsoft Visual Studio\2022\BuildTools\Common7\IDE\VSFinalizerDependencies\System.Buffers.dll
[18d4:0007][2026-05-10T02:03:45] Completed: Copying file /Contents/Common7/IDE/VSFinalizerDependencies/System.Buffers.dll to D:\Program Files (x86)\Microsoft Visual Studio\2022\BuildTools\Common7\IDE\VSFinalizerDependencies\System.Buffers.dll
[18d4:0007][2026-05-10T02:03:45] Timestamp updated for file 'D:\Program Files (x86)\Microsoft Visual Studio\2022\BuildTools\Common7\IDE\VSFinalizerDependencies\System.Buffers.dll'.
[18d4:0007][2026-05-10T02:03:45] Processing file /Contents/Common7/IDE/VSFinalizerDependencies/System.IO.Pipelines.dll
[18d4:0007][2026-05-10T02:03:45] Started: Copying file /Contents/Common7/IDE/VSFinalizerDependencies/System.IO.Pipelines.dll to D:\Program Files (x86)\Microsoft Visual Studio\2022\BuildTools\Common7\IDE\VSFinalizerDependencies\System.IO.Pipelines.dll
[18d4:0007][2026-05-10T02:03:45] Completed: Copying file /Contents/Common7/IDE/VSFinalizerDependencies/System.IO.Pipelines.dll to D:\Program Files (x86)\Microsoft Visual Studio\2022\BuildTools\Common7\IDE\VSFinalizerDependencies\System.IO.Pipelines.dll
[18d4:0007][2026-05-10T02:03:45] Timestamp updated for file 'D:\Program Files (x86)\Microsoft Visual Studio\2022\BuildTools\Common7\IDE\VSFinalizerDependencies\System.IO.Pipelines.dll'.
[18d4:0007][2026-05-10T02:03:45] Processing file /Contents/Common7/IDE/VSFinalizerDependencies/System.Memory.dll
[18d4:0007][2026-05-10T02:03:45] Started: Copying file /Contents/Common7/IDE/VSFinalizerDependencies/System.Memory.dll to D:\Program Files (x86)\Microsoft Visual Studio\2022\BuildTools\Common7\IDE\VSFinalizerDependencies\System.Memory.dll
[18d4:0007][2026-05-10T02:03:45] Completed: Copying file /Contents/Common7/IDE/VSFinalizerDependencies/System.Memory.dll to D:\Program Files (x86)\Microsoft Visual Studio\2022\BuildTools\Common7\IDE\VSFinalizerDependencies\System.Memory.dll
[18d4:0007][2026-05-10T02:03:45] Timestamp updated for file 'D:\Program Files (x86)\Microsoft Visual Studio\2022\BuildTools\Common7\IDE\VSFinalizerDependencies\System.Memory.dll'.
[18d4:0007][2026-05-10T02:03:45] Processing file /Contents/Common7/IDE/VSFinalizerDependencies/System.Numerics.Vectors.dll
[18d4:0007][2026-05-10T02:03:45] Started: Copying file /Contents/Common7/IDE/VSFinalizerDependencies/System.Numerics.Vectors.dll to D:\Program Files (x86)\Microsoft Visual Studio\2022\BuildTools\Common7\IDE\VSFinalizerDependencies\System.Numerics.Vectors.dll
[18d4:0007][2026-05-10T02:03:45] Completed: Copying file /Contents/Common7/IDE/VSFinalizerDependencies/System.Numerics.Vectors.dll to D:\Program Files (x86)\Microsoft Visual Studio\2022\BuildTools\Common7\IDE\VSFinalizerDependencies\System.Numerics.Vectors.dll
[18d4:0007][2026-05-10T02:03:45] Timestamp updated for file 'D:\Program Files (x86)\Microsoft Visual Studio\2022\BuildTools\Common7\IDE\VSFinalizerDependencies\System.Numerics.Vectors.dll'.
[18d4:0007][2026-05-10T02:03:45] Processing file /Contents/Common7/IDE/VSFinalizerDependencies/System.Runtime.CompilerServices.Unsafe.dll
[18d4:0007][2026-05-10T02:03:45] Started: Copying file /Contents/Common7/IDE/VSFinalizerDependencies/System.Runtime.CompilerServices.Unsafe.dll to D:\Program Files (x86)\Microsoft Visual Studio\2022\BuildTools\Common7\IDE\VSFinalizerDependencies\System.Runtime.CompilerServices.Unsafe.dll
[18d4:0007][2026-05-10T02:03:45] Completed: Copying file /Contents/Common7/IDE/VSFinalizerDependencies/System.Runtime.CompilerServices.Unsafe.dll to D:\Program Files (x86)\Microsoft Visual Studio\2022\BuildTools\Common7\IDE\VSFinalizerDependencies\System.Runtime.CompilerServices.Unsafe.dll
[18d4:0007][2026-05-10T02:03:45] Timestamp updated for file 'D:\Program Files (x86)\Microsoft Visual Studio\2022\BuildTools\Common7\IDE\VSFinalizerDependencies\System.Runtime.CompilerServices.Unsafe.dll'.
[18d4:0007][2026-05-10T02:03:45] Processing file /Contents/Common7/IDE/VSFinalizerDependencies/System.Text.Encodings.Web.dll
[18d4:0007][2026-05-10T02:03:45] Started: Copying file /Contents/Common7/IDE/VSFinalizerDependencies/System.Text.Encodings.Web.dll to D:\Program Files (x86)\Microsoft Visual Studio\2022\BuildTools\Common7\IDE\VSFinalizerDependencies\System.Text.Encodings.Web.dll
[18d4:0007][2026-05-10T02:03:45] Completed: Copying file /Contents/Common7/IDE/VSFinalizerDependencies/System.Text.Encodings.Web.dll to D:\Program Files (x86)\Microsoft Visual Studio\2022\BuildTools\Common7\IDE\VSFinalizerDependencies\System.Text.Encodings.Web.dll
[18d4:0007][2026-05-10T02:03:45] Timestamp updated for file 'D:\Program Files (x86)\Microsoft Visual Studio\2022\BuildTools\Common7\IDE\VSFinalizerDependencies\System.Text.Encodings.Web.dll'.
[18d4:0007][2026-05-10T02:03:45] Processing file /Contents/Common7/IDE/VSFinalizerDependencies/System.Text.Json.dll
[18d4:0007][2026-05-10T02:03:45] Started: Copying file /Contents/Common7/IDE/VSFinalizerDependencies/System.Text.Json.dll to D:\Program Files (x86)\Microsoft Visual Studio\2022\BuildTools\Common7\IDE\VSFinalizerDependencies\System.Text.Json.dll
[18d4:0007][2026-05-10T02:03:45] Completed: Copying file /Contents/Common7/IDE/VSFinalizerDependencies/System.Text.Json.dll to D:\Program Files (x86)\Microsoft Visual Studio\2022\BuildTools\Common7\IDE\VSFinalizerDependencies\System.Text.Json.dll
[18d4:0007][2026-05-10T02:03:45] Timestamp updated for file 'D:\Program Files (x86)\Microsoft Visual Studio\2022\BuildTools\Common7\IDE\VSFinalizerDependencies\System.Text.Json.dll'.
[18d4:0007][2026-05-10T02:03:45] Processing file /Contents/Common7/IDE/VSFinalizerDependencies/System.Threading.Tasks.Extensions.dll
[18d4:0007][2026-05-10T02:03:45] Started: Copying file /Contents/Common7/IDE/VSFinalizerDependencies/System.Threading.Tasks.Extensions.dll to D:\Program Files (x86)\Microsoft Visual Studio\2022\BuildTools\Common7\IDE\VSFinalizerDependencies\System.Threading.Tasks.Extensions.dll
[18d4:0007][2026-05-10T02:03:45] Completed: Copying file /Contents/Common7/IDE/VSFinalizerDependencies/System.Threading.Tasks.Extensions.dll to D:\Program Files (x86)\Microsoft Visual Studio\2022\BuildTools\Common7\IDE\VSFinalizerDependencies\System.Threading.Tasks.Extensions.dll
[18d4:0007][2026-05-10T02:03:45] Timestamp updated for file 'D:\Program Files (x86)\Microsoft Visual Studio\2022\BuildTools\Common7\IDE\VSFinalizerDependencies\System.Threading.Tasks.Extensions.dll'.
[18d4:0007][2026-05-10T02:03:45] Processing file /Contents/Common7/IDE/VSFinalizerDependencies/System.ValueTuple.dll
[18d4:0007][2026-05-10T02:03:45] Started: Copying file /Contents/Common7/IDE/VSFinalizerDependencies/System.ValueTuple.dll to D:\Program Files (x86)\Microsoft Visual Studio\2022\BuildTools\Common7\IDE\VSFinalizerDependencies\System.ValueTuple.dll
[18d4:0007][2026-05-10T02:03:45] Completed: Copying file /Contents/Common7/IDE/VSFinalizerDependencies/System.ValueTuple.dll to D:\Program Files (x86)\Microsoft Visual Studio\2022\BuildTools\Common7\IDE\VSFinalizerDependencies\System.ValueTuple.dll
[18d4:0007][2026-05-10T02:03:45] Timestamp updated for file 'D:\Program Files (x86)\Microsoft Visual Studio\2022\BuildTools\Common7\IDE\VSFinalizerDependencies\System.ValueTuple.dll'.
[18d4:0007][2026-05-10T02:03:45] Processing file /Contents/Common7/IDE/VSInitializer.exe
[18d4:0007][2026-05-10T02:03:45] Started: Copying file /Contents/Common7/IDE/VSInitializer.exe to D:\Program Files (x86)\Microsoft Visual Studio\2022\BuildTools\Common7\IDE\VSInitializer.exe
[18d4:0007][2026-05-10T02:03:45] Completed: Copying file /Contents/Common7/IDE/VSInitializer.exe to D:\Program Files (x86)\Microsoft Visual Studio\2022\BuildTools\Common7\IDE\VSInitializer.exe
[18d4:0007][2026-05-10T02:03:45] Timestamp updated for file 'D:\Program Files (x86)\Microsoft Visual Studio\2022\BuildTools\Common7\IDE\VSInitializer.exe'.
[18d4:0007][2026-05-10T02:03:45] Processing file /Contents/Common7/IDE/VSInitializer.exe.config
[18d4:0007][2026-05-10T02:03:45] Started: Copying file /Contents/Common7/IDE/VSInitializer.exe.config to D:\Program Files (x86)\Microsoft Visual Studio\2022\BuildTools\Common7\IDE\VSInitializer.exe.config
[18d4:0007][2026-05-10T02:03:45] Completed: Copying file /Contents/Common7/IDE/VSInitializer.exe.config to D:\Program Files (x86)\Microsoft Visual Studio\2022\BuildTools\Common7\IDE\VSInitializer.exe.config
[18d4:0007][2026-05-10T02:03:45] Timestamp updated for file 'D:\Program Files (x86)\Microsoft Visual Studio\2022\BuildTools\Common7\IDE\VSInitializer.exe.config'.
[18d4:0007][2026-05-10T02:03:45] Package executed successfully. Return code: 0
