[da4c:0007][2026-05-10T00:49:52] Opening the package for processing
[da4c:0007][2026-05-10T00:49:52] Using package payload to get the embedded manifest
[da4c:0007][2026-05-10T00:49:52] Getting list of files within the package
[da4c:0007][2026-05-10T00:49:52] Processing file /Contents/Common7/IDE/Remote%20Debugger/x64/iisresolver.dll
[da4c:0007][2026-05-10T00:49:52] Started: Copying file /Contents/Common7/IDE/Remote%20Debugger/x64/iisresolver.dll to D:\Program\Common7\IDE\Remote Debugger\x64\iisresolver.dll
[da4c:0007][2026-05-10T00:49:52] Completed: Copying file /Contents/Common7/IDE/Remote%20Debugger/x64/iisresolver.dll to D:\Program\Common7\IDE\Remote Debugger\x64\iisresolver.dll
[da4c:0007][2026-05-10T00:49:52] Timestamp updated for file 'D:\Program\Common7\IDE\Remote Debugger\x64\iisresolver.dll'.
[da4c:0007][2026-05-10T00:49:52] Processing file /Contents/Common7/IDE/Remote%20Debugger/x64/MemoryAnalyzer.Extensions.dll
[da4c:0007][2026-05-10T00:49:52] Started: Copying file /Contents/Common7/IDE/Remote%20Debugger/x64/MemoryAnalyzer.Extensions.dll to D:\Program\Common7\IDE\Remote Debugger\x64\MemoryAnalyzer.Extensions.dll
[da4c:0007][2026-05-10T00:49:52] Completed: Copying file /Contents/Common7/IDE/Remote%20Debugger/x64/MemoryAnalyzer.Extensions.dll to D:\Program\Common7\IDE\Remote Debugger\x64\MemoryAnalyzer.Extensions.dll
[da4c:0007][2026-05-10T00:49:52] Timestamp updated for file 'D:\Program\Common7\IDE\Remote Debugger\x64\MemoryAnalyzer.Extensions.dll'.
[da4c:0007][2026-05-10T00:49:52] Processing file /Contents/Common7/IDE/Remote%20Debugger/x64/Microsoft.VisualStudio.Debugger.Engine.dll
[da4c:0007][2026-05-10T00:49:52] Started: Copying file /Contents/Common7/IDE/Remote%20Debugger/x64/Microsoft.VisualStudio.Debugger.Engine.dll to D:\Program\Common7\IDE\Remote Debugger\x64\Microsoft.VisualStudio.Debugger.Engine.dll
[da4c:0007][2026-05-10T00:49:52] Completed: Copying file /Contents/Common7/IDE/Remote%20Debugger/x64/Microsoft.VisualStudio.Debugger.Engine.dll to D:\Program\Common7\IDE\Remote Debugger\x64\Microsoft.VisualStudio.Debugger.Engine.dll
[da4c:0007][2026-05-10T00:49:52] Timestamp updated for file 'D:\Program\Common7\IDE\Remote Debugger\x64\Microsoft.VisualStudio.Debugger.Engine.dll'.
[da4c:0007][2026-05-10T00:49:52] Queueing D:\Program\Common7\IDE\Remote Debugger\x64\Microsoft.VisualStudio.Debugger.Engine.dll for X64 ngen
[da4c:0007][2026-05-10T00:49:52] Successfully queued file '/Contents/Common7/IDE/Remote Debugger/x64/Microsoft.VisualStudio.Debugger.Engine.dll' for ngen
[da4c:0007][2026-05-10T00:49:52] Processing file /Contents/Common7/IDE/Remote%20Debugger/x64/Microsoft.VisualStudio.Debugger.Metadata.dll
[da4c:0007][2026-05-10T00:49:52] Started: Copying file /Contents/Common7/IDE/Remote%20Debugger/x64/Microsoft.VisualStudio.Debugger.Metadata.dll to D:\Program\Common7\IDE\Remote Debugger\x64\Microsoft.VisualStudio.Debugger.Metadata.dll
[da4c:0007][2026-05-10T00:49:52] Completed: Copying file /Contents/Common7/IDE/Remote%20Debugger/x64/Microsoft.VisualStudio.Debugger.Metadata.dll to D:\Program\Common7\IDE\Remote Debugger\x64\Microsoft.VisualStudio.Debugger.Metadata.dll
[da4c:0007][2026-05-10T00:49:52] Timestamp updated for file 'D:\Program\Common7\IDE\Remote Debugger\x64\Microsoft.VisualStudio.Debugger.Metadata.dll'.
[da4c:0007][2026-05-10T00:49:52] Queueing D:\Program\Common7\IDE\Remote Debugger\x64\Microsoft.VisualStudio.Debugger.Metadata.dll for X64 ngen
[da4c:0007][2026-05-10T00:49:52] Successfully queued file '/Contents/Common7/IDE/Remote Debugger/x64/Microsoft.VisualStudio.Debugger.Metadata.dll' for ngen
[da4c:0007][2026-05-10T00:49:52] Processing file /Contents/Common7/IDE/Remote%20Debugger/x64/Microsoft.VisualStudio.vil.dll
[da4c:0007][2026-05-10T00:49:52] Started: Copying file /Contents/Common7/IDE/Remote%20Debugger/x64/Microsoft.VisualStudio.vil.dll to D:\Program\Common7\IDE\Remote Debugger\x64\Microsoft.VisualStudio.vil.dll
[da4c:0007][2026-05-10T00:49:52] Completed: Copying file /Contents/Common7/IDE/Remote%20Debugger/x64/Microsoft.VisualStudio.vil.dll to D:\Program\Common7\IDE\Remote Debugger\x64\Microsoft.VisualStudio.vil.dll
[da4c:0007][2026-05-10T00:49:52] Timestamp updated for file 'D:\Program\Common7\IDE\Remote Debugger\x64\Microsoft.VisualStudio.vil.dll'.
[da4c:0007][2026-05-10T00:49:52] Queueing D:\Program\Common7\IDE\Remote Debugger\x64\Microsoft.VisualStudio.vil.dll for X64 ngen
[da4c:0007][2026-05-10T00:49:52] Successfully queued file '/Contents/Common7/IDE/Remote Debugger/x64/Microsoft.VisualStudio.vil.dll' for ngen
[da4c:0007][2026-05-10T00:49:52] Processing file /Contents/Common7/IDE/Remote%20Debugger/x64/Microsoft.VisualStudio.vil.host.dll
[da4c:0007][2026-05-10T00:49:52] Started: Copying file /Contents/Common7/IDE/Remote%20Debugger/x64/Microsoft.VisualStudio.vil.host.dll to D:\Program\Common7\IDE\Remote Debugger\x64\Microsoft.VisualStudio.vil.host.dll
[da4c:0007][2026-05-10T00:49:52] Completed: Copying file /Contents/Common7/IDE/Remote%20Debugger/x64/Microsoft.VisualStudio.vil.host.dll to D:\Program\Common7\IDE\Remote Debugger\x64\Microsoft.VisualStudio.vil.host.dll
[da4c:0007][2026-05-10T00:49:52] Timestamp updated for file 'D:\Program\Common7\IDE\Remote Debugger\x64\Microsoft.VisualStudio.vil.host.dll'.
[da4c:0007][2026-05-10T00:49:52] Queueing D:\Program\Common7\IDE\Remote Debugger\x64\Microsoft.VisualStudio.vil.host.dll for X64 ngen
[da4c:0007][2026-05-10T00:49:52] Successfully queued file '/Contents/Common7/IDE/Remote Debugger/x64/Microsoft.VisualStudio.vil.host.dll' for ngen
[da4c:0007][2026-05-10T00:49:52] Processing file /Contents/Common7/IDE/Remote%20Debugger/x64/Runtime/Microsoft.VisualStudio.Debugger.Runtime.Desktop.dll
[da4c:0007][2026-05-10T00:49:52] Started: Copying file /Contents/Common7/IDE/Remote%20Debugger/x64/Runtime/Microsoft.VisualStudio.Debugger.Runtime.Desktop.dll to D:\Program\Common7\IDE\Remote Debugger\x64\Runtime\Microsoft.VisualStudio.Debugger.Runtime.Desktop.dll
[da4c:0007][2026-05-10T00:49:52] Completed: Copying file /Contents/Common7/IDE/Remote%20Debugger/x64/Runtime/Microsoft.VisualStudio.Debugger.Runtime.Desktop.dll to D:\Program\Common7\IDE\Remote Debugger\x64\Runtime\Microsoft.VisualStudio.Debugger.Runtime.Desktop.dll
[da4c:0007][2026-05-10T00:49:52] Timestamp updated for file 'D:\Program\Common7\IDE\Remote Debugger\x64\Runtime\Microsoft.VisualStudio.Debugger.Runtime.Desktop.dll'.
[da4c:0007][2026-05-10T00:49:52] Processing file /Contents/Common7/IDE/Remote%20Debugger/x64/Runtime/Microsoft.VisualStudio.Debugger.Runtime.Impl.dll
[da4c:0007][2026-05-10T00:49:52] Started: Copying file /Contents/Common7/IDE/Remote%20Debugger/x64/Runtime/Microsoft.VisualStudio.Debugger.Runtime.Impl.dll to D:\Program\Common7\IDE\Remote Debugger\x64\Runtime\Microsoft.VisualStudio.Debugger.Runtime.Impl.dll
[da4c:0007][2026-05-10T00:49:52] Completed: Copying file /Contents/Common7/IDE/Remote%20Debugger/x64/Runtime/Microsoft.VisualStudio.Debugger.Runtime.Impl.dll to D:\Program\Common7\IDE\Remote Debugger\x64\Runtime\Microsoft.VisualStudio.Debugger.Runtime.Impl.dll
[da4c:0007][2026-05-10T00:49:52] Timestamp updated for file 'D:\Program\Common7\IDE\Remote Debugger\x64\Runtime\Microsoft.VisualStudio.Debugger.Runtime.Impl.dll'.
[da4c:0007][2026-05-10T00:49:52] Processing file /Contents/Common7/IDE/Remote%20Debugger/x64/Runtime/Microsoft.VisualStudio.Debugger.Runtime.NetCoreApp.dll
[da4c:0007][2026-05-10T00:49:52] Started: Copying file /Contents/Common7/IDE/Remote%20Debugger/x64/Runtime/Microsoft.VisualStudio.Debugger.Runtime.NetCoreApp.dll to D:\Program\Common7\IDE\Remote Debugger\x64\Runtime\Microsoft.VisualStudio.Debugger.Runtime.NetCoreApp.dll
[da4c:0007][2026-05-10T00:49:52] Completed: Copying file /Contents/Common7/IDE/Remote%20Debugger/x64/Runtime/Microsoft.VisualStudio.Debugger.Runtime.NetCoreApp.dll to D:\Program\Common7\IDE\Remote Debugger\x64\Runtime\Microsoft.VisualStudio.Debugger.Runtime.NetCoreApp.dll
[da4c:0007][2026-05-10T00:49:52] Timestamp updated for file 'D:\Program\Common7\IDE\Remote Debugger\x64\Runtime\Microsoft.VisualStudio.Debugger.Runtime.NetCoreApp.dll'.
[da4c:0007][2026-05-10T00:49:52] Processing file /Contents/Common7/IDE/Remote%20Debugger/x64/vsdebugeng.dll
[da4c:0007][2026-05-10T00:49:52] Started: Copying file /Contents/Common7/IDE/Remote%20Debugger/x64/vsdebugeng.dll to D:\Program\Common7\IDE\Remote Debugger\x64\vsdebugeng.dll
[da4c:0007][2026-05-10T00:49:52] Completed: Copying file /Contents/Common7/IDE/Remote%20Debugger/x64/vsdebugeng.dll to D:\Program\Common7\IDE\Remote Debugger\x64\vsdebugeng.dll
[da4c:0007][2026-05-10T00:49:52] Timestamp updated for file 'D:\Program\Common7\IDE\Remote Debugger\x64\vsdebugeng.dll'.
[da4c:0007][2026-05-10T00:49:52] Processing file /Contents/Common7/IDE/Remote%20Debugger/x64/vsdebugeng.impl.dll
[da4c:0007][2026-05-10T00:49:52] Started: Copying file /Contents/Common7/IDE/Remote%20Debugger/x64/vsdebugeng.impl.dll to D:\Program\Common7\IDE\Remote Debugger\x64\vsdebugeng.impl.dll
[da4c:0007][2026-05-10T00:49:52] Completed: Copying file /Contents/Common7/IDE/Remote%20Debugger/x64/vsdebugeng.impl.dll to D:\Program\Common7\IDE\Remote Debugger\x64\vsdebugeng.impl.dll
[da4c:0007][2026-05-10T00:49:52] Timestamp updated for file 'D:\Program\Common7\IDE\Remote Debugger\x64\vsdebugeng.impl.dll'.
[da4c:0007][2026-05-10T00:49:52] Processing file /Contents/Common7/IDE/Remote%20Debugger/x64/vsdebugeng.manimpl.45.dll
[da4c:0007][2026-05-10T00:49:52] Started: Copying file /Contents/Common7/IDE/Remote%20Debugger/x64/vsdebugeng.manimpl.45.dll to D:\Program\Common7\IDE\Remote Debugger\x64\vsdebugeng.manimpl.45.dll
[da4c:0007][2026-05-10T00:49:52] Completed: Copying file /Contents/Common7/IDE/Remote%20Debugger/x64/vsdebugeng.manimpl.45.dll to D:\Program\Common7\IDE\Remote Debugger\x64\vsdebugeng.manimpl.45.dll
[da4c:0007][2026-05-10T00:49:52] Timestamp updated for file 'D:\Program\Common7\IDE\Remote Debugger\x64\vsdebugeng.manimpl.45.dll'.
[da4c:0007][2026-05-10T00:49:52] Processing file /Contents/Common7/IDE/Remote%20Debugger/x64/vsdebugeng.manimpl.dll
[da4c:0007][2026-05-10T00:49:52] Started: Copying file /Contents/Common7/IDE/Remote%20Debugger/x64/vsdebugeng.manimpl.dll to D:\Program\Common7\IDE\Remote Debugger\x64\vsdebugeng.manimpl.dll
[da4c:0007][2026-05-10T00:49:52] Completed: Copying file /Contents/Common7/IDE/Remote%20Debugger/x64/vsdebugeng.manimpl.dll to D:\Program\Common7\IDE\Remote Debugger\x64\vsdebugeng.manimpl.dll
[da4c:0007][2026-05-10T00:49:52] Timestamp updated for file 'D:\Program\Common7\IDE\Remote Debugger\x64\vsdebugeng.manimpl.dll'.
[da4c:0007][2026-05-10T00:49:52] Queueing D:\Program\Common7\IDE\Remote Debugger\x64\vsdebugeng.manimpl.dll for X64 ngen
[da4c:0007][2026-05-10T00:49:52] Successfully queued file '/Contents/Common7/IDE/Remote Debugger/x64/vsdebugeng.manimpl.dll' for ngen
[da4c:0007][2026-05-10T00:49:52] Processing file /Contents/Common7/IDE/Remote%20Debugger/x64/VsDebugLaunchNotify.exe
[da4c:0007][2026-05-10T00:49:52] Started: Copying file /Contents/Common7/IDE/Remote%20Debugger/x64/VsDebugLaunchNotify.exe to D:\Program\Common7\IDE\Remote Debugger\x64\VsDebugLaunchNotify.exe
[da4c:0007][2026-05-10T00:49:52] Completed: Copying file /Contents/Common7/IDE/Remote%20Debugger/x64/VsDebugLaunchNotify.exe to D:\Program\Common7\IDE\Remote Debugger\x64\VsDebugLaunchNotify.exe
[da4c:0007][2026-05-10T00:49:52] Timestamp updated for file 'D:\Program\Common7\IDE\Remote Debugger\x64\VsDebugLaunchNotify.exe'.
[da4c:0007][2026-05-10T00:49:52] Processing file /Contents/Common7/IDE/Remote%20Debugger/x64/VsDebugWERHelper.exe
[da4c:0007][2026-05-10T00:49:52] Started: Copying file /Contents/Common7/IDE/Remote%20Debugger/x64/VsDebugWERHelper.exe to D:\Program\Common7\IDE\Remote Debugger\x64\VsDebugWERHelper.exe
[da4c:0007][2026-05-10T00:49:52] Completed: Copying file /Contents/Common7/IDE/Remote%20Debugger/x64/VsDebugWERHelper.exe to D:\Program\Common7\IDE\Remote Debugger\x64\VsDebugWERHelper.exe
[da4c:0007][2026-05-10T00:49:52] Timestamp updated for file 'D:\Program\Common7\IDE\Remote Debugger\x64\VsDebugWERHelper.exe'.
[da4c:0007][2026-05-10T00:49:52] Package executed successfully. Return code: 0
