[bd94:0009][2026-05-10T01:00:53] Using cached package manifest as the embedded manifest
[bd94:0009][2026-05-10T01:00:53] Processing file /Contents/Common7/IDE/PublicAssemblies/Microsoft.Win32.Registry.dll
[bd94:0009][2026-05-10T01:00:53] D:\Program\Common7\IDE\PublicAssemblies\Microsoft.Win32.Registry.dll file deleted.
[bd94:0009][2026-05-10T01:00:53] Processing file /Contents/Common7/IDE/PublicAssemblies/System.Security.AccessControl.dll
[bd94:0009][2026-05-10T01:00:53] D:\Program\Common7\IDE\PublicAssemblies\System.Security.AccessControl.dll file deleted.
[bd94:0009][2026-05-10T01:00:53] Processing file /Contents/Common7/IDE/PublicAssemblies/System.Security.Principal.Windows.dll
[bd94:0009][2026-05-10T01:00:53] D:\Program\Common7\IDE\PublicAssemblies\System.Security.Principal.Windows.dll file deleted.
[bd94:0009][2026-05-10T01:00:53] Processing file /Contents/Common7/IDE/PublicAssemblies/System.Net.Http.Formatting.dll
[bd94:0009][2026-05-10T01:00:53] D:\Program\Common7\IDE\PublicAssemblies\System.Net.Http.Formatting.dll file deleted.
[bd94:0009][2026-05-10T01:00:53] Processing file /Contents/Common7/IDE/PublicAssemblies/Microsoft.Bcl.AsyncInterfaces.dll
[bd94:0009][2026-05-10T01:00:53] D:\Program\Common7\IDE\PublicAssemblies\Microsoft.Bcl.AsyncInterfaces.dll file deleted.
[bd94:0009][2026-05-10T01:00:53] Processing file /Contents/Common7/IDE/PublicAssemblies/Microsoft.Bcl.HashCode.dll
[bd94:0009][2026-05-10T01:00:53] D:\Program\Common7\IDE\PublicAssemblies\Microsoft.Bcl.HashCode.dll file deleted.
[bd94:0009][2026-05-10T01:00:53] Processing file /Contents/Common7/IDE/PublicAssemblies/Microsoft.Extensions.Configuration.dll
[bd94:0009][2026-05-10T01:00:53] D:\Program\Common7\IDE\PublicAssemblies\Microsoft.Extensions.Configuration.dll file deleted.
[bd94:0009][2026-05-10T01:00:53] Processing file /Contents/Common7/IDE/PublicAssemblies/Microsoft.Extensions.Configuration.Abstractions.dll
[bd94:0009][2026-05-10T01:00:53] D:\Program\Common7\IDE\PublicAssemblies\Microsoft.Extensions.Configuration.Abstractions.dll file deleted.
[bd94:0009][2026-05-10T01:00:53] Processing file /Contents/Common7/IDE/PublicAssemblies/Microsoft.Extensions.Configuration.Binder.dll
[bd94:0009][2026-05-10T01:00:53] D:\Program\Common7\IDE\PublicAssemblies\Microsoft.Extensions.Configuration.Binder.dll file deleted.
[bd94:0009][2026-05-10T01:00:53] Processing file /Contents/Common7/IDE/PublicAssemblies/Microsoft.Extensions.DependencyInjection.dll
[bd94:0009][2026-05-10T01:00:53] D:\Program\Common7\IDE\PublicAssemblies\Microsoft.Extensions.DependencyInjection.dll file deleted.
[bd94:0009][2026-05-10T01:00:53] Processing file /Contents/Common7/IDE/PublicAssemblies/Microsoft.Extensions.DependencyInjection.Abstractions.dll
[bd94:0009][2026-05-10T01:00:53] D:\Program\Common7\IDE\PublicAssemblies\Microsoft.Extensions.DependencyInjection.Abstractions.dll file deleted.
[bd94:0009][2026-05-10T01:00:53] Processing file /Contents/Common7/IDE/PublicAssemblies/Microsoft.Extensions.DependencyModel.dll
[bd94:0009][2026-05-10T01:00:53] D:\Program\Common7\IDE\PublicAssemblies\Microsoft.Extensions.DependencyModel.dll file deleted.
[bd94:0009][2026-05-10T01:00:53] Processing file /Contents/Common7/IDE/PublicAssemblies/Microsoft.Extensions.Diagnostics.Abstractions.dll
[bd94:0009][2026-05-10T01:00:53] D:\Program\Common7\IDE\PublicAssemblies\Microsoft.Extensions.Diagnostics.Abstractions.dll file deleted.
[bd94:0009][2026-05-10T01:00:53] Processing file /Contents/Common7/IDE/PublicAssemblies/Microsoft.Extensions.FileProviders.Abstractions.dll
[bd94:0009][2026-05-10T01:00:53] D:\Program\Common7\IDE\PublicAssemblies\Microsoft.Extensions.FileProviders.Abstractions.dll file deleted.
[bd94:0009][2026-05-10T01:00:53] Processing file /Contents/Common7/IDE/PublicAssemblies/Microsoft.Extensions.FileSystemGlobbing.dll
[bd94:0009][2026-05-10T01:00:53] D:\Program\Common7\IDE\PublicAssemblies\Microsoft.Extensions.FileSystemGlobbing.dll file deleted.
[bd94:0009][2026-05-10T01:00:53] Processing file /Contents/Common7/IDE/PublicAssemblies/Microsoft.Extensions.Logging.dll
[bd94:0009][2026-05-10T01:00:53] D:\Program\Common7\IDE\PublicAssemblies\Microsoft.Extensions.Logging.dll file deleted.
[bd94:0009][2026-05-10T01:00:53] Processing file /Contents/Common7/IDE/PublicAssemblies/Microsoft.Extensions.Logging.Abstractions.dll
[bd94:0009][2026-05-10T01:00:53] D:\Program\Common7\IDE\PublicAssemblies\Microsoft.Extensions.Logging.Abstractions.dll file deleted.
[bd94:0009][2026-05-10T01:00:53] Processing file /Contents/Common7/IDE/PublicAssemblies/Microsoft.Extensions.Logging.Configuration.dll
[bd94:0009][2026-05-10T01:00:53] D:\Program\Common7\IDE\PublicAssemblies\Microsoft.Extensions.Logging.Configuration.dll file deleted.
[bd94:0009][2026-05-10T01:00:53] Processing file /Contents/Common7/IDE/PublicAssemblies/Microsoft.Extensions.ObjectPool.dll
[bd94:0009][2026-05-10T01:00:53] D:\Program\Common7\IDE\PublicAssemblies\Microsoft.Extensions.ObjectPool.dll file deleted.
[bd94:0009][2026-05-10T01:00:53] Processing file /Contents/Common7/IDE/PublicAssemblies/Microsoft.Extensions.Options.dll
[bd94:0009][2026-05-10T01:00:53] D:\Program\Common7\IDE\PublicAssemblies\Microsoft.Extensions.Options.dll file deleted.
[bd94:0009][2026-05-10T01:00:53] Processing file /Contents/Common7/IDE/PublicAssemblies/Microsoft.Extensions.Options.ConfigurationExtensions.dll
[bd94:0009][2026-05-10T01:00:53] D:\Program\Common7\IDE\PublicAssemblies\Microsoft.Extensions.Options.ConfigurationExtensions.dll file deleted.
[bd94:0009][2026-05-10T01:00:53] Processing file /Contents/Common7/IDE/PublicAssemblies/Microsoft.Extensions.Primitives.dll
[bd94:0009][2026-05-10T01:00:53] D:\Program\Common7\IDE\PublicAssemblies\Microsoft.Extensions.Primitives.dll file deleted.
[bd94:0009][2026-05-10T01:00:53] Processing file /Contents/Common7/IDE/PublicAssemblies/Microsoft.IO.Redist.dll
[bd94:0009][2026-05-10T01:00:53] D:\Program\Common7\IDE\PublicAssemblies\Microsoft.IO.Redist.dll file deleted.
[bd94:0009][2026-05-10T01:00:53] Processing file /Contents/Common7/IDE/PublicAssemblies/System.Buffers.dll
[bd94:0009][2026-05-10T01:00:53] D:\Program\Common7\IDE\PublicAssemblies\System.Buffers.dll file deleted.
[bd94:0009][2026-05-10T01:00:53] Processing file /Contents/Common7/IDE/PublicAssemblies/System.Collections.Immutable.dll
[bd94:0009][2026-05-10T01:00:53] D:\Program\Common7\IDE\PublicAssemblies\System.Collections.Immutable.dll file deleted.
[bd94:0009][2026-05-10T01:00:53] Processing file /Contents/Common7/IDE/PublicAssemblies/System.Composition.AttributedModel.dll
[bd94:0009][2026-05-10T01:00:53] D:\Program\Common7\IDE\PublicAssemblies\System.Composition.AttributedModel.dll file deleted.
[bd94:0009][2026-05-10T01:00:53] Processing file /Contents/Common7/IDE/PublicAssemblies/System.Composition.Convention.dll
[bd94:0009][2026-05-10T01:00:53] D:\Program\Common7\IDE\PublicAssemblies\System.Composition.Convention.dll file deleted.
[bd94:0009][2026-05-10T01:00:53] Processing file /Contents/Common7/IDE/PublicAssemblies/System.Composition.Hosting.dll
[bd94:0009][2026-05-10T01:00:53] D:\Program\Common7\IDE\PublicAssemblies\System.Composition.Hosting.dll file deleted.
[bd94:0009][2026-05-10T01:00:53] Processing file /Contents/Common7/IDE/PublicAssemblies/System.Composition.Runtime.dll
[bd94:0009][2026-05-10T01:00:53] D:\Program\Common7\IDE\PublicAssemblies\System.Composition.Runtime.dll file deleted.
[bd94:0009][2026-05-10T01:00:53] Processing file /Contents/Common7/IDE/PublicAssemblies/System.Composition.TypedParts.dll
[bd94:0009][2026-05-10T01:00:53] D:\Program\Common7\IDE\PublicAssemblies\System.Composition.TypedParts.dll file deleted.
[bd94:0009][2026-05-10T01:00:53] Processing file /Contents/Common7/IDE/PublicAssemblies/System.Diagnostics.DiagnosticSource.dll
[bd94:0009][2026-05-10T01:00:53] D:\Program\Common7\IDE\PublicAssemblies\System.Diagnostics.DiagnosticSource.dll file deleted.
[bd94:0009][2026-05-10T01:00:53] Processing file /Contents/Common7/IDE/PublicAssemblies/System.IO.Pipelines.dll
[bd94:0009][2026-05-10T01:00:53] D:\Program\Common7\IDE\PublicAssemblies\System.IO.Pipelines.dll file deleted.
[bd94:0009][2026-05-10T01:00:53] Processing file /Contents/Common7/IDE/PublicAssemblies/System.Memory.dll
[bd94:0009][2026-05-10T01:00:53] D:\Program\Common7\IDE\PublicAssemblies\System.Memory.dll file deleted.
[bd94:0009][2026-05-10T01:00:53] Processing file /Contents/Common7/IDE/PublicAssemblies/System.Numerics.Vectors.dll
[bd94:0009][2026-05-10T01:00:53] D:\Program\Common7\IDE\PublicAssemblies\System.Numerics.Vectors.dll file deleted.
[bd94:0009][2026-05-10T01:00:53] Processing file /Contents/Common7/IDE/PublicAssemblies/System.Reflection.Metadata.dll
[bd94:0009][2026-05-10T01:00:53] D:\Program\Common7\IDE\PublicAssemblies\System.Reflection.Metadata.dll file deleted.
[bd94:0009][2026-05-10T01:00:53] Processing file /Contents/Common7/IDE/PublicAssemblies/System.Reflection.MetadataLoadContext.dll
[bd94:0009][2026-05-10T01:00:53] D:\Program\Common7\IDE\PublicAssemblies\System.Reflection.MetadataLoadContext.dll file deleted.
[bd94:0009][2026-05-10T01:00:53] Processing file /Contents/Common7/IDE/PublicAssemblies/System.Reflection.TypeExtensions.dll
[bd94:0009][2026-05-10T01:00:53] D:\Program\Common7\IDE\PublicAssemblies\System.Reflection.TypeExtensions.dll file deleted.
[bd94:0009][2026-05-10T01:00:53] Processing file /Contents/Common7/IDE/PublicAssemblies/System.Runtime.CompilerServices.Unsafe.dll
[bd94:0009][2026-05-10T01:00:53] D:\Program\Common7\IDE\PublicAssemblies\System.Runtime.CompilerServices.Unsafe.dll file deleted.
[bd94:0009][2026-05-10T01:00:53] Processing file /Contents/Common7/IDE/PublicAssemblies/System.Spatial.dll
[bd94:0009][2026-05-10T01:00:53] D:\Program\Common7\IDE\PublicAssemblies\System.Spatial.dll file deleted.
[bd94:0009][2026-05-10T01:00:53] Processing file /Contents/Common7/IDE/PublicAssemblies/System.Text.Encoding.CodePages.dll
[bd94:0009][2026-05-10T01:00:53] D:\Program\Common7\IDE\PublicAssemblies\System.Text.Encoding.CodePages.dll file deleted.
[bd94:0009][2026-05-10T01:00:53] Processing file /Contents/Common7/IDE/PublicAssemblies/System.Text.Encodings.Web.dll
[bd94:0009][2026-05-10T01:00:53] D:\Program\Common7\IDE\PublicAssemblies\System.Text.Encodings.Web.dll file deleted.
[bd94:0009][2026-05-10T01:00:53] Processing file /Contents/Common7/IDE/PublicAssemblies/System.Text.Json.dll
[bd94:0009][2026-05-10T01:00:53] D:\Program\Common7\IDE\PublicAssemblies\System.Text.Json.dll file deleted.
[bd94:0009][2026-05-10T01:00:53] Processing file /Contents/Common7/IDE/PublicAssemblies/System.Threading.AccessControl.dll
[bd94:0009][2026-05-10T01:00:53] D:\Program\Common7\IDE\PublicAssemblies\System.Threading.AccessControl.dll file deleted.
[bd94:0009][2026-05-10T01:00:53] Processing file /Contents/Common7/IDE/PublicAssemblies/System.Threading.Channels.dll
[bd94:0009][2026-05-10T01:00:53] D:\Program\Common7\IDE\PublicAssemblies\System.Threading.Channels.dll file deleted.
[bd94:0009][2026-05-10T01:00:53] Processing file /Contents/Common7/IDE/PublicAssemblies/System.Threading.Tasks.Extensions.dll
[bd94:0009][2026-05-10T01:00:53] D:\Program\Common7\IDE\PublicAssemblies\System.Threading.Tasks.Extensions.dll file deleted.
[bd94:0009][2026-05-10T01:00:53] Processing file /Contents/Common7/IDE/PublicAssemblies/System.ValueTuple.dll
[bd94:0009][2026-05-10T01:00:53] D:\Program\Common7\IDE\PublicAssemblies\System.ValueTuple.dll file deleted.
[bd94:0009][2026-05-10T01:00:53] Processing file /Contents/Common7/IDE/PrivateAssemblies/System.IO.FileSystem.AccessControl.dll
[bd94:0009][2026-05-10T01:00:53] D:\Program\Common7\IDE\PrivateAssemblies\System.IO.FileSystem.AccessControl.dll file deleted.
[bd94:0009][2026-05-10T01:00:53] Processing file /Contents/Common7/IDE/PrivateAssemblies/Microsoft.ServiceHub.Framework.dll
[bd94:0009][2026-05-10T01:00:53] D:\Program\Common7\IDE\PrivateAssemblies\Microsoft.ServiceHub.Framework.dll file deleted.
[bd94:0009][2026-05-10T01:00:53] Processing file /Contents/Common7/IDE/PrivateAssemblies/Microsoft.VisualStudio.Composition.dll
[bd94:0009][2026-05-10T01:00:53] D:\Program\Common7\IDE\PrivateAssemblies\Microsoft.VisualStudio.Composition.dll file deleted.
[bd94:0009][2026-05-10T01:00:53] Processing file /Contents/Common7/IDE/PrivateAssemblies/Microsoft.VisualStudio.Validation.dll
[bd94:0009][2026-05-10T01:00:53] D:\Program\Common7\IDE\PrivateAssemblies\Microsoft.VisualStudio.Validation.dll file deleted.
[bd94:0009][2026-05-10T01:00:53] Processing file /Contents/Common7/IDE/PrivateAssemblies/Nerdbank.NetStandardBridge.dll
[bd94:0009][2026-05-10T01:00:53] D:\Program\Common7\IDE\PrivateAssemblies\Nerdbank.NetStandardBridge.dll file deleted.
[bd94:0009][2026-05-10T01:00:53] Processing file /Contents/Common7/IDE/PrivateAssemblies/System.IO.Packaging.dll
[bd94:0009][2026-05-10T01:00:53] D:\Program\Common7\IDE\PrivateAssemblies\System.IO.Packaging.dll file deleted.
[bd94:0009][2026-05-10T01:00:53] Processing file /Contents/Common7/IDE/PrivateAssemblies/System.Security.Cryptography.ProtectedData.dll
[bd94:0009][2026-05-10T01:00:53] D:\Program\Common7\IDE\PrivateAssemblies\System.Security.Cryptography.ProtectedData.dll file deleted.
[bd94:0009][2026-05-10T01:00:53] Processing file /Contents/Common7/IDE/PublicAssemblies/Microsoft.VisualStudio.Threading.17.x/Microsoft.VisualStudio.Threading.dll
[bd94:0009][2026-05-10T01:00:53] D:\Program\Common7\IDE\PublicAssemblies\Microsoft.VisualStudio.Threading.17.x\Microsoft.VisualStudio.Threading.dll file deleted.
[bd94:0009][2026-05-10T01:00:53] Processing file /Contents/Common7/IDE/PublicAssemblies/Rx/System.Reactive.dll
[bd94:0009][2026-05-10T01:00:53] D:\Program\Common7\IDE\PublicAssemblies\Rx\System.Reactive.dll file deleted.
[bd94:0009][2026-05-10T01:00:53] Processing file /Contents/Common7/IDE/System.Threading.Tasks.Dataflow.dll
[bd94:0009][2026-05-10T01:00:53] D:\Program\Common7\IDE\System.Threading.Tasks.Dataflow.dll file deleted.
[bd94:0009][2026-05-10T01:00:53] Started: Deleting empty directories
[bd94:0009][2026-05-10T01:00:53] Completed: Deleting empty directories
[bd94:0009][2026-05-10T01:00:53] Package executed successfully. Return code: 0
