[3c7c:000c][2026-05-10T01:35:58] Opening the package for processing
[3c7c:000c][2026-05-10T01:35:58] Using package payload to get the embedded manifest
[3c7c:000c][2026-05-10T01:35:58] Getting list of files within the package
[3c7c:000c][2026-05-10T01:35:58] Processing file /Contents/Common7/IDE/CommonExtensions/Platform/Debugger/msvsmon_x86.pkgdef
[3c7c:000c][2026-05-10T01:35:58] Started: Copying file /Contents/Common7/IDE/CommonExtensions/Platform/Debugger/msvsmon_x86.pkgdef to C:\Program Files (x86)\Microsoft Visual Studio\2022\BuildTools\Common7\IDE\CommonExtensions\Platform\Debugger\msvsmon_x86.pkgdef
[3c7c:000c][2026-05-10T01:35:58] Completed: Copying file /Contents/Common7/IDE/CommonExtensions/Platform/Debugger/msvsmon_x86.pkgdef to C:\Program Files (x86)\Microsoft Visual Studio\2022\BuildTools\Common7\IDE\CommonExtensions\Platform\Debugger\msvsmon_x86.pkgdef
[3c7c:000c][2026-05-10T01:35:58] Timestamp updated for file 'C:\Program Files (x86)\Microsoft Visual Studio\2022\BuildTools\Common7\IDE\CommonExtensions\Platform\Debugger\msvsmon_x86.pkgdef'.
[3c7c:000c][2026-05-10T01:35:58] Processing file /Contents/Common7/IDE/Remote%20Debugger/Appx/AppxDebug.dll
[3c7c:000c][2026-05-10T01:35:58] Started: Copying file /Contents/Common7/IDE/Remote%20Debugger/Appx/AppxDebug.dll to C:\Program Files (x86)\Microsoft Visual Studio\2022\BuildTools\Common7\IDE\Remote Debugger\Appx\AppxDebug.dll
[3c7c:000c][2026-05-10T01:35:58] Completed: Copying file /Contents/Common7/IDE/Remote%20Debugger/Appx/AppxDebug.dll to C:\Program Files (x86)\Microsoft Visual Studio\2022\BuildTools\Common7\IDE\Remote Debugger\Appx\AppxDebug.dll
[3c7c:000c][2026-05-10T01:35:58] Timestamp updated for file 'C:\Program Files (x86)\Microsoft Visual Studio\2022\BuildTools\Common7\IDE\Remote Debugger\Appx\AppxDebug.dll'.
[3c7c:000c][2026-05-10T01:35:58] Processing file /Contents/Common7/IDE/Remote%20Debugger/Appx/AppxDebugSysTray.exe
[3c7c:000c][2026-05-10T01:35:58] Started: Copying file /Contents/Common7/IDE/Remote%20Debugger/Appx/AppxDebugSysTray.exe to C:\Program Files (x86)\Microsoft Visual Studio\2022\BuildTools\Common7\IDE\Remote Debugger\Appx\AppxDebugSysTray.exe
[3c7c:000c][2026-05-10T01:35:58] Completed: Copying file /Contents/Common7/IDE/Remote%20Debugger/Appx/AppxDebugSysTray.exe to C:\Program Files (x86)\Microsoft Visual Studio\2022\BuildTools\Common7\IDE\Remote Debugger\Appx\AppxDebugSysTray.exe
[3c7c:000c][2026-05-10T01:35:58] Timestamp updated for file 'C:\Program Files (x86)\Microsoft Visual Studio\2022\BuildTools\Common7\IDE\Remote Debugger\Appx\AppxDebugSysTray.exe'.
[3c7c:000c][2026-05-10T01:35:58] Processing file /Contents/Common7/IDE/Remote%20Debugger/Appx/AppxDebugSysTray.exe.config
[3c7c:000c][2026-05-10T01:35:58] Started: Copying file /Contents/Common7/IDE/Remote%20Debugger/Appx/AppxDebugSysTray.exe.config to C:\Program Files (x86)\Microsoft Visual Studio\2022\BuildTools\Common7\IDE\Remote Debugger\Appx\AppxDebugSysTray.exe.config
[3c7c:000c][2026-05-10T01:35:58] Completed: Copying file /Contents/Common7/IDE/Remote%20Debugger/Appx/AppxDebugSysTray.exe.config to C:\Program Files (x86)\Microsoft Visual Studio\2022\BuildTools\Common7\IDE\Remote Debugger\Appx\AppxDebugSysTray.exe.config
[3c7c:000c][2026-05-10T01:35:58] Timestamp updated for file 'C:\Program Files (x86)\Microsoft Visual Studio\2022\BuildTools\Common7\IDE\Remote Debugger\Appx\AppxDebugSysTray.exe.config'.
[3c7c:000c][2026-05-10T01:35:58] Processing file /Contents/Common7/IDE/Remote%20Debugger/x86/api-ms-win-core-console-l1-1-0.dll
[3c7c:000c][2026-05-10T01:35:58] Started: Copying file /Contents/Common7/IDE/Remote%20Debugger/x86/api-ms-win-core-console-l1-1-0.dll to C:\Program Files (x86)\Microsoft Visual Studio\2022\BuildTools\Common7\IDE\Remote Debugger\x86\api-ms-win-core-console-l1-1-0.dll
[3c7c:000c][2026-05-10T01:35:58] Completed: Copying file /Contents/Common7/IDE/Remote%20Debugger/x86/api-ms-win-core-console-l1-1-0.dll to C:\Program Files (x86)\Microsoft Visual Studio\2022\BuildTools\Common7\IDE\Remote Debugger\x86\api-ms-win-core-console-l1-1-0.dll
[3c7c:000c][2026-05-10T01:35:58] Timestamp updated for file 'C:\Program Files (x86)\Microsoft Visual Studio\2022\BuildTools\Common7\IDE\Remote Debugger\x86\api-ms-win-core-console-l1-1-0.dll'.
[3c7c:000c][2026-05-10T01:35:58] Processing file /Contents/Common7/IDE/Remote%20Debugger/x86/api-ms-win-core-datetime-l1-1-0.dll
[3c7c:000c][2026-05-10T01:35:58] Started: Copying file /Contents/Common7/IDE/Remote%20Debugger/x86/api-ms-win-core-datetime-l1-1-0.dll to C:\Program Files (x86)\Microsoft Visual Studio\2022\BuildTools\Common7\IDE\Remote Debugger\x86\api-ms-win-core-datetime-l1-1-0.dll
[3c7c:000c][2026-05-10T01:35:58] Completed: Copying file /Contents/Common7/IDE/Remote%20Debugger/x86/api-ms-win-core-datetime-l1-1-0.dll to C:\Program Files (x86)\Microsoft Visual Studio\2022\BuildTools\Common7\IDE\Remote Debugger\x86\api-ms-win-core-datetime-l1-1-0.dll
[3c7c:000c][2026-05-10T01:35:58] Timestamp updated for file 'C:\Program Files (x86)\Microsoft Visual Studio\2022\BuildTools\Common7\IDE\Remote Debugger\x86\api-ms-win-core-datetime-l1-1-0.dll'.
[3c7c:000c][2026-05-10T01:35:58] Processing file /Contents/Common7/IDE/Remote%20Debugger/x86/api-ms-win-core-debug-l1-1-0.dll
[3c7c:000c][2026-05-10T01:35:58] Started: Copying file /Contents/Common7/IDE/Remote%20Debugger/x86/api-ms-win-core-debug-l1-1-0.dll to C:\Program Files (x86)\Microsoft Visual Studio\2022\BuildTools\Common7\IDE\Remote Debugger\x86\api-ms-win-core-debug-l1-1-0.dll
[3c7c:000c][2026-05-10T01:35:58] Completed: Copying file /Contents/Common7/IDE/Remote%20Debugger/x86/api-ms-win-core-debug-l1-1-0.dll to C:\Program Files (x86)\Microsoft Visual Studio\2022\BuildTools\Common7\IDE\Remote Debugger\x86\api-ms-win-core-debug-l1-1-0.dll
[3c7c:000c][2026-05-10T01:35:58] Timestamp updated for file 'C:\Program Files (x86)\Microsoft Visual Studio\2022\BuildTools\Common7\IDE\Remote Debugger\x86\api-ms-win-core-debug-l1-1-0.dll'.
[3c7c:000c][2026-05-10T01:35:58] Processing file /Contents/Common7/IDE/Remote%20Debugger/x86/api-ms-win-core-errorhandling-l1-1-0.dll
[3c7c:000c][2026-05-10T01:35:58] Started: Copying file /Contents/Common7/IDE/Remote%20Debugger/x86/api-ms-win-core-errorhandling-l1-1-0.dll to C:\Program Files (x86)\Microsoft Visual Studio\2022\BuildTools\Common7\IDE\Remote Debugger\x86\api-ms-win-core-errorhandling-l1-1-0.dll
[3c7c:000c][2026-05-10T01:35:58] Completed: Copying file /Contents/Common7/IDE/Remote%20Debugger/x86/api-ms-win-core-errorhandling-l1-1-0.dll to C:\Program Files (x86)\Microsoft Visual Studio\2022\BuildTools\Common7\IDE\Remote Debugger\x86\api-ms-win-core-errorhandling-l1-1-0.dll
[3c7c:000c][2026-05-10T01:35:58] Timestamp updated for file 'C:\Program Files (x86)\Microsoft Visual Studio\2022\BuildTools\Common7\IDE\Remote Debugger\x86\api-ms-win-core-errorhandling-l1-1-0.dll'.
[3c7c:000c][2026-05-10T01:35:58] Processing file /Contents/Common7/IDE/Remote%20Debugger/x86/api-ms-win-core-file-l1-1-0.dll
[3c7c:000c][2026-05-10T01:35:58] Started: Copying file /Contents/Common7/IDE/Remote%20Debugger/x86/api-ms-win-core-file-l1-1-0.dll to C:\Program Files (x86)\Microsoft Visual Studio\2022\BuildTools\Common7\IDE\Remote Debugger\x86\api-ms-win-core-file-l1-1-0.dll
[3c7c:000c][2026-05-10T01:35:58] Completed: Copying file /Contents/Common7/IDE/Remote%20Debugger/x86/api-ms-win-core-file-l1-1-0.dll to C:\Program Files (x86)\Microsoft Visual Studio\2022\BuildTools\Common7\IDE\Remote Debugger\x86\api-ms-win-core-file-l1-1-0.dll
[3c7c:000c][2026-05-10T01:35:58] Timestamp updated for file 'C:\Program Files (x86)\Microsoft Visual Studio\2022\BuildTools\Common7\IDE\Remote Debugger\x86\api-ms-win-core-file-l1-1-0.dll'.
[3c7c:000c][2026-05-10T01:35:58] Processing file /Contents/Common7/IDE/Remote%20Debugger/x86/api-ms-win-core-file-l1-2-0.dll
[3c7c:000c][2026-05-10T01:35:58] Started: Copying file /Contents/Common7/IDE/Remote%20Debugger/x86/api-ms-win-core-file-l1-2-0.dll to C:\Program Files (x86)\Microsoft Visual Studio\2022\BuildTools\Common7\IDE\Remote Debugger\x86\api-ms-win-core-file-l1-2-0.dll
[3c7c:000c][2026-05-10T01:35:58] Completed: Copying file /Contents/Common7/IDE/Remote%20Debugger/x86/api-ms-win-core-file-l1-2-0.dll to C:\Program Files (x86)\Microsoft Visual Studio\2022\BuildTools\Common7\IDE\Remote Debugger\x86\api-ms-win-core-file-l1-2-0.dll
[3c7c:000c][2026-05-10T01:35:58] Timestamp updated for file 'C:\Program Files (x86)\Microsoft Visual Studio\2022\BuildTools\Common7\IDE\Remote Debugger\x86\api-ms-win-core-file-l1-2-0.dll'.
[3c7c:000c][2026-05-10T01:35:58] Processing file /Contents/Common7/IDE/Remote%20Debugger/x86/api-ms-win-core-file-l2-1-0.dll
[3c7c:000c][2026-05-10T01:35:58] Started: Copying file /Contents/Common7/IDE/Remote%20Debugger/x86/api-ms-win-core-file-l2-1-0.dll to C:\Program Files (x86)\Microsoft Visual Studio\2022\BuildTools\Common7\IDE\Remote Debugger\x86\api-ms-win-core-file-l2-1-0.dll
[3c7c:000c][2026-05-10T01:35:58] Completed: Copying file /Contents/Common7/IDE/Remote%20Debugger/x86/api-ms-win-core-file-l2-1-0.dll to C:\Program Files (x86)\Microsoft Visual Studio\2022\BuildTools\Common7\IDE\Remote Debugger\x86\api-ms-win-core-file-l2-1-0.dll
[3c7c:000c][2026-05-10T01:35:58] Timestamp updated for file 'C:\Program Files (x86)\Microsoft Visual Studio\2022\BuildTools\Common7\IDE\Remote Debugger\x86\api-ms-win-core-file-l2-1-0.dll'.
[3c7c:000c][2026-05-10T01:35:58] Processing file /Contents/Common7/IDE/Remote%20Debugger/x86/api-ms-win-core-handle-l1-1-0.dll
[3c7c:000c][2026-05-10T01:35:58] Started: Copying file /Contents/Common7/IDE/Remote%20Debugger/x86/api-ms-win-core-handle-l1-1-0.dll to C:\Program Files (x86)\Microsoft Visual Studio\2022\BuildTools\Common7\IDE\Remote Debugger\x86\api-ms-win-core-handle-l1-1-0.dll
[3c7c:000c][2026-05-10T01:35:58] Completed: Copying file /Contents/Common7/IDE/Remote%20Debugger/x86/api-ms-win-core-handle-l1-1-0.dll to C:\Program Files (x86)\Microsoft Visual Studio\2022\BuildTools\Common7\IDE\Remote Debugger\x86\api-ms-win-core-handle-l1-1-0.dll
[3c7c:000c][2026-05-10T01:35:58] Timestamp updated for file 'C:\Program Files (x86)\Microsoft Visual Studio\2022\BuildTools\Common7\IDE\Remote Debugger\x86\api-ms-win-core-handle-l1-1-0.dll'.
[3c7c:000c][2026-05-10T01:35:58] Processing file /Contents/Common7/IDE/Remote%20Debugger/x86/api-ms-win-core-heap-l1-1-0.dll
[3c7c:000c][2026-05-10T01:35:58] Started: Copying file /Contents/Common7/IDE/Remote%20Debugger/x86/api-ms-win-core-heap-l1-1-0.dll to C:\Program Files (x86)\Microsoft Visual Studio\2022\BuildTools\Common7\IDE\Remote Debugger\x86\api-ms-win-core-heap-l1-1-0.dll
[3c7c:000c][2026-05-10T01:35:58] Completed: Copying file /Contents/Common7/IDE/Remote%20Debugger/x86/api-ms-win-core-heap-l1-1-0.dll to C:\Program Files (x86)\Microsoft Visual Studio\2022\BuildTools\Common7\IDE\Remote Debugger\x86\api-ms-win-core-heap-l1-1-0.dll
[3c7c:000c][2026-05-10T01:35:58] Timestamp updated for file 'C:\Program Files (x86)\Microsoft Visual Studio\2022\BuildTools\Common7\IDE\Remote Debugger\x86\api-ms-win-core-heap-l1-1-0.dll'.
[3c7c:000c][2026-05-10T01:35:58] Processing file /Contents/Common7/IDE/Remote%20Debugger/x86/api-ms-win-core-interlocked-l1-1-0.dll
[3c7c:000c][2026-05-10T01:35:58] Started: Copying file /Contents/Common7/IDE/Remote%20Debugger/x86/api-ms-win-core-interlocked-l1-1-0.dll to C:\Program Files (x86)\Microsoft Visual Studio\2022\BuildTools\Common7\IDE\Remote Debugger\x86\api-ms-win-core-interlocked-l1-1-0.dll
[3c7c:000c][2026-05-10T01:35:58] Completed: Copying file /Contents/Common7/IDE/Remote%20Debugger/x86/api-ms-win-core-interlocked-l1-1-0.dll to C:\Program Files (x86)\Microsoft Visual Studio\2022\BuildTools\Common7\IDE\Remote Debugger\x86\api-ms-win-core-interlocked-l1-1-0.dll
[3c7c:000c][2026-05-10T01:35:58] Timestamp updated for file 'C:\Program Files (x86)\Microsoft Visual Studio\2022\BuildTools\Common7\IDE\Remote Debugger\x86\api-ms-win-core-interlocked-l1-1-0.dll'.
[3c7c:000c][2026-05-10T01:35:58] Processing file /Contents/Common7/IDE/Remote%20Debugger/x86/api-ms-win-core-libraryloader-l1-1-0.dll
[3c7c:000c][2026-05-10T01:35:58] Started: Copying file /Contents/Common7/IDE/Remote%20Debugger/x86/api-ms-win-core-libraryloader-l1-1-0.dll to C:\Program Files (x86)\Microsoft Visual Studio\2022\BuildTools\Common7\IDE\Remote Debugger\x86\api-ms-win-core-libraryloader-l1-1-0.dll
[3c7c:000c][2026-05-10T01:35:58] Completed: Copying file /Contents/Common7/IDE/Remote%20Debugger/x86/api-ms-win-core-libraryloader-l1-1-0.dll to C:\Program Files (x86)\Microsoft Visual Studio\2022\BuildTools\Common7\IDE\Remote Debugger\x86\api-ms-win-core-libraryloader-l1-1-0.dll
[3c7c:000c][2026-05-10T01:35:58] Timestamp updated for file 'C:\Program Files (x86)\Microsoft Visual Studio\2022\BuildTools\Common7\IDE\Remote Debugger\x86\api-ms-win-core-libraryloader-l1-1-0.dll'.
[3c7c:000c][2026-05-10T01:35:58] Processing file /Contents/Common7/IDE/Remote%20Debugger/x86/api-ms-win-core-localization-l1-2-0.dll
[3c7c:000c][2026-05-10T01:35:58] Started: Copying file /Contents/Common7/IDE/Remote%20Debugger/x86/api-ms-win-core-localization-l1-2-0.dll to C:\Program Files (x86)\Microsoft Visual Studio\2022\BuildTools\Common7\IDE\Remote Debugger\x86\api-ms-win-core-localization-l1-2-0.dll
[3c7c:000c][2026-05-10T01:35:58] Completed: Copying file /Contents/Common7/IDE/Remote%20Debugger/x86/api-ms-win-core-localization-l1-2-0.dll to C:\Program Files (x86)\Microsoft Visual Studio\2022\BuildTools\Common7\IDE\Remote Debugger\x86\api-ms-win-core-localization-l1-2-0.dll
[3c7c:000c][2026-05-10T01:35:58] Timestamp updated for file 'C:\Program Files (x86)\Microsoft Visual Studio\2022\BuildTools\Common7\IDE\Remote Debugger\x86\api-ms-win-core-localization-l1-2-0.dll'.
[3c7c:000c][2026-05-10T01:35:58] Processing file /Contents/Common7/IDE/Remote%20Debugger/x86/api-ms-win-core-memory-l1-1-0.dll
[3c7c:000c][2026-05-10T01:35:58] Started: Copying file /Contents/Common7/IDE/Remote%20Debugger/x86/api-ms-win-core-memory-l1-1-0.dll to C:\Program Files (x86)\Microsoft Visual Studio\2022\BuildTools\Common7\IDE\Remote Debugger\x86\api-ms-win-core-memory-l1-1-0.dll
[3c7c:000c][2026-05-10T01:35:58] Completed: Copying file /Contents/Common7/IDE/Remote%20Debugger/x86/api-ms-win-core-memory-l1-1-0.dll to C:\Program Files (x86)\Microsoft Visual Studio\2022\BuildTools\Common7\IDE\Remote Debugger\x86\api-ms-win-core-memory-l1-1-0.dll
[3c7c:000c][2026-05-10T01:35:58] Timestamp updated for file 'C:\Program Files (x86)\Microsoft Visual Studio\2022\BuildTools\Common7\IDE\Remote Debugger\x86\api-ms-win-core-memory-l1-1-0.dll'.
[3c7c:000c][2026-05-10T01:35:58] Processing file /Contents/Common7/IDE/Remote%20Debugger/x86/api-ms-win-core-namedpipe-l1-1-0.dll
[3c7c:000c][2026-05-10T01:35:58] Started: Copying file /Contents/Common7/IDE/Remote%20Debugger/x86/api-ms-win-core-namedpipe-l1-1-0.dll to C:\Program Files (x86)\Microsoft Visual Studio\2022\BuildTools\Common7\IDE\Remote Debugger\x86\api-ms-win-core-namedpipe-l1-1-0.dll
[3c7c:000c][2026-05-10T01:35:58] Completed: Copying file /Contents/Common7/IDE/Remote%20Debugger/x86/api-ms-win-core-namedpipe-l1-1-0.dll to C:\Program Files (x86)\Microsoft Visual Studio\2022\BuildTools\Common7\IDE\Remote Debugger\x86\api-ms-win-core-namedpipe-l1-1-0.dll
[3c7c:000c][2026-05-10T01:35:58] Timestamp updated for file 'C:\Program Files (x86)\Microsoft Visual Studio\2022\BuildTools\Common7\IDE\Remote Debugger\x86\api-ms-win-core-namedpipe-l1-1-0.dll'.
[3c7c:000c][2026-05-10T01:35:58] Processing file /Contents/Common7/IDE/Remote%20Debugger/x86/api-ms-win-core-processenvironment-l1-1-0.dll
[3c7c:000c][2026-05-10T01:35:58] Started: Copying file /Contents/Common7/IDE/Remote%20Debugger/x86/api-ms-win-core-processenvironment-l1-1-0.dll to C:\Program Files (x86)\Microsoft Visual Studio\2022\BuildTools\Common7\IDE\Remote Debugger\x86\api-ms-win-core-processenvironment-l1-1-0.dll
[3c7c:000c][2026-05-10T01:35:58] Completed: Copying file /Contents/Common7/IDE/Remote%20Debugger/x86/api-ms-win-core-processenvironment-l1-1-0.dll to C:\Program Files (x86)\Microsoft Visual Studio\2022\BuildTools\Common7\IDE\Remote Debugger\x86\api-ms-win-core-processenvironment-l1-1-0.dll
[3c7c:000c][2026-05-10T01:35:58] Timestamp updated for file 'C:\Program Files (x86)\Microsoft Visual Studio\2022\BuildTools\Common7\IDE\Remote Debugger\x86\api-ms-win-core-processenvironment-l1-1-0.dll'.
[3c7c:000c][2026-05-10T01:35:58] Processing file /Contents/Common7/IDE/Remote%20Debugger/x86/api-ms-win-core-processthreads-l1-1-0.dll
[3c7c:000c][2026-05-10T01:35:58] Started: Copying file /Contents/Common7/IDE/Remote%20Debugger/x86/api-ms-win-core-processthreads-l1-1-0.dll to C:\Program Files (x86)\Microsoft Visual Studio\2022\BuildTools\Common7\IDE\Remote Debugger\x86\api-ms-win-core-processthreads-l1-1-0.dll
[3c7c:000c][2026-05-10T01:35:58] Completed: Copying file /Contents/Common7/IDE/Remote%20Debugger/x86/api-ms-win-core-processthreads-l1-1-0.dll to C:\Program Files (x86)\Microsoft Visual Studio\2022\BuildTools\Common7\IDE\Remote Debugger\x86\api-ms-win-core-processthreads-l1-1-0.dll
[3c7c:000c][2026-05-10T01:35:58] Timestamp updated for file 'C:\Program Files (x86)\Microsoft Visual Studio\2022\BuildTools\Common7\IDE\Remote Debugger\x86\api-ms-win-core-processthreads-l1-1-0.dll'.
[3c7c:000c][2026-05-10T01:35:58] Processing file /Contents/Common7/IDE/Remote%20Debugger/x86/api-ms-win-core-processthreads-l1-1-1.dll
[3c7c:000c][2026-05-10T01:35:58] Started: Copying file /Contents/Common7/IDE/Remote%20Debugger/x86/api-ms-win-core-processthreads-l1-1-1.dll to C:\Program Files (x86)\Microsoft Visual Studio\2022\BuildTools\Common7\IDE\Remote Debugger\x86\api-ms-win-core-processthreads-l1-1-1.dll
[3c7c:000c][2026-05-10T01:35:58] Completed: Copying file /Contents/Common7/IDE/Remote%20Debugger/x86/api-ms-win-core-processthreads-l1-1-1.dll to C:\Program Files (x86)\Microsoft Visual Studio\2022\BuildTools\Common7\IDE\Remote Debugger\x86\api-ms-win-core-processthreads-l1-1-1.dll
[3c7c:000c][2026-05-10T01:35:58] Timestamp updated for file 'C:\Program Files (x86)\Microsoft Visual Studio\2022\BuildTools\Common7\IDE\Remote Debugger\x86\api-ms-win-core-processthreads-l1-1-1.dll'.
[3c7c:000c][2026-05-10T01:35:58] Processing file /Contents/Common7/IDE/Remote%20Debugger/x86/api-ms-win-core-profile-l1-1-0.dll
[3c7c:000c][2026-05-10T01:35:58] Started: Copying file /Contents/Common7/IDE/Remote%20Debugger/x86/api-ms-win-core-profile-l1-1-0.dll to C:\Program Files (x86)\Microsoft Visual Studio\2022\BuildTools\Common7\IDE\Remote Debugger\x86\api-ms-win-core-profile-l1-1-0.dll
[3c7c:000c][2026-05-10T01:35:58] Completed: Copying file /Contents/Common7/IDE/Remote%20Debugger/x86/api-ms-win-core-profile-l1-1-0.dll to C:\Program Files (x86)\Microsoft Visual Studio\2022\BuildTools\Common7\IDE\Remote Debugger\x86\api-ms-win-core-profile-l1-1-0.dll
[3c7c:000c][2026-05-10T01:35:58] Timestamp updated for file 'C:\Program Files (x86)\Microsoft Visual Studio\2022\BuildTools\Common7\IDE\Remote Debugger\x86\api-ms-win-core-profile-l1-1-0.dll'.
[3c7c:000c][2026-05-10T01:35:58] Processing file /Contents/Common7/IDE/Remote%20Debugger/x86/api-ms-win-core-rtlsupport-l1-1-0.dll
[3c7c:000c][2026-05-10T01:35:58] Started: Copying file /Contents/Common7/IDE/Remote%20Debugger/x86/api-ms-win-core-rtlsupport-l1-1-0.dll to C:\Program Files (x86)\Microsoft Visual Studio\2022\BuildTools\Common7\IDE\Remote Debugger\x86\api-ms-win-core-rtlsupport-l1-1-0.dll
[3c7c:000c][2026-05-10T01:35:58] Completed: Copying file /Contents/Common7/IDE/Remote%20Debugger/x86/api-ms-win-core-rtlsupport-l1-1-0.dll to C:\Program Files (x86)\Microsoft Visual Studio\2022\BuildTools\Common7\IDE\Remote Debugger\x86\api-ms-win-core-rtlsupport-l1-1-0.dll
[3c7c:000c][2026-05-10T01:35:58] Timestamp updated for file 'C:\Program Files (x86)\Microsoft Visual Studio\2022\BuildTools\Common7\IDE\Remote Debugger\x86\api-ms-win-core-rtlsupport-l1-1-0.dll'.
[3c7c:000c][2026-05-10T01:35:58] Processing file /Contents/Common7/IDE/Remote%20Debugger/x86/api-ms-win-core-string-l1-1-0.dll
[3c7c:000c][2026-05-10T01:35:58] Started: Copying file /Contents/Common7/IDE/Remote%20Debugger/x86/api-ms-win-core-string-l1-1-0.dll to C:\Program Files (x86)\Microsoft Visual Studio\2022\BuildTools\Common7\IDE\Remote Debugger\x86\api-ms-win-core-string-l1-1-0.dll
[3c7c:000c][2026-05-10T01:35:58] Completed: Copying file /Contents/Common7/IDE/Remote%20Debugger/x86/api-ms-win-core-string-l1-1-0.dll to C:\Program Files (x86)\Microsoft Visual Studio\2022\BuildTools\Common7\IDE\Remote Debugger\x86\api-ms-win-core-string-l1-1-0.dll
[3c7c:000c][2026-05-10T01:35:58] Timestamp updated for file 'C:\Program Files (x86)\Microsoft Visual Studio\2022\BuildTools\Common7\IDE\Remote Debugger\x86\api-ms-win-core-string-l1-1-0.dll'.
[3c7c:000c][2026-05-10T01:35:58] Processing file /Contents/Common7/IDE/Remote%20Debugger/x86/api-ms-win-core-synch-l1-1-0.dll
[3c7c:000c][2026-05-10T01:35:58] Started: Copying file /Contents/Common7/IDE/Remote%20Debugger/x86/api-ms-win-core-synch-l1-1-0.dll to C:\Program Files (x86)\Microsoft Visual Studio\2022\BuildTools\Common7\IDE\Remote Debugger\x86\api-ms-win-core-synch-l1-1-0.dll
[3c7c:000c][2026-05-10T01:35:58] Completed: Copying file /Contents/Common7/IDE/Remote%20Debugger/x86/api-ms-win-core-synch-l1-1-0.dll to C:\Program Files (x86)\Microsoft Visual Studio\2022\BuildTools\Common7\IDE\Remote Debugger\x86\api-ms-win-core-synch-l1-1-0.dll
[3c7c:000c][2026-05-10T01:35:58] Timestamp updated for file 'C:\Program Files (x86)\Microsoft Visual Studio\2022\BuildTools\Common7\IDE\Remote Debugger\x86\api-ms-win-core-synch-l1-1-0.dll'.
[3c7c:000c][2026-05-10T01:35:58] Processing file /Contents/Common7/IDE/Remote%20Debugger/x86/api-ms-win-core-synch-l1-2-0.dll
[3c7c:000c][2026-05-10T01:35:58] Started: Copying file /Contents/Common7/IDE/Remote%20Debugger/x86/api-ms-win-core-synch-l1-2-0.dll to C:\Program Files (x86)\Microsoft Visual Studio\2022\BuildTools\Common7\IDE\Remote Debugger\x86\api-ms-win-core-synch-l1-2-0.dll
[3c7c:000c][2026-05-10T01:35:58] Completed: Copying file /Contents/Common7/IDE/Remote%20Debugger/x86/api-ms-win-core-synch-l1-2-0.dll to C:\Program Files (x86)\Microsoft Visual Studio\2022\BuildTools\Common7\IDE\Remote Debugger\x86\api-ms-win-core-synch-l1-2-0.dll
[3c7c:000c][2026-05-10T01:35:58] Timestamp updated for file 'C:\Program Files (x86)\Microsoft Visual Studio\2022\BuildTools\Common7\IDE\Remote Debugger\x86\api-ms-win-core-synch-l1-2-0.dll'.
[3c7c:000c][2026-05-10T01:35:58] Processing file /Contents/Common7/IDE/Remote%20Debugger/x86/api-ms-win-core-sysinfo-l1-1-0.dll
[3c7c:000c][2026-05-10T01:35:58] Started: Copying file /Contents/Common7/IDE/Remote%20Debugger/x86/api-ms-win-core-sysinfo-l1-1-0.dll to C:\Program Files (x86)\Microsoft Visual Studio\2022\BuildTools\Common7\IDE\Remote Debugger\x86\api-ms-win-core-sysinfo-l1-1-0.dll
[3c7c:000c][2026-05-10T01:35:58] Completed: Copying file /Contents/Common7/IDE/Remote%20Debugger/x86/api-ms-win-core-sysinfo-l1-1-0.dll to C:\Program Files (x86)\Microsoft Visual Studio\2022\BuildTools\Common7\IDE\Remote Debugger\x86\api-ms-win-core-sysinfo-l1-1-0.dll
[3c7c:000c][2026-05-10T01:35:58] Timestamp updated for file 'C:\Program Files (x86)\Microsoft Visual Studio\2022\BuildTools\Common7\IDE\Remote Debugger\x86\api-ms-win-core-sysinfo-l1-1-0.dll'.
[3c7c:000c][2026-05-10T01:35:58] Processing file /Contents/Common7/IDE/Remote%20Debugger/x86/api-ms-win-core-timezone-l1-1-0.dll
[3c7c:000c][2026-05-10T01:35:58] Started: Copying file /Contents/Common7/IDE/Remote%20Debugger/x86/api-ms-win-core-timezone-l1-1-0.dll to C:\Program Files (x86)\Microsoft Visual Studio\2022\BuildTools\Common7\IDE\Remote Debugger\x86\api-ms-win-core-timezone-l1-1-0.dll
[3c7c:000c][2026-05-10T01:35:58] Completed: Copying file /Contents/Common7/IDE/Remote%20Debugger/x86/api-ms-win-core-timezone-l1-1-0.dll to C:\Program Files (x86)\Microsoft Visual Studio\2022\BuildTools\Common7\IDE\Remote Debugger\x86\api-ms-win-core-timezone-l1-1-0.dll
[3c7c:000c][2026-05-10T01:35:58] Timestamp updated for file 'C:\Program Files (x86)\Microsoft Visual Studio\2022\BuildTools\Common7\IDE\Remote Debugger\x86\api-ms-win-core-timezone-l1-1-0.dll'.
[3c7c:000c][2026-05-10T01:35:58] Processing file /Contents/Common7/IDE/Remote%20Debugger/x86/api-ms-win-core-util-l1-1-0.dll
[3c7c:000c][2026-05-10T01:35:58] Started: Copying file /Contents/Common7/IDE/Remote%20Debugger/x86/api-ms-win-core-util-l1-1-0.dll to C:\Program Files (x86)\Microsoft Visual Studio\2022\BuildTools\Common7\IDE\Remote Debugger\x86\api-ms-win-core-util-l1-1-0.dll
[3c7c:000c][2026-05-10T01:35:58] Completed: Copying file /Contents/Common7/IDE/Remote%20Debugger/x86/api-ms-win-core-util-l1-1-0.dll to C:\Program Files (x86)\Microsoft Visual Studio\2022\BuildTools\Common7\IDE\Remote Debugger\x86\api-ms-win-core-util-l1-1-0.dll
[3c7c:000c][2026-05-10T01:35:58] Timestamp updated for file 'C:\Program Files (x86)\Microsoft Visual Studio\2022\BuildTools\Common7\IDE\Remote Debugger\x86\api-ms-win-core-util-l1-1-0.dll'.
[3c7c:000c][2026-05-10T01:35:58] Processing file /Contents/Common7/IDE/Remote%20Debugger/x86/api-ms-win-crt-conio-l1-1-0.dll
[3c7c:000c][2026-05-10T01:35:58] Started: Copying file /Contents/Common7/IDE/Remote%20Debugger/x86/api-ms-win-crt-conio-l1-1-0.dll to C:\Program Files (x86)\Microsoft Visual Studio\2022\BuildTools\Common7\IDE\Remote Debugger\x86\api-ms-win-crt-conio-l1-1-0.dll
[3c7c:000c][2026-05-10T01:35:58] Completed: Copying file /Contents/Common7/IDE/Remote%20Debugger/x86/api-ms-win-crt-conio-l1-1-0.dll to C:\Program Files (x86)\Microsoft Visual Studio\2022\BuildTools\Common7\IDE\Remote Debugger\x86\api-ms-win-crt-conio-l1-1-0.dll
[3c7c:000c][2026-05-10T01:35:58] Timestamp updated for file 'C:\Program Files (x86)\Microsoft Visual Studio\2022\BuildTools\Common7\IDE\Remote Debugger\x86\api-ms-win-crt-conio-l1-1-0.dll'.
[3c7c:000c][2026-05-10T01:35:58] Processing file /Contents/Common7/IDE/Remote%20Debugger/x86/api-ms-win-crt-convert-l1-1-0.dll
[3c7c:000c][2026-05-10T01:35:58] Started: Copying file /Contents/Common7/IDE/Remote%20Debugger/x86/api-ms-win-crt-convert-l1-1-0.dll to C:\Program Files (x86)\Microsoft Visual Studio\2022\BuildTools\Common7\IDE\Remote Debugger\x86\api-ms-win-crt-convert-l1-1-0.dll
[3c7c:000c][2026-05-10T01:35:58] Completed: Copying file /Contents/Common7/IDE/Remote%20Debugger/x86/api-ms-win-crt-convert-l1-1-0.dll to C:\Program Files (x86)\Microsoft Visual Studio\2022\BuildTools\Common7\IDE\Remote Debugger\x86\api-ms-win-crt-convert-l1-1-0.dll
[3c7c:000c][2026-05-10T01:35:58] Timestamp updated for file 'C:\Program Files (x86)\Microsoft Visual Studio\2022\BuildTools\Common7\IDE\Remote Debugger\x86\api-ms-win-crt-convert-l1-1-0.dll'.
[3c7c:000c][2026-05-10T01:35:58] Processing file /Contents/Common7/IDE/Remote%20Debugger/x86/api-ms-win-crt-environment-l1-1-0.dll
[3c7c:000c][2026-05-10T01:35:58] Started: Copying file /Contents/Common7/IDE/Remote%20Debugger/x86/api-ms-win-crt-environment-l1-1-0.dll to C:\Program Files (x86)\Microsoft Visual Studio\2022\BuildTools\Common7\IDE\Remote Debugger\x86\api-ms-win-crt-environment-l1-1-0.dll
[3c7c:000c][2026-05-10T01:35:58] Completed: Copying file /Contents/Common7/IDE/Remote%20Debugger/x86/api-ms-win-crt-environment-l1-1-0.dll to C:\Program Files (x86)\Microsoft Visual Studio\2022\BuildTools\Common7\IDE\Remote Debugger\x86\api-ms-win-crt-environment-l1-1-0.dll
[3c7c:000c][2026-05-10T01:35:58] Timestamp updated for file 'C:\Program Files (x86)\Microsoft Visual Studio\2022\BuildTools\Common7\IDE\Remote Debugger\x86\api-ms-win-crt-environment-l1-1-0.dll'.
[3c7c:000c][2026-05-10T01:35:58] Processing file /Contents/Common7/IDE/Remote%20Debugger/x86/api-ms-win-crt-filesystem-l1-1-0.dll
[3c7c:000c][2026-05-10T01:35:58] Started: Copying file /Contents/Common7/IDE/Remote%20Debugger/x86/api-ms-win-crt-filesystem-l1-1-0.dll to C:\Program Files (x86)\Microsoft Visual Studio\2022\BuildTools\Common7\IDE\Remote Debugger\x86\api-ms-win-crt-filesystem-l1-1-0.dll
[3c7c:000c][2026-05-10T01:35:58] Completed: Copying file /Contents/Common7/IDE/Remote%20Debugger/x86/api-ms-win-crt-filesystem-l1-1-0.dll to C:\Program Files (x86)\Microsoft Visual Studio\2022\BuildTools\Common7\IDE\Remote Debugger\x86\api-ms-win-crt-filesystem-l1-1-0.dll
[3c7c:000c][2026-05-10T01:35:58] Timestamp updated for file 'C:\Program Files (x86)\Microsoft Visual Studio\2022\BuildTools\Common7\IDE\Remote Debugger\x86\api-ms-win-crt-filesystem-l1-1-0.dll'.
[3c7c:000c][2026-05-10T01:35:58] Processing file /Contents/Common7/IDE/Remote%20Debugger/x86/api-ms-win-crt-heap-l1-1-0.dll
[3c7c:000c][2026-05-10T01:35:58] Started: Copying file /Contents/Common7/IDE/Remote%20Debugger/x86/api-ms-win-crt-heap-l1-1-0.dll to C:\Program Files (x86)\Microsoft Visual Studio\2022\BuildTools\Common7\IDE\Remote Debugger\x86\api-ms-win-crt-heap-l1-1-0.dll
[3c7c:000c][2026-05-10T01:35:58] Completed: Copying file /Contents/Common7/IDE/Remote%20Debugger/x86/api-ms-win-crt-heap-l1-1-0.dll to C:\Program Files (x86)\Microsoft Visual Studio\2022\BuildTools\Common7\IDE\Remote Debugger\x86\api-ms-win-crt-heap-l1-1-0.dll
[3c7c:000c][2026-05-10T01:35:58] Timestamp updated for file 'C:\Program Files (x86)\Microsoft Visual Studio\2022\BuildTools\Common7\IDE\Remote Debugger\x86\api-ms-win-crt-heap-l1-1-0.dll'.
[3c7c:000c][2026-05-10T01:35:58] Processing file /Contents/Common7/IDE/Remote%20Debugger/x86/api-ms-win-crt-locale-l1-1-0.dll
[3c7c:000c][2026-05-10T01:35:58] Started: Copying file /Contents/Common7/IDE/Remote%20Debugger/x86/api-ms-win-crt-locale-l1-1-0.dll to C:\Program Files (x86)\Microsoft Visual Studio\2022\BuildTools\Common7\IDE\Remote Debugger\x86\api-ms-win-crt-locale-l1-1-0.dll
[3c7c:000c][2026-05-10T01:35:58] Completed: Copying file /Contents/Common7/IDE/Remote%20Debugger/x86/api-ms-win-crt-locale-l1-1-0.dll to C:\Program Files (x86)\Microsoft Visual Studio\2022\BuildTools\Common7\IDE\Remote Debugger\x86\api-ms-win-crt-locale-l1-1-0.dll
[3c7c:000c][2026-05-10T01:35:58] Timestamp updated for file 'C:\Program Files (x86)\Microsoft Visual Studio\2022\BuildTools\Common7\IDE\Remote Debugger\x86\api-ms-win-crt-locale-l1-1-0.dll'.
[3c7c:000c][2026-05-10T01:35:58] Processing file /Contents/Common7/IDE/Remote%20Debugger/x86/api-ms-win-crt-math-l1-1-0.dll
[3c7c:000c][2026-05-10T01:35:58] Started: Copying file /Contents/Common7/IDE/Remote%20Debugger/x86/api-ms-win-crt-math-l1-1-0.dll to C:\Program Files (x86)\Microsoft Visual Studio\2022\BuildTools\Common7\IDE\Remote Debugger\x86\api-ms-win-crt-math-l1-1-0.dll
[3c7c:000c][2026-05-10T01:35:58] Completed: Copying file /Contents/Common7/IDE/Remote%20Debugger/x86/api-ms-win-crt-math-l1-1-0.dll to C:\Program Files (x86)\Microsoft Visual Studio\2022\BuildTools\Common7\IDE\Remote Debugger\x86\api-ms-win-crt-math-l1-1-0.dll
[3c7c:000c][2026-05-10T01:35:58] Timestamp updated for file 'C:\Program Files (x86)\Microsoft Visual Studio\2022\BuildTools\Common7\IDE\Remote Debugger\x86\api-ms-win-crt-math-l1-1-0.dll'.
[3c7c:000c][2026-05-10T01:35:58] Processing file /Contents/Common7/IDE/Remote%20Debugger/x86/api-ms-win-crt-multibyte-l1-1-0.dll
[3c7c:000c][2026-05-10T01:35:58] Started: Copying file /Contents/Common7/IDE/Remote%20Debugger/x86/api-ms-win-crt-multibyte-l1-1-0.dll to C:\Program Files (x86)\Microsoft Visual Studio\2022\BuildTools\Common7\IDE\Remote Debugger\x86\api-ms-win-crt-multibyte-l1-1-0.dll
[3c7c:000c][2026-05-10T01:35:58] Completed: Copying file /Contents/Common7/IDE/Remote%20Debugger/x86/api-ms-win-crt-multibyte-l1-1-0.dll to C:\Program Files (x86)\Microsoft Visual Studio\2022\BuildTools\Common7\IDE\Remote Debugger\x86\api-ms-win-crt-multibyte-l1-1-0.dll
[3c7c:000c][2026-05-10T01:35:58] Timestamp updated for file 'C:\Program Files (x86)\Microsoft Visual Studio\2022\BuildTools\Common7\IDE\Remote Debugger\x86\api-ms-win-crt-multibyte-l1-1-0.dll'.
[3c7c:000c][2026-05-10T01:35:58] Processing file /Contents/Common7/IDE/Remote%20Debugger/x86/api-ms-win-crt-private-l1-1-0.dll
[3c7c:000c][2026-05-10T01:35:58] Started: Copying file /Contents/Common7/IDE/Remote%20Debugger/x86/api-ms-win-crt-private-l1-1-0.dll to C:\Program Files (x86)\Microsoft Visual Studio\2022\BuildTools\Common7\IDE\Remote Debugger\x86\api-ms-win-crt-private-l1-1-0.dll
[3c7c:000c][2026-05-10T01:35:58] Completed: Copying file /Contents/Common7/IDE/Remote%20Debugger/x86/api-ms-win-crt-private-l1-1-0.dll to C:\Program Files (x86)\Microsoft Visual Studio\2022\BuildTools\Common7\IDE\Remote Debugger\x86\api-ms-win-crt-private-l1-1-0.dll
[3c7c:000c][2026-05-10T01:35:58] Timestamp updated for file 'C:\Program Files (x86)\Microsoft Visual Studio\2022\BuildTools\Common7\IDE\Remote Debugger\x86\api-ms-win-crt-private-l1-1-0.dll'.
[3c7c:000c][2026-05-10T01:35:58] Processing file /Contents/Common7/IDE/Remote%20Debugger/x86/api-ms-win-crt-process-l1-1-0.dll
[3c7c:000c][2026-05-10T01:35:58] Started: Copying file /Contents/Common7/IDE/Remote%20Debugger/x86/api-ms-win-crt-process-l1-1-0.dll to C:\Program Files (x86)\Microsoft Visual Studio\2022\BuildTools\Common7\IDE\Remote Debugger\x86\api-ms-win-crt-process-l1-1-0.dll
[3c7c:000c][2026-05-10T01:35:58] Completed: Copying file /Contents/Common7/IDE/Remote%20Debugger/x86/api-ms-win-crt-process-l1-1-0.dll to C:\Program Files (x86)\Microsoft Visual Studio\2022\BuildTools\Common7\IDE\Remote Debugger\x86\api-ms-win-crt-process-l1-1-0.dll
[3c7c:000c][2026-05-10T01:35:58] Timestamp updated for file 'C:\Program Files (x86)\Microsoft Visual Studio\2022\BuildTools\Common7\IDE\Remote Debugger\x86\api-ms-win-crt-process-l1-1-0.dll'.
[3c7c:000c][2026-05-10T01:35:58] Processing file /Contents/Common7/IDE/Remote%20Debugger/x86/api-ms-win-crt-runtime-l1-1-0.dll
[3c7c:000c][2026-05-10T01:35:58] Started: Copying file /Contents/Common7/IDE/Remote%20Debugger/x86/api-ms-win-crt-runtime-l1-1-0.dll to C:\Program Files (x86)\Microsoft Visual Studio\2022\BuildTools\Common7\IDE\Remote Debugger\x86\api-ms-win-crt-runtime-l1-1-0.dll
[3c7c:000c][2026-05-10T01:35:58] Completed: Copying file /Contents/Common7/IDE/Remote%20Debugger/x86/api-ms-win-crt-runtime-l1-1-0.dll to C:\Program Files (x86)\Microsoft Visual Studio\2022\BuildTools\Common7\IDE\Remote Debugger\x86\api-ms-win-crt-runtime-l1-1-0.dll
[3c7c:000c][2026-05-10T01:35:58] Timestamp updated for file 'C:\Program Files (x86)\Microsoft Visual Studio\2022\BuildTools\Common7\IDE\Remote Debugger\x86\api-ms-win-crt-runtime-l1-1-0.dll'.
[3c7c:000c][2026-05-10T01:35:58] Processing file /Contents/Common7/IDE/Remote%20Debugger/x86/api-ms-win-crt-stdio-l1-1-0.dll
[3c7c:000c][2026-05-10T01:35:58] Started: Copying file /Contents/Common7/IDE/Remote%20Debugger/x86/api-ms-win-crt-stdio-l1-1-0.dll to C:\Program Files (x86)\Microsoft Visual Studio\2022\BuildTools\Common7\IDE\Remote Debugger\x86\api-ms-win-crt-stdio-l1-1-0.dll
[3c7c:000c][2026-05-10T01:35:58] Completed: Copying file /Contents/Common7/IDE/Remote%20Debugger/x86/api-ms-win-crt-stdio-l1-1-0.dll to C:\Program Files (x86)\Microsoft Visual Studio\2022\BuildTools\Common7\IDE\Remote Debugger\x86\api-ms-win-crt-stdio-l1-1-0.dll
[3c7c:000c][2026-05-10T01:35:58] Timestamp updated for file 'C:\Program Files (x86)\Microsoft Visual Studio\2022\BuildTools\Common7\IDE\Remote Debugger\x86\api-ms-win-crt-stdio-l1-1-0.dll'.
[3c7c:000c][2026-05-10T01:35:58] Processing file /Contents/Common7/IDE/Remote%20Debugger/x86/api-ms-win-crt-string-l1-1-0.dll
[3c7c:000c][2026-05-10T01:35:58] Started: Copying file /Contents/Common7/IDE/Remote%20Debugger/x86/api-ms-win-crt-string-l1-1-0.dll to C:\Program Files (x86)\Microsoft Visual Studio\2022\BuildTools\Common7\IDE\Remote Debugger\x86\api-ms-win-crt-string-l1-1-0.dll
[3c7c:000c][2026-05-10T01:35:58] Completed: Copying file /Contents/Common7/IDE/Remote%20Debugger/x86/api-ms-win-crt-string-l1-1-0.dll to C:\Program Files (x86)\Microsoft Visual Studio\2022\BuildTools\Common7\IDE\Remote Debugger\x86\api-ms-win-crt-string-l1-1-0.dll
[3c7c:000c][2026-05-10T01:35:58] Timestamp updated for file 'C:\Program Files (x86)\Microsoft Visual Studio\2022\BuildTools\Common7\IDE\Remote Debugger\x86\api-ms-win-crt-string-l1-1-0.dll'.
[3c7c:000c][2026-05-10T01:35:58] Processing file /Contents/Common7/IDE/Remote%20Debugger/x86/api-ms-win-crt-time-l1-1-0.dll
[3c7c:000c][2026-05-10T01:35:58] Started: Copying file /Contents/Common7/IDE/Remote%20Debugger/x86/api-ms-win-crt-time-l1-1-0.dll to C:\Program Files (x86)\Microsoft Visual Studio\2022\BuildTools\Common7\IDE\Remote Debugger\x86\api-ms-win-crt-time-l1-1-0.dll
[3c7c:000c][2026-05-10T01:35:58] Completed: Copying file /Contents/Common7/IDE/Remote%20Debugger/x86/api-ms-win-crt-time-l1-1-0.dll to C:\Program Files (x86)\Microsoft Visual Studio\2022\BuildTools\Common7\IDE\Remote Debugger\x86\api-ms-win-crt-time-l1-1-0.dll
[3c7c:000c][2026-05-10T01:35:58] Timestamp updated for file 'C:\Program Files (x86)\Microsoft Visual Studio\2022\BuildTools\Common7\IDE\Remote Debugger\x86\api-ms-win-crt-time-l1-1-0.dll'.
[3c7c:000c][2026-05-10T01:35:58] Processing file /Contents/Common7/IDE/Remote%20Debugger/x86/api-ms-win-crt-utility-l1-1-0.dll
[3c7c:000c][2026-05-10T01:35:58] Started: Copying file /Contents/Common7/IDE/Remote%20Debugger/x86/api-ms-win-crt-utility-l1-1-0.dll to C:\Program Files (x86)\Microsoft Visual Studio\2022\BuildTools\Common7\IDE\Remote Debugger\x86\api-ms-win-crt-utility-l1-1-0.dll
[3c7c:000c][2026-05-10T01:35:58] Completed: Copying file /Contents/Common7/IDE/Remote%20Debugger/x86/api-ms-win-crt-utility-l1-1-0.dll to C:\Program Files (x86)\Microsoft Visual Studio\2022\BuildTools\Common7\IDE\Remote Debugger\x86\api-ms-win-crt-utility-l1-1-0.dll
[3c7c:000c][2026-05-10T01:35:58] Timestamp updated for file 'C:\Program Files (x86)\Microsoft Visual Studio\2022\BuildTools\Common7\IDE\Remote Debugger\x86\api-ms-win-crt-utility-l1-1-0.dll'.
[3c7c:000c][2026-05-10T01:35:58] Processing file /Contents/Common7/IDE/Remote%20Debugger/x86/CppDebug.remote.dll
[3c7c:000c][2026-05-10T01:35:58] Started: Copying file /Contents/Common7/IDE/Remote%20Debugger/x86/CppDebug.remote.dll to C:\Program Files (x86)\Microsoft Visual Studio\2022\BuildTools\Common7\IDE\Remote Debugger\x86\CppDebug.remote.dll
[3c7c:000c][2026-05-10T01:35:58] Completed: Copying file /Contents/Common7/IDE/Remote%20Debugger/x86/CppDebug.remote.dll to C:\Program Files (x86)\Microsoft Visual Studio\2022\BuildTools\Common7\IDE\Remote Debugger\x86\CppDebug.remote.dll
[3c7c:000c][2026-05-10T01:35:58] Timestamp updated for file 'C:\Program Files (x86)\Microsoft Visual Studio\2022\BuildTools\Common7\IDE\Remote Debugger\x86\CppDebug.remote.dll'.
[3c7c:000c][2026-05-10T01:35:58] Processing file /Contents/Common7/IDE/Remote%20Debugger/x86/dbgshim.dll
[3c7c:000c][2026-05-10T01:35:58] Started: Copying file /Contents/Common7/IDE/Remote%20Debugger/x86/dbgshim.dll to C:\Program Files (x86)\Microsoft Visual Studio\2022\BuildTools\Common7\IDE\Remote Debugger\x86\dbgshim.dll
[3c7c:000c][2026-05-10T01:35:58] Completed: Copying file /Contents/Common7/IDE/Remote%20Debugger/x86/dbgshim.dll to C:\Program Files (x86)\Microsoft Visual Studio\2022\BuildTools\Common7\IDE\Remote Debugger\x86\dbgshim.dll
[3c7c:000c][2026-05-10T01:35:58] Timestamp updated for file 'C:\Program Files (x86)\Microsoft Visual Studio\2022\BuildTools\Common7\IDE\Remote Debugger\x86\dbgshim.dll'.
[3c7c:000c][2026-05-10T01:35:58] Processing file /Contents/Common7/IDE/Remote%20Debugger/x86/DebuggerProxy.dll
[3c7c:000c][2026-05-10T01:35:58] Started: Copying file /Contents/Common7/IDE/Remote%20Debugger/x86/DebuggerProxy.dll to C:\Program Files (x86)\Microsoft Visual Studio\2022\BuildTools\Common7\IDE\Remote Debugger\x86\DebuggerProxy.dll
[3c7c:000c][2026-05-10T01:35:58] Completed: Copying file /Contents/Common7/IDE/Remote%20Debugger/x86/DebuggerProxy.dll to C:\Program Files (x86)\Microsoft Visual Studio\2022\BuildTools\Common7\IDE\Remote Debugger\x86\DebuggerProxy.dll
[3c7c:000c][2026-05-10T01:35:58] Timestamp updated for file 'C:\Program Files (x86)\Microsoft Visual Studio\2022\BuildTools\Common7\IDE\Remote Debugger\x86\DebuggerProxy.dll'.
[3c7c:000c][2026-05-10T01:35:58] Processing file /Contents/Common7/IDE/Remote%20Debugger/x86/DebuggerProxy.dll.manifest
[3c7c:000c][2026-05-10T01:35:58] Started: Copying file /Contents/Common7/IDE/Remote%20Debugger/x86/DebuggerProxy.dll.manifest to C:\Program Files (x86)\Microsoft Visual Studio\2022\BuildTools\Common7\IDE\Remote Debugger\x86\DebuggerProxy.dll.manifest
[3c7c:000c][2026-05-10T01:35:58] Completed: Copying file /Contents/Common7/IDE/Remote%20Debugger/x86/DebuggerProxy.dll.manifest to C:\Program Files (x86)\Microsoft Visual Studio\2022\BuildTools\Common7\IDE\Remote Debugger\x86\DebuggerProxy.dll.manifest
[3c7c:000c][2026-05-10T01:35:58] Timestamp updated for file 'C:\Program Files (x86)\Microsoft Visual Studio\2022\BuildTools\Common7\IDE\Remote Debugger\x86\DebuggerProxy.dll.manifest'.
[3c7c:000c][2026-05-10T01:35:58] Processing file /Contents/Common7/IDE/Remote%20Debugger/x86/MCppEE.dll
[3c7c:000c][2026-05-10T01:35:58] Started: Copying file /Contents/Common7/IDE/Remote%20Debugger/x86/MCppEE.dll to C:\Program Files (x86)\Microsoft Visual Studio\2022\BuildTools\Common7\IDE\Remote Debugger\x86\MCppEE.dll
[3c7c:000c][2026-05-10T01:35:58] Completed: Copying file /Contents/Common7/IDE/Remote%20Debugger/x86/MCppEE.dll to C:\Program Files (x86)\Microsoft Visual Studio\2022\BuildTools\Common7\IDE\Remote Debugger\x86\MCppEE.dll
[3c7c:000c][2026-05-10T01:35:58] Timestamp updated for file 'C:\Program Files (x86)\Microsoft Visual Studio\2022\BuildTools\Common7\IDE\Remote Debugger\x86\MCppEE.dll'.
[3c7c:000c][2026-05-10T01:35:58] Processing file /Contents/Common7/IDE/Remote%20Debugger/x86/Microsoft.CodeAnalysis.CSharp.ExpressionEvaluator.ResultProvider.dll
[3c7c:000c][2026-05-10T01:35:58] Started: Copying file /Contents/Common7/IDE/Remote%20Debugger/x86/Microsoft.CodeAnalysis.CSharp.ExpressionEvaluator.ResultProvider.dll to C:\Program Files (x86)\Microsoft Visual Studio\2022\BuildTools\Common7\IDE\Remote Debugger\x86\Microsoft.CodeAnalysis.CSharp.ExpressionEvaluator.ResultProvider.dll
[3c7c:000c][2026-05-10T01:35:58] Completed: Copying file /Contents/Common7/IDE/Remote%20Debugger/x86/Microsoft.CodeAnalysis.CSharp.ExpressionEvaluator.ResultProvider.dll to C:\Program Files (x86)\Microsoft Visual Studio\2022\BuildTools\Common7\IDE\Remote Debugger\x86\Microsoft.CodeAnalysis.CSharp.ExpressionEvaluator.ResultProvider.dll
[3c7c:000c][2026-05-10T01:35:58] Timestamp updated for file 'C:\Program Files (x86)\Microsoft Visual Studio\2022\BuildTools\Common7\IDE\Remote Debugger\x86\Microsoft.CodeAnalysis.CSharp.ExpressionEvaluator.ResultProvider.dll'.
[3c7c:000c][2026-05-10T01:35:58] Processing file /Contents/Common7/IDE/Remote%20Debugger/x86/Microsoft.CodeAnalysis.ExpressionEvaluator.FunctionResolver.dll
[3c7c:000c][2026-05-10T01:35:58] Started: Copying file /Contents/Common7/IDE/Remote%20Debugger/x86/Microsoft.CodeAnalysis.ExpressionEvaluator.FunctionResolver.dll to C:\Program Files (x86)\Microsoft Visual Studio\2022\BuildTools\Common7\IDE\Remote Debugger\x86\Microsoft.CodeAnalysis.ExpressionEvaluator.FunctionResolver.dll
[3c7c:000c][2026-05-10T01:35:58] Completed: Copying file /Contents/Common7/IDE/Remote%20Debugger/x86/Microsoft.CodeAnalysis.ExpressionEvaluator.FunctionResolver.dll to C:\Program Files (x86)\Microsoft Visual Studio\2022\BuildTools\Common7\IDE\Remote Debugger\x86\Microsoft.CodeAnalysis.ExpressionEvaluator.FunctionResolver.dll
[3c7c:000c][2026-05-10T01:35:58] Timestamp updated for file 'C:\Program Files (x86)\Microsoft Visual Studio\2022\BuildTools\Common7\IDE\Remote Debugger\x86\Microsoft.CodeAnalysis.ExpressionEvaluator.FunctionResolver.dll'.
[3c7c:000c][2026-05-10T01:35:58] Processing file /Contents/Common7/IDE/Remote%20Debugger/x86/Microsoft.CodeAnalysis.ExpressionEvaluator.ResultProvider.dll
[3c7c:000c][2026-05-10T01:35:58] Started: Copying file /Contents/Common7/IDE/Remote%20Debugger/x86/Microsoft.CodeAnalysis.ExpressionEvaluator.ResultProvider.dll to C:\Program Files (x86)\Microsoft Visual Studio\2022\BuildTools\Common7\IDE\Remote Debugger\x86\Microsoft.CodeAnalysis.ExpressionEvaluator.ResultProvider.dll
[3c7c:000c][2026-05-10T01:35:58] Completed: Copying file /Contents/Common7/IDE/Remote%20Debugger/x86/Microsoft.CodeAnalysis.ExpressionEvaluator.ResultProvider.dll to C:\Program Files (x86)\Microsoft Visual Studio\2022\BuildTools\Common7\IDE\Remote Debugger\x86\Microsoft.CodeAnalysis.ExpressionEvaluator.ResultProvider.dll
[3c7c:000c][2026-05-10T01:35:58] Timestamp updated for file 'C:\Program Files (x86)\Microsoft Visual Studio\2022\BuildTools\Common7\IDE\Remote Debugger\x86\Microsoft.CodeAnalysis.ExpressionEvaluator.ResultProvider.dll'.
[3c7c:000c][2026-05-10T01:35:58] Processing file /Contents/Common7/IDE/Remote%20Debugger/x86/Microsoft.CodeAnalysis.VisualBasic.ExpressionEvaluator.ResultProvider.dll
[3c7c:000c][2026-05-10T01:35:58] Started: Copying file /Contents/Common7/IDE/Remote%20Debugger/x86/Microsoft.CodeAnalysis.VisualBasic.ExpressionEvaluator.ResultProvider.dll to C:\Program Files (x86)\Microsoft Visual Studio\2022\BuildTools\Common7\IDE\Remote Debugger\x86\Microsoft.CodeAnalysis.VisualBasic.ExpressionEvaluator.ResultProvider.dll
[3c7c:000c][2026-05-10T01:35:58] Completed: Copying file /Contents/Common7/IDE/Remote%20Debugger/x86/Microsoft.CodeAnalysis.VisualBasic.ExpressionEvaluator.ResultProvider.dll to C:\Program Files (x86)\Microsoft Visual Studio\2022\BuildTools\Common7\IDE\Remote Debugger\x86\Microsoft.CodeAnalysis.VisualBasic.ExpressionEvaluator.ResultProvider.dll
[3c7c:000c][2026-05-10T01:35:58] Timestamp updated for file 'C:\Program Files (x86)\Microsoft Visual Studio\2022\BuildTools\Common7\IDE\Remote Debugger\x86\Microsoft.CodeAnalysis.VisualBasic.ExpressionEvaluator.ResultProvider.dll'.
[3c7c:000c][2026-05-10T01:35:58] Processing file /Contents/Common7/IDE/Remote%20Debugger/x86/Microsoft.Diagnostics.FastSerialization.dll
[3c7c:000c][2026-05-10T01:35:58] Started: Copying file /Contents/Common7/IDE/Remote%20Debugger/x86/Microsoft.Diagnostics.FastSerialization.dll to C:\Program Files (x86)\Microsoft Visual Studio\2022\BuildTools\Common7\IDE\Remote Debugger\x86\Microsoft.Diagnostics.FastSerialization.dll
[3c7c:000c][2026-05-10T01:35:58] Completed: Copying file /Contents/Common7/IDE/Remote%20Debugger/x86/Microsoft.Diagnostics.FastSerialization.dll to C:\Program Files (x86)\Microsoft Visual Studio\2022\BuildTools\Common7\IDE\Remote Debugger\x86\Microsoft.Diagnostics.FastSerialization.dll
[3c7c:000c][2026-05-10T01:35:58] Timestamp updated for file 'C:\Program Files (x86)\Microsoft Visual Studio\2022\BuildTools\Common7\IDE\Remote Debugger\x86\Microsoft.Diagnostics.FastSerialization.dll'.
[3c7c:000c][2026-05-10T01:35:58] Processing file /Contents/Common7/IDE/Remote%20Debugger/x86/Microsoft.Diagnostics.MemoryGraph.dll
[3c7c:000c][2026-05-10T01:35:58] Started: Copying file /Contents/Common7/IDE/Remote%20Debugger/x86/Microsoft.Diagnostics.MemoryGraph.dll to C:\Program Files (x86)\Microsoft Visual Studio\2022\BuildTools\Common7\IDE\Remote Debugger\x86\Microsoft.Diagnostics.MemoryGraph.dll
[3c7c:000c][2026-05-10T01:35:58] Completed: Copying file /Contents/Common7/IDE/Remote%20Debugger/x86/Microsoft.Diagnostics.MemoryGraph.dll to C:\Program Files (x86)\Microsoft Visual Studio\2022\BuildTools\Common7\IDE\Remote Debugger\x86\Microsoft.Diagnostics.MemoryGraph.dll
[3c7c:000c][2026-05-10T01:35:58] Timestamp updated for file 'C:\Program Files (x86)\Microsoft Visual Studio\2022\BuildTools\Common7\IDE\Remote Debugger\x86\Microsoft.Diagnostics.MemoryGraph.dll'.
[3c7c:000c][2026-05-10T01:35:58] Processing file /Contents/Common7/IDE/Remote%20Debugger/x86/Microsoft.Diagnostics.Utilities.dll
[3c7c:000c][2026-05-10T01:35:58] Started: Copying file /Contents/Common7/IDE/Remote%20Debugger/x86/Microsoft.Diagnostics.Utilities.dll to C:\Program Files (x86)\Microsoft Visual Studio\2022\BuildTools\Common7\IDE\Remote Debugger\x86\Microsoft.Diagnostics.Utilities.dll
[3c7c:000c][2026-05-10T01:35:58] Completed: Copying file /Contents/Common7/IDE/Remote%20Debugger/x86/Microsoft.Diagnostics.Utilities.dll to C:\Program Files (x86)\Microsoft Visual Studio\2022\BuildTools\Common7\IDE\Remote Debugger\x86\Microsoft.Diagnostics.Utilities.dll
[3c7c:000c][2026-05-10T01:35:58] Timestamp updated for file 'C:\Program Files (x86)\Microsoft Visual Studio\2022\BuildTools\Common7\IDE\Remote Debugger\x86\Microsoft.Diagnostics.Utilities.dll'.
[3c7c:000c][2026-05-10T01:35:58] Processing file /Contents/Common7/IDE/Remote%20Debugger/x86/Microsoft.DiaSymReader.dll
[3c7c:000c][2026-05-10T01:35:58] Started: Copying file /Contents/Common7/IDE/Remote%20Debugger/x86/Microsoft.DiaSymReader.dll to C:\Program Files (x86)\Microsoft Visual Studio\2022\BuildTools\Common7\IDE\Remote Debugger\x86\Microsoft.DiaSymReader.dll
[3c7c:000c][2026-05-10T01:35:58] Completed: Copying file /Contents/Common7/IDE/Remote%20Debugger/x86/Microsoft.DiaSymReader.dll to C:\Program Files (x86)\Microsoft Visual Studio\2022\BuildTools\Common7\IDE\Remote Debugger\x86\Microsoft.DiaSymReader.dll
[3c7c:000c][2026-05-10T01:35:58] Timestamp updated for file 'C:\Program Files (x86)\Microsoft Visual Studio\2022\BuildTools\Common7\IDE\Remote Debugger\x86\Microsoft.DiaSymReader.dll'.
[3c7c:000c][2026-05-10T01:35:58] Processing file /Contents/Common7/IDE/Remote%20Debugger/x86/Microsoft.DiaSymReader.PortablePdb.dll
[3c7c:000c][2026-05-10T01:35:58] Started: Copying file /Contents/Common7/IDE/Remote%20Debugger/x86/Microsoft.DiaSymReader.PortablePdb.dll to C:\Program Files (x86)\Microsoft Visual Studio\2022\BuildTools\Common7\IDE\Remote Debugger\x86\Microsoft.DiaSymReader.PortablePdb.dll
[3c7c:000c][2026-05-10T01:35:58] Completed: Copying file /Contents/Common7/IDE/Remote%20Debugger/x86/Microsoft.DiaSymReader.PortablePdb.dll to C:\Program Files (x86)\Microsoft Visual Studio\2022\BuildTools\Common7\IDE\Remote Debugger\x86\Microsoft.DiaSymReader.PortablePdb.dll
[3c7c:000c][2026-05-10T01:35:58] Timestamp updated for file 'C:\Program Files (x86)\Microsoft Visual Studio\2022\BuildTools\Common7\IDE\Remote Debugger\x86\Microsoft.DiaSymReader.PortablePdb.dll'.
[3c7c:000c][2026-05-10T01:35:58] Processing file /Contents/Common7/IDE/Remote%20Debugger/x86/Microsoft.VisualStudio.Debugger.Interop.10.0.dll
[3c7c:000c][2026-05-10T01:35:58] Started: Copying file /Contents/Common7/IDE/Remote%20Debugger/x86/Microsoft.VisualStudio.Debugger.Interop.10.0.dll to C:\Program Files (x86)\Microsoft Visual Studio\2022\BuildTools\Common7\IDE\Remote Debugger\x86\Microsoft.VisualStudio.Debugger.Interop.10.0.dll
[3c7c:000c][2026-05-10T01:35:58] Completed: Copying file /Contents/Common7/IDE/Remote%20Debugger/x86/Microsoft.VisualStudio.Debugger.Interop.10.0.dll to C:\Program Files (x86)\Microsoft Visual Studio\2022\BuildTools\Common7\IDE\Remote Debugger\x86\Microsoft.VisualStudio.Debugger.Interop.10.0.dll
[3c7c:000c][2026-05-10T01:35:58] Timestamp updated for file 'C:\Program Files (x86)\Microsoft Visual Studio\2022\BuildTools\Common7\IDE\Remote Debugger\x86\Microsoft.VisualStudio.Debugger.Interop.10.0.dll'.
[3c7c:000c][2026-05-10T01:35:58] Processing file /Contents/Common7/IDE/Remote%20Debugger/x86/Microsoft.VisualStudio.Debugger.Interop.11.0.dll
[3c7c:000c][2026-05-10T01:35:58] Started: Copying file /Contents/Common7/IDE/Remote%20Debugger/x86/Microsoft.VisualStudio.Debugger.Interop.11.0.dll to C:\Program Files (x86)\Microsoft Visual Studio\2022\BuildTools\Common7\IDE\Remote Debugger\x86\Microsoft.VisualStudio.Debugger.Interop.11.0.dll
[3c7c:000c][2026-05-10T01:35:58] Completed: Copying file /Contents/Common7/IDE/Remote%20Debugger/x86/Microsoft.VisualStudio.Debugger.Interop.11.0.dll to C:\Program Files (x86)\Microsoft Visual Studio\2022\BuildTools\Common7\IDE\Remote Debugger\x86\Microsoft.VisualStudio.Debugger.Interop.11.0.dll
[3c7c:000c][2026-05-10T01:35:58] Timestamp updated for file 'C:\Program Files (x86)\Microsoft Visual Studio\2022\BuildTools\Common7\IDE\Remote Debugger\x86\Microsoft.VisualStudio.Debugger.Interop.11.0.dll'.
[3c7c:000c][2026-05-10T01:35:58] Processing file /Contents/Common7/IDE/Remote%20Debugger/x86/Microsoft.VisualStudio.Debugger.Interop.12.0.dll
[3c7c:000c][2026-05-10T01:35:58] Started: Copying file /Contents/Common7/IDE/Remote%20Debugger/x86/Microsoft.VisualStudio.Debugger.Interop.12.0.dll to C:\Program Files (x86)\Microsoft Visual Studio\2022\BuildTools\Common7\IDE\Remote Debugger\x86\Microsoft.VisualStudio.Debugger.Interop.12.0.dll
[3c7c:000c][2026-05-10T01:35:58] Completed: Copying file /Contents/Common7/IDE/Remote%20Debugger/x86/Microsoft.VisualStudio.Debugger.Interop.12.0.dll to C:\Program Files (x86)\Microsoft Visual Studio\2022\BuildTools\Common7\IDE\Remote Debugger\x86\Microsoft.VisualStudio.Debugger.Interop.12.0.dll
[3c7c:000c][2026-05-10T01:35:58] Timestamp updated for file 'C:\Program Files (x86)\Microsoft Visual Studio\2022\BuildTools\Common7\IDE\Remote Debugger\x86\Microsoft.VisualStudio.Debugger.Interop.12.0.dll'.
[3c7c:000c][2026-05-10T01:35:58] Processing file /Contents/Common7/IDE/Remote%20Debugger/x86/Microsoft.VisualStudio.Debugger.Interop.14.0.dll
[3c7c:000c][2026-05-10T01:35:58] Started: Copying file /Contents/Common7/IDE/Remote%20Debugger/x86/Microsoft.VisualStudio.Debugger.Interop.14.0.dll to C:\Program Files (x86)\Microsoft Visual Studio\2022\BuildTools\Common7\IDE\Remote Debugger\x86\Microsoft.VisualStudio.Debugger.Interop.14.0.dll
[3c7c:000c][2026-05-10T01:35:58] Completed: Copying file /Contents/Common7/IDE/Remote%20Debugger/x86/Microsoft.VisualStudio.Debugger.Interop.14.0.dll to C:\Program Files (x86)\Microsoft Visual Studio\2022\BuildTools\Common7\IDE\Remote Debugger\x86\Microsoft.VisualStudio.Debugger.Interop.14.0.dll
[3c7c:000c][2026-05-10T01:35:58] Timestamp updated for file 'C:\Program Files (x86)\Microsoft Visual Studio\2022\BuildTools\Common7\IDE\Remote Debugger\x86\Microsoft.VisualStudio.Debugger.Interop.14.0.dll'.
[3c7c:000c][2026-05-10T01:35:58] Processing file /Contents/Common7/IDE/Remote%20Debugger/x86/Microsoft.VisualStudio.Debugger.Interop.15.0.dll
[3c7c:000c][2026-05-10T01:35:58] Started: Copying file /Contents/Common7/IDE/Remote%20Debugger/x86/Microsoft.VisualStudio.Debugger.Interop.15.0.dll to C:\Program Files (x86)\Microsoft Visual Studio\2022\BuildTools\Common7\IDE\Remote Debugger\x86\Microsoft.VisualStudio.Debugger.Interop.15.0.dll
[3c7c:000c][2026-05-10T01:35:58] Completed: Copying file /Contents/Common7/IDE/Remote%20Debugger/x86/Microsoft.VisualStudio.Debugger.Interop.15.0.dll to C:\Program Files (x86)\Microsoft Visual Studio\2022\BuildTools\Common7\IDE\Remote Debugger\x86\Microsoft.VisualStudio.Debugger.Interop.15.0.dll
[3c7c:000c][2026-05-10T01:35:58] Timestamp updated for file 'C:\Program Files (x86)\Microsoft Visual Studio\2022\BuildTools\Common7\IDE\Remote Debugger\x86\Microsoft.VisualStudio.Debugger.Interop.15.0.dll'.
[3c7c:000c][2026-05-10T01:35:58] Processing file /Contents/Common7/IDE/Remote%20Debugger/x86/Microsoft.VisualStudio.Debugger.Interop.16.0.dll
[3c7c:000c][2026-05-10T01:35:58] Started: Copying file /Contents/Common7/IDE/Remote%20Debugger/x86/Microsoft.VisualStudio.Debugger.Interop.16.0.dll to C:\Program Files (x86)\Microsoft Visual Studio\2022\BuildTools\Common7\IDE\Remote Debugger\x86\Microsoft.VisualStudio.Debugger.Interop.16.0.dll
[3c7c:000c][2026-05-10T01:35:58] Completed: Copying file /Contents/Common7/IDE/Remote%20Debugger/x86/Microsoft.VisualStudio.Debugger.Interop.16.0.dll to C:\Program Files (x86)\Microsoft Visual Studio\2022\BuildTools\Common7\IDE\Remote Debugger\x86\Microsoft.VisualStudio.Debugger.Interop.16.0.dll
[3c7c:000c][2026-05-10T01:35:58] Timestamp updated for file 'C:\Program Files (x86)\Microsoft Visual Studio\2022\BuildTools\Common7\IDE\Remote Debugger\x86\Microsoft.VisualStudio.Debugger.Interop.16.0.dll'.
[3c7c:000c][2026-05-10T01:35:58] Processing file /Contents/Common7/IDE/Remote%20Debugger/x86/Microsoft.VisualStudio.Debugger.Interop.Internal.dll
[3c7c:000c][2026-05-10T01:35:58] Started: Copying file /Contents/Common7/IDE/Remote%20Debugger/x86/Microsoft.VisualStudio.Debugger.Interop.Internal.dll to C:\Program Files (x86)\Microsoft Visual Studio\2022\BuildTools\Common7\IDE\Remote Debugger\x86\Microsoft.VisualStudio.Debugger.Interop.Internal.dll
[3c7c:000c][2026-05-10T01:35:58] Completed: Copying file /Contents/Common7/IDE/Remote%20Debugger/x86/Microsoft.VisualStudio.Debugger.Interop.Internal.dll to C:\Program Files (x86)\Microsoft Visual Studio\2022\BuildTools\Common7\IDE\Remote Debugger\x86\Microsoft.VisualStudio.Debugger.Interop.Internal.dll
[3c7c:000c][2026-05-10T01:35:58] Timestamp updated for file 'C:\Program Files (x86)\Microsoft Visual Studio\2022\BuildTools\Common7\IDE\Remote Debugger\x86\Microsoft.VisualStudio.Debugger.Interop.Internal.dll'.
[3c7c:000c][2026-05-10T01:35:58] Processing file /Contents/Common7/IDE/Remote%20Debugger/x86/Microsoft.VisualStudio.Debugger.InteropA.dll
[3c7c:000c][2026-05-10T01:35:58] Started: Copying file /Contents/Common7/IDE/Remote%20Debugger/x86/Microsoft.VisualStudio.Debugger.InteropA.dll to C:\Program Files (x86)\Microsoft Visual Studio\2022\BuildTools\Common7\IDE\Remote Debugger\x86\Microsoft.VisualStudio.Debugger.InteropA.dll
[3c7c:000c][2026-05-10T01:35:58] Completed: Copying file /Contents/Common7/IDE/Remote%20Debugger/x86/Microsoft.VisualStudio.Debugger.InteropA.dll to C:\Program Files (x86)\Microsoft Visual Studio\2022\BuildTools\Common7\IDE\Remote Debugger\x86\Microsoft.VisualStudio.Debugger.InteropA.dll
[3c7c:000c][2026-05-10T01:35:58] Timestamp updated for file 'C:\Program Files (x86)\Microsoft Visual Studio\2022\BuildTools\Common7\IDE\Remote Debugger\x86\Microsoft.VisualStudio.Debugger.InteropA.dll'.
[3c7c:000c][2026-05-10T01:35:58] Processing file /Contents/Common7/IDE/Remote%20Debugger/x86/Microsoft.VisualStudio.Interop.dll
[3c7c:000c][2026-05-10T01:35:58] Started: Copying file /Contents/Common7/IDE/Remote%20Debugger/x86/Microsoft.VisualStudio.Interop.dll to C:\Program Files (x86)\Microsoft Visual Studio\2022\BuildTools\Common7\IDE\Remote Debugger\x86\Microsoft.VisualStudio.Interop.dll
[3c7c:000c][2026-05-10T01:35:58] Completed: Copying file /Contents/Common7/IDE/Remote%20Debugger/x86/Microsoft.VisualStudio.Interop.dll to C:\Program Files (x86)\Microsoft Visual Studio\2022\BuildTools\Common7\IDE\Remote Debugger\x86\Microsoft.VisualStudio.Interop.dll
[3c7c:000c][2026-05-10T01:35:58] Timestamp updated for file 'C:\Program Files (x86)\Microsoft Visual Studio\2022\BuildTools\Common7\IDE\Remote Debugger\x86\Microsoft.VisualStudio.Interop.dll'.
[3c7c:000c][2026-05-10T01:35:58] Processing file /Contents/Common7/IDE/Remote%20Debugger/x86/Microsoft.VisualStudio.OLE.Interop.dll
[3c7c:000c][2026-05-10T01:35:58] Started: Copying file /Contents/Common7/IDE/Remote%20Debugger/x86/Microsoft.VisualStudio.OLE.Interop.dll to C:\Program Files (x86)\Microsoft Visual Studio\2022\BuildTools\Common7\IDE\Remote Debugger\x86\Microsoft.VisualStudio.OLE.Interop.dll
[3c7c:000c][2026-05-10T01:35:58] Completed: Copying file /Contents/Common7/IDE/Remote%20Debugger/x86/Microsoft.VisualStudio.OLE.Interop.dll to C:\Program Files (x86)\Microsoft Visual Studio\2022\BuildTools\Common7\IDE\Remote Debugger\x86\Microsoft.VisualStudio.OLE.Interop.dll
[3c7c:000c][2026-05-10T01:35:58] Timestamp updated for file 'C:\Program Files (x86)\Microsoft Visual Studio\2022\BuildTools\Common7\IDE\Remote Debugger\x86\Microsoft.VisualStudio.OLE.Interop.dll'.
[3c7c:000c][2026-05-10T01:35:58] Processing file /Contents/Common7/IDE/Remote%20Debugger/x86/Microsoft.Win32.Registry.dll
[3c7c:000c][2026-05-10T01:35:58] Started: Copying file /Contents/Common7/IDE/Remote%20Debugger/x86/Microsoft.Win32.Registry.dll to C:\Program Files (x86)\Microsoft Visual Studio\2022\BuildTools\Common7\IDE\Remote Debugger\x86\Microsoft.Win32.Registry.dll
[3c7c:000c][2026-05-10T01:35:58] Completed: Copying file /Contents/Common7/IDE/Remote%20Debugger/x86/Microsoft.Win32.Registry.dll to C:\Program Files (x86)\Microsoft Visual Studio\2022\BuildTools\Common7\IDE\Remote Debugger\x86\Microsoft.Win32.Registry.dll
[3c7c:000c][2026-05-10T01:35:58] Timestamp updated for file 'C:\Program Files (x86)\Microsoft Visual Studio\2022\BuildTools\Common7\IDE\Remote Debugger\x86\Microsoft.Win32.Registry.dll'.
[3c7c:000c][2026-05-10T01:35:58] Processing file /Contents/Common7/IDE/Remote%20Debugger/x86/monomscordbi.dll
[3c7c:000c][2026-05-10T01:35:58] Started: Copying file /Contents/Common7/IDE/Remote%20Debugger/x86/monomscordbi.dll to C:\Program Files (x86)\Microsoft Visual Studio\2022\BuildTools\Common7\IDE\Remote Debugger\x86\monomscordbi.dll
[3c7c:000c][2026-05-10T01:35:58] Completed: Copying file /Contents/Common7/IDE/Remote%20Debugger/x86/monomscordbi.dll to C:\Program Files (x86)\Microsoft Visual Studio\2022\BuildTools\Common7\IDE\Remote Debugger\x86\monomscordbi.dll
[3c7c:000c][2026-05-10T01:35:58] Timestamp updated for file 'C:\Program Files (x86)\Microsoft Visual Studio\2022\BuildTools\Common7\IDE\Remote Debugger\x86\monomscordbi.dll'.
[3c7c:000c][2026-05-10T01:35:58] Processing file /Contents/Common7/IDE/Remote%20Debugger/x86/msdia140.dll
[3c7c:000c][2026-05-10T01:35:58] Started: Copying file /Contents/Common7/IDE/Remote%20Debugger/x86/msdia140.dll to C:\Program Files (x86)\Microsoft Visual Studio\2022\BuildTools\Common7\IDE\Remote Debugger\x86\msdia140.dll
[3c7c:000c][2026-05-10T01:35:58] Completed: Copying file /Contents/Common7/IDE/Remote%20Debugger/x86/msdia140.dll to C:\Program Files (x86)\Microsoft Visual Studio\2022\BuildTools\Common7\IDE\Remote Debugger\x86\msdia140.dll
[3c7c:000c][2026-05-10T01:35:58] Timestamp updated for file 'C:\Program Files (x86)\Microsoft Visual Studio\2022\BuildTools\Common7\IDE\Remote Debugger\x86\msdia140.dll'.
[3c7c:000c][2026-05-10T01:35:58] Processing file /Contents/Common7/IDE/Remote%20Debugger/x86/msvcdis140.dll
[3c7c:000c][2026-05-10T01:35:58] Started: Copying file /Contents/Common7/IDE/Remote%20Debugger/x86/msvcdis140.dll to C:\Program Files (x86)\Microsoft Visual Studio\2022\BuildTools\Common7\IDE\Remote Debugger\x86\msvcdis140.dll
[3c7c:000c][2026-05-10T01:35:58] Completed: Copying file /Contents/Common7/IDE/Remote%20Debugger/x86/msvcdis140.dll to C:\Program Files (x86)\Microsoft Visual Studio\2022\BuildTools\Common7\IDE\Remote Debugger\x86\msvcdis140.dll
[3c7c:000c][2026-05-10T01:35:58] Timestamp updated for file 'C:\Program Files (x86)\Microsoft Visual Studio\2022\BuildTools\Common7\IDE\Remote Debugger\x86\msvcdis140.dll'.
[3c7c:000c][2026-05-10T01:35:58] Processing file /Contents/Common7/IDE/Remote%20Debugger/x86/msvcp140.dll
[3c7c:000c][2026-05-10T01:35:58] Started: Copying file /Contents/Common7/IDE/Remote%20Debugger/x86/msvcp140.dll to C:\Program Files (x86)\Microsoft Visual Studio\2022\BuildTools\Common7\IDE\Remote Debugger\x86\msvcp140.dll
[3c7c:000c][2026-05-10T01:35:58] Completed: Copying file /Contents/Common7/IDE/Remote%20Debugger/x86/msvcp140.dll to C:\Program Files (x86)\Microsoft Visual Studio\2022\BuildTools\Common7\IDE\Remote Debugger\x86\msvcp140.dll
[3c7c:000c][2026-05-10T01:35:58] Timestamp updated for file 'C:\Program Files (x86)\Microsoft Visual Studio\2022\BuildTools\Common7\IDE\Remote Debugger\x86\msvcp140.dll'.
[3c7c:000c][2026-05-10T01:35:58] Processing file /Contents/Common7/IDE/Remote%20Debugger/x86/msvcp140_atomic_wait.dll
[3c7c:000c][2026-05-10T01:35:58] Started: Copying file /Contents/Common7/IDE/Remote%20Debugger/x86/msvcp140_atomic_wait.dll to C:\Program Files (x86)\Microsoft Visual Studio\2022\BuildTools\Common7\IDE\Remote Debugger\x86\msvcp140_atomic_wait.dll
[3c7c:000c][2026-05-10T01:35:58] Completed: Copying file /Contents/Common7/IDE/Remote%20Debugger/x86/msvcp140_atomic_wait.dll to C:\Program Files (x86)\Microsoft Visual Studio\2022\BuildTools\Common7\IDE\Remote Debugger\x86\msvcp140_atomic_wait.dll
[3c7c:000c][2026-05-10T01:35:58] Timestamp updated for file 'C:\Program Files (x86)\Microsoft Visual Studio\2022\BuildTools\Common7\IDE\Remote Debugger\x86\msvcp140_atomic_wait.dll'.
[3c7c:000c][2026-05-10T01:35:58] Processing file /Contents/Common7/IDE/Remote%20Debugger/x86/msvsmon.exe
[3c7c:000c][2026-05-10T01:35:58] Started: Copying file /Contents/Common7/IDE/Remote%20Debugger/x86/msvsmon.exe to C:\Program Files (x86)\Microsoft Visual Studio\2022\BuildTools\Common7\IDE\Remote Debugger\x86\msvsmon.exe
[3c7c:000c][2026-05-10T01:35:58] Completed: Copying file /Contents/Common7/IDE/Remote%20Debugger/x86/msvsmon.exe to C:\Program Files (x86)\Microsoft Visual Studio\2022\BuildTools\Common7\IDE\Remote Debugger\x86\msvsmon.exe
[3c7c:000c][2026-05-10T01:35:58] Timestamp updated for file 'C:\Program Files (x86)\Microsoft Visual Studio\2022\BuildTools\Common7\IDE\Remote Debugger\x86\msvsmon.exe'.
[3c7c:000c][2026-05-10T01:35:58] Processing file /Contents/Common7/IDE/Remote%20Debugger/x86/msvsmon.exe.config
[3c7c:000c][2026-05-10T01:35:58] Started: Copying file /Contents/Common7/IDE/Remote%20Debugger/x86/msvsmon.exe.config to C:\Program Files (x86)\Microsoft Visual Studio\2022\BuildTools\Common7\IDE\Remote Debugger\x86\msvsmon.exe.config
[3c7c:000c][2026-05-10T01:35:58] Completed: Copying file /Contents/Common7/IDE/Remote%20Debugger/x86/msvsmon.exe.config to C:\Program Files (x86)\Microsoft Visual Studio\2022\BuildTools\Common7\IDE\Remote Debugger\x86\msvsmon.exe.config
[3c7c:000c][2026-05-10T01:35:58] Timestamp updated for file 'C:\Program Files (x86)\Microsoft Visual Studio\2022\BuildTools\Common7\IDE\Remote Debugger\x86\msvsmon.exe.config'.
[3c7c:000c][2026-05-10T01:35:58] Processing file /Contents/Common7/IDE/Remote%20Debugger/x86/msvsmon.html
[3c7c:000c][2026-05-10T01:35:58] Started: Copying file /Contents/Common7/IDE/Remote%20Debugger/x86/msvsmon.html to C:\Program Files (x86)\Microsoft Visual Studio\2022\BuildTools\Common7\IDE\Remote Debugger\x86\msvsmon.html
[3c7c:000c][2026-05-10T01:35:58] Completed: Copying file /Contents/Common7/IDE/Remote%20Debugger/x86/msvsmon.html to C:\Program Files (x86)\Microsoft Visual Studio\2022\BuildTools\Common7\IDE\Remote Debugger\x86\msvsmon.html
[3c7c:000c][2026-05-10T01:35:58] Timestamp updated for file 'C:\Program Files (x86)\Microsoft Visual Studio\2022\BuildTools\Common7\IDE\Remote Debugger\x86\msvsmon.html'.
[3c7c:000c][2026-05-10T01:35:58] Processing file /Contents/Common7/IDE/Remote%20Debugger/x86/netstandard.dll
[3c7c:000c][2026-05-10T01:35:58] Started: Copying file /Contents/Common7/IDE/Remote%20Debugger/x86/netstandard.dll to C:\Program Files (x86)\Microsoft Visual Studio\2022\BuildTools\Common7\IDE\Remote Debugger\x86\netstandard.dll
[3c7c:000c][2026-05-10T01:35:58] Completed: Copying file /Contents/Common7/IDE/Remote%20Debugger/x86/netstandard.dll to C:\Program Files (x86)\Microsoft Visual Studio\2022\BuildTools\Common7\IDE\Remote Debugger\x86\netstandard.dll
[3c7c:000c][2026-05-10T01:35:58] Timestamp updated for file 'C:\Program Files (x86)\Microsoft Visual Studio\2022\BuildTools\Common7\IDE\Remote Debugger\x86\netstandard.dll'.
[3c7c:000c][2026-05-10T01:35:58] Processing file /Contents/Common7/IDE/Remote%20Debugger/x86/PfxTaskProvider.dll
[3c7c:000c][2026-05-10T01:35:58] Started: Copying file /Contents/Common7/IDE/Remote%20Debugger/x86/PfxTaskProvider.dll to C:\Program Files (x86)\Microsoft Visual Studio\2022\BuildTools\Common7\IDE\Remote Debugger\x86\PfxTaskProvider.dll
[3c7c:000c][2026-05-10T01:35:58] Completed: Copying file /Contents/Common7/IDE/Remote%20Debugger/x86/PfxTaskProvider.dll to C:\Program Files (x86)\Microsoft Visual Studio\2022\BuildTools\Common7\IDE\Remote Debugger\x86\PfxTaskProvider.dll
[3c7c:000c][2026-05-10T01:35:58] Timestamp updated for file 'C:\Program Files (x86)\Microsoft Visual Studio\2022\BuildTools\Common7\IDE\Remote Debugger\x86\PfxTaskProvider.dll'.
[3c7c:000c][2026-05-10T01:35:58] Processing file /Contents/Common7/IDE/Remote%20Debugger/x86/symbollocator.dll
[3c7c:000c][2026-05-10T01:35:58] Started: Copying file /Contents/Common7/IDE/Remote%20Debugger/x86/symbollocator.dll to C:\Program Files (x86)\Microsoft Visual Studio\2022\BuildTools\Common7\IDE\Remote Debugger\x86\symbollocator.dll
[3c7c:000c][2026-05-10T01:35:58] Completed: Copying file /Contents/Common7/IDE/Remote%20Debugger/x86/symbollocator.dll to C:\Program Files (x86)\Microsoft Visual Studio\2022\BuildTools\Common7\IDE\Remote Debugger\x86\symbollocator.dll
[3c7c:000c][2026-05-10T01:35:58] Timestamp updated for file 'C:\Program Files (x86)\Microsoft Visual Studio\2022\BuildTools\Common7\IDE\Remote Debugger\x86\symbollocator.dll'.
[3c7c:000c][2026-05-10T01:35:58] Processing file /Contents/Common7/IDE/Remote%20Debugger/x86/symsrv.dll
[3c7c:000c][2026-05-10T01:35:58] Started: Copying file /Contents/Common7/IDE/Remote%20Debugger/x86/symsrv.dll to C:\Program Files (x86)\Microsoft Visual Studio\2022\BuildTools\Common7\IDE\Remote Debugger\x86\symsrv.dll
[3c7c:000c][2026-05-10T01:35:58] Completed: Copying file /Contents/Common7/IDE/Remote%20Debugger/x86/symsrv.dll to C:\Program Files (x86)\Microsoft Visual Studio\2022\BuildTools\Common7\IDE\Remote Debugger\x86\symsrv.dll
[3c7c:000c][2026-05-10T01:35:58] Timestamp updated for file 'C:\Program Files (x86)\Microsoft Visual Studio\2022\BuildTools\Common7\IDE\Remote Debugger\x86\symsrv.dll'.
[3c7c:000c][2026-05-10T01:35:58] Processing file /Contents/Common7/IDE/Remote%20Debugger/x86/symsrv.yes
[3c7c:000c][2026-05-10T01:35:58] Started: Copying file /Contents/Common7/IDE/Remote%20Debugger/x86/symsrv.yes to C:\Program Files (x86)\Microsoft Visual Studio\2022\BuildTools\Common7\IDE\Remote Debugger\x86\symsrv.yes
[3c7c:000c][2026-05-10T01:35:58] Completed: Copying file /Contents/Common7/IDE/Remote%20Debugger/x86/symsrv.yes to C:\Program Files (x86)\Microsoft Visual Studio\2022\BuildTools\Common7\IDE\Remote Debugger\x86\symsrv.yes
[3c7c:000c][2026-05-10T01:35:58] Timestamp updated for file 'C:\Program Files (x86)\Microsoft Visual Studio\2022\BuildTools\Common7\IDE\Remote Debugger\x86\symsrv.yes'.
[3c7c:000c][2026-05-10T01:35:58] Processing file /Contents/Common7/IDE/Remote%20Debugger/x86/System.Buffers.dll
[3c7c:000c][2026-05-10T01:35:58] Started: Copying file /Contents/Common7/IDE/Remote%20Debugger/x86/System.Buffers.dll to C:\Program Files (x86)\Microsoft Visual Studio\2022\BuildTools\Common7\IDE\Remote Debugger\x86\System.Buffers.dll
[3c7c:000c][2026-05-10T01:35:58] Completed: Copying file /Contents/Common7/IDE/Remote%20Debugger/x86/System.Buffers.dll to C:\Program Files (x86)\Microsoft Visual Studio\2022\BuildTools\Common7\IDE\Remote Debugger\x86\System.Buffers.dll
[3c7c:000c][2026-05-10T01:35:58] Timestamp updated for file 'C:\Program Files (x86)\Microsoft Visual Studio\2022\BuildTools\Common7\IDE\Remote Debugger\x86\System.Buffers.dll'.
[3c7c:000c][2026-05-10T01:35:58] Processing file /Contents/Common7/IDE/Remote%20Debugger/x86/System.Collections.Immutable.dll
[3c7c:000c][2026-05-10T01:35:58] Started: Copying file /Contents/Common7/IDE/Remote%20Debugger/x86/System.Collections.Immutable.dll to C:\Program Files (x86)\Microsoft Visual Studio\2022\BuildTools\Common7\IDE\Remote Debugger\x86\System.Collections.Immutable.dll
[3c7c:000c][2026-05-10T01:35:58] Completed: Copying file /Contents/Common7/IDE/Remote%20Debugger/x86/System.Collections.Immutable.dll to C:\Program Files (x86)\Microsoft Visual Studio\2022\BuildTools\Common7\IDE\Remote Debugger\x86\System.Collections.Immutable.dll
[3c7c:000c][2026-05-10T01:35:58] Timestamp updated for file 'C:\Program Files (x86)\Microsoft Visual Studio\2022\BuildTools\Common7\IDE\Remote Debugger\x86\System.Collections.Immutable.dll'.
[3c7c:000c][2026-05-10T01:35:58] Processing file /Contents/Common7/IDE/Remote%20Debugger/x86/System.Memory.dll
[3c7c:000c][2026-05-10T01:35:58] Started: Copying file /Contents/Common7/IDE/Remote%20Debugger/x86/System.Memory.dll to C:\Program Files (x86)\Microsoft Visual Studio\2022\BuildTools\Common7\IDE\Remote Debugger\x86\System.Memory.dll
[3c7c:000c][2026-05-10T01:35:58] Completed: Copying file /Contents/Common7/IDE/Remote%20Debugger/x86/System.Memory.dll to C:\Program Files (x86)\Microsoft Visual Studio\2022\BuildTools\Common7\IDE\Remote Debugger\x86\System.Memory.dll
[3c7c:000c][2026-05-10T01:35:58] Timestamp updated for file 'C:\Program Files (x86)\Microsoft Visual Studio\2022\BuildTools\Common7\IDE\Remote Debugger\x86\System.Memory.dll'.
[3c7c:000c][2026-05-10T01:35:58] Processing file /Contents/Common7/IDE/Remote%20Debugger/x86/System.Numerics.Vectors.dll
[3c7c:000c][2026-05-10T01:35:58] Started: Copying file /Contents/Common7/IDE/Remote%20Debugger/x86/System.Numerics.Vectors.dll to C:\Program Files (x86)\Microsoft Visual Studio\2022\BuildTools\Common7\IDE\Remote Debugger\x86\System.Numerics.Vectors.dll
[3c7c:000c][2026-05-10T01:35:58] Completed: Copying file /Contents/Common7/IDE/Remote%20Debugger/x86/System.Numerics.Vectors.dll to C:\Program Files (x86)\Microsoft Visual Studio\2022\BuildTools\Common7\IDE\Remote Debugger\x86\System.Numerics.Vectors.dll
[3c7c:000c][2026-05-10T01:35:58] Timestamp updated for file 'C:\Program Files (x86)\Microsoft Visual Studio\2022\BuildTools\Common7\IDE\Remote Debugger\x86\System.Numerics.Vectors.dll'.
[3c7c:000c][2026-05-10T01:35:58] Processing file /Contents/Common7/IDE/Remote%20Debugger/x86/System.Reflection.Metadata.dll
[3c7c:000c][2026-05-10T01:35:58] Started: Copying file /Contents/Common7/IDE/Remote%20Debugger/x86/System.Reflection.Metadata.dll to C:\Program Files (x86)\Microsoft Visual Studio\2022\BuildTools\Common7\IDE\Remote Debugger\x86\System.Reflection.Metadata.dll
[3c7c:000c][2026-05-10T01:35:58] Completed: Copying file /Contents/Common7/IDE/Remote%20Debugger/x86/System.Reflection.Metadata.dll to C:\Program Files (x86)\Microsoft Visual Studio\2022\BuildTools\Common7\IDE\Remote Debugger\x86\System.Reflection.Metadata.dll
[3c7c:000c][2026-05-10T01:35:58] Timestamp updated for file 'C:\Program Files (x86)\Microsoft Visual Studio\2022\BuildTools\Common7\IDE\Remote Debugger\x86\System.Reflection.Metadata.dll'.
[3c7c:000c][2026-05-10T01:35:58] Processing file /Contents/Common7/IDE/Remote%20Debugger/x86/System.Runtime.CompilerServices.Unsafe.dll
[3c7c:000c][2026-05-10T01:35:58] Started: Copying file /Contents/Common7/IDE/Remote%20Debugger/x86/System.Runtime.CompilerServices.Unsafe.dll to C:\Program Files (x86)\Microsoft Visual Studio\2022\BuildTools\Common7\IDE\Remote Debugger\x86\System.Runtime.CompilerServices.Unsafe.dll
[3c7c:000c][2026-05-10T01:35:58] Completed: Copying file /Contents/Common7/IDE/Remote%20Debugger/x86/System.Runtime.CompilerServices.Unsafe.dll to C:\Program Files (x86)\Microsoft Visual Studio\2022\BuildTools\Common7\IDE\Remote Debugger\x86\System.Runtime.CompilerServices.Unsafe.dll
[3c7c:000c][2026-05-10T01:35:58] Timestamp updated for file 'C:\Program Files (x86)\Microsoft Visual Studio\2022\BuildTools\Common7\IDE\Remote Debugger\x86\System.Runtime.CompilerServices.Unsafe.dll'.
[3c7c:000c][2026-05-10T01:35:58] Processing file /Contents/Common7/IDE/Remote%20Debugger/x86/System.Runtime.InteropServices.RuntimeInformation.dll
[3c7c:000c][2026-05-10T01:35:58] Started: Copying file /Contents/Common7/IDE/Remote%20Debugger/x86/System.Runtime.InteropServices.RuntimeInformation.dll to C:\Program Files (x86)\Microsoft Visual Studio\2022\BuildTools\Common7\IDE\Remote Debugger\x86\System.Runtime.InteropServices.RuntimeInformation.dll
[3c7c:000c][2026-05-10T01:35:58] Completed: Copying file /Contents/Common7/IDE/Remote%20Debugger/x86/System.Runtime.InteropServices.RuntimeInformation.dll to C:\Program Files (x86)\Microsoft Visual Studio\2022\BuildTools\Common7\IDE\Remote Debugger\x86\System.Runtime.InteropServices.RuntimeInformation.dll
[3c7c:000c][2026-05-10T01:35:58] Timestamp updated for file 'C:\Program Files (x86)\Microsoft Visual Studio\2022\BuildTools\Common7\IDE\Remote Debugger\x86\System.Runtime.InteropServices.RuntimeInformation.dll'.
[3c7c:000c][2026-05-10T01:35:58] Processing file /Contents/Common7/IDE/Remote%20Debugger/x86/ucrtbase.dll
[3c7c:000c][2026-05-10T01:35:58] Started: Copying file /Contents/Common7/IDE/Remote%20Debugger/x86/ucrtbase.dll to C:\Program Files (x86)\Microsoft Visual Studio\2022\BuildTools\Common7\IDE\Remote Debugger\x86\ucrtbase.dll
[3c7c:000c][2026-05-10T01:35:58] Completed: Copying file /Contents/Common7/IDE/Remote%20Debugger/x86/ucrtbase.dll to C:\Program Files (x86)\Microsoft Visual Studio\2022\BuildTools\Common7\IDE\Remote Debugger\x86\ucrtbase.dll
[3c7c:000c][2026-05-10T01:35:58] Timestamp updated for file 'C:\Program Files (x86)\Microsoft Visual Studio\2022\BuildTools\Common7\IDE\Remote Debugger\x86\ucrtbase.dll'.
[3c7c:000c][2026-05-10T01:35:58] Processing file /Contents/Common7/IDE/Remote%20Debugger/x86/vcruntime140.dll
[3c7c:000c][2026-05-10T01:35:58] Started: Copying file /Contents/Common7/IDE/Remote%20Debugger/x86/vcruntime140.dll to C:\Program Files (x86)\Microsoft Visual Studio\2022\BuildTools\Common7\IDE\Remote Debugger\x86\vcruntime140.dll
[3c7c:000c][2026-05-10T01:35:58] Completed: Copying file /Contents/Common7/IDE/Remote%20Debugger/x86/vcruntime140.dll to C:\Program Files (x86)\Microsoft Visual Studio\2022\BuildTools\Common7\IDE\Remote Debugger\x86\vcruntime140.dll
[3c7c:000c][2026-05-10T01:35:58] Timestamp updated for file 'C:\Program Files (x86)\Microsoft Visual Studio\2022\BuildTools\Common7\IDE\Remote Debugger\x86\vcruntime140.dll'.
[3c7c:000c][2026-05-10T01:35:58] Package executed successfully. Return code: 0
