[3c7c:000c][2026-05-10T01:36:01] Opening the package for processing
[3c7c:000c][2026-05-10T01:36:01] Using package payload to get the embedded manifest
[3c7c:000c][2026-05-10T01:36:01] Getting list of files within the package
[3c7c:000c][2026-05-10T01:36:01] Processing file /Contents/Common7/IDE/VC/vcpackages/1033/autolaytui.dll
[3c7c:000c][2026-05-10T01:36:01] Started: Copying file /Contents/Common7/IDE/VC/vcpackages/1033/autolaytui.dll to C:\Program Files (x86)\Microsoft Visual Studio\2022\BuildTools\Common7\IDE\VC\vcpackages\1033\autolaytui.dll
[3c7c:000c][2026-05-10T01:36:01] Completed: Copying file /Contents/Common7/IDE/VC/vcpackages/1033/autolaytui.dll to C:\Program Files (x86)\Microsoft Visual Studio\2022\BuildTools\Common7\IDE\VC\vcpackages\1033\autolaytui.dll
[3c7c:000c][2026-05-10T01:36:01] Timestamp updated for file 'C:\Program Files (x86)\Microsoft Visual Studio\2022\BuildTools\Common7\IDE\VC\vcpackages\1033\autolaytui.dll'.
[3c7c:000c][2026-05-10T01:36:01] Processing file /Contents/Common7/IDE/VC/vcpackages/1033/rcxdtiui.dll
[3c7c:000c][2026-05-10T01:36:01] Started: Copying file /Contents/Common7/IDE/VC/vcpackages/1033/rcxdtiui.dll to C:\Program Files (x86)\Microsoft Visual Studio\2022\BuildTools\Common7\IDE\VC\vcpackages\1033\rcxdtiui.dll
[3c7c:000c][2026-05-10T01:36:01] Completed: Copying file /Contents/Common7/IDE/VC/vcpackages/1033/rcxdtiui.dll to C:\Program Files (x86)\Microsoft Visual Studio\2022\BuildTools\Common7\IDE\VC\vcpackages\1033\rcxdtiui.dll
[3c7c:000c][2026-05-10T01:36:01] Timestamp updated for file 'C:\Program Files (x86)\Microsoft Visual Studio\2022\BuildTools\Common7\IDE\VC\vcpackages\1033\rcxdtiui.dll'.
[3c7c:000c][2026-05-10T01:36:01] Processing file /Contents/Common7/IDE/VC/vcpackages/1033/reseditui.dll
[3c7c:000c][2026-05-10T01:36:01] Started: Copying file /Contents/Common7/IDE/VC/vcpackages/1033/reseditui.dll to C:\Program Files (x86)\Microsoft Visual Studio\2022\BuildTools\Common7\IDE\VC\vcpackages\1033\reseditui.dll
[3c7c:000c][2026-05-10T01:36:01] Completed: Copying file /Contents/Common7/IDE/VC/vcpackages/1033/reseditui.dll to C:\Program Files (x86)\Microsoft Visual Studio\2022\BuildTools\Common7\IDE\VC\vcpackages\1033\reseditui.dll
[3c7c:000c][2026-05-10T01:36:01] Timestamp updated for file 'C:\Program Files (x86)\Microsoft Visual Studio\2022\BuildTools\Common7\IDE\VC\vcpackages\1033\reseditui.dll'.
[3c7c:000c][2026-05-10T01:36:01] Processing file /Contents/Common7/IDE/VC/VCResourceTemplates/1033/mfc.rct
[3c7c:000c][2026-05-10T01:36:01] Started: Copying file /Contents/Common7/IDE/VC/VCResourceTemplates/1033/mfc.rct to C:\Program Files (x86)\Microsoft Visual Studio\2022\BuildTools\Common7\IDE\VC\VCResourceTemplates\1033\mfc.rct
[3c7c:000c][2026-05-10T01:36:01] Completed: Copying file /Contents/Common7/IDE/VC/VCResourceTemplates/1033/mfc.rct to C:\Program Files (x86)\Microsoft Visual Studio\2022\BuildTools\Common7\IDE\VC\VCResourceTemplates\1033\mfc.rct
[3c7c:000c][2026-05-10T01:36:01] Timestamp updated for file 'C:\Program Files (x86)\Microsoft Visual Studio\2022\BuildTools\Common7\IDE\VC\VCResourceTemplates\1033\mfc.rct'.
[3c7c:000c][2026-05-10T01:36:01] Package executed successfully. Return code: 0
