[3474:0009][2026-05-10T01:46:03] Using cached package manifest as the embedded manifest
[3474:0009][2026-05-10T01:46:03] Processing file /extension.vsixmanifest
[3474:0009][2026-05-10T01:46:03] D:\Program Files (x86)\Microsoft Visual Studio\2022\BuildTools\Common7\IDE\CommonExtensions\Microsoft\CallHierarchy\extension.vsixmanifest file deleted.
[3474:0009][2026-05-10T01:46:03] Processing file /Microsoft.VisualStudio.Language.CallHierarchy.dll
[3474:0009][2026-05-10T01:46:03] D:\Program Files (x86)\Microsoft Visual Studio\2022\BuildTools\Common7\IDE\CommonExtensions\Microsoft\CallHierarchy\Microsoft.VisualStudio.Language.CallHierarchy.dll file deleted.
[3474:0009][2026-05-10T01:46:03] Processing file /Microsoft.VisualStudio.Platform.CallHierarchy.pkgdef
[3474:0009][2026-05-10T01:46:03] D:\Program Files (x86)\Microsoft Visual Studio\2022\BuildTools\Common7\IDE\CommonExtensions\Microsoft\CallHierarchy\Microsoft.VisualStudio.Platform.CallHierarchy.pkgdef file deleted.
[3474:0009][2026-05-10T01:46:03] Processing file /Microsoft.VisualStudio.Language.CallHierarchy.Implementation.dll
[3474:0009][2026-05-10T01:46:03] D:\Program Files (x86)\Microsoft Visual Studio\2022\BuildTools\Common7\IDE\CommonExtensions\Microsoft\CallHierarchy\Microsoft.VisualStudio.Language.CallHierarchy.Implementation.dll file deleted.
[3474:0009][2026-05-10T01:46:03] Processing file /zh-Hans/Microsoft.VisualStudio.Language.CallHierarchy.Implementation.resources.dll
[3474:0009][2026-05-10T01:46:03] D:\Program Files (x86)\Microsoft Visual Studio\2022\BuildTools\Common7\IDE\CommonExtensions\Microsoft\CallHierarchy\zh-Hans\Microsoft.VisualStudio.Language.CallHierarchy.Implementation.resources.dll file deleted.
[3474:0009][2026-05-10T01:46:03] Processing file /zh-Hant/Microsoft.VisualStudio.Language.CallHierarchy.Implementation.resources.dll
[3474:0009][2026-05-10T01:46:03] D:\Program Files (x86)\Microsoft Visual Studio\2022\BuildTools\Common7\IDE\CommonExtensions\Microsoft\CallHierarchy\zh-Hant\Microsoft.VisualStudio.Language.CallHierarchy.Implementation.resources.dll file deleted.
[3474:0009][2026-05-10T01:46:03] Processing file /de/Microsoft.VisualStudio.Language.CallHierarchy.Implementation.resources.dll
[3474:0009][2026-05-10T01:46:03] D:\Program Files (x86)\Microsoft Visual Studio\2022\BuildTools\Common7\IDE\CommonExtensions\Microsoft\CallHierarchy\de\Microsoft.VisualStudio.Language.CallHierarchy.Implementation.resources.dll file deleted.
[3474:0009][2026-05-10T01:46:03] Processing file /es/Microsoft.VisualStudio.Language.CallHierarchy.Implementation.resources.dll
[3474:0009][2026-05-10T01:46:03] D:\Program Files (x86)\Microsoft Visual Studio\2022\BuildTools\Common7\IDE\CommonExtensions\Microsoft\CallHierarchy\es\Microsoft.VisualStudio.Language.CallHierarchy.Implementation.resources.dll file deleted.
[3474:0009][2026-05-10T01:46:03] Processing file /fr/Microsoft.VisualStudio.Language.CallHierarchy.Implementation.resources.dll
[3474:0009][2026-05-10T01:46:03] D:\Program Files (x86)\Microsoft Visual Studio\2022\BuildTools\Common7\IDE\CommonExtensions\Microsoft\CallHierarchy\fr\Microsoft.VisualStudio.Language.CallHierarchy.Implementation.resources.dll file deleted.
[3474:0009][2026-05-10T01:46:03] Processing file /it/Microsoft.VisualStudio.Language.CallHierarchy.Implementation.resources.dll
[3474:0009][2026-05-10T01:46:03] D:\Program Files (x86)\Microsoft Visual Studio\2022\BuildTools\Common7\IDE\CommonExtensions\Microsoft\CallHierarchy\it\Microsoft.VisualStudio.Language.CallHierarchy.Implementation.resources.dll file deleted.
[3474:0009][2026-05-10T01:46:03] Processing file /ja/Microsoft.VisualStudio.Language.CallHierarchy.Implementation.resources.dll
[3474:0009][2026-05-10T01:46:03] D:\Program Files (x86)\Microsoft Visual Studio\2022\BuildTools\Common7\IDE\CommonExtensions\Microsoft\CallHierarchy\ja\Microsoft.VisualStudio.Language.CallHierarchy.Implementation.resources.dll file deleted.
[3474:0009][2026-05-10T01:46:03] Processing file /ko/Microsoft.VisualStudio.Language.CallHierarchy.Implementation.resources.dll
[3474:0009][2026-05-10T01:46:03] D:\Program Files (x86)\Microsoft Visual Studio\2022\BuildTools\Common7\IDE\CommonExtensions\Microsoft\CallHierarchy\ko\Microsoft.VisualStudio.Language.CallHierarchy.Implementation.resources.dll file deleted.
[3474:0009][2026-05-10T01:46:03] Processing file /ru/Microsoft.VisualStudio.Language.CallHierarchy.Implementation.resources.dll
[3474:0009][2026-05-10T01:46:03] D:\Program Files (x86)\Microsoft Visual Studio\2022\BuildTools\Common7\IDE\CommonExtensions\Microsoft\CallHierarchy\ru\Microsoft.VisualStudio.Language.CallHierarchy.Implementation.resources.dll file deleted.
[3474:0009][2026-05-10T01:46:03] Processing file /cs/Microsoft.VisualStudio.Language.CallHierarchy.Implementation.resources.dll
[3474:0009][2026-05-10T01:46:03] D:\Program Files (x86)\Microsoft Visual Studio\2022\BuildTools\Common7\IDE\CommonExtensions\Microsoft\CallHierarchy\cs\Microsoft.VisualStudio.Language.CallHierarchy.Implementation.resources.dll file deleted.
[3474:0009][2026-05-10T01:46:03] Processing file /pt-BR/Microsoft.VisualStudio.Language.CallHierarchy.Implementation.resources.dll
[3474:0009][2026-05-10T01:46:03] D:\Program Files (x86)\Microsoft Visual Studio\2022\BuildTools\Common7\IDE\CommonExtensions\Microsoft\CallHierarchy\pt-BR\Microsoft.VisualStudio.Language.CallHierarchy.Implementation.resources.dll file deleted.
[3474:0009][2026-05-10T01:46:03] Processing file /pl/Microsoft.VisualStudio.Language.CallHierarchy.Implementation.resources.dll
[3474:0009][2026-05-10T01:46:03] D:\Program Files (x86)\Microsoft Visual Studio\2022\BuildTools\Common7\IDE\CommonExtensions\Microsoft\CallHierarchy\pl\Microsoft.VisualStudio.Language.CallHierarchy.Implementation.resources.dll file deleted.
[3474:0009][2026-05-10T01:46:03] Processing file /tr/Microsoft.VisualStudio.Language.CallHierarchy.Implementation.resources.dll
[3474:0009][2026-05-10T01:46:03] D:\Program Files (x86)\Microsoft Visual Studio\2022\BuildTools\Common7\IDE\CommonExtensions\Microsoft\CallHierarchy\tr\Microsoft.VisualStudio.Language.CallHierarchy.Implementation.resources.dll file deleted.
[3474:0009][2026-05-10T01:46:03] Processing file /manifest.json
[3474:0009][2026-05-10T01:46:03] D:\Program Files (x86)\Microsoft Visual Studio\2022\BuildTools\Common7\IDE\CommonExtensions\Microsoft\CallHierarchy\manifest.json file deleted.
[3474:0009][2026-05-10T01:46:03] Processing file /catalog.json
[3474:0009][2026-05-10T01:46:03] D:\Program Files (x86)\Microsoft Visual Studio\2022\BuildTools\Common7\IDE\CommonExtensions\Microsoft\CallHierarchy\catalog.json file deleted.
[3474:0009][2026-05-10T01:46:03] Started: Deleting empty directories
[3474:0009][2026-05-10T01:46:03] Completed: Deleting empty directories
[3474:0009][2026-05-10T01:46:03] Package executed successfully. Return code: 0
