[3474:0009][2026-05-10T01:46:18] Using cached package manifest as the embedded manifest
[3474:0009][2026-05-10T01:46:18] Processing file /Contents/Common7/IDE/Microsoft.VisualStudio.ExtensionEngineContract.dll
[3474:0009][2026-05-10T01:46:18] D:\Program Files (x86)\Microsoft Visual Studio\2022\BuildTools\Common7\IDE\Microsoft.VisualStudio.ExtensionEngineContract.dll file deleted.
[3474:0009][2026-05-10T01:46:18] Processing file /Contents/Common7/IDE/VSHiveStub.exe
[3474:0009][2026-05-10T01:46:18] D:\Program Files (x86)\Microsoft Visual Studio\2022\BuildTools\Common7\IDE\VSHiveStub.exe file deleted.
[3474:0009][2026-05-10T01:46:18] Processing file /Contents/Common7/ServiceHub/Services/ExtensionManager/extensionManager.servicehub.service.json
[3474:0009][2026-05-10T01:46:18] D:\Program Files (x86)\Microsoft Visual Studio\2022\BuildTools\Common7\ServiceHub\Services\ExtensionManager\extensionManager.servicehub.service.json file deleted.
[3474:0009][2026-05-10T01:46:18] Processing file /Contents/Common7/ServiceHub/Services/ExtensionManager/Microsoft.VisualStudio.Shell.Framework.dll
[3474:0009][2026-05-10T01:46:18] D:\Program Files (x86)\Microsoft Visual Studio\2022\BuildTools\Common7\ServiceHub\Services\ExtensionManager\Microsoft.VisualStudio.Shell.Framework.dll file deleted.
[3474:0009][2026-05-10T01:46:18] Processing file /Contents/Common7/ServiceHub/Services/ExtensionManager/Microsoft.Internal.VisualStudio.Interop.dll
[3474:0009][2026-05-10T01:46:18] D:\Program Files (x86)\Microsoft Visual Studio\2022\BuildTools\Common7\ServiceHub\Services\ExtensionManager\Microsoft.Internal.VisualStudio.Interop.dll file deleted.
[3474:0009][2026-05-10T01:46:18] Processing file /Contents/Common7/ServiceHub/Services/ExtensionManager/Microsoft.VisualStudio.Interop.dll
[3474:0009][2026-05-10T01:46:18] D:\Program Files (x86)\Microsoft Visual Studio\2022\BuildTools\Common7\ServiceHub\Services\ExtensionManager\Microsoft.VisualStudio.Interop.dll file deleted.
[3474:0009][2026-05-10T01:46:18] Processing file /Contents/Common7/ServiceHub/Services/ExtensionManager/Microsoft.VisualStudio.Shell.15.0.dll
[3474:0009][2026-05-10T01:46:18] D:\Program Files (x86)\Microsoft Visual Studio\2022\BuildTools\Common7\ServiceHub\Services\ExtensionManager\Microsoft.VisualStudio.Shell.15.0.dll file deleted.
[3474:0009][2026-05-10T01:46:18] Processing file /Contents/Common7/ServiceHub/Services/ExtensionManager/Microsoft.VisualStudio.Setup.Common.dll
[3474:0009][2026-05-10T01:46:18] D:\Program Files (x86)\Microsoft Visual Studio\2022\BuildTools\Common7\ServiceHub\Services\ExtensionManager\Microsoft.VisualStudio.Setup.Common.dll file deleted.
[3474:0009][2026-05-10T01:46:18] Processing file /Contents/Common7/ServiceHub/Services/ExtensionManager/Microsoft.VisualStudio.Setup.Configuration.Interop.dll
[3474:0009][2026-05-10T01:46:18] D:\Program Files (x86)\Microsoft Visual Studio\2022\BuildTools\Common7\ServiceHub\Services\ExtensionManager\Microsoft.VisualStudio.Setup.Configuration.Interop.dll file deleted.
[3474:0009][2026-05-10T01:46:18] Processing file /Contents/Common7/ServiceHub/Services/ExtensionManager/Microsoft.VisualStudio.Setup.dll
[3474:0009][2026-05-10T01:46:18] D:\Program Files (x86)\Microsoft Visual Studio\2022\BuildTools\Common7\ServiceHub\Services\ExtensionManager\Microsoft.VisualStudio.Setup.dll file deleted.
[3474:0009][2026-05-10T01:46:18] Processing file /Contents/Common7/ServiceHub/Services/ExtensionManager/Microsoft.VisualStudio.Setup.Download.dll
[3474:0009][2026-05-10T01:46:18] D:\Program Files (x86)\Microsoft Visual Studio\2022\BuildTools\Common7\ServiceHub\Services\ExtensionManager\Microsoft.VisualStudio.Setup.Download.dll file deleted.
[3474:0009][2026-05-10T01:46:18] Processing file /Contents/Common7/ServiceHub/Services/ExtensionManager/Microsoft.VisualStudio.Setup.NuGet.Packaging.dll
[3474:0009][2026-05-10T01:46:18] D:\Program Files (x86)\Microsoft Visual Studio\2022\BuildTools\Common7\ServiceHub\Services\ExtensionManager\Microsoft.VisualStudio.Setup.NuGet.Packaging.dll file deleted.
[3474:0009][2026-05-10T01:46:18] Processing file /Contents/Common7/ServiceHub/Services/ExtensionManager/microsoft.visualstudio.setup.nuget.config
[3474:0009][2026-05-10T01:46:18] D:\Program Files (x86)\Microsoft Visual Studio\2022\BuildTools\Common7\ServiceHub\Services\ExtensionManager\microsoft.visualstudio.setup.nuget.config file deleted.
[3474:0009][2026-05-10T01:46:18] Processing file /Contents/Common7/ServiceHub/Services/ExtensionManager/System.ServiceModel.Syndication.dll
[3474:0009][2026-05-10T01:46:18] D:\Program Files (x86)\Microsoft Visual Studio\2022\BuildTools\Common7\ServiceHub\Services\ExtensionManager\System.ServiceModel.Syndication.dll file deleted.
[3474:0009][2026-05-10T01:46:18] Processing file /Contents/Common7/IDE/CommonExtensions/Platform/Shell/Microsoft.VisualStudio.ExtensionManager.Implementation.pkgdef
[3474:0009][2026-05-10T01:46:18] D:\Program Files (x86)\Microsoft Visual Studio\2022\BuildTools\Common7\IDE\CommonExtensions\Platform\Shell\Microsoft.VisualStudio.ExtensionManager.Implementation.pkgdef file deleted.
[3474:0009][2026-05-10T01:46:18] Processing file /Contents/Common7/IDE/CommonExtensions/Platform/Shell/CompatibilityList.xml
[3474:0009][2026-05-10T01:46:18] D:\Program Files (x86)\Microsoft Visual Studio\2022\BuildTools\Common7\IDE\CommonExtensions\Platform\Shell\CompatibilityList.xml file deleted.
[3474:0009][2026-05-10T01:46:18] Processing file /Contents/Common7/IDE/CommonExtensions/Platform/Shell/ExtensionManagerWindowResources/Webviews/default.html
[3474:0009][2026-05-10T01:46:18] D:\Program Files (x86)\Microsoft Visual Studio\2022\BuildTools\Common7\IDE\CommonExtensions\Platform\Shell\ExtensionManagerWindowResources\Webviews\default.html file deleted.
[3474:0009][2026-05-10T01:46:18] Processing file /Contents/Common7/IDE/CommonExtensions/Platform/Shell/ExtensionManagerWindowResources/Webviews/manifest.json
[3474:0009][2026-05-10T01:46:18] D:\Program Files (x86)\Microsoft Visual Studio\2022\BuildTools\Common7\IDE\CommonExtensions\Platform\Shell\ExtensionManagerWindowResources\Webviews\manifest.json file deleted.
[3474:0009][2026-05-10T01:46:18] Processing file /Contents/Common7/IDE/CommonExtensions/Platform/Shell/ExtensionManagerWindowResources/Webviews/node_modules/dompurify/purify.js
[3474:0009][2026-05-10T01:46:18] D:\Program Files (x86)\Microsoft Visual Studio\2022\BuildTools\Common7\IDE\CommonExtensions\Platform\Shell\ExtensionManagerWindowResources\Webviews\node_modules\dompurify\purify.js file deleted.
[3474:0009][2026-05-10T01:46:18] Processing file /Contents/Common7/IDE/CommonExtensions/Platform/Shell/ExtensionManagerWindowResources/Webviews/node_modules/dompurify/LICENSE
[3474:0009][2026-05-10T01:46:18] D:\Program Files (x86)\Microsoft Visual Studio\2022\BuildTools\Common7\IDE\CommonExtensions\Platform\Shell\ExtensionManagerWindowResources\Webviews\node_modules\dompurify\LICENSE file deleted.
[3474:0009][2026-05-10T01:46:18] Processing file /Contents/Common7/IDE/CommonExtensions/Platform/Shell/ExtensionManagerWindowResources/Webviews/ImageMonikers/CollapseUp.Dark.svg
[3474:0009][2026-05-10T01:46:18] D:\Program Files (x86)\Microsoft Visual Studio\2022\BuildTools\Common7\IDE\CommonExtensions\Platform\Shell\ExtensionManagerWindowResources\Webviews\ImageMonikers\CollapseUp.Dark.svg file deleted.
[3474:0009][2026-05-10T01:46:18] Processing file /Contents/Common7/IDE/CommonExtensions/Platform/Shell/ExtensionManagerWindowResources/Webviews/ImageMonikers/CollapseUp.Light.svg
[3474:0009][2026-05-10T01:46:18] D:\Program Files (x86)\Microsoft Visual Studio\2022\BuildTools\Common7\IDE\CommonExtensions\Platform\Shell\ExtensionManagerWindowResources\Webviews\ImageMonikers\CollapseUp.Light.svg file deleted.
[3474:0009][2026-05-10T01:46:18] Processing file /Contents/Common7/IDE/CommonExtensions/Platform/Shell/ExtensionManagerWindowResources/Webviews/Scripts/index.js
[3474:0009][2026-05-10T01:46:18] D:\Program Files (x86)\Microsoft Visual Studio\2022\BuildTools\Common7\IDE\CommonExtensions\Platform\Shell\ExtensionManagerWindowResources\Webviews\Scripts\index.js file deleted.
[3474:0009][2026-05-10T01:46:18] Processing file /Contents/Common7/IDE/CommonExtensions/Platform/Shell/ExtensionManagerWindowResources/Webviews/Styles/stylesheet.css
[3474:0009][2026-05-10T01:46:18] D:\Program Files (x86)\Microsoft Visual Studio\2022\BuildTools\Common7\IDE\CommonExtensions\Platform\Shell\ExtensionManagerWindowResources\Webviews\Styles\stylesheet.css file deleted.
[3474:0009][2026-05-10T01:46:18] Processing file /Contents/Common7/IDE/CommonExtensions/Platform/Visual Studio MPF/17.0/extension.vsixmanifest
[3474:0009][2026-05-10T01:46:18] D:\Program Files (x86)\Microsoft Visual Studio\2022\BuildTools\Common7\IDE\CommonExtensions\Platform\Visual Studio MPF\17.0\extension.vsixmanifest file deleted.
[3474:0009][2026-05-10T01:46:18] Processing file /Contents/Common7/IDE/Extensions/Microsoft/Visual Studio MPF/10.0/extension.vsixmanifest
[3474:0009][2026-05-10T01:46:18] D:\Program Files (x86)\Microsoft Visual Studio\2022\BuildTools\Common7\IDE\Extensions\Microsoft\Visual Studio MPF\10.0\extension.vsixmanifest file deleted.
[3474:0009][2026-05-10T01:46:18] Processing file /Contents/Common7/IDE/Extensions/Microsoft/Visual Studio MPF/11.0/extension.vsixmanifest
[3474:0009][2026-05-10T01:46:18] D:\Program Files (x86)\Microsoft Visual Studio\2022\BuildTools\Common7\IDE\Extensions\Microsoft\Visual Studio MPF\11.0\extension.vsixmanifest file deleted.
[3474:0009][2026-05-10T01:46:18] Processing file /Contents/Common7/IDE/Extensions/Microsoft/Visual Studio MPF/12.0/extension.vsixmanifest
[3474:0009][2026-05-10T01:46:18] D:\Program Files (x86)\Microsoft Visual Studio\2022\BuildTools\Common7\IDE\Extensions\Microsoft\Visual Studio MPF\12.0\extension.vsixmanifest file deleted.
[3474:0009][2026-05-10T01:46:18] Processing file /Contents/Common7/IDE/Extensions/Microsoft/Visual Studio MPF/14.0/extension.vsixmanifest
[3474:0009][2026-05-10T01:46:18] D:\Program Files (x86)\Microsoft Visual Studio\2022\BuildTools\Common7\IDE\Extensions\Microsoft\Visual Studio MPF\14.0\extension.vsixmanifest file deleted.
[3474:0009][2026-05-10T01:46:18] Processing file /Contents/Common7/IDE/PrivateAssemblies/Microsoft.VisualStudio.ExtensionManager.dll
[3474:0009][2026-05-10T01:46:18] D:\Program Files (x86)\Microsoft Visual Studio\2022\BuildTools\Common7\IDE\PrivateAssemblies\Microsoft.VisualStudio.ExtensionManager.dll file deleted.
[3474:0009][2026-05-10T01:46:18] Processing file /Contents/Common7/IDE/PrivateAssemblies/Microsoft.VisualStudio.ExtensionEngine.dll
[3474:0009][2026-05-10T01:46:18] D:\Program Files (x86)\Microsoft Visual Studio\2022\BuildTools\Common7\IDE\PrivateAssemblies\Microsoft.VisualStudio.ExtensionEngine.dll file deleted.
[3474:0009][2026-05-10T01:46:18] Processing file /Contents/Common7/IDE/PrivateAssemblies/Microsoft.VisualStudio.ExtensionEngineContract.dll
[3474:0009][2026-05-10T01:46:18] D:\Program Files (x86)\Microsoft Visual Studio\2022\BuildTools\Common7\IDE\PrivateAssemblies\Microsoft.VisualStudio.ExtensionEngineContract.dll file deleted.
[3474:0009][2026-05-10T01:46:18] Processing file /Contents/Xml/Schemas/PackageLanguagePackManifestSchema.xsd
[3474:0009][2026-05-10T01:46:18] D:\Program Files (x86)\Microsoft Visual Studio\2022\BuildTools\Xml\Schemas\PackageLanguagePackManifestSchema.xsd file deleted.
[3474:0009][2026-05-10T01:46:18] Processing file /Contents/Xml/Schemas/PackageManifestSchema.Assets.xsd
[3474:0009][2026-05-10T01:46:18] D:\Program Files (x86)\Microsoft Visual Studio\2022\BuildTools\Xml\Schemas\PackageManifestSchema.Assets.xsd file deleted.
[3474:0009][2026-05-10T01:46:18] Processing file /Contents/Xml/Schemas/PackageManifestSchema.Dependencies.xsd
[3474:0009][2026-05-10T01:46:18] D:\Program Files (x86)\Microsoft Visual Studio\2022\BuildTools\Xml\Schemas\PackageManifestSchema.Dependencies.xsd file deleted.
[3474:0009][2026-05-10T01:46:18] Processing file /Contents/Xml/Schemas/PackageManifestSchema.DesignNamespace.xsd
[3474:0009][2026-05-10T01:46:18] D:\Program Files (x86)\Microsoft Visual Studio\2022\BuildTools\Xml\Schemas\PackageManifestSchema.DesignNamespace.xsd file deleted.
[3474:0009][2026-05-10T01:46:18] Processing file /Contents/Xml/Schemas/PackageManifestSchema.Installation.xsd
[3474:0009][2026-05-10T01:46:18] D:\Program Files (x86)\Microsoft Visual Studio\2022\BuildTools\Xml\Schemas\PackageManifestSchema.Installation.xsd file deleted.
[3474:0009][2026-05-10T01:46:18] Processing file /Contents/Xml/Schemas/PackageManifestSchema.Installer.xsd
[3474:0009][2026-05-10T01:46:18] D:\Program Files (x86)\Microsoft Visual Studio\2022\BuildTools\Xml\Schemas\PackageManifestSchema.Installer.xsd file deleted.
[3474:0009][2026-05-10T01:46:18] Processing file /Contents/Xml/Schemas/PackageManifestSchema.Metadata.xsd
[3474:0009][2026-05-10T01:46:18] D:\Program Files (x86)\Microsoft Visual Studio\2022\BuildTools\Xml\Schemas\PackageManifestSchema.Metadata.xsd file deleted.
[3474:0009][2026-05-10T01:46:18] Processing file /Contents/Xml/Schemas/PackageManifestSchema.Prerequisites.xsd
[3474:0009][2026-05-10T01:46:18] D:\Program Files (x86)\Microsoft Visual Studio\2022\BuildTools\Xml\Schemas\PackageManifestSchema.Prerequisites.xsd file deleted.
[3474:0009][2026-05-10T01:46:18] Processing file /Contents/Xml/Schemas/PackageManifestSchema.xsd
[3474:0009][2026-05-10T01:46:18] D:\Program Files (x86)\Microsoft Visual Studio\2022\BuildTools\Xml\Schemas\PackageManifestSchema.xsd file deleted.
[3474:0009][2026-05-10T01:46:18] Processing file /Contents/Xml/Schemas/VSIXLanguagePackSchema.xsd
[3474:0009][2026-05-10T01:46:18] D:\Program Files (x86)\Microsoft Visual Studio\2022\BuildTools\Xml\Schemas\VSIXLanguagePackSchema.xsd file deleted.
[3474:0009][2026-05-10T01:46:18] Processing file /Contents/Xml/Schemas/VSIXManifestSchema.xsd
[3474:0009][2026-05-10T01:46:18] D:\Program Files (x86)\Microsoft Visual Studio\2022\BuildTools\Xml\Schemas\VSIXManifestSchema.xsd file deleted.
[3474:0009][2026-05-10T01:46:18] Started: Deleting empty directories
[3474:0009][2026-05-10T01:46:18] Completed: Deleting empty directories
[3474:0009][2026-05-10T01:46:18] Package executed successfully. Return code: 0
