[c9c4:0009][2026-05-10T01:02:17] Opening the package for processing
[c9c4:0009][2026-05-10T01:02:17] Using package payload to get the embedded manifest
[c9c4:0009][2026-05-10T01:02:17] Getting list of files within the package
[c9c4:0009][2026-05-10T01:02:17] Processing file /catalog.json
[c9c4:0009][2026-05-10T01:02:17] Started: Copying file /catalog.json to D:\Program Files (x86)\Microsoft Visual Studio\2022\BuildTools\Common7\IDE\CommonExtensions\Microsoft\CallHierarchy\catalog.json
[c9c4:0009][2026-05-10T01:02:17] Completed: Copying file /catalog.json to D:\Program Files (x86)\Microsoft Visual Studio\2022\BuildTools\Common7\IDE\CommonExtensions\Microsoft\CallHierarchy\catalog.json
[c9c4:0009][2026-05-10T01:02:17] Timestamp updated for file 'D:\Program Files (x86)\Microsoft Visual Studio\2022\BuildTools\Common7\IDE\CommonExtensions\Microsoft\CallHierarchy\catalog.json'.
[c9c4:0009][2026-05-10T01:02:17] Processing file /cs/Microsoft.VisualStudio.Language.CallHierarchy.Implementation.resources.dll
[c9c4:0009][2026-05-10T01:02:17] Started: Copying file /cs/Microsoft.VisualStudio.Language.CallHierarchy.Implementation.resources.dll to D:\Program Files (x86)\Microsoft Visual Studio\2022\BuildTools\Common7\IDE\CommonExtensions\Microsoft\CallHierarchy\cs\Microsoft.VisualStudio.Language.CallHierarchy.Implementation.resources.dll
[c9c4:0009][2026-05-10T01:02:17] Completed: Copying file /cs/Microsoft.VisualStudio.Language.CallHierarchy.Implementation.resources.dll to D:\Program Files (x86)\Microsoft Visual Studio\2022\BuildTools\Common7\IDE\CommonExtensions\Microsoft\CallHierarchy\cs\Microsoft.VisualStudio.Language.CallHierarchy.Implementation.resources.dll
[c9c4:0009][2026-05-10T01:02:17] Timestamp updated for file 'D:\Program Files (x86)\Microsoft Visual Studio\2022\BuildTools\Common7\IDE\CommonExtensions\Microsoft\CallHierarchy\cs\Microsoft.VisualStudio.Language.CallHierarchy.Implementation.resources.dll'.
[c9c4:0009][2026-05-10T01:02:17] Processing file /de/Microsoft.VisualStudio.Language.CallHierarchy.Implementation.resources.dll
[c9c4:0009][2026-05-10T01:02:17] Started: Copying file /de/Microsoft.VisualStudio.Language.CallHierarchy.Implementation.resources.dll to D:\Program Files (x86)\Microsoft Visual Studio\2022\BuildTools\Common7\IDE\CommonExtensions\Microsoft\CallHierarchy\de\Microsoft.VisualStudio.Language.CallHierarchy.Implementation.resources.dll
[c9c4:0009][2026-05-10T01:02:17] Completed: Copying file /de/Microsoft.VisualStudio.Language.CallHierarchy.Implementation.resources.dll to D:\Program Files (x86)\Microsoft Visual Studio\2022\BuildTools\Common7\IDE\CommonExtensions\Microsoft\CallHierarchy\de\Microsoft.VisualStudio.Language.CallHierarchy.Implementation.resources.dll
[c9c4:0009][2026-05-10T01:02:17] Timestamp updated for file 'D:\Program Files (x86)\Microsoft Visual Studio\2022\BuildTools\Common7\IDE\CommonExtensions\Microsoft\CallHierarchy\de\Microsoft.VisualStudio.Language.CallHierarchy.Implementation.resources.dll'.
[c9c4:0009][2026-05-10T01:02:17] Processing file /es/Microsoft.VisualStudio.Language.CallHierarchy.Implementation.resources.dll
[c9c4:0009][2026-05-10T01:02:17] Started: Copying file /es/Microsoft.VisualStudio.Language.CallHierarchy.Implementation.resources.dll to D:\Program Files (x86)\Microsoft Visual Studio\2022\BuildTools\Common7\IDE\CommonExtensions\Microsoft\CallHierarchy\es\Microsoft.VisualStudio.Language.CallHierarchy.Implementation.resources.dll
[c9c4:0009][2026-05-10T01:02:17] Completed: Copying file /es/Microsoft.VisualStudio.Language.CallHierarchy.Implementation.resources.dll to D:\Program Files (x86)\Microsoft Visual Studio\2022\BuildTools\Common7\IDE\CommonExtensions\Microsoft\CallHierarchy\es\Microsoft.VisualStudio.Language.CallHierarchy.Implementation.resources.dll
[c9c4:0009][2026-05-10T01:02:17] Timestamp updated for file 'D:\Program Files (x86)\Microsoft Visual Studio\2022\BuildTools\Common7\IDE\CommonExtensions\Microsoft\CallHierarchy\es\Microsoft.VisualStudio.Language.CallHierarchy.Implementation.resources.dll'.
[c9c4:0009][2026-05-10T01:02:17] Processing file /fr/Microsoft.VisualStudio.Language.CallHierarchy.Implementation.resources.dll
[c9c4:0009][2026-05-10T01:02:17] Started: Copying file /fr/Microsoft.VisualStudio.Language.CallHierarchy.Implementation.resources.dll to D:\Program Files (x86)\Microsoft Visual Studio\2022\BuildTools\Common7\IDE\CommonExtensions\Microsoft\CallHierarchy\fr\Microsoft.VisualStudio.Language.CallHierarchy.Implementation.resources.dll
[c9c4:0009][2026-05-10T01:02:17] Completed: Copying file /fr/Microsoft.VisualStudio.Language.CallHierarchy.Implementation.resources.dll to D:\Program Files (x86)\Microsoft Visual Studio\2022\BuildTools\Common7\IDE\CommonExtensions\Microsoft\CallHierarchy\fr\Microsoft.VisualStudio.Language.CallHierarchy.Implementation.resources.dll
[c9c4:0009][2026-05-10T01:02:17] Timestamp updated for file 'D:\Program Files (x86)\Microsoft Visual Studio\2022\BuildTools\Common7\IDE\CommonExtensions\Microsoft\CallHierarchy\fr\Microsoft.VisualStudio.Language.CallHierarchy.Implementation.resources.dll'.
[c9c4:0009][2026-05-10T01:02:17] Processing file /it/Microsoft.VisualStudio.Language.CallHierarchy.Implementation.resources.dll
[c9c4:0009][2026-05-10T01:02:17] Started: Copying file /it/Microsoft.VisualStudio.Language.CallHierarchy.Implementation.resources.dll to D:\Program Files (x86)\Microsoft Visual Studio\2022\BuildTools\Common7\IDE\CommonExtensions\Microsoft\CallHierarchy\it\Microsoft.VisualStudio.Language.CallHierarchy.Implementation.resources.dll
[c9c4:0009][2026-05-10T01:02:17] Completed: Copying file /it/Microsoft.VisualStudio.Language.CallHierarchy.Implementation.resources.dll to D:\Program Files (x86)\Microsoft Visual Studio\2022\BuildTools\Common7\IDE\CommonExtensions\Microsoft\CallHierarchy\it\Microsoft.VisualStudio.Language.CallHierarchy.Implementation.resources.dll
[c9c4:0009][2026-05-10T01:02:17] Timestamp updated for file 'D:\Program Files (x86)\Microsoft Visual Studio\2022\BuildTools\Common7\IDE\CommonExtensions\Microsoft\CallHierarchy\it\Microsoft.VisualStudio.Language.CallHierarchy.Implementation.resources.dll'.
[c9c4:0009][2026-05-10T01:02:17] Processing file /ja/Microsoft.VisualStudio.Language.CallHierarchy.Implementation.resources.dll
[c9c4:0009][2026-05-10T01:02:17] Started: Copying file /ja/Microsoft.VisualStudio.Language.CallHierarchy.Implementation.resources.dll to D:\Program Files (x86)\Microsoft Visual Studio\2022\BuildTools\Common7\IDE\CommonExtensions\Microsoft\CallHierarchy\ja\Microsoft.VisualStudio.Language.CallHierarchy.Implementation.resources.dll
[c9c4:0009][2026-05-10T01:02:17] Completed: Copying file /ja/Microsoft.VisualStudio.Language.CallHierarchy.Implementation.resources.dll to D:\Program Files (x86)\Microsoft Visual Studio\2022\BuildTools\Common7\IDE\CommonExtensions\Microsoft\CallHierarchy\ja\Microsoft.VisualStudio.Language.CallHierarchy.Implementation.resources.dll
[c9c4:0009][2026-05-10T01:02:17] Timestamp updated for file 'D:\Program Files (x86)\Microsoft Visual Studio\2022\BuildTools\Common7\IDE\CommonExtensions\Microsoft\CallHierarchy\ja\Microsoft.VisualStudio.Language.CallHierarchy.Implementation.resources.dll'.
[c9c4:0009][2026-05-10T01:02:17] Processing file /ko/Microsoft.VisualStudio.Language.CallHierarchy.Implementation.resources.dll
[c9c4:0009][2026-05-10T01:02:17] Started: Copying file /ko/Microsoft.VisualStudio.Language.CallHierarchy.Implementation.resources.dll to D:\Program Files (x86)\Microsoft Visual Studio\2022\BuildTools\Common7\IDE\CommonExtensions\Microsoft\CallHierarchy\ko\Microsoft.VisualStudio.Language.CallHierarchy.Implementation.resources.dll
[c9c4:0009][2026-05-10T01:02:17] Completed: Copying file /ko/Microsoft.VisualStudio.Language.CallHierarchy.Implementation.resources.dll to D:\Program Files (x86)\Microsoft Visual Studio\2022\BuildTools\Common7\IDE\CommonExtensions\Microsoft\CallHierarchy\ko\Microsoft.VisualStudio.Language.CallHierarchy.Implementation.resources.dll
[c9c4:0009][2026-05-10T01:02:17] Timestamp updated for file 'D:\Program Files (x86)\Microsoft Visual Studio\2022\BuildTools\Common7\IDE\CommonExtensions\Microsoft\CallHierarchy\ko\Microsoft.VisualStudio.Language.CallHierarchy.Implementation.resources.dll'.
[c9c4:0009][2026-05-10T01:02:17] Processing file /manifest.json
[c9c4:0009][2026-05-10T01:02:17] Started: Copying file /manifest.json to D:\Program Files (x86)\Microsoft Visual Studio\2022\BuildTools\Common7\IDE\CommonExtensions\Microsoft\CallHierarchy\manifest.json
[c9c4:0009][2026-05-10T01:02:17] Completed: Copying file /manifest.json to D:\Program Files (x86)\Microsoft Visual Studio\2022\BuildTools\Common7\IDE\CommonExtensions\Microsoft\CallHierarchy\manifest.json
[c9c4:0009][2026-05-10T01:02:17] Timestamp updated for file 'D:\Program Files (x86)\Microsoft Visual Studio\2022\BuildTools\Common7\IDE\CommonExtensions\Microsoft\CallHierarchy\manifest.json'.
[c9c4:0009][2026-05-10T01:02:17] Processing file /Microsoft.VisualStudio.Language.CallHierarchy.dll
[c9c4:0009][2026-05-10T01:02:17] Started: Copying file /Microsoft.VisualStudio.Language.CallHierarchy.dll to D:\Program Files (x86)\Microsoft Visual Studio\2022\BuildTools\Common7\IDE\CommonExtensions\Microsoft\CallHierarchy\Microsoft.VisualStudio.Language.CallHierarchy.dll
[c9c4:0009][2026-05-10T01:02:17] Completed: Copying file /Microsoft.VisualStudio.Language.CallHierarchy.dll to D:\Program Files (x86)\Microsoft Visual Studio\2022\BuildTools\Common7\IDE\CommonExtensions\Microsoft\CallHierarchy\Microsoft.VisualStudio.Language.CallHierarchy.dll
[c9c4:0009][2026-05-10T01:02:17] Timestamp updated for file 'D:\Program Files (x86)\Microsoft Visual Studio\2022\BuildTools\Common7\IDE\CommonExtensions\Microsoft\CallHierarchy\Microsoft.VisualStudio.Language.CallHierarchy.dll'.
[c9c4:0009][2026-05-10T01:02:17] Processing file /Microsoft.VisualStudio.Language.CallHierarchy.Implementation.dll
[c9c4:0009][2026-05-10T01:02:17] Started: Copying file /Microsoft.VisualStudio.Language.CallHierarchy.Implementation.dll to D:\Program Files (x86)\Microsoft Visual Studio\2022\BuildTools\Common7\IDE\CommonExtensions\Microsoft\CallHierarchy\Microsoft.VisualStudio.Language.CallHierarchy.Implementation.dll
[c9c4:0009][2026-05-10T01:02:17] Completed: Copying file /Microsoft.VisualStudio.Language.CallHierarchy.Implementation.dll to D:\Program Files (x86)\Microsoft Visual Studio\2022\BuildTools\Common7\IDE\CommonExtensions\Microsoft\CallHierarchy\Microsoft.VisualStudio.Language.CallHierarchy.Implementation.dll
[c9c4:0009][2026-05-10T01:02:17] Timestamp updated for file 'D:\Program Files (x86)\Microsoft Visual Studio\2022\BuildTools\Common7\IDE\CommonExtensions\Microsoft\CallHierarchy\Microsoft.VisualStudio.Language.CallHierarchy.Implementation.dll'.
[c9c4:0009][2026-05-10T01:02:17] Processing file /Microsoft.VisualStudio.Platform.CallHierarchy.pkgdef
[c9c4:0009][2026-05-10T01:02:17] Started: Copying file /Microsoft.VisualStudio.Platform.CallHierarchy.pkgdef to D:\Program Files (x86)\Microsoft Visual Studio\2022\BuildTools\Common7\IDE\CommonExtensions\Microsoft\CallHierarchy\Microsoft.VisualStudio.Platform.CallHierarchy.pkgdef
[c9c4:0009][2026-05-10T01:02:17] Completed: Copying file /Microsoft.VisualStudio.Platform.CallHierarchy.pkgdef to D:\Program Files (x86)\Microsoft Visual Studio\2022\BuildTools\Common7\IDE\CommonExtensions\Microsoft\CallHierarchy\Microsoft.VisualStudio.Platform.CallHierarchy.pkgdef
[c9c4:0009][2026-05-10T01:02:17] Timestamp updated for file 'D:\Program Files (x86)\Microsoft Visual Studio\2022\BuildTools\Common7\IDE\CommonExtensions\Microsoft\CallHierarchy\Microsoft.VisualStudio.Platform.CallHierarchy.pkgdef'.
[c9c4:0009][2026-05-10T01:02:17] Processing file /pl/Microsoft.VisualStudio.Language.CallHierarchy.Implementation.resources.dll
[c9c4:0009][2026-05-10T01:02:17] Started: Copying file /pl/Microsoft.VisualStudio.Language.CallHierarchy.Implementation.resources.dll to D:\Program Files (x86)\Microsoft Visual Studio\2022\BuildTools\Common7\IDE\CommonExtensions\Microsoft\CallHierarchy\pl\Microsoft.VisualStudio.Language.CallHierarchy.Implementation.resources.dll
[c9c4:0009][2026-05-10T01:02:17] Completed: Copying file /pl/Microsoft.VisualStudio.Language.CallHierarchy.Implementation.resources.dll to D:\Program Files (x86)\Microsoft Visual Studio\2022\BuildTools\Common7\IDE\CommonExtensions\Microsoft\CallHierarchy\pl\Microsoft.VisualStudio.Language.CallHierarchy.Implementation.resources.dll
[c9c4:0009][2026-05-10T01:02:17] Timestamp updated for file 'D:\Program Files (x86)\Microsoft Visual Studio\2022\BuildTools\Common7\IDE\CommonExtensions\Microsoft\CallHierarchy\pl\Microsoft.VisualStudio.Language.CallHierarchy.Implementation.resources.dll'.
[c9c4:0009][2026-05-10T01:02:17] Processing file /pt-BR/Microsoft.VisualStudio.Language.CallHierarchy.Implementation.resources.dll
[c9c4:0009][2026-05-10T01:02:17] Started: Copying file /pt-BR/Microsoft.VisualStudio.Language.CallHierarchy.Implementation.resources.dll to D:\Program Files (x86)\Microsoft Visual Studio\2022\BuildTools\Common7\IDE\CommonExtensions\Microsoft\CallHierarchy\pt-BR\Microsoft.VisualStudio.Language.CallHierarchy.Implementation.resources.dll
[c9c4:0009][2026-05-10T01:02:17] Completed: Copying file /pt-BR/Microsoft.VisualStudio.Language.CallHierarchy.Implementation.resources.dll to D:\Program Files (x86)\Microsoft Visual Studio\2022\BuildTools\Common7\IDE\CommonExtensions\Microsoft\CallHierarchy\pt-BR\Microsoft.VisualStudio.Language.CallHierarchy.Implementation.resources.dll
[c9c4:0009][2026-05-10T01:02:17] Timestamp updated for file 'D:\Program Files (x86)\Microsoft Visual Studio\2022\BuildTools\Common7\IDE\CommonExtensions\Microsoft\CallHierarchy\pt-BR\Microsoft.VisualStudio.Language.CallHierarchy.Implementation.resources.dll'.
[c9c4:0009][2026-05-10T01:02:17] Processing file /ru/Microsoft.VisualStudio.Language.CallHierarchy.Implementation.resources.dll
[c9c4:0009][2026-05-10T01:02:17] Started: Copying file /ru/Microsoft.VisualStudio.Language.CallHierarchy.Implementation.resources.dll to D:\Program Files (x86)\Microsoft Visual Studio\2022\BuildTools\Common7\IDE\CommonExtensions\Microsoft\CallHierarchy\ru\Microsoft.VisualStudio.Language.CallHierarchy.Implementation.resources.dll
[c9c4:0009][2026-05-10T01:02:17] Completed: Copying file /ru/Microsoft.VisualStudio.Language.CallHierarchy.Implementation.resources.dll to D:\Program Files (x86)\Microsoft Visual Studio\2022\BuildTools\Common7\IDE\CommonExtensions\Microsoft\CallHierarchy\ru\Microsoft.VisualStudio.Language.CallHierarchy.Implementation.resources.dll
[c9c4:0009][2026-05-10T01:02:17] Timestamp updated for file 'D:\Program Files (x86)\Microsoft Visual Studio\2022\BuildTools\Common7\IDE\CommonExtensions\Microsoft\CallHierarchy\ru\Microsoft.VisualStudio.Language.CallHierarchy.Implementation.resources.dll'.
[c9c4:0009][2026-05-10T01:02:17] Processing file /tr/Microsoft.VisualStudio.Language.CallHierarchy.Implementation.resources.dll
[c9c4:0009][2026-05-10T01:02:17] Started: Copying file /tr/Microsoft.VisualStudio.Language.CallHierarchy.Implementation.resources.dll to D:\Program Files (x86)\Microsoft Visual Studio\2022\BuildTools\Common7\IDE\CommonExtensions\Microsoft\CallHierarchy\tr\Microsoft.VisualStudio.Language.CallHierarchy.Implementation.resources.dll
[c9c4:0009][2026-05-10T01:02:17] Completed: Copying file /tr/Microsoft.VisualStudio.Language.CallHierarchy.Implementation.resources.dll to D:\Program Files (x86)\Microsoft Visual Studio\2022\BuildTools\Common7\IDE\CommonExtensions\Microsoft\CallHierarchy\tr\Microsoft.VisualStudio.Language.CallHierarchy.Implementation.resources.dll
[c9c4:0009][2026-05-10T01:02:17] Timestamp updated for file 'D:\Program Files (x86)\Microsoft Visual Studio\2022\BuildTools\Common7\IDE\CommonExtensions\Microsoft\CallHierarchy\tr\Microsoft.VisualStudio.Language.CallHierarchy.Implementation.resources.dll'.
[c9c4:0009][2026-05-10T01:02:17] Processing file /zh-Hans/Microsoft.VisualStudio.Language.CallHierarchy.Implementation.resources.dll
[c9c4:0009][2026-05-10T01:02:17] Started: Copying file /zh-Hans/Microsoft.VisualStudio.Language.CallHierarchy.Implementation.resources.dll to D:\Program Files (x86)\Microsoft Visual Studio\2022\BuildTools\Common7\IDE\CommonExtensions\Microsoft\CallHierarchy\zh-Hans\Microsoft.VisualStudio.Language.CallHierarchy.Implementation.resources.dll
[c9c4:0009][2026-05-10T01:02:17] Completed: Copying file /zh-Hans/Microsoft.VisualStudio.Language.CallHierarchy.Implementation.resources.dll to D:\Program Files (x86)\Microsoft Visual Studio\2022\BuildTools\Common7\IDE\CommonExtensions\Microsoft\CallHierarchy\zh-Hans\Microsoft.VisualStudio.Language.CallHierarchy.Implementation.resources.dll
[c9c4:0009][2026-05-10T01:02:17] Timestamp updated for file 'D:\Program Files (x86)\Microsoft Visual Studio\2022\BuildTools\Common7\IDE\CommonExtensions\Microsoft\CallHierarchy\zh-Hans\Microsoft.VisualStudio.Language.CallHierarchy.Implementation.resources.dll'.
[c9c4:0009][2026-05-10T01:02:17] Processing file /zh-Hant/Microsoft.VisualStudio.Language.CallHierarchy.Implementation.resources.dll
[c9c4:0009][2026-05-10T01:02:17] Started: Copying file /zh-Hant/Microsoft.VisualStudio.Language.CallHierarchy.Implementation.resources.dll to D:\Program Files (x86)\Microsoft Visual Studio\2022\BuildTools\Common7\IDE\CommonExtensions\Microsoft\CallHierarchy\zh-Hant\Microsoft.VisualStudio.Language.CallHierarchy.Implementation.resources.dll
[c9c4:0009][2026-05-10T01:02:17] Completed: Copying file /zh-Hant/Microsoft.VisualStudio.Language.CallHierarchy.Implementation.resources.dll to D:\Program Files (x86)\Microsoft Visual Studio\2022\BuildTools\Common7\IDE\CommonExtensions\Microsoft\CallHierarchy\zh-Hant\Microsoft.VisualStudio.Language.CallHierarchy.Implementation.resources.dll
[c9c4:0009][2026-05-10T01:02:17] Timestamp updated for file 'D:\Program Files (x86)\Microsoft Visual Studio\2022\BuildTools\Common7\IDE\CommonExtensions\Microsoft\CallHierarchy\zh-Hant\Microsoft.VisualStudio.Language.CallHierarchy.Implementation.resources.dll'.
[c9c4:0009][2026-05-10T01:02:17] Processing file /extension.vsixmanifest
[c9c4:0009][2026-05-10T01:02:17] Started: Copying file /extension.vsixmanifest to D:\Program Files (x86)\Microsoft Visual Studio\2022\BuildTools\Common7\IDE\CommonExtensions\Microsoft\CallHierarchy\extension.vsixmanifest
[c9c4:0009][2026-05-10T01:02:17] Completed: Copying file /extension.vsixmanifest to D:\Program Files (x86)\Microsoft Visual Studio\2022\BuildTools\Common7\IDE\CommonExtensions\Microsoft\CallHierarchy\extension.vsixmanifest
[c9c4:0009][2026-05-10T01:02:17] Timestamp updated for file 'D:\Program Files (x86)\Microsoft Visual Studio\2022\BuildTools\Common7\IDE\CommonExtensions\Microsoft\CallHierarchy\extension.vsixmanifest'.
[c9c4:0009][2026-05-10T01:02:17] Package executed successfully. Return code: 0
