[18d4:0007][2026-05-10T02:03:34] Opening the package for processing
[18d4:0007][2026-05-10T02:03:34] Using package payload to get the embedded manifest
[18d4:0007][2026-05-10T02:03:34] Getting list of files within the package
[18d4:0007][2026-05-10T02:03:34] Processing file /Contents/Common7/IDE/CommonExtensions/Platform/Debugger/PerfDebuggerWebViews/css/IntelliTraceGraph.css
[18d4:0007][2026-05-10T02:03:34] Started: Copying file /Contents/Common7/IDE/CommonExtensions/Platform/Debugger/PerfDebuggerWebViews/css/IntelliTraceGraph.css to D:\Program Files (x86)\Microsoft Visual Studio\2022\BuildTools\Common7\IDE\CommonExtensions\Platform\Debugger\PerfDebuggerWebViews\css\IntelliTraceGraph.css
[18d4:0007][2026-05-10T02:03:34] Completed: Copying file /Contents/Common7/IDE/CommonExtensions/Platform/Debugger/PerfDebuggerWebViews/css/IntelliTraceGraph.css to D:\Program Files (x86)\Microsoft Visual Studio\2022\BuildTools\Common7\IDE\CommonExtensions\Platform\Debugger\PerfDebuggerWebViews\css\IntelliTraceGraph.css
[18d4:0007][2026-05-10T02:03:34] Timestamp updated for file 'D:\Program Files (x86)\Microsoft Visual Studio\2022\BuildTools\Common7\IDE\CommonExtensions\Platform\Debugger\PerfDebuggerWebViews\css\IntelliTraceGraph.css'.
[18d4:0007][2026-05-10T02:03:34] Processing file /Contents/Common7/IDE/CommonExtensions/Platform/Debugger/PerfDebuggerWebViews/icons/AllEventsIcon.svg
[18d4:0007][2026-05-10T02:03:34] Started: Copying file /Contents/Common7/IDE/CommonExtensions/Platform/Debugger/PerfDebuggerWebViews/icons/AllEventsIcon.svg to D:\Program Files (x86)\Microsoft Visual Studio\2022\BuildTools\Common7\IDE\CommonExtensions\Platform\Debugger\PerfDebuggerWebViews\icons\AllEventsIcon.svg
[18d4:0007][2026-05-10T02:03:34] Completed: Copying file /Contents/Common7/IDE/CommonExtensions/Platform/Debugger/PerfDebuggerWebViews/icons/AllEventsIcon.svg to D:\Program Files (x86)\Microsoft Visual Studio\2022\BuildTools\Common7\IDE\CommonExtensions\Platform\Debugger\PerfDebuggerWebViews\icons\AllEventsIcon.svg
[18d4:0007][2026-05-10T02:03:34] Timestamp updated for file 'D:\Program Files (x86)\Microsoft Visual Studio\2022\BuildTools\Common7\IDE\CommonExtensions\Platform\Debugger\PerfDebuggerWebViews\icons\AllEventsIcon.svg'.
[18d4:0007][2026-05-10T02:03:34] Processing file /Contents/Common7/IDE/CommonExtensions/Platform/Debugger/PerfDebuggerWebViews/icons/BreakTrackIcon.svg
[18d4:0007][2026-05-10T02:03:34] Started: Copying file /Contents/Common7/IDE/CommonExtensions/Platform/Debugger/PerfDebuggerWebViews/icons/BreakTrackIcon.svg to D:\Program Files (x86)\Microsoft Visual Studio\2022\BuildTools\Common7\IDE\CommonExtensions\Platform\Debugger\PerfDebuggerWebViews\icons\BreakTrackIcon.svg
[18d4:0007][2026-05-10T02:03:34] Completed: Copying file /Contents/Common7/IDE/CommonExtensions/Platform/Debugger/PerfDebuggerWebViews/icons/BreakTrackIcon.svg to D:\Program Files (x86)\Microsoft Visual Studio\2022\BuildTools\Common7\IDE\CommonExtensions\Platform\Debugger\PerfDebuggerWebViews\icons\BreakTrackIcon.svg
[18d4:0007][2026-05-10T02:03:34] Timestamp updated for file 'D:\Program Files (x86)\Microsoft Visual Studio\2022\BuildTools\Common7\IDE\CommonExtensions\Platform\Debugger\PerfDebuggerWebViews\icons\BreakTrackIcon.svg'.
[18d4:0007][2026-05-10T02:03:34] Processing file /Contents/Common7/IDE/CommonExtensions/Platform/Debugger/PerfDebuggerWebViews/icons/ExceptionEventIcon.svg
[18d4:0007][2026-05-10T02:03:34] Started: Copying file /Contents/Common7/IDE/CommonExtensions/Platform/Debugger/PerfDebuggerWebViews/icons/ExceptionEventIcon.svg to D:\Program Files (x86)\Microsoft Visual Studio\2022\BuildTools\Common7\IDE\CommonExtensions\Platform\Debugger\PerfDebuggerWebViews\icons\ExceptionEventIcon.svg
[18d4:0007][2026-05-10T02:03:34] Completed: Copying file /Contents/Common7/IDE/CommonExtensions/Platform/Debugger/PerfDebuggerWebViews/icons/ExceptionEventIcon.svg to D:\Program Files (x86)\Microsoft Visual Studio\2022\BuildTools\Common7\IDE\CommonExtensions\Platform\Debugger\PerfDebuggerWebViews\icons\ExceptionEventIcon.svg
[18d4:0007][2026-05-10T02:03:34] Timestamp updated for file 'D:\Program Files (x86)\Microsoft Visual Studio\2022\BuildTools\Common7\IDE\CommonExtensions\Platform\Debugger\PerfDebuggerWebViews\icons\ExceptionEventIcon.svg'.
[18d4:0007][2026-05-10T02:03:34] Processing file /Contents/Common7/IDE/CommonExtensions/Platform/Debugger/PerfDebuggerWebViews/icons/IntelliTraceTrackIcon.svg
[18d4:0007][2026-05-10T02:03:34] Started: Copying file /Contents/Common7/IDE/CommonExtensions/Platform/Debugger/PerfDebuggerWebViews/icons/IntelliTraceTrackIcon.svg to D:\Program Files (x86)\Microsoft Visual Studio\2022\BuildTools\Common7\IDE\CommonExtensions\Platform\Debugger\PerfDebuggerWebViews\icons\IntelliTraceTrackIcon.svg
[18d4:0007][2026-05-10T02:03:34] Completed: Copying file /Contents/Common7/IDE/CommonExtensions/Platform/Debugger/PerfDebuggerWebViews/icons/IntelliTraceTrackIcon.svg to D:\Program Files (x86)\Microsoft Visual Studio\2022\BuildTools\Common7\IDE\CommonExtensions\Platform\Debugger\PerfDebuggerWebViews\icons\IntelliTraceTrackIcon.svg
[18d4:0007][2026-05-10T02:03:34] Timestamp updated for file 'D:\Program Files (x86)\Microsoft Visual Studio\2022\BuildTools\Common7\IDE\CommonExtensions\Platform\Debugger\PerfDebuggerWebViews\icons\IntelliTraceTrackIcon.svg'.
[18d4:0007][2026-05-10T02:03:34] Processing file /Contents/Common7/IDE/CommonExtensions/Platform/Debugger/PerfDebuggerWebViews/icons/timeline/light/normal/TimelineMarkGray.png
[18d4:0007][2026-05-10T02:03:34] Started: Copying file /Contents/Common7/IDE/CommonExtensions/Platform/Debugger/PerfDebuggerWebViews/icons/timeline/light/normal/TimelineMarkGray.png to D:\Program Files (x86)\Microsoft Visual Studio\2022\BuildTools\Common7\IDE\CommonExtensions\Platform\Debugger\PerfDebuggerWebViews\icons\timeline\light\normal\TimelineMarkGray.png
[18d4:0007][2026-05-10T02:03:34] Completed: Copying file /Contents/Common7/IDE/CommonExtensions/Platform/Debugger/PerfDebuggerWebViews/icons/timeline/light/normal/TimelineMarkGray.png to D:\Program Files (x86)\Microsoft Visual Studio\2022\BuildTools\Common7\IDE\CommonExtensions\Platform\Debugger\PerfDebuggerWebViews\icons\timeline\light\normal\TimelineMarkGray.png
[18d4:0007][2026-05-10T02:03:34] Timestamp updated for file 'D:\Program Files (x86)\Microsoft Visual Studio\2022\BuildTools\Common7\IDE\CommonExtensions\Platform\Debugger\PerfDebuggerWebViews\icons\timeline\light\normal\TimelineMarkGray.png'.
[18d4:0007][2026-05-10T02:03:34] Processing file /Contents/Common7/IDE/CommonExtensions/Platform/Debugger/PerfDebuggerWebViews/icons/timeline/light/normal/TimelineMarkPurple.png
[18d4:0007][2026-05-10T02:03:34] Started: Copying file /Contents/Common7/IDE/CommonExtensions/Platform/Debugger/PerfDebuggerWebViews/icons/timeline/light/normal/TimelineMarkPurple.png to D:\Program Files (x86)\Microsoft Visual Studio\2022\BuildTools\Common7\IDE\CommonExtensions\Platform\Debugger\PerfDebuggerWebViews\icons\timeline\light\normal\TimelineMarkPurple.png
[18d4:0007][2026-05-10T02:03:34] Completed: Copying file /Contents/Common7/IDE/CommonExtensions/Platform/Debugger/PerfDebuggerWebViews/icons/timeline/light/normal/TimelineMarkPurple.png to D:\Program Files (x86)\Microsoft Visual Studio\2022\BuildTools\Common7\IDE\CommonExtensions\Platform\Debugger\PerfDebuggerWebViews\icons\timeline\light\normal\TimelineMarkPurple.png
[18d4:0007][2026-05-10T02:03:34] Timestamp updated for file 'D:\Program Files (x86)\Microsoft Visual Studio\2022\BuildTools\Common7\IDE\CommonExtensions\Platform\Debugger\PerfDebuggerWebViews\icons\timeline\light\normal\TimelineMarkPurple.png'.
[18d4:0007][2026-05-10T02:03:34] Processing file /Contents/Common7/IDE/CommonExtensions/Platform/Debugger/PerfDebuggerWebViews/icons/timeline/light/normal/TimelineMarkRed.png
[18d4:0007][2026-05-10T02:03:34] Started: Copying file /Contents/Common7/IDE/CommonExtensions/Platform/Debugger/PerfDebuggerWebViews/icons/timeline/light/normal/TimelineMarkRed.png to D:\Program Files (x86)\Microsoft Visual Studio\2022\BuildTools\Common7\IDE\CommonExtensions\Platform\Debugger\PerfDebuggerWebViews\icons\timeline\light\normal\TimelineMarkRed.png
[18d4:0007][2026-05-10T02:03:34] Completed: Copying file /Contents/Common7/IDE/CommonExtensions/Platform/Debugger/PerfDebuggerWebViews/icons/timeline/light/normal/TimelineMarkRed.png to D:\Program Files (x86)\Microsoft Visual Studio\2022\BuildTools\Common7\IDE\CommonExtensions\Platform\Debugger\PerfDebuggerWebViews\icons\timeline\light\normal\TimelineMarkRed.png
[18d4:0007][2026-05-10T02:03:34] Timestamp updated for file 'D:\Program Files (x86)\Microsoft Visual Studio\2022\BuildTools\Common7\IDE\CommonExtensions\Platform\Debugger\PerfDebuggerWebViews\icons\timeline\light\normal\TimelineMarkRed.png'.
[18d4:0007][2026-05-10T02:03:34] Processing file /Contents/Common7/IDE/CommonExtensions/Platform/Debugger/PerfDebuggerWebViews/icons/timeline/light/selected/TimelineMarkGray.png
[18d4:0007][2026-05-10T02:03:34] Started: Copying file /Contents/Common7/IDE/CommonExtensions/Platform/Debugger/PerfDebuggerWebViews/icons/timeline/light/selected/TimelineMarkGray.png to D:\Program Files (x86)\Microsoft Visual Studio\2022\BuildTools\Common7\IDE\CommonExtensions\Platform\Debugger\PerfDebuggerWebViews\icons\timeline\light\selected\TimelineMarkGray.png
[18d4:0007][2026-05-10T02:03:34] Completed: Copying file /Contents/Common7/IDE/CommonExtensions/Platform/Debugger/PerfDebuggerWebViews/icons/timeline/light/selected/TimelineMarkGray.png to D:\Program Files (x86)\Microsoft Visual Studio\2022\BuildTools\Common7\IDE\CommonExtensions\Platform\Debugger\PerfDebuggerWebViews\icons\timeline\light\selected\TimelineMarkGray.png
[18d4:0007][2026-05-10T02:03:34] Timestamp updated for file 'D:\Program Files (x86)\Microsoft Visual Studio\2022\BuildTools\Common7\IDE\CommonExtensions\Platform\Debugger\PerfDebuggerWebViews\icons\timeline\light\selected\TimelineMarkGray.png'.
[18d4:0007][2026-05-10T02:03:34] Processing file /Contents/Common7/IDE/CommonExtensions/Platform/Debugger/PerfDebuggerWebViews/icons/timeline/light/selected/TimelineMarkPurple.png
[18d4:0007][2026-05-10T02:03:34] Started: Copying file /Contents/Common7/IDE/CommonExtensions/Platform/Debugger/PerfDebuggerWebViews/icons/timeline/light/selected/TimelineMarkPurple.png to D:\Program Files (x86)\Microsoft Visual Studio\2022\BuildTools\Common7\IDE\CommonExtensions\Platform\Debugger\PerfDebuggerWebViews\icons\timeline\light\selected\TimelineMarkPurple.png
[18d4:0007][2026-05-10T02:03:34] Completed: Copying file /Contents/Common7/IDE/CommonExtensions/Platform/Debugger/PerfDebuggerWebViews/icons/timeline/light/selected/TimelineMarkPurple.png to D:\Program Files (x86)\Microsoft Visual Studio\2022\BuildTools\Common7\IDE\CommonExtensions\Platform\Debugger\PerfDebuggerWebViews\icons\timeline\light\selected\TimelineMarkPurple.png
[18d4:0007][2026-05-10T02:03:34] Timestamp updated for file 'D:\Program Files (x86)\Microsoft Visual Studio\2022\BuildTools\Common7\IDE\CommonExtensions\Platform\Debugger\PerfDebuggerWebViews\icons\timeline\light\selected\TimelineMarkPurple.png'.
[18d4:0007][2026-05-10T02:03:34] Processing file /Contents/Common7/IDE/CommonExtensions/Platform/Debugger/PerfDebuggerWebViews/icons/timeline/light/selected/TimelineMarkRed.png
[18d4:0007][2026-05-10T02:03:34] Started: Copying file /Contents/Common7/IDE/CommonExtensions/Platform/Debugger/PerfDebuggerWebViews/icons/timeline/light/selected/TimelineMarkRed.png to D:\Program Files (x86)\Microsoft Visual Studio\2022\BuildTools\Common7\IDE\CommonExtensions\Platform\Debugger\PerfDebuggerWebViews\icons\timeline\light\selected\TimelineMarkRed.png
[18d4:0007][2026-05-10T02:03:34] Completed: Copying file /Contents/Common7/IDE/CommonExtensions/Platform/Debugger/PerfDebuggerWebViews/icons/timeline/light/selected/TimelineMarkRed.png to D:\Program Files (x86)\Microsoft Visual Studio\2022\BuildTools\Common7\IDE\CommonExtensions\Platform\Debugger\PerfDebuggerWebViews\icons\timeline\light\selected\TimelineMarkRed.png
[18d4:0007][2026-05-10T02:03:34] Timestamp updated for file 'D:\Program Files (x86)\Microsoft Visual Studio\2022\BuildTools\Common7\IDE\CommonExtensions\Platform\Debugger\PerfDebuggerWebViews\icons\timeline\light\selected\TimelineMarkRed.png'.
[18d4:0007][2026-05-10T02:03:34] Processing file /Contents/Common7/IDE/CommonExtensions/Platform/Debugger/PerfDebuggerWebViews/PerfDebuggerSwimlane.js
[18d4:0007][2026-05-10T02:03:34] Started: Copying file /Contents/Common7/IDE/CommonExtensions/Platform/Debugger/PerfDebuggerWebViews/PerfDebuggerSwimlane.js to D:\Program Files (x86)\Microsoft Visual Studio\2022\BuildTools\Common7\IDE\CommonExtensions\Platform\Debugger\PerfDebuggerWebViews\PerfDebuggerSwimlane.js
[18d4:0007][2026-05-10T02:03:34] Completed: Copying file /Contents/Common7/IDE/CommonExtensions/Platform/Debugger/PerfDebuggerWebViews/PerfDebuggerSwimlane.js to D:\Program Files (x86)\Microsoft Visual Studio\2022\BuildTools\Common7\IDE\CommonExtensions\Platform\Debugger\PerfDebuggerWebViews\PerfDebuggerSwimlane.js
[18d4:0007][2026-05-10T02:03:34] Timestamp updated for file 'D:\Program Files (x86)\Microsoft Visual Studio\2022\BuildTools\Common7\IDE\CommonExtensions\Platform\Debugger\PerfDebuggerWebViews\PerfDebuggerSwimlane.js'.
[18d4:0007][2026-05-10T02:03:34] Processing file /Contents/Common7/IDE/PrivateAssemblies/Microsoft.VisualStudio.Diagnostics.HubExtensions.dll
[18d4:0007][2026-05-10T02:03:34] Started: Copying file /Contents/Common7/IDE/PrivateAssemblies/Microsoft.VisualStudio.Diagnostics.HubExtensions.dll to D:\Program Files (x86)\Microsoft Visual Studio\2022\BuildTools\Common7\IDE\PrivateAssemblies\Microsoft.VisualStudio.Diagnostics.HubExtensions.dll
[18d4:0007][2026-05-10T02:03:34] Completed: Copying file /Contents/Common7/IDE/PrivateAssemblies/Microsoft.VisualStudio.Diagnostics.HubExtensions.dll to D:\Program Files (x86)\Microsoft Visual Studio\2022\BuildTools\Common7\IDE\PrivateAssemblies\Microsoft.VisualStudio.Diagnostics.HubExtensions.dll
[18d4:0007][2026-05-10T02:03:34] Timestamp updated for file 'D:\Program Files (x86)\Microsoft Visual Studio\2022\BuildTools\Common7\IDE\PrivateAssemblies\Microsoft.VisualStudio.Diagnostics.HubExtensions.dll'.
[18d4:0007][2026-05-10T02:03:34] Queueing D:\Program Files (x86)\Microsoft Visual Studio\2022\BuildTools\Common7\IDE\PrivateAssemblies\Microsoft.VisualStudio.Diagnostics.HubExtensions.dll for X86 ngen
[18d4:0007][2026-05-10T02:03:34] Successfully queued file '/Contents/Common7/IDE/PrivateAssemblies/Microsoft.VisualStudio.Diagnostics.HubExtensions.dll' for ngen
[18d4:0007][2026-05-10T02:03:34] Package executed successfully. Return code: 0
