[c9c4:0009][2026-05-10T01:02:03] Opening the package for processing
[c9c4:0009][2026-05-10T01:02:03] Using package payload to get the embedded manifest
[c9c4:0009][2026-05-10T01:02:03] Getting list of files within the package
[c9c4:0009][2026-05-10T01:02:03] Processing file /Contents/Common7/IDE/Extensions/Microsoft/VsGraphics/Assets/Images/mreCone.bmp
[c9c4:0009][2026-05-10T01:02:03] Started: Copying file /Contents/Common7/IDE/Extensions/Microsoft/VsGraphics/Assets/Images/mreCone.bmp to D:\Program Files (x86)\Microsoft Visual Studio\2022\BuildTools\Common7\IDE\Extensions\Microsoft\VsGraphics\Assets\Images\mreCone.bmp
[c9c4:0009][2026-05-10T01:02:03] Completed: Copying file /Contents/Common7/IDE/Extensions/Microsoft/VsGraphics/Assets/Images/mreCone.bmp to D:\Program Files (x86)\Microsoft Visual Studio\2022\BuildTools\Common7\IDE\Extensions\Microsoft\VsGraphics\Assets\Images\mreCone.bmp
[c9c4:0009][2026-05-10T01:02:03] Timestamp updated for file 'D:\Program Files (x86)\Microsoft Visual Studio\2022\BuildTools\Common7\IDE\Extensions\Microsoft\VsGraphics\Assets\Images\mreCone.bmp'.
[c9c4:0009][2026-05-10T01:02:03] Processing file /Contents/Common7/IDE/Extensions/Microsoft/VsGraphics/Assets/Images/mreCube.bmp
[c9c4:0009][2026-05-10T01:02:03] Started: Copying file /Contents/Common7/IDE/Extensions/Microsoft/VsGraphics/Assets/Images/mreCube.bmp to D:\Program Files (x86)\Microsoft Visual Studio\2022\BuildTools\Common7\IDE\Extensions\Microsoft\VsGraphics\Assets\Images\mreCube.bmp
[c9c4:0009][2026-05-10T01:02:03] Completed: Copying file /Contents/Common7/IDE/Extensions/Microsoft/VsGraphics/Assets/Images/mreCube.bmp to D:\Program Files (x86)\Microsoft Visual Studio\2022\BuildTools\Common7\IDE\Extensions\Microsoft\VsGraphics\Assets\Images\mreCube.bmp
[c9c4:0009][2026-05-10T01:02:03] Timestamp updated for file 'D:\Program Files (x86)\Microsoft Visual Studio\2022\BuildTools\Common7\IDE\Extensions\Microsoft\VsGraphics\Assets\Images\mreCube.bmp'.
[c9c4:0009][2026-05-10T01:02:03] Processing file /Contents/Common7/IDE/Extensions/Microsoft/VsGraphics/Assets/Images/mreCylinder.bmp
[c9c4:0009][2026-05-10T01:02:03] Started: Copying file /Contents/Common7/IDE/Extensions/Microsoft/VsGraphics/Assets/Images/mreCylinder.bmp to D:\Program Files (x86)\Microsoft Visual Studio\2022\BuildTools\Common7\IDE\Extensions\Microsoft\VsGraphics\Assets\Images\mreCylinder.bmp
[c9c4:0009][2026-05-10T01:02:03] Completed: Copying file /Contents/Common7/IDE/Extensions/Microsoft/VsGraphics/Assets/Images/mreCylinder.bmp to D:\Program Files (x86)\Microsoft Visual Studio\2022\BuildTools\Common7\IDE\Extensions\Microsoft\VsGraphics\Assets\Images\mreCylinder.bmp
[c9c4:0009][2026-05-10T01:02:03] Timestamp updated for file 'D:\Program Files (x86)\Microsoft Visual Studio\2022\BuildTools\Common7\IDE\Extensions\Microsoft\VsGraphics\Assets\Images\mreCylinder.bmp'.
[c9c4:0009][2026-05-10T01:02:03] Processing file /Contents/Common7/IDE/Extensions/Microsoft/VsGraphics/Assets/Images/mreDisc.bmp
[c9c4:0009][2026-05-10T01:02:03] Started: Copying file /Contents/Common7/IDE/Extensions/Microsoft/VsGraphics/Assets/Images/mreDisc.bmp to D:\Program Files (x86)\Microsoft Visual Studio\2022\BuildTools\Common7\IDE\Extensions\Microsoft\VsGraphics\Assets\Images\mreDisc.bmp
[c9c4:0009][2026-05-10T01:02:03] Completed: Copying file /Contents/Common7/IDE/Extensions/Microsoft/VsGraphics/Assets/Images/mreDisc.bmp to D:\Program Files (x86)\Microsoft Visual Studio\2022\BuildTools\Common7\IDE\Extensions\Microsoft\VsGraphics\Assets\Images\mreDisc.bmp
[c9c4:0009][2026-05-10T01:02:03] Timestamp updated for file 'D:\Program Files (x86)\Microsoft Visual Studio\2022\BuildTools\Common7\IDE\Extensions\Microsoft\VsGraphics\Assets\Images\mreDisc.bmp'.
[c9c4:0009][2026-05-10T01:02:03] Processing file /Contents/Common7/IDE/Extensions/Microsoft/VsGraphics/Assets/Images/mrePlane.bmp
[c9c4:0009][2026-05-10T01:02:03] Started: Copying file /Contents/Common7/IDE/Extensions/Microsoft/VsGraphics/Assets/Images/mrePlane.bmp to D:\Program Files (x86)\Microsoft Visual Studio\2022\BuildTools\Common7\IDE\Extensions\Microsoft\VsGraphics\Assets\Images\mrePlane.bmp
[c9c4:0009][2026-05-10T01:02:03] Completed: Copying file /Contents/Common7/IDE/Extensions/Microsoft/VsGraphics/Assets/Images/mrePlane.bmp to D:\Program Files (x86)\Microsoft Visual Studio\2022\BuildTools\Common7\IDE\Extensions\Microsoft\VsGraphics\Assets\Images\mrePlane.bmp
[c9c4:0009][2026-05-10T01:02:03] Timestamp updated for file 'D:\Program Files (x86)\Microsoft Visual Studio\2022\BuildTools\Common7\IDE\Extensions\Microsoft\VsGraphics\Assets\Images\mrePlane.bmp'.
[c9c4:0009][2026-05-10T01:02:03] Processing file /Contents/Common7/IDE/Extensions/Microsoft/VsGraphics/Assets/Images/mreSphere.bmp
[c9c4:0009][2026-05-10T01:02:03] Started: Copying file /Contents/Common7/IDE/Extensions/Microsoft/VsGraphics/Assets/Images/mreSphere.bmp to D:\Program Files (x86)\Microsoft Visual Studio\2022\BuildTools\Common7\IDE\Extensions\Microsoft\VsGraphics\Assets\Images\mreSphere.bmp
[c9c4:0009][2026-05-10T01:02:03] Completed: Copying file /Contents/Common7/IDE/Extensions/Microsoft/VsGraphics/Assets/Images/mreSphere.bmp to D:\Program Files (x86)\Microsoft Visual Studio\2022\BuildTools\Common7\IDE\Extensions\Microsoft\VsGraphics\Assets\Images\mreSphere.bmp
[c9c4:0009][2026-05-10T01:02:03] Timestamp updated for file 'D:\Program Files (x86)\Microsoft Visual Studio\2022\BuildTools\Common7\IDE\Extensions\Microsoft\VsGraphics\Assets\Images\mreSphere.bmp'.
[c9c4:0009][2026-05-10T01:02:03] Processing file /Contents/Common7/IDE/Extensions/Microsoft/VsGraphics/Assets/Images/mreTeapot.bmp
[c9c4:0009][2026-05-10T01:02:03] Started: Copying file /Contents/Common7/IDE/Extensions/Microsoft/VsGraphics/Assets/Images/mreTeapot.bmp to D:\Program Files (x86)\Microsoft Visual Studio\2022\BuildTools\Common7\IDE\Extensions\Microsoft\VsGraphics\Assets\Images\mreTeapot.bmp
[c9c4:0009][2026-05-10T01:02:03] Completed: Copying file /Contents/Common7/IDE/Extensions/Microsoft/VsGraphics/Assets/Images/mreTeapot.bmp to D:\Program Files (x86)\Microsoft Visual Studio\2022\BuildTools\Common7\IDE\Extensions\Microsoft\VsGraphics\Assets\Images\mreTeapot.bmp
[c9c4:0009][2026-05-10T01:02:03] Timestamp updated for file 'D:\Program Files (x86)\Microsoft Visual Studio\2022\BuildTools\Common7\IDE\Extensions\Microsoft\VsGraphics\Assets\Images\mreTeapot.bmp'.
[c9c4:0009][2026-05-10T01:02:03] Processing file /Contents/Common7/IDE/Extensions/Microsoft/VsGraphics/Assets/Images/shaderLambert.bmp
[c9c4:0009][2026-05-10T01:02:03] Started: Copying file /Contents/Common7/IDE/Extensions/Microsoft/VsGraphics/Assets/Images/shaderLambert.bmp to D:\Program Files (x86)\Microsoft Visual Studio\2022\BuildTools\Common7\IDE\Extensions\Microsoft\VsGraphics\Assets\Images\shaderLambert.bmp
[c9c4:0009][2026-05-10T01:02:03] Completed: Copying file /Contents/Common7/IDE/Extensions/Microsoft/VsGraphics/Assets/Images/shaderLambert.bmp to D:\Program Files (x86)\Microsoft Visual Studio\2022\BuildTools\Common7\IDE\Extensions\Microsoft\VsGraphics\Assets\Images\shaderLambert.bmp
[c9c4:0009][2026-05-10T01:02:03] Timestamp updated for file 'D:\Program Files (x86)\Microsoft Visual Studio\2022\BuildTools\Common7\IDE\Extensions\Microsoft\VsGraphics\Assets\Images\shaderLambert.bmp'.
[c9c4:0009][2026-05-10T01:02:03] Processing file /Contents/Common7/IDE/Extensions/Microsoft/VsGraphics/Assets/Images/shaderOthers.bmp
[c9c4:0009][2026-05-10T01:02:03] Started: Copying file /Contents/Common7/IDE/Extensions/Microsoft/VsGraphics/Assets/Images/shaderOthers.bmp to D:\Program Files (x86)\Microsoft Visual Studio\2022\BuildTools\Common7\IDE\Extensions\Microsoft\VsGraphics\Assets\Images\shaderOthers.bmp
[c9c4:0009][2026-05-10T01:02:03] Completed: Copying file /Contents/Common7/IDE/Extensions/Microsoft/VsGraphics/Assets/Images/shaderOthers.bmp to D:\Program Files (x86)\Microsoft Visual Studio\2022\BuildTools\Common7\IDE\Extensions\Microsoft\VsGraphics\Assets\Images\shaderOthers.bmp
[c9c4:0009][2026-05-10T01:02:03] Timestamp updated for file 'D:\Program Files (x86)\Microsoft Visual Studio\2022\BuildTools\Common7\IDE\Extensions\Microsoft\VsGraphics\Assets\Images\shaderOthers.bmp'.
[c9c4:0009][2026-05-10T01:02:03] Processing file /Contents/Common7/IDE/Extensions/Microsoft/VsGraphics/Assets/Images/shaderPhong.bmp
[c9c4:0009][2026-05-10T01:02:03] Started: Copying file /Contents/Common7/IDE/Extensions/Microsoft/VsGraphics/Assets/Images/shaderPhong.bmp to D:\Program Files (x86)\Microsoft Visual Studio\2022\BuildTools\Common7\IDE\Extensions\Microsoft\VsGraphics\Assets\Images\shaderPhong.bmp
[c9c4:0009][2026-05-10T01:02:03] Completed: Copying file /Contents/Common7/IDE/Extensions/Microsoft/VsGraphics/Assets/Images/shaderPhong.bmp to D:\Program Files (x86)\Microsoft Visual Studio\2022\BuildTools\Common7\IDE\Extensions\Microsoft\VsGraphics\Assets\Images\shaderPhong.bmp
[c9c4:0009][2026-05-10T01:02:03] Timestamp updated for file 'D:\Program Files (x86)\Microsoft Visual Studio\2022\BuildTools\Common7\IDE\Extensions\Microsoft\VsGraphics\Assets\Images\shaderPhong.bmp'.
[c9c4:0009][2026-05-10T01:02:03] Processing file /Contents/Common7/IDE/Extensions/Microsoft/VsGraphics/Assets/Images/shaderUnlit.bmp
[c9c4:0009][2026-05-10T01:02:03] Started: Copying file /Contents/Common7/IDE/Extensions/Microsoft/VsGraphics/Assets/Images/shaderUnlit.bmp to D:\Program Files (x86)\Microsoft Visual Studio\2022\BuildTools\Common7\IDE\Extensions\Microsoft\VsGraphics\Assets\Images\shaderUnlit.bmp
[c9c4:0009][2026-05-10T01:02:03] Completed: Copying file /Contents/Common7/IDE/Extensions/Microsoft/VsGraphics/Assets/Images/shaderUnlit.bmp to D:\Program Files (x86)\Microsoft Visual Studio\2022\BuildTools\Common7\IDE\Extensions\Microsoft\VsGraphics\Assets\Images\shaderUnlit.bmp
[c9c4:0009][2026-05-10T01:02:03] Timestamp updated for file 'D:\Program Files (x86)\Microsoft Visual Studio\2022\BuildTools\Common7\IDE\Extensions\Microsoft\VsGraphics\Assets\Images\shaderUnlit.bmp'.
[c9c4:0009][2026-05-10T01:02:03] Processing file /Contents/Common7/IDE/Extensions/Microsoft/VsGraphics/TemplateDefaults/defaultfile.bmp
[c9c4:0009][2026-05-10T01:02:03] Started: Copying file /Contents/Common7/IDE/Extensions/Microsoft/VsGraphics/TemplateDefaults/defaultfile.bmp to D:\Program Files (x86)\Microsoft Visual Studio\2022\BuildTools\Common7\IDE\Extensions\Microsoft\VsGraphics\TemplateDefaults\defaultfile.bmp
[c9c4:0009][2026-05-10T01:02:03] Completed: Copying file /Contents/Common7/IDE/Extensions/Microsoft/VsGraphics/TemplateDefaults/defaultfile.bmp to D:\Program Files (x86)\Microsoft Visual Studio\2022\BuildTools\Common7\IDE\Extensions\Microsoft\VsGraphics\TemplateDefaults\defaultfile.bmp
[c9c4:0009][2026-05-10T01:02:03] Timestamp updated for file 'D:\Program Files (x86)\Microsoft Visual Studio\2022\BuildTools\Common7\IDE\Extensions\Microsoft\VsGraphics\TemplateDefaults\defaultfile.bmp'.
[c9c4:0009][2026-05-10T01:02:03] Processing file /Contents/Common7/IDE/Extensions/Microsoft/VsGraphics/TemplateDefaults/defaultfile.dds
[c9c4:0009][2026-05-10T01:02:03] Started: Copying file /Contents/Common7/IDE/Extensions/Microsoft/VsGraphics/TemplateDefaults/defaultfile.dds to D:\Program Files (x86)\Microsoft Visual Studio\2022\BuildTools\Common7\IDE\Extensions\Microsoft\VsGraphics\TemplateDefaults\defaultfile.dds
[c9c4:0009][2026-05-10T01:02:03] Completed: Copying file /Contents/Common7/IDE/Extensions/Microsoft/VsGraphics/TemplateDefaults/defaultfile.dds to D:\Program Files (x86)\Microsoft Visual Studio\2022\BuildTools\Common7\IDE\Extensions\Microsoft\VsGraphics\TemplateDefaults\defaultfile.dds
[c9c4:0009][2026-05-10T01:02:03] Timestamp updated for file 'D:\Program Files (x86)\Microsoft Visual Studio\2022\BuildTools\Common7\IDE\Extensions\Microsoft\VsGraphics\TemplateDefaults\defaultfile.dds'.
[c9c4:0009][2026-05-10T01:02:03] Processing file /Contents/Common7/IDE/Extensions/Microsoft/VsGraphics/TemplateDefaults/defaultfile.dgsl
[c9c4:0009][2026-05-10T01:02:03] Started: Copying file /Contents/Common7/IDE/Extensions/Microsoft/VsGraphics/TemplateDefaults/defaultfile.dgsl to D:\Program Files (x86)\Microsoft Visual Studio\2022\BuildTools\Common7\IDE\Extensions\Microsoft\VsGraphics\TemplateDefaults\defaultfile.dgsl
[c9c4:0009][2026-05-10T01:02:03] Completed: Copying file /Contents/Common7/IDE/Extensions/Microsoft/VsGraphics/TemplateDefaults/defaultfile.dgsl to D:\Program Files (x86)\Microsoft Visual Studio\2022\BuildTools\Common7\IDE\Extensions\Microsoft\VsGraphics\TemplateDefaults\defaultfile.dgsl
[c9c4:0009][2026-05-10T01:02:03] Timestamp updated for file 'D:\Program Files (x86)\Microsoft Visual Studio\2022\BuildTools\Common7\IDE\Extensions\Microsoft\VsGraphics\TemplateDefaults\defaultfile.dgsl'.
[c9c4:0009][2026-05-10T01:02:03] Processing file /Contents/Common7/IDE/Extensions/Microsoft/VsGraphics/TemplateDefaults/defaultfile.gif
[c9c4:0009][2026-05-10T01:02:03] Started: Copying file /Contents/Common7/IDE/Extensions/Microsoft/VsGraphics/TemplateDefaults/defaultfile.gif to D:\Program Files (x86)\Microsoft Visual Studio\2022\BuildTools\Common7\IDE\Extensions\Microsoft\VsGraphics\TemplateDefaults\defaultfile.gif
[c9c4:0009][2026-05-10T01:02:03] Completed: Copying file /Contents/Common7/IDE/Extensions/Microsoft/VsGraphics/TemplateDefaults/defaultfile.gif to D:\Program Files (x86)\Microsoft Visual Studio\2022\BuildTools\Common7\IDE\Extensions\Microsoft\VsGraphics\TemplateDefaults\defaultfile.gif
[c9c4:0009][2026-05-10T01:02:03] Timestamp updated for file 'D:\Program Files (x86)\Microsoft Visual Studio\2022\BuildTools\Common7\IDE\Extensions\Microsoft\VsGraphics\TemplateDefaults\defaultfile.gif'.
[c9c4:0009][2026-05-10T01:02:03] Processing file /Contents/Common7/IDE/Extensions/Microsoft/VsGraphics/TemplateDefaults/defaultfile.jpg
[c9c4:0009][2026-05-10T01:02:03] Started: Copying file /Contents/Common7/IDE/Extensions/Microsoft/VsGraphics/TemplateDefaults/defaultfile.jpg to D:\Program Files (x86)\Microsoft Visual Studio\2022\BuildTools\Common7\IDE\Extensions\Microsoft\VsGraphics\TemplateDefaults\defaultfile.jpg
[c9c4:0009][2026-05-10T01:02:03] Completed: Copying file /Contents/Common7/IDE/Extensions/Microsoft/VsGraphics/TemplateDefaults/defaultfile.jpg to D:\Program Files (x86)\Microsoft Visual Studio\2022\BuildTools\Common7\IDE\Extensions\Microsoft\VsGraphics\TemplateDefaults\defaultfile.jpg
[c9c4:0009][2026-05-10T01:02:03] Timestamp updated for file 'D:\Program Files (x86)\Microsoft Visual Studio\2022\BuildTools\Common7\IDE\Extensions\Microsoft\VsGraphics\TemplateDefaults\defaultfile.jpg'.
[c9c4:0009][2026-05-10T01:02:03] Processing file /Contents/Common7/IDE/Extensions/Microsoft/VsGraphics/TemplateDefaults/defaultfile.obj
[c9c4:0009][2026-05-10T01:02:03] Started: Copying file /Contents/Common7/IDE/Extensions/Microsoft/VsGraphics/TemplateDefaults/defaultfile.obj to D:\Program Files (x86)\Microsoft Visual Studio\2022\BuildTools\Common7\IDE\Extensions\Microsoft\VsGraphics\TemplateDefaults\defaultfile.obj
[c9c4:0009][2026-05-10T01:02:03] Completed: Copying file /Contents/Common7/IDE/Extensions/Microsoft/VsGraphics/TemplateDefaults/defaultfile.obj to D:\Program Files (x86)\Microsoft Visual Studio\2022\BuildTools\Common7\IDE\Extensions\Microsoft\VsGraphics\TemplateDefaults\defaultfile.obj
[c9c4:0009][2026-05-10T01:02:03] Timestamp updated for file 'D:\Program Files (x86)\Microsoft Visual Studio\2022\BuildTools\Common7\IDE\Extensions\Microsoft\VsGraphics\TemplateDefaults\defaultfile.obj'.
[c9c4:0009][2026-05-10T01:02:03] Processing file /Contents/Common7/IDE/Extensions/Microsoft/VsGraphics/TemplateDefaults/defaultfile.png
[c9c4:0009][2026-05-10T01:02:03] Started: Copying file /Contents/Common7/IDE/Extensions/Microsoft/VsGraphics/TemplateDefaults/defaultfile.png to D:\Program Files (x86)\Microsoft Visual Studio\2022\BuildTools\Common7\IDE\Extensions\Microsoft\VsGraphics\TemplateDefaults\defaultfile.png
[c9c4:0009][2026-05-10T01:02:03] Completed: Copying file /Contents/Common7/IDE/Extensions/Microsoft/VsGraphics/TemplateDefaults/defaultfile.png to D:\Program Files (x86)\Microsoft Visual Studio\2022\BuildTools\Common7\IDE\Extensions\Microsoft\VsGraphics\TemplateDefaults\defaultfile.png
[c9c4:0009][2026-05-10T01:02:03] Timestamp updated for file 'D:\Program Files (x86)\Microsoft Visual Studio\2022\BuildTools\Common7\IDE\Extensions\Microsoft\VsGraphics\TemplateDefaults\defaultfile.png'.
[c9c4:0009][2026-05-10T01:02:03] Processing file /Contents/Common7/IDE/Extensions/Microsoft/VsGraphics/TemplateDefaults/defaultfile.tga
[c9c4:0009][2026-05-10T01:02:03] Started: Copying file /Contents/Common7/IDE/Extensions/Microsoft/VsGraphics/TemplateDefaults/defaultfile.tga to D:\Program Files (x86)\Microsoft Visual Studio\2022\BuildTools\Common7\IDE\Extensions\Microsoft\VsGraphics\TemplateDefaults\defaultfile.tga
[c9c4:0009][2026-05-10T01:02:03] Completed: Copying file /Contents/Common7/IDE/Extensions/Microsoft/VsGraphics/TemplateDefaults/defaultfile.tga to D:\Program Files (x86)\Microsoft Visual Studio\2022\BuildTools\Common7\IDE\Extensions\Microsoft\VsGraphics\TemplateDefaults\defaultfile.tga
[c9c4:0009][2026-05-10T01:02:03] Timestamp updated for file 'D:\Program Files (x86)\Microsoft Visual Studio\2022\BuildTools\Common7\IDE\Extensions\Microsoft\VsGraphics\TemplateDefaults\defaultfile.tga'.
[c9c4:0009][2026-05-10T01:02:03] Processing file /Contents/Common7/IDE/Extensions/Microsoft/VsGraphics/TemplateDefaults/defaultfile.tif
[c9c4:0009][2026-05-10T01:02:03] Started: Copying file /Contents/Common7/IDE/Extensions/Microsoft/VsGraphics/TemplateDefaults/defaultfile.tif to D:\Program Files (x86)\Microsoft Visual Studio\2022\BuildTools\Common7\IDE\Extensions\Microsoft\VsGraphics\TemplateDefaults\defaultfile.tif
[c9c4:0009][2026-05-10T01:02:03] Completed: Copying file /Contents/Common7/IDE/Extensions/Microsoft/VsGraphics/TemplateDefaults/defaultfile.tif to D:\Program Files (x86)\Microsoft Visual Studio\2022\BuildTools\Common7\IDE\Extensions\Microsoft\VsGraphics\TemplateDefaults\defaultfile.tif
[c9c4:0009][2026-05-10T01:02:03] Timestamp updated for file 'D:\Program Files (x86)\Microsoft Visual Studio\2022\BuildTools\Common7\IDE\Extensions\Microsoft\VsGraphics\TemplateDefaults\defaultfile.tif'.
[c9c4:0009][2026-05-10T01:02:03] Processing file /Contents/Common7/IDE/Extensions/Microsoft/VsGraphics/Templates/addnewitems.vsdir
[c9c4:0009][2026-05-10T01:02:03] Started: Copying file /Contents/Common7/IDE/Extensions/Microsoft/VsGraphics/Templates/addnewitems.vsdir to D:\Program Files (x86)\Microsoft Visual Studio\2022\BuildTools\Common7\IDE\Extensions\Microsoft\VsGraphics\Templates\addnewitems.vsdir
[c9c4:0009][2026-05-10T01:02:03] Completed: Copying file /Contents/Common7/IDE/Extensions/Microsoft/VsGraphics/Templates/addnewitems.vsdir to D:\Program Files (x86)\Microsoft Visual Studio\2022\BuildTools\Common7\IDE\Extensions\Microsoft\VsGraphics\Templates\addnewitems.vsdir
[c9c4:0009][2026-05-10T01:02:03] Timestamp updated for file 'D:\Program Files (x86)\Microsoft Visual Studio\2022\BuildTools\Common7\IDE\Extensions\Microsoft\VsGraphics\Templates\addnewitems.vsdir'.
[c9c4:0009][2026-05-10T01:02:03] Processing file /Contents/Common7/IDE/VCGraphicsWizard.dll
[c9c4:0009][2026-05-10T01:02:03] Started: Copying file /Contents/Common7/IDE/VCGraphicsWizard.dll to D:\Program Files (x86)\Microsoft Visual Studio\2022\BuildTools\Common7\IDE\VCGraphicsWizard.dll
[c9c4:0009][2026-05-10T01:02:03] Completed: Copying file /Contents/Common7/IDE/VCGraphicsWizard.dll to D:\Program Files (x86)\Microsoft Visual Studio\2022\BuildTools\Common7\IDE\VCGraphicsWizard.dll
[c9c4:0009][2026-05-10T01:02:03] Timestamp updated for file 'D:\Program Files (x86)\Microsoft Visual Studio\2022\BuildTools\Common7\IDE\VCGraphicsWizard.dll'.
[c9c4:0009][2026-05-10T01:02:03] Package executed successfully. Return code: 0
