[c9c4:0009][2026-05-10T01:01:57] Opening the package for processing
[c9c4:0009][2026-05-10T01:01:57] Using package payload to get the embedded manifest
[c9c4:0009][2026-05-10T01:01:57] Getting list of files within the package
[c9c4:0009][2026-05-10T01:01:57] Processing file /Contents/Common7/IDE/CommonExtensions/Microsoft/OpenTelemetry/ClientExtensions/Microsoft.VisualStudio.OpenTelemetry.ClientExtensions.dll
[c9c4:0009][2026-05-10T01:01:57] Started: Copying file /Contents/Common7/IDE/CommonExtensions/Microsoft/OpenTelemetry/ClientExtensions/Microsoft.VisualStudio.OpenTelemetry.ClientExtensions.dll to D:\Program Files (x86)\Microsoft Visual Studio\2022\BuildTools\Common7\IDE\CommonExtensions\Microsoft\OpenTelemetry\ClientExtensions\Microsoft.VisualStudio.OpenTelemetry.ClientExtensions.dll
[c9c4:0009][2026-05-10T01:01:57] Completed: Copying file /Contents/Common7/IDE/CommonExtensions/Microsoft/OpenTelemetry/ClientExtensions/Microsoft.VisualStudio.OpenTelemetry.ClientExtensions.dll to D:\Program Files (x86)\Microsoft Visual Studio\2022\BuildTools\Common7\IDE\CommonExtensions\Microsoft\OpenTelemetry\ClientExtensions\Microsoft.VisualStudio.OpenTelemetry.ClientExtensions.dll
[c9c4:0009][2026-05-10T01:01:57] Timestamp updated for file 'D:\Program Files (x86)\Microsoft Visual Studio\2022\BuildTools\Common7\IDE\CommonExtensions\Microsoft\OpenTelemetry\ClientExtensions\Microsoft.VisualStudio.OpenTelemetry.ClientExtensions.dll'.
[c9c4:0009][2026-05-10T01:01:57] Processing file /Contents/Common7/IDE/CommonExtensions/Microsoft/OpenTelemetry/ClientExtensions/OpenTelemetry.Api.dll
[c9c4:0009][2026-05-10T01:01:57] Started: Copying file /Contents/Common7/IDE/CommonExtensions/Microsoft/OpenTelemetry/ClientExtensions/OpenTelemetry.Api.dll to D:\Program Files (x86)\Microsoft Visual Studio\2022\BuildTools\Common7\IDE\CommonExtensions\Microsoft\OpenTelemetry\ClientExtensions\OpenTelemetry.Api.dll
[c9c4:0009][2026-05-10T01:01:57] Completed: Copying file /Contents/Common7/IDE/CommonExtensions/Microsoft/OpenTelemetry/ClientExtensions/OpenTelemetry.Api.dll to D:\Program Files (x86)\Microsoft Visual Studio\2022\BuildTools\Common7\IDE\CommonExtensions\Microsoft\OpenTelemetry\ClientExtensions\OpenTelemetry.Api.dll
[c9c4:0009][2026-05-10T01:01:57] Timestamp updated for file 'D:\Program Files (x86)\Microsoft Visual Studio\2022\BuildTools\Common7\IDE\CommonExtensions\Microsoft\OpenTelemetry\ClientExtensions\OpenTelemetry.Api.dll'.
[c9c4:0009][2026-05-10T01:01:57] Processing file /Contents/Common7/IDE/CommonExtensions/Microsoft/OpenTelemetry/ClientExtensions/OpenTelemetry.Api.ProviderBuilderExtensions.dll
[c9c4:0009][2026-05-10T01:01:57] Started: Copying file /Contents/Common7/IDE/CommonExtensions/Microsoft/OpenTelemetry/ClientExtensions/OpenTelemetry.Api.ProviderBuilderExtensions.dll to D:\Program Files (x86)\Microsoft Visual Studio\2022\BuildTools\Common7\IDE\CommonExtensions\Microsoft\OpenTelemetry\ClientExtensions\OpenTelemetry.Api.ProviderBuilderExtensions.dll
[c9c4:0009][2026-05-10T01:01:57] Completed: Copying file /Contents/Common7/IDE/CommonExtensions/Microsoft/OpenTelemetry/ClientExtensions/OpenTelemetry.Api.ProviderBuilderExtensions.dll to D:\Program Files (x86)\Microsoft Visual Studio\2022\BuildTools\Common7\IDE\CommonExtensions\Microsoft\OpenTelemetry\ClientExtensions\OpenTelemetry.Api.ProviderBuilderExtensions.dll
[c9c4:0009][2026-05-10T01:01:57] Timestamp updated for file 'D:\Program Files (x86)\Microsoft Visual Studio\2022\BuildTools\Common7\IDE\CommonExtensions\Microsoft\OpenTelemetry\ClientExtensions\OpenTelemetry.Api.ProviderBuilderExtensions.dll'.
[c9c4:0009][2026-05-10T01:01:57] Processing file /Contents/Common7/IDE/CommonExtensions/Microsoft/OpenTelemetry/ClientExtensions/OpenTelemetry.dll
[c9c4:0009][2026-05-10T01:01:57] Started: Copying file /Contents/Common7/IDE/CommonExtensions/Microsoft/OpenTelemetry/ClientExtensions/OpenTelemetry.dll to D:\Program Files (x86)\Microsoft Visual Studio\2022\BuildTools\Common7\IDE\CommonExtensions\Microsoft\OpenTelemetry\ClientExtensions\OpenTelemetry.dll
[c9c4:0009][2026-05-10T01:01:57] Completed: Copying file /Contents/Common7/IDE/CommonExtensions/Microsoft/OpenTelemetry/ClientExtensions/OpenTelemetry.dll to D:\Program Files (x86)\Microsoft Visual Studio\2022\BuildTools\Common7\IDE\CommonExtensions\Microsoft\OpenTelemetry\ClientExtensions\OpenTelemetry.dll
[c9c4:0009][2026-05-10T01:01:57] Timestamp updated for file 'D:\Program Files (x86)\Microsoft Visual Studio\2022\BuildTools\Common7\IDE\CommonExtensions\Microsoft\OpenTelemetry\ClientExtensions\OpenTelemetry.dll'.
[c9c4:0009][2026-05-10T01:01:57] Package executed successfully. Return code: 0
