[c9c4:0009][2026-05-10T01:02:20] Opening the package for processing
[c9c4:0009][2026-05-10T01:02:20] Using package payload to get the embedded manifest
[c9c4:0009][2026-05-10T01:02:20] Getting list of files within the package
[c9c4:0009][2026-05-10T01:02:20] Processing file /contents/Common7/IDE/ItemTemplates/Microsoft.VisualStudio.VC.Templates.General.Resources.en-US.Item..vstman
[c9c4:0009][2026-05-10T01:02:20] Started: Copying file /contents/Common7/IDE/ItemTemplates/Microsoft.VisualStudio.VC.Templates.General.Resources.en-US.Item..vstman to D:\Program Files (x86)\Microsoft Visual Studio\2022\BuildTools\Common7\IDE\ItemTemplates\Microsoft.VisualStudio.VC.Templates.General.Resources.en-US.Item..vstman
[c9c4:0009][2026-05-10T01:02:20] Completed: Copying file /contents/Common7/IDE/ItemTemplates/Microsoft.VisualStudio.VC.Templates.General.Resources.en-US.Item..vstman to D:\Program Files (x86)\Microsoft Visual Studio\2022\BuildTools\Common7\IDE\ItemTemplates\Microsoft.VisualStudio.VC.Templates.General.Resources.en-US.Item..vstman
[c9c4:0009][2026-05-10T01:02:20] Timestamp updated for file 'D:\Program Files (x86)\Microsoft Visual Studio\2022\BuildTools\Common7\IDE\ItemTemplates\Microsoft.VisualStudio.VC.Templates.General.Resources.en-US.Item..vstman'.
[c9c4:0009][2026-05-10T01:02:20] Processing file /Contents/Common7/IDE/ItemTemplates/VC/HLSL/1033/ComputeShader/ComputeShader.hlsl
[c9c4:0009][2026-05-10T01:02:20] Started: Copying file /Contents/Common7/IDE/ItemTemplates/VC/HLSL/1033/ComputeShader/ComputeShader.hlsl to D:\Program Files (x86)\Microsoft Visual Studio\2022\BuildTools\Common7\IDE\ItemTemplates\VC\HLSL\1033\ComputeShader\ComputeShader.hlsl
[c9c4:0009][2026-05-10T01:02:20] Completed: Copying file /Contents/Common7/IDE/ItemTemplates/VC/HLSL/1033/ComputeShader/ComputeShader.hlsl to D:\Program Files (x86)\Microsoft Visual Studio\2022\BuildTools\Common7\IDE\ItemTemplates\VC\HLSL\1033\ComputeShader\ComputeShader.hlsl
[c9c4:0009][2026-05-10T01:02:20] Timestamp updated for file 'D:\Program Files (x86)\Microsoft Visual Studio\2022\BuildTools\Common7\IDE\ItemTemplates\VC\HLSL\1033\ComputeShader\ComputeShader.hlsl'.
[c9c4:0009][2026-05-10T01:02:20] Processing file /Contents/Common7/IDE/ItemTemplates/VC/HLSL/1033/ComputeShader/ComputeShader.vstemplate
[c9c4:0009][2026-05-10T01:02:20] Started: Copying file /Contents/Common7/IDE/ItemTemplates/VC/HLSL/1033/ComputeShader/ComputeShader.vstemplate to D:\Program Files (x86)\Microsoft Visual Studio\2022\BuildTools\Common7\IDE\ItemTemplates\VC\HLSL\1033\ComputeShader\ComputeShader.vstemplate
[c9c4:0009][2026-05-10T01:02:20] Completed: Copying file /Contents/Common7/IDE/ItemTemplates/VC/HLSL/1033/ComputeShader/ComputeShader.vstemplate to D:\Program Files (x86)\Microsoft Visual Studio\2022\BuildTools\Common7\IDE\ItemTemplates\VC\HLSL\1033\ComputeShader\ComputeShader.vstemplate
[c9c4:0009][2026-05-10T01:02:20] Timestamp updated for file 'D:\Program Files (x86)\Microsoft Visual Studio\2022\BuildTools\Common7\IDE\ItemTemplates\VC\HLSL\1033\ComputeShader\ComputeShader.vstemplate'.
[c9c4:0009][2026-05-10T01:02:20] Processing file /Contents/Common7/IDE/ItemTemplates/VC/HLSL/1033/DomainShader/DomainShader.hlsl
[c9c4:0009][2026-05-10T01:02:20] Started: Copying file /Contents/Common7/IDE/ItemTemplates/VC/HLSL/1033/DomainShader/DomainShader.hlsl to D:\Program Files (x86)\Microsoft Visual Studio\2022\BuildTools\Common7\IDE\ItemTemplates\VC\HLSL\1033\DomainShader\DomainShader.hlsl
[c9c4:0009][2026-05-10T01:02:20] Completed: Copying file /Contents/Common7/IDE/ItemTemplates/VC/HLSL/1033/DomainShader/DomainShader.hlsl to D:\Program Files (x86)\Microsoft Visual Studio\2022\BuildTools\Common7\IDE\ItemTemplates\VC\HLSL\1033\DomainShader\DomainShader.hlsl
[c9c4:0009][2026-05-10T01:02:20] Timestamp updated for file 'D:\Program Files (x86)\Microsoft Visual Studio\2022\BuildTools\Common7\IDE\ItemTemplates\VC\HLSL\1033\DomainShader\DomainShader.hlsl'.
[c9c4:0009][2026-05-10T01:02:20] Processing file /Contents/Common7/IDE/ItemTemplates/VC/HLSL/1033/DomainShader/DomainShader.vstemplate
[c9c4:0009][2026-05-10T01:02:20] Started: Copying file /Contents/Common7/IDE/ItemTemplates/VC/HLSL/1033/DomainShader/DomainShader.vstemplate to D:\Program Files (x86)\Microsoft Visual Studio\2022\BuildTools\Common7\IDE\ItemTemplates\VC\HLSL\1033\DomainShader\DomainShader.vstemplate
[c9c4:0009][2026-05-10T01:02:20] Completed: Copying file /Contents/Common7/IDE/ItemTemplates/VC/HLSL/1033/DomainShader/DomainShader.vstemplate to D:\Program Files (x86)\Microsoft Visual Studio\2022\BuildTools\Common7\IDE\ItemTemplates\VC\HLSL\1033\DomainShader\DomainShader.vstemplate
[c9c4:0009][2026-05-10T01:02:20] Timestamp updated for file 'D:\Program Files (x86)\Microsoft Visual Studio\2022\BuildTools\Common7\IDE\ItemTemplates\VC\HLSL\1033\DomainShader\DomainShader.vstemplate'.
[c9c4:0009][2026-05-10T01:02:20] Processing file /Contents/Common7/IDE/ItemTemplates/VC/HLSL/1033/GeometryShader/GeometryShader.hlsl
[c9c4:0009][2026-05-10T01:02:20] Started: Copying file /Contents/Common7/IDE/ItemTemplates/VC/HLSL/1033/GeometryShader/GeometryShader.hlsl to D:\Program Files (x86)\Microsoft Visual Studio\2022\BuildTools\Common7\IDE\ItemTemplates\VC\HLSL\1033\GeometryShader\GeometryShader.hlsl
[c9c4:0009][2026-05-10T01:02:20] Completed: Copying file /Contents/Common7/IDE/ItemTemplates/VC/HLSL/1033/GeometryShader/GeometryShader.hlsl to D:\Program Files (x86)\Microsoft Visual Studio\2022\BuildTools\Common7\IDE\ItemTemplates\VC\HLSL\1033\GeometryShader\GeometryShader.hlsl
[c9c4:0009][2026-05-10T01:02:20] Timestamp updated for file 'D:\Program Files (x86)\Microsoft Visual Studio\2022\BuildTools\Common7\IDE\ItemTemplates\VC\HLSL\1033\GeometryShader\GeometryShader.hlsl'.
[c9c4:0009][2026-05-10T01:02:20] Processing file /Contents/Common7/IDE/ItemTemplates/VC/HLSL/1033/GeometryShader/GeometryShader.vstemplate
[c9c4:0009][2026-05-10T01:02:20] Started: Copying file /Contents/Common7/IDE/ItemTemplates/VC/HLSL/1033/GeometryShader/GeometryShader.vstemplate to D:\Program Files (x86)\Microsoft Visual Studio\2022\BuildTools\Common7\IDE\ItemTemplates\VC\HLSL\1033\GeometryShader\GeometryShader.vstemplate
[c9c4:0009][2026-05-10T01:02:20] Completed: Copying file /Contents/Common7/IDE/ItemTemplates/VC/HLSL/1033/GeometryShader/GeometryShader.vstemplate to D:\Program Files (x86)\Microsoft Visual Studio\2022\BuildTools\Common7\IDE\ItemTemplates\VC\HLSL\1033\GeometryShader\GeometryShader.vstemplate
[c9c4:0009][2026-05-10T01:02:20] Timestamp updated for file 'D:\Program Files (x86)\Microsoft Visual Studio\2022\BuildTools\Common7\IDE\ItemTemplates\VC\HLSL\1033\GeometryShader\GeometryShader.vstemplate'.
[c9c4:0009][2026-05-10T01:02:20] Processing file /Contents/Common7/IDE/ItemTemplates/VC/HLSL/1033/Header/Header.hlsli
[c9c4:0009][2026-05-10T01:02:20] Started: Copying file /Contents/Common7/IDE/ItemTemplates/VC/HLSL/1033/Header/Header.hlsli to D:\Program Files (x86)\Microsoft Visual Studio\2022\BuildTools\Common7\IDE\ItemTemplates\VC\HLSL\1033\Header\Header.hlsli
[c9c4:0009][2026-05-10T01:02:20] Completed: Copying file /Contents/Common7/IDE/ItemTemplates/VC/HLSL/1033/Header/Header.hlsli to D:\Program Files (x86)\Microsoft Visual Studio\2022\BuildTools\Common7\IDE\ItemTemplates\VC\HLSL\1033\Header\Header.hlsli
[c9c4:0009][2026-05-10T01:02:20] Timestamp updated for file 'D:\Program Files (x86)\Microsoft Visual Studio\2022\BuildTools\Common7\IDE\ItemTemplates\VC\HLSL\1033\Header\Header.hlsli'.
[c9c4:0009][2026-05-10T01:02:20] Processing file /Contents/Common7/IDE/ItemTemplates/VC/HLSL/1033/Header/Header.vstemplate
[c9c4:0009][2026-05-10T01:02:20] Started: Copying file /Contents/Common7/IDE/ItemTemplates/VC/HLSL/1033/Header/Header.vstemplate to D:\Program Files (x86)\Microsoft Visual Studio\2022\BuildTools\Common7\IDE\ItemTemplates\VC\HLSL\1033\Header\Header.vstemplate
[c9c4:0009][2026-05-10T01:02:20] Completed: Copying file /Contents/Common7/IDE/ItemTemplates/VC/HLSL/1033/Header/Header.vstemplate to D:\Program Files (x86)\Microsoft Visual Studio\2022\BuildTools\Common7\IDE\ItemTemplates\VC\HLSL\1033\Header\Header.vstemplate
[c9c4:0009][2026-05-10T01:02:20] Timestamp updated for file 'D:\Program Files (x86)\Microsoft Visual Studio\2022\BuildTools\Common7\IDE\ItemTemplates\VC\HLSL\1033\Header\Header.vstemplate'.
[c9c4:0009][2026-05-10T01:02:20] Processing file /Contents/Common7/IDE/ItemTemplates/VC/HLSL/1033/HullShader/HullShader.hlsl
[c9c4:0009][2026-05-10T01:02:20] Started: Copying file /Contents/Common7/IDE/ItemTemplates/VC/HLSL/1033/HullShader/HullShader.hlsl to D:\Program Files (x86)\Microsoft Visual Studio\2022\BuildTools\Common7\IDE\ItemTemplates\VC\HLSL\1033\HullShader\HullShader.hlsl
[c9c4:0009][2026-05-10T01:02:20] Completed: Copying file /Contents/Common7/IDE/ItemTemplates/VC/HLSL/1033/HullShader/HullShader.hlsl to D:\Program Files (x86)\Microsoft Visual Studio\2022\BuildTools\Common7\IDE\ItemTemplates\VC\HLSL\1033\HullShader\HullShader.hlsl
[c9c4:0009][2026-05-10T01:02:20] Timestamp updated for file 'D:\Program Files (x86)\Microsoft Visual Studio\2022\BuildTools\Common7\IDE\ItemTemplates\VC\HLSL\1033\HullShader\HullShader.hlsl'.
[c9c4:0009][2026-05-10T01:02:20] Processing file /Contents/Common7/IDE/ItemTemplates/VC/HLSL/1033/HullShader/HullShader.vstemplate
[c9c4:0009][2026-05-10T01:02:20] Started: Copying file /Contents/Common7/IDE/ItemTemplates/VC/HLSL/1033/HullShader/HullShader.vstemplate to D:\Program Files (x86)\Microsoft Visual Studio\2022\BuildTools\Common7\IDE\ItemTemplates\VC\HLSL\1033\HullShader\HullShader.vstemplate
[c9c4:0009][2026-05-10T01:02:20] Completed: Copying file /Contents/Common7/IDE/ItemTemplates/VC/HLSL/1033/HullShader/HullShader.vstemplate to D:\Program Files (x86)\Microsoft Visual Studio\2022\BuildTools\Common7\IDE\ItemTemplates\VC\HLSL\1033\HullShader\HullShader.vstemplate
[c9c4:0009][2026-05-10T01:02:20] Timestamp updated for file 'D:\Program Files (x86)\Microsoft Visual Studio\2022\BuildTools\Common7\IDE\ItemTemplates\VC\HLSL\1033\HullShader\HullShader.vstemplate'.
[c9c4:0009][2026-05-10T01:02:20] Processing file /Contents/Common7/IDE/ItemTemplates/VC/HLSL/1033/PixelShader/PixelShader.hlsl
[c9c4:0009][2026-05-10T01:02:20] Started: Copying file /Contents/Common7/IDE/ItemTemplates/VC/HLSL/1033/PixelShader/PixelShader.hlsl to D:\Program Files (x86)\Microsoft Visual Studio\2022\BuildTools\Common7\IDE\ItemTemplates\VC\HLSL\1033\PixelShader\PixelShader.hlsl
[c9c4:0009][2026-05-10T01:02:20] Completed: Copying file /Contents/Common7/IDE/ItemTemplates/VC/HLSL/1033/PixelShader/PixelShader.hlsl to D:\Program Files (x86)\Microsoft Visual Studio\2022\BuildTools\Common7\IDE\ItemTemplates\VC\HLSL\1033\PixelShader\PixelShader.hlsl
[c9c4:0009][2026-05-10T01:02:20] Timestamp updated for file 'D:\Program Files (x86)\Microsoft Visual Studio\2022\BuildTools\Common7\IDE\ItemTemplates\VC\HLSL\1033\PixelShader\PixelShader.hlsl'.
[c9c4:0009][2026-05-10T01:02:20] Processing file /Contents/Common7/IDE/ItemTemplates/VC/HLSL/1033/PixelShader/PixelShader.vstemplate
[c9c4:0009][2026-05-10T01:02:20] Started: Copying file /Contents/Common7/IDE/ItemTemplates/VC/HLSL/1033/PixelShader/PixelShader.vstemplate to D:\Program Files (x86)\Microsoft Visual Studio\2022\BuildTools\Common7\IDE\ItemTemplates\VC\HLSL\1033\PixelShader\PixelShader.vstemplate
[c9c4:0009][2026-05-10T01:02:20] Completed: Copying file /Contents/Common7/IDE/ItemTemplates/VC/HLSL/1033/PixelShader/PixelShader.vstemplate to D:\Program Files (x86)\Microsoft Visual Studio\2022\BuildTools\Common7\IDE\ItemTemplates\VC\HLSL\1033\PixelShader\PixelShader.vstemplate
[c9c4:0009][2026-05-10T01:02:20] Timestamp updated for file 'D:\Program Files (x86)\Microsoft Visual Studio\2022\BuildTools\Common7\IDE\ItemTemplates\VC\HLSL\1033\PixelShader\PixelShader.vstemplate'.
[c9c4:0009][2026-05-10T01:02:20] Processing file /Contents/Common7/IDE/ItemTemplates/VC/HLSL/1033/VertexShader/VertexShader.hlsl
[c9c4:0009][2026-05-10T01:02:20] Started: Copying file /Contents/Common7/IDE/ItemTemplates/VC/HLSL/1033/VertexShader/VertexShader.hlsl to D:\Program Files (x86)\Microsoft Visual Studio\2022\BuildTools\Common7\IDE\ItemTemplates\VC\HLSL\1033\VertexShader\VertexShader.hlsl
[c9c4:0009][2026-05-10T01:02:20] Completed: Copying file /Contents/Common7/IDE/ItemTemplates/VC/HLSL/1033/VertexShader/VertexShader.hlsl to D:\Program Files (x86)\Microsoft Visual Studio\2022\BuildTools\Common7\IDE\ItemTemplates\VC\HLSL\1033\VertexShader\VertexShader.hlsl
[c9c4:0009][2026-05-10T01:02:20] Timestamp updated for file 'D:\Program Files (x86)\Microsoft Visual Studio\2022\BuildTools\Common7\IDE\ItemTemplates\VC\HLSL\1033\VertexShader\VertexShader.hlsl'.
[c9c4:0009][2026-05-10T01:02:20] Processing file /Contents/Common7/IDE/ItemTemplates/VC/HLSL/1033/VertexShader/VertexShader.vstemplate
[c9c4:0009][2026-05-10T01:02:20] Started: Copying file /Contents/Common7/IDE/ItemTemplates/VC/HLSL/1033/VertexShader/VertexShader.vstemplate to D:\Program Files (x86)\Microsoft Visual Studio\2022\BuildTools\Common7\IDE\ItemTemplates\VC\HLSL\1033\VertexShader\VertexShader.vstemplate
[c9c4:0009][2026-05-10T01:02:20] Completed: Copying file /Contents/Common7/IDE/ItemTemplates/VC/HLSL/1033/VertexShader/VertexShader.vstemplate to D:\Program Files (x86)\Microsoft Visual Studio\2022\BuildTools\Common7\IDE\ItemTemplates\VC\HLSL\1033\VertexShader\VertexShader.vstemplate
[c9c4:0009][2026-05-10T01:02:20] Timestamp updated for file 'D:\Program Files (x86)\Microsoft Visual Studio\2022\BuildTools\Common7\IDE\ItemTemplates\VC\HLSL\1033\VertexShader\VertexShader.vstemplate'.
[c9c4:0009][2026-05-10T01:02:20] Package executed successfully. Return code: 0
