[c9c4:0009][2026-05-10T01:01:59] Opening the package for processing
[c9c4:0009][2026-05-10T01:01:59] Using package payload to get the embedded manifest
[c9c4:0009][2026-05-10T01:01:59] Getting list of files within the package
[c9c4:0009][2026-05-10T01:01:59] Processing file /Contents/Common7/IDE/CommonExtensions/Platform/Debugger/cscompee.pkgdef
[c9c4:0009][2026-05-10T01:01:59] Started: Copying file /Contents/Common7/IDE/CommonExtensions/Platform/Debugger/cscompee.pkgdef to D:\Program Files (x86)\Microsoft Visual Studio\2022\BuildTools\Common7\IDE\CommonExtensions\Platform\Debugger\cscompee.pkgdef
[c9c4:0009][2026-05-10T01:01:59] Completed: Copying file /Contents/Common7/IDE/CommonExtensions/Platform/Debugger/cscompee.pkgdef to D:\Program Files (x86)\Microsoft Visual Studio\2022\BuildTools\Common7\IDE\CommonExtensions\Platform\Debugger\cscompee.pkgdef
[c9c4:0009][2026-05-10T01:01:59] Timestamp updated for file 'D:\Program Files (x86)\Microsoft Visual Studio\2022\BuildTools\Common7\IDE\CommonExtensions\Platform\Debugger\cscompee.pkgdef'.
[c9c4:0009][2026-05-10T01:01:59] Processing file /Contents/Common7/IDE/CommonExtensions/Platform/Debugger/SHMetapdb.pkgdef
[c9c4:0009][2026-05-10T01:01:59] Started: Copying file /Contents/Common7/IDE/CommonExtensions/Platform/Debugger/SHMetapdb.pkgdef to D:\Program Files (x86)\Microsoft Visual Studio\2022\BuildTools\Common7\IDE\CommonExtensions\Platform\Debugger\SHMetapdb.pkgdef
[c9c4:0009][2026-05-10T01:01:59] Completed: Copying file /Contents/Common7/IDE/CommonExtensions/Platform/Debugger/SHMetapdb.pkgdef to D:\Program Files (x86)\Microsoft Visual Studio\2022\BuildTools\Common7\IDE\CommonExtensions\Platform\Debugger\SHMetapdb.pkgdef
[c9c4:0009][2026-05-10T01:01:59] Timestamp updated for file 'D:\Program Files (x86)\Microsoft Visual Studio\2022\BuildTools\Common7\IDE\CommonExtensions\Platform\Debugger\SHMetapdb.pkgdef'.
[c9c4:0009][2026-05-10T01:01:59] Processing file /Contents/Common7/IDE/CommonExtensions/Platform/Debugger/VCSharp_EE_Registry.pkgdef
[c9c4:0009][2026-05-10T01:01:59] Started: Copying file /Contents/Common7/IDE/CommonExtensions/Platform/Debugger/VCSharp_EE_Registry.pkgdef to D:\Program Files (x86)\Microsoft Visual Studio\2022\BuildTools\Common7\IDE\CommonExtensions\Platform\Debugger\VCSharp_EE_Registry.pkgdef
[c9c4:0009][2026-05-10T01:01:59] Completed: Copying file /Contents/Common7/IDE/CommonExtensions/Platform/Debugger/VCSharp_EE_Registry.pkgdef to D:\Program Files (x86)\Microsoft Visual Studio\2022\BuildTools\Common7\IDE\CommonExtensions\Platform\Debugger\VCSharp_EE_Registry.pkgdef
[c9c4:0009][2026-05-10T01:01:59] Timestamp updated for file 'D:\Program Files (x86)\Microsoft Visual Studio\2022\BuildTools\Common7\IDE\CommonExtensions\Platform\Debugger\VCSharp_EE_Registry.pkgdef'.
[c9c4:0009][2026-05-10T01:01:59] Processing file /Contents/Common7/IDE/CommonExtensions/Platform/Debugger/Visualizers/.vsextension/extension.json
[c9c4:0009][2026-05-10T01:01:59] Started: Copying file /Contents/Common7/IDE/CommonExtensions/Platform/Debugger/Visualizers/.vsextension/extension.json to D:\Program Files (x86)\Microsoft Visual Studio\2022\BuildTools\Common7\IDE\CommonExtensions\Platform\Debugger\Visualizers\.vsextension\extension.json
[c9c4:0009][2026-05-10T01:01:59] Completed: Copying file /Contents/Common7/IDE/CommonExtensions/Platform/Debugger/Visualizers/.vsextension/extension.json to D:\Program Files (x86)\Microsoft Visual Studio\2022\BuildTools\Common7\IDE\CommonExtensions\Platform\Debugger\Visualizers\.vsextension\extension.json
[c9c4:0009][2026-05-10T01:01:59] Timestamp updated for file 'D:\Program Files (x86)\Microsoft Visual Studio\2022\BuildTools\Common7\IDE\CommonExtensions\Platform\Debugger\Visualizers\.vsextension\extension.json'.
[c9c4:0009][2026-05-10T01:01:59] Processing file /Contents/Common7/IDE/CommonExtensions/Platform/Debugger/Visualizers/.vsextension/string-resources.json
[c9c4:0009][2026-05-10T01:01:59] Started: Copying file /Contents/Common7/IDE/CommonExtensions/Platform/Debugger/Visualizers/.vsextension/string-resources.json to D:\Program Files (x86)\Microsoft Visual Studio\2022\BuildTools\Common7\IDE\CommonExtensions\Platform\Debugger\Visualizers\.vsextension\string-resources.json
[c9c4:0009][2026-05-10T01:01:59] Completed: Copying file /Contents/Common7/IDE/CommonExtensions/Platform/Debugger/Visualizers/.vsextension/string-resources.json to D:\Program Files (x86)\Microsoft Visual Studio\2022\BuildTools\Common7\IDE\CommonExtensions\Platform\Debugger\Visualizers\.vsextension\string-resources.json
[c9c4:0009][2026-05-10T01:01:59] Timestamp updated for file 'D:\Program Files (x86)\Microsoft Visual Studio\2022\BuildTools\Common7\IDE\CommonExtensions\Platform\Debugger\Visualizers\.vsextension\string-resources.json'.
[c9c4:0009][2026-05-10T01:01:59] Processing file /Contents/Common7/IDE/CommonExtensions/Platform/Debugger/Visualizers/DataSetVisualizer.UI.dll
[c9c4:0009][2026-05-10T01:01:59] Started: Copying file /Contents/Common7/IDE/CommonExtensions/Platform/Debugger/Visualizers/DataSetVisualizer.UI.dll to D:\Program Files (x86)\Microsoft Visual Studio\2022\BuildTools\Common7\IDE\CommonExtensions\Platform\Debugger\Visualizers\DataSetVisualizer.UI.dll
[c9c4:0009][2026-05-10T01:01:59] Completed: Copying file /Contents/Common7/IDE/CommonExtensions/Platform/Debugger/Visualizers/DataSetVisualizer.UI.dll to D:\Program Files (x86)\Microsoft Visual Studio\2022\BuildTools\Common7\IDE\CommonExtensions\Platform\Debugger\Visualizers\DataSetVisualizer.UI.dll
[c9c4:0009][2026-05-10T01:01:59] Timestamp updated for file 'D:\Program Files (x86)\Microsoft Visual Studio\2022\BuildTools\Common7\IDE\CommonExtensions\Platform\Debugger\Visualizers\DataSetVisualizer.UI.dll'.
[c9c4:0009][2026-05-10T01:01:59] Processing file /Contents/Common7/IDE/CommonExtensions/Platform/Debugger/Visualizers/IEnumerableVisualizer.UI.dll
[c9c4:0009][2026-05-10T01:01:59] Started: Copying file /Contents/Common7/IDE/CommonExtensions/Platform/Debugger/Visualizers/IEnumerableVisualizer.UI.dll to D:\Program Files (x86)\Microsoft Visual Studio\2022\BuildTools\Common7\IDE\CommonExtensions\Platform\Debugger\Visualizers\IEnumerableVisualizer.UI.dll
[c9c4:0009][2026-05-10T01:01:59] Completed: Copying file /Contents/Common7/IDE/CommonExtensions/Platform/Debugger/Visualizers/IEnumerableVisualizer.UI.dll to D:\Program Files (x86)\Microsoft Visual Studio\2022\BuildTools\Common7\IDE\CommonExtensions\Platform\Debugger\Visualizers\IEnumerableVisualizer.UI.dll
[c9c4:0009][2026-05-10T01:01:59] Timestamp updated for file 'D:\Program Files (x86)\Microsoft Visual Studio\2022\BuildTools\Common7\IDE\CommonExtensions\Platform\Debugger\Visualizers\IEnumerableVisualizer.UI.dll'.
[c9c4:0009][2026-05-10T01:01:59] Processing file /Contents/Common7/IDE/CommonExtensions/Platform/Debugger/Visualizers/Microsoft.VisualStudio.DebuggerVisualizers.ExtensionProviders.dll
[c9c4:0009][2026-05-10T01:01:59] Started: Copying file /Contents/Common7/IDE/CommonExtensions/Platform/Debugger/Visualizers/Microsoft.VisualStudio.DebuggerVisualizers.ExtensionProviders.dll to D:\Program Files (x86)\Microsoft Visual Studio\2022\BuildTools\Common7\IDE\CommonExtensions\Platform\Debugger\Visualizers\Microsoft.VisualStudio.DebuggerVisualizers.ExtensionProviders.dll
[c9c4:0009][2026-05-10T01:01:59] Completed: Copying file /Contents/Common7/IDE/CommonExtensions/Platform/Debugger/Visualizers/Microsoft.VisualStudio.DebuggerVisualizers.ExtensionProviders.dll to D:\Program Files (x86)\Microsoft Visual Studio\2022\BuildTools\Common7\IDE\CommonExtensions\Platform\Debugger\Visualizers\Microsoft.VisualStudio.DebuggerVisualizers.ExtensionProviders.dll
[c9c4:0009][2026-05-10T01:01:59] Timestamp updated for file 'D:\Program Files (x86)\Microsoft Visual Studio\2022\BuildTools\Common7\IDE\CommonExtensions\Platform\Debugger\Visualizers\Microsoft.VisualStudio.DebuggerVisualizers.ExtensionProviders.dll'.
[c9c4:0009][2026-05-10T01:01:59] Processing file /Contents/Common7/IDE/CommonExtensions/Platform/Debugger/Visualizers/Microsoft.VisualStudio.DebuggerVisualizers.Package.dll
[c9c4:0009][2026-05-10T01:01:59] Started: Copying file /Contents/Common7/IDE/CommonExtensions/Platform/Debugger/Visualizers/Microsoft.VisualStudio.DebuggerVisualizers.Package.dll to D:\Program Files (x86)\Microsoft Visual Studio\2022\BuildTools\Common7\IDE\CommonExtensions\Platform\Debugger\Visualizers\Microsoft.VisualStudio.DebuggerVisualizers.Package.dll
[c9c4:0009][2026-05-10T01:01:59] Completed: Copying file /Contents/Common7/IDE/CommonExtensions/Platform/Debugger/Visualizers/Microsoft.VisualStudio.DebuggerVisualizers.Package.dll to D:\Program Files (x86)\Microsoft Visual Studio\2022\BuildTools\Common7\IDE\CommonExtensions\Platform\Debugger\Visualizers\Microsoft.VisualStudio.DebuggerVisualizers.Package.dll
[c9c4:0009][2026-05-10T01:01:59] Timestamp updated for file 'D:\Program Files (x86)\Microsoft Visual Studio\2022\BuildTools\Common7\IDE\CommonExtensions\Platform\Debugger\Visualizers\Microsoft.VisualStudio.DebuggerVisualizers.Package.dll'.
[c9c4:0009][2026-05-10T01:01:59] Processing file /Contents/Common7/IDE/CommonExtensions/Platform/Debugger/Visualizers/Microsoft.VisualStudio.DebuggerVisualizers.Package.pkgdef
[c9c4:0009][2026-05-10T01:01:59] Started: Copying file /Contents/Common7/IDE/CommonExtensions/Platform/Debugger/Visualizers/Microsoft.VisualStudio.DebuggerVisualizers.Package.pkgdef to D:\Program Files (x86)\Microsoft Visual Studio\2022\BuildTools\Common7\IDE\CommonExtensions\Platform\Debugger\Visualizers\Microsoft.VisualStudio.DebuggerVisualizers.Package.pkgdef
[c9c4:0009][2026-05-10T01:01:59] Completed: Copying file /Contents/Common7/IDE/CommonExtensions/Platform/Debugger/Visualizers/Microsoft.VisualStudio.DebuggerVisualizers.Package.pkgdef to D:\Program Files (x86)\Microsoft Visual Studio\2022\BuildTools\Common7\IDE\CommonExtensions\Platform\Debugger\Visualizers\Microsoft.VisualStudio.DebuggerVisualizers.Package.pkgdef
[c9c4:0009][2026-05-10T01:01:59] Timestamp updated for file 'D:\Program Files (x86)\Microsoft Visual Studio\2022\BuildTools\Common7\IDE\CommonExtensions\Platform\Debugger\Visualizers\Microsoft.VisualStudio.DebuggerVisualizers.Package.pkgdef'.
[c9c4:0009][2026-05-10T01:01:59] Processing file /Contents/Common7/IDE/CommonExtensions/Platform/Debugger/Visualizers/net2.0/DataSetVisualizer.DebuggeeSide.dll
[c9c4:0009][2026-05-10T01:01:59] Started: Copying file /Contents/Common7/IDE/CommonExtensions/Platform/Debugger/Visualizers/net2.0/DataSetVisualizer.DebuggeeSide.dll to D:\Program Files (x86)\Microsoft Visual Studio\2022\BuildTools\Common7\IDE\CommonExtensions\Platform\Debugger\Visualizers\net2.0\DataSetVisualizer.DebuggeeSide.dll
[c9c4:0009][2026-05-10T01:01:59] Completed: Copying file /Contents/Common7/IDE/CommonExtensions/Platform/Debugger/Visualizers/net2.0/DataSetVisualizer.DebuggeeSide.dll to D:\Program Files (x86)\Microsoft Visual Studio\2022\BuildTools\Common7\IDE\CommonExtensions\Platform\Debugger\Visualizers\net2.0\DataSetVisualizer.DebuggeeSide.dll
[c9c4:0009][2026-05-10T01:01:59] Timestamp updated for file 'D:\Program Files (x86)\Microsoft Visual Studio\2022\BuildTools\Common7\IDE\CommonExtensions\Platform\Debugger\Visualizers\net2.0\DataSetVisualizer.DebuggeeSide.dll'.
[c9c4:0009][2026-05-10T01:01:59] Processing file /Contents/Common7/IDE/CommonExtensions/Platform/Debugger/Visualizers/net2.0/IEnumerableVisualizer.DebuggeeSide.dll
[c9c4:0009][2026-05-10T01:01:59] Started: Copying file /Contents/Common7/IDE/CommonExtensions/Platform/Debugger/Visualizers/net2.0/IEnumerableVisualizer.DebuggeeSide.dll to D:\Program Files (x86)\Microsoft Visual Studio\2022\BuildTools\Common7\IDE\CommonExtensions\Platform\Debugger\Visualizers\net2.0\IEnumerableVisualizer.DebuggeeSide.dll
[c9c4:0009][2026-05-10T01:01:59] Completed: Copying file /Contents/Common7/IDE/CommonExtensions/Platform/Debugger/Visualizers/net2.0/IEnumerableVisualizer.DebuggeeSide.dll to D:\Program Files (x86)\Microsoft Visual Studio\2022\BuildTools\Common7\IDE\CommonExtensions\Platform\Debugger\Visualizers\net2.0\IEnumerableVisualizer.DebuggeeSide.dll
[c9c4:0009][2026-05-10T01:01:59] Timestamp updated for file 'D:\Program Files (x86)\Microsoft Visual Studio\2022\BuildTools\Common7\IDE\CommonExtensions\Platform\Debugger\Visualizers\net2.0\IEnumerableVisualizer.DebuggeeSide.dll'.
[c9c4:0009][2026-05-10T01:01:59] Processing file /Contents/Common7/IDE/CommonExtensions/Platform/Debugger/Visualizers/net4.6.2/IEnumerableVisualizer.DebuggeeSide.dll
[c9c4:0009][2026-05-10T01:01:59] Started: Copying file /Contents/Common7/IDE/CommonExtensions/Platform/Debugger/Visualizers/net4.6.2/IEnumerableVisualizer.DebuggeeSide.dll to D:\Program Files (x86)\Microsoft Visual Studio\2022\BuildTools\Common7\IDE\CommonExtensions\Platform\Debugger\Visualizers\net4.6.2\IEnumerableVisualizer.DebuggeeSide.dll
[c9c4:0009][2026-05-10T01:01:59] Completed: Copying file /Contents/Common7/IDE/CommonExtensions/Platform/Debugger/Visualizers/net4.6.2/IEnumerableVisualizer.DebuggeeSide.dll to D:\Program Files (x86)\Microsoft Visual Studio\2022\BuildTools\Common7\IDE\CommonExtensions\Platform\Debugger\Visualizers\net4.6.2\IEnumerableVisualizer.DebuggeeSide.dll
[c9c4:0009][2026-05-10T01:01:59] Timestamp updated for file 'D:\Program Files (x86)\Microsoft Visual Studio\2022\BuildTools\Common7\IDE\CommonExtensions\Platform\Debugger\Visualizers\net4.6.2\IEnumerableVisualizer.DebuggeeSide.dll'.
[c9c4:0009][2026-05-10T01:01:59] Processing file /Contents/Common7/IDE/CommonExtensions/Platform/Debugger/Visualizers/netstandard2.0/DataSetVisualizer.DebuggeeSide.dll
[c9c4:0009][2026-05-10T01:01:59] Started: Copying file /Contents/Common7/IDE/CommonExtensions/Platform/Debugger/Visualizers/netstandard2.0/DataSetVisualizer.DebuggeeSide.dll to D:\Program Files (x86)\Microsoft Visual Studio\2022\BuildTools\Common7\IDE\CommonExtensions\Platform\Debugger\Visualizers\netstandard2.0\DataSetVisualizer.DebuggeeSide.dll
[c9c4:0009][2026-05-10T01:01:59] Completed: Copying file /Contents/Common7/IDE/CommonExtensions/Platform/Debugger/Visualizers/netstandard2.0/DataSetVisualizer.DebuggeeSide.dll to D:\Program Files (x86)\Microsoft Visual Studio\2022\BuildTools\Common7\IDE\CommonExtensions\Platform\Debugger\Visualizers\netstandard2.0\DataSetVisualizer.DebuggeeSide.dll
[c9c4:0009][2026-05-10T01:01:59] Timestamp updated for file 'D:\Program Files (x86)\Microsoft Visual Studio\2022\BuildTools\Common7\IDE\CommonExtensions\Platform\Debugger\Visualizers\netstandard2.0\DataSetVisualizer.DebuggeeSide.dll'.
[c9c4:0009][2026-05-10T01:01:59] Processing file /Contents/Common7/IDE/CommonExtensions/Platform/Debugger/Visualizers/netstandard2.0/IEnumerableVisualizer.DebuggeeSide.dll
[c9c4:0009][2026-05-10T01:01:59] Started: Copying file /Contents/Common7/IDE/CommonExtensions/Platform/Debugger/Visualizers/netstandard2.0/IEnumerableVisualizer.DebuggeeSide.dll to D:\Program Files (x86)\Microsoft Visual Studio\2022\BuildTools\Common7\IDE\CommonExtensions\Platform\Debugger\Visualizers\netstandard2.0\IEnumerableVisualizer.DebuggeeSide.dll
[c9c4:0009][2026-05-10T01:01:59] Completed: Copying file /Contents/Common7/IDE/CommonExtensions/Platform/Debugger/Visualizers/netstandard2.0/IEnumerableVisualizer.DebuggeeSide.dll to D:\Program Files (x86)\Microsoft Visual Studio\2022\BuildTools\Common7\IDE\CommonExtensions\Platform\Debugger\Visualizers\netstandard2.0\IEnumerableVisualizer.DebuggeeSide.dll
[c9c4:0009][2026-05-10T01:01:59] Timestamp updated for file 'D:\Program Files (x86)\Microsoft Visual Studio\2022\BuildTools\Common7\IDE\CommonExtensions\Platform\Debugger\Visualizers\netstandard2.0\IEnumerableVisualizer.DebuggeeSide.dll'.
[c9c4:0009][2026-05-10T01:01:59] Processing file /Contents/Common7/IDE/PrivateAssemblies/Microsoft.VisualStudio.OutOfProcessVisualizers.dll
[c9c4:0009][2026-05-10T01:01:59] Started: Copying file /Contents/Common7/IDE/PrivateAssemblies/Microsoft.VisualStudio.OutOfProcessVisualizers.dll to D:\Program Files (x86)\Microsoft Visual Studio\2022\BuildTools\Common7\IDE\PrivateAssemblies\Microsoft.VisualStudio.OutOfProcessVisualizers.dll
[c9c4:0009][2026-05-10T01:01:59] Completed: Copying file /Contents/Common7/IDE/PrivateAssemblies/Microsoft.VisualStudio.OutOfProcessVisualizers.dll to D:\Program Files (x86)\Microsoft Visual Studio\2022\BuildTools\Common7\IDE\PrivateAssemblies\Microsoft.VisualStudio.OutOfProcessVisualizers.dll
[c9c4:0009][2026-05-10T01:01:59] Timestamp updated for file 'D:\Program Files (x86)\Microsoft Visual Studio\2022\BuildTools\Common7\IDE\PrivateAssemblies\Microsoft.VisualStudio.OutOfProcessVisualizers.dll'.
[c9c4:0009][2026-05-10T01:01:59] Processing file /Contents/Common7/IDE/PublicAssemblies/Microsoft.VisualStudio.DebuggerVisualizers.dll
[c9c4:0009][2026-05-10T01:01:59] Started: Copying file /Contents/Common7/IDE/PublicAssemblies/Microsoft.VisualStudio.DebuggerVisualizers.dll to D:\Program Files (x86)\Microsoft Visual Studio\2022\BuildTools\Common7\IDE\PublicAssemblies\Microsoft.VisualStudio.DebuggerVisualizers.dll
[c9c4:0009][2026-05-10T01:01:59] Completed: Copying file /Contents/Common7/IDE/PublicAssemblies/Microsoft.VisualStudio.DebuggerVisualizers.dll to D:\Program Files (x86)\Microsoft Visual Studio\2022\BuildTools\Common7\IDE\PublicAssemblies\Microsoft.VisualStudio.DebuggerVisualizers.dll
[c9c4:0009][2026-05-10T01:01:59] Timestamp updated for file 'D:\Program Files (x86)\Microsoft Visual Studio\2022\BuildTools\Common7\IDE\PublicAssemblies\Microsoft.VisualStudio.DebuggerVisualizers.dll'.
[c9c4:0009][2026-05-10T01:01:59] Processing file /Contents/Common7/IDE/ReferenceAssemblies/v2.0/Microsoft.VisualStudio.DebuggerVisualizers.dll
[c9c4:0009][2026-05-10T01:01:59] Started: Copying file /Contents/Common7/IDE/ReferenceAssemblies/v2.0/Microsoft.VisualStudio.DebuggerVisualizers.dll to D:\Program Files (x86)\Microsoft Visual Studio\2022\BuildTools\Common7\IDE\ReferenceAssemblies\v2.0\Microsoft.VisualStudio.DebuggerVisualizers.dll
[c9c4:0009][2026-05-10T01:01:59] Completed: Copying file /Contents/Common7/IDE/ReferenceAssemblies/v2.0/Microsoft.VisualStudio.DebuggerVisualizers.dll to D:\Program Files (x86)\Microsoft Visual Studio\2022\BuildTools\Common7\IDE\ReferenceAssemblies\v2.0\Microsoft.VisualStudio.DebuggerVisualizers.dll
[c9c4:0009][2026-05-10T01:01:59] Timestamp updated for file 'D:\Program Files (x86)\Microsoft Visual Studio\2022\BuildTools\Common7\IDE\ReferenceAssemblies\v2.0\Microsoft.VisualStudio.DebuggerVisualizers.dll'.
[c9c4:0009][2026-05-10T01:01:59] Processing file /Contents/Common7/IDE/ReferenceAssemblies/v4.0/Microsoft.VisualStudio.DebuggerVisualizers.dll
[c9c4:0009][2026-05-10T01:01:59] Started: Copying file /Contents/Common7/IDE/ReferenceAssemblies/v4.0/Microsoft.VisualStudio.DebuggerVisualizers.dll to D:\Program Files (x86)\Microsoft Visual Studio\2022\BuildTools\Common7\IDE\ReferenceAssemblies\v4.0\Microsoft.VisualStudio.DebuggerVisualizers.dll
[c9c4:0009][2026-05-10T01:01:59] Completed: Copying file /Contents/Common7/IDE/ReferenceAssemblies/v4.0/Microsoft.VisualStudio.DebuggerVisualizers.dll to D:\Program Files (x86)\Microsoft Visual Studio\2022\BuildTools\Common7\IDE\ReferenceAssemblies\v4.0\Microsoft.VisualStudio.DebuggerVisualizers.dll
[c9c4:0009][2026-05-10T01:01:59] Timestamp updated for file 'D:\Program Files (x86)\Microsoft Visual Studio\2022\BuildTools\Common7\IDE\ReferenceAssemblies\v4.0\Microsoft.VisualStudio.DebuggerVisualizers.dll'.
[c9c4:0009][2026-05-10T01:01:59] Processing file /Contents/Common7/Packages/Debugger/cpde.dll
[c9c4:0009][2026-05-10T01:01:59] Started: Copying file /Contents/Common7/Packages/Debugger/cpde.dll to D:\Program Files (x86)\Microsoft Visual Studio\2022\BuildTools\Common7\Packages\Debugger\cpde.dll
[c9c4:0009][2026-05-10T01:01:59] Completed: Copying file /Contents/Common7/Packages/Debugger/cpde.dll to D:\Program Files (x86)\Microsoft Visual Studio\2022\BuildTools\Common7\Packages\Debugger\cpde.dll
[c9c4:0009][2026-05-10T01:01:59] Timestamp updated for file 'D:\Program Files (x86)\Microsoft Visual Studio\2022\BuildTools\Common7\Packages\Debugger\cpde.dll'.
[c9c4:0009][2026-05-10T01:01:59] Processing file /Contents/Common7/Packages/Debugger/cscompee.dll
[c9c4:0009][2026-05-10T01:01:59] Started: Copying file /Contents/Common7/Packages/Debugger/cscompee.dll to D:\Program Files (x86)\Microsoft Visual Studio\2022\BuildTools\Common7\Packages\Debugger\cscompee.dll
[c9c4:0009][2026-05-10T01:01:59] Completed: Copying file /Contents/Common7/Packages/Debugger/cscompee.dll to D:\Program Files (x86)\Microsoft Visual Studio\2022\BuildTools\Common7\Packages\Debugger\cscompee.dll
[c9c4:0009][2026-05-10T01:01:59] Timestamp updated for file 'D:\Program Files (x86)\Microsoft Visual Studio\2022\BuildTools\Common7\Packages\Debugger\cscompee.dll'.
[c9c4:0009][2026-05-10T01:01:59] Processing file /Contents/Common7/Packages/Debugger/dbgshim.dll
[c9c4:0009][2026-05-10T01:01:59] Started: Copying file /Contents/Common7/Packages/Debugger/dbgshim.dll to D:\Program Files (x86)\Microsoft Visual Studio\2022\BuildTools\Common7\Packages\Debugger\dbgshim.dll
[c9c4:0009][2026-05-10T01:01:59] Completed: Copying file /Contents/Common7/Packages/Debugger/dbgshim.dll to D:\Program Files (x86)\Microsoft Visual Studio\2022\BuildTools\Common7\Packages\Debugger\dbgshim.dll
[c9c4:0009][2026-05-10T01:01:59] Timestamp updated for file 'D:\Program Files (x86)\Microsoft Visual Studio\2022\BuildTools\Common7\Packages\Debugger\dbgshim.dll'.
[c9c4:0009][2026-05-10T01:01:59] Processing file /Contents/Common7/Packages/Debugger/MCppEE.dll
[c9c4:0009][2026-05-10T01:01:59] Started: Copying file /Contents/Common7/Packages/Debugger/MCppEE.dll to D:\Program Files (x86)\Microsoft Visual Studio\2022\BuildTools\Common7\Packages\Debugger\MCppEE.dll
[c9c4:0009][2026-05-10T01:01:59] Completed: Copying file /Contents/Common7/Packages/Debugger/MCppEE.dll to D:\Program Files (x86)\Microsoft Visual Studio\2022\BuildTools\Common7\Packages\Debugger\MCppEE.dll
[c9c4:0009][2026-05-10T01:01:59] Timestamp updated for file 'D:\Program Files (x86)\Microsoft Visual Studio\2022\BuildTools\Common7\Packages\Debugger\MCppEE.dll'.
[c9c4:0009][2026-05-10T01:01:59] Processing file /Contents/Common7/Packages/Debugger/MCppEE.vsdconfig
[c9c4:0009][2026-05-10T01:01:59] Started: Copying file /Contents/Common7/Packages/Debugger/MCppEE.vsdconfig to D:\Program Files (x86)\Microsoft Visual Studio\2022\BuildTools\Common7\Packages\Debugger\MCppEE.vsdconfig
[c9c4:0009][2026-05-10T01:01:59] Completed: Copying file /Contents/Common7/Packages/Debugger/MCppEE.vsdconfig to D:\Program Files (x86)\Microsoft Visual Studio\2022\BuildTools\Common7\Packages\Debugger\MCppEE.vsdconfig
[c9c4:0009][2026-05-10T01:01:59] Timestamp updated for file 'D:\Program Files (x86)\Microsoft Visual Studio\2022\BuildTools\Common7\Packages\Debugger\MCppEE.vsdconfig'.
[c9c4:0009][2026-05-10T01:01:59] Processing file /Contents/Common7/Packages/Debugger/monomscordbi.dll
[c9c4:0009][2026-05-10T01:01:59] Started: Copying file /Contents/Common7/Packages/Debugger/monomscordbi.dll to D:\Program Files (x86)\Microsoft Visual Studio\2022\BuildTools\Common7\Packages\Debugger\monomscordbi.dll
[c9c4:0009][2026-05-10T01:01:59] Completed: Copying file /Contents/Common7/Packages/Debugger/monomscordbi.dll to D:\Program Files (x86)\Microsoft Visual Studio\2022\BuildTools\Common7\Packages\Debugger\monomscordbi.dll
[c9c4:0009][2026-05-10T01:01:59] Timestamp updated for file 'D:\Program Files (x86)\Microsoft Visual Studio\2022\BuildTools\Common7\Packages\Debugger\monomscordbi.dll'.
[c9c4:0009][2026-05-10T01:01:59] Processing file /Contents/Common7/Packages/Debugger/shmetapdb.dll
[c9c4:0009][2026-05-10T01:01:59] Started: Copying file /Contents/Common7/Packages/Debugger/shmetapdb.dll to D:\Program Files (x86)\Microsoft Visual Studio\2022\BuildTools\Common7\Packages\Debugger\shmetapdb.dll
[c9c4:0009][2026-05-10T01:01:59] Completed: Copying file /Contents/Common7/Packages/Debugger/shmetapdb.dll to D:\Program Files (x86)\Microsoft Visual Studio\2022\BuildTools\Common7\Packages\Debugger\shmetapdb.dll
[c9c4:0009][2026-05-10T01:01:59] Timestamp updated for file 'D:\Program Files (x86)\Microsoft Visual Studio\2022\BuildTools\Common7\Packages\Debugger\shmetapdb.dll'.
[c9c4:0009][2026-05-10T01:01:59] Processing file /Contents/Common7/Packages/Debugger/Visualizers/net2.0/Microsoft.VisualStudio.DebuggerVisualizers.dll
[c9c4:0009][2026-05-10T01:01:59] Started: Copying file /Contents/Common7/Packages/Debugger/Visualizers/net2.0/Microsoft.VisualStudio.DebuggerVisualizers.dll to D:\Program Files (x86)\Microsoft Visual Studio\2022\BuildTools\Common7\Packages\Debugger\Visualizers\net2.0\Microsoft.VisualStudio.DebuggerVisualizers.dll
[c9c4:0009][2026-05-10T01:01:59] Completed: Copying file /Contents/Common7/Packages/Debugger/Visualizers/net2.0/Microsoft.VisualStudio.DebuggerVisualizers.dll to D:\Program Files (x86)\Microsoft Visual Studio\2022\BuildTools\Common7\Packages\Debugger\Visualizers\net2.0\Microsoft.VisualStudio.DebuggerVisualizers.dll
[c9c4:0009][2026-05-10T01:01:59] Timestamp updated for file 'D:\Program Files (x86)\Microsoft Visual Studio\2022\BuildTools\Common7\Packages\Debugger\Visualizers\net2.0\Microsoft.VisualStudio.DebuggerVisualizers.dll'.
[c9c4:0009][2026-05-10T01:01:59] Processing file /Contents/Common7/Packages/Debugger/Visualizers/net2.0/WpfTreeVisualizer.Common.dll
[c9c4:0009][2026-05-10T01:01:59] Started: Copying file /Contents/Common7/Packages/Debugger/Visualizers/net2.0/WpfTreeVisualizer.Common.dll to D:\Program Files (x86)\Microsoft Visual Studio\2022\BuildTools\Common7\Packages\Debugger\Visualizers\net2.0\WpfTreeVisualizer.Common.dll
[c9c4:0009][2026-05-10T01:01:59] Completed: Copying file /Contents/Common7/Packages/Debugger/Visualizers/net2.0/WpfTreeVisualizer.Common.dll to D:\Program Files (x86)\Microsoft Visual Studio\2022\BuildTools\Common7\Packages\Debugger\Visualizers\net2.0\WpfTreeVisualizer.Common.dll
[c9c4:0009][2026-05-10T01:01:59] Timestamp updated for file 'D:\Program Files (x86)\Microsoft Visual Studio\2022\BuildTools\Common7\Packages\Debugger\Visualizers\net2.0\WpfTreeVisualizer.Common.dll'.
[c9c4:0009][2026-05-10T01:01:59] Processing file /Contents/Common7/Packages/Debugger/Visualizers/net2.0/WpfTreeVisualizer.DebuggeeSide.dll
[c9c4:0009][2026-05-10T01:01:59] Started: Copying file /Contents/Common7/Packages/Debugger/Visualizers/net2.0/WpfTreeVisualizer.DebuggeeSide.dll to D:\Program Files (x86)\Microsoft Visual Studio\2022\BuildTools\Common7\Packages\Debugger\Visualizers\net2.0\WpfTreeVisualizer.DebuggeeSide.dll
[c9c4:0009][2026-05-10T01:01:59] Completed: Copying file /Contents/Common7/Packages/Debugger/Visualizers/net2.0/WpfTreeVisualizer.DebuggeeSide.dll to D:\Program Files (x86)\Microsoft Visual Studio\2022\BuildTools\Common7\Packages\Debugger\Visualizers\net2.0\WpfTreeVisualizer.DebuggeeSide.dll
[c9c4:0009][2026-05-10T01:01:59] Timestamp updated for file 'D:\Program Files (x86)\Microsoft Visual Studio\2022\BuildTools\Common7\Packages\Debugger\Visualizers\net2.0\WpfTreeVisualizer.DebuggeeSide.dll'.
[c9c4:0009][2026-05-10T01:01:59] Processing file /Contents/Common7/Packages/Debugger/Visualizers/net4.6.2/Microsoft.VisualStudio.DebuggerVisualizers.dll
[c9c4:0009][2026-05-10T01:01:59] Started: Copying file /Contents/Common7/Packages/Debugger/Visualizers/net4.6.2/Microsoft.VisualStudio.DebuggerVisualizers.dll to D:\Program Files (x86)\Microsoft Visual Studio\2022\BuildTools\Common7\Packages\Debugger\Visualizers\net4.6.2\Microsoft.VisualStudio.DebuggerVisualizers.dll
[c9c4:0009][2026-05-10T01:01:59] Completed: Copying file /Contents/Common7/Packages/Debugger/Visualizers/net4.6.2/Microsoft.VisualStudio.DebuggerVisualizers.dll to D:\Program Files (x86)\Microsoft Visual Studio\2022\BuildTools\Common7\Packages\Debugger\Visualizers\net4.6.2\Microsoft.VisualStudio.DebuggerVisualizers.dll
[c9c4:0009][2026-05-10T01:01:59] Timestamp updated for file 'D:\Program Files (x86)\Microsoft Visual Studio\2022\BuildTools\Common7\Packages\Debugger\Visualizers\net4.6.2\Microsoft.VisualStudio.DebuggerVisualizers.dll'.
[c9c4:0009][2026-05-10T01:01:59] Processing file /Contents/Common7/Packages/Debugger/Visualizers/netcoreapp/WpfTreeVisualizer.Common.dll
[c9c4:0009][2026-05-10T01:01:59] Started: Copying file /Contents/Common7/Packages/Debugger/Visualizers/netcoreapp/WpfTreeVisualizer.Common.dll to D:\Program Files (x86)\Microsoft Visual Studio\2022\BuildTools\Common7\Packages\Debugger\Visualizers\netcoreapp\WpfTreeVisualizer.Common.dll
[c9c4:0009][2026-05-10T01:01:59] Completed: Copying file /Contents/Common7/Packages/Debugger/Visualizers/netcoreapp/WpfTreeVisualizer.Common.dll to D:\Program Files (x86)\Microsoft Visual Studio\2022\BuildTools\Common7\Packages\Debugger\Visualizers\netcoreapp\WpfTreeVisualizer.Common.dll
[c9c4:0009][2026-05-10T01:01:59] Timestamp updated for file 'D:\Program Files (x86)\Microsoft Visual Studio\2022\BuildTools\Common7\Packages\Debugger\Visualizers\netcoreapp\WpfTreeVisualizer.Common.dll'.
[c9c4:0009][2026-05-10T01:01:59] Processing file /Contents/Common7/Packages/Debugger/Visualizers/netcoreapp/WpfTreeVisualizer.DebuggeeSide.dll
[c9c4:0009][2026-05-10T01:01:59] Started: Copying file /Contents/Common7/Packages/Debugger/Visualizers/netcoreapp/WpfTreeVisualizer.DebuggeeSide.dll to D:\Program Files (x86)\Microsoft Visual Studio\2022\BuildTools\Common7\Packages\Debugger\Visualizers\netcoreapp\WpfTreeVisualizer.DebuggeeSide.dll
[c9c4:0009][2026-05-10T01:01:59] Completed: Copying file /Contents/Common7/Packages/Debugger/Visualizers/netcoreapp/WpfTreeVisualizer.DebuggeeSide.dll to D:\Program Files (x86)\Microsoft Visual Studio\2022\BuildTools\Common7\Packages\Debugger\Visualizers\netcoreapp\WpfTreeVisualizer.DebuggeeSide.dll
[c9c4:0009][2026-05-10T01:01:59] Timestamp updated for file 'D:\Program Files (x86)\Microsoft Visual Studio\2022\BuildTools\Common7\Packages\Debugger\Visualizers\netcoreapp\WpfTreeVisualizer.DebuggeeSide.dll'.
[c9c4:0009][2026-05-10T01:01:59] Processing file /Contents/Common7/Packages/Debugger/Visualizers/netstandard2.0/Microsoft.VisualStudio.DebuggerVisualizers.dll
[c9c4:0009][2026-05-10T01:01:59] Started: Copying file /Contents/Common7/Packages/Debugger/Visualizers/netstandard2.0/Microsoft.VisualStudio.DebuggerVisualizers.dll to D:\Program Files (x86)\Microsoft Visual Studio\2022\BuildTools\Common7\Packages\Debugger\Visualizers\netstandard2.0\Microsoft.VisualStudio.DebuggerVisualizers.dll
[c9c4:0009][2026-05-10T01:01:59] Completed: Copying file /Contents/Common7/Packages/Debugger/Visualizers/netstandard2.0/Microsoft.VisualStudio.DebuggerVisualizers.dll to D:\Program Files (x86)\Microsoft Visual Studio\2022\BuildTools\Common7\Packages\Debugger\Visualizers\netstandard2.0\Microsoft.VisualStudio.DebuggerVisualizers.dll
[c9c4:0009][2026-05-10T01:01:59] Timestamp updated for file 'D:\Program Files (x86)\Microsoft Visual Studio\2022\BuildTools\Common7\Packages\Debugger\Visualizers\netstandard2.0\Microsoft.VisualStudio.DebuggerVisualizers.dll'.
[c9c4:0009][2026-05-10T01:01:59] Processing file /Contents/Common7/Packages/Debugger/Visualizers/netstandard2.0/Microsoft.VisualStudio.NetCoreAssemblyResolution.dll
[c9c4:0009][2026-05-10T01:01:59] Started: Copying file /Contents/Common7/Packages/Debugger/Visualizers/netstandard2.0/Microsoft.VisualStudio.NetCoreAssemblyResolution.dll to D:\Program Files (x86)\Microsoft Visual Studio\2022\BuildTools\Common7\Packages\Debugger\Visualizers\netstandard2.0\Microsoft.VisualStudio.NetCoreAssemblyResolution.dll
[c9c4:0009][2026-05-10T01:01:59] Completed: Copying file /Contents/Common7/Packages/Debugger/Visualizers/netstandard2.0/Microsoft.VisualStudio.NetCoreAssemblyResolution.dll to D:\Program Files (x86)\Microsoft Visual Studio\2022\BuildTools\Common7\Packages\Debugger\Visualizers\netstandard2.0\Microsoft.VisualStudio.NetCoreAssemblyResolution.dll
[c9c4:0009][2026-05-10T01:01:59] Timestamp updated for file 'D:\Program Files (x86)\Microsoft Visual Studio\2022\BuildTools\Common7\Packages\Debugger\Visualizers\netstandard2.0\Microsoft.VisualStudio.NetCoreAssemblyResolution.dll'.
[c9c4:0009][2026-05-10T01:01:59] Processing file /Contents/Common7/Packages/Debugger/Visualizers/netstandard2.0/Microsoft.VisualStudio.NetCoreSerializationHelper.dll
[c9c4:0009][2026-05-10T01:01:59] Started: Copying file /Contents/Common7/Packages/Debugger/Visualizers/netstandard2.0/Microsoft.VisualStudio.NetCoreSerializationHelper.dll to D:\Program Files (x86)\Microsoft Visual Studio\2022\BuildTools\Common7\Packages\Debugger\Visualizers\netstandard2.0\Microsoft.VisualStudio.NetCoreSerializationHelper.dll
[c9c4:0009][2026-05-10T01:01:59] Completed: Copying file /Contents/Common7/Packages/Debugger/Visualizers/netstandard2.0/Microsoft.VisualStudio.NetCoreSerializationHelper.dll to D:\Program Files (x86)\Microsoft Visual Studio\2022\BuildTools\Common7\Packages\Debugger\Visualizers\netstandard2.0\Microsoft.VisualStudio.NetCoreSerializationHelper.dll
[c9c4:0009][2026-05-10T01:01:59] Timestamp updated for file 'D:\Program Files (x86)\Microsoft Visual Studio\2022\BuildTools\Common7\Packages\Debugger\Visualizers\netstandard2.0\Microsoft.VisualStudio.NetCoreSerializationHelper.dll'.
[c9c4:0009][2026-05-10T01:01:59] Processing file /Contents/Common7/Packages/Debugger/Visualizers/Newtonsoft.Json/net3.5/Microsoft.VisualStudio.NewtonsoftSerializationHelper.dll
[c9c4:0009][2026-05-10T01:01:59] Started: Copying file /Contents/Common7/Packages/Debugger/Visualizers/Newtonsoft.Json/net3.5/Microsoft.VisualStudio.NewtonsoftSerializationHelper.dll to D:\Program Files (x86)\Microsoft Visual Studio\2022\BuildTools\Common7\Packages\Debugger\Visualizers\Newtonsoft.Json\net3.5\Microsoft.VisualStudio.NewtonsoftSerializationHelper.dll
[c9c4:0009][2026-05-10T01:01:59] Completed: Copying file /Contents/Common7/Packages/Debugger/Visualizers/Newtonsoft.Json/net3.5/Microsoft.VisualStudio.NewtonsoftSerializationHelper.dll to D:\Program Files (x86)\Microsoft Visual Studio\2022\BuildTools\Common7\Packages\Debugger\Visualizers\Newtonsoft.Json\net3.5\Microsoft.VisualStudio.NewtonsoftSerializationHelper.dll
[c9c4:0009][2026-05-10T01:01:59] Timestamp updated for file 'D:\Program Files (x86)\Microsoft Visual Studio\2022\BuildTools\Common7\Packages\Debugger\Visualizers\Newtonsoft.Json\net3.5\Microsoft.VisualStudio.NewtonsoftSerializationHelper.dll'.
[c9c4:0009][2026-05-10T01:01:59] Processing file /Contents/Common7/Packages/Debugger/Visualizers/Newtonsoft.Json/net3.5/Newtonsoft.Json.dll
[c9c4:0009][2026-05-10T01:01:59] Started: Copying file /Contents/Common7/Packages/Debugger/Visualizers/Newtonsoft.Json/net3.5/Newtonsoft.Json.dll to D:\Program Files (x86)\Microsoft Visual Studio\2022\BuildTools\Common7\Packages\Debugger\Visualizers\Newtonsoft.Json\net3.5\Newtonsoft.Json.dll
[c9c4:0009][2026-05-10T01:01:59] Completed: Copying file /Contents/Common7/Packages/Debugger/Visualizers/Newtonsoft.Json/net3.5/Newtonsoft.Json.dll to D:\Program Files (x86)\Microsoft Visual Studio\2022\BuildTools\Common7\Packages\Debugger\Visualizers\Newtonsoft.Json\net3.5\Newtonsoft.Json.dll
[c9c4:0009][2026-05-10T01:01:59] Timestamp updated for file 'D:\Program Files (x86)\Microsoft Visual Studio\2022\BuildTools\Common7\Packages\Debugger\Visualizers\Newtonsoft.Json\net3.5\Newtonsoft.Json.dll'.
[c9c4:0009][2026-05-10T01:01:59] Processing file /Contents/Common7/Packages/Debugger/Visualizers/Newtonsoft.Json/net4.5/Microsoft.VisualStudio.NewtonsoftSerializationHelper.dll
[c9c4:0009][2026-05-10T01:01:59] Started: Copying file /Contents/Common7/Packages/Debugger/Visualizers/Newtonsoft.Json/net4.5/Microsoft.VisualStudio.NewtonsoftSerializationHelper.dll to D:\Program Files (x86)\Microsoft Visual Studio\2022\BuildTools\Common7\Packages\Debugger\Visualizers\Newtonsoft.Json\net4.5\Microsoft.VisualStudio.NewtonsoftSerializationHelper.dll
[c9c4:0009][2026-05-10T01:01:59] Completed: Copying file /Contents/Common7/Packages/Debugger/Visualizers/Newtonsoft.Json/net4.5/Microsoft.VisualStudio.NewtonsoftSerializationHelper.dll to D:\Program Files (x86)\Microsoft Visual Studio\2022\BuildTools\Common7\Packages\Debugger\Visualizers\Newtonsoft.Json\net4.5\Microsoft.VisualStudio.NewtonsoftSerializationHelper.dll
[c9c4:0009][2026-05-10T01:01:59] Timestamp updated for file 'D:\Program Files (x86)\Microsoft Visual Studio\2022\BuildTools\Common7\Packages\Debugger\Visualizers\Newtonsoft.Json\net4.5\Microsoft.VisualStudio.NewtonsoftSerializationHelper.dll'.
[c9c4:0009][2026-05-10T01:01:59] Processing file /Contents/Common7/Packages/Debugger/Visualizers/Newtonsoft.Json/net4.5/Newtonsoft.Json.dll
[c9c4:0009][2026-05-10T01:01:59] Started: Copying file /Contents/Common7/Packages/Debugger/Visualizers/Newtonsoft.Json/net4.5/Newtonsoft.Json.dll to D:\Program Files (x86)\Microsoft Visual Studio\2022\BuildTools\Common7\Packages\Debugger\Visualizers\Newtonsoft.Json\net4.5\Newtonsoft.Json.dll
[c9c4:0009][2026-05-10T01:01:59] Completed: Copying file /Contents/Common7/Packages/Debugger/Visualizers/Newtonsoft.Json/net4.5/Newtonsoft.Json.dll to D:\Program Files (x86)\Microsoft Visual Studio\2022\BuildTools\Common7\Packages\Debugger\Visualizers\Newtonsoft.Json\net4.5\Newtonsoft.Json.dll
[c9c4:0009][2026-05-10T01:01:59] Timestamp updated for file 'D:\Program Files (x86)\Microsoft Visual Studio\2022\BuildTools\Common7\Packages\Debugger\Visualizers\Newtonsoft.Json\net4.5\Newtonsoft.Json.dll'.
[c9c4:0009][2026-05-10T01:01:59] Processing file /Contents/Common7/Packages/Debugger/Visualizers/Newtonsoft.Json/netstandard2.0/Microsoft.VisualStudio.NewtonsoftSerializationHelper.dll
[c9c4:0009][2026-05-10T01:01:59] Started: Copying file /Contents/Common7/Packages/Debugger/Visualizers/Newtonsoft.Json/netstandard2.0/Microsoft.VisualStudio.NewtonsoftSerializationHelper.dll to D:\Program Files (x86)\Microsoft Visual Studio\2022\BuildTools\Common7\Packages\Debugger\Visualizers\Newtonsoft.Json\netstandard2.0\Microsoft.VisualStudio.NewtonsoftSerializationHelper.dll
[c9c4:0009][2026-05-10T01:01:59] Completed: Copying file /Contents/Common7/Packages/Debugger/Visualizers/Newtonsoft.Json/netstandard2.0/Microsoft.VisualStudio.NewtonsoftSerializationHelper.dll to D:\Program Files (x86)\Microsoft Visual Studio\2022\BuildTools\Common7\Packages\Debugger\Visualizers\Newtonsoft.Json\netstandard2.0\Microsoft.VisualStudio.NewtonsoftSerializationHelper.dll
[c9c4:0009][2026-05-10T01:01:59] Timestamp updated for file 'D:\Program Files (x86)\Microsoft Visual Studio\2022\BuildTools\Common7\Packages\Debugger\Visualizers\Newtonsoft.Json\netstandard2.0\Microsoft.VisualStudio.NewtonsoftSerializationHelper.dll'.
[c9c4:0009][2026-05-10T01:01:59] Processing file /Contents/Common7/Packages/Debugger/Visualizers/Newtonsoft.Json/netstandard2.0/Newtonsoft.Json.dll
[c9c4:0009][2026-05-10T01:01:59] Started: Copying file /Contents/Common7/Packages/Debugger/Visualizers/Newtonsoft.Json/netstandard2.0/Newtonsoft.Json.dll to D:\Program Files (x86)\Microsoft Visual Studio\2022\BuildTools\Common7\Packages\Debugger\Visualizers\Newtonsoft.Json\netstandard2.0\Newtonsoft.Json.dll
[c9c4:0009][2026-05-10T01:01:59] Completed: Copying file /Contents/Common7/Packages/Debugger/Visualizers/Newtonsoft.Json/netstandard2.0/Newtonsoft.Json.dll to D:\Program Files (x86)\Microsoft Visual Studio\2022\BuildTools\Common7\Packages\Debugger\Visualizers\Newtonsoft.Json\netstandard2.0\Newtonsoft.Json.dll
[c9c4:0009][2026-05-10T01:01:59] Timestamp updated for file 'D:\Program Files (x86)\Microsoft Visual Studio\2022\BuildTools\Common7\Packages\Debugger\Visualizers\Newtonsoft.Json\netstandard2.0\Newtonsoft.Json.dll'.
[c9c4:0009][2026-05-10T01:01:59] Processing file /Contents/Common7/Packages/Debugger/Visualizers/Original/autoexp.cs
[c9c4:0009][2026-05-10T01:01:59] Started: Copying file /Contents/Common7/Packages/Debugger/Visualizers/Original/autoexp.cs to D:\Program Files (x86)\Microsoft Visual Studio\2022\BuildTools\Common7\Packages\Debugger\Visualizers\Original\autoexp.cs
[c9c4:0009][2026-05-10T01:01:59] Completed: Copying file /Contents/Common7/Packages/Debugger/Visualizers/Original/autoexp.cs to D:\Program Files (x86)\Microsoft Visual Studio\2022\BuildTools\Common7\Packages\Debugger\Visualizers\Original\autoexp.cs
[c9c4:0009][2026-05-10T01:01:59] Timestamp updated for file 'D:\Program Files (x86)\Microsoft Visual Studio\2022\BuildTools\Common7\Packages\Debugger\Visualizers\Original\autoexp.cs'.
[c9c4:0009][2026-05-10T01:01:59] Processing file /Contents/Common7/Packages/Debugger/Visualizers/Original/autoexp.dll
[c9c4:0009][2026-05-10T01:01:59] Started: Copying file /Contents/Common7/Packages/Debugger/Visualizers/Original/autoexp.dll to D:\Program Files (x86)\Microsoft Visual Studio\2022\BuildTools\Common7\Packages\Debugger\Visualizers\Original\autoexp.dll
[c9c4:0009][2026-05-10T01:01:59] Completed: Copying file /Contents/Common7/Packages/Debugger/Visualizers/Original/autoexp.dll to D:\Program Files (x86)\Microsoft Visual Studio\2022\BuildTools\Common7\Packages\Debugger\Visualizers\Original\autoexp.dll
[c9c4:0009][2026-05-10T01:01:59] Timestamp updated for file 'D:\Program Files (x86)\Microsoft Visual Studio\2022\BuildTools\Common7\Packages\Debugger\Visualizers\Original\autoexp.dll'.
[c9c4:0009][2026-05-10T01:01:59] Processing file /Contents/Common7/Packages/Debugger/Visualizers/WpfTreeVisualizer.Common.dll
[c9c4:0009][2026-05-10T01:01:59] Started: Copying file /Contents/Common7/Packages/Debugger/Visualizers/WpfTreeVisualizer.Common.dll to D:\Program Files (x86)\Microsoft Visual Studio\2022\BuildTools\Common7\Packages\Debugger\Visualizers\WpfTreeVisualizer.Common.dll
[c9c4:0009][2026-05-10T01:01:59] Completed: Copying file /Contents/Common7/Packages/Debugger/Visualizers/WpfTreeVisualizer.Common.dll to D:\Program Files (x86)\Microsoft Visual Studio\2022\BuildTools\Common7\Packages\Debugger\Visualizers\WpfTreeVisualizer.Common.dll
[c9c4:0009][2026-05-10T01:01:59] Timestamp updated for file 'D:\Program Files (x86)\Microsoft Visual Studio\2022\BuildTools\Common7\Packages\Debugger\Visualizers\WpfTreeVisualizer.Common.dll'.
[c9c4:0009][2026-05-10T01:01:59] Processing file /Contents/Common7/Packages/Debugger/Visualizers/WpfTreeVisualizer.UI.dll
[c9c4:0009][2026-05-10T01:01:59] Started: Copying file /Contents/Common7/Packages/Debugger/Visualizers/WpfTreeVisualizer.UI.dll to D:\Program Files (x86)\Microsoft Visual Studio\2022\BuildTools\Common7\Packages\Debugger\Visualizers\WpfTreeVisualizer.UI.dll
[c9c4:0009][2026-05-10T01:01:59] Completed: Copying file /Contents/Common7/Packages/Debugger/Visualizers/WpfTreeVisualizer.UI.dll to D:\Program Files (x86)\Microsoft Visual Studio\2022\BuildTools\Common7\Packages\Debugger\Visualizers\WpfTreeVisualizer.UI.dll
[c9c4:0009][2026-05-10T01:01:59] Timestamp updated for file 'D:\Program Files (x86)\Microsoft Visual Studio\2022\BuildTools\Common7\Packages\Debugger\Visualizers\WpfTreeVisualizer.UI.dll'.
[c9c4:0009][2026-05-10T01:01:59] Processing file /Contents/Common7/IDE/CommonExtensions/Platform/Debugger/Visualizers/extension.vsixmanifest
[c9c4:0009][2026-05-10T01:01:59] Started: Copying file /Contents/Common7/IDE/CommonExtensions/Platform/Debugger/Visualizers/extension.vsixmanifest to D:\Program Files (x86)\Microsoft Visual Studio\2022\BuildTools\Common7\IDE\CommonExtensions\Platform\Debugger\Visualizers\extension.vsixmanifest
[c9c4:0009][2026-05-10T01:01:59] Completed: Copying file /Contents/Common7/IDE/CommonExtensions/Platform/Debugger/Visualizers/extension.vsixmanifest to D:\Program Files (x86)\Microsoft Visual Studio\2022\BuildTools\Common7\IDE\CommonExtensions\Platform\Debugger\Visualizers\extension.vsixmanifest
[c9c4:0009][2026-05-10T01:01:59] Timestamp updated for file 'D:\Program Files (x86)\Microsoft Visual Studio\2022\BuildTools\Common7\IDE\CommonExtensions\Platform\Debugger\Visualizers\extension.vsixmanifest'.
[c9c4:0009][2026-05-10T01:01:59] Package executed successfully. Return code: 0
