[3c7c:000c][2026-05-10T01:36:06] Opening the package for processing
[3c7c:000c][2026-05-10T01:36:06] Using package payload to get the embedded manifest
[3c7c:000c][2026-05-10T01:36:06] Getting list of files within the package
[3c7c:000c][2026-05-10T01:36:06] Processing file /Contents/Common7/IDE/Extensions/Microsoft/CodeSense/Framework/CodeSenseColors.pkgdef
[3c7c:000c][2026-05-10T01:36:06] Started: Copying file /Contents/Common7/IDE/Extensions/Microsoft/CodeSense/Framework/CodeSenseColors.pkgdef to C:\Program Files (x86)\Microsoft Visual Studio\2022\BuildTools\Common7\IDE\Extensions\Microsoft\CodeSense\Framework\CodeSenseColors.pkgdef
[3c7c:000c][2026-05-10T01:36:06] Completed: Copying file /Contents/Common7/IDE/Extensions/Microsoft/CodeSense/Framework/CodeSenseColors.pkgdef to C:\Program Files (x86)\Microsoft Visual Studio\2022\BuildTools\Common7\IDE\Extensions\Microsoft\CodeSense\Framework\CodeSenseColors.pkgdef
[3c7c:000c][2026-05-10T01:36:06] Timestamp updated for file 'C:\Program Files (x86)\Microsoft Visual Studio\2022\BuildTools\Common7\IDE\Extensions\Microsoft\CodeSense\Framework\CodeSenseColors.pkgdef'.
[3c7c:000c][2026-05-10T01:36:06] Processing file /Contents/Common7/IDE/Extensions/Microsoft/CodeSense/Framework/CodeSenseFramework.pkgdef
[3c7c:000c][2026-05-10T01:36:06] Started: Copying file /Contents/Common7/IDE/Extensions/Microsoft/CodeSense/Framework/CodeSenseFramework.pkgdef to C:\Program Files (x86)\Microsoft Visual Studio\2022\BuildTools\Common7\IDE\Extensions\Microsoft\CodeSense\Framework\CodeSenseFramework.pkgdef
[3c7c:000c][2026-05-10T01:36:06] Completed: Copying file /Contents/Common7/IDE/Extensions/Microsoft/CodeSense/Framework/CodeSenseFramework.pkgdef to C:\Program Files (x86)\Microsoft Visual Studio\2022\BuildTools\Common7\IDE\Extensions\Microsoft\CodeSense\Framework\CodeSenseFramework.pkgdef
[3c7c:000c][2026-05-10T01:36:06] Timestamp updated for file 'C:\Program Files (x86)\Microsoft Visual Studio\2022\BuildTools\Common7\IDE\Extensions\Microsoft\CodeSense\Framework\CodeSenseFramework.pkgdef'.
[3c7c:000c][2026-05-10T01:36:06] Processing file /Contents/Common7/IDE/Extensions/Microsoft/CodeSense/Framework/Microsoft.VisualStudio.CodeSense.Common.dll
[3c7c:000c][2026-05-10T01:36:06] Started: Copying file /Contents/Common7/IDE/Extensions/Microsoft/CodeSense/Framework/Microsoft.VisualStudio.CodeSense.Common.dll to C:\Program Files (x86)\Microsoft Visual Studio\2022\BuildTools\Common7\IDE\Extensions\Microsoft\CodeSense\Framework\Microsoft.VisualStudio.CodeSense.Common.dll
[3c7c:000c][2026-05-10T01:36:06] Completed: Copying file /Contents/Common7/IDE/Extensions/Microsoft/CodeSense/Framework/Microsoft.VisualStudio.CodeSense.Common.dll to C:\Program Files (x86)\Microsoft Visual Studio\2022\BuildTools\Common7\IDE\Extensions\Microsoft\CodeSense\Framework\Microsoft.VisualStudio.CodeSense.Common.dll
[3c7c:000c][2026-05-10T01:36:06] Timestamp updated for file 'C:\Program Files (x86)\Microsoft Visual Studio\2022\BuildTools\Common7\IDE\Extensions\Microsoft\CodeSense\Framework\Microsoft.VisualStudio.CodeSense.Common.dll'.
[3c7c:000c][2026-05-10T01:36:06] Queueing C:\Program Files (x86)\Microsoft Visual Studio\2022\BuildTools\Common7\IDE\Extensions\Microsoft\CodeSense\Framework\Microsoft.VisualStudio.CodeSense.Common.dll for X86 ngen
[3c7c:000c][2026-05-10T01:36:06] Successfully queued file '/Contents/Common7/IDE/Extensions/Microsoft/CodeSense/Framework/Microsoft.VisualStudio.CodeSense.Common.dll' for ngen
[3c7c:000c][2026-05-10T01:36:06] Processing file /Contents/Common7/IDE/Extensions/Microsoft/CodeSense/Framework/Microsoft.VisualStudio.CodeSense.dll
[3c7c:000c][2026-05-10T01:36:06] Started: Copying file /Contents/Common7/IDE/Extensions/Microsoft/CodeSense/Framework/Microsoft.VisualStudio.CodeSense.dll to C:\Program Files (x86)\Microsoft Visual Studio\2022\BuildTools\Common7\IDE\Extensions\Microsoft\CodeSense\Framework\Microsoft.VisualStudio.CodeSense.dll
[3c7c:000c][2026-05-10T01:36:06] Completed: Copying file /Contents/Common7/IDE/Extensions/Microsoft/CodeSense/Framework/Microsoft.VisualStudio.CodeSense.dll to C:\Program Files (x86)\Microsoft Visual Studio\2022\BuildTools\Common7\IDE\Extensions\Microsoft\CodeSense\Framework\Microsoft.VisualStudio.CodeSense.dll
[3c7c:000c][2026-05-10T01:36:06] Timestamp updated for file 'C:\Program Files (x86)\Microsoft Visual Studio\2022\BuildTools\Common7\IDE\Extensions\Microsoft\CodeSense\Framework\Microsoft.VisualStudio.CodeSense.dll'.
[3c7c:000c][2026-05-10T01:36:06] Queueing C:\Program Files (x86)\Microsoft Visual Studio\2022\BuildTools\Common7\IDE\Extensions\Microsoft\CodeSense\Framework\Microsoft.VisualStudio.CodeSense.dll for X86 ngen
[3c7c:000c][2026-05-10T01:36:06] Successfully queued file '/Contents/Common7/IDE/Extensions/Microsoft/CodeSense/Framework/Microsoft.VisualStudio.CodeSense.dll' for ngen
[3c7c:000c][2026-05-10T01:36:06] Processing file /Contents/Common7/IDE/Extensions/Microsoft/CodeSense/Framework/Microsoft.VisualStudio.CodeSense.Roslyn.dll
[3c7c:000c][2026-05-10T01:36:06] Started: Copying file /Contents/Common7/IDE/Extensions/Microsoft/CodeSense/Framework/Microsoft.VisualStudio.CodeSense.Roslyn.dll to C:\Program Files (x86)\Microsoft Visual Studio\2022\BuildTools\Common7\IDE\Extensions\Microsoft\CodeSense\Framework\Microsoft.VisualStudio.CodeSense.Roslyn.dll
[3c7c:000c][2026-05-10T01:36:06] Completed: Copying file /Contents/Common7/IDE/Extensions/Microsoft/CodeSense/Framework/Microsoft.VisualStudio.CodeSense.Roslyn.dll to C:\Program Files (x86)\Microsoft Visual Studio\2022\BuildTools\Common7\IDE\Extensions\Microsoft\CodeSense\Framework\Microsoft.VisualStudio.CodeSense.Roslyn.dll
[3c7c:000c][2026-05-10T01:36:06] Timestamp updated for file 'C:\Program Files (x86)\Microsoft Visual Studio\2022\BuildTools\Common7\IDE\Extensions\Microsoft\CodeSense\Framework\Microsoft.VisualStudio.CodeSense.Roslyn.dll'.
[3c7c:000c][2026-05-10T01:36:06] Queueing C:\Program Files (x86)\Microsoft Visual Studio\2022\BuildTools\Common7\IDE\Extensions\Microsoft\CodeSense\Framework\Microsoft.VisualStudio.CodeSense.Roslyn.dll for X86 ngen
[3c7c:000c][2026-05-10T01:36:06] Successfully queued file '/Contents/Common7/IDE/Extensions/Microsoft/CodeSense/Framework/Microsoft.VisualStudio.CodeSense.Roslyn.dll' for ngen
[3c7c:000c][2026-05-10T01:36:06] Processing file /Contents/Common7/IDE/Extensions/Microsoft/CodeSense/Framework/extension.vsixmanifest
[3c7c:000c][2026-05-10T01:36:06] Started: Copying file /Contents/Common7/IDE/Extensions/Microsoft/CodeSense/Framework/extension.vsixmanifest to C:\Program Files (x86)\Microsoft Visual Studio\2022\BuildTools\Common7\IDE\Extensions\Microsoft\CodeSense\Framework\extension.vsixmanifest
[3c7c:000c][2026-05-10T01:36:06] Completed: Copying file /Contents/Common7/IDE/Extensions/Microsoft/CodeSense/Framework/extension.vsixmanifest to C:\Program Files (x86)\Microsoft Visual Studio\2022\BuildTools\Common7\IDE\Extensions\Microsoft\CodeSense\Framework\extension.vsixmanifest
[3c7c:000c][2026-05-10T01:36:06] Timestamp updated for file 'C:\Program Files (x86)\Microsoft Visual Studio\2022\BuildTools\Common7\IDE\Extensions\Microsoft\CodeSense\Framework\extension.vsixmanifest'.
[3c7c:000c][2026-05-10T01:36:06] Package executed successfully. Return code: 0
