[0c48:0003][2026-05-10T01:44:47] Using cached package manifest as the embedded manifest
[0c48:0003][2026-05-10T01:44:47] Processing file /Contents/Common7/Packages/Debugger/symbollocator.dll
[0c48:0003][2026-05-10T01:44:47] C:\Program Files (x86)\Microsoft Visual Studio\2022\BuildTools\Common7\Packages\Debugger\symbollocator.dll file deleted.
[0c48:0003][2026-05-10T01:44:47] Processing file /Contents/Common7/Packages/Debugger/msdia140.dll
[0c48:0003][2026-05-10T01:44:47] C:\Program Files (x86)\Microsoft Visual Studio\2022\BuildTools\Common7\Packages\Debugger\msdia140.dll file deleted.
[0c48:0003][2026-05-10T01:44:47] Processing file /Contents/Common7/Packages/Debugger/msvcp140_atomic_wait.dll
[0c48:0003][2026-05-10T01:44:47] C:\Program Files (x86)\Microsoft Visual Studio\2022\BuildTools\Common7\Packages\Debugger\msvcp140_atomic_wait.dll file deleted.
[0c48:0003][2026-05-10T01:44:47] Processing file /Contents/Common7/Packages/Debugger/VSDebug.dll
[0c48:0003][2026-05-10T01:44:47] C:\Program Files (x86)\Microsoft Visual Studio\2022\BuildTools\Common7\Packages\Debugger\VSDebug.dll file deleted.
[0c48:0003][2026-05-10T01:44:47] Processing file /Contents/Common7/Packages/Debugger/encmgr.dll
[0c48:0003][2026-05-10T01:44:47] C:\Program Files (x86)\Microsoft Visual Studio\2022\BuildTools\Common7\Packages\Debugger\encmgr.dll file deleted.
[0c48:0003][2026-05-10T01:44:47] Processing file /Contents/Common7/Packages/Debugger/UnifiedSettings/DebuggerOptions.registration.json
[0c48:0003][2026-05-10T01:44:47] C:\Program Files (x86)\Microsoft Visual Studio\2022\BuildTools\Common7\Packages\Debugger\UnifiedSettings\DebuggerOptions.registration.json file deleted.
[0c48:0003][2026-05-10T01:44:47] Processing file /Contents/Common7/IDE/Microsoft.VisualStudio.Debugger.dll
[0c48:0003][2026-05-10T01:44:47] C:\Program Files (x86)\Microsoft Visual Studio\2022\BuildTools\Common7\IDE\Microsoft.VisualStudio.Debugger.dll file deleted.
[0c48:0003][2026-05-10T01:44:47] Processing file /Contents/Common7/IDE/srcsrv.ini
[0c48:0003][2026-05-10T01:44:47] C:\Program Files (x86)\Microsoft Visual Studio\2022\BuildTools\Common7\IDE\srcsrv.ini file deleted.
[0c48:0003][2026-05-10T01:44:47] Processing file /Contents/Common7/IDE/srcsrv.dll
[0c48:0003][2026-05-10T01:44:47] C:\Program Files (x86)\Microsoft Visual Studio\2022\BuildTools\Common7\IDE\srcsrv.dll file deleted.
[0c48:0003][2026-05-10T01:44:47] Processing file /Contents/Common7/IDE/symsrv.yes
[0c48:0003][2026-05-10T01:44:47] C:\Program Files (x86)\Microsoft Visual Studio\2022\BuildTools\Common7\IDE\symsrv.yes file deleted.
[0c48:0003][2026-05-10T01:44:47] Processing file /Contents/Common7/IDE/symsrv.dll
[0c48:0003][2026-05-10T01:44:47] C:\Program Files (x86)\Microsoft Visual Studio\2022\BuildTools\Common7\IDE\symsrv.dll file deleted.
[0c48:0003][2026-05-10T01:44:47] Processing file /Contents/Common7/IDE/symsrvhost.exe
[0c48:0003][2026-05-10T01:44:47] C:\Program Files (x86)\Microsoft Visual Studio\2022\BuildTools\Common7\IDE\symsrvhost.exe file deleted.
[0c48:0003][2026-05-10T01:44:47] Processing file /Contents/Common7/IDE/Automation/VSDebug.dll
[0c48:0003][2026-05-10T01:44:47] C:\Program Files (x86)\Microsoft Visual Studio\2022\BuildTools\Common7\IDE\Automation\VSDebug.dll file deleted.
[0c48:0003][2026-05-10T01:44:47] Processing file /Contents/Common7/IDE/Automation/VSDebug.dll.manifest
[0c48:0003][2026-05-10T01:44:47] C:\Program Files (x86)\Microsoft Visual Studio\2022\BuildTools\Common7\IDE\Automation\VSDebug.dll.manifest file deleted.
[0c48:0003][2026-05-10T01:44:47] Processing file /Contents/Common7/IDE/PrivateAssemblies/Microsoft.VisualStudio.Debugger.Interop.Internal.dll
[0c48:0003][2026-05-10T01:44:47] C:\Program Files (x86)\Microsoft Visual Studio\2022\BuildTools\Common7\IDE\PrivateAssemblies\Microsoft.VisualStudio.Debugger.Interop.Internal.dll file deleted.
[0c48:0003][2026-05-10T01:44:47] Processing file /Contents/Common7/IDE/PrivateAssemblies/Microsoft.VisualStudio.Diagnostics.Common.dll
[0c48:0003][2026-05-10T01:44:47] C:\Program Files (x86)\Microsoft Visual Studio\2022\BuildTools\Common7\IDE\PrivateAssemblies\Microsoft.VisualStudio.Diagnostics.Common.dll file deleted.
[0c48:0003][2026-05-10T01:44:47] Processing file /Contents/Common7/IDE/PrivateAssemblies/Microsoft.VisualStudio.Debugger.SymbolLocator.Interop.dll
[0c48:0003][2026-05-10T01:44:47] C:\Program Files (x86)\Microsoft Visual Studio\2022\BuildTools\Common7\IDE\PrivateAssemblies\Microsoft.VisualStudio.Debugger.SymbolLocator.Interop.dll file deleted.
[0c48:0003][2026-05-10T01:44:47] Processing file /Contents/Common7/IDE/PrivateAssemblies/Microsoft.VisualStudio.Debugger.MemoryToolAnalyzer.dll
[0c48:0003][2026-05-10T01:44:47] C:\Program Files (x86)\Microsoft Visual Studio\2022\BuildTools\Common7\IDE\PrivateAssemblies\Microsoft.VisualStudio.Debugger.MemoryToolAnalyzer.dll file deleted.
[0c48:0003][2026-05-10T01:44:47] Processing file /Contents/Common7/IDE/PrivateAssemblies/Microsoft.VisualStudio.Debugger.Contracts.dll
[0c48:0003][2026-05-10T01:44:47] C:\Program Files (x86)\Microsoft Visual Studio\2022\BuildTools\Common7\IDE\PrivateAssemblies\Microsoft.VisualStudio.Debugger.Contracts.dll file deleted.
[0c48:0003][2026-05-10T01:44:47] Processing file /Contents/Common7/IDE/PrivateAssemblies/Microsoft.VisualStudio.Debugger.Azure.Shared.dll
[0c48:0003][2026-05-10T01:44:47] C:\Program Files (x86)\Microsoft Visual Studio\2022\BuildTools\Common7\IDE\PrivateAssemblies\Microsoft.VisualStudio.Debugger.Azure.Shared.dll file deleted.
[0c48:0003][2026-05-10T01:44:47] Processing file /Contents/Common7/IDE/PublicAssemblies/Microsoft.VisualStudio.Debugger.Interop.10.0.dll
[0c48:0003][2026-05-10T01:44:47] C:\Program Files (x86)\Microsoft Visual Studio\2022\BuildTools\Common7\IDE\PublicAssemblies\Microsoft.VisualStudio.Debugger.Interop.10.0.dll file deleted.
[0c48:0003][2026-05-10T01:44:47] Processing file /Contents/Common7/IDE/PublicAssemblies/Microsoft.VisualStudio.Debugger.Interop.11.0.dll
[0c48:0003][2026-05-10T01:44:47] C:\Program Files (x86)\Microsoft Visual Studio\2022\BuildTools\Common7\IDE\PublicAssemblies\Microsoft.VisualStudio.Debugger.Interop.11.0.dll file deleted.
[0c48:0003][2026-05-10T01:44:47] Processing file /Contents/Common7/IDE/PublicAssemblies/Microsoft.VisualStudio.Debugger.Interop.12.0.dll
[0c48:0003][2026-05-10T01:44:47] C:\Program Files (x86)\Microsoft Visual Studio\2022\BuildTools\Common7\IDE\PublicAssemblies\Microsoft.VisualStudio.Debugger.Interop.12.0.dll file deleted.
[0c48:0003][2026-05-10T01:44:47] Processing file /Contents/Common7/IDE/PublicAssemblies/Microsoft.VisualStudio.Debugger.Interop.14.0.dll
[0c48:0003][2026-05-10T01:44:47] C:\Program Files (x86)\Microsoft Visual Studio\2022\BuildTools\Common7\IDE\PublicAssemblies\Microsoft.VisualStudio.Debugger.Interop.14.0.dll file deleted.
[0c48:0003][2026-05-10T01:44:47] Processing file /Contents/Common7/IDE/PublicAssemblies/Microsoft.VisualStudio.Debugger.Interop.15.0.dll
[0c48:0003][2026-05-10T01:44:47] C:\Program Files (x86)\Microsoft Visual Studio\2022\BuildTools\Common7\IDE\PublicAssemblies\Microsoft.VisualStudio.Debugger.Interop.15.0.dll file deleted.
[0c48:0003][2026-05-10T01:44:47] Processing file /Contents/Common7/IDE/PublicAssemblies/Microsoft.VisualStudio.Debugger.Interop.16.0.dll
[0c48:0003][2026-05-10T01:44:47] C:\Program Files (x86)\Microsoft Visual Studio\2022\BuildTools\Common7\IDE\PublicAssemblies\Microsoft.VisualStudio.Debugger.Interop.16.0.dll file deleted.
[0c48:0003][2026-05-10T01:44:47] Processing file /Contents/Common7/IDE/PublicAssemblies/Microsoft.VisualStudio.Debugger.InteropA.dll
[0c48:0003][2026-05-10T01:44:47] C:\Program Files (x86)\Microsoft Visual Studio\2022\BuildTools\Common7\IDE\PublicAssemblies\Microsoft.VisualStudio.Debugger.InteropA.dll file deleted.
[0c48:0003][2026-05-10T01:44:47] Processing file /Contents/Common7/IDE/PublicAssemblies/Microsoft.VisualStudio.Debugger.Interop.17.0.dll
[0c48:0003][2026-05-10T01:44:47] C:\Program Files (x86)\Microsoft Visual Studio\2022\BuildTools\Common7\IDE\PublicAssemblies\Microsoft.VisualStudio.Debugger.Interop.17.0.dll file deleted.
[0c48:0003][2026-05-10T01:44:47] Processing file /Contents/Common7/IDE/CommonExtensions/Platform/ParallelDebugger/Microsoft.VisualStudio.Debugger.Parallel.Extension.dll
[0c48:0003][2026-05-10T01:44:47] C:\Program Files (x86)\Microsoft Visual Studio\2022\BuildTools\Common7\IDE\CommonExtensions\Platform\ParallelDebugger\Microsoft.VisualStudio.Debugger.Parallel.Extension.dll file deleted.
[0c48:0003][2026-05-10T01:44:47] Processing file /Contents/Common7/IDE/CommonExtensions/Platform/ParallelDebugger/Microsoft.VisualStudio.Debugger.Parallel.Extension.pkgdef
[0c48:0003][2026-05-10T01:44:47] C:\Program Files (x86)\Microsoft Visual Studio\2022\BuildTools\Common7\IDE\CommonExtensions\Platform\ParallelDebugger\Microsoft.VisualStudio.Debugger.Parallel.Extension.pkgdef file deleted.
[0c48:0003][2026-05-10T01:44:47] Processing file /Contents/Common7/IDE/CommonExtensions/Platform/ParallelDebugger/extension.vsixmanifest
[0c48:0003][2026-05-10T01:44:47] C:\Program Files (x86)\Microsoft Visual Studio\2022\BuildTools\Common7\IDE\CommonExtensions\Platform\ParallelDebugger\extension.vsixmanifest file deleted.
[0c48:0003][2026-05-10T01:44:47] Processing file /Contents/Common7/IDE/CommonExtensions/Platform/Debugger/extension.vsixmanifest
[0c48:0003][2026-05-10T01:44:47] C:\Program Files (x86)\Microsoft Visual Studio\2022\BuildTools\Common7\IDE\CommonExtensions\Platform\Debugger\extension.vsixmanifest file deleted.
[0c48:0003][2026-05-10T01:44:47] Processing file /Contents/Common7/IDE/CommonExtensions/Platform/Debugger/VsDebugPresentationPackage.imagemanifest
[0c48:0003][2026-05-10T01:44:47] C:\Program Files (x86)\Microsoft Visual Studio\2022\BuildTools\Common7\IDE\CommonExtensions\Platform\Debugger\VsDebugPresentationPackage.imagemanifest file deleted.
[0c48:0003][2026-05-10T01:44:47] Processing file /Contents/Common7/IDE/CommonExtensions/Platform/Debugger/VsDebugPresentationPackage.dll
[0c48:0003][2026-05-10T01:44:47] C:\Program Files (x86)\Microsoft Visual Studio\2022\BuildTools\Common7\IDE\CommonExtensions\Platform\Debugger\VsDebugPresentationPackage.dll file deleted.
[0c48:0003][2026-05-10T01:44:47] Processing file /Contents/Common7/IDE/CommonExtensions/Platform/Debugger/VsDebugPresentationPackage.pkgdef
[0c48:0003][2026-05-10T01:44:47] C:\Program Files (x86)\Microsoft Visual Studio\2022\BuildTools\Common7\IDE\CommonExtensions\Platform\Debugger\VsDebugPresentationPackage.pkgdef file deleted.
[0c48:0003][2026-05-10T01:44:47] Processing file /Contents/Common7/IDE/CommonExtensions/Platform/Debugger/vsdebug.imagemanifest
[0c48:0003][2026-05-10T01:44:47] C:\Program Files (x86)\Microsoft Visual Studio\2022\BuildTools\Common7\IDE\CommonExtensions\Platform\Debugger\vsdebug.imagemanifest file deleted.
[0c48:0003][2026-05-10T01:44:47] Processing file /Contents/Common7/IDE/CommonExtensions/Platform/Debugger/SymbolLocator.pkgdef
[0c48:0003][2026-05-10T01:44:47] C:\Program Files (x86)\Microsoft Visual Studio\2022\BuildTools\Common7\IDE\CommonExtensions\Platform\Debugger\SymbolLocator.pkgdef file deleted.
[0c48:0003][2026-05-10T01:44:47] Processing file /Contents/Common7/IDE/CommonExtensions/Platform/Debugger/VSDebugCoreUI.dll
[0c48:0003][2026-05-10T01:44:47] C:\Program Files (x86)\Microsoft Visual Studio\2022\BuildTools\Common7\IDE\CommonExtensions\Platform\Debugger\VSDebugCoreUI.dll file deleted.
[0c48:0003][2026-05-10T01:44:47] Processing file /Contents/Common7/IDE/CommonExtensions/Platform/Debugger/VSDebugCoreUI.pkgdef
[0c48:0003][2026-05-10T01:44:47] C:\Program Files (x86)\Microsoft Visual Studio\2022\BuildTools\Common7\IDE\CommonExtensions\Platform\Debugger\VSDebugCoreUI.pkgdef file deleted.
[0c48:0003][2026-05-10T01:44:47] Processing file /Contents/Common7/IDE/CommonExtensions/Platform/Debugger/VSDebug.pkgdef
[0c48:0003][2026-05-10T01:44:47] C:\Program Files (x86)\Microsoft Visual Studio\2022\BuildTools\Common7\IDE\CommonExtensions\Platform\Debugger\VSDebug.pkgdef file deleted.
[0c48:0003][2026-05-10T01:44:47] Processing file /Contents/Common7/IDE/CommonExtensions/Platform/Debugger/OpenFolderSchema.json
[0c48:0003][2026-05-10T01:44:47] C:\Program Files (x86)\Microsoft Visual Studio\2022\BuildTools\Common7\IDE\CommonExtensions\Platform\Debugger\OpenFolderSchema.json file deleted.
[0c48:0003][2026-05-10T01:44:47] Processing file /Contents/Common7/IDE/CommonExtensions/Platform/Debugger/crashdump.ico
[0c48:0003][2026-05-10T01:44:47] C:\Program Files (x86)\Microsoft Visual Studio\2022\BuildTools\Common7\IDE\CommonExtensions\Platform\Debugger\crashdump.ico file deleted.
[0c48:0003][2026-05-10T01:44:47] Processing file /Contents/Common7/IDE/CommonExtensions/Platform/Debugger/Microsoft.VisualStudio.Debugger.UI.Interfaces.dll
[0c48:0003][2026-05-10T01:44:47] C:\Program Files (x86)\Microsoft Visual Studio\2022\BuildTools\Common7\IDE\CommonExtensions\Platform\Debugger\Microsoft.VisualStudio.Debugger.UI.Interfaces.dll file deleted.
[0c48:0003][2026-05-10T01:44:47] Processing file /Contents/Common7/IDE/CommonExtensions/Platform/Debugger/ENCMgr.pkgdef
[0c48:0003][2026-05-10T01:44:47] C:\Program Files (x86)\Microsoft Visual Studio\2022\BuildTools\Common7\IDE\CommonExtensions\Platform\Debugger\ENCMgr.pkgdef file deleted.
[0c48:0003][2026-05-10T01:44:47] Processing file /Contents/Common7/IDE/CommonExtensions/Platform/Debugger/WebViews/DiagnosticAnalysisWindow.manifest.json
[0c48:0003][2026-05-10T01:44:47] C:\Program Files (x86)\Microsoft Visual Studio\2022\BuildTools\Common7\IDE\CommonExtensions\Platform\Debugger\WebViews\DiagnosticAnalysisWindow.manifest.json file deleted.
[0c48:0003][2026-05-10T01:44:47] Processing file /Contents/Common7/IDE/CommonExtensions/Platform/Debugger/WebViews/DiagnosticAnalysisWindow.html
[0c48:0003][2026-05-10T01:44:47] C:\Program Files (x86)\Microsoft Visual Studio\2022\BuildTools\Common7\IDE\CommonExtensions\Platform\Debugger\WebViews\DiagnosticAnalysisWindow.html file deleted.
[0c48:0003][2026-05-10T01:44:47] Processing file /Contents/Common7/IDE/CommonExtensions/Platform/Debugger/WebViews/DiagnosticAnalysisWindow.js
[0c48:0003][2026-05-10T01:44:47] C:\Program Files (x86)\Microsoft Visual Studio\2022\BuildTools\Common7\IDE\CommonExtensions\Platform\Debugger\WebViews\DiagnosticAnalysisWindow.js file deleted.
[0c48:0003][2026-05-10T01:44:47] Processing file /Contents/Common7/IDE/CommonExtensions/Platform/Debugger/WebViews/ResultsParser.min.js
[0c48:0003][2026-05-10T01:44:47] C:\Program Files (x86)\Microsoft Visual Studio\2022\BuildTools\Common7\IDE\CommonExtensions\Platform\Debugger\WebViews\ResultsParser.min.js file deleted.
[0c48:0003][2026-05-10T01:44:47] Processing file /Contents/Common7/IDE/CommonExtensions/Platform/Debugger/WebViews/DiagnosticAnalysisWindow.css
[0c48:0003][2026-05-10T01:44:47] C:\Program Files (x86)\Microsoft Visual Studio\2022\BuildTools\Common7\IDE\CommonExtensions\Platform\Debugger\WebViews\DiagnosticAnalysisWindow.css file deleted.
[0c48:0003][2026-05-10T01:44:47] Processing file /Contents/Common7/IDE/CommonExtensions/Platform/Debugger/WebViews/camera.svg
[0c48:0003][2026-05-10T01:44:47] C:\Program Files (x86)\Microsoft Visual Studio\2022\BuildTools\Common7\IDE\CommonExtensions\Platform\Debugger\WebViews\camera.svg file deleted.
[0c48:0003][2026-05-10T01:44:47] Processing file /Contents/Common7/IDE/CommonExtensions/Platform/Debugger/WebViews/memory.svg
[0c48:0003][2026-05-10T01:44:47] C:\Program Files (x86)\Microsoft Visual Studio\2022\BuildTools\Common7\IDE\CommonExtensions\Platform\Debugger\WebViews\memory.svg file deleted.
[0c48:0003][2026-05-10T01:44:47] Processing file /Contents/Common7/IDE/CommonExtensions/Platform/Debugger/WebViews/snapshotpoint.svg
[0c48:0003][2026-05-10T01:44:47] C:\Program Files (x86)\Microsoft Visual Studio\2022\BuildTools\Common7\IDE\CommonExtensions\Platform\Debugger\WebViews\snapshotpoint.svg file deleted.
[0c48:0003][2026-05-10T01:44:47] Processing file /Contents/Common7/IDE/CommonExtensions/Platform/Debugger/WebViews/camera.png
[0c48:0003][2026-05-10T01:44:47] C:\Program Files (x86)\Microsoft Visual Studio\2022\BuildTools\Common7\IDE\CommonExtensions\Platform\Debugger\WebViews\camera.png file deleted.
[0c48:0003][2026-05-10T01:44:47] Processing file /Contents/Common7/IDE/CommonExtensions/Platform/Debugger/WebViews/delete.png
[0c48:0003][2026-05-10T01:44:47] C:\Program Files (x86)\Microsoft Visual Studio\2022\BuildTools\Common7\IDE\CommonExtensions\Platform\Debugger\WebViews\delete.png file deleted.
[0c48:0003][2026-05-10T01:44:47] Processing file /Contents/Common7/IDE/CommonExtensions/Platform/Debugger/WebViews/gcGlyph.png
[0c48:0003][2026-05-10T01:44:47] C:\Program Files (x86)\Microsoft Visual Studio\2022\BuildTools\Common7\IDE\CommonExtensions\Platform\Debugger\WebViews\gcGlyph.png file deleted.
[0c48:0003][2026-05-10T01:44:47] Processing file /Contents/Common7/IDE/CommonExtensions/Platform/Debugger/WebViews/inspect.png
[0c48:0003][2026-05-10T01:44:47] C:\Program Files (x86)\Microsoft Visual Studio\2022\BuildTools\Common7\IDE\CommonExtensions\Platform\Debugger\WebViews\inspect.png file deleted.
[0c48:0003][2026-05-10T01:44:47] Processing file /Contents/Common7/IDE/CommonExtensions/Platform/Debugger/WebViews/mma_icons.png
[0c48:0003][2026-05-10T01:44:47] C:\Program Files (x86)\Microsoft Visual Studio\2022\BuildTools\Common7\IDE\CommonExtensions\Platform\Debugger\WebViews\mma_icons.png file deleted.
[0c48:0003][2026-05-10T01:44:47] Processing file /Contents/Common7/IDE/CommonExtensions/Platform/Debugger/WebViews/snapshotGlyph.png
[0c48:0003][2026-05-10T01:44:47] C:\Program Files (x86)\Microsoft Visual Studio\2022\BuildTools\Common7\IDE\CommonExtensions\Platform\Debugger\WebViews\snapshotGlyph.png file deleted.
[0c48:0003][2026-05-10T01:44:47] Processing file /Contents/Common7/IDE/CommonExtensions/Platform/Debugger/WebViews/spacer.png
[0c48:0003][2026-05-10T01:44:47] C:\Program Files (x86)\Microsoft Visual Studio\2022\BuildTools\Common7\IDE\CommonExtensions\Platform\Debugger\WebViews\spacer.png file deleted.
[0c48:0003][2026-05-10T01:44:47] Processing file /Contents/Common7/IDE/CommonExtensions/Platform/Debugger/WebViews/MemoryAnalyzerSwimlaneFactory.js
[0c48:0003][2026-05-10T01:44:47] C:\Program Files (x86)\Microsoft Visual Studio\2022\BuildTools\Common7\IDE\CommonExtensions\Platform\Debugger\WebViews\MemoryAnalyzerSwimlaneFactory.js file deleted.
[0c48:0003][2026-05-10T01:44:47] Processing file /Contents/Common7/IDE/CommonExtensions/Platform/Debugger/WebViews/MemoryAnalyzerSwimlaneFactory.manifest.json
[0c48:0003][2026-05-10T01:44:47] C:\Program Files (x86)\Microsoft Visual Studio\2022\BuildTools\Common7\IDE\CommonExtensions\Platform\Debugger\WebViews\MemoryAnalyzerSwimlaneFactory.manifest.json file deleted.
[0c48:0003][2026-05-10T01:44:47] Processing file /Contents/Common7/IDE/CommonExtensions/Platform/Debugger/WebViews/ManagedMemorySwimlaneView.html
[0c48:0003][2026-05-10T01:44:47] C:\Program Files (x86)\Microsoft Visual Studio\2022\BuildTools\Common7\IDE\CommonExtensions\Platform\Debugger\WebViews\ManagedMemorySwimlaneView.html file deleted.
[0c48:0003][2026-05-10T01:44:47] Processing file /Contents/Common7/IDE/CommonExtensions/Platform/Debugger/WebViews/grid.css
[0c48:0003][2026-05-10T01:44:47] C:\Program Files (x86)\Microsoft Visual Studio\2022\BuildTools\Common7\IDE\CommonExtensions\Platform\Debugger\WebViews\grid.css file deleted.
[0c48:0003][2026-05-10T01:44:47] Processing file /Contents/Common7/IDE/CommonExtensions/Platform/Debugger/WebViews/WebView2/diagnosticsHub.js
[0c48:0003][2026-05-10T01:44:47] C:\Program Files (x86)\Microsoft Visual Studio\2022\BuildTools\Common7\IDE\CommonExtensions\Platform\Debugger\WebViews\WebView2\diagnosticsHub.js file deleted.
[0c48:0003][2026-05-10T01:44:47] Processing file /Contents/Common7/IDE/CommonExtensions/Platform/Debugger/WebViews/Icons/itemCollapsed.png
[0c48:0003][2026-05-10T01:44:47] C:\Program Files (x86)\Microsoft Visual Studio\2022\BuildTools\Common7\IDE\CommonExtensions\Platform\Debugger\WebViews\Icons\itemCollapsed.png file deleted.
[0c48:0003][2026-05-10T01:44:47] Processing file /Contents/Common7/IDE/CommonExtensions/Platform/Debugger/WebViews/Icons/itemExpanded.png
[0c48:0003][2026-05-10T01:44:47] C:\Program Files (x86)\Microsoft Visual Studio\2022\BuildTools\Common7\IDE\CommonExtensions\Platform\Debugger\WebViews\Icons\itemExpanded.png file deleted.
[0c48:0003][2026-05-10T01:44:47] Processing file /Contents/Common7/IDE/CommonExtensions/Platform/Debugger/WebViews/BptDiagnosticCommon/JSTreeDynamicGridControl.js
[0c48:0003][2026-05-10T01:44:47] C:\Program Files (x86)\Microsoft Visual Studio\2022\BuildTools\Common7\IDE\CommonExtensions\Platform\Debugger\WebViews\BptDiagnosticCommon\JSTreeDynamicGridControl.js file deleted.
[0c48:0003][2026-05-10T01:44:47] Processing file /Contents/Common7/IDE/CommonExtensions/Platform/Debugger/WebViews/BptDiagnosticCommon/MicrosoftAjax-4.0.0.0.debug.js
[0c48:0003][2026-05-10T01:44:47] C:\Program Files (x86)\Microsoft Visual Studio\2022\BuildTools\Common7\IDE\CommonExtensions\Platform\Debugger\WebViews\BptDiagnosticCommon\MicrosoftAjax-4.0.0.0.debug.js file deleted.
[0c48:0003][2026-05-10T01:44:47] Processing file /Contents/Common7/IDE/CommonExtensions/Platform/Debugger/WebViews/BptDiagnosticCommon/Icons/add_row.png
[0c48:0003][2026-05-10T01:44:47] C:\Program Files (x86)\Microsoft Visual Studio\2022\BuildTools\Common7\IDE\CommonExtensions\Platform\Debugger\WebViews\BptDiagnosticCommon\Icons\add_row.png file deleted.
[0c48:0003][2026-05-10T01:44:47] Processing file /Contents/Common7/IDE/CommonExtensions/Platform/Debugger/WebViews/BptDiagnosticCommon/Icons/columnmove.png
[0c48:0003][2026-05-10T01:44:47] C:\Program Files (x86)\Microsoft Visual Studio\2022\BuildTools\Common7\IDE\CommonExtensions\Platform\Debugger\WebViews\BptDiagnosticCommon\Icons\columnmove.png file deleted.
[0c48:0003][2026-05-10T01:44:47] Processing file /Contents/Common7/IDE/CommonExtensions/Platform/Debugger/WebViews/BptDiagnosticCommon/Icons/common-icons.png
[0c48:0003][2026-05-10T01:44:47] C:\Program Files (x86)\Microsoft Visual Studio\2022\BuildTools\Common7\IDE\CommonExtensions\Platform\Debugger\WebViews\BptDiagnosticCommon\Icons\common-icons.png file deleted.
[0c48:0003][2026-05-10T01:44:47] Processing file /Contents/Common7/IDE/CommonExtensions/Platform/Debugger/WebViews/BptDiagnosticCommon/Icons/copy.png
[0c48:0003][2026-05-10T01:44:47] C:\Program Files (x86)\Microsoft Visual Studio\2022\BuildTools\Common7\IDE\CommonExtensions\Platform\Debugger\WebViews\BptDiagnosticCommon\Icons\copy.png file deleted.
[0c48:0003][2026-05-10T01:44:47] Processing file /Contents/Common7/IDE/CommonExtensions/Platform/Debugger/WebViews/BptDiagnosticCommon/Icons/hotItem.png
[0c48:0003][2026-05-10T01:44:47] C:\Program Files (x86)\Microsoft Visual Studio\2022\BuildTools\Common7\IDE\CommonExtensions\Platform\Debugger\WebViews\BptDiagnosticCommon\Icons\hotItem.png file deleted.
[0c48:0003][2026-05-10T01:44:47] Processing file /Contents/Common7/IDE/CommonExtensions/Platform/Debugger/WebViews/BptDiagnosticCommon/Icons/hotPath.png
[0c48:0003][2026-05-10T01:44:47] C:\Program Files (x86)\Microsoft Visual Studio\2022\BuildTools\Common7\IDE\CommonExtensions\Platform\Debugger\WebViews\BptDiagnosticCommon\Icons\hotPath.png file deleted.
[0c48:0003][2026-05-10T01:44:47] Processing file /Contents/Common7/IDE/CommonExtensions/Platform/Debugger/WebViews/BptDiagnosticCommon/Icons/itemCollapsedIcon.png
[0c48:0003][2026-05-10T01:44:47] C:\Program Files (x86)\Microsoft Visual Studio\2022\BuildTools\Common7\IDE\CommonExtensions\Platform\Debugger\WebViews\BptDiagnosticCommon\Icons\itemCollapsedIcon.png file deleted.
[0c48:0003][2026-05-10T01:44:47] Processing file /Contents/Common7/IDE/CommonExtensions/Platform/Debugger/WebViews/BptDiagnosticCommon/Icons/itemExpandedIcon.png
[0c48:0003][2026-05-10T01:44:47] C:\Program Files (x86)\Microsoft Visual Studio\2022\BuildTools\Common7\IDE\CommonExtensions\Platform\Debugger\WebViews\BptDiagnosticCommon\Icons\itemExpandedIcon.png file deleted.
[0c48:0003][2026-05-10T01:44:47] Processing file /Contents/Common7/IDE/CommonExtensions/Platform/Debugger/WebViews/BptDiagnosticCommon/Icons/misc-icons.png
[0c48:0003][2026-05-10T01:44:47] C:\Program Files (x86)\Microsoft Visual Studio\2022\BuildTools\Common7\IDE\CommonExtensions\Platform\Debugger\WebViews\BptDiagnosticCommon\Icons\misc-icons.png file deleted.
[0c48:0003][2026-05-10T01:44:47] Processing file /Contents/Common7/IDE/CommonExtensions/Platform/Debugger/WebViews/BptDiagnosticCommon/Icons/tree-icons.png
[0c48:0003][2026-05-10T01:44:47] C:\Program Files (x86)\Microsoft Visual Studio\2022\BuildTools\Common7\IDE\CommonExtensions\Platform\Debugger\WebViews\BptDiagnosticCommon\Icons\tree-icons.png file deleted.
[0c48:0003][2026-05-10T01:44:47] Processing file /Contents/Common7/IDE/CommonExtensions/Platform/Debugger/WebViews/Controls/WebView2/diagnosticsHub.js
[0c48:0003][2026-05-10T01:44:47] C:\Program Files (x86)\Microsoft Visual Studio\2022\BuildTools\Common7\IDE\CommonExtensions\Platform\Debugger\WebViews\Controls\WebView2\diagnosticsHub.js file deleted.
[0c48:0003][2026-05-10T01:44:47] Processing file /Contents/Common7/IDE/CommonExtensions/Platform/Debugger/WebViews/Controls/WebView2/dataGrid.css
[0c48:0003][2026-05-10T01:44:47] C:\Program Files (x86)\Microsoft Visual Studio\2022\BuildTools\Common7\IDE\CommonExtensions\Platform\Debugger\WebViews\Controls\WebView2\dataGrid.css file deleted.
[0c48:0003][2026-05-10T01:44:47] Processing file /Contents/Common7/IDE/CommonExtensions/Platform/Debugger/WebViews/Controls/WebView2/treeGrid.css
[0c48:0003][2026-05-10T01:44:47] C:\Program Files (x86)\Microsoft Visual Studio\2022\BuildTools\Common7\IDE\CommonExtensions\Platform\Debugger\WebViews\Controls\WebView2\treeGrid.css file deleted.
[0c48:0003][2026-05-10T01:44:47] Processing file /Contents/Common7/IDE/CommonExtensions/Platform/Debugger/WebViews/Controls/css/dataGrid.css
[0c48:0003][2026-05-10T01:44:47] C:\Program Files (x86)\Microsoft Visual Studio\2022\BuildTools\Common7\IDE\CommonExtensions\Platform\Debugger\WebViews\Controls\css\dataGrid.css file deleted.
[0c48:0003][2026-05-10T01:44:47] Processing file /Contents/Common7/IDE/CommonExtensions/Platform/Debugger/WebViews/Controls/css/treeGrid.css
[0c48:0003][2026-05-10T01:44:47] C:\Program Files (x86)\Microsoft Visual Studio\2022\BuildTools\Common7\IDE\CommonExtensions\Platform\Debugger\WebViews\Controls\css\treeGrid.css file deleted.
[0c48:0003][2026-05-10T01:44:47] Processing file /Contents/Common7/IDE/CommonExtensions/Platform/Debugger/WebViews/Knockout/knockout-3.4.0.js
[0c48:0003][2026-05-10T01:44:47] C:\Program Files (x86)\Microsoft Visual Studio\2022\BuildTools\Common7\IDE\CommonExtensions\Platform\Debugger\WebViews\Knockout\knockout-3.4.0.js file deleted.
[0c48:0003][2026-05-10T01:44:47] Started: Deleting empty directories
[0c48:0003][2026-05-10T01:44:47] Completed: Deleting empty directories
[0c48:0003][2026-05-10T01:44:47] Package executed successfully. Return code: 0
