[da4c:0007][2026-05-10T00:50:12] Opening the package for processing
[da4c:0007][2026-05-10T00:50:12] Using package payload to get the embedded manifest
[da4c:0007][2026-05-10T00:50:12] Getting list of files within the package
[da4c:0007][2026-05-10T00:50:12] Processing file /Contents/VC%23/DesignerTemplates/1033/InheritedTemplate.cs
[da4c:0007][2026-05-10T00:50:12] Started: Copying file /Contents/VC%23/DesignerTemplates/1033/InheritedTemplate.cs to D:\Program\VC#\DesignerTemplates\1033\InheritedTemplate.cs
[da4c:0007][2026-05-10T00:50:12] Completed: Copying file /Contents/VC%23/DesignerTemplates/1033/InheritedTemplate.cs to D:\Program\VC#\DesignerTemplates\1033\InheritedTemplate.cs
[da4c:0007][2026-05-10T00:50:12] Timestamp updated for file 'D:\Program\VC#\DesignerTemplates\1033\InheritedTemplate.cs'.
[da4c:0007][2026-05-10T00:50:12] Processing file /Contents/VC%23/DesignerTemplates/1033/InheritedTemplate.Designer.cs
[da4c:0007][2026-05-10T00:50:12] Started: Copying file /Contents/VC%23/DesignerTemplates/1033/InheritedTemplate.Designer.cs to D:\Program\VC#\DesignerTemplates\1033\InheritedTemplate.Designer.cs
[da4c:0007][2026-05-10T00:50:12] Completed: Copying file /Contents/VC%23/DesignerTemplates/1033/InheritedTemplate.Designer.cs to D:\Program\VC#\DesignerTemplates\1033\InheritedTemplate.Designer.cs
[da4c:0007][2026-05-10T00:50:12] Timestamp updated for file 'D:\Program\VC#\DesignerTemplates\1033\InheritedTemplate.Designer.cs'.
[da4c:0007][2026-05-10T00:50:12] Processing file /Contents/VC%23/Snippets/1033/NetFX30/propa.snippet
[da4c:0007][2026-05-10T00:50:12] Started: Copying file /Contents/VC%23/Snippets/1033/NetFX30/propa.snippet to D:\Program\VC#\Snippets\1033\NetFX30\propa.snippet
[da4c:0007][2026-05-10T00:50:12] Completed: Copying file /Contents/VC%23/Snippets/1033/NetFX30/propa.snippet to D:\Program\VC#\Snippets\1033\NetFX30\propa.snippet
[da4c:0007][2026-05-10T00:50:12] Timestamp updated for file 'D:\Program\VC#\Snippets\1033\NetFX30\propa.snippet'.
[da4c:0007][2026-05-10T00:50:12] Processing file /Contents/VC%23/Snippets/1033/NetFX30/propdp.snippet
[da4c:0007][2026-05-10T00:50:12] Started: Copying file /Contents/VC%23/Snippets/1033/NetFX30/propdp.snippet to D:\Program\VC#\Snippets\1033\NetFX30\propdp.snippet
[da4c:0007][2026-05-10T00:50:12] Completed: Copying file /Contents/VC%23/Snippets/1033/NetFX30/propdp.snippet to D:\Program\VC#\Snippets\1033\NetFX30\propdp.snippet
[da4c:0007][2026-05-10T00:50:12] Timestamp updated for file 'D:\Program\VC#\Snippets\1033\NetFX30\propdp.snippet'.
[da4c:0007][2026-05-10T00:50:12] Processing file /Contents/VC%23/Snippets/1033/Refactoring/EncapsulateField.snippet
[da4c:0007][2026-05-10T00:50:12] Started: Copying file /Contents/VC%23/Snippets/1033/Refactoring/EncapsulateField.snippet to D:\Program\VC#\Snippets\1033\Refactoring\EncapsulateField.snippet
[da4c:0007][2026-05-10T00:50:12] Completed: Copying file /Contents/VC%23/Snippets/1033/Refactoring/EncapsulateField.snippet to D:\Program\VC#\Snippets\1033\Refactoring\EncapsulateField.snippet
[da4c:0007][2026-05-10T00:50:12] Timestamp updated for file 'D:\Program\VC#\Snippets\1033\Refactoring\EncapsulateField.snippet'.
[da4c:0007][2026-05-10T00:50:12] Processing file /Contents/VC%23/Snippets/1033/Refactoring/EncapsulateFieldGet.snippet
[da4c:0007][2026-05-10T00:50:12] Started: Copying file /Contents/VC%23/Snippets/1033/Refactoring/EncapsulateFieldGet.snippet to D:\Program\VC#\Snippets\1033\Refactoring\EncapsulateFieldGet.snippet
[da4c:0007][2026-05-10T00:50:12] Completed: Copying file /Contents/VC%23/Snippets/1033/Refactoring/EncapsulateFieldGet.snippet to D:\Program\VC#\Snippets\1033\Refactoring\EncapsulateFieldGet.snippet
[da4c:0007][2026-05-10T00:50:12] Timestamp updated for file 'D:\Program\VC#\Snippets\1033\Refactoring\EncapsulateFieldGet.snippet'.
[da4c:0007][2026-05-10T00:50:12] Processing file /Contents/VC%23/Snippets/1033/Refactoring/EncapsulateFieldSet.snippet
[da4c:0007][2026-05-10T00:50:12] Started: Copying file /Contents/VC%23/Snippets/1033/Refactoring/EncapsulateFieldSet.snippet to D:\Program\VC#\Snippets\1033\Refactoring\EncapsulateFieldSet.snippet
[da4c:0007][2026-05-10T00:50:12] Completed: Copying file /Contents/VC%23/Snippets/1033/Refactoring/EncapsulateFieldSet.snippet to D:\Program\VC#\Snippets\1033\Refactoring\EncapsulateFieldSet.snippet
[da4c:0007][2026-05-10T00:50:12] Timestamp updated for file 'D:\Program\VC#\Snippets\1033\Refactoring\EncapsulateFieldSet.snippet'.
[da4c:0007][2026-05-10T00:50:12] Processing file /Contents/VC%23/Snippets/1033/Refactoring/EventStub%20-%20Field.snippet
[da4c:0007][2026-05-10T00:50:12] Started: Copying file /Contents/VC%23/Snippets/1033/Refactoring/EventStub%20-%20Field.snippet to D:\Program\VC#\Snippets\1033\Refactoring\EventStub - Field.snippet
[da4c:0007][2026-05-10T00:50:12] Completed: Copying file /Contents/VC%23/Snippets/1033/Refactoring/EventStub%20-%20Field.snippet to D:\Program\VC#\Snippets\1033\Refactoring\EventStub - Field.snippet
[da4c:0007][2026-05-10T00:50:12] Timestamp updated for file 'D:\Program\VC#\Snippets\1033\Refactoring\EventStub - Field.snippet'.
[da4c:0007][2026-05-10T00:50:12] Processing file /Contents/VC%23/Snippets/1033/Refactoring/EventStub%20-%20Property.snippet
[da4c:0007][2026-05-10T00:50:12] Started: Copying file /Contents/VC%23/Snippets/1033/Refactoring/EventStub%20-%20Property.snippet to D:\Program\VC#\Snippets\1033\Refactoring\EventStub - Property.snippet
[da4c:0007][2026-05-10T00:50:12] Completed: Copying file /Contents/VC%23/Snippets/1033/Refactoring/EventStub%20-%20Property.snippet to D:\Program\VC#\Snippets\1033\Refactoring\EventStub - Property.snippet
[da4c:0007][2026-05-10T00:50:12] Timestamp updated for file 'D:\Program\VC#\Snippets\1033\Refactoring\EventStub - Property.snippet'.
[da4c:0007][2026-05-10T00:50:12] Processing file /Contents/VC%23/Snippets/1033/Refactoring/GenerateConstructor%20-%20Constructor.snippet
[da4c:0007][2026-05-10T00:50:12] Started: Copying file /Contents/VC%23/Snippets/1033/Refactoring/GenerateConstructor%20-%20Constructor.snippet to D:\Program\VC#\Snippets\1033\Refactoring\GenerateConstructor - Constructor.snippet
[da4c:0007][2026-05-10T00:50:12] Completed: Copying file /Contents/VC%23/Snippets/1033/Refactoring/GenerateConstructor%20-%20Constructor.snippet to D:\Program\VC#\Snippets\1033\Refactoring\GenerateConstructor - Constructor.snippet
[da4c:0007][2026-05-10T00:50:12] Timestamp updated for file 'D:\Program\VC#\Snippets\1033\Refactoring\GenerateConstructor - Constructor.snippet'.
[da4c:0007][2026-05-10T00:50:12] Processing file /Contents/VC%23/Snippets/1033/Refactoring/GenerateConstructor%20-%20MemberAssignment.snippet
[da4c:0007][2026-05-10T00:50:12] Started: Copying file /Contents/VC%23/Snippets/1033/Refactoring/GenerateConstructor%20-%20MemberAssignment.snippet to D:\Program\VC#\Snippets\1033\Refactoring\GenerateConstructor - MemberAssignment.snippet
[da4c:0007][2026-05-10T00:50:12] Completed: Copying file /Contents/VC%23/Snippets/1033/Refactoring/GenerateConstructor%20-%20MemberAssignment.snippet to D:\Program\VC#\Snippets\1033\Refactoring\GenerateConstructor - MemberAssignment.snippet
[da4c:0007][2026-05-10T00:50:12] Timestamp updated for file 'D:\Program\VC#\Snippets\1033\Refactoring\GenerateConstructor - MemberAssignment.snippet'.
[da4c:0007][2026-05-10T00:50:12] Processing file /Contents/VC%23/Snippets/1033/Refactoring/GenerateConstructor%20-%20MemberDeclaration.snippet
[da4c:0007][2026-05-10T00:50:12] Started: Copying file /Contents/VC%23/Snippets/1033/Refactoring/GenerateConstructor%20-%20MemberDeclaration.snippet to D:\Program\VC#\Snippets\1033\Refactoring\GenerateConstructor - MemberDeclaration.snippet
[da4c:0007][2026-05-10T00:50:12] Completed: Copying file /Contents/VC%23/Snippets/1033/Refactoring/GenerateConstructor%20-%20MemberDeclaration.snippet to D:\Program\VC#\Snippets\1033\Refactoring\GenerateConstructor - MemberDeclaration.snippet
[da4c:0007][2026-05-10T00:50:12] Timestamp updated for file 'D:\Program\VC#\Snippets\1033\Refactoring\GenerateConstructor - MemberDeclaration.snippet'.
[da4c:0007][2026-05-10T00:50:12] Processing file /Contents/VC%23/Snippets/1033/Refactoring/GenerateEnumMember.snippet
[da4c:0007][2026-05-10T00:50:12] Started: Copying file /Contents/VC%23/Snippets/1033/Refactoring/GenerateEnumMember.snippet to D:\Program\VC#\Snippets\1033\Refactoring\GenerateEnumMember.snippet
[da4c:0007][2026-05-10T00:50:12] Completed: Copying file /Contents/VC%23/Snippets/1033/Refactoring/GenerateEnumMember.snippet to D:\Program\VC#\Snippets\1033\Refactoring\GenerateEnumMember.snippet
[da4c:0007][2026-05-10T00:50:12] Timestamp updated for file 'D:\Program\VC#\Snippets\1033\Refactoring\GenerateEnumMember.snippet'.
[da4c:0007][2026-05-10T00:50:12] Processing file /Contents/VC%23/Snippets/1033/Refactoring/GenerateField.snippet
[da4c:0007][2026-05-10T00:50:12] Started: Copying file /Contents/VC%23/Snippets/1033/Refactoring/GenerateField.snippet to D:\Program\VC#\Snippets\1033\Refactoring\GenerateField.snippet
[da4c:0007][2026-05-10T00:50:12] Completed: Copying file /Contents/VC%23/Snippets/1033/Refactoring/GenerateField.snippet to D:\Program\VC#\Snippets\1033\Refactoring\GenerateField.snippet
[da4c:0007][2026-05-10T00:50:12] Timestamp updated for file 'D:\Program\VC#\Snippets\1033\Refactoring\GenerateField.snippet'.
[da4c:0007][2026-05-10T00:50:12] Processing file /Contents/VC%23/Snippets/1033/Refactoring/GenerateProperty%20-%20Auto%20Property.snippet
[da4c:0007][2026-05-10T00:50:12] Started: Copying file /Contents/VC%23/Snippets/1033/Refactoring/GenerateProperty%20-%20Auto%20Property.snippet to D:\Program\VC#\Snippets\1033\Refactoring\GenerateProperty - Auto Property.snippet
[da4c:0007][2026-05-10T00:50:12] Completed: Copying file /Contents/VC%23/Snippets/1033/Refactoring/GenerateProperty%20-%20Auto%20Property.snippet to D:\Program\VC#\Snippets\1033\Refactoring\GenerateProperty - Auto Property.snippet
[da4c:0007][2026-05-10T00:50:12] Timestamp updated for file 'D:\Program\VC#\Snippets\1033\Refactoring\GenerateProperty - Auto Property.snippet'.
[da4c:0007][2026-05-10T00:50:12] Processing file /Contents/VC%23/Snippets/1033/Refactoring/GenerateProperty%20-%20Property.snippet
[da4c:0007][2026-05-10T00:50:12] Started: Copying file /Contents/VC%23/Snippets/1033/Refactoring/GenerateProperty%20-%20Property.snippet to D:\Program\VC#\Snippets\1033\Refactoring\GenerateProperty - Property.snippet
[da4c:0007][2026-05-10T00:50:12] Completed: Copying file /Contents/VC%23/Snippets/1033/Refactoring/GenerateProperty%20-%20Property.snippet to D:\Program\VC#\Snippets\1033\Refactoring\GenerateProperty - Property.snippet
[da4c:0007][2026-05-10T00:50:12] Timestamp updated for file 'D:\Program\VC#\Snippets\1033\Refactoring\GenerateProperty - Property.snippet'.
[da4c:0007][2026-05-10T00:50:12] Processing file /Contents/VC%23/Snippets/1033/Refactoring/GenerateTypeInExistingFile.snippet
[da4c:0007][2026-05-10T00:50:12] Started: Copying file /Contents/VC%23/Snippets/1033/Refactoring/GenerateTypeInExistingFile.snippet to D:\Program\VC#\Snippets\1033\Refactoring\GenerateTypeInExistingFile.snippet
[da4c:0007][2026-05-10T00:50:12] Completed: Copying file /Contents/VC%23/Snippets/1033/Refactoring/GenerateTypeInExistingFile.snippet to D:\Program\VC#\Snippets\1033\Refactoring\GenerateTypeInExistingFile.snippet
[da4c:0007][2026-05-10T00:50:12] Timestamp updated for file 'D:\Program\VC#\Snippets\1033\Refactoring\GenerateTypeInExistingFile.snippet'.
[da4c:0007][2026-05-10T00:50:12] Processing file /Contents/VC%23/Snippets/1033/Refactoring/GenerateTypeInExistingFileNoEnclosingNamespace.snippet
[da4c:0007][2026-05-10T00:50:12] Started: Copying file /Contents/VC%23/Snippets/1033/Refactoring/GenerateTypeInExistingFileNoEnclosingNamespace.snippet to D:\Program\VC#\Snippets\1033\Refactoring\GenerateTypeInExistingFileNoEnclosingNamespace.snippet
[da4c:0007][2026-05-10T00:50:12] Completed: Copying file /Contents/VC%23/Snippets/1033/Refactoring/GenerateTypeInExistingFileNoEnclosingNamespace.snippet to D:\Program\VC#\Snippets\1033\Refactoring\GenerateTypeInExistingFileNoEnclosingNamespace.snippet
[da4c:0007][2026-05-10T00:50:12] Timestamp updated for file 'D:\Program\VC#\Snippets\1033\Refactoring\GenerateTypeInExistingFileNoEnclosingNamespace.snippet'.
[da4c:0007][2026-05-10T00:50:12] Processing file /Contents/VC%23/Snippets/1033/Refactoring/GenerateTypeInNewFile.snippet
[da4c:0007][2026-05-10T00:50:12] Started: Copying file /Contents/VC%23/Snippets/1033/Refactoring/GenerateTypeInNewFile.snippet to D:\Program\VC#\Snippets\1033\Refactoring\GenerateTypeInNewFile.snippet
[da4c:0007][2026-05-10T00:50:12] Completed: Copying file /Contents/VC%23/Snippets/1033/Refactoring/GenerateTypeInNewFile.snippet to D:\Program\VC#\Snippets\1033\Refactoring\GenerateTypeInNewFile.snippet
[da4c:0007][2026-05-10T00:50:12] Timestamp updated for file 'D:\Program\VC#\Snippets\1033\Refactoring\GenerateTypeInNewFile.snippet'.
[da4c:0007][2026-05-10T00:50:12] Processing file /Contents/VC%23/Snippets/1033/Refactoring/GenerateTypeInNewFileNoEnclosingNamespace.snippet
[da4c:0007][2026-05-10T00:50:12] Started: Copying file /Contents/VC%23/Snippets/1033/Refactoring/GenerateTypeInNewFileNoEnclosingNamespace.snippet to D:\Program\VC#\Snippets\1033\Refactoring\GenerateTypeInNewFileNoEnclosingNamespace.snippet
[da4c:0007][2026-05-10T00:50:12] Completed: Copying file /Contents/VC%23/Snippets/1033/Refactoring/GenerateTypeInNewFileNoEnclosingNamespace.snippet to D:\Program\VC#\Snippets\1033\Refactoring\GenerateTypeInNewFileNoEnclosingNamespace.snippet
[da4c:0007][2026-05-10T00:50:12] Timestamp updated for file 'D:\Program\VC#\Snippets\1033\Refactoring\GenerateTypeInNewFileNoEnclosingNamespace.snippet'.
[da4c:0007][2026-05-10T00:50:12] Processing file /Contents/VC%23/Snippets/1033/Refactoring/MethodOverrideStub.snippet
[da4c:0007][2026-05-10T00:50:12] Started: Copying file /Contents/VC%23/Snippets/1033/Refactoring/MethodOverrideStub.snippet to D:\Program\VC#\Snippets\1033\Refactoring\MethodOverrideStub.snippet
[da4c:0007][2026-05-10T00:50:12] Completed: Copying file /Contents/VC%23/Snippets/1033/Refactoring/MethodOverrideStub.snippet to D:\Program\VC#\Snippets\1033\Refactoring\MethodOverrideStub.snippet
[da4c:0007][2026-05-10T00:50:12] Timestamp updated for file 'D:\Program\VC#\Snippets\1033\Refactoring\MethodOverrideStub.snippet'.
[da4c:0007][2026-05-10T00:50:12] Processing file /Contents/VC%23/Snippets/1033/Refactoring/MethodStub.snippet
[da4c:0007][2026-05-10T00:50:12] Started: Copying file /Contents/VC%23/Snippets/1033/Refactoring/MethodStub.snippet to D:\Program\VC#\Snippets\1033\Refactoring\MethodStub.snippet
[da4c:0007][2026-05-10T00:50:12] Completed: Copying file /Contents/VC%23/Snippets/1033/Refactoring/MethodStub.snippet to D:\Program\VC#\Snippets\1033\Refactoring\MethodStub.snippet
[da4c:0007][2026-05-10T00:50:12] Timestamp updated for file 'D:\Program\VC#\Snippets\1033\Refactoring\MethodStub.snippet'.
[da4c:0007][2026-05-10T00:50:12] Processing file /Contents/VC%23/Snippets/1033/Refactoring/MethodStubNoBody.snippet
[da4c:0007][2026-05-10T00:50:12] Started: Copying file /Contents/VC%23/Snippets/1033/Refactoring/MethodStubNoBody.snippet to D:\Program\VC#\Snippets\1033\Refactoring\MethodStubNoBody.snippet
[da4c:0007][2026-05-10T00:50:12] Completed: Copying file /Contents/VC%23/Snippets/1033/Refactoring/MethodStubNoBody.snippet to D:\Program\VC#\Snippets\1033\Refactoring\MethodStubNoBody.snippet
[da4c:0007][2026-05-10T00:50:12] Timestamp updated for file 'D:\Program\VC#\Snippets\1033\Refactoring\MethodStubNoBody.snippet'.
[da4c:0007][2026-05-10T00:50:12] Processing file /Contents/VC%23/Snippets/1033/Refactoring/PropertyOverrideStub.snippet
[da4c:0007][2026-05-10T00:50:12] Started: Copying file /Contents/VC%23/Snippets/1033/Refactoring/PropertyOverrideStub.snippet to D:\Program\VC#\Snippets\1033\Refactoring\PropertyOverrideStub.snippet
[da4c:0007][2026-05-10T00:50:12] Completed: Copying file /Contents/VC%23/Snippets/1033/Refactoring/PropertyOverrideStub.snippet to D:\Program\VC#\Snippets\1033\Refactoring\PropertyOverrideStub.snippet
[da4c:0007][2026-05-10T00:50:12] Timestamp updated for file 'D:\Program\VC#\Snippets\1033\Refactoring\PropertyOverrideStub.snippet'.
[da4c:0007][2026-05-10T00:50:12] Processing file /Contents/VC%23/Snippets/1033/Refactoring/PropertyOverrideStubGet.snippet
[da4c:0007][2026-05-10T00:50:12] Started: Copying file /Contents/VC%23/Snippets/1033/Refactoring/PropertyOverrideStubGet.snippet to D:\Program\VC#\Snippets\1033\Refactoring\PropertyOverrideStubGet.snippet
[da4c:0007][2026-05-10T00:50:12] Completed: Copying file /Contents/VC%23/Snippets/1033/Refactoring/PropertyOverrideStubGet.snippet to D:\Program\VC#\Snippets\1033\Refactoring\PropertyOverrideStubGet.snippet
[da4c:0007][2026-05-10T00:50:12] Timestamp updated for file 'D:\Program\VC#\Snippets\1033\Refactoring\PropertyOverrideStubGet.snippet'.
[da4c:0007][2026-05-10T00:50:12] Processing file /Contents/VC%23/Snippets/1033/Refactoring/PropertyOverrideStubSet.snippet
[da4c:0007][2026-05-10T00:50:12] Started: Copying file /Contents/VC%23/Snippets/1033/Refactoring/PropertyOverrideStubSet.snippet to D:\Program\VC#\Snippets\1033\Refactoring\PropertyOverrideStubSet.snippet
[da4c:0007][2026-05-10T00:50:12] Completed: Copying file /Contents/VC%23/Snippets/1033/Refactoring/PropertyOverrideStubSet.snippet to D:\Program\VC#\Snippets\1033\Refactoring\PropertyOverrideStubSet.snippet
[da4c:0007][2026-05-10T00:50:12] Timestamp updated for file 'D:\Program\VC#\Snippets\1033\Refactoring\PropertyOverrideStubSet.snippet'.
[da4c:0007][2026-05-10T00:50:12] Processing file /Contents/VC%23/Snippets/1033/Refactoring/PropertyStub.snippet
[da4c:0007][2026-05-10T00:50:12] Started: Copying file /Contents/VC%23/Snippets/1033/Refactoring/PropertyStub.snippet to D:\Program\VC#\Snippets\1033\Refactoring\PropertyStub.snippet
[da4c:0007][2026-05-10T00:50:12] Completed: Copying file /Contents/VC%23/Snippets/1033/Refactoring/PropertyStub.snippet to D:\Program\VC#\Snippets\1033\Refactoring\PropertyStub.snippet
[da4c:0007][2026-05-10T00:50:12] Timestamp updated for file 'D:\Program\VC#\Snippets\1033\Refactoring\PropertyStub.snippet'.
[da4c:0007][2026-05-10T00:50:12] Processing file /Contents/VC%23/Snippets/1033/Refactoring/PropertyStubGet.snippet
[da4c:0007][2026-05-10T00:50:12] Started: Copying file /Contents/VC%23/Snippets/1033/Refactoring/PropertyStubGet.snippet to D:\Program\VC#\Snippets\1033\Refactoring\PropertyStubGet.snippet
[da4c:0007][2026-05-10T00:50:12] Completed: Copying file /Contents/VC%23/Snippets/1033/Refactoring/PropertyStubGet.snippet to D:\Program\VC#\Snippets\1033\Refactoring\PropertyStubGet.snippet
[da4c:0007][2026-05-10T00:50:12] Timestamp updated for file 'D:\Program\VC#\Snippets\1033\Refactoring\PropertyStubGet.snippet'.
[da4c:0007][2026-05-10T00:50:12] Processing file /Contents/VC%23/Snippets/1033/Refactoring/PropertyStubGetNoBody.snippet
[da4c:0007][2026-05-10T00:50:12] Started: Copying file /Contents/VC%23/Snippets/1033/Refactoring/PropertyStubGetNoBody.snippet to D:\Program\VC#\Snippets\1033\Refactoring\PropertyStubGetNoBody.snippet
[da4c:0007][2026-05-10T00:50:12] Completed: Copying file /Contents/VC%23/Snippets/1033/Refactoring/PropertyStubGetNoBody.snippet to D:\Program\VC#\Snippets\1033\Refactoring\PropertyStubGetNoBody.snippet
[da4c:0007][2026-05-10T00:50:12] Timestamp updated for file 'D:\Program\VC#\Snippets\1033\Refactoring\PropertyStubGetNoBody.snippet'.
[da4c:0007][2026-05-10T00:50:12] Processing file /Contents/VC%23/Snippets/1033/Refactoring/PropertyStubNoBody.snippet
[da4c:0007][2026-05-10T00:50:12] Started: Copying file /Contents/VC%23/Snippets/1033/Refactoring/PropertyStubNoBody.snippet to D:\Program\VC#\Snippets\1033\Refactoring\PropertyStubNoBody.snippet
[da4c:0007][2026-05-10T00:50:12] Completed: Copying file /Contents/VC%23/Snippets/1033/Refactoring/PropertyStubNoBody.snippet to D:\Program\VC#\Snippets\1033\Refactoring\PropertyStubNoBody.snippet
[da4c:0007][2026-05-10T00:50:12] Timestamp updated for file 'D:\Program\VC#\Snippets\1033\Refactoring\PropertyStubNoBody.snippet'.
[da4c:0007][2026-05-10T00:50:12] Processing file /Contents/VC%23/Snippets/1033/Refactoring/PropertyStubSet.snippet
[da4c:0007][2026-05-10T00:50:12] Started: Copying file /Contents/VC%23/Snippets/1033/Refactoring/PropertyStubSet.snippet to D:\Program\VC#\Snippets\1033\Refactoring\PropertyStubSet.snippet
[da4c:0007][2026-05-10T00:50:12] Completed: Copying file /Contents/VC%23/Snippets/1033/Refactoring/PropertyStubSet.snippet to D:\Program\VC#\Snippets\1033\Refactoring\PropertyStubSet.snippet
[da4c:0007][2026-05-10T00:50:12] Timestamp updated for file 'D:\Program\VC#\Snippets\1033\Refactoring\PropertyStubSet.snippet'.
[da4c:0007][2026-05-10T00:50:12] Processing file /Contents/VC%23/Snippets/1033/Refactoring/PropertyStubSetNoBody.snippet
[da4c:0007][2026-05-10T00:50:12] Started: Copying file /Contents/VC%23/Snippets/1033/Refactoring/PropertyStubSetNoBody.snippet to D:\Program\VC#\Snippets\1033\Refactoring\PropertyStubSetNoBody.snippet
[da4c:0007][2026-05-10T00:50:12] Completed: Copying file /Contents/VC%23/Snippets/1033/Refactoring/PropertyStubSetNoBody.snippet to D:\Program\VC#\Snippets\1033\Refactoring\PropertyStubSetNoBody.snippet
[da4c:0007][2026-05-10T00:50:12] Timestamp updated for file 'D:\Program\VC#\Snippets\1033\Refactoring\PropertyStubSetNoBody.snippet'.
[da4c:0007][2026-05-10T00:50:12] Processing file /Contents/VC%23/Snippets/1033/SnippetsIndex.xml
[da4c:0007][2026-05-10T00:50:12] Started: Copying file /Contents/VC%23/Snippets/1033/SnippetsIndex.xml to D:\Program\VC#\Snippets\1033\SnippetsIndex.xml
[da4c:0007][2026-05-10T00:50:12] Completed: Copying file /Contents/VC%23/Snippets/1033/SnippetsIndex.xml to D:\Program\VC#\Snippets\1033\SnippetsIndex.xml
[da4c:0007][2026-05-10T00:50:12] Timestamp updated for file 'D:\Program\VC#\Snippets\1033\SnippetsIndex.xml'.
[da4c:0007][2026-05-10T00:50:12] Processing file /Contents/VC%23/Snippets/1033/Visual%20C%23/attribute.snippet
[da4c:0007][2026-05-10T00:50:12] Started: Copying file /Contents/VC%23/Snippets/1033/Visual%20C%23/attribute.snippet to D:\Program\VC#\Snippets\1033\Visual C#\attribute.snippet
[da4c:0007][2026-05-10T00:50:12] Completed: Copying file /Contents/VC%23/Snippets/1033/Visual%20C%23/attribute.snippet to D:\Program\VC#\Snippets\1033\Visual C#\attribute.snippet
[da4c:0007][2026-05-10T00:50:12] Timestamp updated for file 'D:\Program\VC#\Snippets\1033\Visual C#\attribute.snippet'.
[da4c:0007][2026-05-10T00:50:12] Processing file /Contents/VC%23/Snippets/1033/Visual%20C%23/checked.snippet
[da4c:0007][2026-05-10T00:50:12] Started: Copying file /Contents/VC%23/Snippets/1033/Visual%20C%23/checked.snippet to D:\Program\VC#\Snippets\1033\Visual C#\checked.snippet
[da4c:0007][2026-05-10T00:50:12] Completed: Copying file /Contents/VC%23/Snippets/1033/Visual%20C%23/checked.snippet to D:\Program\VC#\Snippets\1033\Visual C#\checked.snippet
[da4c:0007][2026-05-10T00:50:12] Timestamp updated for file 'D:\Program\VC#\Snippets\1033\Visual C#\checked.snippet'.
[da4c:0007][2026-05-10T00:50:12] Processing file /Contents/VC%23/Snippets/1033/Visual%20C%23/class.snippet
[da4c:0007][2026-05-10T00:50:12] Started: Copying file /Contents/VC%23/Snippets/1033/Visual%20C%23/class.snippet to D:\Program\VC#\Snippets\1033\Visual C#\class.snippet
[da4c:0007][2026-05-10T00:50:12] Completed: Copying file /Contents/VC%23/Snippets/1033/Visual%20C%23/class.snippet to D:\Program\VC#\Snippets\1033\Visual C#\class.snippet
[da4c:0007][2026-05-10T00:50:12] Timestamp updated for file 'D:\Program\VC#\Snippets\1033\Visual C#\class.snippet'.
[da4c:0007][2026-05-10T00:50:12] Processing file /Contents/VC%23/Snippets/1033/Visual%20C%23/ctor.snippet
[da4c:0007][2026-05-10T00:50:12] Started: Copying file /Contents/VC%23/Snippets/1033/Visual%20C%23/ctor.snippet to D:\Program\VC#\Snippets\1033\Visual C#\ctor.snippet
[da4c:0007][2026-05-10T00:50:12] Completed: Copying file /Contents/VC%23/Snippets/1033/Visual%20C%23/ctor.snippet to D:\Program\VC#\Snippets\1033\Visual C#\ctor.snippet
[da4c:0007][2026-05-10T00:50:12] Timestamp updated for file 'D:\Program\VC#\Snippets\1033\Visual C#\ctor.snippet'.
[da4c:0007][2026-05-10T00:50:12] Processing file /Contents/VC%23/Snippets/1033/Visual%20C%23/cw.snippet
[da4c:0007][2026-05-10T00:50:12] Started: Copying file /Contents/VC%23/Snippets/1033/Visual%20C%23/cw.snippet to D:\Program\VC#\Snippets\1033\Visual C#\cw.snippet
[da4c:0007][2026-05-10T00:50:12] Completed: Copying file /Contents/VC%23/Snippets/1033/Visual%20C%23/cw.snippet to D:\Program\VC#\Snippets\1033\Visual C#\cw.snippet
[da4c:0007][2026-05-10T00:50:12] Timestamp updated for file 'D:\Program\VC#\Snippets\1033\Visual C#\cw.snippet'.
[da4c:0007][2026-05-10T00:50:12] Processing file /Contents/VC%23/Snippets/1033/Visual%20C%23/do.snippet
[da4c:0007][2026-05-10T00:50:12] Started: Copying file /Contents/VC%23/Snippets/1033/Visual%20C%23/do.snippet to D:\Program\VC#\Snippets\1033\Visual C#\do.snippet
[da4c:0007][2026-05-10T00:50:12] Completed: Copying file /Contents/VC%23/Snippets/1033/Visual%20C%23/do.snippet to D:\Program\VC#\Snippets\1033\Visual C#\do.snippet
[da4c:0007][2026-05-10T00:50:12] Timestamp updated for file 'D:\Program\VC#\Snippets\1033\Visual C#\do.snippet'.
[da4c:0007][2026-05-10T00:50:12] Processing file /Contents/VC%23/Snippets/1033/Visual%20C%23/else.snippet
[da4c:0007][2026-05-10T00:50:12] Started: Copying file /Contents/VC%23/Snippets/1033/Visual%20C%23/else.snippet to D:\Program\VC#\Snippets\1033\Visual C#\else.snippet
[da4c:0007][2026-05-10T00:50:12] Completed: Copying file /Contents/VC%23/Snippets/1033/Visual%20C%23/else.snippet to D:\Program\VC#\Snippets\1033\Visual C#\else.snippet
[da4c:0007][2026-05-10T00:50:12] Timestamp updated for file 'D:\Program\VC#\Snippets\1033\Visual C#\else.snippet'.
[da4c:0007][2026-05-10T00:50:12] Processing file /Contents/VC%23/Snippets/1033/Visual%20C%23/enum.snippet
[da4c:0007][2026-05-10T00:50:12] Started: Copying file /Contents/VC%23/Snippets/1033/Visual%20C%23/enum.snippet to D:\Program\VC#\Snippets\1033\Visual C#\enum.snippet
[da4c:0007][2026-05-10T00:50:12] Completed: Copying file /Contents/VC%23/Snippets/1033/Visual%20C%23/enum.snippet to D:\Program\VC#\Snippets\1033\Visual C#\enum.snippet
[da4c:0007][2026-05-10T00:50:12] Timestamp updated for file 'D:\Program\VC#\Snippets\1033\Visual C#\enum.snippet'.
[da4c:0007][2026-05-10T00:50:12] Processing file /Contents/VC%23/Snippets/1033/Visual%20C%23/equals.snippet
[da4c:0007][2026-05-10T00:50:12] Started: Copying file /Contents/VC%23/Snippets/1033/Visual%20C%23/equals.snippet to D:\Program\VC#\Snippets\1033\Visual C#\equals.snippet
[da4c:0007][2026-05-10T00:50:12] Completed: Copying file /Contents/VC%23/Snippets/1033/Visual%20C%23/equals.snippet to D:\Program\VC#\Snippets\1033\Visual C#\equals.snippet
[da4c:0007][2026-05-10T00:50:12] Timestamp updated for file 'D:\Program\VC#\Snippets\1033\Visual C#\equals.snippet'.
[da4c:0007][2026-05-10T00:50:12] Processing file /Contents/VC%23/Snippets/1033/Visual%20C%23/exception.snippet
[da4c:0007][2026-05-10T00:50:12] Started: Copying file /Contents/VC%23/Snippets/1033/Visual%20C%23/exception.snippet to D:\Program\VC#\Snippets\1033\Visual C#\exception.snippet
[da4c:0007][2026-05-10T00:50:12] Completed: Copying file /Contents/VC%23/Snippets/1033/Visual%20C%23/exception.snippet to D:\Program\VC#\Snippets\1033\Visual C#\exception.snippet
[da4c:0007][2026-05-10T00:50:12] Timestamp updated for file 'D:\Program\VC#\Snippets\1033\Visual C#\exception.snippet'.
[da4c:0007][2026-05-10T00:50:12] Processing file /Contents/VC%23/Snippets/1033/Visual%20C%23/for.snippet
[da4c:0007][2026-05-10T00:50:12] Started: Copying file /Contents/VC%23/Snippets/1033/Visual%20C%23/for.snippet to D:\Program\VC#\Snippets\1033\Visual C#\for.snippet
[da4c:0007][2026-05-10T00:50:12] Completed: Copying file /Contents/VC%23/Snippets/1033/Visual%20C%23/for.snippet to D:\Program\VC#\Snippets\1033\Visual C#\for.snippet
[da4c:0007][2026-05-10T00:50:12] Timestamp updated for file 'D:\Program\VC#\Snippets\1033\Visual C#\for.snippet'.
[da4c:0007][2026-05-10T00:50:12] Processing file /Contents/VC%23/Snippets/1033/Visual%20C%23/foreach.snippet
[da4c:0007][2026-05-10T00:50:12] Started: Copying file /Contents/VC%23/Snippets/1033/Visual%20C%23/foreach.snippet to D:\Program\VC#\Snippets\1033\Visual C#\foreach.snippet
[da4c:0007][2026-05-10T00:50:12] Completed: Copying file /Contents/VC%23/Snippets/1033/Visual%20C%23/foreach.snippet to D:\Program\VC#\Snippets\1033\Visual C#\foreach.snippet
[da4c:0007][2026-05-10T00:50:12] Timestamp updated for file 'D:\Program\VC#\Snippets\1033\Visual C#\foreach.snippet'.
[da4c:0007][2026-05-10T00:50:12] Processing file /Contents/VC%23/Snippets/1033/Visual%20C%23/forr.snippet
[da4c:0007][2026-05-10T00:50:12] Started: Copying file /Contents/VC%23/Snippets/1033/Visual%20C%23/forr.snippet to D:\Program\VC#\Snippets\1033\Visual C#\forr.snippet
[da4c:0007][2026-05-10T00:50:12] Completed: Copying file /Contents/VC%23/Snippets/1033/Visual%20C%23/forr.snippet to D:\Program\VC#\Snippets\1033\Visual C#\forr.snippet
[da4c:0007][2026-05-10T00:50:12] Timestamp updated for file 'D:\Program\VC#\Snippets\1033\Visual C#\forr.snippet'.
[da4c:0007][2026-05-10T00:50:12] Processing file /Contents/VC%23/Snippets/1033/Visual%20C%23/if.snippet
[da4c:0007][2026-05-10T00:50:12] Started: Copying file /Contents/VC%23/Snippets/1033/Visual%20C%23/if.snippet to D:\Program\VC#\Snippets\1033\Visual C#\if.snippet
[da4c:0007][2026-05-10T00:50:12] Completed: Copying file /Contents/VC%23/Snippets/1033/Visual%20C%23/if.snippet to D:\Program\VC#\Snippets\1033\Visual C#\if.snippet
[da4c:0007][2026-05-10T00:50:12] Timestamp updated for file 'D:\Program\VC#\Snippets\1033\Visual C#\if.snippet'.
[da4c:0007][2026-05-10T00:50:12] Processing file /Contents/VC%23/Snippets/1033/Visual%20C%23/indexer.snippet
[da4c:0007][2026-05-10T00:50:12] Started: Copying file /Contents/VC%23/Snippets/1033/Visual%20C%23/indexer.snippet to D:\Program\VC#\Snippets\1033\Visual C#\indexer.snippet
[da4c:0007][2026-05-10T00:50:12] Completed: Copying file /Contents/VC%23/Snippets/1033/Visual%20C%23/indexer.snippet to D:\Program\VC#\Snippets\1033\Visual C#\indexer.snippet
[da4c:0007][2026-05-10T00:50:12] Timestamp updated for file 'D:\Program\VC#\Snippets\1033\Visual C#\indexer.snippet'.
[da4c:0007][2026-05-10T00:50:12] Processing file /Contents/VC%23/Snippets/1033/Visual%20C%23/interface.snippet
[da4c:0007][2026-05-10T00:50:12] Started: Copying file /Contents/VC%23/Snippets/1033/Visual%20C%23/interface.snippet to D:\Program\VC#\Snippets\1033\Visual C#\interface.snippet
[da4c:0007][2026-05-10T00:50:12] Completed: Copying file /Contents/VC%23/Snippets/1033/Visual%20C%23/interface.snippet to D:\Program\VC#\Snippets\1033\Visual C#\interface.snippet
[da4c:0007][2026-05-10T00:50:12] Timestamp updated for file 'D:\Program\VC#\Snippets\1033\Visual C#\interface.snippet'.
[da4c:0007][2026-05-10T00:50:12] Processing file /Contents/VC%23/Snippets/1033/Visual%20C%23/invoke.snippet
[da4c:0007][2026-05-10T00:50:12] Started: Copying file /Contents/VC%23/Snippets/1033/Visual%20C%23/invoke.snippet to D:\Program\VC#\Snippets\1033\Visual C#\invoke.snippet
[da4c:0007][2026-05-10T00:50:12] Completed: Copying file /Contents/VC%23/Snippets/1033/Visual%20C%23/invoke.snippet to D:\Program\VC#\Snippets\1033\Visual C#\invoke.snippet
[da4c:0007][2026-05-10T00:50:12] Timestamp updated for file 'D:\Program\VC#\Snippets\1033\Visual C#\invoke.snippet'.
[da4c:0007][2026-05-10T00:50:12] Processing file /Contents/VC%23/Snippets/1033/Visual%20C%23/iterator.snippet
[da4c:0007][2026-05-10T00:50:12] Started: Copying file /Contents/VC%23/Snippets/1033/Visual%20C%23/iterator.snippet to D:\Program\VC#\Snippets\1033\Visual C#\iterator.snippet
[da4c:0007][2026-05-10T00:50:12] Completed: Copying file /Contents/VC%23/Snippets/1033/Visual%20C%23/iterator.snippet to D:\Program\VC#\Snippets\1033\Visual C#\iterator.snippet
[da4c:0007][2026-05-10T00:50:12] Timestamp updated for file 'D:\Program\VC#\Snippets\1033\Visual C#\iterator.snippet'.
[da4c:0007][2026-05-10T00:50:12] Processing file /Contents/VC%23/Snippets/1033/Visual%20C%23/iterindex.snippet
[da4c:0007][2026-05-10T00:50:12] Started: Copying file /Contents/VC%23/Snippets/1033/Visual%20C%23/iterindex.snippet to D:\Program\VC#\Snippets\1033\Visual C#\iterindex.snippet
[da4c:0007][2026-05-10T00:50:12] Completed: Copying file /Contents/VC%23/Snippets/1033/Visual%20C%23/iterindex.snippet to D:\Program\VC#\Snippets\1033\Visual C#\iterindex.snippet
[da4c:0007][2026-05-10T00:50:12] Timestamp updated for file 'D:\Program\VC#\Snippets\1033\Visual C#\iterindex.snippet'.
[da4c:0007][2026-05-10T00:50:12] Processing file /Contents/VC%23/Snippets/1033/Visual%20C%23/lock.snippet
[da4c:0007][2026-05-10T00:50:12] Started: Copying file /Contents/VC%23/Snippets/1033/Visual%20C%23/lock.snippet to D:\Program\VC#\Snippets\1033\Visual C#\lock.snippet
[da4c:0007][2026-05-10T00:50:12] Completed: Copying file /Contents/VC%23/Snippets/1033/Visual%20C%23/lock.snippet to D:\Program\VC#\Snippets\1033\Visual C#\lock.snippet
[da4c:0007][2026-05-10T00:50:12] Timestamp updated for file 'D:\Program\VC#\Snippets\1033\Visual C#\lock.snippet'.
[da4c:0007][2026-05-10T00:50:12] Processing file /Contents/VC%23/Snippets/1033/Visual%20C%23/mbox.snippet
[da4c:0007][2026-05-10T00:50:12] Started: Copying file /Contents/VC%23/Snippets/1033/Visual%20C%23/mbox.snippet to D:\Program\VC#\Snippets\1033\Visual C#\mbox.snippet
[da4c:0007][2026-05-10T00:50:12] Completed: Copying file /Contents/VC%23/Snippets/1033/Visual%20C%23/mbox.snippet to D:\Program\VC#\Snippets\1033\Visual C#\mbox.snippet
[da4c:0007][2026-05-10T00:50:12] Timestamp updated for file 'D:\Program\VC#\Snippets\1033\Visual C#\mbox.snippet'.
[da4c:0007][2026-05-10T00:50:12] Processing file /Contents/VC%23/Snippets/1033/Visual%20C%23/namespace.snippet
[da4c:0007][2026-05-10T00:50:12] Started: Copying file /Contents/VC%23/Snippets/1033/Visual%20C%23/namespace.snippet to D:\Program\VC#\Snippets\1033\Visual C#\namespace.snippet
[da4c:0007][2026-05-10T00:50:12] Completed: Copying file /Contents/VC%23/Snippets/1033/Visual%20C%23/namespace.snippet to D:\Program\VC#\Snippets\1033\Visual C#\namespace.snippet
[da4c:0007][2026-05-10T00:50:12] Timestamp updated for file 'D:\Program\VC#\Snippets\1033\Visual C#\namespace.snippet'.
[da4c:0007][2026-05-10T00:50:12] Processing file /Contents/VC%23/Snippets/1033/Visual%20C%23/pp_if.snippet
[da4c:0007][2026-05-10T00:50:12] Started: Copying file /Contents/VC%23/Snippets/1033/Visual%20C%23/pp_if.snippet to D:\Program\VC#\Snippets\1033\Visual C#\pp_if.snippet
[da4c:0007][2026-05-10T00:50:12] Completed: Copying file /Contents/VC%23/Snippets/1033/Visual%20C%23/pp_if.snippet to D:\Program\VC#\Snippets\1033\Visual C#\pp_if.snippet
[da4c:0007][2026-05-10T00:50:12] Timestamp updated for file 'D:\Program\VC#\Snippets\1033\Visual C#\pp_if.snippet'.
[da4c:0007][2026-05-10T00:50:12] Processing file /Contents/VC%23/Snippets/1033/Visual%20C%23/pp_region.snippet
[da4c:0007][2026-05-10T00:50:12] Started: Copying file /Contents/VC%23/Snippets/1033/Visual%20C%23/pp_region.snippet to D:\Program\VC#\Snippets\1033\Visual C#\pp_region.snippet
[da4c:0007][2026-05-10T00:50:12] Completed: Copying file /Contents/VC%23/Snippets/1033/Visual%20C%23/pp_region.snippet to D:\Program\VC#\Snippets\1033\Visual C#\pp_region.snippet
[da4c:0007][2026-05-10T00:50:12] Timestamp updated for file 'D:\Program\VC#\Snippets\1033\Visual C#\pp_region.snippet'.
[da4c:0007][2026-05-10T00:50:12] Processing file /Contents/VC%23/Snippets/1033/Visual%20C%23/prop.snippet
[da4c:0007][2026-05-10T00:50:12] Started: Copying file /Contents/VC%23/Snippets/1033/Visual%20C%23/prop.snippet to D:\Program\VC#\Snippets\1033\Visual C#\prop.snippet
[da4c:0007][2026-05-10T00:50:12] Completed: Copying file /Contents/VC%23/Snippets/1033/Visual%20C%23/prop.snippet to D:\Program\VC#\Snippets\1033\Visual C#\prop.snippet
[da4c:0007][2026-05-10T00:50:12] Timestamp updated for file 'D:\Program\VC#\Snippets\1033\Visual C#\prop.snippet'.
[da4c:0007][2026-05-10T00:50:12] Processing file /Contents/VC%23/Snippets/1033/Visual%20C%23/propfull.snippet
[da4c:0007][2026-05-10T00:50:12] Started: Copying file /Contents/VC%23/Snippets/1033/Visual%20C%23/propfull.snippet to D:\Program\VC#\Snippets\1033\Visual C#\propfull.snippet
[da4c:0007][2026-05-10T00:50:12] Completed: Copying file /Contents/VC%23/Snippets/1033/Visual%20C%23/propfull.snippet to D:\Program\VC#\Snippets\1033\Visual C#\propfull.snippet
[da4c:0007][2026-05-10T00:50:12] Timestamp updated for file 'D:\Program\VC#\Snippets\1033\Visual C#\propfull.snippet'.
[da4c:0007][2026-05-10T00:50:12] Processing file /Contents/VC%23/Snippets/1033/Visual%20C%23/propg.snippet
[da4c:0007][2026-05-10T00:50:12] Started: Copying file /Contents/VC%23/Snippets/1033/Visual%20C%23/propg.snippet to D:\Program\VC#\Snippets\1033\Visual C#\propg.snippet
[da4c:0007][2026-05-10T00:50:12] Completed: Copying file /Contents/VC%23/Snippets/1033/Visual%20C%23/propg.snippet to D:\Program\VC#\Snippets\1033\Visual C#\propg.snippet
[da4c:0007][2026-05-10T00:50:12] Timestamp updated for file 'D:\Program\VC#\Snippets\1033\Visual C#\propg.snippet'.
[da4c:0007][2026-05-10T00:50:12] Processing file /Contents/VC%23/Snippets/1033/Visual%20C%23/sim.snippet
[da4c:0007][2026-05-10T00:50:12] Started: Copying file /Contents/VC%23/Snippets/1033/Visual%20C%23/sim.snippet to D:\Program\VC#\Snippets\1033\Visual C#\sim.snippet
[da4c:0007][2026-05-10T00:50:12] Completed: Copying file /Contents/VC%23/Snippets/1033/Visual%20C%23/sim.snippet to D:\Program\VC#\Snippets\1033\Visual C#\sim.snippet
[da4c:0007][2026-05-10T00:50:12] Timestamp updated for file 'D:\Program\VC#\Snippets\1033\Visual C#\sim.snippet'.
[da4c:0007][2026-05-10T00:50:12] Processing file /Contents/VC%23/Snippets/1033/Visual%20C%23/struct.snippet
[da4c:0007][2026-05-10T00:50:12] Started: Copying file /Contents/VC%23/Snippets/1033/Visual%20C%23/struct.snippet to D:\Program\VC#\Snippets\1033\Visual C#\struct.snippet
[da4c:0007][2026-05-10T00:50:12] Completed: Copying file /Contents/VC%23/Snippets/1033/Visual%20C%23/struct.snippet to D:\Program\VC#\Snippets\1033\Visual C#\struct.snippet
[da4c:0007][2026-05-10T00:50:12] Timestamp updated for file 'D:\Program\VC#\Snippets\1033\Visual C#\struct.snippet'.
[da4c:0007][2026-05-10T00:50:12] Processing file /Contents/VC%23/Snippets/1033/Visual%20C%23/svm.snippet
[da4c:0007][2026-05-10T00:50:12] Started: Copying file /Contents/VC%23/Snippets/1033/Visual%20C%23/svm.snippet to D:\Program\VC#\Snippets\1033\Visual C#\svm.snippet
[da4c:0007][2026-05-10T00:50:12] Completed: Copying file /Contents/VC%23/Snippets/1033/Visual%20C%23/svm.snippet to D:\Program\VC#\Snippets\1033\Visual C#\svm.snippet
[da4c:0007][2026-05-10T00:50:12] Timestamp updated for file 'D:\Program\VC#\Snippets\1033\Visual C#\svm.snippet'.
[da4c:0007][2026-05-10T00:50:12] Processing file /Contents/VC%23/Snippets/1033/Visual%20C%23/switch.snippet
[da4c:0007][2026-05-10T00:50:12] Started: Copying file /Contents/VC%23/Snippets/1033/Visual%20C%23/switch.snippet to D:\Program\VC#\Snippets\1033\Visual C#\switch.snippet
[da4c:0007][2026-05-10T00:50:12] Completed: Copying file /Contents/VC%23/Snippets/1033/Visual%20C%23/switch.snippet to D:\Program\VC#\Snippets\1033\Visual C#\switch.snippet
[da4c:0007][2026-05-10T00:50:12] Timestamp updated for file 'D:\Program\VC#\Snippets\1033\Visual C#\switch.snippet'.
[da4c:0007][2026-05-10T00:50:12] Processing file /Contents/VC%23/Snippets/1033/Visual%20C%23/try.snippet
[da4c:0007][2026-05-10T00:50:12] Started: Copying file /Contents/VC%23/Snippets/1033/Visual%20C%23/try.snippet to D:\Program\VC#\Snippets\1033\Visual C#\try.snippet
[da4c:0007][2026-05-10T00:50:12] Completed: Copying file /Contents/VC%23/Snippets/1033/Visual%20C%23/try.snippet to D:\Program\VC#\Snippets\1033\Visual C#\try.snippet
[da4c:0007][2026-05-10T00:50:12] Timestamp updated for file 'D:\Program\VC#\Snippets\1033\Visual C#\try.snippet'.
[da4c:0007][2026-05-10T00:50:12] Processing file /Contents/VC%23/Snippets/1033/Visual%20C%23/tryf.snippet
[da4c:0007][2026-05-10T00:50:12] Started: Copying file /Contents/VC%23/Snippets/1033/Visual%20C%23/tryf.snippet to D:\Program\VC#\Snippets\1033\Visual C#\tryf.snippet
[da4c:0007][2026-05-10T00:50:12] Completed: Copying file /Contents/VC%23/Snippets/1033/Visual%20C%23/tryf.snippet to D:\Program\VC#\Snippets\1033\Visual C#\tryf.snippet
[da4c:0007][2026-05-10T00:50:12] Timestamp updated for file 'D:\Program\VC#\Snippets\1033\Visual C#\tryf.snippet'.
[da4c:0007][2026-05-10T00:50:12] Processing file /Contents/VC%23/Snippets/1033/Visual%20C%23/unchecked.snippet
[da4c:0007][2026-05-10T00:50:12] Started: Copying file /Contents/VC%23/Snippets/1033/Visual%20C%23/unchecked.snippet to D:\Program\VC#\Snippets\1033\Visual C#\unchecked.snippet
[da4c:0007][2026-05-10T00:50:12] Completed: Copying file /Contents/VC%23/Snippets/1033/Visual%20C%23/unchecked.snippet to D:\Program\VC#\Snippets\1033\Visual C#\unchecked.snippet
[da4c:0007][2026-05-10T00:50:12] Timestamp updated for file 'D:\Program\VC#\Snippets\1033\Visual C#\unchecked.snippet'.
[da4c:0007][2026-05-10T00:50:12] Processing file /Contents/VC%23/Snippets/1033/Visual%20C%23/unsafe.snippet
[da4c:0007][2026-05-10T00:50:12] Started: Copying file /Contents/VC%23/Snippets/1033/Visual%20C%23/unsafe.snippet to D:\Program\VC#\Snippets\1033\Visual C#\unsafe.snippet
[da4c:0007][2026-05-10T00:50:12] Completed: Copying file /Contents/VC%23/Snippets/1033/Visual%20C%23/unsafe.snippet to D:\Program\VC#\Snippets\1033\Visual C#\unsafe.snippet
[da4c:0007][2026-05-10T00:50:12] Timestamp updated for file 'D:\Program\VC#\Snippets\1033\Visual C#\unsafe.snippet'.
[da4c:0007][2026-05-10T00:50:12] Processing file /Contents/VC%23/Snippets/1033/Visual%20C%23/using.snippet
[da4c:0007][2026-05-10T00:50:12] Started: Copying file /Contents/VC%23/Snippets/1033/Visual%20C%23/using.snippet to D:\Program\VC#\Snippets\1033\Visual C#\using.snippet
[da4c:0007][2026-05-10T00:50:12] Completed: Copying file /Contents/VC%23/Snippets/1033/Visual%20C%23/using.snippet to D:\Program\VC#\Snippets\1033\Visual C#\using.snippet
[da4c:0007][2026-05-10T00:50:12] Timestamp updated for file 'D:\Program\VC#\Snippets\1033\Visual C#\using.snippet'.
[da4c:0007][2026-05-10T00:50:12] Processing file /Contents/VC%23/Snippets/1033/Visual%20C%23/while.snippet
[da4c:0007][2026-05-10T00:50:12] Started: Copying file /Contents/VC%23/Snippets/1033/Visual%20C%23/while.snippet to D:\Program\VC#\Snippets\1033\Visual C#\while.snippet
[da4c:0007][2026-05-10T00:50:12] Completed: Copying file /Contents/VC%23/Snippets/1033/Visual%20C%23/while.snippet to D:\Program\VC#\Snippets\1033\Visual C#\while.snippet
[da4c:0007][2026-05-10T00:50:12] Timestamp updated for file 'D:\Program\VC#\Snippets\1033\Visual C#\while.snippet'.
[da4c:0007][2026-05-10T00:50:12] Processing file /Contents/VC%23/Snippets/1033/Visual%20C%23/~.snippet
[da4c:0007][2026-05-10T00:50:12] Started: Copying file /Contents/VC%23/Snippets/1033/Visual%20C%23/~.snippet to D:\Program\VC#\Snippets\1033\Visual C#\~.snippet
[da4c:0007][2026-05-10T00:50:12] Completed: Copying file /Contents/VC%23/Snippets/1033/Visual%20C%23/~.snippet to D:\Program\VC#\Snippets\1033\Visual C#\~.snippet
[da4c:0007][2026-05-10T00:50:12] Timestamp updated for file 'D:\Program\VC#\Snippets\1033\Visual C#\~.snippet'.
[da4c:0007][2026-05-10T00:50:12] Processing file /Contents/VC%23/VC%23Wizards/1033/common.js
[da4c:0007][2026-05-10T00:50:12] Started: Copying file /Contents/VC%23/VC%23Wizards/1033/common.js to D:\Program\VC#\VC#Wizards\1033\common.js
[da4c:0007][2026-05-10T00:50:12] Completed: Copying file /Contents/VC%23/VC%23Wizards/1033/common.js to D:\Program\VC#\VC#Wizards\1033\common.js
[da4c:0007][2026-05-10T00:50:12] Timestamp updated for file 'D:\Program\VC#\VC#Wizards\1033\common.js'.
[da4c:0007][2026-05-10T00:50:12] Processing file /Contents/VC%23/VC%23Wizards/1033/Script.js
[da4c:0007][2026-05-10T00:50:12] Started: Copying file /Contents/VC%23/VC%23Wizards/1033/Script.js to D:\Program\VC#\VC#Wizards\1033\Script.js
[da4c:0007][2026-05-10T00:50:12] Completed: Copying file /Contents/VC%23/VC%23Wizards/1033/Script.js to D:\Program\VC#\VC#Wizards\1033\Script.js
[da4c:0007][2026-05-10T00:50:12] Timestamp updated for file 'D:\Program\VC#\VC#Wizards\1033\Script.js'.
[da4c:0007][2026-05-10T00:50:12] Processing file /Contents/VC%23/VC%23Wizards/1033/styles.css
[da4c:0007][2026-05-10T00:50:12] Started: Copying file /Contents/VC%23/VC%23Wizards/1033/styles.css to D:\Program\VC#\VC#Wizards\1033\styles.css
[da4c:0007][2026-05-10T00:50:12] Completed: Copying file /Contents/VC%23/VC%23Wizards/1033/styles.css to D:\Program\VC#\VC#Wizards\1033\styles.css
[da4c:0007][2026-05-10T00:50:12] Timestamp updated for file 'D:\Program\VC#\VC#Wizards\1033\styles.css'.
[da4c:0007][2026-05-10T00:50:12] Package executed successfully. Return code: 0
