[da4c:0007][2026-05-10T00:49:39] Opening the package for processing
[da4c:0007][2026-05-10T00:49:39] Using package payload to get the embedded manifest
[da4c:0007][2026-05-10T00:49:39] Getting list of files within the package
[da4c:0007][2026-05-10T00:49:39] Processing file /Contents/Msbuild/Microsoft/VC/v170/Platforms/Win32/Platform.Common.props
[da4c:0007][2026-05-10T00:49:39] Started: Copying file /Contents/Msbuild/Microsoft/VC/v170/Platforms/Win32/Platform.Common.props to D:\Program\Msbuild\Microsoft\VC\v170\Platforms\Win32\Platform.Common.props
[da4c:0007][2026-05-10T00:49:39] Completed: Copying file /Contents/Msbuild/Microsoft/VC/v170/Platforms/Win32/Platform.Common.props to D:\Program\Msbuild\Microsoft\VC\v170\Platforms\Win32\Platform.Common.props
[da4c:0007][2026-05-10T00:49:39] Timestamp updated for file 'D:\Program\Msbuild\Microsoft\VC\v170\Platforms\Win32\Platform.Common.props'.
[da4c:0007][2026-05-10T00:49:39] Processing file /Contents/Msbuild/Microsoft/VC/v170/Platforms/Win32/Platform.Default.props
[da4c:0007][2026-05-10T00:49:39] Started: Copying file /Contents/Msbuild/Microsoft/VC/v170/Platforms/Win32/Platform.Default.props to D:\Program\Msbuild\Microsoft\VC\v170\Platforms\Win32\Platform.Default.props
[da4c:0007][2026-05-10T00:49:39] Completed: Copying file /Contents/Msbuild/Microsoft/VC/v170/Platforms/Win32/Platform.Default.props to D:\Program\Msbuild\Microsoft\VC\v170\Platforms\Win32\Platform.Default.props
[da4c:0007][2026-05-10T00:49:39] Timestamp updated for file 'D:\Program\Msbuild\Microsoft\VC\v170\Platforms\Win32\Platform.Default.props'.
[da4c:0007][2026-05-10T00:49:39] Processing file /Contents/Msbuild/Microsoft/VC/v170/Platforms/Win32/Platform.props
[da4c:0007][2026-05-10T00:49:39] Started: Copying file /Contents/Msbuild/Microsoft/VC/v170/Platforms/Win32/Platform.props to D:\Program\Msbuild\Microsoft\VC\v170\Platforms\Win32\Platform.props
[da4c:0007][2026-05-10T00:49:39] Completed: Copying file /Contents/Msbuild/Microsoft/VC/v170/Platforms/Win32/Platform.props to D:\Program\Msbuild\Microsoft\VC\v170\Platforms\Win32\Platform.props
[da4c:0007][2026-05-10T00:49:39] Timestamp updated for file 'D:\Program\Msbuild\Microsoft\VC\v170\Platforms\Win32\Platform.props'.
[da4c:0007][2026-05-10T00:49:39] Processing file /Contents/Msbuild/Microsoft/VC/v170/Platforms/Win32/Platform.targets
[da4c:0007][2026-05-10T00:49:39] Started: Copying file /Contents/Msbuild/Microsoft/VC/v170/Platforms/Win32/Platform.targets to D:\Program\Msbuild\Microsoft\VC\v170\Platforms\Win32\Platform.targets
[da4c:0007][2026-05-10T00:49:39] Completed: Copying file /Contents/Msbuild/Microsoft/VC/v170/Platforms/Win32/Platform.targets to D:\Program\Msbuild\Microsoft\VC\v170\Platforms\Win32\Platform.targets
[da4c:0007][2026-05-10T00:49:39] Timestamp updated for file 'D:\Program\Msbuild\Microsoft\VC\v170\Platforms\Win32\Platform.targets'.
[da4c:0007][2026-05-10T00:49:39] Package executed successfully. Return code: 0
