[0c48:0003][2026-05-10T01:44:46] Using cached package manifest as the embedded manifest
[0c48:0003][2026-05-10T01:44:46] Processing file /Contents/Common7/IDE/VC/vcpackages/1033/vcpkgsrvui.dll
[0c48:0003][2026-05-10T01:44:46] C:\Program Files (x86)\Microsoft Visual Studio\2022\BuildTools\Common7\IDE\VC\vcpackages\1033\vcpkgsrvui.dll file deleted.
[0c48:0003][2026-05-10T01:44:46] Processing file /Contents/Common7/IDE/CommonExtensions/Microsoft/VC/Wizards/en/Microsoft.VC.Wizards.resources.dll
[0c48:0003][2026-05-10T01:44:46] C:\Program Files (x86)\Microsoft Visual Studio\2022\BuildTools\Common7\IDE\CommonExtensions\Microsoft\VC\Wizards\en\Microsoft.VC.Wizards.resources.dll file deleted.
[0c48:0003][2026-05-10T01:44:46] Processing file /Contents/Common7/IDE/PublicAssemblies/en/Microsoft.VisualStudio.VCCodeModel.xml
[0c48:0003][2026-05-10T01:44:46] C:\Program Files (x86)\Microsoft Visual Studio\2022\BuildTools\Common7\IDE\PublicAssemblies\en\Microsoft.VisualStudio.VCCodeModel.xml file deleted.
[0c48:0003][2026-05-10T01:44:46] Processing file /Contents/Common7/IDE/PublicAssemblies/en/CppCodeProvider.xml
[0c48:0003][2026-05-10T01:44:46] C:\Program Files (x86)\Microsoft Visual Studio\2022\BuildTools\Common7\IDE\PublicAssemblies\en\CppCodeProvider.xml file deleted.
[0c48:0003][2026-05-10T01:44:46] Processing file /Contents/Common7/IDE/VC/Snippets/1033/SnippetsIndex.xml
[0c48:0003][2026-05-10T01:44:46] C:\Program Files (x86)\Microsoft Visual Studio\2022\BuildTools\Common7\IDE\VC\Snippets\1033\SnippetsIndex.xml file deleted.
[0c48:0003][2026-05-10T01:44:46] Processing file /Contents/Common7/IDE/VC/Snippets/1033/Visual C++/~.snippet
[0c48:0003][2026-05-10T01:44:46] C:\Program Files (x86)\Microsoft Visual Studio\2022\BuildTools\Common7\IDE\VC\Snippets\1033\Visual C++\~.snippet file deleted.
[0c48:0003][2026-05-10T01:44:46] Processing file /Contents/Common7/IDE/VC/Snippets/1033/Visual C++/class.snippet
[0c48:0003][2026-05-10T01:44:46] C:\Program Files (x86)\Microsoft Visual Studio\2022\BuildTools\Common7\IDE\VC\Snippets\1033\Visual C++\class.snippet file deleted.
[0c48:0003][2026-05-10T01:44:46] Processing file /Contents/Common7/IDE/VC/Snippets/1033/Visual C++/classi.snippet
[0c48:0003][2026-05-10T01:44:46] C:\Program Files (x86)\Microsoft Visual Studio\2022\BuildTools\Common7\IDE\VC\Snippets\1033\Visual C++\classi.snippet file deleted.
[0c48:0003][2026-05-10T01:44:46] Processing file /Contents/Common7/IDE/VC/Snippets/1033/Visual C++/ctor.snippet
[0c48:0003][2026-05-10T01:44:46] C:\Program Files (x86)\Microsoft Visual Studio\2022\BuildTools\Common7\IDE\VC\Snippets\1033\Visual C++\ctor.snippet file deleted.
[0c48:0003][2026-05-10T01:44:46] Processing file /Contents/Common7/IDE/VC/Snippets/1033/Visual C++/do.snippet
[0c48:0003][2026-05-10T01:44:46] C:\Program Files (x86)\Microsoft Visual Studio\2022\BuildTools\Common7\IDE\VC\Snippets\1033\Visual C++\do.snippet file deleted.
[0c48:0003][2026-05-10T01:44:46] Processing file /Contents/Common7/IDE/VC/Snippets/1033/Visual C++/else.snippet
[0c48:0003][2026-05-10T01:44:46] C:\Program Files (x86)\Microsoft Visual Studio\2022\BuildTools\Common7\IDE\VC\Snippets\1033\Visual C++\else.snippet file deleted.
[0c48:0003][2026-05-10T01:44:46] Processing file /Contents/Common7/IDE/VC/Snippets/1033/Visual C++/enum.snippet
[0c48:0003][2026-05-10T01:44:46] C:\Program Files (x86)\Microsoft Visual Studio\2022\BuildTools\Common7\IDE\VC\Snippets\1033\Visual C++\enum.snippet file deleted.
[0c48:0003][2026-05-10T01:44:46] Processing file /Contents/Common7/IDE/VC/Snippets/1033/Visual C++/enumclass.snippet
[0c48:0003][2026-05-10T01:44:46] C:\Program Files (x86)\Microsoft Visual Studio\2022\BuildTools\Common7\IDE\VC\Snippets\1033\Visual C++\enumclass.snippet file deleted.
[0c48:0003][2026-05-10T01:44:46] Processing file /Contents/Common7/IDE/VC/Snippets/1033/Visual C++/for.snippet
[0c48:0003][2026-05-10T01:44:46] C:\Program Files (x86)\Microsoft Visual Studio\2022\BuildTools\Common7\IDE\VC\Snippets\1033\Visual C++\for.snippet file deleted.
[0c48:0003][2026-05-10T01:44:46] Processing file /Contents/Common7/IDE/VC/Snippets/1033/Visual C++/foreach.snippet
[0c48:0003][2026-05-10T01:44:46] C:\Program Files (x86)\Microsoft Visual Studio\2022\BuildTools\Common7\IDE\VC\Snippets\1033\Visual C++\foreach.snippet file deleted.
[0c48:0003][2026-05-10T01:44:46] Processing file /Contents/Common7/IDE/VC/Snippets/1033/Visual C++/forr.snippet
[0c48:0003][2026-05-10T01:44:46] C:\Program Files (x86)\Microsoft Visual Studio\2022\BuildTools\Common7\IDE\VC\Snippets\1033\Visual C++\forr.snippet file deleted.
[0c48:0003][2026-05-10T01:44:46] Processing file /Contents/Common7/IDE/VC/Snippets/1033/Visual C++/if.snippet
[0c48:0003][2026-05-10T01:44:46] C:\Program Files (x86)\Microsoft Visual Studio\2022\BuildTools\Common7\IDE\VC\Snippets\1033\Visual C++\if.snippet file deleted.
[0c48:0003][2026-05-10T01:44:46] Processing file /Contents/Common7/IDE/VC/Snippets/1033/Visual C++/if_consteval.snippet
[0c48:0003][2026-05-10T01:44:46] C:\Program Files (x86)\Microsoft Visual Studio\2022\BuildTools\Common7\IDE\VC\Snippets\1033\Visual C++\if_consteval.snippet file deleted.
[0c48:0003][2026-05-10T01:44:46] Processing file /Contents/Common7/IDE/VC/Snippets/1033/Visual C++/if_constexpr.snippet
[0c48:0003][2026-05-10T01:44:46] C:\Program Files (x86)\Microsoft Visual Studio\2022\BuildTools\Common7\IDE\VC\Snippets\1033\Visual C++\if_constexpr.snippet file deleted.
[0c48:0003][2026-05-10T01:44:46] Processing file /Contents/Common7/IDE/VC/Snippets/1033/Visual C++/interface.snippet
[0c48:0003][2026-05-10T01:44:46] C:\Program Files (x86)\Microsoft Visual Studio\2022\BuildTools\Common7\IDE\VC\Snippets\1033\Visual C++\interface.snippet file deleted.
[0c48:0003][2026-05-10T01:44:46] Processing file /Contents/Common7/IDE/VC/Snippets/1033/Visual C++/namespace.snippet
[0c48:0003][2026-05-10T01:44:46] C:\Program Files (x86)\Microsoft Visual Studio\2022\BuildTools\Common7\IDE\VC\Snippets\1033\Visual C++\namespace.snippet file deleted.
[0c48:0003][2026-05-10T01:44:46] Processing file /Contents/Common7/IDE/VC/Snippets/1033/Visual C++/pp_if.snippet
[0c48:0003][2026-05-10T01:44:46] C:\Program Files (x86)\Microsoft Visual Studio\2022\BuildTools\Common7\IDE\VC\Snippets\1033\Visual C++\pp_if.snippet file deleted.
[0c48:0003][2026-05-10T01:44:46] Processing file /Contents/Common7/IDE/VC/Snippets/1033/Visual C++/pp_ifdef.snippet
[0c48:0003][2026-05-10T01:44:46] C:\Program Files (x86)\Microsoft Visual Studio\2022\BuildTools\Common7\IDE\VC\Snippets\1033\Visual C++\pp_ifdef.snippet file deleted.
[0c48:0003][2026-05-10T01:44:46] Processing file /Contents/Common7/IDE/VC/Snippets/1033/Visual C++/pp_ifndef.snippet
[0c48:0003][2026-05-10T01:44:46] C:\Program Files (x86)\Microsoft Visual Studio\2022\BuildTools\Common7\IDE\VC\Snippets\1033\Visual C++\pp_ifndef.snippet file deleted.
[0c48:0003][2026-05-10T01:44:46] Processing file /Contents/Common7/IDE/VC/Snippets/1033/Visual C++/pp_region.snippet
[0c48:0003][2026-05-10T01:44:46] C:\Program Files (x86)\Microsoft Visual Studio\2022\BuildTools\Common7\IDE\VC\Snippets\1033\Visual C++\pp_region.snippet file deleted.
[0c48:0003][2026-05-10T01:44:46] Processing file /Contents/Common7/IDE/VC/Snippets/1033/Visual C++/rfor.snippet
[0c48:0003][2026-05-10T01:44:46] C:\Program Files (x86)\Microsoft Visual Studio\2022\BuildTools\Common7\IDE\VC\Snippets\1033\Visual C++\rfor.snippet file deleted.
[0c48:0003][2026-05-10T01:44:46] Processing file /Contents/Common7/IDE/VC/Snippets/1033/Visual C++/struct.snippet
[0c48:0003][2026-05-10T01:44:46] C:\Program Files (x86)\Microsoft Visual Studio\2022\BuildTools\Common7\IDE\VC\Snippets\1033\Visual C++\struct.snippet file deleted.
[0c48:0003][2026-05-10T01:44:46] Processing file /Contents/Common7/IDE/VC/Snippets/1033/Visual C++/switch.snippet
[0c48:0003][2026-05-10T01:44:46] C:\Program Files (x86)\Microsoft Visual Studio\2022\BuildTools\Common7\IDE\VC\Snippets\1033\Visual C++\switch.snippet file deleted.
[0c48:0003][2026-05-10T01:44:46] Processing file /Contents/Common7/IDE/VC/Snippets/1033/Visual C++/try.snippet
[0c48:0003][2026-05-10T01:44:46] C:\Program Files (x86)\Microsoft Visual Studio\2022\BuildTools\Common7\IDE\VC\Snippets\1033\Visual C++\try.snippet file deleted.
[0c48:0003][2026-05-10T01:44:46] Processing file /Contents/Common7/IDE/VC/Snippets/1033/Visual C++/union.snippet
[0c48:0003][2026-05-10T01:44:46] C:\Program Files (x86)\Microsoft Visual Studio\2022\BuildTools\Common7\IDE\VC\Snippets\1033\Visual C++\union.snippet file deleted.
[0c48:0003][2026-05-10T01:44:46] Processing file /Contents/Common7/IDE/VC/Snippets/1033/Visual C++/while.snippet
[0c48:0003][2026-05-10T01:44:46] C:\Program Files (x86)\Microsoft Visual Studio\2022\BuildTools\Common7\IDE\VC\Snippets\1033\Visual C++\while.snippet file deleted.
[0c48:0003][2026-05-10T01:44:46] Processing file /Contents/Common7/IDE/VC/Snippets/1033/Visual C++/Unreal Engine/swidget.snippet
[0c48:0003][2026-05-10T01:44:46] C:\Program Files (x86)\Microsoft Visual Studio\2022\BuildTools\Common7\IDE\VC\Snippets\1033\Visual C++\Unreal Engine\swidget.snippet file deleted.
[0c48:0003][2026-05-10T01:44:46] Processing file /Contents/Common7/IDE/VC/Snippets/1033/Visual C++/Unreal Engine/tactorrange.snippet
[0c48:0003][2026-05-10T01:44:46] C:\Program Files (x86)\Microsoft Visual Studio\2022\BuildTools\Common7\IDE\VC\Snippets\1033\Visual C++\Unreal Engine\tactorrange.snippet file deleted.
[0c48:0003][2026-05-10T01:44:46] Processing file /Contents/Common7/IDE/VC/Snippets/1033/Visual C++/Unreal Engine/tobjectrange.snippet
[0c48:0003][2026-05-10T01:44:46] C:\Program Files (x86)\Microsoft Visual Studio\2022\BuildTools\Common7\IDE\VC\Snippets\1033\Visual C++\Unreal Engine\tobjectrange.snippet file deleted.
[0c48:0003][2026-05-10T01:44:46] Processing file /Contents/Common7/IDE/VC/Snippets/1033/Visual C++/Unreal Engine/uclass.snippet
[0c48:0003][2026-05-10T01:44:46] C:\Program Files (x86)\Microsoft Visual Studio\2022\BuildTools\Common7\IDE\VC\Snippets\1033\Visual C++\Unreal Engine\uclass.snippet file deleted.
[0c48:0003][2026-05-10T01:44:46] Processing file /Contents/Common7/IDE/VC/Snippets/1033/Visual C++/Unreal Engine/uclassexported.snippet
[0c48:0003][2026-05-10T01:44:46] C:\Program Files (x86)\Microsoft Visual Studio\2022\BuildTools\Common7\IDE\VC\Snippets\1033\Visual C++\Unreal Engine\uclassexported.snippet file deleted.
[0c48:0003][2026-05-10T01:44:46] Processing file /Contents/Common7/IDE/VC/Snippets/1033/Visual C++/Unreal Engine/uelog.snippet
[0c48:0003][2026-05-10T01:44:46] C:\Program Files (x86)\Microsoft Visual Studio\2022\BuildTools\Common7\IDE\VC\Snippets\1033\Visual C++\Unreal Engine\uelog.snippet file deleted.
[0c48:0003][2026-05-10T01:44:46] Processing file /Contents/Common7/IDE/VC/Snippets/1033/Visual C++/Unreal Engine/uenum.snippet
[0c48:0003][2026-05-10T01:44:46] C:\Program Files (x86)\Microsoft Visual Studio\2022\BuildTools\Common7\IDE\VC\Snippets\1033\Visual C++\Unreal Engine\uenum.snippet file deleted.
[0c48:0003][2026-05-10T01:44:46] Processing file /Contents/Common7/IDE/VC/Snippets/1033/Visual C++/Unreal Engine/ufunction.snippet
[0c48:0003][2026-05-10T01:44:46] C:\Program Files (x86)\Microsoft Visual Studio\2022\BuildTools\Common7\IDE\VC\Snippets\1033\Visual C++\Unreal Engine\ufunction.snippet file deleted.
[0c48:0003][2026-05-10T01:44:46] Processing file /Contents/Common7/IDE/VC/Snippets/1033/Visual C++/Unreal Engine/uinterface.snippet
[0c48:0003][2026-05-10T01:44:46] C:\Program Files (x86)\Microsoft Visual Studio\2022\BuildTools\Common7\IDE\VC\Snippets\1033\Visual C++\Unreal Engine\uinterface.snippet file deleted.
[0c48:0003][2026-05-10T01:44:46] Processing file /Contents/Common7/IDE/VC/Snippets/1033/Visual C++/Unreal Engine/uinterfaceexported.snippet
[0c48:0003][2026-05-10T01:44:46] C:\Program Files (x86)\Microsoft Visual Studio\2022\BuildTools\Common7\IDE\VC\Snippets\1033\Visual C++\Unreal Engine\uinterfaceexported.snippet file deleted.
[0c48:0003][2026-05-10T01:44:46] Processing file /Contents/Common7/IDE/VC/Snippets/1033/Visual C++/Unreal Engine/uproperty.snippet
[0c48:0003][2026-05-10T01:44:46] C:\Program Files (x86)\Microsoft Visual Studio\2022\BuildTools\Common7\IDE\VC\Snippets\1033\Visual C++\Unreal Engine\uproperty.snippet file deleted.
[0c48:0003][2026-05-10T01:44:46] Processing file /Contents/Common7/IDE/VC/Snippets/1033/Visual C++/Unreal Engine/ustruct.snippet
[0c48:0003][2026-05-10T01:44:46] C:\Program Files (x86)\Microsoft Visual Studio\2022\BuildTools\Common7\IDE\VC\Snippets\1033\Visual C++\Unreal Engine\ustruct.snippet file deleted.
[0c48:0003][2026-05-10T01:44:46] Processing file /Contents/Common7/IDE/VC/Snippets/1033/Visual C++/Unreal Engine/ustructexported.snippet
[0c48:0003][2026-05-10T01:44:46] C:\Program Files (x86)\Microsoft Visual Studio\2022\BuildTools\Common7\IDE\VC\Snippets\1033\Visual C++\Unreal Engine\ustructexported.snippet file deleted.
[0c48:0003][2026-05-10T01:44:46] Processing file /Contents/Common7/IDE/VC/Snippets/1033/Visual C++/Unreal Engine/witheditor.snippet
[0c48:0003][2026-05-10T01:44:46] C:\Program Files (x86)\Microsoft Visual Studio\2022\BuildTools\Common7\IDE\VC\Snippets\1033\Visual C++\Unreal Engine\witheditor.snippet file deleted.
[0c48:0003][2026-05-10T01:44:46] Processing file /Contents/Common7/IDE/VC/vcpackages/1033/vcpkgui.dll
[0c48:0003][2026-05-10T01:44:46] C:\Program Files (x86)\Microsoft Visual Studio\2022\BuildTools\Common7\IDE\VC\vcpackages\1033\vcpkgui.dll file deleted.
[0c48:0003][2026-05-10T01:44:46] Processing file /Contents/Common7/IDE/VC/vcpackages/1033/msgbldui.dll
[0c48:0003][2026-05-10T01:44:46] C:\Program Files (x86)\Microsoft Visual Studio\2022\BuildTools\Common7\IDE\VC\vcpackages\1033\msgbldui.dll file deleted.
[0c48:0003][2026-05-10T01:44:46] Processing file /Contents/Common7/IDE/VC/vcpackages/1033/dbsvcui.dll
[0c48:0003][2026-05-10T01:44:46] C:\Program Files (x86)\Microsoft Visual Studio\2022\BuildTools\Common7\IDE\VC\vcpackages\1033\dbsvcui.dll file deleted.
[0c48:0003][2026-05-10T01:44:46] Processing file /Contents/Common7/IDE/VC/vcpackages/1033/cpfeui.dll
[0c48:0003][2026-05-10T01:44:46] C:\Program Files (x86)\Microsoft Visual Studio\2022\BuildTools\Common7\IDE\VC\vcpackages\1033\cpfeui.dll file deleted.
[0c48:0003][2026-05-10T01:44:46] Processing file /Contents/Common7/IDE/VC/VCWizards/1033/Script.js
[0c48:0003][2026-05-10T01:44:46] C:\Program Files (x86)\Microsoft Visual Studio\2022\BuildTools\Common7\IDE\VC\VCWizards\1033\Script.js file deleted.
[0c48:0003][2026-05-10T01:44:46] Processing file /Contents/Common7/IDE/VC/VCWizards/1033/common.js
[0c48:0003][2026-05-10T01:44:46] C:\Program Files (x86)\Microsoft Visual Studio\2022\BuildTools\Common7\IDE\VC\VCWizards\1033\common.js file deleted.
[0c48:0003][2026-05-10T01:44:46] Processing file /Contents/Common7/IDE/VC/VCWizards/1033/NewStyles.css
[0c48:0003][2026-05-10T01:44:46] C:\Program Files (x86)\Microsoft Visual Studio\2022\BuildTools\Common7\IDE\VC\VCWizards\1033\NewStyles.css file deleted.
[0c48:0003][2026-05-10T01:44:46] Processing file /Contents/Common7/IDE/VC/VCWizards/1033/styles.css
[0c48:0003][2026-05-10T01:44:46] C:\Program Files (x86)\Microsoft Visual Studio\2022\BuildTools\Common7\IDE\VC\VCWizards\1033\styles.css file deleted.
[0c48:0003][2026-05-10T01:44:46] Processing file /Contents/Common7/IDE/VC/VCWizards/CodeWiz/Generic/PropertySheet/Scripts/1033/default.js
[0c48:0003][2026-05-10T01:44:46] C:\Program Files (x86)\Microsoft Visual Studio\2022\BuildTools\Common7\IDE\VC\VCWizards\CodeWiz\Generic\PropertySheet\Scripts\1033\default.js file deleted.
[0c48:0003][2026-05-10T01:44:46] Processing file /Contents/Common7/IDE/VC/VCWizards/CodeWiz/Generic/PropertySheet/Templates/1033/root.props
[0c48:0003][2026-05-10T01:44:46] C:\Program Files (x86)\Microsoft Visual Studio\2022\BuildTools\Common7\IDE\VC\VCWizards\CodeWiz\Generic\PropertySheet\Templates\1033\root.props file deleted.
[0c48:0003][2026-05-10T01:44:46] Started: Deleting empty directories
[0c48:0003][2026-05-10T01:44:46] Completed: Deleting empty directories
[0c48:0003][2026-05-10T01:44:46] Package executed successfully. Return code: 0
