[3474:0009][2026-05-10T01:46:08] Using cached package manifest as the embedded manifest
[3474:0009][2026-05-10T01:46:08] Processing file /Contents/Common7/IDE/CommonExtensions/Microsoft/Architecture Tools/GraphProviderPackage/Microsoft.VisualStudio.Progression.CodeSchema.dll
[3474:0009][2026-05-10T01:46:08] D:\Program Files (x86)\Microsoft Visual Studio\2022\BuildTools\Common7\IDE\CommonExtensions\Microsoft\Architecture Tools\GraphProviderPackage\Microsoft.VisualStudio.Progression.CodeSchema.dll file deleted.
[3474:0009][2026-05-10T01:46:08] Processing file /Contents/Common7/IDE/CommonExtensions/Microsoft/Architecture Tools/GraphProviderPackage/Microsoft.VisualStudio.Progression.Common.dll
[3474:0009][2026-05-10T01:46:08] D:\Program Files (x86)\Microsoft Visual Studio\2022\BuildTools\Common7\IDE\CommonExtensions\Microsoft\Architecture Tools\GraphProviderPackage\Microsoft.VisualStudio.Progression.Common.dll file deleted.
[3474:0009][2026-05-10T01:46:08] Processing file /Contents/Common7/IDE/CommonExtensions/Microsoft/Architecture Tools/GraphProviderPackage/Microsoft.VisualStudio.Progression.DataManager.dll
[3474:0009][2026-05-10T01:46:08] D:\Program Files (x86)\Microsoft Visual Studio\2022\BuildTools\Common7\IDE\CommonExtensions\Microsoft\Architecture Tools\GraphProviderPackage\Microsoft.VisualStudio.Progression.DataManager.dll file deleted.
[3474:0009][2026-05-10T01:46:08] Processing file /Contents/Common7/IDE/CommonExtensions/Microsoft/Architecture Tools/Providers/Solution/extension.vsixmanifest
[3474:0009][2026-05-10T01:46:08] D:\Program Files (x86)\Microsoft Visual Studio\2022\BuildTools\Common7\IDE\CommonExtensions\Microsoft\Architecture Tools\Providers\Solution\extension.vsixmanifest file deleted.
[3474:0009][2026-05-10T01:46:08] Processing file /Contents/Common7/IDE/CommonExtensions/Microsoft/Architecture Tools/Providers/Solution/Microsoft.VisualStudio.Progression.VSProvider.dll
[3474:0009][2026-05-10T01:46:08] D:\Program Files (x86)\Microsoft Visual Studio\2022\BuildTools\Common7\IDE\CommonExtensions\Microsoft\Architecture Tools\Providers\Solution\Microsoft.VisualStudio.Progression.VSProvider.dll file deleted.
[3474:0009][2026-05-10T01:46:08] Processing file /Contents/Common7/IDE/CommonExtensions/Microsoft/Architecture Tools/Providers/ManagedProvider/extension.vsixmanifest
[3474:0009][2026-05-10T01:46:08] D:\Program Files (x86)\Microsoft Visual Studio\2022\BuildTools\Common7\IDE\CommonExtensions\Microsoft\Architecture Tools\Providers\ManagedProvider\extension.vsixmanifest file deleted.
[3474:0009][2026-05-10T01:46:08] Processing file /Contents/Common7/IDE/CommonExtensions/Microsoft/Architecture Tools/Providers/ManagedProvider/Microsoft.VisualStudio.Progression.ManagedProvider.dll
[3474:0009][2026-05-10T01:46:08] D:\Program Files (x86)\Microsoft Visual Studio\2022\BuildTools\Common7\IDE\CommonExtensions\Microsoft\Architecture Tools\Providers\ManagedProvider\Microsoft.VisualStudio.Progression.ManagedProvider.dll file deleted.
[3474:0009][2026-05-10T01:46:08] Processing file /Contents/Common7/IDE/PrivateAssemblies/Microsoft.VisualStudio.ArchitectureTools.PEReader.dll
[3474:0009][2026-05-10T01:46:08] D:\Program Files (x86)\Microsoft Visual Studio\2022\BuildTools\Common7\IDE\PrivateAssemblies\Microsoft.VisualStudio.ArchitectureTools.PEReader.dll file deleted.
[3474:0009][2026-05-10T01:46:08] Processing file /Contents/Common7/IDE/PrivateAssemblies/Microsoft.VisualStudio.ArchitectureTools.Telemetry.dll
[3474:0009][2026-05-10T01:46:08] D:\Program Files (x86)\Microsoft Visual Studio\2022\BuildTools\Common7\IDE\PrivateAssemblies\Microsoft.VisualStudio.ArchitectureTools.Telemetry.dll file deleted.
[3474:0009][2026-05-10T01:46:08] Started: Deleting empty directories
[3474:0009][2026-05-10T01:46:08] Completed: Deleting empty directories
[3474:0009][2026-05-10T01:46:08] Package executed successfully. Return code: 0
