[c9c4:0009][2026-05-10T01:01:58] Opening the package for processing
[c9c4:0009][2026-05-10T01:01:58] Using package payload to get the embedded manifest
[c9c4:0009][2026-05-10T01:01:58] Getting list of files within the package
[c9c4:0009][2026-05-10T01:01:58] Processing file /catalog.json
[c9c4:0009][2026-05-10T01:01:58] Started: Copying file /catalog.json to D:\Program Files (x86)\Microsoft Visual Studio\2022\BuildTools\Common7\IDE\CommonExtensions\Microsoft\VisualStudio\Editors\catalog.json
[c9c4:0009][2026-05-10T01:01:58] Completed: Copying file /catalog.json to D:\Program Files (x86)\Microsoft Visual Studio\2022\BuildTools\Common7\IDE\CommonExtensions\Microsoft\VisualStudio\Editors\catalog.json
[c9c4:0009][2026-05-10T01:01:58] Timestamp updated for file 'D:\Program Files (x86)\Microsoft Visual Studio\2022\BuildTools\Common7\IDE\CommonExtensions\Microsoft\VisualStudio\Editors\catalog.json'.
[c9c4:0009][2026-05-10T01:01:58] Processing file /cs/Microsoft.VisualStudio.AppDesigner.resources.dll
[c9c4:0009][2026-05-10T01:01:58] Started: Copying file /cs/Microsoft.VisualStudio.AppDesigner.resources.dll to D:\Program Files (x86)\Microsoft Visual Studio\2022\BuildTools\Common7\IDE\CommonExtensions\Microsoft\VisualStudio\Editors\cs\Microsoft.VisualStudio.AppDesigner.resources.dll
[c9c4:0009][2026-05-10T01:01:58] Completed: Copying file /cs/Microsoft.VisualStudio.AppDesigner.resources.dll to D:\Program Files (x86)\Microsoft Visual Studio\2022\BuildTools\Common7\IDE\CommonExtensions\Microsoft\VisualStudio\Editors\cs\Microsoft.VisualStudio.AppDesigner.resources.dll
[c9c4:0009][2026-05-10T01:01:58] Timestamp updated for file 'D:\Program Files (x86)\Microsoft Visual Studio\2022\BuildTools\Common7\IDE\CommonExtensions\Microsoft\VisualStudio\Editors\cs\Microsoft.VisualStudio.AppDesigner.resources.dll'.
[c9c4:0009][2026-05-10T01:01:58] Processing file /cs/Microsoft.VisualStudio.Editors.resources.dll
[c9c4:0009][2026-05-10T01:01:58] Started: Copying file /cs/Microsoft.VisualStudio.Editors.resources.dll to D:\Program Files (x86)\Microsoft Visual Studio\2022\BuildTools\Common7\IDE\CommonExtensions\Microsoft\VisualStudio\Editors\cs\Microsoft.VisualStudio.Editors.resources.dll
[c9c4:0009][2026-05-10T01:01:58] Completed: Copying file /cs/Microsoft.VisualStudio.Editors.resources.dll to D:\Program Files (x86)\Microsoft Visual Studio\2022\BuildTools\Common7\IDE\CommonExtensions\Microsoft\VisualStudio\Editors\cs\Microsoft.VisualStudio.Editors.resources.dll
[c9c4:0009][2026-05-10T01:01:58] Timestamp updated for file 'D:\Program Files (x86)\Microsoft Visual Studio\2022\BuildTools\Common7\IDE\CommonExtensions\Microsoft\VisualStudio\Editors\cs\Microsoft.VisualStudio.Editors.resources.dll'.
[c9c4:0009][2026-05-10T01:01:58] Processing file /de/Microsoft.VisualStudio.AppDesigner.resources.dll
[c9c4:0009][2026-05-10T01:01:58] Started: Copying file /de/Microsoft.VisualStudio.AppDesigner.resources.dll to D:\Program Files (x86)\Microsoft Visual Studio\2022\BuildTools\Common7\IDE\CommonExtensions\Microsoft\VisualStudio\Editors\de\Microsoft.VisualStudio.AppDesigner.resources.dll
[c9c4:0009][2026-05-10T01:01:58] Completed: Copying file /de/Microsoft.VisualStudio.AppDesigner.resources.dll to D:\Program Files (x86)\Microsoft Visual Studio\2022\BuildTools\Common7\IDE\CommonExtensions\Microsoft\VisualStudio\Editors\de\Microsoft.VisualStudio.AppDesigner.resources.dll
[c9c4:0009][2026-05-10T01:01:58] Timestamp updated for file 'D:\Program Files (x86)\Microsoft Visual Studio\2022\BuildTools\Common7\IDE\CommonExtensions\Microsoft\VisualStudio\Editors\de\Microsoft.VisualStudio.AppDesigner.resources.dll'.
[c9c4:0009][2026-05-10T01:01:58] Processing file /de/Microsoft.VisualStudio.Editors.resources.dll
[c9c4:0009][2026-05-10T01:01:58] Started: Copying file /de/Microsoft.VisualStudio.Editors.resources.dll to D:\Program Files (x86)\Microsoft Visual Studio\2022\BuildTools\Common7\IDE\CommonExtensions\Microsoft\VisualStudio\Editors\de\Microsoft.VisualStudio.Editors.resources.dll
[c9c4:0009][2026-05-10T01:01:58] Completed: Copying file /de/Microsoft.VisualStudio.Editors.resources.dll to D:\Program Files (x86)\Microsoft Visual Studio\2022\BuildTools\Common7\IDE\CommonExtensions\Microsoft\VisualStudio\Editors\de\Microsoft.VisualStudio.Editors.resources.dll
[c9c4:0009][2026-05-10T01:01:58] Timestamp updated for file 'D:\Program Files (x86)\Microsoft Visual Studio\2022\BuildTools\Common7\IDE\CommonExtensions\Microsoft\VisualStudio\Editors\de\Microsoft.VisualStudio.Editors.resources.dll'.
[c9c4:0009][2026-05-10T01:01:58] Processing file /es/Microsoft.VisualStudio.AppDesigner.resources.dll
[c9c4:0009][2026-05-10T01:01:58] Started: Copying file /es/Microsoft.VisualStudio.AppDesigner.resources.dll to D:\Program Files (x86)\Microsoft Visual Studio\2022\BuildTools\Common7\IDE\CommonExtensions\Microsoft\VisualStudio\Editors\es\Microsoft.VisualStudio.AppDesigner.resources.dll
[c9c4:0009][2026-05-10T01:01:58] Completed: Copying file /es/Microsoft.VisualStudio.AppDesigner.resources.dll to D:\Program Files (x86)\Microsoft Visual Studio\2022\BuildTools\Common7\IDE\CommonExtensions\Microsoft\VisualStudio\Editors\es\Microsoft.VisualStudio.AppDesigner.resources.dll
[c9c4:0009][2026-05-10T01:01:58] Timestamp updated for file 'D:\Program Files (x86)\Microsoft Visual Studio\2022\BuildTools\Common7\IDE\CommonExtensions\Microsoft\VisualStudio\Editors\es\Microsoft.VisualStudio.AppDesigner.resources.dll'.
[c9c4:0009][2026-05-10T01:01:58] Processing file /es/Microsoft.VisualStudio.Editors.resources.dll
[c9c4:0009][2026-05-10T01:01:58] Started: Copying file /es/Microsoft.VisualStudio.Editors.resources.dll to D:\Program Files (x86)\Microsoft Visual Studio\2022\BuildTools\Common7\IDE\CommonExtensions\Microsoft\VisualStudio\Editors\es\Microsoft.VisualStudio.Editors.resources.dll
[c9c4:0009][2026-05-10T01:01:58] Completed: Copying file /es/Microsoft.VisualStudio.Editors.resources.dll to D:\Program Files (x86)\Microsoft Visual Studio\2022\BuildTools\Common7\IDE\CommonExtensions\Microsoft\VisualStudio\Editors\es\Microsoft.VisualStudio.Editors.resources.dll
[c9c4:0009][2026-05-10T01:01:58] Timestamp updated for file 'D:\Program Files (x86)\Microsoft Visual Studio\2022\BuildTools\Common7\IDE\CommonExtensions\Microsoft\VisualStudio\Editors\es\Microsoft.VisualStudio.Editors.resources.dll'.
[c9c4:0009][2026-05-10T01:01:58] Processing file /fr/Microsoft.VisualStudio.AppDesigner.resources.dll
[c9c4:0009][2026-05-10T01:01:58] Started: Copying file /fr/Microsoft.VisualStudio.AppDesigner.resources.dll to D:\Program Files (x86)\Microsoft Visual Studio\2022\BuildTools\Common7\IDE\CommonExtensions\Microsoft\VisualStudio\Editors\fr\Microsoft.VisualStudio.AppDesigner.resources.dll
[c9c4:0009][2026-05-10T01:01:58] Completed: Copying file /fr/Microsoft.VisualStudio.AppDesigner.resources.dll to D:\Program Files (x86)\Microsoft Visual Studio\2022\BuildTools\Common7\IDE\CommonExtensions\Microsoft\VisualStudio\Editors\fr\Microsoft.VisualStudio.AppDesigner.resources.dll
[c9c4:0009][2026-05-10T01:01:58] Timestamp updated for file 'D:\Program Files (x86)\Microsoft Visual Studio\2022\BuildTools\Common7\IDE\CommonExtensions\Microsoft\VisualStudio\Editors\fr\Microsoft.VisualStudio.AppDesigner.resources.dll'.
[c9c4:0009][2026-05-10T01:01:58] Processing file /fr/Microsoft.VisualStudio.Editors.resources.dll
[c9c4:0009][2026-05-10T01:01:58] Started: Copying file /fr/Microsoft.VisualStudio.Editors.resources.dll to D:\Program Files (x86)\Microsoft Visual Studio\2022\BuildTools\Common7\IDE\CommonExtensions\Microsoft\VisualStudio\Editors\fr\Microsoft.VisualStudio.Editors.resources.dll
[c9c4:0009][2026-05-10T01:01:58] Completed: Copying file /fr/Microsoft.VisualStudio.Editors.resources.dll to D:\Program Files (x86)\Microsoft Visual Studio\2022\BuildTools\Common7\IDE\CommonExtensions\Microsoft\VisualStudio\Editors\fr\Microsoft.VisualStudio.Editors.resources.dll
[c9c4:0009][2026-05-10T01:01:58] Timestamp updated for file 'D:\Program Files (x86)\Microsoft Visual Studio\2022\BuildTools\Common7\IDE\CommonExtensions\Microsoft\VisualStudio\Editors\fr\Microsoft.VisualStudio.Editors.resources.dll'.
[c9c4:0009][2026-05-10T01:01:58] Processing file /it/Microsoft.VisualStudio.AppDesigner.resources.dll
[c9c4:0009][2026-05-10T01:01:58] Started: Copying file /it/Microsoft.VisualStudio.AppDesigner.resources.dll to D:\Program Files (x86)\Microsoft Visual Studio\2022\BuildTools\Common7\IDE\CommonExtensions\Microsoft\VisualStudio\Editors\it\Microsoft.VisualStudio.AppDesigner.resources.dll
[c9c4:0009][2026-05-10T01:01:58] Completed: Copying file /it/Microsoft.VisualStudio.AppDesigner.resources.dll to D:\Program Files (x86)\Microsoft Visual Studio\2022\BuildTools\Common7\IDE\CommonExtensions\Microsoft\VisualStudio\Editors\it\Microsoft.VisualStudio.AppDesigner.resources.dll
[c9c4:0009][2026-05-10T01:01:58] Timestamp updated for file 'D:\Program Files (x86)\Microsoft Visual Studio\2022\BuildTools\Common7\IDE\CommonExtensions\Microsoft\VisualStudio\Editors\it\Microsoft.VisualStudio.AppDesigner.resources.dll'.
[c9c4:0009][2026-05-10T01:01:58] Processing file /it/Microsoft.VisualStudio.Editors.resources.dll
[c9c4:0009][2026-05-10T01:01:58] Started: Copying file /it/Microsoft.VisualStudio.Editors.resources.dll to D:\Program Files (x86)\Microsoft Visual Studio\2022\BuildTools\Common7\IDE\CommonExtensions\Microsoft\VisualStudio\Editors\it\Microsoft.VisualStudio.Editors.resources.dll
[c9c4:0009][2026-05-10T01:01:58] Completed: Copying file /it/Microsoft.VisualStudio.Editors.resources.dll to D:\Program Files (x86)\Microsoft Visual Studio\2022\BuildTools\Common7\IDE\CommonExtensions\Microsoft\VisualStudio\Editors\it\Microsoft.VisualStudio.Editors.resources.dll
[c9c4:0009][2026-05-10T01:01:58] Timestamp updated for file 'D:\Program Files (x86)\Microsoft Visual Studio\2022\BuildTools\Common7\IDE\CommonExtensions\Microsoft\VisualStudio\Editors\it\Microsoft.VisualStudio.Editors.resources.dll'.
[c9c4:0009][2026-05-10T01:01:58] Processing file /ja/Microsoft.VisualStudio.AppDesigner.resources.dll
[c9c4:0009][2026-05-10T01:01:58] Started: Copying file /ja/Microsoft.VisualStudio.AppDesigner.resources.dll to D:\Program Files (x86)\Microsoft Visual Studio\2022\BuildTools\Common7\IDE\CommonExtensions\Microsoft\VisualStudio\Editors\ja\Microsoft.VisualStudio.AppDesigner.resources.dll
[c9c4:0009][2026-05-10T01:01:58] Completed: Copying file /ja/Microsoft.VisualStudio.AppDesigner.resources.dll to D:\Program Files (x86)\Microsoft Visual Studio\2022\BuildTools\Common7\IDE\CommonExtensions\Microsoft\VisualStudio\Editors\ja\Microsoft.VisualStudio.AppDesigner.resources.dll
[c9c4:0009][2026-05-10T01:01:58] Timestamp updated for file 'D:\Program Files (x86)\Microsoft Visual Studio\2022\BuildTools\Common7\IDE\CommonExtensions\Microsoft\VisualStudio\Editors\ja\Microsoft.VisualStudio.AppDesigner.resources.dll'.
[c9c4:0009][2026-05-10T01:01:58] Processing file /ja/Microsoft.VisualStudio.Editors.resources.dll
[c9c4:0009][2026-05-10T01:01:58] Started: Copying file /ja/Microsoft.VisualStudio.Editors.resources.dll to D:\Program Files (x86)\Microsoft Visual Studio\2022\BuildTools\Common7\IDE\CommonExtensions\Microsoft\VisualStudio\Editors\ja\Microsoft.VisualStudio.Editors.resources.dll
[c9c4:0009][2026-05-10T01:01:58] Completed: Copying file /ja/Microsoft.VisualStudio.Editors.resources.dll to D:\Program Files (x86)\Microsoft Visual Studio\2022\BuildTools\Common7\IDE\CommonExtensions\Microsoft\VisualStudio\Editors\ja\Microsoft.VisualStudio.Editors.resources.dll
[c9c4:0009][2026-05-10T01:01:58] Timestamp updated for file 'D:\Program Files (x86)\Microsoft Visual Studio\2022\BuildTools\Common7\IDE\CommonExtensions\Microsoft\VisualStudio\Editors\ja\Microsoft.VisualStudio.Editors.resources.dll'.
[c9c4:0009][2026-05-10T01:01:58] Processing file /ko/Microsoft.VisualStudio.AppDesigner.resources.dll
[c9c4:0009][2026-05-10T01:01:58] Started: Copying file /ko/Microsoft.VisualStudio.AppDesigner.resources.dll to D:\Program Files (x86)\Microsoft Visual Studio\2022\BuildTools\Common7\IDE\CommonExtensions\Microsoft\VisualStudio\Editors\ko\Microsoft.VisualStudio.AppDesigner.resources.dll
[c9c4:0009][2026-05-10T01:01:58] Completed: Copying file /ko/Microsoft.VisualStudio.AppDesigner.resources.dll to D:\Program Files (x86)\Microsoft Visual Studio\2022\BuildTools\Common7\IDE\CommonExtensions\Microsoft\VisualStudio\Editors\ko\Microsoft.VisualStudio.AppDesigner.resources.dll
[c9c4:0009][2026-05-10T01:01:58] Timestamp updated for file 'D:\Program Files (x86)\Microsoft Visual Studio\2022\BuildTools\Common7\IDE\CommonExtensions\Microsoft\VisualStudio\Editors\ko\Microsoft.VisualStudio.AppDesigner.resources.dll'.
[c9c4:0009][2026-05-10T01:01:58] Processing file /ko/Microsoft.VisualStudio.Editors.resources.dll
[c9c4:0009][2026-05-10T01:01:58] Started: Copying file /ko/Microsoft.VisualStudio.Editors.resources.dll to D:\Program Files (x86)\Microsoft Visual Studio\2022\BuildTools\Common7\IDE\CommonExtensions\Microsoft\VisualStudio\Editors\ko\Microsoft.VisualStudio.Editors.resources.dll
[c9c4:0009][2026-05-10T01:01:58] Completed: Copying file /ko/Microsoft.VisualStudio.Editors.resources.dll to D:\Program Files (x86)\Microsoft Visual Studio\2022\BuildTools\Common7\IDE\CommonExtensions\Microsoft\VisualStudio\Editors\ko\Microsoft.VisualStudio.Editors.resources.dll
[c9c4:0009][2026-05-10T01:01:58] Timestamp updated for file 'D:\Program Files (x86)\Microsoft Visual Studio\2022\BuildTools\Common7\IDE\CommonExtensions\Microsoft\VisualStudio\Editors\ko\Microsoft.VisualStudio.Editors.resources.dll'.
[c9c4:0009][2026-05-10T01:01:58] Processing file /manifest.json
[c9c4:0009][2026-05-10T01:01:58] Started: Copying file /manifest.json to D:\Program Files (x86)\Microsoft Visual Studio\2022\BuildTools\Common7\IDE\CommonExtensions\Microsoft\VisualStudio\Editors\manifest.json
[c9c4:0009][2026-05-10T01:01:58] Completed: Copying file /manifest.json to D:\Program Files (x86)\Microsoft Visual Studio\2022\BuildTools\Common7\IDE\CommonExtensions\Microsoft\VisualStudio\Editors\manifest.json
[c9c4:0009][2026-05-10T01:01:58] Timestamp updated for file 'D:\Program Files (x86)\Microsoft Visual Studio\2022\BuildTools\Common7\IDE\CommonExtensions\Microsoft\VisualStudio\Editors\manifest.json'.
[c9c4:0009][2026-05-10T01:01:58] Processing file /Microsoft.VisualStudio.AppDesigner.dll
[c9c4:0009][2026-05-10T01:01:58] Started: Copying file /Microsoft.VisualStudio.AppDesigner.dll to D:\Program Files (x86)\Microsoft Visual Studio\2022\BuildTools\Common7\IDE\CommonExtensions\Microsoft\VisualStudio\Editors\Microsoft.VisualStudio.AppDesigner.dll
[c9c4:0009][2026-05-10T01:01:58] Completed: Copying file /Microsoft.VisualStudio.AppDesigner.dll to D:\Program Files (x86)\Microsoft Visual Studio\2022\BuildTools\Common7\IDE\CommonExtensions\Microsoft\VisualStudio\Editors\Microsoft.VisualStudio.AppDesigner.dll
[c9c4:0009][2026-05-10T01:01:58] Timestamp updated for file 'D:\Program Files (x86)\Microsoft Visual Studio\2022\BuildTools\Common7\IDE\CommonExtensions\Microsoft\VisualStudio\Editors\Microsoft.VisualStudio.AppDesigner.dll'.
[c9c4:0009][2026-05-10T01:01:58] Queueing D:\Program Files (x86)\Microsoft Visual Studio\2022\BuildTools\Common7\IDE\CommonExtensions\Microsoft\VisualStudio\Editors\Microsoft.VisualStudio.AppDesigner.dll for X86 ngen
[c9c4:0009][2026-05-10T01:01:58] Successfully queued file '/Microsoft.VisualStudio.AppDesigner.dll' for ngen
[c9c4:0009][2026-05-10T01:01:58] Processing file /Microsoft.VisualStudio.Editors.dll
[c9c4:0009][2026-05-10T01:01:58] Started: Copying file /Microsoft.VisualStudio.Editors.dll to D:\Program Files (x86)\Microsoft Visual Studio\2022\BuildTools\Common7\IDE\CommonExtensions\Microsoft\VisualStudio\Editors\Microsoft.VisualStudio.Editors.dll
[c9c4:0009][2026-05-10T01:01:58] Completed: Copying file /Microsoft.VisualStudio.Editors.dll to D:\Program Files (x86)\Microsoft Visual Studio\2022\BuildTools\Common7\IDE\CommonExtensions\Microsoft\VisualStudio\Editors\Microsoft.VisualStudio.Editors.dll
[c9c4:0009][2026-05-10T01:01:58] Timestamp updated for file 'D:\Program Files (x86)\Microsoft Visual Studio\2022\BuildTools\Common7\IDE\CommonExtensions\Microsoft\VisualStudio\Editors\Microsoft.VisualStudio.Editors.dll'.
[c9c4:0009][2026-05-10T01:01:58] Queueing D:\Program Files (x86)\Microsoft Visual Studio\2022\BuildTools\Common7\IDE\CommonExtensions\Microsoft\VisualStudio\Editors\Microsoft.VisualStudio.Editors.dll for X86 ngen
[c9c4:0009][2026-05-10T01:01:58] Successfully queued file '/Microsoft.VisualStudio.Editors.dll' for ngen
[c9c4:0009][2026-05-10T01:01:58] Processing file /Microsoft.VisualStudio.Editors.pkgdef
[c9c4:0009][2026-05-10T01:01:58] Started: Copying file /Microsoft.VisualStudio.Editors.pkgdef to D:\Program Files (x86)\Microsoft Visual Studio\2022\BuildTools\Common7\IDE\CommonExtensions\Microsoft\VisualStudio\Editors\Microsoft.VisualStudio.Editors.pkgdef
[c9c4:0009][2026-05-10T01:01:58] Completed: Copying file /Microsoft.VisualStudio.Editors.pkgdef to D:\Program Files (x86)\Microsoft Visual Studio\2022\BuildTools\Common7\IDE\CommonExtensions\Microsoft\VisualStudio\Editors\Microsoft.VisualStudio.Editors.pkgdef
[c9c4:0009][2026-05-10T01:01:58] Timestamp updated for file 'D:\Program Files (x86)\Microsoft Visual Studio\2022\BuildTools\Common7\IDE\CommonExtensions\Microsoft\VisualStudio\Editors\Microsoft.VisualStudio.Editors.pkgdef'.
[c9c4:0009][2026-05-10T01:01:58] Processing file /pl/Microsoft.VisualStudio.AppDesigner.resources.dll
[c9c4:0009][2026-05-10T01:01:58] Started: Copying file /pl/Microsoft.VisualStudio.AppDesigner.resources.dll to D:\Program Files (x86)\Microsoft Visual Studio\2022\BuildTools\Common7\IDE\CommonExtensions\Microsoft\VisualStudio\Editors\pl\Microsoft.VisualStudio.AppDesigner.resources.dll
[c9c4:0009][2026-05-10T01:01:58] Completed: Copying file /pl/Microsoft.VisualStudio.AppDesigner.resources.dll to D:\Program Files (x86)\Microsoft Visual Studio\2022\BuildTools\Common7\IDE\CommonExtensions\Microsoft\VisualStudio\Editors\pl\Microsoft.VisualStudio.AppDesigner.resources.dll
[c9c4:0009][2026-05-10T01:01:58] Timestamp updated for file 'D:\Program Files (x86)\Microsoft Visual Studio\2022\BuildTools\Common7\IDE\CommonExtensions\Microsoft\VisualStudio\Editors\pl\Microsoft.VisualStudio.AppDesigner.resources.dll'.
[c9c4:0009][2026-05-10T01:01:58] Processing file /pl/Microsoft.VisualStudio.Editors.resources.dll
[c9c4:0009][2026-05-10T01:01:58] Started: Copying file /pl/Microsoft.VisualStudio.Editors.resources.dll to D:\Program Files (x86)\Microsoft Visual Studio\2022\BuildTools\Common7\IDE\CommonExtensions\Microsoft\VisualStudio\Editors\pl\Microsoft.VisualStudio.Editors.resources.dll
[c9c4:0009][2026-05-10T01:01:58] Completed: Copying file /pl/Microsoft.VisualStudio.Editors.resources.dll to D:\Program Files (x86)\Microsoft Visual Studio\2022\BuildTools\Common7\IDE\CommonExtensions\Microsoft\VisualStudio\Editors\pl\Microsoft.VisualStudio.Editors.resources.dll
[c9c4:0009][2026-05-10T01:01:58] Timestamp updated for file 'D:\Program Files (x86)\Microsoft Visual Studio\2022\BuildTools\Common7\IDE\CommonExtensions\Microsoft\VisualStudio\Editors\pl\Microsoft.VisualStudio.Editors.resources.dll'.
[c9c4:0009][2026-05-10T01:01:58] Processing file /pt-BR/Microsoft.VisualStudio.AppDesigner.resources.dll
[c9c4:0009][2026-05-10T01:01:58] Started: Copying file /pt-BR/Microsoft.VisualStudio.AppDesigner.resources.dll to D:\Program Files (x86)\Microsoft Visual Studio\2022\BuildTools\Common7\IDE\CommonExtensions\Microsoft\VisualStudio\Editors\pt-BR\Microsoft.VisualStudio.AppDesigner.resources.dll
[c9c4:0009][2026-05-10T01:01:58] Completed: Copying file /pt-BR/Microsoft.VisualStudio.AppDesigner.resources.dll to D:\Program Files (x86)\Microsoft Visual Studio\2022\BuildTools\Common7\IDE\CommonExtensions\Microsoft\VisualStudio\Editors\pt-BR\Microsoft.VisualStudio.AppDesigner.resources.dll
[c9c4:0009][2026-05-10T01:01:58] Timestamp updated for file 'D:\Program Files (x86)\Microsoft Visual Studio\2022\BuildTools\Common7\IDE\CommonExtensions\Microsoft\VisualStudio\Editors\pt-BR\Microsoft.VisualStudio.AppDesigner.resources.dll'.
[c9c4:0009][2026-05-10T01:01:58] Processing file /pt-BR/Microsoft.VisualStudio.Editors.resources.dll
[c9c4:0009][2026-05-10T01:01:58] Started: Copying file /pt-BR/Microsoft.VisualStudio.Editors.resources.dll to D:\Program Files (x86)\Microsoft Visual Studio\2022\BuildTools\Common7\IDE\CommonExtensions\Microsoft\VisualStudio\Editors\pt-BR\Microsoft.VisualStudio.Editors.resources.dll
[c9c4:0009][2026-05-10T01:01:58] Completed: Copying file /pt-BR/Microsoft.VisualStudio.Editors.resources.dll to D:\Program Files (x86)\Microsoft Visual Studio\2022\BuildTools\Common7\IDE\CommonExtensions\Microsoft\VisualStudio\Editors\pt-BR\Microsoft.VisualStudio.Editors.resources.dll
[c9c4:0009][2026-05-10T01:01:58] Timestamp updated for file 'D:\Program Files (x86)\Microsoft Visual Studio\2022\BuildTools\Common7\IDE\CommonExtensions\Microsoft\VisualStudio\Editors\pt-BR\Microsoft.VisualStudio.Editors.resources.dll'.
[c9c4:0009][2026-05-10T01:01:58] Processing file /ru/Microsoft.VisualStudio.AppDesigner.resources.dll
[c9c4:0009][2026-05-10T01:01:58] Started: Copying file /ru/Microsoft.VisualStudio.AppDesigner.resources.dll to D:\Program Files (x86)\Microsoft Visual Studio\2022\BuildTools\Common7\IDE\CommonExtensions\Microsoft\VisualStudio\Editors\ru\Microsoft.VisualStudio.AppDesigner.resources.dll
[c9c4:0009][2026-05-10T01:01:58] Completed: Copying file /ru/Microsoft.VisualStudio.AppDesigner.resources.dll to D:\Program Files (x86)\Microsoft Visual Studio\2022\BuildTools\Common7\IDE\CommonExtensions\Microsoft\VisualStudio\Editors\ru\Microsoft.VisualStudio.AppDesigner.resources.dll
[c9c4:0009][2026-05-10T01:01:58] Timestamp updated for file 'D:\Program Files (x86)\Microsoft Visual Studio\2022\BuildTools\Common7\IDE\CommonExtensions\Microsoft\VisualStudio\Editors\ru\Microsoft.VisualStudio.AppDesigner.resources.dll'.
[c9c4:0009][2026-05-10T01:01:58] Processing file /ru/Microsoft.VisualStudio.Editors.resources.dll
[c9c4:0009][2026-05-10T01:01:58] Started: Copying file /ru/Microsoft.VisualStudio.Editors.resources.dll to D:\Program Files (x86)\Microsoft Visual Studio\2022\BuildTools\Common7\IDE\CommonExtensions\Microsoft\VisualStudio\Editors\ru\Microsoft.VisualStudio.Editors.resources.dll
[c9c4:0009][2026-05-10T01:01:58] Completed: Copying file /ru/Microsoft.VisualStudio.Editors.resources.dll to D:\Program Files (x86)\Microsoft Visual Studio\2022\BuildTools\Common7\IDE\CommonExtensions\Microsoft\VisualStudio\Editors\ru\Microsoft.VisualStudio.Editors.resources.dll
[c9c4:0009][2026-05-10T01:01:58] Timestamp updated for file 'D:\Program Files (x86)\Microsoft Visual Studio\2022\BuildTools\Common7\IDE\CommonExtensions\Microsoft\VisualStudio\Editors\ru\Microsoft.VisualStudio.Editors.resources.dll'.
[c9c4:0009][2026-05-10T01:01:58] Processing file /tr/Microsoft.VisualStudio.AppDesigner.resources.dll
[c9c4:0009][2026-05-10T01:01:58] Started: Copying file /tr/Microsoft.VisualStudio.AppDesigner.resources.dll to D:\Program Files (x86)\Microsoft Visual Studio\2022\BuildTools\Common7\IDE\CommonExtensions\Microsoft\VisualStudio\Editors\tr\Microsoft.VisualStudio.AppDesigner.resources.dll
[c9c4:0009][2026-05-10T01:01:58] Completed: Copying file /tr/Microsoft.VisualStudio.AppDesigner.resources.dll to D:\Program Files (x86)\Microsoft Visual Studio\2022\BuildTools\Common7\IDE\CommonExtensions\Microsoft\VisualStudio\Editors\tr\Microsoft.VisualStudio.AppDesigner.resources.dll
[c9c4:0009][2026-05-10T01:01:58] Timestamp updated for file 'D:\Program Files (x86)\Microsoft Visual Studio\2022\BuildTools\Common7\IDE\CommonExtensions\Microsoft\VisualStudio\Editors\tr\Microsoft.VisualStudio.AppDesigner.resources.dll'.
[c9c4:0009][2026-05-10T01:01:58] Processing file /tr/Microsoft.VisualStudio.Editors.resources.dll
[c9c4:0009][2026-05-10T01:01:58] Started: Copying file /tr/Microsoft.VisualStudio.Editors.resources.dll to D:\Program Files (x86)\Microsoft Visual Studio\2022\BuildTools\Common7\IDE\CommonExtensions\Microsoft\VisualStudio\Editors\tr\Microsoft.VisualStudio.Editors.resources.dll
[c9c4:0009][2026-05-10T01:01:58] Completed: Copying file /tr/Microsoft.VisualStudio.Editors.resources.dll to D:\Program Files (x86)\Microsoft Visual Studio\2022\BuildTools\Common7\IDE\CommonExtensions\Microsoft\VisualStudio\Editors\tr\Microsoft.VisualStudio.Editors.resources.dll
[c9c4:0009][2026-05-10T01:01:58] Timestamp updated for file 'D:\Program Files (x86)\Microsoft Visual Studio\2022\BuildTools\Common7\IDE\CommonExtensions\Microsoft\VisualStudio\Editors\tr\Microsoft.VisualStudio.Editors.resources.dll'.
[c9c4:0009][2026-05-10T01:01:58] Processing file /VisualStudioEditorsSetup.pkgdef
[c9c4:0009][2026-05-10T01:01:58] Started: Copying file /VisualStudioEditorsSetup.pkgdef to D:\Program Files (x86)\Microsoft Visual Studio\2022\BuildTools\Common7\IDE\CommonExtensions\Microsoft\VisualStudio\Editors\VisualStudioEditorsSetup.pkgdef
[c9c4:0009][2026-05-10T01:01:58] Completed: Copying file /VisualStudioEditorsSetup.pkgdef to D:\Program Files (x86)\Microsoft Visual Studio\2022\BuildTools\Common7\IDE\CommonExtensions\Microsoft\VisualStudio\Editors\VisualStudioEditorsSetup.pkgdef
[c9c4:0009][2026-05-10T01:01:58] Timestamp updated for file 'D:\Program Files (x86)\Microsoft Visual Studio\2022\BuildTools\Common7\IDE\CommonExtensions\Microsoft\VisualStudio\Editors\VisualStudioEditorsSetup.pkgdef'.
[c9c4:0009][2026-05-10T01:01:58] Processing file /zh-Hans/Microsoft.VisualStudio.AppDesigner.resources.dll
[c9c4:0009][2026-05-10T01:01:58] Started: Copying file /zh-Hans/Microsoft.VisualStudio.AppDesigner.resources.dll to D:\Program Files (x86)\Microsoft Visual Studio\2022\BuildTools\Common7\IDE\CommonExtensions\Microsoft\VisualStudio\Editors\zh-Hans\Microsoft.VisualStudio.AppDesigner.resources.dll
[c9c4:0009][2026-05-10T01:01:58] Completed: Copying file /zh-Hans/Microsoft.VisualStudio.AppDesigner.resources.dll to D:\Program Files (x86)\Microsoft Visual Studio\2022\BuildTools\Common7\IDE\CommonExtensions\Microsoft\VisualStudio\Editors\zh-Hans\Microsoft.VisualStudio.AppDesigner.resources.dll
[c9c4:0009][2026-05-10T01:01:58] Timestamp updated for file 'D:\Program Files (x86)\Microsoft Visual Studio\2022\BuildTools\Common7\IDE\CommonExtensions\Microsoft\VisualStudio\Editors\zh-Hans\Microsoft.VisualStudio.AppDesigner.resources.dll'.
[c9c4:0009][2026-05-10T01:01:58] Processing file /zh-Hans/Microsoft.VisualStudio.Editors.resources.dll
[c9c4:0009][2026-05-10T01:01:58] Started: Copying file /zh-Hans/Microsoft.VisualStudio.Editors.resources.dll to D:\Program Files (x86)\Microsoft Visual Studio\2022\BuildTools\Common7\IDE\CommonExtensions\Microsoft\VisualStudio\Editors\zh-Hans\Microsoft.VisualStudio.Editors.resources.dll
[c9c4:0009][2026-05-10T01:01:58] Completed: Copying file /zh-Hans/Microsoft.VisualStudio.Editors.resources.dll to D:\Program Files (x86)\Microsoft Visual Studio\2022\BuildTools\Common7\IDE\CommonExtensions\Microsoft\VisualStudio\Editors\zh-Hans\Microsoft.VisualStudio.Editors.resources.dll
[c9c4:0009][2026-05-10T01:01:58] Timestamp updated for file 'D:\Program Files (x86)\Microsoft Visual Studio\2022\BuildTools\Common7\IDE\CommonExtensions\Microsoft\VisualStudio\Editors\zh-Hans\Microsoft.VisualStudio.Editors.resources.dll'.
[c9c4:0009][2026-05-10T01:01:58] Processing file /zh-Hant/Microsoft.VisualStudio.AppDesigner.resources.dll
[c9c4:0009][2026-05-10T01:01:58] Started: Copying file /zh-Hant/Microsoft.VisualStudio.AppDesigner.resources.dll to D:\Program Files (x86)\Microsoft Visual Studio\2022\BuildTools\Common7\IDE\CommonExtensions\Microsoft\VisualStudio\Editors\zh-Hant\Microsoft.VisualStudio.AppDesigner.resources.dll
[c9c4:0009][2026-05-10T01:01:58] Completed: Copying file /zh-Hant/Microsoft.VisualStudio.AppDesigner.resources.dll to D:\Program Files (x86)\Microsoft Visual Studio\2022\BuildTools\Common7\IDE\CommonExtensions\Microsoft\VisualStudio\Editors\zh-Hant\Microsoft.VisualStudio.AppDesigner.resources.dll
[c9c4:0009][2026-05-10T01:01:58] Timestamp updated for file 'D:\Program Files (x86)\Microsoft Visual Studio\2022\BuildTools\Common7\IDE\CommonExtensions\Microsoft\VisualStudio\Editors\zh-Hant\Microsoft.VisualStudio.AppDesigner.resources.dll'.
[c9c4:0009][2026-05-10T01:01:58] Processing file /zh-Hant/Microsoft.VisualStudio.Editors.resources.dll
[c9c4:0009][2026-05-10T01:01:58] Started: Copying file /zh-Hant/Microsoft.VisualStudio.Editors.resources.dll to D:\Program Files (x86)\Microsoft Visual Studio\2022\BuildTools\Common7\IDE\CommonExtensions\Microsoft\VisualStudio\Editors\zh-Hant\Microsoft.VisualStudio.Editors.resources.dll
[c9c4:0009][2026-05-10T01:01:58] Completed: Copying file /zh-Hant/Microsoft.VisualStudio.Editors.resources.dll to D:\Program Files (x86)\Microsoft Visual Studio\2022\BuildTools\Common7\IDE\CommonExtensions\Microsoft\VisualStudio\Editors\zh-Hant\Microsoft.VisualStudio.Editors.resources.dll
[c9c4:0009][2026-05-10T01:01:58] Timestamp updated for file 'D:\Program Files (x86)\Microsoft Visual Studio\2022\BuildTools\Common7\IDE\CommonExtensions\Microsoft\VisualStudio\Editors\zh-Hant\Microsoft.VisualStudio.Editors.resources.dll'.
[c9c4:0009][2026-05-10T01:01:58] Processing file /extension.vsixmanifest
[c9c4:0009][2026-05-10T01:01:58] Started: Copying file /extension.vsixmanifest to D:\Program Files (x86)\Microsoft Visual Studio\2022\BuildTools\Common7\IDE\CommonExtensions\Microsoft\VisualStudio\Editors\extension.vsixmanifest
[c9c4:0009][2026-05-10T01:01:58] Completed: Copying file /extension.vsixmanifest to D:\Program Files (x86)\Microsoft Visual Studio\2022\BuildTools\Common7\IDE\CommonExtensions\Microsoft\VisualStudio\Editors\extension.vsixmanifest
[c9c4:0009][2026-05-10T01:01:58] Timestamp updated for file 'D:\Program Files (x86)\Microsoft Visual Studio\2022\BuildTools\Common7\IDE\CommonExtensions\Microsoft\VisualStudio\Editors\extension.vsixmanifest'.
[c9c4:0009][2026-05-10T01:01:58] Package executed successfully. Return code: 0
