[3c7c:000c][2026-05-10T01:36:04] Opening the package for processing
[3c7c:000c][2026-05-10T01:36:04] Using package payload to get the embedded manifest
[3c7c:000c][2026-05-10T01:36:04] Getting list of files within the package
[3c7c:000c][2026-05-10T01:36:04] Processing file /Contents/Common7/IDE/CommonExtensions/Microsoft/ServiceHub/Microsoft.ServiceHub.Client.dll
[3c7c:000c][2026-05-10T01:36:04] Started: Copying file /Contents/Common7/IDE/CommonExtensions/Microsoft/ServiceHub/Microsoft.ServiceHub.Client.dll to C:\Program Files (x86)\Microsoft Visual Studio\2022\BuildTools\Common7\IDE\CommonExtensions\Microsoft\ServiceHub\Microsoft.ServiceHub.Client.dll
[3c7c:000c][2026-05-10T01:36:04] Completed: Copying file /Contents/Common7/IDE/CommonExtensions/Microsoft/ServiceHub/Microsoft.ServiceHub.Client.dll to C:\Program Files (x86)\Microsoft Visual Studio\2022\BuildTools\Common7\IDE\CommonExtensions\Microsoft\ServiceHub\Microsoft.ServiceHub.Client.dll
[3c7c:000c][2026-05-10T01:36:04] Timestamp updated for file 'C:\Program Files (x86)\Microsoft Visual Studio\2022\BuildTools\Common7\IDE\CommonExtensions\Microsoft\ServiceHub\Microsoft.ServiceHub.Client.dll'.
[3c7c:000c][2026-05-10T01:36:04] Queueing C:\Program Files (x86)\Microsoft Visual Studio\2022\BuildTools\Common7\IDE\CommonExtensions\Microsoft\ServiceHub\Microsoft.ServiceHub.Client.dll for X86 ngen
[3c7c:000c][2026-05-10T01:36:04] Queueing C:\Program Files (x86)\Microsoft Visual Studio\2022\BuildTools\Common7\IDE\CommonExtensions\Microsoft\ServiceHub\Microsoft.ServiceHub.Client.dll for X64 ngen
[3c7c:000c][2026-05-10T01:36:04] Successfully queued file '/Contents/Common7/IDE/CommonExtensions/Microsoft/ServiceHub/Microsoft.ServiceHub.Client.dll' for ngen
[3c7c:000c][2026-05-10T01:36:04] Processing file /Contents/Common7/IDE/CommonExtensions/Microsoft/ServiceHub/Microsoft.ServiceHub.HostLib.dll
[3c7c:000c][2026-05-10T01:36:04] Started: Copying file /Contents/Common7/IDE/CommonExtensions/Microsoft/ServiceHub/Microsoft.ServiceHub.HostLib.dll to C:\Program Files (x86)\Microsoft Visual Studio\2022\BuildTools\Common7\IDE\CommonExtensions\Microsoft\ServiceHub\Microsoft.ServiceHub.HostLib.dll
[3c7c:000c][2026-05-10T01:36:04] Completed: Copying file /Contents/Common7/IDE/CommonExtensions/Microsoft/ServiceHub/Microsoft.ServiceHub.HostLib.dll to C:\Program Files (x86)\Microsoft Visual Studio\2022\BuildTools\Common7\IDE\CommonExtensions\Microsoft\ServiceHub\Microsoft.ServiceHub.HostLib.dll
[3c7c:000c][2026-05-10T01:36:04] Timestamp updated for file 'C:\Program Files (x86)\Microsoft Visual Studio\2022\BuildTools\Common7\IDE\CommonExtensions\Microsoft\ServiceHub\Microsoft.ServiceHub.HostLib.dll'.
[3c7c:000c][2026-05-10T01:36:04] Queueing C:\Program Files (x86)\Microsoft Visual Studio\2022\BuildTools\Common7\IDE\CommonExtensions\Microsoft\ServiceHub\Microsoft.ServiceHub.HostLib.dll for X86 ngen
[3c7c:000c][2026-05-10T01:36:04] Queueing C:\Program Files (x86)\Microsoft Visual Studio\2022\BuildTools\Common7\IDE\CommonExtensions\Microsoft\ServiceHub\Microsoft.ServiceHub.HostLib.dll for X64 ngen
[3c7c:000c][2026-05-10T01:36:04] Successfully queued file '/Contents/Common7/IDE/CommonExtensions/Microsoft/ServiceHub/Microsoft.ServiceHub.HostLib.dll' for ngen
[3c7c:000c][2026-05-10T01:36:04] Processing file /Contents/Common7/IDE/CommonExtensions/Microsoft/ServiceHub/Microsoft.ServiceHub.HostStub.dll
[3c7c:000c][2026-05-10T01:36:04] Started: Copying file /Contents/Common7/IDE/CommonExtensions/Microsoft/ServiceHub/Microsoft.ServiceHub.HostStub.dll to C:\Program Files (x86)\Microsoft Visual Studio\2022\BuildTools\Common7\IDE\CommonExtensions\Microsoft\ServiceHub\Microsoft.ServiceHub.HostStub.dll
[3c7c:000c][2026-05-10T01:36:04] Completed: Copying file /Contents/Common7/IDE/CommonExtensions/Microsoft/ServiceHub/Microsoft.ServiceHub.HostStub.dll to C:\Program Files (x86)\Microsoft Visual Studio\2022\BuildTools\Common7\IDE\CommonExtensions\Microsoft\ServiceHub\Microsoft.ServiceHub.HostStub.dll
[3c7c:000c][2026-05-10T01:36:04] Timestamp updated for file 'C:\Program Files (x86)\Microsoft Visual Studio\2022\BuildTools\Common7\IDE\CommonExtensions\Microsoft\ServiceHub\Microsoft.ServiceHub.HostStub.dll'.
[3c7c:000c][2026-05-10T01:36:04] Queueing C:\Program Files (x86)\Microsoft Visual Studio\2022\BuildTools\Common7\IDE\CommonExtensions\Microsoft\ServiceHub\Microsoft.ServiceHub.HostStub.dll for X86 ngen
[3c7c:000c][2026-05-10T01:36:04] Queueing C:\Program Files (x86)\Microsoft Visual Studio\2022\BuildTools\Common7\IDE\CommonExtensions\Microsoft\ServiceHub\Microsoft.ServiceHub.HostStub.dll for X64 ngen
[3c7c:000c][2026-05-10T01:36:04] Successfully queued file '/Contents/Common7/IDE/CommonExtensions/Microsoft/ServiceHub/Microsoft.ServiceHub.HostStub.dll' for ngen
[3c7c:000c][2026-05-10T01:36:04] Processing file /Contents/Common7/IDE/CommonExtensions/Microsoft/ServiceHub/ServiceHubClient.pkgdef
[3c7c:000c][2026-05-10T01:36:04] Started: Copying file /Contents/Common7/IDE/CommonExtensions/Microsoft/ServiceHub/ServiceHubClient.pkgdef to C:\Program Files (x86)\Microsoft Visual Studio\2022\BuildTools\Common7\IDE\CommonExtensions\Microsoft\ServiceHub\ServiceHubClient.pkgdef
[3c7c:000c][2026-05-10T01:36:04] Completed: Copying file /Contents/Common7/IDE/CommonExtensions/Microsoft/ServiceHub/ServiceHubClient.pkgdef to C:\Program Files (x86)\Microsoft Visual Studio\2022\BuildTools\Common7\IDE\CommonExtensions\Microsoft\ServiceHub\ServiceHubClient.pkgdef
[3c7c:000c][2026-05-10T01:36:04] Timestamp updated for file 'C:\Program Files (x86)\Microsoft Visual Studio\2022\BuildTools\Common7\IDE\CommonExtensions\Microsoft\ServiceHub\ServiceHubClient.pkgdef'.
[3c7c:000c][2026-05-10T01:36:04] Processing file /Contents/Common7/IDE/CommonExtensions/Microsoft/ServiceHub/System.Text.Encodings.Web.dll
[3c7c:000c][2026-05-10T01:36:04] Started: Copying file /Contents/Common7/IDE/CommonExtensions/Microsoft/ServiceHub/System.Text.Encodings.Web.dll to C:\Program Files (x86)\Microsoft Visual Studio\2022\BuildTools\Common7\IDE\CommonExtensions\Microsoft\ServiceHub\System.Text.Encodings.Web.dll
[3c7c:000c][2026-05-10T01:36:04] Completed: Copying file /Contents/Common7/IDE/CommonExtensions/Microsoft/ServiceHub/System.Text.Encodings.Web.dll to C:\Program Files (x86)\Microsoft Visual Studio\2022\BuildTools\Common7\IDE\CommonExtensions\Microsoft\ServiceHub\System.Text.Encodings.Web.dll
[3c7c:000c][2026-05-10T01:36:04] Timestamp updated for file 'C:\Program Files (x86)\Microsoft Visual Studio\2022\BuildTools\Common7\IDE\CommonExtensions\Microsoft\ServiceHub\System.Text.Encodings.Web.dll'.
[3c7c:000c][2026-05-10T01:36:04] Processing file /Contents/Common7/IDE/CommonExtensions/Microsoft/ServiceHub/System.Text.Json.dll
[3c7c:000c][2026-05-10T01:36:04] Started: Copying file /Contents/Common7/IDE/CommonExtensions/Microsoft/ServiceHub/System.Text.Json.dll to C:\Program Files (x86)\Microsoft Visual Studio\2022\BuildTools\Common7\IDE\CommonExtensions\Microsoft\ServiceHub\System.Text.Json.dll
[3c7c:000c][2026-05-10T01:36:04] Completed: Copying file /Contents/Common7/IDE/CommonExtensions/Microsoft/ServiceHub/System.Text.Json.dll to C:\Program Files (x86)\Microsoft Visual Studio\2022\BuildTools\Common7\IDE\CommonExtensions\Microsoft\ServiceHub\System.Text.Json.dll
[3c7c:000c][2026-05-10T01:36:04] Timestamp updated for file 'C:\Program Files (x86)\Microsoft Visual Studio\2022\BuildTools\Common7\IDE\CommonExtensions\Microsoft\ServiceHub\System.Text.Json.dll'.
[3c7c:000c][2026-05-10T01:36:04] Processing file /Contents/Common7/IDE/PrivateAssemblies/cs/Microsoft.ServiceHub.Resources.dll
[3c7c:000c][2026-05-10T01:36:04] Started: Copying file /Contents/Common7/IDE/PrivateAssemblies/cs/Microsoft.ServiceHub.Resources.dll to C:\Program Files (x86)\Microsoft Visual Studio\2022\BuildTools\Common7\IDE\PrivateAssemblies\cs\Microsoft.ServiceHub.Resources.dll
[3c7c:000c][2026-05-10T01:36:04] Completed: Copying file /Contents/Common7/IDE/PrivateAssemblies/cs/Microsoft.ServiceHub.Resources.dll to C:\Program Files (x86)\Microsoft Visual Studio\2022\BuildTools\Common7\IDE\PrivateAssemblies\cs\Microsoft.ServiceHub.Resources.dll
[3c7c:000c][2026-05-10T01:36:04] Timestamp updated for file 'C:\Program Files (x86)\Microsoft Visual Studio\2022\BuildTools\Common7\IDE\PrivateAssemblies\cs\Microsoft.ServiceHub.Resources.dll'.
[3c7c:000c][2026-05-10T01:36:04] Processing file /Contents/Common7/IDE/PrivateAssemblies/de/Microsoft.ServiceHub.Resources.dll
[3c7c:000c][2026-05-10T01:36:04] Started: Copying file /Contents/Common7/IDE/PrivateAssemblies/de/Microsoft.ServiceHub.Resources.dll to C:\Program Files (x86)\Microsoft Visual Studio\2022\BuildTools\Common7\IDE\PrivateAssemblies\de\Microsoft.ServiceHub.Resources.dll
[3c7c:000c][2026-05-10T01:36:04] Completed: Copying file /Contents/Common7/IDE/PrivateAssemblies/de/Microsoft.ServiceHub.Resources.dll to C:\Program Files (x86)\Microsoft Visual Studio\2022\BuildTools\Common7\IDE\PrivateAssemblies\de\Microsoft.ServiceHub.Resources.dll
[3c7c:000c][2026-05-10T01:36:04] Timestamp updated for file 'C:\Program Files (x86)\Microsoft Visual Studio\2022\BuildTools\Common7\IDE\PrivateAssemblies\de\Microsoft.ServiceHub.Resources.dll'.
[3c7c:000c][2026-05-10T01:36:04] Processing file /Contents/Common7/IDE/PrivateAssemblies/es/Microsoft.ServiceHub.Resources.dll
[3c7c:000c][2026-05-10T01:36:04] Started: Copying file /Contents/Common7/IDE/PrivateAssemblies/es/Microsoft.ServiceHub.Resources.dll to C:\Program Files (x86)\Microsoft Visual Studio\2022\BuildTools\Common7\IDE\PrivateAssemblies\es\Microsoft.ServiceHub.Resources.dll
[3c7c:000c][2026-05-10T01:36:04] Completed: Copying file /Contents/Common7/IDE/PrivateAssemblies/es/Microsoft.ServiceHub.Resources.dll to C:\Program Files (x86)\Microsoft Visual Studio\2022\BuildTools\Common7\IDE\PrivateAssemblies\es\Microsoft.ServiceHub.Resources.dll
[3c7c:000c][2026-05-10T01:36:04] Timestamp updated for file 'C:\Program Files (x86)\Microsoft Visual Studio\2022\BuildTools\Common7\IDE\PrivateAssemblies\es\Microsoft.ServiceHub.Resources.dll'.
[3c7c:000c][2026-05-10T01:36:04] Processing file /Contents/Common7/IDE/PrivateAssemblies/fr/Microsoft.ServiceHub.Resources.dll
[3c7c:000c][2026-05-10T01:36:04] Started: Copying file /Contents/Common7/IDE/PrivateAssemblies/fr/Microsoft.ServiceHub.Resources.dll to C:\Program Files (x86)\Microsoft Visual Studio\2022\BuildTools\Common7\IDE\PrivateAssemblies\fr\Microsoft.ServiceHub.Resources.dll
[3c7c:000c][2026-05-10T01:36:04] Completed: Copying file /Contents/Common7/IDE/PrivateAssemblies/fr/Microsoft.ServiceHub.Resources.dll to C:\Program Files (x86)\Microsoft Visual Studio\2022\BuildTools\Common7\IDE\PrivateAssemblies\fr\Microsoft.ServiceHub.Resources.dll
[3c7c:000c][2026-05-10T01:36:04] Timestamp updated for file 'C:\Program Files (x86)\Microsoft Visual Studio\2022\BuildTools\Common7\IDE\PrivateAssemblies\fr\Microsoft.ServiceHub.Resources.dll'.
[3c7c:000c][2026-05-10T01:36:04] Processing file /Contents/Common7/IDE/PrivateAssemblies/it/Microsoft.ServiceHub.Resources.dll
[3c7c:000c][2026-05-10T01:36:04] Started: Copying file /Contents/Common7/IDE/PrivateAssemblies/it/Microsoft.ServiceHub.Resources.dll to C:\Program Files (x86)\Microsoft Visual Studio\2022\BuildTools\Common7\IDE\PrivateAssemblies\it\Microsoft.ServiceHub.Resources.dll
[3c7c:000c][2026-05-10T01:36:04] Completed: Copying file /Contents/Common7/IDE/PrivateAssemblies/it/Microsoft.ServiceHub.Resources.dll to C:\Program Files (x86)\Microsoft Visual Studio\2022\BuildTools\Common7\IDE\PrivateAssemblies\it\Microsoft.ServiceHub.Resources.dll
[3c7c:000c][2026-05-10T01:36:04] Timestamp updated for file 'C:\Program Files (x86)\Microsoft Visual Studio\2022\BuildTools\Common7\IDE\PrivateAssemblies\it\Microsoft.ServiceHub.Resources.dll'.
[3c7c:000c][2026-05-10T01:36:04] Processing file /Contents/Common7/IDE/PrivateAssemblies/ja/Microsoft.ServiceHub.Resources.dll
[3c7c:000c][2026-05-10T01:36:04] Started: Copying file /Contents/Common7/IDE/PrivateAssemblies/ja/Microsoft.ServiceHub.Resources.dll to C:\Program Files (x86)\Microsoft Visual Studio\2022\BuildTools\Common7\IDE\PrivateAssemblies\ja\Microsoft.ServiceHub.Resources.dll
[3c7c:000c][2026-05-10T01:36:04] Completed: Copying file /Contents/Common7/IDE/PrivateAssemblies/ja/Microsoft.ServiceHub.Resources.dll to C:\Program Files (x86)\Microsoft Visual Studio\2022\BuildTools\Common7\IDE\PrivateAssemblies\ja\Microsoft.ServiceHub.Resources.dll
[3c7c:000c][2026-05-10T01:36:04] Timestamp updated for file 'C:\Program Files (x86)\Microsoft Visual Studio\2022\BuildTools\Common7\IDE\PrivateAssemblies\ja\Microsoft.ServiceHub.Resources.dll'.
[3c7c:000c][2026-05-10T01:36:04] Processing file /Contents/Common7/IDE/PrivateAssemblies/ko/Microsoft.ServiceHub.Resources.dll
[3c7c:000c][2026-05-10T01:36:04] Started: Copying file /Contents/Common7/IDE/PrivateAssemblies/ko/Microsoft.ServiceHub.Resources.dll to C:\Program Files (x86)\Microsoft Visual Studio\2022\BuildTools\Common7\IDE\PrivateAssemblies\ko\Microsoft.ServiceHub.Resources.dll
[3c7c:000c][2026-05-10T01:36:04] Completed: Copying file /Contents/Common7/IDE/PrivateAssemblies/ko/Microsoft.ServiceHub.Resources.dll to C:\Program Files (x86)\Microsoft Visual Studio\2022\BuildTools\Common7\IDE\PrivateAssemblies\ko\Microsoft.ServiceHub.Resources.dll
[3c7c:000c][2026-05-10T01:36:04] Timestamp updated for file 'C:\Program Files (x86)\Microsoft Visual Studio\2022\BuildTools\Common7\IDE\PrivateAssemblies\ko\Microsoft.ServiceHub.Resources.dll'.
[3c7c:000c][2026-05-10T01:36:04] Processing file /Contents/Common7/IDE/PrivateAssemblies/Microsoft.ServiceHub.Resources.dll
[3c7c:000c][2026-05-10T01:36:04] Started: Copying file /Contents/Common7/IDE/PrivateAssemblies/Microsoft.ServiceHub.Resources.dll to C:\Program Files (x86)\Microsoft Visual Studio\2022\BuildTools\Common7\IDE\PrivateAssemblies\Microsoft.ServiceHub.Resources.dll
[3c7c:000c][2026-05-10T01:36:04] Completed: Copying file /Contents/Common7/IDE/PrivateAssemblies/Microsoft.ServiceHub.Resources.dll to C:\Program Files (x86)\Microsoft Visual Studio\2022\BuildTools\Common7\IDE\PrivateAssemblies\Microsoft.ServiceHub.Resources.dll
[3c7c:000c][2026-05-10T01:36:04] Timestamp updated for file 'C:\Program Files (x86)\Microsoft Visual Studio\2022\BuildTools\Common7\IDE\PrivateAssemblies\Microsoft.ServiceHub.Resources.dll'.
[3c7c:000c][2026-05-10T01:36:04] Processing file /Contents/Common7/IDE/PrivateAssemblies/pl/Microsoft.ServiceHub.Resources.dll
[3c7c:000c][2026-05-10T01:36:04] Started: Copying file /Contents/Common7/IDE/PrivateAssemblies/pl/Microsoft.ServiceHub.Resources.dll to C:\Program Files (x86)\Microsoft Visual Studio\2022\BuildTools\Common7\IDE\PrivateAssemblies\pl\Microsoft.ServiceHub.Resources.dll
[3c7c:000c][2026-05-10T01:36:04] Completed: Copying file /Contents/Common7/IDE/PrivateAssemblies/pl/Microsoft.ServiceHub.Resources.dll to C:\Program Files (x86)\Microsoft Visual Studio\2022\BuildTools\Common7\IDE\PrivateAssemblies\pl\Microsoft.ServiceHub.Resources.dll
[3c7c:000c][2026-05-10T01:36:04] Timestamp updated for file 'C:\Program Files (x86)\Microsoft Visual Studio\2022\BuildTools\Common7\IDE\PrivateAssemblies\pl\Microsoft.ServiceHub.Resources.dll'.
[3c7c:000c][2026-05-10T01:36:04] Processing file /Contents/Common7/IDE/PrivateAssemblies/pt-BR/Microsoft.ServiceHub.Resources.dll
[3c7c:000c][2026-05-10T01:36:04] Started: Copying file /Contents/Common7/IDE/PrivateAssemblies/pt-BR/Microsoft.ServiceHub.Resources.dll to C:\Program Files (x86)\Microsoft Visual Studio\2022\BuildTools\Common7\IDE\PrivateAssemblies\pt-BR\Microsoft.ServiceHub.Resources.dll
[3c7c:000c][2026-05-10T01:36:04] Completed: Copying file /Contents/Common7/IDE/PrivateAssemblies/pt-BR/Microsoft.ServiceHub.Resources.dll to C:\Program Files (x86)\Microsoft Visual Studio\2022\BuildTools\Common7\IDE\PrivateAssemblies\pt-BR\Microsoft.ServiceHub.Resources.dll
[3c7c:000c][2026-05-10T01:36:04] Timestamp updated for file 'C:\Program Files (x86)\Microsoft Visual Studio\2022\BuildTools\Common7\IDE\PrivateAssemblies\pt-BR\Microsoft.ServiceHub.Resources.dll'.
[3c7c:000c][2026-05-10T01:36:04] Processing file /Contents/Common7/IDE/PrivateAssemblies/ru/Microsoft.ServiceHub.Resources.dll
[3c7c:000c][2026-05-10T01:36:04] Started: Copying file /Contents/Common7/IDE/PrivateAssemblies/ru/Microsoft.ServiceHub.Resources.dll to C:\Program Files (x86)\Microsoft Visual Studio\2022\BuildTools\Common7\IDE\PrivateAssemblies\ru\Microsoft.ServiceHub.Resources.dll
[3c7c:000c][2026-05-10T01:36:04] Completed: Copying file /Contents/Common7/IDE/PrivateAssemblies/ru/Microsoft.ServiceHub.Resources.dll to C:\Program Files (x86)\Microsoft Visual Studio\2022\BuildTools\Common7\IDE\PrivateAssemblies\ru\Microsoft.ServiceHub.Resources.dll
[3c7c:000c][2026-05-10T01:36:04] Timestamp updated for file 'C:\Program Files (x86)\Microsoft Visual Studio\2022\BuildTools\Common7\IDE\PrivateAssemblies\ru\Microsoft.ServiceHub.Resources.dll'.
[3c7c:000c][2026-05-10T01:36:04] Processing file /Contents/Common7/IDE/PrivateAssemblies/tr/Microsoft.ServiceHub.Resources.dll
[3c7c:000c][2026-05-10T01:36:04] Started: Copying file /Contents/Common7/IDE/PrivateAssemblies/tr/Microsoft.ServiceHub.Resources.dll to C:\Program Files (x86)\Microsoft Visual Studio\2022\BuildTools\Common7\IDE\PrivateAssemblies\tr\Microsoft.ServiceHub.Resources.dll
[3c7c:000c][2026-05-10T01:36:04] Completed: Copying file /Contents/Common7/IDE/PrivateAssemblies/tr/Microsoft.ServiceHub.Resources.dll to C:\Program Files (x86)\Microsoft Visual Studio\2022\BuildTools\Common7\IDE\PrivateAssemblies\tr\Microsoft.ServiceHub.Resources.dll
[3c7c:000c][2026-05-10T01:36:04] Timestamp updated for file 'C:\Program Files (x86)\Microsoft Visual Studio\2022\BuildTools\Common7\IDE\PrivateAssemblies\tr\Microsoft.ServiceHub.Resources.dll'.
[3c7c:000c][2026-05-10T01:36:04] Processing file /Contents/Common7/IDE/PrivateAssemblies/zh-Hans/Microsoft.ServiceHub.Resources.dll
[3c7c:000c][2026-05-10T01:36:04] Started: Copying file /Contents/Common7/IDE/PrivateAssemblies/zh-Hans/Microsoft.ServiceHub.Resources.dll to C:\Program Files (x86)\Microsoft Visual Studio\2022\BuildTools\Common7\IDE\PrivateAssemblies\zh-Hans\Microsoft.ServiceHub.Resources.dll
[3c7c:000c][2026-05-10T01:36:04] Completed: Copying file /Contents/Common7/IDE/PrivateAssemblies/zh-Hans/Microsoft.ServiceHub.Resources.dll to C:\Program Files (x86)\Microsoft Visual Studio\2022\BuildTools\Common7\IDE\PrivateAssemblies\zh-Hans\Microsoft.ServiceHub.Resources.dll
[3c7c:000c][2026-05-10T01:36:04] Timestamp updated for file 'C:\Program Files (x86)\Microsoft Visual Studio\2022\BuildTools\Common7\IDE\PrivateAssemblies\zh-Hans\Microsoft.ServiceHub.Resources.dll'.
[3c7c:000c][2026-05-10T01:36:04] Processing file /Contents/Common7/IDE/PrivateAssemblies/zh-Hant/Microsoft.ServiceHub.Resources.dll
[3c7c:000c][2026-05-10T01:36:04] Started: Copying file /Contents/Common7/IDE/PrivateAssemblies/zh-Hant/Microsoft.ServiceHub.Resources.dll to C:\Program Files (x86)\Microsoft Visual Studio\2022\BuildTools\Common7\IDE\PrivateAssemblies\zh-Hant\Microsoft.ServiceHub.Resources.dll
[3c7c:000c][2026-05-10T01:36:04] Completed: Copying file /Contents/Common7/IDE/PrivateAssemblies/zh-Hant/Microsoft.ServiceHub.Resources.dll to C:\Program Files (x86)\Microsoft Visual Studio\2022\BuildTools\Common7\IDE\PrivateAssemblies\zh-Hant\Microsoft.ServiceHub.Resources.dll
[3c7c:000c][2026-05-10T01:36:04] Timestamp updated for file 'C:\Program Files (x86)\Microsoft Visual Studio\2022\BuildTools\Common7\IDE\PrivateAssemblies\zh-Hant\Microsoft.ServiceHub.Resources.dll'.
[3c7c:000c][2026-05-10T01:36:04] Processing file /Contents/Common7/ServiceHub/Hosts/ServiceHub.Host.netfx.x64/desktopClr.x64.DataWarehouseHost.servicehub.host.json
[3c7c:000c][2026-05-10T01:36:04] Started: Copying file /Contents/Common7/ServiceHub/Hosts/ServiceHub.Host.netfx.x64/desktopClr.x64.DataWarehouseHost.servicehub.host.json to C:\Program Files (x86)\Microsoft Visual Studio\2022\BuildTools\Common7\ServiceHub\Hosts\ServiceHub.Host.netfx.x64\desktopClr.x64.DataWarehouseHost.servicehub.host.json
[3c7c:000c][2026-05-10T01:36:04] Completed: Copying file /Contents/Common7/ServiceHub/Hosts/ServiceHub.Host.netfx.x64/desktopClr.x64.DataWarehouseHost.servicehub.host.json to C:\Program Files (x86)\Microsoft Visual Studio\2022\BuildTools\Common7\ServiceHub\Hosts\ServiceHub.Host.netfx.x64\desktopClr.x64.DataWarehouseHost.servicehub.host.json
[3c7c:000c][2026-05-10T01:36:04] Timestamp updated for file 'C:\Program Files (x86)\Microsoft Visual Studio\2022\BuildTools\Common7\ServiceHub\Hosts\ServiceHub.Host.netfx.x64\desktopClr.x64.DataWarehouseHost.servicehub.host.json'.
[3c7c:000c][2026-05-10T01:36:04] Processing file /Contents/Common7/ServiceHub/Hosts/ServiceHub.Host.netfx.x64/desktopClr.x64.IntellicodeModelService.servicehub.host.json
[3c7c:000c][2026-05-10T01:36:04] Started: Copying file /Contents/Common7/ServiceHub/Hosts/ServiceHub.Host.netfx.x64/desktopClr.x64.IntellicodeModelService.servicehub.host.json to C:\Program Files (x86)\Microsoft Visual Studio\2022\BuildTools\Common7\ServiceHub\Hosts\ServiceHub.Host.netfx.x64\desktopClr.x64.IntellicodeModelService.servicehub.host.json
[3c7c:000c][2026-05-10T01:36:04] Completed: Copying file /Contents/Common7/ServiceHub/Hosts/ServiceHub.Host.netfx.x64/desktopClr.x64.IntellicodeModelService.servicehub.host.json to C:\Program Files (x86)\Microsoft Visual Studio\2022\BuildTools\Common7\ServiceHub\Hosts\ServiceHub.Host.netfx.x64\desktopClr.x64.IntellicodeModelService.servicehub.host.json
[3c7c:000c][2026-05-10T01:36:04] Timestamp updated for file 'C:\Program Files (x86)\Microsoft Visual Studio\2022\BuildTools\Common7\ServiceHub\Hosts\ServiceHub.Host.netfx.x64\desktopClr.x64.IntellicodeModelService.servicehub.host.json'.
[3c7c:000c][2026-05-10T01:36:04] Processing file /Contents/Common7/ServiceHub/Hosts/ServiceHub.Host.netfx.x64/desktopClr.x64.servicehub.host.json
[3c7c:000c][2026-05-10T01:36:04] Started: Copying file /Contents/Common7/ServiceHub/Hosts/ServiceHub.Host.netfx.x64/desktopClr.x64.servicehub.host.json to C:\Program Files (x86)\Microsoft Visual Studio\2022\BuildTools\Common7\ServiceHub\Hosts\ServiceHub.Host.netfx.x64\desktopClr.x64.servicehub.host.json
[3c7c:000c][2026-05-10T01:36:04] Completed: Copying file /Contents/Common7/ServiceHub/Hosts/ServiceHub.Host.netfx.x64/desktopClr.x64.servicehub.host.json to C:\Program Files (x86)\Microsoft Visual Studio\2022\BuildTools\Common7\ServiceHub\Hosts\ServiceHub.Host.netfx.x64\desktopClr.x64.servicehub.host.json
[3c7c:000c][2026-05-10T01:36:04] Timestamp updated for file 'C:\Program Files (x86)\Microsoft Visual Studio\2022\BuildTools\Common7\ServiceHub\Hosts\ServiceHub.Host.netfx.x64\desktopClr.x64.servicehub.host.json'.
[3c7c:000c][2026-05-10T01:36:04] Processing file /Contents/Common7/ServiceHub/Hosts/ServiceHub.Host.netfx.x64/netfx.x64.DataWarehouseHost.servicehub.host.json
[3c7c:000c][2026-05-10T01:36:04] Started: Copying file /Contents/Common7/ServiceHub/Hosts/ServiceHub.Host.netfx.x64/netfx.x64.DataWarehouseHost.servicehub.host.json to C:\Program Files (x86)\Microsoft Visual Studio\2022\BuildTools\Common7\ServiceHub\Hosts\ServiceHub.Host.netfx.x64\netfx.x64.DataWarehouseHost.servicehub.host.json
[3c7c:000c][2026-05-10T01:36:04] Completed: Copying file /Contents/Common7/ServiceHub/Hosts/ServiceHub.Host.netfx.x64/netfx.x64.DataWarehouseHost.servicehub.host.json to C:\Program Files (x86)\Microsoft Visual Studio\2022\BuildTools\Common7\ServiceHub\Hosts\ServiceHub.Host.netfx.x64\netfx.x64.DataWarehouseHost.servicehub.host.json
[3c7c:000c][2026-05-10T01:36:04] Timestamp updated for file 'C:\Program Files (x86)\Microsoft Visual Studio\2022\BuildTools\Common7\ServiceHub\Hosts\ServiceHub.Host.netfx.x64\netfx.x64.DataWarehouseHost.servicehub.host.json'.
[3c7c:000c][2026-05-10T01:36:04] Processing file /Contents/Common7/ServiceHub/Hosts/ServiceHub.Host.netfx.x64/netfx.x64.IntellicodeModelService.servicehub.host.json
[3c7c:000c][2026-05-10T01:36:04] Started: Copying file /Contents/Common7/ServiceHub/Hosts/ServiceHub.Host.netfx.x64/netfx.x64.IntellicodeModelService.servicehub.host.json to C:\Program Files (x86)\Microsoft Visual Studio\2022\BuildTools\Common7\ServiceHub\Hosts\ServiceHub.Host.netfx.x64\netfx.x64.IntellicodeModelService.servicehub.host.json
[3c7c:000c][2026-05-10T01:36:04] Completed: Copying file /Contents/Common7/ServiceHub/Hosts/ServiceHub.Host.netfx.x64/netfx.x64.IntellicodeModelService.servicehub.host.json to C:\Program Files (x86)\Microsoft Visual Studio\2022\BuildTools\Common7\ServiceHub\Hosts\ServiceHub.Host.netfx.x64\netfx.x64.IntellicodeModelService.servicehub.host.json
[3c7c:000c][2026-05-10T01:36:04] Timestamp updated for file 'C:\Program Files (x86)\Microsoft Visual Studio\2022\BuildTools\Common7\ServiceHub\Hosts\ServiceHub.Host.netfx.x64\netfx.x64.IntellicodeModelService.servicehub.host.json'.
[3c7c:000c][2026-05-10T01:36:04] Processing file /Contents/Common7/ServiceHub/Hosts/ServiceHub.Host.netfx.x64/netfx.x64.servicehub.host.json
[3c7c:000c][2026-05-10T01:36:04] Started: Copying file /Contents/Common7/ServiceHub/Hosts/ServiceHub.Host.netfx.x64/netfx.x64.servicehub.host.json to C:\Program Files (x86)\Microsoft Visual Studio\2022\BuildTools\Common7\ServiceHub\Hosts\ServiceHub.Host.netfx.x64\netfx.x64.servicehub.host.json
[3c7c:000c][2026-05-10T01:36:04] Completed: Copying file /Contents/Common7/ServiceHub/Hosts/ServiceHub.Host.netfx.x64/netfx.x64.servicehub.host.json to C:\Program Files (x86)\Microsoft Visual Studio\2022\BuildTools\Common7\ServiceHub\Hosts\ServiceHub.Host.netfx.x64\netfx.x64.servicehub.host.json
[3c7c:000c][2026-05-10T01:36:04] Timestamp updated for file 'C:\Program Files (x86)\Microsoft Visual Studio\2022\BuildTools\Common7\ServiceHub\Hosts\ServiceHub.Host.netfx.x64\netfx.x64.servicehub.host.json'.
[3c7c:000c][2026-05-10T01:36:04] Processing file /Contents/Common7/ServiceHub/Hosts/ServiceHub.Host.netfx.x64/ServiceHub.DataWarehouseHost.exe
[3c7c:000c][2026-05-10T01:36:04] Started: Copying file /Contents/Common7/ServiceHub/Hosts/ServiceHub.Host.netfx.x64/ServiceHub.DataWarehouseHost.exe to C:\Program Files (x86)\Microsoft Visual Studio\2022\BuildTools\Common7\ServiceHub\Hosts\ServiceHub.Host.netfx.x64\ServiceHub.DataWarehouseHost.exe
[3c7c:000c][2026-05-10T01:36:04] Completed: Copying file /Contents/Common7/ServiceHub/Hosts/ServiceHub.Host.netfx.x64/ServiceHub.DataWarehouseHost.exe to C:\Program Files (x86)\Microsoft Visual Studio\2022\BuildTools\Common7\ServiceHub\Hosts\ServiceHub.Host.netfx.x64\ServiceHub.DataWarehouseHost.exe
[3c7c:000c][2026-05-10T01:36:04] Timestamp updated for file 'C:\Program Files (x86)\Microsoft Visual Studio\2022\BuildTools\Common7\ServiceHub\Hosts\ServiceHub.Host.netfx.x64\ServiceHub.DataWarehouseHost.exe'.
[3c7c:000c][2026-05-10T01:36:04] Processing file /Contents/Common7/ServiceHub/Hosts/ServiceHub.Host.netfx.x64/ServiceHub.DataWarehouseHost.exe.config
[3c7c:000c][2026-05-10T01:36:04] Started: Copying file /Contents/Common7/ServiceHub/Hosts/ServiceHub.Host.netfx.x64/ServiceHub.DataWarehouseHost.exe.config to C:\Program Files (x86)\Microsoft Visual Studio\2022\BuildTools\Common7\ServiceHub\Hosts\ServiceHub.Host.netfx.x64\ServiceHub.DataWarehouseHost.exe.config
[3c7c:000c][2026-05-10T01:36:04] Completed: Copying file /Contents/Common7/ServiceHub/Hosts/ServiceHub.Host.netfx.x64/ServiceHub.DataWarehouseHost.exe.config to C:\Program Files (x86)\Microsoft Visual Studio\2022\BuildTools\Common7\ServiceHub\Hosts\ServiceHub.Host.netfx.x64\ServiceHub.DataWarehouseHost.exe.config
[3c7c:000c][2026-05-10T01:36:04] Timestamp updated for file 'C:\Program Files (x86)\Microsoft Visual Studio\2022\BuildTools\Common7\ServiceHub\Hosts\ServiceHub.Host.netfx.x64\ServiceHub.DataWarehouseHost.exe.config'.
[3c7c:000c][2026-05-10T01:36:04] Processing file /Contents/Common7/ServiceHub/Hosts/ServiceHub.Host.netfx.x64/ServiceHub.Host.netfx.x64.exe
[3c7c:000c][2026-05-10T01:36:04] Started: Copying file /Contents/Common7/ServiceHub/Hosts/ServiceHub.Host.netfx.x64/ServiceHub.Host.netfx.x64.exe to C:\Program Files (x86)\Microsoft Visual Studio\2022\BuildTools\Common7\ServiceHub\Hosts\ServiceHub.Host.netfx.x64\ServiceHub.Host.netfx.x64.exe
[3c7c:000c][2026-05-10T01:36:04] Completed: Copying file /Contents/Common7/ServiceHub/Hosts/ServiceHub.Host.netfx.x64/ServiceHub.Host.netfx.x64.exe to C:\Program Files (x86)\Microsoft Visual Studio\2022\BuildTools\Common7\ServiceHub\Hosts\ServiceHub.Host.netfx.x64\ServiceHub.Host.netfx.x64.exe
[3c7c:000c][2026-05-10T01:36:04] Timestamp updated for file 'C:\Program Files (x86)\Microsoft Visual Studio\2022\BuildTools\Common7\ServiceHub\Hosts\ServiceHub.Host.netfx.x64\ServiceHub.Host.netfx.x64.exe'.
[3c7c:000c][2026-05-10T01:36:04] Processing file /Contents/Common7/ServiceHub/Hosts/ServiceHub.Host.netfx.x64/ServiceHub.Host.netfx.x64.exe.config
[3c7c:000c][2026-05-10T01:36:04] Started: Copying file /Contents/Common7/ServiceHub/Hosts/ServiceHub.Host.netfx.x64/ServiceHub.Host.netfx.x64.exe.config to C:\Program Files (x86)\Microsoft Visual Studio\2022\BuildTools\Common7\ServiceHub\Hosts\ServiceHub.Host.netfx.x64\ServiceHub.Host.netfx.x64.exe.config
[3c7c:000c][2026-05-10T01:36:04] Completed: Copying file /Contents/Common7/ServiceHub/Hosts/ServiceHub.Host.netfx.x64/ServiceHub.Host.netfx.x64.exe.config to C:\Program Files (x86)\Microsoft Visual Studio\2022\BuildTools\Common7\ServiceHub\Hosts\ServiceHub.Host.netfx.x64\ServiceHub.Host.netfx.x64.exe.config
[3c7c:000c][2026-05-10T01:36:04] Timestamp updated for file 'C:\Program Files (x86)\Microsoft Visual Studio\2022\BuildTools\Common7\ServiceHub\Hosts\ServiceHub.Host.netfx.x64\ServiceHub.Host.netfx.x64.exe.config'.
[3c7c:000c][2026-05-10T01:36:04] Processing file /Contents/Common7/ServiceHub/Hosts/ServiceHub.Host.netfx.x64/ServiceHub.IntellicodeModelService.exe
[3c7c:000c][2026-05-10T01:36:04] Started: Copying file /Contents/Common7/ServiceHub/Hosts/ServiceHub.Host.netfx.x64/ServiceHub.IntellicodeModelService.exe to C:\Program Files (x86)\Microsoft Visual Studio\2022\BuildTools\Common7\ServiceHub\Hosts\ServiceHub.Host.netfx.x64\ServiceHub.IntellicodeModelService.exe
[3c7c:000c][2026-05-10T01:36:04] Completed: Copying file /Contents/Common7/ServiceHub/Hosts/ServiceHub.Host.netfx.x64/ServiceHub.IntellicodeModelService.exe to C:\Program Files (x86)\Microsoft Visual Studio\2022\BuildTools\Common7\ServiceHub\Hosts\ServiceHub.Host.netfx.x64\ServiceHub.IntellicodeModelService.exe
[3c7c:000c][2026-05-10T01:36:04] Timestamp updated for file 'C:\Program Files (x86)\Microsoft Visual Studio\2022\BuildTools\Common7\ServiceHub\Hosts\ServiceHub.Host.netfx.x64\ServiceHub.IntellicodeModelService.exe'.
[3c7c:000c][2026-05-10T01:36:04] Processing file /Contents/Common7/ServiceHub/Hosts/ServiceHub.Host.netfx.x64/ServiceHub.IntellicodeModelService.exe.config
[3c7c:000c][2026-05-10T01:36:04] Started: Copying file /Contents/Common7/ServiceHub/Hosts/ServiceHub.Host.netfx.x64/ServiceHub.IntellicodeModelService.exe.config to C:\Program Files (x86)\Microsoft Visual Studio\2022\BuildTools\Common7\ServiceHub\Hosts\ServiceHub.Host.netfx.x64\ServiceHub.IntellicodeModelService.exe.config
[3c7c:000c][2026-05-10T01:36:04] Completed: Copying file /Contents/Common7/ServiceHub/Hosts/ServiceHub.Host.netfx.x64/ServiceHub.IntellicodeModelService.exe.config to C:\Program Files (x86)\Microsoft Visual Studio\2022\BuildTools\Common7\ServiceHub\Hosts\ServiceHub.Host.netfx.x64\ServiceHub.IntellicodeModelService.exe.config
[3c7c:000c][2026-05-10T01:36:04] Timestamp updated for file 'C:\Program Files (x86)\Microsoft Visual Studio\2022\BuildTools\Common7\ServiceHub\Hosts\ServiceHub.Host.netfx.x64\ServiceHub.IntellicodeModelService.exe.config'.
[3c7c:000c][2026-05-10T01:36:04] Processing file /Contents/Common7/ServiceHub/Hosts/ServiceHub.Host.netfx.x86/desktopClr.x86.DataWarehouseHost.servicehub.host.json
[3c7c:000c][2026-05-10T01:36:04] Started: Copying file /Contents/Common7/ServiceHub/Hosts/ServiceHub.Host.netfx.x86/desktopClr.x86.DataWarehouseHost.servicehub.host.json to C:\Program Files (x86)\Microsoft Visual Studio\2022\BuildTools\Common7\ServiceHub\Hosts\ServiceHub.Host.netfx.x86\desktopClr.x86.DataWarehouseHost.servicehub.host.json
[3c7c:000c][2026-05-10T01:36:04] Completed: Copying file /Contents/Common7/ServiceHub/Hosts/ServiceHub.Host.netfx.x86/desktopClr.x86.DataWarehouseHost.servicehub.host.json to C:\Program Files (x86)\Microsoft Visual Studio\2022\BuildTools\Common7\ServiceHub\Hosts\ServiceHub.Host.netfx.x86\desktopClr.x86.DataWarehouseHost.servicehub.host.json
[3c7c:000c][2026-05-10T01:36:04] Timestamp updated for file 'C:\Program Files (x86)\Microsoft Visual Studio\2022\BuildTools\Common7\ServiceHub\Hosts\ServiceHub.Host.netfx.x86\desktopClr.x86.DataWarehouseHost.servicehub.host.json'.
[3c7c:000c][2026-05-10T01:36:04] Processing file /Contents/Common7/ServiceHub/Hosts/ServiceHub.Host.netfx.x86/desktopClr.x86.IdentityHost.servicehub.host.json
[3c7c:000c][2026-05-10T01:36:04] Started: Copying file /Contents/Common7/ServiceHub/Hosts/ServiceHub.Host.netfx.x86/desktopClr.x86.IdentityHost.servicehub.host.json to C:\Program Files (x86)\Microsoft Visual Studio\2022\BuildTools\Common7\ServiceHub\Hosts\ServiceHub.Host.netfx.x86\desktopClr.x86.IdentityHost.servicehub.host.json
[3c7c:000c][2026-05-10T01:36:04] Completed: Copying file /Contents/Common7/ServiceHub/Hosts/ServiceHub.Host.netfx.x86/desktopClr.x86.IdentityHost.servicehub.host.json to C:\Program Files (x86)\Microsoft Visual Studio\2022\BuildTools\Common7\ServiceHub\Hosts\ServiceHub.Host.netfx.x86\desktopClr.x86.IdentityHost.servicehub.host.json
[3c7c:000c][2026-05-10T01:36:04] Timestamp updated for file 'C:\Program Files (x86)\Microsoft Visual Studio\2022\BuildTools\Common7\ServiceHub\Hosts\ServiceHub.Host.netfx.x86\desktopClr.x86.IdentityHost.servicehub.host.json'.
[3c7c:000c][2026-05-10T01:36:04] Processing file /Contents/Common7/ServiceHub/Hosts/ServiceHub.Host.netfx.x86/desktopClr.x86.servicehub.host.json
[3c7c:000c][2026-05-10T01:36:04] Started: Copying file /Contents/Common7/ServiceHub/Hosts/ServiceHub.Host.netfx.x86/desktopClr.x86.servicehub.host.json to C:\Program Files (x86)\Microsoft Visual Studio\2022\BuildTools\Common7\ServiceHub\Hosts\ServiceHub.Host.netfx.x86\desktopClr.x86.servicehub.host.json
[3c7c:000c][2026-05-10T01:36:04] Completed: Copying file /Contents/Common7/ServiceHub/Hosts/ServiceHub.Host.netfx.x86/desktopClr.x86.servicehub.host.json to C:\Program Files (x86)\Microsoft Visual Studio\2022\BuildTools\Common7\ServiceHub\Hosts\ServiceHub.Host.netfx.x86\desktopClr.x86.servicehub.host.json
[3c7c:000c][2026-05-10T01:36:04] Timestamp updated for file 'C:\Program Files (x86)\Microsoft Visual Studio\2022\BuildTools\Common7\ServiceHub\Hosts\ServiceHub.Host.netfx.x86\desktopClr.x86.servicehub.host.json'.
[3c7c:000c][2026-05-10T01:36:04] Processing file /Contents/Common7/ServiceHub/Hosts/ServiceHub.Host.netfx.x86/netfx.x86.DataWarehouseHost.servicehub.host.json
[3c7c:000c][2026-05-10T01:36:04] Started: Copying file /Contents/Common7/ServiceHub/Hosts/ServiceHub.Host.netfx.x86/netfx.x86.DataWarehouseHost.servicehub.host.json to C:\Program Files (x86)\Microsoft Visual Studio\2022\BuildTools\Common7\ServiceHub\Hosts\ServiceHub.Host.netfx.x86\netfx.x86.DataWarehouseHost.servicehub.host.json
[3c7c:000c][2026-05-10T01:36:04] Completed: Copying file /Contents/Common7/ServiceHub/Hosts/ServiceHub.Host.netfx.x86/netfx.x86.DataWarehouseHost.servicehub.host.json to C:\Program Files (x86)\Microsoft Visual Studio\2022\BuildTools\Common7\ServiceHub\Hosts\ServiceHub.Host.netfx.x86\netfx.x86.DataWarehouseHost.servicehub.host.json
[3c7c:000c][2026-05-10T01:36:04] Timestamp updated for file 'C:\Program Files (x86)\Microsoft Visual Studio\2022\BuildTools\Common7\ServiceHub\Hosts\ServiceHub.Host.netfx.x86\netfx.x86.DataWarehouseHost.servicehub.host.json'.
[3c7c:000c][2026-05-10T01:36:04] Processing file /Contents/Common7/ServiceHub/Hosts/ServiceHub.Host.netfx.x86/netfx.x86.IdentityHost.servicehub.host.json
[3c7c:000c][2026-05-10T01:36:04] Started: Copying file /Contents/Common7/ServiceHub/Hosts/ServiceHub.Host.netfx.x86/netfx.x86.IdentityHost.servicehub.host.json to C:\Program Files (x86)\Microsoft Visual Studio\2022\BuildTools\Common7\ServiceHub\Hosts\ServiceHub.Host.netfx.x86\netfx.x86.IdentityHost.servicehub.host.json
[3c7c:000c][2026-05-10T01:36:04] Completed: Copying file /Contents/Common7/ServiceHub/Hosts/ServiceHub.Host.netfx.x86/netfx.x86.IdentityHost.servicehub.host.json to C:\Program Files (x86)\Microsoft Visual Studio\2022\BuildTools\Common7\ServiceHub\Hosts\ServiceHub.Host.netfx.x86\netfx.x86.IdentityHost.servicehub.host.json
[3c7c:000c][2026-05-10T01:36:04] Timestamp updated for file 'C:\Program Files (x86)\Microsoft Visual Studio\2022\BuildTools\Common7\ServiceHub\Hosts\ServiceHub.Host.netfx.x86\netfx.x86.IdentityHost.servicehub.host.json'.
[3c7c:000c][2026-05-10T01:36:04] Processing file /Contents/Common7/ServiceHub/Hosts/ServiceHub.Host.netfx.x86/netfx.x86.servicehub.host.json
[3c7c:000c][2026-05-10T01:36:04] Started: Copying file /Contents/Common7/ServiceHub/Hosts/ServiceHub.Host.netfx.x86/netfx.x86.servicehub.host.json to C:\Program Files (x86)\Microsoft Visual Studio\2022\BuildTools\Common7\ServiceHub\Hosts\ServiceHub.Host.netfx.x86\netfx.x86.servicehub.host.json
[3c7c:000c][2026-05-10T01:36:04] Completed: Copying file /Contents/Common7/ServiceHub/Hosts/ServiceHub.Host.netfx.x86/netfx.x86.servicehub.host.json to C:\Program Files (x86)\Microsoft Visual Studio\2022\BuildTools\Common7\ServiceHub\Hosts\ServiceHub.Host.netfx.x86\netfx.x86.servicehub.host.json
[3c7c:000c][2026-05-10T01:36:04] Timestamp updated for file 'C:\Program Files (x86)\Microsoft Visual Studio\2022\BuildTools\Common7\ServiceHub\Hosts\ServiceHub.Host.netfx.x86\netfx.x86.servicehub.host.json'.
[3c7c:000c][2026-05-10T01:36:04] Processing file /Contents/Common7/ServiceHub/Hosts/ServiceHub.Host.netfx.x86/ServiceHub.DataWarehouseHost.exe
[3c7c:000c][2026-05-10T01:36:04] Started: Copying file /Contents/Common7/ServiceHub/Hosts/ServiceHub.Host.netfx.x86/ServiceHub.DataWarehouseHost.exe to C:\Program Files (x86)\Microsoft Visual Studio\2022\BuildTools\Common7\ServiceHub\Hosts\ServiceHub.Host.netfx.x86\ServiceHub.DataWarehouseHost.exe
[3c7c:000c][2026-05-10T01:36:04] Completed: Copying file /Contents/Common7/ServiceHub/Hosts/ServiceHub.Host.netfx.x86/ServiceHub.DataWarehouseHost.exe to C:\Program Files (x86)\Microsoft Visual Studio\2022\BuildTools\Common7\ServiceHub\Hosts\ServiceHub.Host.netfx.x86\ServiceHub.DataWarehouseHost.exe
[3c7c:000c][2026-05-10T01:36:04] Timestamp updated for file 'C:\Program Files (x86)\Microsoft Visual Studio\2022\BuildTools\Common7\ServiceHub\Hosts\ServiceHub.Host.netfx.x86\ServiceHub.DataWarehouseHost.exe'.
[3c7c:000c][2026-05-10T01:36:04] Processing file /Contents/Common7/ServiceHub/Hosts/ServiceHub.Host.netfx.x86/ServiceHub.DataWarehouseHost.exe.config
[3c7c:000c][2026-05-10T01:36:04] Started: Copying file /Contents/Common7/ServiceHub/Hosts/ServiceHub.Host.netfx.x86/ServiceHub.DataWarehouseHost.exe.config to C:\Program Files (x86)\Microsoft Visual Studio\2022\BuildTools\Common7\ServiceHub\Hosts\ServiceHub.Host.netfx.x86\ServiceHub.DataWarehouseHost.exe.config
[3c7c:000c][2026-05-10T01:36:04] Completed: Copying file /Contents/Common7/ServiceHub/Hosts/ServiceHub.Host.netfx.x86/ServiceHub.DataWarehouseHost.exe.config to C:\Program Files (x86)\Microsoft Visual Studio\2022\BuildTools\Common7\ServiceHub\Hosts\ServiceHub.Host.netfx.x86\ServiceHub.DataWarehouseHost.exe.config
[3c7c:000c][2026-05-10T01:36:04] Timestamp updated for file 'C:\Program Files (x86)\Microsoft Visual Studio\2022\BuildTools\Common7\ServiceHub\Hosts\ServiceHub.Host.netfx.x86\ServiceHub.DataWarehouseHost.exe.config'.
[3c7c:000c][2026-05-10T01:36:04] Processing file /Contents/Common7/ServiceHub/Hosts/ServiceHub.Host.netfx.x86/ServiceHub.Host.netfx.x86.exe
[3c7c:000c][2026-05-10T01:36:04] Started: Copying file /Contents/Common7/ServiceHub/Hosts/ServiceHub.Host.netfx.x86/ServiceHub.Host.netfx.x86.exe to C:\Program Files (x86)\Microsoft Visual Studio\2022\BuildTools\Common7\ServiceHub\Hosts\ServiceHub.Host.netfx.x86\ServiceHub.Host.netfx.x86.exe
[3c7c:000c][2026-05-10T01:36:04] Completed: Copying file /Contents/Common7/ServiceHub/Hosts/ServiceHub.Host.netfx.x86/ServiceHub.Host.netfx.x86.exe to C:\Program Files (x86)\Microsoft Visual Studio\2022\BuildTools\Common7\ServiceHub\Hosts\ServiceHub.Host.netfx.x86\ServiceHub.Host.netfx.x86.exe
[3c7c:000c][2026-05-10T01:36:04] Timestamp updated for file 'C:\Program Files (x86)\Microsoft Visual Studio\2022\BuildTools\Common7\ServiceHub\Hosts\ServiceHub.Host.netfx.x86\ServiceHub.Host.netfx.x86.exe'.
[3c7c:000c][2026-05-10T01:36:04] Processing file /Contents/Common7/ServiceHub/Hosts/ServiceHub.Host.netfx.x86/ServiceHub.Host.netfx.x86.exe.config
[3c7c:000c][2026-05-10T01:36:04] Started: Copying file /Contents/Common7/ServiceHub/Hosts/ServiceHub.Host.netfx.x86/ServiceHub.Host.netfx.x86.exe.config to C:\Program Files (x86)\Microsoft Visual Studio\2022\BuildTools\Common7\ServiceHub\Hosts\ServiceHub.Host.netfx.x86\ServiceHub.Host.netfx.x86.exe.config
[3c7c:000c][2026-05-10T01:36:04] Completed: Copying file /Contents/Common7/ServiceHub/Hosts/ServiceHub.Host.netfx.x86/ServiceHub.Host.netfx.x86.exe.config to C:\Program Files (x86)\Microsoft Visual Studio\2022\BuildTools\Common7\ServiceHub\Hosts\ServiceHub.Host.netfx.x86\ServiceHub.Host.netfx.x86.exe.config
[3c7c:000c][2026-05-10T01:36:04] Timestamp updated for file 'C:\Program Files (x86)\Microsoft Visual Studio\2022\BuildTools\Common7\ServiceHub\Hosts\ServiceHub.Host.netfx.x86\ServiceHub.Host.netfx.x86.exe.config'.
[3c7c:000c][2026-05-10T01:36:04] Processing file /Contents/Common7/ServiceHub/Hosts/ServiceHub.Host.netfx.x86/ServiceHub.IdentityHost.exe
[3c7c:000c][2026-05-10T01:36:04] Started: Copying file /Contents/Common7/ServiceHub/Hosts/ServiceHub.Host.netfx.x86/ServiceHub.IdentityHost.exe to C:\Program Files (x86)\Microsoft Visual Studio\2022\BuildTools\Common7\ServiceHub\Hosts\ServiceHub.Host.netfx.x86\ServiceHub.IdentityHost.exe
[3c7c:000c][2026-05-10T01:36:04] Completed: Copying file /Contents/Common7/ServiceHub/Hosts/ServiceHub.Host.netfx.x86/ServiceHub.IdentityHost.exe to C:\Program Files (x86)\Microsoft Visual Studio\2022\BuildTools\Common7\ServiceHub\Hosts\ServiceHub.Host.netfx.x86\ServiceHub.IdentityHost.exe
[3c7c:000c][2026-05-10T01:36:04] Timestamp updated for file 'C:\Program Files (x86)\Microsoft Visual Studio\2022\BuildTools\Common7\ServiceHub\Hosts\ServiceHub.Host.netfx.x86\ServiceHub.IdentityHost.exe'.
[3c7c:000c][2026-05-10T01:36:04] Processing file /Contents/Common7/ServiceHub/Hosts/ServiceHub.Host.netfx.x86/ServiceHub.IdentityHost.exe.config
[3c7c:000c][2026-05-10T01:36:04] Started: Copying file /Contents/Common7/ServiceHub/Hosts/ServiceHub.Host.netfx.x86/ServiceHub.IdentityHost.exe.config to C:\Program Files (x86)\Microsoft Visual Studio\2022\BuildTools\Common7\ServiceHub\Hosts\ServiceHub.Host.netfx.x86\ServiceHub.IdentityHost.exe.config
[3c7c:000c][2026-05-10T01:36:04] Completed: Copying file /Contents/Common7/ServiceHub/Hosts/ServiceHub.Host.netfx.x86/ServiceHub.IdentityHost.exe.config to C:\Program Files (x86)\Microsoft Visual Studio\2022\BuildTools\Common7\ServiceHub\Hosts\ServiceHub.Host.netfx.x86\ServiceHub.IdentityHost.exe.config
[3c7c:000c][2026-05-10T01:36:04] Timestamp updated for file 'C:\Program Files (x86)\Microsoft Visual Studio\2022\BuildTools\Common7\ServiceHub\Hosts\ServiceHub.Host.netfx.x86\ServiceHub.IdentityHost.exe.config'.
[3c7c:000c][2026-05-10T01:36:04] Processing file /Contents/Common7/ServiceHub/Services/Microsoft.ServiceHub.Framework.AlwaysUnauthorizedService/Microsoft.ServiceHub.Framework.AlwaysUnauthorizedService.dll
[3c7c:000c][2026-05-10T01:36:04] Started: Copying file /Contents/Common7/ServiceHub/Services/Microsoft.ServiceHub.Framework.AlwaysUnauthorizedService/Microsoft.ServiceHub.Framework.AlwaysUnauthorizedService.dll to C:\Program Files (x86)\Microsoft Visual Studio\2022\BuildTools\Common7\ServiceHub\Services\Microsoft.ServiceHub.Framework.AlwaysUnauthorizedService\Microsoft.ServiceHub.Framework.AlwaysUnauthorizedService.dll
[3c7c:000c][2026-05-10T01:36:04] Completed: Copying file /Contents/Common7/ServiceHub/Services/Microsoft.ServiceHub.Framework.AlwaysUnauthorizedService/Microsoft.ServiceHub.Framework.AlwaysUnauthorizedService.dll to C:\Program Files (x86)\Microsoft Visual Studio\2022\BuildTools\Common7\ServiceHub\Services\Microsoft.ServiceHub.Framework.AlwaysUnauthorizedService\Microsoft.ServiceHub.Framework.AlwaysUnauthorizedService.dll
[3c7c:000c][2026-05-10T01:36:04] Timestamp updated for file 'C:\Program Files (x86)\Microsoft Visual Studio\2022\BuildTools\Common7\ServiceHub\Services\Microsoft.ServiceHub.Framework.AlwaysUnauthorizedService\Microsoft.ServiceHub.Framework.AlwaysUnauthorizedService.dll'.
[3c7c:000c][2026-05-10T01:36:04] Processing file /Contents/Common7/ServiceHub/Services/Microsoft.ServiceHub.Framework.AlwaysUnauthorizedService/Microsoft.ServiceHub.Framework.AuthorizationService.servicehub.service.json
[3c7c:000c][2026-05-10T01:36:04] Started: Copying file /Contents/Common7/ServiceHub/Services/Microsoft.ServiceHub.Framework.AlwaysUnauthorizedService/Microsoft.ServiceHub.Framework.AuthorizationService.servicehub.service.json to C:\Program Files (x86)\Microsoft Visual Studio\2022\BuildTools\Common7\ServiceHub\Services\Microsoft.ServiceHub.Framework.AlwaysUnauthorizedService\Microsoft.ServiceHub.Framework.AuthorizationService.servicehub.service.json
[3c7c:000c][2026-05-10T01:36:04] Completed: Copying file /Contents/Common7/ServiceHub/Services/Microsoft.ServiceHub.Framework.AlwaysUnauthorizedService/Microsoft.ServiceHub.Framework.AuthorizationService.servicehub.service.json to C:\Program Files (x86)\Microsoft Visual Studio\2022\BuildTools\Common7\ServiceHub\Services\Microsoft.ServiceHub.Framework.AlwaysUnauthorizedService\Microsoft.ServiceHub.Framework.AuthorizationService.servicehub.service.json
[3c7c:000c][2026-05-10T01:36:04] Timestamp updated for file 'C:\Program Files (x86)\Microsoft Visual Studio\2022\BuildTools\Common7\ServiceHub\Services\Microsoft.ServiceHub.Framework.AlwaysUnauthorizedService\Microsoft.ServiceHub.Framework.AuthorizationService.servicehub.service.json'.
[3c7c:000c][2026-05-10T01:36:04] Processing file /Contents/Common7/ServiceHub/Services/Microsoft.ServiceHub.Framework.AlwaysUnauthorizedService/System.Text.Encodings.Web.dll
[3c7c:000c][2026-05-10T01:36:04] Started: Copying file /Contents/Common7/ServiceHub/Services/Microsoft.ServiceHub.Framework.AlwaysUnauthorizedService/System.Text.Encodings.Web.dll to C:\Program Files (x86)\Microsoft Visual Studio\2022\BuildTools\Common7\ServiceHub\Services\Microsoft.ServiceHub.Framework.AlwaysUnauthorizedService\System.Text.Encodings.Web.dll
[3c7c:000c][2026-05-10T01:36:04] Completed: Copying file /Contents/Common7/ServiceHub/Services/Microsoft.ServiceHub.Framework.AlwaysUnauthorizedService/System.Text.Encodings.Web.dll to C:\Program Files (x86)\Microsoft Visual Studio\2022\BuildTools\Common7\ServiceHub\Services\Microsoft.ServiceHub.Framework.AlwaysUnauthorizedService\System.Text.Encodings.Web.dll
[3c7c:000c][2026-05-10T01:36:04] Timestamp updated for file 'C:\Program Files (x86)\Microsoft Visual Studio\2022\BuildTools\Common7\ServiceHub\Services\Microsoft.ServiceHub.Framework.AlwaysUnauthorizedService\System.Text.Encodings.Web.dll'.
[3c7c:000c][2026-05-10T01:36:04] Processing file /Contents/Common7/ServiceHub/Services/Microsoft.ServiceHub.Framework.AlwaysUnauthorizedService/System.Text.Json.dll
[3c7c:000c][2026-05-10T01:36:04] Started: Copying file /Contents/Common7/ServiceHub/Services/Microsoft.ServiceHub.Framework.AlwaysUnauthorizedService/System.Text.Json.dll to C:\Program Files (x86)\Microsoft Visual Studio\2022\BuildTools\Common7\ServiceHub\Services\Microsoft.ServiceHub.Framework.AlwaysUnauthorizedService\System.Text.Json.dll
[3c7c:000c][2026-05-10T01:36:04] Completed: Copying file /Contents/Common7/ServiceHub/Services/Microsoft.ServiceHub.Framework.AlwaysUnauthorizedService/System.Text.Json.dll to C:\Program Files (x86)\Microsoft Visual Studio\2022\BuildTools\Common7\ServiceHub\Services\Microsoft.ServiceHub.Framework.AlwaysUnauthorizedService\System.Text.Json.dll
[3c7c:000c][2026-05-10T01:36:04] Timestamp updated for file 'C:\Program Files (x86)\Microsoft Visual Studio\2022\BuildTools\Common7\ServiceHub\Services\Microsoft.ServiceHub.Framework.AlwaysUnauthorizedService\System.Text.Json.dll'.
[3c7c:000c][2026-05-10T01:36:04] Package executed successfully. Return code: 0
