[2e2c:0007][2026-05-10T01:24:05] Opening the package for processing
[2e2c:0007][2026-05-10T01:24:05] Using package payload to get the embedded manifest
[2e2c:0007][2026-05-10T01:24:05] Getting list of files within the package
[2e2c:0007][2026-05-10T01:24:05] Processing file /Contents/Common7/IDE/CommonExtensions/Microsoft/Architecture%20Tools/GraphProviderPackage/GraphProviderPackage.pkgdef
[2e2c:0007][2026-05-10T01:24:05] Started: Copying file /Contents/Common7/IDE/CommonExtensions/Microsoft/Architecture%20Tools/GraphProviderPackage/GraphProviderPackage.pkgdef to D:\Program Files (x86)\Microsoft Visual Studio\2022\BuildTools\Common7\IDE\CommonExtensions\Microsoft\Architecture Tools\GraphProviderPackage\GraphProviderPackage.pkgdef
[2e2c:0007][2026-05-10T01:24:05] Completed: Copying file /Contents/Common7/IDE/CommonExtensions/Microsoft/Architecture%20Tools/GraphProviderPackage/GraphProviderPackage.pkgdef to D:\Program Files (x86)\Microsoft Visual Studio\2022\BuildTools\Common7\IDE\CommonExtensions\Microsoft\Architecture Tools\GraphProviderPackage\GraphProviderPackage.pkgdef
[2e2c:0007][2026-05-10T01:24:05] Timestamp updated for file 'D:\Program Files (x86)\Microsoft Visual Studio\2022\BuildTools\Common7\IDE\CommonExtensions\Microsoft\Architecture Tools\GraphProviderPackage\GraphProviderPackage.pkgdef'.
[2e2c:0007][2026-05-10T01:24:05] Processing file /Contents/Common7/IDE/CommonExtensions/Microsoft/Architecture%20Tools/GraphProviderPackage/Microsoft.VisualStudio.GraphProviderPackage.dll
[2e2c:0007][2026-05-10T01:24:05] Started: Copying file /Contents/Common7/IDE/CommonExtensions/Microsoft/Architecture%20Tools/GraphProviderPackage/Microsoft.VisualStudio.GraphProviderPackage.dll to D:\Program Files (x86)\Microsoft Visual Studio\2022\BuildTools\Common7\IDE\CommonExtensions\Microsoft\Architecture Tools\GraphProviderPackage\Microsoft.VisualStudio.GraphProviderPackage.dll
[2e2c:0007][2026-05-10T01:24:05] Completed: Copying file /Contents/Common7/IDE/CommonExtensions/Microsoft/Architecture%20Tools/GraphProviderPackage/Microsoft.VisualStudio.GraphProviderPackage.dll to D:\Program Files (x86)\Microsoft Visual Studio\2022\BuildTools\Common7\IDE\CommonExtensions\Microsoft\Architecture Tools\GraphProviderPackage\Microsoft.VisualStudio.GraphProviderPackage.dll
[2e2c:0007][2026-05-10T01:24:05] Timestamp updated for file 'D:\Program Files (x86)\Microsoft Visual Studio\2022\BuildTools\Common7\IDE\CommonExtensions\Microsoft\Architecture Tools\GraphProviderPackage\Microsoft.VisualStudio.GraphProviderPackage.dll'.
[2e2c:0007][2026-05-10T01:24:05] Queueing D:\Program Files (x86)\Microsoft Visual Studio\2022\BuildTools\Common7\IDE\CommonExtensions\Microsoft\Architecture Tools\GraphProviderPackage\Microsoft.VisualStudio.GraphProviderPackage.dll for X86 ngen
[2e2c:0007][2026-05-10T01:24:05] Successfully queued file '/Contents/Common7/IDE/CommonExtensions/Microsoft/Architecture Tools/GraphProviderPackage/Microsoft.VisualStudio.GraphProviderPackage.dll' for ngen
[2e2c:0007][2026-05-10T01:24:05] Processing file /Contents/Common7/IDE/CommonExtensions/Microsoft/Architecture%20Tools/GraphProviderPackage/Microsoft.VisualStudio.GraphProviderPackage.pkgdef
[2e2c:0007][2026-05-10T01:24:05] Started: Copying file /Contents/Common7/IDE/CommonExtensions/Microsoft/Architecture%20Tools/GraphProviderPackage/Microsoft.VisualStudio.GraphProviderPackage.pkgdef to D:\Program Files (x86)\Microsoft Visual Studio\2022\BuildTools\Common7\IDE\CommonExtensions\Microsoft\Architecture Tools\GraphProviderPackage\Microsoft.VisualStudio.GraphProviderPackage.pkgdef
[2e2c:0007][2026-05-10T01:24:05] Completed: Copying file /Contents/Common7/IDE/CommonExtensions/Microsoft/Architecture%20Tools/GraphProviderPackage/Microsoft.VisualStudio.GraphProviderPackage.pkgdef to D:\Program Files (x86)\Microsoft Visual Studio\2022\BuildTools\Common7\IDE\CommonExtensions\Microsoft\Architecture Tools\GraphProviderPackage\Microsoft.VisualStudio.GraphProviderPackage.pkgdef
[2e2c:0007][2026-05-10T01:24:05] Timestamp updated for file 'D:\Program Files (x86)\Microsoft Visual Studio\2022\BuildTools\Common7\IDE\CommonExtensions\Microsoft\Architecture Tools\GraphProviderPackage\Microsoft.VisualStudio.GraphProviderPackage.pkgdef'.
[2e2c:0007][2026-05-10T01:24:05] Processing file /Contents/Common7/IDE/CommonExtensions/Microsoft/Architecture%20Tools/GraphProviderPackage/Microsoft.VisualStudio.Progression.Interfaces.dll
[2e2c:0007][2026-05-10T01:24:05] Started: Copying file /Contents/Common7/IDE/CommonExtensions/Microsoft/Architecture%20Tools/GraphProviderPackage/Microsoft.VisualStudio.Progression.Interfaces.dll to D:\Program Files (x86)\Microsoft Visual Studio\2022\BuildTools\Common7\IDE\CommonExtensions\Microsoft\Architecture Tools\GraphProviderPackage\Microsoft.VisualStudio.Progression.Interfaces.dll
[2e2c:0007][2026-05-10T01:24:05] Completed: Copying file /Contents/Common7/IDE/CommonExtensions/Microsoft/Architecture%20Tools/GraphProviderPackage/Microsoft.VisualStudio.Progression.Interfaces.dll to D:\Program Files (x86)\Microsoft Visual Studio\2022\BuildTools\Common7\IDE\CommonExtensions\Microsoft\Architecture Tools\GraphProviderPackage\Microsoft.VisualStudio.Progression.Interfaces.dll
[2e2c:0007][2026-05-10T01:24:05] Timestamp updated for file 'D:\Program Files (x86)\Microsoft Visual Studio\2022\BuildTools\Common7\IDE\CommonExtensions\Microsoft\Architecture Tools\GraphProviderPackage\Microsoft.VisualStudio.Progression.Interfaces.dll'.
[2e2c:0007][2026-05-10T01:24:05] Queueing D:\Program Files (x86)\Microsoft Visual Studio\2022\BuildTools\Common7\IDE\CommonExtensions\Microsoft\Architecture Tools\GraphProviderPackage\Microsoft.VisualStudio.Progression.Interfaces.dll for X86 ngen
[2e2c:0007][2026-05-10T01:24:05] Successfully queued file '/Contents/Common7/IDE/CommonExtensions/Microsoft/Architecture Tools/GraphProviderPackage/Microsoft.VisualStudio.Progression.Interfaces.dll' for ngen
[2e2c:0007][2026-05-10T01:24:05] Processing file /Contents/Common7/IDE/CommonExtensions/Microsoft/Architecture%20Tools/GraphProviderPackage/extension.vsixmanifest
[2e2c:0007][2026-05-10T01:24:05] Started: Copying file /Contents/Common7/IDE/CommonExtensions/Microsoft/Architecture%20Tools/GraphProviderPackage/extension.vsixmanifest to D:\Program Files (x86)\Microsoft Visual Studio\2022\BuildTools\Common7\IDE\CommonExtensions\Microsoft\Architecture Tools\GraphProviderPackage\extension.vsixmanifest
[2e2c:0007][2026-05-10T01:24:05] Completed: Copying file /Contents/Common7/IDE/CommonExtensions/Microsoft/Architecture%20Tools/GraphProviderPackage/extension.vsixmanifest to D:\Program Files (x86)\Microsoft Visual Studio\2022\BuildTools\Common7\IDE\CommonExtensions\Microsoft\Architecture Tools\GraphProviderPackage\extension.vsixmanifest
[2e2c:0007][2026-05-10T01:24:05] Timestamp updated for file 'D:\Program Files (x86)\Microsoft Visual Studio\2022\BuildTools\Common7\IDE\CommonExtensions\Microsoft\Architecture Tools\GraphProviderPackage\extension.vsixmanifest'.
[2e2c:0007][2026-05-10T01:24:05] Package executed successfully. Return code: 0
