[18d4:0007][2026-05-10T02:03:55] Opening the package for processing
[18d4:0007][2026-05-10T02:03:55] Using package payload to get the embedded manifest
[18d4:0007][2026-05-10T02:03:55] Getting list of files within the package
[18d4:0007][2026-05-10T02:03:55] Processing file /Contents/Common7/IDE/Extensions/TLBINF32_Reg_VS_5752.3643236F_FC70_11D3_A536_0090278A1BB8.pkgdef
[18d4:0007][2026-05-10T02:03:55] Started: Copying file /Contents/Common7/IDE/Extensions/TLBINF32_Reg_VS_5752.3643236F_FC70_11D3_A536_0090278A1BB8.pkgdef to D:\Program Files (x86)\Microsoft Visual Studio\2022\BuildTools\Common7\IDE\Extensions\TLBINF32_Reg_VS_5752.3643236F_FC70_11D3_A536_0090278A1BB8.pkgdef
[18d4:0007][2026-05-10T02:03:55] Completed: Copying file /Contents/Common7/IDE/Extensions/TLBINF32_Reg_VS_5752.3643236F_FC70_11D3_A536_0090278A1BB8.pkgdef to D:\Program Files (x86)\Microsoft Visual Studio\2022\BuildTools\Common7\IDE\Extensions\TLBINF32_Reg_VS_5752.3643236F_FC70_11D3_A536_0090278A1BB8.pkgdef
[18d4:0007][2026-05-10T02:03:55] Timestamp updated for file 'D:\Program Files (x86)\Microsoft Visual Studio\2022\BuildTools\Common7\IDE\Extensions\TLBINF32_Reg_VS_5752.3643236F_FC70_11D3_A536_0090278A1BB8.pkgdef'.
[18d4:0007][2026-05-10T02:03:55] Processing file /Contents/Common7/IDE/vstlbinf.dll
[18d4:0007][2026-05-10T02:03:55] Started: Copying file /Contents/Common7/IDE/vstlbinf.dll to D:\Program Files (x86)\Microsoft Visual Studio\2022\BuildTools\Common7\IDE\vstlbinf.dll
[18d4:0007][2026-05-10T02:03:55] Completed: Copying file /Contents/Common7/IDE/vstlbinf.dll to D:\Program Files (x86)\Microsoft Visual Studio\2022\BuildTools\Common7\IDE\vstlbinf.dll
[18d4:0007][2026-05-10T02:03:55] Timestamp updated for file 'D:\Program Files (x86)\Microsoft Visual Studio\2022\BuildTools\Common7\IDE\vstlbinf.dll'.
[18d4:0007][2026-05-10T02:03:55] Processing file /Contents/Common7/IDE/Xml/Microsoft.XmlEditorNeutralUI.dll
[18d4:0007][2026-05-10T02:03:55] Started: Copying file /Contents/Common7/IDE/Xml/Microsoft.XmlEditorNeutralUI.dll to D:\Program Files (x86)\Microsoft Visual Studio\2022\BuildTools\Common7\IDE\Xml\Microsoft.XmlEditorNeutralUI.dll
[18d4:0007][2026-05-10T02:03:55] Completed: Copying file /Contents/Common7/IDE/Xml/Microsoft.XmlEditorNeutralUI.dll to D:\Program Files (x86)\Microsoft Visual Studio\2022\BuildTools\Common7\IDE\Xml\Microsoft.XmlEditorNeutralUI.dll
[18d4:0007][2026-05-10T02:03:55] Timestamp updated for file 'D:\Program Files (x86)\Microsoft Visual Studio\2022\BuildTools\Common7\IDE\Xml\Microsoft.XmlEditorNeutralUI.dll'.
[18d4:0007][2026-05-10T02:03:55] Processing file /Contents/Common7/Packages/Debugger/GpuDebugEngine.dll
[18d4:0007][2026-05-10T02:03:55] Started: Copying file /Contents/Common7/Packages/Debugger/GpuDebugEngine.dll to D:\Program Files (x86)\Microsoft Visual Studio\2022\BuildTools\Common7\Packages\Debugger\GpuDebugEngine.dll
[18d4:0007][2026-05-10T02:03:55] Completed: Copying file /Contents/Common7/Packages/Debugger/GpuDebugEngine.dll to D:\Program Files (x86)\Microsoft Visual Studio\2022\BuildTools\Common7\Packages\Debugger\GpuDebugEngine.dll
[18d4:0007][2026-05-10T02:03:55] Timestamp updated for file 'D:\Program Files (x86)\Microsoft Visual Studio\2022\BuildTools\Common7\Packages\Debugger\GpuDebugEngine.dll'.
[18d4:0007][2026-05-10T02:03:55] Processing file /Contents/Common7/Packages/Debugger/GpuDebugEngine.vsdconfig
[18d4:0007][2026-05-10T02:03:55] Started: Copying file /Contents/Common7/Packages/Debugger/GpuDebugEngine.vsdconfig to D:\Program Files (x86)\Microsoft Visual Studio\2022\BuildTools\Common7\Packages\Debugger\GpuDebugEngine.vsdconfig
[18d4:0007][2026-05-10T02:03:55] Completed: Copying file /Contents/Common7/Packages/Debugger/GpuDebugEngine.vsdconfig to D:\Program Files (x86)\Microsoft Visual Studio\2022\BuildTools\Common7\Packages\Debugger\GpuDebugEngine.vsdconfig
[18d4:0007][2026-05-10T02:03:55] Timestamp updated for file 'D:\Program Files (x86)\Microsoft Visual Studio\2022\BuildTools\Common7\Packages\Debugger\GpuDebugEngine.vsdconfig'.
[18d4:0007][2026-05-10T02:03:55] Package executed successfully. Return code: 0
