[3474:0009][2026-05-10T01:46:00] Using cached package manifest as the embedded manifest
[3474:0009][2026-05-10T01:46:00] Processing file /Contents/Common7/IDE/CommonExtensions/Microsoft/ClientDiagnostics/default.natjmc
[3474:0009][2026-05-10T01:46:00] D:\Program Files (x86)\Microsoft Visual Studio\2022\BuildTools\Common7\IDE\CommonExtensions\Microsoft\ClientDiagnostics\default.natjmc file deleted.
[3474:0009][2026-05-10T01:46:00] Processing file /Contents/Common7/IDE/CommonExtensions/Microsoft/ClientDiagnostics/ClientDiagnostics.pkgdef
[3474:0009][2026-05-10T01:46:00] D:\Program Files (x86)\Microsoft Visual Studio\2022\BuildTools\Common7\IDE\CommonExtensions\Microsoft\ClientDiagnostics\ClientDiagnostics.pkgdef file deleted.
[3474:0009][2026-05-10T01:46:00] Processing file /Contents/Common7/IDE/CommonExtensions/Microsoft/ClientDiagnostics/CommonColors.pkgdef
[3474:0009][2026-05-10T01:46:00] D:\Program Files (x86)\Microsoft Visual Studio\2022\BuildTools\Common7\IDE\CommonExtensions\Microsoft\ClientDiagnostics\CommonColors.pkgdef file deleted.
[3474:0009][2026-05-10T01:46:00] Processing file /Contents/Common7/IDE/CommonExtensions/Microsoft/ClientDiagnostics/extension.vsixmanifest
[3474:0009][2026-05-10T01:46:00] D:\Program Files (x86)\Microsoft Visual Studio\2022\BuildTools\Common7\IDE\CommonExtensions\Microsoft\ClientDiagnostics\extension.vsixmanifest file deleted.
[3474:0009][2026-05-10T01:46:00] Processing file /Contents/Common7/IDE/CommonExtensions/Microsoft/ClientDiagnostics/Microsoft.VisualStudio.ClientDiagnostics.Common.dll
[3474:0009][2026-05-10T01:46:00] D:\Program Files (x86)\Microsoft Visual Studio\2022\BuildTools\Common7\IDE\CommonExtensions\Microsoft\ClientDiagnostics\Microsoft.VisualStudio.ClientDiagnostics.Common.dll file deleted.
[3474:0009][2026-05-10T01:46:00] Processing file /Contents/Common7/IDE/CommonExtensions/Microsoft/ClientDiagnostics/Microsoft.VisualStudio.ClientDiagnostics.dll
[3474:0009][2026-05-10T01:46:00] D:\Program Files (x86)\Microsoft Visual Studio\2022\BuildTools\Common7\IDE\CommonExtensions\Microsoft\ClientDiagnostics\Microsoft.VisualStudio.ClientDiagnostics.dll file deleted.
[3474:0009][2026-05-10T01:46:00] Processing file /Contents/VC/Auxiliary/VS/include/VSCustomNativeHeapEtwProvider.h
[3474:0009][2026-05-10T01:46:00] D:\Program Files (x86)\Microsoft Visual Studio\2022\BuildTools\VC\Auxiliary\VS\include\VSCustomNativeHeapEtwProvider.h file deleted.
[3474:0009][2026-05-10T01:46:00] Processing file /Contents/VC/Auxiliary/VS/lib/x86/VSCustomNativeHeapEtwProvider.lib
[3474:0009][2026-05-10T01:46:00] D:\Program Files (x86)\Microsoft Visual Studio\2022\BuildTools\VC\Auxiliary\VS\lib\x86\VSCustomNativeHeapEtwProvider.lib file deleted.
[3474:0009][2026-05-10T01:46:00] Processing file /Contents/VC/Auxiliary/VS/lib/x64/VSCustomNativeHeapEtwProvider.lib
[3474:0009][2026-05-10T01:46:00] D:\Program Files (x86)\Microsoft Visual Studio\2022\BuildTools\VC\Auxiliary\VS\lib\x64\VSCustomNativeHeapEtwProvider.lib file deleted.
[3474:0009][2026-05-10T01:46:00] Processing file /Contents/VC/Auxiliary/VS/lib/arm/VSCustomNativeHeapEtwProvider.lib
[3474:0009][2026-05-10T01:46:00] D:\Program Files (x86)\Microsoft Visual Studio\2022\BuildTools\VC\Auxiliary\VS\lib\arm\VSCustomNativeHeapEtwProvider.lib file deleted.
[3474:0009][2026-05-10T01:46:00] Processing file /Contents/VC/Auxiliary/VS/lib/onecore/x86/VSCustomNativeHeapEtwProvider.lib
[3474:0009][2026-05-10T01:46:00] D:\Program Files (x86)\Microsoft Visual Studio\2022\BuildTools\VC\Auxiliary\VS\lib\onecore\x86\VSCustomNativeHeapEtwProvider.lib file deleted.
[3474:0009][2026-05-10T01:46:00] Processing file /Contents/VC/Auxiliary/VS/lib/onecore/x64/VSCustomNativeHeapEtwProvider.lib
[3474:0009][2026-05-10T01:46:00] D:\Program Files (x86)\Microsoft Visual Studio\2022\BuildTools\VC\Auxiliary\VS\lib\onecore\x64\VSCustomNativeHeapEtwProvider.lib file deleted.
[3474:0009][2026-05-10T01:46:00] Processing file /Contents/VC/Auxiliary/VS/lib/onecore/arm/VSCustomNativeHeapEtwProvider.lib
[3474:0009][2026-05-10T01:46:00] D:\Program Files (x86)\Microsoft Visual Studio\2022\BuildTools\VC\Auxiliary\VS\lib\onecore\arm\VSCustomNativeHeapEtwProvider.lib file deleted.
[3474:0009][2026-05-10T01:46:00] Started: Deleting empty directories
[3474:0009][2026-05-10T01:46:00] Completed: Deleting empty directories
[3474:0009][2026-05-10T01:46:00] Package executed successfully. Return code: 0
