[0c48:0003][2026-05-10T01:44:46] Using cached package manifest as the embedded manifest
[0c48:0003][2026-05-10T01:44:46] Processing file /Contents/Common7/IDE/CommonExtensions/Microsoft/VC/ResourceEditor.pkgdef
[0c48:0003][2026-05-10T01:44:46] C:\Program Files (x86)\Microsoft Visual Studio\2022\BuildTools\Common7\IDE\CommonExtensions\Microsoft\VC\ResourceEditor.pkgdef file deleted.
[0c48:0003][2026-05-10T01:44:46] Processing file /Contents/Common7/IDE/PrivateAssemblies/Microsoft.VisualStudio.ResCom.Internal.dll
[0c48:0003][2026-05-10T01:44:46] C:\Program Files (x86)\Microsoft Visual Studio\2022\BuildTools\Common7\IDE\PrivateAssemblies\Microsoft.VisualStudio.ResCom.Internal.dll file deleted.
[0c48:0003][2026-05-10T01:44:46] Processing file /Contents/Common7/IDE/PrivateAssemblies/Microsoft.VisualStudio.ResPkg.Internal.dll
[0c48:0003][2026-05-10T01:44:46] C:\Program Files (x86)\Microsoft Visual Studio\2022\BuildTools\Common7\IDE\PrivateAssemblies\Microsoft.VisualStudio.ResPkg.Internal.dll file deleted.
[0c48:0003][2026-05-10T01:44:46] Processing file /Contents/Common7/IDE/VC/vcpackages/bined.dll
[0c48:0003][2026-05-10T01:44:46] C:\Program Files (x86)\Microsoft Visual Studio\2022\BuildTools\Common7\IDE\VC\vcpackages\bined.dll file deleted.
[0c48:0003][2026-05-10T01:44:46] Processing file /Contents/Common7/IDE/VC/vcpackages/resedit.dll
[0c48:0003][2026-05-10T01:44:46] C:\Program Files (x86)\Microsoft Visual Studio\2022\BuildTools\Common7\IDE\VC\vcpackages\resedit.dll file deleted.
[0c48:0003][2026-05-10T01:44:46] Processing file /Contents/Common7/IDE/VC/vcpackages/autolayt.dll
[0c48:0003][2026-05-10T01:44:46] C:\Program Files (x86)\Microsoft Visual Studio\2022\BuildTools\Common7\IDE\VC\vcpackages\autolayt.dll file deleted.
[0c48:0003][2026-05-10T01:44:46] Processing file /Contents/Common7/IDE/VC/vcpackages/rcxdti.dll
[0c48:0003][2026-05-10T01:44:46] C:\Program Files (x86)\Microsoft Visual Studio\2022\BuildTools\Common7\IDE\VC\vcpackages\rcxdti.dll file deleted.
[0c48:0003][2026-05-10T01:44:46] Processing file /Contents/Common7/IDE/VC/vcpackages/mfc140u.dll
[0c48:0003][2026-05-10T01:44:46] C:\Program Files (x86)\Microsoft Visual Studio\2022\BuildTools\Common7\IDE\VC\vcpackages\mfc140u.dll file deleted.
[0c48:0003][2026-05-10T01:44:46] Processing file /Contents/Common7/IDE/VC/VCContextItems/AddEvent.vstemplate
[0c48:0003][2026-05-10T01:44:46] C:\Program Files (x86)\Microsoft Visual Studio\2022\BuildTools\Common7\IDE\VC\VCContextItems\AddEvent.vstemplate file deleted.
[0c48:0003][2026-05-10T01:44:46] Processing file /Contents/Common7/IDE/VC/VCContextItems/ControlVariable.vstemplate
[0c48:0003][2026-05-10T01:44:46] C:\Program Files (x86)\Microsoft Visual Studio\2022\BuildTools\Common7\IDE\VC\VCContextItems\ControlVariable.vstemplate file deleted.
[0c48:0003][2026-05-10T01:44:46] Processing file /Contents/Common7/IDE/VC/VCContextItems/EventHandler.vstemplate
[0c48:0003][2026-05-10T01:44:46] C:\Program Files (x86)\Microsoft Visual Studio\2022\BuildTools\Common7\IDE\VC\VCContextItems\EventHandler.vstemplate file deleted.
[0c48:0003][2026-05-10T01:44:46] Processing file /Contents/Common7/IDE/VC/VCContextItems/ControlVariable/_Font.h
[0c48:0003][2026-05-10T01:44:46] C:\Program Files (x86)\Microsoft Visual Studio\2022\BuildTools\Common7\IDE\VC\VCContextItems\ControlVariable\_Font.h file deleted.
[0c48:0003][2026-05-10T01:44:46] Processing file /Contents/Common7/IDE/VC/VCContextItems/ControlVariable/_Picture.h
[0c48:0003][2026-05-10T01:44:46] C:\Program Files (x86)\Microsoft Visual Studio\2022\BuildTools\Common7\IDE\VC\VCContextItems\ControlVariable\_Picture.h file deleted.
[0c48:0003][2026-05-10T01:44:46] Processing file /Contents/Common7/IDE/VC/VCContextItems/ControlVariable/ActiveXWrapper.h
[0c48:0003][2026-05-10T01:44:46] C:\Program Files (x86)\Microsoft Visual Studio\2022\BuildTools\Common7\IDE\VC\VCContextItems\ControlVariable\ActiveXWrapper.h file deleted.
[0c48:0003][2026-05-10T01:44:46] Processing file /Contents/Common7/IDE/VC/VCContextItems/ControlVariable/ActiveXWrapper.cpp
[0c48:0003][2026-05-10T01:44:46] C:\Program Files (x86)\Microsoft Visual Studio\2022\BuildTools\Common7\IDE\VC\VCContextItems\ControlVariable\ActiveXWrapper.cpp file deleted.
[0c48:0003][2026-05-10T01:44:46] Started: Deleting empty directories
[0c48:0003][2026-05-10T01:44:46] Completed: Deleting empty directories
[0c48:0003][2026-05-10T01:44:46] Package executed successfully. Return code: 0
