[c9c4:0009][2026-05-10T01:02:09] Opening the package for processing
[c9c4:0009][2026-05-10T01:02:09] Using package payload to get the embedded manifest
[c9c4:0009][2026-05-10T01:02:09] Getting list of files within the package
[c9c4:0009][2026-05-10T01:02:09] Processing file /catalog.json
[c9c4:0009][2026-05-10T01:02:09] Started: Copying file /catalog.json to D:\Program Files (x86)\Microsoft Visual Studio\2022\BuildTools\Common7\IDE\CommonExtensions\Microsoft\OpenFolder\catalog.json
[c9c4:0009][2026-05-10T01:02:09] Completed: Copying file /catalog.json to D:\Program Files (x86)\Microsoft Visual Studio\2022\BuildTools\Common7\IDE\CommonExtensions\Microsoft\OpenFolder\catalog.json
[c9c4:0009][2026-05-10T01:02:09] Timestamp updated for file 'D:\Program Files (x86)\Microsoft Visual Studio\2022\BuildTools\Common7\IDE\CommonExtensions\Microsoft\OpenFolder\catalog.json'.
[c9c4:0009][2026-05-10T01:02:09] Processing file /cs/Microsoft.VisualStudio.Workspace.Extensions.Implementation.resources.dll
[c9c4:0009][2026-05-10T01:02:09] Started: Copying file /cs/Microsoft.VisualStudio.Workspace.Extensions.Implementation.resources.dll to D:\Program Files (x86)\Microsoft Visual Studio\2022\BuildTools\Common7\IDE\CommonExtensions\Microsoft\OpenFolder\cs\Microsoft.VisualStudio.Workspace.Extensions.Implementation.resources.dll
[c9c4:0009][2026-05-10T01:02:09] Completed: Copying file /cs/Microsoft.VisualStudio.Workspace.Extensions.Implementation.resources.dll to D:\Program Files (x86)\Microsoft Visual Studio\2022\BuildTools\Common7\IDE\CommonExtensions\Microsoft\OpenFolder\cs\Microsoft.VisualStudio.Workspace.Extensions.Implementation.resources.dll
[c9c4:0009][2026-05-10T01:02:09] Timestamp updated for file 'D:\Program Files (x86)\Microsoft Visual Studio\2022\BuildTools\Common7\IDE\CommonExtensions\Microsoft\OpenFolder\cs\Microsoft.VisualStudio.Workspace.Extensions.Implementation.resources.dll'.
[c9c4:0009][2026-05-10T01:02:09] Processing file /cs/Microsoft.VisualStudio.Workspace.Extensions.Implementation.VS.resources.dll
[c9c4:0009][2026-05-10T01:02:09] Started: Copying file /cs/Microsoft.VisualStudio.Workspace.Extensions.Implementation.VS.resources.dll to D:\Program Files (x86)\Microsoft Visual Studio\2022\BuildTools\Common7\IDE\CommonExtensions\Microsoft\OpenFolder\cs\Microsoft.VisualStudio.Workspace.Extensions.Implementation.VS.resources.dll
[c9c4:0009][2026-05-10T01:02:09] Completed: Copying file /cs/Microsoft.VisualStudio.Workspace.Extensions.Implementation.VS.resources.dll to D:\Program Files (x86)\Microsoft Visual Studio\2022\BuildTools\Common7\IDE\CommonExtensions\Microsoft\OpenFolder\cs\Microsoft.VisualStudio.Workspace.Extensions.Implementation.VS.resources.dll
[c9c4:0009][2026-05-10T01:02:09] Timestamp updated for file 'D:\Program Files (x86)\Microsoft Visual Studio\2022\BuildTools\Common7\IDE\CommonExtensions\Microsoft\OpenFolder\cs\Microsoft.VisualStudio.Workspace.Extensions.Implementation.VS.resources.dll'.
[c9c4:0009][2026-05-10T01:02:09] Processing file /cs/Microsoft.VisualStudio.Workspace.Extensions.resources.dll
[c9c4:0009][2026-05-10T01:02:09] Started: Copying file /cs/Microsoft.VisualStudio.Workspace.Extensions.resources.dll to D:\Program Files (x86)\Microsoft Visual Studio\2022\BuildTools\Common7\IDE\CommonExtensions\Microsoft\OpenFolder\cs\Microsoft.VisualStudio.Workspace.Extensions.resources.dll
[c9c4:0009][2026-05-10T01:02:09] Completed: Copying file /cs/Microsoft.VisualStudio.Workspace.Extensions.resources.dll to D:\Program Files (x86)\Microsoft Visual Studio\2022\BuildTools\Common7\IDE\CommonExtensions\Microsoft\OpenFolder\cs\Microsoft.VisualStudio.Workspace.Extensions.resources.dll
[c9c4:0009][2026-05-10T01:02:09] Timestamp updated for file 'D:\Program Files (x86)\Microsoft Visual Studio\2022\BuildTools\Common7\IDE\CommonExtensions\Microsoft\OpenFolder\cs\Microsoft.VisualStudio.Workspace.Extensions.resources.dll'.
[c9c4:0009][2026-05-10T01:02:09] Processing file /cs/Microsoft.VisualStudio.Workspace.Implementation.resources.dll
[c9c4:0009][2026-05-10T01:02:09] Started: Copying file /cs/Microsoft.VisualStudio.Workspace.Implementation.resources.dll to D:\Program Files (x86)\Microsoft Visual Studio\2022\BuildTools\Common7\IDE\CommonExtensions\Microsoft\OpenFolder\cs\Microsoft.VisualStudio.Workspace.Implementation.resources.dll
[c9c4:0009][2026-05-10T01:02:09] Completed: Copying file /cs/Microsoft.VisualStudio.Workspace.Implementation.resources.dll to D:\Program Files (x86)\Microsoft Visual Studio\2022\BuildTools\Common7\IDE\CommonExtensions\Microsoft\OpenFolder\cs\Microsoft.VisualStudio.Workspace.Implementation.resources.dll
[c9c4:0009][2026-05-10T01:02:09] Timestamp updated for file 'D:\Program Files (x86)\Microsoft Visual Studio\2022\BuildTools\Common7\IDE\CommonExtensions\Microsoft\OpenFolder\cs\Microsoft.VisualStudio.Workspace.Implementation.resources.dll'.
[c9c4:0009][2026-05-10T01:02:09] Processing file /cs/Microsoft.VisualStudio.Workspace.resources.dll
[c9c4:0009][2026-05-10T01:02:09] Started: Copying file /cs/Microsoft.VisualStudio.Workspace.resources.dll to D:\Program Files (x86)\Microsoft Visual Studio\2022\BuildTools\Common7\IDE\CommonExtensions\Microsoft\OpenFolder\cs\Microsoft.VisualStudio.Workspace.resources.dll
[c9c4:0009][2026-05-10T01:02:09] Completed: Copying file /cs/Microsoft.VisualStudio.Workspace.resources.dll to D:\Program Files (x86)\Microsoft Visual Studio\2022\BuildTools\Common7\IDE\CommonExtensions\Microsoft\OpenFolder\cs\Microsoft.VisualStudio.Workspace.resources.dll
[c9c4:0009][2026-05-10T01:02:09] Timestamp updated for file 'D:\Program Files (x86)\Microsoft Visual Studio\2022\BuildTools\Common7\IDE\CommonExtensions\Microsoft\OpenFolder\cs\Microsoft.VisualStudio.Workspace.resources.dll'.
[c9c4:0009][2026-05-10T01:02:09] Processing file /cs/Microsoft.VisualStudio.Workspace.VSIntegration.resources.dll
[c9c4:0009][2026-05-10T01:02:09] Started: Copying file /cs/Microsoft.VisualStudio.Workspace.VSIntegration.resources.dll to D:\Program Files (x86)\Microsoft Visual Studio\2022\BuildTools\Common7\IDE\CommonExtensions\Microsoft\OpenFolder\cs\Microsoft.VisualStudio.Workspace.VSIntegration.resources.dll
[c9c4:0009][2026-05-10T01:02:09] Completed: Copying file /cs/Microsoft.VisualStudio.Workspace.VSIntegration.resources.dll to D:\Program Files (x86)\Microsoft Visual Studio\2022\BuildTools\Common7\IDE\CommonExtensions\Microsoft\OpenFolder\cs\Microsoft.VisualStudio.Workspace.VSIntegration.resources.dll
[c9c4:0009][2026-05-10T01:02:09] Timestamp updated for file 'D:\Program Files (x86)\Microsoft Visual Studio\2022\BuildTools\Common7\IDE\CommonExtensions\Microsoft\OpenFolder\cs\Microsoft.VisualStudio.Workspace.VSIntegration.resources.dll'.
[c9c4:0009][2026-05-10T01:02:09] Processing file /de/Microsoft.VisualStudio.Workspace.Extensions.Implementation.resources.dll
[c9c4:0009][2026-05-10T01:02:09] Started: Copying file /de/Microsoft.VisualStudio.Workspace.Extensions.Implementation.resources.dll to D:\Program Files (x86)\Microsoft Visual Studio\2022\BuildTools\Common7\IDE\CommonExtensions\Microsoft\OpenFolder\de\Microsoft.VisualStudio.Workspace.Extensions.Implementation.resources.dll
[c9c4:0009][2026-05-10T01:02:09] Completed: Copying file /de/Microsoft.VisualStudio.Workspace.Extensions.Implementation.resources.dll to D:\Program Files (x86)\Microsoft Visual Studio\2022\BuildTools\Common7\IDE\CommonExtensions\Microsoft\OpenFolder\de\Microsoft.VisualStudio.Workspace.Extensions.Implementation.resources.dll
[c9c4:0009][2026-05-10T01:02:09] Timestamp updated for file 'D:\Program Files (x86)\Microsoft Visual Studio\2022\BuildTools\Common7\IDE\CommonExtensions\Microsoft\OpenFolder\de\Microsoft.VisualStudio.Workspace.Extensions.Implementation.resources.dll'.
[c9c4:0009][2026-05-10T01:02:09] Processing file /de/Microsoft.VisualStudio.Workspace.Extensions.Implementation.VS.resources.dll
[c9c4:0009][2026-05-10T01:02:09] Started: Copying file /de/Microsoft.VisualStudio.Workspace.Extensions.Implementation.VS.resources.dll to D:\Program Files (x86)\Microsoft Visual Studio\2022\BuildTools\Common7\IDE\CommonExtensions\Microsoft\OpenFolder\de\Microsoft.VisualStudio.Workspace.Extensions.Implementation.VS.resources.dll
[c9c4:0009][2026-05-10T01:02:09] Completed: Copying file /de/Microsoft.VisualStudio.Workspace.Extensions.Implementation.VS.resources.dll to D:\Program Files (x86)\Microsoft Visual Studio\2022\BuildTools\Common7\IDE\CommonExtensions\Microsoft\OpenFolder\de\Microsoft.VisualStudio.Workspace.Extensions.Implementation.VS.resources.dll
[c9c4:0009][2026-05-10T01:02:09] Timestamp updated for file 'D:\Program Files (x86)\Microsoft Visual Studio\2022\BuildTools\Common7\IDE\CommonExtensions\Microsoft\OpenFolder\de\Microsoft.VisualStudio.Workspace.Extensions.Implementation.VS.resources.dll'.
[c9c4:0009][2026-05-10T01:02:09] Processing file /de/Microsoft.VisualStudio.Workspace.Extensions.resources.dll
[c9c4:0009][2026-05-10T01:02:09] Started: Copying file /de/Microsoft.VisualStudio.Workspace.Extensions.resources.dll to D:\Program Files (x86)\Microsoft Visual Studio\2022\BuildTools\Common7\IDE\CommonExtensions\Microsoft\OpenFolder\de\Microsoft.VisualStudio.Workspace.Extensions.resources.dll
[c9c4:0009][2026-05-10T01:02:09] Completed: Copying file /de/Microsoft.VisualStudio.Workspace.Extensions.resources.dll to D:\Program Files (x86)\Microsoft Visual Studio\2022\BuildTools\Common7\IDE\CommonExtensions\Microsoft\OpenFolder\de\Microsoft.VisualStudio.Workspace.Extensions.resources.dll
[c9c4:0009][2026-05-10T01:02:09] Timestamp updated for file 'D:\Program Files (x86)\Microsoft Visual Studio\2022\BuildTools\Common7\IDE\CommonExtensions\Microsoft\OpenFolder\de\Microsoft.VisualStudio.Workspace.Extensions.resources.dll'.
[c9c4:0009][2026-05-10T01:02:09] Processing file /de/Microsoft.VisualStudio.Workspace.Implementation.resources.dll
[c9c4:0009][2026-05-10T01:02:09] Started: Copying file /de/Microsoft.VisualStudio.Workspace.Implementation.resources.dll to D:\Program Files (x86)\Microsoft Visual Studio\2022\BuildTools\Common7\IDE\CommonExtensions\Microsoft\OpenFolder\de\Microsoft.VisualStudio.Workspace.Implementation.resources.dll
[c9c4:0009][2026-05-10T01:02:09] Completed: Copying file /de/Microsoft.VisualStudio.Workspace.Implementation.resources.dll to D:\Program Files (x86)\Microsoft Visual Studio\2022\BuildTools\Common7\IDE\CommonExtensions\Microsoft\OpenFolder\de\Microsoft.VisualStudio.Workspace.Implementation.resources.dll
[c9c4:0009][2026-05-10T01:02:09] Timestamp updated for file 'D:\Program Files (x86)\Microsoft Visual Studio\2022\BuildTools\Common7\IDE\CommonExtensions\Microsoft\OpenFolder\de\Microsoft.VisualStudio.Workspace.Implementation.resources.dll'.
[c9c4:0009][2026-05-10T01:02:09] Processing file /de/Microsoft.VisualStudio.Workspace.resources.dll
[c9c4:0009][2026-05-10T01:02:09] Started: Copying file /de/Microsoft.VisualStudio.Workspace.resources.dll to D:\Program Files (x86)\Microsoft Visual Studio\2022\BuildTools\Common7\IDE\CommonExtensions\Microsoft\OpenFolder\de\Microsoft.VisualStudio.Workspace.resources.dll
[c9c4:0009][2026-05-10T01:02:09] Completed: Copying file /de/Microsoft.VisualStudio.Workspace.resources.dll to D:\Program Files (x86)\Microsoft Visual Studio\2022\BuildTools\Common7\IDE\CommonExtensions\Microsoft\OpenFolder\de\Microsoft.VisualStudio.Workspace.resources.dll
[c9c4:0009][2026-05-10T01:02:09] Timestamp updated for file 'D:\Program Files (x86)\Microsoft Visual Studio\2022\BuildTools\Common7\IDE\CommonExtensions\Microsoft\OpenFolder\de\Microsoft.VisualStudio.Workspace.resources.dll'.
[c9c4:0009][2026-05-10T01:02:09] Processing file /de/Microsoft.VisualStudio.Workspace.VSIntegration.resources.dll
[c9c4:0009][2026-05-10T01:02:09] Started: Copying file /de/Microsoft.VisualStudio.Workspace.VSIntegration.resources.dll to D:\Program Files (x86)\Microsoft Visual Studio\2022\BuildTools\Common7\IDE\CommonExtensions\Microsoft\OpenFolder\de\Microsoft.VisualStudio.Workspace.VSIntegration.resources.dll
[c9c4:0009][2026-05-10T01:02:09] Completed: Copying file /de/Microsoft.VisualStudio.Workspace.VSIntegration.resources.dll to D:\Program Files (x86)\Microsoft Visual Studio\2022\BuildTools\Common7\IDE\CommonExtensions\Microsoft\OpenFolder\de\Microsoft.VisualStudio.Workspace.VSIntegration.resources.dll
[c9c4:0009][2026-05-10T01:02:09] Timestamp updated for file 'D:\Program Files (x86)\Microsoft Visual Studio\2022\BuildTools\Common7\IDE\CommonExtensions\Microsoft\OpenFolder\de\Microsoft.VisualStudio.Workspace.VSIntegration.resources.dll'.
[c9c4:0009][2026-05-10T01:02:09] Processing file /DefaultGenericSettings.json
[c9c4:0009][2026-05-10T01:02:09] Started: Copying file /DefaultGenericSettings.json to D:\Program Files (x86)\Microsoft Visual Studio\2022\BuildTools\Common7\IDE\CommonExtensions\Microsoft\OpenFolder\DefaultGenericSettings.json
[c9c4:0009][2026-05-10T01:02:09] Completed: Copying file /DefaultGenericSettings.json to D:\Program Files (x86)\Microsoft Visual Studio\2022\BuildTools\Common7\IDE\CommonExtensions\Microsoft\OpenFolder\DefaultGenericSettings.json
[c9c4:0009][2026-05-10T01:02:09] Timestamp updated for file 'D:\Program Files (x86)\Microsoft Visual Studio\2022\BuildTools\Common7\IDE\CommonExtensions\Microsoft\OpenFolder\DefaultGenericSettings.json'.
[c9c4:0009][2026-05-10T01:02:09] Processing file /es/Microsoft.VisualStudio.Workspace.Extensions.Implementation.resources.dll
[c9c4:0009][2026-05-10T01:02:09] Started: Copying file /es/Microsoft.VisualStudio.Workspace.Extensions.Implementation.resources.dll to D:\Program Files (x86)\Microsoft Visual Studio\2022\BuildTools\Common7\IDE\CommonExtensions\Microsoft\OpenFolder\es\Microsoft.VisualStudio.Workspace.Extensions.Implementation.resources.dll
[c9c4:0009][2026-05-10T01:02:09] Completed: Copying file /es/Microsoft.VisualStudio.Workspace.Extensions.Implementation.resources.dll to D:\Program Files (x86)\Microsoft Visual Studio\2022\BuildTools\Common7\IDE\CommonExtensions\Microsoft\OpenFolder\es\Microsoft.VisualStudio.Workspace.Extensions.Implementation.resources.dll
[c9c4:0009][2026-05-10T01:02:09] Timestamp updated for file 'D:\Program Files (x86)\Microsoft Visual Studio\2022\BuildTools\Common7\IDE\CommonExtensions\Microsoft\OpenFolder\es\Microsoft.VisualStudio.Workspace.Extensions.Implementation.resources.dll'.
[c9c4:0009][2026-05-10T01:02:09] Processing file /es/Microsoft.VisualStudio.Workspace.Extensions.Implementation.VS.resources.dll
[c9c4:0009][2026-05-10T01:02:09] Started: Copying file /es/Microsoft.VisualStudio.Workspace.Extensions.Implementation.VS.resources.dll to D:\Program Files (x86)\Microsoft Visual Studio\2022\BuildTools\Common7\IDE\CommonExtensions\Microsoft\OpenFolder\es\Microsoft.VisualStudio.Workspace.Extensions.Implementation.VS.resources.dll
[c9c4:0009][2026-05-10T01:02:09] Completed: Copying file /es/Microsoft.VisualStudio.Workspace.Extensions.Implementation.VS.resources.dll to D:\Program Files (x86)\Microsoft Visual Studio\2022\BuildTools\Common7\IDE\CommonExtensions\Microsoft\OpenFolder\es\Microsoft.VisualStudio.Workspace.Extensions.Implementation.VS.resources.dll
[c9c4:0009][2026-05-10T01:02:09] Timestamp updated for file 'D:\Program Files (x86)\Microsoft Visual Studio\2022\BuildTools\Common7\IDE\CommonExtensions\Microsoft\OpenFolder\es\Microsoft.VisualStudio.Workspace.Extensions.Implementation.VS.resources.dll'.
[c9c4:0009][2026-05-10T01:02:09] Processing file /es/Microsoft.VisualStudio.Workspace.Extensions.resources.dll
[c9c4:0009][2026-05-10T01:02:09] Started: Copying file /es/Microsoft.VisualStudio.Workspace.Extensions.resources.dll to D:\Program Files (x86)\Microsoft Visual Studio\2022\BuildTools\Common7\IDE\CommonExtensions\Microsoft\OpenFolder\es\Microsoft.VisualStudio.Workspace.Extensions.resources.dll
[c9c4:0009][2026-05-10T01:02:09] Completed: Copying file /es/Microsoft.VisualStudio.Workspace.Extensions.resources.dll to D:\Program Files (x86)\Microsoft Visual Studio\2022\BuildTools\Common7\IDE\CommonExtensions\Microsoft\OpenFolder\es\Microsoft.VisualStudio.Workspace.Extensions.resources.dll
[c9c4:0009][2026-05-10T01:02:09] Timestamp updated for file 'D:\Program Files (x86)\Microsoft Visual Studio\2022\BuildTools\Common7\IDE\CommonExtensions\Microsoft\OpenFolder\es\Microsoft.VisualStudio.Workspace.Extensions.resources.dll'.
[c9c4:0009][2026-05-10T01:02:09] Processing file /es/Microsoft.VisualStudio.Workspace.Implementation.resources.dll
[c9c4:0009][2026-05-10T01:02:09] Started: Copying file /es/Microsoft.VisualStudio.Workspace.Implementation.resources.dll to D:\Program Files (x86)\Microsoft Visual Studio\2022\BuildTools\Common7\IDE\CommonExtensions\Microsoft\OpenFolder\es\Microsoft.VisualStudio.Workspace.Implementation.resources.dll
[c9c4:0009][2026-05-10T01:02:09] Completed: Copying file /es/Microsoft.VisualStudio.Workspace.Implementation.resources.dll to D:\Program Files (x86)\Microsoft Visual Studio\2022\BuildTools\Common7\IDE\CommonExtensions\Microsoft\OpenFolder\es\Microsoft.VisualStudio.Workspace.Implementation.resources.dll
[c9c4:0009][2026-05-10T01:02:09] Timestamp updated for file 'D:\Program Files (x86)\Microsoft Visual Studio\2022\BuildTools\Common7\IDE\CommonExtensions\Microsoft\OpenFolder\es\Microsoft.VisualStudio.Workspace.Implementation.resources.dll'.
[c9c4:0009][2026-05-10T01:02:09] Processing file /es/Microsoft.VisualStudio.Workspace.resources.dll
[c9c4:0009][2026-05-10T01:02:09] Started: Copying file /es/Microsoft.VisualStudio.Workspace.resources.dll to D:\Program Files (x86)\Microsoft Visual Studio\2022\BuildTools\Common7\IDE\CommonExtensions\Microsoft\OpenFolder\es\Microsoft.VisualStudio.Workspace.resources.dll
[c9c4:0009][2026-05-10T01:02:09] Completed: Copying file /es/Microsoft.VisualStudio.Workspace.resources.dll to D:\Program Files (x86)\Microsoft Visual Studio\2022\BuildTools\Common7\IDE\CommonExtensions\Microsoft\OpenFolder\es\Microsoft.VisualStudio.Workspace.resources.dll
[c9c4:0009][2026-05-10T01:02:09] Timestamp updated for file 'D:\Program Files (x86)\Microsoft Visual Studio\2022\BuildTools\Common7\IDE\CommonExtensions\Microsoft\OpenFolder\es\Microsoft.VisualStudio.Workspace.resources.dll'.
[c9c4:0009][2026-05-10T01:02:09] Processing file /es/Microsoft.VisualStudio.Workspace.VSIntegration.resources.dll
[c9c4:0009][2026-05-10T01:02:09] Started: Copying file /es/Microsoft.VisualStudio.Workspace.VSIntegration.resources.dll to D:\Program Files (x86)\Microsoft Visual Studio\2022\BuildTools\Common7\IDE\CommonExtensions\Microsoft\OpenFolder\es\Microsoft.VisualStudio.Workspace.VSIntegration.resources.dll
[c9c4:0009][2026-05-10T01:02:09] Completed: Copying file /es/Microsoft.VisualStudio.Workspace.VSIntegration.resources.dll to D:\Program Files (x86)\Microsoft Visual Studio\2022\BuildTools\Common7\IDE\CommonExtensions\Microsoft\OpenFolder\es\Microsoft.VisualStudio.Workspace.VSIntegration.resources.dll
[c9c4:0009][2026-05-10T01:02:09] Timestamp updated for file 'D:\Program Files (x86)\Microsoft Visual Studio\2022\BuildTools\Common7\IDE\CommonExtensions\Microsoft\OpenFolder\es\Microsoft.VisualStudio.Workspace.VSIntegration.resources.dll'.
[c9c4:0009][2026-05-10T01:02:09] Processing file /fr/Microsoft.VisualStudio.Workspace.Extensions.Implementation.resources.dll
[c9c4:0009][2026-05-10T01:02:09] Started: Copying file /fr/Microsoft.VisualStudio.Workspace.Extensions.Implementation.resources.dll to D:\Program Files (x86)\Microsoft Visual Studio\2022\BuildTools\Common7\IDE\CommonExtensions\Microsoft\OpenFolder\fr\Microsoft.VisualStudio.Workspace.Extensions.Implementation.resources.dll
[c9c4:0009][2026-05-10T01:02:09] Completed: Copying file /fr/Microsoft.VisualStudio.Workspace.Extensions.Implementation.resources.dll to D:\Program Files (x86)\Microsoft Visual Studio\2022\BuildTools\Common7\IDE\CommonExtensions\Microsoft\OpenFolder\fr\Microsoft.VisualStudio.Workspace.Extensions.Implementation.resources.dll
[c9c4:0009][2026-05-10T01:02:09] Timestamp updated for file 'D:\Program Files (x86)\Microsoft Visual Studio\2022\BuildTools\Common7\IDE\CommonExtensions\Microsoft\OpenFolder\fr\Microsoft.VisualStudio.Workspace.Extensions.Implementation.resources.dll'.
[c9c4:0009][2026-05-10T01:02:09] Processing file /fr/Microsoft.VisualStudio.Workspace.Extensions.Implementation.VS.resources.dll
[c9c4:0009][2026-05-10T01:02:09] Started: Copying file /fr/Microsoft.VisualStudio.Workspace.Extensions.Implementation.VS.resources.dll to D:\Program Files (x86)\Microsoft Visual Studio\2022\BuildTools\Common7\IDE\CommonExtensions\Microsoft\OpenFolder\fr\Microsoft.VisualStudio.Workspace.Extensions.Implementation.VS.resources.dll
[c9c4:0009][2026-05-10T01:02:09] Completed: Copying file /fr/Microsoft.VisualStudio.Workspace.Extensions.Implementation.VS.resources.dll to D:\Program Files (x86)\Microsoft Visual Studio\2022\BuildTools\Common7\IDE\CommonExtensions\Microsoft\OpenFolder\fr\Microsoft.VisualStudio.Workspace.Extensions.Implementation.VS.resources.dll
[c9c4:0009][2026-05-10T01:02:09] Timestamp updated for file 'D:\Program Files (x86)\Microsoft Visual Studio\2022\BuildTools\Common7\IDE\CommonExtensions\Microsoft\OpenFolder\fr\Microsoft.VisualStudio.Workspace.Extensions.Implementation.VS.resources.dll'.
[c9c4:0009][2026-05-10T01:02:09] Processing file /fr/Microsoft.VisualStudio.Workspace.Extensions.resources.dll
[c9c4:0009][2026-05-10T01:02:09] Started: Copying file /fr/Microsoft.VisualStudio.Workspace.Extensions.resources.dll to D:\Program Files (x86)\Microsoft Visual Studio\2022\BuildTools\Common7\IDE\CommonExtensions\Microsoft\OpenFolder\fr\Microsoft.VisualStudio.Workspace.Extensions.resources.dll
[c9c4:0009][2026-05-10T01:02:09] Completed: Copying file /fr/Microsoft.VisualStudio.Workspace.Extensions.resources.dll to D:\Program Files (x86)\Microsoft Visual Studio\2022\BuildTools\Common7\IDE\CommonExtensions\Microsoft\OpenFolder\fr\Microsoft.VisualStudio.Workspace.Extensions.resources.dll
[c9c4:0009][2026-05-10T01:02:09] Timestamp updated for file 'D:\Program Files (x86)\Microsoft Visual Studio\2022\BuildTools\Common7\IDE\CommonExtensions\Microsoft\OpenFolder\fr\Microsoft.VisualStudio.Workspace.Extensions.resources.dll'.
[c9c4:0009][2026-05-10T01:02:09] Processing file /fr/Microsoft.VisualStudio.Workspace.Implementation.resources.dll
[c9c4:0009][2026-05-10T01:02:09] Started: Copying file /fr/Microsoft.VisualStudio.Workspace.Implementation.resources.dll to D:\Program Files (x86)\Microsoft Visual Studio\2022\BuildTools\Common7\IDE\CommonExtensions\Microsoft\OpenFolder\fr\Microsoft.VisualStudio.Workspace.Implementation.resources.dll
[c9c4:0009][2026-05-10T01:02:09] Completed: Copying file /fr/Microsoft.VisualStudio.Workspace.Implementation.resources.dll to D:\Program Files (x86)\Microsoft Visual Studio\2022\BuildTools\Common7\IDE\CommonExtensions\Microsoft\OpenFolder\fr\Microsoft.VisualStudio.Workspace.Implementation.resources.dll
[c9c4:0009][2026-05-10T01:02:09] Timestamp updated for file 'D:\Program Files (x86)\Microsoft Visual Studio\2022\BuildTools\Common7\IDE\CommonExtensions\Microsoft\OpenFolder\fr\Microsoft.VisualStudio.Workspace.Implementation.resources.dll'.
[c9c4:0009][2026-05-10T01:02:09] Processing file /fr/Microsoft.VisualStudio.Workspace.resources.dll
[c9c4:0009][2026-05-10T01:02:09] Started: Copying file /fr/Microsoft.VisualStudio.Workspace.resources.dll to D:\Program Files (x86)\Microsoft Visual Studio\2022\BuildTools\Common7\IDE\CommonExtensions\Microsoft\OpenFolder\fr\Microsoft.VisualStudio.Workspace.resources.dll
[c9c4:0009][2026-05-10T01:02:09] Completed: Copying file /fr/Microsoft.VisualStudio.Workspace.resources.dll to D:\Program Files (x86)\Microsoft Visual Studio\2022\BuildTools\Common7\IDE\CommonExtensions\Microsoft\OpenFolder\fr\Microsoft.VisualStudio.Workspace.resources.dll
[c9c4:0009][2026-05-10T01:02:09] Timestamp updated for file 'D:\Program Files (x86)\Microsoft Visual Studio\2022\BuildTools\Common7\IDE\CommonExtensions\Microsoft\OpenFolder\fr\Microsoft.VisualStudio.Workspace.resources.dll'.
[c9c4:0009][2026-05-10T01:02:09] Processing file /fr/Microsoft.VisualStudio.Workspace.VSIntegration.resources.dll
[c9c4:0009][2026-05-10T01:02:09] Started: Copying file /fr/Microsoft.VisualStudio.Workspace.VSIntegration.resources.dll to D:\Program Files (x86)\Microsoft Visual Studio\2022\BuildTools\Common7\IDE\CommonExtensions\Microsoft\OpenFolder\fr\Microsoft.VisualStudio.Workspace.VSIntegration.resources.dll
[c9c4:0009][2026-05-10T01:02:09] Completed: Copying file /fr/Microsoft.VisualStudio.Workspace.VSIntegration.resources.dll to D:\Program Files (x86)\Microsoft Visual Studio\2022\BuildTools\Common7\IDE\CommonExtensions\Microsoft\OpenFolder\fr\Microsoft.VisualStudio.Workspace.VSIntegration.resources.dll
[c9c4:0009][2026-05-10T01:02:09] Timestamp updated for file 'D:\Program Files (x86)\Microsoft Visual Studio\2022\BuildTools\Common7\IDE\CommonExtensions\Microsoft\OpenFolder\fr\Microsoft.VisualStudio.Workspace.VSIntegration.resources.dll'.
[c9c4:0009][2026-05-10T01:02:09] Processing file /it/Microsoft.VisualStudio.Workspace.Extensions.Implementation.resources.dll
[c9c4:0009][2026-05-10T01:02:09] Started: Copying file /it/Microsoft.VisualStudio.Workspace.Extensions.Implementation.resources.dll to D:\Program Files (x86)\Microsoft Visual Studio\2022\BuildTools\Common7\IDE\CommonExtensions\Microsoft\OpenFolder\it\Microsoft.VisualStudio.Workspace.Extensions.Implementation.resources.dll
[c9c4:0009][2026-05-10T01:02:09] Completed: Copying file /it/Microsoft.VisualStudio.Workspace.Extensions.Implementation.resources.dll to D:\Program Files (x86)\Microsoft Visual Studio\2022\BuildTools\Common7\IDE\CommonExtensions\Microsoft\OpenFolder\it\Microsoft.VisualStudio.Workspace.Extensions.Implementation.resources.dll
[c9c4:0009][2026-05-10T01:02:09] Timestamp updated for file 'D:\Program Files (x86)\Microsoft Visual Studio\2022\BuildTools\Common7\IDE\CommonExtensions\Microsoft\OpenFolder\it\Microsoft.VisualStudio.Workspace.Extensions.Implementation.resources.dll'.
[c9c4:0009][2026-05-10T01:02:09] Processing file /it/Microsoft.VisualStudio.Workspace.Extensions.Implementation.VS.resources.dll
[c9c4:0009][2026-05-10T01:02:09] Started: Copying file /it/Microsoft.VisualStudio.Workspace.Extensions.Implementation.VS.resources.dll to D:\Program Files (x86)\Microsoft Visual Studio\2022\BuildTools\Common7\IDE\CommonExtensions\Microsoft\OpenFolder\it\Microsoft.VisualStudio.Workspace.Extensions.Implementation.VS.resources.dll
[c9c4:0009][2026-05-10T01:02:09] Completed: Copying file /it/Microsoft.VisualStudio.Workspace.Extensions.Implementation.VS.resources.dll to D:\Program Files (x86)\Microsoft Visual Studio\2022\BuildTools\Common7\IDE\CommonExtensions\Microsoft\OpenFolder\it\Microsoft.VisualStudio.Workspace.Extensions.Implementation.VS.resources.dll
[c9c4:0009][2026-05-10T01:02:09] Timestamp updated for file 'D:\Program Files (x86)\Microsoft Visual Studio\2022\BuildTools\Common7\IDE\CommonExtensions\Microsoft\OpenFolder\it\Microsoft.VisualStudio.Workspace.Extensions.Implementation.VS.resources.dll'.
[c9c4:0009][2026-05-10T01:02:09] Processing file /it/Microsoft.VisualStudio.Workspace.Extensions.resources.dll
[c9c4:0009][2026-05-10T01:02:09] Started: Copying file /it/Microsoft.VisualStudio.Workspace.Extensions.resources.dll to D:\Program Files (x86)\Microsoft Visual Studio\2022\BuildTools\Common7\IDE\CommonExtensions\Microsoft\OpenFolder\it\Microsoft.VisualStudio.Workspace.Extensions.resources.dll
[c9c4:0009][2026-05-10T01:02:09] Completed: Copying file /it/Microsoft.VisualStudio.Workspace.Extensions.resources.dll to D:\Program Files (x86)\Microsoft Visual Studio\2022\BuildTools\Common7\IDE\CommonExtensions\Microsoft\OpenFolder\it\Microsoft.VisualStudio.Workspace.Extensions.resources.dll
[c9c4:0009][2026-05-10T01:02:09] Timestamp updated for file 'D:\Program Files (x86)\Microsoft Visual Studio\2022\BuildTools\Common7\IDE\CommonExtensions\Microsoft\OpenFolder\it\Microsoft.VisualStudio.Workspace.Extensions.resources.dll'.
[c9c4:0009][2026-05-10T01:02:09] Processing file /it/Microsoft.VisualStudio.Workspace.Implementation.resources.dll
[c9c4:0009][2026-05-10T01:02:09] Started: Copying file /it/Microsoft.VisualStudio.Workspace.Implementation.resources.dll to D:\Program Files (x86)\Microsoft Visual Studio\2022\BuildTools\Common7\IDE\CommonExtensions\Microsoft\OpenFolder\it\Microsoft.VisualStudio.Workspace.Implementation.resources.dll
[c9c4:0009][2026-05-10T01:02:09] Completed: Copying file /it/Microsoft.VisualStudio.Workspace.Implementation.resources.dll to D:\Program Files (x86)\Microsoft Visual Studio\2022\BuildTools\Common7\IDE\CommonExtensions\Microsoft\OpenFolder\it\Microsoft.VisualStudio.Workspace.Implementation.resources.dll
[c9c4:0009][2026-05-10T01:02:09] Timestamp updated for file 'D:\Program Files (x86)\Microsoft Visual Studio\2022\BuildTools\Common7\IDE\CommonExtensions\Microsoft\OpenFolder\it\Microsoft.VisualStudio.Workspace.Implementation.resources.dll'.
[c9c4:0009][2026-05-10T01:02:09] Processing file /it/Microsoft.VisualStudio.Workspace.resources.dll
[c9c4:0009][2026-05-10T01:02:09] Started: Copying file /it/Microsoft.VisualStudio.Workspace.resources.dll to D:\Program Files (x86)\Microsoft Visual Studio\2022\BuildTools\Common7\IDE\CommonExtensions\Microsoft\OpenFolder\it\Microsoft.VisualStudio.Workspace.resources.dll
[c9c4:0009][2026-05-10T01:02:09] Completed: Copying file /it/Microsoft.VisualStudio.Workspace.resources.dll to D:\Program Files (x86)\Microsoft Visual Studio\2022\BuildTools\Common7\IDE\CommonExtensions\Microsoft\OpenFolder\it\Microsoft.VisualStudio.Workspace.resources.dll
[c9c4:0009][2026-05-10T01:02:09] Timestamp updated for file 'D:\Program Files (x86)\Microsoft Visual Studio\2022\BuildTools\Common7\IDE\CommonExtensions\Microsoft\OpenFolder\it\Microsoft.VisualStudio.Workspace.resources.dll'.
[c9c4:0009][2026-05-10T01:02:09] Processing file /it/Microsoft.VisualStudio.Workspace.VSIntegration.resources.dll
[c9c4:0009][2026-05-10T01:02:09] Started: Copying file /it/Microsoft.VisualStudio.Workspace.VSIntegration.resources.dll to D:\Program Files (x86)\Microsoft Visual Studio\2022\BuildTools\Common7\IDE\CommonExtensions\Microsoft\OpenFolder\it\Microsoft.VisualStudio.Workspace.VSIntegration.resources.dll
[c9c4:0009][2026-05-10T01:02:09] Completed: Copying file /it/Microsoft.VisualStudio.Workspace.VSIntegration.resources.dll to D:\Program Files (x86)\Microsoft Visual Studio\2022\BuildTools\Common7\IDE\CommonExtensions\Microsoft\OpenFolder\it\Microsoft.VisualStudio.Workspace.VSIntegration.resources.dll
[c9c4:0009][2026-05-10T01:02:09] Timestamp updated for file 'D:\Program Files (x86)\Microsoft Visual Studio\2022\BuildTools\Common7\IDE\CommonExtensions\Microsoft\OpenFolder\it\Microsoft.VisualStudio.Workspace.VSIntegration.resources.dll'.
[c9c4:0009][2026-05-10T01:02:09] Processing file /ja/Microsoft.VisualStudio.Workspace.Extensions.Implementation.resources.dll
[c9c4:0009][2026-05-10T01:02:09] Started: Copying file /ja/Microsoft.VisualStudio.Workspace.Extensions.Implementation.resources.dll to D:\Program Files (x86)\Microsoft Visual Studio\2022\BuildTools\Common7\IDE\CommonExtensions\Microsoft\OpenFolder\ja\Microsoft.VisualStudio.Workspace.Extensions.Implementation.resources.dll
[c9c4:0009][2026-05-10T01:02:09] Completed: Copying file /ja/Microsoft.VisualStudio.Workspace.Extensions.Implementation.resources.dll to D:\Program Files (x86)\Microsoft Visual Studio\2022\BuildTools\Common7\IDE\CommonExtensions\Microsoft\OpenFolder\ja\Microsoft.VisualStudio.Workspace.Extensions.Implementation.resources.dll
[c9c4:0009][2026-05-10T01:02:09] Timestamp updated for file 'D:\Program Files (x86)\Microsoft Visual Studio\2022\BuildTools\Common7\IDE\CommonExtensions\Microsoft\OpenFolder\ja\Microsoft.VisualStudio.Workspace.Extensions.Implementation.resources.dll'.
[c9c4:0009][2026-05-10T01:02:09] Processing file /ja/Microsoft.VisualStudio.Workspace.Extensions.Implementation.VS.resources.dll
[c9c4:0009][2026-05-10T01:02:09] Started: Copying file /ja/Microsoft.VisualStudio.Workspace.Extensions.Implementation.VS.resources.dll to D:\Program Files (x86)\Microsoft Visual Studio\2022\BuildTools\Common7\IDE\CommonExtensions\Microsoft\OpenFolder\ja\Microsoft.VisualStudio.Workspace.Extensions.Implementation.VS.resources.dll
[c9c4:0009][2026-05-10T01:02:09] Completed: Copying file /ja/Microsoft.VisualStudio.Workspace.Extensions.Implementation.VS.resources.dll to D:\Program Files (x86)\Microsoft Visual Studio\2022\BuildTools\Common7\IDE\CommonExtensions\Microsoft\OpenFolder\ja\Microsoft.VisualStudio.Workspace.Extensions.Implementation.VS.resources.dll
[c9c4:0009][2026-05-10T01:02:09] Timestamp updated for file 'D:\Program Files (x86)\Microsoft Visual Studio\2022\BuildTools\Common7\IDE\CommonExtensions\Microsoft\OpenFolder\ja\Microsoft.VisualStudio.Workspace.Extensions.Implementation.VS.resources.dll'.
[c9c4:0009][2026-05-10T01:02:09] Processing file /ja/Microsoft.VisualStudio.Workspace.Extensions.resources.dll
[c9c4:0009][2026-05-10T01:02:09] Started: Copying file /ja/Microsoft.VisualStudio.Workspace.Extensions.resources.dll to D:\Program Files (x86)\Microsoft Visual Studio\2022\BuildTools\Common7\IDE\CommonExtensions\Microsoft\OpenFolder\ja\Microsoft.VisualStudio.Workspace.Extensions.resources.dll
[c9c4:0009][2026-05-10T01:02:09] Completed: Copying file /ja/Microsoft.VisualStudio.Workspace.Extensions.resources.dll to D:\Program Files (x86)\Microsoft Visual Studio\2022\BuildTools\Common7\IDE\CommonExtensions\Microsoft\OpenFolder\ja\Microsoft.VisualStudio.Workspace.Extensions.resources.dll
[c9c4:0009][2026-05-10T01:02:09] Timestamp updated for file 'D:\Program Files (x86)\Microsoft Visual Studio\2022\BuildTools\Common7\IDE\CommonExtensions\Microsoft\OpenFolder\ja\Microsoft.VisualStudio.Workspace.Extensions.resources.dll'.
[c9c4:0009][2026-05-10T01:02:09] Processing file /ja/Microsoft.VisualStudio.Workspace.Implementation.resources.dll
[c9c4:0009][2026-05-10T01:02:09] Started: Copying file /ja/Microsoft.VisualStudio.Workspace.Implementation.resources.dll to D:\Program Files (x86)\Microsoft Visual Studio\2022\BuildTools\Common7\IDE\CommonExtensions\Microsoft\OpenFolder\ja\Microsoft.VisualStudio.Workspace.Implementation.resources.dll
[c9c4:0009][2026-05-10T01:02:09] Completed: Copying file /ja/Microsoft.VisualStudio.Workspace.Implementation.resources.dll to D:\Program Files (x86)\Microsoft Visual Studio\2022\BuildTools\Common7\IDE\CommonExtensions\Microsoft\OpenFolder\ja\Microsoft.VisualStudio.Workspace.Implementation.resources.dll
[c9c4:0009][2026-05-10T01:02:09] Timestamp updated for file 'D:\Program Files (x86)\Microsoft Visual Studio\2022\BuildTools\Common7\IDE\CommonExtensions\Microsoft\OpenFolder\ja\Microsoft.VisualStudio.Workspace.Implementation.resources.dll'.
[c9c4:0009][2026-05-10T01:02:09] Processing file /ja/Microsoft.VisualStudio.Workspace.resources.dll
[c9c4:0009][2026-05-10T01:02:09] Started: Copying file /ja/Microsoft.VisualStudio.Workspace.resources.dll to D:\Program Files (x86)\Microsoft Visual Studio\2022\BuildTools\Common7\IDE\CommonExtensions\Microsoft\OpenFolder\ja\Microsoft.VisualStudio.Workspace.resources.dll
[c9c4:0009][2026-05-10T01:02:09] Completed: Copying file /ja/Microsoft.VisualStudio.Workspace.resources.dll to D:\Program Files (x86)\Microsoft Visual Studio\2022\BuildTools\Common7\IDE\CommonExtensions\Microsoft\OpenFolder\ja\Microsoft.VisualStudio.Workspace.resources.dll
[c9c4:0009][2026-05-10T01:02:09] Timestamp updated for file 'D:\Program Files (x86)\Microsoft Visual Studio\2022\BuildTools\Common7\IDE\CommonExtensions\Microsoft\OpenFolder\ja\Microsoft.VisualStudio.Workspace.resources.dll'.
[c9c4:0009][2026-05-10T01:02:09] Processing file /ja/Microsoft.VisualStudio.Workspace.VSIntegration.resources.dll
[c9c4:0009][2026-05-10T01:02:09] Started: Copying file /ja/Microsoft.VisualStudio.Workspace.VSIntegration.resources.dll to D:\Program Files (x86)\Microsoft Visual Studio\2022\BuildTools\Common7\IDE\CommonExtensions\Microsoft\OpenFolder\ja\Microsoft.VisualStudio.Workspace.VSIntegration.resources.dll
[c9c4:0009][2026-05-10T01:02:09] Completed: Copying file /ja/Microsoft.VisualStudio.Workspace.VSIntegration.resources.dll to D:\Program Files (x86)\Microsoft Visual Studio\2022\BuildTools\Common7\IDE\CommonExtensions\Microsoft\OpenFolder\ja\Microsoft.VisualStudio.Workspace.VSIntegration.resources.dll
[c9c4:0009][2026-05-10T01:02:09] Timestamp updated for file 'D:\Program Files (x86)\Microsoft Visual Studio\2022\BuildTools\Common7\IDE\CommonExtensions\Microsoft\OpenFolder\ja\Microsoft.VisualStudio.Workspace.VSIntegration.resources.dll'.
[c9c4:0009][2026-05-10T01:02:09] Processing file /ko/Microsoft.VisualStudio.Workspace.Extensions.Implementation.resources.dll
[c9c4:0009][2026-05-10T01:02:09] Started: Copying file /ko/Microsoft.VisualStudio.Workspace.Extensions.Implementation.resources.dll to D:\Program Files (x86)\Microsoft Visual Studio\2022\BuildTools\Common7\IDE\CommonExtensions\Microsoft\OpenFolder\ko\Microsoft.VisualStudio.Workspace.Extensions.Implementation.resources.dll
[c9c4:0009][2026-05-10T01:02:09] Completed: Copying file /ko/Microsoft.VisualStudio.Workspace.Extensions.Implementation.resources.dll to D:\Program Files (x86)\Microsoft Visual Studio\2022\BuildTools\Common7\IDE\CommonExtensions\Microsoft\OpenFolder\ko\Microsoft.VisualStudio.Workspace.Extensions.Implementation.resources.dll
[c9c4:0009][2026-05-10T01:02:09] Timestamp updated for file 'D:\Program Files (x86)\Microsoft Visual Studio\2022\BuildTools\Common7\IDE\CommonExtensions\Microsoft\OpenFolder\ko\Microsoft.VisualStudio.Workspace.Extensions.Implementation.resources.dll'.
[c9c4:0009][2026-05-10T01:02:09] Processing file /ko/Microsoft.VisualStudio.Workspace.Extensions.Implementation.VS.resources.dll
[c9c4:0009][2026-05-10T01:02:09] Started: Copying file /ko/Microsoft.VisualStudio.Workspace.Extensions.Implementation.VS.resources.dll to D:\Program Files (x86)\Microsoft Visual Studio\2022\BuildTools\Common7\IDE\CommonExtensions\Microsoft\OpenFolder\ko\Microsoft.VisualStudio.Workspace.Extensions.Implementation.VS.resources.dll
[c9c4:0009][2026-05-10T01:02:09] Completed: Copying file /ko/Microsoft.VisualStudio.Workspace.Extensions.Implementation.VS.resources.dll to D:\Program Files (x86)\Microsoft Visual Studio\2022\BuildTools\Common7\IDE\CommonExtensions\Microsoft\OpenFolder\ko\Microsoft.VisualStudio.Workspace.Extensions.Implementation.VS.resources.dll
[c9c4:0009][2026-05-10T01:02:09] Timestamp updated for file 'D:\Program Files (x86)\Microsoft Visual Studio\2022\BuildTools\Common7\IDE\CommonExtensions\Microsoft\OpenFolder\ko\Microsoft.VisualStudio.Workspace.Extensions.Implementation.VS.resources.dll'.
[c9c4:0009][2026-05-10T01:02:09] Processing file /ko/Microsoft.VisualStudio.Workspace.Extensions.resources.dll
[c9c4:0009][2026-05-10T01:02:09] Started: Copying file /ko/Microsoft.VisualStudio.Workspace.Extensions.resources.dll to D:\Program Files (x86)\Microsoft Visual Studio\2022\BuildTools\Common7\IDE\CommonExtensions\Microsoft\OpenFolder\ko\Microsoft.VisualStudio.Workspace.Extensions.resources.dll
[c9c4:0009][2026-05-10T01:02:09] Completed: Copying file /ko/Microsoft.VisualStudio.Workspace.Extensions.resources.dll to D:\Program Files (x86)\Microsoft Visual Studio\2022\BuildTools\Common7\IDE\CommonExtensions\Microsoft\OpenFolder\ko\Microsoft.VisualStudio.Workspace.Extensions.resources.dll
[c9c4:0009][2026-05-10T01:02:09] Timestamp updated for file 'D:\Program Files (x86)\Microsoft Visual Studio\2022\BuildTools\Common7\IDE\CommonExtensions\Microsoft\OpenFolder\ko\Microsoft.VisualStudio.Workspace.Extensions.resources.dll'.
[c9c4:0009][2026-05-10T01:02:09] Processing file /ko/Microsoft.VisualStudio.Workspace.Implementation.resources.dll
[c9c4:0009][2026-05-10T01:02:09] Started: Copying file /ko/Microsoft.VisualStudio.Workspace.Implementation.resources.dll to D:\Program Files (x86)\Microsoft Visual Studio\2022\BuildTools\Common7\IDE\CommonExtensions\Microsoft\OpenFolder\ko\Microsoft.VisualStudio.Workspace.Implementation.resources.dll
[c9c4:0009][2026-05-10T01:02:09] Completed: Copying file /ko/Microsoft.VisualStudio.Workspace.Implementation.resources.dll to D:\Program Files (x86)\Microsoft Visual Studio\2022\BuildTools\Common7\IDE\CommonExtensions\Microsoft\OpenFolder\ko\Microsoft.VisualStudio.Workspace.Implementation.resources.dll
[c9c4:0009][2026-05-10T01:02:09] Timestamp updated for file 'D:\Program Files (x86)\Microsoft Visual Studio\2022\BuildTools\Common7\IDE\CommonExtensions\Microsoft\OpenFolder\ko\Microsoft.VisualStudio.Workspace.Implementation.resources.dll'.
[c9c4:0009][2026-05-10T01:02:09] Processing file /ko/Microsoft.VisualStudio.Workspace.resources.dll
[c9c4:0009][2026-05-10T01:02:09] Started: Copying file /ko/Microsoft.VisualStudio.Workspace.resources.dll to D:\Program Files (x86)\Microsoft Visual Studio\2022\BuildTools\Common7\IDE\CommonExtensions\Microsoft\OpenFolder\ko\Microsoft.VisualStudio.Workspace.resources.dll
[c9c4:0009][2026-05-10T01:02:09] Completed: Copying file /ko/Microsoft.VisualStudio.Workspace.resources.dll to D:\Program Files (x86)\Microsoft Visual Studio\2022\BuildTools\Common7\IDE\CommonExtensions\Microsoft\OpenFolder\ko\Microsoft.VisualStudio.Workspace.resources.dll
[c9c4:0009][2026-05-10T01:02:09] Timestamp updated for file 'D:\Program Files (x86)\Microsoft Visual Studio\2022\BuildTools\Common7\IDE\CommonExtensions\Microsoft\OpenFolder\ko\Microsoft.VisualStudio.Workspace.resources.dll'.
[c9c4:0009][2026-05-10T01:02:09] Processing file /ko/Microsoft.VisualStudio.Workspace.VSIntegration.resources.dll
[c9c4:0009][2026-05-10T01:02:09] Started: Copying file /ko/Microsoft.VisualStudio.Workspace.VSIntegration.resources.dll to D:\Program Files (x86)\Microsoft Visual Studio\2022\BuildTools\Common7\IDE\CommonExtensions\Microsoft\OpenFolder\ko\Microsoft.VisualStudio.Workspace.VSIntegration.resources.dll
[c9c4:0009][2026-05-10T01:02:09] Completed: Copying file /ko/Microsoft.VisualStudio.Workspace.VSIntegration.resources.dll to D:\Program Files (x86)\Microsoft Visual Studio\2022\BuildTools\Common7\IDE\CommonExtensions\Microsoft\OpenFolder\ko\Microsoft.VisualStudio.Workspace.VSIntegration.resources.dll
[c9c4:0009][2026-05-10T01:02:09] Timestamp updated for file 'D:\Program Files (x86)\Microsoft Visual Studio\2022\BuildTools\Common7\IDE\CommonExtensions\Microsoft\OpenFolder\ko\Microsoft.VisualStudio.Workspace.VSIntegration.resources.dll'.
[c9c4:0009][2026-05-10T01:02:09] Processing file /manifest.json
[c9c4:0009][2026-05-10T01:02:09] Started: Copying file /manifest.json to D:\Program Files (x86)\Microsoft Visual Studio\2022\BuildTools\Common7\IDE\CommonExtensions\Microsoft\OpenFolder\manifest.json
[c9c4:0009][2026-05-10T01:02:09] Completed: Copying file /manifest.json to D:\Program Files (x86)\Microsoft Visual Studio\2022\BuildTools\Common7\IDE\CommonExtensions\Microsoft\OpenFolder\manifest.json
[c9c4:0009][2026-05-10T01:02:09] Timestamp updated for file 'D:\Program Files (x86)\Microsoft Visual Studio\2022\BuildTools\Common7\IDE\CommonExtensions\Microsoft\OpenFolder\manifest.json'.
[c9c4:0009][2026-05-10T01:02:09] Processing file /Microsoft.VisualStudio.Workspace.dll
[c9c4:0009][2026-05-10T01:02:09] Started: Copying file /Microsoft.VisualStudio.Workspace.dll to D:\Program Files (x86)\Microsoft Visual Studio\2022\BuildTools\Common7\IDE\CommonExtensions\Microsoft\OpenFolder\Microsoft.VisualStudio.Workspace.dll
[c9c4:0009][2026-05-10T01:02:09] Completed: Copying file /Microsoft.VisualStudio.Workspace.dll to D:\Program Files (x86)\Microsoft Visual Studio\2022\BuildTools\Common7\IDE\CommonExtensions\Microsoft\OpenFolder\Microsoft.VisualStudio.Workspace.dll
[c9c4:0009][2026-05-10T01:02:09] Timestamp updated for file 'D:\Program Files (x86)\Microsoft Visual Studio\2022\BuildTools\Common7\IDE\CommonExtensions\Microsoft\OpenFolder\Microsoft.VisualStudio.Workspace.dll'.
[c9c4:0009][2026-05-10T01:02:09] Queueing D:\Program Files (x86)\Microsoft Visual Studio\2022\BuildTools\Common7\IDE\CommonExtensions\Microsoft\OpenFolder\Microsoft.VisualStudio.Workspace.dll for X86 ngen
[c9c4:0009][2026-05-10T01:02:09] Successfully queued file '/Microsoft.VisualStudio.Workspace.dll' for ngen
[c9c4:0009][2026-05-10T01:02:09] Processing file /Microsoft.VisualStudio.Workspace.Extensions.dll
[c9c4:0009][2026-05-10T01:02:09] Started: Copying file /Microsoft.VisualStudio.Workspace.Extensions.dll to D:\Program Files (x86)\Microsoft Visual Studio\2022\BuildTools\Common7\IDE\CommonExtensions\Microsoft\OpenFolder\Microsoft.VisualStudio.Workspace.Extensions.dll
[c9c4:0009][2026-05-10T01:02:09] Completed: Copying file /Microsoft.VisualStudio.Workspace.Extensions.dll to D:\Program Files (x86)\Microsoft Visual Studio\2022\BuildTools\Common7\IDE\CommonExtensions\Microsoft\OpenFolder\Microsoft.VisualStudio.Workspace.Extensions.dll
[c9c4:0009][2026-05-10T01:02:09] Timestamp updated for file 'D:\Program Files (x86)\Microsoft Visual Studio\2022\BuildTools\Common7\IDE\CommonExtensions\Microsoft\OpenFolder\Microsoft.VisualStudio.Workspace.Extensions.dll'.
[c9c4:0009][2026-05-10T01:02:09] Queueing D:\Program Files (x86)\Microsoft Visual Studio\2022\BuildTools\Common7\IDE\CommonExtensions\Microsoft\OpenFolder\Microsoft.VisualStudio.Workspace.Extensions.dll for X86 ngen
[c9c4:0009][2026-05-10T01:02:09] Successfully queued file '/Microsoft.VisualStudio.Workspace.Extensions.dll' for ngen
[c9c4:0009][2026-05-10T01:02:09] Processing file /Microsoft.VisualStudio.Workspace.Extensions.Implementation.dll
[c9c4:0009][2026-05-10T01:02:09] Started: Copying file /Microsoft.VisualStudio.Workspace.Extensions.Implementation.dll to D:\Program Files (x86)\Microsoft Visual Studio\2022\BuildTools\Common7\IDE\CommonExtensions\Microsoft\OpenFolder\Microsoft.VisualStudio.Workspace.Extensions.Implementation.dll
[c9c4:0009][2026-05-10T01:02:09] Completed: Copying file /Microsoft.VisualStudio.Workspace.Extensions.Implementation.dll to D:\Program Files (x86)\Microsoft Visual Studio\2022\BuildTools\Common7\IDE\CommonExtensions\Microsoft\OpenFolder\Microsoft.VisualStudio.Workspace.Extensions.Implementation.dll
[c9c4:0009][2026-05-10T01:02:09] Timestamp updated for file 'D:\Program Files (x86)\Microsoft Visual Studio\2022\BuildTools\Common7\IDE\CommonExtensions\Microsoft\OpenFolder\Microsoft.VisualStudio.Workspace.Extensions.Implementation.dll'.
[c9c4:0009][2026-05-10T01:02:09] Queueing D:\Program Files (x86)\Microsoft Visual Studio\2022\BuildTools\Common7\IDE\CommonExtensions\Microsoft\OpenFolder\Microsoft.VisualStudio.Workspace.Extensions.Implementation.dll for X86 ngen
[c9c4:0009][2026-05-10T01:02:09] Successfully queued file '/Microsoft.VisualStudio.Workspace.Extensions.Implementation.dll' for ngen
[c9c4:0009][2026-05-10T01:02:09] Processing file /Microsoft.VisualStudio.Workspace.Extensions.Implementation.VS.dll
[c9c4:0009][2026-05-10T01:02:09] Started: Copying file /Microsoft.VisualStudio.Workspace.Extensions.Implementation.VS.dll to D:\Program Files (x86)\Microsoft Visual Studio\2022\BuildTools\Common7\IDE\CommonExtensions\Microsoft\OpenFolder\Microsoft.VisualStudio.Workspace.Extensions.Implementation.VS.dll
[c9c4:0009][2026-05-10T01:02:09] Completed: Copying file /Microsoft.VisualStudio.Workspace.Extensions.Implementation.VS.dll to D:\Program Files (x86)\Microsoft Visual Studio\2022\BuildTools\Common7\IDE\CommonExtensions\Microsoft\OpenFolder\Microsoft.VisualStudio.Workspace.Extensions.Implementation.VS.dll
[c9c4:0009][2026-05-10T01:02:09] Timestamp updated for file 'D:\Program Files (x86)\Microsoft Visual Studio\2022\BuildTools\Common7\IDE\CommonExtensions\Microsoft\OpenFolder\Microsoft.VisualStudio.Workspace.Extensions.Implementation.VS.dll'.
[c9c4:0009][2026-05-10T01:02:09] Queueing D:\Program Files (x86)\Microsoft Visual Studio\2022\BuildTools\Common7\IDE\CommonExtensions\Microsoft\OpenFolder\Microsoft.VisualStudio.Workspace.Extensions.Implementation.VS.dll for X86 ngen
[c9c4:0009][2026-05-10T01:02:09] Successfully queued file '/Microsoft.VisualStudio.Workspace.Extensions.Implementation.VS.dll' for ngen
[c9c4:0009][2026-05-10T01:02:09] Processing file /Microsoft.VisualStudio.Workspace.Extensions.VS.dll
[c9c4:0009][2026-05-10T01:02:09] Started: Copying file /Microsoft.VisualStudio.Workspace.Extensions.VS.dll to D:\Program Files (x86)\Microsoft Visual Studio\2022\BuildTools\Common7\IDE\CommonExtensions\Microsoft\OpenFolder\Microsoft.VisualStudio.Workspace.Extensions.VS.dll
[c9c4:0009][2026-05-10T01:02:09] Completed: Copying file /Microsoft.VisualStudio.Workspace.Extensions.VS.dll to D:\Program Files (x86)\Microsoft Visual Studio\2022\BuildTools\Common7\IDE\CommonExtensions\Microsoft\OpenFolder\Microsoft.VisualStudio.Workspace.Extensions.VS.dll
[c9c4:0009][2026-05-10T01:02:09] Timestamp updated for file 'D:\Program Files (x86)\Microsoft Visual Studio\2022\BuildTools\Common7\IDE\CommonExtensions\Microsoft\OpenFolder\Microsoft.VisualStudio.Workspace.Extensions.VS.dll'.
[c9c4:0009][2026-05-10T01:02:09] Queueing D:\Program Files (x86)\Microsoft Visual Studio\2022\BuildTools\Common7\IDE\CommonExtensions\Microsoft\OpenFolder\Microsoft.VisualStudio.Workspace.Extensions.VS.dll for X86 ngen
[c9c4:0009][2026-05-10T01:02:09] Successfully queued file '/Microsoft.VisualStudio.Workspace.Extensions.VS.dll' for ngen
[c9c4:0009][2026-05-10T01:02:09] Processing file /Microsoft.VisualStudio.Workspace.Implementation.dll
[c9c4:0009][2026-05-10T01:02:09] Started: Copying file /Microsoft.VisualStudio.Workspace.Implementation.dll to D:\Program Files (x86)\Microsoft Visual Studio\2022\BuildTools\Common7\IDE\CommonExtensions\Microsoft\OpenFolder\Microsoft.VisualStudio.Workspace.Implementation.dll
[c9c4:0009][2026-05-10T01:02:09] Completed: Copying file /Microsoft.VisualStudio.Workspace.Implementation.dll to D:\Program Files (x86)\Microsoft Visual Studio\2022\BuildTools\Common7\IDE\CommonExtensions\Microsoft\OpenFolder\Microsoft.VisualStudio.Workspace.Implementation.dll
[c9c4:0009][2026-05-10T01:02:09] Timestamp updated for file 'D:\Program Files (x86)\Microsoft Visual Studio\2022\BuildTools\Common7\IDE\CommonExtensions\Microsoft\OpenFolder\Microsoft.VisualStudio.Workspace.Implementation.dll'.
[c9c4:0009][2026-05-10T01:02:09] Queueing D:\Program Files (x86)\Microsoft Visual Studio\2022\BuildTools\Common7\IDE\CommonExtensions\Microsoft\OpenFolder\Microsoft.VisualStudio.Workspace.Implementation.dll for X86 ngen
[c9c4:0009][2026-05-10T01:02:09] Successfully queued file '/Microsoft.VisualStudio.Workspace.Implementation.dll' for ngen
[c9c4:0009][2026-05-10T01:02:09] Processing file /Microsoft.VisualStudio.Workspace.VSIntegration.Contracts.dll
[c9c4:0009][2026-05-10T01:02:09] Started: Copying file /Microsoft.VisualStudio.Workspace.VSIntegration.Contracts.dll to D:\Program Files (x86)\Microsoft Visual Studio\2022\BuildTools\Common7\IDE\CommonExtensions\Microsoft\OpenFolder\Microsoft.VisualStudio.Workspace.VSIntegration.Contracts.dll
[c9c4:0009][2026-05-10T01:02:09] Completed: Copying file /Microsoft.VisualStudio.Workspace.VSIntegration.Contracts.dll to D:\Program Files (x86)\Microsoft Visual Studio\2022\BuildTools\Common7\IDE\CommonExtensions\Microsoft\OpenFolder\Microsoft.VisualStudio.Workspace.VSIntegration.Contracts.dll
[c9c4:0009][2026-05-10T01:02:09] Timestamp updated for file 'D:\Program Files (x86)\Microsoft Visual Studio\2022\BuildTools\Common7\IDE\CommonExtensions\Microsoft\OpenFolder\Microsoft.VisualStudio.Workspace.VSIntegration.Contracts.dll'.
[c9c4:0009][2026-05-10T01:02:09] Queueing D:\Program Files (x86)\Microsoft Visual Studio\2022\BuildTools\Common7\IDE\CommonExtensions\Microsoft\OpenFolder\Microsoft.VisualStudio.Workspace.VSIntegration.Contracts.dll for X86 ngen
[c9c4:0009][2026-05-10T01:02:09] Successfully queued file '/Microsoft.VisualStudio.Workspace.VSIntegration.Contracts.dll' for ngen
[c9c4:0009][2026-05-10T01:02:09] Processing file /Microsoft.VisualStudio.Workspace.VSIntegration.dll
[c9c4:0009][2026-05-10T01:02:09] Started: Copying file /Microsoft.VisualStudio.Workspace.VSIntegration.dll to D:\Program Files (x86)\Microsoft Visual Studio\2022\BuildTools\Common7\IDE\CommonExtensions\Microsoft\OpenFolder\Microsoft.VisualStudio.Workspace.VSIntegration.dll
[c9c4:0009][2026-05-10T01:02:09] Completed: Copying file /Microsoft.VisualStudio.Workspace.VSIntegration.dll to D:\Program Files (x86)\Microsoft Visual Studio\2022\BuildTools\Common7\IDE\CommonExtensions\Microsoft\OpenFolder\Microsoft.VisualStudio.Workspace.VSIntegration.dll
[c9c4:0009][2026-05-10T01:02:09] Timestamp updated for file 'D:\Program Files (x86)\Microsoft Visual Studio\2022\BuildTools\Common7\IDE\CommonExtensions\Microsoft\OpenFolder\Microsoft.VisualStudio.Workspace.VSIntegration.dll'.
[c9c4:0009][2026-05-10T01:02:09] Queueing D:\Program Files (x86)\Microsoft Visual Studio\2022\BuildTools\Common7\IDE\CommonExtensions\Microsoft\OpenFolder\Microsoft.VisualStudio.Workspace.VSIntegration.dll for X86 ngen
[c9c4:0009][2026-05-10T01:02:09] Successfully queued file '/Microsoft.VisualStudio.Workspace.VSIntegration.dll' for ngen
[c9c4:0009][2026-05-10T01:02:09] Processing file /pl/Microsoft.VisualStudio.Workspace.Extensions.Implementation.resources.dll
[c9c4:0009][2026-05-10T01:02:09] Started: Copying file /pl/Microsoft.VisualStudio.Workspace.Extensions.Implementation.resources.dll to D:\Program Files (x86)\Microsoft Visual Studio\2022\BuildTools\Common7\IDE\CommonExtensions\Microsoft\OpenFolder\pl\Microsoft.VisualStudio.Workspace.Extensions.Implementation.resources.dll
[c9c4:0009][2026-05-10T01:02:09] Completed: Copying file /pl/Microsoft.VisualStudio.Workspace.Extensions.Implementation.resources.dll to D:\Program Files (x86)\Microsoft Visual Studio\2022\BuildTools\Common7\IDE\CommonExtensions\Microsoft\OpenFolder\pl\Microsoft.VisualStudio.Workspace.Extensions.Implementation.resources.dll
[c9c4:0009][2026-05-10T01:02:09] Timestamp updated for file 'D:\Program Files (x86)\Microsoft Visual Studio\2022\BuildTools\Common7\IDE\CommonExtensions\Microsoft\OpenFolder\pl\Microsoft.VisualStudio.Workspace.Extensions.Implementation.resources.dll'.
[c9c4:0009][2026-05-10T01:02:09] Processing file /pl/Microsoft.VisualStudio.Workspace.Extensions.Implementation.VS.resources.dll
[c9c4:0009][2026-05-10T01:02:09] Started: Copying file /pl/Microsoft.VisualStudio.Workspace.Extensions.Implementation.VS.resources.dll to D:\Program Files (x86)\Microsoft Visual Studio\2022\BuildTools\Common7\IDE\CommonExtensions\Microsoft\OpenFolder\pl\Microsoft.VisualStudio.Workspace.Extensions.Implementation.VS.resources.dll
[c9c4:0009][2026-05-10T01:02:09] Completed: Copying file /pl/Microsoft.VisualStudio.Workspace.Extensions.Implementation.VS.resources.dll to D:\Program Files (x86)\Microsoft Visual Studio\2022\BuildTools\Common7\IDE\CommonExtensions\Microsoft\OpenFolder\pl\Microsoft.VisualStudio.Workspace.Extensions.Implementation.VS.resources.dll
[c9c4:0009][2026-05-10T01:02:09] Timestamp updated for file 'D:\Program Files (x86)\Microsoft Visual Studio\2022\BuildTools\Common7\IDE\CommonExtensions\Microsoft\OpenFolder\pl\Microsoft.VisualStudio.Workspace.Extensions.Implementation.VS.resources.dll'.
[c9c4:0009][2026-05-10T01:02:09] Processing file /pl/Microsoft.VisualStudio.Workspace.Extensions.resources.dll
[c9c4:0009][2026-05-10T01:02:09] Started: Copying file /pl/Microsoft.VisualStudio.Workspace.Extensions.resources.dll to D:\Program Files (x86)\Microsoft Visual Studio\2022\BuildTools\Common7\IDE\CommonExtensions\Microsoft\OpenFolder\pl\Microsoft.VisualStudio.Workspace.Extensions.resources.dll
[c9c4:0009][2026-05-10T01:02:09] Completed: Copying file /pl/Microsoft.VisualStudio.Workspace.Extensions.resources.dll to D:\Program Files (x86)\Microsoft Visual Studio\2022\BuildTools\Common7\IDE\CommonExtensions\Microsoft\OpenFolder\pl\Microsoft.VisualStudio.Workspace.Extensions.resources.dll
[c9c4:0009][2026-05-10T01:02:09] Timestamp updated for file 'D:\Program Files (x86)\Microsoft Visual Studio\2022\BuildTools\Common7\IDE\CommonExtensions\Microsoft\OpenFolder\pl\Microsoft.VisualStudio.Workspace.Extensions.resources.dll'.
[c9c4:0009][2026-05-10T01:02:09] Processing file /pl/Microsoft.VisualStudio.Workspace.Implementation.resources.dll
[c9c4:0009][2026-05-10T01:02:09] Started: Copying file /pl/Microsoft.VisualStudio.Workspace.Implementation.resources.dll to D:\Program Files (x86)\Microsoft Visual Studio\2022\BuildTools\Common7\IDE\CommonExtensions\Microsoft\OpenFolder\pl\Microsoft.VisualStudio.Workspace.Implementation.resources.dll
[c9c4:0009][2026-05-10T01:02:09] Completed: Copying file /pl/Microsoft.VisualStudio.Workspace.Implementation.resources.dll to D:\Program Files (x86)\Microsoft Visual Studio\2022\BuildTools\Common7\IDE\CommonExtensions\Microsoft\OpenFolder\pl\Microsoft.VisualStudio.Workspace.Implementation.resources.dll
[c9c4:0009][2026-05-10T01:02:09] Timestamp updated for file 'D:\Program Files (x86)\Microsoft Visual Studio\2022\BuildTools\Common7\IDE\CommonExtensions\Microsoft\OpenFolder\pl\Microsoft.VisualStudio.Workspace.Implementation.resources.dll'.
[c9c4:0009][2026-05-10T01:02:09] Processing file /pl/Microsoft.VisualStudio.Workspace.resources.dll
[c9c4:0009][2026-05-10T01:02:09] Started: Copying file /pl/Microsoft.VisualStudio.Workspace.resources.dll to D:\Program Files (x86)\Microsoft Visual Studio\2022\BuildTools\Common7\IDE\CommonExtensions\Microsoft\OpenFolder\pl\Microsoft.VisualStudio.Workspace.resources.dll
[c9c4:0009][2026-05-10T01:02:09] Completed: Copying file /pl/Microsoft.VisualStudio.Workspace.resources.dll to D:\Program Files (x86)\Microsoft Visual Studio\2022\BuildTools\Common7\IDE\CommonExtensions\Microsoft\OpenFolder\pl\Microsoft.VisualStudio.Workspace.resources.dll
[c9c4:0009][2026-05-10T01:02:09] Timestamp updated for file 'D:\Program Files (x86)\Microsoft Visual Studio\2022\BuildTools\Common7\IDE\CommonExtensions\Microsoft\OpenFolder\pl\Microsoft.VisualStudio.Workspace.resources.dll'.
[c9c4:0009][2026-05-10T01:02:09] Processing file /pl/Microsoft.VisualStudio.Workspace.VSIntegration.resources.dll
[c9c4:0009][2026-05-10T01:02:09] Started: Copying file /pl/Microsoft.VisualStudio.Workspace.VSIntegration.resources.dll to D:\Program Files (x86)\Microsoft Visual Studio\2022\BuildTools\Common7\IDE\CommonExtensions\Microsoft\OpenFolder\pl\Microsoft.VisualStudio.Workspace.VSIntegration.resources.dll
[c9c4:0009][2026-05-10T01:02:09] Completed: Copying file /pl/Microsoft.VisualStudio.Workspace.VSIntegration.resources.dll to D:\Program Files (x86)\Microsoft Visual Studio\2022\BuildTools\Common7\IDE\CommonExtensions\Microsoft\OpenFolder\pl\Microsoft.VisualStudio.Workspace.VSIntegration.resources.dll
[c9c4:0009][2026-05-10T01:02:09] Timestamp updated for file 'D:\Program Files (x86)\Microsoft Visual Studio\2022\BuildTools\Common7\IDE\CommonExtensions\Microsoft\OpenFolder\pl\Microsoft.VisualStudio.Workspace.VSIntegration.resources.dll'.
[c9c4:0009][2026-05-10T01:02:09] Processing file /pt-BR/Microsoft.VisualStudio.Workspace.Extensions.Implementation.resources.dll
[c9c4:0009][2026-05-10T01:02:09] Started: Copying file /pt-BR/Microsoft.VisualStudio.Workspace.Extensions.Implementation.resources.dll to D:\Program Files (x86)\Microsoft Visual Studio\2022\BuildTools\Common7\IDE\CommonExtensions\Microsoft\OpenFolder\pt-BR\Microsoft.VisualStudio.Workspace.Extensions.Implementation.resources.dll
[c9c4:0009][2026-05-10T01:02:09] Completed: Copying file /pt-BR/Microsoft.VisualStudio.Workspace.Extensions.Implementation.resources.dll to D:\Program Files (x86)\Microsoft Visual Studio\2022\BuildTools\Common7\IDE\CommonExtensions\Microsoft\OpenFolder\pt-BR\Microsoft.VisualStudio.Workspace.Extensions.Implementation.resources.dll
[c9c4:0009][2026-05-10T01:02:09] Timestamp updated for file 'D:\Program Files (x86)\Microsoft Visual Studio\2022\BuildTools\Common7\IDE\CommonExtensions\Microsoft\OpenFolder\pt-BR\Microsoft.VisualStudio.Workspace.Extensions.Implementation.resources.dll'.
[c9c4:0009][2026-05-10T01:02:09] Processing file /pt-BR/Microsoft.VisualStudio.Workspace.Extensions.Implementation.VS.resources.dll
[c9c4:0009][2026-05-10T01:02:09] Started: Copying file /pt-BR/Microsoft.VisualStudio.Workspace.Extensions.Implementation.VS.resources.dll to D:\Program Files (x86)\Microsoft Visual Studio\2022\BuildTools\Common7\IDE\CommonExtensions\Microsoft\OpenFolder\pt-BR\Microsoft.VisualStudio.Workspace.Extensions.Implementation.VS.resources.dll
[c9c4:0009][2026-05-10T01:02:09] Completed: Copying file /pt-BR/Microsoft.VisualStudio.Workspace.Extensions.Implementation.VS.resources.dll to D:\Program Files (x86)\Microsoft Visual Studio\2022\BuildTools\Common7\IDE\CommonExtensions\Microsoft\OpenFolder\pt-BR\Microsoft.VisualStudio.Workspace.Extensions.Implementation.VS.resources.dll
[c9c4:0009][2026-05-10T01:02:09] Timestamp updated for file 'D:\Program Files (x86)\Microsoft Visual Studio\2022\BuildTools\Common7\IDE\CommonExtensions\Microsoft\OpenFolder\pt-BR\Microsoft.VisualStudio.Workspace.Extensions.Implementation.VS.resources.dll'.
[c9c4:0009][2026-05-10T01:02:09] Processing file /pt-BR/Microsoft.VisualStudio.Workspace.Extensions.resources.dll
[c9c4:0009][2026-05-10T01:02:09] Started: Copying file /pt-BR/Microsoft.VisualStudio.Workspace.Extensions.resources.dll to D:\Program Files (x86)\Microsoft Visual Studio\2022\BuildTools\Common7\IDE\CommonExtensions\Microsoft\OpenFolder\pt-BR\Microsoft.VisualStudio.Workspace.Extensions.resources.dll
[c9c4:0009][2026-05-10T01:02:09] Completed: Copying file /pt-BR/Microsoft.VisualStudio.Workspace.Extensions.resources.dll to D:\Program Files (x86)\Microsoft Visual Studio\2022\BuildTools\Common7\IDE\CommonExtensions\Microsoft\OpenFolder\pt-BR\Microsoft.VisualStudio.Workspace.Extensions.resources.dll
[c9c4:0009][2026-05-10T01:02:09] Timestamp updated for file 'D:\Program Files (x86)\Microsoft Visual Studio\2022\BuildTools\Common7\IDE\CommonExtensions\Microsoft\OpenFolder\pt-BR\Microsoft.VisualStudio.Workspace.Extensions.resources.dll'.
[c9c4:0009][2026-05-10T01:02:09] Processing file /pt-BR/Microsoft.VisualStudio.Workspace.Implementation.resources.dll
[c9c4:0009][2026-05-10T01:02:09] Started: Copying file /pt-BR/Microsoft.VisualStudio.Workspace.Implementation.resources.dll to D:\Program Files (x86)\Microsoft Visual Studio\2022\BuildTools\Common7\IDE\CommonExtensions\Microsoft\OpenFolder\pt-BR\Microsoft.VisualStudio.Workspace.Implementation.resources.dll
[c9c4:0009][2026-05-10T01:02:09] Completed: Copying file /pt-BR/Microsoft.VisualStudio.Workspace.Implementation.resources.dll to D:\Program Files (x86)\Microsoft Visual Studio\2022\BuildTools\Common7\IDE\CommonExtensions\Microsoft\OpenFolder\pt-BR\Microsoft.VisualStudio.Workspace.Implementation.resources.dll
[c9c4:0009][2026-05-10T01:02:09] Timestamp updated for file 'D:\Program Files (x86)\Microsoft Visual Studio\2022\BuildTools\Common7\IDE\CommonExtensions\Microsoft\OpenFolder\pt-BR\Microsoft.VisualStudio.Workspace.Implementation.resources.dll'.
[c9c4:0009][2026-05-10T01:02:09] Processing file /pt-BR/Microsoft.VisualStudio.Workspace.resources.dll
[c9c4:0009][2026-05-10T01:02:09] Started: Copying file /pt-BR/Microsoft.VisualStudio.Workspace.resources.dll to D:\Program Files (x86)\Microsoft Visual Studio\2022\BuildTools\Common7\IDE\CommonExtensions\Microsoft\OpenFolder\pt-BR\Microsoft.VisualStudio.Workspace.resources.dll
[c9c4:0009][2026-05-10T01:02:09] Completed: Copying file /pt-BR/Microsoft.VisualStudio.Workspace.resources.dll to D:\Program Files (x86)\Microsoft Visual Studio\2022\BuildTools\Common7\IDE\CommonExtensions\Microsoft\OpenFolder\pt-BR\Microsoft.VisualStudio.Workspace.resources.dll
[c9c4:0009][2026-05-10T01:02:09] Timestamp updated for file 'D:\Program Files (x86)\Microsoft Visual Studio\2022\BuildTools\Common7\IDE\CommonExtensions\Microsoft\OpenFolder\pt-BR\Microsoft.VisualStudio.Workspace.resources.dll'.
[c9c4:0009][2026-05-10T01:02:09] Processing file /pt-BR/Microsoft.VisualStudio.Workspace.VSIntegration.resources.dll
[c9c4:0009][2026-05-10T01:02:09] Started: Copying file /pt-BR/Microsoft.VisualStudio.Workspace.VSIntegration.resources.dll to D:\Program Files (x86)\Microsoft Visual Studio\2022\BuildTools\Common7\IDE\CommonExtensions\Microsoft\OpenFolder\pt-BR\Microsoft.VisualStudio.Workspace.VSIntegration.resources.dll
[c9c4:0009][2026-05-10T01:02:09] Completed: Copying file /pt-BR/Microsoft.VisualStudio.Workspace.VSIntegration.resources.dll to D:\Program Files (x86)\Microsoft Visual Studio\2022\BuildTools\Common7\IDE\CommonExtensions\Microsoft\OpenFolder\pt-BR\Microsoft.VisualStudio.Workspace.VSIntegration.resources.dll
[c9c4:0009][2026-05-10T01:02:09] Timestamp updated for file 'D:\Program Files (x86)\Microsoft Visual Studio\2022\BuildTools\Common7\IDE\CommonExtensions\Microsoft\OpenFolder\pt-BR\Microsoft.VisualStudio.Workspace.VSIntegration.resources.dll'.
[c9c4:0009][2026-05-10T01:02:09] Processing file /ru/Microsoft.VisualStudio.Workspace.Extensions.Implementation.resources.dll
[c9c4:0009][2026-05-10T01:02:09] Started: Copying file /ru/Microsoft.VisualStudio.Workspace.Extensions.Implementation.resources.dll to D:\Program Files (x86)\Microsoft Visual Studio\2022\BuildTools\Common7\IDE\CommonExtensions\Microsoft\OpenFolder\ru\Microsoft.VisualStudio.Workspace.Extensions.Implementation.resources.dll
[c9c4:0009][2026-05-10T01:02:09] Completed: Copying file /ru/Microsoft.VisualStudio.Workspace.Extensions.Implementation.resources.dll to D:\Program Files (x86)\Microsoft Visual Studio\2022\BuildTools\Common7\IDE\CommonExtensions\Microsoft\OpenFolder\ru\Microsoft.VisualStudio.Workspace.Extensions.Implementation.resources.dll
[c9c4:0009][2026-05-10T01:02:09] Timestamp updated for file 'D:\Program Files (x86)\Microsoft Visual Studio\2022\BuildTools\Common7\IDE\CommonExtensions\Microsoft\OpenFolder\ru\Microsoft.VisualStudio.Workspace.Extensions.Implementation.resources.dll'.
[c9c4:0009][2026-05-10T01:02:09] Processing file /ru/Microsoft.VisualStudio.Workspace.Extensions.Implementation.VS.resources.dll
[c9c4:0009][2026-05-10T01:02:09] Started: Copying file /ru/Microsoft.VisualStudio.Workspace.Extensions.Implementation.VS.resources.dll to D:\Program Files (x86)\Microsoft Visual Studio\2022\BuildTools\Common7\IDE\CommonExtensions\Microsoft\OpenFolder\ru\Microsoft.VisualStudio.Workspace.Extensions.Implementation.VS.resources.dll
[c9c4:0009][2026-05-10T01:02:09] Completed: Copying file /ru/Microsoft.VisualStudio.Workspace.Extensions.Implementation.VS.resources.dll to D:\Program Files (x86)\Microsoft Visual Studio\2022\BuildTools\Common7\IDE\CommonExtensions\Microsoft\OpenFolder\ru\Microsoft.VisualStudio.Workspace.Extensions.Implementation.VS.resources.dll
[c9c4:0009][2026-05-10T01:02:09] Timestamp updated for file 'D:\Program Files (x86)\Microsoft Visual Studio\2022\BuildTools\Common7\IDE\CommonExtensions\Microsoft\OpenFolder\ru\Microsoft.VisualStudio.Workspace.Extensions.Implementation.VS.resources.dll'.
[c9c4:0009][2026-05-10T01:02:09] Processing file /ru/Microsoft.VisualStudio.Workspace.Extensions.resources.dll
[c9c4:0009][2026-05-10T01:02:09] Started: Copying file /ru/Microsoft.VisualStudio.Workspace.Extensions.resources.dll to D:\Program Files (x86)\Microsoft Visual Studio\2022\BuildTools\Common7\IDE\CommonExtensions\Microsoft\OpenFolder\ru\Microsoft.VisualStudio.Workspace.Extensions.resources.dll
[c9c4:0009][2026-05-10T01:02:09] Completed: Copying file /ru/Microsoft.VisualStudio.Workspace.Extensions.resources.dll to D:\Program Files (x86)\Microsoft Visual Studio\2022\BuildTools\Common7\IDE\CommonExtensions\Microsoft\OpenFolder\ru\Microsoft.VisualStudio.Workspace.Extensions.resources.dll
[c9c4:0009][2026-05-10T01:02:09] Timestamp updated for file 'D:\Program Files (x86)\Microsoft Visual Studio\2022\BuildTools\Common7\IDE\CommonExtensions\Microsoft\OpenFolder\ru\Microsoft.VisualStudio.Workspace.Extensions.resources.dll'.
[c9c4:0009][2026-05-10T01:02:09] Processing file /ru/Microsoft.VisualStudio.Workspace.Implementation.resources.dll
[c9c4:0009][2026-05-10T01:02:09] Started: Copying file /ru/Microsoft.VisualStudio.Workspace.Implementation.resources.dll to D:\Program Files (x86)\Microsoft Visual Studio\2022\BuildTools\Common7\IDE\CommonExtensions\Microsoft\OpenFolder\ru\Microsoft.VisualStudio.Workspace.Implementation.resources.dll
[c9c4:0009][2026-05-10T01:02:09] Completed: Copying file /ru/Microsoft.VisualStudio.Workspace.Implementation.resources.dll to D:\Program Files (x86)\Microsoft Visual Studio\2022\BuildTools\Common7\IDE\CommonExtensions\Microsoft\OpenFolder\ru\Microsoft.VisualStudio.Workspace.Implementation.resources.dll
[c9c4:0009][2026-05-10T01:02:09] Timestamp updated for file 'D:\Program Files (x86)\Microsoft Visual Studio\2022\BuildTools\Common7\IDE\CommonExtensions\Microsoft\OpenFolder\ru\Microsoft.VisualStudio.Workspace.Implementation.resources.dll'.
[c9c4:0009][2026-05-10T01:02:09] Processing file /ru/Microsoft.VisualStudio.Workspace.resources.dll
[c9c4:0009][2026-05-10T01:02:09] Started: Copying file /ru/Microsoft.VisualStudio.Workspace.resources.dll to D:\Program Files (x86)\Microsoft Visual Studio\2022\BuildTools\Common7\IDE\CommonExtensions\Microsoft\OpenFolder\ru\Microsoft.VisualStudio.Workspace.resources.dll
[c9c4:0009][2026-05-10T01:02:09] Completed: Copying file /ru/Microsoft.VisualStudio.Workspace.resources.dll to D:\Program Files (x86)\Microsoft Visual Studio\2022\BuildTools\Common7\IDE\CommonExtensions\Microsoft\OpenFolder\ru\Microsoft.VisualStudio.Workspace.resources.dll
[c9c4:0009][2026-05-10T01:02:09] Timestamp updated for file 'D:\Program Files (x86)\Microsoft Visual Studio\2022\BuildTools\Common7\IDE\CommonExtensions\Microsoft\OpenFolder\ru\Microsoft.VisualStudio.Workspace.resources.dll'.
[c9c4:0009][2026-05-10T01:02:09] Processing file /ru/Microsoft.VisualStudio.Workspace.VSIntegration.resources.dll
[c9c4:0009][2026-05-10T01:02:09] Started: Copying file /ru/Microsoft.VisualStudio.Workspace.VSIntegration.resources.dll to D:\Program Files (x86)\Microsoft Visual Studio\2022\BuildTools\Common7\IDE\CommonExtensions\Microsoft\OpenFolder\ru\Microsoft.VisualStudio.Workspace.VSIntegration.resources.dll
[c9c4:0009][2026-05-10T01:02:09] Completed: Copying file /ru/Microsoft.VisualStudio.Workspace.VSIntegration.resources.dll to D:\Program Files (x86)\Microsoft Visual Studio\2022\BuildTools\Common7\IDE\CommonExtensions\Microsoft\OpenFolder\ru\Microsoft.VisualStudio.Workspace.VSIntegration.resources.dll
[c9c4:0009][2026-05-10T01:02:09] Timestamp updated for file 'D:\Program Files (x86)\Microsoft Visual Studio\2022\BuildTools\Common7\IDE\CommonExtensions\Microsoft\OpenFolder\ru\Microsoft.VisualStudio.Workspace.VSIntegration.resources.dll'.
[c9c4:0009][2026-05-10T01:02:09] Processing file /runtimes/win-arm64/native/e_sqlite3.dll
[c9c4:0009][2026-05-10T01:02:09] Started: Copying file /runtimes/win-arm64/native/e_sqlite3.dll to D:\Program Files (x86)\Microsoft Visual Studio\2022\BuildTools\Common7\IDE\CommonExtensions\Microsoft\OpenFolder\runtimes\win-arm64\native\e_sqlite3.dll
[c9c4:0009][2026-05-10T01:02:09] Completed: Copying file /runtimes/win-arm64/native/e_sqlite3.dll to D:\Program Files (x86)\Microsoft Visual Studio\2022\BuildTools\Common7\IDE\CommonExtensions\Microsoft\OpenFolder\runtimes\win-arm64\native\e_sqlite3.dll
[c9c4:0009][2026-05-10T01:02:09] Timestamp updated for file 'D:\Program Files (x86)\Microsoft Visual Studio\2022\BuildTools\Common7\IDE\CommonExtensions\Microsoft\OpenFolder\runtimes\win-arm64\native\e_sqlite3.dll'.
[c9c4:0009][2026-05-10T01:02:09] Processing file /runtimes/win-x64/native/e_sqlite3.dll
[c9c4:0009][2026-05-10T01:02:09] Started: Copying file /runtimes/win-x64/native/e_sqlite3.dll to D:\Program Files (x86)\Microsoft Visual Studio\2022\BuildTools\Common7\IDE\CommonExtensions\Microsoft\OpenFolder\runtimes\win-x64\native\e_sqlite3.dll
[c9c4:0009][2026-05-10T01:02:09] Completed: Copying file /runtimes/win-x64/native/e_sqlite3.dll to D:\Program Files (x86)\Microsoft Visual Studio\2022\BuildTools\Common7\IDE\CommonExtensions\Microsoft\OpenFolder\runtimes\win-x64\native\e_sqlite3.dll
[c9c4:0009][2026-05-10T01:02:09] Timestamp updated for file 'D:\Program Files (x86)\Microsoft Visual Studio\2022\BuildTools\Common7\IDE\CommonExtensions\Microsoft\OpenFolder\runtimes\win-x64\native\e_sqlite3.dll'.
[c9c4:0009][2026-05-10T01:02:09] Processing file /runtimes/win-x86/native/e_sqlite3.dll
[c9c4:0009][2026-05-10T01:02:09] Started: Copying file /runtimes/win-x86/native/e_sqlite3.dll to D:\Program Files (x86)\Microsoft Visual Studio\2022\BuildTools\Common7\IDE\CommonExtensions\Microsoft\OpenFolder\runtimes\win-x86\native\e_sqlite3.dll
[c9c4:0009][2026-05-10T01:02:09] Completed: Copying file /runtimes/win-x86/native/e_sqlite3.dll to D:\Program Files (x86)\Microsoft Visual Studio\2022\BuildTools\Common7\IDE\CommonExtensions\Microsoft\OpenFolder\runtimes\win-x86\native\e_sqlite3.dll
[c9c4:0009][2026-05-10T01:02:09] Timestamp updated for file 'D:\Program Files (x86)\Microsoft Visual Studio\2022\BuildTools\Common7\IDE\CommonExtensions\Microsoft\OpenFolder\runtimes\win-x86\native\e_sqlite3.dll'.
[c9c4:0009][2026-05-10T01:02:09] Processing file /SQLitePCLRaw.batteries_v2.dll
[c9c4:0009][2026-05-10T01:02:09] Started: Copying file /SQLitePCLRaw.batteries_v2.dll to D:\Program Files (x86)\Microsoft Visual Studio\2022\BuildTools\Common7\IDE\CommonExtensions\Microsoft\OpenFolder\SQLitePCLRaw.batteries_v2.dll
[c9c4:0009][2026-05-10T01:02:09] Completed: Copying file /SQLitePCLRaw.batteries_v2.dll to D:\Program Files (x86)\Microsoft Visual Studio\2022\BuildTools\Common7\IDE\CommonExtensions\Microsoft\OpenFolder\SQLitePCLRaw.batteries_v2.dll
[c9c4:0009][2026-05-10T01:02:09] Timestamp updated for file 'D:\Program Files (x86)\Microsoft Visual Studio\2022\BuildTools\Common7\IDE\CommonExtensions\Microsoft\OpenFolder\SQLitePCLRaw.batteries_v2.dll'.
[c9c4:0009][2026-05-10T01:02:09] Processing file /SQLitePCLRaw.core.dll
[c9c4:0009][2026-05-10T01:02:09] Started: Copying file /SQLitePCLRaw.core.dll to D:\Program Files (x86)\Microsoft Visual Studio\2022\BuildTools\Common7\IDE\CommonExtensions\Microsoft\OpenFolder\SQLitePCLRaw.core.dll
[c9c4:0009][2026-05-10T01:02:09] Completed: Copying file /SQLitePCLRaw.core.dll to D:\Program Files (x86)\Microsoft Visual Studio\2022\BuildTools\Common7\IDE\CommonExtensions\Microsoft\OpenFolder\SQLitePCLRaw.core.dll
[c9c4:0009][2026-05-10T01:02:09] Timestamp updated for file 'D:\Program Files (x86)\Microsoft Visual Studio\2022\BuildTools\Common7\IDE\CommonExtensions\Microsoft\OpenFolder\SQLitePCLRaw.core.dll'.
[c9c4:0009][2026-05-10T01:02:09] Processing file /SQLitePCLRaw.provider.dynamic_cdecl.dll
[c9c4:0009][2026-05-10T01:02:09] Started: Copying file /SQLitePCLRaw.provider.dynamic_cdecl.dll to D:\Program Files (x86)\Microsoft Visual Studio\2022\BuildTools\Common7\IDE\CommonExtensions\Microsoft\OpenFolder\SQLitePCLRaw.provider.dynamic_cdecl.dll
[c9c4:0009][2026-05-10T01:02:09] Completed: Copying file /SQLitePCLRaw.provider.dynamic_cdecl.dll to D:\Program Files (x86)\Microsoft Visual Studio\2022\BuildTools\Common7\IDE\CommonExtensions\Microsoft\OpenFolder\SQLitePCLRaw.provider.dynamic_cdecl.dll
[c9c4:0009][2026-05-10T01:02:09] Timestamp updated for file 'D:\Program Files (x86)\Microsoft Visual Studio\2022\BuildTools\Common7\IDE\CommonExtensions\Microsoft\OpenFolder\SQLitePCLRaw.provider.dynamic_cdecl.dll'.
[c9c4:0009][2026-05-10T01:02:09] Processing file /tr/Microsoft.VisualStudio.Workspace.Extensions.Implementation.resources.dll
[c9c4:0009][2026-05-10T01:02:09] Started: Copying file /tr/Microsoft.VisualStudio.Workspace.Extensions.Implementation.resources.dll to D:\Program Files (x86)\Microsoft Visual Studio\2022\BuildTools\Common7\IDE\CommonExtensions\Microsoft\OpenFolder\tr\Microsoft.VisualStudio.Workspace.Extensions.Implementation.resources.dll
[c9c4:0009][2026-05-10T01:02:09] Completed: Copying file /tr/Microsoft.VisualStudio.Workspace.Extensions.Implementation.resources.dll to D:\Program Files (x86)\Microsoft Visual Studio\2022\BuildTools\Common7\IDE\CommonExtensions\Microsoft\OpenFolder\tr\Microsoft.VisualStudio.Workspace.Extensions.Implementation.resources.dll
[c9c4:0009][2026-05-10T01:02:09] Timestamp updated for file 'D:\Program Files (x86)\Microsoft Visual Studio\2022\BuildTools\Common7\IDE\CommonExtensions\Microsoft\OpenFolder\tr\Microsoft.VisualStudio.Workspace.Extensions.Implementation.resources.dll'.
[c9c4:0009][2026-05-10T01:02:09] Processing file /tr/Microsoft.VisualStudio.Workspace.Extensions.Implementation.VS.resources.dll
[c9c4:0009][2026-05-10T01:02:09] Started: Copying file /tr/Microsoft.VisualStudio.Workspace.Extensions.Implementation.VS.resources.dll to D:\Program Files (x86)\Microsoft Visual Studio\2022\BuildTools\Common7\IDE\CommonExtensions\Microsoft\OpenFolder\tr\Microsoft.VisualStudio.Workspace.Extensions.Implementation.VS.resources.dll
[c9c4:0009][2026-05-10T01:02:09] Completed: Copying file /tr/Microsoft.VisualStudio.Workspace.Extensions.Implementation.VS.resources.dll to D:\Program Files (x86)\Microsoft Visual Studio\2022\BuildTools\Common7\IDE\CommonExtensions\Microsoft\OpenFolder\tr\Microsoft.VisualStudio.Workspace.Extensions.Implementation.VS.resources.dll
[c9c4:0009][2026-05-10T01:02:09] Timestamp updated for file 'D:\Program Files (x86)\Microsoft Visual Studio\2022\BuildTools\Common7\IDE\CommonExtensions\Microsoft\OpenFolder\tr\Microsoft.VisualStudio.Workspace.Extensions.Implementation.VS.resources.dll'.
[c9c4:0009][2026-05-10T01:02:09] Processing file /tr/Microsoft.VisualStudio.Workspace.Extensions.resources.dll
[c9c4:0009][2026-05-10T01:02:09] Started: Copying file /tr/Microsoft.VisualStudio.Workspace.Extensions.resources.dll to D:\Program Files (x86)\Microsoft Visual Studio\2022\BuildTools\Common7\IDE\CommonExtensions\Microsoft\OpenFolder\tr\Microsoft.VisualStudio.Workspace.Extensions.resources.dll
[c9c4:0009][2026-05-10T01:02:09] Completed: Copying file /tr/Microsoft.VisualStudio.Workspace.Extensions.resources.dll to D:\Program Files (x86)\Microsoft Visual Studio\2022\BuildTools\Common7\IDE\CommonExtensions\Microsoft\OpenFolder\tr\Microsoft.VisualStudio.Workspace.Extensions.resources.dll
[c9c4:0009][2026-05-10T01:02:09] Timestamp updated for file 'D:\Program Files (x86)\Microsoft Visual Studio\2022\BuildTools\Common7\IDE\CommonExtensions\Microsoft\OpenFolder\tr\Microsoft.VisualStudio.Workspace.Extensions.resources.dll'.
[c9c4:0009][2026-05-10T01:02:09] Processing file /tr/Microsoft.VisualStudio.Workspace.Implementation.resources.dll
[c9c4:0009][2026-05-10T01:02:09] Started: Copying file /tr/Microsoft.VisualStudio.Workspace.Implementation.resources.dll to D:\Program Files (x86)\Microsoft Visual Studio\2022\BuildTools\Common7\IDE\CommonExtensions\Microsoft\OpenFolder\tr\Microsoft.VisualStudio.Workspace.Implementation.resources.dll
[c9c4:0009][2026-05-10T01:02:09] Completed: Copying file /tr/Microsoft.VisualStudio.Workspace.Implementation.resources.dll to D:\Program Files (x86)\Microsoft Visual Studio\2022\BuildTools\Common7\IDE\CommonExtensions\Microsoft\OpenFolder\tr\Microsoft.VisualStudio.Workspace.Implementation.resources.dll
[c9c4:0009][2026-05-10T01:02:09] Timestamp updated for file 'D:\Program Files (x86)\Microsoft Visual Studio\2022\BuildTools\Common7\IDE\CommonExtensions\Microsoft\OpenFolder\tr\Microsoft.VisualStudio.Workspace.Implementation.resources.dll'.
[c9c4:0009][2026-05-10T01:02:09] Processing file /tr/Microsoft.VisualStudio.Workspace.resources.dll
[c9c4:0009][2026-05-10T01:02:09] Started: Copying file /tr/Microsoft.VisualStudio.Workspace.resources.dll to D:\Program Files (x86)\Microsoft Visual Studio\2022\BuildTools\Common7\IDE\CommonExtensions\Microsoft\OpenFolder\tr\Microsoft.VisualStudio.Workspace.resources.dll
[c9c4:0009][2026-05-10T01:02:09] Completed: Copying file /tr/Microsoft.VisualStudio.Workspace.resources.dll to D:\Program Files (x86)\Microsoft Visual Studio\2022\BuildTools\Common7\IDE\CommonExtensions\Microsoft\OpenFolder\tr\Microsoft.VisualStudio.Workspace.resources.dll
[c9c4:0009][2026-05-10T01:02:09] Timestamp updated for file 'D:\Program Files (x86)\Microsoft Visual Studio\2022\BuildTools\Common7\IDE\CommonExtensions\Microsoft\OpenFolder\tr\Microsoft.VisualStudio.Workspace.resources.dll'.
[c9c4:0009][2026-05-10T01:02:09] Processing file /tr/Microsoft.VisualStudio.Workspace.VSIntegration.resources.dll
[c9c4:0009][2026-05-10T01:02:09] Started: Copying file /tr/Microsoft.VisualStudio.Workspace.VSIntegration.resources.dll to D:\Program Files (x86)\Microsoft Visual Studio\2022\BuildTools\Common7\IDE\CommonExtensions\Microsoft\OpenFolder\tr\Microsoft.VisualStudio.Workspace.VSIntegration.resources.dll
[c9c4:0009][2026-05-10T01:02:09] Completed: Copying file /tr/Microsoft.VisualStudio.Workspace.VSIntegration.resources.dll to D:\Program Files (x86)\Microsoft Visual Studio\2022\BuildTools\Common7\IDE\CommonExtensions\Microsoft\OpenFolder\tr\Microsoft.VisualStudio.Workspace.VSIntegration.resources.dll
[c9c4:0009][2026-05-10T01:02:09] Timestamp updated for file 'D:\Program Files (x86)\Microsoft Visual Studio\2022\BuildTools\Common7\IDE\CommonExtensions\Microsoft\OpenFolder\tr\Microsoft.VisualStudio.Workspace.VSIntegration.resources.dll'.
[c9c4:0009][2026-05-10T01:02:09] Processing file /VSIntegrationPackage.pkgdef
[c9c4:0009][2026-05-10T01:02:09] Started: Copying file /VSIntegrationPackage.pkgdef to D:\Program Files (x86)\Microsoft Visual Studio\2022\BuildTools\Common7\IDE\CommonExtensions\Microsoft\OpenFolder\VSIntegrationPackage.pkgdef
[c9c4:0009][2026-05-10T01:02:09] Completed: Copying file /VSIntegrationPackage.pkgdef to D:\Program Files (x86)\Microsoft Visual Studio\2022\BuildTools\Common7\IDE\CommonExtensions\Microsoft\OpenFolder\VSIntegrationPackage.pkgdef
[c9c4:0009][2026-05-10T01:02:09] Timestamp updated for file 'D:\Program Files (x86)\Microsoft Visual Studio\2022\BuildTools\Common7\IDE\CommonExtensions\Microsoft\OpenFolder\VSIntegrationPackage.pkgdef'.
[c9c4:0009][2026-05-10T01:02:09] Processing file /zh-Hans/Microsoft.VisualStudio.Workspace.Extensions.Implementation.resources.dll
[c9c4:0009][2026-05-10T01:02:09] Started: Copying file /zh-Hans/Microsoft.VisualStudio.Workspace.Extensions.Implementation.resources.dll to D:\Program Files (x86)\Microsoft Visual Studio\2022\BuildTools\Common7\IDE\CommonExtensions\Microsoft\OpenFolder\zh-Hans\Microsoft.VisualStudio.Workspace.Extensions.Implementation.resources.dll
[c9c4:0009][2026-05-10T01:02:09] Completed: Copying file /zh-Hans/Microsoft.VisualStudio.Workspace.Extensions.Implementation.resources.dll to D:\Program Files (x86)\Microsoft Visual Studio\2022\BuildTools\Common7\IDE\CommonExtensions\Microsoft\OpenFolder\zh-Hans\Microsoft.VisualStudio.Workspace.Extensions.Implementation.resources.dll
[c9c4:0009][2026-05-10T01:02:09] Timestamp updated for file 'D:\Program Files (x86)\Microsoft Visual Studio\2022\BuildTools\Common7\IDE\CommonExtensions\Microsoft\OpenFolder\zh-Hans\Microsoft.VisualStudio.Workspace.Extensions.Implementation.resources.dll'.
[c9c4:0009][2026-05-10T01:02:09] Processing file /zh-Hans/Microsoft.VisualStudio.Workspace.Extensions.Implementation.VS.resources.dll
[c9c4:0009][2026-05-10T01:02:09] Started: Copying file /zh-Hans/Microsoft.VisualStudio.Workspace.Extensions.Implementation.VS.resources.dll to D:\Program Files (x86)\Microsoft Visual Studio\2022\BuildTools\Common7\IDE\CommonExtensions\Microsoft\OpenFolder\zh-Hans\Microsoft.VisualStudio.Workspace.Extensions.Implementation.VS.resources.dll
[c9c4:0009][2026-05-10T01:02:09] Completed: Copying file /zh-Hans/Microsoft.VisualStudio.Workspace.Extensions.Implementation.VS.resources.dll to D:\Program Files (x86)\Microsoft Visual Studio\2022\BuildTools\Common7\IDE\CommonExtensions\Microsoft\OpenFolder\zh-Hans\Microsoft.VisualStudio.Workspace.Extensions.Implementation.VS.resources.dll
[c9c4:0009][2026-05-10T01:02:09] Timestamp updated for file 'D:\Program Files (x86)\Microsoft Visual Studio\2022\BuildTools\Common7\IDE\CommonExtensions\Microsoft\OpenFolder\zh-Hans\Microsoft.VisualStudio.Workspace.Extensions.Implementation.VS.resources.dll'.
[c9c4:0009][2026-05-10T01:02:09] Processing file /zh-Hans/Microsoft.VisualStudio.Workspace.Extensions.resources.dll
[c9c4:0009][2026-05-10T01:02:09] Started: Copying file /zh-Hans/Microsoft.VisualStudio.Workspace.Extensions.resources.dll to D:\Program Files (x86)\Microsoft Visual Studio\2022\BuildTools\Common7\IDE\CommonExtensions\Microsoft\OpenFolder\zh-Hans\Microsoft.VisualStudio.Workspace.Extensions.resources.dll
[c9c4:0009][2026-05-10T01:02:09] Completed: Copying file /zh-Hans/Microsoft.VisualStudio.Workspace.Extensions.resources.dll to D:\Program Files (x86)\Microsoft Visual Studio\2022\BuildTools\Common7\IDE\CommonExtensions\Microsoft\OpenFolder\zh-Hans\Microsoft.VisualStudio.Workspace.Extensions.resources.dll
[c9c4:0009][2026-05-10T01:02:09] Timestamp updated for file 'D:\Program Files (x86)\Microsoft Visual Studio\2022\BuildTools\Common7\IDE\CommonExtensions\Microsoft\OpenFolder\zh-Hans\Microsoft.VisualStudio.Workspace.Extensions.resources.dll'.
[c9c4:0009][2026-05-10T01:02:09] Processing file /zh-Hans/Microsoft.VisualStudio.Workspace.Implementation.resources.dll
[c9c4:0009][2026-05-10T01:02:09] Started: Copying file /zh-Hans/Microsoft.VisualStudio.Workspace.Implementation.resources.dll to D:\Program Files (x86)\Microsoft Visual Studio\2022\BuildTools\Common7\IDE\CommonExtensions\Microsoft\OpenFolder\zh-Hans\Microsoft.VisualStudio.Workspace.Implementation.resources.dll
[c9c4:0009][2026-05-10T01:02:09] Completed: Copying file /zh-Hans/Microsoft.VisualStudio.Workspace.Implementation.resources.dll to D:\Program Files (x86)\Microsoft Visual Studio\2022\BuildTools\Common7\IDE\CommonExtensions\Microsoft\OpenFolder\zh-Hans\Microsoft.VisualStudio.Workspace.Implementation.resources.dll
[c9c4:0009][2026-05-10T01:02:09] Timestamp updated for file 'D:\Program Files (x86)\Microsoft Visual Studio\2022\BuildTools\Common7\IDE\CommonExtensions\Microsoft\OpenFolder\zh-Hans\Microsoft.VisualStudio.Workspace.Implementation.resources.dll'.
[c9c4:0009][2026-05-10T01:02:09] Processing file /zh-Hans/Microsoft.VisualStudio.Workspace.resources.dll
[c9c4:0009][2026-05-10T01:02:09] Started: Copying file /zh-Hans/Microsoft.VisualStudio.Workspace.resources.dll to D:\Program Files (x86)\Microsoft Visual Studio\2022\BuildTools\Common7\IDE\CommonExtensions\Microsoft\OpenFolder\zh-Hans\Microsoft.VisualStudio.Workspace.resources.dll
[c9c4:0009][2026-05-10T01:02:09] Completed: Copying file /zh-Hans/Microsoft.VisualStudio.Workspace.resources.dll to D:\Program Files (x86)\Microsoft Visual Studio\2022\BuildTools\Common7\IDE\CommonExtensions\Microsoft\OpenFolder\zh-Hans\Microsoft.VisualStudio.Workspace.resources.dll
[c9c4:0009][2026-05-10T01:02:09] Timestamp updated for file 'D:\Program Files (x86)\Microsoft Visual Studio\2022\BuildTools\Common7\IDE\CommonExtensions\Microsoft\OpenFolder\zh-Hans\Microsoft.VisualStudio.Workspace.resources.dll'.
[c9c4:0009][2026-05-10T01:02:09] Processing file /zh-Hans/Microsoft.VisualStudio.Workspace.VSIntegration.resources.dll
[c9c4:0009][2026-05-10T01:02:09] Started: Copying file /zh-Hans/Microsoft.VisualStudio.Workspace.VSIntegration.resources.dll to D:\Program Files (x86)\Microsoft Visual Studio\2022\BuildTools\Common7\IDE\CommonExtensions\Microsoft\OpenFolder\zh-Hans\Microsoft.VisualStudio.Workspace.VSIntegration.resources.dll
[c9c4:0009][2026-05-10T01:02:09] Completed: Copying file /zh-Hans/Microsoft.VisualStudio.Workspace.VSIntegration.resources.dll to D:\Program Files (x86)\Microsoft Visual Studio\2022\BuildTools\Common7\IDE\CommonExtensions\Microsoft\OpenFolder\zh-Hans\Microsoft.VisualStudio.Workspace.VSIntegration.resources.dll
[c9c4:0009][2026-05-10T01:02:09] Timestamp updated for file 'D:\Program Files (x86)\Microsoft Visual Studio\2022\BuildTools\Common7\IDE\CommonExtensions\Microsoft\OpenFolder\zh-Hans\Microsoft.VisualStudio.Workspace.VSIntegration.resources.dll'.
[c9c4:0009][2026-05-10T01:02:09] Processing file /zh-Hant/Microsoft.VisualStudio.Workspace.Extensions.Implementation.resources.dll
[c9c4:0009][2026-05-10T01:02:09] Started: Copying file /zh-Hant/Microsoft.VisualStudio.Workspace.Extensions.Implementation.resources.dll to D:\Program Files (x86)\Microsoft Visual Studio\2022\BuildTools\Common7\IDE\CommonExtensions\Microsoft\OpenFolder\zh-Hant\Microsoft.VisualStudio.Workspace.Extensions.Implementation.resources.dll
[c9c4:0009][2026-05-10T01:02:09] Completed: Copying file /zh-Hant/Microsoft.VisualStudio.Workspace.Extensions.Implementation.resources.dll to D:\Program Files (x86)\Microsoft Visual Studio\2022\BuildTools\Common7\IDE\CommonExtensions\Microsoft\OpenFolder\zh-Hant\Microsoft.VisualStudio.Workspace.Extensions.Implementation.resources.dll
[c9c4:0009][2026-05-10T01:02:09] Timestamp updated for file 'D:\Program Files (x86)\Microsoft Visual Studio\2022\BuildTools\Common7\IDE\CommonExtensions\Microsoft\OpenFolder\zh-Hant\Microsoft.VisualStudio.Workspace.Extensions.Implementation.resources.dll'.
[c9c4:0009][2026-05-10T01:02:09] Processing file /zh-Hant/Microsoft.VisualStudio.Workspace.Extensions.Implementation.VS.resources.dll
[c9c4:0009][2026-05-10T01:02:09] Started: Copying file /zh-Hant/Microsoft.VisualStudio.Workspace.Extensions.Implementation.VS.resources.dll to D:\Program Files (x86)\Microsoft Visual Studio\2022\BuildTools\Common7\IDE\CommonExtensions\Microsoft\OpenFolder\zh-Hant\Microsoft.VisualStudio.Workspace.Extensions.Implementation.VS.resources.dll
[c9c4:0009][2026-05-10T01:02:09] Completed: Copying file /zh-Hant/Microsoft.VisualStudio.Workspace.Extensions.Implementation.VS.resources.dll to D:\Program Files (x86)\Microsoft Visual Studio\2022\BuildTools\Common7\IDE\CommonExtensions\Microsoft\OpenFolder\zh-Hant\Microsoft.VisualStudio.Workspace.Extensions.Implementation.VS.resources.dll
[c9c4:0009][2026-05-10T01:02:09] Timestamp updated for file 'D:\Program Files (x86)\Microsoft Visual Studio\2022\BuildTools\Common7\IDE\CommonExtensions\Microsoft\OpenFolder\zh-Hant\Microsoft.VisualStudio.Workspace.Extensions.Implementation.VS.resources.dll'.
[c9c4:0009][2026-05-10T01:02:09] Processing file /zh-Hant/Microsoft.VisualStudio.Workspace.Extensions.resources.dll
[c9c4:0009][2026-05-10T01:02:09] Started: Copying file /zh-Hant/Microsoft.VisualStudio.Workspace.Extensions.resources.dll to D:\Program Files (x86)\Microsoft Visual Studio\2022\BuildTools\Common7\IDE\CommonExtensions\Microsoft\OpenFolder\zh-Hant\Microsoft.VisualStudio.Workspace.Extensions.resources.dll
[c9c4:0009][2026-05-10T01:02:09] Completed: Copying file /zh-Hant/Microsoft.VisualStudio.Workspace.Extensions.resources.dll to D:\Program Files (x86)\Microsoft Visual Studio\2022\BuildTools\Common7\IDE\CommonExtensions\Microsoft\OpenFolder\zh-Hant\Microsoft.VisualStudio.Workspace.Extensions.resources.dll
[c9c4:0009][2026-05-10T01:02:09] Timestamp updated for file 'D:\Program Files (x86)\Microsoft Visual Studio\2022\BuildTools\Common7\IDE\CommonExtensions\Microsoft\OpenFolder\zh-Hant\Microsoft.VisualStudio.Workspace.Extensions.resources.dll'.
[c9c4:0009][2026-05-10T01:02:09] Processing file /zh-Hant/Microsoft.VisualStudio.Workspace.Implementation.resources.dll
[c9c4:0009][2026-05-10T01:02:09] Started: Copying file /zh-Hant/Microsoft.VisualStudio.Workspace.Implementation.resources.dll to D:\Program Files (x86)\Microsoft Visual Studio\2022\BuildTools\Common7\IDE\CommonExtensions\Microsoft\OpenFolder\zh-Hant\Microsoft.VisualStudio.Workspace.Implementation.resources.dll
[c9c4:0009][2026-05-10T01:02:09] Completed: Copying file /zh-Hant/Microsoft.VisualStudio.Workspace.Implementation.resources.dll to D:\Program Files (x86)\Microsoft Visual Studio\2022\BuildTools\Common7\IDE\CommonExtensions\Microsoft\OpenFolder\zh-Hant\Microsoft.VisualStudio.Workspace.Implementation.resources.dll
[c9c4:0009][2026-05-10T01:02:09] Timestamp updated for file 'D:\Program Files (x86)\Microsoft Visual Studio\2022\BuildTools\Common7\IDE\CommonExtensions\Microsoft\OpenFolder\zh-Hant\Microsoft.VisualStudio.Workspace.Implementation.resources.dll'.
[c9c4:0009][2026-05-10T01:02:09] Processing file /zh-Hant/Microsoft.VisualStudio.Workspace.resources.dll
[c9c4:0009][2026-05-10T01:02:09] Started: Copying file /zh-Hant/Microsoft.VisualStudio.Workspace.resources.dll to D:\Program Files (x86)\Microsoft Visual Studio\2022\BuildTools\Common7\IDE\CommonExtensions\Microsoft\OpenFolder\zh-Hant\Microsoft.VisualStudio.Workspace.resources.dll
[c9c4:0009][2026-05-10T01:02:09] Completed: Copying file /zh-Hant/Microsoft.VisualStudio.Workspace.resources.dll to D:\Program Files (x86)\Microsoft Visual Studio\2022\BuildTools\Common7\IDE\CommonExtensions\Microsoft\OpenFolder\zh-Hant\Microsoft.VisualStudio.Workspace.resources.dll
[c9c4:0009][2026-05-10T01:02:09] Timestamp updated for file 'D:\Program Files (x86)\Microsoft Visual Studio\2022\BuildTools\Common7\IDE\CommonExtensions\Microsoft\OpenFolder\zh-Hant\Microsoft.VisualStudio.Workspace.resources.dll'.
[c9c4:0009][2026-05-10T01:02:09] Processing file /zh-Hant/Microsoft.VisualStudio.Workspace.VSIntegration.resources.dll
[c9c4:0009][2026-05-10T01:02:09] Started: Copying file /zh-Hant/Microsoft.VisualStudio.Workspace.VSIntegration.resources.dll to D:\Program Files (x86)\Microsoft Visual Studio\2022\BuildTools\Common7\IDE\CommonExtensions\Microsoft\OpenFolder\zh-Hant\Microsoft.VisualStudio.Workspace.VSIntegration.resources.dll
[c9c4:0009][2026-05-10T01:02:09] Completed: Copying file /zh-Hant/Microsoft.VisualStudio.Workspace.VSIntegration.resources.dll to D:\Program Files (x86)\Microsoft Visual Studio\2022\BuildTools\Common7\IDE\CommonExtensions\Microsoft\OpenFolder\zh-Hant\Microsoft.VisualStudio.Workspace.VSIntegration.resources.dll
[c9c4:0009][2026-05-10T01:02:09] Timestamp updated for file 'D:\Program Files (x86)\Microsoft Visual Studio\2022\BuildTools\Common7\IDE\CommonExtensions\Microsoft\OpenFolder\zh-Hant\Microsoft.VisualStudio.Workspace.VSIntegration.resources.dll'.
[c9c4:0009][2026-05-10T01:02:09] Processing file /extension.vsixmanifest
[c9c4:0009][2026-05-10T01:02:09] Started: Copying file /extension.vsixmanifest to D:\Program Files (x86)\Microsoft Visual Studio\2022\BuildTools\Common7\IDE\CommonExtensions\Microsoft\OpenFolder\extension.vsixmanifest
[c9c4:0009][2026-05-10T01:02:09] Completed: Copying file /extension.vsixmanifest to D:\Program Files (x86)\Microsoft Visual Studio\2022\BuildTools\Common7\IDE\CommonExtensions\Microsoft\OpenFolder\extension.vsixmanifest
[c9c4:0009][2026-05-10T01:02:09] Timestamp updated for file 'D:\Program Files (x86)\Microsoft Visual Studio\2022\BuildTools\Common7\IDE\CommonExtensions\Microsoft\OpenFolder\extension.vsixmanifest'.
[c9c4:0009][2026-05-10T01:02:09] Package executed successfully. Return code: 0
