[bd94:0009][2026-05-10T01:00:40] Using cached package manifest as the embedded manifest
[bd94:0009][2026-05-10T01:00:40] Processing file /Contents/Common7/IDE/Extensions/Community/CodeSharing_shproj_Ext_Reg_AppId_VisualStudio.pkgdef
[bd94:0009][2026-05-10T01:00:40] D:\Program\Common7\IDE\Extensions\Community\CodeSharing_shproj_Ext_Reg_AppId_VisualStudio.pkgdef file deleted.
[bd94:0009][2026-05-10T01:00:40] Processing file /Contents/Common7/IDE/Extensions/Community/DirProj_Reg_Common_10256.3643236F_FC70_11D3_A536_0090278A1BB8.pkgdef
[bd94:0009][2026-05-10T01:00:40] D:\Program\Common7\IDE\Extensions\Community\DirProj_Reg_Common_10256.3643236F_FC70_11D3_A536_0090278A1BB8.pkgdef file deleted.
[bd94:0009][2026-05-10T01:00:40] Processing file /Contents/Common7/IDE/Extensions/Community/HTML_Editor_Reg_for_VS_4090.3643236F_FC70_11D3_A536_0090278A1BB8.pkgdef
[bd94:0009][2026-05-10T01:00:40] D:\Program\Common7\IDE\Extensions\Community\HTML_Editor_Reg_for_VS_4090.3643236F_FC70_11D3_A536_0090278A1BB8.pkgdef file deleted.
[bd94:0009][2026-05-10T01:00:40] Processing file /Contents/Common7/IDE/Extensions/Community/Pro_SKU_License_Key_7238.3643236F_FC70_11D3_A536_0090278A1BB8.pkgdef
[bd94:0009][2026-05-10T01:00:40] D:\Program\Common7\IDE\Extensions\Community\Pro_SKU_License_Key_7238.3643236F_FC70_11D3_A536_0090278A1BB8.pkgdef file deleted.
[bd94:0009][2026-05-10T01:00:40] Processing file /Contents/Common7/IDE/Extensions/Community/Razor_Registry_Component_x86.pkgdef
[bd94:0009][2026-05-10T01:00:40] D:\Program\Common7\IDE\Extensions\Community\Razor_Registry_Component_x86.pkgdef file deleted.
[bd94:0009][2026-05-10T01:00:40] Processing file /Contents/Common7/IDE/Extensions/Community/ResW_FileExtension_Registration.pkgdef
[bd94:0009][2026-05-10T01:00:40] D:\Program\Common7\IDE\Extensions\Community\ResW_FileExtension_Registration.pkgdef file deleted.
[bd94:0009][2026-05-10T01:00:40] Processing file /Contents/Common7/IDE/Extensions/Community/SxS.MSVSEditors_Reg_VS_27145.3643236F_FC70_11D3_A536_0090278A1BB8.pkgdef
[bd94:0009][2026-05-10T01:00:40] D:\Program\Common7\IDE\Extensions\Community\SxS.MSVSEditors_Reg_VS_27145.3643236F_FC70_11D3_A536_0090278A1BB8.pkgdef file deleted.
[bd94:0009][2026-05-10T01:00:40] Processing file /Contents/Common7/IDE/Extensions/Community/VCSharp_Proj_System_Reg_26672.3643236F_FC70_11D3_A536_0090278A1BB8.pkgdef
[bd94:0009][2026-05-10T01:00:40] D:\Program\Common7\IDE\Extensions\Community\VCSharp_Proj_System_Reg_26672.3643236F_FC70_11D3_A536_0090278A1BB8.pkgdef file deleted.
[bd94:0009][2026-05-10T01:00:40] Processing file /Contents/Common7/IDE/Extensions/Community/VS_Diagnostics_IntelliTraceShell_Component.pkgdef
[bd94:0009][2026-05-10T01:00:40] D:\Program\Common7\IDE\Extensions\Community\VS_Diagnostics_IntelliTraceShell_Component.pkgdef file deleted.
[bd94:0009][2026-05-10T01:00:40] Processing file /Contents/Common7/IDE/Extensions/Community/VS_SCC_EMP_Reg_for_VS_8486.3643236F_FC70_11D3_A536_0090278A1BB8.pkgdef
[bd94:0009][2026-05-10T01:00:40] D:\Program\Common7\IDE\Extensions\Community\VS_SCC_EMP_Reg_for_VS_8486.3643236F_FC70_11D3_A536_0090278A1BB8.pkgdef file deleted.
[bd94:0009][2026-05-10T01:00:40] Processing file /Contents/Common7/IDE/Extensions/Community/VS_SCC_Integration_Core_Registry_for_VS_3560.3643236F_FC70_11D3_A536_0090278A1BB8.pkgdef
[bd94:0009][2026-05-10T01:00:40] D:\Program\Common7\IDE\Extensions\Community\VS_SCC_Integration_Core_Registry_for_VS_3560.3643236F_FC70_11D3_A536_0090278A1BB8.pkgdef file deleted.
[bd94:0009][2026-05-10T01:00:40] Processing file /Contents/Common7/IDE/Extensions/Community/VS_SCC_TeamCore_Reg_for_VS_4694.3643236F_FC70_11D3_A536_0090278A1BB8.pkgdef
[bd94:0009][2026-05-10T01:00:40] D:\Program\Common7\IDE\Extensions\Community\VS_SCC_TeamCore_Reg_for_VS_4694.3643236F_FC70_11D3_A536_0090278A1BB8.pkgdef file deleted.
[bd94:0009][2026-05-10T01:00:40] Processing file /Contents/Common7/IDE/ItemTemplates/RulesetTemplates.vstman
[bd94:0009][2026-05-10T01:00:40] D:\Program\Common7\IDE\ItemTemplates\RulesetTemplates.vstman file deleted.
[bd94:0009][2026-05-10T01:00:40] Started: Deleting empty directories
[bd94:0009][2026-05-10T01:00:40] Completed: Deleting empty directories
[bd94:0009][2026-05-10T01:00:40] Package executed successfully. Return code: 0
