[18d4:0007][2026-05-10T02:03:42] Opening the package for processing
[18d4:0007][2026-05-10T02:03:42] Using package payload to get the embedded manifest
[18d4:0007][2026-05-10T02:03:42] Getting list of files within the package
[18d4:0007][2026-05-10T02:03:42] Processing file /Contents/Common7/IDE/PublicAssemblies/SQLite/SQLite-net.dll
[18d4:0007][2026-05-10T02:03:42] Started: Copying file /Contents/Common7/IDE/PublicAssemblies/SQLite/SQLite-net.dll to D:\Program Files (x86)\Microsoft Visual Studio\2022\BuildTools\Common7\IDE\PublicAssemblies\SQLite\SQLite-net.dll
[18d4:0007][2026-05-10T02:03:42] Completed: Copying file /Contents/Common7/IDE/PublicAssemblies/SQLite/SQLite-net.dll to D:\Program Files (x86)\Microsoft Visual Studio\2022\BuildTools\Common7\IDE\PublicAssemblies\SQLite\SQLite-net.dll
[18d4:0007][2026-05-10T02:03:42] Timestamp updated for file 'D:\Program Files (x86)\Microsoft Visual Studio\2022\BuildTools\Common7\IDE\PublicAssemblies\SQLite\SQLite-net.dll'.
[18d4:0007][2026-05-10T02:03:42] Queueing D:\Program Files (x86)\Microsoft Visual Studio\2022\BuildTools\Common7\IDE\PublicAssemblies\SQLite\SQLite-net.dll for X86 ngen
[18d4:0007][2026-05-10T02:03:42] Successfully queued file '/Contents/Common7/IDE/PublicAssemblies/SQLite/SQLite-net.dll' for ngen
[18d4:0007][2026-05-10T02:03:42] Processing file /Contents/Common7/IDE/PublicAssemblies/SQLite/SQLitePCLRaw.batteries_v2.dll
[18d4:0007][2026-05-10T02:03:42] Started: Copying file /Contents/Common7/IDE/PublicAssemblies/SQLite/SQLitePCLRaw.batteries_v2.dll to D:\Program Files (x86)\Microsoft Visual Studio\2022\BuildTools\Common7\IDE\PublicAssemblies\SQLite\SQLitePCLRaw.batteries_v2.dll
[18d4:0007][2026-05-10T02:03:42] Completed: Copying file /Contents/Common7/IDE/PublicAssemblies/SQLite/SQLitePCLRaw.batteries_v2.dll to D:\Program Files (x86)\Microsoft Visual Studio\2022\BuildTools\Common7\IDE\PublicAssemblies\SQLite\SQLitePCLRaw.batteries_v2.dll
[18d4:0007][2026-05-10T02:03:42] Timestamp updated for file 'D:\Program Files (x86)\Microsoft Visual Studio\2022\BuildTools\Common7\IDE\PublicAssemblies\SQLite\SQLitePCLRaw.batteries_v2.dll'.
[18d4:0007][2026-05-10T02:03:42] Queueing D:\Program Files (x86)\Microsoft Visual Studio\2022\BuildTools\Common7\IDE\PublicAssemblies\SQLite\SQLitePCLRaw.batteries_v2.dll for X86 ngen
[18d4:0007][2026-05-10T02:03:42] Successfully queued file '/Contents/Common7/IDE/PublicAssemblies/SQLite/SQLitePCLRaw.batteries_v2.dll' for ngen
[18d4:0007][2026-05-10T02:03:42] Processing file /Contents/Common7/IDE/PublicAssemblies/SQLite/SQLitePCLRaw.core.dll
[18d4:0007][2026-05-10T02:03:42] Started: Copying file /Contents/Common7/IDE/PublicAssemblies/SQLite/SQLitePCLRaw.core.dll to D:\Program Files (x86)\Microsoft Visual Studio\2022\BuildTools\Common7\IDE\PublicAssemblies\SQLite\SQLitePCLRaw.core.dll
[18d4:0007][2026-05-10T02:03:42] Completed: Copying file /Contents/Common7/IDE/PublicAssemblies/SQLite/SQLitePCLRaw.core.dll to D:\Program Files (x86)\Microsoft Visual Studio\2022\BuildTools\Common7\IDE\PublicAssemblies\SQLite\SQLitePCLRaw.core.dll
[18d4:0007][2026-05-10T02:03:42] Timestamp updated for file 'D:\Program Files (x86)\Microsoft Visual Studio\2022\BuildTools\Common7\IDE\PublicAssemblies\SQLite\SQLitePCLRaw.core.dll'.
[18d4:0007][2026-05-10T02:03:42] Queueing D:\Program Files (x86)\Microsoft Visual Studio\2022\BuildTools\Common7\IDE\PublicAssemblies\SQLite\SQLitePCLRaw.core.dll for X86 ngen
[18d4:0007][2026-05-10T02:03:42] Successfully queued file '/Contents/Common7/IDE/PublicAssemblies/SQLite/SQLitePCLRaw.core.dll' for ngen
[18d4:0007][2026-05-10T02:03:42] Processing file /Contents/Common7/IDE/PublicAssemblies/SQLite/SQLitePCLRaw.provider.dynamic_cdecl.dll
[18d4:0007][2026-05-10T02:03:42] Started: Copying file /Contents/Common7/IDE/PublicAssemblies/SQLite/SQLitePCLRaw.provider.dynamic_cdecl.dll to D:\Program Files (x86)\Microsoft Visual Studio\2022\BuildTools\Common7\IDE\PublicAssemblies\SQLite\SQLitePCLRaw.provider.dynamic_cdecl.dll
[18d4:0007][2026-05-10T02:03:42] Completed: Copying file /Contents/Common7/IDE/PublicAssemblies/SQLite/SQLitePCLRaw.provider.dynamic_cdecl.dll to D:\Program Files (x86)\Microsoft Visual Studio\2022\BuildTools\Common7\IDE\PublicAssemblies\SQLite\SQLitePCLRaw.provider.dynamic_cdecl.dll
[18d4:0007][2026-05-10T02:03:42] Timestamp updated for file 'D:\Program Files (x86)\Microsoft Visual Studio\2022\BuildTools\Common7\IDE\PublicAssemblies\SQLite\SQLitePCLRaw.provider.dynamic_cdecl.dll'.
[18d4:0007][2026-05-10T02:03:42] Queueing D:\Program Files (x86)\Microsoft Visual Studio\2022\BuildTools\Common7\IDE\PublicAssemblies\SQLite\SQLitePCLRaw.provider.dynamic_cdecl.dll for X86 ngen
[18d4:0007][2026-05-10T02:03:42] Successfully queued file '/Contents/Common7/IDE/PublicAssemblies/SQLite/SQLitePCLRaw.provider.dynamic_cdecl.dll' for ngen
[18d4:0007][2026-05-10T02:03:42] Package executed successfully. Return code: 0
