[c9c4:0009][2026-05-10T01:02:20] Opening the package for processing
[c9c4:0009][2026-05-10T01:02:20] Using package payload to get the embedded manifest
[c9c4:0009][2026-05-10T01:02:20] Getting list of files within the package
[c9c4:0009][2026-05-10T01:02:20] Processing file /Contents/Common7/IDE/CommonExtensions/Microsoft/ClientDiagnostics/AppResponsiveness/Microsoft.VisualStudio.AppResponsiveness.dll
[c9c4:0009][2026-05-10T01:02:20] Started: Copying file /Contents/Common7/IDE/CommonExtensions/Microsoft/ClientDiagnostics/AppResponsiveness/Microsoft.VisualStudio.AppResponsiveness.dll to D:\Program Files (x86)\Microsoft Visual Studio\2022\BuildTools\Common7\IDE\CommonExtensions\Microsoft\ClientDiagnostics\AppResponsiveness\Microsoft.VisualStudio.AppResponsiveness.dll
[c9c4:0009][2026-05-10T01:02:20] Completed: Copying file /Contents/Common7/IDE/CommonExtensions/Microsoft/ClientDiagnostics/AppResponsiveness/Microsoft.VisualStudio.AppResponsiveness.dll to D:\Program Files (x86)\Microsoft Visual Studio\2022\BuildTools\Common7\IDE\CommonExtensions\Microsoft\ClientDiagnostics\AppResponsiveness\Microsoft.VisualStudio.AppResponsiveness.dll
[c9c4:0009][2026-05-10T01:02:20] Timestamp updated for file 'D:\Program Files (x86)\Microsoft Visual Studio\2022\BuildTools\Common7\IDE\CommonExtensions\Microsoft\ClientDiagnostics\AppResponsiveness\Microsoft.VisualStudio.AppResponsiveness.dll'.
[c9c4:0009][2026-05-10T01:02:20] Processing file /Contents/Common7/IDE/CommonExtensions/Microsoft/ClientDiagnostics/AppResponsiveness/View/CSS/controls/Divider.css
[c9c4:0009][2026-05-10T01:02:20] Started: Copying file /Contents/Common7/IDE/CommonExtensions/Microsoft/ClientDiagnostics/AppResponsiveness/View/CSS/controls/Divider.css to D:\Program Files (x86)\Microsoft Visual Studio\2022\BuildTools\Common7\IDE\CommonExtensions\Microsoft\ClientDiagnostics\AppResponsiveness\View\CSS\controls\Divider.css
[c9c4:0009][2026-05-10T01:02:20] Completed: Copying file /Contents/Common7/IDE/CommonExtensions/Microsoft/ClientDiagnostics/AppResponsiveness/View/CSS/controls/Divider.css to D:\Program Files (x86)\Microsoft Visual Studio\2022\BuildTools\Common7\IDE\CommonExtensions\Microsoft\ClientDiagnostics\AppResponsiveness\View\CSS\controls\Divider.css
[c9c4:0009][2026-05-10T01:02:20] Timestamp updated for file 'D:\Program Files (x86)\Microsoft Visual Studio\2022\BuildTools\Common7\IDE\CommonExtensions\Microsoft\ClientDiagnostics\AppResponsiveness\View\CSS\controls\Divider.css'.
[c9c4:0009][2026-05-10T01:02:20] Processing file /Contents/Common7/IDE/CommonExtensions/Microsoft/ClientDiagnostics/AppResponsiveness/View/CSS/hubGraphs/Ruler.css
[c9c4:0009][2026-05-10T01:02:20] Started: Copying file /Contents/Common7/IDE/CommonExtensions/Microsoft/ClientDiagnostics/AppResponsiveness/View/CSS/hubGraphs/Ruler.css to D:\Program Files (x86)\Microsoft Visual Studio\2022\BuildTools\Common7\IDE\CommonExtensions\Microsoft\ClientDiagnostics\AppResponsiveness\View\CSS\hubGraphs\Ruler.css
[c9c4:0009][2026-05-10T01:02:20] Completed: Copying file /Contents/Common7/IDE/CommonExtensions/Microsoft/ClientDiagnostics/AppResponsiveness/View/CSS/hubGraphs/Ruler.css to D:\Program Files (x86)\Microsoft Visual Studio\2022\BuildTools\Common7\IDE\CommonExtensions\Microsoft\ClientDiagnostics\AppResponsiveness\View\CSS\hubGraphs\Ruler.css
[c9c4:0009][2026-05-10T01:02:20] Timestamp updated for file 'D:\Program Files (x86)\Microsoft Visual Studio\2022\BuildTools\Common7\IDE\CommonExtensions\Microsoft\ClientDiagnostics\AppResponsiveness\View\CSS\hubGraphs\Ruler.css'.
[c9c4:0009][2026-05-10T01:02:20] Processing file /Contents/Common7/IDE/CommonExtensions/Microsoft/ClientDiagnostics/AppResponsiveness/View/CSS/hubGraphs/StackedBarChart.css
[c9c4:0009][2026-05-10T01:02:20] Started: Copying file /Contents/Common7/IDE/CommonExtensions/Microsoft/ClientDiagnostics/AppResponsiveness/View/CSS/hubGraphs/StackedBarChart.css to D:\Program Files (x86)\Microsoft Visual Studio\2022\BuildTools\Common7\IDE\CommonExtensions\Microsoft\ClientDiagnostics\AppResponsiveness\View\CSS\hubGraphs\StackedBarChart.css
[c9c4:0009][2026-05-10T01:02:20] Completed: Copying file /Contents/Common7/IDE/CommonExtensions/Microsoft/ClientDiagnostics/AppResponsiveness/View/CSS/hubGraphs/StackedBarChart.css to D:\Program Files (x86)\Microsoft Visual Studio\2022\BuildTools\Common7\IDE\CommonExtensions\Microsoft\ClientDiagnostics\AppResponsiveness\View\CSS\hubGraphs\StackedBarChart.css
[c9c4:0009][2026-05-10T01:02:20] Timestamp updated for file 'D:\Program Files (x86)\Microsoft Visual Studio\2022\BuildTools\Common7\IDE\CommonExtensions\Microsoft\ClientDiagnostics\AppResponsiveness\View\CSS\hubGraphs\StackedBarChart.css'.
[c9c4:0009][2026-05-10T01:02:20] Processing file /Contents/Common7/IDE/CommonExtensions/Microsoft/ClientDiagnostics/AppResponsiveness/View/DataCategoryStyles.css
[c9c4:0009][2026-05-10T01:02:20] Started: Copying file /Contents/Common7/IDE/CommonExtensions/Microsoft/ClientDiagnostics/AppResponsiveness/View/DataCategoryStyles.css to D:\Program Files (x86)\Microsoft Visual Studio\2022\BuildTools\Common7\IDE\CommonExtensions\Microsoft\ClientDiagnostics\AppResponsiveness\View\DataCategoryStyles.css
[c9c4:0009][2026-05-10T01:02:20] Completed: Copying file /Contents/Common7/IDE/CommonExtensions/Microsoft/ClientDiagnostics/AppResponsiveness/View/DataCategoryStyles.css to D:\Program Files (x86)\Microsoft Visual Studio\2022\BuildTools\Common7\IDE\CommonExtensions\Microsoft\ClientDiagnostics\AppResponsiveness\View\DataCategoryStyles.css
[c9c4:0009][2026-05-10T01:02:20] Timestamp updated for file 'D:\Program Files (x86)\Microsoft Visual Studio\2022\BuildTools\Common7\IDE\CommonExtensions\Microsoft\ClientDiagnostics\AppResponsiveness\View\DataCategoryStyles.css'.
[c9c4:0009][2026-05-10T01:02:20] Processing file /Contents/Common7/IDE/CommonExtensions/Microsoft/ClientDiagnostics/AppResponsiveness/View/DiagnosticsCommon/Bpt.Diagnostics.CommonMerged.js
[c9c4:0009][2026-05-10T01:02:20] Started: Copying file /Contents/Common7/IDE/CommonExtensions/Microsoft/ClientDiagnostics/AppResponsiveness/View/DiagnosticsCommon/Bpt.Diagnostics.CommonMerged.js to D:\Program Files (x86)\Microsoft Visual Studio\2022\BuildTools\Common7\IDE\CommonExtensions\Microsoft\ClientDiagnostics\AppResponsiveness\View\DiagnosticsCommon\Bpt.Diagnostics.CommonMerged.js
[c9c4:0009][2026-05-10T01:02:20] Completed: Copying file /Contents/Common7/IDE/CommonExtensions/Microsoft/ClientDiagnostics/AppResponsiveness/View/DiagnosticsCommon/Bpt.Diagnostics.CommonMerged.js to D:\Program Files (x86)\Microsoft Visual Studio\2022\BuildTools\Common7\IDE\CommonExtensions\Microsoft\ClientDiagnostics\AppResponsiveness\View\DiagnosticsCommon\Bpt.Diagnostics.CommonMerged.js
[c9c4:0009][2026-05-10T01:02:20] Timestamp updated for file 'D:\Program Files (x86)\Microsoft Visual Studio\2022\BuildTools\Common7\IDE\CommonExtensions\Microsoft\ClientDiagnostics\AppResponsiveness\View\DiagnosticsCommon\Bpt.Diagnostics.CommonMerged.js'.
[c9c4:0009][2026-05-10T01:02:20] Processing file /Contents/Common7/IDE/CommonExtensions/Microsoft/ClientDiagnostics/AppResponsiveness/View/DiagnosticsCommon/controls/controls.css
[c9c4:0009][2026-05-10T01:02:20] Started: Copying file /Contents/Common7/IDE/CommonExtensions/Microsoft/ClientDiagnostics/AppResponsiveness/View/DiagnosticsCommon/controls/controls.css to D:\Program Files (x86)\Microsoft Visual Studio\2022\BuildTools\Common7\IDE\CommonExtensions\Microsoft\ClientDiagnostics\AppResponsiveness\View\DiagnosticsCommon\controls\controls.css
[c9c4:0009][2026-05-10T01:02:20] Completed: Copying file /Contents/Common7/IDE/CommonExtensions/Microsoft/ClientDiagnostics/AppResponsiveness/View/DiagnosticsCommon/controls/controls.css to D:\Program Files (x86)\Microsoft Visual Studio\2022\BuildTools\Common7\IDE\CommonExtensions\Microsoft\ClientDiagnostics\AppResponsiveness\View\DiagnosticsCommon\controls\controls.css
[c9c4:0009][2026-05-10T01:02:20] Timestamp updated for file 'D:\Program Files (x86)\Microsoft Visual Studio\2022\BuildTools\Common7\IDE\CommonExtensions\Microsoft\ClientDiagnostics\AppResponsiveness\View\DiagnosticsCommon\controls\controls.css'.
[c9c4:0009][2026-05-10T01:02:20] Processing file /Contents/Common7/IDE/CommonExtensions/Microsoft/ClientDiagnostics/AppResponsiveness/View/DiagnosticsCommon/images/i_warning.png
[c9c4:0009][2026-05-10T01:02:20] Started: Copying file /Contents/Common7/IDE/CommonExtensions/Microsoft/ClientDiagnostics/AppResponsiveness/View/DiagnosticsCommon/images/i_warning.png to D:\Program Files (x86)\Microsoft Visual Studio\2022\BuildTools\Common7\IDE\CommonExtensions\Microsoft\ClientDiagnostics\AppResponsiveness\View\DiagnosticsCommon\images\i_warning.png
[c9c4:0009][2026-05-10T01:02:20] Completed: Copying file /Contents/Common7/IDE/CommonExtensions/Microsoft/ClientDiagnostics/AppResponsiveness/View/DiagnosticsCommon/images/i_warning.png to D:\Program Files (x86)\Microsoft Visual Studio\2022\BuildTools\Common7\IDE\CommonExtensions\Microsoft\ClientDiagnostics\AppResponsiveness\View\DiagnosticsCommon\images\i_warning.png
[c9c4:0009][2026-05-10T01:02:20] Timestamp updated for file 'D:\Program Files (x86)\Microsoft Visual Studio\2022\BuildTools\Common7\IDE\CommonExtensions\Microsoft\ClientDiagnostics\AppResponsiveness\View\DiagnosticsCommon\images\i_warning.png'.
[c9c4:0009][2026-05-10T01:02:20] Processing file /Contents/Common7/IDE/CommonExtensions/Microsoft/ClientDiagnostics/AppResponsiveness/View/DiagnosticsCommon/isDebugBuild.js
[c9c4:0009][2026-05-10T01:02:20] Started: Copying file /Contents/Common7/IDE/CommonExtensions/Microsoft/ClientDiagnostics/AppResponsiveness/View/DiagnosticsCommon/isDebugBuild.js to D:\Program Files (x86)\Microsoft Visual Studio\2022\BuildTools\Common7\IDE\CommonExtensions\Microsoft\ClientDiagnostics\AppResponsiveness\View\DiagnosticsCommon\isDebugBuild.js
[c9c4:0009][2026-05-10T01:02:20] Completed: Copying file /Contents/Common7/IDE/CommonExtensions/Microsoft/ClientDiagnostics/AppResponsiveness/View/DiagnosticsCommon/isDebugBuild.js to D:\Program Files (x86)\Microsoft Visual Studio\2022\BuildTools\Common7\IDE\CommonExtensions\Microsoft\ClientDiagnostics\AppResponsiveness\View\DiagnosticsCommon\isDebugBuild.js
[c9c4:0009][2026-05-10T01:02:20] Timestamp updated for file 'D:\Program Files (x86)\Microsoft Visual Studio\2022\BuildTools\Common7\IDE\CommonExtensions\Microsoft\ClientDiagnostics\AppResponsiveness\View\DiagnosticsCommon\isDebugBuild.js'.
[c9c4:0009][2026-05-10T01:02:20] Processing file /Contents/Common7/IDE/CommonExtensions/Microsoft/ClientDiagnostics/AppResponsiveness/View/DiagnosticsCommon/listControl/ListControl.css
[c9c4:0009][2026-05-10T01:02:20] Started: Copying file /Contents/Common7/IDE/CommonExtensions/Microsoft/ClientDiagnostics/AppResponsiveness/View/DiagnosticsCommon/listControl/ListControl.css to D:\Program Files (x86)\Microsoft Visual Studio\2022\BuildTools\Common7\IDE\CommonExtensions\Microsoft\ClientDiagnostics\AppResponsiveness\View\DiagnosticsCommon\listControl\ListControl.css
[c9c4:0009][2026-05-10T01:02:20] Completed: Copying file /Contents/Common7/IDE/CommonExtensions/Microsoft/ClientDiagnostics/AppResponsiveness/View/DiagnosticsCommon/listControl/ListControl.css to D:\Program Files (x86)\Microsoft Visual Studio\2022\BuildTools\Common7\IDE\CommonExtensions\Microsoft\ClientDiagnostics\AppResponsiveness\View\DiagnosticsCommon\listControl\ListControl.css
[c9c4:0009][2026-05-10T01:02:20] Timestamp updated for file 'D:\Program Files (x86)\Microsoft Visual Studio\2022\BuildTools\Common7\IDE\CommonExtensions\Microsoft\ClientDiagnostics\AppResponsiveness\View\DiagnosticsCommon\listControl\ListControl.css'.
[c9c4:0009][2026-05-10T01:02:20] Processing file /Contents/Common7/IDE/CommonExtensions/Microsoft/ClientDiagnostics/AppResponsiveness/View/DiagnosticsCommon/TabControl.css
[c9c4:0009][2026-05-10T01:02:20] Started: Copying file /Contents/Common7/IDE/CommonExtensions/Microsoft/ClientDiagnostics/AppResponsiveness/View/DiagnosticsCommon/TabControl.css to D:\Program Files (x86)\Microsoft Visual Studio\2022\BuildTools\Common7\IDE\CommonExtensions\Microsoft\ClientDiagnostics\AppResponsiveness\View\DiagnosticsCommon\TabControl.css
[c9c4:0009][2026-05-10T01:02:20] Completed: Copying file /Contents/Common7/IDE/CommonExtensions/Microsoft/ClientDiagnostics/AppResponsiveness/View/DiagnosticsCommon/TabControl.css to D:\Program Files (x86)\Microsoft Visual Studio\2022\BuildTools\Common7\IDE\CommonExtensions\Microsoft\ClientDiagnostics\AppResponsiveness\View\DiagnosticsCommon\TabControl.css
[c9c4:0009][2026-05-10T01:02:20] Timestamp updated for file 'D:\Program Files (x86)\Microsoft Visual Studio\2022\BuildTools\Common7\IDE\CommonExtensions\Microsoft\ClientDiagnostics\AppResponsiveness\View\DiagnosticsCommon\TabControl.css'.
[c9c4:0009][2026-05-10T01:02:20] Processing file /Contents/Common7/IDE/CommonExtensions/Microsoft/ClientDiagnostics/AppResponsiveness/View/diagnosticsHub.js
[c9c4:0009][2026-05-10T01:02:20] Started: Copying file /Contents/Common7/IDE/CommonExtensions/Microsoft/ClientDiagnostics/AppResponsiveness/View/diagnosticsHub.js to D:\Program Files (x86)\Microsoft Visual Studio\2022\BuildTools\Common7\IDE\CommonExtensions\Microsoft\ClientDiagnostics\AppResponsiveness\View\diagnosticsHub.js
[c9c4:0009][2026-05-10T01:02:20] Completed: Copying file /Contents/Common7/IDE/CommonExtensions/Microsoft/ClientDiagnostics/AppResponsiveness/View/diagnosticsHub.js to D:\Program Files (x86)\Microsoft Visual Studio\2022\BuildTools\Common7\IDE\CommonExtensions\Microsoft\ClientDiagnostics\AppResponsiveness\View\diagnosticsHub.js
[c9c4:0009][2026-05-10T01:02:20] Timestamp updated for file 'D:\Program Files (x86)\Microsoft Visual Studio\2022\BuildTools\Common7\IDE\CommonExtensions\Microsoft\ClientDiagnostics\AppResponsiveness\View\diagnosticsHub.js'.
[c9c4:0009][2026-05-10T01:02:20] Processing file /Contents/Common7/IDE/CommonExtensions/Microsoft/ClientDiagnostics/AppResponsiveness/View/HubGraphs.js
[c9c4:0009][2026-05-10T01:02:20] Started: Copying file /Contents/Common7/IDE/CommonExtensions/Microsoft/ClientDiagnostics/AppResponsiveness/View/HubGraphs.js to D:\Program Files (x86)\Microsoft Visual Studio\2022\BuildTools\Common7\IDE\CommonExtensions\Microsoft\ClientDiagnostics\AppResponsiveness\View\HubGraphs.js
[c9c4:0009][2026-05-10T01:02:20] Completed: Copying file /Contents/Common7/IDE/CommonExtensions/Microsoft/ClientDiagnostics/AppResponsiveness/View/HubGraphs.js to D:\Program Files (x86)\Microsoft Visual Studio\2022\BuildTools\Common7\IDE\CommonExtensions\Microsoft\ClientDiagnostics\AppResponsiveness\View\HubGraphs.js
[c9c4:0009][2026-05-10T01:02:20] Timestamp updated for file 'D:\Program Files (x86)\Microsoft Visual Studio\2022\BuildTools\Common7\IDE\CommonExtensions\Microsoft\ClientDiagnostics\AppResponsiveness\View\HubGraphs.js'.
[c9c4:0009][2026-05-10T01:02:20] Processing file /Contents/Common7/IDE/CommonExtensions/Microsoft/ClientDiagnostics/AppResponsiveness/View/Images/i_chartselection_clear.png
[c9c4:0009][2026-05-10T01:02:20] Started: Copying file /Contents/Common7/IDE/CommonExtensions/Microsoft/ClientDiagnostics/AppResponsiveness/View/Images/i_chartselection_clear.png to D:\Program Files (x86)\Microsoft Visual Studio\2022\BuildTools\Common7\IDE\CommonExtensions\Microsoft\ClientDiagnostics\AppResponsiveness\View\Images\i_chartselection_clear.png
[c9c4:0009][2026-05-10T01:02:20] Completed: Copying file /Contents/Common7/IDE/CommonExtensions/Microsoft/ClientDiagnostics/AppResponsiveness/View/Images/i_chartselection_clear.png to D:\Program Files (x86)\Microsoft Visual Studio\2022\BuildTools\Common7\IDE\CommonExtensions\Microsoft\ClientDiagnostics\AppResponsiveness\View\Images\i_chartselection_clear.png
[c9c4:0009][2026-05-10T01:02:20] Timestamp updated for file 'D:\Program Files (x86)\Microsoft Visual Studio\2022\BuildTools\Common7\IDE\CommonExtensions\Microsoft\ClientDiagnostics\AppResponsiveness\View\Images\i_chartselection_clear.png'.
[c9c4:0009][2026-05-10T01:02:20] Processing file /Contents/Common7/IDE/CommonExtensions/Microsoft/ClientDiagnostics/AppResponsiveness/View/Images/i_chartselection_clear_disabled.png
[c9c4:0009][2026-05-10T01:02:20] Started: Copying file /Contents/Common7/IDE/CommonExtensions/Microsoft/ClientDiagnostics/AppResponsiveness/View/Images/i_chartselection_clear_disabled.png to D:\Program Files (x86)\Microsoft Visual Studio\2022\BuildTools\Common7\IDE\CommonExtensions\Microsoft\ClientDiagnostics\AppResponsiveness\View\Images\i_chartselection_clear_disabled.png
[c9c4:0009][2026-05-10T01:02:20] Completed: Copying file /Contents/Common7/IDE/CommonExtensions/Microsoft/ClientDiagnostics/AppResponsiveness/View/Images/i_chartselection_clear_disabled.png to D:\Program Files (x86)\Microsoft Visual Studio\2022\BuildTools\Common7\IDE\CommonExtensions\Microsoft\ClientDiagnostics\AppResponsiveness\View\Images\i_chartselection_clear_disabled.png
[c9c4:0009][2026-05-10T01:02:20] Timestamp updated for file 'D:\Program Files (x86)\Microsoft Visual Studio\2022\BuildTools\Common7\IDE\CommonExtensions\Microsoft\ClientDiagnostics\AppResponsiveness\View\Images\i_chartselection_clear_disabled.png'.
[c9c4:0009][2026-05-10T01:02:20] Processing file /Contents/Common7/IDE/CommonExtensions/Microsoft/ClientDiagnostics/AppResponsiveness/View/Images/i_chartzoom_in.png
[c9c4:0009][2026-05-10T01:02:20] Started: Copying file /Contents/Common7/IDE/CommonExtensions/Microsoft/ClientDiagnostics/AppResponsiveness/View/Images/i_chartzoom_in.png to D:\Program Files (x86)\Microsoft Visual Studio\2022\BuildTools\Common7\IDE\CommonExtensions\Microsoft\ClientDiagnostics\AppResponsiveness\View\Images\i_chartzoom_in.png
[c9c4:0009][2026-05-10T01:02:20] Completed: Copying file /Contents/Common7/IDE/CommonExtensions/Microsoft/ClientDiagnostics/AppResponsiveness/View/Images/i_chartzoom_in.png to D:\Program Files (x86)\Microsoft Visual Studio\2022\BuildTools\Common7\IDE\CommonExtensions\Microsoft\ClientDiagnostics\AppResponsiveness\View\Images\i_chartzoom_in.png
[c9c4:0009][2026-05-10T01:02:20] Timestamp updated for file 'D:\Program Files (x86)\Microsoft Visual Studio\2022\BuildTools\Common7\IDE\CommonExtensions\Microsoft\ClientDiagnostics\AppResponsiveness\View\Images\i_chartzoom_in.png'.
[c9c4:0009][2026-05-10T01:02:20] Processing file /Contents/Common7/IDE/CommonExtensions/Microsoft/ClientDiagnostics/AppResponsiveness/View/Images/i_chartzoom_in_disabled.png
[c9c4:0009][2026-05-10T01:02:20] Started: Copying file /Contents/Common7/IDE/CommonExtensions/Microsoft/ClientDiagnostics/AppResponsiveness/View/Images/i_chartzoom_in_disabled.png to D:\Program Files (x86)\Microsoft Visual Studio\2022\BuildTools\Common7\IDE\CommonExtensions\Microsoft\ClientDiagnostics\AppResponsiveness\View\Images\i_chartzoom_in_disabled.png
[c9c4:0009][2026-05-10T01:02:20] Completed: Copying file /Contents/Common7/IDE/CommonExtensions/Microsoft/ClientDiagnostics/AppResponsiveness/View/Images/i_chartzoom_in_disabled.png to D:\Program Files (x86)\Microsoft Visual Studio\2022\BuildTools\Common7\IDE\CommonExtensions\Microsoft\ClientDiagnostics\AppResponsiveness\View\Images\i_chartzoom_in_disabled.png
[c9c4:0009][2026-05-10T01:02:20] Timestamp updated for file 'D:\Program Files (x86)\Microsoft Visual Studio\2022\BuildTools\Common7\IDE\CommonExtensions\Microsoft\ClientDiagnostics\AppResponsiveness\View\Images\i_chartzoom_in_disabled.png'.
[c9c4:0009][2026-05-10T01:02:20] Processing file /Contents/Common7/IDE/CommonExtensions/Microsoft/ClientDiagnostics/AppResponsiveness/View/Images/i_chartzoom_reset.png
[c9c4:0009][2026-05-10T01:02:20] Started: Copying file /Contents/Common7/IDE/CommonExtensions/Microsoft/ClientDiagnostics/AppResponsiveness/View/Images/i_chartzoom_reset.png to D:\Program Files (x86)\Microsoft Visual Studio\2022\BuildTools\Common7\IDE\CommonExtensions\Microsoft\ClientDiagnostics\AppResponsiveness\View\Images\i_chartzoom_reset.png
[c9c4:0009][2026-05-10T01:02:20] Completed: Copying file /Contents/Common7/IDE/CommonExtensions/Microsoft/ClientDiagnostics/AppResponsiveness/View/Images/i_chartzoom_reset.png to D:\Program Files (x86)\Microsoft Visual Studio\2022\BuildTools\Common7\IDE\CommonExtensions\Microsoft\ClientDiagnostics\AppResponsiveness\View\Images\i_chartzoom_reset.png
[c9c4:0009][2026-05-10T01:02:20] Timestamp updated for file 'D:\Program Files (x86)\Microsoft Visual Studio\2022\BuildTools\Common7\IDE\CommonExtensions\Microsoft\ClientDiagnostics\AppResponsiveness\View\Images\i_chartzoom_reset.png'.
[c9c4:0009][2026-05-10T01:02:20] Processing file /Contents/Common7/IDE/CommonExtensions/Microsoft/ClientDiagnostics/AppResponsiveness/View/Images/i_chartzoom_reset_disabled.png
[c9c4:0009][2026-05-10T01:02:20] Started: Copying file /Contents/Common7/IDE/CommonExtensions/Microsoft/ClientDiagnostics/AppResponsiveness/View/Images/i_chartzoom_reset_disabled.png to D:\Program Files (x86)\Microsoft Visual Studio\2022\BuildTools\Common7\IDE\CommonExtensions\Microsoft\ClientDiagnostics\AppResponsiveness\View\Images\i_chartzoom_reset_disabled.png
[c9c4:0009][2026-05-10T01:02:20] Completed: Copying file /Contents/Common7/IDE/CommonExtensions/Microsoft/ClientDiagnostics/AppResponsiveness/View/Images/i_chartzoom_reset_disabled.png to D:\Program Files (x86)\Microsoft Visual Studio\2022\BuildTools\Common7\IDE\CommonExtensions\Microsoft\ClientDiagnostics\AppResponsiveness\View\Images\i_chartzoom_reset_disabled.png
[c9c4:0009][2026-05-10T01:02:20] Timestamp updated for file 'D:\Program Files (x86)\Microsoft Visual Studio\2022\BuildTools\Common7\IDE\CommonExtensions\Microsoft\ClientDiagnostics\AppResponsiveness\View\Images\i_chartzoom_reset_disabled.png'.
[c9c4:0009][2026-05-10T01:02:20] Processing file /Contents/Common7/IDE/CommonExtensions/Microsoft/ClientDiagnostics/AppResponsiveness/View/Images/i_checkered_background.png
[c9c4:0009][2026-05-10T01:02:20] Started: Copying file /Contents/Common7/IDE/CommonExtensions/Microsoft/ClientDiagnostics/AppResponsiveness/View/Images/i_checkered_background.png to D:\Program Files (x86)\Microsoft Visual Studio\2022\BuildTools\Common7\IDE\CommonExtensions\Microsoft\ClientDiagnostics\AppResponsiveness\View\Images\i_checkered_background.png
[c9c4:0009][2026-05-10T01:02:20] Completed: Copying file /Contents/Common7/IDE/CommonExtensions/Microsoft/ClientDiagnostics/AppResponsiveness/View/Images/i_checkered_background.png to D:\Program Files (x86)\Microsoft Visual Studio\2022\BuildTools\Common7\IDE\CommonExtensions\Microsoft\ClientDiagnostics\AppResponsiveness\View\Images\i_checkered_background.png
[c9c4:0009][2026-05-10T01:02:20] Timestamp updated for file 'D:\Program Files (x86)\Microsoft Visual Studio\2022\BuildTools\Common7\IDE\CommonExtensions\Microsoft\ClientDiagnostics\AppResponsiveness\View\Images\i_checkered_background.png'.
[c9c4:0009][2026-05-10T01:02:20] Processing file /Contents/Common7/IDE/CommonExtensions/Microsoft/ClientDiagnostics/AppResponsiveness/View/Images/i_filtering_options.png
[c9c4:0009][2026-05-10T01:02:20] Started: Copying file /Contents/Common7/IDE/CommonExtensions/Microsoft/ClientDiagnostics/AppResponsiveness/View/Images/i_filtering_options.png to D:\Program Files (x86)\Microsoft Visual Studio\2022\BuildTools\Common7\IDE\CommonExtensions\Microsoft\ClientDiagnostics\AppResponsiveness\View\Images\i_filtering_options.png
[c9c4:0009][2026-05-10T01:02:20] Completed: Copying file /Contents/Common7/IDE/CommonExtensions/Microsoft/ClientDiagnostics/AppResponsiveness/View/Images/i_filtering_options.png to D:\Program Files (x86)\Microsoft Visual Studio\2022\BuildTools\Common7\IDE\CommonExtensions\Microsoft\ClientDiagnostics\AppResponsiveness\View\Images\i_filtering_options.png
[c9c4:0009][2026-05-10T01:02:20] Timestamp updated for file 'D:\Program Files (x86)\Microsoft Visual Studio\2022\BuildTools\Common7\IDE\CommonExtensions\Microsoft\ClientDiagnostics\AppResponsiveness\View\Images\i_filtering_options.png'.
[c9c4:0009][2026-05-10T01:02:20] Processing file /Contents/Common7/IDE/CommonExtensions/Microsoft/ClientDiagnostics/AppResponsiveness/View/Images/i_frame_grouping.png
[c9c4:0009][2026-05-10T01:02:20] Started: Copying file /Contents/Common7/IDE/CommonExtensions/Microsoft/ClientDiagnostics/AppResponsiveness/View/Images/i_frame_grouping.png to D:\Program Files (x86)\Microsoft Visual Studio\2022\BuildTools\Common7\IDE\CommonExtensions\Microsoft\ClientDiagnostics\AppResponsiveness\View\Images\i_frame_grouping.png
[c9c4:0009][2026-05-10T01:02:20] Completed: Copying file /Contents/Common7/IDE/CommonExtensions/Microsoft/ClientDiagnostics/AppResponsiveness/View/Images/i_frame_grouping.png to D:\Program Files (x86)\Microsoft Visual Studio\2022\BuildTools\Common7\IDE\CommonExtensions\Microsoft\ClientDiagnostics\AppResponsiveness\View\Images\i_frame_grouping.png
[c9c4:0009][2026-05-10T01:02:20] Timestamp updated for file 'D:\Program Files (x86)\Microsoft Visual Studio\2022\BuildTools\Common7\IDE\CommonExtensions\Microsoft\ClientDiagnostics\AppResponsiveness\View\Images\i_frame_grouping.png'.
[c9c4:0009][2026-05-10T01:02:20] Processing file /Contents/Common7/IDE/CommonExtensions/Microsoft/ClientDiagnostics/AppResponsiveness/View/Images/i_viewsettings_options.png
[c9c4:0009][2026-05-10T01:02:20] Started: Copying file /Contents/Common7/IDE/CommonExtensions/Microsoft/ClientDiagnostics/AppResponsiveness/View/Images/i_viewsettings_options.png to D:\Program Files (x86)\Microsoft Visual Studio\2022\BuildTools\Common7\IDE\CommonExtensions\Microsoft\ClientDiagnostics\AppResponsiveness\View\Images\i_viewsettings_options.png
[c9c4:0009][2026-05-10T01:02:20] Completed: Copying file /Contents/Common7/IDE/CommonExtensions/Microsoft/ClientDiagnostics/AppResponsiveness/View/Images/i_viewsettings_options.png to D:\Program Files (x86)\Microsoft Visual Studio\2022\BuildTools\Common7\IDE\CommonExtensions\Microsoft\ClientDiagnostics\AppResponsiveness\View\Images\i_viewsettings_options.png
[c9c4:0009][2026-05-10T01:02:20] Timestamp updated for file 'D:\Program Files (x86)\Microsoft Visual Studio\2022\BuildTools\Common7\IDE\CommonExtensions\Microsoft\ClientDiagnostics\AppResponsiveness\View\Images\i_viewsettings_options.png'.
[c9c4:0009][2026-05-10T01:02:20] Processing file /Contents/Common7/IDE/CommonExtensions/Microsoft/ClientDiagnostics/AppResponsiveness/View/manifest.json
[c9c4:0009][2026-05-10T01:02:20] Started: Copying file /Contents/Common7/IDE/CommonExtensions/Microsoft/ClientDiagnostics/AppResponsiveness/View/manifest.json to D:\Program Files (x86)\Microsoft Visual Studio\2022\BuildTools\Common7\IDE\CommonExtensions\Microsoft\ClientDiagnostics\AppResponsiveness\View\manifest.json
[c9c4:0009][2026-05-10T01:02:20] Completed: Copying file /Contents/Common7/IDE/CommonExtensions/Microsoft/ClientDiagnostics/AppResponsiveness/View/manifest.json to D:\Program Files (x86)\Microsoft Visual Studio\2022\BuildTools\Common7\IDE\CommonExtensions\Microsoft\ClientDiagnostics\AppResponsiveness\View\manifest.json
[c9c4:0009][2026-05-10T01:02:20] Timestamp updated for file 'D:\Program Files (x86)\Microsoft Visual Studio\2022\BuildTools\Common7\IDE\CommonExtensions\Microsoft\ClientDiagnostics\AppResponsiveness\View\manifest.json'.
[c9c4:0009][2026-05-10T01:02:20] Processing file /Contents/Common7/IDE/CommonExtensions/Microsoft/ClientDiagnostics/AppResponsiveness/View/PerfToolsCommon/Bpt.Diagnostics.PerfTools.CommonMerged.js
[c9c4:0009][2026-05-10T01:02:20] Started: Copying file /Contents/Common7/IDE/CommonExtensions/Microsoft/ClientDiagnostics/AppResponsiveness/View/PerfToolsCommon/Bpt.Diagnostics.PerfTools.CommonMerged.js to D:\Program Files (x86)\Microsoft Visual Studio\2022\BuildTools\Common7\IDE\CommonExtensions\Microsoft\ClientDiagnostics\AppResponsiveness\View\PerfToolsCommon\Bpt.Diagnostics.PerfTools.CommonMerged.js
[c9c4:0009][2026-05-10T01:02:20] Completed: Copying file /Contents/Common7/IDE/CommonExtensions/Microsoft/ClientDiagnostics/AppResponsiveness/View/PerfToolsCommon/Bpt.Diagnostics.PerfTools.CommonMerged.js to D:\Program Files (x86)\Microsoft Visual Studio\2022\BuildTools\Common7\IDE\CommonExtensions\Microsoft\ClientDiagnostics\AppResponsiveness\View\PerfToolsCommon\Bpt.Diagnostics.PerfTools.CommonMerged.js
[c9c4:0009][2026-05-10T01:02:20] Timestamp updated for file 'D:\Program Files (x86)\Microsoft Visual Studio\2022\BuildTools\Common7\IDE\CommonExtensions\Microsoft\ClientDiagnostics\AppResponsiveness\View\PerfToolsCommon\Bpt.Diagnostics.PerfTools.CommonMerged.js'.
[c9c4:0009][2026-05-10T01:02:20] Processing file /Contents/Common7/IDE/CommonExtensions/Microsoft/ClientDiagnostics/AppResponsiveness/View/PerfToolsCommon/controls/menuControl.css
[c9c4:0009][2026-05-10T01:02:20] Started: Copying file /Contents/Common7/IDE/CommonExtensions/Microsoft/ClientDiagnostics/AppResponsiveness/View/PerfToolsCommon/controls/menuControl.css to D:\Program Files (x86)\Microsoft Visual Studio\2022\BuildTools\Common7\IDE\CommonExtensions\Microsoft\ClientDiagnostics\AppResponsiveness\View\PerfToolsCommon\controls\menuControl.css
[c9c4:0009][2026-05-10T01:02:20] Completed: Copying file /Contents/Common7/IDE/CommonExtensions/Microsoft/ClientDiagnostics/AppResponsiveness/View/PerfToolsCommon/controls/menuControl.css to D:\Program Files (x86)\Microsoft Visual Studio\2022\BuildTools\Common7\IDE\CommonExtensions\Microsoft\ClientDiagnostics\AppResponsiveness\View\PerfToolsCommon\controls\menuControl.css
[c9c4:0009][2026-05-10T01:02:20] Timestamp updated for file 'D:\Program Files (x86)\Microsoft Visual Studio\2022\BuildTools\Common7\IDE\CommonExtensions\Microsoft\ClientDiagnostics\AppResponsiveness\View\PerfToolsCommon\controls\menuControl.css'.
[c9c4:0009][2026-05-10T01:02:20] Processing file /Contents/Common7/IDE/CommonExtensions/Microsoft/ClientDiagnostics/AppResponsiveness/View/PerfToolsCommon/controls/SourceInfoTooltip.css
[c9c4:0009][2026-05-10T01:02:20] Started: Copying file /Contents/Common7/IDE/CommonExtensions/Microsoft/ClientDiagnostics/AppResponsiveness/View/PerfToolsCommon/controls/SourceInfoTooltip.css to D:\Program Files (x86)\Microsoft Visual Studio\2022\BuildTools\Common7\IDE\CommonExtensions\Microsoft\ClientDiagnostics\AppResponsiveness\View\PerfToolsCommon\controls\SourceInfoTooltip.css
[c9c4:0009][2026-05-10T01:02:20] Completed: Copying file /Contents/Common7/IDE/CommonExtensions/Microsoft/ClientDiagnostics/AppResponsiveness/View/PerfToolsCommon/controls/SourceInfoTooltip.css to D:\Program Files (x86)\Microsoft Visual Studio\2022\BuildTools\Common7\IDE\CommonExtensions\Microsoft\ClientDiagnostics\AppResponsiveness\View\PerfToolsCommon\controls\SourceInfoTooltip.css
[c9c4:0009][2026-05-10T01:02:20] Timestamp updated for file 'D:\Program Files (x86)\Microsoft Visual Studio\2022\BuildTools\Common7\IDE\CommonExtensions\Microsoft\ClientDiagnostics\AppResponsiveness\View\PerfToolsCommon\controls\SourceInfoTooltip.css'.
[c9c4:0009][2026-05-10T01:02:20] Processing file /Contents/Common7/IDE/CommonExtensions/Microsoft/ClientDiagnostics/AppResponsiveness/View/PerfToolsCommon/images/CheckMark.png
[c9c4:0009][2026-05-10T01:02:20] Started: Copying file /Contents/Common7/IDE/CommonExtensions/Microsoft/ClientDiagnostics/AppResponsiveness/View/PerfToolsCommon/images/CheckMark.png to D:\Program Files (x86)\Microsoft Visual Studio\2022\BuildTools\Common7\IDE\CommonExtensions\Microsoft\ClientDiagnostics\AppResponsiveness\View\PerfToolsCommon\images\CheckMark.png
[c9c4:0009][2026-05-10T01:02:20] Completed: Copying file /Contents/Common7/IDE/CommonExtensions/Microsoft/ClientDiagnostics/AppResponsiveness/View/PerfToolsCommon/images/CheckMark.png to D:\Program Files (x86)\Microsoft Visual Studio\2022\BuildTools\Common7\IDE\CommonExtensions\Microsoft\ClientDiagnostics\AppResponsiveness\View\PerfToolsCommon\images\CheckMark.png
[c9c4:0009][2026-05-10T01:02:20] Timestamp updated for file 'D:\Program Files (x86)\Microsoft Visual Studio\2022\BuildTools\Common7\IDE\CommonExtensions\Microsoft\ClientDiagnostics\AppResponsiveness\View\PerfToolsCommon\images\CheckMark.png'.
[c9c4:0009][2026-05-10T01:02:20] Processing file /Contents/Common7/IDE/CommonExtensions/Microsoft/ClientDiagnostics/AppResponsiveness/View/PerfToolsCommon/images/CustomMark5_18x.png
[c9c4:0009][2026-05-10T01:02:20] Started: Copying file /Contents/Common7/IDE/CommonExtensions/Microsoft/ClientDiagnostics/AppResponsiveness/View/PerfToolsCommon/images/CustomMark5_18x.png to D:\Program Files (x86)\Microsoft Visual Studio\2022\BuildTools\Common7\IDE\CommonExtensions\Microsoft\ClientDiagnostics\AppResponsiveness\View\PerfToolsCommon\images\CustomMark5_18x.png
[c9c4:0009][2026-05-10T01:02:20] Completed: Copying file /Contents/Common7/IDE/CommonExtensions/Microsoft/ClientDiagnostics/AppResponsiveness/View/PerfToolsCommon/images/CustomMark5_18x.png to D:\Program Files (x86)\Microsoft Visual Studio\2022\BuildTools\Common7\IDE\CommonExtensions\Microsoft\ClientDiagnostics\AppResponsiveness\View\PerfToolsCommon\images\CustomMark5_18x.png
[c9c4:0009][2026-05-10T01:02:20] Timestamp updated for file 'D:\Program Files (x86)\Microsoft Visual Studio\2022\BuildTools\Common7\IDE\CommonExtensions\Microsoft\ClientDiagnostics\AppResponsiveness\View\PerfToolsCommon\images\CustomMark5_18x.png'.
[c9c4:0009][2026-05-10T01:02:20] Processing file /Contents/Common7/IDE/CommonExtensions/Microsoft/ClientDiagnostics/AppResponsiveness/View/PerfToolsCommon/images/itemCollapsedIcon.png
[c9c4:0009][2026-05-10T01:02:20] Started: Copying file /Contents/Common7/IDE/CommonExtensions/Microsoft/ClientDiagnostics/AppResponsiveness/View/PerfToolsCommon/images/itemCollapsedIcon.png to D:\Program Files (x86)\Microsoft Visual Studio\2022\BuildTools\Common7\IDE\CommonExtensions\Microsoft\ClientDiagnostics\AppResponsiveness\View\PerfToolsCommon\images\itemCollapsedIcon.png
[c9c4:0009][2026-05-10T01:02:20] Completed: Copying file /Contents/Common7/IDE/CommonExtensions/Microsoft/ClientDiagnostics/AppResponsiveness/View/PerfToolsCommon/images/itemCollapsedIcon.png to D:\Program Files (x86)\Microsoft Visual Studio\2022\BuildTools\Common7\IDE\CommonExtensions\Microsoft\ClientDiagnostics\AppResponsiveness\View\PerfToolsCommon\images\itemCollapsedIcon.png
[c9c4:0009][2026-05-10T01:02:20] Timestamp updated for file 'D:\Program Files (x86)\Microsoft Visual Studio\2022\BuildTools\Common7\IDE\CommonExtensions\Microsoft\ClientDiagnostics\AppResponsiveness\View\PerfToolsCommon\images\itemCollapsedIcon.png'.
[c9c4:0009][2026-05-10T01:02:20] Processing file /Contents/Common7/IDE/CommonExtensions/Microsoft/ClientDiagnostics/AppResponsiveness/View/PerfToolsCommon/images/itemExpandedIcon.png
[c9c4:0009][2026-05-10T01:02:20] Started: Copying file /Contents/Common7/IDE/CommonExtensions/Microsoft/ClientDiagnostics/AppResponsiveness/View/PerfToolsCommon/images/itemExpandedIcon.png to D:\Program Files (x86)\Microsoft Visual Studio\2022\BuildTools\Common7\IDE\CommonExtensions\Microsoft\ClientDiagnostics\AppResponsiveness\View\PerfToolsCommon\images\itemExpandedIcon.png
[c9c4:0009][2026-05-10T01:02:20] Completed: Copying file /Contents/Common7/IDE/CommonExtensions/Microsoft/ClientDiagnostics/AppResponsiveness/View/PerfToolsCommon/images/itemExpandedIcon.png to D:\Program Files (x86)\Microsoft Visual Studio\2022\BuildTools\Common7\IDE\CommonExtensions\Microsoft\ClientDiagnostics\AppResponsiveness\View\PerfToolsCommon\images\itemExpandedIcon.png
[c9c4:0009][2026-05-10T01:02:20] Timestamp updated for file 'D:\Program Files (x86)\Microsoft Visual Studio\2022\BuildTools\Common7\IDE\CommonExtensions\Microsoft\ClientDiagnostics\AppResponsiveness\View\PerfToolsCommon\images\itemExpandedIcon.png'.
[c9c4:0009][2026-05-10T01:02:20] Processing file /Contents/Common7/IDE/CommonExtensions/Microsoft/ClientDiagnostics/AppResponsiveness/View/PerfToolsCommon/images/i_appevent.png
[c9c4:0009][2026-05-10T01:02:20] Started: Copying file /Contents/Common7/IDE/CommonExtensions/Microsoft/ClientDiagnostics/AppResponsiveness/View/PerfToolsCommon/images/i_appevent.png to D:\Program Files (x86)\Microsoft Visual Studio\2022\BuildTools\Common7\IDE\CommonExtensions\Microsoft\ClientDiagnostics\AppResponsiveness\View\PerfToolsCommon\images\i_appevent.png
[c9c4:0009][2026-05-10T01:02:20] Completed: Copying file /Contents/Common7/IDE/CommonExtensions/Microsoft/ClientDiagnostics/AppResponsiveness/View/PerfToolsCommon/images/i_appevent.png to D:\Program Files (x86)\Microsoft Visual Studio\2022\BuildTools\Common7\IDE\CommonExtensions\Microsoft\ClientDiagnostics\AppResponsiveness\View\PerfToolsCommon\images\i_appevent.png
[c9c4:0009][2026-05-10T01:02:20] Timestamp updated for file 'D:\Program Files (x86)\Microsoft Visual Studio\2022\BuildTools\Common7\IDE\CommonExtensions\Microsoft\ClientDiagnostics\AppResponsiveness\View\PerfToolsCommon\images\i_appevent.png'.
[c9c4:0009][2026-05-10T01:02:20] Processing file /Contents/Common7/IDE/CommonExtensions/Microsoft/ClientDiagnostics/AppResponsiveness/View/PerfToolsCommon/images/i_usermark.png
[c9c4:0009][2026-05-10T01:02:20] Started: Copying file /Contents/Common7/IDE/CommonExtensions/Microsoft/ClientDiagnostics/AppResponsiveness/View/PerfToolsCommon/images/i_usermark.png to D:\Program Files (x86)\Microsoft Visual Studio\2022\BuildTools\Common7\IDE\CommonExtensions\Microsoft\ClientDiagnostics\AppResponsiveness\View\PerfToolsCommon\images\i_usermark.png
[c9c4:0009][2026-05-10T01:02:20] Completed: Copying file /Contents/Common7/IDE/CommonExtensions/Microsoft/ClientDiagnostics/AppResponsiveness/View/PerfToolsCommon/images/i_usermark.png to D:\Program Files (x86)\Microsoft Visual Studio\2022\BuildTools\Common7\IDE\CommonExtensions\Microsoft\ClientDiagnostics\AppResponsiveness\View\PerfToolsCommon\images\i_usermark.png
[c9c4:0009][2026-05-10T01:02:20] Timestamp updated for file 'D:\Program Files (x86)\Microsoft Visual Studio\2022\BuildTools\Common7\IDE\CommonExtensions\Microsoft\ClientDiagnostics\AppResponsiveness\View\PerfToolsCommon\images\i_usermark.png'.
[c9c4:0009][2026-05-10T01:02:20] Processing file /Contents/Common7/IDE/CommonExtensions/Microsoft/ClientDiagnostics/AppResponsiveness/View/PerfToolsCommon/TokenExtractor.css
[c9c4:0009][2026-05-10T01:02:20] Started: Copying file /Contents/Common7/IDE/CommonExtensions/Microsoft/ClientDiagnostics/AppResponsiveness/View/PerfToolsCommon/TokenExtractor.css to D:\Program Files (x86)\Microsoft Visual Studio\2022\BuildTools\Common7\IDE\CommonExtensions\Microsoft\ClientDiagnostics\AppResponsiveness\View\PerfToolsCommon\TokenExtractor.css
[c9c4:0009][2026-05-10T01:02:20] Completed: Copying file /Contents/Common7/IDE/CommonExtensions/Microsoft/ClientDiagnostics/AppResponsiveness/View/PerfToolsCommon/TokenExtractor.css to D:\Program Files (x86)\Microsoft Visual Studio\2022\BuildTools\Common7\IDE\CommonExtensions\Microsoft\ClientDiagnostics\AppResponsiveness\View\PerfToolsCommon\TokenExtractor.css
[c9c4:0009][2026-05-10T01:02:20] Timestamp updated for file 'D:\Program Files (x86)\Microsoft Visual Studio\2022\BuildTools\Common7\IDE\CommonExtensions\Microsoft\ClientDiagnostics\AppResponsiveness\View\PerfToolsCommon\TokenExtractor.css'.
[c9c4:0009][2026-05-10T01:02:20] Processing file /Contents/Common7/IDE/CommonExtensions/Microsoft/ClientDiagnostics/AppResponsiveness/View/Resources/Resources.resx
[c9c4:0009][2026-05-10T01:02:20] Started: Copying file /Contents/Common7/IDE/CommonExtensions/Microsoft/ClientDiagnostics/AppResponsiveness/View/Resources/Resources.resx to D:\Program Files (x86)\Microsoft Visual Studio\2022\BuildTools\Common7\IDE\CommonExtensions\Microsoft\ClientDiagnostics\AppResponsiveness\View\Resources\Resources.resx
[c9c4:0009][2026-05-10T01:02:20] Completed: Copying file /Contents/Common7/IDE/CommonExtensions/Microsoft/ClientDiagnostics/AppResponsiveness/View/Resources/Resources.resx to D:\Program Files (x86)\Microsoft Visual Studio\2022\BuildTools\Common7\IDE\CommonExtensions\Microsoft\ClientDiagnostics\AppResponsiveness\View\Resources\Resources.resx
[c9c4:0009][2026-05-10T01:02:20] Timestamp updated for file 'D:\Program Files (x86)\Microsoft Visual Studio\2022\BuildTools\Common7\IDE\CommonExtensions\Microsoft\ClientDiagnostics\AppResponsiveness\View\Resources\Resources.resx'.
[c9c4:0009][2026-05-10T01:02:20] Processing file /Contents/Common7/IDE/CommonExtensions/Microsoft/ClientDiagnostics/AppResponsiveness/View/VisualProfiler.css
[c9c4:0009][2026-05-10T01:02:20] Started: Copying file /Contents/Common7/IDE/CommonExtensions/Microsoft/ClientDiagnostics/AppResponsiveness/View/VisualProfiler.css to D:\Program Files (x86)\Microsoft Visual Studio\2022\BuildTools\Common7\IDE\CommonExtensions\Microsoft\ClientDiagnostics\AppResponsiveness\View\VisualProfiler.css
[c9c4:0009][2026-05-10T01:02:20] Completed: Copying file /Contents/Common7/IDE/CommonExtensions/Microsoft/ClientDiagnostics/AppResponsiveness/View/VisualProfiler.css to D:\Program Files (x86)\Microsoft Visual Studio\2022\BuildTools\Common7\IDE\CommonExtensions\Microsoft\ClientDiagnostics\AppResponsiveness\View\VisualProfiler.css
[c9c4:0009][2026-05-10T01:02:20] Timestamp updated for file 'D:\Program Files (x86)\Microsoft Visual Studio\2022\BuildTools\Common7\IDE\CommonExtensions\Microsoft\ClientDiagnostics\AppResponsiveness\View\VisualProfiler.css'.
[c9c4:0009][2026-05-10T01:02:20] Processing file /Contents/Common7/IDE/CommonExtensions/Microsoft/ClientDiagnostics/AppResponsiveness/View/VisualProfiler.html
[c9c4:0009][2026-05-10T01:02:20] Started: Copying file /Contents/Common7/IDE/CommonExtensions/Microsoft/ClientDiagnostics/AppResponsiveness/View/VisualProfiler.html to D:\Program Files (x86)\Microsoft Visual Studio\2022\BuildTools\Common7\IDE\CommonExtensions\Microsoft\ClientDiagnostics\AppResponsiveness\View\VisualProfiler.html
[c9c4:0009][2026-05-10T01:02:20] Completed: Copying file /Contents/Common7/IDE/CommonExtensions/Microsoft/ClientDiagnostics/AppResponsiveness/View/VisualProfiler.html to D:\Program Files (x86)\Microsoft Visual Studio\2022\BuildTools\Common7\IDE\CommonExtensions\Microsoft\ClientDiagnostics\AppResponsiveness\View\VisualProfiler.html
[c9c4:0009][2026-05-10T01:02:20] Timestamp updated for file 'D:\Program Files (x86)\Microsoft Visual Studio\2022\BuildTools\Common7\IDE\CommonExtensions\Microsoft\ClientDiagnostics\AppResponsiveness\View\VisualProfiler.html'.
[c9c4:0009][2026-05-10T01:02:20] Processing file /Contents/Common7/IDE/CommonExtensions/Microsoft/ClientDiagnostics/AppResponsiveness/View/VisualProfilerMerged.js
[c9c4:0009][2026-05-10T01:02:20] Started: Copying file /Contents/Common7/IDE/CommonExtensions/Microsoft/ClientDiagnostics/AppResponsiveness/View/VisualProfilerMerged.js to D:\Program Files (x86)\Microsoft Visual Studio\2022\BuildTools\Common7\IDE\CommonExtensions\Microsoft\ClientDiagnostics\AppResponsiveness\View\VisualProfilerMerged.js
[c9c4:0009][2026-05-10T01:02:20] Completed: Copying file /Contents/Common7/IDE/CommonExtensions/Microsoft/ClientDiagnostics/AppResponsiveness/View/VisualProfilerMerged.js to D:\Program Files (x86)\Microsoft Visual Studio\2022\BuildTools\Common7\IDE\CommonExtensions\Microsoft\ClientDiagnostics\AppResponsiveness\View\VisualProfilerMerged.js
[c9c4:0009][2026-05-10T01:02:20] Timestamp updated for file 'D:\Program Files (x86)\Microsoft Visual Studio\2022\BuildTools\Common7\IDE\CommonExtensions\Microsoft\ClientDiagnostics\AppResponsiveness\View\VisualProfilerMerged.js'.
[c9c4:0009][2026-05-10T01:02:20] Processing file /Contents/Common7/IDE/CommonExtensions/Microsoft/ClientDiagnostics/AppResponsiveness/VisualProfilerColors.pkgdef
[c9c4:0009][2026-05-10T01:02:20] Started: Copying file /Contents/Common7/IDE/CommonExtensions/Microsoft/ClientDiagnostics/AppResponsiveness/VisualProfilerColors.pkgdef to D:\Program Files (x86)\Microsoft Visual Studio\2022\BuildTools\Common7\IDE\CommonExtensions\Microsoft\ClientDiagnostics\AppResponsiveness\VisualProfilerColors.pkgdef
[c9c4:0009][2026-05-10T01:02:20] Completed: Copying file /Contents/Common7/IDE/CommonExtensions/Microsoft/ClientDiagnostics/AppResponsiveness/VisualProfilerColors.pkgdef to D:\Program Files (x86)\Microsoft Visual Studio\2022\BuildTools\Common7\IDE\CommonExtensions\Microsoft\ClientDiagnostics\AppResponsiveness\VisualProfilerColors.pkgdef
[c9c4:0009][2026-05-10T01:02:20] Timestamp updated for file 'D:\Program Files (x86)\Microsoft Visual Studio\2022\BuildTools\Common7\IDE\CommonExtensions\Microsoft\ClientDiagnostics\AppResponsiveness\VisualProfilerColors.pkgdef'.
[c9c4:0009][2026-05-10T01:02:20] Processing file /Contents/Common7/IDE/CommonExtensions/Platform/DiagnosticsHub/amd64/AppRespWpfEvents.dll
[c9c4:0009][2026-05-10T01:02:20] Started: Copying file /Contents/Common7/IDE/CommonExtensions/Platform/DiagnosticsHub/amd64/AppRespWpfEvents.dll to D:\Program Files (x86)\Microsoft Visual Studio\2022\BuildTools\Common7\IDE\CommonExtensions\Platform\DiagnosticsHub\amd64\AppRespWpfEvents.dll
[c9c4:0009][2026-05-10T01:02:20] Completed: Copying file /Contents/Common7/IDE/CommonExtensions/Platform/DiagnosticsHub/amd64/AppRespWpfEvents.dll to D:\Program Files (x86)\Microsoft Visual Studio\2022\BuildTools\Common7\IDE\CommonExtensions\Platform\DiagnosticsHub\amd64\AppRespWpfEvents.dll
[c9c4:0009][2026-05-10T01:02:20] Timestamp updated for file 'D:\Program Files (x86)\Microsoft Visual Studio\2022\BuildTools\Common7\IDE\CommonExtensions\Platform\DiagnosticsHub\amd64\AppRespWpfEvents.dll'.
[c9c4:0009][2026-05-10T01:02:20] Processing file /Contents/Common7/IDE/CommonExtensions/Platform/DiagnosticsHub/amd64/AppRespXamlEvents.dll
[c9c4:0009][2026-05-10T01:02:20] Started: Copying file /Contents/Common7/IDE/CommonExtensions/Platform/DiagnosticsHub/amd64/AppRespXamlEvents.dll to D:\Program Files (x86)\Microsoft Visual Studio\2022\BuildTools\Common7\IDE\CommonExtensions\Platform\DiagnosticsHub\amd64\AppRespXamlEvents.dll
[c9c4:0009][2026-05-10T01:02:20] Completed: Copying file /Contents/Common7/IDE/CommonExtensions/Platform/DiagnosticsHub/amd64/AppRespXamlEvents.dll to D:\Program Files (x86)\Microsoft Visual Studio\2022\BuildTools\Common7\IDE\CommonExtensions\Platform\DiagnosticsHub\amd64\AppRespXamlEvents.dll
[c9c4:0009][2026-05-10T01:02:20] Timestamp updated for file 'D:\Program Files (x86)\Microsoft Visual Studio\2022\BuildTools\Common7\IDE\CommonExtensions\Platform\DiagnosticsHub\amd64\AppRespXamlEvents.dll'.
[c9c4:0009][2026-05-10T01:02:20] Processing file /Contents/Common7/IDE/CommonExtensions/Platform/DiagnosticsHub/amd64/Microsoft-Windows-XAML.man
[c9c4:0009][2026-05-10T01:02:20] Started: Copying file /Contents/Common7/IDE/CommonExtensions/Platform/DiagnosticsHub/amd64/Microsoft-Windows-XAML.man to D:\Program Files (x86)\Microsoft Visual Studio\2022\BuildTools\Common7\IDE\CommonExtensions\Platform\DiagnosticsHub\amd64\Microsoft-Windows-XAML.man
[c9c4:0009][2026-05-10T01:02:20] Completed: Copying file /Contents/Common7/IDE/CommonExtensions/Platform/DiagnosticsHub/amd64/Microsoft-Windows-XAML.man to D:\Program Files (x86)\Microsoft Visual Studio\2022\BuildTools\Common7\IDE\CommonExtensions\Platform\DiagnosticsHub\amd64\Microsoft-Windows-XAML.man
[c9c4:0009][2026-05-10T01:02:20] Timestamp updated for file 'D:\Program Files (x86)\Microsoft Visual Studio\2022\BuildTools\Common7\IDE\CommonExtensions\Platform\DiagnosticsHub\amd64\Microsoft-Windows-XAML.man'.
[c9c4:0009][2026-05-10T01:02:20] Processing file /Contents/Common7/IDE/CommonExtensions/Platform/DiagnosticsHub/x86/AppRespWpfEvents.dll
[c9c4:0009][2026-05-10T01:02:20] Started: Copying file /Contents/Common7/IDE/CommonExtensions/Platform/DiagnosticsHub/x86/AppRespWpfEvents.dll to D:\Program Files (x86)\Microsoft Visual Studio\2022\BuildTools\Common7\IDE\CommonExtensions\Platform\DiagnosticsHub\x86\AppRespWpfEvents.dll
[c9c4:0009][2026-05-10T01:02:20] Completed: Copying file /Contents/Common7/IDE/CommonExtensions/Platform/DiagnosticsHub/x86/AppRespWpfEvents.dll to D:\Program Files (x86)\Microsoft Visual Studio\2022\BuildTools\Common7\IDE\CommonExtensions\Platform\DiagnosticsHub\x86\AppRespWpfEvents.dll
[c9c4:0009][2026-05-10T01:02:20] Timestamp updated for file 'D:\Program Files (x86)\Microsoft Visual Studio\2022\BuildTools\Common7\IDE\CommonExtensions\Platform\DiagnosticsHub\x86\AppRespWpfEvents.dll'.
[c9c4:0009][2026-05-10T01:02:20] Processing file /Contents/Common7/IDE/CommonExtensions/Platform/DiagnosticsHub/x86/AppRespXamlEvents.dll
[c9c4:0009][2026-05-10T01:02:20] Started: Copying file /Contents/Common7/IDE/CommonExtensions/Platform/DiagnosticsHub/x86/AppRespXamlEvents.dll to D:\Program Files (x86)\Microsoft Visual Studio\2022\BuildTools\Common7\IDE\CommonExtensions\Platform\DiagnosticsHub\x86\AppRespXamlEvents.dll
[c9c4:0009][2026-05-10T01:02:20] Completed: Copying file /Contents/Common7/IDE/CommonExtensions/Platform/DiagnosticsHub/x86/AppRespXamlEvents.dll to D:\Program Files (x86)\Microsoft Visual Studio\2022\BuildTools\Common7\IDE\CommonExtensions\Platform\DiagnosticsHub\x86\AppRespXamlEvents.dll
[c9c4:0009][2026-05-10T01:02:20] Timestamp updated for file 'D:\Program Files (x86)\Microsoft Visual Studio\2022\BuildTools\Common7\IDE\CommonExtensions\Platform\DiagnosticsHub\x86\AppRespXamlEvents.dll'.
[c9c4:0009][2026-05-10T01:02:20] Processing file /Contents/Common7/IDE/CommonExtensions/Platform/DiagnosticsHub/x86/Microsoft-Windows-XAML.man
[c9c4:0009][2026-05-10T01:02:20] Started: Copying file /Contents/Common7/IDE/CommonExtensions/Platform/DiagnosticsHub/x86/Microsoft-Windows-XAML.man to D:\Program Files (x86)\Microsoft Visual Studio\2022\BuildTools\Common7\IDE\CommonExtensions\Platform\DiagnosticsHub\x86\Microsoft-Windows-XAML.man
[c9c4:0009][2026-05-10T01:02:20] Completed: Copying file /Contents/Common7/IDE/CommonExtensions/Platform/DiagnosticsHub/x86/Microsoft-Windows-XAML.man to D:\Program Files (x86)\Microsoft Visual Studio\2022\BuildTools\Common7\IDE\CommonExtensions\Platform\DiagnosticsHub\x86\Microsoft-Windows-XAML.man
[c9c4:0009][2026-05-10T01:02:20] Timestamp updated for file 'D:\Program Files (x86)\Microsoft Visual Studio\2022\BuildTools\Common7\IDE\CommonExtensions\Platform\DiagnosticsHub\x86\Microsoft-Windows-XAML.man'.
[c9c4:0009][2026-05-10T01:02:20] Processing file /Contents/Common7/IDE/CommonExtensions/Microsoft/ClientDiagnostics/AppResponsiveness/extension.vsixmanifest
[c9c4:0009][2026-05-10T01:02:20] Started: Copying file /Contents/Common7/IDE/CommonExtensions/Microsoft/ClientDiagnostics/AppResponsiveness/extension.vsixmanifest to D:\Program Files (x86)\Microsoft Visual Studio\2022\BuildTools\Common7\IDE\CommonExtensions\Microsoft\ClientDiagnostics\AppResponsiveness\extension.vsixmanifest
[c9c4:0009][2026-05-10T01:02:20] Completed: Copying file /Contents/Common7/IDE/CommonExtensions/Microsoft/ClientDiagnostics/AppResponsiveness/extension.vsixmanifest to D:\Program Files (x86)\Microsoft Visual Studio\2022\BuildTools\Common7\IDE\CommonExtensions\Microsoft\ClientDiagnostics\AppResponsiveness\extension.vsixmanifest
[c9c4:0009][2026-05-10T01:02:20] Timestamp updated for file 'D:\Program Files (x86)\Microsoft Visual Studio\2022\BuildTools\Common7\IDE\CommonExtensions\Microsoft\ClientDiagnostics\AppResponsiveness\extension.vsixmanifest'.
[c9c4:0009][2026-05-10T01:02:20] Package executed successfully. Return code: 0
