[bd94:0009][2026-05-10T01:00:51] Using cached package manifest as the embedded manifest
[bd94:0009][2026-05-10T01:00:51] Processing file /Contents/Common7/IDE/tbbmalloc.dll
[bd94:0009][2026-05-10T01:00:51] D:\Program\Common7\IDE\tbbmalloc.dll file deleted.
[bd94:0009][2026-05-10T01:00:51] Processing file /Contents/Common7/IDE/msobj140.dll
[bd94:0009][2026-05-10T01:00:51] D:\Program\Common7\IDE\msobj140.dll file deleted.
[bd94:0009][2026-05-10T01:00:51] Processing file /Contents/Common7/IDE/CommonExtensions/Microsoft/VC/Debugger/x86/msobj140.dll
[bd94:0009][2026-05-10T01:00:51] D:\Program\Common7\IDE\CommonExtensions\Microsoft\VC\Debugger\x86\msobj140.dll file deleted.
[bd94:0009][2026-05-10T01:00:51] Processing file /Contents/Common7/IDE/CommonExtensions/Microsoft/VC/Debugger/x86/tbbmalloc.dll
[bd94:0009][2026-05-10T01:00:51] D:\Program\Common7\IDE\CommonExtensions\Microsoft\VC\Debugger\x86\tbbmalloc.dll file deleted.
[bd94:0009][2026-05-10T01:00:51] Processing file /Contents/Common7/IDE/CommonExtensions/Microsoft/VC/Debugger/x64/msobj140.dll
[bd94:0009][2026-05-10T01:00:51] D:\Program\Common7\IDE\CommonExtensions\Microsoft\VC\Debugger\x64\msobj140.dll file deleted.
[bd94:0009][2026-05-10T01:00:51] Processing file /Contents/Common7/IDE/CommonExtensions/Microsoft/VC/Debugger/x64/tbbmalloc.dll
[bd94:0009][2026-05-10T01:00:51] D:\Program\Common7\IDE\CommonExtensions\Microsoft\VC\Debugger\x64\tbbmalloc.dll file deleted.
[bd94:0009][2026-05-10T01:00:51] Processing file /Contents/Common7/IDE/VC/vcpackages/vcmeta.dll
[bd94:0009][2026-05-10T01:00:51] D:\Program\Common7\IDE\VC\vcpackages\vcmeta.dll file deleted.
[bd94:0009][2026-05-10T01:00:51] Processing file /Contents/Common7/IDE/VC/Profile/VC.vssettings
[bd94:0009][2026-05-10T01:00:51] D:\Program\Common7\IDE\VC\Profile\VC.vssettings file deleted.
[bd94:0009][2026-05-10T01:00:51] Started: Deleting empty directories
[bd94:0009][2026-05-10T01:00:51] Completed: Deleting empty directories
[bd94:0009][2026-05-10T01:00:51] Package executed successfully. Return code: 0
