[3c7c:000c][2026-05-10T01:36:06] Opening the package for processing
[3c7c:000c][2026-05-10T01:36:06] Using package payload to get the embedded manifest
[3c7c:000c][2026-05-10T01:36:06] Getting list of files within the package
[3c7c:000c][2026-05-10T01:36:06] Processing file /Contents/Common7/IDE/CommonExtensions/Microsoft/MDD/Debugger/Microsoft.Android.natvis
[3c7c:000c][2026-05-10T01:36:06] Started: Copying file /Contents/Common7/IDE/CommonExtensions/Microsoft/MDD/Debugger/Microsoft.Android.natvis to C:\Program Files (x86)\Microsoft Visual Studio\2022\BuildTools\Common7\IDE\CommonExtensions\Microsoft\MDD\Debugger\Microsoft.Android.natvis
[3c7c:000c][2026-05-10T01:36:06] Completed: Copying file /Contents/Common7/IDE/CommonExtensions/Microsoft/MDD/Debugger/Microsoft.Android.natvis to C:\Program Files (x86)\Microsoft Visual Studio\2022\BuildTools\Common7\IDE\CommonExtensions\Microsoft\MDD\Debugger\Microsoft.Android.natvis
[3c7c:000c][2026-05-10T01:36:06] Timestamp updated for file 'C:\Program Files (x86)\Microsoft Visual Studio\2022\BuildTools\Common7\IDE\CommonExtensions\Microsoft\MDD\Debugger\Microsoft.Android.natvis'.
[3c7c:000c][2026-05-10T01:36:06] Processing file /Contents/Common7/IDE/CommonExtensions/Microsoft/MDD/Debugger/Microsoft.AndroidDebugLauncher.dll
[3c7c:000c][2026-05-10T01:36:06] Started: Copying file /Contents/Common7/IDE/CommonExtensions/Microsoft/MDD/Debugger/Microsoft.AndroidDebugLauncher.dll to C:\Program Files (x86)\Microsoft Visual Studio\2022\BuildTools\Common7\IDE\CommonExtensions\Microsoft\MDD\Debugger\Microsoft.AndroidDebugLauncher.dll
[3c7c:000c][2026-05-10T01:36:06] Completed: Copying file /Contents/Common7/IDE/CommonExtensions/Microsoft/MDD/Debugger/Microsoft.AndroidDebugLauncher.dll to C:\Program Files (x86)\Microsoft Visual Studio\2022\BuildTools\Common7\IDE\CommonExtensions\Microsoft\MDD\Debugger\Microsoft.AndroidDebugLauncher.dll
[3c7c:000c][2026-05-10T01:36:06] Timestamp updated for file 'C:\Program Files (x86)\Microsoft Visual Studio\2022\BuildTools\Common7\IDE\CommonExtensions\Microsoft\MDD\Debugger\Microsoft.AndroidDebugLauncher.dll'.
[3c7c:000c][2026-05-10T01:36:06] Processing file /Contents/Common7/IDE/CommonExtensions/Microsoft/MDD/Debugger/Microsoft.AndroidDebugLauncher.pkgdef
[3c7c:000c][2026-05-10T01:36:06] Started: Copying file /Contents/Common7/IDE/CommonExtensions/Microsoft/MDD/Debugger/Microsoft.AndroidDebugLauncher.pkgdef to C:\Program Files (x86)\Microsoft Visual Studio\2022\BuildTools\Common7\IDE\CommonExtensions\Microsoft\MDD\Debugger\Microsoft.AndroidDebugLauncher.pkgdef
[3c7c:000c][2026-05-10T01:36:06] Completed: Copying file /Contents/Common7/IDE/CommonExtensions/Microsoft/MDD/Debugger/Microsoft.AndroidDebugLauncher.pkgdef to C:\Program Files (x86)\Microsoft Visual Studio\2022\BuildTools\Common7\IDE\CommonExtensions\Microsoft\MDD\Debugger\Microsoft.AndroidDebugLauncher.pkgdef
[3c7c:000c][2026-05-10T01:36:06] Timestamp updated for file 'C:\Program Files (x86)\Microsoft Visual Studio\2022\BuildTools\Common7\IDE\CommonExtensions\Microsoft\MDD\Debugger\Microsoft.AndroidDebugLauncher.pkgdef'.
[3c7c:000c][2026-05-10T01:36:06] Processing file /Contents/Common7/IDE/CommonExtensions/Microsoft/MDD/Debugger/Microsoft.DebugEngineHost.dll
[3c7c:000c][2026-05-10T01:36:06] Started: Copying file /Contents/Common7/IDE/CommonExtensions/Microsoft/MDD/Debugger/Microsoft.DebugEngineHost.dll to C:\Program Files (x86)\Microsoft Visual Studio\2022\BuildTools\Common7\IDE\CommonExtensions\Microsoft\MDD\Debugger\Microsoft.DebugEngineHost.dll
[3c7c:000c][2026-05-10T01:36:06] Completed: Copying file /Contents/Common7/IDE/CommonExtensions/Microsoft/MDD/Debugger/Microsoft.DebugEngineHost.dll to C:\Program Files (x86)\Microsoft Visual Studio\2022\BuildTools\Common7\IDE\CommonExtensions\Microsoft\MDD\Debugger\Microsoft.DebugEngineHost.dll
[3c7c:000c][2026-05-10T01:36:06] Timestamp updated for file 'C:\Program Files (x86)\Microsoft Visual Studio\2022\BuildTools\Common7\IDE\CommonExtensions\Microsoft\MDD\Debugger\Microsoft.DebugEngineHost.dll'.
[3c7c:000c][2026-05-10T01:36:06] Processing file /Contents/Common7/IDE/CommonExtensions/Microsoft/MDD/Debugger/Microsoft.IOSDebugLauncher.dll
[3c7c:000c][2026-05-10T01:36:06] Started: Copying file /Contents/Common7/IDE/CommonExtensions/Microsoft/MDD/Debugger/Microsoft.IOSDebugLauncher.dll to C:\Program Files (x86)\Microsoft Visual Studio\2022\BuildTools\Common7\IDE\CommonExtensions\Microsoft\MDD\Debugger\Microsoft.IOSDebugLauncher.dll
[3c7c:000c][2026-05-10T01:36:06] Completed: Copying file /Contents/Common7/IDE/CommonExtensions/Microsoft/MDD/Debugger/Microsoft.IOSDebugLauncher.dll to C:\Program Files (x86)\Microsoft Visual Studio\2022\BuildTools\Common7\IDE\CommonExtensions\Microsoft\MDD\Debugger\Microsoft.IOSDebugLauncher.dll
[3c7c:000c][2026-05-10T01:36:06] Timestamp updated for file 'C:\Program Files (x86)\Microsoft Visual Studio\2022\BuildTools\Common7\IDE\CommonExtensions\Microsoft\MDD\Debugger\Microsoft.IOSDebugLauncher.dll'.
[3c7c:000c][2026-05-10T01:36:06] Processing file /Contents/Common7/IDE/CommonExtensions/Microsoft/MDD/Debugger/Microsoft.IOSDebugLauncher.pkgdef
[3c7c:000c][2026-05-10T01:36:06] Started: Copying file /Contents/Common7/IDE/CommonExtensions/Microsoft/MDD/Debugger/Microsoft.IOSDebugLauncher.pkgdef to C:\Program Files (x86)\Microsoft Visual Studio\2022\BuildTools\Common7\IDE\CommonExtensions\Microsoft\MDD\Debugger\Microsoft.IOSDebugLauncher.pkgdef
[3c7c:000c][2026-05-10T01:36:06] Completed: Copying file /Contents/Common7/IDE/CommonExtensions/Microsoft/MDD/Debugger/Microsoft.IOSDebugLauncher.pkgdef to C:\Program Files (x86)\Microsoft Visual Studio\2022\BuildTools\Common7\IDE\CommonExtensions\Microsoft\MDD\Debugger\Microsoft.IOSDebugLauncher.pkgdef
[3c7c:000c][2026-05-10T01:36:06] Timestamp updated for file 'C:\Program Files (x86)\Microsoft Visual Studio\2022\BuildTools\Common7\IDE\CommonExtensions\Microsoft\MDD\Debugger\Microsoft.IOSDebugLauncher.pkgdef'.
[3c7c:000c][2026-05-10T01:36:06] Processing file /Contents/Common7/IDE/CommonExtensions/Microsoft/MDD/Debugger/Microsoft.JDbg.dll
[3c7c:000c][2026-05-10T01:36:06] Started: Copying file /Contents/Common7/IDE/CommonExtensions/Microsoft/MDD/Debugger/Microsoft.JDbg.dll to C:\Program Files (x86)\Microsoft Visual Studio\2022\BuildTools\Common7\IDE\CommonExtensions\Microsoft\MDD\Debugger\Microsoft.JDbg.dll
[3c7c:000c][2026-05-10T01:36:06] Completed: Copying file /Contents/Common7/IDE/CommonExtensions/Microsoft/MDD/Debugger/Microsoft.JDbg.dll to C:\Program Files (x86)\Microsoft Visual Studio\2022\BuildTools\Common7\IDE\CommonExtensions\Microsoft\MDD\Debugger\Microsoft.JDbg.dll
[3c7c:000c][2026-05-10T01:36:06] Timestamp updated for file 'C:\Program Files (x86)\Microsoft Visual Studio\2022\BuildTools\Common7\IDE\CommonExtensions\Microsoft\MDD\Debugger\Microsoft.JDbg.dll'.
[3c7c:000c][2026-05-10T01:36:06] Processing file /Contents/Common7/IDE/CommonExtensions/Microsoft/MDD/Debugger/Microsoft.Kofe.Engine.dll
[3c7c:000c][2026-05-10T01:36:06] Started: Copying file /Contents/Common7/IDE/CommonExtensions/Microsoft/MDD/Debugger/Microsoft.Kofe.Engine.dll to C:\Program Files (x86)\Microsoft Visual Studio\2022\BuildTools\Common7\IDE\CommonExtensions\Microsoft\MDD\Debugger\Microsoft.Kofe.Engine.dll
[3c7c:000c][2026-05-10T01:36:06] Completed: Copying file /Contents/Common7/IDE/CommonExtensions/Microsoft/MDD/Debugger/Microsoft.Kofe.Engine.dll to C:\Program Files (x86)\Microsoft Visual Studio\2022\BuildTools\Common7\IDE\CommonExtensions\Microsoft\MDD\Debugger\Microsoft.Kofe.Engine.dll
[3c7c:000c][2026-05-10T01:36:06] Timestamp updated for file 'C:\Program Files (x86)\Microsoft Visual Studio\2022\BuildTools\Common7\IDE\CommonExtensions\Microsoft\MDD\Debugger\Microsoft.Kofe.Engine.dll'.
[3c7c:000c][2026-05-10T01:36:06] Processing file /Contents/Common7/IDE/CommonExtensions/Microsoft/MDD/Debugger/Microsoft.Kofe.Engine.pkgdef
[3c7c:000c][2026-05-10T01:36:06] Started: Copying file /Contents/Common7/IDE/CommonExtensions/Microsoft/MDD/Debugger/Microsoft.Kofe.Engine.pkgdef to C:\Program Files (x86)\Microsoft Visual Studio\2022\BuildTools\Common7\IDE\CommonExtensions\Microsoft\MDD\Debugger\Microsoft.Kofe.Engine.pkgdef
[3c7c:000c][2026-05-10T01:36:06] Completed: Copying file /Contents/Common7/IDE/CommonExtensions/Microsoft/MDD/Debugger/Microsoft.Kofe.Engine.pkgdef to C:\Program Files (x86)\Microsoft Visual Studio\2022\BuildTools\Common7\IDE\CommonExtensions\Microsoft\MDD\Debugger\Microsoft.Kofe.Engine.pkgdef
[3c7c:000c][2026-05-10T01:36:06] Timestamp updated for file 'C:\Program Files (x86)\Microsoft Visual Studio\2022\BuildTools\Common7\IDE\CommonExtensions\Microsoft\MDD\Debugger\Microsoft.Kofe.Engine.pkgdef'.
[3c7c:000c][2026-05-10T01:36:06] Processing file /Contents/Common7/IDE/CommonExtensions/Microsoft/MDD/Debugger/Microsoft.Kofe.IJDWP.dll
[3c7c:000c][2026-05-10T01:36:06] Started: Copying file /Contents/Common7/IDE/CommonExtensions/Microsoft/MDD/Debugger/Microsoft.Kofe.IJDWP.dll to C:\Program Files (x86)\Microsoft Visual Studio\2022\BuildTools\Common7\IDE\CommonExtensions\Microsoft\MDD\Debugger\Microsoft.Kofe.IJDWP.dll
[3c7c:000c][2026-05-10T01:36:06] Completed: Copying file /Contents/Common7/IDE/CommonExtensions/Microsoft/MDD/Debugger/Microsoft.Kofe.IJDWP.dll to C:\Program Files (x86)\Microsoft Visual Studio\2022\BuildTools\Common7\IDE\CommonExtensions\Microsoft\MDD\Debugger\Microsoft.Kofe.IJDWP.dll
[3c7c:000c][2026-05-10T01:36:06] Timestamp updated for file 'C:\Program Files (x86)\Microsoft Visual Studio\2022\BuildTools\Common7\IDE\CommonExtensions\Microsoft\MDD\Debugger\Microsoft.Kofe.IJDWP.dll'.
[3c7c:000c][2026-05-10T01:36:06] Processing file /Contents/Common7/IDE/CommonExtensions/Microsoft/MDD/Debugger/Microsoft.Kofe.JDWP.config
[3c7c:000c][2026-05-10T01:36:06] Started: Copying file /Contents/Common7/IDE/CommonExtensions/Microsoft/MDD/Debugger/Microsoft.Kofe.JDWP.config to C:\Program Files (x86)\Microsoft Visual Studio\2022\BuildTools\Common7\IDE\CommonExtensions\Microsoft\MDD\Debugger\Microsoft.Kofe.JDWP.config
[3c7c:000c][2026-05-10T01:36:06] Completed: Copying file /Contents/Common7/IDE/CommonExtensions/Microsoft/MDD/Debugger/Microsoft.Kofe.JDWP.config to C:\Program Files (x86)\Microsoft Visual Studio\2022\BuildTools\Common7\IDE\CommonExtensions\Microsoft\MDD\Debugger\Microsoft.Kofe.JDWP.config
[3c7c:000c][2026-05-10T01:36:06] Timestamp updated for file 'C:\Program Files (x86)\Microsoft Visual Studio\2022\BuildTools\Common7\IDE\CommonExtensions\Microsoft\MDD\Debugger\Microsoft.Kofe.JDWP.config'.
[3c7c:000c][2026-05-10T01:36:06] Processing file /Contents/Common7/IDE/CommonExtensions/Microsoft/MDD/Debugger/Microsoft.Kofe.JDWP.dll
[3c7c:000c][2026-05-10T01:36:06] Started: Copying file /Contents/Common7/IDE/CommonExtensions/Microsoft/MDD/Debugger/Microsoft.Kofe.JDWP.dll to C:\Program Files (x86)\Microsoft Visual Studio\2022\BuildTools\Common7\IDE\CommonExtensions\Microsoft\MDD\Debugger\Microsoft.Kofe.JDWP.dll
[3c7c:000c][2026-05-10T01:36:06] Completed: Copying file /Contents/Common7/IDE/CommonExtensions/Microsoft/MDD/Debugger/Microsoft.Kofe.JDWP.dll to C:\Program Files (x86)\Microsoft Visual Studio\2022\BuildTools\Common7\IDE\CommonExtensions\Microsoft\MDD\Debugger\Microsoft.Kofe.JDWP.dll
[3c7c:000c][2026-05-10T01:36:06] Timestamp updated for file 'C:\Program Files (x86)\Microsoft Visual Studio\2022\BuildTools\Common7\IDE\CommonExtensions\Microsoft\MDD\Debugger\Microsoft.Kofe.JDWP.dll'.
[3c7c:000c][2026-05-10T01:36:06] Processing file /Contents/Common7/IDE/CommonExtensions/Microsoft/MDD/Debugger/Microsoft.Kofe.Package.dll
[3c7c:000c][2026-05-10T01:36:06] Started: Copying file /Contents/Common7/IDE/CommonExtensions/Microsoft/MDD/Debugger/Microsoft.Kofe.Package.dll to C:\Program Files (x86)\Microsoft Visual Studio\2022\BuildTools\Common7\IDE\CommonExtensions\Microsoft\MDD\Debugger\Microsoft.Kofe.Package.dll
[3c7c:000c][2026-05-10T01:36:06] Completed: Copying file /Contents/Common7/IDE/CommonExtensions/Microsoft/MDD/Debugger/Microsoft.Kofe.Package.dll to C:\Program Files (x86)\Microsoft Visual Studio\2022\BuildTools\Common7\IDE\CommonExtensions\Microsoft\MDD\Debugger\Microsoft.Kofe.Package.dll
[3c7c:000c][2026-05-10T01:36:06] Timestamp updated for file 'C:\Program Files (x86)\Microsoft Visual Studio\2022\BuildTools\Common7\IDE\CommonExtensions\Microsoft\MDD\Debugger\Microsoft.Kofe.Package.dll'.
[3c7c:000c][2026-05-10T01:36:06] Processing file /Contents/Common7/IDE/CommonExtensions/Microsoft/MDD/Debugger/Microsoft.Kofe.Package.pkgdef
[3c7c:000c][2026-05-10T01:36:06] Started: Copying file /Contents/Common7/IDE/CommonExtensions/Microsoft/MDD/Debugger/Microsoft.Kofe.Package.pkgdef to C:\Program Files (x86)\Microsoft Visual Studio\2022\BuildTools\Common7\IDE\CommonExtensions\Microsoft\MDD\Debugger\Microsoft.Kofe.Package.pkgdef
[3c7c:000c][2026-05-10T01:36:06] Completed: Copying file /Contents/Common7/IDE/CommonExtensions/Microsoft/MDD/Debugger/Microsoft.Kofe.Package.pkgdef to C:\Program Files (x86)\Microsoft Visual Studio\2022\BuildTools\Common7\IDE\CommonExtensions\Microsoft\MDD\Debugger\Microsoft.Kofe.Package.pkgdef
[3c7c:000c][2026-05-10T01:36:06] Timestamp updated for file 'C:\Program Files (x86)\Microsoft Visual Studio\2022\BuildTools\Common7\IDE\CommonExtensions\Microsoft\MDD\Debugger\Microsoft.Kofe.Package.pkgdef'.
[3c7c:000c][2026-05-10T01:36:06] Processing file /Contents/Common7/IDE/CommonExtensions/Microsoft/MDD/Debugger/Microsoft.MICore.dll
[3c7c:000c][2026-05-10T01:36:06] Started: Copying file /Contents/Common7/IDE/CommonExtensions/Microsoft/MDD/Debugger/Microsoft.MICore.dll to C:\Program Files (x86)\Microsoft Visual Studio\2022\BuildTools\Common7\IDE\CommonExtensions\Microsoft\MDD\Debugger\Microsoft.MICore.dll
[3c7c:000c][2026-05-10T01:36:06] Completed: Copying file /Contents/Common7/IDE/CommonExtensions/Microsoft/MDD/Debugger/Microsoft.MICore.dll to C:\Program Files (x86)\Microsoft Visual Studio\2022\BuildTools\Common7\IDE\CommonExtensions\Microsoft\MDD\Debugger\Microsoft.MICore.dll
[3c7c:000c][2026-05-10T01:36:06] Timestamp updated for file 'C:\Program Files (x86)\Microsoft Visual Studio\2022\BuildTools\Common7\IDE\CommonExtensions\Microsoft\MDD\Debugger\Microsoft.MICore.dll'.
[3c7c:000c][2026-05-10T01:36:06] Processing file /Contents/Common7/IDE/CommonExtensions/Microsoft/MDD/Debugger/Microsoft.MICore.XmlSerializers.dll
[3c7c:000c][2026-05-10T01:36:06] Started: Copying file /Contents/Common7/IDE/CommonExtensions/Microsoft/MDD/Debugger/Microsoft.MICore.XmlSerializers.dll to C:\Program Files (x86)\Microsoft Visual Studio\2022\BuildTools\Common7\IDE\CommonExtensions\Microsoft\MDD\Debugger\Microsoft.MICore.XmlSerializers.dll
[3c7c:000c][2026-05-10T01:36:06] Completed: Copying file /Contents/Common7/IDE/CommonExtensions/Microsoft/MDD/Debugger/Microsoft.MICore.XmlSerializers.dll to C:\Program Files (x86)\Microsoft Visual Studio\2022\BuildTools\Common7\IDE\CommonExtensions\Microsoft\MDD\Debugger\Microsoft.MICore.XmlSerializers.dll
[3c7c:000c][2026-05-10T01:36:06] Timestamp updated for file 'C:\Program Files (x86)\Microsoft Visual Studio\2022\BuildTools\Common7\IDE\CommonExtensions\Microsoft\MDD\Debugger\Microsoft.MICore.XmlSerializers.dll'.
[3c7c:000c][2026-05-10T01:36:06] Processing file /Contents/Common7/IDE/CommonExtensions/Microsoft/MDD/Debugger/Microsoft.MIDebugEngine.dll
[3c7c:000c][2026-05-10T01:36:06] Started: Copying file /Contents/Common7/IDE/CommonExtensions/Microsoft/MDD/Debugger/Microsoft.MIDebugEngine.dll to C:\Program Files (x86)\Microsoft Visual Studio\2022\BuildTools\Common7\IDE\CommonExtensions\Microsoft\MDD\Debugger\Microsoft.MIDebugEngine.dll
[3c7c:000c][2026-05-10T01:36:06] Completed: Copying file /Contents/Common7/IDE/CommonExtensions/Microsoft/MDD/Debugger/Microsoft.MIDebugEngine.dll to C:\Program Files (x86)\Microsoft Visual Studio\2022\BuildTools\Common7\IDE\CommonExtensions\Microsoft\MDD\Debugger\Microsoft.MIDebugEngine.dll
[3c7c:000c][2026-05-10T01:36:06] Timestamp updated for file 'C:\Program Files (x86)\Microsoft Visual Studio\2022\BuildTools\Common7\IDE\CommonExtensions\Microsoft\MDD\Debugger\Microsoft.MIDebugEngine.dll'.
[3c7c:000c][2026-05-10T01:36:06] Processing file /Contents/Common7/IDE/CommonExtensions/Microsoft/MDD/Debugger/Microsoft.MIDebugEngine.pkgdef
[3c7c:000c][2026-05-10T01:36:06] Started: Copying file /Contents/Common7/IDE/CommonExtensions/Microsoft/MDD/Debugger/Microsoft.MIDebugEngine.pkgdef to C:\Program Files (x86)\Microsoft Visual Studio\2022\BuildTools\Common7\IDE\CommonExtensions\Microsoft\MDD\Debugger\Microsoft.MIDebugEngine.pkgdef
[3c7c:000c][2026-05-10T01:36:06] Completed: Copying file /Contents/Common7/IDE/CommonExtensions/Microsoft/MDD/Debugger/Microsoft.MIDebugEngine.pkgdef to C:\Program Files (x86)\Microsoft Visual Studio\2022\BuildTools\Common7\IDE\CommonExtensions\Microsoft\MDD\Debugger\Microsoft.MIDebugEngine.pkgdef
[3c7c:000c][2026-05-10T01:36:06] Timestamp updated for file 'C:\Program Files (x86)\Microsoft Visual Studio\2022\BuildTools\Common7\IDE\CommonExtensions\Microsoft\MDD\Debugger\Microsoft.MIDebugEngine.pkgdef'.
[3c7c:000c][2026-05-10T01:36:06] Processing file /Contents/Common7/IDE/CommonExtensions/Microsoft/MDD/Debugger/Microsoft.MIDebugPackage.dll
[3c7c:000c][2026-05-10T01:36:06] Started: Copying file /Contents/Common7/IDE/CommonExtensions/Microsoft/MDD/Debugger/Microsoft.MIDebugPackage.dll to C:\Program Files (x86)\Microsoft Visual Studio\2022\BuildTools\Common7\IDE\CommonExtensions\Microsoft\MDD\Debugger\Microsoft.MIDebugPackage.dll
[3c7c:000c][2026-05-10T01:36:06] Completed: Copying file /Contents/Common7/IDE/CommonExtensions/Microsoft/MDD/Debugger/Microsoft.MIDebugPackage.dll to C:\Program Files (x86)\Microsoft Visual Studio\2022\BuildTools\Common7\IDE\CommonExtensions\Microsoft\MDD\Debugger\Microsoft.MIDebugPackage.dll
[3c7c:000c][2026-05-10T01:36:06] Timestamp updated for file 'C:\Program Files (x86)\Microsoft Visual Studio\2022\BuildTools\Common7\IDE\CommonExtensions\Microsoft\MDD\Debugger\Microsoft.MIDebugPackage.dll'.
[3c7c:000c][2026-05-10T01:36:06] Processing file /Contents/Common7/IDE/CommonExtensions/Microsoft/MDD/Debugger/Microsoft.MIDebugPackage.pkgdef
[3c7c:000c][2026-05-10T01:36:06] Started: Copying file /Contents/Common7/IDE/CommonExtensions/Microsoft/MDD/Debugger/Microsoft.MIDebugPackage.pkgdef to C:\Program Files (x86)\Microsoft Visual Studio\2022\BuildTools\Common7\IDE\CommonExtensions\Microsoft\MDD\Debugger\Microsoft.MIDebugPackage.pkgdef
[3c7c:000c][2026-05-10T01:36:06] Completed: Copying file /Contents/Common7/IDE/CommonExtensions/Microsoft/MDD/Debugger/Microsoft.MIDebugPackage.pkgdef to C:\Program Files (x86)\Microsoft Visual Studio\2022\BuildTools\Common7\IDE\CommonExtensions\Microsoft\MDD\Debugger\Microsoft.MIDebugPackage.pkgdef
[3c7c:000c][2026-05-10T01:36:06] Timestamp updated for file 'C:\Program Files (x86)\Microsoft Visual Studio\2022\BuildTools\Common7\IDE\CommonExtensions\Microsoft\MDD\Debugger\Microsoft.MIDebugPackage.pkgdef'.
[3c7c:000c][2026-05-10T01:36:06] Processing file /Contents/Common7/IDE/CommonExtensions/Microsoft/MDD/Debugger/Microsoft.SSHDebugPS.dll
[3c7c:000c][2026-05-10T01:36:06] Started: Copying file /Contents/Common7/IDE/CommonExtensions/Microsoft/MDD/Debugger/Microsoft.SSHDebugPS.dll to C:\Program Files (x86)\Microsoft Visual Studio\2022\BuildTools\Common7\IDE\CommonExtensions\Microsoft\MDD\Debugger\Microsoft.SSHDebugPS.dll
[3c7c:000c][2026-05-10T01:36:06] Completed: Copying file /Contents/Common7/IDE/CommonExtensions/Microsoft/MDD/Debugger/Microsoft.SSHDebugPS.dll to C:\Program Files (x86)\Microsoft Visual Studio\2022\BuildTools\Common7\IDE\CommonExtensions\Microsoft\MDD\Debugger\Microsoft.SSHDebugPS.dll
[3c7c:000c][2026-05-10T01:36:06] Timestamp updated for file 'C:\Program Files (x86)\Microsoft Visual Studio\2022\BuildTools\Common7\IDE\CommonExtensions\Microsoft\MDD\Debugger\Microsoft.SSHDebugPS.dll'.
[3c7c:000c][2026-05-10T01:36:06] Processing file /Contents/Common7/IDE/CommonExtensions/Microsoft/MDD/Debugger/Microsoft.SSHDebugPS.pkgdef
[3c7c:000c][2026-05-10T01:36:06] Started: Copying file /Contents/Common7/IDE/CommonExtensions/Microsoft/MDD/Debugger/Microsoft.SSHDebugPS.pkgdef to C:\Program Files (x86)\Microsoft Visual Studio\2022\BuildTools\Common7\IDE\CommonExtensions\Microsoft\MDD\Debugger\Microsoft.SSHDebugPS.pkgdef
[3c7c:000c][2026-05-10T01:36:06] Completed: Copying file /Contents/Common7/IDE/CommonExtensions/Microsoft/MDD/Debugger/Microsoft.SSHDebugPS.pkgdef to C:\Program Files (x86)\Microsoft Visual Studio\2022\BuildTools\Common7\IDE\CommonExtensions\Microsoft\MDD\Debugger\Microsoft.SSHDebugPS.pkgdef
[3c7c:000c][2026-05-10T01:36:06] Timestamp updated for file 'C:\Program Files (x86)\Microsoft Visual Studio\2022\BuildTools\Common7\IDE\CommonExtensions\Microsoft\MDD\Debugger\Microsoft.SSHDebugPS.pkgdef'.
[3c7c:000c][2026-05-10T01:36:06] Processing file /Contents/Common7/IDE/CommonExtensions/Microsoft/MDD/Debugger/OpenFolderSchema.json
[3c7c:000c][2026-05-10T01:36:06] Started: Copying file /Contents/Common7/IDE/CommonExtensions/Microsoft/MDD/Debugger/OpenFolderSchema.json to C:\Program Files (x86)\Microsoft Visual Studio\2022\BuildTools\Common7\IDE\CommonExtensions\Microsoft\MDD\Debugger\OpenFolderSchema.json
[3c7c:000c][2026-05-10T01:36:06] Completed: Copying file /Contents/Common7/IDE/CommonExtensions/Microsoft/MDD/Debugger/OpenFolderSchema.json to C:\Program Files (x86)\Microsoft Visual Studio\2022\BuildTools\Common7\IDE\CommonExtensions\Microsoft\MDD\Debugger\OpenFolderSchema.json
[3c7c:000c][2026-05-10T01:36:06] Timestamp updated for file 'C:\Program Files (x86)\Microsoft Visual Studio\2022\BuildTools\Common7\IDE\CommonExtensions\Microsoft\MDD\Debugger\OpenFolderSchema.json'.
[3c7c:000c][2026-05-10T01:36:06] Package executed successfully. Return code: 0
