[3c7c:000c][2026-05-10T01:36:02] Opening the package for processing
[3c7c:000c][2026-05-10T01:36:02] Using package payload to get the embedded manifest
[3c7c:000c][2026-05-10T01:36:02] Getting list of files within the package
[3c7c:000c][2026-05-10T01:36:02] Processing file /.vsextension/cs/string-resources.json
[3c7c:000c][2026-05-10T01:36:02] Started: Copying file /.vsextension/cs/string-resources.json to C:\Program Files (x86)\Microsoft Visual Studio\2022\BuildTools\Common7\IDE\CommonExtensions\Microsoft\IdentityGS\.vsextension\cs\string-resources.json
[3c7c:000c][2026-05-10T01:36:02] Completed: Copying file /.vsextension/cs/string-resources.json to C:\Program Files (x86)\Microsoft Visual Studio\2022\BuildTools\Common7\IDE\CommonExtensions\Microsoft\IdentityGS\.vsextension\cs\string-resources.json
[3c7c:000c][2026-05-10T01:36:02] Timestamp updated for file 'C:\Program Files (x86)\Microsoft Visual Studio\2022\BuildTools\Common7\IDE\CommonExtensions\Microsoft\IdentityGS\.vsextension\cs\string-resources.json'.
[3c7c:000c][2026-05-10T01:36:02] Processing file /.vsextension/de/string-resources.json
[3c7c:000c][2026-05-10T01:36:02] Started: Copying file /.vsextension/de/string-resources.json to C:\Program Files (x86)\Microsoft Visual Studio\2022\BuildTools\Common7\IDE\CommonExtensions\Microsoft\IdentityGS\.vsextension\de\string-resources.json
[3c7c:000c][2026-05-10T01:36:02] Completed: Copying file /.vsextension/de/string-resources.json to C:\Program Files (x86)\Microsoft Visual Studio\2022\BuildTools\Common7\IDE\CommonExtensions\Microsoft\IdentityGS\.vsextension\de\string-resources.json
[3c7c:000c][2026-05-10T01:36:02] Timestamp updated for file 'C:\Program Files (x86)\Microsoft Visual Studio\2022\BuildTools\Common7\IDE\CommonExtensions\Microsoft\IdentityGS\.vsextension\de\string-resources.json'.
[3c7c:000c][2026-05-10T01:36:02] Processing file /.vsextension/es/string-resources.json
[3c7c:000c][2026-05-10T01:36:02] Started: Copying file /.vsextension/es/string-resources.json to C:\Program Files (x86)\Microsoft Visual Studio\2022\BuildTools\Common7\IDE\CommonExtensions\Microsoft\IdentityGS\.vsextension\es\string-resources.json
[3c7c:000c][2026-05-10T01:36:02] Completed: Copying file /.vsextension/es/string-resources.json to C:\Program Files (x86)\Microsoft Visual Studio\2022\BuildTools\Common7\IDE\CommonExtensions\Microsoft\IdentityGS\.vsextension\es\string-resources.json
[3c7c:000c][2026-05-10T01:36:02] Timestamp updated for file 'C:\Program Files (x86)\Microsoft Visual Studio\2022\BuildTools\Common7\IDE\CommonExtensions\Microsoft\IdentityGS\.vsextension\es\string-resources.json'.
[3c7c:000c][2026-05-10T01:36:02] Processing file /.vsextension/extension.json
[3c7c:000c][2026-05-10T01:36:02] Started: Copying file /.vsextension/extension.json to C:\Program Files (x86)\Microsoft Visual Studio\2022\BuildTools\Common7\IDE\CommonExtensions\Microsoft\IdentityGS\.vsextension\extension.json
[3c7c:000c][2026-05-10T01:36:02] Completed: Copying file /.vsextension/extension.json to C:\Program Files (x86)\Microsoft Visual Studio\2022\BuildTools\Common7\IDE\CommonExtensions\Microsoft\IdentityGS\.vsextension\extension.json
[3c7c:000c][2026-05-10T01:36:02] Timestamp updated for file 'C:\Program Files (x86)\Microsoft Visual Studio\2022\BuildTools\Common7\IDE\CommonExtensions\Microsoft\IdentityGS\.vsextension\extension.json'.
[3c7c:000c][2026-05-10T01:36:02] Processing file /.vsextension/fr/string-resources.json
[3c7c:000c][2026-05-10T01:36:02] Started: Copying file /.vsextension/fr/string-resources.json to C:\Program Files (x86)\Microsoft Visual Studio\2022\BuildTools\Common7\IDE\CommonExtensions\Microsoft\IdentityGS\.vsextension\fr\string-resources.json
[3c7c:000c][2026-05-10T01:36:02] Completed: Copying file /.vsextension/fr/string-resources.json to C:\Program Files (x86)\Microsoft Visual Studio\2022\BuildTools\Common7\IDE\CommonExtensions\Microsoft\IdentityGS\.vsextension\fr\string-resources.json
[3c7c:000c][2026-05-10T01:36:02] Timestamp updated for file 'C:\Program Files (x86)\Microsoft Visual Studio\2022\BuildTools\Common7\IDE\CommonExtensions\Microsoft\IdentityGS\.vsextension\fr\string-resources.json'.
[3c7c:000c][2026-05-10T01:36:02] Processing file /.vsextension/it/string-resources.json
[3c7c:000c][2026-05-10T01:36:02] Started: Copying file /.vsextension/it/string-resources.json to C:\Program Files (x86)\Microsoft Visual Studio\2022\BuildTools\Common7\IDE\CommonExtensions\Microsoft\IdentityGS\.vsextension\it\string-resources.json
[3c7c:000c][2026-05-10T01:36:02] Completed: Copying file /.vsextension/it/string-resources.json to C:\Program Files (x86)\Microsoft Visual Studio\2022\BuildTools\Common7\IDE\CommonExtensions\Microsoft\IdentityGS\.vsextension\it\string-resources.json
[3c7c:000c][2026-05-10T01:36:02] Timestamp updated for file 'C:\Program Files (x86)\Microsoft Visual Studio\2022\BuildTools\Common7\IDE\CommonExtensions\Microsoft\IdentityGS\.vsextension\it\string-resources.json'.
[3c7c:000c][2026-05-10T01:36:02] Processing file /.vsextension/ja/string-resources.json
[3c7c:000c][2026-05-10T01:36:02] Started: Copying file /.vsextension/ja/string-resources.json to C:\Program Files (x86)\Microsoft Visual Studio\2022\BuildTools\Common7\IDE\CommonExtensions\Microsoft\IdentityGS\.vsextension\ja\string-resources.json
[3c7c:000c][2026-05-10T01:36:02] Completed: Copying file /.vsextension/ja/string-resources.json to C:\Program Files (x86)\Microsoft Visual Studio\2022\BuildTools\Common7\IDE\CommonExtensions\Microsoft\IdentityGS\.vsextension\ja\string-resources.json
[3c7c:000c][2026-05-10T01:36:02] Timestamp updated for file 'C:\Program Files (x86)\Microsoft Visual Studio\2022\BuildTools\Common7\IDE\CommonExtensions\Microsoft\IdentityGS\.vsextension\ja\string-resources.json'.
[3c7c:000c][2026-05-10T01:36:02] Processing file /.vsextension/ko/string-resources.json
[3c7c:000c][2026-05-10T01:36:02] Started: Copying file /.vsextension/ko/string-resources.json to C:\Program Files (x86)\Microsoft Visual Studio\2022\BuildTools\Common7\IDE\CommonExtensions\Microsoft\IdentityGS\.vsextension\ko\string-resources.json
[3c7c:000c][2026-05-10T01:36:02] Completed: Copying file /.vsextension/ko/string-resources.json to C:\Program Files (x86)\Microsoft Visual Studio\2022\BuildTools\Common7\IDE\CommonExtensions\Microsoft\IdentityGS\.vsextension\ko\string-resources.json
[3c7c:000c][2026-05-10T01:36:02] Timestamp updated for file 'C:\Program Files (x86)\Microsoft Visual Studio\2022\BuildTools\Common7\IDE\CommonExtensions\Microsoft\IdentityGS\.vsextension\ko\string-resources.json'.
[3c7c:000c][2026-05-10T01:36:02] Processing file /.vsextension/pl/string-resources.json
[3c7c:000c][2026-05-10T01:36:02] Started: Copying file /.vsextension/pl/string-resources.json to C:\Program Files (x86)\Microsoft Visual Studio\2022\BuildTools\Common7\IDE\CommonExtensions\Microsoft\IdentityGS\.vsextension\pl\string-resources.json
[3c7c:000c][2026-05-10T01:36:02] Completed: Copying file /.vsextension/pl/string-resources.json to C:\Program Files (x86)\Microsoft Visual Studio\2022\BuildTools\Common7\IDE\CommonExtensions\Microsoft\IdentityGS\.vsextension\pl\string-resources.json
[3c7c:000c][2026-05-10T01:36:02] Timestamp updated for file 'C:\Program Files (x86)\Microsoft Visual Studio\2022\BuildTools\Common7\IDE\CommonExtensions\Microsoft\IdentityGS\.vsextension\pl\string-resources.json'.
[3c7c:000c][2026-05-10T01:36:02] Processing file /.vsextension/pt-BR/string-resources.json
[3c7c:000c][2026-05-10T01:36:02] Started: Copying file /.vsextension/pt-BR/string-resources.json to C:\Program Files (x86)\Microsoft Visual Studio\2022\BuildTools\Common7\IDE\CommonExtensions\Microsoft\IdentityGS\.vsextension\pt-BR\string-resources.json
[3c7c:000c][2026-05-10T01:36:02] Completed: Copying file /.vsextension/pt-BR/string-resources.json to C:\Program Files (x86)\Microsoft Visual Studio\2022\BuildTools\Common7\IDE\CommonExtensions\Microsoft\IdentityGS\.vsextension\pt-BR\string-resources.json
[3c7c:000c][2026-05-10T01:36:02] Timestamp updated for file 'C:\Program Files (x86)\Microsoft Visual Studio\2022\BuildTools\Common7\IDE\CommonExtensions\Microsoft\IdentityGS\.vsextension\pt-BR\string-resources.json'.
[3c7c:000c][2026-05-10T01:36:02] Processing file /.vsextension/ru/string-resources.json
[3c7c:000c][2026-05-10T01:36:02] Started: Copying file /.vsextension/ru/string-resources.json to C:\Program Files (x86)\Microsoft Visual Studio\2022\BuildTools\Common7\IDE\CommonExtensions\Microsoft\IdentityGS\.vsextension\ru\string-resources.json
[3c7c:000c][2026-05-10T01:36:02] Completed: Copying file /.vsextension/ru/string-resources.json to C:\Program Files (x86)\Microsoft Visual Studio\2022\BuildTools\Common7\IDE\CommonExtensions\Microsoft\IdentityGS\.vsextension\ru\string-resources.json
[3c7c:000c][2026-05-10T01:36:02] Timestamp updated for file 'C:\Program Files (x86)\Microsoft Visual Studio\2022\BuildTools\Common7\IDE\CommonExtensions\Microsoft\IdentityGS\.vsextension\ru\string-resources.json'.
[3c7c:000c][2026-05-10T01:36:02] Processing file /.vsextension/string-resources.json
[3c7c:000c][2026-05-10T01:36:02] Started: Copying file /.vsextension/string-resources.json to C:\Program Files (x86)\Microsoft Visual Studio\2022\BuildTools\Common7\IDE\CommonExtensions\Microsoft\IdentityGS\.vsextension\string-resources.json
[3c7c:000c][2026-05-10T01:36:02] Completed: Copying file /.vsextension/string-resources.json to C:\Program Files (x86)\Microsoft Visual Studio\2022\BuildTools\Common7\IDE\CommonExtensions\Microsoft\IdentityGS\.vsextension\string-resources.json
[3c7c:000c][2026-05-10T01:36:02] Timestamp updated for file 'C:\Program Files (x86)\Microsoft Visual Studio\2022\BuildTools\Common7\IDE\CommonExtensions\Microsoft\IdentityGS\.vsextension\string-resources.json'.
[3c7c:000c][2026-05-10T01:36:02] Processing file /.vsextension/tr/string-resources.json
[3c7c:000c][2026-05-10T01:36:02] Started: Copying file /.vsextension/tr/string-resources.json to C:\Program Files (x86)\Microsoft Visual Studio\2022\BuildTools\Common7\IDE\CommonExtensions\Microsoft\IdentityGS\.vsextension\tr\string-resources.json
[3c7c:000c][2026-05-10T01:36:02] Completed: Copying file /.vsextension/tr/string-resources.json to C:\Program Files (x86)\Microsoft Visual Studio\2022\BuildTools\Common7\IDE\CommonExtensions\Microsoft\IdentityGS\.vsextension\tr\string-resources.json
[3c7c:000c][2026-05-10T01:36:02] Timestamp updated for file 'C:\Program Files (x86)\Microsoft Visual Studio\2022\BuildTools\Common7\IDE\CommonExtensions\Microsoft\IdentityGS\.vsextension\tr\string-resources.json'.
[3c7c:000c][2026-05-10T01:36:02] Processing file /.vsextension/zh-Hans/string-resources.json
[3c7c:000c][2026-05-10T01:36:02] Started: Copying file /.vsextension/zh-Hans/string-resources.json to C:\Program Files (x86)\Microsoft Visual Studio\2022\BuildTools\Common7\IDE\CommonExtensions\Microsoft\IdentityGS\.vsextension\zh-Hans\string-resources.json
[3c7c:000c][2026-05-10T01:36:02] Completed: Copying file /.vsextension/zh-Hans/string-resources.json to C:\Program Files (x86)\Microsoft Visual Studio\2022\BuildTools\Common7\IDE\CommonExtensions\Microsoft\IdentityGS\.vsextension\zh-Hans\string-resources.json
[3c7c:000c][2026-05-10T01:36:02] Timestamp updated for file 'C:\Program Files (x86)\Microsoft Visual Studio\2022\BuildTools\Common7\IDE\CommonExtensions\Microsoft\IdentityGS\.vsextension\zh-Hans\string-resources.json'.
[3c7c:000c][2026-05-10T01:36:02] Processing file /.vsextension/zh-Hant/string-resources.json
[3c7c:000c][2026-05-10T01:36:02] Started: Copying file /.vsextension/zh-Hant/string-resources.json to C:\Program Files (x86)\Microsoft Visual Studio\2022\BuildTools\Common7\IDE\CommonExtensions\Microsoft\IdentityGS\.vsextension\zh-Hant\string-resources.json
[3c7c:000c][2026-05-10T01:36:02] Completed: Copying file /.vsextension/zh-Hant/string-resources.json to C:\Program Files (x86)\Microsoft Visual Studio\2022\BuildTools\Common7\IDE\CommonExtensions\Microsoft\IdentityGS\.vsextension\zh-Hant\string-resources.json
[3c7c:000c][2026-05-10T01:36:02] Timestamp updated for file 'C:\Program Files (x86)\Microsoft Visual Studio\2022\BuildTools\Common7\IDE\CommonExtensions\Microsoft\IdentityGS\.vsextension\zh-Hant\string-resources.json'.
[3c7c:000c][2026-05-10T01:36:02] Processing file /catalog.json
[3c7c:000c][2026-05-10T01:36:02] Started: Copying file /catalog.json to C:\Program Files (x86)\Microsoft Visual Studio\2022\BuildTools\Common7\IDE\CommonExtensions\Microsoft\IdentityGS\catalog.json
[3c7c:000c][2026-05-10T01:36:02] Completed: Copying file /catalog.json to C:\Program Files (x86)\Microsoft Visual Studio\2022\BuildTools\Common7\IDE\CommonExtensions\Microsoft\IdentityGS\catalog.json
[3c7c:000c][2026-05-10T01:36:02] Timestamp updated for file 'C:\Program Files (x86)\Microsoft Visual Studio\2022\BuildTools\Common7\IDE\CommonExtensions\Microsoft\IdentityGS\catalog.json'.
[3c7c:000c][2026-05-10T01:36:02] Processing file /manifest.json
[3c7c:000c][2026-05-10T01:36:02] Started: Copying file /manifest.json to C:\Program Files (x86)\Microsoft Visual Studio\2022\BuildTools\Common7\IDE\CommonExtensions\Microsoft\IdentityGS\manifest.json
[3c7c:000c][2026-05-10T01:36:02] Completed: Copying file /manifest.json to C:\Program Files (x86)\Microsoft Visual Studio\2022\BuildTools\Common7\IDE\CommonExtensions\Microsoft\IdentityGS\manifest.json
[3c7c:000c][2026-05-10T01:36:02] Timestamp updated for file 'C:\Program Files (x86)\Microsoft Visual Studio\2022\BuildTools\Common7\IDE\CommonExtensions\Microsoft\IdentityGS\manifest.json'.
[3c7c:000c][2026-05-10T01:36:02] Processing file /Microsoft.Developer.IdentityService.RegisterVSCommand.dll
[3c7c:000c][2026-05-10T01:36:02] Started: Copying file /Microsoft.Developer.IdentityService.RegisterVSCommand.dll to C:\Program Files (x86)\Microsoft Visual Studio\2022\BuildTools\Common7\IDE\CommonExtensions\Microsoft\IdentityGS\Microsoft.Developer.IdentityService.RegisterVSCommand.dll
[3c7c:000c][2026-05-10T01:36:02] Completed: Copying file /Microsoft.Developer.IdentityService.RegisterVSCommand.dll to C:\Program Files (x86)\Microsoft Visual Studio\2022\BuildTools\Common7\IDE\CommonExtensions\Microsoft\IdentityGS\Microsoft.Developer.IdentityService.RegisterVSCommand.dll
[3c7c:000c][2026-05-10T01:36:02] Timestamp updated for file 'C:\Program Files (x86)\Microsoft Visual Studio\2022\BuildTools\Common7\IDE\CommonExtensions\Microsoft\IdentityGS\Microsoft.Developer.IdentityService.RegisterVSCommand.dll'.
[3c7c:000c][2026-05-10T01:36:02] Processing file /Microsoft.Developer.IdentityServiceGS.pkgdef
[3c7c:000c][2026-05-10T01:36:02] Started: Copying file /Microsoft.Developer.IdentityServiceGS.pkgdef to C:\Program Files (x86)\Microsoft Visual Studio\2022\BuildTools\Common7\IDE\CommonExtensions\Microsoft\IdentityGS\Microsoft.Developer.IdentityServiceGS.pkgdef
[3c7c:000c][2026-05-10T01:36:02] Completed: Copying file /Microsoft.Developer.IdentityServiceGS.pkgdef to C:\Program Files (x86)\Microsoft Visual Studio\2022\BuildTools\Common7\IDE\CommonExtensions\Microsoft\IdentityGS\Microsoft.Developer.IdentityServiceGS.pkgdef
[3c7c:000c][2026-05-10T01:36:02] Timestamp updated for file 'C:\Program Files (x86)\Microsoft Visual Studio\2022\BuildTools\Common7\IDE\CommonExtensions\Microsoft\IdentityGS\Microsoft.Developer.IdentityServiceGS.pkgdef'.
[3c7c:000c][2026-05-10T01:36:02] Processing file /extension.vsixmanifest
[3c7c:000c][2026-05-10T01:36:02] Started: Copying file /extension.vsixmanifest to C:\Program Files (x86)\Microsoft Visual Studio\2022\BuildTools\Common7\IDE\CommonExtensions\Microsoft\IdentityGS\extension.vsixmanifest
[3c7c:000c][2026-05-10T01:36:02] Completed: Copying file /extension.vsixmanifest to C:\Program Files (x86)\Microsoft Visual Studio\2022\BuildTools\Common7\IDE\CommonExtensions\Microsoft\IdentityGS\extension.vsixmanifest
[3c7c:000c][2026-05-10T01:36:02] Timestamp updated for file 'C:\Program Files (x86)\Microsoft Visual Studio\2022\BuildTools\Common7\IDE\CommonExtensions\Microsoft\IdentityGS\extension.vsixmanifest'.
[3c7c:000c][2026-05-10T01:36:02] Package executed successfully. Return code: 0
