[3474:0009][2026-05-10T01:46:27] Using cached package manifest as the embedded manifest
[3474:0009][2026-05-10T01:46:27] Processing file /Contents/MSBuild/Microsoft/VisualStudio/v17.0/Python Tools/Microsoft.PythonTools.BuildTasks.Core.dll
[3474:0009][2026-05-10T01:46:27] D:\Program Files (x86)\Microsoft Visual Studio\2022\BuildTools\MSBuild\Microsoft\VisualStudio\v17.0\Python Tools\Microsoft.PythonTools.BuildTasks.Core.dll file deleted.
[3474:0009][2026-05-10T01:46:27] Processing file /Contents/MSBuild/Microsoft/VisualStudio/v17.0/Python Tools/Microsoft.PythonTools.Common.dll
[3474:0009][2026-05-10T01:46:27] D:\Program Files (x86)\Microsoft Visual Studio\2022\BuildTools\MSBuild\Microsoft\VisualStudio\v17.0\Python Tools\Microsoft.PythonTools.Common.dll file deleted.
[3474:0009][2026-05-10T01:46:27] Processing file /Contents/MSBuild/Microsoft/VisualStudio/v17.0/Python Tools/Microsoft.PythonTools.targets
[3474:0009][2026-05-10T01:46:27] D:\Program Files (x86)\Microsoft Visual Studio\2022\BuildTools\MSBuild\Microsoft\VisualStudio\v17.0\Python Tools\Microsoft.PythonTools.targets file deleted.
[3474:0009][2026-05-10T01:46:27] Processing file /Contents/MSBuild/Microsoft/VisualStudio/v17.0/Python Tools/Microsoft.PythonTools.Web.targets
[3474:0009][2026-05-10T01:46:27] D:\Program Files (x86)\Microsoft Visual Studio\2022\BuildTools\MSBuild\Microsoft\VisualStudio\v17.0\Python Tools\Microsoft.PythonTools.Web.targets file deleted.
[3474:0009][2026-05-10T01:46:27] Processing file /Contents/MSBuild/Microsoft/VisualStudio/v17.0/Python Tools/Microsoft.PythonTools.Worker.targets
[3474:0009][2026-05-10T01:46:27] D:\Program Files (x86)\Microsoft Visual Studio\2022\BuildTools\MSBuild\Microsoft\VisualStudio\v17.0\Python Tools\Microsoft.PythonTools.Worker.targets file deleted.
[3474:0009][2026-05-10T01:46:27] Processing file /Contents/MSBuild/Microsoft/VisualStudio/v17.0/Python Tools/Microsoft.PythonTools.Django.targets
[3474:0009][2026-05-10T01:46:27] D:\Program Files (x86)\Microsoft Visual Studio\2022\BuildTools\MSBuild\Microsoft\VisualStudio\v17.0\Python Tools\Microsoft.PythonTools.Django.targets file deleted.
[3474:0009][2026-05-10T01:46:27] Processing file /Contents/MSBuild/Microsoft/VisualStudio/v17.0/Python Tools/Microsoft.PythonTools.WebRole.dll
[3474:0009][2026-05-10T01:46:27] D:\Program Files (x86)\Microsoft Visual Studio\2022\BuildTools\MSBuild\Microsoft\VisualStudio\v17.0\Python Tools\Microsoft.PythonTools.WebRole.dll file deleted.
[3474:0009][2026-05-10T01:46:27] Processing file /Contents/MSBuild/Microsoft/VisualStudio/v17.0/Python Tools/wfastcgi.py
[3474:0009][2026-05-10T01:46:27] D:\Program Files (x86)\Microsoft Visual Studio\2022\BuildTools\MSBuild\Microsoft\VisualStudio\v17.0\Python Tools\wfastcgi.py file deleted.
[3474:0009][2026-05-10T01:46:27] Processing file /Contents/MSBuild/Microsoft/VisualStudio/v18.0/Python Tools/Microsoft.PythonTools.BuildTasks.Core.dll
[3474:0009][2026-05-10T01:46:27] D:\Program Files (x86)\Microsoft Visual Studio\2022\BuildTools\MSBuild\Microsoft\VisualStudio\v18.0\Python Tools\Microsoft.PythonTools.BuildTasks.Core.dll file deleted.
[3474:0009][2026-05-10T01:46:27] Processing file /Contents/MSBuild/Microsoft/VisualStudio/v18.0/Python Tools/Microsoft.PythonTools.Common.dll
[3474:0009][2026-05-10T01:46:27] D:\Program Files (x86)\Microsoft Visual Studio\2022\BuildTools\MSBuild\Microsoft\VisualStudio\v18.0\Python Tools\Microsoft.PythonTools.Common.dll file deleted.
[3474:0009][2026-05-10T01:46:27] Processing file /Contents/MSBuild/Microsoft/VisualStudio/v18.0/Python Tools/Microsoft.PythonTools.targets
[3474:0009][2026-05-10T01:46:27] D:\Program Files (x86)\Microsoft Visual Studio\2022\BuildTools\MSBuild\Microsoft\VisualStudio\v18.0\Python Tools\Microsoft.PythonTools.targets file deleted.
[3474:0009][2026-05-10T01:46:27] Processing file /Contents/MSBuild/Microsoft/VisualStudio/v18.0/Python Tools/Microsoft.PythonTools.Web.targets
[3474:0009][2026-05-10T01:46:27] D:\Program Files (x86)\Microsoft Visual Studio\2022\BuildTools\MSBuild\Microsoft\VisualStudio\v18.0\Python Tools\Microsoft.PythonTools.Web.targets file deleted.
[3474:0009][2026-05-10T01:46:27] Processing file /Contents/MSBuild/Microsoft/VisualStudio/v18.0/Python Tools/Microsoft.PythonTools.Worker.targets
[3474:0009][2026-05-10T01:46:27] D:\Program Files (x86)\Microsoft Visual Studio\2022\BuildTools\MSBuild\Microsoft\VisualStudio\v18.0\Python Tools\Microsoft.PythonTools.Worker.targets file deleted.
[3474:0009][2026-05-10T01:46:27] Processing file /Contents/MSBuild/Microsoft/VisualStudio/v18.0/Python Tools/Microsoft.PythonTools.Django.targets
[3474:0009][2026-05-10T01:46:27] D:\Program Files (x86)\Microsoft Visual Studio\2022\BuildTools\MSBuild\Microsoft\VisualStudio\v18.0\Python Tools\Microsoft.PythonTools.Django.targets file deleted.
[3474:0009][2026-05-10T01:46:27] Processing file /Contents/MSBuild/Microsoft/VisualStudio/v18.0/Python Tools/Microsoft.PythonTools.WebRole.dll
[3474:0009][2026-05-10T01:46:27] D:\Program Files (x86)\Microsoft Visual Studio\2022\BuildTools\MSBuild\Microsoft\VisualStudio\v18.0\Python Tools\Microsoft.PythonTools.WebRole.dll file deleted.
[3474:0009][2026-05-10T01:46:27] Processing file /Contents/MSBuild/Microsoft/VisualStudio/v18.0/Python Tools/wfastcgi.py
[3474:0009][2026-05-10T01:46:27] D:\Program Files (x86)\Microsoft Visual Studio\2022\BuildTools\MSBuild\Microsoft\VisualStudio\v18.0\Python Tools\wfastcgi.py file deleted.
[3474:0009][2026-05-10T01:46:27] Started: Deleting empty directories
[3474:0009][2026-05-10T01:46:27] Completed: Deleting empty directories
[3474:0009][2026-05-10T01:46:27] Package executed successfully. Return code: 0
