[bd94:0009][2026-05-10T01:00:53] Using cached package manifest as the embedded manifest
[bd94:0009][2026-05-10T01:00:53] Processing file /Contents/Common7/IDE/VsDebugWERHelper.exe
[bd94:0009][2026-05-10T01:00:53] D:\Program\Common7\IDE\VsDebugWERHelper.exe file deleted.
[bd94:0009][2026-05-10T01:00:53] Processing file /Contents/Common7/IDE/iisresolver.dll
[bd94:0009][2026-05-10T01:00:53] D:\Program\Common7\IDE\iisresolver.dll file deleted.
[bd94:0009][2026-05-10T01:00:53] Processing file /Contents/Common7/IDE/Microsoft.VisualStudio.Debugger.Engine.dll
[bd94:0009][2026-05-10T01:00:53] D:\Program\Common7\IDE\Microsoft.VisualStudio.Debugger.Engine.dll file deleted.
[bd94:0009][2026-05-10T01:00:53] Processing file /Contents/Common7/IDE/vsdebugeng.dll
[bd94:0009][2026-05-10T01:00:53] D:\Program\Common7\IDE\vsdebugeng.dll file deleted.
[bd94:0009][2026-05-10T01:00:53] Processing file /Contents/Common7/IDE/CommonExtensions/Platform/Debugger/VsDebugConsole.exe
[bd94:0009][2026-05-10T01:00:53] D:\Program\Common7\IDE\CommonExtensions\Platform\Debugger\VsDebugConsole.exe file deleted.
[bd94:0009][2026-05-10T01:00:53] Processing file /Contents/Common7/IDE/CommonExtensions/Platform/Debugger/VsDebugConsole.pkgdef
[bd94:0009][2026-05-10T01:00:53] D:\Program\Common7\IDE\CommonExtensions\Platform\Debugger\VsDebugConsole.pkgdef file deleted.
[bd94:0009][2026-05-10T01:00:53] Processing file /Contents/Common7/IDE/CommonExtensions/Platform/Debugger/vsdebugeng.windockertransport.dll
[bd94:0009][2026-05-10T01:00:53] D:\Program\Common7\IDE\CommonExtensions\Platform\Debugger\vsdebugeng.windockertransport.dll file deleted.
[bd94:0009][2026-05-10T01:00:53] Processing file /Contents/Common7/IDE/CommonExtensions/Platform/Debugger/vsdebugeng.windockertransport.pkgdef
[bd94:0009][2026-05-10T01:00:53] D:\Program\Common7\IDE\CommonExtensions\Platform\Debugger\vsdebugeng.windockertransport.pkgdef file deleted.
[bd94:0009][2026-05-10T01:00:53] Processing file /Contents/Common7/IDE/CommonExtensions/Platform/Debugger/VSDebugEng_Impl_Core.pkgdef
[bd94:0009][2026-05-10T01:00:53] D:\Program\Common7\IDE\CommonExtensions\Platform\Debugger\VSDebugEng_Impl_Core.pkgdef file deleted.
[bd94:0009][2026-05-10T01:00:53] Processing file /Contents/Common7/IDE/CommonExtensions/Platform/Debugger/VSDebugEng_Impl_Engine.pkgdef
[bd94:0009][2026-05-10T01:00:53] D:\Program\Common7\IDE\CommonExtensions\Platform\Debugger\VSDebugEng_Impl_Engine.pkgdef file deleted.
[bd94:0009][2026-05-10T01:00:53] Processing file /Contents/Common7/IDE/CommonExtensions/Platform/Debugger/VSDbg_Engine.pkgdef
[bd94:0009][2026-05-10T01:00:53] D:\Program\Common7\IDE\CommonExtensions\Platform\Debugger\VSDbg_Engine.pkgdef file deleted.
[bd94:0009][2026-05-10T01:00:53] Processing file /Contents/Common7/IDE/CommonExtensions/Platform/Debugger/ReflectionBDM.pkgdef
[bd94:0009][2026-05-10T01:00:53] D:\Program\Common7\IDE\CommonExtensions\Platform\Debugger\ReflectionBDM.pkgdef file deleted.
[bd94:0009][2026-05-10T01:00:53] Processing file /Contents/Common7/IDE/CommonExtensions/Platform/Debugger/Microsoft.VisualStudio.Debugger.TerminalLauncher.dll
[bd94:0009][2026-05-10T01:00:53] D:\Program\Common7\IDE\CommonExtensions\Platform\Debugger\Microsoft.VisualStudio.Debugger.TerminalLauncher.dll file deleted.
[bd94:0009][2026-05-10T01:00:53] Processing file /Contents/Common7/IDE/CommonExtensions/Platform/Debugger/Microsoft.VisualStudio.Debugger.TerminalLauncher.pkgdef
[bd94:0009][2026-05-10T01:00:53] D:\Program\Common7\IDE\CommonExtensions\Platform\Debugger\Microsoft.VisualStudio.Debugger.TerminalLauncher.pkgdef file deleted.
[bd94:0009][2026-05-10T01:00:53] Processing file /Contents/Common7/IDE/CommonExtensions/Platform/Debugger/MemoryAnalyzer.dll
[bd94:0009][2026-05-10T01:00:53] D:\Program\Common7\IDE\CommonExtensions\Platform\Debugger\MemoryAnalyzer.dll file deleted.
[bd94:0009][2026-05-10T01:00:53] Processing file /Contents/Common7/IDE/PrivateAssemblies/vsdebugeng.manimpl.netstandard.dll
[bd94:0009][2026-05-10T01:00:53] D:\Program\Common7\IDE\PrivateAssemblies\vsdebugeng.manimpl.netstandard.dll file deleted.
[bd94:0009][2026-05-10T01:00:53] Processing file /Contents/Common7/IDE/PrivateAssemblies/Microsoft.DiagnosticAnalysis.Types.dll
[bd94:0009][2026-05-10T01:00:53] D:\Program\Common7\IDE\PrivateAssemblies\Microsoft.DiagnosticAnalysis.Types.dll file deleted.
[bd94:0009][2026-05-10T01:00:53] Processing file /Contents/Common7/IDE/PrivateAssemblies/vsdebugeng.manimpl.dll
[bd94:0009][2026-05-10T01:00:53] D:\Program\Common7\IDE\PrivateAssemblies\vsdebugeng.manimpl.dll file deleted.
[bd94:0009][2026-05-10T01:00:53] Processing file /Contents/Common7/IDE/PrivateAssemblies/vsdebugeng.manimpl.45.dll
[bd94:0009][2026-05-10T01:00:53] D:\Program\Common7\IDE\PrivateAssemblies\vsdebugeng.manimpl.45.dll file deleted.
[bd94:0009][2026-05-10T01:00:53] Processing file /Contents/Common7/IDE/PrivateAssemblies/MemoryAnalyzer.Extensions.dll
[bd94:0009][2026-05-10T01:00:53] D:\Program\Common7\IDE\PrivateAssemblies\MemoryAnalyzer.Extensions.dll file deleted.
[bd94:0009][2026-05-10T01:00:53] Processing file /Contents/Common7/Packages/Debugger/vsdebugeng.manimpl.netstandard.vsdconfig
[bd94:0009][2026-05-10T01:00:53] D:\Program\Common7\Packages\Debugger\vsdebugeng.manimpl.netstandard.vsdconfig file deleted.
[bd94:0009][2026-05-10T01:00:53] Processing file /Contents/Common7/Packages/Debugger/VsDebugLaunchNotify.exe
[bd94:0009][2026-05-10T01:00:53] D:\Program\Common7\Packages\Debugger\VsDebugLaunchNotify.exe file deleted.
[bd94:0009][2026-05-10T01:00:53] Processing file /Contents/Common7/Packages/Debugger/vsdebugeng.impl.dll
[bd94:0009][2026-05-10T01:00:53] D:\Program\Common7\Packages\Debugger\vsdebugeng.impl.dll file deleted.
[bd94:0009][2026-05-10T01:00:53] Processing file /Contents/Common7/Packages/Debugger/vsdebugeng.impl.vsdconfig
[bd94:0009][2026-05-10T01:00:53] D:\Program\Common7\Packages\Debugger\vsdebugeng.impl.vsdconfig file deleted.
[bd94:0009][2026-05-10T01:00:53] Processing file /Contents/Common7/Packages/Debugger/vsdebugeng.manimpl.45.vsdconfig
[bd94:0009][2026-05-10T01:00:53] D:\Program\Common7\Packages\Debugger\vsdebugeng.manimpl.45.vsdconfig file deleted.
[bd94:0009][2026-05-10T01:00:53] Processing file /Contents/Common7/Packages/Debugger/vsdebugeng.manimpl.vsdconfig
[bd94:0009][2026-05-10T01:00:53] D:\Program\Common7\Packages\Debugger\vsdebugeng.manimpl.vsdconfig file deleted.
[bd94:0009][2026-05-10T01:00:53] Started: Deleting empty directories
[bd94:0009][2026-05-10T01:00:53] Completed: Deleting empty directories
[bd94:0009][2026-05-10T01:00:53] Package executed successfully. Return code: 0
