[18d4:0007][2026-05-10T02:03:40] Opening the package for processing
[18d4:0007][2026-05-10T02:03:40] Using package payload to get the embedded manifest
[18d4:0007][2026-05-10T02:03:40] Getting list of files within the package
[18d4:0007][2026-05-10T02:03:40] Processing file /Contents/Common7/IDE/Extensions/Microsoft/VsGraphics/Assets/Images/mreCone.bmp
[18d4:0007][2026-05-10T02:03:40] Started: Copying file /Contents/Common7/IDE/Extensions/Microsoft/VsGraphics/Assets/Images/mreCone.bmp to D:\Program Files (x86)\Microsoft Visual Studio\2022\BuildTools\Common7\IDE\Extensions\Microsoft\VsGraphics\Assets\Images\mreCone.bmp
[18d4:0007][2026-05-10T02:03:40] Completed: Copying file /Contents/Common7/IDE/Extensions/Microsoft/VsGraphics/Assets/Images/mreCone.bmp to D:\Program Files (x86)\Microsoft Visual Studio\2022\BuildTools\Common7\IDE\Extensions\Microsoft\VsGraphics\Assets\Images\mreCone.bmp
[18d4:0007][2026-05-10T02:03:40] Timestamp updated for file 'D:\Program Files (x86)\Microsoft Visual Studio\2022\BuildTools\Common7\IDE\Extensions\Microsoft\VsGraphics\Assets\Images\mreCone.bmp'.
[18d4:0007][2026-05-10T02:03:40] Processing file /Contents/Common7/IDE/Extensions/Microsoft/VsGraphics/Assets/Images/mreCube.bmp
[18d4:0007][2026-05-10T02:03:40] Started: Copying file /Contents/Common7/IDE/Extensions/Microsoft/VsGraphics/Assets/Images/mreCube.bmp to D:\Program Files (x86)\Microsoft Visual Studio\2022\BuildTools\Common7\IDE\Extensions\Microsoft\VsGraphics\Assets\Images\mreCube.bmp
[18d4:0007][2026-05-10T02:03:40] Completed: Copying file /Contents/Common7/IDE/Extensions/Microsoft/VsGraphics/Assets/Images/mreCube.bmp to D:\Program Files (x86)\Microsoft Visual Studio\2022\BuildTools\Common7\IDE\Extensions\Microsoft\VsGraphics\Assets\Images\mreCube.bmp
[18d4:0007][2026-05-10T02:03:40] Timestamp updated for file 'D:\Program Files (x86)\Microsoft Visual Studio\2022\BuildTools\Common7\IDE\Extensions\Microsoft\VsGraphics\Assets\Images\mreCube.bmp'.
[18d4:0007][2026-05-10T02:03:40] Processing file /Contents/Common7/IDE/Extensions/Microsoft/VsGraphics/Assets/Images/mreCylinder.bmp
[18d4:0007][2026-05-10T02:03:40] Started: Copying file /Contents/Common7/IDE/Extensions/Microsoft/VsGraphics/Assets/Images/mreCylinder.bmp to D:\Program Files (x86)\Microsoft Visual Studio\2022\BuildTools\Common7\IDE\Extensions\Microsoft\VsGraphics\Assets\Images\mreCylinder.bmp
[18d4:0007][2026-05-10T02:03:40] Completed: Copying file /Contents/Common7/IDE/Extensions/Microsoft/VsGraphics/Assets/Images/mreCylinder.bmp to D:\Program Files (x86)\Microsoft Visual Studio\2022\BuildTools\Common7\IDE\Extensions\Microsoft\VsGraphics\Assets\Images\mreCylinder.bmp
[18d4:0007][2026-05-10T02:03:40] Timestamp updated for file 'D:\Program Files (x86)\Microsoft Visual Studio\2022\BuildTools\Common7\IDE\Extensions\Microsoft\VsGraphics\Assets\Images\mreCylinder.bmp'.
[18d4:0007][2026-05-10T02:03:40] Processing file /Contents/Common7/IDE/Extensions/Microsoft/VsGraphics/Assets/Images/mreDisc.bmp
[18d4:0007][2026-05-10T02:03:40] Started: Copying file /Contents/Common7/IDE/Extensions/Microsoft/VsGraphics/Assets/Images/mreDisc.bmp to D:\Program Files (x86)\Microsoft Visual Studio\2022\BuildTools\Common7\IDE\Extensions\Microsoft\VsGraphics\Assets\Images\mreDisc.bmp
[18d4:0007][2026-05-10T02:03:40] Completed: Copying file /Contents/Common7/IDE/Extensions/Microsoft/VsGraphics/Assets/Images/mreDisc.bmp to D:\Program Files (x86)\Microsoft Visual Studio\2022\BuildTools\Common7\IDE\Extensions\Microsoft\VsGraphics\Assets\Images\mreDisc.bmp
[18d4:0007][2026-05-10T02:03:40] Timestamp updated for file 'D:\Program Files (x86)\Microsoft Visual Studio\2022\BuildTools\Common7\IDE\Extensions\Microsoft\VsGraphics\Assets\Images\mreDisc.bmp'.
[18d4:0007][2026-05-10T02:03:40] Processing file /Contents/Common7/IDE/Extensions/Microsoft/VsGraphics/Assets/Images/mrePlane.bmp
[18d4:0007][2026-05-10T02:03:40] Started: Copying file /Contents/Common7/IDE/Extensions/Microsoft/VsGraphics/Assets/Images/mrePlane.bmp to D:\Program Files (x86)\Microsoft Visual Studio\2022\BuildTools\Common7\IDE\Extensions\Microsoft\VsGraphics\Assets\Images\mrePlane.bmp
[18d4:0007][2026-05-10T02:03:40] Completed: Copying file /Contents/Common7/IDE/Extensions/Microsoft/VsGraphics/Assets/Images/mrePlane.bmp to D:\Program Files (x86)\Microsoft Visual Studio\2022\BuildTools\Common7\IDE\Extensions\Microsoft\VsGraphics\Assets\Images\mrePlane.bmp
[18d4:0007][2026-05-10T02:03:40] Timestamp updated for file 'D:\Program Files (x86)\Microsoft Visual Studio\2022\BuildTools\Common7\IDE\Extensions\Microsoft\VsGraphics\Assets\Images\mrePlane.bmp'.
[18d4:0007][2026-05-10T02:03:40] Processing file /Contents/Common7/IDE/Extensions/Microsoft/VsGraphics/Assets/Images/mreSphere.bmp
[18d4:0007][2026-05-10T02:03:40] Started: Copying file /Contents/Common7/IDE/Extensions/Microsoft/VsGraphics/Assets/Images/mreSphere.bmp to D:\Program Files (x86)\Microsoft Visual Studio\2022\BuildTools\Common7\IDE\Extensions\Microsoft\VsGraphics\Assets\Images\mreSphere.bmp
[18d4:0007][2026-05-10T02:03:40] Completed: Copying file /Contents/Common7/IDE/Extensions/Microsoft/VsGraphics/Assets/Images/mreSphere.bmp to D:\Program Files (x86)\Microsoft Visual Studio\2022\BuildTools\Common7\IDE\Extensions\Microsoft\VsGraphics\Assets\Images\mreSphere.bmp
[18d4:0007][2026-05-10T02:03:40] Timestamp updated for file 'D:\Program Files (x86)\Microsoft Visual Studio\2022\BuildTools\Common7\IDE\Extensions\Microsoft\VsGraphics\Assets\Images\mreSphere.bmp'.
[18d4:0007][2026-05-10T02:03:40] Processing file /Contents/Common7/IDE/Extensions/Microsoft/VsGraphics/Assets/Images/mreTeapot.bmp
[18d4:0007][2026-05-10T02:03:40] Started: Copying file /Contents/Common7/IDE/Extensions/Microsoft/VsGraphics/Assets/Images/mreTeapot.bmp to D:\Program Files (x86)\Microsoft Visual Studio\2022\BuildTools\Common7\IDE\Extensions\Microsoft\VsGraphics\Assets\Images\mreTeapot.bmp
[18d4:0007][2026-05-10T02:03:40] Completed: Copying file /Contents/Common7/IDE/Extensions/Microsoft/VsGraphics/Assets/Images/mreTeapot.bmp to D:\Program Files (x86)\Microsoft Visual Studio\2022\BuildTools\Common7\IDE\Extensions\Microsoft\VsGraphics\Assets\Images\mreTeapot.bmp
[18d4:0007][2026-05-10T02:03:40] Timestamp updated for file 'D:\Program Files (x86)\Microsoft Visual Studio\2022\BuildTools\Common7\IDE\Extensions\Microsoft\VsGraphics\Assets\Images\mreTeapot.bmp'.
[18d4:0007][2026-05-10T02:03:40] Processing file /Contents/Common7/IDE/Extensions/Microsoft/VsGraphics/Assets/Images/shaderLambert.bmp
[18d4:0007][2026-05-10T02:03:40] Started: Copying file /Contents/Common7/IDE/Extensions/Microsoft/VsGraphics/Assets/Images/shaderLambert.bmp to D:\Program Files (x86)\Microsoft Visual Studio\2022\BuildTools\Common7\IDE\Extensions\Microsoft\VsGraphics\Assets\Images\shaderLambert.bmp
[18d4:0007][2026-05-10T02:03:40] Completed: Copying file /Contents/Common7/IDE/Extensions/Microsoft/VsGraphics/Assets/Images/shaderLambert.bmp to D:\Program Files (x86)\Microsoft Visual Studio\2022\BuildTools\Common7\IDE\Extensions\Microsoft\VsGraphics\Assets\Images\shaderLambert.bmp
[18d4:0007][2026-05-10T02:03:40] Timestamp updated for file 'D:\Program Files (x86)\Microsoft Visual Studio\2022\BuildTools\Common7\IDE\Extensions\Microsoft\VsGraphics\Assets\Images\shaderLambert.bmp'.
[18d4:0007][2026-05-10T02:03:40] Processing file /Contents/Common7/IDE/Extensions/Microsoft/VsGraphics/Assets/Images/shaderOthers.bmp
[18d4:0007][2026-05-10T02:03:40] Started: Copying file /Contents/Common7/IDE/Extensions/Microsoft/VsGraphics/Assets/Images/shaderOthers.bmp to D:\Program Files (x86)\Microsoft Visual Studio\2022\BuildTools\Common7\IDE\Extensions\Microsoft\VsGraphics\Assets\Images\shaderOthers.bmp
[18d4:0007][2026-05-10T02:03:40] Completed: Copying file /Contents/Common7/IDE/Extensions/Microsoft/VsGraphics/Assets/Images/shaderOthers.bmp to D:\Program Files (x86)\Microsoft Visual Studio\2022\BuildTools\Common7\IDE\Extensions\Microsoft\VsGraphics\Assets\Images\shaderOthers.bmp
[18d4:0007][2026-05-10T02:03:40] Timestamp updated for file 'D:\Program Files (x86)\Microsoft Visual Studio\2022\BuildTools\Common7\IDE\Extensions\Microsoft\VsGraphics\Assets\Images\shaderOthers.bmp'.
[18d4:0007][2026-05-10T02:03:40] Processing file /Contents/Common7/IDE/Extensions/Microsoft/VsGraphics/Assets/Images/shaderPhong.bmp
[18d4:0007][2026-05-10T02:03:40] Started: Copying file /Contents/Common7/IDE/Extensions/Microsoft/VsGraphics/Assets/Images/shaderPhong.bmp to D:\Program Files (x86)\Microsoft Visual Studio\2022\BuildTools\Common7\IDE\Extensions\Microsoft\VsGraphics\Assets\Images\shaderPhong.bmp
[18d4:0007][2026-05-10T02:03:40] Completed: Copying file /Contents/Common7/IDE/Extensions/Microsoft/VsGraphics/Assets/Images/shaderPhong.bmp to D:\Program Files (x86)\Microsoft Visual Studio\2022\BuildTools\Common7\IDE\Extensions\Microsoft\VsGraphics\Assets\Images\shaderPhong.bmp
[18d4:0007][2026-05-10T02:03:40] Timestamp updated for file 'D:\Program Files (x86)\Microsoft Visual Studio\2022\BuildTools\Common7\IDE\Extensions\Microsoft\VsGraphics\Assets\Images\shaderPhong.bmp'.
[18d4:0007][2026-05-10T02:03:40] Processing file /Contents/Common7/IDE/Extensions/Microsoft/VsGraphics/Assets/Images/shaderUnlit.bmp
[18d4:0007][2026-05-10T02:03:40] Started: Copying file /Contents/Common7/IDE/Extensions/Microsoft/VsGraphics/Assets/Images/shaderUnlit.bmp to D:\Program Files (x86)\Microsoft Visual Studio\2022\BuildTools\Common7\IDE\Extensions\Microsoft\VsGraphics\Assets\Images\shaderUnlit.bmp
[18d4:0007][2026-05-10T02:03:40] Completed: Copying file /Contents/Common7/IDE/Extensions/Microsoft/VsGraphics/Assets/Images/shaderUnlit.bmp to D:\Program Files (x86)\Microsoft Visual Studio\2022\BuildTools\Common7\IDE\Extensions\Microsoft\VsGraphics\Assets\Images\shaderUnlit.bmp
[18d4:0007][2026-05-10T02:03:40] Timestamp updated for file 'D:\Program Files (x86)\Microsoft Visual Studio\2022\BuildTools\Common7\IDE\Extensions\Microsoft\VsGraphics\Assets\Images\shaderUnlit.bmp'.
[18d4:0007][2026-05-10T02:03:40] Processing file /Contents/Common7/IDE/Extensions/Microsoft/VsGraphics/TemplateDefaults/defaultfile.bmp
[18d4:0007][2026-05-10T02:03:40] Started: Copying file /Contents/Common7/IDE/Extensions/Microsoft/VsGraphics/TemplateDefaults/defaultfile.bmp to D:\Program Files (x86)\Microsoft Visual Studio\2022\BuildTools\Common7\IDE\Extensions\Microsoft\VsGraphics\TemplateDefaults\defaultfile.bmp
[18d4:0007][2026-05-10T02:03:40] Completed: Copying file /Contents/Common7/IDE/Extensions/Microsoft/VsGraphics/TemplateDefaults/defaultfile.bmp to D:\Program Files (x86)\Microsoft Visual Studio\2022\BuildTools\Common7\IDE\Extensions\Microsoft\VsGraphics\TemplateDefaults\defaultfile.bmp
[18d4:0007][2026-05-10T02:03:40] Timestamp updated for file 'D:\Program Files (x86)\Microsoft Visual Studio\2022\BuildTools\Common7\IDE\Extensions\Microsoft\VsGraphics\TemplateDefaults\defaultfile.bmp'.
[18d4:0007][2026-05-10T02:03:40] Processing file /Contents/Common7/IDE/Extensions/Microsoft/VsGraphics/TemplateDefaults/defaultfile.dds
[18d4:0007][2026-05-10T02:03:40] Started: Copying file /Contents/Common7/IDE/Extensions/Microsoft/VsGraphics/TemplateDefaults/defaultfile.dds to D:\Program Files (x86)\Microsoft Visual Studio\2022\BuildTools\Common7\IDE\Extensions\Microsoft\VsGraphics\TemplateDefaults\defaultfile.dds
[18d4:0007][2026-05-10T02:03:40] Completed: Copying file /Contents/Common7/IDE/Extensions/Microsoft/VsGraphics/TemplateDefaults/defaultfile.dds to D:\Program Files (x86)\Microsoft Visual Studio\2022\BuildTools\Common7\IDE\Extensions\Microsoft\VsGraphics\TemplateDefaults\defaultfile.dds
[18d4:0007][2026-05-10T02:03:40] Timestamp updated for file 'D:\Program Files (x86)\Microsoft Visual Studio\2022\BuildTools\Common7\IDE\Extensions\Microsoft\VsGraphics\TemplateDefaults\defaultfile.dds'.
[18d4:0007][2026-05-10T02:03:40] Processing file /Contents/Common7/IDE/Extensions/Microsoft/VsGraphics/TemplateDefaults/defaultfile.dgsl
[18d4:0007][2026-05-10T02:03:40] Started: Copying file /Contents/Common7/IDE/Extensions/Microsoft/VsGraphics/TemplateDefaults/defaultfile.dgsl to D:\Program Files (x86)\Microsoft Visual Studio\2022\BuildTools\Common7\IDE\Extensions\Microsoft\VsGraphics\TemplateDefaults\defaultfile.dgsl
[18d4:0007][2026-05-10T02:03:40] Completed: Copying file /Contents/Common7/IDE/Extensions/Microsoft/VsGraphics/TemplateDefaults/defaultfile.dgsl to D:\Program Files (x86)\Microsoft Visual Studio\2022\BuildTools\Common7\IDE\Extensions\Microsoft\VsGraphics\TemplateDefaults\defaultfile.dgsl
[18d4:0007][2026-05-10T02:03:40] Timestamp updated for file 'D:\Program Files (x86)\Microsoft Visual Studio\2022\BuildTools\Common7\IDE\Extensions\Microsoft\VsGraphics\TemplateDefaults\defaultfile.dgsl'.
[18d4:0007][2026-05-10T02:03:40] Processing file /Contents/Common7/IDE/Extensions/Microsoft/VsGraphics/TemplateDefaults/defaultfile.gif
[18d4:0007][2026-05-10T02:03:40] Started: Copying file /Contents/Common7/IDE/Extensions/Microsoft/VsGraphics/TemplateDefaults/defaultfile.gif to D:\Program Files (x86)\Microsoft Visual Studio\2022\BuildTools\Common7\IDE\Extensions\Microsoft\VsGraphics\TemplateDefaults\defaultfile.gif
[18d4:0007][2026-05-10T02:03:40] Completed: Copying file /Contents/Common7/IDE/Extensions/Microsoft/VsGraphics/TemplateDefaults/defaultfile.gif to D:\Program Files (x86)\Microsoft Visual Studio\2022\BuildTools\Common7\IDE\Extensions\Microsoft\VsGraphics\TemplateDefaults\defaultfile.gif
[18d4:0007][2026-05-10T02:03:40] Timestamp updated for file 'D:\Program Files (x86)\Microsoft Visual Studio\2022\BuildTools\Common7\IDE\Extensions\Microsoft\VsGraphics\TemplateDefaults\defaultfile.gif'.
[18d4:0007][2026-05-10T02:03:40] Processing file /Contents/Common7/IDE/Extensions/Microsoft/VsGraphics/TemplateDefaults/defaultfile.jpg
[18d4:0007][2026-05-10T02:03:40] Started: Copying file /Contents/Common7/IDE/Extensions/Microsoft/VsGraphics/TemplateDefaults/defaultfile.jpg to D:\Program Files (x86)\Microsoft Visual Studio\2022\BuildTools\Common7\IDE\Extensions\Microsoft\VsGraphics\TemplateDefaults\defaultfile.jpg
[18d4:0007][2026-05-10T02:03:40] Completed: Copying file /Contents/Common7/IDE/Extensions/Microsoft/VsGraphics/TemplateDefaults/defaultfile.jpg to D:\Program Files (x86)\Microsoft Visual Studio\2022\BuildTools\Common7\IDE\Extensions\Microsoft\VsGraphics\TemplateDefaults\defaultfile.jpg
[18d4:0007][2026-05-10T02:03:40] Timestamp updated for file 'D:\Program Files (x86)\Microsoft Visual Studio\2022\BuildTools\Common7\IDE\Extensions\Microsoft\VsGraphics\TemplateDefaults\defaultfile.jpg'.
[18d4:0007][2026-05-10T02:03:40] Processing file /Contents/Common7/IDE/Extensions/Microsoft/VsGraphics/TemplateDefaults/defaultfile.obj
[18d4:0007][2026-05-10T02:03:40] Started: Copying file /Contents/Common7/IDE/Extensions/Microsoft/VsGraphics/TemplateDefaults/defaultfile.obj to D:\Program Files (x86)\Microsoft Visual Studio\2022\BuildTools\Common7\IDE\Extensions\Microsoft\VsGraphics\TemplateDefaults\defaultfile.obj
[18d4:0007][2026-05-10T02:03:40] Completed: Copying file /Contents/Common7/IDE/Extensions/Microsoft/VsGraphics/TemplateDefaults/defaultfile.obj to D:\Program Files (x86)\Microsoft Visual Studio\2022\BuildTools\Common7\IDE\Extensions\Microsoft\VsGraphics\TemplateDefaults\defaultfile.obj
[18d4:0007][2026-05-10T02:03:40] Timestamp updated for file 'D:\Program Files (x86)\Microsoft Visual Studio\2022\BuildTools\Common7\IDE\Extensions\Microsoft\VsGraphics\TemplateDefaults\defaultfile.obj'.
[18d4:0007][2026-05-10T02:03:40] Processing file /Contents/Common7/IDE/Extensions/Microsoft/VsGraphics/TemplateDefaults/defaultfile.png
[18d4:0007][2026-05-10T02:03:40] Started: Copying file /Contents/Common7/IDE/Extensions/Microsoft/VsGraphics/TemplateDefaults/defaultfile.png to D:\Program Files (x86)\Microsoft Visual Studio\2022\BuildTools\Common7\IDE\Extensions\Microsoft\VsGraphics\TemplateDefaults\defaultfile.png
[18d4:0007][2026-05-10T02:03:40] Completed: Copying file /Contents/Common7/IDE/Extensions/Microsoft/VsGraphics/TemplateDefaults/defaultfile.png to D:\Program Files (x86)\Microsoft Visual Studio\2022\BuildTools\Common7\IDE\Extensions\Microsoft\VsGraphics\TemplateDefaults\defaultfile.png
[18d4:0007][2026-05-10T02:03:40] Timestamp updated for file 'D:\Program Files (x86)\Microsoft Visual Studio\2022\BuildTools\Common7\IDE\Extensions\Microsoft\VsGraphics\TemplateDefaults\defaultfile.png'.
[18d4:0007][2026-05-10T02:03:40] Processing file /Contents/Common7/IDE/Extensions/Microsoft/VsGraphics/TemplateDefaults/defaultfile.tga
[18d4:0007][2026-05-10T02:03:40] Started: Copying file /Contents/Common7/IDE/Extensions/Microsoft/VsGraphics/TemplateDefaults/defaultfile.tga to D:\Program Files (x86)\Microsoft Visual Studio\2022\BuildTools\Common7\IDE\Extensions\Microsoft\VsGraphics\TemplateDefaults\defaultfile.tga
[18d4:0007][2026-05-10T02:03:40] Completed: Copying file /Contents/Common7/IDE/Extensions/Microsoft/VsGraphics/TemplateDefaults/defaultfile.tga to D:\Program Files (x86)\Microsoft Visual Studio\2022\BuildTools\Common7\IDE\Extensions\Microsoft\VsGraphics\TemplateDefaults\defaultfile.tga
[18d4:0007][2026-05-10T02:03:40] Timestamp updated for file 'D:\Program Files (x86)\Microsoft Visual Studio\2022\BuildTools\Common7\IDE\Extensions\Microsoft\VsGraphics\TemplateDefaults\defaultfile.tga'.
[18d4:0007][2026-05-10T02:03:40] Processing file /Contents/Common7/IDE/Extensions/Microsoft/VsGraphics/TemplateDefaults/defaultfile.tif
[18d4:0007][2026-05-10T02:03:40] Started: Copying file /Contents/Common7/IDE/Extensions/Microsoft/VsGraphics/TemplateDefaults/defaultfile.tif to D:\Program Files (x86)\Microsoft Visual Studio\2022\BuildTools\Common7\IDE\Extensions\Microsoft\VsGraphics\TemplateDefaults\defaultfile.tif
[18d4:0007][2026-05-10T02:03:40] Completed: Copying file /Contents/Common7/IDE/Extensions/Microsoft/VsGraphics/TemplateDefaults/defaultfile.tif to D:\Program Files (x86)\Microsoft Visual Studio\2022\BuildTools\Common7\IDE\Extensions\Microsoft\VsGraphics\TemplateDefaults\defaultfile.tif
[18d4:0007][2026-05-10T02:03:40] Timestamp updated for file 'D:\Program Files (x86)\Microsoft Visual Studio\2022\BuildTools\Common7\IDE\Extensions\Microsoft\VsGraphics\TemplateDefaults\defaultfile.tif'.
[18d4:0007][2026-05-10T02:03:40] Processing file /Contents/Common7/IDE/Extensions/Microsoft/VsGraphics/Templates/addnewitems.vsdir
[18d4:0007][2026-05-10T02:03:40] Started: Copying file /Contents/Common7/IDE/Extensions/Microsoft/VsGraphics/Templates/addnewitems.vsdir to D:\Program Files (x86)\Microsoft Visual Studio\2022\BuildTools\Common7\IDE\Extensions\Microsoft\VsGraphics\Templates\addnewitems.vsdir
[18d4:0007][2026-05-10T02:03:40] Completed: Copying file /Contents/Common7/IDE/Extensions/Microsoft/VsGraphics/Templates/addnewitems.vsdir to D:\Program Files (x86)\Microsoft Visual Studio\2022\BuildTools\Common7\IDE\Extensions\Microsoft\VsGraphics\Templates\addnewitems.vsdir
[18d4:0007][2026-05-10T02:03:40] Timestamp updated for file 'D:\Program Files (x86)\Microsoft Visual Studio\2022\BuildTools\Common7\IDE\Extensions\Microsoft\VsGraphics\Templates\addnewitems.vsdir'.
[18d4:0007][2026-05-10T02:03:40] Processing file /Contents/Common7/IDE/VCGraphicsWizard.dll
[18d4:0007][2026-05-10T02:03:40] Started: Copying file /Contents/Common7/IDE/VCGraphicsWizard.dll to D:\Program Files (x86)\Microsoft Visual Studio\2022\BuildTools\Common7\IDE\VCGraphicsWizard.dll
[18d4:0007][2026-05-10T02:03:40] Completed: Copying file /Contents/Common7/IDE/VCGraphicsWizard.dll to D:\Program Files (x86)\Microsoft Visual Studio\2022\BuildTools\Common7\IDE\VCGraphicsWizard.dll
[18d4:0007][2026-05-10T02:03:40] Timestamp updated for file 'D:\Program Files (x86)\Microsoft Visual Studio\2022\BuildTools\Common7\IDE\VCGraphicsWizard.dll'.
[18d4:0007][2026-05-10T02:03:40] Package executed successfully. Return code: 0
