[18d4:0007][2026-05-10T02:03:35] Opening the package for processing
[18d4:0007][2026-05-10T02:03:35] Using package payload to get the embedded manifest
[18d4:0007][2026-05-10T02:03:35] Getting list of files within the package
[18d4:0007][2026-05-10T02:03:35] Processing file /Contents/Common7/IDE/Remote%20Debugger/x64/iisresolver.dll
[18d4:0007][2026-05-10T02:03:35] Started: Copying file /Contents/Common7/IDE/Remote%20Debugger/x64/iisresolver.dll to D:\Program Files (x86)\Microsoft Visual Studio\2022\BuildTools\Common7\IDE\Remote Debugger\x64\iisresolver.dll
[18d4:0007][2026-05-10T02:03:35] Completed: Copying file /Contents/Common7/IDE/Remote%20Debugger/x64/iisresolver.dll to D:\Program Files (x86)\Microsoft Visual Studio\2022\BuildTools\Common7\IDE\Remote Debugger\x64\iisresolver.dll
[18d4:0007][2026-05-10T02:03:35] Timestamp updated for file 'D:\Program Files (x86)\Microsoft Visual Studio\2022\BuildTools\Common7\IDE\Remote Debugger\x64\iisresolver.dll'.
[18d4:0007][2026-05-10T02:03:35] Processing file /Contents/Common7/IDE/Remote%20Debugger/x64/MemoryAnalyzer.Extensions.dll
[18d4:0007][2026-05-10T02:03:35] Started: Copying file /Contents/Common7/IDE/Remote%20Debugger/x64/MemoryAnalyzer.Extensions.dll to D:\Program Files (x86)\Microsoft Visual Studio\2022\BuildTools\Common7\IDE\Remote Debugger\x64\MemoryAnalyzer.Extensions.dll
[18d4:0007][2026-05-10T02:03:35] Completed: Copying file /Contents/Common7/IDE/Remote%20Debugger/x64/MemoryAnalyzer.Extensions.dll to D:\Program Files (x86)\Microsoft Visual Studio\2022\BuildTools\Common7\IDE\Remote Debugger\x64\MemoryAnalyzer.Extensions.dll
[18d4:0007][2026-05-10T02:03:35] Timestamp updated for file 'D:\Program Files (x86)\Microsoft Visual Studio\2022\BuildTools\Common7\IDE\Remote Debugger\x64\MemoryAnalyzer.Extensions.dll'.
[18d4:0007][2026-05-10T02:03:35] Processing file /Contents/Common7/IDE/Remote%20Debugger/x64/Microsoft.VisualStudio.Debugger.Engine.dll
[18d4:0007][2026-05-10T02:03:35] Started: Copying file /Contents/Common7/IDE/Remote%20Debugger/x64/Microsoft.VisualStudio.Debugger.Engine.dll to D:\Program Files (x86)\Microsoft Visual Studio\2022\BuildTools\Common7\IDE\Remote Debugger\x64\Microsoft.VisualStudio.Debugger.Engine.dll
[18d4:0007][2026-05-10T02:03:35] Completed: Copying file /Contents/Common7/IDE/Remote%20Debugger/x64/Microsoft.VisualStudio.Debugger.Engine.dll to D:\Program Files (x86)\Microsoft Visual Studio\2022\BuildTools\Common7\IDE\Remote Debugger\x64\Microsoft.VisualStudio.Debugger.Engine.dll
[18d4:0007][2026-05-10T02:03:35] Timestamp updated for file 'D:\Program Files (x86)\Microsoft Visual Studio\2022\BuildTools\Common7\IDE\Remote Debugger\x64\Microsoft.VisualStudio.Debugger.Engine.dll'.
[18d4:0007][2026-05-10T02:03:35] Queueing D:\Program Files (x86)\Microsoft Visual Studio\2022\BuildTools\Common7\IDE\Remote Debugger\x64\Microsoft.VisualStudio.Debugger.Engine.dll for X64 ngen
[18d4:0007][2026-05-10T02:03:35] Successfully queued file '/Contents/Common7/IDE/Remote Debugger/x64/Microsoft.VisualStudio.Debugger.Engine.dll' for ngen
[18d4:0007][2026-05-10T02:03:35] Processing file /Contents/Common7/IDE/Remote%20Debugger/x64/Microsoft.VisualStudio.Debugger.Metadata.dll
[18d4:0007][2026-05-10T02:03:35] Started: Copying file /Contents/Common7/IDE/Remote%20Debugger/x64/Microsoft.VisualStudio.Debugger.Metadata.dll to D:\Program Files (x86)\Microsoft Visual Studio\2022\BuildTools\Common7\IDE\Remote Debugger\x64\Microsoft.VisualStudio.Debugger.Metadata.dll
[18d4:0007][2026-05-10T02:03:35] Completed: Copying file /Contents/Common7/IDE/Remote%20Debugger/x64/Microsoft.VisualStudio.Debugger.Metadata.dll to D:\Program Files (x86)\Microsoft Visual Studio\2022\BuildTools\Common7\IDE\Remote Debugger\x64\Microsoft.VisualStudio.Debugger.Metadata.dll
[18d4:0007][2026-05-10T02:03:35] Timestamp updated for file 'D:\Program Files (x86)\Microsoft Visual Studio\2022\BuildTools\Common7\IDE\Remote Debugger\x64\Microsoft.VisualStudio.Debugger.Metadata.dll'.
[18d4:0007][2026-05-10T02:03:35] Queueing D:\Program Files (x86)\Microsoft Visual Studio\2022\BuildTools\Common7\IDE\Remote Debugger\x64\Microsoft.VisualStudio.Debugger.Metadata.dll for X64 ngen
[18d4:0007][2026-05-10T02:03:35] Successfully queued file '/Contents/Common7/IDE/Remote Debugger/x64/Microsoft.VisualStudio.Debugger.Metadata.dll' for ngen
[18d4:0007][2026-05-10T02:03:35] Processing file /Contents/Common7/IDE/Remote%20Debugger/x64/Microsoft.VisualStudio.vil.dll
[18d4:0007][2026-05-10T02:03:35] Started: Copying file /Contents/Common7/IDE/Remote%20Debugger/x64/Microsoft.VisualStudio.vil.dll to D:\Program Files (x86)\Microsoft Visual Studio\2022\BuildTools\Common7\IDE\Remote Debugger\x64\Microsoft.VisualStudio.vil.dll
[18d4:0007][2026-05-10T02:03:35] Completed: Copying file /Contents/Common7/IDE/Remote%20Debugger/x64/Microsoft.VisualStudio.vil.dll to D:\Program Files (x86)\Microsoft Visual Studio\2022\BuildTools\Common7\IDE\Remote Debugger\x64\Microsoft.VisualStudio.vil.dll
[18d4:0007][2026-05-10T02:03:35] Timestamp updated for file 'D:\Program Files (x86)\Microsoft Visual Studio\2022\BuildTools\Common7\IDE\Remote Debugger\x64\Microsoft.VisualStudio.vil.dll'.
[18d4:0007][2026-05-10T02:03:35] Queueing D:\Program Files (x86)\Microsoft Visual Studio\2022\BuildTools\Common7\IDE\Remote Debugger\x64\Microsoft.VisualStudio.vil.dll for X64 ngen
[18d4:0007][2026-05-10T02:03:35] Successfully queued file '/Contents/Common7/IDE/Remote Debugger/x64/Microsoft.VisualStudio.vil.dll' for ngen
[18d4:0007][2026-05-10T02:03:35] Processing file /Contents/Common7/IDE/Remote%20Debugger/x64/Microsoft.VisualStudio.vil.host.dll
[18d4:0007][2026-05-10T02:03:35] Started: Copying file /Contents/Common7/IDE/Remote%20Debugger/x64/Microsoft.VisualStudio.vil.host.dll to D:\Program Files (x86)\Microsoft Visual Studio\2022\BuildTools\Common7\IDE\Remote Debugger\x64\Microsoft.VisualStudio.vil.host.dll
[18d4:0007][2026-05-10T02:03:35] Completed: Copying file /Contents/Common7/IDE/Remote%20Debugger/x64/Microsoft.VisualStudio.vil.host.dll to D:\Program Files (x86)\Microsoft Visual Studio\2022\BuildTools\Common7\IDE\Remote Debugger\x64\Microsoft.VisualStudio.vil.host.dll
[18d4:0007][2026-05-10T02:03:35] Timestamp updated for file 'D:\Program Files (x86)\Microsoft Visual Studio\2022\BuildTools\Common7\IDE\Remote Debugger\x64\Microsoft.VisualStudio.vil.host.dll'.
[18d4:0007][2026-05-10T02:03:35] Queueing D:\Program Files (x86)\Microsoft Visual Studio\2022\BuildTools\Common7\IDE\Remote Debugger\x64\Microsoft.VisualStudio.vil.host.dll for X64 ngen
[18d4:0007][2026-05-10T02:03:35] Successfully queued file '/Contents/Common7/IDE/Remote Debugger/x64/Microsoft.VisualStudio.vil.host.dll' for ngen
[18d4:0007][2026-05-10T02:03:35] Processing file /Contents/Common7/IDE/Remote%20Debugger/x64/Runtime/Microsoft.VisualStudio.Debugger.Runtime.Desktop.dll
[18d4:0007][2026-05-10T02:03:35] Started: Copying file /Contents/Common7/IDE/Remote%20Debugger/x64/Runtime/Microsoft.VisualStudio.Debugger.Runtime.Desktop.dll to D:\Program Files (x86)\Microsoft Visual Studio\2022\BuildTools\Common7\IDE\Remote Debugger\x64\Runtime\Microsoft.VisualStudio.Debugger.Runtime.Desktop.dll
[18d4:0007][2026-05-10T02:03:35] Completed: Copying file /Contents/Common7/IDE/Remote%20Debugger/x64/Runtime/Microsoft.VisualStudio.Debugger.Runtime.Desktop.dll to D:\Program Files (x86)\Microsoft Visual Studio\2022\BuildTools\Common7\IDE\Remote Debugger\x64\Runtime\Microsoft.VisualStudio.Debugger.Runtime.Desktop.dll
[18d4:0007][2026-05-10T02:03:35] Timestamp updated for file 'D:\Program Files (x86)\Microsoft Visual Studio\2022\BuildTools\Common7\IDE\Remote Debugger\x64\Runtime\Microsoft.VisualStudio.Debugger.Runtime.Desktop.dll'.
[18d4:0007][2026-05-10T02:03:35] Processing file /Contents/Common7/IDE/Remote%20Debugger/x64/Runtime/Microsoft.VisualStudio.Debugger.Runtime.Impl.dll
[18d4:0007][2026-05-10T02:03:35] Started: Copying file /Contents/Common7/IDE/Remote%20Debugger/x64/Runtime/Microsoft.VisualStudio.Debugger.Runtime.Impl.dll to D:\Program Files (x86)\Microsoft Visual Studio\2022\BuildTools\Common7\IDE\Remote Debugger\x64\Runtime\Microsoft.VisualStudio.Debugger.Runtime.Impl.dll
[18d4:0007][2026-05-10T02:03:35] Completed: Copying file /Contents/Common7/IDE/Remote%20Debugger/x64/Runtime/Microsoft.VisualStudio.Debugger.Runtime.Impl.dll to D:\Program Files (x86)\Microsoft Visual Studio\2022\BuildTools\Common7\IDE\Remote Debugger\x64\Runtime\Microsoft.VisualStudio.Debugger.Runtime.Impl.dll
[18d4:0007][2026-05-10T02:03:35] Timestamp updated for file 'D:\Program Files (x86)\Microsoft Visual Studio\2022\BuildTools\Common7\IDE\Remote Debugger\x64\Runtime\Microsoft.VisualStudio.Debugger.Runtime.Impl.dll'.
[18d4:0007][2026-05-10T02:03:35] Processing file /Contents/Common7/IDE/Remote%20Debugger/x64/Runtime/Microsoft.VisualStudio.Debugger.Runtime.NetCoreApp.dll
[18d4:0007][2026-05-10T02:03:35] Started: Copying file /Contents/Common7/IDE/Remote%20Debugger/x64/Runtime/Microsoft.VisualStudio.Debugger.Runtime.NetCoreApp.dll to D:\Program Files (x86)\Microsoft Visual Studio\2022\BuildTools\Common7\IDE\Remote Debugger\x64\Runtime\Microsoft.VisualStudio.Debugger.Runtime.NetCoreApp.dll
[18d4:0007][2026-05-10T02:03:35] Completed: Copying file /Contents/Common7/IDE/Remote%20Debugger/x64/Runtime/Microsoft.VisualStudio.Debugger.Runtime.NetCoreApp.dll to D:\Program Files (x86)\Microsoft Visual Studio\2022\BuildTools\Common7\IDE\Remote Debugger\x64\Runtime\Microsoft.VisualStudio.Debugger.Runtime.NetCoreApp.dll
[18d4:0007][2026-05-10T02:03:35] Timestamp updated for file 'D:\Program Files (x86)\Microsoft Visual Studio\2022\BuildTools\Common7\IDE\Remote Debugger\x64\Runtime\Microsoft.VisualStudio.Debugger.Runtime.NetCoreApp.dll'.
[18d4:0007][2026-05-10T02:03:35] Processing file /Contents/Common7/IDE/Remote%20Debugger/x64/vsdebugeng.dll
[18d4:0007][2026-05-10T02:03:35] Started: Copying file /Contents/Common7/IDE/Remote%20Debugger/x64/vsdebugeng.dll to D:\Program Files (x86)\Microsoft Visual Studio\2022\BuildTools\Common7\IDE\Remote Debugger\x64\vsdebugeng.dll
[18d4:0007][2026-05-10T02:03:35] Completed: Copying file /Contents/Common7/IDE/Remote%20Debugger/x64/vsdebugeng.dll to D:\Program Files (x86)\Microsoft Visual Studio\2022\BuildTools\Common7\IDE\Remote Debugger\x64\vsdebugeng.dll
[18d4:0007][2026-05-10T02:03:35] Timestamp updated for file 'D:\Program Files (x86)\Microsoft Visual Studio\2022\BuildTools\Common7\IDE\Remote Debugger\x64\vsdebugeng.dll'.
[18d4:0007][2026-05-10T02:03:35] Processing file /Contents/Common7/IDE/Remote%20Debugger/x64/vsdebugeng.impl.dll
[18d4:0007][2026-05-10T02:03:35] Started: Copying file /Contents/Common7/IDE/Remote%20Debugger/x64/vsdebugeng.impl.dll to D:\Program Files (x86)\Microsoft Visual Studio\2022\BuildTools\Common7\IDE\Remote Debugger\x64\vsdebugeng.impl.dll
[18d4:0007][2026-05-10T02:03:35] Completed: Copying file /Contents/Common7/IDE/Remote%20Debugger/x64/vsdebugeng.impl.dll to D:\Program Files (x86)\Microsoft Visual Studio\2022\BuildTools\Common7\IDE\Remote Debugger\x64\vsdebugeng.impl.dll
[18d4:0007][2026-05-10T02:03:35] Timestamp updated for file 'D:\Program Files (x86)\Microsoft Visual Studio\2022\BuildTools\Common7\IDE\Remote Debugger\x64\vsdebugeng.impl.dll'.
[18d4:0007][2026-05-10T02:03:35] Processing file /Contents/Common7/IDE/Remote%20Debugger/x64/vsdebugeng.manimpl.45.dll
[18d4:0007][2026-05-10T02:03:35] Started: Copying file /Contents/Common7/IDE/Remote%20Debugger/x64/vsdebugeng.manimpl.45.dll to D:\Program Files (x86)\Microsoft Visual Studio\2022\BuildTools\Common7\IDE\Remote Debugger\x64\vsdebugeng.manimpl.45.dll
[18d4:0007][2026-05-10T02:03:35] Completed: Copying file /Contents/Common7/IDE/Remote%20Debugger/x64/vsdebugeng.manimpl.45.dll to D:\Program Files (x86)\Microsoft Visual Studio\2022\BuildTools\Common7\IDE\Remote Debugger\x64\vsdebugeng.manimpl.45.dll
[18d4:0007][2026-05-10T02:03:35] Timestamp updated for file 'D:\Program Files (x86)\Microsoft Visual Studio\2022\BuildTools\Common7\IDE\Remote Debugger\x64\vsdebugeng.manimpl.45.dll'.
[18d4:0007][2026-05-10T02:03:35] Processing file /Contents/Common7/IDE/Remote%20Debugger/x64/vsdebugeng.manimpl.dll
[18d4:0007][2026-05-10T02:03:35] Started: Copying file /Contents/Common7/IDE/Remote%20Debugger/x64/vsdebugeng.manimpl.dll to D:\Program Files (x86)\Microsoft Visual Studio\2022\BuildTools\Common7\IDE\Remote Debugger\x64\vsdebugeng.manimpl.dll
[18d4:0007][2026-05-10T02:03:35] Completed: Copying file /Contents/Common7/IDE/Remote%20Debugger/x64/vsdebugeng.manimpl.dll to D:\Program Files (x86)\Microsoft Visual Studio\2022\BuildTools\Common7\IDE\Remote Debugger\x64\vsdebugeng.manimpl.dll
[18d4:0007][2026-05-10T02:03:35] Timestamp updated for file 'D:\Program Files (x86)\Microsoft Visual Studio\2022\BuildTools\Common7\IDE\Remote Debugger\x64\vsdebugeng.manimpl.dll'.
[18d4:0007][2026-05-10T02:03:35] Queueing D:\Program Files (x86)\Microsoft Visual Studio\2022\BuildTools\Common7\IDE\Remote Debugger\x64\vsdebugeng.manimpl.dll for X64 ngen
[18d4:0007][2026-05-10T02:03:35] Successfully queued file '/Contents/Common7/IDE/Remote Debugger/x64/vsdebugeng.manimpl.dll' for ngen
[18d4:0007][2026-05-10T02:03:35] Processing file /Contents/Common7/IDE/Remote%20Debugger/x64/VsDebugLaunchNotify.exe
[18d4:0007][2026-05-10T02:03:35] Started: Copying file /Contents/Common7/IDE/Remote%20Debugger/x64/VsDebugLaunchNotify.exe to D:\Program Files (x86)\Microsoft Visual Studio\2022\BuildTools\Common7\IDE\Remote Debugger\x64\VsDebugLaunchNotify.exe
[18d4:0007][2026-05-10T02:03:35] Completed: Copying file /Contents/Common7/IDE/Remote%20Debugger/x64/VsDebugLaunchNotify.exe to D:\Program Files (x86)\Microsoft Visual Studio\2022\BuildTools\Common7\IDE\Remote Debugger\x64\VsDebugLaunchNotify.exe
[18d4:0007][2026-05-10T02:03:35] Timestamp updated for file 'D:\Program Files (x86)\Microsoft Visual Studio\2022\BuildTools\Common7\IDE\Remote Debugger\x64\VsDebugLaunchNotify.exe'.
[18d4:0007][2026-05-10T02:03:35] Processing file /Contents/Common7/IDE/Remote%20Debugger/x64/VsDebugWERHelper.exe
[18d4:0007][2026-05-10T02:03:35] Started: Copying file /Contents/Common7/IDE/Remote%20Debugger/x64/VsDebugWERHelper.exe to D:\Program Files (x86)\Microsoft Visual Studio\2022\BuildTools\Common7\IDE\Remote Debugger\x64\VsDebugWERHelper.exe
[18d4:0007][2026-05-10T02:03:35] Completed: Copying file /Contents/Common7/IDE/Remote%20Debugger/x64/VsDebugWERHelper.exe to D:\Program Files (x86)\Microsoft Visual Studio\2022\BuildTools\Common7\IDE\Remote Debugger\x64\VsDebugWERHelper.exe
[18d4:0007][2026-05-10T02:03:35] Timestamp updated for file 'D:\Program Files (x86)\Microsoft Visual Studio\2022\BuildTools\Common7\IDE\Remote Debugger\x64\VsDebugWERHelper.exe'.
[18d4:0007][2026-05-10T02:03:35] Package executed successfully. Return code: 0
