[0c48:0003][2026-05-10T01:44:48] Using cached package manifest as the embedded manifest
[0c48:0003][2026-05-10T01:44:48] Processing file /Contents/Common7/IDE/PrivateAssemblies/Dia2Lib.dll
[0c48:0003][2026-05-10T01:44:48] C:\Program Files (x86)\Microsoft Visual Studio\2022\BuildTools\Common7\IDE\PrivateAssemblies\Dia2Lib.dll file deleted.
[0c48:0003][2026-05-10T01:44:48] Processing file /Contents/Common7/IDE/PrivateAssemblies/Microsoft.Diagnostics.FastSerialization.dll
[0c48:0003][2026-05-10T01:44:48] C:\Program Files (x86)\Microsoft Visual Studio\2022\BuildTools\Common7\IDE\PrivateAssemblies\Microsoft.Diagnostics.FastSerialization.dll file deleted.
[0c48:0003][2026-05-10T01:44:48] Processing file /Contents/Common7/IDE/PrivateAssemblies/Microsoft.Diagnostics.Tracing.TraceEvent.dll
[0c48:0003][2026-05-10T01:44:48] C:\Program Files (x86)\Microsoft Visual Studio\2022\BuildTools\Common7\IDE\PrivateAssemblies\Microsoft.Diagnostics.Tracing.TraceEvent.dll file deleted.
[0c48:0003][2026-05-10T01:44:48] Processing file /Contents/Common7/IDE/PrivateAssemblies/TraceReloggerLib.dll
[0c48:0003][2026-05-10T01:44:48] C:\Program Files (x86)\Microsoft Visual Studio\2022\BuildTools\Common7\IDE\PrivateAssemblies\TraceReloggerLib.dll file deleted.
[0c48:0003][2026-05-10T01:44:48] Processing file /Contents/Common7/IDE/PrivateAssemblies/Microsoft.Diagnostics.EtwHeapDump.dll
[0c48:0003][2026-05-10T01:44:48] C:\Program Files (x86)\Microsoft Visual Studio\2022\BuildTools\Common7\IDE\PrivateAssemblies\Microsoft.Diagnostics.EtwHeapDump.dll file deleted.
[0c48:0003][2026-05-10T01:44:48] Processing file /Contents/Common7/IDE/PrivateAssemblies/Microsoft.Diagnostics.HeapDump.dll
[0c48:0003][2026-05-10T01:44:48] C:\Program Files (x86)\Microsoft Visual Studio\2022\BuildTools\Common7\IDE\PrivateAssemblies\Microsoft.Diagnostics.HeapDump.dll file deleted.
[0c48:0003][2026-05-10T01:44:48] Processing file /Contents/Common7/IDE/PrivateAssemblies/Microsoft.Diagnostics.MemoryGraph.dll
[0c48:0003][2026-05-10T01:44:48] C:\Program Files (x86)\Microsoft Visual Studio\2022\BuildTools\Common7\IDE\PrivateAssemblies\Microsoft.Diagnostics.MemoryGraph.dll file deleted.
[0c48:0003][2026-05-10T01:44:48] Processing file /Contents/Common7/IDE/PrivateAssemblies/Microsoft.Diagnostics.Utilities.dll
[0c48:0003][2026-05-10T01:44:48] C:\Program Files (x86)\Microsoft Visual Studio\2022\BuildTools\Common7\IDE\PrivateAssemblies\Microsoft.Diagnostics.Utilities.dll file deleted.
[0c48:0003][2026-05-10T01:44:48] Processing file /Contents/Common7/IDE/PrivateAssemblies/x86/msdia140.dll
[0c48:0003][2026-05-10T01:44:48] C:\Program Files (x86)\Microsoft Visual Studio\2022\BuildTools\Common7\IDE\PrivateAssemblies\x86\msdia140.dll file deleted.
[0c48:0003][2026-05-10T01:44:48] Processing file /Contents/Common7/IDE/PrivateAssemblies/amd64/msdia140.dll
[0c48:0003][2026-05-10T01:44:48] C:\Program Files (x86)\Microsoft Visual Studio\2022\BuildTools\Common7\IDE\PrivateAssemblies\amd64\msdia140.dll file deleted.
[0c48:0003][2026-05-10T01:44:48] Started: Deleting empty directories
[0c48:0003][2026-05-10T01:44:48] Completed: Deleting empty directories
[0c48:0003][2026-05-10T01:44:48] Package executed successfully. Return code: 0
