[3c7c:000c][2026-05-10T01:35:55] Opening the package for processing
[3c7c:000c][2026-05-10T01:35:55] Using package payload to get the embedded manifest
[3c7c:000c][2026-05-10T01:35:55] Getting list of files within the package
[3c7c:000c][2026-05-10T01:35:55] Processing file /Contents/Common7/IDE/CommonExtensions/Platform/Debugger/WebViews/DiagnosticAnalysisResource.en.resx
[3c7c:000c][2026-05-10T01:35:55] Started: Copying file /Contents/Common7/IDE/CommonExtensions/Platform/Debugger/WebViews/DiagnosticAnalysisResource.en.resx to C:\Program Files (x86)\Microsoft Visual Studio\2022\BuildTools\Common7\IDE\CommonExtensions\Platform\Debugger\WebViews\DiagnosticAnalysisResource.en.resx
[3c7c:000c][2026-05-10T01:35:55] Completed: Copying file /Contents/Common7/IDE/CommonExtensions/Platform/Debugger/WebViews/DiagnosticAnalysisResource.en.resx to C:\Program Files (x86)\Microsoft Visual Studio\2022\BuildTools\Common7\IDE\CommonExtensions\Platform\Debugger\WebViews\DiagnosticAnalysisResource.en.resx
[3c7c:000c][2026-05-10T01:35:55] Timestamp updated for file 'C:\Program Files (x86)\Microsoft Visual Studio\2022\BuildTools\Common7\IDE\CommonExtensions\Platform\Debugger\WebViews\DiagnosticAnalysisResource.en.resx'.
[3c7c:000c][2026-05-10T01:35:55] Processing file /Contents/Common7/IDE/CommonExtensions/Platform/Debugger/WebViews/ScriptResources.en.resx
[3c7c:000c][2026-05-10T01:35:55] Started: Copying file /Contents/Common7/IDE/CommonExtensions/Platform/Debugger/WebViews/ScriptResources.en.resx to C:\Program Files (x86)\Microsoft Visual Studio\2022\BuildTools\Common7\IDE\CommonExtensions\Platform\Debugger\WebViews\ScriptResources.en.resx
[3c7c:000c][2026-05-10T01:35:55] Completed: Copying file /Contents/Common7/IDE/CommonExtensions/Platform/Debugger/WebViews/ScriptResources.en.resx to C:\Program Files (x86)\Microsoft Visual Studio\2022\BuildTools\Common7\IDE\CommonExtensions\Platform\Debugger\WebViews\ScriptResources.en.resx
[3c7c:000c][2026-05-10T01:35:55] Timestamp updated for file 'C:\Program Files (x86)\Microsoft Visual Studio\2022\BuildTools\Common7\IDE\CommonExtensions\Platform\Debugger\WebViews\ScriptResources.en.resx'.
[3c7c:000c][2026-05-10T01:35:55] Processing file /Contents/Common7/Packages/Debugger/1033/msdbgui.dll
[3c7c:000c][2026-05-10T01:35:55] Started: Copying file /Contents/Common7/Packages/Debugger/1033/msdbgui.dll to C:\Program Files (x86)\Microsoft Visual Studio\2022\BuildTools\Common7\Packages\Debugger\1033\msdbgui.dll
[3c7c:000c][2026-05-10T01:35:55] Completed: Copying file /Contents/Common7/Packages/Debugger/1033/msdbgui.dll to C:\Program Files (x86)\Microsoft Visual Studio\2022\BuildTools\Common7\Packages\Debugger\1033\msdbgui.dll
[3c7c:000c][2026-05-10T01:35:55] Timestamp updated for file 'C:\Program Files (x86)\Microsoft Visual Studio\2022\BuildTools\Common7\Packages\Debugger\1033\msdbgui.dll'.
[3c7c:000c][2026-05-10T01:35:55] Processing file /Contents/Common7/Packages/Debugger/1033/symbollocator.resources.dll
[3c7c:000c][2026-05-10T01:35:55] Started: Copying file /Contents/Common7/Packages/Debugger/1033/symbollocator.resources.dll to C:\Program Files (x86)\Microsoft Visual Studio\2022\BuildTools\Common7\Packages\Debugger\1033\symbollocator.resources.dll
[3c7c:000c][2026-05-10T01:35:55] Completed: Copying file /Contents/Common7/Packages/Debugger/1033/symbollocator.resources.dll to C:\Program Files (x86)\Microsoft Visual Studio\2022\BuildTools\Common7\Packages\Debugger\1033\symbollocator.resources.dll
[3c7c:000c][2026-05-10T01:35:55] Timestamp updated for file 'C:\Program Files (x86)\Microsoft Visual Studio\2022\BuildTools\Common7\Packages\Debugger\1033\symbollocator.resources.dll'.
[3c7c:000c][2026-05-10T01:35:55] Processing file /Contents/Common7/Packages/Debugger/1033/vsdebugui.dll
[3c7c:000c][2026-05-10T01:35:55] Started: Copying file /Contents/Common7/Packages/Debugger/1033/vsdebugui.dll to C:\Program Files (x86)\Microsoft Visual Studio\2022\BuildTools\Common7\Packages\Debugger\1033\vsdebugui.dll
[3c7c:000c][2026-05-10T01:35:55] Completed: Copying file /Contents/Common7/Packages/Debugger/1033/vsdebugui.dll to C:\Program Files (x86)\Microsoft Visual Studio\2022\BuildTools\Common7\Packages\Debugger\1033\vsdebugui.dll
[3c7c:000c][2026-05-10T01:35:55] Timestamp updated for file 'C:\Program Files (x86)\Microsoft Visual Studio\2022\BuildTools\Common7\Packages\Debugger\1033\vsdebugui.dll'.
[3c7c:000c][2026-05-10T01:35:55] Installing ProgId: VisualStudio.dmp.6d5b802f
[3c7c:000c][2026-05-10T01:35:55] Installing ProgId: VisualStudio.hdmp.6d5b802f
[3c7c:000c][2026-05-10T01:35:55] Installing ProgId: VisualStudio.mdmp.6d5b802f
[3c7c:000c][2026-05-10T01:35:55] Processing file extension for install .dmp
[3c7c:000c][2026-05-10T01:35:55] RegistrationPath: Software\Microsoft\VisualStudio_6d5b802f\Capabilities\FileAssociations
[3c7c:000c][2026-05-10T01:35:55] Processing file extension for install .hdmp
[3c7c:000c][2026-05-10T01:35:55] RegistrationPath: Software\Microsoft\VisualStudio_6d5b802f\Capabilities\FileAssociations
[3c7c:000c][2026-05-10T01:35:55] Processing file extension for install .mdmp
[3c7c:000c][2026-05-10T01:35:55] RegistrationPath: Software\Microsoft\VisualStudio_6d5b802f\Capabilities\FileAssociations
[3c7c:000c][2026-05-10T01:35:55] Package executed successfully. Return code: 0
