[2e2c:0007][2026-05-10T01:23:54] Opening the package for processing
[2e2c:0007][2026-05-10T01:23:54] Using package payload to get the embedded manifest
[2e2c:0007][2026-05-10T01:23:54] Getting list of files within the package
[2e2c:0007][2026-05-10T01:23:54] Processing file /Contents/Common7/IDE/CommonExtensions/Microsoft/VC/Wizards/en/Microsoft.VC.Wizards.resources.dll
[2e2c:0007][2026-05-10T01:23:54] Started: Copying file /Contents/Common7/IDE/CommonExtensions/Microsoft/VC/Wizards/en/Microsoft.VC.Wizards.resources.dll to D:\Program Files (x86)\Microsoft Visual Studio\2022\BuildTools\Common7\IDE\CommonExtensions\Microsoft\VC\Wizards\en\Microsoft.VC.Wizards.resources.dll
[2e2c:0007][2026-05-10T01:23:54] Completed: Copying file /Contents/Common7/IDE/CommonExtensions/Microsoft/VC/Wizards/en/Microsoft.VC.Wizards.resources.dll to D:\Program Files (x86)\Microsoft Visual Studio\2022\BuildTools\Common7\IDE\CommonExtensions\Microsoft\VC\Wizards\en\Microsoft.VC.Wizards.resources.dll
[2e2c:0007][2026-05-10T01:23:54] Timestamp updated for file 'D:\Program Files (x86)\Microsoft Visual Studio\2022\BuildTools\Common7\IDE\CommonExtensions\Microsoft\VC\Wizards\en\Microsoft.VC.Wizards.resources.dll'.
[2e2c:0007][2026-05-10T01:23:54] Processing file /Contents/Common7/IDE/PublicAssemblies/en/CppCodeProvider.xml
[2e2c:0007][2026-05-10T01:23:54] Started: Copying file /Contents/Common7/IDE/PublicAssemblies/en/CppCodeProvider.xml to D:\Program Files (x86)\Microsoft Visual Studio\2022\BuildTools\Common7\IDE\PublicAssemblies\en\CppCodeProvider.xml
[2e2c:0007][2026-05-10T01:23:54] Completed: Copying file /Contents/Common7/IDE/PublicAssemblies/en/CppCodeProvider.xml to D:\Program Files (x86)\Microsoft Visual Studio\2022\BuildTools\Common7\IDE\PublicAssemblies\en\CppCodeProvider.xml
[2e2c:0007][2026-05-10T01:23:54] Timestamp updated for file 'D:\Program Files (x86)\Microsoft Visual Studio\2022\BuildTools\Common7\IDE\PublicAssemblies\en\CppCodeProvider.xml'.
[2e2c:0007][2026-05-10T01:23:54] Processing file /Contents/Common7/IDE/PublicAssemblies/en/Microsoft.VisualStudio.VCCodeModel.xml
[2e2c:0007][2026-05-10T01:23:54] Started: Copying file /Contents/Common7/IDE/PublicAssemblies/en/Microsoft.VisualStudio.VCCodeModel.xml to D:\Program Files (x86)\Microsoft Visual Studio\2022\BuildTools\Common7\IDE\PublicAssemblies\en\Microsoft.VisualStudio.VCCodeModel.xml
[2e2c:0007][2026-05-10T01:23:54] Completed: Copying file /Contents/Common7/IDE/PublicAssemblies/en/Microsoft.VisualStudio.VCCodeModel.xml to D:\Program Files (x86)\Microsoft Visual Studio\2022\BuildTools\Common7\IDE\PublicAssemblies\en\Microsoft.VisualStudio.VCCodeModel.xml
[2e2c:0007][2026-05-10T01:23:54] Timestamp updated for file 'D:\Program Files (x86)\Microsoft Visual Studio\2022\BuildTools\Common7\IDE\PublicAssemblies\en\Microsoft.VisualStudio.VCCodeModel.xml'.
[2e2c:0007][2026-05-10T01:23:54] Processing file /Contents/Common7/IDE/VC/Snippets/1033/SnippetsIndex.xml
[2e2c:0007][2026-05-10T01:23:54] Started: Copying file /Contents/Common7/IDE/VC/Snippets/1033/SnippetsIndex.xml to D:\Program Files (x86)\Microsoft Visual Studio\2022\BuildTools\Common7\IDE\VC\Snippets\1033\SnippetsIndex.xml
[2e2c:0007][2026-05-10T01:23:54] Completed: Copying file /Contents/Common7/IDE/VC/Snippets/1033/SnippetsIndex.xml to D:\Program Files (x86)\Microsoft Visual Studio\2022\BuildTools\Common7\IDE\VC\Snippets\1033\SnippetsIndex.xml
[2e2c:0007][2026-05-10T01:23:54] Timestamp updated for file 'D:\Program Files (x86)\Microsoft Visual Studio\2022\BuildTools\Common7\IDE\VC\Snippets\1033\SnippetsIndex.xml'.
[2e2c:0007][2026-05-10T01:23:54] Processing file /Contents/Common7/IDE/VC/Snippets/1033/Visual%20C++/class.snippet
[2e2c:0007][2026-05-10T01:23:54] Started: Copying file /Contents/Common7/IDE/VC/Snippets/1033/Visual%20C++/class.snippet to D:\Program Files (x86)\Microsoft Visual Studio\2022\BuildTools\Common7\IDE\VC\Snippets\1033\Visual C++\class.snippet
[2e2c:0007][2026-05-10T01:23:54] Completed: Copying file /Contents/Common7/IDE/VC/Snippets/1033/Visual%20C++/class.snippet to D:\Program Files (x86)\Microsoft Visual Studio\2022\BuildTools\Common7\IDE\VC\Snippets\1033\Visual C++\class.snippet
[2e2c:0007][2026-05-10T01:23:54] Timestamp updated for file 'D:\Program Files (x86)\Microsoft Visual Studio\2022\BuildTools\Common7\IDE\VC\Snippets\1033\Visual C++\class.snippet'.
[2e2c:0007][2026-05-10T01:23:54] Processing file /Contents/Common7/IDE/VC/Snippets/1033/Visual%20C++/classi.snippet
[2e2c:0007][2026-05-10T01:23:54] Started: Copying file /Contents/Common7/IDE/VC/Snippets/1033/Visual%20C++/classi.snippet to D:\Program Files (x86)\Microsoft Visual Studio\2022\BuildTools\Common7\IDE\VC\Snippets\1033\Visual C++\classi.snippet
[2e2c:0007][2026-05-10T01:23:54] Completed: Copying file /Contents/Common7/IDE/VC/Snippets/1033/Visual%20C++/classi.snippet to D:\Program Files (x86)\Microsoft Visual Studio\2022\BuildTools\Common7\IDE\VC\Snippets\1033\Visual C++\classi.snippet
[2e2c:0007][2026-05-10T01:23:54] Timestamp updated for file 'D:\Program Files (x86)\Microsoft Visual Studio\2022\BuildTools\Common7\IDE\VC\Snippets\1033\Visual C++\classi.snippet'.
[2e2c:0007][2026-05-10T01:23:54] Processing file /Contents/Common7/IDE/VC/Snippets/1033/Visual%20C++/ctor.snippet
[2e2c:0007][2026-05-10T01:23:54] Started: Copying file /Contents/Common7/IDE/VC/Snippets/1033/Visual%20C++/ctor.snippet to D:\Program Files (x86)\Microsoft Visual Studio\2022\BuildTools\Common7\IDE\VC\Snippets\1033\Visual C++\ctor.snippet
[2e2c:0007][2026-05-10T01:23:54] Completed: Copying file /Contents/Common7/IDE/VC/Snippets/1033/Visual%20C++/ctor.snippet to D:\Program Files (x86)\Microsoft Visual Studio\2022\BuildTools\Common7\IDE\VC\Snippets\1033\Visual C++\ctor.snippet
[2e2c:0007][2026-05-10T01:23:54] Timestamp updated for file 'D:\Program Files (x86)\Microsoft Visual Studio\2022\BuildTools\Common7\IDE\VC\Snippets\1033\Visual C++\ctor.snippet'.
[2e2c:0007][2026-05-10T01:23:54] Processing file /Contents/Common7/IDE/VC/Snippets/1033/Visual%20C++/do.snippet
[2e2c:0007][2026-05-10T01:23:54] Started: Copying file /Contents/Common7/IDE/VC/Snippets/1033/Visual%20C++/do.snippet to D:\Program Files (x86)\Microsoft Visual Studio\2022\BuildTools\Common7\IDE\VC\Snippets\1033\Visual C++\do.snippet
[2e2c:0007][2026-05-10T01:23:54] Completed: Copying file /Contents/Common7/IDE/VC/Snippets/1033/Visual%20C++/do.snippet to D:\Program Files (x86)\Microsoft Visual Studio\2022\BuildTools\Common7\IDE\VC\Snippets\1033\Visual C++\do.snippet
[2e2c:0007][2026-05-10T01:23:54] Timestamp updated for file 'D:\Program Files (x86)\Microsoft Visual Studio\2022\BuildTools\Common7\IDE\VC\Snippets\1033\Visual C++\do.snippet'.
[2e2c:0007][2026-05-10T01:23:54] Processing file /Contents/Common7/IDE/VC/Snippets/1033/Visual%20C++/else.snippet
[2e2c:0007][2026-05-10T01:23:54] Started: Copying file /Contents/Common7/IDE/VC/Snippets/1033/Visual%20C++/else.snippet to D:\Program Files (x86)\Microsoft Visual Studio\2022\BuildTools\Common7\IDE\VC\Snippets\1033\Visual C++\else.snippet
[2e2c:0007][2026-05-10T01:23:54] Completed: Copying file /Contents/Common7/IDE/VC/Snippets/1033/Visual%20C++/else.snippet to D:\Program Files (x86)\Microsoft Visual Studio\2022\BuildTools\Common7\IDE\VC\Snippets\1033\Visual C++\else.snippet
[2e2c:0007][2026-05-10T01:23:54] Timestamp updated for file 'D:\Program Files (x86)\Microsoft Visual Studio\2022\BuildTools\Common7\IDE\VC\Snippets\1033\Visual C++\else.snippet'.
[2e2c:0007][2026-05-10T01:23:54] Processing file /Contents/Common7/IDE/VC/Snippets/1033/Visual%20C++/enum.snippet
[2e2c:0007][2026-05-10T01:23:54] Started: Copying file /Contents/Common7/IDE/VC/Snippets/1033/Visual%20C++/enum.snippet to D:\Program Files (x86)\Microsoft Visual Studio\2022\BuildTools\Common7\IDE\VC\Snippets\1033\Visual C++\enum.snippet
[2e2c:0007][2026-05-10T01:23:54] Completed: Copying file /Contents/Common7/IDE/VC/Snippets/1033/Visual%20C++/enum.snippet to D:\Program Files (x86)\Microsoft Visual Studio\2022\BuildTools\Common7\IDE\VC\Snippets\1033\Visual C++\enum.snippet
[2e2c:0007][2026-05-10T01:23:54] Timestamp updated for file 'D:\Program Files (x86)\Microsoft Visual Studio\2022\BuildTools\Common7\IDE\VC\Snippets\1033\Visual C++\enum.snippet'.
[2e2c:0007][2026-05-10T01:23:54] Processing file /Contents/Common7/IDE/VC/Snippets/1033/Visual%20C++/enumclass.snippet
[2e2c:0007][2026-05-10T01:23:54] Started: Copying file /Contents/Common7/IDE/VC/Snippets/1033/Visual%20C++/enumclass.snippet to D:\Program Files (x86)\Microsoft Visual Studio\2022\BuildTools\Common7\IDE\VC\Snippets\1033\Visual C++\enumclass.snippet
[2e2c:0007][2026-05-10T01:23:54] Completed: Copying file /Contents/Common7/IDE/VC/Snippets/1033/Visual%20C++/enumclass.snippet to D:\Program Files (x86)\Microsoft Visual Studio\2022\BuildTools\Common7\IDE\VC\Snippets\1033\Visual C++\enumclass.snippet
[2e2c:0007][2026-05-10T01:23:54] Timestamp updated for file 'D:\Program Files (x86)\Microsoft Visual Studio\2022\BuildTools\Common7\IDE\VC\Snippets\1033\Visual C++\enumclass.snippet'.
[2e2c:0007][2026-05-10T01:23:54] Processing file /Contents/Common7/IDE/VC/Snippets/1033/Visual%20C++/for.snippet
[2e2c:0007][2026-05-10T01:23:54] Started: Copying file /Contents/Common7/IDE/VC/Snippets/1033/Visual%20C++/for.snippet to D:\Program Files (x86)\Microsoft Visual Studio\2022\BuildTools\Common7\IDE\VC\Snippets\1033\Visual C++\for.snippet
[2e2c:0007][2026-05-10T01:23:54] Completed: Copying file /Contents/Common7/IDE/VC/Snippets/1033/Visual%20C++/for.snippet to D:\Program Files (x86)\Microsoft Visual Studio\2022\BuildTools\Common7\IDE\VC\Snippets\1033\Visual C++\for.snippet
[2e2c:0007][2026-05-10T01:23:54] Timestamp updated for file 'D:\Program Files (x86)\Microsoft Visual Studio\2022\BuildTools\Common7\IDE\VC\Snippets\1033\Visual C++\for.snippet'.
[2e2c:0007][2026-05-10T01:23:54] Processing file /Contents/Common7/IDE/VC/Snippets/1033/Visual%20C++/foreach.snippet
[2e2c:0007][2026-05-10T01:23:54] Started: Copying file /Contents/Common7/IDE/VC/Snippets/1033/Visual%20C++/foreach.snippet to D:\Program Files (x86)\Microsoft Visual Studio\2022\BuildTools\Common7\IDE\VC\Snippets\1033\Visual C++\foreach.snippet
[2e2c:0007][2026-05-10T01:23:54] Completed: Copying file /Contents/Common7/IDE/VC/Snippets/1033/Visual%20C++/foreach.snippet to D:\Program Files (x86)\Microsoft Visual Studio\2022\BuildTools\Common7\IDE\VC\Snippets\1033\Visual C++\foreach.snippet
[2e2c:0007][2026-05-10T01:23:54] Timestamp updated for file 'D:\Program Files (x86)\Microsoft Visual Studio\2022\BuildTools\Common7\IDE\VC\Snippets\1033\Visual C++\foreach.snippet'.
[2e2c:0007][2026-05-10T01:23:54] Processing file /Contents/Common7/IDE/VC/Snippets/1033/Visual%20C++/forr.snippet
[2e2c:0007][2026-05-10T01:23:54] Started: Copying file /Contents/Common7/IDE/VC/Snippets/1033/Visual%20C++/forr.snippet to D:\Program Files (x86)\Microsoft Visual Studio\2022\BuildTools\Common7\IDE\VC\Snippets\1033\Visual C++\forr.snippet
[2e2c:0007][2026-05-10T01:23:54] Completed: Copying file /Contents/Common7/IDE/VC/Snippets/1033/Visual%20C++/forr.snippet to D:\Program Files (x86)\Microsoft Visual Studio\2022\BuildTools\Common7\IDE\VC\Snippets\1033\Visual C++\forr.snippet
[2e2c:0007][2026-05-10T01:23:54] Timestamp updated for file 'D:\Program Files (x86)\Microsoft Visual Studio\2022\BuildTools\Common7\IDE\VC\Snippets\1033\Visual C++\forr.snippet'.
[2e2c:0007][2026-05-10T01:23:54] Processing file /Contents/Common7/IDE/VC/Snippets/1033/Visual%20C++/if.snippet
[2e2c:0007][2026-05-10T01:23:54] Started: Copying file /Contents/Common7/IDE/VC/Snippets/1033/Visual%20C++/if.snippet to D:\Program Files (x86)\Microsoft Visual Studio\2022\BuildTools\Common7\IDE\VC\Snippets\1033\Visual C++\if.snippet
[2e2c:0007][2026-05-10T01:23:54] Completed: Copying file /Contents/Common7/IDE/VC/Snippets/1033/Visual%20C++/if.snippet to D:\Program Files (x86)\Microsoft Visual Studio\2022\BuildTools\Common7\IDE\VC\Snippets\1033\Visual C++\if.snippet
[2e2c:0007][2026-05-10T01:23:54] Timestamp updated for file 'D:\Program Files (x86)\Microsoft Visual Studio\2022\BuildTools\Common7\IDE\VC\Snippets\1033\Visual C++\if.snippet'.
[2e2c:0007][2026-05-10T01:23:54] Processing file /Contents/Common7/IDE/VC/Snippets/1033/Visual%20C++/if_consteval.snippet
[2e2c:0007][2026-05-10T01:23:54] Started: Copying file /Contents/Common7/IDE/VC/Snippets/1033/Visual%20C++/if_consteval.snippet to D:\Program Files (x86)\Microsoft Visual Studio\2022\BuildTools\Common7\IDE\VC\Snippets\1033\Visual C++\if_consteval.snippet
[2e2c:0007][2026-05-10T01:23:54] Completed: Copying file /Contents/Common7/IDE/VC/Snippets/1033/Visual%20C++/if_consteval.snippet to D:\Program Files (x86)\Microsoft Visual Studio\2022\BuildTools\Common7\IDE\VC\Snippets\1033\Visual C++\if_consteval.snippet
[2e2c:0007][2026-05-10T01:23:54] Timestamp updated for file 'D:\Program Files (x86)\Microsoft Visual Studio\2022\BuildTools\Common7\IDE\VC\Snippets\1033\Visual C++\if_consteval.snippet'.
[2e2c:0007][2026-05-10T01:23:54] Processing file /Contents/Common7/IDE/VC/Snippets/1033/Visual%20C++/if_constexpr.snippet
[2e2c:0007][2026-05-10T01:23:54] Started: Copying file /Contents/Common7/IDE/VC/Snippets/1033/Visual%20C++/if_constexpr.snippet to D:\Program Files (x86)\Microsoft Visual Studio\2022\BuildTools\Common7\IDE\VC\Snippets\1033\Visual C++\if_constexpr.snippet
[2e2c:0007][2026-05-10T01:23:54] Completed: Copying file /Contents/Common7/IDE/VC/Snippets/1033/Visual%20C++/if_constexpr.snippet to D:\Program Files (x86)\Microsoft Visual Studio\2022\BuildTools\Common7\IDE\VC\Snippets\1033\Visual C++\if_constexpr.snippet
[2e2c:0007][2026-05-10T01:23:54] Timestamp updated for file 'D:\Program Files (x86)\Microsoft Visual Studio\2022\BuildTools\Common7\IDE\VC\Snippets\1033\Visual C++\if_constexpr.snippet'.
[2e2c:0007][2026-05-10T01:23:54] Processing file /Contents/Common7/IDE/VC/Snippets/1033/Visual%20C++/interface.snippet
[2e2c:0007][2026-05-10T01:23:54] Started: Copying file /Contents/Common7/IDE/VC/Snippets/1033/Visual%20C++/interface.snippet to D:\Program Files (x86)\Microsoft Visual Studio\2022\BuildTools\Common7\IDE\VC\Snippets\1033\Visual C++\interface.snippet
[2e2c:0007][2026-05-10T01:23:54] Completed: Copying file /Contents/Common7/IDE/VC/Snippets/1033/Visual%20C++/interface.snippet to D:\Program Files (x86)\Microsoft Visual Studio\2022\BuildTools\Common7\IDE\VC\Snippets\1033\Visual C++\interface.snippet
[2e2c:0007][2026-05-10T01:23:54] Timestamp updated for file 'D:\Program Files (x86)\Microsoft Visual Studio\2022\BuildTools\Common7\IDE\VC\Snippets\1033\Visual C++\interface.snippet'.
[2e2c:0007][2026-05-10T01:23:54] Processing file /Contents/Common7/IDE/VC/Snippets/1033/Visual%20C++/namespace.snippet
[2e2c:0007][2026-05-10T01:23:54] Started: Copying file /Contents/Common7/IDE/VC/Snippets/1033/Visual%20C++/namespace.snippet to D:\Program Files (x86)\Microsoft Visual Studio\2022\BuildTools\Common7\IDE\VC\Snippets\1033\Visual C++\namespace.snippet
[2e2c:0007][2026-05-10T01:23:54] Completed: Copying file /Contents/Common7/IDE/VC/Snippets/1033/Visual%20C++/namespace.snippet to D:\Program Files (x86)\Microsoft Visual Studio\2022\BuildTools\Common7\IDE\VC\Snippets\1033\Visual C++\namespace.snippet
[2e2c:0007][2026-05-10T01:23:54] Timestamp updated for file 'D:\Program Files (x86)\Microsoft Visual Studio\2022\BuildTools\Common7\IDE\VC\Snippets\1033\Visual C++\namespace.snippet'.
[2e2c:0007][2026-05-10T01:23:54] Processing file /Contents/Common7/IDE/VC/Snippets/1033/Visual%20C++/pp_if.snippet
[2e2c:0007][2026-05-10T01:23:54] Started: Copying file /Contents/Common7/IDE/VC/Snippets/1033/Visual%20C++/pp_if.snippet to D:\Program Files (x86)\Microsoft Visual Studio\2022\BuildTools\Common7\IDE\VC\Snippets\1033\Visual C++\pp_if.snippet
[2e2c:0007][2026-05-10T01:23:54] Completed: Copying file /Contents/Common7/IDE/VC/Snippets/1033/Visual%20C++/pp_if.snippet to D:\Program Files (x86)\Microsoft Visual Studio\2022\BuildTools\Common7\IDE\VC\Snippets\1033\Visual C++\pp_if.snippet
[2e2c:0007][2026-05-10T01:23:54] Timestamp updated for file 'D:\Program Files (x86)\Microsoft Visual Studio\2022\BuildTools\Common7\IDE\VC\Snippets\1033\Visual C++\pp_if.snippet'.
[2e2c:0007][2026-05-10T01:23:54] Processing file /Contents/Common7/IDE/VC/Snippets/1033/Visual%20C++/pp_ifdef.snippet
[2e2c:0007][2026-05-10T01:23:54] Started: Copying file /Contents/Common7/IDE/VC/Snippets/1033/Visual%20C++/pp_ifdef.snippet to D:\Program Files (x86)\Microsoft Visual Studio\2022\BuildTools\Common7\IDE\VC\Snippets\1033\Visual C++\pp_ifdef.snippet
[2e2c:0007][2026-05-10T01:23:54] Completed: Copying file /Contents/Common7/IDE/VC/Snippets/1033/Visual%20C++/pp_ifdef.snippet to D:\Program Files (x86)\Microsoft Visual Studio\2022\BuildTools\Common7\IDE\VC\Snippets\1033\Visual C++\pp_ifdef.snippet
[2e2c:0007][2026-05-10T01:23:54] Timestamp updated for file 'D:\Program Files (x86)\Microsoft Visual Studio\2022\BuildTools\Common7\IDE\VC\Snippets\1033\Visual C++\pp_ifdef.snippet'.
[2e2c:0007][2026-05-10T01:23:54] Processing file /Contents/Common7/IDE/VC/Snippets/1033/Visual%20C++/pp_ifndef.snippet
[2e2c:0007][2026-05-10T01:23:54] Started: Copying file /Contents/Common7/IDE/VC/Snippets/1033/Visual%20C++/pp_ifndef.snippet to D:\Program Files (x86)\Microsoft Visual Studio\2022\BuildTools\Common7\IDE\VC\Snippets\1033\Visual C++\pp_ifndef.snippet
[2e2c:0007][2026-05-10T01:23:54] Completed: Copying file /Contents/Common7/IDE/VC/Snippets/1033/Visual%20C++/pp_ifndef.snippet to D:\Program Files (x86)\Microsoft Visual Studio\2022\BuildTools\Common7\IDE\VC\Snippets\1033\Visual C++\pp_ifndef.snippet
[2e2c:0007][2026-05-10T01:23:54] Timestamp updated for file 'D:\Program Files (x86)\Microsoft Visual Studio\2022\BuildTools\Common7\IDE\VC\Snippets\1033\Visual C++\pp_ifndef.snippet'.
[2e2c:0007][2026-05-10T01:23:54] Processing file /Contents/Common7/IDE/VC/Snippets/1033/Visual%20C++/pp_region.snippet
[2e2c:0007][2026-05-10T01:23:54] Started: Copying file /Contents/Common7/IDE/VC/Snippets/1033/Visual%20C++/pp_region.snippet to D:\Program Files (x86)\Microsoft Visual Studio\2022\BuildTools\Common7\IDE\VC\Snippets\1033\Visual C++\pp_region.snippet
[2e2c:0007][2026-05-10T01:23:54] Completed: Copying file /Contents/Common7/IDE/VC/Snippets/1033/Visual%20C++/pp_region.snippet to D:\Program Files (x86)\Microsoft Visual Studio\2022\BuildTools\Common7\IDE\VC\Snippets\1033\Visual C++\pp_region.snippet
[2e2c:0007][2026-05-10T01:23:54] Timestamp updated for file 'D:\Program Files (x86)\Microsoft Visual Studio\2022\BuildTools\Common7\IDE\VC\Snippets\1033\Visual C++\pp_region.snippet'.
[2e2c:0007][2026-05-10T01:23:54] Processing file /Contents/Common7/IDE/VC/Snippets/1033/Visual%20C++/rfor.snippet
[2e2c:0007][2026-05-10T01:23:54] Started: Copying file /Contents/Common7/IDE/VC/Snippets/1033/Visual%20C++/rfor.snippet to D:\Program Files (x86)\Microsoft Visual Studio\2022\BuildTools\Common7\IDE\VC\Snippets\1033\Visual C++\rfor.snippet
[2e2c:0007][2026-05-10T01:23:54] Completed: Copying file /Contents/Common7/IDE/VC/Snippets/1033/Visual%20C++/rfor.snippet to D:\Program Files (x86)\Microsoft Visual Studio\2022\BuildTools\Common7\IDE\VC\Snippets\1033\Visual C++\rfor.snippet
[2e2c:0007][2026-05-10T01:23:54] Timestamp updated for file 'D:\Program Files (x86)\Microsoft Visual Studio\2022\BuildTools\Common7\IDE\VC\Snippets\1033\Visual C++\rfor.snippet'.
[2e2c:0007][2026-05-10T01:23:54] Processing file /Contents/Common7/IDE/VC/Snippets/1033/Visual%20C++/struct.snippet
[2e2c:0007][2026-05-10T01:23:54] Started: Copying file /Contents/Common7/IDE/VC/Snippets/1033/Visual%20C++/struct.snippet to D:\Program Files (x86)\Microsoft Visual Studio\2022\BuildTools\Common7\IDE\VC\Snippets\1033\Visual C++\struct.snippet
[2e2c:0007][2026-05-10T01:23:54] Completed: Copying file /Contents/Common7/IDE/VC/Snippets/1033/Visual%20C++/struct.snippet to D:\Program Files (x86)\Microsoft Visual Studio\2022\BuildTools\Common7\IDE\VC\Snippets\1033\Visual C++\struct.snippet
[2e2c:0007][2026-05-10T01:23:54] Timestamp updated for file 'D:\Program Files (x86)\Microsoft Visual Studio\2022\BuildTools\Common7\IDE\VC\Snippets\1033\Visual C++\struct.snippet'.
[2e2c:0007][2026-05-10T01:23:54] Processing file /Contents/Common7/IDE/VC/Snippets/1033/Visual%20C++/switch.snippet
[2e2c:0007][2026-05-10T01:23:54] Started: Copying file /Contents/Common7/IDE/VC/Snippets/1033/Visual%20C++/switch.snippet to D:\Program Files (x86)\Microsoft Visual Studio\2022\BuildTools\Common7\IDE\VC\Snippets\1033\Visual C++\switch.snippet
[2e2c:0007][2026-05-10T01:23:54] Completed: Copying file /Contents/Common7/IDE/VC/Snippets/1033/Visual%20C++/switch.snippet to D:\Program Files (x86)\Microsoft Visual Studio\2022\BuildTools\Common7\IDE\VC\Snippets\1033\Visual C++\switch.snippet
[2e2c:0007][2026-05-10T01:23:54] Timestamp updated for file 'D:\Program Files (x86)\Microsoft Visual Studio\2022\BuildTools\Common7\IDE\VC\Snippets\1033\Visual C++\switch.snippet'.
[2e2c:0007][2026-05-10T01:23:54] Processing file /Contents/Common7/IDE/VC/Snippets/1033/Visual%20C++/try.snippet
[2e2c:0007][2026-05-10T01:23:54] Started: Copying file /Contents/Common7/IDE/VC/Snippets/1033/Visual%20C++/try.snippet to D:\Program Files (x86)\Microsoft Visual Studio\2022\BuildTools\Common7\IDE\VC\Snippets\1033\Visual C++\try.snippet
[2e2c:0007][2026-05-10T01:23:54] Completed: Copying file /Contents/Common7/IDE/VC/Snippets/1033/Visual%20C++/try.snippet to D:\Program Files (x86)\Microsoft Visual Studio\2022\BuildTools\Common7\IDE\VC\Snippets\1033\Visual C++\try.snippet
[2e2c:0007][2026-05-10T01:23:54] Timestamp updated for file 'D:\Program Files (x86)\Microsoft Visual Studio\2022\BuildTools\Common7\IDE\VC\Snippets\1033\Visual C++\try.snippet'.
[2e2c:0007][2026-05-10T01:23:54] Processing file /Contents/Common7/IDE/VC/Snippets/1033/Visual%20C++/union.snippet
[2e2c:0007][2026-05-10T01:23:54] Started: Copying file /Contents/Common7/IDE/VC/Snippets/1033/Visual%20C++/union.snippet to D:\Program Files (x86)\Microsoft Visual Studio\2022\BuildTools\Common7\IDE\VC\Snippets\1033\Visual C++\union.snippet
[2e2c:0007][2026-05-10T01:23:54] Completed: Copying file /Contents/Common7/IDE/VC/Snippets/1033/Visual%20C++/union.snippet to D:\Program Files (x86)\Microsoft Visual Studio\2022\BuildTools\Common7\IDE\VC\Snippets\1033\Visual C++\union.snippet
[2e2c:0007][2026-05-10T01:23:54] Timestamp updated for file 'D:\Program Files (x86)\Microsoft Visual Studio\2022\BuildTools\Common7\IDE\VC\Snippets\1033\Visual C++\union.snippet'.
[2e2c:0007][2026-05-10T01:23:54] Processing file /Contents/Common7/IDE/VC/Snippets/1033/Visual%20C++/Unreal%20Engine/swidget.snippet
[2e2c:0007][2026-05-10T01:23:54] Started: Copying file /Contents/Common7/IDE/VC/Snippets/1033/Visual%20C++/Unreal%20Engine/swidget.snippet to D:\Program Files (x86)\Microsoft Visual Studio\2022\BuildTools\Common7\IDE\VC\Snippets\1033\Visual C++\Unreal Engine\swidget.snippet
[2e2c:0007][2026-05-10T01:23:54] Completed: Copying file /Contents/Common7/IDE/VC/Snippets/1033/Visual%20C++/Unreal%20Engine/swidget.snippet to D:\Program Files (x86)\Microsoft Visual Studio\2022\BuildTools\Common7\IDE\VC\Snippets\1033\Visual C++\Unreal Engine\swidget.snippet
[2e2c:0007][2026-05-10T01:23:54] Timestamp updated for file 'D:\Program Files (x86)\Microsoft Visual Studio\2022\BuildTools\Common7\IDE\VC\Snippets\1033\Visual C++\Unreal Engine\swidget.snippet'.
[2e2c:0007][2026-05-10T01:23:54] Processing file /Contents/Common7/IDE/VC/Snippets/1033/Visual%20C++/Unreal%20Engine/tactorrange.snippet
[2e2c:0007][2026-05-10T01:23:54] Started: Copying file /Contents/Common7/IDE/VC/Snippets/1033/Visual%20C++/Unreal%20Engine/tactorrange.snippet to D:\Program Files (x86)\Microsoft Visual Studio\2022\BuildTools\Common7\IDE\VC\Snippets\1033\Visual C++\Unreal Engine\tactorrange.snippet
[2e2c:0007][2026-05-10T01:23:54] Completed: Copying file /Contents/Common7/IDE/VC/Snippets/1033/Visual%20C++/Unreal%20Engine/tactorrange.snippet to D:\Program Files (x86)\Microsoft Visual Studio\2022\BuildTools\Common7\IDE\VC\Snippets\1033\Visual C++\Unreal Engine\tactorrange.snippet
[2e2c:0007][2026-05-10T01:23:54] Timestamp updated for file 'D:\Program Files (x86)\Microsoft Visual Studio\2022\BuildTools\Common7\IDE\VC\Snippets\1033\Visual C++\Unreal Engine\tactorrange.snippet'.
[2e2c:0007][2026-05-10T01:23:54] Processing file /Contents/Common7/IDE/VC/Snippets/1033/Visual%20C++/Unreal%20Engine/tobjectrange.snippet
[2e2c:0007][2026-05-10T01:23:54] Started: Copying file /Contents/Common7/IDE/VC/Snippets/1033/Visual%20C++/Unreal%20Engine/tobjectrange.snippet to D:\Program Files (x86)\Microsoft Visual Studio\2022\BuildTools\Common7\IDE\VC\Snippets\1033\Visual C++\Unreal Engine\tobjectrange.snippet
[2e2c:0007][2026-05-10T01:23:54] Completed: Copying file /Contents/Common7/IDE/VC/Snippets/1033/Visual%20C++/Unreal%20Engine/tobjectrange.snippet to D:\Program Files (x86)\Microsoft Visual Studio\2022\BuildTools\Common7\IDE\VC\Snippets\1033\Visual C++\Unreal Engine\tobjectrange.snippet
[2e2c:0007][2026-05-10T01:23:54] Timestamp updated for file 'D:\Program Files (x86)\Microsoft Visual Studio\2022\BuildTools\Common7\IDE\VC\Snippets\1033\Visual C++\Unreal Engine\tobjectrange.snippet'.
[2e2c:0007][2026-05-10T01:23:54] Processing file /Contents/Common7/IDE/VC/Snippets/1033/Visual%20C++/Unreal%20Engine/uclass.snippet
[2e2c:0007][2026-05-10T01:23:54] Started: Copying file /Contents/Common7/IDE/VC/Snippets/1033/Visual%20C++/Unreal%20Engine/uclass.snippet to D:\Program Files (x86)\Microsoft Visual Studio\2022\BuildTools\Common7\IDE\VC\Snippets\1033\Visual C++\Unreal Engine\uclass.snippet
[2e2c:0007][2026-05-10T01:23:54] Completed: Copying file /Contents/Common7/IDE/VC/Snippets/1033/Visual%20C++/Unreal%20Engine/uclass.snippet to D:\Program Files (x86)\Microsoft Visual Studio\2022\BuildTools\Common7\IDE\VC\Snippets\1033\Visual C++\Unreal Engine\uclass.snippet
[2e2c:0007][2026-05-10T01:23:54] Timestamp updated for file 'D:\Program Files (x86)\Microsoft Visual Studio\2022\BuildTools\Common7\IDE\VC\Snippets\1033\Visual C++\Unreal Engine\uclass.snippet'.
[2e2c:0007][2026-05-10T01:23:54] Processing file /Contents/Common7/IDE/VC/Snippets/1033/Visual%20C++/Unreal%20Engine/uclassexported.snippet
[2e2c:0007][2026-05-10T01:23:54] Started: Copying file /Contents/Common7/IDE/VC/Snippets/1033/Visual%20C++/Unreal%20Engine/uclassexported.snippet to D:\Program Files (x86)\Microsoft Visual Studio\2022\BuildTools\Common7\IDE\VC\Snippets\1033\Visual C++\Unreal Engine\uclassexported.snippet
[2e2c:0007][2026-05-10T01:23:54] Completed: Copying file /Contents/Common7/IDE/VC/Snippets/1033/Visual%20C++/Unreal%20Engine/uclassexported.snippet to D:\Program Files (x86)\Microsoft Visual Studio\2022\BuildTools\Common7\IDE\VC\Snippets\1033\Visual C++\Unreal Engine\uclassexported.snippet
[2e2c:0007][2026-05-10T01:23:54] Timestamp updated for file 'D:\Program Files (x86)\Microsoft Visual Studio\2022\BuildTools\Common7\IDE\VC\Snippets\1033\Visual C++\Unreal Engine\uclassexported.snippet'.
[2e2c:0007][2026-05-10T01:23:54] Processing file /Contents/Common7/IDE/VC/Snippets/1033/Visual%20C++/Unreal%20Engine/uelog.snippet
[2e2c:0007][2026-05-10T01:23:54] Started: Copying file /Contents/Common7/IDE/VC/Snippets/1033/Visual%20C++/Unreal%20Engine/uelog.snippet to D:\Program Files (x86)\Microsoft Visual Studio\2022\BuildTools\Common7\IDE\VC\Snippets\1033\Visual C++\Unreal Engine\uelog.snippet
[2e2c:0007][2026-05-10T01:23:54] Completed: Copying file /Contents/Common7/IDE/VC/Snippets/1033/Visual%20C++/Unreal%20Engine/uelog.snippet to D:\Program Files (x86)\Microsoft Visual Studio\2022\BuildTools\Common7\IDE\VC\Snippets\1033\Visual C++\Unreal Engine\uelog.snippet
[2e2c:0007][2026-05-10T01:23:54] Timestamp updated for file 'D:\Program Files (x86)\Microsoft Visual Studio\2022\BuildTools\Common7\IDE\VC\Snippets\1033\Visual C++\Unreal Engine\uelog.snippet'.
[2e2c:0007][2026-05-10T01:23:54] Processing file /Contents/Common7/IDE/VC/Snippets/1033/Visual%20C++/Unreal%20Engine/uenum.snippet
[2e2c:0007][2026-05-10T01:23:54] Started: Copying file /Contents/Common7/IDE/VC/Snippets/1033/Visual%20C++/Unreal%20Engine/uenum.snippet to D:\Program Files (x86)\Microsoft Visual Studio\2022\BuildTools\Common7\IDE\VC\Snippets\1033\Visual C++\Unreal Engine\uenum.snippet
[2e2c:0007][2026-05-10T01:23:54] Completed: Copying file /Contents/Common7/IDE/VC/Snippets/1033/Visual%20C++/Unreal%20Engine/uenum.snippet to D:\Program Files (x86)\Microsoft Visual Studio\2022\BuildTools\Common7\IDE\VC\Snippets\1033\Visual C++\Unreal Engine\uenum.snippet
[2e2c:0007][2026-05-10T01:23:54] Timestamp updated for file 'D:\Program Files (x86)\Microsoft Visual Studio\2022\BuildTools\Common7\IDE\VC\Snippets\1033\Visual C++\Unreal Engine\uenum.snippet'.
[2e2c:0007][2026-05-10T01:23:54] Processing file /Contents/Common7/IDE/VC/Snippets/1033/Visual%20C++/Unreal%20Engine/ufunction.snippet
[2e2c:0007][2026-05-10T01:23:54] Started: Copying file /Contents/Common7/IDE/VC/Snippets/1033/Visual%20C++/Unreal%20Engine/ufunction.snippet to D:\Program Files (x86)\Microsoft Visual Studio\2022\BuildTools\Common7\IDE\VC\Snippets\1033\Visual C++\Unreal Engine\ufunction.snippet
[2e2c:0007][2026-05-10T01:23:54] Completed: Copying file /Contents/Common7/IDE/VC/Snippets/1033/Visual%20C++/Unreal%20Engine/ufunction.snippet to D:\Program Files (x86)\Microsoft Visual Studio\2022\BuildTools\Common7\IDE\VC\Snippets\1033\Visual C++\Unreal Engine\ufunction.snippet
[2e2c:0007][2026-05-10T01:23:54] Timestamp updated for file 'D:\Program Files (x86)\Microsoft Visual Studio\2022\BuildTools\Common7\IDE\VC\Snippets\1033\Visual C++\Unreal Engine\ufunction.snippet'.
[2e2c:0007][2026-05-10T01:23:54] Processing file /Contents/Common7/IDE/VC/Snippets/1033/Visual%20C++/Unreal%20Engine/uinterface.snippet
[2e2c:0007][2026-05-10T01:23:54] Started: Copying file /Contents/Common7/IDE/VC/Snippets/1033/Visual%20C++/Unreal%20Engine/uinterface.snippet to D:\Program Files (x86)\Microsoft Visual Studio\2022\BuildTools\Common7\IDE\VC\Snippets\1033\Visual C++\Unreal Engine\uinterface.snippet
[2e2c:0007][2026-05-10T01:23:54] Completed: Copying file /Contents/Common7/IDE/VC/Snippets/1033/Visual%20C++/Unreal%20Engine/uinterface.snippet to D:\Program Files (x86)\Microsoft Visual Studio\2022\BuildTools\Common7\IDE\VC\Snippets\1033\Visual C++\Unreal Engine\uinterface.snippet
[2e2c:0007][2026-05-10T01:23:54] Timestamp updated for file 'D:\Program Files (x86)\Microsoft Visual Studio\2022\BuildTools\Common7\IDE\VC\Snippets\1033\Visual C++\Unreal Engine\uinterface.snippet'.
[2e2c:0007][2026-05-10T01:23:54] Processing file /Contents/Common7/IDE/VC/Snippets/1033/Visual%20C++/Unreal%20Engine/uinterfaceexported.snippet
[2e2c:0007][2026-05-10T01:23:54] Started: Copying file /Contents/Common7/IDE/VC/Snippets/1033/Visual%20C++/Unreal%20Engine/uinterfaceexported.snippet to D:\Program Files (x86)\Microsoft Visual Studio\2022\BuildTools\Common7\IDE\VC\Snippets\1033\Visual C++\Unreal Engine\uinterfaceexported.snippet
[2e2c:0007][2026-05-10T01:23:54] Completed: Copying file /Contents/Common7/IDE/VC/Snippets/1033/Visual%20C++/Unreal%20Engine/uinterfaceexported.snippet to D:\Program Files (x86)\Microsoft Visual Studio\2022\BuildTools\Common7\IDE\VC\Snippets\1033\Visual C++\Unreal Engine\uinterfaceexported.snippet
[2e2c:0007][2026-05-10T01:23:54] Timestamp updated for file 'D:\Program Files (x86)\Microsoft Visual Studio\2022\BuildTools\Common7\IDE\VC\Snippets\1033\Visual C++\Unreal Engine\uinterfaceexported.snippet'.
[2e2c:0007][2026-05-10T01:23:54] Processing file /Contents/Common7/IDE/VC/Snippets/1033/Visual%20C++/Unreal%20Engine/uproperty.snippet
[2e2c:0007][2026-05-10T01:23:54] Started: Copying file /Contents/Common7/IDE/VC/Snippets/1033/Visual%20C++/Unreal%20Engine/uproperty.snippet to D:\Program Files (x86)\Microsoft Visual Studio\2022\BuildTools\Common7\IDE\VC\Snippets\1033\Visual C++\Unreal Engine\uproperty.snippet
[2e2c:0007][2026-05-10T01:23:54] Completed: Copying file /Contents/Common7/IDE/VC/Snippets/1033/Visual%20C++/Unreal%20Engine/uproperty.snippet to D:\Program Files (x86)\Microsoft Visual Studio\2022\BuildTools\Common7\IDE\VC\Snippets\1033\Visual C++\Unreal Engine\uproperty.snippet
[2e2c:0007][2026-05-10T01:23:54] Timestamp updated for file 'D:\Program Files (x86)\Microsoft Visual Studio\2022\BuildTools\Common7\IDE\VC\Snippets\1033\Visual C++\Unreal Engine\uproperty.snippet'.
[2e2c:0007][2026-05-10T01:23:54] Processing file /Contents/Common7/IDE/VC/Snippets/1033/Visual%20C++/Unreal%20Engine/ustruct.snippet
[2e2c:0007][2026-05-10T01:23:54] Started: Copying file /Contents/Common7/IDE/VC/Snippets/1033/Visual%20C++/Unreal%20Engine/ustruct.snippet to D:\Program Files (x86)\Microsoft Visual Studio\2022\BuildTools\Common7\IDE\VC\Snippets\1033\Visual C++\Unreal Engine\ustruct.snippet
[2e2c:0007][2026-05-10T01:23:54] Completed: Copying file /Contents/Common7/IDE/VC/Snippets/1033/Visual%20C++/Unreal%20Engine/ustruct.snippet to D:\Program Files (x86)\Microsoft Visual Studio\2022\BuildTools\Common7\IDE\VC\Snippets\1033\Visual C++\Unreal Engine\ustruct.snippet
[2e2c:0007][2026-05-10T01:23:54] Timestamp updated for file 'D:\Program Files (x86)\Microsoft Visual Studio\2022\BuildTools\Common7\IDE\VC\Snippets\1033\Visual C++\Unreal Engine\ustruct.snippet'.
[2e2c:0007][2026-05-10T01:23:54] Processing file /Contents/Common7/IDE/VC/Snippets/1033/Visual%20C++/Unreal%20Engine/ustructexported.snippet
[2e2c:0007][2026-05-10T01:23:54] Started: Copying file /Contents/Common7/IDE/VC/Snippets/1033/Visual%20C++/Unreal%20Engine/ustructexported.snippet to D:\Program Files (x86)\Microsoft Visual Studio\2022\BuildTools\Common7\IDE\VC\Snippets\1033\Visual C++\Unreal Engine\ustructexported.snippet
[2e2c:0007][2026-05-10T01:23:54] Completed: Copying file /Contents/Common7/IDE/VC/Snippets/1033/Visual%20C++/Unreal%20Engine/ustructexported.snippet to D:\Program Files (x86)\Microsoft Visual Studio\2022\BuildTools\Common7\IDE\VC\Snippets\1033\Visual C++\Unreal Engine\ustructexported.snippet
[2e2c:0007][2026-05-10T01:23:54] Timestamp updated for file 'D:\Program Files (x86)\Microsoft Visual Studio\2022\BuildTools\Common7\IDE\VC\Snippets\1033\Visual C++\Unreal Engine\ustructexported.snippet'.
[2e2c:0007][2026-05-10T01:23:54] Processing file /Contents/Common7/IDE/VC/Snippets/1033/Visual%20C++/Unreal%20Engine/witheditor.snippet
[2e2c:0007][2026-05-10T01:23:54] Started: Copying file /Contents/Common7/IDE/VC/Snippets/1033/Visual%20C++/Unreal%20Engine/witheditor.snippet to D:\Program Files (x86)\Microsoft Visual Studio\2022\BuildTools\Common7\IDE\VC\Snippets\1033\Visual C++\Unreal Engine\witheditor.snippet
[2e2c:0007][2026-05-10T01:23:54] Completed: Copying file /Contents/Common7/IDE/VC/Snippets/1033/Visual%20C++/Unreal%20Engine/witheditor.snippet to D:\Program Files (x86)\Microsoft Visual Studio\2022\BuildTools\Common7\IDE\VC\Snippets\1033\Visual C++\Unreal Engine\witheditor.snippet
[2e2c:0007][2026-05-10T01:23:54] Timestamp updated for file 'D:\Program Files (x86)\Microsoft Visual Studio\2022\BuildTools\Common7\IDE\VC\Snippets\1033\Visual C++\Unreal Engine\witheditor.snippet'.
[2e2c:0007][2026-05-10T01:23:54] Processing file /Contents/Common7/IDE/VC/Snippets/1033/Visual%20C++/while.snippet
[2e2c:0007][2026-05-10T01:23:54] Started: Copying file /Contents/Common7/IDE/VC/Snippets/1033/Visual%20C++/while.snippet to D:\Program Files (x86)\Microsoft Visual Studio\2022\BuildTools\Common7\IDE\VC\Snippets\1033\Visual C++\while.snippet
[2e2c:0007][2026-05-10T01:23:54] Completed: Copying file /Contents/Common7/IDE/VC/Snippets/1033/Visual%20C++/while.snippet to D:\Program Files (x86)\Microsoft Visual Studio\2022\BuildTools\Common7\IDE\VC\Snippets\1033\Visual C++\while.snippet
[2e2c:0007][2026-05-10T01:23:54] Timestamp updated for file 'D:\Program Files (x86)\Microsoft Visual Studio\2022\BuildTools\Common7\IDE\VC\Snippets\1033\Visual C++\while.snippet'.
[2e2c:0007][2026-05-10T01:23:54] Processing file /Contents/Common7/IDE/VC/Snippets/1033/Visual%20C++/~.snippet
[2e2c:0007][2026-05-10T01:23:54] Started: Copying file /Contents/Common7/IDE/VC/Snippets/1033/Visual%20C++/~.snippet to D:\Program Files (x86)\Microsoft Visual Studio\2022\BuildTools\Common7\IDE\VC\Snippets\1033\Visual C++\~.snippet
[2e2c:0007][2026-05-10T01:23:54] Completed: Copying file /Contents/Common7/IDE/VC/Snippets/1033/Visual%20C++/~.snippet to D:\Program Files (x86)\Microsoft Visual Studio\2022\BuildTools\Common7\IDE\VC\Snippets\1033\Visual C++\~.snippet
[2e2c:0007][2026-05-10T01:23:54] Timestamp updated for file 'D:\Program Files (x86)\Microsoft Visual Studio\2022\BuildTools\Common7\IDE\VC\Snippets\1033\Visual C++\~.snippet'.
[2e2c:0007][2026-05-10T01:23:54] Processing file /Contents/Common7/IDE/VC/vcpackages/1033/cpfeui.dll
[2e2c:0007][2026-05-10T01:23:54] Started: Copying file /Contents/Common7/IDE/VC/vcpackages/1033/cpfeui.dll to D:\Program Files (x86)\Microsoft Visual Studio\2022\BuildTools\Common7\IDE\VC\vcpackages\1033\cpfeui.dll
[2e2c:0007][2026-05-10T01:23:54] Completed: Copying file /Contents/Common7/IDE/VC/vcpackages/1033/cpfeui.dll to D:\Program Files (x86)\Microsoft Visual Studio\2022\BuildTools\Common7\IDE\VC\vcpackages\1033\cpfeui.dll
[2e2c:0007][2026-05-10T01:23:54] Timestamp updated for file 'D:\Program Files (x86)\Microsoft Visual Studio\2022\BuildTools\Common7\IDE\VC\vcpackages\1033\cpfeui.dll'.
[2e2c:0007][2026-05-10T01:23:54] Processing file /Contents/Common7/IDE/VC/vcpackages/1033/dbsvcui.dll
[2e2c:0007][2026-05-10T01:23:54] Started: Copying file /Contents/Common7/IDE/VC/vcpackages/1033/dbsvcui.dll to D:\Program Files (x86)\Microsoft Visual Studio\2022\BuildTools\Common7\IDE\VC\vcpackages\1033\dbsvcui.dll
[2e2c:0007][2026-05-10T01:23:54] Completed: Copying file /Contents/Common7/IDE/VC/vcpackages/1033/dbsvcui.dll to D:\Program Files (x86)\Microsoft Visual Studio\2022\BuildTools\Common7\IDE\VC\vcpackages\1033\dbsvcui.dll
[2e2c:0007][2026-05-10T01:23:54] Timestamp updated for file 'D:\Program Files (x86)\Microsoft Visual Studio\2022\BuildTools\Common7\IDE\VC\vcpackages\1033\dbsvcui.dll'.
[2e2c:0007][2026-05-10T01:23:54] Processing file /Contents/Common7/IDE/VC/vcpackages/1033/msgbldui.dll
[2e2c:0007][2026-05-10T01:23:54] Started: Copying file /Contents/Common7/IDE/VC/vcpackages/1033/msgbldui.dll to D:\Program Files (x86)\Microsoft Visual Studio\2022\BuildTools\Common7\IDE\VC\vcpackages\1033\msgbldui.dll
[2e2c:0007][2026-05-10T01:23:54] Completed: Copying file /Contents/Common7/IDE/VC/vcpackages/1033/msgbldui.dll to D:\Program Files (x86)\Microsoft Visual Studio\2022\BuildTools\Common7\IDE\VC\vcpackages\1033\msgbldui.dll
[2e2c:0007][2026-05-10T01:23:54] Timestamp updated for file 'D:\Program Files (x86)\Microsoft Visual Studio\2022\BuildTools\Common7\IDE\VC\vcpackages\1033\msgbldui.dll'.
[2e2c:0007][2026-05-10T01:23:54] Processing file /Contents/Common7/IDE/VC/vcpackages/1033/vcpkgsrvui.dll
[2e2c:0007][2026-05-10T01:23:54] Started: Copying file /Contents/Common7/IDE/VC/vcpackages/1033/vcpkgsrvui.dll to D:\Program Files (x86)\Microsoft Visual Studio\2022\BuildTools\Common7\IDE\VC\vcpackages\1033\vcpkgsrvui.dll
[2e2c:0007][2026-05-10T01:23:54] Completed: Copying file /Contents/Common7/IDE/VC/vcpackages/1033/vcpkgsrvui.dll to D:\Program Files (x86)\Microsoft Visual Studio\2022\BuildTools\Common7\IDE\VC\vcpackages\1033\vcpkgsrvui.dll
[2e2c:0007][2026-05-10T01:23:54] Timestamp updated for file 'D:\Program Files (x86)\Microsoft Visual Studio\2022\BuildTools\Common7\IDE\VC\vcpackages\1033\vcpkgsrvui.dll'.
[2e2c:0007][2026-05-10T01:23:54] Processing file /Contents/Common7/IDE/VC/vcpackages/1033/vcpkgui.dll
[2e2c:0007][2026-05-10T01:23:54] Started: Copying file /Contents/Common7/IDE/VC/vcpackages/1033/vcpkgui.dll to D:\Program Files (x86)\Microsoft Visual Studio\2022\BuildTools\Common7\IDE\VC\vcpackages\1033\vcpkgui.dll
[2e2c:0007][2026-05-10T01:23:54] Completed: Copying file /Contents/Common7/IDE/VC/vcpackages/1033/vcpkgui.dll to D:\Program Files (x86)\Microsoft Visual Studio\2022\BuildTools\Common7\IDE\VC\vcpackages\1033\vcpkgui.dll
[2e2c:0007][2026-05-10T01:23:54] Timestamp updated for file 'D:\Program Files (x86)\Microsoft Visual Studio\2022\BuildTools\Common7\IDE\VC\vcpackages\1033\vcpkgui.dll'.
[2e2c:0007][2026-05-10T01:23:54] Processing file /Contents/Common7/IDE/VC/VCWizards/1033/common.js
[2e2c:0007][2026-05-10T01:23:54] Started: Copying file /Contents/Common7/IDE/VC/VCWizards/1033/common.js to D:\Program Files (x86)\Microsoft Visual Studio\2022\BuildTools\Common7\IDE\VC\VCWizards\1033\common.js
[2e2c:0007][2026-05-10T01:23:54] Completed: Copying file /Contents/Common7/IDE/VC/VCWizards/1033/common.js to D:\Program Files (x86)\Microsoft Visual Studio\2022\BuildTools\Common7\IDE\VC\VCWizards\1033\common.js
[2e2c:0007][2026-05-10T01:23:54] Timestamp updated for file 'D:\Program Files (x86)\Microsoft Visual Studio\2022\BuildTools\Common7\IDE\VC\VCWizards\1033\common.js'.
[2e2c:0007][2026-05-10T01:23:54] Processing file /Contents/Common7/IDE/VC/VCWizards/1033/NewStyles.css
[2e2c:0007][2026-05-10T01:23:54] Started: Copying file /Contents/Common7/IDE/VC/VCWizards/1033/NewStyles.css to D:\Program Files (x86)\Microsoft Visual Studio\2022\BuildTools\Common7\IDE\VC\VCWizards\1033\NewStyles.css
[2e2c:0007][2026-05-10T01:23:54] Completed: Copying file /Contents/Common7/IDE/VC/VCWizards/1033/NewStyles.css to D:\Program Files (x86)\Microsoft Visual Studio\2022\BuildTools\Common7\IDE\VC\VCWizards\1033\NewStyles.css
[2e2c:0007][2026-05-10T01:23:54] Timestamp updated for file 'D:\Program Files (x86)\Microsoft Visual Studio\2022\BuildTools\Common7\IDE\VC\VCWizards\1033\NewStyles.css'.
[2e2c:0007][2026-05-10T01:23:54] Processing file /Contents/Common7/IDE/VC/VCWizards/1033/Script.js
[2e2c:0007][2026-05-10T01:23:54] Started: Copying file /Contents/Common7/IDE/VC/VCWizards/1033/Script.js to D:\Program Files (x86)\Microsoft Visual Studio\2022\BuildTools\Common7\IDE\VC\VCWizards\1033\Script.js
[2e2c:0007][2026-05-10T01:23:54] Completed: Copying file /Contents/Common7/IDE/VC/VCWizards/1033/Script.js to D:\Program Files (x86)\Microsoft Visual Studio\2022\BuildTools\Common7\IDE\VC\VCWizards\1033\Script.js
[2e2c:0007][2026-05-10T01:23:54] Timestamp updated for file 'D:\Program Files (x86)\Microsoft Visual Studio\2022\BuildTools\Common7\IDE\VC\VCWizards\1033\Script.js'.
[2e2c:0007][2026-05-10T01:23:54] Processing file /Contents/Common7/IDE/VC/VCWizards/1033/styles.css
[2e2c:0007][2026-05-10T01:23:54] Started: Copying file /Contents/Common7/IDE/VC/VCWizards/1033/styles.css to D:\Program Files (x86)\Microsoft Visual Studio\2022\BuildTools\Common7\IDE\VC\VCWizards\1033\styles.css
[2e2c:0007][2026-05-10T01:23:54] Completed: Copying file /Contents/Common7/IDE/VC/VCWizards/1033/styles.css to D:\Program Files (x86)\Microsoft Visual Studio\2022\BuildTools\Common7\IDE\VC\VCWizards\1033\styles.css
[2e2c:0007][2026-05-10T01:23:54] Timestamp updated for file 'D:\Program Files (x86)\Microsoft Visual Studio\2022\BuildTools\Common7\IDE\VC\VCWizards\1033\styles.css'.
[2e2c:0007][2026-05-10T01:23:54] Processing file /Contents/Common7/IDE/VC/VCWizards/CodeWiz/Generic/PropertySheet/Scripts/1033/default.js
[2e2c:0007][2026-05-10T01:23:54] Started: Copying file /Contents/Common7/IDE/VC/VCWizards/CodeWiz/Generic/PropertySheet/Scripts/1033/default.js to D:\Program Files (x86)\Microsoft Visual Studio\2022\BuildTools\Common7\IDE\VC\VCWizards\CodeWiz\Generic\PropertySheet\Scripts\1033\default.js
[2e2c:0007][2026-05-10T01:23:54] Completed: Copying file /Contents/Common7/IDE/VC/VCWizards/CodeWiz/Generic/PropertySheet/Scripts/1033/default.js to D:\Program Files (x86)\Microsoft Visual Studio\2022\BuildTools\Common7\IDE\VC\VCWizards\CodeWiz\Generic\PropertySheet\Scripts\1033\default.js
[2e2c:0007][2026-05-10T01:23:54] Timestamp updated for file 'D:\Program Files (x86)\Microsoft Visual Studio\2022\BuildTools\Common7\IDE\VC\VCWizards\CodeWiz\Generic\PropertySheet\Scripts\1033\default.js'.
[2e2c:0007][2026-05-10T01:23:54] Processing file /Contents/Common7/IDE/VC/VCWizards/CodeWiz/Generic/PropertySheet/Templates/1033/root.props
[2e2c:0007][2026-05-10T01:23:54] Started: Copying file /Contents/Common7/IDE/VC/VCWizards/CodeWiz/Generic/PropertySheet/Templates/1033/root.props to D:\Program Files (x86)\Microsoft Visual Studio\2022\BuildTools\Common7\IDE\VC\VCWizards\CodeWiz\Generic\PropertySheet\Templates\1033\root.props
[2e2c:0007][2026-05-10T01:23:54] Completed: Copying file /Contents/Common7/IDE/VC/VCWizards/CodeWiz/Generic/PropertySheet/Templates/1033/root.props to D:\Program Files (x86)\Microsoft Visual Studio\2022\BuildTools\Common7\IDE\VC\VCWizards\CodeWiz\Generic\PropertySheet\Templates\1033\root.props
[2e2c:0007][2026-05-10T01:23:54] Timestamp updated for file 'D:\Program Files (x86)\Microsoft Visual Studio\2022\BuildTools\Common7\IDE\VC\VCWizards\CodeWiz\Generic\PropertySheet\Templates\1033\root.props'.
[2e2c:0007][2026-05-10T01:23:54] Package executed successfully. Return code: 0
