[18d4:0007][2026-05-10T02:03:20] Opening the package for processing
[18d4:0007][2026-05-10T02:03:20] Using package payload to get the embedded manifest
[18d4:0007][2026-05-10T02:03:20] Getting list of files within the package
[18d4:0007][2026-05-10T02:03:20] Processing file /Contents/MSBuild/Microsoft/VisualStudio/v17.0/Python%20Tools/Microsoft.PythonTools.BuildTasks.Core.dll
[18d4:0007][2026-05-10T02:03:20] Started: Copying file /Contents/MSBuild/Microsoft/VisualStudio/v17.0/Python%20Tools/Microsoft.PythonTools.BuildTasks.Core.dll to D:\Program Files (x86)\Microsoft Visual Studio\2022\BuildTools\MSBuild\Microsoft\VisualStudio\v17.0\Python Tools\Microsoft.PythonTools.BuildTasks.Core.dll
[18d4:0007][2026-05-10T02:03:20] Completed: Copying file /Contents/MSBuild/Microsoft/VisualStudio/v17.0/Python%20Tools/Microsoft.PythonTools.BuildTasks.Core.dll to D:\Program Files (x86)\Microsoft Visual Studio\2022\BuildTools\MSBuild\Microsoft\VisualStudio\v17.0\Python Tools\Microsoft.PythonTools.BuildTasks.Core.dll
[18d4:0007][2026-05-10T02:03:20] Timestamp updated for file 'D:\Program Files (x86)\Microsoft Visual Studio\2022\BuildTools\MSBuild\Microsoft\VisualStudio\v17.0\Python Tools\Microsoft.PythonTools.BuildTasks.Core.dll'.
[18d4:0007][2026-05-10T02:03:20] Processing file /Contents/MSBuild/Microsoft/VisualStudio/v17.0/Python%20Tools/Microsoft.PythonTools.Common.dll
[18d4:0007][2026-05-10T02:03:20] Started: Copying file /Contents/MSBuild/Microsoft/VisualStudio/v17.0/Python%20Tools/Microsoft.PythonTools.Common.dll to D:\Program Files (x86)\Microsoft Visual Studio\2022\BuildTools\MSBuild\Microsoft\VisualStudio\v17.0\Python Tools\Microsoft.PythonTools.Common.dll
[18d4:0007][2026-05-10T02:03:20] Completed: Copying file /Contents/MSBuild/Microsoft/VisualStudio/v17.0/Python%20Tools/Microsoft.PythonTools.Common.dll to D:\Program Files (x86)\Microsoft Visual Studio\2022\BuildTools\MSBuild\Microsoft\VisualStudio\v17.0\Python Tools\Microsoft.PythonTools.Common.dll
[18d4:0007][2026-05-10T02:03:20] Timestamp updated for file 'D:\Program Files (x86)\Microsoft Visual Studio\2022\BuildTools\MSBuild\Microsoft\VisualStudio\v17.0\Python Tools\Microsoft.PythonTools.Common.dll'.
[18d4:0007][2026-05-10T02:03:20] Processing file /Contents/MSBuild/Microsoft/VisualStudio/v17.0/Python%20Tools/Microsoft.PythonTools.Django.targets
[18d4:0007][2026-05-10T02:03:20] Started: Copying file /Contents/MSBuild/Microsoft/VisualStudio/v17.0/Python%20Tools/Microsoft.PythonTools.Django.targets to D:\Program Files (x86)\Microsoft Visual Studio\2022\BuildTools\MSBuild\Microsoft\VisualStudio\v17.0\Python Tools\Microsoft.PythonTools.Django.targets
[18d4:0007][2026-05-10T02:03:20] Completed: Copying file /Contents/MSBuild/Microsoft/VisualStudio/v17.0/Python%20Tools/Microsoft.PythonTools.Django.targets to D:\Program Files (x86)\Microsoft Visual Studio\2022\BuildTools\MSBuild\Microsoft\VisualStudio\v17.0\Python Tools\Microsoft.PythonTools.Django.targets
[18d4:0007][2026-05-10T02:03:20] Timestamp updated for file 'D:\Program Files (x86)\Microsoft Visual Studio\2022\BuildTools\MSBuild\Microsoft\VisualStudio\v17.0\Python Tools\Microsoft.PythonTools.Django.targets'.
[18d4:0007][2026-05-10T02:03:20] Processing file /Contents/MSBuild/Microsoft/VisualStudio/v17.0/Python%20Tools/Microsoft.PythonTools.targets
[18d4:0007][2026-05-10T02:03:20] Started: Copying file /Contents/MSBuild/Microsoft/VisualStudio/v17.0/Python%20Tools/Microsoft.PythonTools.targets to D:\Program Files (x86)\Microsoft Visual Studio\2022\BuildTools\MSBuild\Microsoft\VisualStudio\v17.0\Python Tools\Microsoft.PythonTools.targets
[18d4:0007][2026-05-10T02:03:20] Completed: Copying file /Contents/MSBuild/Microsoft/VisualStudio/v17.0/Python%20Tools/Microsoft.PythonTools.targets to D:\Program Files (x86)\Microsoft Visual Studio\2022\BuildTools\MSBuild\Microsoft\VisualStudio\v17.0\Python Tools\Microsoft.PythonTools.targets
[18d4:0007][2026-05-10T02:03:20] Timestamp updated for file 'D:\Program Files (x86)\Microsoft Visual Studio\2022\BuildTools\MSBuild\Microsoft\VisualStudio\v17.0\Python Tools\Microsoft.PythonTools.targets'.
[18d4:0007][2026-05-10T02:03:20] Processing file /Contents/MSBuild/Microsoft/VisualStudio/v17.0/Python%20Tools/Microsoft.PythonTools.Web.targets
[18d4:0007][2026-05-10T02:03:20] Started: Copying file /Contents/MSBuild/Microsoft/VisualStudio/v17.0/Python%20Tools/Microsoft.PythonTools.Web.targets to D:\Program Files (x86)\Microsoft Visual Studio\2022\BuildTools\MSBuild\Microsoft\VisualStudio\v17.0\Python Tools\Microsoft.PythonTools.Web.targets
[18d4:0007][2026-05-10T02:03:20] Completed: Copying file /Contents/MSBuild/Microsoft/VisualStudio/v17.0/Python%20Tools/Microsoft.PythonTools.Web.targets to D:\Program Files (x86)\Microsoft Visual Studio\2022\BuildTools\MSBuild\Microsoft\VisualStudio\v17.0\Python Tools\Microsoft.PythonTools.Web.targets
[18d4:0007][2026-05-10T02:03:20] Timestamp updated for file 'D:\Program Files (x86)\Microsoft Visual Studio\2022\BuildTools\MSBuild\Microsoft\VisualStudio\v17.0\Python Tools\Microsoft.PythonTools.Web.targets'.
[18d4:0007][2026-05-10T02:03:20] Processing file /Contents/MSBuild/Microsoft/VisualStudio/v17.0/Python%20Tools/Microsoft.PythonTools.WebRole.dll
[18d4:0007][2026-05-10T02:03:20] Started: Copying file /Contents/MSBuild/Microsoft/VisualStudio/v17.0/Python%20Tools/Microsoft.PythonTools.WebRole.dll to D:\Program Files (x86)\Microsoft Visual Studio\2022\BuildTools\MSBuild\Microsoft\VisualStudio\v17.0\Python Tools\Microsoft.PythonTools.WebRole.dll
[18d4:0007][2026-05-10T02:03:20] Completed: Copying file /Contents/MSBuild/Microsoft/VisualStudio/v17.0/Python%20Tools/Microsoft.PythonTools.WebRole.dll to D:\Program Files (x86)\Microsoft Visual Studio\2022\BuildTools\MSBuild\Microsoft\VisualStudio\v17.0\Python Tools\Microsoft.PythonTools.WebRole.dll
[18d4:0007][2026-05-10T02:03:20] Timestamp updated for file 'D:\Program Files (x86)\Microsoft Visual Studio\2022\BuildTools\MSBuild\Microsoft\VisualStudio\v17.0\Python Tools\Microsoft.PythonTools.WebRole.dll'.
[18d4:0007][2026-05-10T02:03:20] Processing file /Contents/MSBuild/Microsoft/VisualStudio/v17.0/Python%20Tools/Microsoft.PythonTools.Worker.targets
[18d4:0007][2026-05-10T02:03:20] Started: Copying file /Contents/MSBuild/Microsoft/VisualStudio/v17.0/Python%20Tools/Microsoft.PythonTools.Worker.targets to D:\Program Files (x86)\Microsoft Visual Studio\2022\BuildTools\MSBuild\Microsoft\VisualStudio\v17.0\Python Tools\Microsoft.PythonTools.Worker.targets
[18d4:0007][2026-05-10T02:03:20] Completed: Copying file /Contents/MSBuild/Microsoft/VisualStudio/v17.0/Python%20Tools/Microsoft.PythonTools.Worker.targets to D:\Program Files (x86)\Microsoft Visual Studio\2022\BuildTools\MSBuild\Microsoft\VisualStudio\v17.0\Python Tools\Microsoft.PythonTools.Worker.targets
[18d4:0007][2026-05-10T02:03:20] Timestamp updated for file 'D:\Program Files (x86)\Microsoft Visual Studio\2022\BuildTools\MSBuild\Microsoft\VisualStudio\v17.0\Python Tools\Microsoft.PythonTools.Worker.targets'.
[18d4:0007][2026-05-10T02:03:20] Processing file /Contents/MSBuild/Microsoft/VisualStudio/v17.0/Python%20Tools/wfastcgi.py
[18d4:0007][2026-05-10T02:03:20] Started: Copying file /Contents/MSBuild/Microsoft/VisualStudio/v17.0/Python%20Tools/wfastcgi.py to D:\Program Files (x86)\Microsoft Visual Studio\2022\BuildTools\MSBuild\Microsoft\VisualStudio\v17.0\Python Tools\wfastcgi.py
[18d4:0007][2026-05-10T02:03:20] Completed: Copying file /Contents/MSBuild/Microsoft/VisualStudio/v17.0/Python%20Tools/wfastcgi.py to D:\Program Files (x86)\Microsoft Visual Studio\2022\BuildTools\MSBuild\Microsoft\VisualStudio\v17.0\Python Tools\wfastcgi.py
[18d4:0007][2026-05-10T02:03:20] Timestamp updated for file 'D:\Program Files (x86)\Microsoft Visual Studio\2022\BuildTools\MSBuild\Microsoft\VisualStudio\v17.0\Python Tools\wfastcgi.py'.
[18d4:0007][2026-05-10T02:03:20] Processing file /Contents/MSBuild/Microsoft/VisualStudio/v18.0/Python%20Tools/Microsoft.PythonTools.BuildTasks.Core.dll
[18d4:0007][2026-05-10T02:03:20] Started: Copying file /Contents/MSBuild/Microsoft/VisualStudio/v18.0/Python%20Tools/Microsoft.PythonTools.BuildTasks.Core.dll to D:\Program Files (x86)\Microsoft Visual Studio\2022\BuildTools\MSBuild\Microsoft\VisualStudio\v18.0\Python Tools\Microsoft.PythonTools.BuildTasks.Core.dll
[18d4:0007][2026-05-10T02:03:20] Completed: Copying file /Contents/MSBuild/Microsoft/VisualStudio/v18.0/Python%20Tools/Microsoft.PythonTools.BuildTasks.Core.dll to D:\Program Files (x86)\Microsoft Visual Studio\2022\BuildTools\MSBuild\Microsoft\VisualStudio\v18.0\Python Tools\Microsoft.PythonTools.BuildTasks.Core.dll
[18d4:0007][2026-05-10T02:03:20] Timestamp updated for file 'D:\Program Files (x86)\Microsoft Visual Studio\2022\BuildTools\MSBuild\Microsoft\VisualStudio\v18.0\Python Tools\Microsoft.PythonTools.BuildTasks.Core.dll'.
[18d4:0007][2026-05-10T02:03:20] Processing file /Contents/MSBuild/Microsoft/VisualStudio/v18.0/Python%20Tools/Microsoft.PythonTools.Common.dll
[18d4:0007][2026-05-10T02:03:20] Started: Copying file /Contents/MSBuild/Microsoft/VisualStudio/v18.0/Python%20Tools/Microsoft.PythonTools.Common.dll to D:\Program Files (x86)\Microsoft Visual Studio\2022\BuildTools\MSBuild\Microsoft\VisualStudio\v18.0\Python Tools\Microsoft.PythonTools.Common.dll
[18d4:0007][2026-05-10T02:03:20] Completed: Copying file /Contents/MSBuild/Microsoft/VisualStudio/v18.0/Python%20Tools/Microsoft.PythonTools.Common.dll to D:\Program Files (x86)\Microsoft Visual Studio\2022\BuildTools\MSBuild\Microsoft\VisualStudio\v18.0\Python Tools\Microsoft.PythonTools.Common.dll
[18d4:0007][2026-05-10T02:03:20] Timestamp updated for file 'D:\Program Files (x86)\Microsoft Visual Studio\2022\BuildTools\MSBuild\Microsoft\VisualStudio\v18.0\Python Tools\Microsoft.PythonTools.Common.dll'.
[18d4:0007][2026-05-10T02:03:20] Processing file /Contents/MSBuild/Microsoft/VisualStudio/v18.0/Python%20Tools/Microsoft.PythonTools.Django.targets
[18d4:0007][2026-05-10T02:03:20] Started: Copying file /Contents/MSBuild/Microsoft/VisualStudio/v18.0/Python%20Tools/Microsoft.PythonTools.Django.targets to D:\Program Files (x86)\Microsoft Visual Studio\2022\BuildTools\MSBuild\Microsoft\VisualStudio\v18.0\Python Tools\Microsoft.PythonTools.Django.targets
[18d4:0007][2026-05-10T02:03:20] Completed: Copying file /Contents/MSBuild/Microsoft/VisualStudio/v18.0/Python%20Tools/Microsoft.PythonTools.Django.targets to D:\Program Files (x86)\Microsoft Visual Studio\2022\BuildTools\MSBuild\Microsoft\VisualStudio\v18.0\Python Tools\Microsoft.PythonTools.Django.targets
[18d4:0007][2026-05-10T02:03:20] Timestamp updated for file 'D:\Program Files (x86)\Microsoft Visual Studio\2022\BuildTools\MSBuild\Microsoft\VisualStudio\v18.0\Python Tools\Microsoft.PythonTools.Django.targets'.
[18d4:0007][2026-05-10T02:03:20] Processing file /Contents/MSBuild/Microsoft/VisualStudio/v18.0/Python%20Tools/Microsoft.PythonTools.targets
[18d4:0007][2026-05-10T02:03:20] Started: Copying file /Contents/MSBuild/Microsoft/VisualStudio/v18.0/Python%20Tools/Microsoft.PythonTools.targets to D:\Program Files (x86)\Microsoft Visual Studio\2022\BuildTools\MSBuild\Microsoft\VisualStudio\v18.0\Python Tools\Microsoft.PythonTools.targets
[18d4:0007][2026-05-10T02:03:20] Completed: Copying file /Contents/MSBuild/Microsoft/VisualStudio/v18.0/Python%20Tools/Microsoft.PythonTools.targets to D:\Program Files (x86)\Microsoft Visual Studio\2022\BuildTools\MSBuild\Microsoft\VisualStudio\v18.0\Python Tools\Microsoft.PythonTools.targets
[18d4:0007][2026-05-10T02:03:20] Timestamp updated for file 'D:\Program Files (x86)\Microsoft Visual Studio\2022\BuildTools\MSBuild\Microsoft\VisualStudio\v18.0\Python Tools\Microsoft.PythonTools.targets'.
[18d4:0007][2026-05-10T02:03:20] Processing file /Contents/MSBuild/Microsoft/VisualStudio/v18.0/Python%20Tools/Microsoft.PythonTools.Web.targets
[18d4:0007][2026-05-10T02:03:20] Started: Copying file /Contents/MSBuild/Microsoft/VisualStudio/v18.0/Python%20Tools/Microsoft.PythonTools.Web.targets to D:\Program Files (x86)\Microsoft Visual Studio\2022\BuildTools\MSBuild\Microsoft\VisualStudio\v18.0\Python Tools\Microsoft.PythonTools.Web.targets
[18d4:0007][2026-05-10T02:03:20] Completed: Copying file /Contents/MSBuild/Microsoft/VisualStudio/v18.0/Python%20Tools/Microsoft.PythonTools.Web.targets to D:\Program Files (x86)\Microsoft Visual Studio\2022\BuildTools\MSBuild\Microsoft\VisualStudio\v18.0\Python Tools\Microsoft.PythonTools.Web.targets
[18d4:0007][2026-05-10T02:03:20] Timestamp updated for file 'D:\Program Files (x86)\Microsoft Visual Studio\2022\BuildTools\MSBuild\Microsoft\VisualStudio\v18.0\Python Tools\Microsoft.PythonTools.Web.targets'.
[18d4:0007][2026-05-10T02:03:20] Processing file /Contents/MSBuild/Microsoft/VisualStudio/v18.0/Python%20Tools/Microsoft.PythonTools.WebRole.dll
[18d4:0007][2026-05-10T02:03:20] Started: Copying file /Contents/MSBuild/Microsoft/VisualStudio/v18.0/Python%20Tools/Microsoft.PythonTools.WebRole.dll to D:\Program Files (x86)\Microsoft Visual Studio\2022\BuildTools\MSBuild\Microsoft\VisualStudio\v18.0\Python Tools\Microsoft.PythonTools.WebRole.dll
[18d4:0007][2026-05-10T02:03:20] Completed: Copying file /Contents/MSBuild/Microsoft/VisualStudio/v18.0/Python%20Tools/Microsoft.PythonTools.WebRole.dll to D:\Program Files (x86)\Microsoft Visual Studio\2022\BuildTools\MSBuild\Microsoft\VisualStudio\v18.0\Python Tools\Microsoft.PythonTools.WebRole.dll
[18d4:0007][2026-05-10T02:03:20] Timestamp updated for file 'D:\Program Files (x86)\Microsoft Visual Studio\2022\BuildTools\MSBuild\Microsoft\VisualStudio\v18.0\Python Tools\Microsoft.PythonTools.WebRole.dll'.
[18d4:0007][2026-05-10T02:03:20] Processing file /Contents/MSBuild/Microsoft/VisualStudio/v18.0/Python%20Tools/Microsoft.PythonTools.Worker.targets
[18d4:0007][2026-05-10T02:03:20] Started: Copying file /Contents/MSBuild/Microsoft/VisualStudio/v18.0/Python%20Tools/Microsoft.PythonTools.Worker.targets to D:\Program Files (x86)\Microsoft Visual Studio\2022\BuildTools\MSBuild\Microsoft\VisualStudio\v18.0\Python Tools\Microsoft.PythonTools.Worker.targets
[18d4:0007][2026-05-10T02:03:20] Completed: Copying file /Contents/MSBuild/Microsoft/VisualStudio/v18.0/Python%20Tools/Microsoft.PythonTools.Worker.targets to D:\Program Files (x86)\Microsoft Visual Studio\2022\BuildTools\MSBuild\Microsoft\VisualStudio\v18.0\Python Tools\Microsoft.PythonTools.Worker.targets
[18d4:0007][2026-05-10T02:03:20] Timestamp updated for file 'D:\Program Files (x86)\Microsoft Visual Studio\2022\BuildTools\MSBuild\Microsoft\VisualStudio\v18.0\Python Tools\Microsoft.PythonTools.Worker.targets'.
[18d4:0007][2026-05-10T02:03:20] Processing file /Contents/MSBuild/Microsoft/VisualStudio/v18.0/Python%20Tools/wfastcgi.py
[18d4:0007][2026-05-10T02:03:20] Started: Copying file /Contents/MSBuild/Microsoft/VisualStudio/v18.0/Python%20Tools/wfastcgi.py to D:\Program Files (x86)\Microsoft Visual Studio\2022\BuildTools\MSBuild\Microsoft\VisualStudio\v18.0\Python Tools\wfastcgi.py
[18d4:0007][2026-05-10T02:03:20] Completed: Copying file /Contents/MSBuild/Microsoft/VisualStudio/v18.0/Python%20Tools/wfastcgi.py to D:\Program Files (x86)\Microsoft Visual Studio\2022\BuildTools\MSBuild\Microsoft\VisualStudio\v18.0\Python Tools\wfastcgi.py
[18d4:0007][2026-05-10T02:03:20] Timestamp updated for file 'D:\Program Files (x86)\Microsoft Visual Studio\2022\BuildTools\MSBuild\Microsoft\VisualStudio\v18.0\Python Tools\wfastcgi.py'.
[18d4:0007][2026-05-10T02:03:20] Package executed successfully. Return code: 0
