[da4c:0007][2026-05-10T00:50:13] Opening the package for processing
[da4c:0007][2026-05-10T00:50:13] Using package payload to get the embedded manifest
[da4c:0007][2026-05-10T00:50:13] Getting list of files within the package
[da4c:0007][2026-05-10T00:50:13] Processing file /Contents/Common7/IDE/Extensions/TLBINF32_Reg_VS_5752.3643236F_FC70_11D3_A536_0090278A1BB8.pkgdef
[da4c:0007][2026-05-10T00:50:13] Started: Copying file /Contents/Common7/IDE/Extensions/TLBINF32_Reg_VS_5752.3643236F_FC70_11D3_A536_0090278A1BB8.pkgdef to D:\Program\Common7\IDE\Extensions\TLBINF32_Reg_VS_5752.3643236F_FC70_11D3_A536_0090278A1BB8.pkgdef
[da4c:0007][2026-05-10T00:50:13] Completed: Copying file /Contents/Common7/IDE/Extensions/TLBINF32_Reg_VS_5752.3643236F_FC70_11D3_A536_0090278A1BB8.pkgdef to D:\Program\Common7\IDE\Extensions\TLBINF32_Reg_VS_5752.3643236F_FC70_11D3_A536_0090278A1BB8.pkgdef
[da4c:0007][2026-05-10T00:50:13] Timestamp updated for file 'D:\Program\Common7\IDE\Extensions\TLBINF32_Reg_VS_5752.3643236F_FC70_11D3_A536_0090278A1BB8.pkgdef'.
[da4c:0007][2026-05-10T00:50:13] Processing file /Contents/Common7/IDE/vstlbinf.dll
[da4c:0007][2026-05-10T00:50:13] Started: Copying file /Contents/Common7/IDE/vstlbinf.dll to D:\Program\Common7\IDE\vstlbinf.dll
[da4c:0007][2026-05-10T00:50:13] Completed: Copying file /Contents/Common7/IDE/vstlbinf.dll to D:\Program\Common7\IDE\vstlbinf.dll
[da4c:0007][2026-05-10T00:50:13] Timestamp updated for file 'D:\Program\Common7\IDE\vstlbinf.dll'.
[da4c:0007][2026-05-10T00:50:13] Processing file /Contents/Common7/IDE/Xml/Microsoft.XmlEditorNeutralUI.dll
[da4c:0007][2026-05-10T00:50:13] Started: Copying file /Contents/Common7/IDE/Xml/Microsoft.XmlEditorNeutralUI.dll to D:\Program\Common7\IDE\Xml\Microsoft.XmlEditorNeutralUI.dll
[da4c:0007][2026-05-10T00:50:13] Completed: Copying file /Contents/Common7/IDE/Xml/Microsoft.XmlEditorNeutralUI.dll to D:\Program\Common7\IDE\Xml\Microsoft.XmlEditorNeutralUI.dll
[da4c:0007][2026-05-10T00:50:13] Timestamp updated for file 'D:\Program\Common7\IDE\Xml\Microsoft.XmlEditorNeutralUI.dll'.
[da4c:0007][2026-05-10T00:50:13] Processing file /Contents/Common7/Packages/Debugger/GpuDebugEngine.dll
[da4c:0007][2026-05-10T00:50:13] Started: Copying file /Contents/Common7/Packages/Debugger/GpuDebugEngine.dll to D:\Program\Common7\Packages\Debugger\GpuDebugEngine.dll
[da4c:0007][2026-05-10T00:50:13] Completed: Copying file /Contents/Common7/Packages/Debugger/GpuDebugEngine.dll to D:\Program\Common7\Packages\Debugger\GpuDebugEngine.dll
[da4c:0007][2026-05-10T00:50:13] Timestamp updated for file 'D:\Program\Common7\Packages\Debugger\GpuDebugEngine.dll'.
[da4c:0007][2026-05-10T00:50:13] Processing file /Contents/Common7/Packages/Debugger/GpuDebugEngine.vsdconfig
[da4c:0007][2026-05-10T00:50:13] Started: Copying file /Contents/Common7/Packages/Debugger/GpuDebugEngine.vsdconfig to D:\Program\Common7\Packages\Debugger\GpuDebugEngine.vsdconfig
[da4c:0007][2026-05-10T00:50:13] Completed: Copying file /Contents/Common7/Packages/Debugger/GpuDebugEngine.vsdconfig to D:\Program\Common7\Packages\Debugger\GpuDebugEngine.vsdconfig
[da4c:0007][2026-05-10T00:50:13] Timestamp updated for file 'D:\Program\Common7\Packages\Debugger\GpuDebugEngine.vsdconfig'.
[da4c:0007][2026-05-10T00:50:13] Package executed successfully. Return code: 0
