[bd94:0009][2026-05-10T01:00:51] Using cached package manifest as the embedded manifest
[bd94:0009][2026-05-10T01:00:51] Processing file /Contents/Common7/IDE/Extensions/Microsoft/VsGraphics/ImageContentTask.props
[bd94:0009][2026-05-10T01:00:51] D:\Program\Common7\IDE\Extensions\Microsoft\VsGraphics\ImageContentTask.props file deleted.
[bd94:0009][2026-05-10T01:00:51] Processing file /Contents/Common7/IDE/Extensions/Microsoft/VsGraphics/ImageContentTask.targets
[bd94:0009][2026-05-10T01:00:51] D:\Program\Common7\IDE\Extensions\Microsoft\VsGraphics\ImageContentTask.targets file deleted.
[bd94:0009][2026-05-10T01:00:51] Processing file /Contents/Common7/IDE/Extensions/Microsoft/VsGraphics/MeshContentTask.props
[bd94:0009][2026-05-10T01:00:51] D:\Program\Common7\IDE\Extensions\Microsoft\VsGraphics\MeshContentTask.props file deleted.
[bd94:0009][2026-05-10T01:00:51] Processing file /Contents/Common7/IDE/Extensions/Microsoft/VsGraphics/MeshContentTask.targets
[bd94:0009][2026-05-10T01:00:51] D:\Program\Common7\IDE\Extensions\Microsoft\VsGraphics\MeshContentTask.targets file deleted.
[bd94:0009][2026-05-10T01:00:51] Processing file /Contents/Common7/IDE/Extensions/Microsoft/VsGraphics/ShaderGraphContentTask.props
[bd94:0009][2026-05-10T01:00:51] D:\Program\Common7\IDE\Extensions\Microsoft\VsGraphics\ShaderGraphContentTask.props file deleted.
[bd94:0009][2026-05-10T01:00:51] Processing file /Contents/Common7/IDE/Extensions/Microsoft/VsGraphics/ShaderGraphContentTask.targets
[bd94:0009][2026-05-10T01:00:51] D:\Program\Common7\IDE\Extensions\Microsoft\VsGraphics\ShaderGraphContentTask.targets file deleted.
[bd94:0009][2026-05-10T01:00:51] Processing file /Contents/Common7/IDE/Extensions/Microsoft/VsGraphics/Assets/Cursors/cross.cur
[bd94:0009][2026-05-10T01:00:51] D:\Program\Common7\IDE\Extensions\Microsoft\VsGraphics\Assets\Cursors\cross.cur file deleted.
[bd94:0009][2026-05-10T01:00:51] Processing file /Contents/Common7/IDE/Extensions/Microsoft/VsGraphics/Assets/Cursors/cursor_pan.cur
[bd94:0009][2026-05-10T01:00:51] D:\Program\Common7\IDE\Extensions\Microsoft\VsGraphics\Assets\Cursors\cursor_pan.cur file deleted.
[bd94:0009][2026-05-10T01:00:51] Processing file /Contents/Common7/IDE/Extensions/Microsoft/VsGraphics/Assets/Cursors/cursor_pencil.cur
[bd94:0009][2026-05-10T01:00:51] D:\Program\Common7\IDE\Extensions\Microsoft\VsGraphics\Assets\Cursors\cursor_pencil.cur file deleted.
[bd94:0009][2026-05-10T01:00:51] Processing file /Contents/Common7/IDE/Extensions/Microsoft/VsGraphics/Assets/Cursors/fill.cur
[bd94:0009][2026-05-10T01:00:51] D:\Program\Common7\IDE\Extensions\Microsoft\VsGraphics\Assets\Cursors\fill.cur file deleted.
[bd94:0009][2026-05-10T01:00:51] Processing file /Contents/Common7/IDE/Extensions/Microsoft/VsGraphics/Assets/Cursors/magicwand.cur
[bd94:0009][2026-05-10T01:00:51] D:\Program\Common7\IDE\Extensions\Microsoft\VsGraphics\Assets\Cursors\magicwand.cur file deleted.
[bd94:0009][2026-05-10T01:00:51] Processing file /Contents/Common7/IDE/Extensions/Microsoft/VsGraphics/Assets/Cursors/pickup.cur
[bd94:0009][2026-05-10T01:00:51] D:\Program\Common7\IDE\Extensions\Microsoft\VsGraphics\Assets\Cursors\pickup.cur file deleted.
[bd94:0009][2026-05-10T01:00:51] Processing file /Contents/Common7/IDE/Extensions/Microsoft/VsGraphics/Assets/Effects/BlackAndWhite.dgsl
[bd94:0009][2026-05-10T01:00:51] D:\Program\Common7\IDE\Extensions\Microsoft\VsGraphics\Assets\Effects\BlackAndWhite.dgsl file deleted.
[bd94:0009][2026-05-10T01:00:51] Processing file /Contents/Common7/IDE/Extensions/Microsoft/VsGraphics/Assets/Effects/Blur.dgsl
[bd94:0009][2026-05-10T01:00:51] D:\Program\Common7\IDE\Extensions\Microsoft\VsGraphics\Assets\Effects\Blur.dgsl file deleted.
[bd94:0009][2026-05-10T01:00:51] Processing file /Contents/Common7/IDE/Extensions/Microsoft/VsGraphics/Assets/Effects/Brighten.dgsl
[bd94:0009][2026-05-10T01:00:51] D:\Program\Common7\IDE\Extensions\Microsoft\VsGraphics\Assets\Effects\Brighten.dgsl file deleted.
[bd94:0009][2026-05-10T01:00:51] Processing file /Contents/Common7/IDE/Extensions/Microsoft/VsGraphics/Assets/Effects/Darken.dgsl
[bd94:0009][2026-05-10T01:00:51] D:\Program\Common7\IDE\Extensions\Microsoft\VsGraphics\Assets\Effects\Darken.dgsl file deleted.
[bd94:0009][2026-05-10T01:00:51] Processing file /Contents/Common7/IDE/Extensions/Microsoft/VsGraphics/Assets/Effects/EdgeDetection.dgsl
[bd94:0009][2026-05-10T01:00:51] D:\Program\Common7\IDE\Extensions\Microsoft\VsGraphics\Assets\Effects\EdgeDetection.dgsl file deleted.
[bd94:0009][2026-05-10T01:00:51] Processing file /Contents/Common7/IDE/Extensions/Microsoft/VsGraphics/Assets/Effects/Emboss.dgsl
[bd94:0009][2026-05-10T01:00:51] D:\Program\Common7\IDE\Extensions\Microsoft\VsGraphics\Assets\Effects\Emboss.dgsl file deleted.
[bd94:0009][2026-05-10T01:00:51] Processing file /Contents/Common7/IDE/Extensions/Microsoft/VsGraphics/Assets/Effects/lambert.dgsl
[bd94:0009][2026-05-10T01:00:51] D:\Program\Common7\IDE\Extensions\Microsoft\VsGraphics\Assets\Effects\lambert.dgsl file deleted.
[bd94:0009][2026-05-10T01:00:51] Processing file /Contents/Common7/IDE/Extensions/Microsoft/VsGraphics/Assets/Effects/phong.dgsl
[bd94:0009][2026-05-10T01:00:51] D:\Program\Common7\IDE\Extensions\Microsoft\VsGraphics\Assets\Effects\phong.dgsl file deleted.
[bd94:0009][2026-05-10T01:00:51] Processing file /Contents/Common7/IDE/Extensions/Microsoft/VsGraphics/Assets/Effects/Ripple.dgsl
[bd94:0009][2026-05-10T01:00:51] D:\Program\Common7\IDE\Extensions\Microsoft\VsGraphics\Assets\Effects\Ripple.dgsl file deleted.
[bd94:0009][2026-05-10T01:00:51] Processing file /Contents/Common7/IDE/Extensions/Microsoft/VsGraphics/Assets/Effects/SepiaTone.dgsl
[bd94:0009][2026-05-10T01:00:51] D:\Program\Common7\IDE\Extensions\Microsoft\VsGraphics\Assets\Effects\SepiaTone.dgsl file deleted.
[bd94:0009][2026-05-10T01:00:51] Processing file /Contents/Common7/IDE/Extensions/Microsoft/VsGraphics/Assets/Effects/Sharpen.dgsl
[bd94:0009][2026-05-10T01:00:51] D:\Program\Common7\IDE\Extensions\Microsoft\VsGraphics\Assets\Effects\Sharpen.dgsl file deleted.
[bd94:0009][2026-05-10T01:00:51] Processing file /Contents/Common7/IDE/Extensions/Microsoft/VsGraphics/Assets/Effects/unlit.dgsl
[bd94:0009][2026-05-10T01:00:51] D:\Program\Common7\IDE\Extensions\Microsoft\VsGraphics\Assets\Effects\unlit.dgsl file deleted.
[bd94:0009][2026-05-10T01:00:51] Processing file /Contents/Common7/IDE/Extensions/Microsoft/VsGraphics/Assets/Images/checkerboard.png
[bd94:0009][2026-05-10T01:00:51] D:\Program\Common7\IDE\Extensions\Microsoft\VsGraphics\Assets\Images\checkerboard.png file deleted.
[bd94:0009][2026-05-10T01:00:51] Processing file /Contents/Common7/IDE/Extensions/Microsoft/VsGraphics/Assets/Images/DefaultShaderEffectGraphTexture.png
[bd94:0009][2026-05-10T01:00:51] D:\Program\Common7\IDE\Extensions\Microsoft\VsGraphics\Assets\Images\DefaultShaderEffectGraphTexture.png file deleted.
[bd94:0009][2026-05-10T01:00:51] Processing file /Contents/Common7/IDE/Extensions/Microsoft/VsGraphics/Assets/Images/dsdadd.bmp
[bd94:0009][2026-05-10T01:00:51] D:\Program\Common7\IDE\Extensions\Microsoft\VsGraphics\Assets\Images\dsdadd.bmp file deleted.
[bd94:0009][2026-05-10T01:00:51] Processing file /Contents/Common7/IDE/Extensions/Microsoft/VsGraphics/Assets/Images/dsdadd.dds
[bd94:0009][2026-05-10T01:00:51] D:\Program\Common7\IDE\Extensions\Microsoft\VsGraphics\Assets\Images\dsdadd.dds file deleted.
[bd94:0009][2026-05-10T01:00:51] Processing file /Contents/Common7/IDE/Extensions/Microsoft/VsGraphics/Assets/Images/dsdalphaport.dds
[bd94:0009][2026-05-10T01:00:51] D:\Program\Common7\IDE\Extensions\Microsoft\VsGraphics\Assets\Images\dsdalphaport.dds file deleted.
[bd94:0009][2026-05-10T01:00:51] Processing file /Contents/Common7/IDE/Extensions/Microsoft/VsGraphics/Assets/Images/dsdconstant.bmp
[bd94:0009][2026-05-10T01:00:51] D:\Program\Common7\IDE\Extensions\Microsoft\VsGraphics\Assets\Images\dsdconstant.bmp file deleted.
[bd94:0009][2026-05-10T01:00:51] Processing file /Contents/Common7/IDE/Extensions/Microsoft/VsGraphics/Assets/Images/dsdconstant.dds
[bd94:0009][2026-05-10T01:00:51] D:\Program\Common7\IDE\Extensions\Microsoft\VsGraphics\Assets\Images\dsdconstant.dds file deleted.
[bd94:0009][2026-05-10T01:00:51] Processing file /Contents/Common7/IDE/Extensions/Microsoft/VsGraphics/Assets/Images/dsddot.bmp
[bd94:0009][2026-05-10T01:00:51] D:\Program\Common7\IDE\Extensions\Microsoft\VsGraphics\Assets\Images\dsddot.bmp file deleted.
[bd94:0009][2026-05-10T01:00:51] Processing file /Contents/Common7/IDE/Extensions/Microsoft/VsGraphics/Assets/Images/dsddot.dds
[bd94:0009][2026-05-10T01:00:51] D:\Program\Common7\IDE\Extensions\Microsoft\VsGraphics\Assets\Images\dsddot.dds file deleted.
[bd94:0009][2026-05-10T01:00:51] Processing file /Contents/Common7/IDE/Extensions/Microsoft/VsGraphics/Assets/Images/dsdfilters.bmp
[bd94:0009][2026-05-10T01:00:51] D:\Program\Common7\IDE\Extensions\Microsoft\VsGraphics\Assets\Images\dsdfilters.bmp file deleted.
[bd94:0009][2026-05-10T01:00:51] Processing file /Contents/Common7/IDE/Extensions/Microsoft/VsGraphics/Assets/Images/dsdmath.bmp
[bd94:0009][2026-05-10T01:00:51] D:\Program\Common7\IDE\Extensions\Microsoft\VsGraphics\Assets\Images\dsdmath.bmp file deleted.
[bd94:0009][2026-05-10T01:00:51] Processing file /Contents/Common7/IDE/Extensions/Microsoft/VsGraphics/Assets/Images/dsdmul.bmp
[bd94:0009][2026-05-10T01:00:51] D:\Program\Common7\IDE\Extensions\Microsoft\VsGraphics\Assets\Images\dsdmul.bmp file deleted.
[bd94:0009][2026-05-10T01:00:51] Processing file /Contents/Common7/IDE/Extensions/Microsoft/VsGraphics/Assets/Images/dsdmul.dds
[bd94:0009][2026-05-10T01:00:51] D:\Program\Common7\IDE\Extensions\Microsoft\VsGraphics\Assets\Images\dsdmul.dds file deleted.
[bd94:0009][2026-05-10T01:00:51] Processing file /Contents/Common7/IDE/Extensions/Microsoft/VsGraphics/Assets/Images/dsdmuladd.bmp
[bd94:0009][2026-05-10T01:00:51] D:\Program\Common7\IDE\Extensions\Microsoft\VsGraphics\Assets\Images\dsdmuladd.bmp file deleted.
[bd94:0009][2026-05-10T01:00:51] Processing file /Contents/Common7/IDE/Extensions/Microsoft/VsGraphics/Assets/Images/dsdmuladd.dds
[bd94:0009][2026-05-10T01:00:51] D:\Program\Common7\IDE\Extensions\Microsoft\VsGraphics\Assets\Images\dsdmuladd.dds file deleted.
[bd94:0009][2026-05-10T01:00:51] Processing file /Contents/Common7/IDE/Extensions/Microsoft/VsGraphics/Assets/Images/dsdnormalize.bmp
[bd94:0009][2026-05-10T01:00:51] D:\Program\Common7\IDE\Extensions\Microsoft\VsGraphics\Assets\Images\dsdnormalize.bmp file deleted.
[bd94:0009][2026-05-10T01:00:51] Processing file /Contents/Common7/IDE/Extensions/Microsoft/VsGraphics/Assets/Images/dsdnormalize.dds
[bd94:0009][2026-05-10T01:00:51] D:\Program\Common7\IDE\Extensions\Microsoft\VsGraphics\Assets\Images\dsdnormalize.dds file deleted.
[bd94:0009][2026-05-10T01:00:51] Processing file /Contents/Common7/IDE/Extensions/Microsoft/VsGraphics/Assets/Images/dsdparam.bmp
[bd94:0009][2026-05-10T01:00:51] D:\Program\Common7\IDE\Extensions\Microsoft\VsGraphics\Assets\Images\dsdparam.bmp file deleted.
[bd94:0009][2026-05-10T01:00:51] Processing file /Contents/Common7/IDE/Extensions/Microsoft/VsGraphics/Assets/Images/dsdpow.bmp
[bd94:0009][2026-05-10T01:00:51] D:\Program\Common7\IDE\Extensions\Microsoft\VsGraphics\Assets\Images\dsdpow.bmp file deleted.
[bd94:0009][2026-05-10T01:00:51] Processing file /Contents/Common7/IDE/Extensions/Microsoft/VsGraphics/Assets/Images/dsdpow.dds
[bd94:0009][2026-05-10T01:00:51] D:\Program\Common7\IDE\Extensions\Microsoft\VsGraphics\Assets\Images\dsdpow.dds file deleted.
[bd94:0009][2026-05-10T01:00:51] Processing file /Contents/Common7/IDE/Extensions/Microsoft/VsGraphics/Assets/Images/dsdsaturate.bmp
[bd94:0009][2026-05-10T01:00:51] D:\Program\Common7\IDE\Extensions\Microsoft\VsGraphics\Assets\Images\dsdsaturate.bmp file deleted.
[bd94:0009][2026-05-10T01:00:51] Processing file /Contents/Common7/IDE/Extensions/Microsoft/VsGraphics/Assets/Images/dsdsaturate.dds
[bd94:0009][2026-05-10T01:00:51] D:\Program\Common7\IDE\Extensions\Microsoft\VsGraphics\Assets\Images\dsdsaturate.dds file deleted.
[bd94:0009][2026-05-10T01:00:51] Processing file /Contents/Common7/IDE/Extensions/Microsoft/VsGraphics/Assets/Images/dsdterminal.bmp
[bd94:0009][2026-05-10T01:00:51] D:\Program\Common7\IDE\Extensions\Microsoft\VsGraphics\Assets\Images\dsdterminal.bmp file deleted.
[bd94:0009][2026-05-10T01:00:51] Processing file /Contents/Common7/IDE/Extensions/Microsoft/VsGraphics/Assets/Images/dsdterminal.dds
[bd94:0009][2026-05-10T01:00:51] D:\Program\Common7\IDE\Extensions\Microsoft\VsGraphics\Assets\Images\dsdterminal.dds file deleted.
[bd94:0009][2026-05-10T01:00:51] Processing file /Contents/Common7/IDE/Extensions/Microsoft/VsGraphics/Assets/Images/dsdtexsample.bmp
[bd94:0009][2026-05-10T01:00:51] D:\Program\Common7\IDE\Extensions\Microsoft\VsGraphics\Assets\Images\dsdtexsample.bmp file deleted.
[bd94:0009][2026-05-10T01:00:51] Processing file /Contents/Common7/IDE/Extensions/Microsoft/VsGraphics/Assets/Images/dsdtexsample.dds
[bd94:0009][2026-05-10T01:00:51] D:\Program\Common7\IDE\Extensions\Microsoft\VsGraphics\Assets\Images\dsdtexsample.dds file deleted.
[bd94:0009][2026-05-10T01:00:51] Processing file /Contents/Common7/IDE/Extensions/Microsoft/VsGraphics/Assets/Images/dsdtextures.bmp
[bd94:0009][2026-05-10T01:00:51] D:\Program\Common7\IDE\Extensions\Microsoft\VsGraphics\Assets\Images\dsdtextures.bmp file deleted.
[bd94:0009][2026-05-10T01:00:51] Processing file /Contents/Common7/IDE/Extensions/Microsoft/VsGraphics/Assets/Images/dsdutil.bmp
[bd94:0009][2026-05-10T01:00:51] D:\Program\Common7\IDE\Extensions\Microsoft\VsGraphics\Assets\Images\dsdutil.bmp file deleted.
[bd94:0009][2026-05-10T01:00:51] Processing file /Contents/Common7/IDE/Extensions/Microsoft/VsGraphics/Assets/Images/lassoants.png
[bd94:0009][2026-05-10T01:00:51] D:\Program\Common7\IDE\Extensions\Microsoft\VsGraphics\Assets\Images\lassoants.png file deleted.
[bd94:0009][2026-05-10T01:00:51] Processing file /Contents/Common7/IDE/Extensions/Microsoft/VsGraphics/Assets/Images/materialmissing.png
[bd94:0009][2026-05-10T01:00:51] D:\Program\Common7\IDE\Extensions\Microsoft\VsGraphics\Assets\Images\materialmissing.png file deleted.
[bd94:0009][2026-05-10T01:00:51] Processing file /Contents/Common7/IDE/Extensions/Microsoft/VsGraphics/Assets/Images/resizehandle.png
[bd94:0009][2026-05-10T01:00:51] D:\Program\Common7\IDE\Extensions\Microsoft\VsGraphics\Assets\Images\resizehandle.png file deleted.
[bd94:0009][2026-05-10T01:00:51] Processing file /Contents/Common7/IDE/Extensions/Microsoft/VsGraphics/Assets/Images/tregrid.dds
[bd94:0009][2026-05-10T01:00:51] D:\Program\Common7\IDE\Extensions\Microsoft\VsGraphics\Assets\Images\tregrid.dds file deleted.
[bd94:0009][2026-05-10T01:00:51] Processing file /Contents/Common7/IDE/Extensions/Microsoft/VsGraphics/Assets/Scripts/addsubdivisions.js
[bd94:0009][2026-05-10T01:00:51] D:\Program\Common7\IDE\Extensions\Microsoft\VsGraphics\Assets\Scripts\addsubdivisions.js file deleted.
[bd94:0009][2026-05-10T01:00:51] Processing file /Contents/Common7/IDE/Extensions/Microsoft/VsGraphics/Assets/Scripts/cone.js
[bd94:0009][2026-05-10T01:00:51] D:\Program\Common7\IDE\Extensions\Microsoft\VsGraphics\Assets\Scripts\cone.js file deleted.
[bd94:0009][2026-05-10T01:00:51] Processing file /Contents/Common7/IDE/Extensions/Microsoft/VsGraphics/Assets/Scripts/copy.js
[bd94:0009][2026-05-10T01:00:51] D:\Program\Common7\IDE\Extensions\Microsoft\VsGraphics\Assets\Scripts\copy.js file deleted.
[bd94:0009][2026-05-10T01:00:51] Processing file /Contents/Common7/IDE/Extensions/Microsoft/VsGraphics/Assets/Scripts/creategroup.js
[bd94:0009][2026-05-10T01:00:51] D:\Program\Common7\IDE\Extensions\Microsoft\VsGraphics\Assets\Scripts\creategroup.js file deleted.
[bd94:0009][2026-05-10T01:00:51] Processing file /Contents/Common7/IDE/Extensions/Microsoft/VsGraphics/Assets/Scripts/createnewobjectfrompolygonselection.js
[bd94:0009][2026-05-10T01:00:51] D:\Program\Common7\IDE\Extensions\Microsoft\VsGraphics\Assets\Scripts\createnewobjectfrompolygonselection.js file deleted.
[bd94:0009][2026-05-10T01:00:51] Processing file /Contents/Common7/IDE/Extensions/Microsoft/VsGraphics/Assets/Scripts/cube.js
[bd94:0009][2026-05-10T01:00:51] D:\Program\Common7\IDE\Extensions\Microsoft\VsGraphics\Assets\Scripts\cube.js file deleted.
[bd94:0009][2026-05-10T01:00:51] Processing file /Contents/Common7/IDE/Extensions/Microsoft/VsGraphics/Assets/Scripts/cut.js
[bd94:0009][2026-05-10T01:00:51] D:\Program\Common7\IDE\Extensions\Microsoft\VsGraphics\Assets\Scripts\cut.js file deleted.
[bd94:0009][2026-05-10T01:00:51] Processing file /Contents/Common7/IDE/Extensions/Microsoft/VsGraphics/Assets/Scripts/cylinder.js
[bd94:0009][2026-05-10T01:00:51] D:\Program\Common7\IDE\Extensions\Microsoft\VsGraphics\Assets\Scripts\cylinder.js file deleted.
[bd94:0009][2026-05-10T01:00:51] Processing file /Contents/Common7/IDE/Extensions/Microsoft/VsGraphics/Assets/Scripts/decmip.js
[bd94:0009][2026-05-10T01:00:51] D:\Program\Common7\IDE\Extensions\Microsoft\VsGraphics\Assets\Scripts\decmip.js file deleted.
[bd94:0009][2026-05-10T01:00:51] Processing file /Contents/Common7/IDE/Extensions/Microsoft/VsGraphics/Assets/Scripts/delete.js
[bd94:0009][2026-05-10T01:00:51] D:\Program\Common7\IDE\Extensions\Microsoft\VsGraphics\Assets\Scripts\delete.js file deleted.
[bd94:0009][2026-05-10T01:00:51] Processing file /Contents/Common7/IDE/Extensions/Microsoft/VsGraphics/Assets/Scripts/disc.js
[bd94:0009][2026-05-10T01:00:51] D:\Program\Common7\IDE\Extensions\Microsoft\VsGraphics\Assets\Scripts\disc.js file deleted.
[bd94:0009][2026-05-10T01:00:51] Processing file /Contents/Common7/IDE/Extensions/Microsoft/VsGraphics/Assets/Scripts/exportdirect3deffect.js
[bd94:0009][2026-05-10T01:00:51] D:\Program\Common7\IDE\Extensions\Microsoft\VsGraphics\Assets\Scripts\exportdirect3deffect.js file deleted.
[bd94:0009][2026-05-10T01:00:51] Processing file /Contents/Common7/IDE/Extensions/Microsoft/VsGraphics/Assets/Scripts/extrude.js
[bd94:0009][2026-05-10T01:00:51] D:\Program\Common7\IDE\Extensions\Microsoft\VsGraphics\Assets\Scripts\extrude.js file deleted.
[bd94:0009][2026-05-10T01:00:51] Processing file /Contents/Common7/IDE/Extensions/Microsoft/VsGraphics/Assets/Scripts/flippolygons.js
[bd94:0009][2026-05-10T01:00:51] D:\Program\Common7\IDE\Extensions\Microsoft\VsGraphics\Assets\Scripts\flippolygons.js file deleted.
[bd94:0009][2026-05-10T01:00:51] Processing file /Contents/Common7/IDE/Extensions/Microsoft/VsGraphics/Assets/Scripts/frameobject.js
[bd94:0009][2026-05-10T01:00:51] D:\Program\Common7\IDE\Extensions\Microsoft\VsGraphics\Assets\Scripts\frameobject.js file deleted.
[bd94:0009][2026-05-10T01:00:51] Processing file /Contents/Common7/IDE/Extensions/Microsoft/VsGraphics/Assets/Scripts/incmip.js
[bd94:0009][2026-05-10T01:00:51] D:\Program\Common7\IDE\Extensions\Microsoft\VsGraphics\Assets\Scripts\incmip.js file deleted.
[bd94:0009][2026-05-10T01:00:51] Processing file /Contents/Common7/IDE/Extensions/Microsoft/VsGraphics/Assets/Scripts/mergeobjects.js
[bd94:0009][2026-05-10T01:00:51] D:\Program\Common7\IDE\Extensions\Microsoft\VsGraphics\Assets\Scripts\mergeobjects.js file deleted.
[bd94:0009][2026-05-10T01:00:51] Processing file /Contents/Common7/IDE/Extensions/Microsoft/VsGraphics/Assets/Scripts/mreorthographic.js
[bd94:0009][2026-05-10T01:00:51] D:\Program\Common7\IDE\Extensions\Microsoft\VsGraphics\Assets\Scripts\mreorthographic.js file deleted.
[bd94:0009][2026-05-10T01:00:51] Processing file /Contents/Common7/IDE/Extensions/Microsoft/VsGraphics/Assets/Scripts/mreperspective.js
[bd94:0009][2026-05-10T01:00:51] D:\Program\Common7\IDE\Extensions\Microsoft\VsGraphics\Assets\Scripts\mreperspective.js file deleted.
[bd94:0009][2026-05-10T01:00:51] Processing file /Contents/Common7/IDE/Extensions/Microsoft/VsGraphics/Assets/Scripts/openscriptfolder.js
[bd94:0009][2026-05-10T01:00:51] D:\Program\Common7\IDE\Extensions\Microsoft\VsGraphics\Assets\Scripts\openscriptfolder.js file deleted.
[bd94:0009][2026-05-10T01:00:51] Processing file /Contents/Common7/IDE/Extensions/Microsoft/VsGraphics/Assets/Scripts/orbit.js
[bd94:0009][2026-05-10T01:00:51] D:\Program\Common7\IDE\Extensions\Microsoft\VsGraphics\Assets\Scripts\orbit.js file deleted.
[bd94:0009][2026-05-10T01:00:51] Processing file /Contents/Common7/IDE/Extensions/Microsoft/VsGraphics/Assets/Scripts/pan.js
[bd94:0009][2026-05-10T01:00:51] D:\Program\Common7\IDE\Extensions\Microsoft\VsGraphics\Assets\Scripts\pan.js file deleted.
[bd94:0009][2026-05-10T01:00:51] Processing file /Contents/Common7/IDE/Extensions/Microsoft/VsGraphics/Assets/Scripts/paste.js
[bd94:0009][2026-05-10T01:00:51] D:\Program\Common7\IDE\Extensions\Microsoft\VsGraphics\Assets\Scripts\paste.js file deleted.
[bd94:0009][2026-05-10T01:00:51] Processing file /Contents/Common7/IDE/Extensions/Microsoft/VsGraphics/Assets/Scripts/plane.js
[bd94:0009][2026-05-10T01:00:51] D:\Program\Common7\IDE\Extensions\Microsoft\VsGraphics\Assets\Scripts\plane.js file deleted.
[bd94:0009][2026-05-10T01:00:51] Processing file /Contents/Common7/IDE/Extensions/Microsoft/VsGraphics/Assets/Scripts/redo.js
[bd94:0009][2026-05-10T01:00:51] D:\Program\Common7\IDE\Extensions\Microsoft\VsGraphics\Assets\Scripts\redo.js file deleted.
[bd94:0009][2026-05-10T01:00:51] Processing file /Contents/Common7/IDE/Extensions/Microsoft/VsGraphics/Assets/Scripts/registerdsdnodes.js
[bd94:0009][2026-05-10T01:00:51] D:\Program\Common7\IDE\Extensions\Microsoft\VsGraphics\Assets\Scripts\registerdsdnodes.js file deleted.
[bd94:0009][2026-05-10T01:00:51] Processing file /Contents/Common7/IDE/Extensions/Microsoft/VsGraphics/Assets/Scripts/remove all animation.js
[bd94:0009][2026-05-10T01:00:51] D:\Program\Common7\IDE\Extensions\Microsoft\VsGraphics\Assets\Scripts\remove all animation.js file deleted.
[bd94:0009][2026-05-10T01:00:51] Processing file /Contents/Common7/IDE/Extensions/Microsoft/VsGraphics/Assets/Scripts/remove materials.js
[bd94:0009][2026-05-10T01:00:51] D:\Program\Common7\IDE\Extensions\Microsoft\VsGraphics\Assets\Scripts\remove materials.js file deleted.
[bd94:0009][2026-05-10T01:00:51] Processing file /Contents/Common7/IDE/Extensions/Microsoft/VsGraphics/Assets/Scripts/removeparent.js
[bd94:0009][2026-05-10T01:00:51] D:\Program\Common7\IDE\Extensions\Microsoft\VsGraphics\Assets\Scripts\removeparent.js file deleted.
[bd94:0009][2026-05-10T01:00:51] Processing file /Contents/Common7/IDE/Extensions/Microsoft/VsGraphics/Assets/Scripts/reset.js
[bd94:0009][2026-05-10T01:00:51] D:\Program\Common7\IDE\Extensions\Microsoft\VsGraphics\Assets\Scripts\reset.js file deleted.
[bd94:0009][2026-05-10T01:00:51] Processing file /Contents/Common7/IDE/Extensions/Microsoft/VsGraphics/Assets/Scripts/rotate.js
[bd94:0009][2026-05-10T01:00:51] D:\Program\Common7\IDE\Extensions\Microsoft\VsGraphics\Assets\Scripts\rotate.js file deleted.
[bd94:0009][2026-05-10T01:00:51] Processing file /Contents/Common7/IDE/Extensions/Microsoft/VsGraphics/Assets/Scripts/save.js
[bd94:0009][2026-05-10T01:00:51] D:\Program\Common7\IDE\Extensions\Microsoft\VsGraphics\Assets\Scripts\save.js file deleted.
[bd94:0009][2026-05-10T01:00:51] Processing file /Contents/Common7/IDE/Extensions/Microsoft/VsGraphics/Assets/Scripts/scale.js
[bd94:0009][2026-05-10T01:00:51] D:\Program\Common7\IDE\Extensions\Microsoft\VsGraphics\Assets\Scripts\scale.js file deleted.
[bd94:0009][2026-05-10T01:00:51] Processing file /Contents/Common7/IDE/Extensions/Microsoft/VsGraphics/Assets/Scripts/selectall.js
[bd94:0009][2026-05-10T01:00:51] D:\Program\Common7\IDE\Extensions\Microsoft\VsGraphics\Assets\Scripts\selectall.js file deleted.
[bd94:0009][2026-05-10T01:00:51] Processing file /Contents/Common7/IDE/Extensions/Microsoft/VsGraphics/Assets/Scripts/setparent.js
[bd94:0009][2026-05-10T01:00:51] D:\Program\Common7\IDE\Extensions\Microsoft\VsGraphics\Assets\Scripts\setparent.js file deleted.
[bd94:0009][2026-05-10T01:00:51] Processing file /Contents/Common7/IDE/Extensions/Microsoft/VsGraphics/Assets/Scripts/show fps.js
[bd94:0009][2026-05-10T01:00:51] D:\Program\Common7\IDE\Extensions\Microsoft\VsGraphics\Assets\Scripts\show fps.js file deleted.
[bd94:0009][2026-05-10T01:00:51] Processing file /Contents/Common7/IDE/Extensions/Microsoft/VsGraphics/Assets/Scripts/showall.js
[bd94:0009][2026-05-10T01:00:51] D:\Program\Common7\IDE\Extensions\Microsoft\VsGraphics\Assets\Scripts\showall.js file deleted.
[bd94:0009][2026-05-10T01:00:51] Processing file /Contents/Common7/IDE/Extensions/Microsoft/VsGraphics/Assets/Scripts/showemptynodes.js
[bd94:0009][2026-05-10T01:00:51] D:\Program\Common7\IDE\Extensions\Microsoft\VsGraphics\Assets\Scripts\showemptynodes.js file deleted.
[bd94:0009][2026-05-10T01:00:51] Processing file /Contents/Common7/IDE/Extensions/Microsoft/VsGraphics/Assets/Scripts/showfacenormals.js
[bd94:0009][2026-05-10T01:00:51] D:\Program\Common7\IDE\Extensions\Microsoft\VsGraphics\Assets\Scripts\showfacenormals.js file deleted.
[bd94:0009][2026-05-10T01:00:51] Processing file /Contents/Common7/IDE/Extensions/Microsoft/VsGraphics/Assets/Scripts/showpivot.js
[bd94:0009][2026-05-10T01:00:51] D:\Program\Common7\IDE\Extensions\Microsoft\VsGraphics\Assets\Scripts\showpivot.js file deleted.
[bd94:0009][2026-05-10T01:00:51] Processing file /Contents/Common7/IDE/Extensions/Microsoft/VsGraphics/Assets/Scripts/showvertexnormals.js
[bd94:0009][2026-05-10T01:00:51] D:\Program\Common7\IDE\Extensions\Microsoft\VsGraphics\Assets\Scripts\showvertexnormals.js file deleted.
[bd94:0009][2026-05-10T01:00:51] Processing file /Contents/Common7/IDE/Extensions/Microsoft/VsGraphics/Assets/Scripts/snap.js
[bd94:0009][2026-05-10T01:00:51] D:\Program\Common7\IDE\Extensions\Microsoft\VsGraphics\Assets\Scripts\snap.js file deleted.
[bd94:0009][2026-05-10T01:00:51] Processing file /Contents/Common7/IDE/Extensions/Microsoft/VsGraphics/Assets/Scripts/sphere.js
[bd94:0009][2026-05-10T01:00:51] D:\Program\Common7\IDE\Extensions\Microsoft\VsGraphics\Assets\Scripts\sphere.js file deleted.
[bd94:0009][2026-05-10T01:00:51] Processing file /Contents/Common7/IDE/Extensions/Microsoft/VsGraphics/Assets/Scripts/teapot.js
[bd94:0009][2026-05-10T01:00:51] D:\Program\Common7\IDE\Extensions\Microsoft\VsGraphics\Assets\Scripts\teapot.js file deleted.
[bd94:0009][2026-05-10T01:00:51] Processing file /Contents/Common7/IDE/Extensions/Microsoft/VsGraphics/Assets/Scripts/togglealpha.js
[bd94:0009][2026-05-10T01:00:51] D:\Program\Common7\IDE\Extensions\Microsoft\VsGraphics\Assets\Scripts\togglealpha.js file deleted.
[bd94:0009][2026-05-10T01:00:51] Processing file /Contents/Common7/IDE/Extensions/Microsoft/VsGraphics/Assets/Scripts/toggleblue.js
[bd94:0009][2026-05-10T01:00:51] D:\Program\Common7\IDE\Extensions\Microsoft\VsGraphics\Assets\Scripts\toggleblue.js file deleted.
[bd94:0009][2026-05-10T01:00:51] Processing file /Contents/Common7/IDE/Extensions/Microsoft/VsGraphics/Assets/Scripts/toggleembedmediaonexport.js
[bd94:0009][2026-05-10T01:00:51] D:\Program\Common7\IDE\Extensions\Microsoft\VsGraphics\Assets\Scripts\toggleembedmediaonexport.js file deleted.
[bd94:0009][2026-05-10T01:00:51] Processing file /Contents/Common7/IDE/Extensions/Microsoft/VsGraphics/Assets/Scripts/toggleexportastext.js
[bd94:0009][2026-05-10T01:00:51] D:\Program\Common7\IDE\Extensions\Microsoft\VsGraphics\Assets\Scripts\toggleexportastext.js file deleted.
[bd94:0009][2026-05-10T01:00:51] Processing file /Contents/Common7/IDE/Extensions/Microsoft/VsGraphics/Assets/Scripts/togglegreen.js
[bd94:0009][2026-05-10T01:00:51] D:\Program\Common7\IDE\Extensions\Microsoft\VsGraphics\Assets\Scripts\togglegreen.js file deleted.
[bd94:0009][2026-05-10T01:00:51] Processing file /Contents/Common7/IDE/Extensions/Microsoft/VsGraphics/Assets/Scripts/togglegrid.js
[bd94:0009][2026-05-10T01:00:51] D:\Program\Common7\IDE\Extensions\Microsoft\VsGraphics\Assets\Scripts\togglegrid.js file deleted.
[bd94:0009][2026-05-10T01:00:51] Processing file /Contents/Common7/IDE/Extensions/Microsoft/VsGraphics/Assets/Scripts/togglepivot.js
[bd94:0009][2026-05-10T01:00:51] D:\Program\Common7\IDE\Extensions\Microsoft\VsGraphics\Assets\Scripts\togglepivot.js file deleted.
[bd94:0009][2026-05-10T01:00:51] Processing file /Contents/Common7/IDE/Extensions/Microsoft/VsGraphics/Assets/Scripts/togglered.js
[bd94:0009][2026-05-10T01:00:51] D:\Program\Common7\IDE\Extensions\Microsoft\VsGraphics\Assets\Scripts\togglered.js file deleted.
[bd94:0009][2026-05-10T01:00:51] Processing file /Contents/Common7/IDE/Extensions/Microsoft/VsGraphics/Assets/Scripts/toggleworldmode.js
[bd94:0009][2026-05-10T01:00:51] D:\Program\Common7\IDE\Extensions\Microsoft\VsGraphics\Assets\Scripts\toggleworldmode.js file deleted.
[bd94:0009][2026-05-10T01:00:51] Processing file /Contents/Common7/IDE/Extensions/Microsoft/VsGraphics/Assets/Scripts/translate.js
[bd94:0009][2026-05-10T01:00:51] D:\Program\Common7\IDE\Extensions\Microsoft\VsGraphics\Assets\Scripts\translate.js file deleted.
[bd94:0009][2026-05-10T01:00:51] Processing file /Contents/Common7/IDE/Extensions/Microsoft/VsGraphics/Assets/Scripts/triangulate.js
[bd94:0009][2026-05-10T01:00:51] D:\Program\Common7\IDE\Extensions\Microsoft\VsGraphics\Assets\Scripts\triangulate.js file deleted.
[bd94:0009][2026-05-10T01:00:51] Processing file /Contents/Common7/IDE/Extensions/Microsoft/VsGraphics/Assets/Scripts/undo.js
[bd94:0009][2026-05-10T01:00:51] D:\Program\Common7\IDE\Extensions\Microsoft\VsGraphics\Assets\Scripts\undo.js file deleted.
[bd94:0009][2026-05-10T01:00:51] Processing file /Contents/Common7/IDE/Extensions/Microsoft/VsGraphics/Assets/Scripts/viewback.js
[bd94:0009][2026-05-10T01:00:51] D:\Program\Common7\IDE\Extensions\Microsoft\VsGraphics\Assets\Scripts\viewback.js file deleted.
[bd94:0009][2026-05-10T01:00:51] Processing file /Contents/Common7/IDE/Extensions/Microsoft/VsGraphics/Assets/Scripts/viewbottom.js
[bd94:0009][2026-05-10T01:00:51] D:\Program\Common7\IDE\Extensions\Microsoft\VsGraphics\Assets\Scripts\viewbottom.js file deleted.
[bd94:0009][2026-05-10T01:00:51] Processing file /Contents/Common7/IDE/Extensions/Microsoft/VsGraphics/Assets/Scripts/viewfront.js
[bd94:0009][2026-05-10T01:00:51] D:\Program\Common7\IDE\Extensions\Microsoft\VsGraphics\Assets\Scripts\viewfront.js file deleted.
[bd94:0009][2026-05-10T01:00:51] Processing file /Contents/Common7/IDE/Extensions/Microsoft/VsGraphics/Assets/Scripts/viewleft.js
[bd94:0009][2026-05-10T01:00:51] D:\Program\Common7\IDE\Extensions\Microsoft\VsGraphics\Assets\Scripts\viewleft.js file deleted.
[bd94:0009][2026-05-10T01:00:51] Processing file /Contents/Common7/IDE/Extensions/Microsoft/VsGraphics/Assets/Scripts/viewmaterialerrors.js
[bd94:0009][2026-05-10T01:00:51] D:\Program\Common7\IDE\Extensions\Microsoft\VsGraphics\Assets\Scripts\viewmaterialerrors.js file deleted.
[bd94:0009][2026-05-10T01:00:51] Processing file /Contents/Common7/IDE/Extensions/Microsoft/VsGraphics/Assets/Scripts/viewright.js
[bd94:0009][2026-05-10T01:00:51] D:\Program\Common7\IDE\Extensions\Microsoft\VsGraphics\Assets\Scripts\viewright.js file deleted.
[bd94:0009][2026-05-10T01:00:51] Processing file /Contents/Common7/IDE/Extensions/Microsoft/VsGraphics/Assets/Scripts/viewtop.js
[bd94:0009][2026-05-10T01:00:51] D:\Program\Common7\IDE\Extensions\Microsoft\VsGraphics\Assets\Scripts\viewtop.js file deleted.
[bd94:0009][2026-05-10T01:00:51] Processing file /Contents/Common7/IDE/Extensions/Microsoft/VsGraphics/Assets/Scripts/vsgCommands.xml
[bd94:0009][2026-05-10T01:00:51] D:\Program\Common7\IDE\Extensions\Microsoft\VsGraphics\Assets\Scripts\vsgCommands.xml file deleted.
[bd94:0009][2026-05-10T01:00:51] Processing file /Contents/Common7/IDE/Extensions/Microsoft/VsGraphics/Assets/Scripts/zoom.js
[bd94:0009][2026-05-10T01:00:51] D:\Program\Common7\IDE\Extensions\Microsoft\VsGraphics\Assets\Scripts\zoom.js file deleted.
[bd94:0009][2026-05-10T01:00:51] Processing file /Contents/Common7/IDE/Extensions/Microsoft/VsGraphics/Assets/Scripts/zoomtofit.js
[bd94:0009][2026-05-10T01:00:51] D:\Program\Common7\IDE\Extensions\Microsoft\VsGraphics\Assets\Scripts\zoomtofit.js file deleted.
[bd94:0009][2026-05-10T01:00:51] Processing file /Contents/Common7/IDE/Extensions/Microsoft/VsGraphics/Assets/Scripts/zoomtoscreenwidth.js
[bd94:0009][2026-05-10T01:00:51] D:\Program\Common7\IDE\Extensions\Microsoft\VsGraphics\Assets\Scripts\zoomtoscreenwidth.js file deleted.
[bd94:0009][2026-05-10T01:00:51] Processing file /Contents/Common7/IDE/Extensions/Microsoft/VsGraphics/Assets/Scripts/callbacks/undoableelementname.js
[bd94:0009][2026-05-10T01:00:51] D:\Program\Common7\IDE\Extensions\Microsoft\VsGraphics\Assets\Scripts\callbacks\undoableelementname.js file deleted.
[bd94:0009][2026-05-10T01:00:51] Processing file /Contents/Common7/IDE/Extensions/Microsoft/VsGraphics/Assets/Scripts/hlsl/commonpixelshaderhelpers.ps
[bd94:0009][2026-05-10T01:00:51] D:\Program\Common7\IDE\Extensions\Microsoft\VsGraphics\Assets\Scripts\hlsl\commonpixelshaderhelpers.ps file deleted.
[bd94:0009][2026-05-10T01:00:51] Processing file /Contents/Common7/IDE/Extensions/Microsoft/VsGraphics/Assets/Scripts/hlsl/sm5_pixelshaderhelpers.ps
[bd94:0009][2026-05-10T01:00:51] D:\Program\Common7\IDE\Extensions\Microsoft\VsGraphics\Assets\Scripts\hlsl\sm5_pixelshaderhelpers.ps file deleted.
[bd94:0009][2026-05-10T01:00:51] Processing file /Contents/Common7/IDE/PublicAssemblies/Microsoft.VisualC.VSCodeParser.dll
[bd94:0009][2026-05-10T01:00:51] D:\Program\Common7\IDE\PublicAssemblies\Microsoft.VisualC.VSCodeParser.dll file deleted.
[bd94:0009][2026-05-10T01:00:51] Processing file /Contents/Common7/IDE/PublicAssemblies/Microsoft.VisualC.VSCodeProvider.dll
[bd94:0009][2026-05-10T01:00:51] D:\Program\Common7\IDE\PublicAssemblies\Microsoft.VisualC.VSCodeProvider.dll file deleted.
[bd94:0009][2026-05-10T01:00:51] Processing file /Contents/Common7/IDE/PublicAssemblies/CppCodeProvider.dll
[bd94:0009][2026-05-10T01:00:51] D:\Program\Common7\IDE\PublicAssemblies\CppCodeProvider.dll file deleted.
[bd94:0009][2026-05-10T01:00:51] Processing file /Contents/Common7/IDE/VC/vcpackages/concrt140.dll
[bd94:0009][2026-05-10T01:00:51] D:\Program\Common7\IDE\VC\vcpackages\concrt140.dll file deleted.
[bd94:0009][2026-05-10T01:00:51] Processing file /Contents/Common7/IDE/VC/vcpackages/msvcp140.dll
[bd94:0009][2026-05-10T01:00:51] D:\Program\Common7\IDE\VC\vcpackages\msvcp140.dll file deleted.
[bd94:0009][2026-05-10T01:00:51] Processing file /Contents/Common7/IDE/VC/vcpackages/vcruntime140.dll
[bd94:0009][2026-05-10T01:00:51] D:\Program\Common7\IDE\VC\vcpackages\vcruntime140.dll file deleted.
[bd94:0009][2026-05-10T01:00:51] Processing file /Contents/Common7/IDE/VC/vcpackages/platform.winmd
[bd94:0009][2026-05-10T01:00:51] D:\Program\Common7\IDE\VC\vcpackages\platform.winmd file deleted.
[bd94:0009][2026-05-10T01:00:51] Processing file /Contents/Common7/IDE/VC/VCProjectDefaults/Microsoft.AppX.VCFrameworkReferences.xml
[bd94:0009][2026-05-10T01:00:51] D:\Program\Common7\IDE\VC\VCProjectDefaults\Microsoft.AppX.VCFrameworkReferences.xml file deleted.
[bd94:0009][2026-05-10T01:00:51] Processing file /Contents/Common7/IDE/VC/VCProjectDefaults/VCMergeModules.xml
[bd94:0009][2026-05-10T01:00:51] D:\Program\Common7\IDE\VC\VCProjectDefaults\VCMergeModules.xml file deleted.
[bd94:0009][2026-05-10T01:00:51] Started: Deleting empty directories
[bd94:0009][2026-05-10T01:00:51] Completed: Deleting empty directories
[bd94:0009][2026-05-10T01:00:51] Package executed successfully. Return code: 0
