[18d4:0007][2026-05-10T02:03:56] Opening the package for processing
[18d4:0007][2026-05-10T02:03:56] Using package payload to get the embedded manifest
[18d4:0007][2026-05-10T02:03:56] Getting list of files within the package
[18d4:0007][2026-05-10T02:03:56] Processing file /Contents/Common7/IDE/CommonExtensions/Microsoft/MDD/Debugger/Microsoft.Android.natvis
[18d4:0007][2026-05-10T02:03:56] Started: Copying file /Contents/Common7/IDE/CommonExtensions/Microsoft/MDD/Debugger/Microsoft.Android.natvis to D:\Program Files (x86)\Microsoft Visual Studio\2022\BuildTools\Common7\IDE\CommonExtensions\Microsoft\MDD\Debugger\Microsoft.Android.natvis
[18d4:0007][2026-05-10T02:03:56] Completed: Copying file /Contents/Common7/IDE/CommonExtensions/Microsoft/MDD/Debugger/Microsoft.Android.natvis to D:\Program Files (x86)\Microsoft Visual Studio\2022\BuildTools\Common7\IDE\CommonExtensions\Microsoft\MDD\Debugger\Microsoft.Android.natvis
[18d4:0007][2026-05-10T02:03:56] Timestamp updated for file 'D:\Program Files (x86)\Microsoft Visual Studio\2022\BuildTools\Common7\IDE\CommonExtensions\Microsoft\MDD\Debugger\Microsoft.Android.natvis'.
[18d4:0007][2026-05-10T02:03:56] Processing file /Contents/Common7/IDE/CommonExtensions/Microsoft/MDD/Debugger/Microsoft.AndroidDebugLauncher.dll
[18d4:0007][2026-05-10T02:03:56] Started: Copying file /Contents/Common7/IDE/CommonExtensions/Microsoft/MDD/Debugger/Microsoft.AndroidDebugLauncher.dll to D:\Program Files (x86)\Microsoft Visual Studio\2022\BuildTools\Common7\IDE\CommonExtensions\Microsoft\MDD\Debugger\Microsoft.AndroidDebugLauncher.dll
[18d4:0007][2026-05-10T02:03:56] Completed: Copying file /Contents/Common7/IDE/CommonExtensions/Microsoft/MDD/Debugger/Microsoft.AndroidDebugLauncher.dll to D:\Program Files (x86)\Microsoft Visual Studio\2022\BuildTools\Common7\IDE\CommonExtensions\Microsoft\MDD\Debugger\Microsoft.AndroidDebugLauncher.dll
[18d4:0007][2026-05-10T02:03:56] Timestamp updated for file 'D:\Program Files (x86)\Microsoft Visual Studio\2022\BuildTools\Common7\IDE\CommonExtensions\Microsoft\MDD\Debugger\Microsoft.AndroidDebugLauncher.dll'.
[18d4:0007][2026-05-10T02:03:56] Processing file /Contents/Common7/IDE/CommonExtensions/Microsoft/MDD/Debugger/Microsoft.AndroidDebugLauncher.pkgdef
[18d4:0007][2026-05-10T02:03:56] Started: Copying file /Contents/Common7/IDE/CommonExtensions/Microsoft/MDD/Debugger/Microsoft.AndroidDebugLauncher.pkgdef to D:\Program Files (x86)\Microsoft Visual Studio\2022\BuildTools\Common7\IDE\CommonExtensions\Microsoft\MDD\Debugger\Microsoft.AndroidDebugLauncher.pkgdef
[18d4:0007][2026-05-10T02:03:56] Completed: Copying file /Contents/Common7/IDE/CommonExtensions/Microsoft/MDD/Debugger/Microsoft.AndroidDebugLauncher.pkgdef to D:\Program Files (x86)\Microsoft Visual Studio\2022\BuildTools\Common7\IDE\CommonExtensions\Microsoft\MDD\Debugger\Microsoft.AndroidDebugLauncher.pkgdef
[18d4:0007][2026-05-10T02:03:56] Timestamp updated for file 'D:\Program Files (x86)\Microsoft Visual Studio\2022\BuildTools\Common7\IDE\CommonExtensions\Microsoft\MDD\Debugger\Microsoft.AndroidDebugLauncher.pkgdef'.
[18d4:0007][2026-05-10T02:03:56] Processing file /Contents/Common7/IDE/CommonExtensions/Microsoft/MDD/Debugger/Microsoft.DebugEngineHost.dll
[18d4:0007][2026-05-10T02:03:56] Started: Copying file /Contents/Common7/IDE/CommonExtensions/Microsoft/MDD/Debugger/Microsoft.DebugEngineHost.dll to D:\Program Files (x86)\Microsoft Visual Studio\2022\BuildTools\Common7\IDE\CommonExtensions\Microsoft\MDD\Debugger\Microsoft.DebugEngineHost.dll
[18d4:0007][2026-05-10T02:03:56] Completed: Copying file /Contents/Common7/IDE/CommonExtensions/Microsoft/MDD/Debugger/Microsoft.DebugEngineHost.dll to D:\Program Files (x86)\Microsoft Visual Studio\2022\BuildTools\Common7\IDE\CommonExtensions\Microsoft\MDD\Debugger\Microsoft.DebugEngineHost.dll
[18d4:0007][2026-05-10T02:03:56] Timestamp updated for file 'D:\Program Files (x86)\Microsoft Visual Studio\2022\BuildTools\Common7\IDE\CommonExtensions\Microsoft\MDD\Debugger\Microsoft.DebugEngineHost.dll'.
[18d4:0007][2026-05-10T02:03:56] Processing file /Contents/Common7/IDE/CommonExtensions/Microsoft/MDD/Debugger/Microsoft.IOSDebugLauncher.dll
[18d4:0007][2026-05-10T02:03:56] Started: Copying file /Contents/Common7/IDE/CommonExtensions/Microsoft/MDD/Debugger/Microsoft.IOSDebugLauncher.dll to D:\Program Files (x86)\Microsoft Visual Studio\2022\BuildTools\Common7\IDE\CommonExtensions\Microsoft\MDD\Debugger\Microsoft.IOSDebugLauncher.dll
[18d4:0007][2026-05-10T02:03:56] Completed: Copying file /Contents/Common7/IDE/CommonExtensions/Microsoft/MDD/Debugger/Microsoft.IOSDebugLauncher.dll to D:\Program Files (x86)\Microsoft Visual Studio\2022\BuildTools\Common7\IDE\CommonExtensions\Microsoft\MDD\Debugger\Microsoft.IOSDebugLauncher.dll
[18d4:0007][2026-05-10T02:03:56] Timestamp updated for file 'D:\Program Files (x86)\Microsoft Visual Studio\2022\BuildTools\Common7\IDE\CommonExtensions\Microsoft\MDD\Debugger\Microsoft.IOSDebugLauncher.dll'.
[18d4:0007][2026-05-10T02:03:56] Processing file /Contents/Common7/IDE/CommonExtensions/Microsoft/MDD/Debugger/Microsoft.IOSDebugLauncher.pkgdef
[18d4:0007][2026-05-10T02:03:56] Started: Copying file /Contents/Common7/IDE/CommonExtensions/Microsoft/MDD/Debugger/Microsoft.IOSDebugLauncher.pkgdef to D:\Program Files (x86)\Microsoft Visual Studio\2022\BuildTools\Common7\IDE\CommonExtensions\Microsoft\MDD\Debugger\Microsoft.IOSDebugLauncher.pkgdef
[18d4:0007][2026-05-10T02:03:56] Completed: Copying file /Contents/Common7/IDE/CommonExtensions/Microsoft/MDD/Debugger/Microsoft.IOSDebugLauncher.pkgdef to D:\Program Files (x86)\Microsoft Visual Studio\2022\BuildTools\Common7\IDE\CommonExtensions\Microsoft\MDD\Debugger\Microsoft.IOSDebugLauncher.pkgdef
[18d4:0007][2026-05-10T02:03:56] Timestamp updated for file 'D:\Program Files (x86)\Microsoft Visual Studio\2022\BuildTools\Common7\IDE\CommonExtensions\Microsoft\MDD\Debugger\Microsoft.IOSDebugLauncher.pkgdef'.
[18d4:0007][2026-05-10T02:03:56] Processing file /Contents/Common7/IDE/CommonExtensions/Microsoft/MDD/Debugger/Microsoft.JDbg.dll
[18d4:0007][2026-05-10T02:03:56] Started: Copying file /Contents/Common7/IDE/CommonExtensions/Microsoft/MDD/Debugger/Microsoft.JDbg.dll to D:\Program Files (x86)\Microsoft Visual Studio\2022\BuildTools\Common7\IDE\CommonExtensions\Microsoft\MDD\Debugger\Microsoft.JDbg.dll
[18d4:0007][2026-05-10T02:03:56] Completed: Copying file /Contents/Common7/IDE/CommonExtensions/Microsoft/MDD/Debugger/Microsoft.JDbg.dll to D:\Program Files (x86)\Microsoft Visual Studio\2022\BuildTools\Common7\IDE\CommonExtensions\Microsoft\MDD\Debugger\Microsoft.JDbg.dll
[18d4:0007][2026-05-10T02:03:56] Timestamp updated for file 'D:\Program Files (x86)\Microsoft Visual Studio\2022\BuildTools\Common7\IDE\CommonExtensions\Microsoft\MDD\Debugger\Microsoft.JDbg.dll'.
[18d4:0007][2026-05-10T02:03:56] Processing file /Contents/Common7/IDE/CommonExtensions/Microsoft/MDD/Debugger/Microsoft.Kofe.Engine.dll
[18d4:0007][2026-05-10T02:03:56] Started: Copying file /Contents/Common7/IDE/CommonExtensions/Microsoft/MDD/Debugger/Microsoft.Kofe.Engine.dll to D:\Program Files (x86)\Microsoft Visual Studio\2022\BuildTools\Common7\IDE\CommonExtensions\Microsoft\MDD\Debugger\Microsoft.Kofe.Engine.dll
[18d4:0007][2026-05-10T02:03:56] Completed: Copying file /Contents/Common7/IDE/CommonExtensions/Microsoft/MDD/Debugger/Microsoft.Kofe.Engine.dll to D:\Program Files (x86)\Microsoft Visual Studio\2022\BuildTools\Common7\IDE\CommonExtensions\Microsoft\MDD\Debugger\Microsoft.Kofe.Engine.dll
[18d4:0007][2026-05-10T02:03:56] Timestamp updated for file 'D:\Program Files (x86)\Microsoft Visual Studio\2022\BuildTools\Common7\IDE\CommonExtensions\Microsoft\MDD\Debugger\Microsoft.Kofe.Engine.dll'.
[18d4:0007][2026-05-10T02:03:56] Processing file /Contents/Common7/IDE/CommonExtensions/Microsoft/MDD/Debugger/Microsoft.Kofe.Engine.pkgdef
[18d4:0007][2026-05-10T02:03:56] Started: Copying file /Contents/Common7/IDE/CommonExtensions/Microsoft/MDD/Debugger/Microsoft.Kofe.Engine.pkgdef to D:\Program Files (x86)\Microsoft Visual Studio\2022\BuildTools\Common7\IDE\CommonExtensions\Microsoft\MDD\Debugger\Microsoft.Kofe.Engine.pkgdef
[18d4:0007][2026-05-10T02:03:56] Completed: Copying file /Contents/Common7/IDE/CommonExtensions/Microsoft/MDD/Debugger/Microsoft.Kofe.Engine.pkgdef to D:\Program Files (x86)\Microsoft Visual Studio\2022\BuildTools\Common7\IDE\CommonExtensions\Microsoft\MDD\Debugger\Microsoft.Kofe.Engine.pkgdef
[18d4:0007][2026-05-10T02:03:56] Timestamp updated for file 'D:\Program Files (x86)\Microsoft Visual Studio\2022\BuildTools\Common7\IDE\CommonExtensions\Microsoft\MDD\Debugger\Microsoft.Kofe.Engine.pkgdef'.
[18d4:0007][2026-05-10T02:03:56] Processing file /Contents/Common7/IDE/CommonExtensions/Microsoft/MDD/Debugger/Microsoft.Kofe.IJDWP.dll
[18d4:0007][2026-05-10T02:03:56] Started: Copying file /Contents/Common7/IDE/CommonExtensions/Microsoft/MDD/Debugger/Microsoft.Kofe.IJDWP.dll to D:\Program Files (x86)\Microsoft Visual Studio\2022\BuildTools\Common7\IDE\CommonExtensions\Microsoft\MDD\Debugger\Microsoft.Kofe.IJDWP.dll
[18d4:0007][2026-05-10T02:03:56] Completed: Copying file /Contents/Common7/IDE/CommonExtensions/Microsoft/MDD/Debugger/Microsoft.Kofe.IJDWP.dll to D:\Program Files (x86)\Microsoft Visual Studio\2022\BuildTools\Common7\IDE\CommonExtensions\Microsoft\MDD\Debugger\Microsoft.Kofe.IJDWP.dll
[18d4:0007][2026-05-10T02:03:56] Timestamp updated for file 'D:\Program Files (x86)\Microsoft Visual Studio\2022\BuildTools\Common7\IDE\CommonExtensions\Microsoft\MDD\Debugger\Microsoft.Kofe.IJDWP.dll'.
[18d4:0007][2026-05-10T02:03:56] Processing file /Contents/Common7/IDE/CommonExtensions/Microsoft/MDD/Debugger/Microsoft.Kofe.JDWP.config
[18d4:0007][2026-05-10T02:03:56] Started: Copying file /Contents/Common7/IDE/CommonExtensions/Microsoft/MDD/Debugger/Microsoft.Kofe.JDWP.config to D:\Program Files (x86)\Microsoft Visual Studio\2022\BuildTools\Common7\IDE\CommonExtensions\Microsoft\MDD\Debugger\Microsoft.Kofe.JDWP.config
[18d4:0007][2026-05-10T02:03:56] Completed: Copying file /Contents/Common7/IDE/CommonExtensions/Microsoft/MDD/Debugger/Microsoft.Kofe.JDWP.config to D:\Program Files (x86)\Microsoft Visual Studio\2022\BuildTools\Common7\IDE\CommonExtensions\Microsoft\MDD\Debugger\Microsoft.Kofe.JDWP.config
[18d4:0007][2026-05-10T02:03:56] Timestamp updated for file 'D:\Program Files (x86)\Microsoft Visual Studio\2022\BuildTools\Common7\IDE\CommonExtensions\Microsoft\MDD\Debugger\Microsoft.Kofe.JDWP.config'.
[18d4:0007][2026-05-10T02:03:56] Processing file /Contents/Common7/IDE/CommonExtensions/Microsoft/MDD/Debugger/Microsoft.Kofe.JDWP.dll
[18d4:0007][2026-05-10T02:03:56] Started: Copying file /Contents/Common7/IDE/CommonExtensions/Microsoft/MDD/Debugger/Microsoft.Kofe.JDWP.dll to D:\Program Files (x86)\Microsoft Visual Studio\2022\BuildTools\Common7\IDE\CommonExtensions\Microsoft\MDD\Debugger\Microsoft.Kofe.JDWP.dll
[18d4:0007][2026-05-10T02:03:56] Completed: Copying file /Contents/Common7/IDE/CommonExtensions/Microsoft/MDD/Debugger/Microsoft.Kofe.JDWP.dll to D:\Program Files (x86)\Microsoft Visual Studio\2022\BuildTools\Common7\IDE\CommonExtensions\Microsoft\MDD\Debugger\Microsoft.Kofe.JDWP.dll
[18d4:0007][2026-05-10T02:03:56] Timestamp updated for file 'D:\Program Files (x86)\Microsoft Visual Studio\2022\BuildTools\Common7\IDE\CommonExtensions\Microsoft\MDD\Debugger\Microsoft.Kofe.JDWP.dll'.
[18d4:0007][2026-05-10T02:03:56] Processing file /Contents/Common7/IDE/CommonExtensions/Microsoft/MDD/Debugger/Microsoft.Kofe.Package.dll
[18d4:0007][2026-05-10T02:03:56] Started: Copying file /Contents/Common7/IDE/CommonExtensions/Microsoft/MDD/Debugger/Microsoft.Kofe.Package.dll to D:\Program Files (x86)\Microsoft Visual Studio\2022\BuildTools\Common7\IDE\CommonExtensions\Microsoft\MDD\Debugger\Microsoft.Kofe.Package.dll
[18d4:0007][2026-05-10T02:03:56] Completed: Copying file /Contents/Common7/IDE/CommonExtensions/Microsoft/MDD/Debugger/Microsoft.Kofe.Package.dll to D:\Program Files (x86)\Microsoft Visual Studio\2022\BuildTools\Common7\IDE\CommonExtensions\Microsoft\MDD\Debugger\Microsoft.Kofe.Package.dll
[18d4:0007][2026-05-10T02:03:56] Timestamp updated for file 'D:\Program Files (x86)\Microsoft Visual Studio\2022\BuildTools\Common7\IDE\CommonExtensions\Microsoft\MDD\Debugger\Microsoft.Kofe.Package.dll'.
[18d4:0007][2026-05-10T02:03:56] Processing file /Contents/Common7/IDE/CommonExtensions/Microsoft/MDD/Debugger/Microsoft.Kofe.Package.pkgdef
[18d4:0007][2026-05-10T02:03:56] Started: Copying file /Contents/Common7/IDE/CommonExtensions/Microsoft/MDD/Debugger/Microsoft.Kofe.Package.pkgdef to D:\Program Files (x86)\Microsoft Visual Studio\2022\BuildTools\Common7\IDE\CommonExtensions\Microsoft\MDD\Debugger\Microsoft.Kofe.Package.pkgdef
[18d4:0007][2026-05-10T02:03:56] Completed: Copying file /Contents/Common7/IDE/CommonExtensions/Microsoft/MDD/Debugger/Microsoft.Kofe.Package.pkgdef to D:\Program Files (x86)\Microsoft Visual Studio\2022\BuildTools\Common7\IDE\CommonExtensions\Microsoft\MDD\Debugger\Microsoft.Kofe.Package.pkgdef
[18d4:0007][2026-05-10T02:03:56] Timestamp updated for file 'D:\Program Files (x86)\Microsoft Visual Studio\2022\BuildTools\Common7\IDE\CommonExtensions\Microsoft\MDD\Debugger\Microsoft.Kofe.Package.pkgdef'.
[18d4:0007][2026-05-10T02:03:56] Processing file /Contents/Common7/IDE/CommonExtensions/Microsoft/MDD/Debugger/Microsoft.MICore.dll
[18d4:0007][2026-05-10T02:03:56] Started: Copying file /Contents/Common7/IDE/CommonExtensions/Microsoft/MDD/Debugger/Microsoft.MICore.dll to D:\Program Files (x86)\Microsoft Visual Studio\2022\BuildTools\Common7\IDE\CommonExtensions\Microsoft\MDD\Debugger\Microsoft.MICore.dll
[18d4:0007][2026-05-10T02:03:56] Completed: Copying file /Contents/Common7/IDE/CommonExtensions/Microsoft/MDD/Debugger/Microsoft.MICore.dll to D:\Program Files (x86)\Microsoft Visual Studio\2022\BuildTools\Common7\IDE\CommonExtensions\Microsoft\MDD\Debugger\Microsoft.MICore.dll
[18d4:0007][2026-05-10T02:03:56] Timestamp updated for file 'D:\Program Files (x86)\Microsoft Visual Studio\2022\BuildTools\Common7\IDE\CommonExtensions\Microsoft\MDD\Debugger\Microsoft.MICore.dll'.
[18d4:0007][2026-05-10T02:03:56] Processing file /Contents/Common7/IDE/CommonExtensions/Microsoft/MDD/Debugger/Microsoft.MICore.XmlSerializers.dll
[18d4:0007][2026-05-10T02:03:56] Started: Copying file /Contents/Common7/IDE/CommonExtensions/Microsoft/MDD/Debugger/Microsoft.MICore.XmlSerializers.dll to D:\Program Files (x86)\Microsoft Visual Studio\2022\BuildTools\Common7\IDE\CommonExtensions\Microsoft\MDD\Debugger\Microsoft.MICore.XmlSerializers.dll
[18d4:0007][2026-05-10T02:03:56] Completed: Copying file /Contents/Common7/IDE/CommonExtensions/Microsoft/MDD/Debugger/Microsoft.MICore.XmlSerializers.dll to D:\Program Files (x86)\Microsoft Visual Studio\2022\BuildTools\Common7\IDE\CommonExtensions\Microsoft\MDD\Debugger\Microsoft.MICore.XmlSerializers.dll
[18d4:0007][2026-05-10T02:03:56] Timestamp updated for file 'D:\Program Files (x86)\Microsoft Visual Studio\2022\BuildTools\Common7\IDE\CommonExtensions\Microsoft\MDD\Debugger\Microsoft.MICore.XmlSerializers.dll'.
[18d4:0007][2026-05-10T02:03:56] Processing file /Contents/Common7/IDE/CommonExtensions/Microsoft/MDD/Debugger/Microsoft.MIDebugEngine.dll
[18d4:0007][2026-05-10T02:03:56] Started: Copying file /Contents/Common7/IDE/CommonExtensions/Microsoft/MDD/Debugger/Microsoft.MIDebugEngine.dll to D:\Program Files (x86)\Microsoft Visual Studio\2022\BuildTools\Common7\IDE\CommonExtensions\Microsoft\MDD\Debugger\Microsoft.MIDebugEngine.dll
[18d4:0007][2026-05-10T02:03:56] Completed: Copying file /Contents/Common7/IDE/CommonExtensions/Microsoft/MDD/Debugger/Microsoft.MIDebugEngine.dll to D:\Program Files (x86)\Microsoft Visual Studio\2022\BuildTools\Common7\IDE\CommonExtensions\Microsoft\MDD\Debugger\Microsoft.MIDebugEngine.dll
[18d4:0007][2026-05-10T02:03:56] Timestamp updated for file 'D:\Program Files (x86)\Microsoft Visual Studio\2022\BuildTools\Common7\IDE\CommonExtensions\Microsoft\MDD\Debugger\Microsoft.MIDebugEngine.dll'.
[18d4:0007][2026-05-10T02:03:56] Processing file /Contents/Common7/IDE/CommonExtensions/Microsoft/MDD/Debugger/Microsoft.MIDebugEngine.pkgdef
[18d4:0007][2026-05-10T02:03:56] Started: Copying file /Contents/Common7/IDE/CommonExtensions/Microsoft/MDD/Debugger/Microsoft.MIDebugEngine.pkgdef to D:\Program Files (x86)\Microsoft Visual Studio\2022\BuildTools\Common7\IDE\CommonExtensions\Microsoft\MDD\Debugger\Microsoft.MIDebugEngine.pkgdef
[18d4:0007][2026-05-10T02:03:56] Completed: Copying file /Contents/Common7/IDE/CommonExtensions/Microsoft/MDD/Debugger/Microsoft.MIDebugEngine.pkgdef to D:\Program Files (x86)\Microsoft Visual Studio\2022\BuildTools\Common7\IDE\CommonExtensions\Microsoft\MDD\Debugger\Microsoft.MIDebugEngine.pkgdef
[18d4:0007][2026-05-10T02:03:56] Timestamp updated for file 'D:\Program Files (x86)\Microsoft Visual Studio\2022\BuildTools\Common7\IDE\CommonExtensions\Microsoft\MDD\Debugger\Microsoft.MIDebugEngine.pkgdef'.
[18d4:0007][2026-05-10T02:03:56] Processing file /Contents/Common7/IDE/CommonExtensions/Microsoft/MDD/Debugger/Microsoft.MIDebugPackage.dll
[18d4:0007][2026-05-10T02:03:56] Started: Copying file /Contents/Common7/IDE/CommonExtensions/Microsoft/MDD/Debugger/Microsoft.MIDebugPackage.dll to D:\Program Files (x86)\Microsoft Visual Studio\2022\BuildTools\Common7\IDE\CommonExtensions\Microsoft\MDD\Debugger\Microsoft.MIDebugPackage.dll
[18d4:0007][2026-05-10T02:03:56] Completed: Copying file /Contents/Common7/IDE/CommonExtensions/Microsoft/MDD/Debugger/Microsoft.MIDebugPackage.dll to D:\Program Files (x86)\Microsoft Visual Studio\2022\BuildTools\Common7\IDE\CommonExtensions\Microsoft\MDD\Debugger\Microsoft.MIDebugPackage.dll
[18d4:0007][2026-05-10T02:03:56] Timestamp updated for file 'D:\Program Files (x86)\Microsoft Visual Studio\2022\BuildTools\Common7\IDE\CommonExtensions\Microsoft\MDD\Debugger\Microsoft.MIDebugPackage.dll'.
[18d4:0007][2026-05-10T02:03:56] Processing file /Contents/Common7/IDE/CommonExtensions/Microsoft/MDD/Debugger/Microsoft.MIDebugPackage.pkgdef
[18d4:0007][2026-05-10T02:03:56] Started: Copying file /Contents/Common7/IDE/CommonExtensions/Microsoft/MDD/Debugger/Microsoft.MIDebugPackage.pkgdef to D:\Program Files (x86)\Microsoft Visual Studio\2022\BuildTools\Common7\IDE\CommonExtensions\Microsoft\MDD\Debugger\Microsoft.MIDebugPackage.pkgdef
[18d4:0007][2026-05-10T02:03:56] Completed: Copying file /Contents/Common7/IDE/CommonExtensions/Microsoft/MDD/Debugger/Microsoft.MIDebugPackage.pkgdef to D:\Program Files (x86)\Microsoft Visual Studio\2022\BuildTools\Common7\IDE\CommonExtensions\Microsoft\MDD\Debugger\Microsoft.MIDebugPackage.pkgdef
[18d4:0007][2026-05-10T02:03:56] Timestamp updated for file 'D:\Program Files (x86)\Microsoft Visual Studio\2022\BuildTools\Common7\IDE\CommonExtensions\Microsoft\MDD\Debugger\Microsoft.MIDebugPackage.pkgdef'.
[18d4:0007][2026-05-10T02:03:56] Processing file /Contents/Common7/IDE/CommonExtensions/Microsoft/MDD/Debugger/Microsoft.SSHDebugPS.dll
[18d4:0007][2026-05-10T02:03:56] Started: Copying file /Contents/Common7/IDE/CommonExtensions/Microsoft/MDD/Debugger/Microsoft.SSHDebugPS.dll to D:\Program Files (x86)\Microsoft Visual Studio\2022\BuildTools\Common7\IDE\CommonExtensions\Microsoft\MDD\Debugger\Microsoft.SSHDebugPS.dll
[18d4:0007][2026-05-10T02:03:56] Completed: Copying file /Contents/Common7/IDE/CommonExtensions/Microsoft/MDD/Debugger/Microsoft.SSHDebugPS.dll to D:\Program Files (x86)\Microsoft Visual Studio\2022\BuildTools\Common7\IDE\CommonExtensions\Microsoft\MDD\Debugger\Microsoft.SSHDebugPS.dll
[18d4:0007][2026-05-10T02:03:56] Timestamp updated for file 'D:\Program Files (x86)\Microsoft Visual Studio\2022\BuildTools\Common7\IDE\CommonExtensions\Microsoft\MDD\Debugger\Microsoft.SSHDebugPS.dll'.
[18d4:0007][2026-05-10T02:03:56] Processing file /Contents/Common7/IDE/CommonExtensions/Microsoft/MDD/Debugger/Microsoft.SSHDebugPS.pkgdef
[18d4:0007][2026-05-10T02:03:56] Started: Copying file /Contents/Common7/IDE/CommonExtensions/Microsoft/MDD/Debugger/Microsoft.SSHDebugPS.pkgdef to D:\Program Files (x86)\Microsoft Visual Studio\2022\BuildTools\Common7\IDE\CommonExtensions\Microsoft\MDD\Debugger\Microsoft.SSHDebugPS.pkgdef
[18d4:0007][2026-05-10T02:03:56] Completed: Copying file /Contents/Common7/IDE/CommonExtensions/Microsoft/MDD/Debugger/Microsoft.SSHDebugPS.pkgdef to D:\Program Files (x86)\Microsoft Visual Studio\2022\BuildTools\Common7\IDE\CommonExtensions\Microsoft\MDD\Debugger\Microsoft.SSHDebugPS.pkgdef
[18d4:0007][2026-05-10T02:03:56] Timestamp updated for file 'D:\Program Files (x86)\Microsoft Visual Studio\2022\BuildTools\Common7\IDE\CommonExtensions\Microsoft\MDD\Debugger\Microsoft.SSHDebugPS.pkgdef'.
[18d4:0007][2026-05-10T02:03:56] Processing file /Contents/Common7/IDE/CommonExtensions/Microsoft/MDD/Debugger/OpenFolderSchema.json
[18d4:0007][2026-05-10T02:03:56] Started: Copying file /Contents/Common7/IDE/CommonExtensions/Microsoft/MDD/Debugger/OpenFolderSchema.json to D:\Program Files (x86)\Microsoft Visual Studio\2022\BuildTools\Common7\IDE\CommonExtensions\Microsoft\MDD\Debugger\OpenFolderSchema.json
[18d4:0007][2026-05-10T02:03:56] Completed: Copying file /Contents/Common7/IDE/CommonExtensions/Microsoft/MDD/Debugger/OpenFolderSchema.json to D:\Program Files (x86)\Microsoft Visual Studio\2022\BuildTools\Common7\IDE\CommonExtensions\Microsoft\MDD\Debugger\OpenFolderSchema.json
[18d4:0007][2026-05-10T02:03:56] Timestamp updated for file 'D:\Program Files (x86)\Microsoft Visual Studio\2022\BuildTools\Common7\IDE\CommonExtensions\Microsoft\MDD\Debugger\OpenFolderSchema.json'.
[18d4:0007][2026-05-10T02:03:56] Package executed successfully. Return code: 0
