[18d4:0007][2026-05-10T02:03:48] Opening the package for processing
[18d4:0007][2026-05-10T02:03:48] Using package payload to get the embedded manifest
[18d4:0007][2026-05-10T02:03:48] Getting list of files within the package
[18d4:0007][2026-05-10T02:03:48] Processing file /Contents/Common7/IDE/PrivateAssemblies/Microsoft.VisualStudio.ScriptedHost.dll
[18d4:0007][2026-05-10T02:03:48] Started: Copying file /Contents/Common7/IDE/PrivateAssemblies/Microsoft.VisualStudio.ScriptedHost.dll to D:\Program Files (x86)\Microsoft Visual Studio\2022\BuildTools\Common7\IDE\PrivateAssemblies\Microsoft.VisualStudio.ScriptedHost.dll
[18d4:0007][2026-05-10T02:03:48] Completed: Copying file /Contents/Common7/IDE/PrivateAssemblies/Microsoft.VisualStudio.ScriptedHost.dll to D:\Program Files (x86)\Microsoft Visual Studio\2022\BuildTools\Common7\IDE\PrivateAssemblies\Microsoft.VisualStudio.ScriptedHost.dll
[18d4:0007][2026-05-10T02:03:48] Timestamp updated for file 'D:\Program Files (x86)\Microsoft Visual Studio\2022\BuildTools\Common7\IDE\PrivateAssemblies\Microsoft.VisualStudio.ScriptedHost.dll'.
[18d4:0007][2026-05-10T02:03:48] Queueing D:\Program Files (x86)\Microsoft Visual Studio\2022\BuildTools\Common7\IDE\PrivateAssemblies\Microsoft.VisualStudio.ScriptedHost.dll for X86 ngen
[18d4:0007][2026-05-10T02:03:48] Successfully queued file '/Contents/Common7/IDE/PrivateAssemblies/Microsoft.VisualStudio.ScriptedHost.dll' for ngen
[18d4:0007][2026-05-10T02:03:48] Processing file /Contents/Common7/IDE/PrivateAssemblies/Microsoft.Web.WebView2.Core.dll
[18d4:0007][2026-05-10T02:03:48] Started: Copying file /Contents/Common7/IDE/PrivateAssemblies/Microsoft.Web.WebView2.Core.dll to D:\Program Files (x86)\Microsoft Visual Studio\2022\BuildTools\Common7\IDE\PrivateAssemblies\Microsoft.Web.WebView2.Core.dll
[18d4:0007][2026-05-10T02:03:48] Completed: Copying file /Contents/Common7/IDE/PrivateAssemblies/Microsoft.Web.WebView2.Core.dll to D:\Program Files (x86)\Microsoft Visual Studio\2022\BuildTools\Common7\IDE\PrivateAssemblies\Microsoft.Web.WebView2.Core.dll
[18d4:0007][2026-05-10T02:03:48] Timestamp updated for file 'D:\Program Files (x86)\Microsoft Visual Studio\2022\BuildTools\Common7\IDE\PrivateAssemblies\Microsoft.Web.WebView2.Core.dll'.
[18d4:0007][2026-05-10T02:03:48] Processing file /Contents/Common7/IDE/PrivateAssemblies/Microsoft.Web.WebView2.Wpf.dll
[18d4:0007][2026-05-10T02:03:48] Started: Copying file /Contents/Common7/IDE/PrivateAssemblies/Microsoft.Web.WebView2.Wpf.dll to D:\Program Files (x86)\Microsoft Visual Studio\2022\BuildTools\Common7\IDE\PrivateAssemblies\Microsoft.Web.WebView2.Wpf.dll
[18d4:0007][2026-05-10T02:03:48] Completed: Copying file /Contents/Common7/IDE/PrivateAssemblies/Microsoft.Web.WebView2.Wpf.dll to D:\Program Files (x86)\Microsoft Visual Studio\2022\BuildTools\Common7\IDE\PrivateAssemblies\Microsoft.Web.WebView2.Wpf.dll
[18d4:0007][2026-05-10T02:03:48] Timestamp updated for file 'D:\Program Files (x86)\Microsoft Visual Studio\2022\BuildTools\Common7\IDE\PrivateAssemblies\Microsoft.Web.WebView2.Wpf.dll'.
[18d4:0007][2026-05-10T02:03:48] Processing file /Contents/Common7/IDE/PrivateAssemblies/plugin.vs.v2.js
[18d4:0007][2026-05-10T02:03:48] Started: Copying file /Contents/Common7/IDE/PrivateAssemblies/plugin.vs.v2.js to D:\Program Files (x86)\Microsoft Visual Studio\2022\BuildTools\Common7\IDE\PrivateAssemblies\plugin.vs.v2.js
[18d4:0007][2026-05-10T02:03:48] Completed: Copying file /Contents/Common7/IDE/PrivateAssemblies/plugin.vs.v2.js to D:\Program Files (x86)\Microsoft Visual Studio\2022\BuildTools\Common7\IDE\PrivateAssemblies\plugin.vs.v2.js
[18d4:0007][2026-05-10T02:03:48] Timestamp updated for file 'D:\Program Files (x86)\Microsoft Visual Studio\2022\BuildTools\Common7\IDE\PrivateAssemblies\plugin.vs.v2.js'.
[18d4:0007][2026-05-10T02:03:48] Processing file /Contents/Common7/IDE/PrivateAssemblies/ScriptedHost.Blank.html
[18d4:0007][2026-05-10T02:03:48] Started: Copying file /Contents/Common7/IDE/PrivateAssemblies/ScriptedHost.Blank.html to D:\Program Files (x86)\Microsoft Visual Studio\2022\BuildTools\Common7\IDE\PrivateAssemblies\ScriptedHost.Blank.html
[18d4:0007][2026-05-10T02:03:48] Completed: Copying file /Contents/Common7/IDE/PrivateAssemblies/ScriptedHost.Blank.html to D:\Program Files (x86)\Microsoft Visual Studio\2022\BuildTools\Common7\IDE\PrivateAssemblies\ScriptedHost.Blank.html
[18d4:0007][2026-05-10T02:03:48] Timestamp updated for file 'D:\Program Files (x86)\Microsoft Visual Studio\2022\BuildTools\Common7\IDE\PrivateAssemblies\ScriptedHost.Blank.html'.
[18d4:0007][2026-05-10T02:03:48] Package executed successfully. Return code: 0
