[2e2c:0007][2026-05-10T01:24:02] Opening the package for processing
[2e2c:0007][2026-05-10T01:24:02] Using package payload to get the embedded manifest
[2e2c:0007][2026-05-10T01:24:02] Getting list of files within the package
[2e2c:0007][2026-05-10T01:24:02] Processing file /Contents/Common7/IDE/Automation/dte80.olb
[2e2c:0007][2026-05-10T01:24:02] Started: Copying file /Contents/Common7/IDE/Automation/dte80.olb to D:\Program Files (x86)\Microsoft Visual Studio\2022\BuildTools\Common7\IDE\Automation\dte80.olb
[2e2c:0007][2026-05-10T01:24:02] Completed: Copying file /Contents/Common7/IDE/Automation/dte80.olb to D:\Program Files (x86)\Microsoft Visual Studio\2022\BuildTools\Common7\IDE\Automation\dte80.olb
[2e2c:0007][2026-05-10T01:24:02] Timestamp updated for file 'D:\Program Files (x86)\Microsoft Visual Studio\2022\BuildTools\Common7\IDE\Automation\dte80.olb'.
[2e2c:0007][2026-05-10T01:24:02] Processing file /Contents/Common7/IDE/Automation/dte80a.olb
[2e2c:0007][2026-05-10T01:24:02] Started: Copying file /Contents/Common7/IDE/Automation/dte80a.olb to D:\Program Files (x86)\Microsoft Visual Studio\2022\BuildTools\Common7\IDE\Automation\dte80a.olb
[2e2c:0007][2026-05-10T01:24:02] Completed: Copying file /Contents/Common7/IDE/Automation/dte80a.olb to D:\Program Files (x86)\Microsoft Visual Studio\2022\BuildTools\Common7\IDE\Automation\dte80a.olb
[2e2c:0007][2026-05-10T01:24:02] Timestamp updated for file 'D:\Program Files (x86)\Microsoft Visual Studio\2022\BuildTools\Common7\IDE\Automation\dte80a.olb'.
[2e2c:0007][2026-05-10T01:24:02] Processing file /Contents/Common7/IDE/Automation/VBCodeModelExtensibility.tlb
[2e2c:0007][2026-05-10T01:24:02] Started: Copying file /Contents/Common7/IDE/Automation/VBCodeModelExtensibility.tlb to D:\Program Files (x86)\Microsoft Visual Studio\2022\BuildTools\Common7\IDE\Automation\VBCodeModelExtensibility.tlb
[2e2c:0007][2026-05-10T01:24:02] Completed: Copying file /Contents/Common7/IDE/Automation/VBCodeModelExtensibility.tlb to D:\Program Files (x86)\Microsoft Visual Studio\2022\BuildTools\Common7\IDE\Automation\VBCodeModelExtensibility.tlb
[2e2c:0007][2026-05-10T01:24:02] Timestamp updated for file 'D:\Program Files (x86)\Microsoft Visual Studio\2022\BuildTools\Common7\IDE\Automation\VBCodeModelExtensibility.tlb'.
[2e2c:0007][2026-05-10T01:24:02] Processing file /Contents/Common7/IDE/Automation/VxExtensibilitylib.tlb
[2e2c:0007][2026-05-10T01:24:03] Started: Copying file /Contents/Common7/IDE/Automation/VxExtensibilitylib.tlb to D:\Program Files (x86)\Microsoft Visual Studio\2022\BuildTools\Common7\IDE\Automation\VxExtensibilitylib.tlb
[2e2c:0007][2026-05-10T01:24:03] Completed: Copying file /Contents/Common7/IDE/Automation/VxExtensibilitylib.tlb to D:\Program Files (x86)\Microsoft Visual Studio\2022\BuildTools\Common7\IDE\Automation\VxExtensibilitylib.tlb
[2e2c:0007][2026-05-10T01:24:03] Timestamp updated for file 'D:\Program Files (x86)\Microsoft Visual Studio\2022\BuildTools\Common7\IDE\Automation\VxExtensibilitylib.tlb'.
[2e2c:0007][2026-05-10T01:24:03] Processing file /Contents/Common7/IDE/Automation/VxExtensibilitylib2.tlb
[2e2c:0007][2026-05-10T01:24:03] Started: Copying file /Contents/Common7/IDE/Automation/VxExtensibilitylib2.tlb to D:\Program Files (x86)\Microsoft Visual Studio\2022\BuildTools\Common7\IDE\Automation\VxExtensibilitylib2.tlb
[2e2c:0007][2026-05-10T01:24:03] Completed: Copying file /Contents/Common7/IDE/Automation/VxExtensibilitylib2.tlb to D:\Program Files (x86)\Microsoft Visual Studio\2022\BuildTools\Common7\IDE\Automation\VxExtensibilitylib2.tlb
[2e2c:0007][2026-05-10T01:24:03] Timestamp updated for file 'D:\Program Files (x86)\Microsoft Visual Studio\2022\BuildTools\Common7\IDE\Automation\VxExtensibilitylib2.tlb'.
[2e2c:0007][2026-05-10T01:24:03] Processing file /Contents/Common7/IDE/Automation/VxExtensibilitylib3.tlb
[2e2c:0007][2026-05-10T01:24:03] Started: Copying file /Contents/Common7/IDE/Automation/VxExtensibilitylib3.tlb to D:\Program Files (x86)\Microsoft Visual Studio\2022\BuildTools\Common7\IDE\Automation\VxExtensibilitylib3.tlb
[2e2c:0007][2026-05-10T01:24:03] Completed: Copying file /Contents/Common7/IDE/Automation/VxExtensibilitylib3.tlb to D:\Program Files (x86)\Microsoft Visual Studio\2022\BuildTools\Common7\IDE\Automation\VxExtensibilitylib3.tlb
[2e2c:0007][2026-05-10T01:24:03] Timestamp updated for file 'D:\Program Files (x86)\Microsoft Visual Studio\2022\BuildTools\Common7\IDE\Automation\VxExtensibilitylib3.tlb'.
[2e2c:0007][2026-05-10T01:24:03] Processing file /Contents/Common7/IDE/Automation/VxExtensibilitylib4.tlb
[2e2c:0007][2026-05-10T01:24:03] Started: Copying file /Contents/Common7/IDE/Automation/VxExtensibilitylib4.tlb to D:\Program Files (x86)\Microsoft Visual Studio\2022\BuildTools\Common7\IDE\Automation\VxExtensibilitylib4.tlb
[2e2c:0007][2026-05-10T01:24:03] Completed: Copying file /Contents/Common7/IDE/Automation/VxExtensibilitylib4.tlb to D:\Program Files (x86)\Microsoft Visual Studio\2022\BuildTools\Common7\IDE\Automation\VxExtensibilitylib4.tlb
[2e2c:0007][2026-05-10T01:24:03] Timestamp updated for file 'D:\Program Files (x86)\Microsoft Visual Studio\2022\BuildTools\Common7\IDE\Automation\VxExtensibilitylib4.tlb'.
[2e2c:0007][2026-05-10T01:24:03] Processing file /Contents/Common7/IDE/CommonExtensions/Platform/Microsoft.VisualStudio.MinShell.Interop.pkgdef
[2e2c:0007][2026-05-10T01:24:03] Started: Copying file /Contents/Common7/IDE/CommonExtensions/Platform/Microsoft.VisualStudio.MinShell.Interop.pkgdef to D:\Program Files (x86)\Microsoft Visual Studio\2022\BuildTools\Common7\IDE\CommonExtensions\Platform\Microsoft.VisualStudio.MinShell.Interop.pkgdef
[2e2c:0007][2026-05-10T01:24:03] Completed: Copying file /Contents/Common7/IDE/CommonExtensions/Platform/Microsoft.VisualStudio.MinShell.Interop.pkgdef to D:\Program Files (x86)\Microsoft Visual Studio\2022\BuildTools\Common7\IDE\CommonExtensions\Platform\Microsoft.VisualStudio.MinShell.Interop.pkgdef
[2e2c:0007][2026-05-10T01:24:03] Timestamp updated for file 'D:\Program Files (x86)\Microsoft Visual Studio\2022\BuildTools\Common7\IDE\CommonExtensions\Platform\Microsoft.VisualStudio.MinShell.Interop.pkgdef'.
[2e2c:0007][2026-05-10T01:24:03] Processing file /Contents/Common7/IDE/PrivateAssemblies/Microsoft.Internal.VisualStudio.Interop.dll
[2e2c:0007][2026-05-10T01:24:03] Started: Copying file /Contents/Common7/IDE/PrivateAssemblies/Microsoft.Internal.VisualStudio.Interop.dll to D:\Program Files (x86)\Microsoft Visual Studio\2022\BuildTools\Common7\IDE\PrivateAssemblies\Microsoft.Internal.VisualStudio.Interop.dll
[2e2c:0007][2026-05-10T01:24:03] Completed: Copying file /Contents/Common7/IDE/PrivateAssemblies/Microsoft.Internal.VisualStudio.Interop.dll to D:\Program Files (x86)\Microsoft Visual Studio\2022\BuildTools\Common7\IDE\PrivateAssemblies\Microsoft.Internal.VisualStudio.Interop.dll
[2e2c:0007][2026-05-10T01:24:03] Timestamp updated for file 'D:\Program Files (x86)\Microsoft Visual Studio\2022\BuildTools\Common7\IDE\PrivateAssemblies\Microsoft.Internal.VisualStudio.Interop.dll'.
[2e2c:0007][2026-05-10T01:24:03] Queueing D:\Program Files (x86)\Microsoft Visual Studio\2022\BuildTools\Common7\IDE\PrivateAssemblies\Microsoft.Internal.VisualStudio.Interop.dll for X86 ngen
[2e2c:0007][2026-05-10T01:24:03] Successfully queued file '/Contents/Common7/IDE/PrivateAssemblies/Microsoft.Internal.VisualStudio.Interop.dll' for ngen
[2e2c:0007][2026-05-10T01:24:03] Processing file /Contents/Common7/IDE/PrivateAssemblies/System.Web.DynamicData.VisualStudio.15.0.dll
[2e2c:0007][2026-05-10T01:24:03] Started: Copying file /Contents/Common7/IDE/PrivateAssemblies/System.Web.DynamicData.VisualStudio.15.0.dll to D:\Program Files (x86)\Microsoft Visual Studio\2022\BuildTools\Common7\IDE\PrivateAssemblies\System.Web.DynamicData.VisualStudio.15.0.dll
[2e2c:0007][2026-05-10T01:24:03] Completed: Copying file /Contents/Common7/IDE/PrivateAssemblies/System.Web.DynamicData.VisualStudio.15.0.dll to D:\Program Files (x86)\Microsoft Visual Studio\2022\BuildTools\Common7\IDE\PrivateAssemblies\System.Web.DynamicData.VisualStudio.15.0.dll
[2e2c:0007][2026-05-10T01:24:03] Timestamp updated for file 'D:\Program Files (x86)\Microsoft Visual Studio\2022\BuildTools\Common7\IDE\PrivateAssemblies\System.Web.DynamicData.VisualStudio.15.0.dll'.
[2e2c:0007][2026-05-10T01:24:03] Processing file /Contents/Common7/IDE/PrivateAssemblies/System.Web.Extensions.Design.VisualStudio.15.0.dll
[2e2c:0007][2026-05-10T01:24:03] Started: Copying file /Contents/Common7/IDE/PrivateAssemblies/System.Web.Extensions.Design.VisualStudio.15.0.dll to D:\Program Files (x86)\Microsoft Visual Studio\2022\BuildTools\Common7\IDE\PrivateAssemblies\System.Web.Extensions.Design.VisualStudio.15.0.dll
[2e2c:0007][2026-05-10T01:24:03] Completed: Copying file /Contents/Common7/IDE/PrivateAssemblies/System.Web.Extensions.Design.VisualStudio.15.0.dll to D:\Program Files (x86)\Microsoft Visual Studio\2022\BuildTools\Common7\IDE\PrivateAssemblies\System.Web.Extensions.Design.VisualStudio.15.0.dll
[2e2c:0007][2026-05-10T01:24:03] Timestamp updated for file 'D:\Program Files (x86)\Microsoft Visual Studio\2022\BuildTools\Common7\IDE\PrivateAssemblies\System.Web.Extensions.Design.VisualStudio.15.0.dll'.
[2e2c:0007][2026-05-10T01:24:03] Processing file /Contents/Common7/IDE/PrivateAssemblies/System.Web.Extensions.VisualStudio.15.0.dll
[2e2c:0007][2026-05-10T01:24:03] Started: Copying file /Contents/Common7/IDE/PrivateAssemblies/System.Web.Extensions.VisualStudio.15.0.dll to D:\Program Files (x86)\Microsoft Visual Studio\2022\BuildTools\Common7\IDE\PrivateAssemblies\System.Web.Extensions.VisualStudio.15.0.dll
[2e2c:0007][2026-05-10T01:24:03] Completed: Copying file /Contents/Common7/IDE/PrivateAssemblies/System.Web.Extensions.VisualStudio.15.0.dll to D:\Program Files (x86)\Microsoft Visual Studio\2022\BuildTools\Common7\IDE\PrivateAssemblies\System.Web.Extensions.VisualStudio.15.0.dll
[2e2c:0007][2026-05-10T01:24:03] Timestamp updated for file 'D:\Program Files (x86)\Microsoft Visual Studio\2022\BuildTools\Common7\IDE\PrivateAssemblies\System.Web.Extensions.VisualStudio.15.0.dll'.
[2e2c:0007][2026-05-10T01:24:03] Processing file /Contents/Common7/IDE/PrivateAssemblies/System.Web.VisualStudio.15.0.dll
[2e2c:0007][2026-05-10T01:24:03] Started: Copying file /Contents/Common7/IDE/PrivateAssemblies/System.Web.VisualStudio.15.0.dll to D:\Program Files (x86)\Microsoft Visual Studio\2022\BuildTools\Common7\IDE\PrivateAssemblies\System.Web.VisualStudio.15.0.dll
[2e2c:0007][2026-05-10T01:24:03] Completed: Copying file /Contents/Common7/IDE/PrivateAssemblies/System.Web.VisualStudio.15.0.dll to D:\Program Files (x86)\Microsoft Visual Studio\2022\BuildTools\Common7\IDE\PrivateAssemblies\System.Web.VisualStudio.15.0.dll
[2e2c:0007][2026-05-10T01:24:03] Timestamp updated for file 'D:\Program Files (x86)\Microsoft Visual Studio\2022\BuildTools\Common7\IDE\PrivateAssemblies\System.Web.VisualStudio.15.0.dll'.
[2e2c:0007][2026-05-10T01:24:03] Processing file /Contents/Common7/IDE/PublicAssemblies/envdte.dll
[2e2c:0007][2026-05-10T01:24:03] Started: Copying file /Contents/Common7/IDE/PublicAssemblies/envdte.dll to D:\Program Files (x86)\Microsoft Visual Studio\2022\BuildTools\Common7\IDE\PublicAssemblies\envdte.dll
[2e2c:0007][2026-05-10T01:24:03] Completed: Copying file /Contents/Common7/IDE/PublicAssemblies/envdte.dll to D:\Program Files (x86)\Microsoft Visual Studio\2022\BuildTools\Common7\IDE\PublicAssemblies\envdte.dll
[2e2c:0007][2026-05-10T01:24:03] Timestamp updated for file 'D:\Program Files (x86)\Microsoft Visual Studio\2022\BuildTools\Common7\IDE\PublicAssemblies\envdte.dll'.
[2e2c:0007][2026-05-10T01:24:03] Processing file /Contents/Common7/IDE/PublicAssemblies/envdte100.dll
[2e2c:0007][2026-05-10T01:24:03] Started: Copying file /Contents/Common7/IDE/PublicAssemblies/envdte100.dll to D:\Program Files (x86)\Microsoft Visual Studio\2022\BuildTools\Common7\IDE\PublicAssemblies\envdte100.dll
[2e2c:0007][2026-05-10T01:24:03] Completed: Copying file /Contents/Common7/IDE/PublicAssemblies/envdte100.dll to D:\Program Files (x86)\Microsoft Visual Studio\2022\BuildTools\Common7\IDE\PublicAssemblies\envdte100.dll
[2e2c:0007][2026-05-10T01:24:03] Timestamp updated for file 'D:\Program Files (x86)\Microsoft Visual Studio\2022\BuildTools\Common7\IDE\PublicAssemblies\envdte100.dll'.
[2e2c:0007][2026-05-10T01:24:03] Processing file /Contents/Common7/IDE/PublicAssemblies/envdte80.dll
[2e2c:0007][2026-05-10T01:24:03] Started: Copying file /Contents/Common7/IDE/PublicAssemblies/envdte80.dll to D:\Program Files (x86)\Microsoft Visual Studio\2022\BuildTools\Common7\IDE\PublicAssemblies\envdte80.dll
[2e2c:0007][2026-05-10T01:24:03] Completed: Copying file /Contents/Common7/IDE/PublicAssemblies/envdte80.dll to D:\Program Files (x86)\Microsoft Visual Studio\2022\BuildTools\Common7\IDE\PublicAssemblies\envdte80.dll
[2e2c:0007][2026-05-10T01:24:03] Timestamp updated for file 'D:\Program Files (x86)\Microsoft Visual Studio\2022\BuildTools\Common7\IDE\PublicAssemblies\envdte80.dll'.
[2e2c:0007][2026-05-10T01:24:03] Processing file /Contents/Common7/IDE/PublicAssemblies/envdte90.dll
[2e2c:0007][2026-05-10T01:24:03] Started: Copying file /Contents/Common7/IDE/PublicAssemblies/envdte90.dll to D:\Program Files (x86)\Microsoft Visual Studio\2022\BuildTools\Common7\IDE\PublicAssemblies\envdte90.dll
[2e2c:0007][2026-05-10T01:24:03] Completed: Copying file /Contents/Common7/IDE/PublicAssemblies/envdte90.dll to D:\Program Files (x86)\Microsoft Visual Studio\2022\BuildTools\Common7\IDE\PublicAssemblies\envdte90.dll
[2e2c:0007][2026-05-10T01:24:03] Timestamp updated for file 'D:\Program Files (x86)\Microsoft Visual Studio\2022\BuildTools\Common7\IDE\PublicAssemblies\envdte90.dll'.
[2e2c:0007][2026-05-10T01:24:03] Processing file /Contents/Common7/IDE/PublicAssemblies/envdte90a.dll
[2e2c:0007][2026-05-10T01:24:03] Started: Copying file /Contents/Common7/IDE/PublicAssemblies/envdte90a.dll to D:\Program Files (x86)\Microsoft Visual Studio\2022\BuildTools\Common7\IDE\PublicAssemblies\envdte90a.dll
[2e2c:0007][2026-05-10T01:24:03] Completed: Copying file /Contents/Common7/IDE/PublicAssemblies/envdte90a.dll to D:\Program Files (x86)\Microsoft Visual Studio\2022\BuildTools\Common7\IDE\PublicAssemblies\envdte90a.dll
[2e2c:0007][2026-05-10T01:24:03] Timestamp updated for file 'D:\Program Files (x86)\Microsoft Visual Studio\2022\BuildTools\Common7\IDE\PublicAssemblies\envdte90a.dll'.
[2e2c:0007][2026-05-10T01:24:03] Processing file /Contents/Common7/IDE/PublicAssemblies/Microsoft.MSXML.dll
[2e2c:0007][2026-05-10T01:24:03] Started: Copying file /Contents/Common7/IDE/PublicAssemblies/Microsoft.MSXML.dll to D:\Program Files (x86)\Microsoft Visual Studio\2022\BuildTools\Common7\IDE\PublicAssemblies\Microsoft.MSXML.dll
[2e2c:0007][2026-05-10T01:24:03] Completed: Copying file /Contents/Common7/IDE/PublicAssemblies/Microsoft.MSXML.dll to D:\Program Files (x86)\Microsoft Visual Studio\2022\BuildTools\Common7\IDE\PublicAssemblies\Microsoft.MSXML.dll
[2e2c:0007][2026-05-10T01:24:03] Timestamp updated for file 'D:\Program Files (x86)\Microsoft Visual Studio\2022\BuildTools\Common7\IDE\PublicAssemblies\Microsoft.MSXML.dll'.
[2e2c:0007][2026-05-10T01:24:03] Processing file /Contents/Common7/IDE/PublicAssemblies/Microsoft.VisualStudio.CommandBars.dll
[2e2c:0007][2026-05-10T01:24:03] Started: Copying file /Contents/Common7/IDE/PublicAssemblies/Microsoft.VisualStudio.CommandBars.dll to D:\Program Files (x86)\Microsoft Visual Studio\2022\BuildTools\Common7\IDE\PublicAssemblies\Microsoft.VisualStudio.CommandBars.dll
[2e2c:0007][2026-05-10T01:24:03] Completed: Copying file /Contents/Common7/IDE/PublicAssemblies/Microsoft.VisualStudio.CommandBars.dll to D:\Program Files (x86)\Microsoft Visual Studio\2022\BuildTools\Common7\IDE\PublicAssemblies\Microsoft.VisualStudio.CommandBars.dll
[2e2c:0007][2026-05-10T01:24:03] Timestamp updated for file 'D:\Program Files (x86)\Microsoft Visual Studio\2022\BuildTools\Common7\IDE\PublicAssemblies\Microsoft.VisualStudio.CommandBars.dll'.
[2e2c:0007][2026-05-10T01:24:03] Processing file /Contents/Common7/IDE/PublicAssemblies/Microsoft.VisualStudio.Imaging.Interop.14.0.DesignTime.dll
[2e2c:0007][2026-05-10T01:24:03] Started: Copying file /Contents/Common7/IDE/PublicAssemblies/Microsoft.VisualStudio.Imaging.Interop.14.0.DesignTime.dll to D:\Program Files (x86)\Microsoft Visual Studio\2022\BuildTools\Common7\IDE\PublicAssemblies\Microsoft.VisualStudio.Imaging.Interop.14.0.DesignTime.dll
[2e2c:0007][2026-05-10T01:24:03] Completed: Copying file /Contents/Common7/IDE/PublicAssemblies/Microsoft.VisualStudio.Imaging.Interop.14.0.DesignTime.dll to D:\Program Files (x86)\Microsoft Visual Studio\2022\BuildTools\Common7\IDE\PublicAssemblies\Microsoft.VisualStudio.Imaging.Interop.14.0.DesignTime.dll
[2e2c:0007][2026-05-10T01:24:03] Timestamp updated for file 'D:\Program Files (x86)\Microsoft Visual Studio\2022\BuildTools\Common7\IDE\PublicAssemblies\Microsoft.VisualStudio.Imaging.Interop.14.0.DesignTime.dll'.
[2e2c:0007][2026-05-10T01:24:03] Processing file /Contents/Common7/IDE/PublicAssemblies/Microsoft.VisualStudio.Interop.dll
[2e2c:0007][2026-05-10T01:24:03] Started: Copying file /Contents/Common7/IDE/PublicAssemblies/Microsoft.VisualStudio.Interop.dll to D:\Program Files (x86)\Microsoft Visual Studio\2022\BuildTools\Common7\IDE\PublicAssemblies\Microsoft.VisualStudio.Interop.dll
[2e2c:0007][2026-05-10T01:24:03] Completed: Copying file /Contents/Common7/IDE/PublicAssemblies/Microsoft.VisualStudio.Interop.dll to D:\Program Files (x86)\Microsoft Visual Studio\2022\BuildTools\Common7\IDE\PublicAssemblies\Microsoft.VisualStudio.Interop.dll
[2e2c:0007][2026-05-10T01:24:03] Timestamp updated for file 'D:\Program Files (x86)\Microsoft Visual Studio\2022\BuildTools\Common7\IDE\PublicAssemblies\Microsoft.VisualStudio.Interop.dll'.
[2e2c:0007][2026-05-10T01:24:03] Queueing D:\Program Files (x86)\Microsoft Visual Studio\2022\BuildTools\Common7\IDE\PublicAssemblies\Microsoft.VisualStudio.Interop.dll for X86 ngen
[2e2c:0007][2026-05-10T01:24:03] Successfully queued file '/Contents/Common7/IDE/PublicAssemblies/Microsoft.VisualStudio.Interop.dll' for ngen
[2e2c:0007][2026-05-10T01:24:03] Processing file /Contents/Common7/IDE/PublicAssemblies/Microsoft.VisualStudio.OLE.Interop.dll
[2e2c:0007][2026-05-10T01:24:03] Started: Copying file /Contents/Common7/IDE/PublicAssemblies/Microsoft.VisualStudio.OLE.Interop.dll to D:\Program Files (x86)\Microsoft Visual Studio\2022\BuildTools\Common7\IDE\PublicAssemblies\Microsoft.VisualStudio.OLE.Interop.dll
[2e2c:0007][2026-05-10T01:24:03] Completed: Copying file /Contents/Common7/IDE/PublicAssemblies/Microsoft.VisualStudio.OLE.Interop.dll to D:\Program Files (x86)\Microsoft Visual Studio\2022\BuildTools\Common7\IDE\PublicAssemblies\Microsoft.VisualStudio.OLE.Interop.dll
[2e2c:0007][2026-05-10T01:24:03] Timestamp updated for file 'D:\Program Files (x86)\Microsoft Visual Studio\2022\BuildTools\Common7\IDE\PublicAssemblies\Microsoft.VisualStudio.OLE.Interop.dll'.
[2e2c:0007][2026-05-10T01:24:03] Processing file /Contents/Common7/IDE/PublicAssemblies/Microsoft.VisualStudio.ProjectAggregator.dll
[2e2c:0007][2026-05-10T01:24:03] Started: Copying file /Contents/Common7/IDE/PublicAssemblies/Microsoft.VisualStudio.ProjectAggregator.dll to D:\Program Files (x86)\Microsoft Visual Studio\2022\BuildTools\Common7\IDE\PublicAssemblies\Microsoft.VisualStudio.ProjectAggregator.dll
[2e2c:0007][2026-05-10T01:24:03] Completed: Copying file /Contents/Common7/IDE/PublicAssemblies/Microsoft.VisualStudio.ProjectAggregator.dll to D:\Program Files (x86)\Microsoft Visual Studio\2022\BuildTools\Common7\IDE\PublicAssemblies\Microsoft.VisualStudio.ProjectAggregator.dll
[2e2c:0007][2026-05-10T01:24:03] Timestamp updated for file 'D:\Program Files (x86)\Microsoft Visual Studio\2022\BuildTools\Common7\IDE\PublicAssemblies\Microsoft.VisualStudio.ProjectAggregator.dll'.
[2e2c:0007][2026-05-10T01:24:03] Processing file /Contents/Common7/IDE/PublicAssemblies/Microsoft.VisualStudio.Shell.Interop.10.0.dll
[2e2c:0007][2026-05-10T01:24:03] Started: Copying file /Contents/Common7/IDE/PublicAssemblies/Microsoft.VisualStudio.Shell.Interop.10.0.dll to D:\Program Files (x86)\Microsoft Visual Studio\2022\BuildTools\Common7\IDE\PublicAssemblies\Microsoft.VisualStudio.Shell.Interop.10.0.dll
[2e2c:0007][2026-05-10T01:24:03] Completed: Copying file /Contents/Common7/IDE/PublicAssemblies/Microsoft.VisualStudio.Shell.Interop.10.0.dll to D:\Program Files (x86)\Microsoft Visual Studio\2022\BuildTools\Common7\IDE\PublicAssemblies\Microsoft.VisualStudio.Shell.Interop.10.0.dll
[2e2c:0007][2026-05-10T01:24:03] Timestamp updated for file 'D:\Program Files (x86)\Microsoft Visual Studio\2022\BuildTools\Common7\IDE\PublicAssemblies\Microsoft.VisualStudio.Shell.Interop.10.0.dll'.
[2e2c:0007][2026-05-10T01:24:03] Processing file /Contents/Common7/IDE/PublicAssemblies/Microsoft.VisualStudio.Shell.Interop.11.0.dll
[2e2c:0007][2026-05-10T01:24:03] Started: Copying file /Contents/Common7/IDE/PublicAssemblies/Microsoft.VisualStudio.Shell.Interop.11.0.dll to D:\Program Files (x86)\Microsoft Visual Studio\2022\BuildTools\Common7\IDE\PublicAssemblies\Microsoft.VisualStudio.Shell.Interop.11.0.dll
[2e2c:0007][2026-05-10T01:24:03] Completed: Copying file /Contents/Common7/IDE/PublicAssemblies/Microsoft.VisualStudio.Shell.Interop.11.0.dll to D:\Program Files (x86)\Microsoft Visual Studio\2022\BuildTools\Common7\IDE\PublicAssemblies\Microsoft.VisualStudio.Shell.Interop.11.0.dll
[2e2c:0007][2026-05-10T01:24:03] Timestamp updated for file 'D:\Program Files (x86)\Microsoft Visual Studio\2022\BuildTools\Common7\IDE\PublicAssemblies\Microsoft.VisualStudio.Shell.Interop.11.0.dll'.
[2e2c:0007][2026-05-10T01:24:03] Processing file /Contents/Common7/IDE/PublicAssemblies/Microsoft.VisualStudio.Shell.Interop.12.0.dll
[2e2c:0007][2026-05-10T01:24:03] Started: Copying file /Contents/Common7/IDE/PublicAssemblies/Microsoft.VisualStudio.Shell.Interop.12.0.dll to D:\Program Files (x86)\Microsoft Visual Studio\2022\BuildTools\Common7\IDE\PublicAssemblies\Microsoft.VisualStudio.Shell.Interop.12.0.dll
[2e2c:0007][2026-05-10T01:24:03] Completed: Copying file /Contents/Common7/IDE/PublicAssemblies/Microsoft.VisualStudio.Shell.Interop.12.0.dll to D:\Program Files (x86)\Microsoft Visual Studio\2022\BuildTools\Common7\IDE\PublicAssemblies\Microsoft.VisualStudio.Shell.Interop.12.0.dll
[2e2c:0007][2026-05-10T01:24:03] Timestamp updated for file 'D:\Program Files (x86)\Microsoft Visual Studio\2022\BuildTools\Common7\IDE\PublicAssemblies\Microsoft.VisualStudio.Shell.Interop.12.0.dll'.
[2e2c:0007][2026-05-10T01:24:03] Processing file /Contents/Common7/IDE/PublicAssemblies/Microsoft.VisualStudio.Shell.Interop.8.0.dll
[2e2c:0007][2026-05-10T01:24:03] Started: Copying file /Contents/Common7/IDE/PublicAssemblies/Microsoft.VisualStudio.Shell.Interop.8.0.dll to D:\Program Files (x86)\Microsoft Visual Studio\2022\BuildTools\Common7\IDE\PublicAssemblies\Microsoft.VisualStudio.Shell.Interop.8.0.dll
[2e2c:0007][2026-05-10T01:24:03] Completed: Copying file /Contents/Common7/IDE/PublicAssemblies/Microsoft.VisualStudio.Shell.Interop.8.0.dll to D:\Program Files (x86)\Microsoft Visual Studio\2022\BuildTools\Common7\IDE\PublicAssemblies\Microsoft.VisualStudio.Shell.Interop.8.0.dll
[2e2c:0007][2026-05-10T01:24:03] Timestamp updated for file 'D:\Program Files (x86)\Microsoft Visual Studio\2022\BuildTools\Common7\IDE\PublicAssemblies\Microsoft.VisualStudio.Shell.Interop.8.0.dll'.
[2e2c:0007][2026-05-10T01:24:03] Processing file /Contents/Common7/IDE/PublicAssemblies/Microsoft.VisualStudio.Shell.Interop.9.0.dll
[2e2c:0007][2026-05-10T01:24:03] Started: Copying file /Contents/Common7/IDE/PublicAssemblies/Microsoft.VisualStudio.Shell.Interop.9.0.dll to D:\Program Files (x86)\Microsoft Visual Studio\2022\BuildTools\Common7\IDE\PublicAssemblies\Microsoft.VisualStudio.Shell.Interop.9.0.dll
[2e2c:0007][2026-05-10T01:24:03] Completed: Copying file /Contents/Common7/IDE/PublicAssemblies/Microsoft.VisualStudio.Shell.Interop.9.0.dll to D:\Program Files (x86)\Microsoft Visual Studio\2022\BuildTools\Common7\IDE\PublicAssemblies\Microsoft.VisualStudio.Shell.Interop.9.0.dll
[2e2c:0007][2026-05-10T01:24:03] Timestamp updated for file 'D:\Program Files (x86)\Microsoft Visual Studio\2022\BuildTools\Common7\IDE\PublicAssemblies\Microsoft.VisualStudio.Shell.Interop.9.0.dll'.
[2e2c:0007][2026-05-10T01:24:03] Processing file /Contents/Common7/IDE/PublicAssemblies/Microsoft.VisualStudio.Shell.Interop.dll
[2e2c:0007][2026-05-10T01:24:03] Started: Copying file /Contents/Common7/IDE/PublicAssemblies/Microsoft.VisualStudio.Shell.Interop.dll to D:\Program Files (x86)\Microsoft Visual Studio\2022\BuildTools\Common7\IDE\PublicAssemblies\Microsoft.VisualStudio.Shell.Interop.dll
[2e2c:0007][2026-05-10T01:24:03] Completed: Copying file /Contents/Common7/IDE/PublicAssemblies/Microsoft.VisualStudio.Shell.Interop.dll to D:\Program Files (x86)\Microsoft Visual Studio\2022\BuildTools\Common7\IDE\PublicAssemblies\Microsoft.VisualStudio.Shell.Interop.dll
[2e2c:0007][2026-05-10T01:24:03] Timestamp updated for file 'D:\Program Files (x86)\Microsoft Visual Studio\2022\BuildTools\Common7\IDE\PublicAssemblies\Microsoft.VisualStudio.Shell.Interop.dll'.
[2e2c:0007][2026-05-10T01:24:03] Processing file /Contents/Common7/IDE/PublicAssemblies/Microsoft.VisualStudio.TextManager.Interop.10.0.dll
[2e2c:0007][2026-05-10T01:24:03] Started: Copying file /Contents/Common7/IDE/PublicAssemblies/Microsoft.VisualStudio.TextManager.Interop.10.0.dll to D:\Program Files (x86)\Microsoft Visual Studio\2022\BuildTools\Common7\IDE\PublicAssemblies\Microsoft.VisualStudio.TextManager.Interop.10.0.dll
[2e2c:0007][2026-05-10T01:24:03] Completed: Copying file /Contents/Common7/IDE/PublicAssemblies/Microsoft.VisualStudio.TextManager.Interop.10.0.dll to D:\Program Files (x86)\Microsoft Visual Studio\2022\BuildTools\Common7\IDE\PublicAssemblies\Microsoft.VisualStudio.TextManager.Interop.10.0.dll
[2e2c:0007][2026-05-10T01:24:03] Timestamp updated for file 'D:\Program Files (x86)\Microsoft Visual Studio\2022\BuildTools\Common7\IDE\PublicAssemblies\Microsoft.VisualStudio.TextManager.Interop.10.0.dll'.
[2e2c:0007][2026-05-10T01:24:03] Processing file /Contents/Common7/IDE/PublicAssemblies/Microsoft.VisualStudio.TextManager.Interop.11.0.dll
[2e2c:0007][2026-05-10T01:24:03] Started: Copying file /Contents/Common7/IDE/PublicAssemblies/Microsoft.VisualStudio.TextManager.Interop.11.0.dll to D:\Program Files (x86)\Microsoft Visual Studio\2022\BuildTools\Common7\IDE\PublicAssemblies\Microsoft.VisualStudio.TextManager.Interop.11.0.dll
[2e2c:0007][2026-05-10T01:24:03] Completed: Copying file /Contents/Common7/IDE/PublicAssemblies/Microsoft.VisualStudio.TextManager.Interop.11.0.dll to D:\Program Files (x86)\Microsoft Visual Studio\2022\BuildTools\Common7\IDE\PublicAssemblies\Microsoft.VisualStudio.TextManager.Interop.11.0.dll
[2e2c:0007][2026-05-10T01:24:03] Timestamp updated for file 'D:\Program Files (x86)\Microsoft Visual Studio\2022\BuildTools\Common7\IDE\PublicAssemblies\Microsoft.VisualStudio.TextManager.Interop.11.0.dll'.
[2e2c:0007][2026-05-10T01:24:03] Processing file /Contents/Common7/IDE/PublicAssemblies/Microsoft.VisualStudio.TextManager.Interop.12.0.dll
[2e2c:0007][2026-05-10T01:24:03] Started: Copying file /Contents/Common7/IDE/PublicAssemblies/Microsoft.VisualStudio.TextManager.Interop.12.0.dll to D:\Program Files (x86)\Microsoft Visual Studio\2022\BuildTools\Common7\IDE\PublicAssemblies\Microsoft.VisualStudio.TextManager.Interop.12.0.dll
[2e2c:0007][2026-05-10T01:24:03] Completed: Copying file /Contents/Common7/IDE/PublicAssemblies/Microsoft.VisualStudio.TextManager.Interop.12.0.dll to D:\Program Files (x86)\Microsoft Visual Studio\2022\BuildTools\Common7\IDE\PublicAssemblies\Microsoft.VisualStudio.TextManager.Interop.12.0.dll
[2e2c:0007][2026-05-10T01:24:03] Timestamp updated for file 'D:\Program Files (x86)\Microsoft Visual Studio\2022\BuildTools\Common7\IDE\PublicAssemblies\Microsoft.VisualStudio.TextManager.Interop.12.0.dll'.
[2e2c:0007][2026-05-10T01:24:03] Processing file /Contents/Common7/IDE/PublicAssemblies/Microsoft.VisualStudio.TextManager.Interop.8.0.dll
[2e2c:0007][2026-05-10T01:24:03] Started: Copying file /Contents/Common7/IDE/PublicAssemblies/Microsoft.VisualStudio.TextManager.Interop.8.0.dll to D:\Program Files (x86)\Microsoft Visual Studio\2022\BuildTools\Common7\IDE\PublicAssemblies\Microsoft.VisualStudio.TextManager.Interop.8.0.dll
[2e2c:0007][2026-05-10T01:24:03] Completed: Copying file /Contents/Common7/IDE/PublicAssemblies/Microsoft.VisualStudio.TextManager.Interop.8.0.dll to D:\Program Files (x86)\Microsoft Visual Studio\2022\BuildTools\Common7\IDE\PublicAssemblies\Microsoft.VisualStudio.TextManager.Interop.8.0.dll
[2e2c:0007][2026-05-10T01:24:03] Timestamp updated for file 'D:\Program Files (x86)\Microsoft Visual Studio\2022\BuildTools\Common7\IDE\PublicAssemblies\Microsoft.VisualStudio.TextManager.Interop.8.0.dll'.
[2e2c:0007][2026-05-10T01:24:03] Processing file /Contents/Common7/IDE/PublicAssemblies/Microsoft.VisualStudio.TextManager.Interop.9.0.dll
[2e2c:0007][2026-05-10T01:24:03] Started: Copying file /Contents/Common7/IDE/PublicAssemblies/Microsoft.VisualStudio.TextManager.Interop.9.0.dll to D:\Program Files (x86)\Microsoft Visual Studio\2022\BuildTools\Common7\IDE\PublicAssemblies\Microsoft.VisualStudio.TextManager.Interop.9.0.dll
[2e2c:0007][2026-05-10T01:24:03] Completed: Copying file /Contents/Common7/IDE/PublicAssemblies/Microsoft.VisualStudio.TextManager.Interop.9.0.dll to D:\Program Files (x86)\Microsoft Visual Studio\2022\BuildTools\Common7\IDE\PublicAssemblies\Microsoft.VisualStudio.TextManager.Interop.9.0.dll
[2e2c:0007][2026-05-10T01:24:03] Timestamp updated for file 'D:\Program Files (x86)\Microsoft Visual Studio\2022\BuildTools\Common7\IDE\PublicAssemblies\Microsoft.VisualStudio.TextManager.Interop.9.0.dll'.
[2e2c:0007][2026-05-10T01:24:03] Processing file /Contents/Common7/IDE/PublicAssemblies/Microsoft.VisualStudio.TextManager.Interop.dll
[2e2c:0007][2026-05-10T01:24:03] Started: Copying file /Contents/Common7/IDE/PublicAssemblies/Microsoft.VisualStudio.TextManager.Interop.dll to D:\Program Files (x86)\Microsoft Visual Studio\2022\BuildTools\Common7\IDE\PublicAssemblies\Microsoft.VisualStudio.TextManager.Interop.dll
[2e2c:0007][2026-05-10T01:24:03] Completed: Copying file /Contents/Common7/IDE/PublicAssemblies/Microsoft.VisualStudio.TextManager.Interop.dll to D:\Program Files (x86)\Microsoft Visual Studio\2022\BuildTools\Common7\IDE\PublicAssemblies\Microsoft.VisualStudio.TextManager.Interop.dll
[2e2c:0007][2026-05-10T01:24:03] Timestamp updated for file 'D:\Program Files (x86)\Microsoft Visual Studio\2022\BuildTools\Common7\IDE\PublicAssemblies\Microsoft.VisualStudio.TextManager.Interop.dll'.
[2e2c:0007][2026-05-10T01:24:03] Processing file /Contents/Common7/IDE/PublicAssemblies/Microsoft.VisualStudio.VSHelp.dll
[2e2c:0007][2026-05-10T01:24:03] Started: Copying file /Contents/Common7/IDE/PublicAssemblies/Microsoft.VisualStudio.VSHelp.dll to D:\Program Files (x86)\Microsoft Visual Studio\2022\BuildTools\Common7\IDE\PublicAssemblies\Microsoft.VisualStudio.VSHelp.dll
[2e2c:0007][2026-05-10T01:24:03] Completed: Copying file /Contents/Common7/IDE/PublicAssemblies/Microsoft.VisualStudio.VSHelp.dll to D:\Program Files (x86)\Microsoft Visual Studio\2022\BuildTools\Common7\IDE\PublicAssemblies\Microsoft.VisualStudio.VSHelp.dll
[2e2c:0007][2026-05-10T01:24:03] Timestamp updated for file 'D:\Program Files (x86)\Microsoft Visual Studio\2022\BuildTools\Common7\IDE\PublicAssemblies\Microsoft.VisualStudio.VSHelp.dll'.
[2e2c:0007][2026-05-10T01:24:03] Processing file /Contents/Common7/IDE/PublicAssemblies/Microsoft.VisualStudio.VSHelp80.dll
[2e2c:0007][2026-05-10T01:24:03] Started: Copying file /Contents/Common7/IDE/PublicAssemblies/Microsoft.VisualStudio.VSHelp80.dll to D:\Program Files (x86)\Microsoft Visual Studio\2022\BuildTools\Common7\IDE\PublicAssemblies\Microsoft.VisualStudio.VSHelp80.dll
[2e2c:0007][2026-05-10T01:24:03] Completed: Copying file /Contents/Common7/IDE/PublicAssemblies/Microsoft.VisualStudio.VSHelp80.dll to D:\Program Files (x86)\Microsoft Visual Studio\2022\BuildTools\Common7\IDE\PublicAssemblies\Microsoft.VisualStudio.VSHelp80.dll
[2e2c:0007][2026-05-10T01:24:03] Timestamp updated for file 'D:\Program Files (x86)\Microsoft Visual Studio\2022\BuildTools\Common7\IDE\PublicAssemblies\Microsoft.VisualStudio.VSHelp80.dll'.
[2e2c:0007][2026-05-10T01:24:03] Processing file /Contents/Common7/IDE/PublicAssemblies/stdole.dll
[2e2c:0007][2026-05-10T01:24:03] Started: Copying file /Contents/Common7/IDE/PublicAssemblies/stdole.dll to D:\Program Files (x86)\Microsoft Visual Studio\2022\BuildTools\Common7\IDE\PublicAssemblies\stdole.dll
[2e2c:0007][2026-05-10T01:24:03] Completed: Copying file /Contents/Common7/IDE/PublicAssemblies/stdole.dll to D:\Program Files (x86)\Microsoft Visual Studio\2022\BuildTools\Common7\IDE\PublicAssemblies\stdole.dll
[2e2c:0007][2026-05-10T01:24:03] Timestamp updated for file 'D:\Program Files (x86)\Microsoft Visual Studio\2022\BuildTools\Common7\IDE\PublicAssemblies\stdole.dll'.
[2e2c:0007][2026-05-10T01:24:03] Processing file /Contents/Common7/IDE/PublicAssemblies/VSLangProj.dll
[2e2c:0007][2026-05-10T01:24:03] Started: Copying file /Contents/Common7/IDE/PublicAssemblies/VSLangProj.dll to D:\Program Files (x86)\Microsoft Visual Studio\2022\BuildTools\Common7\IDE\PublicAssemblies\VSLangProj.dll
[2e2c:0007][2026-05-10T01:24:03] Completed: Copying file /Contents/Common7/IDE/PublicAssemblies/VSLangProj.dll to D:\Program Files (x86)\Microsoft Visual Studio\2022\BuildTools\Common7\IDE\PublicAssemblies\VSLangProj.dll
[2e2c:0007][2026-05-10T01:24:03] Timestamp updated for file 'D:\Program Files (x86)\Microsoft Visual Studio\2022\BuildTools\Common7\IDE\PublicAssemblies\VSLangProj.dll'.
[2e2c:0007][2026-05-10T01:24:03] Processing file /Contents/Common7/IDE/PublicAssemblies/VSLangProj100.dll
[2e2c:0007][2026-05-10T01:24:03] Started: Copying file /Contents/Common7/IDE/PublicAssemblies/VSLangProj100.dll to D:\Program Files (x86)\Microsoft Visual Studio\2022\BuildTools\Common7\IDE\PublicAssemblies\VSLangProj100.dll
[2e2c:0007][2026-05-10T01:24:03] Completed: Copying file /Contents/Common7/IDE/PublicAssemblies/VSLangProj100.dll to D:\Program Files (x86)\Microsoft Visual Studio\2022\BuildTools\Common7\IDE\PublicAssemblies\VSLangProj100.dll
[2e2c:0007][2026-05-10T01:24:03] Timestamp updated for file 'D:\Program Files (x86)\Microsoft Visual Studio\2022\BuildTools\Common7\IDE\PublicAssemblies\VSLangProj100.dll'.
[2e2c:0007][2026-05-10T01:24:03] Processing file /Contents/Common7/IDE/PublicAssemblies/VSLangProj110.dll
[2e2c:0007][2026-05-10T01:24:03] Started: Copying file /Contents/Common7/IDE/PublicAssemblies/VSLangProj110.dll to D:\Program Files (x86)\Microsoft Visual Studio\2022\BuildTools\Common7\IDE\PublicAssemblies\VSLangProj110.dll
[2e2c:0007][2026-05-10T01:24:03] Completed: Copying file /Contents/Common7/IDE/PublicAssemblies/VSLangProj110.dll to D:\Program Files (x86)\Microsoft Visual Studio\2022\BuildTools\Common7\IDE\PublicAssemblies\VSLangProj110.dll
[2e2c:0007][2026-05-10T01:24:03] Timestamp updated for file 'D:\Program Files (x86)\Microsoft Visual Studio\2022\BuildTools\Common7\IDE\PublicAssemblies\VSLangProj110.dll'.
[2e2c:0007][2026-05-10T01:24:03] Processing file /Contents/Common7/IDE/PublicAssemblies/VSLangProj140.dll
[2e2c:0007][2026-05-10T01:24:03] Started: Copying file /Contents/Common7/IDE/PublicAssemblies/VSLangProj140.dll to D:\Program Files (x86)\Microsoft Visual Studio\2022\BuildTools\Common7\IDE\PublicAssemblies\VSLangProj140.dll
[2e2c:0007][2026-05-10T01:24:03] Completed: Copying file /Contents/Common7/IDE/PublicAssemblies/VSLangProj140.dll to D:\Program Files (x86)\Microsoft Visual Studio\2022\BuildTools\Common7\IDE\PublicAssemblies\VSLangProj140.dll
[2e2c:0007][2026-05-10T01:24:03] Timestamp updated for file 'D:\Program Files (x86)\Microsoft Visual Studio\2022\BuildTools\Common7\IDE\PublicAssemblies\VSLangProj140.dll'.
[2e2c:0007][2026-05-10T01:24:03] Processing file /Contents/Common7/IDE/PublicAssemblies/VSLangProj150.dll
[2e2c:0007][2026-05-10T01:24:03] Started: Copying file /Contents/Common7/IDE/PublicAssemblies/VSLangProj150.dll to D:\Program Files (x86)\Microsoft Visual Studio\2022\BuildTools\Common7\IDE\PublicAssemblies\VSLangProj150.dll
[2e2c:0007][2026-05-10T01:24:03] Completed: Copying file /Contents/Common7/IDE/PublicAssemblies/VSLangProj150.dll to D:\Program Files (x86)\Microsoft Visual Studio\2022\BuildTools\Common7\IDE\PublicAssemblies\VSLangProj150.dll
[2e2c:0007][2026-05-10T01:24:03] Timestamp updated for file 'D:\Program Files (x86)\Microsoft Visual Studio\2022\BuildTools\Common7\IDE\PublicAssemblies\VSLangProj150.dll'.
[2e2c:0007][2026-05-10T01:24:03] Processing file /Contents/Common7/IDE/PublicAssemblies/VSLangProj157.dll
[2e2c:0007][2026-05-10T01:24:03] Started: Copying file /Contents/Common7/IDE/PublicAssemblies/VSLangProj157.dll to D:\Program Files (x86)\Microsoft Visual Studio\2022\BuildTools\Common7\IDE\PublicAssemblies\VSLangProj157.dll
[2e2c:0007][2026-05-10T01:24:03] Completed: Copying file /Contents/Common7/IDE/PublicAssemblies/VSLangProj157.dll to D:\Program Files (x86)\Microsoft Visual Studio\2022\BuildTools\Common7\IDE\PublicAssemblies\VSLangProj157.dll
[2e2c:0007][2026-05-10T01:24:03] Timestamp updated for file 'D:\Program Files (x86)\Microsoft Visual Studio\2022\BuildTools\Common7\IDE\PublicAssemblies\VSLangProj157.dll'.
[2e2c:0007][2026-05-10T01:24:03] Processing file /Contents/Common7/IDE/PublicAssemblies/VSLangProj158.dll
[2e2c:0007][2026-05-10T01:24:03] Started: Copying file /Contents/Common7/IDE/PublicAssemblies/VSLangProj158.dll to D:\Program Files (x86)\Microsoft Visual Studio\2022\BuildTools\Common7\IDE\PublicAssemblies\VSLangProj158.dll
[2e2c:0007][2026-05-10T01:24:03] Completed: Copying file /Contents/Common7/IDE/PublicAssemblies/VSLangProj158.dll to D:\Program Files (x86)\Microsoft Visual Studio\2022\BuildTools\Common7\IDE\PublicAssemblies\VSLangProj158.dll
[2e2c:0007][2026-05-10T01:24:03] Timestamp updated for file 'D:\Program Files (x86)\Microsoft Visual Studio\2022\BuildTools\Common7\IDE\PublicAssemblies\VSLangProj158.dll'.
[2e2c:0007][2026-05-10T01:24:03] Processing file /Contents/Common7/IDE/PublicAssemblies/VSLangProj165.dll
[2e2c:0007][2026-05-10T01:24:03] Started: Copying file /Contents/Common7/IDE/PublicAssemblies/VSLangProj165.dll to D:\Program Files (x86)\Microsoft Visual Studio\2022\BuildTools\Common7\IDE\PublicAssemblies\VSLangProj165.dll
[2e2c:0007][2026-05-10T01:24:03] Completed: Copying file /Contents/Common7/IDE/PublicAssemblies/VSLangProj165.dll to D:\Program Files (x86)\Microsoft Visual Studio\2022\BuildTools\Common7\IDE\PublicAssemblies\VSLangProj165.dll
[2e2c:0007][2026-05-10T01:24:03] Timestamp updated for file 'D:\Program Files (x86)\Microsoft Visual Studio\2022\BuildTools\Common7\IDE\PublicAssemblies\VSLangProj165.dll'.
[2e2c:0007][2026-05-10T01:24:03] Processing file /Contents/Common7/IDE/PublicAssemblies/VSLangProj2.dll
[2e2c:0007][2026-05-10T01:24:03] Started: Copying file /Contents/Common7/IDE/PublicAssemblies/VSLangProj2.dll to D:\Program Files (x86)\Microsoft Visual Studio\2022\BuildTools\Common7\IDE\PublicAssemblies\VSLangProj2.dll
[2e2c:0007][2026-05-10T01:24:03] Completed: Copying file /Contents/Common7/IDE/PublicAssemblies/VSLangProj2.dll to D:\Program Files (x86)\Microsoft Visual Studio\2022\BuildTools\Common7\IDE\PublicAssemblies\VSLangProj2.dll
[2e2c:0007][2026-05-10T01:24:03] Timestamp updated for file 'D:\Program Files (x86)\Microsoft Visual Studio\2022\BuildTools\Common7\IDE\PublicAssemblies\VSLangProj2.dll'.
[2e2c:0007][2026-05-10T01:24:03] Processing file /Contents/Common7/IDE/PublicAssemblies/VSLangProj80.dll
[2e2c:0007][2026-05-10T01:24:03] Started: Copying file /Contents/Common7/IDE/PublicAssemblies/VSLangProj80.dll to D:\Program Files (x86)\Microsoft Visual Studio\2022\BuildTools\Common7\IDE\PublicAssemblies\VSLangProj80.dll
[2e2c:0007][2026-05-10T01:24:03] Completed: Copying file /Contents/Common7/IDE/PublicAssemblies/VSLangProj80.dll to D:\Program Files (x86)\Microsoft Visual Studio\2022\BuildTools\Common7\IDE\PublicAssemblies\VSLangProj80.dll
[2e2c:0007][2026-05-10T01:24:03] Timestamp updated for file 'D:\Program Files (x86)\Microsoft Visual Studio\2022\BuildTools\Common7\IDE\PublicAssemblies\VSLangProj80.dll'.
[2e2c:0007][2026-05-10T01:24:03] Processing file /Contents/Common7/IDE/PublicAssemblies/VSLangProj90.dll
[2e2c:0007][2026-05-10T01:24:03] Started: Copying file /Contents/Common7/IDE/PublicAssemblies/VSLangProj90.dll to D:\Program Files (x86)\Microsoft Visual Studio\2022\BuildTools\Common7\IDE\PublicAssemblies\VSLangProj90.dll
[2e2c:0007][2026-05-10T01:24:03] Completed: Copying file /Contents/Common7/IDE/PublicAssemblies/VSLangProj90.dll to D:\Program Files (x86)\Microsoft Visual Studio\2022\BuildTools\Common7\IDE\PublicAssemblies\VSLangProj90.dll
[2e2c:0007][2026-05-10T01:24:03] Timestamp updated for file 'D:\Program Files (x86)\Microsoft Visual Studio\2022\BuildTools\Common7\IDE\PublicAssemblies\VSLangProj90.dll'.
[2e2c:0007][2026-05-10T01:24:03] Package executed successfully. Return code: 0
