[0c48:0003][2026-05-10T01:44:46] Using cached package manifest as the embedded manifest
[0c48:0003][2026-05-10T01:44:46] Processing file /Contents/VC/Tools/Llvm/ARM64/bin/clang-format.exe
[0c48:0003][2026-05-10T01:44:46] C:\Program Files (x86)\Microsoft Visual Studio\2022\BuildTools\VC\Tools\Llvm\ARM64\bin\clang-format.exe file deleted.
[0c48:0003][2026-05-10T01:44:46] Processing file /Contents/VC/Tools/Llvm/ARM64/bin/clang-tidy.exe
[0c48:0003][2026-05-10T01:44:46] C:\Program Files (x86)\Microsoft Visual Studio\2022\BuildTools\VC\Tools\Llvm\ARM64\bin\clang-tidy.exe file deleted.
[0c48:0003][2026-05-10T01:44:46] Processing file /Contents/VC/Tools/Llvm/ARM64/bin/concrt140.dll
[0c48:0003][2026-05-10T01:44:46] C:\Program Files (x86)\Microsoft Visual Studio\2022\BuildTools\VC\Tools\Llvm\ARM64\bin\concrt140.dll file deleted.
[0c48:0003][2026-05-10T01:44:46] Processing file /Contents/VC/Tools/Llvm/ARM64/bin/msvcp140.dll
[0c48:0003][2026-05-10T01:44:46] C:\Program Files (x86)\Microsoft Visual Studio\2022\BuildTools\VC\Tools\Llvm\ARM64\bin\msvcp140.dll file deleted.
[0c48:0003][2026-05-10T01:44:46] Processing file /Contents/VC/Tools/Llvm/ARM64/bin/vcruntime140.dll
[0c48:0003][2026-05-10T01:44:46] C:\Program Files (x86)\Microsoft Visual Studio\2022\BuildTools\VC\Tools\Llvm\ARM64\bin\vcruntime140.dll file deleted.
[0c48:0003][2026-05-10T01:44:46] Processing file /Contents/VC/Tools/Llvm/x64/bin/clang-format.exe
[0c48:0003][2026-05-10T01:44:46] C:\Program Files (x86)\Microsoft Visual Studio\2022\BuildTools\VC\Tools\Llvm\x64\bin\clang-format.exe file deleted.
[0c48:0003][2026-05-10T01:44:46] Processing file /Contents/VC/Tools/Llvm/x64/bin/clang-tidy.exe
[0c48:0003][2026-05-10T01:44:46] C:\Program Files (x86)\Microsoft Visual Studio\2022\BuildTools\VC\Tools\Llvm\x64\bin\clang-tidy.exe file deleted.
[0c48:0003][2026-05-10T01:44:46] Processing file /Contents/VC/Tools/Llvm/x64/bin/api-ms-win-core-console-l1-1-0.dll
[0c48:0003][2026-05-10T01:44:46] C:\Program Files (x86)\Microsoft Visual Studio\2022\BuildTools\VC\Tools\Llvm\x64\bin\api-ms-win-core-console-l1-1-0.dll file deleted.
[0c48:0003][2026-05-10T01:44:46] Processing file /Contents/VC/Tools/Llvm/x64/bin/api-ms-win-core-console-l1-2-0.dll
[0c48:0003][2026-05-10T01:44:46] C:\Program Files (x86)\Microsoft Visual Studio\2022\BuildTools\VC\Tools\Llvm\x64\bin\api-ms-win-core-console-l1-2-0.dll file deleted.
[0c48:0003][2026-05-10T01:44:46] Processing file /Contents/VC/Tools/Llvm/x64/bin/api-ms-win-core-datetime-l1-1-0.dll
[0c48:0003][2026-05-10T01:44:46] C:\Program Files (x86)\Microsoft Visual Studio\2022\BuildTools\VC\Tools\Llvm\x64\bin\api-ms-win-core-datetime-l1-1-0.dll file deleted.
[0c48:0003][2026-05-10T01:44:46] Processing file /Contents/VC/Tools/Llvm/x64/bin/api-ms-win-core-debug-l1-1-0.dll
[0c48:0003][2026-05-10T01:44:46] C:\Program Files (x86)\Microsoft Visual Studio\2022\BuildTools\VC\Tools\Llvm\x64\bin\api-ms-win-core-debug-l1-1-0.dll file deleted.
[0c48:0003][2026-05-10T01:44:46] Processing file /Contents/VC/Tools/Llvm/x64/bin/api-ms-win-core-errorhandling-l1-1-0.dll
[0c48:0003][2026-05-10T01:44:46] C:\Program Files (x86)\Microsoft Visual Studio\2022\BuildTools\VC\Tools\Llvm\x64\bin\api-ms-win-core-errorhandling-l1-1-0.dll file deleted.
[0c48:0003][2026-05-10T01:44:46] Processing file /Contents/VC/Tools/Llvm/x64/bin/api-ms-win-core-fibers-l1-1-0.dll
[0c48:0003][2026-05-10T01:44:46] C:\Program Files (x86)\Microsoft Visual Studio\2022\BuildTools\VC\Tools\Llvm\x64\bin\api-ms-win-core-fibers-l1-1-0.dll file deleted.
[0c48:0003][2026-05-10T01:44:46] Processing file /Contents/VC/Tools/Llvm/x64/bin/api-ms-win-core-file-l1-1-0.dll
[0c48:0003][2026-05-10T01:44:46] C:\Program Files (x86)\Microsoft Visual Studio\2022\BuildTools\VC\Tools\Llvm\x64\bin\api-ms-win-core-file-l1-1-0.dll file deleted.
[0c48:0003][2026-05-10T01:44:46] Processing file /Contents/VC/Tools/Llvm/x64/bin/api-ms-win-core-file-l1-2-0.dll
[0c48:0003][2026-05-10T01:44:46] C:\Program Files (x86)\Microsoft Visual Studio\2022\BuildTools\VC\Tools\Llvm\x64\bin\api-ms-win-core-file-l1-2-0.dll file deleted.
[0c48:0003][2026-05-10T01:44:46] Processing file /Contents/VC/Tools/Llvm/x64/bin/api-ms-win-core-file-l2-1-0.dll
[0c48:0003][2026-05-10T01:44:46] C:\Program Files (x86)\Microsoft Visual Studio\2022\BuildTools\VC\Tools\Llvm\x64\bin\api-ms-win-core-file-l2-1-0.dll file deleted.
[0c48:0003][2026-05-10T01:44:46] Processing file /Contents/VC/Tools/Llvm/x64/bin/api-ms-win-core-handle-l1-1-0.dll
[0c48:0003][2026-05-10T01:44:46] C:\Program Files (x86)\Microsoft Visual Studio\2022\BuildTools\VC\Tools\Llvm\x64\bin\api-ms-win-core-handle-l1-1-0.dll file deleted.
[0c48:0003][2026-05-10T01:44:46] Processing file /Contents/VC/Tools/Llvm/x64/bin/api-ms-win-core-heap-l1-1-0.dll
[0c48:0003][2026-05-10T01:44:46] C:\Program Files (x86)\Microsoft Visual Studio\2022\BuildTools\VC\Tools\Llvm\x64\bin\api-ms-win-core-heap-l1-1-0.dll file deleted.
[0c48:0003][2026-05-10T01:44:46] Processing file /Contents/VC/Tools/Llvm/x64/bin/api-ms-win-core-interlocked-l1-1-0.dll
[0c48:0003][2026-05-10T01:44:46] C:\Program Files (x86)\Microsoft Visual Studio\2022\BuildTools\VC\Tools\Llvm\x64\bin\api-ms-win-core-interlocked-l1-1-0.dll file deleted.
[0c48:0003][2026-05-10T01:44:46] Processing file /Contents/VC/Tools/Llvm/x64/bin/api-ms-win-core-libraryloader-l1-1-0.dll
[0c48:0003][2026-05-10T01:44:46] C:\Program Files (x86)\Microsoft Visual Studio\2022\BuildTools\VC\Tools\Llvm\x64\bin\api-ms-win-core-libraryloader-l1-1-0.dll file deleted.
[0c48:0003][2026-05-10T01:44:46] Processing file /Contents/VC/Tools/Llvm/x64/bin/api-ms-win-core-localization-l1-2-0.dll
[0c48:0003][2026-05-10T01:44:46] C:\Program Files (x86)\Microsoft Visual Studio\2022\BuildTools\VC\Tools\Llvm\x64\bin\api-ms-win-core-localization-l1-2-0.dll file deleted.
[0c48:0003][2026-05-10T01:44:46] Processing file /Contents/VC/Tools/Llvm/x64/bin/api-ms-win-core-memory-l1-1-0.dll
[0c48:0003][2026-05-10T01:44:46] C:\Program Files (x86)\Microsoft Visual Studio\2022\BuildTools\VC\Tools\Llvm\x64\bin\api-ms-win-core-memory-l1-1-0.dll file deleted.
[0c48:0003][2026-05-10T01:44:46] Processing file /Contents/VC/Tools/Llvm/x64/bin/api-ms-win-core-namedpipe-l1-1-0.dll
[0c48:0003][2026-05-10T01:44:46] C:\Program Files (x86)\Microsoft Visual Studio\2022\BuildTools\VC\Tools\Llvm\x64\bin\api-ms-win-core-namedpipe-l1-1-0.dll file deleted.
[0c48:0003][2026-05-10T01:44:46] Processing file /Contents/VC/Tools/Llvm/x64/bin/api-ms-win-core-processenvironment-l1-1-0.dll
[0c48:0003][2026-05-10T01:44:46] C:\Program Files (x86)\Microsoft Visual Studio\2022\BuildTools\VC\Tools\Llvm\x64\bin\api-ms-win-core-processenvironment-l1-1-0.dll file deleted.
[0c48:0003][2026-05-10T01:44:46] Processing file /Contents/VC/Tools/Llvm/x64/bin/api-ms-win-core-processthreads-l1-1-0.dll
[0c48:0003][2026-05-10T01:44:46] C:\Program Files (x86)\Microsoft Visual Studio\2022\BuildTools\VC\Tools\Llvm\x64\bin\api-ms-win-core-processthreads-l1-1-0.dll file deleted.
[0c48:0003][2026-05-10T01:44:46] Processing file /Contents/VC/Tools/Llvm/x64/bin/api-ms-win-core-processthreads-l1-1-1.dll
[0c48:0003][2026-05-10T01:44:46] C:\Program Files (x86)\Microsoft Visual Studio\2022\BuildTools\VC\Tools\Llvm\x64\bin\api-ms-win-core-processthreads-l1-1-1.dll file deleted.
[0c48:0003][2026-05-10T01:44:46] Processing file /Contents/VC/Tools/Llvm/x64/bin/api-ms-win-core-profile-l1-1-0.dll
[0c48:0003][2026-05-10T01:44:46] C:\Program Files (x86)\Microsoft Visual Studio\2022\BuildTools\VC\Tools\Llvm\x64\bin\api-ms-win-core-profile-l1-1-0.dll file deleted.
[0c48:0003][2026-05-10T01:44:46] Processing file /Contents/VC/Tools/Llvm/x64/bin/api-ms-win-core-rtlsupport-l1-1-0.dll
[0c48:0003][2026-05-10T01:44:46] C:\Program Files (x86)\Microsoft Visual Studio\2022\BuildTools\VC\Tools\Llvm\x64\bin\api-ms-win-core-rtlsupport-l1-1-0.dll file deleted.
[0c48:0003][2026-05-10T01:44:46] Processing file /Contents/VC/Tools/Llvm/x64/bin/api-ms-win-core-string-l1-1-0.dll
[0c48:0003][2026-05-10T01:44:46] C:\Program Files (x86)\Microsoft Visual Studio\2022\BuildTools\VC\Tools\Llvm\x64\bin\api-ms-win-core-string-l1-1-0.dll file deleted.
[0c48:0003][2026-05-10T01:44:46] Processing file /Contents/VC/Tools/Llvm/x64/bin/api-ms-win-core-synch-l1-1-0.dll
[0c48:0003][2026-05-10T01:44:46] C:\Program Files (x86)\Microsoft Visual Studio\2022\BuildTools\VC\Tools\Llvm\x64\bin\api-ms-win-core-synch-l1-1-0.dll file deleted.
[0c48:0003][2026-05-10T01:44:46] Processing file /Contents/VC/Tools/Llvm/x64/bin/api-ms-win-core-synch-l1-2-0.dll
[0c48:0003][2026-05-10T01:44:46] C:\Program Files (x86)\Microsoft Visual Studio\2022\BuildTools\VC\Tools\Llvm\x64\bin\api-ms-win-core-synch-l1-2-0.dll file deleted.
[0c48:0003][2026-05-10T01:44:46] Processing file /Contents/VC/Tools/Llvm/x64/bin/api-ms-win-core-sysinfo-l1-1-0.dll
[0c48:0003][2026-05-10T01:44:46] C:\Program Files (x86)\Microsoft Visual Studio\2022\BuildTools\VC\Tools\Llvm\x64\bin\api-ms-win-core-sysinfo-l1-1-0.dll file deleted.
[0c48:0003][2026-05-10T01:44:46] Processing file /Contents/VC/Tools/Llvm/x64/bin/api-ms-win-core-timezone-l1-1-0.dll
[0c48:0003][2026-05-10T01:44:46] C:\Program Files (x86)\Microsoft Visual Studio\2022\BuildTools\VC\Tools\Llvm\x64\bin\api-ms-win-core-timezone-l1-1-0.dll file deleted.
[0c48:0003][2026-05-10T01:44:46] Processing file /Contents/VC/Tools/Llvm/x64/bin/api-ms-win-core-util-l1-1-0.dll
[0c48:0003][2026-05-10T01:44:46] C:\Program Files (x86)\Microsoft Visual Studio\2022\BuildTools\VC\Tools\Llvm\x64\bin\api-ms-win-core-util-l1-1-0.dll file deleted.
[0c48:0003][2026-05-10T01:44:46] Processing file /Contents/VC/Tools/Llvm/x64/bin/api-ms-win-crt-conio-l1-1-0.dll
[0c48:0003][2026-05-10T01:44:46] C:\Program Files (x86)\Microsoft Visual Studio\2022\BuildTools\VC\Tools\Llvm\x64\bin\api-ms-win-crt-conio-l1-1-0.dll file deleted.
[0c48:0003][2026-05-10T01:44:46] Processing file /Contents/VC/Tools/Llvm/x64/bin/api-ms-win-crt-convert-l1-1-0.dll
[0c48:0003][2026-05-10T01:44:46] C:\Program Files (x86)\Microsoft Visual Studio\2022\BuildTools\VC\Tools\Llvm\x64\bin\api-ms-win-crt-convert-l1-1-0.dll file deleted.
[0c48:0003][2026-05-10T01:44:46] Processing file /Contents/VC/Tools/Llvm/x64/bin/api-ms-win-crt-environment-l1-1-0.dll
[0c48:0003][2026-05-10T01:44:46] C:\Program Files (x86)\Microsoft Visual Studio\2022\BuildTools\VC\Tools\Llvm\x64\bin\api-ms-win-crt-environment-l1-1-0.dll file deleted.
[0c48:0003][2026-05-10T01:44:46] Processing file /Contents/VC/Tools/Llvm/x64/bin/api-ms-win-crt-filesystem-l1-1-0.dll
[0c48:0003][2026-05-10T01:44:46] C:\Program Files (x86)\Microsoft Visual Studio\2022\BuildTools\VC\Tools\Llvm\x64\bin\api-ms-win-crt-filesystem-l1-1-0.dll file deleted.
[0c48:0003][2026-05-10T01:44:46] Processing file /Contents/VC/Tools/Llvm/x64/bin/api-ms-win-crt-heap-l1-1-0.dll
[0c48:0003][2026-05-10T01:44:46] C:\Program Files (x86)\Microsoft Visual Studio\2022\BuildTools\VC\Tools\Llvm\x64\bin\api-ms-win-crt-heap-l1-1-0.dll file deleted.
[0c48:0003][2026-05-10T01:44:46] Processing file /Contents/VC/Tools/Llvm/x64/bin/api-ms-win-crt-locale-l1-1-0.dll
[0c48:0003][2026-05-10T01:44:46] C:\Program Files (x86)\Microsoft Visual Studio\2022\BuildTools\VC\Tools\Llvm\x64\bin\api-ms-win-crt-locale-l1-1-0.dll file deleted.
[0c48:0003][2026-05-10T01:44:46] Processing file /Contents/VC/Tools/Llvm/x64/bin/api-ms-win-crt-math-l1-1-0.dll
[0c48:0003][2026-05-10T01:44:46] C:\Program Files (x86)\Microsoft Visual Studio\2022\BuildTools\VC\Tools\Llvm\x64\bin\api-ms-win-crt-math-l1-1-0.dll file deleted.
[0c48:0003][2026-05-10T01:44:46] Processing file /Contents/VC/Tools/Llvm/x64/bin/api-ms-win-crt-multibyte-l1-1-0.dll
[0c48:0003][2026-05-10T01:44:46] C:\Program Files (x86)\Microsoft Visual Studio\2022\BuildTools\VC\Tools\Llvm\x64\bin\api-ms-win-crt-multibyte-l1-1-0.dll file deleted.
[0c48:0003][2026-05-10T01:44:46] Processing file /Contents/VC/Tools/Llvm/x64/bin/api-ms-win-crt-private-l1-1-0.dll
[0c48:0003][2026-05-10T01:44:46] C:\Program Files (x86)\Microsoft Visual Studio\2022\BuildTools\VC\Tools\Llvm\x64\bin\api-ms-win-crt-private-l1-1-0.dll file deleted.
[0c48:0003][2026-05-10T01:44:46] Processing file /Contents/VC/Tools/Llvm/x64/bin/api-ms-win-crt-process-l1-1-0.dll
[0c48:0003][2026-05-10T01:44:46] C:\Program Files (x86)\Microsoft Visual Studio\2022\BuildTools\VC\Tools\Llvm\x64\bin\api-ms-win-crt-process-l1-1-0.dll file deleted.
[0c48:0003][2026-05-10T01:44:46] Processing file /Contents/VC/Tools/Llvm/x64/bin/api-ms-win-crt-runtime-l1-1-0.dll
[0c48:0003][2026-05-10T01:44:46] C:\Program Files (x86)\Microsoft Visual Studio\2022\BuildTools\VC\Tools\Llvm\x64\bin\api-ms-win-crt-runtime-l1-1-0.dll file deleted.
[0c48:0003][2026-05-10T01:44:46] Processing file /Contents/VC/Tools/Llvm/x64/bin/api-ms-win-crt-stdio-l1-1-0.dll
[0c48:0003][2026-05-10T01:44:46] C:\Program Files (x86)\Microsoft Visual Studio\2022\BuildTools\VC\Tools\Llvm\x64\bin\api-ms-win-crt-stdio-l1-1-0.dll file deleted.
[0c48:0003][2026-05-10T01:44:46] Processing file /Contents/VC/Tools/Llvm/x64/bin/api-ms-win-crt-string-l1-1-0.dll
[0c48:0003][2026-05-10T01:44:46] C:\Program Files (x86)\Microsoft Visual Studio\2022\BuildTools\VC\Tools\Llvm\x64\bin\api-ms-win-crt-string-l1-1-0.dll file deleted.
[0c48:0003][2026-05-10T01:44:46] Processing file /Contents/VC/Tools/Llvm/x64/bin/api-ms-win-crt-time-l1-1-0.dll
[0c48:0003][2026-05-10T01:44:46] C:\Program Files (x86)\Microsoft Visual Studio\2022\BuildTools\VC\Tools\Llvm\x64\bin\api-ms-win-crt-time-l1-1-0.dll file deleted.
[0c48:0003][2026-05-10T01:44:46] Processing file /Contents/VC/Tools/Llvm/x64/bin/api-ms-win-crt-utility-l1-1-0.dll
[0c48:0003][2026-05-10T01:44:46] C:\Program Files (x86)\Microsoft Visual Studio\2022\BuildTools\VC\Tools\Llvm\x64\bin\api-ms-win-crt-utility-l1-1-0.dll file deleted.
[0c48:0003][2026-05-10T01:44:46] Processing file /Contents/VC/Tools/Llvm/x64/bin/concrt140.dll
[0c48:0003][2026-05-10T01:44:46] C:\Program Files (x86)\Microsoft Visual Studio\2022\BuildTools\VC\Tools\Llvm\x64\bin\concrt140.dll file deleted.
[0c48:0003][2026-05-10T01:44:46] Processing file /Contents/VC/Tools/Llvm/x64/bin/msvcp140.dll
[0c48:0003][2026-05-10T01:44:46] C:\Program Files (x86)\Microsoft Visual Studio\2022\BuildTools\VC\Tools\Llvm\x64\bin\msvcp140.dll file deleted.
[0c48:0003][2026-05-10T01:44:46] Processing file /Contents/VC/Tools/Llvm/x64/bin/ucrtbase.dll
[0c48:0003][2026-05-10T01:44:46] C:\Program Files (x86)\Microsoft Visual Studio\2022\BuildTools\VC\Tools\Llvm\x64\bin\ucrtbase.dll file deleted.
[0c48:0003][2026-05-10T01:44:46] Processing file /Contents/VC/Tools/Llvm/x64/bin/vcruntime140.dll
[0c48:0003][2026-05-10T01:44:46] C:\Program Files (x86)\Microsoft Visual Studio\2022\BuildTools\VC\Tools\Llvm\x64\bin\vcruntime140.dll file deleted.
[0c48:0003][2026-05-10T01:44:46] Processing file /Contents/VC/Tools/Llvm/bin/api-ms-win-core-console-l1-1-0.dll
[0c48:0003][2026-05-10T01:44:46] C:\Program Files (x86)\Microsoft Visual Studio\2022\BuildTools\VC\Tools\Llvm\bin\api-ms-win-core-console-l1-1-0.dll file deleted.
[0c48:0003][2026-05-10T01:44:46] Processing file /Contents/VC/Tools/Llvm/bin/api-ms-win-core-console-l1-2-0.dll
[0c48:0003][2026-05-10T01:44:46] C:\Program Files (x86)\Microsoft Visual Studio\2022\BuildTools\VC\Tools\Llvm\bin\api-ms-win-core-console-l1-2-0.dll file deleted.
[0c48:0003][2026-05-10T01:44:46] Processing file /Contents/VC/Tools/Llvm/bin/api-ms-win-core-datetime-l1-1-0.dll
[0c48:0003][2026-05-10T01:44:46] C:\Program Files (x86)\Microsoft Visual Studio\2022\BuildTools\VC\Tools\Llvm\bin\api-ms-win-core-datetime-l1-1-0.dll file deleted.
[0c48:0003][2026-05-10T01:44:46] Processing file /Contents/VC/Tools/Llvm/bin/api-ms-win-core-debug-l1-1-0.dll
[0c48:0003][2026-05-10T01:44:46] C:\Program Files (x86)\Microsoft Visual Studio\2022\BuildTools\VC\Tools\Llvm\bin\api-ms-win-core-debug-l1-1-0.dll file deleted.
[0c48:0003][2026-05-10T01:44:46] Processing file /Contents/VC/Tools/Llvm/bin/api-ms-win-core-errorhandling-l1-1-0.dll
[0c48:0003][2026-05-10T01:44:46] C:\Program Files (x86)\Microsoft Visual Studio\2022\BuildTools\VC\Tools\Llvm\bin\api-ms-win-core-errorhandling-l1-1-0.dll file deleted.
[0c48:0003][2026-05-10T01:44:46] Processing file /Contents/VC/Tools/Llvm/bin/api-ms-win-core-fibers-l1-1-0.dll
[0c48:0003][2026-05-10T01:44:46] C:\Program Files (x86)\Microsoft Visual Studio\2022\BuildTools\VC\Tools\Llvm\bin\api-ms-win-core-fibers-l1-1-0.dll file deleted.
[0c48:0003][2026-05-10T01:44:46] Processing file /Contents/VC/Tools/Llvm/bin/api-ms-win-core-file-l1-1-0.dll
[0c48:0003][2026-05-10T01:44:46] C:\Program Files (x86)\Microsoft Visual Studio\2022\BuildTools\VC\Tools\Llvm\bin\api-ms-win-core-file-l1-1-0.dll file deleted.
[0c48:0003][2026-05-10T01:44:46] Processing file /Contents/VC/Tools/Llvm/bin/api-ms-win-core-file-l1-2-0.dll
[0c48:0003][2026-05-10T01:44:46] C:\Program Files (x86)\Microsoft Visual Studio\2022\BuildTools\VC\Tools\Llvm\bin\api-ms-win-core-file-l1-2-0.dll file deleted.
[0c48:0003][2026-05-10T01:44:46] Processing file /Contents/VC/Tools/Llvm/bin/api-ms-win-core-file-l2-1-0.dll
[0c48:0003][2026-05-10T01:44:46] C:\Program Files (x86)\Microsoft Visual Studio\2022\BuildTools\VC\Tools\Llvm\bin\api-ms-win-core-file-l2-1-0.dll file deleted.
[0c48:0003][2026-05-10T01:44:46] Processing file /Contents/VC/Tools/Llvm/bin/api-ms-win-core-handle-l1-1-0.dll
[0c48:0003][2026-05-10T01:44:46] C:\Program Files (x86)\Microsoft Visual Studio\2022\BuildTools\VC\Tools\Llvm\bin\api-ms-win-core-handle-l1-1-0.dll file deleted.
[0c48:0003][2026-05-10T01:44:46] Processing file /Contents/VC/Tools/Llvm/bin/api-ms-win-core-heap-l1-1-0.dll
[0c48:0003][2026-05-10T01:44:46] C:\Program Files (x86)\Microsoft Visual Studio\2022\BuildTools\VC\Tools\Llvm\bin\api-ms-win-core-heap-l1-1-0.dll file deleted.
[0c48:0003][2026-05-10T01:44:46] Processing file /Contents/VC/Tools/Llvm/bin/api-ms-win-core-interlocked-l1-1-0.dll
[0c48:0003][2026-05-10T01:44:46] C:\Program Files (x86)\Microsoft Visual Studio\2022\BuildTools\VC\Tools\Llvm\bin\api-ms-win-core-interlocked-l1-1-0.dll file deleted.
[0c48:0003][2026-05-10T01:44:46] Processing file /Contents/VC/Tools/Llvm/bin/api-ms-win-core-libraryloader-l1-1-0.dll
[0c48:0003][2026-05-10T01:44:46] C:\Program Files (x86)\Microsoft Visual Studio\2022\BuildTools\VC\Tools\Llvm\bin\api-ms-win-core-libraryloader-l1-1-0.dll file deleted.
[0c48:0003][2026-05-10T01:44:46] Processing file /Contents/VC/Tools/Llvm/bin/api-ms-win-core-localization-l1-2-0.dll
[0c48:0003][2026-05-10T01:44:46] C:\Program Files (x86)\Microsoft Visual Studio\2022\BuildTools\VC\Tools\Llvm\bin\api-ms-win-core-localization-l1-2-0.dll file deleted.
[0c48:0003][2026-05-10T01:44:46] Processing file /Contents/VC/Tools/Llvm/bin/api-ms-win-core-memory-l1-1-0.dll
[0c48:0003][2026-05-10T01:44:46] C:\Program Files (x86)\Microsoft Visual Studio\2022\BuildTools\VC\Tools\Llvm\bin\api-ms-win-core-memory-l1-1-0.dll file deleted.
[0c48:0003][2026-05-10T01:44:46] Processing file /Contents/VC/Tools/Llvm/bin/api-ms-win-core-namedpipe-l1-1-0.dll
[0c48:0003][2026-05-10T01:44:46] C:\Program Files (x86)\Microsoft Visual Studio\2022\BuildTools\VC\Tools\Llvm\bin\api-ms-win-core-namedpipe-l1-1-0.dll file deleted.
[0c48:0003][2026-05-10T01:44:46] Processing file /Contents/VC/Tools/Llvm/bin/api-ms-win-core-processenvironment-l1-1-0.dll
[0c48:0003][2026-05-10T01:44:46] C:\Program Files (x86)\Microsoft Visual Studio\2022\BuildTools\VC\Tools\Llvm\bin\api-ms-win-core-processenvironment-l1-1-0.dll file deleted.
[0c48:0003][2026-05-10T01:44:46] Processing file /Contents/VC/Tools/Llvm/bin/api-ms-win-core-processthreads-l1-1-0.dll
[0c48:0003][2026-05-10T01:44:46] C:\Program Files (x86)\Microsoft Visual Studio\2022\BuildTools\VC\Tools\Llvm\bin\api-ms-win-core-processthreads-l1-1-0.dll file deleted.
[0c48:0003][2026-05-10T01:44:46] Processing file /Contents/VC/Tools/Llvm/bin/api-ms-win-core-processthreads-l1-1-1.dll
[0c48:0003][2026-05-10T01:44:46] C:\Program Files (x86)\Microsoft Visual Studio\2022\BuildTools\VC\Tools\Llvm\bin\api-ms-win-core-processthreads-l1-1-1.dll file deleted.
[0c48:0003][2026-05-10T01:44:46] Processing file /Contents/VC/Tools/Llvm/bin/api-ms-win-core-profile-l1-1-0.dll
[0c48:0003][2026-05-10T01:44:46] C:\Program Files (x86)\Microsoft Visual Studio\2022\BuildTools\VC\Tools\Llvm\bin\api-ms-win-core-profile-l1-1-0.dll file deleted.
[0c48:0003][2026-05-10T01:44:46] Processing file /Contents/VC/Tools/Llvm/bin/api-ms-win-core-rtlsupport-l1-1-0.dll
[0c48:0003][2026-05-10T01:44:46] C:\Program Files (x86)\Microsoft Visual Studio\2022\BuildTools\VC\Tools\Llvm\bin\api-ms-win-core-rtlsupport-l1-1-0.dll file deleted.
[0c48:0003][2026-05-10T01:44:46] Processing file /Contents/VC/Tools/Llvm/bin/api-ms-win-core-string-l1-1-0.dll
[0c48:0003][2026-05-10T01:44:46] C:\Program Files (x86)\Microsoft Visual Studio\2022\BuildTools\VC\Tools\Llvm\bin\api-ms-win-core-string-l1-1-0.dll file deleted.
[0c48:0003][2026-05-10T01:44:46] Processing file /Contents/VC/Tools/Llvm/bin/api-ms-win-core-synch-l1-1-0.dll
[0c48:0003][2026-05-10T01:44:46] C:\Program Files (x86)\Microsoft Visual Studio\2022\BuildTools\VC\Tools\Llvm\bin\api-ms-win-core-synch-l1-1-0.dll file deleted.
[0c48:0003][2026-05-10T01:44:46] Processing file /Contents/VC/Tools/Llvm/bin/api-ms-win-core-synch-l1-2-0.dll
[0c48:0003][2026-05-10T01:44:46] C:\Program Files (x86)\Microsoft Visual Studio\2022\BuildTools\VC\Tools\Llvm\bin\api-ms-win-core-synch-l1-2-0.dll file deleted.
[0c48:0003][2026-05-10T01:44:46] Processing file /Contents/VC/Tools/Llvm/bin/api-ms-win-core-sysinfo-l1-1-0.dll
[0c48:0003][2026-05-10T01:44:46] C:\Program Files (x86)\Microsoft Visual Studio\2022\BuildTools\VC\Tools\Llvm\bin\api-ms-win-core-sysinfo-l1-1-0.dll file deleted.
[0c48:0003][2026-05-10T01:44:46] Processing file /Contents/VC/Tools/Llvm/bin/api-ms-win-core-timezone-l1-1-0.dll
[0c48:0003][2026-05-10T01:44:46] C:\Program Files (x86)\Microsoft Visual Studio\2022\BuildTools\VC\Tools\Llvm\bin\api-ms-win-core-timezone-l1-1-0.dll file deleted.
[0c48:0003][2026-05-10T01:44:46] Processing file /Contents/VC/Tools/Llvm/bin/api-ms-win-core-util-l1-1-0.dll
[0c48:0003][2026-05-10T01:44:46] C:\Program Files (x86)\Microsoft Visual Studio\2022\BuildTools\VC\Tools\Llvm\bin\api-ms-win-core-util-l1-1-0.dll file deleted.
[0c48:0003][2026-05-10T01:44:46] Processing file /Contents/VC/Tools/Llvm/bin/API-MS-Win-core-xstate-l2-1-0.dll
[0c48:0003][2026-05-10T01:44:46] C:\Program Files (x86)\Microsoft Visual Studio\2022\BuildTools\VC\Tools\Llvm\bin\API-MS-Win-core-xstate-l2-1-0.dll file deleted.
[0c48:0003][2026-05-10T01:44:46] Processing file /Contents/VC/Tools/Llvm/bin/api-ms-win-crt-conio-l1-1-0.dll
[0c48:0003][2026-05-10T01:44:46] C:\Program Files (x86)\Microsoft Visual Studio\2022\BuildTools\VC\Tools\Llvm\bin\api-ms-win-crt-conio-l1-1-0.dll file deleted.
[0c48:0003][2026-05-10T01:44:46] Processing file /Contents/VC/Tools/Llvm/bin/api-ms-win-crt-convert-l1-1-0.dll
[0c48:0003][2026-05-10T01:44:46] C:\Program Files (x86)\Microsoft Visual Studio\2022\BuildTools\VC\Tools\Llvm\bin\api-ms-win-crt-convert-l1-1-0.dll file deleted.
[0c48:0003][2026-05-10T01:44:46] Processing file /Contents/VC/Tools/Llvm/bin/api-ms-win-crt-environment-l1-1-0.dll
[0c48:0003][2026-05-10T01:44:46] C:\Program Files (x86)\Microsoft Visual Studio\2022\BuildTools\VC\Tools\Llvm\bin\api-ms-win-crt-environment-l1-1-0.dll file deleted.
[0c48:0003][2026-05-10T01:44:46] Processing file /Contents/VC/Tools/Llvm/bin/api-ms-win-crt-filesystem-l1-1-0.dll
[0c48:0003][2026-05-10T01:44:46] C:\Program Files (x86)\Microsoft Visual Studio\2022\BuildTools\VC\Tools\Llvm\bin\api-ms-win-crt-filesystem-l1-1-0.dll file deleted.
[0c48:0003][2026-05-10T01:44:46] Processing file /Contents/VC/Tools/Llvm/bin/api-ms-win-crt-heap-l1-1-0.dll
[0c48:0003][2026-05-10T01:44:46] C:\Program Files (x86)\Microsoft Visual Studio\2022\BuildTools\VC\Tools\Llvm\bin\api-ms-win-crt-heap-l1-1-0.dll file deleted.
[0c48:0003][2026-05-10T01:44:46] Processing file /Contents/VC/Tools/Llvm/bin/api-ms-win-crt-locale-l1-1-0.dll
[0c48:0003][2026-05-10T01:44:46] C:\Program Files (x86)\Microsoft Visual Studio\2022\BuildTools\VC\Tools\Llvm\bin\api-ms-win-crt-locale-l1-1-0.dll file deleted.
[0c48:0003][2026-05-10T01:44:46] Processing file /Contents/VC/Tools/Llvm/bin/api-ms-win-crt-math-l1-1-0.dll
[0c48:0003][2026-05-10T01:44:46] C:\Program Files (x86)\Microsoft Visual Studio\2022\BuildTools\VC\Tools\Llvm\bin\api-ms-win-crt-math-l1-1-0.dll file deleted.
[0c48:0003][2026-05-10T01:44:46] Processing file /Contents/VC/Tools/Llvm/bin/api-ms-win-crt-multibyte-l1-1-0.dll
[0c48:0003][2026-05-10T01:44:46] C:\Program Files (x86)\Microsoft Visual Studio\2022\BuildTools\VC\Tools\Llvm\bin\api-ms-win-crt-multibyte-l1-1-0.dll file deleted.
[0c48:0003][2026-05-10T01:44:46] Processing file /Contents/VC/Tools/Llvm/bin/api-ms-win-crt-private-l1-1-0.dll
[0c48:0003][2026-05-10T01:44:46] C:\Program Files (x86)\Microsoft Visual Studio\2022\BuildTools\VC\Tools\Llvm\bin\api-ms-win-crt-private-l1-1-0.dll file deleted.
[0c48:0003][2026-05-10T01:44:46] Processing file /Contents/VC/Tools/Llvm/bin/api-ms-win-crt-process-l1-1-0.dll
[0c48:0003][2026-05-10T01:44:46] C:\Program Files (x86)\Microsoft Visual Studio\2022\BuildTools\VC\Tools\Llvm\bin\api-ms-win-crt-process-l1-1-0.dll file deleted.
[0c48:0003][2026-05-10T01:44:46] Processing file /Contents/VC/Tools/Llvm/bin/api-ms-win-crt-runtime-l1-1-0.dll
[0c48:0003][2026-05-10T01:44:46] C:\Program Files (x86)\Microsoft Visual Studio\2022\BuildTools\VC\Tools\Llvm\bin\api-ms-win-crt-runtime-l1-1-0.dll file deleted.
[0c48:0003][2026-05-10T01:44:46] Processing file /Contents/VC/Tools/Llvm/bin/api-ms-win-crt-stdio-l1-1-0.dll
[0c48:0003][2026-05-10T01:44:46] C:\Program Files (x86)\Microsoft Visual Studio\2022\BuildTools\VC\Tools\Llvm\bin\api-ms-win-crt-stdio-l1-1-0.dll file deleted.
[0c48:0003][2026-05-10T01:44:46] Processing file /Contents/VC/Tools/Llvm/bin/api-ms-win-crt-string-l1-1-0.dll
[0c48:0003][2026-05-10T01:44:46] C:\Program Files (x86)\Microsoft Visual Studio\2022\BuildTools\VC\Tools\Llvm\bin\api-ms-win-crt-string-l1-1-0.dll file deleted.
[0c48:0003][2026-05-10T01:44:46] Processing file /Contents/VC/Tools/Llvm/bin/api-ms-win-crt-time-l1-1-0.dll
[0c48:0003][2026-05-10T01:44:46] C:\Program Files (x86)\Microsoft Visual Studio\2022\BuildTools\VC\Tools\Llvm\bin\api-ms-win-crt-time-l1-1-0.dll file deleted.
[0c48:0003][2026-05-10T01:44:46] Processing file /Contents/VC/Tools/Llvm/bin/api-ms-win-crt-utility-l1-1-0.dll
[0c48:0003][2026-05-10T01:44:46] C:\Program Files (x86)\Microsoft Visual Studio\2022\BuildTools\VC\Tools\Llvm\bin\api-ms-win-crt-utility-l1-1-0.dll file deleted.
[0c48:0003][2026-05-10T01:44:46] Processing file /Contents/VC/Tools/Llvm/bin/clang-format.exe
[0c48:0003][2026-05-10T01:44:46] C:\Program Files (x86)\Microsoft Visual Studio\2022\BuildTools\VC\Tools\Llvm\bin\clang-format.exe file deleted.
[0c48:0003][2026-05-10T01:44:46] Processing file /Contents/VC/Tools/Llvm/bin/clang-tidy.exe
[0c48:0003][2026-05-10T01:44:46] C:\Program Files (x86)\Microsoft Visual Studio\2022\BuildTools\VC\Tools\Llvm\bin\clang-tidy.exe file deleted.
[0c48:0003][2026-05-10T01:44:46] Processing file /Contents/VC/Tools/Llvm/bin/concrt140.dll
[0c48:0003][2026-05-10T01:44:46] C:\Program Files (x86)\Microsoft Visual Studio\2022\BuildTools\VC\Tools\Llvm\bin\concrt140.dll file deleted.
[0c48:0003][2026-05-10T01:44:46] Processing file /Contents/VC/Tools/Llvm/bin/msvcp140.dll
[0c48:0003][2026-05-10T01:44:46] C:\Program Files (x86)\Microsoft Visual Studio\2022\BuildTools\VC\Tools\Llvm\bin\msvcp140.dll file deleted.
[0c48:0003][2026-05-10T01:44:46] Processing file /Contents/VC/Tools/Llvm/bin/ucrtbase.dll
[0c48:0003][2026-05-10T01:44:46] C:\Program Files (x86)\Microsoft Visual Studio\2022\BuildTools\VC\Tools\Llvm\bin\ucrtbase.dll file deleted.
[0c48:0003][2026-05-10T01:44:46] Processing file /Contents/VC/Tools/Llvm/bin/vcruntime140.dll
[0c48:0003][2026-05-10T01:44:46] C:\Program Files (x86)\Microsoft Visual Studio\2022\BuildTools\VC\Tools\Llvm\bin\vcruntime140.dll file deleted.
[0c48:0003][2026-05-10T01:44:46] Started: Deleting empty directories
[0c48:0003][2026-05-10T01:44:46] Completed: Deleting empty directories
[0c48:0003][2026-05-10T01:44:46] Package executed successfully. Return code: 0
