[2e2c:0007][2026-05-10T01:24:01] Opening the package for processing
[2e2c:0007][2026-05-10T01:24:01] Using package payload to get the embedded manifest
[2e2c:0007][2026-05-10T01:24:01] Getting list of files within the package
[2e2c:0007][2026-05-10T01:24:01] Processing file /catalog.json
[2e2c:0007][2026-05-10T01:24:01] Started: Copying file /catalog.json to D:\Program Files (x86)\Microsoft Visual Studio\2022\BuildTools\Common7\IDE\CommonExtensions\Microsoft\ErrorList\catalog.json
[2e2c:0007][2026-05-10T01:24:01] Completed: Copying file /catalog.json to D:\Program Files (x86)\Microsoft Visual Studio\2022\BuildTools\Common7\IDE\CommonExtensions\Microsoft\ErrorList\catalog.json
[2e2c:0007][2026-05-10T01:24:01] Timestamp updated for file 'D:\Program Files (x86)\Microsoft Visual Studio\2022\BuildTools\Common7\IDE\CommonExtensions\Microsoft\ErrorList\catalog.json'.
[2e2c:0007][2026-05-10T01:24:01] Processing file /cs/Microsoft.VisualStudio.ErrorListPkg.resources.dll
[2e2c:0007][2026-05-10T01:24:01] Started: Copying file /cs/Microsoft.VisualStudio.ErrorListPkg.resources.dll to D:\Program Files (x86)\Microsoft Visual Studio\2022\BuildTools\Common7\IDE\CommonExtensions\Microsoft\ErrorList\cs\Microsoft.VisualStudio.ErrorListPkg.resources.dll
[2e2c:0007][2026-05-10T01:24:01] Completed: Copying file /cs/Microsoft.VisualStudio.ErrorListPkg.resources.dll to D:\Program Files (x86)\Microsoft Visual Studio\2022\BuildTools\Common7\IDE\CommonExtensions\Microsoft\ErrorList\cs\Microsoft.VisualStudio.ErrorListPkg.resources.dll
[2e2c:0007][2026-05-10T01:24:01] Timestamp updated for file 'D:\Program Files (x86)\Microsoft Visual Studio\2022\BuildTools\Common7\IDE\CommonExtensions\Microsoft\ErrorList\cs\Microsoft.VisualStudio.ErrorListPkg.resources.dll'.
[2e2c:0007][2026-05-10T01:24:01] Processing file /de/Microsoft.VisualStudio.ErrorListPkg.resources.dll
[2e2c:0007][2026-05-10T01:24:01] Started: Copying file /de/Microsoft.VisualStudio.ErrorListPkg.resources.dll to D:\Program Files (x86)\Microsoft Visual Studio\2022\BuildTools\Common7\IDE\CommonExtensions\Microsoft\ErrorList\de\Microsoft.VisualStudio.ErrorListPkg.resources.dll
[2e2c:0007][2026-05-10T01:24:01] Completed: Copying file /de/Microsoft.VisualStudio.ErrorListPkg.resources.dll to D:\Program Files (x86)\Microsoft Visual Studio\2022\BuildTools\Common7\IDE\CommonExtensions\Microsoft\ErrorList\de\Microsoft.VisualStudio.ErrorListPkg.resources.dll
[2e2c:0007][2026-05-10T01:24:01] Timestamp updated for file 'D:\Program Files (x86)\Microsoft Visual Studio\2022\BuildTools\Common7\IDE\CommonExtensions\Microsoft\ErrorList\de\Microsoft.VisualStudio.ErrorListPkg.resources.dll'.
[2e2c:0007][2026-05-10T01:24:01] Processing file /es/Microsoft.VisualStudio.ErrorListPkg.resources.dll
[2e2c:0007][2026-05-10T01:24:01] Started: Copying file /es/Microsoft.VisualStudio.ErrorListPkg.resources.dll to D:\Program Files (x86)\Microsoft Visual Studio\2022\BuildTools\Common7\IDE\CommonExtensions\Microsoft\ErrorList\es\Microsoft.VisualStudio.ErrorListPkg.resources.dll
[2e2c:0007][2026-05-10T01:24:01] Completed: Copying file /es/Microsoft.VisualStudio.ErrorListPkg.resources.dll to D:\Program Files (x86)\Microsoft Visual Studio\2022\BuildTools\Common7\IDE\CommonExtensions\Microsoft\ErrorList\es\Microsoft.VisualStudio.ErrorListPkg.resources.dll
[2e2c:0007][2026-05-10T01:24:01] Timestamp updated for file 'D:\Program Files (x86)\Microsoft Visual Studio\2022\BuildTools\Common7\IDE\CommonExtensions\Microsoft\ErrorList\es\Microsoft.VisualStudio.ErrorListPkg.resources.dll'.
[2e2c:0007][2026-05-10T01:24:01] Processing file /fr/Microsoft.VisualStudio.ErrorListPkg.resources.dll
[2e2c:0007][2026-05-10T01:24:01] Started: Copying file /fr/Microsoft.VisualStudio.ErrorListPkg.resources.dll to D:\Program Files (x86)\Microsoft Visual Studio\2022\BuildTools\Common7\IDE\CommonExtensions\Microsoft\ErrorList\fr\Microsoft.VisualStudio.ErrorListPkg.resources.dll
[2e2c:0007][2026-05-10T01:24:01] Completed: Copying file /fr/Microsoft.VisualStudio.ErrorListPkg.resources.dll to D:\Program Files (x86)\Microsoft Visual Studio\2022\BuildTools\Common7\IDE\CommonExtensions\Microsoft\ErrorList\fr\Microsoft.VisualStudio.ErrorListPkg.resources.dll
[2e2c:0007][2026-05-10T01:24:01] Timestamp updated for file 'D:\Program Files (x86)\Microsoft Visual Studio\2022\BuildTools\Common7\IDE\CommonExtensions\Microsoft\ErrorList\fr\Microsoft.VisualStudio.ErrorListPkg.resources.dll'.
[2e2c:0007][2026-05-10T01:24:01] Processing file /it/Microsoft.VisualStudio.ErrorListPkg.resources.dll
[2e2c:0007][2026-05-10T01:24:01] Started: Copying file /it/Microsoft.VisualStudio.ErrorListPkg.resources.dll to D:\Program Files (x86)\Microsoft Visual Studio\2022\BuildTools\Common7\IDE\CommonExtensions\Microsoft\ErrorList\it\Microsoft.VisualStudio.ErrorListPkg.resources.dll
[2e2c:0007][2026-05-10T01:24:01] Completed: Copying file /it/Microsoft.VisualStudio.ErrorListPkg.resources.dll to D:\Program Files (x86)\Microsoft Visual Studio\2022\BuildTools\Common7\IDE\CommonExtensions\Microsoft\ErrorList\it\Microsoft.VisualStudio.ErrorListPkg.resources.dll
[2e2c:0007][2026-05-10T01:24:01] Timestamp updated for file 'D:\Program Files (x86)\Microsoft Visual Studio\2022\BuildTools\Common7\IDE\CommonExtensions\Microsoft\ErrorList\it\Microsoft.VisualStudio.ErrorListPkg.resources.dll'.
[2e2c:0007][2026-05-10T01:24:01] Processing file /ja/Microsoft.VisualStudio.ErrorListPkg.resources.dll
[2e2c:0007][2026-05-10T01:24:01] Started: Copying file /ja/Microsoft.VisualStudio.ErrorListPkg.resources.dll to D:\Program Files (x86)\Microsoft Visual Studio\2022\BuildTools\Common7\IDE\CommonExtensions\Microsoft\ErrorList\ja\Microsoft.VisualStudio.ErrorListPkg.resources.dll
[2e2c:0007][2026-05-10T01:24:01] Completed: Copying file /ja/Microsoft.VisualStudio.ErrorListPkg.resources.dll to D:\Program Files (x86)\Microsoft Visual Studio\2022\BuildTools\Common7\IDE\CommonExtensions\Microsoft\ErrorList\ja\Microsoft.VisualStudio.ErrorListPkg.resources.dll
[2e2c:0007][2026-05-10T01:24:01] Timestamp updated for file 'D:\Program Files (x86)\Microsoft Visual Studio\2022\BuildTools\Common7\IDE\CommonExtensions\Microsoft\ErrorList\ja\Microsoft.VisualStudio.ErrorListPkg.resources.dll'.
[2e2c:0007][2026-05-10T01:24:01] Processing file /ko/Microsoft.VisualStudio.ErrorListPkg.resources.dll
[2e2c:0007][2026-05-10T01:24:01] Started: Copying file /ko/Microsoft.VisualStudio.ErrorListPkg.resources.dll to D:\Program Files (x86)\Microsoft Visual Studio\2022\BuildTools\Common7\IDE\CommonExtensions\Microsoft\ErrorList\ko\Microsoft.VisualStudio.ErrorListPkg.resources.dll
[2e2c:0007][2026-05-10T01:24:01] Completed: Copying file /ko/Microsoft.VisualStudio.ErrorListPkg.resources.dll to D:\Program Files (x86)\Microsoft Visual Studio\2022\BuildTools\Common7\IDE\CommonExtensions\Microsoft\ErrorList\ko\Microsoft.VisualStudio.ErrorListPkg.resources.dll
[2e2c:0007][2026-05-10T01:24:01] Timestamp updated for file 'D:\Program Files (x86)\Microsoft Visual Studio\2022\BuildTools\Common7\IDE\CommonExtensions\Microsoft\ErrorList\ko\Microsoft.VisualStudio.ErrorListPkg.resources.dll'.
[2e2c:0007][2026-05-10T01:24:01] Processing file /License.rtf
[2e2c:0007][2026-05-10T01:24:01] Started: Copying file /License.rtf to D:\Program Files (x86)\Microsoft Visual Studio\2022\BuildTools\Common7\IDE\CommonExtensions\Microsoft\ErrorList\License.rtf
[2e2c:0007][2026-05-10T01:24:01] Completed: Copying file /License.rtf to D:\Program Files (x86)\Microsoft Visual Studio\2022\BuildTools\Common7\IDE\CommonExtensions\Microsoft\ErrorList\License.rtf
[2e2c:0007][2026-05-10T01:24:01] Timestamp updated for file 'D:\Program Files (x86)\Microsoft Visual Studio\2022\BuildTools\Common7\IDE\CommonExtensions\Microsoft\ErrorList\License.rtf'.
[2e2c:0007][2026-05-10T01:24:01] Processing file /manifest.json
[2e2c:0007][2026-05-10T01:24:01] Started: Copying file /manifest.json to D:\Program Files (x86)\Microsoft Visual Studio\2022\BuildTools\Common7\IDE\CommonExtensions\Microsoft\ErrorList\manifest.json
[2e2c:0007][2026-05-10T01:24:01] Completed: Copying file /manifest.json to D:\Program Files (x86)\Microsoft Visual Studio\2022\BuildTools\Common7\IDE\CommonExtensions\Microsoft\ErrorList\manifest.json
[2e2c:0007][2026-05-10T01:24:01] Timestamp updated for file 'D:\Program Files (x86)\Microsoft Visual Studio\2022\BuildTools\Common7\IDE\CommonExtensions\Microsoft\ErrorList\manifest.json'.
[2e2c:0007][2026-05-10T01:24:01] Processing file /Microsoft.VisualStudio.ErrorListPkg.dll
[2e2c:0007][2026-05-10T01:24:01] Started: Copying file /Microsoft.VisualStudio.ErrorListPkg.dll to D:\Program Files (x86)\Microsoft Visual Studio\2022\BuildTools\Common7\IDE\CommonExtensions\Microsoft\ErrorList\Microsoft.VisualStudio.ErrorListPkg.dll
[2e2c:0007][2026-05-10T01:24:01] Completed: Copying file /Microsoft.VisualStudio.ErrorListPkg.dll to D:\Program Files (x86)\Microsoft Visual Studio\2022\BuildTools\Common7\IDE\CommonExtensions\Microsoft\ErrorList\Microsoft.VisualStudio.ErrorListPkg.dll
[2e2c:0007][2026-05-10T01:24:01] Timestamp updated for file 'D:\Program Files (x86)\Microsoft Visual Studio\2022\BuildTools\Common7\IDE\CommonExtensions\Microsoft\ErrorList\Microsoft.VisualStudio.ErrorListPkg.dll'.
[2e2c:0007][2026-05-10T01:24:01] Queueing D:\Program Files (x86)\Microsoft Visual Studio\2022\BuildTools\Common7\IDE\CommonExtensions\Microsoft\ErrorList\Microsoft.VisualStudio.ErrorListPkg.dll for X86 ngen
[2e2c:0007][2026-05-10T01:24:01] Successfully queued file '/Microsoft.VisualStudio.ErrorListPkg.dll' for ngen
[2e2c:0007][2026-05-10T01:24:01] Processing file /Microsoft.VisualStudio.ErrorListPkg.pkgdef
[2e2c:0007][2026-05-10T01:24:01] Started: Copying file /Microsoft.VisualStudio.ErrorListPkg.pkgdef to D:\Program Files (x86)\Microsoft Visual Studio\2022\BuildTools\Common7\IDE\CommonExtensions\Microsoft\ErrorList\Microsoft.VisualStudio.ErrorListPkg.pkgdef
[2e2c:0007][2026-05-10T01:24:01] Completed: Copying file /Microsoft.VisualStudio.ErrorListPkg.pkgdef to D:\Program Files (x86)\Microsoft Visual Studio\2022\BuildTools\Common7\IDE\CommonExtensions\Microsoft\ErrorList\Microsoft.VisualStudio.ErrorListPkg.pkgdef
[2e2c:0007][2026-05-10T01:24:01] Timestamp updated for file 'D:\Program Files (x86)\Microsoft Visual Studio\2022\BuildTools\Common7\IDE\CommonExtensions\Microsoft\ErrorList\Microsoft.VisualStudio.ErrorListPkg.pkgdef'.
[2e2c:0007][2026-05-10T01:24:01] Processing file /pl/Microsoft.VisualStudio.ErrorListPkg.resources.dll
[2e2c:0007][2026-05-10T01:24:01] Started: Copying file /pl/Microsoft.VisualStudio.ErrorListPkg.resources.dll to D:\Program Files (x86)\Microsoft Visual Studio\2022\BuildTools\Common7\IDE\CommonExtensions\Microsoft\ErrorList\pl\Microsoft.VisualStudio.ErrorListPkg.resources.dll
[2e2c:0007][2026-05-10T01:24:01] Completed: Copying file /pl/Microsoft.VisualStudio.ErrorListPkg.resources.dll to D:\Program Files (x86)\Microsoft Visual Studio\2022\BuildTools\Common7\IDE\CommonExtensions\Microsoft\ErrorList\pl\Microsoft.VisualStudio.ErrorListPkg.resources.dll
[2e2c:0007][2026-05-10T01:24:01] Timestamp updated for file 'D:\Program Files (x86)\Microsoft Visual Studio\2022\BuildTools\Common7\IDE\CommonExtensions\Microsoft\ErrorList\pl\Microsoft.VisualStudio.ErrorListPkg.resources.dll'.
[2e2c:0007][2026-05-10T01:24:01] Processing file /pt-BR/Microsoft.VisualStudio.ErrorListPkg.resources.dll
[2e2c:0007][2026-05-10T01:24:01] Started: Copying file /pt-BR/Microsoft.VisualStudio.ErrorListPkg.resources.dll to D:\Program Files (x86)\Microsoft Visual Studio\2022\BuildTools\Common7\IDE\CommonExtensions\Microsoft\ErrorList\pt-BR\Microsoft.VisualStudio.ErrorListPkg.resources.dll
[2e2c:0007][2026-05-10T01:24:01] Completed: Copying file /pt-BR/Microsoft.VisualStudio.ErrorListPkg.resources.dll to D:\Program Files (x86)\Microsoft Visual Studio\2022\BuildTools\Common7\IDE\CommonExtensions\Microsoft\ErrorList\pt-BR\Microsoft.VisualStudio.ErrorListPkg.resources.dll
[2e2c:0007][2026-05-10T01:24:01] Timestamp updated for file 'D:\Program Files (x86)\Microsoft Visual Studio\2022\BuildTools\Common7\IDE\CommonExtensions\Microsoft\ErrorList\pt-BR\Microsoft.VisualStudio.ErrorListPkg.resources.dll'.
[2e2c:0007][2026-05-10T01:24:01] Processing file /ru/Microsoft.VisualStudio.ErrorListPkg.resources.dll
[2e2c:0007][2026-05-10T01:24:01] Started: Copying file /ru/Microsoft.VisualStudio.ErrorListPkg.resources.dll to D:\Program Files (x86)\Microsoft Visual Studio\2022\BuildTools\Common7\IDE\CommonExtensions\Microsoft\ErrorList\ru\Microsoft.VisualStudio.ErrorListPkg.resources.dll
[2e2c:0007][2026-05-10T01:24:01] Completed: Copying file /ru/Microsoft.VisualStudio.ErrorListPkg.resources.dll to D:\Program Files (x86)\Microsoft Visual Studio\2022\BuildTools\Common7\IDE\CommonExtensions\Microsoft\ErrorList\ru\Microsoft.VisualStudio.ErrorListPkg.resources.dll
[2e2c:0007][2026-05-10T01:24:01] Timestamp updated for file 'D:\Program Files (x86)\Microsoft Visual Studio\2022\BuildTools\Common7\IDE\CommonExtensions\Microsoft\ErrorList\ru\Microsoft.VisualStudio.ErrorListPkg.resources.dll'.
[2e2c:0007][2026-05-10T01:24:01] Processing file /tr/Microsoft.VisualStudio.ErrorListPkg.resources.dll
[2e2c:0007][2026-05-10T01:24:01] Started: Copying file /tr/Microsoft.VisualStudio.ErrorListPkg.resources.dll to D:\Program Files (x86)\Microsoft Visual Studio\2022\BuildTools\Common7\IDE\CommonExtensions\Microsoft\ErrorList\tr\Microsoft.VisualStudio.ErrorListPkg.resources.dll
[2e2c:0007][2026-05-10T01:24:01] Completed: Copying file /tr/Microsoft.VisualStudio.ErrorListPkg.resources.dll to D:\Program Files (x86)\Microsoft Visual Studio\2022\BuildTools\Common7\IDE\CommonExtensions\Microsoft\ErrorList\tr\Microsoft.VisualStudio.ErrorListPkg.resources.dll
[2e2c:0007][2026-05-10T01:24:01] Timestamp updated for file 'D:\Program Files (x86)\Microsoft Visual Studio\2022\BuildTools\Common7\IDE\CommonExtensions\Microsoft\ErrorList\tr\Microsoft.VisualStudio.ErrorListPkg.resources.dll'.
[2e2c:0007][2026-05-10T01:24:01] Processing file /zh-Hans/Microsoft.VisualStudio.ErrorListPkg.resources.dll
[2e2c:0007][2026-05-10T01:24:01] Started: Copying file /zh-Hans/Microsoft.VisualStudio.ErrorListPkg.resources.dll to D:\Program Files (x86)\Microsoft Visual Studio\2022\BuildTools\Common7\IDE\CommonExtensions\Microsoft\ErrorList\zh-Hans\Microsoft.VisualStudio.ErrorListPkg.resources.dll
[2e2c:0007][2026-05-10T01:24:01] Completed: Copying file /zh-Hans/Microsoft.VisualStudio.ErrorListPkg.resources.dll to D:\Program Files (x86)\Microsoft Visual Studio\2022\BuildTools\Common7\IDE\CommonExtensions\Microsoft\ErrorList\zh-Hans\Microsoft.VisualStudio.ErrorListPkg.resources.dll
[2e2c:0007][2026-05-10T01:24:01] Timestamp updated for file 'D:\Program Files (x86)\Microsoft Visual Studio\2022\BuildTools\Common7\IDE\CommonExtensions\Microsoft\ErrorList\zh-Hans\Microsoft.VisualStudio.ErrorListPkg.resources.dll'.
[2e2c:0007][2026-05-10T01:24:01] Processing file /zh-Hant/Microsoft.VisualStudio.ErrorListPkg.resources.dll
[2e2c:0007][2026-05-10T01:24:01] Started: Copying file /zh-Hant/Microsoft.VisualStudio.ErrorListPkg.resources.dll to D:\Program Files (x86)\Microsoft Visual Studio\2022\BuildTools\Common7\IDE\CommonExtensions\Microsoft\ErrorList\zh-Hant\Microsoft.VisualStudio.ErrorListPkg.resources.dll
[2e2c:0007][2026-05-10T01:24:01] Completed: Copying file /zh-Hant/Microsoft.VisualStudio.ErrorListPkg.resources.dll to D:\Program Files (x86)\Microsoft Visual Studio\2022\BuildTools\Common7\IDE\CommonExtensions\Microsoft\ErrorList\zh-Hant\Microsoft.VisualStudio.ErrorListPkg.resources.dll
[2e2c:0007][2026-05-10T01:24:01] Timestamp updated for file 'D:\Program Files (x86)\Microsoft Visual Studio\2022\BuildTools\Common7\IDE\CommonExtensions\Microsoft\ErrorList\zh-Hant\Microsoft.VisualStudio.ErrorListPkg.resources.dll'.
[2e2c:0007][2026-05-10T01:24:01] Processing file /extension.vsixmanifest
[2e2c:0007][2026-05-10T01:24:01] Started: Copying file /extension.vsixmanifest to D:\Program Files (x86)\Microsoft Visual Studio\2022\BuildTools\Common7\IDE\CommonExtensions\Microsoft\ErrorList\extension.vsixmanifest
[2e2c:0007][2026-05-10T01:24:01] Completed: Copying file /extension.vsixmanifest to D:\Program Files (x86)\Microsoft Visual Studio\2022\BuildTools\Common7\IDE\CommonExtensions\Microsoft\ErrorList\extension.vsixmanifest
[2e2c:0007][2026-05-10T01:24:01] Timestamp updated for file 'D:\Program Files (x86)\Microsoft Visual Studio\2022\BuildTools\Common7\IDE\CommonExtensions\Microsoft\ErrorList\extension.vsixmanifest'.
[2e2c:0007][2026-05-10T01:24:01] Package executed successfully. Return code: 0
