[18d4:0007][2026-05-10T02:03:22] Opening the package for processing
[18d4:0007][2026-05-10T02:03:22] Using package payload to get the embedded manifest
[18d4:0007][2026-05-10T02:03:22] Getting list of files within the package
[18d4:0007][2026-05-10T02:03:22] Processing file /Contents/Common7/Tools/Launch-VsDevShell.ps1
[18d4:0007][2026-05-10T02:03:22] Started: Copying file /Contents/Common7/Tools/Launch-VsDevShell.ps1 to D:\Program Files (x86)\Microsoft Visual Studio\2022\BuildTools\Common7\Tools\Launch-VsDevShell.ps1
[18d4:0007][2026-05-10T02:03:22] Completed: Copying file /Contents/Common7/Tools/Launch-VsDevShell.ps1 to D:\Program Files (x86)\Microsoft Visual Studio\2022\BuildTools\Common7\Tools\Launch-VsDevShell.ps1
[18d4:0007][2026-05-10T02:03:22] Timestamp updated for file 'D:\Program Files (x86)\Microsoft Visual Studio\2022\BuildTools\Common7\Tools\Launch-VsDevShell.ps1'.
[18d4:0007][2026-05-10T02:03:22] Processing file /Contents/Common7/Tools/LaunchDevCmd.bat
[18d4:0007][2026-05-10T02:03:22] Started: Copying file /Contents/Common7/Tools/LaunchDevCmd.bat to D:\Program Files (x86)\Microsoft Visual Studio\2022\BuildTools\Common7\Tools\LaunchDevCmd.bat
[18d4:0007][2026-05-10T02:03:22] Completed: Copying file /Contents/Common7/Tools/LaunchDevCmd.bat to D:\Program Files (x86)\Microsoft Visual Studio\2022\BuildTools\Common7\Tools\LaunchDevCmd.bat
[18d4:0007][2026-05-10T02:03:22] Timestamp updated for file 'D:\Program Files (x86)\Microsoft Visual Studio\2022\BuildTools\Common7\Tools\LaunchDevCmd.bat'.
[18d4:0007][2026-05-10T02:03:22] Processing file /Contents/Common7/Tools/Microsoft.VisualStudio.DevShell.dll
[18d4:0007][2026-05-10T02:03:22] Started: Copying file /Contents/Common7/Tools/Microsoft.VisualStudio.DevShell.dll to D:\Program Files (x86)\Microsoft Visual Studio\2022\BuildTools\Common7\Tools\Microsoft.VisualStudio.DevShell.dll
[18d4:0007][2026-05-10T02:03:22] Completed: Copying file /Contents/Common7/Tools/Microsoft.VisualStudio.DevShell.dll to D:\Program Files (x86)\Microsoft Visual Studio\2022\BuildTools\Common7\Tools\Microsoft.VisualStudio.DevShell.dll
[18d4:0007][2026-05-10T02:03:22] Timestamp updated for file 'D:\Program Files (x86)\Microsoft Visual Studio\2022\BuildTools\Common7\Tools\Microsoft.VisualStudio.DevShell.dll'.
[18d4:0007][2026-05-10T02:03:22] Processing file /Contents/Common7/Tools/Microsoft.VisualStudio.RemoteControl.dll
[18d4:0007][2026-05-10T02:03:22] Started: Copying file /Contents/Common7/Tools/Microsoft.VisualStudio.RemoteControl.dll to D:\Program Files (x86)\Microsoft Visual Studio\2022\BuildTools\Common7\Tools\Microsoft.VisualStudio.RemoteControl.dll
[18d4:0007][2026-05-10T02:03:22] Completed: Copying file /Contents/Common7/Tools/Microsoft.VisualStudio.RemoteControl.dll to D:\Program Files (x86)\Microsoft Visual Studio\2022\BuildTools\Common7\Tools\Microsoft.VisualStudio.RemoteControl.dll
[18d4:0007][2026-05-10T02:03:22] Timestamp updated for file 'D:\Program Files (x86)\Microsoft Visual Studio\2022\BuildTools\Common7\Tools\Microsoft.VisualStudio.RemoteControl.dll'.
[18d4:0007][2026-05-10T02:03:22] Processing file /Contents/Common7/Tools/Microsoft.VisualStudio.Telemetry.dll
[18d4:0007][2026-05-10T02:03:22] Started: Copying file /Contents/Common7/Tools/Microsoft.VisualStudio.Telemetry.dll to D:\Program Files (x86)\Microsoft Visual Studio\2022\BuildTools\Common7\Tools\Microsoft.VisualStudio.Telemetry.dll
[18d4:0007][2026-05-10T02:03:22] Completed: Copying file /Contents/Common7/Tools/Microsoft.VisualStudio.Telemetry.dll to D:\Program Files (x86)\Microsoft Visual Studio\2022\BuildTools\Common7\Tools\Microsoft.VisualStudio.Telemetry.dll
[18d4:0007][2026-05-10T02:03:22] Timestamp updated for file 'D:\Program Files (x86)\Microsoft Visual Studio\2022\BuildTools\Common7\Tools\Microsoft.VisualStudio.Telemetry.dll'.
[18d4:0007][2026-05-10T02:03:22] Processing file /Contents/Common7/Tools/Microsoft.VisualStudio.Utilities.Internal.dll
[18d4:0007][2026-05-10T02:03:22] Started: Copying file /Contents/Common7/Tools/Microsoft.VisualStudio.Utilities.Internal.dll to D:\Program Files (x86)\Microsoft Visual Studio\2022\BuildTools\Common7\Tools\Microsoft.VisualStudio.Utilities.Internal.dll
[18d4:0007][2026-05-10T02:03:22] Completed: Copying file /Contents/Common7/Tools/Microsoft.VisualStudio.Utilities.Internal.dll to D:\Program Files (x86)\Microsoft Visual Studio\2022\BuildTools\Common7\Tools\Microsoft.VisualStudio.Utilities.Internal.dll
[18d4:0007][2026-05-10T02:03:22] Timestamp updated for file 'D:\Program Files (x86)\Microsoft Visual Studio\2022\BuildTools\Common7\Tools\Microsoft.VisualStudio.Utilities.Internal.dll'.
[18d4:0007][2026-05-10T02:03:22] Processing file /Contents/Common7/Tools/Newtonsoft.Json.dll
[18d4:0007][2026-05-10T02:03:22] Started: Copying file /Contents/Common7/Tools/Newtonsoft.Json.dll to D:\Program Files (x86)\Microsoft Visual Studio\2022\BuildTools\Common7\Tools\Newtonsoft.Json.dll
[18d4:0007][2026-05-10T02:03:22] Completed: Copying file /Contents/Common7/Tools/Newtonsoft.Json.dll to D:\Program Files (x86)\Microsoft Visual Studio\2022\BuildTools\Common7\Tools\Newtonsoft.Json.dll
[18d4:0007][2026-05-10T02:03:22] Timestamp updated for file 'D:\Program Files (x86)\Microsoft Visual Studio\2022\BuildTools\Common7\Tools\Newtonsoft.Json.dll'.
[18d4:0007][2026-05-10T02:03:22] Processing file /Contents/Common7/Tools/System.Runtime.CompilerServices.Unsafe.dll
[18d4:0007][2026-05-10T02:03:22] Started: Copying file /Contents/Common7/Tools/System.Runtime.CompilerServices.Unsafe.dll to D:\Program Files (x86)\Microsoft Visual Studio\2022\BuildTools\Common7\Tools\System.Runtime.CompilerServices.Unsafe.dll
[18d4:0007][2026-05-10T02:03:22] Completed: Copying file /Contents/Common7/Tools/System.Runtime.CompilerServices.Unsafe.dll to D:\Program Files (x86)\Microsoft Visual Studio\2022\BuildTools\Common7\Tools\System.Runtime.CompilerServices.Unsafe.dll
[18d4:0007][2026-05-10T02:03:22] Timestamp updated for file 'D:\Program Files (x86)\Microsoft Visual Studio\2022\BuildTools\Common7\Tools\System.Runtime.CompilerServices.Unsafe.dll'.
[18d4:0007][2026-05-10T02:03:22] Processing file /Contents/Common7/Tools/VsDevCmd.bat
[18d4:0007][2026-05-10T02:03:22] Started: Copying file /Contents/Common7/Tools/VsDevCmd.bat to D:\Program Files (x86)\Microsoft Visual Studio\2022\BuildTools\Common7\Tools\VsDevCmd.bat
[18d4:0007][2026-05-10T02:03:22] Completed: Copying file /Contents/Common7/Tools/VsDevCmd.bat to D:\Program Files (x86)\Microsoft Visual Studio\2022\BuildTools\Common7\Tools\VsDevCmd.bat
[18d4:0007][2026-05-10T02:03:22] Timestamp updated for file 'D:\Program Files (x86)\Microsoft Visual Studio\2022\BuildTools\Common7\Tools\VsDevCmd.bat'.
[18d4:0007][2026-05-10T02:03:22] Processing file /Contents/Common7/Tools/vsdevcmd/core/parse_cmd.bat
[18d4:0007][2026-05-10T02:03:22] Started: Copying file /Contents/Common7/Tools/vsdevcmd/core/parse_cmd.bat to D:\Program Files (x86)\Microsoft Visual Studio\2022\BuildTools\Common7\Tools\vsdevcmd\core\parse_cmd.bat
[18d4:0007][2026-05-10T02:03:22] Completed: Copying file /Contents/Common7/Tools/vsdevcmd/core/parse_cmd.bat to D:\Program Files (x86)\Microsoft Visual Studio\2022\BuildTools\Common7\Tools\vsdevcmd\core\parse_cmd.bat
[18d4:0007][2026-05-10T02:03:22] Timestamp updated for file 'D:\Program Files (x86)\Microsoft Visual Studio\2022\BuildTools\Common7\Tools\vsdevcmd\core\parse_cmd.bat'.
[18d4:0007][2026-05-10T02:03:22] Processing file /Contents/Common7/Tools/vsdevcmd/core/vsdevcmd_end.bat
[18d4:0007][2026-05-10T02:03:22] Started: Copying file /Contents/Common7/Tools/vsdevcmd/core/vsdevcmd_end.bat to D:\Program Files (x86)\Microsoft Visual Studio\2022\BuildTools\Common7\Tools\vsdevcmd\core\vsdevcmd_end.bat
[18d4:0007][2026-05-10T02:03:22] Completed: Copying file /Contents/Common7/Tools/vsdevcmd/core/vsdevcmd_end.bat to D:\Program Files (x86)\Microsoft Visual Studio\2022\BuildTools\Common7\Tools\vsdevcmd\core\vsdevcmd_end.bat
[18d4:0007][2026-05-10T02:03:22] Timestamp updated for file 'D:\Program Files (x86)\Microsoft Visual Studio\2022\BuildTools\Common7\Tools\vsdevcmd\core\vsdevcmd_end.bat'.
[18d4:0007][2026-05-10T02:03:22] Processing file /Contents/Common7/Tools/vsdevcmd/core/vsdevcmd_start.bat
[18d4:0007][2026-05-10T02:03:22] Started: Copying file /Contents/Common7/Tools/vsdevcmd/core/vsdevcmd_start.bat to D:\Program Files (x86)\Microsoft Visual Studio\2022\BuildTools\Common7\Tools\vsdevcmd\core\vsdevcmd_start.bat
[18d4:0007][2026-05-10T02:03:22] Completed: Copying file /Contents/Common7/Tools/vsdevcmd/core/vsdevcmd_start.bat to D:\Program Files (x86)\Microsoft Visual Studio\2022\BuildTools\Common7\Tools\vsdevcmd\core\vsdevcmd_start.bat
[18d4:0007][2026-05-10T02:03:22] Timestamp updated for file 'D:\Program Files (x86)\Microsoft Visual Studio\2022\BuildTools\Common7\Tools\vsdevcmd\core\vsdevcmd_start.bat'.
[18d4:0007][2026-05-10T02:03:22] Processing file /Contents/Common7/Tools/VsMSBuildCmd.bat
[18d4:0007][2026-05-10T02:03:22] Started: Copying file /Contents/Common7/Tools/VsMSBuildCmd.bat to D:\Program Files (x86)\Microsoft Visual Studio\2022\BuildTools\Common7\Tools\VsMSBuildCmd.bat
[18d4:0007][2026-05-10T02:03:22] Completed: Copying file /Contents/Common7/Tools/VsMSBuildCmd.bat to D:\Program Files (x86)\Microsoft Visual Studio\2022\BuildTools\Common7\Tools\VsMSBuildCmd.bat
[18d4:0007][2026-05-10T02:03:22] Timestamp updated for file 'D:\Program Files (x86)\Microsoft Visual Studio\2022\BuildTools\Common7\Tools\VsMSBuildCmd.bat'.
[18d4:0007][2026-05-10T02:03:22] Package executed successfully. Return code: 0
