[bd94:0009][2026-05-10T01:00:50] Using cached package manifest as the embedded manifest
[bd94:0009][2026-05-10T01:00:50] Processing file /Contents/Common7/IDE/Automation/dte80a.olb
[bd94:0009][2026-05-10T01:00:50] D:\Program\Common7\IDE\Automation\dte80a.olb file deleted.
[bd94:0009][2026-05-10T01:00:50] Processing file /Contents/Common7/IDE/Automation/dte80.olb
[bd94:0009][2026-05-10T01:00:50] D:\Program\Common7\IDE\Automation\dte80.olb file deleted.
[bd94:0009][2026-05-10T01:00:50] Processing file /Contents/Common7/IDE/Automation/VxExtensibilitylib4.tlb
[bd94:0009][2026-05-10T01:00:50] D:\Program\Common7\IDE\Automation\VxExtensibilitylib4.tlb file deleted.
[bd94:0009][2026-05-10T01:00:50] Processing file /Contents/Common7/IDE/Automation/VxExtensibilitylib.tlb
[bd94:0009][2026-05-10T01:00:50] D:\Program\Common7\IDE\Automation\VxExtensibilitylib.tlb file deleted.
[bd94:0009][2026-05-10T01:00:50] Processing file /Contents/Common7/IDE/Automation/VxExtensibilitylib2.tlb
[bd94:0009][2026-05-10T01:00:50] D:\Program\Common7\IDE\Automation\VxExtensibilitylib2.tlb file deleted.
[bd94:0009][2026-05-10T01:00:50] Processing file /Contents/Common7/IDE/Automation/VBCodeModelExtensibility.tlb
[bd94:0009][2026-05-10T01:00:50] D:\Program\Common7\IDE\Automation\VBCodeModelExtensibility.tlb file deleted.
[bd94:0009][2026-05-10T01:00:50] Processing file /Contents/Common7/IDE/Automation/VxExtensibilitylib3.tlb
[bd94:0009][2026-05-10T01:00:50] D:\Program\Common7\IDE\Automation\VxExtensibilitylib3.tlb file deleted.
[bd94:0009][2026-05-10T01:00:50] Processing file /Contents/Common7/IDE/CommonExtensions/Platform/Microsoft.VisualStudio.MinShell.Interop.pkgdef
[bd94:0009][2026-05-10T01:00:50] D:\Program\Common7\IDE\CommonExtensions\Platform\Microsoft.VisualStudio.MinShell.Interop.pkgdef file deleted.
[bd94:0009][2026-05-10T01:00:50] Processing file /Contents/Common7/IDE/PrivateAssemblies/System.Web.DynamicData.VisualStudio.15.0.dll
[bd94:0009][2026-05-10T01:00:50] D:\Program\Common7\IDE\PrivateAssemblies\System.Web.DynamicData.VisualStudio.15.0.dll file deleted.
[bd94:0009][2026-05-10T01:00:50] Processing file /Contents/Common7/IDE/PrivateAssemblies/System.Web.Extensions.Design.VisualStudio.15.0.dll
[bd94:0009][2026-05-10T01:00:50] D:\Program\Common7\IDE\PrivateAssemblies\System.Web.Extensions.Design.VisualStudio.15.0.dll file deleted.
[bd94:0009][2026-05-10T01:00:50] Processing file /Contents/Common7/IDE/PrivateAssemblies/System.Web.Extensions.VisualStudio.15.0.dll
[bd94:0009][2026-05-10T01:00:50] D:\Program\Common7\IDE\PrivateAssemblies\System.Web.Extensions.VisualStudio.15.0.dll file deleted.
[bd94:0009][2026-05-10T01:00:50] Processing file /Contents/Common7/IDE/PrivateAssemblies/System.Web.VisualStudio.15.0.dll
[bd94:0009][2026-05-10T01:00:50] D:\Program\Common7\IDE\PrivateAssemblies\System.Web.VisualStudio.15.0.dll file deleted.
[bd94:0009][2026-05-10T01:00:50] Processing file /Contents/Common7/IDE/PrivateAssemblies/Microsoft.Internal.VisualStudio.Interop.dll
[bd94:0009][2026-05-10T01:00:50] D:\Program\Common7\IDE\PrivateAssemblies\Microsoft.Internal.VisualStudio.Interop.dll file deleted.
[bd94:0009][2026-05-10T01:00:50] Processing file /Contents/Common7/IDE/PublicAssemblies/envdte.dll
[bd94:0009][2026-05-10T01:00:50] D:\Program\Common7\IDE\PublicAssemblies\envdte.dll file deleted.
[bd94:0009][2026-05-10T01:00:50] Processing file /Contents/Common7/IDE/PublicAssemblies/envdte100.dll
[bd94:0009][2026-05-10T01:00:50] D:\Program\Common7\IDE\PublicAssemblies\envdte100.dll file deleted.
[bd94:0009][2026-05-10T01:00:50] Processing file /Contents/Common7/IDE/PublicAssemblies/envdte80.dll
[bd94:0009][2026-05-10T01:00:50] D:\Program\Common7\IDE\PublicAssemblies\envdte80.dll file deleted.
[bd94:0009][2026-05-10T01:00:50] Processing file /Contents/Common7/IDE/PublicAssemblies/envdte90.dll
[bd94:0009][2026-05-10T01:00:50] D:\Program\Common7\IDE\PublicAssemblies\envdte90.dll file deleted.
[bd94:0009][2026-05-10T01:00:50] Processing file /Contents/Common7/IDE/PublicAssemblies/envdte90a.dll
[bd94:0009][2026-05-10T01:00:50] D:\Program\Common7\IDE\PublicAssemblies\envdte90a.dll file deleted.
[bd94:0009][2026-05-10T01:00:50] Processing file /Contents/Common7/IDE/PublicAssemblies/Microsoft.VisualStudio.CommandBars.dll
[bd94:0009][2026-05-10T01:00:50] D:\Program\Common7\IDE\PublicAssemblies\Microsoft.VisualStudio.CommandBars.dll file deleted.
[bd94:0009][2026-05-10T01:00:50] Processing file /Contents/Common7/IDE/PublicAssemblies/Microsoft.VisualStudio.ProjectAggregator.dll
[bd94:0009][2026-05-10T01:00:50] D:\Program\Common7\IDE\PublicAssemblies\Microsoft.VisualStudio.ProjectAggregator.dll file deleted.
[bd94:0009][2026-05-10T01:00:50] Processing file /Contents/Common7/IDE/PublicAssemblies/Microsoft.VisualStudio.VSHelp.dll
[bd94:0009][2026-05-10T01:00:50] D:\Program\Common7\IDE\PublicAssemblies\Microsoft.VisualStudio.VSHelp.dll file deleted.
[bd94:0009][2026-05-10T01:00:50] Processing file /Contents/Common7/IDE/PublicAssemblies/Microsoft.VisualStudio.VSHelp80.dll
[bd94:0009][2026-05-10T01:00:50] D:\Program\Common7\IDE\PublicAssemblies\Microsoft.VisualStudio.VSHelp80.dll file deleted.
[bd94:0009][2026-05-10T01:00:50] Processing file /Contents/Common7/IDE/PublicAssemblies/Microsoft.MSXML.dll
[bd94:0009][2026-05-10T01:00:50] D:\Program\Common7\IDE\PublicAssemblies\Microsoft.MSXML.dll file deleted.
[bd94:0009][2026-05-10T01:00:50] Processing file /Contents/Common7/IDE/PublicAssemblies/Microsoft.VisualStudio.Imaging.Interop.14.0.DesignTime.dll
[bd94:0009][2026-05-10T01:00:50] D:\Program\Common7\IDE\PublicAssemblies\Microsoft.VisualStudio.Imaging.Interop.14.0.DesignTime.dll file deleted.
[bd94:0009][2026-05-10T01:00:50] Processing file /Contents/Common7/IDE/PublicAssemblies/Microsoft.VisualStudio.OLE.Interop.dll
[bd94:0009][2026-05-10T01:00:50] D:\Program\Common7\IDE\PublicAssemblies\Microsoft.VisualStudio.OLE.Interop.dll file deleted.
[bd94:0009][2026-05-10T01:00:50] Processing file /Contents/Common7/IDE/PublicAssemblies/Microsoft.VisualStudio.Shell.Interop.dll
[bd94:0009][2026-05-10T01:00:50] D:\Program\Common7\IDE\PublicAssemblies\Microsoft.VisualStudio.Shell.Interop.dll file deleted.
[bd94:0009][2026-05-10T01:00:50] Processing file /Contents/Common7/IDE/PublicAssemblies/Microsoft.VisualStudio.Shell.Interop.10.0.dll
[bd94:0009][2026-05-10T01:00:50] D:\Program\Common7\IDE\PublicAssemblies\Microsoft.VisualStudio.Shell.Interop.10.0.dll file deleted.
[bd94:0009][2026-05-10T01:00:50] Processing file /Contents/Common7/IDE/PublicAssemblies/Microsoft.VisualStudio.Shell.Interop.11.0.dll
[bd94:0009][2026-05-10T01:00:50] D:\Program\Common7\IDE\PublicAssemblies\Microsoft.VisualStudio.Shell.Interop.11.0.dll file deleted.
[bd94:0009][2026-05-10T01:00:50] Processing file /Contents/Common7/IDE/PublicAssemblies/Microsoft.VisualStudio.Shell.Interop.12.0.dll
[bd94:0009][2026-05-10T01:00:50] D:\Program\Common7\IDE\PublicAssemblies\Microsoft.VisualStudio.Shell.Interop.12.0.dll file deleted.
[bd94:0009][2026-05-10T01:00:50] Processing file /Contents/Common7/IDE/PublicAssemblies/Microsoft.VisualStudio.Shell.Interop.8.0.dll
[bd94:0009][2026-05-10T01:00:50] D:\Program\Common7\IDE\PublicAssemblies\Microsoft.VisualStudio.Shell.Interop.8.0.dll file deleted.
[bd94:0009][2026-05-10T01:00:50] Processing file /Contents/Common7/IDE/PublicAssemblies/Microsoft.VisualStudio.Shell.Interop.9.0.dll
[bd94:0009][2026-05-10T01:00:50] D:\Program\Common7\IDE\PublicAssemblies\Microsoft.VisualStudio.Shell.Interop.9.0.dll file deleted.
[bd94:0009][2026-05-10T01:00:50] Processing file /Contents/Common7/IDE/PublicAssemblies/Microsoft.VisualStudio.TextManager.Interop.10.0.dll
[bd94:0009][2026-05-10T01:00:50] D:\Program\Common7\IDE\PublicAssemblies\Microsoft.VisualStudio.TextManager.Interop.10.0.dll file deleted.
[bd94:0009][2026-05-10T01:00:50] Processing file /Contents/Common7/IDE/PublicAssemblies/Microsoft.VisualStudio.TextManager.Interop.11.0.dll
[bd94:0009][2026-05-10T01:00:50] D:\Program\Common7\IDE\PublicAssemblies\Microsoft.VisualStudio.TextManager.Interop.11.0.dll file deleted.
[bd94:0009][2026-05-10T01:00:50] Processing file /Contents/Common7/IDE/PublicAssemblies/Microsoft.VisualStudio.TextManager.Interop.12.0.dll
[bd94:0009][2026-05-10T01:00:50] D:\Program\Common7\IDE\PublicAssemblies\Microsoft.VisualStudio.TextManager.Interop.12.0.dll file deleted.
[bd94:0009][2026-05-10T01:00:50] Processing file /Contents/Common7/IDE/PublicAssemblies/Microsoft.VisualStudio.TextManager.Interop.8.0.dll
[bd94:0009][2026-05-10T01:00:50] D:\Program\Common7\IDE\PublicAssemblies\Microsoft.VisualStudio.TextManager.Interop.8.0.dll file deleted.
[bd94:0009][2026-05-10T01:00:50] Processing file /Contents/Common7/IDE/PublicAssemblies/Microsoft.VisualStudio.TextManager.Interop.9.0.dll
[bd94:0009][2026-05-10T01:00:50] D:\Program\Common7\IDE\PublicAssemblies\Microsoft.VisualStudio.TextManager.Interop.9.0.dll file deleted.
[bd94:0009][2026-05-10T01:00:50] Processing file /Contents/Common7/IDE/PublicAssemblies/Microsoft.VisualStudio.TextManager.Interop.dll
[bd94:0009][2026-05-10T01:00:50] D:\Program\Common7\IDE\PublicAssemblies\Microsoft.VisualStudio.TextManager.Interop.dll file deleted.
[bd94:0009][2026-05-10T01:00:50] Processing file /Contents/Common7/IDE/PublicAssemblies/VSLangProj100.dll
[bd94:0009][2026-05-10T01:00:50] D:\Program\Common7\IDE\PublicAssemblies\VSLangProj100.dll file deleted.
[bd94:0009][2026-05-10T01:00:50] Processing file /Contents/Common7/IDE/PublicAssemblies/VSLangProj110.dll
[bd94:0009][2026-05-10T01:00:50] D:\Program\Common7\IDE\PublicAssemblies\VSLangProj110.dll file deleted.
[bd94:0009][2026-05-10T01:00:50] Processing file /Contents/Common7/IDE/PublicAssemblies/VSLangProj140.dll
[bd94:0009][2026-05-10T01:00:50] D:\Program\Common7\IDE\PublicAssemblies\VSLangProj140.dll file deleted.
[bd94:0009][2026-05-10T01:00:50] Processing file /Contents/Common7/IDE/PublicAssemblies/VSLangProj150.dll
[bd94:0009][2026-05-10T01:00:50] D:\Program\Common7\IDE\PublicAssemblies\VSLangProj150.dll file deleted.
[bd94:0009][2026-05-10T01:00:50] Processing file /Contents/Common7/IDE/PublicAssemblies/VSLangProj157.dll
[bd94:0009][2026-05-10T01:00:50] D:\Program\Common7\IDE\PublicAssemblies\VSLangProj157.dll file deleted.
[bd94:0009][2026-05-10T01:00:50] Processing file /Contents/Common7/IDE/PublicAssemblies/VSLangProj158.dll
[bd94:0009][2026-05-10T01:00:50] D:\Program\Common7\IDE\PublicAssemblies\VSLangProj158.dll file deleted.
[bd94:0009][2026-05-10T01:00:50] Processing file /Contents/Common7/IDE/PublicAssemblies/VSLangProj165.dll
[bd94:0009][2026-05-10T01:00:50] D:\Program\Common7\IDE\PublicAssemblies\VSLangProj165.dll file deleted.
[bd94:0009][2026-05-10T01:00:50] Processing file /Contents/Common7/IDE/PublicAssemblies/VSLangProj90.dll
[bd94:0009][2026-05-10T01:00:50] D:\Program\Common7\IDE\PublicAssemblies\VSLangProj90.dll file deleted.
[bd94:0009][2026-05-10T01:00:50] Processing file /Contents/Common7/IDE/PublicAssemblies/stdole.dll
[bd94:0009][2026-05-10T01:00:50] D:\Program\Common7\IDE\PublicAssemblies\stdole.dll file deleted.
[bd94:0009][2026-05-10T01:00:50] Processing file /Contents/Common7/IDE/PublicAssemblies/VSLangProj.dll
[bd94:0009][2026-05-10T01:00:50] D:\Program\Common7\IDE\PublicAssemblies\VSLangProj.dll file deleted.
[bd94:0009][2026-05-10T01:00:50] Processing file /Contents/Common7/IDE/PublicAssemblies/VSLangProj2.dll
[bd94:0009][2026-05-10T01:00:50] D:\Program\Common7\IDE\PublicAssemblies\VSLangProj2.dll file deleted.
[bd94:0009][2026-05-10T01:00:50] Processing file /Contents/Common7/IDE/PublicAssemblies/VSLangProj80.dll
[bd94:0009][2026-05-10T01:00:50] D:\Program\Common7\IDE\PublicAssemblies\VSLangProj80.dll file deleted.
[bd94:0009][2026-05-10T01:00:50] Processing file /Contents/Common7/IDE/PublicAssemblies/Microsoft.VisualStudio.Interop.dll
[bd94:0009][2026-05-10T01:00:50] D:\Program\Common7\IDE\PublicAssemblies\Microsoft.VisualStudio.Interop.dll file deleted.
[bd94:0009][2026-05-10T01:00:50] Started: Deleting empty directories
[bd94:0009][2026-05-10T01:00:50] Completed: Deleting empty directories
[bd94:0009][2026-05-10T01:00:50] Package executed successfully. Return code: 0
