[2e2c:0007][2026-05-10T01:23:50] Opening the package for processing
[2e2c:0007][2026-05-10T01:23:50] Using package payload to get the embedded manifest
[2e2c:0007][2026-05-10T01:23:50] Getting list of files within the package
[2e2c:0007][2026-05-10T01:23:50] Processing file /Contents/Common7/IDE/CommonExtensions/Microsoft/OpenTelemetry/ClientExtensions/Microsoft.VisualStudio.OpenTelemetry.ClientExtensions.dll
[2e2c:0007][2026-05-10T01:23:50] Started: Copying file /Contents/Common7/IDE/CommonExtensions/Microsoft/OpenTelemetry/ClientExtensions/Microsoft.VisualStudio.OpenTelemetry.ClientExtensions.dll to D:\Program Files (x86)\Microsoft Visual Studio\2022\BuildTools\Common7\IDE\CommonExtensions\Microsoft\OpenTelemetry\ClientExtensions\Microsoft.VisualStudio.OpenTelemetry.ClientExtensions.dll
[2e2c:0007][2026-05-10T01:23:50] Completed: Copying file /Contents/Common7/IDE/CommonExtensions/Microsoft/OpenTelemetry/ClientExtensions/Microsoft.VisualStudio.OpenTelemetry.ClientExtensions.dll to D:\Program Files (x86)\Microsoft Visual Studio\2022\BuildTools\Common7\IDE\CommonExtensions\Microsoft\OpenTelemetry\ClientExtensions\Microsoft.VisualStudio.OpenTelemetry.ClientExtensions.dll
[2e2c:0007][2026-05-10T01:23:50] Timestamp updated for file 'D:\Program Files (x86)\Microsoft Visual Studio\2022\BuildTools\Common7\IDE\CommonExtensions\Microsoft\OpenTelemetry\ClientExtensions\Microsoft.VisualStudio.OpenTelemetry.ClientExtensions.dll'.
[2e2c:0007][2026-05-10T01:23:50] Processing file /Contents/Common7/IDE/CommonExtensions/Microsoft/OpenTelemetry/ClientExtensions/OpenTelemetry.Api.dll
[2e2c:0007][2026-05-10T01:23:50] Started: Copying file /Contents/Common7/IDE/CommonExtensions/Microsoft/OpenTelemetry/ClientExtensions/OpenTelemetry.Api.dll to D:\Program Files (x86)\Microsoft Visual Studio\2022\BuildTools\Common7\IDE\CommonExtensions\Microsoft\OpenTelemetry\ClientExtensions\OpenTelemetry.Api.dll
[2e2c:0007][2026-05-10T01:23:50] Completed: Copying file /Contents/Common7/IDE/CommonExtensions/Microsoft/OpenTelemetry/ClientExtensions/OpenTelemetry.Api.dll to D:\Program Files (x86)\Microsoft Visual Studio\2022\BuildTools\Common7\IDE\CommonExtensions\Microsoft\OpenTelemetry\ClientExtensions\OpenTelemetry.Api.dll
[2e2c:0007][2026-05-10T01:23:50] Timestamp updated for file 'D:\Program Files (x86)\Microsoft Visual Studio\2022\BuildTools\Common7\IDE\CommonExtensions\Microsoft\OpenTelemetry\ClientExtensions\OpenTelemetry.Api.dll'.
[2e2c:0007][2026-05-10T01:23:50] Processing file /Contents/Common7/IDE/CommonExtensions/Microsoft/OpenTelemetry/ClientExtensions/OpenTelemetry.Api.ProviderBuilderExtensions.dll
[2e2c:0007][2026-05-10T01:23:50] Started: Copying file /Contents/Common7/IDE/CommonExtensions/Microsoft/OpenTelemetry/ClientExtensions/OpenTelemetry.Api.ProviderBuilderExtensions.dll to D:\Program Files (x86)\Microsoft Visual Studio\2022\BuildTools\Common7\IDE\CommonExtensions\Microsoft\OpenTelemetry\ClientExtensions\OpenTelemetry.Api.ProviderBuilderExtensions.dll
[2e2c:0007][2026-05-10T01:23:50] Completed: Copying file /Contents/Common7/IDE/CommonExtensions/Microsoft/OpenTelemetry/ClientExtensions/OpenTelemetry.Api.ProviderBuilderExtensions.dll to D:\Program Files (x86)\Microsoft Visual Studio\2022\BuildTools\Common7\IDE\CommonExtensions\Microsoft\OpenTelemetry\ClientExtensions\OpenTelemetry.Api.ProviderBuilderExtensions.dll
[2e2c:0007][2026-05-10T01:23:50] Timestamp updated for file 'D:\Program Files (x86)\Microsoft Visual Studio\2022\BuildTools\Common7\IDE\CommonExtensions\Microsoft\OpenTelemetry\ClientExtensions\OpenTelemetry.Api.ProviderBuilderExtensions.dll'.
[2e2c:0007][2026-05-10T01:23:50] Processing file /Contents/Common7/IDE/CommonExtensions/Microsoft/OpenTelemetry/ClientExtensions/OpenTelemetry.dll
[2e2c:0007][2026-05-10T01:23:50] Started: Copying file /Contents/Common7/IDE/CommonExtensions/Microsoft/OpenTelemetry/ClientExtensions/OpenTelemetry.dll to D:\Program Files (x86)\Microsoft Visual Studio\2022\BuildTools\Common7\IDE\CommonExtensions\Microsoft\OpenTelemetry\ClientExtensions\OpenTelemetry.dll
[2e2c:0007][2026-05-10T01:23:50] Completed: Copying file /Contents/Common7/IDE/CommonExtensions/Microsoft/OpenTelemetry/ClientExtensions/OpenTelemetry.dll to D:\Program Files (x86)\Microsoft Visual Studio\2022\BuildTools\Common7\IDE\CommonExtensions\Microsoft\OpenTelemetry\ClientExtensions\OpenTelemetry.dll
[2e2c:0007][2026-05-10T01:23:50] Timestamp updated for file 'D:\Program Files (x86)\Microsoft Visual Studio\2022\BuildTools\Common7\IDE\CommonExtensions\Microsoft\OpenTelemetry\ClientExtensions\OpenTelemetry.dll'.
[2e2c:0007][2026-05-10T01:23:50] Package executed successfully. Return code: 0
