[2e2c:0007][2026-05-10T01:23:56] Opening the package for processing
[2e2c:0007][2026-05-10T01:23:56] Using package payload to get the embedded manifest
[2e2c:0007][2026-05-10T01:23:56] Getting list of files within the package
[2e2c:0007][2026-05-10T01:23:56] Processing file /Contents/Common7/IDE/CommonExtensions/Microsoft/VC/VC_Pkg_Pro_Registration.pkgdef
[2e2c:0007][2026-05-10T01:23:56] Started: Copying file /Contents/Common7/IDE/CommonExtensions/Microsoft/VC/VC_Pkg_Pro_Registration.pkgdef to D:\Program Files (x86)\Microsoft Visual Studio\2022\BuildTools\Common7\IDE\CommonExtensions\Microsoft\VC\VC_Pkg_Pro_Registration.pkgdef
[2e2c:0007][2026-05-10T01:23:56] Completed: Copying file /Contents/Common7/IDE/CommonExtensions/Microsoft/VC/VC_Pkg_Pro_Registration.pkgdef to D:\Program Files (x86)\Microsoft Visual Studio\2022\BuildTools\Common7\IDE\CommonExtensions\Microsoft\VC\VC_Pkg_Pro_Registration.pkgdef
[2e2c:0007][2026-05-10T01:23:56] Timestamp updated for file 'D:\Program Files (x86)\Microsoft Visual Studio\2022\BuildTools\Common7\IDE\CommonExtensions\Microsoft\VC\VC_Pkg_Pro_Registration.pkgdef'.
[2e2c:0007][2026-05-10T01:23:56] Processing file /Contents/Common7/Tools/spyxx.chm
[2e2c:0007][2026-05-10T01:23:56] Started: Copying file /Contents/Common7/Tools/spyxx.chm to D:\Program Files (x86)\Microsoft Visual Studio\2022\BuildTools\Common7\Tools\spyxx.chm
[2e2c:0007][2026-05-10T01:23:56] Completed: Copying file /Contents/Common7/Tools/spyxx.chm to D:\Program Files (x86)\Microsoft Visual Studio\2022\BuildTools\Common7\Tools\spyxx.chm
[2e2c:0007][2026-05-10T01:23:56] Timestamp updated for file 'D:\Program Files (x86)\Microsoft Visual Studio\2022\BuildTools\Common7\Tools\spyxx.chm'.
[2e2c:0007][2026-05-10T01:23:56] Processing file /Contents/Common7/Tools/spyxx.exe
[2e2c:0007][2026-05-10T01:23:56] Started: Copying file /Contents/Common7/Tools/spyxx.exe to D:\Program Files (x86)\Microsoft Visual Studio\2022\BuildTools\Common7\Tools\spyxx.exe
[2e2c:0007][2026-05-10T01:23:56] Completed: Copying file /Contents/Common7/Tools/spyxx.exe to D:\Program Files (x86)\Microsoft Visual Studio\2022\BuildTools\Common7\Tools\spyxx.exe
[2e2c:0007][2026-05-10T01:23:56] Timestamp updated for file 'D:\Program Files (x86)\Microsoft Visual Studio\2022\BuildTools\Common7\Tools\spyxx.exe'.
[2e2c:0007][2026-05-10T01:23:56] Processing file /Contents/Common7/Tools/spyxxhk.dll
[2e2c:0007][2026-05-10T01:23:56] Started: Copying file /Contents/Common7/Tools/spyxxhk.dll to D:\Program Files (x86)\Microsoft Visual Studio\2022\BuildTools\Common7\Tools\spyxxhk.dll
[2e2c:0007][2026-05-10T01:23:56] Completed: Copying file /Contents/Common7/Tools/spyxxhk.dll to D:\Program Files (x86)\Microsoft Visual Studio\2022\BuildTools\Common7\Tools\spyxxhk.dll
[2e2c:0007][2026-05-10T01:23:56] Timestamp updated for file 'D:\Program Files (x86)\Microsoft Visual Studio\2022\BuildTools\Common7\Tools\spyxxhk.dll'.
[2e2c:0007][2026-05-10T01:23:56] Processing file /Contents/Common7/Tools/spyxxhk_amd64.dll
[2e2c:0007][2026-05-10T01:23:56] Started: Copying file /Contents/Common7/Tools/spyxxhk_amd64.dll to D:\Program Files (x86)\Microsoft Visual Studio\2022\BuildTools\Common7\Tools\spyxxhk_amd64.dll
[2e2c:0007][2026-05-10T01:23:56] Completed: Copying file /Contents/Common7/Tools/spyxxhk_amd64.dll to D:\Program Files (x86)\Microsoft Visual Studio\2022\BuildTools\Common7\Tools\spyxxhk_amd64.dll
[2e2c:0007][2026-05-10T01:23:56] Timestamp updated for file 'D:\Program Files (x86)\Microsoft Visual Studio\2022\BuildTools\Common7\Tools\spyxxhk_amd64.dll'.
[2e2c:0007][2026-05-10T01:23:56] Processing file /Contents/Common7/Tools/spyxx_amd64.chm
[2e2c:0007][2026-05-10T01:23:56] Started: Copying file /Contents/Common7/Tools/spyxx_amd64.chm to D:\Program Files (x86)\Microsoft Visual Studio\2022\BuildTools\Common7\Tools\spyxx_amd64.chm
[2e2c:0007][2026-05-10T01:23:56] Completed: Copying file /Contents/Common7/Tools/spyxx_amd64.chm to D:\Program Files (x86)\Microsoft Visual Studio\2022\BuildTools\Common7\Tools\spyxx_amd64.chm
[2e2c:0007][2026-05-10T01:23:56] Timestamp updated for file 'D:\Program Files (x86)\Microsoft Visual Studio\2022\BuildTools\Common7\Tools\spyxx_amd64.chm'.
[2e2c:0007][2026-05-10T01:23:56] Processing file /Contents/Common7/Tools/spyxx_amd64.exe
[2e2c:0007][2026-05-10T01:23:56] Started: Copying file /Contents/Common7/Tools/spyxx_amd64.exe to D:\Program Files (x86)\Microsoft Visual Studio\2022\BuildTools\Common7\Tools\spyxx_amd64.exe
[2e2c:0007][2026-05-10T01:23:56] Completed: Copying file /Contents/Common7/Tools/spyxx_amd64.exe to D:\Program Files (x86)\Microsoft Visual Studio\2022\BuildTools\Common7\Tools\spyxx_amd64.exe
[2e2c:0007][2026-05-10T01:23:56] Timestamp updated for file 'D:\Program Files (x86)\Microsoft Visual Studio\2022\BuildTools\Common7\Tools\spyxx_amd64.exe'.
[2e2c:0007][2026-05-10T01:23:56] Package executed successfully. Return code: 0
