[0c48:0003][2026-05-10T01:44:43] Using cached package manifest as the embedded manifest
[0c48:0003][2026-05-10T01:44:43] Processing file /Contents/Common7/IDE/CommonExtensions/Microsoft/ClientDiagnostics/default.natjmc
[0c48:0003][2026-05-10T01:44:43] C:\Program Files (x86)\Microsoft Visual Studio\2022\BuildTools\Common7\IDE\CommonExtensions\Microsoft\ClientDiagnostics\default.natjmc file deleted.
[0c48:0003][2026-05-10T01:44:43] Processing file /Contents/Common7/IDE/CommonExtensions/Microsoft/ClientDiagnostics/ClientDiagnostics.pkgdef
[0c48:0003][2026-05-10T01:44:43] C:\Program Files (x86)\Microsoft Visual Studio\2022\BuildTools\Common7\IDE\CommonExtensions\Microsoft\ClientDiagnostics\ClientDiagnostics.pkgdef file deleted.
[0c48:0003][2026-05-10T01:44:43] Processing file /Contents/Common7/IDE/CommonExtensions/Microsoft/ClientDiagnostics/CommonColors.pkgdef
[0c48:0003][2026-05-10T01:44:43] C:\Program Files (x86)\Microsoft Visual Studio\2022\BuildTools\Common7\IDE\CommonExtensions\Microsoft\ClientDiagnostics\CommonColors.pkgdef file deleted.
[0c48:0003][2026-05-10T01:44:43] Processing file /Contents/Common7/IDE/CommonExtensions/Microsoft/ClientDiagnostics/extension.vsixmanifest
[0c48:0003][2026-05-10T01:44:43] C:\Program Files (x86)\Microsoft Visual Studio\2022\BuildTools\Common7\IDE\CommonExtensions\Microsoft\ClientDiagnostics\extension.vsixmanifest file deleted.
[0c48:0003][2026-05-10T01:44:43] Processing file /Contents/Common7/IDE/CommonExtensions/Microsoft/ClientDiagnostics/Microsoft.VisualStudio.ClientDiagnostics.Common.dll
[0c48:0003][2026-05-10T01:44:43] C:\Program Files (x86)\Microsoft Visual Studio\2022\BuildTools\Common7\IDE\CommonExtensions\Microsoft\ClientDiagnostics\Microsoft.VisualStudio.ClientDiagnostics.Common.dll file deleted.
[0c48:0003][2026-05-10T01:44:43] Processing file /Contents/Common7/IDE/CommonExtensions/Microsoft/ClientDiagnostics/Microsoft.VisualStudio.ClientDiagnostics.dll
[0c48:0003][2026-05-10T01:44:43] C:\Program Files (x86)\Microsoft Visual Studio\2022\BuildTools\Common7\IDE\CommonExtensions\Microsoft\ClientDiagnostics\Microsoft.VisualStudio.ClientDiagnostics.dll file deleted.
[0c48:0003][2026-05-10T01:44:43] Processing file /Contents/VC/Auxiliary/VS/include/VSCustomNativeHeapEtwProvider.h
[0c48:0003][2026-05-10T01:44:43] C:\Program Files (x86)\Microsoft Visual Studio\2022\BuildTools\VC\Auxiliary\VS\include\VSCustomNativeHeapEtwProvider.h file deleted.
[0c48:0003][2026-05-10T01:44:43] Processing file /Contents/VC/Auxiliary/VS/lib/x86/VSCustomNativeHeapEtwProvider.lib
[0c48:0003][2026-05-10T01:44:43] C:\Program Files (x86)\Microsoft Visual Studio\2022\BuildTools\VC\Auxiliary\VS\lib\x86\VSCustomNativeHeapEtwProvider.lib file deleted.
[0c48:0003][2026-05-10T01:44:43] Processing file /Contents/VC/Auxiliary/VS/lib/x64/VSCustomNativeHeapEtwProvider.lib
[0c48:0003][2026-05-10T01:44:43] C:\Program Files (x86)\Microsoft Visual Studio\2022\BuildTools\VC\Auxiliary\VS\lib\x64\VSCustomNativeHeapEtwProvider.lib file deleted.
[0c48:0003][2026-05-10T01:44:43] Processing file /Contents/VC/Auxiliary/VS/lib/arm/VSCustomNativeHeapEtwProvider.lib
[0c48:0003][2026-05-10T01:44:43] C:\Program Files (x86)\Microsoft Visual Studio\2022\BuildTools\VC\Auxiliary\VS\lib\arm\VSCustomNativeHeapEtwProvider.lib file deleted.
[0c48:0003][2026-05-10T01:44:43] Processing file /Contents/VC/Auxiliary/VS/lib/onecore/x86/VSCustomNativeHeapEtwProvider.lib
[0c48:0003][2026-05-10T01:44:43] C:\Program Files (x86)\Microsoft Visual Studio\2022\BuildTools\VC\Auxiliary\VS\lib\onecore\x86\VSCustomNativeHeapEtwProvider.lib file deleted.
[0c48:0003][2026-05-10T01:44:43] Processing file /Contents/VC/Auxiliary/VS/lib/onecore/x64/VSCustomNativeHeapEtwProvider.lib
[0c48:0003][2026-05-10T01:44:43] C:\Program Files (x86)\Microsoft Visual Studio\2022\BuildTools\VC\Auxiliary\VS\lib\onecore\x64\VSCustomNativeHeapEtwProvider.lib file deleted.
[0c48:0003][2026-05-10T01:44:43] Processing file /Contents/VC/Auxiliary/VS/lib/onecore/arm/VSCustomNativeHeapEtwProvider.lib
[0c48:0003][2026-05-10T01:44:43] C:\Program Files (x86)\Microsoft Visual Studio\2022\BuildTools\VC\Auxiliary\VS\lib\onecore\arm\VSCustomNativeHeapEtwProvider.lib file deleted.
[0c48:0003][2026-05-10T01:44:43] Started: Deleting empty directories
[0c48:0003][2026-05-10T01:44:43] Completed: Deleting empty directories
[0c48:0003][2026-05-10T01:44:43] Package executed successfully. Return code: 0
