[3c7c:000c][2026-05-10T01:36:03] Opening the package for processing
[3c7c:000c][2026-05-10T01:36:03] Using package payload to get the embedded manifest
[3c7c:000c][2026-05-10T01:36:03] Getting list of files within the package
[3c7c:000c][2026-05-10T01:36:03] Processing file /catalog.json
[3c7c:000c][2026-05-10T01:36:03] Started: Copying file /catalog.json to C:\Program Files (x86)\Microsoft Visual Studio\2022\BuildTools\Common7\IDE\CommonExtensions\Microsoft\ErrorList\catalog.json
[3c7c:000c][2026-05-10T01:36:03] Completed: Copying file /catalog.json to C:\Program Files (x86)\Microsoft Visual Studio\2022\BuildTools\Common7\IDE\CommonExtensions\Microsoft\ErrorList\catalog.json
[3c7c:000c][2026-05-10T01:36:03] Timestamp updated for file 'C:\Program Files (x86)\Microsoft Visual Studio\2022\BuildTools\Common7\IDE\CommonExtensions\Microsoft\ErrorList\catalog.json'.
[3c7c:000c][2026-05-10T01:36:03] Processing file /cs/Microsoft.VisualStudio.ErrorListPkg.resources.dll
[3c7c:000c][2026-05-10T01:36:03] Started: Copying file /cs/Microsoft.VisualStudio.ErrorListPkg.resources.dll to C:\Program Files (x86)\Microsoft Visual Studio\2022\BuildTools\Common7\IDE\CommonExtensions\Microsoft\ErrorList\cs\Microsoft.VisualStudio.ErrorListPkg.resources.dll
[3c7c:000c][2026-05-10T01:36:03] Completed: Copying file /cs/Microsoft.VisualStudio.ErrorListPkg.resources.dll to C:\Program Files (x86)\Microsoft Visual Studio\2022\BuildTools\Common7\IDE\CommonExtensions\Microsoft\ErrorList\cs\Microsoft.VisualStudio.ErrorListPkg.resources.dll
[3c7c:000c][2026-05-10T01:36:03] Timestamp updated for file 'C:\Program Files (x86)\Microsoft Visual Studio\2022\BuildTools\Common7\IDE\CommonExtensions\Microsoft\ErrorList\cs\Microsoft.VisualStudio.ErrorListPkg.resources.dll'.
[3c7c:000c][2026-05-10T01:36:03] Processing file /de/Microsoft.VisualStudio.ErrorListPkg.resources.dll
[3c7c:000c][2026-05-10T01:36:03] Started: Copying file /de/Microsoft.VisualStudio.ErrorListPkg.resources.dll to C:\Program Files (x86)\Microsoft Visual Studio\2022\BuildTools\Common7\IDE\CommonExtensions\Microsoft\ErrorList\de\Microsoft.VisualStudio.ErrorListPkg.resources.dll
[3c7c:000c][2026-05-10T01:36:03] Completed: Copying file /de/Microsoft.VisualStudio.ErrorListPkg.resources.dll to C:\Program Files (x86)\Microsoft Visual Studio\2022\BuildTools\Common7\IDE\CommonExtensions\Microsoft\ErrorList\de\Microsoft.VisualStudio.ErrorListPkg.resources.dll
[3c7c:000c][2026-05-10T01:36:03] Timestamp updated for file 'C:\Program Files (x86)\Microsoft Visual Studio\2022\BuildTools\Common7\IDE\CommonExtensions\Microsoft\ErrorList\de\Microsoft.VisualStudio.ErrorListPkg.resources.dll'.
[3c7c:000c][2026-05-10T01:36:03] Processing file /es/Microsoft.VisualStudio.ErrorListPkg.resources.dll
[3c7c:000c][2026-05-10T01:36:03] Started: Copying file /es/Microsoft.VisualStudio.ErrorListPkg.resources.dll to C:\Program Files (x86)\Microsoft Visual Studio\2022\BuildTools\Common7\IDE\CommonExtensions\Microsoft\ErrorList\es\Microsoft.VisualStudio.ErrorListPkg.resources.dll
[3c7c:000c][2026-05-10T01:36:03] Completed: Copying file /es/Microsoft.VisualStudio.ErrorListPkg.resources.dll to C:\Program Files (x86)\Microsoft Visual Studio\2022\BuildTools\Common7\IDE\CommonExtensions\Microsoft\ErrorList\es\Microsoft.VisualStudio.ErrorListPkg.resources.dll
[3c7c:000c][2026-05-10T01:36:03] Timestamp updated for file 'C:\Program Files (x86)\Microsoft Visual Studio\2022\BuildTools\Common7\IDE\CommonExtensions\Microsoft\ErrorList\es\Microsoft.VisualStudio.ErrorListPkg.resources.dll'.
[3c7c:000c][2026-05-10T01:36:03] Processing file /fr/Microsoft.VisualStudio.ErrorListPkg.resources.dll
[3c7c:000c][2026-05-10T01:36:03] Started: Copying file /fr/Microsoft.VisualStudio.ErrorListPkg.resources.dll to C:\Program Files (x86)\Microsoft Visual Studio\2022\BuildTools\Common7\IDE\CommonExtensions\Microsoft\ErrorList\fr\Microsoft.VisualStudio.ErrorListPkg.resources.dll
[3c7c:000c][2026-05-10T01:36:03] Completed: Copying file /fr/Microsoft.VisualStudio.ErrorListPkg.resources.dll to C:\Program Files (x86)\Microsoft Visual Studio\2022\BuildTools\Common7\IDE\CommonExtensions\Microsoft\ErrorList\fr\Microsoft.VisualStudio.ErrorListPkg.resources.dll
[3c7c:000c][2026-05-10T01:36:03] Timestamp updated for file 'C:\Program Files (x86)\Microsoft Visual Studio\2022\BuildTools\Common7\IDE\CommonExtensions\Microsoft\ErrorList\fr\Microsoft.VisualStudio.ErrorListPkg.resources.dll'.
[3c7c:000c][2026-05-10T01:36:03] Processing file /it/Microsoft.VisualStudio.ErrorListPkg.resources.dll
[3c7c:000c][2026-05-10T01:36:03] Started: Copying file /it/Microsoft.VisualStudio.ErrorListPkg.resources.dll to C:\Program Files (x86)\Microsoft Visual Studio\2022\BuildTools\Common7\IDE\CommonExtensions\Microsoft\ErrorList\it\Microsoft.VisualStudio.ErrorListPkg.resources.dll
[3c7c:000c][2026-05-10T01:36:03] Completed: Copying file /it/Microsoft.VisualStudio.ErrorListPkg.resources.dll to C:\Program Files (x86)\Microsoft Visual Studio\2022\BuildTools\Common7\IDE\CommonExtensions\Microsoft\ErrorList\it\Microsoft.VisualStudio.ErrorListPkg.resources.dll
[3c7c:000c][2026-05-10T01:36:03] Timestamp updated for file 'C:\Program Files (x86)\Microsoft Visual Studio\2022\BuildTools\Common7\IDE\CommonExtensions\Microsoft\ErrorList\it\Microsoft.VisualStudio.ErrorListPkg.resources.dll'.
[3c7c:000c][2026-05-10T01:36:03] Processing file /ja/Microsoft.VisualStudio.ErrorListPkg.resources.dll
[3c7c:000c][2026-05-10T01:36:03] Started: Copying file /ja/Microsoft.VisualStudio.ErrorListPkg.resources.dll to C:\Program Files (x86)\Microsoft Visual Studio\2022\BuildTools\Common7\IDE\CommonExtensions\Microsoft\ErrorList\ja\Microsoft.VisualStudio.ErrorListPkg.resources.dll
[3c7c:000c][2026-05-10T01:36:03] Completed: Copying file /ja/Microsoft.VisualStudio.ErrorListPkg.resources.dll to C:\Program Files (x86)\Microsoft Visual Studio\2022\BuildTools\Common7\IDE\CommonExtensions\Microsoft\ErrorList\ja\Microsoft.VisualStudio.ErrorListPkg.resources.dll
[3c7c:000c][2026-05-10T01:36:03] Timestamp updated for file 'C:\Program Files (x86)\Microsoft Visual Studio\2022\BuildTools\Common7\IDE\CommonExtensions\Microsoft\ErrorList\ja\Microsoft.VisualStudio.ErrorListPkg.resources.dll'.
[3c7c:000c][2026-05-10T01:36:03] Processing file /ko/Microsoft.VisualStudio.ErrorListPkg.resources.dll
[3c7c:000c][2026-05-10T01:36:03] Started: Copying file /ko/Microsoft.VisualStudio.ErrorListPkg.resources.dll to C:\Program Files (x86)\Microsoft Visual Studio\2022\BuildTools\Common7\IDE\CommonExtensions\Microsoft\ErrorList\ko\Microsoft.VisualStudio.ErrorListPkg.resources.dll
[3c7c:000c][2026-05-10T01:36:03] Completed: Copying file /ko/Microsoft.VisualStudio.ErrorListPkg.resources.dll to C:\Program Files (x86)\Microsoft Visual Studio\2022\BuildTools\Common7\IDE\CommonExtensions\Microsoft\ErrorList\ko\Microsoft.VisualStudio.ErrorListPkg.resources.dll
[3c7c:000c][2026-05-10T01:36:03] Timestamp updated for file 'C:\Program Files (x86)\Microsoft Visual Studio\2022\BuildTools\Common7\IDE\CommonExtensions\Microsoft\ErrorList\ko\Microsoft.VisualStudio.ErrorListPkg.resources.dll'.
[3c7c:000c][2026-05-10T01:36:03] Processing file /License.rtf
[3c7c:000c][2026-05-10T01:36:03] Started: Copying file /License.rtf to C:\Program Files (x86)\Microsoft Visual Studio\2022\BuildTools\Common7\IDE\CommonExtensions\Microsoft\ErrorList\License.rtf
[3c7c:000c][2026-05-10T01:36:03] Completed: Copying file /License.rtf to C:\Program Files (x86)\Microsoft Visual Studio\2022\BuildTools\Common7\IDE\CommonExtensions\Microsoft\ErrorList\License.rtf
[3c7c:000c][2026-05-10T01:36:03] Timestamp updated for file 'C:\Program Files (x86)\Microsoft Visual Studio\2022\BuildTools\Common7\IDE\CommonExtensions\Microsoft\ErrorList\License.rtf'.
[3c7c:000c][2026-05-10T01:36:03] Processing file /manifest.json
[3c7c:000c][2026-05-10T01:36:03] Started: Copying file /manifest.json to C:\Program Files (x86)\Microsoft Visual Studio\2022\BuildTools\Common7\IDE\CommonExtensions\Microsoft\ErrorList\manifest.json
[3c7c:000c][2026-05-10T01:36:03] Completed: Copying file /manifest.json to C:\Program Files (x86)\Microsoft Visual Studio\2022\BuildTools\Common7\IDE\CommonExtensions\Microsoft\ErrorList\manifest.json
[3c7c:000c][2026-05-10T01:36:03] Timestamp updated for file 'C:\Program Files (x86)\Microsoft Visual Studio\2022\BuildTools\Common7\IDE\CommonExtensions\Microsoft\ErrorList\manifest.json'.
[3c7c:000c][2026-05-10T01:36:03] Processing file /Microsoft.VisualStudio.ErrorListPkg.dll
[3c7c:000c][2026-05-10T01:36:03] Started: Copying file /Microsoft.VisualStudio.ErrorListPkg.dll to C:\Program Files (x86)\Microsoft Visual Studio\2022\BuildTools\Common7\IDE\CommonExtensions\Microsoft\ErrorList\Microsoft.VisualStudio.ErrorListPkg.dll
[3c7c:000c][2026-05-10T01:36:03] Completed: Copying file /Microsoft.VisualStudio.ErrorListPkg.dll to C:\Program Files (x86)\Microsoft Visual Studio\2022\BuildTools\Common7\IDE\CommonExtensions\Microsoft\ErrorList\Microsoft.VisualStudio.ErrorListPkg.dll
[3c7c:000c][2026-05-10T01:36:03] Timestamp updated for file 'C:\Program Files (x86)\Microsoft Visual Studio\2022\BuildTools\Common7\IDE\CommonExtensions\Microsoft\ErrorList\Microsoft.VisualStudio.ErrorListPkg.dll'.
[3c7c:000c][2026-05-10T01:36:03] Queueing C:\Program Files (x86)\Microsoft Visual Studio\2022\BuildTools\Common7\IDE\CommonExtensions\Microsoft\ErrorList\Microsoft.VisualStudio.ErrorListPkg.dll for X86 ngen
[3c7c:000c][2026-05-10T01:36:03] Successfully queued file '/Microsoft.VisualStudio.ErrorListPkg.dll' for ngen
[3c7c:000c][2026-05-10T01:36:03] Processing file /Microsoft.VisualStudio.ErrorListPkg.pkgdef
[3c7c:000c][2026-05-10T01:36:03] Started: Copying file /Microsoft.VisualStudio.ErrorListPkg.pkgdef to C:\Program Files (x86)\Microsoft Visual Studio\2022\BuildTools\Common7\IDE\CommonExtensions\Microsoft\ErrorList\Microsoft.VisualStudio.ErrorListPkg.pkgdef
[3c7c:000c][2026-05-10T01:36:03] Completed: Copying file /Microsoft.VisualStudio.ErrorListPkg.pkgdef to C:\Program Files (x86)\Microsoft Visual Studio\2022\BuildTools\Common7\IDE\CommonExtensions\Microsoft\ErrorList\Microsoft.VisualStudio.ErrorListPkg.pkgdef
[3c7c:000c][2026-05-10T01:36:03] Timestamp updated for file 'C:\Program Files (x86)\Microsoft Visual Studio\2022\BuildTools\Common7\IDE\CommonExtensions\Microsoft\ErrorList\Microsoft.VisualStudio.ErrorListPkg.pkgdef'.
[3c7c:000c][2026-05-10T01:36:03] Processing file /pl/Microsoft.VisualStudio.ErrorListPkg.resources.dll
[3c7c:000c][2026-05-10T01:36:03] Started: Copying file /pl/Microsoft.VisualStudio.ErrorListPkg.resources.dll to C:\Program Files (x86)\Microsoft Visual Studio\2022\BuildTools\Common7\IDE\CommonExtensions\Microsoft\ErrorList\pl\Microsoft.VisualStudio.ErrorListPkg.resources.dll
[3c7c:000c][2026-05-10T01:36:03] Completed: Copying file /pl/Microsoft.VisualStudio.ErrorListPkg.resources.dll to C:\Program Files (x86)\Microsoft Visual Studio\2022\BuildTools\Common7\IDE\CommonExtensions\Microsoft\ErrorList\pl\Microsoft.VisualStudio.ErrorListPkg.resources.dll
[3c7c:000c][2026-05-10T01:36:03] Timestamp updated for file 'C:\Program Files (x86)\Microsoft Visual Studio\2022\BuildTools\Common7\IDE\CommonExtensions\Microsoft\ErrorList\pl\Microsoft.VisualStudio.ErrorListPkg.resources.dll'.
[3c7c:000c][2026-05-10T01:36:03] Processing file /pt-BR/Microsoft.VisualStudio.ErrorListPkg.resources.dll
[3c7c:000c][2026-05-10T01:36:03] Started: Copying file /pt-BR/Microsoft.VisualStudio.ErrorListPkg.resources.dll to C:\Program Files (x86)\Microsoft Visual Studio\2022\BuildTools\Common7\IDE\CommonExtensions\Microsoft\ErrorList\pt-BR\Microsoft.VisualStudio.ErrorListPkg.resources.dll
[3c7c:000c][2026-05-10T01:36:03] Completed: Copying file /pt-BR/Microsoft.VisualStudio.ErrorListPkg.resources.dll to C:\Program Files (x86)\Microsoft Visual Studio\2022\BuildTools\Common7\IDE\CommonExtensions\Microsoft\ErrorList\pt-BR\Microsoft.VisualStudio.ErrorListPkg.resources.dll
[3c7c:000c][2026-05-10T01:36:03] Timestamp updated for file 'C:\Program Files (x86)\Microsoft Visual Studio\2022\BuildTools\Common7\IDE\CommonExtensions\Microsoft\ErrorList\pt-BR\Microsoft.VisualStudio.ErrorListPkg.resources.dll'.
[3c7c:000c][2026-05-10T01:36:03] Processing file /ru/Microsoft.VisualStudio.ErrorListPkg.resources.dll
[3c7c:000c][2026-05-10T01:36:03] Started: Copying file /ru/Microsoft.VisualStudio.ErrorListPkg.resources.dll to C:\Program Files (x86)\Microsoft Visual Studio\2022\BuildTools\Common7\IDE\CommonExtensions\Microsoft\ErrorList\ru\Microsoft.VisualStudio.ErrorListPkg.resources.dll
[3c7c:000c][2026-05-10T01:36:03] Completed: Copying file /ru/Microsoft.VisualStudio.ErrorListPkg.resources.dll to C:\Program Files (x86)\Microsoft Visual Studio\2022\BuildTools\Common7\IDE\CommonExtensions\Microsoft\ErrorList\ru\Microsoft.VisualStudio.ErrorListPkg.resources.dll
[3c7c:000c][2026-05-10T01:36:03] Timestamp updated for file 'C:\Program Files (x86)\Microsoft Visual Studio\2022\BuildTools\Common7\IDE\CommonExtensions\Microsoft\ErrorList\ru\Microsoft.VisualStudio.ErrorListPkg.resources.dll'.
[3c7c:000c][2026-05-10T01:36:03] Processing file /tr/Microsoft.VisualStudio.ErrorListPkg.resources.dll
[3c7c:000c][2026-05-10T01:36:03] Started: Copying file /tr/Microsoft.VisualStudio.ErrorListPkg.resources.dll to C:\Program Files (x86)\Microsoft Visual Studio\2022\BuildTools\Common7\IDE\CommonExtensions\Microsoft\ErrorList\tr\Microsoft.VisualStudio.ErrorListPkg.resources.dll
[3c7c:000c][2026-05-10T01:36:03] Completed: Copying file /tr/Microsoft.VisualStudio.ErrorListPkg.resources.dll to C:\Program Files (x86)\Microsoft Visual Studio\2022\BuildTools\Common7\IDE\CommonExtensions\Microsoft\ErrorList\tr\Microsoft.VisualStudio.ErrorListPkg.resources.dll
[3c7c:000c][2026-05-10T01:36:03] Timestamp updated for file 'C:\Program Files (x86)\Microsoft Visual Studio\2022\BuildTools\Common7\IDE\CommonExtensions\Microsoft\ErrorList\tr\Microsoft.VisualStudio.ErrorListPkg.resources.dll'.
[3c7c:000c][2026-05-10T01:36:03] Processing file /zh-Hans/Microsoft.VisualStudio.ErrorListPkg.resources.dll
[3c7c:000c][2026-05-10T01:36:03] Started: Copying file /zh-Hans/Microsoft.VisualStudio.ErrorListPkg.resources.dll to C:\Program Files (x86)\Microsoft Visual Studio\2022\BuildTools\Common7\IDE\CommonExtensions\Microsoft\ErrorList\zh-Hans\Microsoft.VisualStudio.ErrorListPkg.resources.dll
[3c7c:000c][2026-05-10T01:36:03] Completed: Copying file /zh-Hans/Microsoft.VisualStudio.ErrorListPkg.resources.dll to C:\Program Files (x86)\Microsoft Visual Studio\2022\BuildTools\Common7\IDE\CommonExtensions\Microsoft\ErrorList\zh-Hans\Microsoft.VisualStudio.ErrorListPkg.resources.dll
[3c7c:000c][2026-05-10T01:36:03] Timestamp updated for file 'C:\Program Files (x86)\Microsoft Visual Studio\2022\BuildTools\Common7\IDE\CommonExtensions\Microsoft\ErrorList\zh-Hans\Microsoft.VisualStudio.ErrorListPkg.resources.dll'.
[3c7c:000c][2026-05-10T01:36:03] Processing file /zh-Hant/Microsoft.VisualStudio.ErrorListPkg.resources.dll
[3c7c:000c][2026-05-10T01:36:03] Started: Copying file /zh-Hant/Microsoft.VisualStudio.ErrorListPkg.resources.dll to C:\Program Files (x86)\Microsoft Visual Studio\2022\BuildTools\Common7\IDE\CommonExtensions\Microsoft\ErrorList\zh-Hant\Microsoft.VisualStudio.ErrorListPkg.resources.dll
[3c7c:000c][2026-05-10T01:36:03] Completed: Copying file /zh-Hant/Microsoft.VisualStudio.ErrorListPkg.resources.dll to C:\Program Files (x86)\Microsoft Visual Studio\2022\BuildTools\Common7\IDE\CommonExtensions\Microsoft\ErrorList\zh-Hant\Microsoft.VisualStudio.ErrorListPkg.resources.dll
[3c7c:000c][2026-05-10T01:36:03] Timestamp updated for file 'C:\Program Files (x86)\Microsoft Visual Studio\2022\BuildTools\Common7\IDE\CommonExtensions\Microsoft\ErrorList\zh-Hant\Microsoft.VisualStudio.ErrorListPkg.resources.dll'.
[3c7c:000c][2026-05-10T01:36:03] Processing file /extension.vsixmanifest
[3c7c:000c][2026-05-10T01:36:03] Started: Copying file /extension.vsixmanifest to C:\Program Files (x86)\Microsoft Visual Studio\2022\BuildTools\Common7\IDE\CommonExtensions\Microsoft\ErrorList\extension.vsixmanifest
[3c7c:000c][2026-05-10T01:36:03] Completed: Copying file /extension.vsixmanifest to C:\Program Files (x86)\Microsoft Visual Studio\2022\BuildTools\Common7\IDE\CommonExtensions\Microsoft\ErrorList\extension.vsixmanifest
[3c7c:000c][2026-05-10T01:36:03] Timestamp updated for file 'C:\Program Files (x86)\Microsoft Visual Studio\2022\BuildTools\Common7\IDE\CommonExtensions\Microsoft\ErrorList\extension.vsixmanifest'.
[3c7c:000c][2026-05-10T01:36:03] Package executed successfully. Return code: 0
