[2e2c:0007][2026-05-10T01:23:36] Opening the package for processing
[2e2c:0007][2026-05-10T01:23:36] Using package payload to get the embedded manifest
[2e2c:0007][2026-05-10T01:23:36] Getting list of files within the package
[2e2c:0007][2026-05-10T01:23:36] Processing file /Contents/Msbuild/Microsoft/VC/v170/Platforms/Win32/Platform.Common.props
[2e2c:0007][2026-05-10T01:23:36] Started: Copying file /Contents/Msbuild/Microsoft/VC/v170/Platforms/Win32/Platform.Common.props to D:\Program Files (x86)\Microsoft Visual Studio\2022\BuildTools\Msbuild\Microsoft\VC\v170\Platforms\Win32\Platform.Common.props
[2e2c:0007][2026-05-10T01:23:36] Completed: Copying file /Contents/Msbuild/Microsoft/VC/v170/Platforms/Win32/Platform.Common.props to D:\Program Files (x86)\Microsoft Visual Studio\2022\BuildTools\Msbuild\Microsoft\VC\v170\Platforms\Win32\Platform.Common.props
[2e2c:0007][2026-05-10T01:23:36] Timestamp updated for file 'D:\Program Files (x86)\Microsoft Visual Studio\2022\BuildTools\Msbuild\Microsoft\VC\v170\Platforms\Win32\Platform.Common.props'.
[2e2c:0007][2026-05-10T01:23:36] Processing file /Contents/Msbuild/Microsoft/VC/v170/Platforms/Win32/Platform.Default.props
[2e2c:0007][2026-05-10T01:23:36] Started: Copying file /Contents/Msbuild/Microsoft/VC/v170/Platforms/Win32/Platform.Default.props to D:\Program Files (x86)\Microsoft Visual Studio\2022\BuildTools\Msbuild\Microsoft\VC\v170\Platforms\Win32\Platform.Default.props
[2e2c:0007][2026-05-10T01:23:36] Completed: Copying file /Contents/Msbuild/Microsoft/VC/v170/Platforms/Win32/Platform.Default.props to D:\Program Files (x86)\Microsoft Visual Studio\2022\BuildTools\Msbuild\Microsoft\VC\v170\Platforms\Win32\Platform.Default.props
[2e2c:0007][2026-05-10T01:23:36] Timestamp updated for file 'D:\Program Files (x86)\Microsoft Visual Studio\2022\BuildTools\Msbuild\Microsoft\VC\v170\Platforms\Win32\Platform.Default.props'.
[2e2c:0007][2026-05-10T01:23:36] Processing file /Contents/Msbuild/Microsoft/VC/v170/Platforms/Win32/Platform.props
[2e2c:0007][2026-05-10T01:23:36] Started: Copying file /Contents/Msbuild/Microsoft/VC/v170/Platforms/Win32/Platform.props to D:\Program Files (x86)\Microsoft Visual Studio\2022\BuildTools\Msbuild\Microsoft\VC\v170\Platforms\Win32\Platform.props
[2e2c:0007][2026-05-10T01:23:36] Completed: Copying file /Contents/Msbuild/Microsoft/VC/v170/Platforms/Win32/Platform.props to D:\Program Files (x86)\Microsoft Visual Studio\2022\BuildTools\Msbuild\Microsoft\VC\v170\Platforms\Win32\Platform.props
[2e2c:0007][2026-05-10T01:23:36] Timestamp updated for file 'D:\Program Files (x86)\Microsoft Visual Studio\2022\BuildTools\Msbuild\Microsoft\VC\v170\Platforms\Win32\Platform.props'.
[2e2c:0007][2026-05-10T01:23:36] Processing file /Contents/Msbuild/Microsoft/VC/v170/Platforms/Win32/Platform.targets
[2e2c:0007][2026-05-10T01:23:36] Started: Copying file /Contents/Msbuild/Microsoft/VC/v170/Platforms/Win32/Platform.targets to D:\Program Files (x86)\Microsoft Visual Studio\2022\BuildTools\Msbuild\Microsoft\VC\v170\Platforms\Win32\Platform.targets
[2e2c:0007][2026-05-10T01:23:36] Completed: Copying file /Contents/Msbuild/Microsoft/VC/v170/Platforms/Win32/Platform.targets to D:\Program Files (x86)\Microsoft Visual Studio\2022\BuildTools\Msbuild\Microsoft\VC\v170\Platforms\Win32\Platform.targets
[2e2c:0007][2026-05-10T01:23:36] Timestamp updated for file 'D:\Program Files (x86)\Microsoft Visual Studio\2022\BuildTools\Msbuild\Microsoft\VC\v170\Platforms\Win32\Platform.targets'.
[2e2c:0007][2026-05-10T01:23:36] Package executed successfully. Return code: 0
