[18d4:0007][2026-05-10T02:03:56] Opening the package for processing
[18d4:0007][2026-05-10T02:03:56] Using package payload to get the embedded manifest
[18d4:0007][2026-05-10T02:03:56] Getting list of files within the package
[18d4:0007][2026-05-10T02:03:56] Processing file /Contents/Common7/IDE/CommonExtensions/Microsoft/ClientDiagnostics/ClientDiagnostics.pkgdef
[18d4:0007][2026-05-10T02:03:56] Started: Copying file /Contents/Common7/IDE/CommonExtensions/Microsoft/ClientDiagnostics/ClientDiagnostics.pkgdef to D:\Program Files (x86)\Microsoft Visual Studio\2022\BuildTools\Common7\IDE\CommonExtensions\Microsoft\ClientDiagnostics\ClientDiagnostics.pkgdef
[18d4:0007][2026-05-10T02:03:56] Completed: Copying file /Contents/Common7/IDE/CommonExtensions/Microsoft/ClientDiagnostics/ClientDiagnostics.pkgdef to D:\Program Files (x86)\Microsoft Visual Studio\2022\BuildTools\Common7\IDE\CommonExtensions\Microsoft\ClientDiagnostics\ClientDiagnostics.pkgdef
[18d4:0007][2026-05-10T02:03:56] Timestamp updated for file 'D:\Program Files (x86)\Microsoft Visual Studio\2022\BuildTools\Common7\IDE\CommonExtensions\Microsoft\ClientDiagnostics\ClientDiagnostics.pkgdef'.
[18d4:0007][2026-05-10T02:03:56] Processing file /Contents/Common7/IDE/CommonExtensions/Microsoft/ClientDiagnostics/CommonColors.pkgdef
[18d4:0007][2026-05-10T02:03:56] Started: Copying file /Contents/Common7/IDE/CommonExtensions/Microsoft/ClientDiagnostics/CommonColors.pkgdef to D:\Program Files (x86)\Microsoft Visual Studio\2022\BuildTools\Common7\IDE\CommonExtensions\Microsoft\ClientDiagnostics\CommonColors.pkgdef
[18d4:0007][2026-05-10T02:03:56] Completed: Copying file /Contents/Common7/IDE/CommonExtensions/Microsoft/ClientDiagnostics/CommonColors.pkgdef to D:\Program Files (x86)\Microsoft Visual Studio\2022\BuildTools\Common7\IDE\CommonExtensions\Microsoft\ClientDiagnostics\CommonColors.pkgdef
[18d4:0007][2026-05-10T02:03:56] Timestamp updated for file 'D:\Program Files (x86)\Microsoft Visual Studio\2022\BuildTools\Common7\IDE\CommonExtensions\Microsoft\ClientDiagnostics\CommonColors.pkgdef'.
[18d4:0007][2026-05-10T02:03:56] Processing file /Contents/Common7/IDE/CommonExtensions/Microsoft/ClientDiagnostics/default.natjmc
[18d4:0007][2026-05-10T02:03:56] Started: Copying file /Contents/Common7/IDE/CommonExtensions/Microsoft/ClientDiagnostics/default.natjmc to D:\Program Files (x86)\Microsoft Visual Studio\2022\BuildTools\Common7\IDE\CommonExtensions\Microsoft\ClientDiagnostics\default.natjmc
[18d4:0007][2026-05-10T02:03:56] Completed: Copying file /Contents/Common7/IDE/CommonExtensions/Microsoft/ClientDiagnostics/default.natjmc to D:\Program Files (x86)\Microsoft Visual Studio\2022\BuildTools\Common7\IDE\CommonExtensions\Microsoft\ClientDiagnostics\default.natjmc
[18d4:0007][2026-05-10T02:03:56] Timestamp updated for file 'D:\Program Files (x86)\Microsoft Visual Studio\2022\BuildTools\Common7\IDE\CommonExtensions\Microsoft\ClientDiagnostics\default.natjmc'.
[18d4:0007][2026-05-10T02:03:56] Processing file /Contents/Common7/IDE/CommonExtensions/Microsoft/ClientDiagnostics/Microsoft.VisualStudio.ClientDiagnostics.Common.dll
[18d4:0007][2026-05-10T02:03:56] Started: Copying file /Contents/Common7/IDE/CommonExtensions/Microsoft/ClientDiagnostics/Microsoft.VisualStudio.ClientDiagnostics.Common.dll to D:\Program Files (x86)\Microsoft Visual Studio\2022\BuildTools\Common7\IDE\CommonExtensions\Microsoft\ClientDiagnostics\Microsoft.VisualStudio.ClientDiagnostics.Common.dll
[18d4:0007][2026-05-10T02:03:56] Completed: Copying file /Contents/Common7/IDE/CommonExtensions/Microsoft/ClientDiagnostics/Microsoft.VisualStudio.ClientDiagnostics.Common.dll to D:\Program Files (x86)\Microsoft Visual Studio\2022\BuildTools\Common7\IDE\CommonExtensions\Microsoft\ClientDiagnostics\Microsoft.VisualStudio.ClientDiagnostics.Common.dll
[18d4:0007][2026-05-10T02:03:56] Timestamp updated for file 'D:\Program Files (x86)\Microsoft Visual Studio\2022\BuildTools\Common7\IDE\CommonExtensions\Microsoft\ClientDiagnostics\Microsoft.VisualStudio.ClientDiagnostics.Common.dll'.
[18d4:0007][2026-05-10T02:03:56] Processing file /Contents/Common7/IDE/CommonExtensions/Microsoft/ClientDiagnostics/Microsoft.VisualStudio.ClientDiagnostics.dll
[18d4:0007][2026-05-10T02:03:56] Started: Copying file /Contents/Common7/IDE/CommonExtensions/Microsoft/ClientDiagnostics/Microsoft.VisualStudio.ClientDiagnostics.dll to D:\Program Files (x86)\Microsoft Visual Studio\2022\BuildTools\Common7\IDE\CommonExtensions\Microsoft\ClientDiagnostics\Microsoft.VisualStudio.ClientDiagnostics.dll
[18d4:0007][2026-05-10T02:03:56] Completed: Copying file /Contents/Common7/IDE/CommonExtensions/Microsoft/ClientDiagnostics/Microsoft.VisualStudio.ClientDiagnostics.dll to D:\Program Files (x86)\Microsoft Visual Studio\2022\BuildTools\Common7\IDE\CommonExtensions\Microsoft\ClientDiagnostics\Microsoft.VisualStudio.ClientDiagnostics.dll
[18d4:0007][2026-05-10T02:03:56] Timestamp updated for file 'D:\Program Files (x86)\Microsoft Visual Studio\2022\BuildTools\Common7\IDE\CommonExtensions\Microsoft\ClientDiagnostics\Microsoft.VisualStudio.ClientDiagnostics.dll'.
[18d4:0007][2026-05-10T02:03:56] Processing file /Contents/VC/Auxiliary/VS/include/VSCustomNativeHeapEtwProvider.h
[18d4:0007][2026-05-10T02:03:56] Started: Copying file /Contents/VC/Auxiliary/VS/include/VSCustomNativeHeapEtwProvider.h to D:\Program Files (x86)\Microsoft Visual Studio\2022\BuildTools\VC\Auxiliary\VS\include\VSCustomNativeHeapEtwProvider.h
[18d4:0007][2026-05-10T02:03:56] Completed: Copying file /Contents/VC/Auxiliary/VS/include/VSCustomNativeHeapEtwProvider.h to D:\Program Files (x86)\Microsoft Visual Studio\2022\BuildTools\VC\Auxiliary\VS\include\VSCustomNativeHeapEtwProvider.h
[18d4:0007][2026-05-10T02:03:56] Timestamp updated for file 'D:\Program Files (x86)\Microsoft Visual Studio\2022\BuildTools\VC\Auxiliary\VS\include\VSCustomNativeHeapEtwProvider.h'.
[18d4:0007][2026-05-10T02:03:56] Processing file /Contents/VC/Auxiliary/VS/lib/arm/VSCustomNativeHeapEtwProvider.lib
[18d4:0007][2026-05-10T02:03:56] Started: Copying file /Contents/VC/Auxiliary/VS/lib/arm/VSCustomNativeHeapEtwProvider.lib to D:\Program Files (x86)\Microsoft Visual Studio\2022\BuildTools\VC\Auxiliary\VS\lib\arm\VSCustomNativeHeapEtwProvider.lib
[18d4:0007][2026-05-10T02:03:56] Completed: Copying file /Contents/VC/Auxiliary/VS/lib/arm/VSCustomNativeHeapEtwProvider.lib to D:\Program Files (x86)\Microsoft Visual Studio\2022\BuildTools\VC\Auxiliary\VS\lib\arm\VSCustomNativeHeapEtwProvider.lib
[18d4:0007][2026-05-10T02:03:56] Timestamp updated for file 'D:\Program Files (x86)\Microsoft Visual Studio\2022\BuildTools\VC\Auxiliary\VS\lib\arm\VSCustomNativeHeapEtwProvider.lib'.
[18d4:0007][2026-05-10T02:03:56] Processing file /Contents/VC/Auxiliary/VS/lib/onecore/arm/VSCustomNativeHeapEtwProvider.lib
[18d4:0007][2026-05-10T02:03:56] Started: Copying file /Contents/VC/Auxiliary/VS/lib/onecore/arm/VSCustomNativeHeapEtwProvider.lib to D:\Program Files (x86)\Microsoft Visual Studio\2022\BuildTools\VC\Auxiliary\VS\lib\onecore\arm\VSCustomNativeHeapEtwProvider.lib
[18d4:0007][2026-05-10T02:03:56] Completed: Copying file /Contents/VC/Auxiliary/VS/lib/onecore/arm/VSCustomNativeHeapEtwProvider.lib to D:\Program Files (x86)\Microsoft Visual Studio\2022\BuildTools\VC\Auxiliary\VS\lib\onecore\arm\VSCustomNativeHeapEtwProvider.lib
[18d4:0007][2026-05-10T02:03:56] Timestamp updated for file 'D:\Program Files (x86)\Microsoft Visual Studio\2022\BuildTools\VC\Auxiliary\VS\lib\onecore\arm\VSCustomNativeHeapEtwProvider.lib'.
[18d4:0007][2026-05-10T02:03:56] Processing file /Contents/VC/Auxiliary/VS/lib/onecore/x64/VSCustomNativeHeapEtwProvider.lib
[18d4:0007][2026-05-10T02:03:56] Started: Copying file /Contents/VC/Auxiliary/VS/lib/onecore/x64/VSCustomNativeHeapEtwProvider.lib to D:\Program Files (x86)\Microsoft Visual Studio\2022\BuildTools\VC\Auxiliary\VS\lib\onecore\x64\VSCustomNativeHeapEtwProvider.lib
[18d4:0007][2026-05-10T02:03:56] Completed: Copying file /Contents/VC/Auxiliary/VS/lib/onecore/x64/VSCustomNativeHeapEtwProvider.lib to D:\Program Files (x86)\Microsoft Visual Studio\2022\BuildTools\VC\Auxiliary\VS\lib\onecore\x64\VSCustomNativeHeapEtwProvider.lib
[18d4:0007][2026-05-10T02:03:56] Timestamp updated for file 'D:\Program Files (x86)\Microsoft Visual Studio\2022\BuildTools\VC\Auxiliary\VS\lib\onecore\x64\VSCustomNativeHeapEtwProvider.lib'.
[18d4:0007][2026-05-10T02:03:56] Processing file /Contents/VC/Auxiliary/VS/lib/onecore/x86/VSCustomNativeHeapEtwProvider.lib
[18d4:0007][2026-05-10T02:03:56] Started: Copying file /Contents/VC/Auxiliary/VS/lib/onecore/x86/VSCustomNativeHeapEtwProvider.lib to D:\Program Files (x86)\Microsoft Visual Studio\2022\BuildTools\VC\Auxiliary\VS\lib\onecore\x86\VSCustomNativeHeapEtwProvider.lib
[18d4:0007][2026-05-10T02:03:56] Completed: Copying file /Contents/VC/Auxiliary/VS/lib/onecore/x86/VSCustomNativeHeapEtwProvider.lib to D:\Program Files (x86)\Microsoft Visual Studio\2022\BuildTools\VC\Auxiliary\VS\lib\onecore\x86\VSCustomNativeHeapEtwProvider.lib
[18d4:0007][2026-05-10T02:03:56] Timestamp updated for file 'D:\Program Files (x86)\Microsoft Visual Studio\2022\BuildTools\VC\Auxiliary\VS\lib\onecore\x86\VSCustomNativeHeapEtwProvider.lib'.
[18d4:0007][2026-05-10T02:03:56] Processing file /Contents/VC/Auxiliary/VS/lib/x64/VSCustomNativeHeapEtwProvider.lib
[18d4:0007][2026-05-10T02:03:56] Started: Copying file /Contents/VC/Auxiliary/VS/lib/x64/VSCustomNativeHeapEtwProvider.lib to D:\Program Files (x86)\Microsoft Visual Studio\2022\BuildTools\VC\Auxiliary\VS\lib\x64\VSCustomNativeHeapEtwProvider.lib
[18d4:0007][2026-05-10T02:03:56] Completed: Copying file /Contents/VC/Auxiliary/VS/lib/x64/VSCustomNativeHeapEtwProvider.lib to D:\Program Files (x86)\Microsoft Visual Studio\2022\BuildTools\VC\Auxiliary\VS\lib\x64\VSCustomNativeHeapEtwProvider.lib
[18d4:0007][2026-05-10T02:03:56] Timestamp updated for file 'D:\Program Files (x86)\Microsoft Visual Studio\2022\BuildTools\VC\Auxiliary\VS\lib\x64\VSCustomNativeHeapEtwProvider.lib'.
[18d4:0007][2026-05-10T02:03:56] Processing file /Contents/VC/Auxiliary/VS/lib/x86/VSCustomNativeHeapEtwProvider.lib
[18d4:0007][2026-05-10T02:03:56] Started: Copying file /Contents/VC/Auxiliary/VS/lib/x86/VSCustomNativeHeapEtwProvider.lib to D:\Program Files (x86)\Microsoft Visual Studio\2022\BuildTools\VC\Auxiliary\VS\lib\x86\VSCustomNativeHeapEtwProvider.lib
[18d4:0007][2026-05-10T02:03:56] Completed: Copying file /Contents/VC/Auxiliary/VS/lib/x86/VSCustomNativeHeapEtwProvider.lib to D:\Program Files (x86)\Microsoft Visual Studio\2022\BuildTools\VC\Auxiliary\VS\lib\x86\VSCustomNativeHeapEtwProvider.lib
[18d4:0007][2026-05-10T02:03:56] Timestamp updated for file 'D:\Program Files (x86)\Microsoft Visual Studio\2022\BuildTools\VC\Auxiliary\VS\lib\x86\VSCustomNativeHeapEtwProvider.lib'.
[18d4:0007][2026-05-10T02:03:56] Processing file /Contents/Common7/IDE/CommonExtensions/Microsoft/ClientDiagnostics/extension.vsixmanifest
[18d4:0007][2026-05-10T02:03:56] Started: Copying file /Contents/Common7/IDE/CommonExtensions/Microsoft/ClientDiagnostics/extension.vsixmanifest to D:\Program Files (x86)\Microsoft Visual Studio\2022\BuildTools\Common7\IDE\CommonExtensions\Microsoft\ClientDiagnostics\extension.vsixmanifest
[18d4:0007][2026-05-10T02:03:56] Completed: Copying file /Contents/Common7/IDE/CommonExtensions/Microsoft/ClientDiagnostics/extension.vsixmanifest to D:\Program Files (x86)\Microsoft Visual Studio\2022\BuildTools\Common7\IDE\CommonExtensions\Microsoft\ClientDiagnostics\extension.vsixmanifest
[18d4:0007][2026-05-10T02:03:56] Timestamp updated for file 'D:\Program Files (x86)\Microsoft Visual Studio\2022\BuildTools\Common7\IDE\CommonExtensions\Microsoft\ClientDiagnostics\extension.vsixmanifest'.
[18d4:0007][2026-05-10T02:03:56] Package executed successfully. Return code: 0
