[da4c:0007][2026-05-10T00:49:52] Opening the package for processing
[da4c:0007][2026-05-10T00:49:52] Using package payload to get the embedded manifest
[da4c:0007][2026-05-10T00:49:52] Getting list of files within the package
[da4c:0007][2026-05-10T00:49:52] Processing file /Contents/Common7/IDE/CommonExtensions/Platform/Debugger/msvsmon_x64.pkgdef
[da4c:0007][2026-05-10T00:49:52] Started: Copying file /Contents/Common7/IDE/CommonExtensions/Platform/Debugger/msvsmon_x64.pkgdef to D:\Program\Common7\IDE\CommonExtensions\Platform\Debugger\msvsmon_x64.pkgdef
[da4c:0007][2026-05-10T00:49:52] Completed: Copying file /Contents/Common7/IDE/CommonExtensions/Platform/Debugger/msvsmon_x64.pkgdef to D:\Program\Common7\IDE\CommonExtensions\Platform\Debugger\msvsmon_x64.pkgdef
[da4c:0007][2026-05-10T00:49:52] Timestamp updated for file 'D:\Program\Common7\IDE\CommonExtensions\Platform\Debugger\msvsmon_x64.pkgdef'.
[da4c:0007][2026-05-10T00:49:52] Processing file /Contents/Common7/IDE/Remote%20Debugger/x64/api-ms-win-core-console-l1-1-0.dll
[da4c:0007][2026-05-10T00:49:52] Started: Copying file /Contents/Common7/IDE/Remote%20Debugger/x64/api-ms-win-core-console-l1-1-0.dll to D:\Program\Common7\IDE\Remote Debugger\x64\api-ms-win-core-console-l1-1-0.dll
[da4c:0007][2026-05-10T00:49:52] Completed: Copying file /Contents/Common7/IDE/Remote%20Debugger/x64/api-ms-win-core-console-l1-1-0.dll to D:\Program\Common7\IDE\Remote Debugger\x64\api-ms-win-core-console-l1-1-0.dll
[da4c:0007][2026-05-10T00:49:52] Timestamp updated for file 'D:\Program\Common7\IDE\Remote Debugger\x64\api-ms-win-core-console-l1-1-0.dll'.
[da4c:0007][2026-05-10T00:49:52] Processing file /Contents/Common7/IDE/Remote%20Debugger/x64/api-ms-win-core-datetime-l1-1-0.dll
[da4c:0007][2026-05-10T00:49:52] Started: Copying file /Contents/Common7/IDE/Remote%20Debugger/x64/api-ms-win-core-datetime-l1-1-0.dll to D:\Program\Common7\IDE\Remote Debugger\x64\api-ms-win-core-datetime-l1-1-0.dll
[da4c:0007][2026-05-10T00:49:52] Completed: Copying file /Contents/Common7/IDE/Remote%20Debugger/x64/api-ms-win-core-datetime-l1-1-0.dll to D:\Program\Common7\IDE\Remote Debugger\x64\api-ms-win-core-datetime-l1-1-0.dll
[da4c:0007][2026-05-10T00:49:52] Timestamp updated for file 'D:\Program\Common7\IDE\Remote Debugger\x64\api-ms-win-core-datetime-l1-1-0.dll'.
[da4c:0007][2026-05-10T00:49:52] Processing file /Contents/Common7/IDE/Remote%20Debugger/x64/api-ms-win-core-debug-l1-1-0.dll
[da4c:0007][2026-05-10T00:49:52] Started: Copying file /Contents/Common7/IDE/Remote%20Debugger/x64/api-ms-win-core-debug-l1-1-0.dll to D:\Program\Common7\IDE\Remote Debugger\x64\api-ms-win-core-debug-l1-1-0.dll
[da4c:0007][2026-05-10T00:49:52] Completed: Copying file /Contents/Common7/IDE/Remote%20Debugger/x64/api-ms-win-core-debug-l1-1-0.dll to D:\Program\Common7\IDE\Remote Debugger\x64\api-ms-win-core-debug-l1-1-0.dll
[da4c:0007][2026-05-10T00:49:52] Timestamp updated for file 'D:\Program\Common7\IDE\Remote Debugger\x64\api-ms-win-core-debug-l1-1-0.dll'.
[da4c:0007][2026-05-10T00:49:52] Processing file /Contents/Common7/IDE/Remote%20Debugger/x64/api-ms-win-core-errorhandling-l1-1-0.dll
[da4c:0007][2026-05-10T00:49:52] Started: Copying file /Contents/Common7/IDE/Remote%20Debugger/x64/api-ms-win-core-errorhandling-l1-1-0.dll to D:\Program\Common7\IDE\Remote Debugger\x64\api-ms-win-core-errorhandling-l1-1-0.dll
[da4c:0007][2026-05-10T00:49:52] Completed: Copying file /Contents/Common7/IDE/Remote%20Debugger/x64/api-ms-win-core-errorhandling-l1-1-0.dll to D:\Program\Common7\IDE\Remote Debugger\x64\api-ms-win-core-errorhandling-l1-1-0.dll
[da4c:0007][2026-05-10T00:49:52] Timestamp updated for file 'D:\Program\Common7\IDE\Remote Debugger\x64\api-ms-win-core-errorhandling-l1-1-0.dll'.
[da4c:0007][2026-05-10T00:49:52] Processing file /Contents/Common7/IDE/Remote%20Debugger/x64/api-ms-win-core-file-l1-1-0.dll
[da4c:0007][2026-05-10T00:49:52] Started: Copying file /Contents/Common7/IDE/Remote%20Debugger/x64/api-ms-win-core-file-l1-1-0.dll to D:\Program\Common7\IDE\Remote Debugger\x64\api-ms-win-core-file-l1-1-0.dll
[da4c:0007][2026-05-10T00:49:52] Completed: Copying file /Contents/Common7/IDE/Remote%20Debugger/x64/api-ms-win-core-file-l1-1-0.dll to D:\Program\Common7\IDE\Remote Debugger\x64\api-ms-win-core-file-l1-1-0.dll
[da4c:0007][2026-05-10T00:49:52] Timestamp updated for file 'D:\Program\Common7\IDE\Remote Debugger\x64\api-ms-win-core-file-l1-1-0.dll'.
[da4c:0007][2026-05-10T00:49:52] Processing file /Contents/Common7/IDE/Remote%20Debugger/x64/api-ms-win-core-file-l1-2-0.dll
[da4c:0007][2026-05-10T00:49:52] Started: Copying file /Contents/Common7/IDE/Remote%20Debugger/x64/api-ms-win-core-file-l1-2-0.dll to D:\Program\Common7\IDE\Remote Debugger\x64\api-ms-win-core-file-l1-2-0.dll
[da4c:0007][2026-05-10T00:49:52] Completed: Copying file /Contents/Common7/IDE/Remote%20Debugger/x64/api-ms-win-core-file-l1-2-0.dll to D:\Program\Common7\IDE\Remote Debugger\x64\api-ms-win-core-file-l1-2-0.dll
[da4c:0007][2026-05-10T00:49:52] Timestamp updated for file 'D:\Program\Common7\IDE\Remote Debugger\x64\api-ms-win-core-file-l1-2-0.dll'.
[da4c:0007][2026-05-10T00:49:52] Processing file /Contents/Common7/IDE/Remote%20Debugger/x64/api-ms-win-core-file-l2-1-0.dll
[da4c:0007][2026-05-10T00:49:52] Started: Copying file /Contents/Common7/IDE/Remote%20Debugger/x64/api-ms-win-core-file-l2-1-0.dll to D:\Program\Common7\IDE\Remote Debugger\x64\api-ms-win-core-file-l2-1-0.dll
[da4c:0007][2026-05-10T00:49:52] Completed: Copying file /Contents/Common7/IDE/Remote%20Debugger/x64/api-ms-win-core-file-l2-1-0.dll to D:\Program\Common7\IDE\Remote Debugger\x64\api-ms-win-core-file-l2-1-0.dll
[da4c:0007][2026-05-10T00:49:52] Timestamp updated for file 'D:\Program\Common7\IDE\Remote Debugger\x64\api-ms-win-core-file-l2-1-0.dll'.
[da4c:0007][2026-05-10T00:49:52] Processing file /Contents/Common7/IDE/Remote%20Debugger/x64/api-ms-win-core-handle-l1-1-0.dll
[da4c:0007][2026-05-10T00:49:52] Started: Copying file /Contents/Common7/IDE/Remote%20Debugger/x64/api-ms-win-core-handle-l1-1-0.dll to D:\Program\Common7\IDE\Remote Debugger\x64\api-ms-win-core-handle-l1-1-0.dll
[da4c:0007][2026-05-10T00:49:52] Completed: Copying file /Contents/Common7/IDE/Remote%20Debugger/x64/api-ms-win-core-handle-l1-1-0.dll to D:\Program\Common7\IDE\Remote Debugger\x64\api-ms-win-core-handle-l1-1-0.dll
[da4c:0007][2026-05-10T00:49:52] Timestamp updated for file 'D:\Program\Common7\IDE\Remote Debugger\x64\api-ms-win-core-handle-l1-1-0.dll'.
[da4c:0007][2026-05-10T00:49:52] Processing file /Contents/Common7/IDE/Remote%20Debugger/x64/api-ms-win-core-heap-l1-1-0.dll
[da4c:0007][2026-05-10T00:49:52] Started: Copying file /Contents/Common7/IDE/Remote%20Debugger/x64/api-ms-win-core-heap-l1-1-0.dll to D:\Program\Common7\IDE\Remote Debugger\x64\api-ms-win-core-heap-l1-1-0.dll
[da4c:0007][2026-05-10T00:49:52] Completed: Copying file /Contents/Common7/IDE/Remote%20Debugger/x64/api-ms-win-core-heap-l1-1-0.dll to D:\Program\Common7\IDE\Remote Debugger\x64\api-ms-win-core-heap-l1-1-0.dll
[da4c:0007][2026-05-10T00:49:52] Timestamp updated for file 'D:\Program\Common7\IDE\Remote Debugger\x64\api-ms-win-core-heap-l1-1-0.dll'.
[da4c:0007][2026-05-10T00:49:52] Processing file /Contents/Common7/IDE/Remote%20Debugger/x64/api-ms-win-core-interlocked-l1-1-0.dll
[da4c:0007][2026-05-10T00:49:52] Started: Copying file /Contents/Common7/IDE/Remote%20Debugger/x64/api-ms-win-core-interlocked-l1-1-0.dll to D:\Program\Common7\IDE\Remote Debugger\x64\api-ms-win-core-interlocked-l1-1-0.dll
[da4c:0007][2026-05-10T00:49:52] Completed: Copying file /Contents/Common7/IDE/Remote%20Debugger/x64/api-ms-win-core-interlocked-l1-1-0.dll to D:\Program\Common7\IDE\Remote Debugger\x64\api-ms-win-core-interlocked-l1-1-0.dll
[da4c:0007][2026-05-10T00:49:52] Timestamp updated for file 'D:\Program\Common7\IDE\Remote Debugger\x64\api-ms-win-core-interlocked-l1-1-0.dll'.
[da4c:0007][2026-05-10T00:49:52] Processing file /Contents/Common7/IDE/Remote%20Debugger/x64/api-ms-win-core-libraryloader-l1-1-0.dll
[da4c:0007][2026-05-10T00:49:52] Started: Copying file /Contents/Common7/IDE/Remote%20Debugger/x64/api-ms-win-core-libraryloader-l1-1-0.dll to D:\Program\Common7\IDE\Remote Debugger\x64\api-ms-win-core-libraryloader-l1-1-0.dll
[da4c:0007][2026-05-10T00:49:52] Completed: Copying file /Contents/Common7/IDE/Remote%20Debugger/x64/api-ms-win-core-libraryloader-l1-1-0.dll to D:\Program\Common7\IDE\Remote Debugger\x64\api-ms-win-core-libraryloader-l1-1-0.dll
[da4c:0007][2026-05-10T00:49:52] Timestamp updated for file 'D:\Program\Common7\IDE\Remote Debugger\x64\api-ms-win-core-libraryloader-l1-1-0.dll'.
[da4c:0007][2026-05-10T00:49:52] Processing file /Contents/Common7/IDE/Remote%20Debugger/x64/api-ms-win-core-localization-l1-2-0.dll
[da4c:0007][2026-05-10T00:49:52] Started: Copying file /Contents/Common7/IDE/Remote%20Debugger/x64/api-ms-win-core-localization-l1-2-0.dll to D:\Program\Common7\IDE\Remote Debugger\x64\api-ms-win-core-localization-l1-2-0.dll
[da4c:0007][2026-05-10T00:49:52] Completed: Copying file /Contents/Common7/IDE/Remote%20Debugger/x64/api-ms-win-core-localization-l1-2-0.dll to D:\Program\Common7\IDE\Remote Debugger\x64\api-ms-win-core-localization-l1-2-0.dll
[da4c:0007][2026-05-10T00:49:52] Timestamp updated for file 'D:\Program\Common7\IDE\Remote Debugger\x64\api-ms-win-core-localization-l1-2-0.dll'.
[da4c:0007][2026-05-10T00:49:52] Processing file /Contents/Common7/IDE/Remote%20Debugger/x64/api-ms-win-core-memory-l1-1-0.dll
[da4c:0007][2026-05-10T00:49:52] Started: Copying file /Contents/Common7/IDE/Remote%20Debugger/x64/api-ms-win-core-memory-l1-1-0.dll to D:\Program\Common7\IDE\Remote Debugger\x64\api-ms-win-core-memory-l1-1-0.dll
[da4c:0007][2026-05-10T00:49:52] Completed: Copying file /Contents/Common7/IDE/Remote%20Debugger/x64/api-ms-win-core-memory-l1-1-0.dll to D:\Program\Common7\IDE\Remote Debugger\x64\api-ms-win-core-memory-l1-1-0.dll
[da4c:0007][2026-05-10T00:49:52] Timestamp updated for file 'D:\Program\Common7\IDE\Remote Debugger\x64\api-ms-win-core-memory-l1-1-0.dll'.
[da4c:0007][2026-05-10T00:49:52] Processing file /Contents/Common7/IDE/Remote%20Debugger/x64/api-ms-win-core-namedpipe-l1-1-0.dll
[da4c:0007][2026-05-10T00:49:52] Started: Copying file /Contents/Common7/IDE/Remote%20Debugger/x64/api-ms-win-core-namedpipe-l1-1-0.dll to D:\Program\Common7\IDE\Remote Debugger\x64\api-ms-win-core-namedpipe-l1-1-0.dll
[da4c:0007][2026-05-10T00:49:52] Completed: Copying file /Contents/Common7/IDE/Remote%20Debugger/x64/api-ms-win-core-namedpipe-l1-1-0.dll to D:\Program\Common7\IDE\Remote Debugger\x64\api-ms-win-core-namedpipe-l1-1-0.dll
[da4c:0007][2026-05-10T00:49:52] Timestamp updated for file 'D:\Program\Common7\IDE\Remote Debugger\x64\api-ms-win-core-namedpipe-l1-1-0.dll'.
[da4c:0007][2026-05-10T00:49:52] Processing file /Contents/Common7/IDE/Remote%20Debugger/x64/api-ms-win-core-processenvironment-l1-1-0.dll
[da4c:0007][2026-05-10T00:49:52] Started: Copying file /Contents/Common7/IDE/Remote%20Debugger/x64/api-ms-win-core-processenvironment-l1-1-0.dll to D:\Program\Common7\IDE\Remote Debugger\x64\api-ms-win-core-processenvironment-l1-1-0.dll
[da4c:0007][2026-05-10T00:49:52] Completed: Copying file /Contents/Common7/IDE/Remote%20Debugger/x64/api-ms-win-core-processenvironment-l1-1-0.dll to D:\Program\Common7\IDE\Remote Debugger\x64\api-ms-win-core-processenvironment-l1-1-0.dll
[da4c:0007][2026-05-10T00:49:52] Timestamp updated for file 'D:\Program\Common7\IDE\Remote Debugger\x64\api-ms-win-core-processenvironment-l1-1-0.dll'.
[da4c:0007][2026-05-10T00:49:52] Processing file /Contents/Common7/IDE/Remote%20Debugger/x64/api-ms-win-core-processthreads-l1-1-0.dll
[da4c:0007][2026-05-10T00:49:52] Started: Copying file /Contents/Common7/IDE/Remote%20Debugger/x64/api-ms-win-core-processthreads-l1-1-0.dll to D:\Program\Common7\IDE\Remote Debugger\x64\api-ms-win-core-processthreads-l1-1-0.dll
[da4c:0007][2026-05-10T00:49:52] Completed: Copying file /Contents/Common7/IDE/Remote%20Debugger/x64/api-ms-win-core-processthreads-l1-1-0.dll to D:\Program\Common7\IDE\Remote Debugger\x64\api-ms-win-core-processthreads-l1-1-0.dll
[da4c:0007][2026-05-10T00:49:52] Timestamp updated for file 'D:\Program\Common7\IDE\Remote Debugger\x64\api-ms-win-core-processthreads-l1-1-0.dll'.
[da4c:0007][2026-05-10T00:49:52] Processing file /Contents/Common7/IDE/Remote%20Debugger/x64/api-ms-win-core-processthreads-l1-1-1.dll
[da4c:0007][2026-05-10T00:49:52] Started: Copying file /Contents/Common7/IDE/Remote%20Debugger/x64/api-ms-win-core-processthreads-l1-1-1.dll to D:\Program\Common7\IDE\Remote Debugger\x64\api-ms-win-core-processthreads-l1-1-1.dll
[da4c:0007][2026-05-10T00:49:52] Completed: Copying file /Contents/Common7/IDE/Remote%20Debugger/x64/api-ms-win-core-processthreads-l1-1-1.dll to D:\Program\Common7\IDE\Remote Debugger\x64\api-ms-win-core-processthreads-l1-1-1.dll
[da4c:0007][2026-05-10T00:49:52] Timestamp updated for file 'D:\Program\Common7\IDE\Remote Debugger\x64\api-ms-win-core-processthreads-l1-1-1.dll'.
[da4c:0007][2026-05-10T00:49:52] Processing file /Contents/Common7/IDE/Remote%20Debugger/x64/api-ms-win-core-profile-l1-1-0.dll
[da4c:0007][2026-05-10T00:49:52] Started: Copying file /Contents/Common7/IDE/Remote%20Debugger/x64/api-ms-win-core-profile-l1-1-0.dll to D:\Program\Common7\IDE\Remote Debugger\x64\api-ms-win-core-profile-l1-1-0.dll
[da4c:0007][2026-05-10T00:49:52] Completed: Copying file /Contents/Common7/IDE/Remote%20Debugger/x64/api-ms-win-core-profile-l1-1-0.dll to D:\Program\Common7\IDE\Remote Debugger\x64\api-ms-win-core-profile-l1-1-0.dll
[da4c:0007][2026-05-10T00:49:52] Timestamp updated for file 'D:\Program\Common7\IDE\Remote Debugger\x64\api-ms-win-core-profile-l1-1-0.dll'.
[da4c:0007][2026-05-10T00:49:52] Processing file /Contents/Common7/IDE/Remote%20Debugger/x64/api-ms-win-core-rtlsupport-l1-1-0.dll
[da4c:0007][2026-05-10T00:49:52] Started: Copying file /Contents/Common7/IDE/Remote%20Debugger/x64/api-ms-win-core-rtlsupport-l1-1-0.dll to D:\Program\Common7\IDE\Remote Debugger\x64\api-ms-win-core-rtlsupport-l1-1-0.dll
[da4c:0007][2026-05-10T00:49:52] Completed: Copying file /Contents/Common7/IDE/Remote%20Debugger/x64/api-ms-win-core-rtlsupport-l1-1-0.dll to D:\Program\Common7\IDE\Remote Debugger\x64\api-ms-win-core-rtlsupport-l1-1-0.dll
[da4c:0007][2026-05-10T00:49:52] Timestamp updated for file 'D:\Program\Common7\IDE\Remote Debugger\x64\api-ms-win-core-rtlsupport-l1-1-0.dll'.
[da4c:0007][2026-05-10T00:49:52] Processing file /Contents/Common7/IDE/Remote%20Debugger/x64/api-ms-win-core-string-l1-1-0.dll
[da4c:0007][2026-05-10T00:49:52] Started: Copying file /Contents/Common7/IDE/Remote%20Debugger/x64/api-ms-win-core-string-l1-1-0.dll to D:\Program\Common7\IDE\Remote Debugger\x64\api-ms-win-core-string-l1-1-0.dll
[da4c:0007][2026-05-10T00:49:52] Completed: Copying file /Contents/Common7/IDE/Remote%20Debugger/x64/api-ms-win-core-string-l1-1-0.dll to D:\Program\Common7\IDE\Remote Debugger\x64\api-ms-win-core-string-l1-1-0.dll
[da4c:0007][2026-05-10T00:49:52] Timestamp updated for file 'D:\Program\Common7\IDE\Remote Debugger\x64\api-ms-win-core-string-l1-1-0.dll'.
[da4c:0007][2026-05-10T00:49:52] Processing file /Contents/Common7/IDE/Remote%20Debugger/x64/api-ms-win-core-synch-l1-1-0.dll
[da4c:0007][2026-05-10T00:49:52] Started: Copying file /Contents/Common7/IDE/Remote%20Debugger/x64/api-ms-win-core-synch-l1-1-0.dll to D:\Program\Common7\IDE\Remote Debugger\x64\api-ms-win-core-synch-l1-1-0.dll
[da4c:0007][2026-05-10T00:49:52] Completed: Copying file /Contents/Common7/IDE/Remote%20Debugger/x64/api-ms-win-core-synch-l1-1-0.dll to D:\Program\Common7\IDE\Remote Debugger\x64\api-ms-win-core-synch-l1-1-0.dll
[da4c:0007][2026-05-10T00:49:52] Timestamp updated for file 'D:\Program\Common7\IDE\Remote Debugger\x64\api-ms-win-core-synch-l1-1-0.dll'.
[da4c:0007][2026-05-10T00:49:52] Processing file /Contents/Common7/IDE/Remote%20Debugger/x64/api-ms-win-core-synch-l1-2-0.dll
[da4c:0007][2026-05-10T00:49:52] Started: Copying file /Contents/Common7/IDE/Remote%20Debugger/x64/api-ms-win-core-synch-l1-2-0.dll to D:\Program\Common7\IDE\Remote Debugger\x64\api-ms-win-core-synch-l1-2-0.dll
[da4c:0007][2026-05-10T00:49:52] Completed: Copying file /Contents/Common7/IDE/Remote%20Debugger/x64/api-ms-win-core-synch-l1-2-0.dll to D:\Program\Common7\IDE\Remote Debugger\x64\api-ms-win-core-synch-l1-2-0.dll
[da4c:0007][2026-05-10T00:49:52] Timestamp updated for file 'D:\Program\Common7\IDE\Remote Debugger\x64\api-ms-win-core-synch-l1-2-0.dll'.
[da4c:0007][2026-05-10T00:49:52] Processing file /Contents/Common7/IDE/Remote%20Debugger/x64/api-ms-win-core-sysinfo-l1-1-0.dll
[da4c:0007][2026-05-10T00:49:52] Started: Copying file /Contents/Common7/IDE/Remote%20Debugger/x64/api-ms-win-core-sysinfo-l1-1-0.dll to D:\Program\Common7\IDE\Remote Debugger\x64\api-ms-win-core-sysinfo-l1-1-0.dll
[da4c:0007][2026-05-10T00:49:52] Completed: Copying file /Contents/Common7/IDE/Remote%20Debugger/x64/api-ms-win-core-sysinfo-l1-1-0.dll to D:\Program\Common7\IDE\Remote Debugger\x64\api-ms-win-core-sysinfo-l1-1-0.dll
[da4c:0007][2026-05-10T00:49:52] Timestamp updated for file 'D:\Program\Common7\IDE\Remote Debugger\x64\api-ms-win-core-sysinfo-l1-1-0.dll'.
[da4c:0007][2026-05-10T00:49:52] Processing file /Contents/Common7/IDE/Remote%20Debugger/x64/api-ms-win-core-timezone-l1-1-0.dll
[da4c:0007][2026-05-10T00:49:52] Started: Copying file /Contents/Common7/IDE/Remote%20Debugger/x64/api-ms-win-core-timezone-l1-1-0.dll to D:\Program\Common7\IDE\Remote Debugger\x64\api-ms-win-core-timezone-l1-1-0.dll
[da4c:0007][2026-05-10T00:49:52] Completed: Copying file /Contents/Common7/IDE/Remote%20Debugger/x64/api-ms-win-core-timezone-l1-1-0.dll to D:\Program\Common7\IDE\Remote Debugger\x64\api-ms-win-core-timezone-l1-1-0.dll
[da4c:0007][2026-05-10T00:49:52] Timestamp updated for file 'D:\Program\Common7\IDE\Remote Debugger\x64\api-ms-win-core-timezone-l1-1-0.dll'.
[da4c:0007][2026-05-10T00:49:52] Processing file /Contents/Common7/IDE/Remote%20Debugger/x64/api-ms-win-core-util-l1-1-0.dll
[da4c:0007][2026-05-10T00:49:52] Started: Copying file /Contents/Common7/IDE/Remote%20Debugger/x64/api-ms-win-core-util-l1-1-0.dll to D:\Program\Common7\IDE\Remote Debugger\x64\api-ms-win-core-util-l1-1-0.dll
[da4c:0007][2026-05-10T00:49:52] Completed: Copying file /Contents/Common7/IDE/Remote%20Debugger/x64/api-ms-win-core-util-l1-1-0.dll to D:\Program\Common7\IDE\Remote Debugger\x64\api-ms-win-core-util-l1-1-0.dll
[da4c:0007][2026-05-10T00:49:52] Timestamp updated for file 'D:\Program\Common7\IDE\Remote Debugger\x64\api-ms-win-core-util-l1-1-0.dll'.
[da4c:0007][2026-05-10T00:49:52] Processing file /Contents/Common7/IDE/Remote%20Debugger/x64/api-ms-win-crt-conio-l1-1-0.dll
[da4c:0007][2026-05-10T00:49:52] Started: Copying file /Contents/Common7/IDE/Remote%20Debugger/x64/api-ms-win-crt-conio-l1-1-0.dll to D:\Program\Common7\IDE\Remote Debugger\x64\api-ms-win-crt-conio-l1-1-0.dll
[da4c:0007][2026-05-10T00:49:52] Completed: Copying file /Contents/Common7/IDE/Remote%20Debugger/x64/api-ms-win-crt-conio-l1-1-0.dll to D:\Program\Common7\IDE\Remote Debugger\x64\api-ms-win-crt-conio-l1-1-0.dll
[da4c:0007][2026-05-10T00:49:52] Timestamp updated for file 'D:\Program\Common7\IDE\Remote Debugger\x64\api-ms-win-crt-conio-l1-1-0.dll'.
[da4c:0007][2026-05-10T00:49:52] Processing file /Contents/Common7/IDE/Remote%20Debugger/x64/api-ms-win-crt-convert-l1-1-0.dll
[da4c:0007][2026-05-10T00:49:52] Started: Copying file /Contents/Common7/IDE/Remote%20Debugger/x64/api-ms-win-crt-convert-l1-1-0.dll to D:\Program\Common7\IDE\Remote Debugger\x64\api-ms-win-crt-convert-l1-1-0.dll
[da4c:0007][2026-05-10T00:49:52] Completed: Copying file /Contents/Common7/IDE/Remote%20Debugger/x64/api-ms-win-crt-convert-l1-1-0.dll to D:\Program\Common7\IDE\Remote Debugger\x64\api-ms-win-crt-convert-l1-1-0.dll
[da4c:0007][2026-05-10T00:49:52] Timestamp updated for file 'D:\Program\Common7\IDE\Remote Debugger\x64\api-ms-win-crt-convert-l1-1-0.dll'.
[da4c:0007][2026-05-10T00:49:52] Processing file /Contents/Common7/IDE/Remote%20Debugger/x64/api-ms-win-crt-environment-l1-1-0.dll
[da4c:0007][2026-05-10T00:49:52] Started: Copying file /Contents/Common7/IDE/Remote%20Debugger/x64/api-ms-win-crt-environment-l1-1-0.dll to D:\Program\Common7\IDE\Remote Debugger\x64\api-ms-win-crt-environment-l1-1-0.dll
[da4c:0007][2026-05-10T00:49:52] Completed: Copying file /Contents/Common7/IDE/Remote%20Debugger/x64/api-ms-win-crt-environment-l1-1-0.dll to D:\Program\Common7\IDE\Remote Debugger\x64\api-ms-win-crt-environment-l1-1-0.dll
[da4c:0007][2026-05-10T00:49:52] Timestamp updated for file 'D:\Program\Common7\IDE\Remote Debugger\x64\api-ms-win-crt-environment-l1-1-0.dll'.
[da4c:0007][2026-05-10T00:49:52] Processing file /Contents/Common7/IDE/Remote%20Debugger/x64/api-ms-win-crt-filesystem-l1-1-0.dll
[da4c:0007][2026-05-10T00:49:52] Started: Copying file /Contents/Common7/IDE/Remote%20Debugger/x64/api-ms-win-crt-filesystem-l1-1-0.dll to D:\Program\Common7\IDE\Remote Debugger\x64\api-ms-win-crt-filesystem-l1-1-0.dll
[da4c:0007][2026-05-10T00:49:52] Completed: Copying file /Contents/Common7/IDE/Remote%20Debugger/x64/api-ms-win-crt-filesystem-l1-1-0.dll to D:\Program\Common7\IDE\Remote Debugger\x64\api-ms-win-crt-filesystem-l1-1-0.dll
[da4c:0007][2026-05-10T00:49:52] Timestamp updated for file 'D:\Program\Common7\IDE\Remote Debugger\x64\api-ms-win-crt-filesystem-l1-1-0.dll'.
[da4c:0007][2026-05-10T00:49:52] Processing file /Contents/Common7/IDE/Remote%20Debugger/x64/api-ms-win-crt-heap-l1-1-0.dll
[da4c:0007][2026-05-10T00:49:52] Started: Copying file /Contents/Common7/IDE/Remote%20Debugger/x64/api-ms-win-crt-heap-l1-1-0.dll to D:\Program\Common7\IDE\Remote Debugger\x64\api-ms-win-crt-heap-l1-1-0.dll
[da4c:0007][2026-05-10T00:49:52] Completed: Copying file /Contents/Common7/IDE/Remote%20Debugger/x64/api-ms-win-crt-heap-l1-1-0.dll to D:\Program\Common7\IDE\Remote Debugger\x64\api-ms-win-crt-heap-l1-1-0.dll
[da4c:0007][2026-05-10T00:49:52] Timestamp updated for file 'D:\Program\Common7\IDE\Remote Debugger\x64\api-ms-win-crt-heap-l1-1-0.dll'.
[da4c:0007][2026-05-10T00:49:52] Processing file /Contents/Common7/IDE/Remote%20Debugger/x64/api-ms-win-crt-locale-l1-1-0.dll
[da4c:0007][2026-05-10T00:49:52] Started: Copying file /Contents/Common7/IDE/Remote%20Debugger/x64/api-ms-win-crt-locale-l1-1-0.dll to D:\Program\Common7\IDE\Remote Debugger\x64\api-ms-win-crt-locale-l1-1-0.dll
[da4c:0007][2026-05-10T00:49:52] Completed: Copying file /Contents/Common7/IDE/Remote%20Debugger/x64/api-ms-win-crt-locale-l1-1-0.dll to D:\Program\Common7\IDE\Remote Debugger\x64\api-ms-win-crt-locale-l1-1-0.dll
[da4c:0007][2026-05-10T00:49:52] Timestamp updated for file 'D:\Program\Common7\IDE\Remote Debugger\x64\api-ms-win-crt-locale-l1-1-0.dll'.
[da4c:0007][2026-05-10T00:49:52] Processing file /Contents/Common7/IDE/Remote%20Debugger/x64/api-ms-win-crt-math-l1-1-0.dll
[da4c:0007][2026-05-10T00:49:52] Started: Copying file /Contents/Common7/IDE/Remote%20Debugger/x64/api-ms-win-crt-math-l1-1-0.dll to D:\Program\Common7\IDE\Remote Debugger\x64\api-ms-win-crt-math-l1-1-0.dll
[da4c:0007][2026-05-10T00:49:52] Completed: Copying file /Contents/Common7/IDE/Remote%20Debugger/x64/api-ms-win-crt-math-l1-1-0.dll to D:\Program\Common7\IDE\Remote Debugger\x64\api-ms-win-crt-math-l1-1-0.dll
[da4c:0007][2026-05-10T00:49:52] Timestamp updated for file 'D:\Program\Common7\IDE\Remote Debugger\x64\api-ms-win-crt-math-l1-1-0.dll'.
[da4c:0007][2026-05-10T00:49:52] Processing file /Contents/Common7/IDE/Remote%20Debugger/x64/api-ms-win-crt-multibyte-l1-1-0.dll
[da4c:0007][2026-05-10T00:49:52] Started: Copying file /Contents/Common7/IDE/Remote%20Debugger/x64/api-ms-win-crt-multibyte-l1-1-0.dll to D:\Program\Common7\IDE\Remote Debugger\x64\api-ms-win-crt-multibyte-l1-1-0.dll
[da4c:0007][2026-05-10T00:49:52] Completed: Copying file /Contents/Common7/IDE/Remote%20Debugger/x64/api-ms-win-crt-multibyte-l1-1-0.dll to D:\Program\Common7\IDE\Remote Debugger\x64\api-ms-win-crt-multibyte-l1-1-0.dll
[da4c:0007][2026-05-10T00:49:52] Timestamp updated for file 'D:\Program\Common7\IDE\Remote Debugger\x64\api-ms-win-crt-multibyte-l1-1-0.dll'.
[da4c:0007][2026-05-10T00:49:52] Processing file /Contents/Common7/IDE/Remote%20Debugger/x64/api-ms-win-crt-private-l1-1-0.dll
[da4c:0007][2026-05-10T00:49:52] Started: Copying file /Contents/Common7/IDE/Remote%20Debugger/x64/api-ms-win-crt-private-l1-1-0.dll to D:\Program\Common7\IDE\Remote Debugger\x64\api-ms-win-crt-private-l1-1-0.dll
[da4c:0007][2026-05-10T00:49:52] Completed: Copying file /Contents/Common7/IDE/Remote%20Debugger/x64/api-ms-win-crt-private-l1-1-0.dll to D:\Program\Common7\IDE\Remote Debugger\x64\api-ms-win-crt-private-l1-1-0.dll
[da4c:0007][2026-05-10T00:49:52] Timestamp updated for file 'D:\Program\Common7\IDE\Remote Debugger\x64\api-ms-win-crt-private-l1-1-0.dll'.
[da4c:0007][2026-05-10T00:49:52] Processing file /Contents/Common7/IDE/Remote%20Debugger/x64/api-ms-win-crt-process-l1-1-0.dll
[da4c:0007][2026-05-10T00:49:52] Started: Copying file /Contents/Common7/IDE/Remote%20Debugger/x64/api-ms-win-crt-process-l1-1-0.dll to D:\Program\Common7\IDE\Remote Debugger\x64\api-ms-win-crt-process-l1-1-0.dll
[da4c:0007][2026-05-10T00:49:52] Completed: Copying file /Contents/Common7/IDE/Remote%20Debugger/x64/api-ms-win-crt-process-l1-1-0.dll to D:\Program\Common7\IDE\Remote Debugger\x64\api-ms-win-crt-process-l1-1-0.dll
[da4c:0007][2026-05-10T00:49:52] Timestamp updated for file 'D:\Program\Common7\IDE\Remote Debugger\x64\api-ms-win-crt-process-l1-1-0.dll'.
[da4c:0007][2026-05-10T00:49:52] Processing file /Contents/Common7/IDE/Remote%20Debugger/x64/api-ms-win-crt-runtime-l1-1-0.dll
[da4c:0007][2026-05-10T00:49:52] Started: Copying file /Contents/Common7/IDE/Remote%20Debugger/x64/api-ms-win-crt-runtime-l1-1-0.dll to D:\Program\Common7\IDE\Remote Debugger\x64\api-ms-win-crt-runtime-l1-1-0.dll
[da4c:0007][2026-05-10T00:49:52] Completed: Copying file /Contents/Common7/IDE/Remote%20Debugger/x64/api-ms-win-crt-runtime-l1-1-0.dll to D:\Program\Common7\IDE\Remote Debugger\x64\api-ms-win-crt-runtime-l1-1-0.dll
[da4c:0007][2026-05-10T00:49:52] Timestamp updated for file 'D:\Program\Common7\IDE\Remote Debugger\x64\api-ms-win-crt-runtime-l1-1-0.dll'.
[da4c:0007][2026-05-10T00:49:52] Processing file /Contents/Common7/IDE/Remote%20Debugger/x64/api-ms-win-crt-stdio-l1-1-0.dll
[da4c:0007][2026-05-10T00:49:52] Started: Copying file /Contents/Common7/IDE/Remote%20Debugger/x64/api-ms-win-crt-stdio-l1-1-0.dll to D:\Program\Common7\IDE\Remote Debugger\x64\api-ms-win-crt-stdio-l1-1-0.dll
[da4c:0007][2026-05-10T00:49:52] Completed: Copying file /Contents/Common7/IDE/Remote%20Debugger/x64/api-ms-win-crt-stdio-l1-1-0.dll to D:\Program\Common7\IDE\Remote Debugger\x64\api-ms-win-crt-stdio-l1-1-0.dll
[da4c:0007][2026-05-10T00:49:52] Timestamp updated for file 'D:\Program\Common7\IDE\Remote Debugger\x64\api-ms-win-crt-stdio-l1-1-0.dll'.
[da4c:0007][2026-05-10T00:49:52] Processing file /Contents/Common7/IDE/Remote%20Debugger/x64/api-ms-win-crt-string-l1-1-0.dll
[da4c:0007][2026-05-10T00:49:52] Started: Copying file /Contents/Common7/IDE/Remote%20Debugger/x64/api-ms-win-crt-string-l1-1-0.dll to D:\Program\Common7\IDE\Remote Debugger\x64\api-ms-win-crt-string-l1-1-0.dll
[da4c:0007][2026-05-10T00:49:52] Completed: Copying file /Contents/Common7/IDE/Remote%20Debugger/x64/api-ms-win-crt-string-l1-1-0.dll to D:\Program\Common7\IDE\Remote Debugger\x64\api-ms-win-crt-string-l1-1-0.dll
[da4c:0007][2026-05-10T00:49:52] Timestamp updated for file 'D:\Program\Common7\IDE\Remote Debugger\x64\api-ms-win-crt-string-l1-1-0.dll'.
[da4c:0007][2026-05-10T00:49:52] Processing file /Contents/Common7/IDE/Remote%20Debugger/x64/api-ms-win-crt-time-l1-1-0.dll
[da4c:0007][2026-05-10T00:49:52] Started: Copying file /Contents/Common7/IDE/Remote%20Debugger/x64/api-ms-win-crt-time-l1-1-0.dll to D:\Program\Common7\IDE\Remote Debugger\x64\api-ms-win-crt-time-l1-1-0.dll
[da4c:0007][2026-05-10T00:49:52] Completed: Copying file /Contents/Common7/IDE/Remote%20Debugger/x64/api-ms-win-crt-time-l1-1-0.dll to D:\Program\Common7\IDE\Remote Debugger\x64\api-ms-win-crt-time-l1-1-0.dll
[da4c:0007][2026-05-10T00:49:52] Timestamp updated for file 'D:\Program\Common7\IDE\Remote Debugger\x64\api-ms-win-crt-time-l1-1-0.dll'.
[da4c:0007][2026-05-10T00:49:52] Processing file /Contents/Common7/IDE/Remote%20Debugger/x64/api-ms-win-crt-utility-l1-1-0.dll
[da4c:0007][2026-05-10T00:49:52] Started: Copying file /Contents/Common7/IDE/Remote%20Debugger/x64/api-ms-win-crt-utility-l1-1-0.dll to D:\Program\Common7\IDE\Remote Debugger\x64\api-ms-win-crt-utility-l1-1-0.dll
[da4c:0007][2026-05-10T00:49:52] Completed: Copying file /Contents/Common7/IDE/Remote%20Debugger/x64/api-ms-win-crt-utility-l1-1-0.dll to D:\Program\Common7\IDE\Remote Debugger\x64\api-ms-win-crt-utility-l1-1-0.dll
[da4c:0007][2026-05-10T00:49:52] Timestamp updated for file 'D:\Program\Common7\IDE\Remote Debugger\x64\api-ms-win-crt-utility-l1-1-0.dll'.
[da4c:0007][2026-05-10T00:49:52] Processing file /Contents/Common7/IDE/Remote%20Debugger/x64/CppDebug.remote.dll
[da4c:0007][2026-05-10T00:49:52] Started: Copying file /Contents/Common7/IDE/Remote%20Debugger/x64/CppDebug.remote.dll to D:\Program\Common7\IDE\Remote Debugger\x64\CppDebug.remote.dll
[da4c:0007][2026-05-10T00:49:52] Completed: Copying file /Contents/Common7/IDE/Remote%20Debugger/x64/CppDebug.remote.dll to D:\Program\Common7\IDE\Remote Debugger\x64\CppDebug.remote.dll
[da4c:0007][2026-05-10T00:49:52] Timestamp updated for file 'D:\Program\Common7\IDE\Remote Debugger\x64\CppDebug.remote.dll'.
[da4c:0007][2026-05-10T00:49:52] Processing file /Contents/Common7/IDE/Remote%20Debugger/x64/dbgshim.dll
[da4c:0007][2026-05-10T00:49:52] Started: Copying file /Contents/Common7/IDE/Remote%20Debugger/x64/dbgshim.dll to D:\Program\Common7\IDE\Remote Debugger\x64\dbgshim.dll
[da4c:0007][2026-05-10T00:49:52] Completed: Copying file /Contents/Common7/IDE/Remote%20Debugger/x64/dbgshim.dll to D:\Program\Common7\IDE\Remote Debugger\x64\dbgshim.dll
[da4c:0007][2026-05-10T00:49:52] Timestamp updated for file 'D:\Program\Common7\IDE\Remote Debugger\x64\dbgshim.dll'.
[da4c:0007][2026-05-10T00:49:52] Processing file /Contents/Common7/IDE/Remote%20Debugger/x64/DebuggerProxy.dll
[da4c:0007][2026-05-10T00:49:52] Started: Copying file /Contents/Common7/IDE/Remote%20Debugger/x64/DebuggerProxy.dll to D:\Program\Common7\IDE\Remote Debugger\x64\DebuggerProxy.dll
[da4c:0007][2026-05-10T00:49:52] Completed: Copying file /Contents/Common7/IDE/Remote%20Debugger/x64/DebuggerProxy.dll to D:\Program\Common7\IDE\Remote Debugger\x64\DebuggerProxy.dll
[da4c:0007][2026-05-10T00:49:52] Timestamp updated for file 'D:\Program\Common7\IDE\Remote Debugger\x64\DebuggerProxy.dll'.
[da4c:0007][2026-05-10T00:49:52] Processing file /Contents/Common7/IDE/Remote%20Debugger/x64/DebuggerProxy.dll.manifest
[da4c:0007][2026-05-10T00:49:52] Started: Copying file /Contents/Common7/IDE/Remote%20Debugger/x64/DebuggerProxy.dll.manifest to D:\Program\Common7\IDE\Remote Debugger\x64\DebuggerProxy.dll.manifest
[da4c:0007][2026-05-10T00:49:52] Completed: Copying file /Contents/Common7/IDE/Remote%20Debugger/x64/DebuggerProxy.dll.manifest to D:\Program\Common7\IDE\Remote Debugger\x64\DebuggerProxy.dll.manifest
[da4c:0007][2026-05-10T00:49:52] Timestamp updated for file 'D:\Program\Common7\IDE\Remote Debugger\x64\DebuggerProxy.dll.manifest'.
[da4c:0007][2026-05-10T00:49:52] Processing file /Contents/Common7/IDE/Remote%20Debugger/x64/MCppEE.dll
[da4c:0007][2026-05-10T00:49:52] Started: Copying file /Contents/Common7/IDE/Remote%20Debugger/x64/MCppEE.dll to D:\Program\Common7\IDE\Remote Debugger\x64\MCppEE.dll
[da4c:0007][2026-05-10T00:49:52] Completed: Copying file /Contents/Common7/IDE/Remote%20Debugger/x64/MCppEE.dll to D:\Program\Common7\IDE\Remote Debugger\x64\MCppEE.dll
[da4c:0007][2026-05-10T00:49:52] Timestamp updated for file 'D:\Program\Common7\IDE\Remote Debugger\x64\MCppEE.dll'.
[da4c:0007][2026-05-10T00:49:52] Processing file /Contents/Common7/IDE/Remote%20Debugger/x64/Microsoft.CodeAnalysis.CSharp.ExpressionEvaluator.ResultProvider.dll
[da4c:0007][2026-05-10T00:49:52] Started: Copying file /Contents/Common7/IDE/Remote%20Debugger/x64/Microsoft.CodeAnalysis.CSharp.ExpressionEvaluator.ResultProvider.dll to D:\Program\Common7\IDE\Remote Debugger\x64\Microsoft.CodeAnalysis.CSharp.ExpressionEvaluator.ResultProvider.dll
[da4c:0007][2026-05-10T00:49:52] Completed: Copying file /Contents/Common7/IDE/Remote%20Debugger/x64/Microsoft.CodeAnalysis.CSharp.ExpressionEvaluator.ResultProvider.dll to D:\Program\Common7\IDE\Remote Debugger\x64\Microsoft.CodeAnalysis.CSharp.ExpressionEvaluator.ResultProvider.dll
[da4c:0007][2026-05-10T00:49:52] Timestamp updated for file 'D:\Program\Common7\IDE\Remote Debugger\x64\Microsoft.CodeAnalysis.CSharp.ExpressionEvaluator.ResultProvider.dll'.
[da4c:0007][2026-05-10T00:49:52] Processing file /Contents/Common7/IDE/Remote%20Debugger/x64/Microsoft.CodeAnalysis.ExpressionEvaluator.FunctionResolver.dll
[da4c:0007][2026-05-10T00:49:52] Started: Copying file /Contents/Common7/IDE/Remote%20Debugger/x64/Microsoft.CodeAnalysis.ExpressionEvaluator.FunctionResolver.dll to D:\Program\Common7\IDE\Remote Debugger\x64\Microsoft.CodeAnalysis.ExpressionEvaluator.FunctionResolver.dll
[da4c:0007][2026-05-10T00:49:52] Completed: Copying file /Contents/Common7/IDE/Remote%20Debugger/x64/Microsoft.CodeAnalysis.ExpressionEvaluator.FunctionResolver.dll to D:\Program\Common7\IDE\Remote Debugger\x64\Microsoft.CodeAnalysis.ExpressionEvaluator.FunctionResolver.dll
[da4c:0007][2026-05-10T00:49:52] Timestamp updated for file 'D:\Program\Common7\IDE\Remote Debugger\x64\Microsoft.CodeAnalysis.ExpressionEvaluator.FunctionResolver.dll'.
[da4c:0007][2026-05-10T00:49:52] Processing file /Contents/Common7/IDE/Remote%20Debugger/x64/Microsoft.CodeAnalysis.ExpressionEvaluator.ResultProvider.dll
[da4c:0007][2026-05-10T00:49:52] Started: Copying file /Contents/Common7/IDE/Remote%20Debugger/x64/Microsoft.CodeAnalysis.ExpressionEvaluator.ResultProvider.dll to D:\Program\Common7\IDE\Remote Debugger\x64\Microsoft.CodeAnalysis.ExpressionEvaluator.ResultProvider.dll
[da4c:0007][2026-05-10T00:49:52] Completed: Copying file /Contents/Common7/IDE/Remote%20Debugger/x64/Microsoft.CodeAnalysis.ExpressionEvaluator.ResultProvider.dll to D:\Program\Common7\IDE\Remote Debugger\x64\Microsoft.CodeAnalysis.ExpressionEvaluator.ResultProvider.dll
[da4c:0007][2026-05-10T00:49:52] Timestamp updated for file 'D:\Program\Common7\IDE\Remote Debugger\x64\Microsoft.CodeAnalysis.ExpressionEvaluator.ResultProvider.dll'.
[da4c:0007][2026-05-10T00:49:52] Processing file /Contents/Common7/IDE/Remote%20Debugger/x64/Microsoft.CodeAnalysis.VisualBasic.ExpressionEvaluator.ResultProvider.dll
[da4c:0007][2026-05-10T00:49:52] Started: Copying file /Contents/Common7/IDE/Remote%20Debugger/x64/Microsoft.CodeAnalysis.VisualBasic.ExpressionEvaluator.ResultProvider.dll to D:\Program\Common7\IDE\Remote Debugger\x64\Microsoft.CodeAnalysis.VisualBasic.ExpressionEvaluator.ResultProvider.dll
[da4c:0007][2026-05-10T00:49:52] Completed: Copying file /Contents/Common7/IDE/Remote%20Debugger/x64/Microsoft.CodeAnalysis.VisualBasic.ExpressionEvaluator.ResultProvider.dll to D:\Program\Common7\IDE\Remote Debugger\x64\Microsoft.CodeAnalysis.VisualBasic.ExpressionEvaluator.ResultProvider.dll
[da4c:0007][2026-05-10T00:49:52] Timestamp updated for file 'D:\Program\Common7\IDE\Remote Debugger\x64\Microsoft.CodeAnalysis.VisualBasic.ExpressionEvaluator.ResultProvider.dll'.
[da4c:0007][2026-05-10T00:49:52] Processing file /Contents/Common7/IDE/Remote%20Debugger/x64/Microsoft.Diagnostics.FastSerialization.dll
[da4c:0007][2026-05-10T00:49:52] Started: Copying file /Contents/Common7/IDE/Remote%20Debugger/x64/Microsoft.Diagnostics.FastSerialization.dll to D:\Program\Common7\IDE\Remote Debugger\x64\Microsoft.Diagnostics.FastSerialization.dll
[da4c:0007][2026-05-10T00:49:52] Completed: Copying file /Contents/Common7/IDE/Remote%20Debugger/x64/Microsoft.Diagnostics.FastSerialization.dll to D:\Program\Common7\IDE\Remote Debugger\x64\Microsoft.Diagnostics.FastSerialization.dll
[da4c:0007][2026-05-10T00:49:52] Timestamp updated for file 'D:\Program\Common7\IDE\Remote Debugger\x64\Microsoft.Diagnostics.FastSerialization.dll'.
[da4c:0007][2026-05-10T00:49:52] Processing file /Contents/Common7/IDE/Remote%20Debugger/x64/Microsoft.Diagnostics.MemoryGraph.dll
[da4c:0007][2026-05-10T00:49:52] Started: Copying file /Contents/Common7/IDE/Remote%20Debugger/x64/Microsoft.Diagnostics.MemoryGraph.dll to D:\Program\Common7\IDE\Remote Debugger\x64\Microsoft.Diagnostics.MemoryGraph.dll
[da4c:0007][2026-05-10T00:49:52] Completed: Copying file /Contents/Common7/IDE/Remote%20Debugger/x64/Microsoft.Diagnostics.MemoryGraph.dll to D:\Program\Common7\IDE\Remote Debugger\x64\Microsoft.Diagnostics.MemoryGraph.dll
[da4c:0007][2026-05-10T00:49:52] Timestamp updated for file 'D:\Program\Common7\IDE\Remote Debugger\x64\Microsoft.Diagnostics.MemoryGraph.dll'.
[da4c:0007][2026-05-10T00:49:52] Processing file /Contents/Common7/IDE/Remote%20Debugger/x64/Microsoft.Diagnostics.Utilities.dll
[da4c:0007][2026-05-10T00:49:52] Started: Copying file /Contents/Common7/IDE/Remote%20Debugger/x64/Microsoft.Diagnostics.Utilities.dll to D:\Program\Common7\IDE\Remote Debugger\x64\Microsoft.Diagnostics.Utilities.dll
[da4c:0007][2026-05-10T00:49:52] Completed: Copying file /Contents/Common7/IDE/Remote%20Debugger/x64/Microsoft.Diagnostics.Utilities.dll to D:\Program\Common7\IDE\Remote Debugger\x64\Microsoft.Diagnostics.Utilities.dll
[da4c:0007][2026-05-10T00:49:52] Timestamp updated for file 'D:\Program\Common7\IDE\Remote Debugger\x64\Microsoft.Diagnostics.Utilities.dll'.
[da4c:0007][2026-05-10T00:49:52] Processing file /Contents/Common7/IDE/Remote%20Debugger/x64/Microsoft.DiaSymReader.dll
[da4c:0007][2026-05-10T00:49:52] Started: Copying file /Contents/Common7/IDE/Remote%20Debugger/x64/Microsoft.DiaSymReader.dll to D:\Program\Common7\IDE\Remote Debugger\x64\Microsoft.DiaSymReader.dll
[da4c:0007][2026-05-10T00:49:52] Completed: Copying file /Contents/Common7/IDE/Remote%20Debugger/x64/Microsoft.DiaSymReader.dll to D:\Program\Common7\IDE\Remote Debugger\x64\Microsoft.DiaSymReader.dll
[da4c:0007][2026-05-10T00:49:52] Timestamp updated for file 'D:\Program\Common7\IDE\Remote Debugger\x64\Microsoft.DiaSymReader.dll'.
[da4c:0007][2026-05-10T00:49:52] Processing file /Contents/Common7/IDE/Remote%20Debugger/x64/Microsoft.DiaSymReader.PortablePdb.dll
[da4c:0007][2026-05-10T00:49:52] Started: Copying file /Contents/Common7/IDE/Remote%20Debugger/x64/Microsoft.DiaSymReader.PortablePdb.dll to D:\Program\Common7\IDE\Remote Debugger\x64\Microsoft.DiaSymReader.PortablePdb.dll
[da4c:0007][2026-05-10T00:49:52] Completed: Copying file /Contents/Common7/IDE/Remote%20Debugger/x64/Microsoft.DiaSymReader.PortablePdb.dll to D:\Program\Common7\IDE\Remote Debugger\x64\Microsoft.DiaSymReader.PortablePdb.dll
[da4c:0007][2026-05-10T00:49:52] Timestamp updated for file 'D:\Program\Common7\IDE\Remote Debugger\x64\Microsoft.DiaSymReader.PortablePdb.dll'.
[da4c:0007][2026-05-10T00:49:52] Processing file /Contents/Common7/IDE/Remote%20Debugger/x64/Microsoft.VisualStudio.Debugger.Interop.10.0.dll
[da4c:0007][2026-05-10T00:49:52] Started: Copying file /Contents/Common7/IDE/Remote%20Debugger/x64/Microsoft.VisualStudio.Debugger.Interop.10.0.dll to D:\Program\Common7\IDE\Remote Debugger\x64\Microsoft.VisualStudio.Debugger.Interop.10.0.dll
[da4c:0007][2026-05-10T00:49:52] Completed: Copying file /Contents/Common7/IDE/Remote%20Debugger/x64/Microsoft.VisualStudio.Debugger.Interop.10.0.dll to D:\Program\Common7\IDE\Remote Debugger\x64\Microsoft.VisualStudio.Debugger.Interop.10.0.dll
[da4c:0007][2026-05-10T00:49:52] Timestamp updated for file 'D:\Program\Common7\IDE\Remote Debugger\x64\Microsoft.VisualStudio.Debugger.Interop.10.0.dll'.
[da4c:0007][2026-05-10T00:49:52] Processing file /Contents/Common7/IDE/Remote%20Debugger/x64/Microsoft.VisualStudio.Debugger.Interop.11.0.dll
[da4c:0007][2026-05-10T00:49:52] Started: Copying file /Contents/Common7/IDE/Remote%20Debugger/x64/Microsoft.VisualStudio.Debugger.Interop.11.0.dll to D:\Program\Common7\IDE\Remote Debugger\x64\Microsoft.VisualStudio.Debugger.Interop.11.0.dll
[da4c:0007][2026-05-10T00:49:52] Completed: Copying file /Contents/Common7/IDE/Remote%20Debugger/x64/Microsoft.VisualStudio.Debugger.Interop.11.0.dll to D:\Program\Common7\IDE\Remote Debugger\x64\Microsoft.VisualStudio.Debugger.Interop.11.0.dll
[da4c:0007][2026-05-10T00:49:52] Timestamp updated for file 'D:\Program\Common7\IDE\Remote Debugger\x64\Microsoft.VisualStudio.Debugger.Interop.11.0.dll'.
[da4c:0007][2026-05-10T00:49:52] Processing file /Contents/Common7/IDE/Remote%20Debugger/x64/Microsoft.VisualStudio.Debugger.Interop.12.0.dll
[da4c:0007][2026-05-10T00:49:52] Started: Copying file /Contents/Common7/IDE/Remote%20Debugger/x64/Microsoft.VisualStudio.Debugger.Interop.12.0.dll to D:\Program\Common7\IDE\Remote Debugger\x64\Microsoft.VisualStudio.Debugger.Interop.12.0.dll
[da4c:0007][2026-05-10T00:49:52] Completed: Copying file /Contents/Common7/IDE/Remote%20Debugger/x64/Microsoft.VisualStudio.Debugger.Interop.12.0.dll to D:\Program\Common7\IDE\Remote Debugger\x64\Microsoft.VisualStudio.Debugger.Interop.12.0.dll
[da4c:0007][2026-05-10T00:49:52] Timestamp updated for file 'D:\Program\Common7\IDE\Remote Debugger\x64\Microsoft.VisualStudio.Debugger.Interop.12.0.dll'.
[da4c:0007][2026-05-10T00:49:52] Processing file /Contents/Common7/IDE/Remote%20Debugger/x64/Microsoft.VisualStudio.Debugger.Interop.14.0.dll
[da4c:0007][2026-05-10T00:49:52] Started: Copying file /Contents/Common7/IDE/Remote%20Debugger/x64/Microsoft.VisualStudio.Debugger.Interop.14.0.dll to D:\Program\Common7\IDE\Remote Debugger\x64\Microsoft.VisualStudio.Debugger.Interop.14.0.dll
[da4c:0007][2026-05-10T00:49:52] Completed: Copying file /Contents/Common7/IDE/Remote%20Debugger/x64/Microsoft.VisualStudio.Debugger.Interop.14.0.dll to D:\Program\Common7\IDE\Remote Debugger\x64\Microsoft.VisualStudio.Debugger.Interop.14.0.dll
[da4c:0007][2026-05-10T00:49:52] Timestamp updated for file 'D:\Program\Common7\IDE\Remote Debugger\x64\Microsoft.VisualStudio.Debugger.Interop.14.0.dll'.
[da4c:0007][2026-05-10T00:49:52] Processing file /Contents/Common7/IDE/Remote%20Debugger/x64/Microsoft.VisualStudio.Debugger.Interop.15.0.dll
[da4c:0007][2026-05-10T00:49:52] Started: Copying file /Contents/Common7/IDE/Remote%20Debugger/x64/Microsoft.VisualStudio.Debugger.Interop.15.0.dll to D:\Program\Common7\IDE\Remote Debugger\x64\Microsoft.VisualStudio.Debugger.Interop.15.0.dll
[da4c:0007][2026-05-10T00:49:52] Completed: Copying file /Contents/Common7/IDE/Remote%20Debugger/x64/Microsoft.VisualStudio.Debugger.Interop.15.0.dll to D:\Program\Common7\IDE\Remote Debugger\x64\Microsoft.VisualStudio.Debugger.Interop.15.0.dll
[da4c:0007][2026-05-10T00:49:52] Timestamp updated for file 'D:\Program\Common7\IDE\Remote Debugger\x64\Microsoft.VisualStudio.Debugger.Interop.15.0.dll'.
[da4c:0007][2026-05-10T00:49:52] Processing file /Contents/Common7/IDE/Remote%20Debugger/x64/Microsoft.VisualStudio.Debugger.Interop.Internal.dll
[da4c:0007][2026-05-10T00:49:52] Started: Copying file /Contents/Common7/IDE/Remote%20Debugger/x64/Microsoft.VisualStudio.Debugger.Interop.Internal.dll to D:\Program\Common7\IDE\Remote Debugger\x64\Microsoft.VisualStudio.Debugger.Interop.Internal.dll
[da4c:0007][2026-05-10T00:49:52] Completed: Copying file /Contents/Common7/IDE/Remote%20Debugger/x64/Microsoft.VisualStudio.Debugger.Interop.Internal.dll to D:\Program\Common7\IDE\Remote Debugger\x64\Microsoft.VisualStudio.Debugger.Interop.Internal.dll
[da4c:0007][2026-05-10T00:49:52] Timestamp updated for file 'D:\Program\Common7\IDE\Remote Debugger\x64\Microsoft.VisualStudio.Debugger.Interop.Internal.dll'.
[da4c:0007][2026-05-10T00:49:52] Processing file /Contents/Common7/IDE/Remote%20Debugger/x64/Microsoft.VisualStudio.Debugger.InteropA.dll
[da4c:0007][2026-05-10T00:49:52] Started: Copying file /Contents/Common7/IDE/Remote%20Debugger/x64/Microsoft.VisualStudio.Debugger.InteropA.dll to D:\Program\Common7\IDE\Remote Debugger\x64\Microsoft.VisualStudio.Debugger.InteropA.dll
[da4c:0007][2026-05-10T00:49:52] Completed: Copying file /Contents/Common7/IDE/Remote%20Debugger/x64/Microsoft.VisualStudio.Debugger.InteropA.dll to D:\Program\Common7\IDE\Remote Debugger\x64\Microsoft.VisualStudio.Debugger.InteropA.dll
[da4c:0007][2026-05-10T00:49:52] Timestamp updated for file 'D:\Program\Common7\IDE\Remote Debugger\x64\Microsoft.VisualStudio.Debugger.InteropA.dll'.
[da4c:0007][2026-05-10T00:49:52] Processing file /Contents/Common7/IDE/Remote%20Debugger/x64/Microsoft.VisualStudio.Interop.dll
[da4c:0007][2026-05-10T00:49:52] Started: Copying file /Contents/Common7/IDE/Remote%20Debugger/x64/Microsoft.VisualStudio.Interop.dll to D:\Program\Common7\IDE\Remote Debugger\x64\Microsoft.VisualStudio.Interop.dll
[da4c:0007][2026-05-10T00:49:52] Completed: Copying file /Contents/Common7/IDE/Remote%20Debugger/x64/Microsoft.VisualStudio.Interop.dll to D:\Program\Common7\IDE\Remote Debugger\x64\Microsoft.VisualStudio.Interop.dll
[da4c:0007][2026-05-10T00:49:52] Timestamp updated for file 'D:\Program\Common7\IDE\Remote Debugger\x64\Microsoft.VisualStudio.Interop.dll'.
[da4c:0007][2026-05-10T00:49:52] Processing file /Contents/Common7/IDE/Remote%20Debugger/x64/Microsoft.VisualStudio.OLE.Interop.dll
[da4c:0007][2026-05-10T00:49:52] Started: Copying file /Contents/Common7/IDE/Remote%20Debugger/x64/Microsoft.VisualStudio.OLE.Interop.dll to D:\Program\Common7\IDE\Remote Debugger\x64\Microsoft.VisualStudio.OLE.Interop.dll
[da4c:0007][2026-05-10T00:49:52] Completed: Copying file /Contents/Common7/IDE/Remote%20Debugger/x64/Microsoft.VisualStudio.OLE.Interop.dll to D:\Program\Common7\IDE\Remote Debugger\x64\Microsoft.VisualStudio.OLE.Interop.dll
[da4c:0007][2026-05-10T00:49:52] Timestamp updated for file 'D:\Program\Common7\IDE\Remote Debugger\x64\Microsoft.VisualStudio.OLE.Interop.dll'.
[da4c:0007][2026-05-10T00:49:52] Processing file /Contents/Common7/IDE/Remote%20Debugger/x64/Microsoft.Win32.Registry.dll
[da4c:0007][2026-05-10T00:49:52] Started: Copying file /Contents/Common7/IDE/Remote%20Debugger/x64/Microsoft.Win32.Registry.dll to D:\Program\Common7\IDE\Remote Debugger\x64\Microsoft.Win32.Registry.dll
[da4c:0007][2026-05-10T00:49:52] Completed: Copying file /Contents/Common7/IDE/Remote%20Debugger/x64/Microsoft.Win32.Registry.dll to D:\Program\Common7\IDE\Remote Debugger\x64\Microsoft.Win32.Registry.dll
[da4c:0007][2026-05-10T00:49:52] Timestamp updated for file 'D:\Program\Common7\IDE\Remote Debugger\x64\Microsoft.Win32.Registry.dll'.
[da4c:0007][2026-05-10T00:49:52] Processing file /Contents/Common7/IDE/Remote%20Debugger/x64/Microsoft.XslDebugger.dll
[da4c:0007][2026-05-10T00:49:52] Started: Copying file /Contents/Common7/IDE/Remote%20Debugger/x64/Microsoft.XslDebugger.dll to D:\Program\Common7\IDE\Remote Debugger\x64\Microsoft.XslDebugger.dll
[da4c:0007][2026-05-10T00:49:52] Completed: Copying file /Contents/Common7/IDE/Remote%20Debugger/x64/Microsoft.XslDebugger.dll to D:\Program\Common7\IDE\Remote Debugger\x64\Microsoft.XslDebugger.dll
[da4c:0007][2026-05-10T00:49:52] Timestamp updated for file 'D:\Program\Common7\IDE\Remote Debugger\x64\Microsoft.XslDebugger.dll'.
[da4c:0007][2026-05-10T00:49:52] Processing file /Contents/Common7/IDE/Remote%20Debugger/x64/monomscordbi.dll
[da4c:0007][2026-05-10T00:49:52] Started: Copying file /Contents/Common7/IDE/Remote%20Debugger/x64/monomscordbi.dll to D:\Program\Common7\IDE\Remote Debugger\x64\monomscordbi.dll
[da4c:0007][2026-05-10T00:49:52] Completed: Copying file /Contents/Common7/IDE/Remote%20Debugger/x64/monomscordbi.dll to D:\Program\Common7\IDE\Remote Debugger\x64\monomscordbi.dll
[da4c:0007][2026-05-10T00:49:52] Timestamp updated for file 'D:\Program\Common7\IDE\Remote Debugger\x64\monomscordbi.dll'.
[da4c:0007][2026-05-10T00:49:52] Processing file /Contents/Common7/IDE/Remote%20Debugger/x64/msdia140.dll
[da4c:0007][2026-05-10T00:49:52] Started: Copying file /Contents/Common7/IDE/Remote%20Debugger/x64/msdia140.dll to D:\Program\Common7\IDE\Remote Debugger\x64\msdia140.dll
[da4c:0007][2026-05-10T00:49:52] Completed: Copying file /Contents/Common7/IDE/Remote%20Debugger/x64/msdia140.dll to D:\Program\Common7\IDE\Remote Debugger\x64\msdia140.dll
[da4c:0007][2026-05-10T00:49:52] Timestamp updated for file 'D:\Program\Common7\IDE\Remote Debugger\x64\msdia140.dll'.
[da4c:0007][2026-05-10T00:49:52] Processing file /Contents/Common7/IDE/Remote%20Debugger/x64/msvcdis140.dll
[da4c:0007][2026-05-10T00:49:52] Started: Copying file /Contents/Common7/IDE/Remote%20Debugger/x64/msvcdis140.dll to D:\Program\Common7\IDE\Remote Debugger\x64\msvcdis140.dll
[da4c:0007][2026-05-10T00:49:52] Completed: Copying file /Contents/Common7/IDE/Remote%20Debugger/x64/msvcdis140.dll to D:\Program\Common7\IDE\Remote Debugger\x64\msvcdis140.dll
[da4c:0007][2026-05-10T00:49:52] Timestamp updated for file 'D:\Program\Common7\IDE\Remote Debugger\x64\msvcdis140.dll'.
[da4c:0007][2026-05-10T00:49:52] Processing file /Contents/Common7/IDE/Remote%20Debugger/x64/msvcp140.dll
[da4c:0007][2026-05-10T00:49:52] Started: Copying file /Contents/Common7/IDE/Remote%20Debugger/x64/msvcp140.dll to D:\Program\Common7\IDE\Remote Debugger\x64\msvcp140.dll
[da4c:0007][2026-05-10T00:49:52] Completed: Copying file /Contents/Common7/IDE/Remote%20Debugger/x64/msvcp140.dll to D:\Program\Common7\IDE\Remote Debugger\x64\msvcp140.dll
[da4c:0007][2026-05-10T00:49:52] Timestamp updated for file 'D:\Program\Common7\IDE\Remote Debugger\x64\msvcp140.dll'.
[da4c:0007][2026-05-10T00:49:52] Processing file /Contents/Common7/IDE/Remote%20Debugger/x64/msvcp140_atomic_wait.dll
[da4c:0007][2026-05-10T00:49:52] Started: Copying file /Contents/Common7/IDE/Remote%20Debugger/x64/msvcp140_atomic_wait.dll to D:\Program\Common7\IDE\Remote Debugger\x64\msvcp140_atomic_wait.dll
[da4c:0007][2026-05-10T00:49:52] Completed: Copying file /Contents/Common7/IDE/Remote%20Debugger/x64/msvcp140_atomic_wait.dll to D:\Program\Common7\IDE\Remote Debugger\x64\msvcp140_atomic_wait.dll
[da4c:0007][2026-05-10T00:49:52] Timestamp updated for file 'D:\Program\Common7\IDE\Remote Debugger\x64\msvcp140_atomic_wait.dll'.
[da4c:0007][2026-05-10T00:49:52] Processing file /Contents/Common7/IDE/Remote%20Debugger/x64/msvsmon.exe
[da4c:0007][2026-05-10T00:49:52] Started: Copying file /Contents/Common7/IDE/Remote%20Debugger/x64/msvsmon.exe to D:\Program\Common7\IDE\Remote Debugger\x64\msvsmon.exe
[da4c:0007][2026-05-10T00:49:52] Completed: Copying file /Contents/Common7/IDE/Remote%20Debugger/x64/msvsmon.exe to D:\Program\Common7\IDE\Remote Debugger\x64\msvsmon.exe
[da4c:0007][2026-05-10T00:49:52] Timestamp updated for file 'D:\Program\Common7\IDE\Remote Debugger\x64\msvsmon.exe'.
[da4c:0007][2026-05-10T00:49:52] Processing file /Contents/Common7/IDE/Remote%20Debugger/x64/msvsmon.exe.config
[da4c:0007][2026-05-10T00:49:52] Started: Copying file /Contents/Common7/IDE/Remote%20Debugger/x64/msvsmon.exe.config to D:\Program\Common7\IDE\Remote Debugger\x64\msvsmon.exe.config
[da4c:0007][2026-05-10T00:49:52] Completed: Copying file /Contents/Common7/IDE/Remote%20Debugger/x64/msvsmon.exe.config to D:\Program\Common7\IDE\Remote Debugger\x64\msvsmon.exe.config
[da4c:0007][2026-05-10T00:49:52] Timestamp updated for file 'D:\Program\Common7\IDE\Remote Debugger\x64\msvsmon.exe.config'.
[da4c:0007][2026-05-10T00:49:52] Processing file /Contents/Common7/IDE/Remote%20Debugger/x64/msvsmon.html
[da4c:0007][2026-05-10T00:49:52] Started: Copying file /Contents/Common7/IDE/Remote%20Debugger/x64/msvsmon.html to D:\Program\Common7\IDE\Remote Debugger\x64\msvsmon.html
[da4c:0007][2026-05-10T00:49:52] Completed: Copying file /Contents/Common7/IDE/Remote%20Debugger/x64/msvsmon.html to D:\Program\Common7\IDE\Remote Debugger\x64\msvsmon.html
[da4c:0007][2026-05-10T00:49:52] Timestamp updated for file 'D:\Program\Common7\IDE\Remote Debugger\x64\msvsmon.html'.
[da4c:0007][2026-05-10T00:49:52] Processing file /Contents/Common7/IDE/Remote%20Debugger/x64/netstandard.dll
[da4c:0007][2026-05-10T00:49:52] Started: Copying file /Contents/Common7/IDE/Remote%20Debugger/x64/netstandard.dll to D:\Program\Common7\IDE\Remote Debugger\x64\netstandard.dll
[da4c:0007][2026-05-10T00:49:52] Completed: Copying file /Contents/Common7/IDE/Remote%20Debugger/x64/netstandard.dll to D:\Program\Common7\IDE\Remote Debugger\x64\netstandard.dll
[da4c:0007][2026-05-10T00:49:52] Timestamp updated for file 'D:\Program\Common7\IDE\Remote Debugger\x64\netstandard.dll'.
[da4c:0007][2026-05-10T00:49:52] Processing file /Contents/Common7/IDE/Remote%20Debugger/x64/PfxTaskProvider.dll
[da4c:0007][2026-05-10T00:49:52] Started: Copying file /Contents/Common7/IDE/Remote%20Debugger/x64/PfxTaskProvider.dll to D:\Program\Common7\IDE\Remote Debugger\x64\PfxTaskProvider.dll
[da4c:0007][2026-05-10T00:49:52] Completed: Copying file /Contents/Common7/IDE/Remote%20Debugger/x64/PfxTaskProvider.dll to D:\Program\Common7\IDE\Remote Debugger\x64\PfxTaskProvider.dll
[da4c:0007][2026-05-10T00:49:52] Timestamp updated for file 'D:\Program\Common7\IDE\Remote Debugger\x64\PfxTaskProvider.dll'.
[da4c:0007][2026-05-10T00:49:52] Processing file /Contents/Common7/IDE/Remote%20Debugger/x64/symbollocator.dll
[da4c:0007][2026-05-10T00:49:52] Started: Copying file /Contents/Common7/IDE/Remote%20Debugger/x64/symbollocator.dll to D:\Program\Common7\IDE\Remote Debugger\x64\symbollocator.dll
[da4c:0007][2026-05-10T00:49:52] Completed: Copying file /Contents/Common7/IDE/Remote%20Debugger/x64/symbollocator.dll to D:\Program\Common7\IDE\Remote Debugger\x64\symbollocator.dll
[da4c:0007][2026-05-10T00:49:52] Timestamp updated for file 'D:\Program\Common7\IDE\Remote Debugger\x64\symbollocator.dll'.
[da4c:0007][2026-05-10T00:49:52] Processing file /Contents/Common7/IDE/Remote%20Debugger/x64/symsrv.dll
[da4c:0007][2026-05-10T00:49:52] Started: Copying file /Contents/Common7/IDE/Remote%20Debugger/x64/symsrv.dll to D:\Program\Common7\IDE\Remote Debugger\x64\symsrv.dll
[da4c:0007][2026-05-10T00:49:52] Completed: Copying file /Contents/Common7/IDE/Remote%20Debugger/x64/symsrv.dll to D:\Program\Common7\IDE\Remote Debugger\x64\symsrv.dll
[da4c:0007][2026-05-10T00:49:52] Timestamp updated for file 'D:\Program\Common7\IDE\Remote Debugger\x64\symsrv.dll'.
[da4c:0007][2026-05-10T00:49:52] Processing file /Contents/Common7/IDE/Remote%20Debugger/x64/symsrv.yes
[da4c:0007][2026-05-10T00:49:52] Started: Copying file /Contents/Common7/IDE/Remote%20Debugger/x64/symsrv.yes to D:\Program\Common7\IDE\Remote Debugger\x64\symsrv.yes
[da4c:0007][2026-05-10T00:49:52] Completed: Copying file /Contents/Common7/IDE/Remote%20Debugger/x64/symsrv.yes to D:\Program\Common7\IDE\Remote Debugger\x64\symsrv.yes
[da4c:0007][2026-05-10T00:49:52] Timestamp updated for file 'D:\Program\Common7\IDE\Remote Debugger\x64\symsrv.yes'.
[da4c:0007][2026-05-10T00:49:52] Processing file /Contents/Common7/IDE/Remote%20Debugger/x64/System.Buffers.dll
[da4c:0007][2026-05-10T00:49:52] Started: Copying file /Contents/Common7/IDE/Remote%20Debugger/x64/System.Buffers.dll to D:\Program\Common7\IDE\Remote Debugger\x64\System.Buffers.dll
[da4c:0007][2026-05-10T00:49:52] Completed: Copying file /Contents/Common7/IDE/Remote%20Debugger/x64/System.Buffers.dll to D:\Program\Common7\IDE\Remote Debugger\x64\System.Buffers.dll
[da4c:0007][2026-05-10T00:49:52] Timestamp updated for file 'D:\Program\Common7\IDE\Remote Debugger\x64\System.Buffers.dll'.
[da4c:0007][2026-05-10T00:49:52] Processing file /Contents/Common7/IDE/Remote%20Debugger/x64/System.Collections.Immutable.dll
[da4c:0007][2026-05-10T00:49:52] Started: Copying file /Contents/Common7/IDE/Remote%20Debugger/x64/System.Collections.Immutable.dll to D:\Program\Common7\IDE\Remote Debugger\x64\System.Collections.Immutable.dll
[da4c:0007][2026-05-10T00:49:52] Completed: Copying file /Contents/Common7/IDE/Remote%20Debugger/x64/System.Collections.Immutable.dll to D:\Program\Common7\IDE\Remote Debugger\x64\System.Collections.Immutable.dll
[da4c:0007][2026-05-10T00:49:52] Timestamp updated for file 'D:\Program\Common7\IDE\Remote Debugger\x64\System.Collections.Immutable.dll'.
[da4c:0007][2026-05-10T00:49:52] Processing file /Contents/Common7/IDE/Remote%20Debugger/x64/System.Memory.dll
[da4c:0007][2026-05-10T00:49:52] Started: Copying file /Contents/Common7/IDE/Remote%20Debugger/x64/System.Memory.dll to D:\Program\Common7\IDE\Remote Debugger\x64\System.Memory.dll
[da4c:0007][2026-05-10T00:49:52] Completed: Copying file /Contents/Common7/IDE/Remote%20Debugger/x64/System.Memory.dll to D:\Program\Common7\IDE\Remote Debugger\x64\System.Memory.dll
[da4c:0007][2026-05-10T00:49:52] Timestamp updated for file 'D:\Program\Common7\IDE\Remote Debugger\x64\System.Memory.dll'.
[da4c:0007][2026-05-10T00:49:52] Processing file /Contents/Common7/IDE/Remote%20Debugger/x64/System.Numerics.Vectors.dll
[da4c:0007][2026-05-10T00:49:52] Started: Copying file /Contents/Common7/IDE/Remote%20Debugger/x64/System.Numerics.Vectors.dll to D:\Program\Common7\IDE\Remote Debugger\x64\System.Numerics.Vectors.dll
[da4c:0007][2026-05-10T00:49:52] Completed: Copying file /Contents/Common7/IDE/Remote%20Debugger/x64/System.Numerics.Vectors.dll to D:\Program\Common7\IDE\Remote Debugger\x64\System.Numerics.Vectors.dll
[da4c:0007][2026-05-10T00:49:52] Timestamp updated for file 'D:\Program\Common7\IDE\Remote Debugger\x64\System.Numerics.Vectors.dll'.
[da4c:0007][2026-05-10T00:49:52] Processing file /Contents/Common7/IDE/Remote%20Debugger/x64/System.Reflection.Metadata.dll
[da4c:0007][2026-05-10T00:49:52] Started: Copying file /Contents/Common7/IDE/Remote%20Debugger/x64/System.Reflection.Metadata.dll to D:\Program\Common7\IDE\Remote Debugger\x64\System.Reflection.Metadata.dll
[da4c:0007][2026-05-10T00:49:52] Completed: Copying file /Contents/Common7/IDE/Remote%20Debugger/x64/System.Reflection.Metadata.dll to D:\Program\Common7\IDE\Remote Debugger\x64\System.Reflection.Metadata.dll
[da4c:0007][2026-05-10T00:49:52] Timestamp updated for file 'D:\Program\Common7\IDE\Remote Debugger\x64\System.Reflection.Metadata.dll'.
[da4c:0007][2026-05-10T00:49:52] Processing file /Contents/Common7/IDE/Remote%20Debugger/x64/System.Runtime.CompilerServices.Unsafe.dll
[da4c:0007][2026-05-10T00:49:52] Started: Copying file /Contents/Common7/IDE/Remote%20Debugger/x64/System.Runtime.CompilerServices.Unsafe.dll to D:\Program\Common7\IDE\Remote Debugger\x64\System.Runtime.CompilerServices.Unsafe.dll
[da4c:0007][2026-05-10T00:49:52] Completed: Copying file /Contents/Common7/IDE/Remote%20Debugger/x64/System.Runtime.CompilerServices.Unsafe.dll to D:\Program\Common7\IDE\Remote Debugger\x64\System.Runtime.CompilerServices.Unsafe.dll
[da4c:0007][2026-05-10T00:49:52] Timestamp updated for file 'D:\Program\Common7\IDE\Remote Debugger\x64\System.Runtime.CompilerServices.Unsafe.dll'.
[da4c:0007][2026-05-10T00:49:52] Processing file /Contents/Common7/IDE/Remote%20Debugger/x64/System.Runtime.InteropServices.RuntimeInformation.dll
[da4c:0007][2026-05-10T00:49:52] Started: Copying file /Contents/Common7/IDE/Remote%20Debugger/x64/System.Runtime.InteropServices.RuntimeInformation.dll to D:\Program\Common7\IDE\Remote Debugger\x64\System.Runtime.InteropServices.RuntimeInformation.dll
[da4c:0007][2026-05-10T00:49:52] Completed: Copying file /Contents/Common7/IDE/Remote%20Debugger/x64/System.Runtime.InteropServices.RuntimeInformation.dll to D:\Program\Common7\IDE\Remote Debugger\x64\System.Runtime.InteropServices.RuntimeInformation.dll
[da4c:0007][2026-05-10T00:49:52] Timestamp updated for file 'D:\Program\Common7\IDE\Remote Debugger\x64\System.Runtime.InteropServices.RuntimeInformation.dll'.
[da4c:0007][2026-05-10T00:49:52] Processing file /Contents/Common7/IDE/Remote%20Debugger/x64/ucrtbase.dll
[da4c:0007][2026-05-10T00:49:52] Started: Copying file /Contents/Common7/IDE/Remote%20Debugger/x64/ucrtbase.dll to D:\Program\Common7\IDE\Remote Debugger\x64\ucrtbase.dll
[da4c:0007][2026-05-10T00:49:52] Completed: Copying file /Contents/Common7/IDE/Remote%20Debugger/x64/ucrtbase.dll to D:\Program\Common7\IDE\Remote Debugger\x64\ucrtbase.dll
[da4c:0007][2026-05-10T00:49:52] Timestamp updated for file 'D:\Program\Common7\IDE\Remote Debugger\x64\ucrtbase.dll'.
[da4c:0007][2026-05-10T00:49:52] Processing file /Contents/Common7/IDE/Remote%20Debugger/x64/vcruntime140.dll
[da4c:0007][2026-05-10T00:49:52] Started: Copying file /Contents/Common7/IDE/Remote%20Debugger/x64/vcruntime140.dll to D:\Program\Common7\IDE\Remote Debugger\x64\vcruntime140.dll
[da4c:0007][2026-05-10T00:49:52] Completed: Copying file /Contents/Common7/IDE/Remote%20Debugger/x64/vcruntime140.dll to D:\Program\Common7\IDE\Remote Debugger\x64\vcruntime140.dll
[da4c:0007][2026-05-10T00:49:52] Timestamp updated for file 'D:\Program\Common7\IDE\Remote Debugger\x64\vcruntime140.dll'.
[da4c:0007][2026-05-10T00:49:52] Processing file /Contents/Common7/IDE/Remote%20Debugger/x64/vcruntime140_1.dll
[da4c:0007][2026-05-10T00:49:52] Started: Copying file /Contents/Common7/IDE/Remote%20Debugger/x64/vcruntime140_1.dll to D:\Program\Common7\IDE\Remote Debugger\x64\vcruntime140_1.dll
[da4c:0007][2026-05-10T00:49:52] Completed: Copying file /Contents/Common7/IDE/Remote%20Debugger/x64/vcruntime140_1.dll to D:\Program\Common7\IDE\Remote Debugger\x64\vcruntime140_1.dll
[da4c:0007][2026-05-10T00:49:52] Timestamp updated for file 'D:\Program\Common7\IDE\Remote Debugger\x64\vcruntime140_1.dll'.
[da4c:0007][2026-05-10T00:49:52] Processing file /Contents/Common7/IDE/Remote%20Debugger/x64/xsldebugger.msvsmon-comclass-def.json
[da4c:0007][2026-05-10T00:49:52] Started: Copying file /Contents/Common7/IDE/Remote%20Debugger/x64/xsldebugger.msvsmon-comclass-def.json to D:\Program\Common7\IDE\Remote Debugger\x64\xsldebugger.msvsmon-comclass-def.json
[da4c:0007][2026-05-10T00:49:52] Completed: Copying file /Contents/Common7/IDE/Remote%20Debugger/x64/xsldebugger.msvsmon-comclass-def.json to D:\Program\Common7\IDE\Remote Debugger\x64\xsldebugger.msvsmon-comclass-def.json
[da4c:0007][2026-05-10T00:49:52] Timestamp updated for file 'D:\Program\Common7\IDE\Remote Debugger\x64\xsldebugger.msvsmon-comclass-def.json'.
[da4c:0007][2026-05-10T00:49:52] Package executed successfully. Return code: 0
