[3c7c:000c][2026-05-10T01:35:55] Opening the package for processing
[3c7c:000c][2026-05-10T01:35:55] Using package payload to get the embedded manifest
[3c7c:000c][2026-05-10T01:35:55] Getting list of files within the package
[3c7c:000c][2026-05-10T01:35:55] Processing file /Contents/Common7/IDE/Extensions/DSLTextTemplatingRegistry_x86.pkgdef
[3c7c:000c][2026-05-10T01:35:55] Started: Copying file /Contents/Common7/IDE/Extensions/DSLTextTemplatingRegistry_x86.pkgdef to C:\Program Files (x86)\Microsoft Visual Studio\2022\BuildTools\Common7\IDE\Extensions\DSLTextTemplatingRegistry_x86.pkgdef
[3c7c:000c][2026-05-10T01:35:55] Completed: Copying file /Contents/Common7/IDE/Extensions/DSLTextTemplatingRegistry_x86.pkgdef to C:\Program Files (x86)\Microsoft Visual Studio\2022\BuildTools\Common7\IDE\Extensions\DSLTextTemplatingRegistry_x86.pkgdef
[3c7c:000c][2026-05-10T01:35:55] Timestamp updated for file 'C:\Program Files (x86)\Microsoft Visual Studio\2022\BuildTools\Common7\IDE\Extensions\DSLTextTemplatingRegistry_x86.pkgdef'.
[3c7c:000c][2026-05-10T01:35:55] Processing file /Contents/Common7/IDE/Extensions/DSLTextTemplating_FileAssoc_Sxs.pkgdef
[3c7c:000c][2026-05-10T01:35:55] Started: Copying file /Contents/Common7/IDE/Extensions/DSLTextTemplating_FileAssoc_Sxs.pkgdef to C:\Program Files (x86)\Microsoft Visual Studio\2022\BuildTools\Common7\IDE\Extensions\DSLTextTemplating_FileAssoc_Sxs.pkgdef
[3c7c:000c][2026-05-10T01:35:55] Completed: Copying file /Contents/Common7/IDE/Extensions/DSLTextTemplating_FileAssoc_Sxs.pkgdef to C:\Program Files (x86)\Microsoft Visual Studio\2022\BuildTools\Common7\IDE\Extensions\DSLTextTemplating_FileAssoc_Sxs.pkgdef
[3c7c:000c][2026-05-10T01:35:55] Timestamp updated for file 'C:\Program Files (x86)\Microsoft Visual Studio\2022\BuildTools\Common7\IDE\Extensions\DSLTextTemplating_FileAssoc_Sxs.pkgdef'.
[3c7c:000c][2026-05-10T01:35:55] Processing file /Contents/Common7/IDE/ItemTemplates/AspNetCore/CSharp/1033/TextTemplate/Prospective.WebCSharp.tt
[3c7c:000c][2026-05-10T01:35:55] Started: Copying file /Contents/Common7/IDE/ItemTemplates/AspNetCore/CSharp/1033/TextTemplate/Prospective.WebCSharp.tt to C:\Program Files (x86)\Microsoft Visual Studio\2022\BuildTools\Common7\IDE\ItemTemplates\AspNetCore\CSharp\1033\TextTemplate\Prospective.WebCSharp.tt
[3c7c:000c][2026-05-10T01:35:55] Completed: Copying file /Contents/Common7/IDE/ItemTemplates/AspNetCore/CSharp/1033/TextTemplate/Prospective.WebCSharp.tt to C:\Program Files (x86)\Microsoft Visual Studio\2022\BuildTools\Common7\IDE\ItemTemplates\AspNetCore\CSharp\1033\TextTemplate\Prospective.WebCSharp.tt
[3c7c:000c][2026-05-10T01:35:55] Timestamp updated for file 'C:\Program Files (x86)\Microsoft Visual Studio\2022\BuildTools\Common7\IDE\ItemTemplates\AspNetCore\CSharp\1033\TextTemplate\Prospective.WebCSharp.tt'.
[3c7c:000c][2026-05-10T01:35:55] Processing file /Contents/Common7/IDE/ItemTemplates/AspNetCore/CSharp/1033/TextTemplate/TextTemplate.WebCSharp.vstemplate
[3c7c:000c][2026-05-10T01:35:55] Started: Copying file /Contents/Common7/IDE/ItemTemplates/AspNetCore/CSharp/1033/TextTemplate/TextTemplate.WebCSharp.vstemplate to C:\Program Files (x86)\Microsoft Visual Studio\2022\BuildTools\Common7\IDE\ItemTemplates\AspNetCore\CSharp\1033\TextTemplate\TextTemplate.WebCSharp.vstemplate
[3c7c:000c][2026-05-10T01:35:55] Completed: Copying file /Contents/Common7/IDE/ItemTemplates/AspNetCore/CSharp/1033/TextTemplate/TextTemplate.WebCSharp.vstemplate to C:\Program Files (x86)\Microsoft Visual Studio\2022\BuildTools\Common7\IDE\ItemTemplates\AspNetCore\CSharp\1033\TextTemplate\TextTemplate.WebCSharp.vstemplate
[3c7c:000c][2026-05-10T01:35:55] Timestamp updated for file 'C:\Program Files (x86)\Microsoft Visual Studio\2022\BuildTools\Common7\IDE\ItemTemplates\AspNetCore\CSharp\1033\TextTemplate\TextTemplate.WebCSharp.vstemplate'.
[3c7c:000c][2026-05-10T01:35:55] Processing file /Contents/Common7/IDE/ItemTemplates/CSharp/General/1033/PreTextTemplate/PreProspective.CSharp.tt
[3c7c:000c][2026-05-10T01:35:55] Started: Copying file /Contents/Common7/IDE/ItemTemplates/CSharp/General/1033/PreTextTemplate/PreProspective.CSharp.tt to C:\Program Files (x86)\Microsoft Visual Studio\2022\BuildTools\Common7\IDE\ItemTemplates\CSharp\General\1033\PreTextTemplate\PreProspective.CSharp.tt
[3c7c:000c][2026-05-10T01:35:55] Completed: Copying file /Contents/Common7/IDE/ItemTemplates/CSharp/General/1033/PreTextTemplate/PreProspective.CSharp.tt to C:\Program Files (x86)\Microsoft Visual Studio\2022\BuildTools\Common7\IDE\ItemTemplates\CSharp\General\1033\PreTextTemplate\PreProspective.CSharp.tt
[3c7c:000c][2026-05-10T01:35:55] Timestamp updated for file 'C:\Program Files (x86)\Microsoft Visual Studio\2022\BuildTools\Common7\IDE\ItemTemplates\CSharp\General\1033\PreTextTemplate\PreProspective.CSharp.tt'.
[3c7c:000c][2026-05-10T01:35:55] Processing file /Contents/Common7/IDE/ItemTemplates/CSharp/General/1033/PreTextTemplate/PreTextTemplate.CSharp.vstemplate
[3c7c:000c][2026-05-10T01:35:55] Started: Copying file /Contents/Common7/IDE/ItemTemplates/CSharp/General/1033/PreTextTemplate/PreTextTemplate.CSharp.vstemplate to C:\Program Files (x86)\Microsoft Visual Studio\2022\BuildTools\Common7\IDE\ItemTemplates\CSharp\General\1033\PreTextTemplate\PreTextTemplate.CSharp.vstemplate
[3c7c:000c][2026-05-10T01:35:55] Completed: Copying file /Contents/Common7/IDE/ItemTemplates/CSharp/General/1033/PreTextTemplate/PreTextTemplate.CSharp.vstemplate to C:\Program Files (x86)\Microsoft Visual Studio\2022\BuildTools\Common7\IDE\ItemTemplates\CSharp\General\1033\PreTextTemplate\PreTextTemplate.CSharp.vstemplate
[3c7c:000c][2026-05-10T01:35:55] Timestamp updated for file 'C:\Program Files (x86)\Microsoft Visual Studio\2022\BuildTools\Common7\IDE\ItemTemplates\CSharp\General\1033\PreTextTemplate\PreTextTemplate.CSharp.vstemplate'.
[3c7c:000c][2026-05-10T01:35:55] Processing file /Contents/Common7/IDE/ItemTemplates/CSharp/General/1033/TextTemplate/Prospective.CSharp.tt
[3c7c:000c][2026-05-10T01:35:55] Started: Copying file /Contents/Common7/IDE/ItemTemplates/CSharp/General/1033/TextTemplate/Prospective.CSharp.tt to C:\Program Files (x86)\Microsoft Visual Studio\2022\BuildTools\Common7\IDE\ItemTemplates\CSharp\General\1033\TextTemplate\Prospective.CSharp.tt
[3c7c:000c][2026-05-10T01:35:55] Completed: Copying file /Contents/Common7/IDE/ItemTemplates/CSharp/General/1033/TextTemplate/Prospective.CSharp.tt to C:\Program Files (x86)\Microsoft Visual Studio\2022\BuildTools\Common7\IDE\ItemTemplates\CSharp\General\1033\TextTemplate\Prospective.CSharp.tt
[3c7c:000c][2026-05-10T01:35:55] Timestamp updated for file 'C:\Program Files (x86)\Microsoft Visual Studio\2022\BuildTools\Common7\IDE\ItemTemplates\CSharp\General\1033\TextTemplate\Prospective.CSharp.tt'.
[3c7c:000c][2026-05-10T01:35:55] Processing file /Contents/Common7/IDE/ItemTemplates/CSharp/General/1033/TextTemplate/TextTemplate.CSharp.vstemplate
[3c7c:000c][2026-05-10T01:35:55] Started: Copying file /Contents/Common7/IDE/ItemTemplates/CSharp/General/1033/TextTemplate/TextTemplate.CSharp.vstemplate to C:\Program Files (x86)\Microsoft Visual Studio\2022\BuildTools\Common7\IDE\ItemTemplates\CSharp\General\1033\TextTemplate\TextTemplate.CSharp.vstemplate
[3c7c:000c][2026-05-10T01:35:55] Completed: Copying file /Contents/Common7/IDE/ItemTemplates/CSharp/General/1033/TextTemplate/TextTemplate.CSharp.vstemplate to C:\Program Files (x86)\Microsoft Visual Studio\2022\BuildTools\Common7\IDE\ItemTemplates\CSharp\General\1033\TextTemplate\TextTemplate.CSharp.vstemplate
[3c7c:000c][2026-05-10T01:35:55] Timestamp updated for file 'C:\Program Files (x86)\Microsoft Visual Studio\2022\BuildTools\Common7\IDE\ItemTemplates\CSharp\General\1033\TextTemplate\TextTemplate.CSharp.vstemplate'.
[3c7c:000c][2026-05-10T01:35:55] Processing file /contents/Common7/IDE/ItemTemplates/Microsoft.VisualStudio.TextTemplating.Integration.Item..vstman
[3c7c:000c][2026-05-10T01:35:55] Started: Copying file /contents/Common7/IDE/ItemTemplates/Microsoft.VisualStudio.TextTemplating.Integration.Item..vstman to C:\Program Files (x86)\Microsoft Visual Studio\2022\BuildTools\Common7\IDE\ItemTemplates\Microsoft.VisualStudio.TextTemplating.Integration.Item..vstman
[3c7c:000c][2026-05-10T01:35:55] Completed: Copying file /contents/Common7/IDE/ItemTemplates/Microsoft.VisualStudio.TextTemplating.Integration.Item..vstman to C:\Program Files (x86)\Microsoft Visual Studio\2022\BuildTools\Common7\IDE\ItemTemplates\Microsoft.VisualStudio.TextTemplating.Integration.Item..vstman
[3c7c:000c][2026-05-10T01:35:55] Timestamp updated for file 'C:\Program Files (x86)\Microsoft Visual Studio\2022\BuildTools\Common7\IDE\ItemTemplates\Microsoft.VisualStudio.TextTemplating.Integration.Item..vstman'.
[3c7c:000c][2026-05-10T01:35:55] Processing file /Contents/Common7/IDE/ItemTemplates/VisualBasic/General/1033/PreTextTemplate/PreProspective.VisualBasic.tt
[3c7c:000c][2026-05-10T01:35:55] Started: Copying file /Contents/Common7/IDE/ItemTemplates/VisualBasic/General/1033/PreTextTemplate/PreProspective.VisualBasic.tt to C:\Program Files (x86)\Microsoft Visual Studio\2022\BuildTools\Common7\IDE\ItemTemplates\VisualBasic\General\1033\PreTextTemplate\PreProspective.VisualBasic.tt
[3c7c:000c][2026-05-10T01:35:55] Completed: Copying file /Contents/Common7/IDE/ItemTemplates/VisualBasic/General/1033/PreTextTemplate/PreProspective.VisualBasic.tt to C:\Program Files (x86)\Microsoft Visual Studio\2022\BuildTools\Common7\IDE\ItemTemplates\VisualBasic\General\1033\PreTextTemplate\PreProspective.VisualBasic.tt
[3c7c:000c][2026-05-10T01:35:55] Timestamp updated for file 'C:\Program Files (x86)\Microsoft Visual Studio\2022\BuildTools\Common7\IDE\ItemTemplates\VisualBasic\General\1033\PreTextTemplate\PreProspective.VisualBasic.tt'.
[3c7c:000c][2026-05-10T01:35:55] Processing file /Contents/Common7/IDE/ItemTemplates/VisualBasic/General/1033/PreTextTemplate/PreTextTemplate.VisualBasic.vstemplate
[3c7c:000c][2026-05-10T01:35:55] Started: Copying file /Contents/Common7/IDE/ItemTemplates/VisualBasic/General/1033/PreTextTemplate/PreTextTemplate.VisualBasic.vstemplate to C:\Program Files (x86)\Microsoft Visual Studio\2022\BuildTools\Common7\IDE\ItemTemplates\VisualBasic\General\1033\PreTextTemplate\PreTextTemplate.VisualBasic.vstemplate
[3c7c:000c][2026-05-10T01:35:55] Completed: Copying file /Contents/Common7/IDE/ItemTemplates/VisualBasic/General/1033/PreTextTemplate/PreTextTemplate.VisualBasic.vstemplate to C:\Program Files (x86)\Microsoft Visual Studio\2022\BuildTools\Common7\IDE\ItemTemplates\VisualBasic\General\1033\PreTextTemplate\PreTextTemplate.VisualBasic.vstemplate
[3c7c:000c][2026-05-10T01:35:55] Timestamp updated for file 'C:\Program Files (x86)\Microsoft Visual Studio\2022\BuildTools\Common7\IDE\ItemTemplates\VisualBasic\General\1033\PreTextTemplate\PreTextTemplate.VisualBasic.vstemplate'.
[3c7c:000c][2026-05-10T01:35:55] Processing file /Contents/Common7/IDE/ItemTemplates/VisualBasic/General/1033/TextTemplate/Prospective.VisualBasic.tt
[3c7c:000c][2026-05-10T01:35:55] Started: Copying file /Contents/Common7/IDE/ItemTemplates/VisualBasic/General/1033/TextTemplate/Prospective.VisualBasic.tt to C:\Program Files (x86)\Microsoft Visual Studio\2022\BuildTools\Common7\IDE\ItemTemplates\VisualBasic\General\1033\TextTemplate\Prospective.VisualBasic.tt
[3c7c:000c][2026-05-10T01:35:55] Completed: Copying file /Contents/Common7/IDE/ItemTemplates/VisualBasic/General/1033/TextTemplate/Prospective.VisualBasic.tt to C:\Program Files (x86)\Microsoft Visual Studio\2022\BuildTools\Common7\IDE\ItemTemplates\VisualBasic\General\1033\TextTemplate\Prospective.VisualBasic.tt
[3c7c:000c][2026-05-10T01:35:55] Timestamp updated for file 'C:\Program Files (x86)\Microsoft Visual Studio\2022\BuildTools\Common7\IDE\ItemTemplates\VisualBasic\General\1033\TextTemplate\Prospective.VisualBasic.tt'.
[3c7c:000c][2026-05-10T01:35:55] Processing file /Contents/Common7/IDE/ItemTemplates/VisualBasic/General/1033/TextTemplate/TextTemplate.VisualBasic.vstemplate
[3c7c:000c][2026-05-10T01:35:55] Started: Copying file /Contents/Common7/IDE/ItemTemplates/VisualBasic/General/1033/TextTemplate/TextTemplate.VisualBasic.vstemplate to C:\Program Files (x86)\Microsoft Visual Studio\2022\BuildTools\Common7\IDE\ItemTemplates\VisualBasic\General\1033\TextTemplate\TextTemplate.VisualBasic.vstemplate
[3c7c:000c][2026-05-10T01:35:55] Completed: Copying file /Contents/Common7/IDE/ItemTemplates/VisualBasic/General/1033/TextTemplate/TextTemplate.VisualBasic.vstemplate to C:\Program Files (x86)\Microsoft Visual Studio\2022\BuildTools\Common7\IDE\ItemTemplates\VisualBasic\General\1033\TextTemplate\TextTemplate.VisualBasic.vstemplate
[3c7c:000c][2026-05-10T01:35:55] Timestamp updated for file 'C:\Program Files (x86)\Microsoft Visual Studio\2022\BuildTools\Common7\IDE\ItemTemplates\VisualBasic\General\1033\TextTemplate\TextTemplate.VisualBasic.vstemplate'.
[3c7c:000c][2026-05-10T01:35:55] Processing file /Contents/Common7/IDE/ItemTemplates/Web/CSharp/1033/PreTextTemplate/PreProspective.WebCSharp.tt
[3c7c:000c][2026-05-10T01:35:55] Started: Copying file /Contents/Common7/IDE/ItemTemplates/Web/CSharp/1033/PreTextTemplate/PreProspective.WebCSharp.tt to C:\Program Files (x86)\Microsoft Visual Studio\2022\BuildTools\Common7\IDE\ItemTemplates\Web\CSharp\1033\PreTextTemplate\PreProspective.WebCSharp.tt
[3c7c:000c][2026-05-10T01:35:55] Completed: Copying file /Contents/Common7/IDE/ItemTemplates/Web/CSharp/1033/PreTextTemplate/PreProspective.WebCSharp.tt to C:\Program Files (x86)\Microsoft Visual Studio\2022\BuildTools\Common7\IDE\ItemTemplates\Web\CSharp\1033\PreTextTemplate\PreProspective.WebCSharp.tt
[3c7c:000c][2026-05-10T01:35:55] Timestamp updated for file 'C:\Program Files (x86)\Microsoft Visual Studio\2022\BuildTools\Common7\IDE\ItemTemplates\Web\CSharp\1033\PreTextTemplate\PreProspective.WebCSharp.tt'.
[3c7c:000c][2026-05-10T01:35:55] Processing file /Contents/Common7/IDE/ItemTemplates/Web/CSharp/1033/PreTextTemplate/PreTextTemplate.WebCSharp.vstemplate
[3c7c:000c][2026-05-10T01:35:55] Started: Copying file /Contents/Common7/IDE/ItemTemplates/Web/CSharp/1033/PreTextTemplate/PreTextTemplate.WebCSharp.vstemplate to C:\Program Files (x86)\Microsoft Visual Studio\2022\BuildTools\Common7\IDE\ItemTemplates\Web\CSharp\1033\PreTextTemplate\PreTextTemplate.WebCSharp.vstemplate
[3c7c:000c][2026-05-10T01:35:55] Completed: Copying file /Contents/Common7/IDE/ItemTemplates/Web/CSharp/1033/PreTextTemplate/PreTextTemplate.WebCSharp.vstemplate to C:\Program Files (x86)\Microsoft Visual Studio\2022\BuildTools\Common7\IDE\ItemTemplates\Web\CSharp\1033\PreTextTemplate\PreTextTemplate.WebCSharp.vstemplate
[3c7c:000c][2026-05-10T01:35:55] Timestamp updated for file 'C:\Program Files (x86)\Microsoft Visual Studio\2022\BuildTools\Common7\IDE\ItemTemplates\Web\CSharp\1033\PreTextTemplate\PreTextTemplate.WebCSharp.vstemplate'.
[3c7c:000c][2026-05-10T01:35:55] Processing file /Contents/Common7/IDE/ItemTemplates/Web/CSharp/1033/TextTemplate/Prospective.WebCSharp.tt
[3c7c:000c][2026-05-10T01:35:55] Started: Copying file /Contents/Common7/IDE/ItemTemplates/Web/CSharp/1033/TextTemplate/Prospective.WebCSharp.tt to C:\Program Files (x86)\Microsoft Visual Studio\2022\BuildTools\Common7\IDE\ItemTemplates\Web\CSharp\1033\TextTemplate\Prospective.WebCSharp.tt
[3c7c:000c][2026-05-10T01:35:55] Completed: Copying file /Contents/Common7/IDE/ItemTemplates/Web/CSharp/1033/TextTemplate/Prospective.WebCSharp.tt to C:\Program Files (x86)\Microsoft Visual Studio\2022\BuildTools\Common7\IDE\ItemTemplates\Web\CSharp\1033\TextTemplate\Prospective.WebCSharp.tt
[3c7c:000c][2026-05-10T01:35:55] Timestamp updated for file 'C:\Program Files (x86)\Microsoft Visual Studio\2022\BuildTools\Common7\IDE\ItemTemplates\Web\CSharp\1033\TextTemplate\Prospective.WebCSharp.tt'.
[3c7c:000c][2026-05-10T01:35:55] Processing file /Contents/Common7/IDE/ItemTemplates/Web/CSharp/1033/TextTemplate/TextTemplate.WebCSharp.vstemplate
[3c7c:000c][2026-05-10T01:35:55] Started: Copying file /Contents/Common7/IDE/ItemTemplates/Web/CSharp/1033/TextTemplate/TextTemplate.WebCSharp.vstemplate to C:\Program Files (x86)\Microsoft Visual Studio\2022\BuildTools\Common7\IDE\ItemTemplates\Web\CSharp\1033\TextTemplate\TextTemplate.WebCSharp.vstemplate
[3c7c:000c][2026-05-10T01:35:55] Completed: Copying file /Contents/Common7/IDE/ItemTemplates/Web/CSharp/1033/TextTemplate/TextTemplate.WebCSharp.vstemplate to C:\Program Files (x86)\Microsoft Visual Studio\2022\BuildTools\Common7\IDE\ItemTemplates\Web\CSharp\1033\TextTemplate\TextTemplate.WebCSharp.vstemplate
[3c7c:000c][2026-05-10T01:35:55] Timestamp updated for file 'C:\Program Files (x86)\Microsoft Visual Studio\2022\BuildTools\Common7\IDE\ItemTemplates\Web\CSharp\1033\TextTemplate\TextTemplate.WebCSharp.vstemplate'.
[3c7c:000c][2026-05-10T01:35:55] Processing file /Contents/Common7/IDE/ItemTemplates/Web/VisualBasic/1033/PreTextTemplate/PreProspective.WebVisualBasic.tt
[3c7c:000c][2026-05-10T01:35:55] Started: Copying file /Contents/Common7/IDE/ItemTemplates/Web/VisualBasic/1033/PreTextTemplate/PreProspective.WebVisualBasic.tt to C:\Program Files (x86)\Microsoft Visual Studio\2022\BuildTools\Common7\IDE\ItemTemplates\Web\VisualBasic\1033\PreTextTemplate\PreProspective.WebVisualBasic.tt
[3c7c:000c][2026-05-10T01:35:55] Completed: Copying file /Contents/Common7/IDE/ItemTemplates/Web/VisualBasic/1033/PreTextTemplate/PreProspective.WebVisualBasic.tt to C:\Program Files (x86)\Microsoft Visual Studio\2022\BuildTools\Common7\IDE\ItemTemplates\Web\VisualBasic\1033\PreTextTemplate\PreProspective.WebVisualBasic.tt
[3c7c:000c][2026-05-10T01:35:55] Timestamp updated for file 'C:\Program Files (x86)\Microsoft Visual Studio\2022\BuildTools\Common7\IDE\ItemTemplates\Web\VisualBasic\1033\PreTextTemplate\PreProspective.WebVisualBasic.tt'.
[3c7c:000c][2026-05-10T01:35:55] Processing file /Contents/Common7/IDE/ItemTemplates/Web/VisualBasic/1033/PreTextTemplate/PreTextTemplate.WebVisualBasic.vstemplate
[3c7c:000c][2026-05-10T01:35:55] Started: Copying file /Contents/Common7/IDE/ItemTemplates/Web/VisualBasic/1033/PreTextTemplate/PreTextTemplate.WebVisualBasic.vstemplate to C:\Program Files (x86)\Microsoft Visual Studio\2022\BuildTools\Common7\IDE\ItemTemplates\Web\VisualBasic\1033\PreTextTemplate\PreTextTemplate.WebVisualBasic.vstemplate
[3c7c:000c][2026-05-10T01:35:55] Completed: Copying file /Contents/Common7/IDE/ItemTemplates/Web/VisualBasic/1033/PreTextTemplate/PreTextTemplate.WebVisualBasic.vstemplate to C:\Program Files (x86)\Microsoft Visual Studio\2022\BuildTools\Common7\IDE\ItemTemplates\Web\VisualBasic\1033\PreTextTemplate\PreTextTemplate.WebVisualBasic.vstemplate
[3c7c:000c][2026-05-10T01:35:55] Timestamp updated for file 'C:\Program Files (x86)\Microsoft Visual Studio\2022\BuildTools\Common7\IDE\ItemTemplates\Web\VisualBasic\1033\PreTextTemplate\PreTextTemplate.WebVisualBasic.vstemplate'.
[3c7c:000c][2026-05-10T01:35:55] Processing file /Contents/Common7/IDE/ItemTemplates/Web/VisualBasic/1033/TextTemplate/Prospective.WebVisualBasic.tt
[3c7c:000c][2026-05-10T01:35:55] Started: Copying file /Contents/Common7/IDE/ItemTemplates/Web/VisualBasic/1033/TextTemplate/Prospective.WebVisualBasic.tt to C:\Program Files (x86)\Microsoft Visual Studio\2022\BuildTools\Common7\IDE\ItemTemplates\Web\VisualBasic\1033\TextTemplate\Prospective.WebVisualBasic.tt
[3c7c:000c][2026-05-10T01:35:55] Completed: Copying file /Contents/Common7/IDE/ItemTemplates/Web/VisualBasic/1033/TextTemplate/Prospective.WebVisualBasic.tt to C:\Program Files (x86)\Microsoft Visual Studio\2022\BuildTools\Common7\IDE\ItemTemplates\Web\VisualBasic\1033\TextTemplate\Prospective.WebVisualBasic.tt
[3c7c:000c][2026-05-10T01:35:55] Timestamp updated for file 'C:\Program Files (x86)\Microsoft Visual Studio\2022\BuildTools\Common7\IDE\ItemTemplates\Web\VisualBasic\1033\TextTemplate\Prospective.WebVisualBasic.tt'.
[3c7c:000c][2026-05-10T01:35:55] Processing file /Contents/Common7/IDE/ItemTemplates/Web/VisualBasic/1033/TextTemplate/TextTemplate.WebVisualBasic.vstemplate
[3c7c:000c][2026-05-10T01:35:55] Started: Copying file /Contents/Common7/IDE/ItemTemplates/Web/VisualBasic/1033/TextTemplate/TextTemplate.WebVisualBasic.vstemplate to C:\Program Files (x86)\Microsoft Visual Studio\2022\BuildTools\Common7\IDE\ItemTemplates\Web\VisualBasic\1033\TextTemplate\TextTemplate.WebVisualBasic.vstemplate
[3c7c:000c][2026-05-10T01:35:55] Completed: Copying file /Contents/Common7/IDE/ItemTemplates/Web/VisualBasic/1033/TextTemplate/TextTemplate.WebVisualBasic.vstemplate to C:\Program Files (x86)\Microsoft Visual Studio\2022\BuildTools\Common7\IDE\ItemTemplates\Web\VisualBasic\1033\TextTemplate\TextTemplate.WebVisualBasic.vstemplate
[3c7c:000c][2026-05-10T01:35:55] Timestamp updated for file 'C:\Program Files (x86)\Microsoft Visual Studio\2022\BuildTools\Common7\IDE\ItemTemplates\Web\VisualBasic\1033\TextTemplate\TextTemplate.WebVisualBasic.vstemplate'.
[3c7c:000c][2026-05-10T01:35:55] Processing file /Contents/Common7/IDE/PublicAssemblies/Microsoft.VisualStudio.TextTemplating.VSHost.dll
[3c7c:000c][2026-05-10T01:35:55] Started: Copying file /Contents/Common7/IDE/PublicAssemblies/Microsoft.VisualStudio.TextTemplating.VSHost.dll to C:\Program Files (x86)\Microsoft Visual Studio\2022\BuildTools\Common7\IDE\PublicAssemblies\Microsoft.VisualStudio.TextTemplating.VSHost.dll
[3c7c:000c][2026-05-10T01:35:55] Completed: Copying file /Contents/Common7/IDE/PublicAssemblies/Microsoft.VisualStudio.TextTemplating.VSHost.dll to C:\Program Files (x86)\Microsoft Visual Studio\2022\BuildTools\Common7\IDE\PublicAssemblies\Microsoft.VisualStudio.TextTemplating.VSHost.dll
[3c7c:000c][2026-05-10T01:35:55] Timestamp updated for file 'C:\Program Files (x86)\Microsoft Visual Studio\2022\BuildTools\Common7\IDE\PublicAssemblies\Microsoft.VisualStudio.TextTemplating.VSHost.dll'.
[3c7c:000c][2026-05-10T01:35:55] Queueing C:\Program Files (x86)\Microsoft Visual Studio\2022\BuildTools\Common7\IDE\PublicAssemblies\Microsoft.VisualStudio.TextTemplating.VSHost.dll for X86 ngen
[3c7c:000c][2026-05-10T01:35:55] Successfully queued file '/Contents/Common7/IDE/PublicAssemblies/Microsoft.VisualStudio.TextTemplating.VSHost.dll' for ngen
[3c7c:000c][2026-05-10T01:35:55] Processing file /Contents/Common7/IDE/T4VSHostProcess.exe
[3c7c:000c][2026-05-10T01:35:55] Started: Copying file /Contents/Common7/IDE/T4VSHostProcess.exe to C:\Program Files (x86)\Microsoft Visual Studio\2022\BuildTools\Common7\IDE\T4VSHostProcess.exe
[3c7c:000c][2026-05-10T01:35:55] Completed: Copying file /Contents/Common7/IDE/T4VSHostProcess.exe to C:\Program Files (x86)\Microsoft Visual Studio\2022\BuildTools\Common7\IDE\T4VSHostProcess.exe
[3c7c:000c][2026-05-10T01:35:55] Timestamp updated for file 'C:\Program Files (x86)\Microsoft Visual Studio\2022\BuildTools\Common7\IDE\T4VSHostProcess.exe'.
[3c7c:000c][2026-05-10T01:35:55] Processing file /Contents/Common7/IDE/T4VSHostProcess.exe.config
[3c7c:000c][2026-05-10T01:35:55] Started: Copying file /Contents/Common7/IDE/T4VSHostProcess.exe.config to C:\Program Files (x86)\Microsoft Visual Studio\2022\BuildTools\Common7\IDE\T4VSHostProcess.exe.config
[3c7c:000c][2026-05-10T01:35:55] Completed: Copying file /Contents/Common7/IDE/T4VSHostProcess.exe.config to C:\Program Files (x86)\Microsoft Visual Studio\2022\BuildTools\Common7\IDE\T4VSHostProcess.exe.config
[3c7c:000c][2026-05-10T01:35:55] Timestamp updated for file 'C:\Program Files (x86)\Microsoft Visual Studio\2022\BuildTools\Common7\IDE\T4VSHostProcess.exe.config'.
[3c7c:000c][2026-05-10T01:35:55] Package executed successfully. Return code: 0
