[3c7c:000c][2026-05-10T01:36:01] Opening the package for processing
[3c7c:000c][2026-05-10T01:36:01] Using package payload to get the embedded manifest
[3c7c:000c][2026-05-10T01:36:01] Getting list of files within the package
[3c7c:000c][2026-05-10T01:36:01] Processing file /Contents/Common7/IDE/CommonExtensions/Microsoft/Architecture%20Tools/Providers/NativeCode/Microsoft.VisualStudio.Progression.Native.CodeProvider.dll
[3c7c:000c][2026-05-10T01:36:01] Started: Copying file /Contents/Common7/IDE/CommonExtensions/Microsoft/Architecture%20Tools/Providers/NativeCode/Microsoft.VisualStudio.Progression.Native.CodeProvider.dll to C:\Program Files (x86)\Microsoft Visual Studio\2022\BuildTools\Common7\IDE\CommonExtensions\Microsoft\Architecture Tools\Providers\NativeCode\Microsoft.VisualStudio.Progression.Native.CodeProvider.dll
[3c7c:000c][2026-05-10T01:36:01] Completed: Copying file /Contents/Common7/IDE/CommonExtensions/Microsoft/Architecture%20Tools/Providers/NativeCode/Microsoft.VisualStudio.Progression.Native.CodeProvider.dll to C:\Program Files (x86)\Microsoft Visual Studio\2022\BuildTools\Common7\IDE\CommonExtensions\Microsoft\Architecture Tools\Providers\NativeCode\Microsoft.VisualStudio.Progression.Native.CodeProvider.dll
[3c7c:000c][2026-05-10T01:36:01] Timestamp updated for file 'C:\Program Files (x86)\Microsoft Visual Studio\2022\BuildTools\Common7\IDE\CommonExtensions\Microsoft\Architecture Tools\Providers\NativeCode\Microsoft.VisualStudio.Progression.Native.CodeProvider.dll'.
[3c7c:000c][2026-05-10T01:36:01] Queueing C:\Program Files (x86)\Microsoft Visual Studio\2022\BuildTools\Common7\IDE\CommonExtensions\Microsoft\Architecture Tools\Providers\NativeCode\Microsoft.VisualStudio.Progression.Native.CodeProvider.dll for X86 ngen
[3c7c:000c][2026-05-10T01:36:01] Successfully queued file '/Contents/Common7/IDE/CommonExtensions/Microsoft/Architecture Tools/Providers/NativeCode/Microsoft.VisualStudio.Progression.Native.CodeProvider.dll' for ngen
[3c7c:000c][2026-05-10T01:36:01] Processing file /Contents/Common7/IDE/CommonExtensions/Microsoft/Architecture%20Tools/Providers/NativeCode/Microsoft.VisualStudio.Progression.Native.CodeProvider.pkgdef
[3c7c:000c][2026-05-10T01:36:01] Started: Copying file /Contents/Common7/IDE/CommonExtensions/Microsoft/Architecture%20Tools/Providers/NativeCode/Microsoft.VisualStudio.Progression.Native.CodeProvider.pkgdef to C:\Program Files (x86)\Microsoft Visual Studio\2022\BuildTools\Common7\IDE\CommonExtensions\Microsoft\Architecture Tools\Providers\NativeCode\Microsoft.VisualStudio.Progression.Native.CodeProvider.pkgdef
[3c7c:000c][2026-05-10T01:36:01] Completed: Copying file /Contents/Common7/IDE/CommonExtensions/Microsoft/Architecture%20Tools/Providers/NativeCode/Microsoft.VisualStudio.Progression.Native.CodeProvider.pkgdef to C:\Program Files (x86)\Microsoft Visual Studio\2022\BuildTools\Common7\IDE\CommonExtensions\Microsoft\Architecture Tools\Providers\NativeCode\Microsoft.VisualStudio.Progression.Native.CodeProvider.pkgdef
[3c7c:000c][2026-05-10T01:36:01] Timestamp updated for file 'C:\Program Files (x86)\Microsoft Visual Studio\2022\BuildTools\Common7\IDE\CommonExtensions\Microsoft\Architecture Tools\Providers\NativeCode\Microsoft.VisualStudio.Progression.Native.CodeProvider.pkgdef'.
[3c7c:000c][2026-05-10T01:36:01] Processing file /Contents/Common7/IDE/CommonExtensions/Microsoft/VC/LanguageServer/Microsoft.VisualStudio.VC.LanguageServer.dll
[3c7c:000c][2026-05-10T01:36:01] Started: Copying file /Contents/Common7/IDE/CommonExtensions/Microsoft/VC/LanguageServer/Microsoft.VisualStudio.VC.LanguageServer.dll to C:\Program Files (x86)\Microsoft Visual Studio\2022\BuildTools\Common7\IDE\CommonExtensions\Microsoft\VC\LanguageServer\Microsoft.VisualStudio.VC.LanguageServer.dll
[3c7c:000c][2026-05-10T01:36:01] Completed: Copying file /Contents/Common7/IDE/CommonExtensions/Microsoft/VC/LanguageServer/Microsoft.VisualStudio.VC.LanguageServer.dll to C:\Program Files (x86)\Microsoft Visual Studio\2022\BuildTools\Common7\IDE\CommonExtensions\Microsoft\VC\LanguageServer\Microsoft.VisualStudio.VC.LanguageServer.dll
[3c7c:000c][2026-05-10T01:36:01] Timestamp updated for file 'C:\Program Files (x86)\Microsoft Visual Studio\2022\BuildTools\Common7\IDE\CommonExtensions\Microsoft\VC\LanguageServer\Microsoft.VisualStudio.VC.LanguageServer.dll'.
[3c7c:000c][2026-05-10T01:36:01] Processing file /Contents/Common7/IDE/CommonExtensions/Microsoft/VC/LanguageServer/Microsoft.VisualStudio.VC.LanguageServer.pkgdef
[3c7c:000c][2026-05-10T01:36:01] Started: Copying file /Contents/Common7/IDE/CommonExtensions/Microsoft/VC/LanguageServer/Microsoft.VisualStudio.VC.LanguageServer.pkgdef to C:\Program Files (x86)\Microsoft Visual Studio\2022\BuildTools\Common7\IDE\CommonExtensions\Microsoft\VC\LanguageServer\Microsoft.VisualStudio.VC.LanguageServer.pkgdef
[3c7c:000c][2026-05-10T01:36:01] Completed: Copying file /Contents/Common7/IDE/CommonExtensions/Microsoft/VC/LanguageServer/Microsoft.VisualStudio.VC.LanguageServer.pkgdef to C:\Program Files (x86)\Microsoft Visual Studio\2022\BuildTools\Common7\IDE\CommonExtensions\Microsoft\VC\LanguageServer\Microsoft.VisualStudio.VC.LanguageServer.pkgdef
[3c7c:000c][2026-05-10T01:36:01] Timestamp updated for file 'C:\Program Files (x86)\Microsoft Visual Studio\2022\BuildTools\Common7\IDE\CommonExtensions\Microsoft\VC\LanguageServer\Microsoft.VisualStudio.VC.LanguageServer.pkgdef'.
[3c7c:000c][2026-05-10T01:36:01] Processing file /Contents/Common7/IDE/CommonExtensions/Microsoft/VC/Microsoft.VisualStudio.VC.pkgdef
[3c7c:000c][2026-05-10T01:36:01] Started: Copying file /Contents/Common7/IDE/CommonExtensions/Microsoft/VC/Microsoft.VisualStudio.VC.pkgdef to C:\Program Files (x86)\Microsoft Visual Studio\2022\BuildTools\Common7\IDE\CommonExtensions\Microsoft\VC\Microsoft.VisualStudio.VC.pkgdef
[3c7c:000c][2026-05-10T01:36:01] Completed: Copying file /Contents/Common7/IDE/CommonExtensions/Microsoft/VC/Microsoft.VisualStudio.VC.pkgdef to C:\Program Files (x86)\Microsoft Visual Studio\2022\BuildTools\Common7\IDE\CommonExtensions\Microsoft\VC\Microsoft.VisualStudio.VC.pkgdef
[3c7c:000c][2026-05-10T01:36:01] Timestamp updated for file 'C:\Program Files (x86)\Microsoft Visual Studio\2022\BuildTools\Common7\IDE\CommonExtensions\Microsoft\VC\Microsoft.VisualStudio.VC.pkgdef'.
[3c7c:000c][2026-05-10T01:36:01] Processing file /Contents/Common7/IDE/CommonExtensions/Microsoft/VC/TextMate/c.tmLanguage.json
[3c7c:000c][2026-05-10T01:36:01] Started: Copying file /Contents/Common7/IDE/CommonExtensions/Microsoft/VC/TextMate/c.tmLanguage.json to C:\Program Files (x86)\Microsoft Visual Studio\2022\BuildTools\Common7\IDE\CommonExtensions\Microsoft\VC\TextMate\c.tmLanguage.json
[3c7c:000c][2026-05-10T01:36:01] Completed: Copying file /Contents/Common7/IDE/CommonExtensions/Microsoft/VC/TextMate/c.tmLanguage.json to C:\Program Files (x86)\Microsoft Visual Studio\2022\BuildTools\Common7\IDE\CommonExtensions\Microsoft\VC\TextMate\c.tmLanguage.json
[3c7c:000c][2026-05-10T01:36:01] Timestamp updated for file 'C:\Program Files (x86)\Microsoft Visual Studio\2022\BuildTools\Common7\IDE\CommonExtensions\Microsoft\VC\TextMate\c.tmLanguage.json'.
[3c7c:000c][2026-05-10T01:36:01] Processing file /Contents/Common7/IDE/CommonExtensions/Microsoft/VC/TextMate/c.tmLanguage.tmTheme
[3c7c:000c][2026-05-10T01:36:01] Started: Copying file /Contents/Common7/IDE/CommonExtensions/Microsoft/VC/TextMate/c.tmLanguage.tmTheme to C:\Program Files (x86)\Microsoft Visual Studio\2022\BuildTools\Common7\IDE\CommonExtensions\Microsoft\VC\TextMate\c.tmLanguage.tmTheme
[3c7c:000c][2026-05-10T01:36:01] Completed: Copying file /Contents/Common7/IDE/CommonExtensions/Microsoft/VC/TextMate/c.tmLanguage.tmTheme to C:\Program Files (x86)\Microsoft Visual Studio\2022\BuildTools\Common7\IDE\CommonExtensions\Microsoft\VC\TextMate\c.tmLanguage.tmTheme
[3c7c:000c][2026-05-10T01:36:01] Timestamp updated for file 'C:\Program Files (x86)\Microsoft Visual Studio\2022\BuildTools\Common7\IDE\CommonExtensions\Microsoft\VC\TextMate\c.tmLanguage.tmTheme'.
[3c7c:000c][2026-05-10T01:36:01] Processing file /Contents/Common7/IDE/CommonExtensions/Microsoft/VC/TextMate/cpp.tmLanguage.json
[3c7c:000c][2026-05-10T01:36:01] Started: Copying file /Contents/Common7/IDE/CommonExtensions/Microsoft/VC/TextMate/cpp.tmLanguage.json to C:\Program Files (x86)\Microsoft Visual Studio\2022\BuildTools\Common7\IDE\CommonExtensions\Microsoft\VC\TextMate\cpp.tmLanguage.json
[3c7c:000c][2026-05-10T01:36:01] Completed: Copying file /Contents/Common7/IDE/CommonExtensions/Microsoft/VC/TextMate/cpp.tmLanguage.json to C:\Program Files (x86)\Microsoft Visual Studio\2022\BuildTools\Common7\IDE\CommonExtensions\Microsoft\VC\TextMate\cpp.tmLanguage.json
[3c7c:000c][2026-05-10T01:36:01] Timestamp updated for file 'C:\Program Files (x86)\Microsoft Visual Studio\2022\BuildTools\Common7\IDE\CommonExtensions\Microsoft\VC\TextMate\cpp.tmLanguage.json'.
[3c7c:000c][2026-05-10T01:36:01] Processing file /Contents/Common7/IDE/CommonExtensions/Microsoft/VC/TextMate/cpp.tmLanguage.tmtheme
[3c7c:000c][2026-05-10T01:36:01] Started: Copying file /Contents/Common7/IDE/CommonExtensions/Microsoft/VC/TextMate/cpp.tmLanguage.tmtheme to C:\Program Files (x86)\Microsoft Visual Studio\2022\BuildTools\Common7\IDE\CommonExtensions\Microsoft\VC\TextMate\cpp.tmLanguage.tmtheme
[3c7c:000c][2026-05-10T01:36:01] Completed: Copying file /Contents/Common7/IDE/CommonExtensions/Microsoft/VC/TextMate/cpp.tmLanguage.tmtheme to C:\Program Files (x86)\Microsoft Visual Studio\2022\BuildTools\Common7\IDE\CommonExtensions\Microsoft\VC\TextMate\cpp.tmLanguage.tmtheme
[3c7c:000c][2026-05-10T01:36:01] Timestamp updated for file 'C:\Program Files (x86)\Microsoft Visual Studio\2022\BuildTools\Common7\IDE\CommonExtensions\Microsoft\VC\TextMate\cpp.tmLanguage.tmtheme'.
[3c7c:000c][2026-05-10T01:36:01] Processing file /Contents/Common7/IDE/CommonExtensions/Microsoft/VC/TextMate/platform.tmLanguage.json
[3c7c:000c][2026-05-10T01:36:01] Started: Copying file /Contents/Common7/IDE/CommonExtensions/Microsoft/VC/TextMate/platform.tmLanguage.json to C:\Program Files (x86)\Microsoft Visual Studio\2022\BuildTools\Common7\IDE\CommonExtensions\Microsoft\VC\TextMate\platform.tmLanguage.json
[3c7c:000c][2026-05-10T01:36:01] Completed: Copying file /Contents/Common7/IDE/CommonExtensions/Microsoft/VC/TextMate/platform.tmLanguage.json to C:\Program Files (x86)\Microsoft Visual Studio\2022\BuildTools\Common7\IDE\CommonExtensions\Microsoft\VC\TextMate\platform.tmLanguage.json
[3c7c:000c][2026-05-10T01:36:01] Timestamp updated for file 'C:\Program Files (x86)\Microsoft Visual Studio\2022\BuildTools\Common7\IDE\CommonExtensions\Microsoft\VC\TextMate\platform.tmLanguage.json'.
[3c7c:000c][2026-05-10T01:36:01] Processing file /Contents/Common7/IDE/CommonExtensions/Microsoft/VC/vc.imagemanifest
[3c7c:000c][2026-05-10T01:36:01] Started: Copying file /Contents/Common7/IDE/CommonExtensions/Microsoft/VC/vc.imagemanifest to C:\Program Files (x86)\Microsoft Visual Studio\2022\BuildTools\Common7\IDE\CommonExtensions\Microsoft\VC\vc.imagemanifest
[3c7c:000c][2026-05-10T01:36:01] Completed: Copying file /Contents/Common7/IDE/CommonExtensions/Microsoft/VC/vc.imagemanifest to C:\Program Files (x86)\Microsoft Visual Studio\2022\BuildTools\Common7\IDE\CommonExtensions\Microsoft\VC\vc.imagemanifest
[3c7c:000c][2026-05-10T01:36:01] Timestamp updated for file 'C:\Program Files (x86)\Microsoft Visual Studio\2022\BuildTools\Common7\IDE\CommonExtensions\Microsoft\VC\vc.imagemanifest'.
[3c7c:000c][2026-05-10T01:36:01] Processing file /Contents/Common7/IDE/CommonExtensions/Microsoft/VC/VCEditorColors.pkgdef
[3c7c:000c][2026-05-10T01:36:01] Started: Copying file /Contents/Common7/IDE/CommonExtensions/Microsoft/VC/VCEditorColors.pkgdef to C:\Program Files (x86)\Microsoft Visual Studio\2022\BuildTools\Common7\IDE\CommonExtensions\Microsoft\VC\VCEditorColors.pkgdef
[3c7c:000c][2026-05-10T01:36:01] Completed: Copying file /Contents/Common7/IDE/CommonExtensions/Microsoft/VC/VCEditorColors.pkgdef to C:\Program Files (x86)\Microsoft Visual Studio\2022\BuildTools\Common7\IDE\CommonExtensions\Microsoft\VC\VCEditorColors.pkgdef
[3c7c:000c][2026-05-10T01:36:01] Timestamp updated for file 'C:\Program Files (x86)\Microsoft Visual Studio\2022\BuildTools\Common7\IDE\CommonExtensions\Microsoft\VC\VCEditorColors.pkgdef'.
[3c7c:000c][2026-05-10T01:36:01] Processing file /Contents/Common7/IDE/CommonExtensions/Microsoft/VC/VC_MsgBuilder_Registration.pkgdef
[3c7c:000c][2026-05-10T01:36:01] Started: Copying file /Contents/Common7/IDE/CommonExtensions/Microsoft/VC/VC_MsgBuilder_Registration.pkgdef to C:\Program Files (x86)\Microsoft Visual Studio\2022\BuildTools\Common7\IDE\CommonExtensions\Microsoft\VC\VC_MsgBuilder_Registration.pkgdef
[3c7c:000c][2026-05-10T01:36:01] Completed: Copying file /Contents/Common7/IDE/CommonExtensions/Microsoft/VC/VC_MsgBuilder_Registration.pkgdef to C:\Program Files (x86)\Microsoft Visual Studio\2022\BuildTools\Common7\IDE\CommonExtensions\Microsoft\VC\VC_MsgBuilder_Registration.pkgdef
[3c7c:000c][2026-05-10T01:36:01] Timestamp updated for file 'C:\Program Files (x86)\Microsoft Visual Studio\2022\BuildTools\Common7\IDE\CommonExtensions\Microsoft\VC\VC_MsgBuilder_Registration.pkgdef'.
[3c7c:000c][2026-05-10T01:36:01] Processing file /Contents/Common7/IDE/CommonExtensions/Microsoft/VC/VC_Pkg_Core_Registration.pkgdef
[3c7c:000c][2026-05-10T01:36:01] Started: Copying file /Contents/Common7/IDE/CommonExtensions/Microsoft/VC/VC_Pkg_Core_Registration.pkgdef to C:\Program Files (x86)\Microsoft Visual Studio\2022\BuildTools\Common7\IDE\CommonExtensions\Microsoft\VC\VC_Pkg_Core_Registration.pkgdef
[3c7c:000c][2026-05-10T01:36:01] Completed: Copying file /Contents/Common7/IDE/CommonExtensions/Microsoft/VC/VC_Pkg_Core_Registration.pkgdef to C:\Program Files (x86)\Microsoft Visual Studio\2022\BuildTools\Common7\IDE\CommonExtensions\Microsoft\VC\VC_Pkg_Core_Registration.pkgdef
[3c7c:000c][2026-05-10T01:36:01] Timestamp updated for file 'C:\Program Files (x86)\Microsoft Visual Studio\2022\BuildTools\Common7\IDE\CommonExtensions\Microsoft\VC\VC_Pkg_Core_Registration.pkgdef'.
[3c7c:000c][2026-05-10T01:36:01] Processing file /Contents/Common7/IDE/CommonExtensions/Microsoft/VC/VC_Snippets.pkgdef
[3c7c:000c][2026-05-10T01:36:01] Started: Copying file /Contents/Common7/IDE/CommonExtensions/Microsoft/VC/VC_Snippets.pkgdef to C:\Program Files (x86)\Microsoft Visual Studio\2022\BuildTools\Common7\IDE\CommonExtensions\Microsoft\VC\VC_Snippets.pkgdef
[3c7c:000c][2026-05-10T01:36:01] Completed: Copying file /Contents/Common7/IDE/CommonExtensions/Microsoft/VC/VC_Snippets.pkgdef to C:\Program Files (x86)\Microsoft Visual Studio\2022\BuildTools\Common7\IDE\CommonExtensions\Microsoft\VC\VC_Snippets.pkgdef
[3c7c:000c][2026-05-10T01:36:01] Timestamp updated for file 'C:\Program Files (x86)\Microsoft Visual Studio\2022\BuildTools\Common7\IDE\CommonExtensions\Microsoft\VC\VC_Snippets.pkgdef'.
[3c7c:000c][2026-05-10T01:36:01] Processing file /Contents/Common7/IDE/CommonExtensions/Microsoft/VC/Wizards/Microsoft.VC.Wizards.dll
[3c7c:000c][2026-05-10T01:36:01] Started: Copying file /Contents/Common7/IDE/CommonExtensions/Microsoft/VC/Wizards/Microsoft.VC.Wizards.dll to C:\Program Files (x86)\Microsoft Visual Studio\2022\BuildTools\Common7\IDE\CommonExtensions\Microsoft\VC\Wizards\Microsoft.VC.Wizards.dll
[3c7c:000c][2026-05-10T01:36:01] Completed: Copying file /Contents/Common7/IDE/CommonExtensions/Microsoft/VC/Wizards/Microsoft.VC.Wizards.dll to C:\Program Files (x86)\Microsoft Visual Studio\2022\BuildTools\Common7\IDE\CommonExtensions\Microsoft\VC\Wizards\Microsoft.VC.Wizards.dll
[3c7c:000c][2026-05-10T01:36:01] Timestamp updated for file 'C:\Program Files (x86)\Microsoft Visual Studio\2022\BuildTools\Common7\IDE\CommonExtensions\Microsoft\VC\Wizards\Microsoft.VC.Wizards.dll'.
[3c7c:000c][2026-05-10T01:36:01] Processing file /Contents/Common7/IDE/CommonExtensions/Microsoft/VC/Wizards/Microsoft.VC.Wizards.pkgdef
[3c7c:000c][2026-05-10T01:36:01] Started: Copying file /Contents/Common7/IDE/CommonExtensions/Microsoft/VC/Wizards/Microsoft.VC.Wizards.pkgdef to C:\Program Files (x86)\Microsoft Visual Studio\2022\BuildTools\Common7\IDE\CommonExtensions\Microsoft\VC\Wizards\Microsoft.VC.Wizards.pkgdef
[3c7c:000c][2026-05-10T01:36:01] Completed: Copying file /Contents/Common7/IDE/CommonExtensions/Microsoft/VC/Wizards/Microsoft.VC.Wizards.pkgdef to C:\Program Files (x86)\Microsoft Visual Studio\2022\BuildTools\Common7\IDE\CommonExtensions\Microsoft\VC\Wizards\Microsoft.VC.Wizards.pkgdef
[3c7c:000c][2026-05-10T01:36:01] Timestamp updated for file 'C:\Program Files (x86)\Microsoft Visual Studio\2022\BuildTools\Common7\IDE\CommonExtensions\Microsoft\VC\Wizards\Microsoft.VC.Wizards.pkgdef'.
[3c7c:000c][2026-05-10T01:36:01] Processing file /Contents/Common7/IDE/Extensions/Microsoft/VC/ClassWizard/ClwWizard.dll
[3c7c:000c][2026-05-10T01:36:01] Started: Copying file /Contents/Common7/IDE/Extensions/Microsoft/VC/ClassWizard/ClwWizard.dll to C:\Program Files (x86)\Microsoft Visual Studio\2022\BuildTools\Common7\IDE\Extensions\Microsoft\VC\ClassWizard\ClwWizard.dll
[3c7c:000c][2026-05-10T01:36:01] Completed: Copying file /Contents/Common7/IDE/Extensions/Microsoft/VC/ClassWizard/ClwWizard.dll to C:\Program Files (x86)\Microsoft Visual Studio\2022\BuildTools\Common7\IDE\Extensions\Microsoft\VC\ClassWizard\ClwWizard.dll
[3c7c:000c][2026-05-10T01:36:01] Timestamp updated for file 'C:\Program Files (x86)\Microsoft Visual Studio\2022\BuildTools\Common7\IDE\Extensions\Microsoft\VC\ClassWizard\ClwWizard.dll'.
[3c7c:000c][2026-05-10T01:36:01] Processing file /Contents/Common7/IDE/Extensions/Microsoft/VC/ClassWizard/ClwWizard.pkgdef
[3c7c:000c][2026-05-10T01:36:01] Started: Copying file /Contents/Common7/IDE/Extensions/Microsoft/VC/ClassWizard/ClwWizard.pkgdef to C:\Program Files (x86)\Microsoft Visual Studio\2022\BuildTools\Common7\IDE\Extensions\Microsoft\VC\ClassWizard\ClwWizard.pkgdef
[3c7c:000c][2026-05-10T01:36:01] Completed: Copying file /Contents/Common7/IDE/Extensions/Microsoft/VC/ClassWizard/ClwWizard.pkgdef to C:\Program Files (x86)\Microsoft Visual Studio\2022\BuildTools\Common7\IDE\Extensions\Microsoft\VC\ClassWizard\ClwWizard.pkgdef
[3c7c:000c][2026-05-10T01:36:01] Timestamp updated for file 'C:\Program Files (x86)\Microsoft Visual Studio\2022\BuildTools\Common7\IDE\Extensions\Microsoft\VC\ClassWizard\ClwWizard.pkgdef'.
[3c7c:000c][2026-05-10T01:36:01] Processing file /Contents/Common7/IDE/Microsoft.VisualStudio.VC.dll
[3c7c:000c][2026-05-10T01:36:01] Started: Copying file /Contents/Common7/IDE/Microsoft.VisualStudio.VC.dll to C:\Program Files (x86)\Microsoft Visual Studio\2022\BuildTools\Common7\IDE\Microsoft.VisualStudio.VC.dll
[3c7c:000c][2026-05-10T01:36:01] Completed: Copying file /Contents/Common7/IDE/Microsoft.VisualStudio.VC.dll to C:\Program Files (x86)\Microsoft Visual Studio\2022\BuildTools\Common7\IDE\Microsoft.VisualStudio.VC.dll
[3c7c:000c][2026-05-10T01:36:01] Timestamp updated for file 'C:\Program Files (x86)\Microsoft Visual Studio\2022\BuildTools\Common7\IDE\Microsoft.VisualStudio.VC.dll'.
[3c7c:000c][2026-05-10T01:36:01] Queueing C:\Program Files (x86)\Microsoft Visual Studio\2022\BuildTools\Common7\IDE\Microsoft.VisualStudio.VC.dll for X86 ngen
[3c7c:000c][2026-05-10T01:36:01] Successfully queued file '/Contents/Common7/IDE/Microsoft.VisualStudio.VC.dll' for ngen
[3c7c:000c][2026-05-10T01:36:01] Processing file /Contents/Common7/IDE/PrivateAssemblies/Microsoft.VisualStudio.CodeStore.Internal.dll
[3c7c:000c][2026-05-10T01:36:01] Started: Copying file /Contents/Common7/IDE/PrivateAssemblies/Microsoft.VisualStudio.CodeStore.Internal.dll to C:\Program Files (x86)\Microsoft Visual Studio\2022\BuildTools\Common7\IDE\PrivateAssemblies\Microsoft.VisualStudio.CodeStore.Internal.dll
[3c7c:000c][2026-05-10T01:36:01] Completed: Copying file /Contents/Common7/IDE/PrivateAssemblies/Microsoft.VisualStudio.CodeStore.Internal.dll to C:\Program Files (x86)\Microsoft Visual Studio\2022\BuildTools\Common7\IDE\PrivateAssemblies\Microsoft.VisualStudio.CodeStore.Internal.dll
[3c7c:000c][2026-05-10T01:36:01] Timestamp updated for file 'C:\Program Files (x86)\Microsoft Visual Studio\2022\BuildTools\Common7\IDE\PrivateAssemblies\Microsoft.VisualStudio.CodeStore.Internal.dll'.
[3c7c:000c][2026-05-10T01:36:01] Processing file /Contents/Common7/IDE/PrivateAssemblies/Microsoft.VisualStudio.CppSvc.Internal.dll
[3c7c:000c][2026-05-10T01:36:01] Started: Copying file /Contents/Common7/IDE/PrivateAssemblies/Microsoft.VisualStudio.CppSvc.Internal.dll to C:\Program Files (x86)\Microsoft Visual Studio\2022\BuildTools\Common7\IDE\PrivateAssemblies\Microsoft.VisualStudio.CppSvc.Internal.dll
[3c7c:000c][2026-05-10T01:36:01] Completed: Copying file /Contents/Common7/IDE/PrivateAssemblies/Microsoft.VisualStudio.CppSvc.Internal.dll to C:\Program Files (x86)\Microsoft Visual Studio\2022\BuildTools\Common7\IDE\PrivateAssemblies\Microsoft.VisualStudio.CppSvc.Internal.dll
[3c7c:000c][2026-05-10T01:36:01] Timestamp updated for file 'C:\Program Files (x86)\Microsoft Visual Studio\2022\BuildTools\Common7\IDE\PrivateAssemblies\Microsoft.VisualStudio.CppSvc.Internal.dll'.
[3c7c:000c][2026-05-10T01:36:01] Processing file /Contents/Common7/IDE/PrivateAssemblies/Microsoft.VisualStudio.CxxWiz.Internal.dll
[3c7c:000c][2026-05-10T01:36:01] Started: Copying file /Contents/Common7/IDE/PrivateAssemblies/Microsoft.VisualStudio.CxxWiz.Internal.dll to C:\Program Files (x86)\Microsoft Visual Studio\2022\BuildTools\Common7\IDE\PrivateAssemblies\Microsoft.VisualStudio.CxxWiz.Internal.dll
[3c7c:000c][2026-05-10T01:36:01] Completed: Copying file /Contents/Common7/IDE/PrivateAssemblies/Microsoft.VisualStudio.CxxWiz.Internal.dll to C:\Program Files (x86)\Microsoft Visual Studio\2022\BuildTools\Common7\IDE\PrivateAssemblies\Microsoft.VisualStudio.CxxWiz.Internal.dll
[3c7c:000c][2026-05-10T01:36:01] Timestamp updated for file 'C:\Program Files (x86)\Microsoft Visual Studio\2022\BuildTools\Common7\IDE\PrivateAssemblies\Microsoft.VisualStudio.CxxWiz.Internal.dll'.
[3c7c:000c][2026-05-10T01:36:01] Processing file /Contents/Common7/IDE/PrivateAssemblies/Microsoft.VisualStudio.VC.CompilerQuery.dll
[3c7c:000c][2026-05-10T01:36:01] Started: Copying file /Contents/Common7/IDE/PrivateAssemblies/Microsoft.VisualStudio.VC.CompilerQuery.dll to C:\Program Files (x86)\Microsoft Visual Studio\2022\BuildTools\Common7\IDE\PrivateAssemblies\Microsoft.VisualStudio.VC.CompilerQuery.dll
[3c7c:000c][2026-05-10T01:36:01] Completed: Copying file /Contents/Common7/IDE/PrivateAssemblies/Microsoft.VisualStudio.VC.CompilerQuery.dll to C:\Program Files (x86)\Microsoft Visual Studio\2022\BuildTools\Common7\IDE\PrivateAssemblies\Microsoft.VisualStudio.VC.CompilerQuery.dll
[3c7c:000c][2026-05-10T01:36:01] Timestamp updated for file 'C:\Program Files (x86)\Microsoft Visual Studio\2022\BuildTools\Common7\IDE\PrivateAssemblies\Microsoft.VisualStudio.VC.CompilerQuery.dll'.
[3c7c:000c][2026-05-10T01:36:01] Processing file /Contents/Common7/IDE/PrivateAssemblies/Microsoft.VisualStudio.VC.RecommendationProvider.dll
[3c7c:000c][2026-05-10T01:36:01] Started: Copying file /Contents/Common7/IDE/PrivateAssemblies/Microsoft.VisualStudio.VC.RecommendationProvider.dll to C:\Program Files (x86)\Microsoft Visual Studio\2022\BuildTools\Common7\IDE\PrivateAssemblies\Microsoft.VisualStudio.VC.RecommendationProvider.dll
[3c7c:000c][2026-05-10T01:36:01] Completed: Copying file /Contents/Common7/IDE/PrivateAssemblies/Microsoft.VisualStudio.VC.RecommendationProvider.dll to C:\Program Files (x86)\Microsoft Visual Studio\2022\BuildTools\Common7\IDE\PrivateAssemblies\Microsoft.VisualStudio.VC.RecommendationProvider.dll
[3c7c:000c][2026-05-10T01:36:01] Timestamp updated for file 'C:\Program Files (x86)\Microsoft Visual Studio\2022\BuildTools\Common7\IDE\PrivateAssemblies\Microsoft.VisualStudio.VC.RecommendationProvider.dll'.
[3c7c:000c][2026-05-10T01:36:01] Processing file /Contents/Common7/IDE/PrivateAssemblies/Microsoft.VisualStudio.VsWizard.dll
[3c7c:000c][2026-05-10T01:36:01] Started: Copying file /Contents/Common7/IDE/PrivateAssemblies/Microsoft.VisualStudio.VsWizard.dll to C:\Program Files (x86)\Microsoft Visual Studio\2022\BuildTools\Common7\IDE\PrivateAssemblies\Microsoft.VisualStudio.VsWizard.dll
[3c7c:000c][2026-05-10T01:36:01] Completed: Copying file /Contents/Common7/IDE/PrivateAssemblies/Microsoft.VisualStudio.VsWizard.dll to C:\Program Files (x86)\Microsoft Visual Studio\2022\BuildTools\Common7\IDE\PrivateAssemblies\Microsoft.VisualStudio.VsWizard.dll
[3c7c:000c][2026-05-10T01:36:01] Timestamp updated for file 'C:\Program Files (x86)\Microsoft Visual Studio\2022\BuildTools\Common7\IDE\PrivateAssemblies\Microsoft.VisualStudio.VsWizard.dll'.
[3c7c:000c][2026-05-10T01:36:01] Processing file /Contents/Common7/IDE/PublicAssemblies/Microsoft.VisualStudio.VC.Interfaces.dll
[3c7c:000c][2026-05-10T01:36:01] Started: Copying file /Contents/Common7/IDE/PublicAssemblies/Microsoft.VisualStudio.VC.Interfaces.dll to C:\Program Files (x86)\Microsoft Visual Studio\2022\BuildTools\Common7\IDE\PublicAssemblies\Microsoft.VisualStudio.VC.Interfaces.dll
[3c7c:000c][2026-05-10T01:36:01] Completed: Copying file /Contents/Common7/IDE/PublicAssemblies/Microsoft.VisualStudio.VC.Interfaces.dll to C:\Program Files (x86)\Microsoft Visual Studio\2022\BuildTools\Common7\IDE\PublicAssemblies\Microsoft.VisualStudio.VC.Interfaces.dll
[3c7c:000c][2026-05-10T01:36:01] Timestamp updated for file 'C:\Program Files (x86)\Microsoft Visual Studio\2022\BuildTools\Common7\IDE\PublicAssemblies\Microsoft.VisualStudio.VC.Interfaces.dll'.
[3c7c:000c][2026-05-10T01:36:01] Processing file /Contents/Common7/IDE/PublicAssemblies/Microsoft.VisualStudio.VCCodeModel.dll
[3c7c:000c][2026-05-10T01:36:01] Started: Copying file /Contents/Common7/IDE/PublicAssemblies/Microsoft.VisualStudio.VCCodeModel.dll to C:\Program Files (x86)\Microsoft Visual Studio\2022\BuildTools\Common7\IDE\PublicAssemblies\Microsoft.VisualStudio.VCCodeModel.dll
[3c7c:000c][2026-05-10T01:36:01] Completed: Copying file /Contents/Common7/IDE/PublicAssemblies/Microsoft.VisualStudio.VCCodeModel.dll to C:\Program Files (x86)\Microsoft Visual Studio\2022\BuildTools\Common7\IDE\PublicAssemblies\Microsoft.VisualStudio.VCCodeModel.dll
[3c7c:000c][2026-05-10T01:36:01] Timestamp updated for file 'C:\Program Files (x86)\Microsoft Visual Studio\2022\BuildTools\Common7\IDE\PublicAssemblies\Microsoft.VisualStudio.VCCodeModel.dll'.
[3c7c:000c][2026-05-10T01:36:01] Processing file /Contents/Common7/IDE/VC/vc.manifest
[3c7c:000c][2026-05-10T01:36:01] Started: Copying file /Contents/Common7/IDE/VC/vc.manifest to C:\Program Files (x86)\Microsoft Visual Studio\2022\BuildTools\Common7\IDE\VC\vc.manifest
[3c7c:000c][2026-05-10T01:36:01] Completed: Copying file /Contents/Common7/IDE/VC/vc.manifest to C:\Program Files (x86)\Microsoft Visual Studio\2022\BuildTools\Common7\IDE\VC\vc.manifest
[3c7c:000c][2026-05-10T01:36:01] Timestamp updated for file 'C:\Program Files (x86)\Microsoft Visual Studio\2022\BuildTools\Common7\IDE\VC\vc.manifest'.
[3c7c:000c][2026-05-10T01:36:01] Processing file /Contents/Common7/IDE/VC/vcpackages/cpfe.dll
[3c7c:000c][2026-05-10T01:36:01] Started: Copying file /Contents/Common7/IDE/VC/vcpackages/cpfe.dll to C:\Program Files (x86)\Microsoft Visual Studio\2022\BuildTools\Common7\IDE\VC\vcpackages\cpfe.dll
[3c7c:000c][2026-05-10T01:36:01] Completed: Copying file /Contents/Common7/IDE/VC/vcpackages/cpfe.dll to C:\Program Files (x86)\Microsoft Visual Studio\2022\BuildTools\Common7\IDE\VC\vcpackages\cpfe.dll
[3c7c:000c][2026-05-10T01:36:01] Timestamp updated for file 'C:\Program Files (x86)\Microsoft Visual Studio\2022\BuildTools\Common7\IDE\VC\vcpackages\cpfe.dll'.
[3c7c:000c][2026-05-10T01:36:01] Processing file /Contents/Common7/IDE/VC/vcpackages/cpfecl.Android.arm.dll
[3c7c:000c][2026-05-10T01:36:01] Started: Copying file /Contents/Common7/IDE/VC/vcpackages/cpfecl.Android.arm.dll to C:\Program Files (x86)\Microsoft Visual Studio\2022\BuildTools\Common7\IDE\VC\vcpackages\cpfecl.Android.arm.dll
[3c7c:000c][2026-05-10T01:36:01] Completed: Copying file /Contents/Common7/IDE/VC/vcpackages/cpfecl.Android.arm.dll to C:\Program Files (x86)\Microsoft Visual Studio\2022\BuildTools\Common7\IDE\VC\vcpackages\cpfecl.Android.arm.dll
[3c7c:000c][2026-05-10T01:36:01] Timestamp updated for file 'C:\Program Files (x86)\Microsoft Visual Studio\2022\BuildTools\Common7\IDE\VC\vcpackages\cpfecl.Android.arm.dll'.
[3c7c:000c][2026-05-10T01:36:01] Processing file /Contents/Common7/IDE/VC/vcpackages/cpfecl.Android.arm64.dll
[3c7c:000c][2026-05-10T01:36:01] Started: Copying file /Contents/Common7/IDE/VC/vcpackages/cpfecl.Android.arm64.dll to C:\Program Files (x86)\Microsoft Visual Studio\2022\BuildTools\Common7\IDE\VC\vcpackages\cpfecl.Android.arm64.dll
[3c7c:000c][2026-05-10T01:36:01] Completed: Copying file /Contents/Common7/IDE/VC/vcpackages/cpfecl.Android.arm64.dll to C:\Program Files (x86)\Microsoft Visual Studio\2022\BuildTools\Common7\IDE\VC\vcpackages\cpfecl.Android.arm64.dll
[3c7c:000c][2026-05-10T01:36:01] Timestamp updated for file 'C:\Program Files (x86)\Microsoft Visual Studio\2022\BuildTools\Common7\IDE\VC\vcpackages\cpfecl.Android.arm64.dll'.
[3c7c:000c][2026-05-10T01:36:01] Processing file /Contents/Common7/IDE/VC/vcpackages/cpfecl.Android.x64.dll
[3c7c:000c][2026-05-10T01:36:01] Started: Copying file /Contents/Common7/IDE/VC/vcpackages/cpfecl.Android.x64.dll to C:\Program Files (x86)\Microsoft Visual Studio\2022\BuildTools\Common7\IDE\VC\vcpackages\cpfecl.Android.x64.dll
[3c7c:000c][2026-05-10T01:36:01] Completed: Copying file /Contents/Common7/IDE/VC/vcpackages/cpfecl.Android.x64.dll to C:\Program Files (x86)\Microsoft Visual Studio\2022\BuildTools\Common7\IDE\VC\vcpackages\cpfecl.Android.x64.dll
[3c7c:000c][2026-05-10T01:36:01] Timestamp updated for file 'C:\Program Files (x86)\Microsoft Visual Studio\2022\BuildTools\Common7\IDE\VC\vcpackages\cpfecl.Android.x64.dll'.
[3c7c:000c][2026-05-10T01:36:01] Processing file /Contents/Common7/IDE/VC/vcpackages/cpfecl.Android.x86.dll
[3c7c:000c][2026-05-10T01:36:01] Started: Copying file /Contents/Common7/IDE/VC/vcpackages/cpfecl.Android.x86.dll to C:\Program Files (x86)\Microsoft Visual Studio\2022\BuildTools\Common7\IDE\VC\vcpackages\cpfecl.Android.x86.dll
[3c7c:000c][2026-05-10T01:36:01] Completed: Copying file /Contents/Common7/IDE/VC/vcpackages/cpfecl.Android.x86.dll to C:\Program Files (x86)\Microsoft Visual Studio\2022\BuildTools\Common7\IDE\VC\vcpackages\cpfecl.Android.x86.dll
[3c7c:000c][2026-05-10T01:36:01] Timestamp updated for file 'C:\Program Files (x86)\Microsoft Visual Studio\2022\BuildTools\Common7\IDE\VC\vcpackages\cpfecl.Android.x86.dll'.
[3c7c:000c][2026-05-10T01:36:01] Processing file /Contents/Common7/IDE/VC/vcpackages/cpfecl.arm.dll
[3c7c:000c][2026-05-10T01:36:01] Started: Copying file /Contents/Common7/IDE/VC/vcpackages/cpfecl.arm.dll to C:\Program Files (x86)\Microsoft Visual Studio\2022\BuildTools\Common7\IDE\VC\vcpackages\cpfecl.arm.dll
[3c7c:000c][2026-05-10T01:36:01] Completed: Copying file /Contents/Common7/IDE/VC/vcpackages/cpfecl.arm.dll to C:\Program Files (x86)\Microsoft Visual Studio\2022\BuildTools\Common7\IDE\VC\vcpackages\cpfecl.arm.dll
[3c7c:000c][2026-05-10T01:36:01] Timestamp updated for file 'C:\Program Files (x86)\Microsoft Visual Studio\2022\BuildTools\Common7\IDE\VC\vcpackages\cpfecl.arm.dll'.
[3c7c:000c][2026-05-10T01:36:01] Processing file /Contents/Common7/IDE/VC/vcpackages/cpfecl.arm64.dll
[3c7c:000c][2026-05-10T01:36:01] Started: Copying file /Contents/Common7/IDE/VC/vcpackages/cpfecl.arm64.dll to C:\Program Files (x86)\Microsoft Visual Studio\2022\BuildTools\Common7\IDE\VC\vcpackages\cpfecl.arm64.dll
[3c7c:000c][2026-05-10T01:36:01] Completed: Copying file /Contents/Common7/IDE/VC/vcpackages/cpfecl.arm64.dll to C:\Program Files (x86)\Microsoft Visual Studio\2022\BuildTools\Common7\IDE\VC\vcpackages\cpfecl.arm64.dll
[3c7c:000c][2026-05-10T01:36:01] Timestamp updated for file 'C:\Program Files (x86)\Microsoft Visual Studio\2022\BuildTools\Common7\IDE\VC\vcpackages\cpfecl.arm64.dll'.
[3c7c:000c][2026-05-10T01:36:01] Processing file /Contents/Common7/IDE/VC/vcpackages/cpfecl.Clang.Windows.arm.dll
[3c7c:000c][2026-05-10T01:36:01] Started: Copying file /Contents/Common7/IDE/VC/vcpackages/cpfecl.Clang.Windows.arm.dll to C:\Program Files (x86)\Microsoft Visual Studio\2022\BuildTools\Common7\IDE\VC\vcpackages\cpfecl.Clang.Windows.arm.dll
[3c7c:000c][2026-05-10T01:36:01] Completed: Copying file /Contents/Common7/IDE/VC/vcpackages/cpfecl.Clang.Windows.arm.dll to C:\Program Files (x86)\Microsoft Visual Studio\2022\BuildTools\Common7\IDE\VC\vcpackages\cpfecl.Clang.Windows.arm.dll
[3c7c:000c][2026-05-10T01:36:01] Timestamp updated for file 'C:\Program Files (x86)\Microsoft Visual Studio\2022\BuildTools\Common7\IDE\VC\vcpackages\cpfecl.Clang.Windows.arm.dll'.
[3c7c:000c][2026-05-10T01:36:01] Processing file /Contents/Common7/IDE/VC/vcpackages/cpfecl.Clang.Windows.arm64.dll
[3c7c:000c][2026-05-10T01:36:01] Started: Copying file /Contents/Common7/IDE/VC/vcpackages/cpfecl.Clang.Windows.arm64.dll to C:\Program Files (x86)\Microsoft Visual Studio\2022\BuildTools\Common7\IDE\VC\vcpackages\cpfecl.Clang.Windows.arm64.dll
[3c7c:000c][2026-05-10T01:36:01] Completed: Copying file /Contents/Common7/IDE/VC/vcpackages/cpfecl.Clang.Windows.arm64.dll to C:\Program Files (x86)\Microsoft Visual Studio\2022\BuildTools\Common7\IDE\VC\vcpackages\cpfecl.Clang.Windows.arm64.dll
[3c7c:000c][2026-05-10T01:36:01] Timestamp updated for file 'C:\Program Files (x86)\Microsoft Visual Studio\2022\BuildTools\Common7\IDE\VC\vcpackages\cpfecl.Clang.Windows.arm64.dll'.
[3c7c:000c][2026-05-10T01:36:01] Processing file /Contents/Common7/IDE/VC/vcpackages/cpfecl.Clang.Windows.x64.dll
[3c7c:000c][2026-05-10T01:36:01] Started: Copying file /Contents/Common7/IDE/VC/vcpackages/cpfecl.Clang.Windows.x64.dll to C:\Program Files (x86)\Microsoft Visual Studio\2022\BuildTools\Common7\IDE\VC\vcpackages\cpfecl.Clang.Windows.x64.dll
[3c7c:000c][2026-05-10T01:36:01] Completed: Copying file /Contents/Common7/IDE/VC/vcpackages/cpfecl.Clang.Windows.x64.dll to C:\Program Files (x86)\Microsoft Visual Studio\2022\BuildTools\Common7\IDE\VC\vcpackages\cpfecl.Clang.Windows.x64.dll
[3c7c:000c][2026-05-10T01:36:01] Timestamp updated for file 'C:\Program Files (x86)\Microsoft Visual Studio\2022\BuildTools\Common7\IDE\VC\vcpackages\cpfecl.Clang.Windows.x64.dll'.
[3c7c:000c][2026-05-10T01:36:01] Processing file /Contents/Common7/IDE/VC/vcpackages/cpfecl.Clang.Windows.x86.dll
[3c7c:000c][2026-05-10T01:36:01] Started: Copying file /Contents/Common7/IDE/VC/vcpackages/cpfecl.Clang.Windows.x86.dll to C:\Program Files (x86)\Microsoft Visual Studio\2022\BuildTools\Common7\IDE\VC\vcpackages\cpfecl.Clang.Windows.x86.dll
[3c7c:000c][2026-05-10T01:36:01] Completed: Copying file /Contents/Common7/IDE/VC/vcpackages/cpfecl.Clang.Windows.x86.dll to C:\Program Files (x86)\Microsoft Visual Studio\2022\BuildTools\Common7\IDE\VC\vcpackages\cpfecl.Clang.Windows.x86.dll
[3c7c:000c][2026-05-10T01:36:01] Timestamp updated for file 'C:\Program Files (x86)\Microsoft Visual Studio\2022\BuildTools\Common7\IDE\VC\vcpackages\cpfecl.Clang.Windows.x86.dll'.
[3c7c:000c][2026-05-10T01:36:01] Processing file /Contents/Common7/IDE/VC/vcpackages/cpfecl.iOS.arm.dll
[3c7c:000c][2026-05-10T01:36:01] Started: Copying file /Contents/Common7/IDE/VC/vcpackages/cpfecl.iOS.arm.dll to C:\Program Files (x86)\Microsoft Visual Studio\2022\BuildTools\Common7\IDE\VC\vcpackages\cpfecl.iOS.arm.dll
[3c7c:000c][2026-05-10T01:36:01] Completed: Copying file /Contents/Common7/IDE/VC/vcpackages/cpfecl.iOS.arm.dll to C:\Program Files (x86)\Microsoft Visual Studio\2022\BuildTools\Common7\IDE\VC\vcpackages\cpfecl.iOS.arm.dll
[3c7c:000c][2026-05-10T01:36:01] Timestamp updated for file 'C:\Program Files (x86)\Microsoft Visual Studio\2022\BuildTools\Common7\IDE\VC\vcpackages\cpfecl.iOS.arm.dll'.
[3c7c:000c][2026-05-10T01:36:01] Processing file /Contents/Common7/IDE/VC/vcpackages/cpfecl.iOS.arm64.dll
[3c7c:000c][2026-05-10T01:36:01] Started: Copying file /Contents/Common7/IDE/VC/vcpackages/cpfecl.iOS.arm64.dll to C:\Program Files (x86)\Microsoft Visual Studio\2022\BuildTools\Common7\IDE\VC\vcpackages\cpfecl.iOS.arm64.dll
[3c7c:000c][2026-05-10T01:36:01] Completed: Copying file /Contents/Common7/IDE/VC/vcpackages/cpfecl.iOS.arm64.dll to C:\Program Files (x86)\Microsoft Visual Studio\2022\BuildTools\Common7\IDE\VC\vcpackages\cpfecl.iOS.arm64.dll
[3c7c:000c][2026-05-10T01:36:01] Timestamp updated for file 'C:\Program Files (x86)\Microsoft Visual Studio\2022\BuildTools\Common7\IDE\VC\vcpackages\cpfecl.iOS.arm64.dll'.
[3c7c:000c][2026-05-10T01:36:01] Processing file /Contents/Common7/IDE/VC/vcpackages/cpfecl.iOS.x64.dll
[3c7c:000c][2026-05-10T01:36:01] Started: Copying file /Contents/Common7/IDE/VC/vcpackages/cpfecl.iOS.x64.dll to C:\Program Files (x86)\Microsoft Visual Studio\2022\BuildTools\Common7\IDE\VC\vcpackages\cpfecl.iOS.x64.dll
[3c7c:000c][2026-05-10T01:36:01] Completed: Copying file /Contents/Common7/IDE/VC/vcpackages/cpfecl.iOS.x64.dll to C:\Program Files (x86)\Microsoft Visual Studio\2022\BuildTools\Common7\IDE\VC\vcpackages\cpfecl.iOS.x64.dll
[3c7c:000c][2026-05-10T01:36:01] Timestamp updated for file 'C:\Program Files (x86)\Microsoft Visual Studio\2022\BuildTools\Common7\IDE\VC\vcpackages\cpfecl.iOS.x64.dll'.
[3c7c:000c][2026-05-10T01:36:01] Processing file /Contents/Common7/IDE/VC/vcpackages/cpfecl.iOS.x86.dll
[3c7c:000c][2026-05-10T01:36:01] Started: Copying file /Contents/Common7/IDE/VC/vcpackages/cpfecl.iOS.x86.dll to C:\Program Files (x86)\Microsoft Visual Studio\2022\BuildTools\Common7\IDE\VC\vcpackages\cpfecl.iOS.x86.dll
[3c7c:000c][2026-05-10T01:36:01] Completed: Copying file /Contents/Common7/IDE/VC/vcpackages/cpfecl.iOS.x86.dll to C:\Program Files (x86)\Microsoft Visual Studio\2022\BuildTools\Common7\IDE\VC\vcpackages\cpfecl.iOS.x86.dll
[3c7c:000c][2026-05-10T01:36:01] Timestamp updated for file 'C:\Program Files (x86)\Microsoft Visual Studio\2022\BuildTools\Common7\IDE\VC\vcpackages\cpfecl.iOS.x86.dll'.
[3c7c:000c][2026-05-10T01:36:01] Processing file /Contents/Common7/IDE/VC/vcpackages/cpfecl.Linux.arm.dll
[3c7c:000c][2026-05-10T01:36:01] Started: Copying file /Contents/Common7/IDE/VC/vcpackages/cpfecl.Linux.arm.dll to C:\Program Files (x86)\Microsoft Visual Studio\2022\BuildTools\Common7\IDE\VC\vcpackages\cpfecl.Linux.arm.dll
[3c7c:000c][2026-05-10T01:36:01] Completed: Copying file /Contents/Common7/IDE/VC/vcpackages/cpfecl.Linux.arm.dll to C:\Program Files (x86)\Microsoft Visual Studio\2022\BuildTools\Common7\IDE\VC\vcpackages\cpfecl.Linux.arm.dll
[3c7c:000c][2026-05-10T01:36:01] Timestamp updated for file 'C:\Program Files (x86)\Microsoft Visual Studio\2022\BuildTools\Common7\IDE\VC\vcpackages\cpfecl.Linux.arm.dll'.
[3c7c:000c][2026-05-10T01:36:01] Processing file /Contents/Common7/IDE/VC/vcpackages/cpfecl.Linux.x64.dll
[3c7c:000c][2026-05-10T01:36:01] Started: Copying file /Contents/Common7/IDE/VC/vcpackages/cpfecl.Linux.x64.dll to C:\Program Files (x86)\Microsoft Visual Studio\2022\BuildTools\Common7\IDE\VC\vcpackages\cpfecl.Linux.x64.dll
[3c7c:000c][2026-05-10T01:36:01] Completed: Copying file /Contents/Common7/IDE/VC/vcpackages/cpfecl.Linux.x64.dll to C:\Program Files (x86)\Microsoft Visual Studio\2022\BuildTools\Common7\IDE\VC\vcpackages\cpfecl.Linux.x64.dll
[3c7c:000c][2026-05-10T01:36:01] Timestamp updated for file 'C:\Program Files (x86)\Microsoft Visual Studio\2022\BuildTools\Common7\IDE\VC\vcpackages\cpfecl.Linux.x64.dll'.
[3c7c:000c][2026-05-10T01:36:01] Processing file /Contents/Common7/IDE/VC/vcpackages/cpfecl.Linux.x86.dll
[3c7c:000c][2026-05-10T01:36:01] Started: Copying file /Contents/Common7/IDE/VC/vcpackages/cpfecl.Linux.x86.dll to C:\Program Files (x86)\Microsoft Visual Studio\2022\BuildTools\Common7\IDE\VC\vcpackages\cpfecl.Linux.x86.dll
[3c7c:000c][2026-05-10T01:36:01] Completed: Copying file /Contents/Common7/IDE/VC/vcpackages/cpfecl.Linux.x86.dll to C:\Program Files (x86)\Microsoft Visual Studio\2022\BuildTools\Common7\IDE\VC\vcpackages\cpfecl.Linux.x86.dll
[3c7c:000c][2026-05-10T01:36:01] Timestamp updated for file 'C:\Program Files (x86)\Microsoft Visual Studio\2022\BuildTools\Common7\IDE\VC\vcpackages\cpfecl.Linux.x86.dll'.
[3c7c:000c][2026-05-10T01:36:01] Processing file /Contents/Common7/IDE/VC/vcpackages/cpfecl.Win32.dll
[3c7c:000c][2026-05-10T01:36:01] Started: Copying file /Contents/Common7/IDE/VC/vcpackages/cpfecl.Win32.dll to C:\Program Files (x86)\Microsoft Visual Studio\2022\BuildTools\Common7\IDE\VC\vcpackages\cpfecl.Win32.dll
[3c7c:000c][2026-05-10T01:36:01] Completed: Copying file /Contents/Common7/IDE/VC/vcpackages/cpfecl.Win32.dll to C:\Program Files (x86)\Microsoft Visual Studio\2022\BuildTools\Common7\IDE\VC\vcpackages\cpfecl.Win32.dll
[3c7c:000c][2026-05-10T01:36:01] Timestamp updated for file 'C:\Program Files (x86)\Microsoft Visual Studio\2022\BuildTools\Common7\IDE\VC\vcpackages\cpfecl.Win32.dll'.
[3c7c:000c][2026-05-10T01:36:01] Processing file /Contents/Common7/IDE/VC/vcpackages/cpfecl.x64.dll
[3c7c:000c][2026-05-10T01:36:01] Started: Copying file /Contents/Common7/IDE/VC/vcpackages/cpfecl.x64.dll to C:\Program Files (x86)\Microsoft Visual Studio\2022\BuildTools\Common7\IDE\VC\vcpackages\cpfecl.x64.dll
[3c7c:000c][2026-05-10T01:36:01] Completed: Copying file /Contents/Common7/IDE/VC/vcpackages/cpfecl.x64.dll to C:\Program Files (x86)\Microsoft Visual Studio\2022\BuildTools\Common7\IDE\VC\vcpackages\cpfecl.x64.dll
[3c7c:000c][2026-05-10T01:36:01] Timestamp updated for file 'C:\Program Files (x86)\Microsoft Visual Studio\2022\BuildTools\Common7\IDE\VC\vcpackages\cpfecl.x64.dll'.
[3c7c:000c][2026-05-10T01:36:01] Processing file /Contents/Common7/IDE/VC/vcpackages/cpp.hint
[3c7c:000c][2026-05-10T01:36:01] Started: Copying file /Contents/Common7/IDE/VC/vcpackages/cpp.hint to C:\Program Files (x86)\Microsoft Visual Studio\2022\BuildTools\Common7\IDE\VC\vcpackages\cpp.hint
[3c7c:000c][2026-05-10T01:36:01] Completed: Copying file /Contents/Common7/IDE/VC/vcpackages/cpp.hint to C:\Program Files (x86)\Microsoft Visual Studio\2022\BuildTools\Common7\IDE\VC\vcpackages\cpp.hint
[3c7c:000c][2026-05-10T01:36:01] Timestamp updated for file 'C:\Program Files (x86)\Microsoft Visual Studio\2022\BuildTools\Common7\IDE\VC\vcpackages\cpp.hint'.
[3c7c:000c][2026-05-10T01:36:01] Processing file /Contents/Common7/IDE/VC/vcpackages/dbsvc.dll
[3c7c:000c][2026-05-10T01:36:01] Started: Copying file /Contents/Common7/IDE/VC/vcpackages/dbsvc.dll to C:\Program Files (x86)\Microsoft Visual Studio\2022\BuildTools\Common7\IDE\VC\vcpackages\dbsvc.dll
[3c7c:000c][2026-05-10T01:36:01] Completed: Copying file /Contents/Common7/IDE/VC/vcpackages/dbsvc.dll to C:\Program Files (x86)\Microsoft Visual Studio\2022\BuildTools\Common7\IDE\VC\vcpackages\dbsvc.dll
[3c7c:000c][2026-05-10T01:36:01] Timestamp updated for file 'C:\Program Files (x86)\Microsoft Visual Studio\2022\BuildTools\Common7\IDE\VC\vcpackages\dbsvc.dll'.
[3c7c:000c][2026-05-10T01:36:01] Processing file /Contents/Common7/IDE/VC/vcpackages/isense_model_extractor.exe
[3c7c:000c][2026-05-10T01:36:01] Started: Copying file /Contents/Common7/IDE/VC/vcpackages/isense_model_extractor.exe to C:\Program Files (x86)\Microsoft Visual Studio\2022\BuildTools\Common7\IDE\VC\vcpackages\isense_model_extractor.exe
[3c7c:000c][2026-05-10T01:36:01] Completed: Copying file /Contents/Common7/IDE/VC/vcpackages/isense_model_extractor.exe to C:\Program Files (x86)\Microsoft Visual Studio\2022\BuildTools\Common7\IDE\VC\vcpackages\isense_model_extractor.exe
[3c7c:000c][2026-05-10T01:36:01] Timestamp updated for file 'C:\Program Files (x86)\Microsoft Visual Studio\2022\BuildTools\Common7\IDE\VC\vcpackages\isense_model_extractor.exe'.
[3c7c:000c][2026-05-10T01:36:01] Processing file /Contents/Common7/IDE/VC/vcpackages/msgblder.dll
[3c7c:000c][2026-05-10T01:36:01] Started: Copying file /Contents/Common7/IDE/VC/vcpackages/msgblder.dll to C:\Program Files (x86)\Microsoft Visual Studio\2022\BuildTools\Common7\IDE\VC\vcpackages\msgblder.dll
[3c7c:000c][2026-05-10T01:36:01] Completed: Copying file /Contents/Common7/IDE/VC/vcpackages/msgblder.dll to C:\Program Files (x86)\Microsoft Visual Studio\2022\BuildTools\Common7\IDE\VC\vcpackages\msgblder.dll
[3c7c:000c][2026-05-10T01:36:01] Timestamp updated for file 'C:\Program Files (x86)\Microsoft Visual Studio\2022\BuildTools\Common7\IDE\VC\vcpackages\msgblder.dll'.
[3c7c:000c][2026-05-10T01:36:01] Processing file /Contents/Common7/IDE/VC/vcpackages/VCInterfaces.tlb
[3c7c:000c][2026-05-10T01:36:01] Started: Copying file /Contents/Common7/IDE/VC/vcpackages/VCInterfaces.tlb to C:\Program Files (x86)\Microsoft Visual Studio\2022\BuildTools\Common7\IDE\VC\vcpackages\VCInterfaces.tlb
[3c7c:000c][2026-05-10T01:36:01] Completed: Copying file /Contents/Common7/IDE/VC/vcpackages/VCInterfaces.tlb to C:\Program Files (x86)\Microsoft Visual Studio\2022\BuildTools\Common7\IDE\VC\vcpackages\VCInterfaces.tlb
[3c7c:000c][2026-05-10T01:36:01] Timestamp updated for file 'C:\Program Files (x86)\Microsoft Visual Studio\2022\BuildTools\Common7\IDE\VC\vcpackages\VCInterfaces.tlb'.
[3c7c:000c][2026-05-10T01:36:01] Processing file /Contents/Common7/IDE/VC/vcpackages/vcpb2.tlb
[3c7c:000c][2026-05-10T01:36:01] Started: Copying file /Contents/Common7/IDE/VC/vcpackages/vcpb2.tlb to C:\Program Files (x86)\Microsoft Visual Studio\2022\BuildTools\Common7\IDE\VC\vcpackages\vcpb2.tlb
[3c7c:000c][2026-05-10T01:36:01] Completed: Copying file /Contents/Common7/IDE/VC/vcpackages/vcpb2.tlb to C:\Program Files (x86)\Microsoft Visual Studio\2022\BuildTools\Common7\IDE\VC\vcpackages\vcpb2.tlb
[3c7c:000c][2026-05-10T01:36:01] Timestamp updated for file 'C:\Program Files (x86)\Microsoft Visual Studio\2022\BuildTools\Common7\IDE\VC\vcpackages\vcpb2.tlb'.
[3c7c:000c][2026-05-10T01:36:01] Processing file /Contents/Common7/IDE/VC/vcpackages/vcpkg.dll
[3c7c:000c][2026-05-10T01:36:01] Started: Copying file /Contents/Common7/IDE/VC/vcpackages/vcpkg.dll to C:\Program Files (x86)\Microsoft Visual Studio\2022\BuildTools\Common7\IDE\VC\vcpackages\vcpkg.dll
[3c7c:000c][2026-05-10T01:36:01] Completed: Copying file /Contents/Common7/IDE/VC/vcpackages/vcpkg.dll to C:\Program Files (x86)\Microsoft Visual Studio\2022\BuildTools\Common7\IDE\VC\vcpackages\vcpkg.dll
[3c7c:000c][2026-05-10T01:36:01] Timestamp updated for file 'C:\Program Files (x86)\Microsoft Visual Studio\2022\BuildTools\Common7\IDE\VC\vcpackages\vcpkg.dll'.
[3c7c:000c][2026-05-10T01:36:01] Processing file /Contents/Common7/IDE/VC/vcpackages/vcpkgsrv.exe
[3c7c:000c][2026-05-10T01:36:01] Started: Copying file /Contents/Common7/IDE/VC/vcpackages/vcpkgsrv.exe to C:\Program Files (x86)\Microsoft Visual Studio\2022\BuildTools\Common7\IDE\VC\vcpackages\vcpkgsrv.exe
[3c7c:000c][2026-05-10T01:36:01] Completed: Copying file /Contents/Common7/IDE/VC/vcpackages/vcpkgsrv.exe to C:\Program Files (x86)\Microsoft Visual Studio\2022\BuildTools\Common7\IDE\VC\vcpackages\vcpkgsrv.exe
[3c7c:000c][2026-05-10T01:36:01] Timestamp updated for file 'C:\Program Files (x86)\Microsoft Visual Studio\2022\BuildTools\Common7\IDE\VC\vcpackages\vcpkgsrv.exe'.
[3c7c:000c][2026-05-10T01:36:01] Processing file /Contents/Common7/IDE/VC/vcpackages/vcpkgsrv.exe.config
[3c7c:000c][2026-05-10T01:36:01] Started: Copying file /Contents/Common7/IDE/VC/vcpackages/vcpkgsrv.exe.config to C:\Program Files (x86)\Microsoft Visual Studio\2022\BuildTools\Common7\IDE\VC\vcpackages\vcpkgsrv.exe.config
[3c7c:000c][2026-05-10T01:36:01] Completed: Copying file /Contents/Common7/IDE/VC/vcpackages/vcpkgsrv.exe.config to C:\Program Files (x86)\Microsoft Visual Studio\2022\BuildTools\Common7\IDE\VC\vcpackages\vcpkgsrv.exe.config
[3c7c:000c][2026-05-10T01:36:01] Timestamp updated for file 'C:\Program Files (x86)\Microsoft Visual Studio\2022\BuildTools\Common7\IDE\VC\vcpackages\vcpkgsrv.exe.config'.
[3c7c:000c][2026-05-10T01:36:01] Processing file /Contents/Common7/IDE/VsWizard.dll
[3c7c:000c][2026-05-10T01:36:01] Started: Copying file /Contents/Common7/IDE/VsWizard.dll to C:\Program Files (x86)\Microsoft Visual Studio\2022\BuildTools\Common7\IDE\VsWizard.dll
[3c7c:000c][2026-05-10T01:36:01] Completed: Copying file /Contents/Common7/IDE/VsWizard.dll to C:\Program Files (x86)\Microsoft Visual Studio\2022\BuildTools\Common7\IDE\VsWizard.dll
[3c7c:000c][2026-05-10T01:36:01] Timestamp updated for file 'C:\Program Files (x86)\Microsoft Visual Studio\2022\BuildTools\Common7\IDE\VsWizard.dll'.
[3c7c:000c][2026-05-10T01:36:01] Processing file /Contents/Common7/IDE/VsWizards.manifest
[3c7c:000c][2026-05-10T01:36:01] Started: Copying file /Contents/Common7/IDE/VsWizards.manifest to C:\Program Files (x86)\Microsoft Visual Studio\2022\BuildTools\Common7\IDE\VsWizards.manifest
[3c7c:000c][2026-05-10T01:36:01] Completed: Copying file /Contents/Common7/IDE/VsWizards.manifest to C:\Program Files (x86)\Microsoft Visual Studio\2022\BuildTools\Common7\IDE\VsWizards.manifest
[3c7c:000c][2026-05-10T01:36:01] Timestamp updated for file 'C:\Program Files (x86)\Microsoft Visual Studio\2022\BuildTools\Common7\IDE\VsWizards.manifest'.
[3c7c:000c][2026-05-10T01:36:01] Processing file /Contents/Common7/IDE/CommonExtensions/Microsoft/Architecture%20Tools/Providers/NativeCode/extension.vsixmanifest
[3c7c:000c][2026-05-10T01:36:01] Started: Copying file /Contents/Common7/IDE/CommonExtensions/Microsoft/Architecture%20Tools/Providers/NativeCode/extension.vsixmanifest to C:\Program Files (x86)\Microsoft Visual Studio\2022\BuildTools\Common7\IDE\CommonExtensions\Microsoft\Architecture Tools\Providers\NativeCode\extension.vsixmanifest
[3c7c:000c][2026-05-10T01:36:01] Completed: Copying file /Contents/Common7/IDE/CommonExtensions/Microsoft/Architecture%20Tools/Providers/NativeCode/extension.vsixmanifest to C:\Program Files (x86)\Microsoft Visual Studio\2022\BuildTools\Common7\IDE\CommonExtensions\Microsoft\Architecture Tools\Providers\NativeCode\extension.vsixmanifest
[3c7c:000c][2026-05-10T01:36:01] Timestamp updated for file 'C:\Program Files (x86)\Microsoft Visual Studio\2022\BuildTools\Common7\IDE\CommonExtensions\Microsoft\Architecture Tools\Providers\NativeCode\extension.vsixmanifest'.
[3c7c:000c][2026-05-10T01:36:01] Processing file /Contents/Common7/IDE/CommonExtensions/Microsoft/VC/extension.vsixmanifest
[3c7c:000c][2026-05-10T01:36:01] Started: Copying file /Contents/Common7/IDE/CommonExtensions/Microsoft/VC/extension.vsixmanifest to C:\Program Files (x86)\Microsoft Visual Studio\2022\BuildTools\Common7\IDE\CommonExtensions\Microsoft\VC\extension.vsixmanifest
[3c7c:000c][2026-05-10T01:36:01] Completed: Copying file /Contents/Common7/IDE/CommonExtensions/Microsoft/VC/extension.vsixmanifest to C:\Program Files (x86)\Microsoft Visual Studio\2022\BuildTools\Common7\IDE\CommonExtensions\Microsoft\VC\extension.vsixmanifest
[3c7c:000c][2026-05-10T01:36:01] Timestamp updated for file 'C:\Program Files (x86)\Microsoft Visual Studio\2022\BuildTools\Common7\IDE\CommonExtensions\Microsoft\VC\extension.vsixmanifest'.
[3c7c:000c][2026-05-10T01:36:01] Processing file /Contents/Common7/IDE/CommonExtensions/Microsoft/VC/LanguageServer/extension.vsixmanifest
[3c7c:000c][2026-05-10T01:36:01] Started: Copying file /Contents/Common7/IDE/CommonExtensions/Microsoft/VC/LanguageServer/extension.vsixmanifest to C:\Program Files (x86)\Microsoft Visual Studio\2022\BuildTools\Common7\IDE\CommonExtensions\Microsoft\VC\LanguageServer\extension.vsixmanifest
[3c7c:000c][2026-05-10T01:36:01] Completed: Copying file /Contents/Common7/IDE/CommonExtensions/Microsoft/VC/LanguageServer/extension.vsixmanifest to C:\Program Files (x86)\Microsoft Visual Studio\2022\BuildTools\Common7\IDE\CommonExtensions\Microsoft\VC\LanguageServer\extension.vsixmanifest
[3c7c:000c][2026-05-10T01:36:01] Timestamp updated for file 'C:\Program Files (x86)\Microsoft Visual Studio\2022\BuildTools\Common7\IDE\CommonExtensions\Microsoft\VC\LanguageServer\extension.vsixmanifest'.
[3c7c:000c][2026-05-10T01:36:01] Processing file /Contents/Common7/IDE/Extensions/Microsoft/VC/ClassWizard/extension.vsixmanifest
[3c7c:000c][2026-05-10T01:36:01] Started: Copying file /Contents/Common7/IDE/Extensions/Microsoft/VC/ClassWizard/extension.vsixmanifest to C:\Program Files (x86)\Microsoft Visual Studio\2022\BuildTools\Common7\IDE\Extensions\Microsoft\VC\ClassWizard\extension.vsixmanifest
[3c7c:000c][2026-05-10T01:36:01] Completed: Copying file /Contents/Common7/IDE/Extensions/Microsoft/VC/ClassWizard/extension.vsixmanifest to C:\Program Files (x86)\Microsoft Visual Studio\2022\BuildTools\Common7\IDE\Extensions\Microsoft\VC\ClassWizard\extension.vsixmanifest
[3c7c:000c][2026-05-10T01:36:01] Timestamp updated for file 'C:\Program Files (x86)\Microsoft Visual Studio\2022\BuildTools\Common7\IDE\Extensions\Microsoft\VC\ClassWizard\extension.vsixmanifest'.
[3c7c:000c][2026-05-10T01:36:01] Package executed successfully. Return code: 0
