[18d4:0007][2026-05-10T02:03:36] Opening the package for processing
[18d4:0007][2026-05-10T02:03:36] Using package payload to get the embedded manifest
[18d4:0007][2026-05-10T02:03:36] Getting list of files within the package
[18d4:0007][2026-05-10T02:03:36] Processing file /Contents/Common7/IDE/CommonExtensions/Microsoft/VC/Debugger/x64/mspdbst.dll
[18d4:0007][2026-05-10T02:03:36] Started: Copying file /Contents/Common7/IDE/CommonExtensions/Microsoft/VC/Debugger/x64/mspdbst.dll to D:\Program Files (x86)\Microsoft Visual Studio\2022\BuildTools\Common7\IDE\CommonExtensions\Microsoft\VC\Debugger\x64\mspdbst.dll
[18d4:0007][2026-05-10T02:03:36] Completed: Copying file /Contents/Common7/IDE/CommonExtensions/Microsoft/VC/Debugger/x64/mspdbst.dll to D:\Program Files (x86)\Microsoft Visual Studio\2022\BuildTools\Common7\IDE\CommonExtensions\Microsoft\VC\Debugger\x64\mspdbst.dll
[18d4:0007][2026-05-10T02:03:36] Timestamp updated for file 'D:\Program Files (x86)\Microsoft Visual Studio\2022\BuildTools\Common7\IDE\CommonExtensions\Microsoft\VC\Debugger\x64\mspdbst.dll'.
[18d4:0007][2026-05-10T02:03:36] Processing file /Contents/Common7/IDE/CommonExtensions/Microsoft/VC/Debugger/x64/msvcp140_atomic_wait.dll
[18d4:0007][2026-05-10T02:03:36] Started: Copying file /Contents/Common7/IDE/CommonExtensions/Microsoft/VC/Debugger/x64/msvcp140_atomic_wait.dll to D:\Program Files (x86)\Microsoft Visual Studio\2022\BuildTools\Common7\IDE\CommonExtensions\Microsoft\VC\Debugger\x64\msvcp140_atomic_wait.dll
[18d4:0007][2026-05-10T02:03:36] Completed: Copying file /Contents/Common7/IDE/CommonExtensions/Microsoft/VC/Debugger/x64/msvcp140_atomic_wait.dll to D:\Program Files (x86)\Microsoft Visual Studio\2022\BuildTools\Common7\IDE\CommonExtensions\Microsoft\VC\Debugger\x64\msvcp140_atomic_wait.dll
[18d4:0007][2026-05-10T02:03:36] Timestamp updated for file 'D:\Program Files (x86)\Microsoft Visual Studio\2022\BuildTools\Common7\IDE\CommonExtensions\Microsoft\VC\Debugger\x64\msvcp140_atomic_wait.dll'.
[18d4:0007][2026-05-10T02:03:36] Processing file /Contents/Common7/IDE/CommonExtensions/Microsoft/VC/Debugger/x64/tbbmalloc.dll
[18d4:0007][2026-05-10T02:03:36] Started: Copying file /Contents/Common7/IDE/CommonExtensions/Microsoft/VC/Debugger/x64/tbbmalloc.dll to D:\Program Files (x86)\Microsoft Visual Studio\2022\BuildTools\Common7\IDE\CommonExtensions\Microsoft\VC\Debugger\x64\tbbmalloc.dll
[18d4:0007][2026-05-10T02:03:36] Completed: Copying file /Contents/Common7/IDE/CommonExtensions/Microsoft/VC/Debugger/x64/tbbmalloc.dll to D:\Program Files (x86)\Microsoft Visual Studio\2022\BuildTools\Common7\IDE\CommonExtensions\Microsoft\VC\Debugger\x64\tbbmalloc.dll
[18d4:0007][2026-05-10T02:03:36] Timestamp updated for file 'D:\Program Files (x86)\Microsoft Visual Studio\2022\BuildTools\Common7\IDE\CommonExtensions\Microsoft\VC\Debugger\x64\tbbmalloc.dll'.
[18d4:0007][2026-05-10T02:03:36] Processing file /Contents/Common7/IDE/CommonExtensions/Microsoft/VC/Debugger/x86/mspdbst.dll
[18d4:0007][2026-05-10T02:03:36] Started: Copying file /Contents/Common7/IDE/CommonExtensions/Microsoft/VC/Debugger/x86/mspdbst.dll to D:\Program Files (x86)\Microsoft Visual Studio\2022\BuildTools\Common7\IDE\CommonExtensions\Microsoft\VC\Debugger\x86\mspdbst.dll
[18d4:0007][2026-05-10T02:03:36] Completed: Copying file /Contents/Common7/IDE/CommonExtensions/Microsoft/VC/Debugger/x86/mspdbst.dll to D:\Program Files (x86)\Microsoft Visual Studio\2022\BuildTools\Common7\IDE\CommonExtensions\Microsoft\VC\Debugger\x86\mspdbst.dll
[18d4:0007][2026-05-10T02:03:36] Timestamp updated for file 'D:\Program Files (x86)\Microsoft Visual Studio\2022\BuildTools\Common7\IDE\CommonExtensions\Microsoft\VC\Debugger\x86\mspdbst.dll'.
[18d4:0007][2026-05-10T02:03:36] Processing file /Contents/Common7/IDE/CommonExtensions/Microsoft/VC/Debugger/x86/msvcp140_atomic_wait.dll
[18d4:0007][2026-05-10T02:03:36] Started: Copying file /Contents/Common7/IDE/CommonExtensions/Microsoft/VC/Debugger/x86/msvcp140_atomic_wait.dll to D:\Program Files (x86)\Microsoft Visual Studio\2022\BuildTools\Common7\IDE\CommonExtensions\Microsoft\VC\Debugger\x86\msvcp140_atomic_wait.dll
[18d4:0007][2026-05-10T02:03:36] Completed: Copying file /Contents/Common7/IDE/CommonExtensions/Microsoft/VC/Debugger/x86/msvcp140_atomic_wait.dll to D:\Program Files (x86)\Microsoft Visual Studio\2022\BuildTools\Common7\IDE\CommonExtensions\Microsoft\VC\Debugger\x86\msvcp140_atomic_wait.dll
[18d4:0007][2026-05-10T02:03:36] Timestamp updated for file 'D:\Program Files (x86)\Microsoft Visual Studio\2022\BuildTools\Common7\IDE\CommonExtensions\Microsoft\VC\Debugger\x86\msvcp140_atomic_wait.dll'.
[18d4:0007][2026-05-10T02:03:36] Processing file /Contents/Common7/IDE/CommonExtensions/Microsoft/VC/Debugger/x86/tbbmalloc.dll
[18d4:0007][2026-05-10T02:03:36] Started: Copying file /Contents/Common7/IDE/CommonExtensions/Microsoft/VC/Debugger/x86/tbbmalloc.dll to D:\Program Files (x86)\Microsoft Visual Studio\2022\BuildTools\Common7\IDE\CommonExtensions\Microsoft\VC\Debugger\x86\tbbmalloc.dll
[18d4:0007][2026-05-10T02:03:36] Completed: Copying file /Contents/Common7/IDE/CommonExtensions/Microsoft/VC/Debugger/x86/tbbmalloc.dll to D:\Program Files (x86)\Microsoft Visual Studio\2022\BuildTools\Common7\IDE\CommonExtensions\Microsoft\VC\Debugger\x86\tbbmalloc.dll
[18d4:0007][2026-05-10T02:03:36] Timestamp updated for file 'D:\Program Files (x86)\Microsoft Visual Studio\2022\BuildTools\Common7\IDE\CommonExtensions\Microsoft\VC\Debugger\x86\tbbmalloc.dll'.
[18d4:0007][2026-05-10T02:03:36] Processing file /Contents/Common7/IDE/CommonExtensions/Microsoft/VC/VC_DirControl_Registry.pkgdef
[18d4:0007][2026-05-10T02:03:36] Started: Copying file /Contents/Common7/IDE/CommonExtensions/Microsoft/VC/VC_DirControl_Registry.pkgdef to D:\Program Files (x86)\Microsoft Visual Studio\2022\BuildTools\Common7\IDE\CommonExtensions\Microsoft\VC\VC_DirControl_Registry.pkgdef
[18d4:0007][2026-05-10T02:03:36] Completed: Copying file /Contents/Common7/IDE/CommonExtensions/Microsoft/VC/VC_DirControl_Registry.pkgdef to D:\Program Files (x86)\Microsoft Visual Studio\2022\BuildTools\Common7\IDE\CommonExtensions\Microsoft\VC\VC_DirControl_Registry.pkgdef
[18d4:0007][2026-05-10T02:03:36] Timestamp updated for file 'D:\Program Files (x86)\Microsoft Visual Studio\2022\BuildTools\Common7\IDE\CommonExtensions\Microsoft\VC\VC_DirControl_Registry.pkgdef'.
[18d4:0007][2026-05-10T02:03:36] Processing file /Contents/Common7/IDE/msobj120.dll
[18d4:0007][2026-05-10T02:03:36] Started: Copying file /Contents/Common7/IDE/msobj120.dll to D:\Program Files (x86)\Microsoft Visual Studio\2022\BuildTools\Common7\IDE\msobj120.dll
[18d4:0007][2026-05-10T02:03:36] Completed: Copying file /Contents/Common7/IDE/msobj120.dll to D:\Program Files (x86)\Microsoft Visual Studio\2022\BuildTools\Common7\IDE\msobj120.dll
[18d4:0007][2026-05-10T02:03:36] Timestamp updated for file 'D:\Program Files (x86)\Microsoft Visual Studio\2022\BuildTools\Common7\IDE\msobj120.dll'.
[18d4:0007][2026-05-10T02:03:36] Processing file /Contents/Common7/IDE/mspdb140.dll
[18d4:0007][2026-05-10T02:03:36] Started: Copying file /Contents/Common7/IDE/mspdb140.dll to D:\Program Files (x86)\Microsoft Visual Studio\2022\BuildTools\Common7\IDE\mspdb140.dll
[18d4:0007][2026-05-10T02:03:36] Completed: Copying file /Contents/Common7/IDE/mspdb140.dll to D:\Program Files (x86)\Microsoft Visual Studio\2022\BuildTools\Common7\IDE\mspdb140.dll
[18d4:0007][2026-05-10T02:03:36] Timestamp updated for file 'D:\Program Files (x86)\Microsoft Visual Studio\2022\BuildTools\Common7\IDE\mspdb140.dll'.
[18d4:0007][2026-05-10T02:03:36] Processing file /Contents/Common7/IDE/mspdbcore.dll
[18d4:0007][2026-05-10T02:03:36] Started: Copying file /Contents/Common7/IDE/mspdbcore.dll to D:\Program Files (x86)\Microsoft Visual Studio\2022\BuildTools\Common7\IDE\mspdbcore.dll
[18d4:0007][2026-05-10T02:03:36] Completed: Copying file /Contents/Common7/IDE/mspdbcore.dll to D:\Program Files (x86)\Microsoft Visual Studio\2022\BuildTools\Common7\IDE\mspdbcore.dll
[18d4:0007][2026-05-10T02:03:36] Timestamp updated for file 'D:\Program Files (x86)\Microsoft Visual Studio\2022\BuildTools\Common7\IDE\mspdbcore.dll'.
[18d4:0007][2026-05-10T02:03:36] Processing file /Contents/Common7/IDE/mspdbsrv.exe
[18d4:0007][2026-05-10T02:03:36] Started: Copying file /Contents/Common7/IDE/mspdbsrv.exe to D:\Program Files (x86)\Microsoft Visual Studio\2022\BuildTools\Common7\IDE\mspdbsrv.exe
[18d4:0007][2026-05-10T02:03:36] Completed: Copying file /Contents/Common7/IDE/mspdbsrv.exe to D:\Program Files (x86)\Microsoft Visual Studio\2022\BuildTools\Common7\IDE\mspdbsrv.exe
[18d4:0007][2026-05-10T02:03:36] Timestamp updated for file 'D:\Program Files (x86)\Microsoft Visual Studio\2022\BuildTools\Common7\IDE\mspdbsrv.exe'.
[18d4:0007][2026-05-10T02:03:36] Processing file /Contents/Common7/IDE/msvcdis120.dll
[18d4:0007][2026-05-10T02:03:36] Started: Copying file /Contents/Common7/IDE/msvcdis120.dll to D:\Program Files (x86)\Microsoft Visual Studio\2022\BuildTools\Common7\IDE\msvcdis120.dll
[18d4:0007][2026-05-10T02:03:36] Completed: Copying file /Contents/Common7/IDE/msvcdis120.dll to D:\Program Files (x86)\Microsoft Visual Studio\2022\BuildTools\Common7\IDE\msvcdis120.dll
[18d4:0007][2026-05-10T02:03:36] Timestamp updated for file 'D:\Program Files (x86)\Microsoft Visual Studio\2022\BuildTools\Common7\IDE\msvcdis120.dll'.
[18d4:0007][2026-05-10T02:03:36] Processing file /Contents/Common7/IDE/tbbmalloc.dll
[18d4:0007][2026-05-10T02:03:36] Started: Copying file /Contents/Common7/IDE/tbbmalloc.dll to D:\Program Files (x86)\Microsoft Visual Studio\2022\BuildTools\Common7\IDE\tbbmalloc.dll
[18d4:0007][2026-05-10T02:03:36] Completed: Copying file /Contents/Common7/IDE/tbbmalloc.dll to D:\Program Files (x86)\Microsoft Visual Studio\2022\BuildTools\Common7\IDE\tbbmalloc.dll
[18d4:0007][2026-05-10T02:03:36] Timestamp updated for file 'D:\Program Files (x86)\Microsoft Visual Studio\2022\BuildTools\Common7\IDE\tbbmalloc.dll'.
[18d4:0007][2026-05-10T02:03:36] Processing file /Contents/Common7/IDE/VC/dircontrol.manifest
[18d4:0007][2026-05-10T02:03:36] Started: Copying file /Contents/Common7/IDE/VC/dircontrol.manifest to D:\Program Files (x86)\Microsoft Visual Studio\2022\BuildTools\Common7\IDE\VC\dircontrol.manifest
[18d4:0007][2026-05-10T02:03:36] Completed: Copying file /Contents/Common7/IDE/VC/dircontrol.manifest to D:\Program Files (x86)\Microsoft Visual Studio\2022\BuildTools\Common7\IDE\VC\dircontrol.manifest
[18d4:0007][2026-05-10T02:03:36] Timestamp updated for file 'D:\Program Files (x86)\Microsoft Visual Studio\2022\BuildTools\Common7\IDE\VC\dircontrol.manifest'.
[18d4:0007][2026-05-10T02:03:36] Processing file /Contents/Common7/IDE/VC/vcpackages/DirControl.dll
[18d4:0007][2026-05-10T02:03:36] Started: Copying file /Contents/Common7/IDE/VC/vcpackages/DirControl.dll to D:\Program Files (x86)\Microsoft Visual Studio\2022\BuildTools\Common7\IDE\VC\vcpackages\DirControl.dll
[18d4:0007][2026-05-10T02:03:36] Completed: Copying file /Contents/Common7/IDE/VC/vcpackages/DirControl.dll to D:\Program Files (x86)\Microsoft Visual Studio\2022\BuildTools\Common7\IDE\VC\vcpackages\DirControl.dll
[18d4:0007][2026-05-10T02:03:36] Timestamp updated for file 'D:\Program Files (x86)\Microsoft Visual Studio\2022\BuildTools\Common7\IDE\VC\vcpackages\DirControl.dll'.
[18d4:0007][2026-05-10T02:03:36] Package executed successfully. Return code: 0
