[2e2c:0007][2026-05-10T01:23:55] Opening the package for processing
[2e2c:0007][2026-05-10T01:23:55] Using package payload to get the embedded manifest
[2e2c:0007][2026-05-10T01:23:55] Getting list of files within the package
[2e2c:0007][2026-05-10T01:23:55] Processing file /Contents/Common7/IDE/en/Microsoft.VisualStudio.VCProjectUI.resources.dll
[2e2c:0007][2026-05-10T01:23:55] Started: Copying file /Contents/Common7/IDE/en/Microsoft.VisualStudio.VCProjectUI.resources.dll to D:\Program Files (x86)\Microsoft Visual Studio\2022\BuildTools\Common7\IDE\en\Microsoft.VisualStudio.VCProjectUI.resources.dll
[2e2c:0007][2026-05-10T01:23:55] Completed: Copying file /Contents/Common7/IDE/en/Microsoft.VisualStudio.VCProjectUI.resources.dll to D:\Program Files (x86)\Microsoft Visual Studio\2022\BuildTools\Common7\IDE\en\Microsoft.VisualStudio.VCProjectUI.resources.dll
[2e2c:0007][2026-05-10T01:23:55] Timestamp updated for file 'D:\Program Files (x86)\Microsoft Visual Studio\2022\BuildTools\Common7\IDE\en\Microsoft.VisualStudio.VCProjectUI.resources.dll'.
[2e2c:0007][2026-05-10T01:23:55] Processing file /Contents/Common7/IDE/PublicAssemblies/en/Microsoft.VisualStudio.VCProject.xml
[2e2c:0007][2026-05-10T01:23:55] Started: Copying file /Contents/Common7/IDE/PublicAssemblies/en/Microsoft.VisualStudio.VCProject.xml to D:\Program Files (x86)\Microsoft Visual Studio\2022\BuildTools\Common7\IDE\PublicAssemblies\en\Microsoft.VisualStudio.VCProject.xml
[2e2c:0007][2026-05-10T01:23:55] Completed: Copying file /Contents/Common7/IDE/PublicAssemblies/en/Microsoft.VisualStudio.VCProject.xml to D:\Program Files (x86)\Microsoft Visual Studio\2022\BuildTools\Common7\IDE\PublicAssemblies\en\Microsoft.VisualStudio.VCProject.xml
[2e2c:0007][2026-05-10T01:23:55] Timestamp updated for file 'D:\Program Files (x86)\Microsoft Visual Studio\2022\BuildTools\Common7\IDE\PublicAssemblies\en\Microsoft.VisualStudio.VCProject.xml'.
[2e2c:0007][2026-05-10T01:23:55] Processing file /Contents/Common7/IDE/PublicAssemblies/en/Microsoft.VisualStudio.VCProjectEngine.xml
[2e2c:0007][2026-05-10T01:23:55] Started: Copying file /Contents/Common7/IDE/PublicAssemblies/en/Microsoft.VisualStudio.VCProjectEngine.xml to D:\Program Files (x86)\Microsoft Visual Studio\2022\BuildTools\Common7\IDE\PublicAssemblies\en\Microsoft.VisualStudio.VCProjectEngine.xml
[2e2c:0007][2026-05-10T01:23:55] Completed: Copying file /Contents/Common7/IDE/PublicAssemblies/en/Microsoft.VisualStudio.VCProjectEngine.xml to D:\Program Files (x86)\Microsoft Visual Studio\2022\BuildTools\Common7\IDE\PublicAssemblies\en\Microsoft.VisualStudio.VCProjectEngine.xml
[2e2c:0007][2026-05-10T01:23:55] Timestamp updated for file 'D:\Program Files (x86)\Microsoft Visual Studio\2022\BuildTools\Common7\IDE\PublicAssemblies\en\Microsoft.VisualStudio.VCProjectEngine.xml'.
[2e2c:0007][2026-05-10T01:23:55] Processing file /Contents/Common7/IDE/VC/vcpackages/1033/VCProjectUI.dll
[2e2c:0007][2026-05-10T01:23:55] Started: Copying file /Contents/Common7/IDE/VC/vcpackages/1033/VCProjectUI.dll to D:\Program Files (x86)\Microsoft Visual Studio\2022\BuildTools\Common7\IDE\VC\vcpackages\1033\VCProjectUI.dll
[2e2c:0007][2026-05-10T01:23:55] Completed: Copying file /Contents/Common7/IDE/VC/vcpackages/1033/VCProjectUI.dll to D:\Program Files (x86)\Microsoft Visual Studio\2022\BuildTools\Common7\IDE\VC\vcpackages\1033\VCProjectUI.dll
[2e2c:0007][2026-05-10T01:23:55] Timestamp updated for file 'D:\Program Files (x86)\Microsoft Visual Studio\2022\BuildTools\Common7\IDE\VC\vcpackages\1033\VCProjectUI.dll'.
[2e2c:0007][2026-05-10T01:23:55] Processing file /Contents/Common7/Tools/1033/vcconvertengineui.dll
[2e2c:0007][2026-05-10T01:23:55] Started: Copying file /Contents/Common7/Tools/1033/vcconvertengineui.dll to D:\Program Files (x86)\Microsoft Visual Studio\2022\BuildTools\Common7\Tools\1033\vcconvertengineui.dll
[2e2c:0007][2026-05-10T01:23:55] Completed: Copying file /Contents/Common7/Tools/1033/vcconvertengineui.dll to D:\Program Files (x86)\Microsoft Visual Studio\2022\BuildTools\Common7\Tools\1033\vcconvertengineui.dll
[2e2c:0007][2026-05-10T01:23:55] Timestamp updated for file 'D:\Program Files (x86)\Microsoft Visual Studio\2022\BuildTools\Common7\Tools\1033\vcconvertengineui.dll'.
[2e2c:0007][2026-05-10T01:23:55] Package executed successfully. Return code: 0
