[3474:0009][2026-05-10T01:46:14] Using cached package manifest as the embedded manifest
[3474:0009][2026-05-10T01:46:14] Processing file /extension.vsixmanifest
[3474:0009][2026-05-10T01:46:14] D:\Program Files (x86)\Microsoft Visual Studio\2022\BuildTools\Common7\IDE\Extensions\Microsoft\DebugAdapterHost\extension.vsixmanifest file deleted.
[3474:0009][2026-05-10T01:46:14] Processing file /Microsoft.VisualStudio.Debugger.VSCodeDebuggerHost.VSIX.clientenabledpkg
[3474:0009][2026-05-10T01:46:14] D:\Program Files (x86)\Microsoft Visual Studio\2022\BuildTools\Common7\IDE\Extensions\Microsoft\DebugAdapterHost\Microsoft.VisualStudio.Debugger.VSCodeDebuggerHost.VSIX.clientenabledpkg file deleted.
[3474:0009][2026-05-10T01:46:14] Processing file /Microsoft.VisualStudio.Debugger.DebugAdapterHost.Interfaces.dll
[3474:0009][2026-05-10T01:46:14] D:\Program Files (x86)\Microsoft Visual Studio\2022\BuildTools\Common7\IDE\Extensions\Microsoft\DebugAdapterHost\Microsoft.VisualStudio.Debugger.DebugAdapterHost.Interfaces.dll file deleted.
[3474:0009][2026-05-10T01:46:14] Processing file /Microsoft.VisualStudio.Debugger.VSCodeDebuggerHost.dll
[3474:0009][2026-05-10T01:46:14] D:\Program Files (x86)\Microsoft Visual Studio\2022\BuildTools\Common7\IDE\Extensions\Microsoft\DebugAdapterHost\Microsoft.VisualStudio.Debugger.VSCodeDebuggerHost.dll file deleted.
[3474:0009][2026-05-10T01:46:14] Processing file /Microsoft.VisualStudio.Shared.VSCodeDebugProtocol.dll
[3474:0009][2026-05-10T01:46:14] D:\Program Files (x86)\Microsoft Visual Studio\2022\BuildTools\Common7\IDE\Extensions\Microsoft\DebugAdapterHost\Microsoft.VisualStudio.Shared.VSCodeDebugProtocol.dll file deleted.
[3474:0009][2026-05-10T01:46:14] Processing file /ReferenceAssemblyRegistration.pkgdef
[3474:0009][2026-05-10T01:46:14] D:\Program Files (x86)\Microsoft Visual Studio\2022\BuildTools\Common7\IDE\Extensions\Microsoft\DebugAdapterHost\ReferenceAssemblyRegistration.pkgdef file deleted.
[3474:0009][2026-05-10T01:46:14] Processing file /EngineRegistration.pkgdef
[3474:0009][2026-05-10T01:46:14] D:\Program Files (x86)\Microsoft Visual Studio\2022\BuildTools\Common7\IDE\Extensions\Microsoft\DebugAdapterHost\EngineRegistration.pkgdef file deleted.
[3474:0009][2026-05-10T01:46:14] Processing file /Microsoft.VisualStudio.Debugger.VSCodeDebuggerHost.pkgdef
[3474:0009][2026-05-10T01:46:14] D:\Program Files (x86)\Microsoft Visual Studio\2022\BuildTools\Common7\IDE\Extensions\Microsoft\DebugAdapterHost\Microsoft.VisualStudio.Debugger.VSCodeDebuggerHost.pkgdef file deleted.
[3474:0009][2026-05-10T01:46:14] Processing file /zh-Hans/Microsoft.VisualStudio.Debugger.VSCodeDebuggerHost.resources.dll
[3474:0009][2026-05-10T01:46:14] D:\Program Files (x86)\Microsoft Visual Studio\2022\BuildTools\Common7\IDE\Extensions\Microsoft\DebugAdapterHost\zh-Hans\Microsoft.VisualStudio.Debugger.VSCodeDebuggerHost.resources.dll file deleted.
[3474:0009][2026-05-10T01:46:14] Processing file /zh-Hant/Microsoft.VisualStudio.Debugger.VSCodeDebuggerHost.resources.dll
[3474:0009][2026-05-10T01:46:14] D:\Program Files (x86)\Microsoft Visual Studio\2022\BuildTools\Common7\IDE\Extensions\Microsoft\DebugAdapterHost\zh-Hant\Microsoft.VisualStudio.Debugger.VSCodeDebuggerHost.resources.dll file deleted.
[3474:0009][2026-05-10T01:46:14] Processing file /de/Microsoft.VisualStudio.Debugger.VSCodeDebuggerHost.resources.dll
[3474:0009][2026-05-10T01:46:14] D:\Program Files (x86)\Microsoft Visual Studio\2022\BuildTools\Common7\IDE\Extensions\Microsoft\DebugAdapterHost\de\Microsoft.VisualStudio.Debugger.VSCodeDebuggerHost.resources.dll file deleted.
[3474:0009][2026-05-10T01:46:14] Processing file /es/Microsoft.VisualStudio.Debugger.VSCodeDebuggerHost.resources.dll
[3474:0009][2026-05-10T01:46:14] D:\Program Files (x86)\Microsoft Visual Studio\2022\BuildTools\Common7\IDE\Extensions\Microsoft\DebugAdapterHost\es\Microsoft.VisualStudio.Debugger.VSCodeDebuggerHost.resources.dll file deleted.
[3474:0009][2026-05-10T01:46:14] Processing file /fr/Microsoft.VisualStudio.Debugger.VSCodeDebuggerHost.resources.dll
[3474:0009][2026-05-10T01:46:14] D:\Program Files (x86)\Microsoft Visual Studio\2022\BuildTools\Common7\IDE\Extensions\Microsoft\DebugAdapterHost\fr\Microsoft.VisualStudio.Debugger.VSCodeDebuggerHost.resources.dll file deleted.
[3474:0009][2026-05-10T01:46:14] Processing file /it/Microsoft.VisualStudio.Debugger.VSCodeDebuggerHost.resources.dll
[3474:0009][2026-05-10T01:46:14] D:\Program Files (x86)\Microsoft Visual Studio\2022\BuildTools\Common7\IDE\Extensions\Microsoft\DebugAdapterHost\it\Microsoft.VisualStudio.Debugger.VSCodeDebuggerHost.resources.dll file deleted.
[3474:0009][2026-05-10T01:46:14] Processing file /ja/Microsoft.VisualStudio.Debugger.VSCodeDebuggerHost.resources.dll
[3474:0009][2026-05-10T01:46:14] D:\Program Files (x86)\Microsoft Visual Studio\2022\BuildTools\Common7\IDE\Extensions\Microsoft\DebugAdapterHost\ja\Microsoft.VisualStudio.Debugger.VSCodeDebuggerHost.resources.dll file deleted.
[3474:0009][2026-05-10T01:46:14] Processing file /ko/Microsoft.VisualStudio.Debugger.VSCodeDebuggerHost.resources.dll
[3474:0009][2026-05-10T01:46:14] D:\Program Files (x86)\Microsoft Visual Studio\2022\BuildTools\Common7\IDE\Extensions\Microsoft\DebugAdapterHost\ko\Microsoft.VisualStudio.Debugger.VSCodeDebuggerHost.resources.dll file deleted.
[3474:0009][2026-05-10T01:46:14] Processing file /ru/Microsoft.VisualStudio.Debugger.VSCodeDebuggerHost.resources.dll
[3474:0009][2026-05-10T01:46:14] D:\Program Files (x86)\Microsoft Visual Studio\2022\BuildTools\Common7\IDE\Extensions\Microsoft\DebugAdapterHost\ru\Microsoft.VisualStudio.Debugger.VSCodeDebuggerHost.resources.dll file deleted.
[3474:0009][2026-05-10T01:46:14] Processing file /cs/Microsoft.VisualStudio.Debugger.VSCodeDebuggerHost.resources.dll
[3474:0009][2026-05-10T01:46:14] D:\Program Files (x86)\Microsoft Visual Studio\2022\BuildTools\Common7\IDE\Extensions\Microsoft\DebugAdapterHost\cs\Microsoft.VisualStudio.Debugger.VSCodeDebuggerHost.resources.dll file deleted.
[3474:0009][2026-05-10T01:46:14] Processing file /pt-BR/Microsoft.VisualStudio.Debugger.VSCodeDebuggerHost.resources.dll
[3474:0009][2026-05-10T01:46:14] D:\Program Files (x86)\Microsoft Visual Studio\2022\BuildTools\Common7\IDE\Extensions\Microsoft\DebugAdapterHost\pt-BR\Microsoft.VisualStudio.Debugger.VSCodeDebuggerHost.resources.dll file deleted.
[3474:0009][2026-05-10T01:46:14] Processing file /pl/Microsoft.VisualStudio.Debugger.VSCodeDebuggerHost.resources.dll
[3474:0009][2026-05-10T01:46:14] D:\Program Files (x86)\Microsoft Visual Studio\2022\BuildTools\Common7\IDE\Extensions\Microsoft\DebugAdapterHost\pl\Microsoft.VisualStudio.Debugger.VSCodeDebuggerHost.resources.dll file deleted.
[3474:0009][2026-05-10T01:46:14] Processing file /tr/Microsoft.VisualStudio.Debugger.VSCodeDebuggerHost.resources.dll
[3474:0009][2026-05-10T01:46:14] D:\Program Files (x86)\Microsoft Visual Studio\2022\BuildTools\Common7\IDE\Extensions\Microsoft\DebugAdapterHost\tr\Microsoft.VisualStudio.Debugger.VSCodeDebuggerHost.resources.dll file deleted.
[3474:0009][2026-05-10T01:46:14] Processing file /manifest.json
[3474:0009][2026-05-10T01:46:14] D:\Program Files (x86)\Microsoft Visual Studio\2022\BuildTools\Common7\IDE\Extensions\Microsoft\DebugAdapterHost\manifest.json file deleted.
[3474:0009][2026-05-10T01:46:14] Processing file /catalog.json
[3474:0009][2026-05-10T01:46:14] D:\Program Files (x86)\Microsoft Visual Studio\2022\BuildTools\Common7\IDE\Extensions\Microsoft\DebugAdapterHost\catalog.json file deleted.
[3474:0009][2026-05-10T01:46:14] Started: Deleting empty directories
[3474:0009][2026-05-10T01:46:14] Completed: Deleting empty directories
[3474:0009][2026-05-10T01:46:14] Package executed successfully. Return code: 0
