[c9c4:0009][2026-05-10T01:01:54] Opening the package for processing
[c9c4:0009][2026-05-10T01:01:54] Using package payload to get the embedded manifest
[c9c4:0009][2026-05-10T01:01:54] Getting list of files within the package
[c9c4:0009][2026-05-10T01:01:54] Processing file /Contents/Common7/IDE/CommonExtensions/Platform/Debugger/MemoryAnalyzer.dll
[c9c4:0009][2026-05-10T01:01:54] Started: Copying file /Contents/Common7/IDE/CommonExtensions/Platform/Debugger/MemoryAnalyzer.dll to D:\Program Files (x86)\Microsoft Visual Studio\2022\BuildTools\Common7\IDE\CommonExtensions\Platform\Debugger\MemoryAnalyzer.dll
[c9c4:0009][2026-05-10T01:01:54] Completed: Copying file /Contents/Common7/IDE/CommonExtensions/Platform/Debugger/MemoryAnalyzer.dll to D:\Program Files (x86)\Microsoft Visual Studio\2022\BuildTools\Common7\IDE\CommonExtensions\Platform\Debugger\MemoryAnalyzer.dll
[c9c4:0009][2026-05-10T01:01:54] Timestamp updated for file 'D:\Program Files (x86)\Microsoft Visual Studio\2022\BuildTools\Common7\IDE\CommonExtensions\Platform\Debugger\MemoryAnalyzer.dll'.
[c9c4:0009][2026-05-10T01:01:54] Processing file /Contents/Common7/IDE/CommonExtensions/Platform/Debugger/Microsoft.VisualStudio.Debugger.TerminalLauncher.dll
[c9c4:0009][2026-05-10T01:01:54] Started: Copying file /Contents/Common7/IDE/CommonExtensions/Platform/Debugger/Microsoft.VisualStudio.Debugger.TerminalLauncher.dll to D:\Program Files (x86)\Microsoft Visual Studio\2022\BuildTools\Common7\IDE\CommonExtensions\Platform\Debugger\Microsoft.VisualStudio.Debugger.TerminalLauncher.dll
[c9c4:0009][2026-05-10T01:01:54] Completed: Copying file /Contents/Common7/IDE/CommonExtensions/Platform/Debugger/Microsoft.VisualStudio.Debugger.TerminalLauncher.dll to D:\Program Files (x86)\Microsoft Visual Studio\2022\BuildTools\Common7\IDE\CommonExtensions\Platform\Debugger\Microsoft.VisualStudio.Debugger.TerminalLauncher.dll
[c9c4:0009][2026-05-10T01:01:54] Timestamp updated for file 'D:\Program Files (x86)\Microsoft Visual Studio\2022\BuildTools\Common7\IDE\CommonExtensions\Platform\Debugger\Microsoft.VisualStudio.Debugger.TerminalLauncher.dll'.
[c9c4:0009][2026-05-10T01:01:54] Processing file /Contents/Common7/IDE/CommonExtensions/Platform/Debugger/Microsoft.VisualStudio.Debugger.TerminalLauncher.pkgdef
[c9c4:0009][2026-05-10T01:01:54] Started: Copying file /Contents/Common7/IDE/CommonExtensions/Platform/Debugger/Microsoft.VisualStudio.Debugger.TerminalLauncher.pkgdef to D:\Program Files (x86)\Microsoft Visual Studio\2022\BuildTools\Common7\IDE\CommonExtensions\Platform\Debugger\Microsoft.VisualStudio.Debugger.TerminalLauncher.pkgdef
[c9c4:0009][2026-05-10T01:01:54] Completed: Copying file /Contents/Common7/IDE/CommonExtensions/Platform/Debugger/Microsoft.VisualStudio.Debugger.TerminalLauncher.pkgdef to D:\Program Files (x86)\Microsoft Visual Studio\2022\BuildTools\Common7\IDE\CommonExtensions\Platform\Debugger\Microsoft.VisualStudio.Debugger.TerminalLauncher.pkgdef
[c9c4:0009][2026-05-10T01:01:54] Timestamp updated for file 'D:\Program Files (x86)\Microsoft Visual Studio\2022\BuildTools\Common7\IDE\CommonExtensions\Platform\Debugger\Microsoft.VisualStudio.Debugger.TerminalLauncher.pkgdef'.
[c9c4:0009][2026-05-10T01:01:54] Processing file /Contents/Common7/IDE/CommonExtensions/Platform/Debugger/ReflectionBDM.pkgdef
[c9c4:0009][2026-05-10T01:01:54] Started: Copying file /Contents/Common7/IDE/CommonExtensions/Platform/Debugger/ReflectionBDM.pkgdef to D:\Program Files (x86)\Microsoft Visual Studio\2022\BuildTools\Common7\IDE\CommonExtensions\Platform\Debugger\ReflectionBDM.pkgdef
[c9c4:0009][2026-05-10T01:01:54] Completed: Copying file /Contents/Common7/IDE/CommonExtensions/Platform/Debugger/ReflectionBDM.pkgdef to D:\Program Files (x86)\Microsoft Visual Studio\2022\BuildTools\Common7\IDE\CommonExtensions\Platform\Debugger\ReflectionBDM.pkgdef
[c9c4:0009][2026-05-10T01:01:54] Timestamp updated for file 'D:\Program Files (x86)\Microsoft Visual Studio\2022\BuildTools\Common7\IDE\CommonExtensions\Platform\Debugger\ReflectionBDM.pkgdef'.
[c9c4:0009][2026-05-10T01:01:54] Processing file /Contents/Common7/IDE/CommonExtensions/Platform/Debugger/VSDbg_Engine.pkgdef
[c9c4:0009][2026-05-10T01:01:54] Started: Copying file /Contents/Common7/IDE/CommonExtensions/Platform/Debugger/VSDbg_Engine.pkgdef to D:\Program Files (x86)\Microsoft Visual Studio\2022\BuildTools\Common7\IDE\CommonExtensions\Platform\Debugger\VSDbg_Engine.pkgdef
[c9c4:0009][2026-05-10T01:01:54] Completed: Copying file /Contents/Common7/IDE/CommonExtensions/Platform/Debugger/VSDbg_Engine.pkgdef to D:\Program Files (x86)\Microsoft Visual Studio\2022\BuildTools\Common7\IDE\CommonExtensions\Platform\Debugger\VSDbg_Engine.pkgdef
[c9c4:0009][2026-05-10T01:01:54] Timestamp updated for file 'D:\Program Files (x86)\Microsoft Visual Studio\2022\BuildTools\Common7\IDE\CommonExtensions\Platform\Debugger\VSDbg_Engine.pkgdef'.
[c9c4:0009][2026-05-10T01:01:54] Processing file /Contents/Common7/IDE/CommonExtensions/Platform/Debugger/VsDebugConsole.exe
[c9c4:0009][2026-05-10T01:01:54] Started: Copying file /Contents/Common7/IDE/CommonExtensions/Platform/Debugger/VsDebugConsole.exe to D:\Program Files (x86)\Microsoft Visual Studio\2022\BuildTools\Common7\IDE\CommonExtensions\Platform\Debugger\VsDebugConsole.exe
[c9c4:0009][2026-05-10T01:01:54] Completed: Copying file /Contents/Common7/IDE/CommonExtensions/Platform/Debugger/VsDebugConsole.exe to D:\Program Files (x86)\Microsoft Visual Studio\2022\BuildTools\Common7\IDE\CommonExtensions\Platform\Debugger\VsDebugConsole.exe
[c9c4:0009][2026-05-10T01:01:54] Timestamp updated for file 'D:\Program Files (x86)\Microsoft Visual Studio\2022\BuildTools\Common7\IDE\CommonExtensions\Platform\Debugger\VsDebugConsole.exe'.
[c9c4:0009][2026-05-10T01:01:54] Processing file /Contents/Common7/IDE/CommonExtensions/Platform/Debugger/VsDebugConsole.pkgdef
[c9c4:0009][2026-05-10T01:01:54] Started: Copying file /Contents/Common7/IDE/CommonExtensions/Platform/Debugger/VsDebugConsole.pkgdef to D:\Program Files (x86)\Microsoft Visual Studio\2022\BuildTools\Common7\IDE\CommonExtensions\Platform\Debugger\VsDebugConsole.pkgdef
[c9c4:0009][2026-05-10T01:01:54] Completed: Copying file /Contents/Common7/IDE/CommonExtensions/Platform/Debugger/VsDebugConsole.pkgdef to D:\Program Files (x86)\Microsoft Visual Studio\2022\BuildTools\Common7\IDE\CommonExtensions\Platform\Debugger\VsDebugConsole.pkgdef
[c9c4:0009][2026-05-10T01:01:54] Timestamp updated for file 'D:\Program Files (x86)\Microsoft Visual Studio\2022\BuildTools\Common7\IDE\CommonExtensions\Platform\Debugger\VsDebugConsole.pkgdef'.
[c9c4:0009][2026-05-10T01:01:54] Processing file /Contents/Common7/IDE/CommonExtensions/Platform/Debugger/vsdebugeng.windockertransport.dll
[c9c4:0009][2026-05-10T01:01:54] Started: Copying file /Contents/Common7/IDE/CommonExtensions/Platform/Debugger/vsdebugeng.windockertransport.dll to D:\Program Files (x86)\Microsoft Visual Studio\2022\BuildTools\Common7\IDE\CommonExtensions\Platform\Debugger\vsdebugeng.windockertransport.dll
[c9c4:0009][2026-05-10T01:01:54] Completed: Copying file /Contents/Common7/IDE/CommonExtensions/Platform/Debugger/vsdebugeng.windockertransport.dll to D:\Program Files (x86)\Microsoft Visual Studio\2022\BuildTools\Common7\IDE\CommonExtensions\Platform\Debugger\vsdebugeng.windockertransport.dll
[c9c4:0009][2026-05-10T01:01:54] Timestamp updated for file 'D:\Program Files (x86)\Microsoft Visual Studio\2022\BuildTools\Common7\IDE\CommonExtensions\Platform\Debugger\vsdebugeng.windockertransport.dll'.
[c9c4:0009][2026-05-10T01:01:54] Processing file /Contents/Common7/IDE/CommonExtensions/Platform/Debugger/vsdebugeng.windockertransport.pkgdef
[c9c4:0009][2026-05-10T01:01:54] Started: Copying file /Contents/Common7/IDE/CommonExtensions/Platform/Debugger/vsdebugeng.windockertransport.pkgdef to D:\Program Files (x86)\Microsoft Visual Studio\2022\BuildTools\Common7\IDE\CommonExtensions\Platform\Debugger\vsdebugeng.windockertransport.pkgdef
[c9c4:0009][2026-05-10T01:01:54] Completed: Copying file /Contents/Common7/IDE/CommonExtensions/Platform/Debugger/vsdebugeng.windockertransport.pkgdef to D:\Program Files (x86)\Microsoft Visual Studio\2022\BuildTools\Common7\IDE\CommonExtensions\Platform\Debugger\vsdebugeng.windockertransport.pkgdef
[c9c4:0009][2026-05-10T01:01:54] Timestamp updated for file 'D:\Program Files (x86)\Microsoft Visual Studio\2022\BuildTools\Common7\IDE\CommonExtensions\Platform\Debugger\vsdebugeng.windockertransport.pkgdef'.
[c9c4:0009][2026-05-10T01:01:54] Processing file /Contents/Common7/IDE/CommonExtensions/Platform/Debugger/VSDebugEng_Impl_Core.pkgdef
[c9c4:0009][2026-05-10T01:01:54] Started: Copying file /Contents/Common7/IDE/CommonExtensions/Platform/Debugger/VSDebugEng_Impl_Core.pkgdef to D:\Program Files (x86)\Microsoft Visual Studio\2022\BuildTools\Common7\IDE\CommonExtensions\Platform\Debugger\VSDebugEng_Impl_Core.pkgdef
[c9c4:0009][2026-05-10T01:01:54] Completed: Copying file /Contents/Common7/IDE/CommonExtensions/Platform/Debugger/VSDebugEng_Impl_Core.pkgdef to D:\Program Files (x86)\Microsoft Visual Studio\2022\BuildTools\Common7\IDE\CommonExtensions\Platform\Debugger\VSDebugEng_Impl_Core.pkgdef
[c9c4:0009][2026-05-10T01:01:54] Timestamp updated for file 'D:\Program Files (x86)\Microsoft Visual Studio\2022\BuildTools\Common7\IDE\CommonExtensions\Platform\Debugger\VSDebugEng_Impl_Core.pkgdef'.
[c9c4:0009][2026-05-10T01:01:54] Processing file /Contents/Common7/IDE/CommonExtensions/Platform/Debugger/VSDebugEng_Impl_Engine.pkgdef
[c9c4:0009][2026-05-10T01:01:54] Started: Copying file /Contents/Common7/IDE/CommonExtensions/Platform/Debugger/VSDebugEng_Impl_Engine.pkgdef to D:\Program Files (x86)\Microsoft Visual Studio\2022\BuildTools\Common7\IDE\CommonExtensions\Platform\Debugger\VSDebugEng_Impl_Engine.pkgdef
[c9c4:0009][2026-05-10T01:01:54] Completed: Copying file /Contents/Common7/IDE/CommonExtensions/Platform/Debugger/VSDebugEng_Impl_Engine.pkgdef to D:\Program Files (x86)\Microsoft Visual Studio\2022\BuildTools\Common7\IDE\CommonExtensions\Platform\Debugger\VSDebugEng_Impl_Engine.pkgdef
[c9c4:0009][2026-05-10T01:01:54] Timestamp updated for file 'D:\Program Files (x86)\Microsoft Visual Studio\2022\BuildTools\Common7\IDE\CommonExtensions\Platform\Debugger\VSDebugEng_Impl_Engine.pkgdef'.
[c9c4:0009][2026-05-10T01:01:54] Processing file /Contents/Common7/IDE/iisresolver.dll
[c9c4:0009][2026-05-10T01:01:54] Started: Copying file /Contents/Common7/IDE/iisresolver.dll to D:\Program Files (x86)\Microsoft Visual Studio\2022\BuildTools\Common7\IDE\iisresolver.dll
[c9c4:0009][2026-05-10T01:01:54] Completed: Copying file /Contents/Common7/IDE/iisresolver.dll to D:\Program Files (x86)\Microsoft Visual Studio\2022\BuildTools\Common7\IDE\iisresolver.dll
[c9c4:0009][2026-05-10T01:01:54] Timestamp updated for file 'D:\Program Files (x86)\Microsoft Visual Studio\2022\BuildTools\Common7\IDE\iisresolver.dll'.
[c9c4:0009][2026-05-10T01:01:54] Processing file /Contents/Common7/IDE/Microsoft.VisualStudio.Debugger.Engine.dll
[c9c4:0009][2026-05-10T01:01:54] Started: Copying file /Contents/Common7/IDE/Microsoft.VisualStudio.Debugger.Engine.dll to D:\Program Files (x86)\Microsoft Visual Studio\2022\BuildTools\Common7\IDE\Microsoft.VisualStudio.Debugger.Engine.dll
[c9c4:0009][2026-05-10T01:01:54] Completed: Copying file /Contents/Common7/IDE/Microsoft.VisualStudio.Debugger.Engine.dll to D:\Program Files (x86)\Microsoft Visual Studio\2022\BuildTools\Common7\IDE\Microsoft.VisualStudio.Debugger.Engine.dll
[c9c4:0009][2026-05-10T01:01:54] Timestamp updated for file 'D:\Program Files (x86)\Microsoft Visual Studio\2022\BuildTools\Common7\IDE\Microsoft.VisualStudio.Debugger.Engine.dll'.
[c9c4:0009][2026-05-10T01:01:54] Queueing D:\Program Files (x86)\Microsoft Visual Studio\2022\BuildTools\Common7\IDE\Microsoft.VisualStudio.Debugger.Engine.dll for X86 ngen
[c9c4:0009][2026-05-10T01:01:54] Successfully queued file '/Contents/Common7/IDE/Microsoft.VisualStudio.Debugger.Engine.dll' for ngen
[c9c4:0009][2026-05-10T01:01:54] Processing file /Contents/Common7/IDE/PrivateAssemblies/MemoryAnalyzer.Extensions.dll
[c9c4:0009][2026-05-10T01:01:54] Started: Copying file /Contents/Common7/IDE/PrivateAssemblies/MemoryAnalyzer.Extensions.dll to D:\Program Files (x86)\Microsoft Visual Studio\2022\BuildTools\Common7\IDE\PrivateAssemblies\MemoryAnalyzer.Extensions.dll
[c9c4:0009][2026-05-10T01:01:54] Completed: Copying file /Contents/Common7/IDE/PrivateAssemblies/MemoryAnalyzer.Extensions.dll to D:\Program Files (x86)\Microsoft Visual Studio\2022\BuildTools\Common7\IDE\PrivateAssemblies\MemoryAnalyzer.Extensions.dll
[c9c4:0009][2026-05-10T01:01:54] Timestamp updated for file 'D:\Program Files (x86)\Microsoft Visual Studio\2022\BuildTools\Common7\IDE\PrivateAssemblies\MemoryAnalyzer.Extensions.dll'.
[c9c4:0009][2026-05-10T01:01:54] Processing file /Contents/Common7/IDE/PrivateAssemblies/Microsoft.DiagnosticAnalysis.Types.dll
[c9c4:0009][2026-05-10T01:01:54] Started: Copying file /Contents/Common7/IDE/PrivateAssemblies/Microsoft.DiagnosticAnalysis.Types.dll to D:\Program Files (x86)\Microsoft Visual Studio\2022\BuildTools\Common7\IDE\PrivateAssemblies\Microsoft.DiagnosticAnalysis.Types.dll
[c9c4:0009][2026-05-10T01:01:54] Completed: Copying file /Contents/Common7/IDE/PrivateAssemblies/Microsoft.DiagnosticAnalysis.Types.dll to D:\Program Files (x86)\Microsoft Visual Studio\2022\BuildTools\Common7\IDE\PrivateAssemblies\Microsoft.DiagnosticAnalysis.Types.dll
[c9c4:0009][2026-05-10T01:01:54] Timestamp updated for file 'D:\Program Files (x86)\Microsoft Visual Studio\2022\BuildTools\Common7\IDE\PrivateAssemblies\Microsoft.DiagnosticAnalysis.Types.dll'.
[c9c4:0009][2026-05-10T01:01:54] Processing file /Contents/Common7/IDE/PrivateAssemblies/vsdebugeng.manimpl.45.dll
[c9c4:0009][2026-05-10T01:01:54] Started: Copying file /Contents/Common7/IDE/PrivateAssemblies/vsdebugeng.manimpl.45.dll to D:\Program Files (x86)\Microsoft Visual Studio\2022\BuildTools\Common7\IDE\PrivateAssemblies\vsdebugeng.manimpl.45.dll
[c9c4:0009][2026-05-10T01:01:54] Completed: Copying file /Contents/Common7/IDE/PrivateAssemblies/vsdebugeng.manimpl.45.dll to D:\Program Files (x86)\Microsoft Visual Studio\2022\BuildTools\Common7\IDE\PrivateAssemblies\vsdebugeng.manimpl.45.dll
[c9c4:0009][2026-05-10T01:01:54] Timestamp updated for file 'D:\Program Files (x86)\Microsoft Visual Studio\2022\BuildTools\Common7\IDE\PrivateAssemblies\vsdebugeng.manimpl.45.dll'.
[c9c4:0009][2026-05-10T01:01:54] Processing file /Contents/Common7/IDE/PrivateAssemblies/vsdebugeng.manimpl.dll
[c9c4:0009][2026-05-10T01:01:54] Started: Copying file /Contents/Common7/IDE/PrivateAssemblies/vsdebugeng.manimpl.dll to D:\Program Files (x86)\Microsoft Visual Studio\2022\BuildTools\Common7\IDE\PrivateAssemblies\vsdebugeng.manimpl.dll
[c9c4:0009][2026-05-10T01:01:54] Completed: Copying file /Contents/Common7/IDE/PrivateAssemblies/vsdebugeng.manimpl.dll to D:\Program Files (x86)\Microsoft Visual Studio\2022\BuildTools\Common7\IDE\PrivateAssemblies\vsdebugeng.manimpl.dll
[c9c4:0009][2026-05-10T01:01:54] Timestamp updated for file 'D:\Program Files (x86)\Microsoft Visual Studio\2022\BuildTools\Common7\IDE\PrivateAssemblies\vsdebugeng.manimpl.dll'.
[c9c4:0009][2026-05-10T01:01:54] Queueing D:\Program Files (x86)\Microsoft Visual Studio\2022\BuildTools\Common7\IDE\PrivateAssemblies\vsdebugeng.manimpl.dll for X86 ngen
[c9c4:0009][2026-05-10T01:01:54] Successfully queued file '/Contents/Common7/IDE/PrivateAssemblies/vsdebugeng.manimpl.dll' for ngen
[c9c4:0009][2026-05-10T01:01:54] Processing file /Contents/Common7/IDE/PrivateAssemblies/vsdebugeng.manimpl.netstandard.dll
[c9c4:0009][2026-05-10T01:01:54] Started: Copying file /Contents/Common7/IDE/PrivateAssemblies/vsdebugeng.manimpl.netstandard.dll to D:\Program Files (x86)\Microsoft Visual Studio\2022\BuildTools\Common7\IDE\PrivateAssemblies\vsdebugeng.manimpl.netstandard.dll
[c9c4:0009][2026-05-10T01:01:54] Completed: Copying file /Contents/Common7/IDE/PrivateAssemblies/vsdebugeng.manimpl.netstandard.dll to D:\Program Files (x86)\Microsoft Visual Studio\2022\BuildTools\Common7\IDE\PrivateAssemblies\vsdebugeng.manimpl.netstandard.dll
[c9c4:0009][2026-05-10T01:01:54] Timestamp updated for file 'D:\Program Files (x86)\Microsoft Visual Studio\2022\BuildTools\Common7\IDE\PrivateAssemblies\vsdebugeng.manimpl.netstandard.dll'.
[c9c4:0009][2026-05-10T01:01:54] Processing file /Contents/Common7/IDE/vsdebugeng.dll
[c9c4:0009][2026-05-10T01:01:54] Started: Copying file /Contents/Common7/IDE/vsdebugeng.dll to D:\Program Files (x86)\Microsoft Visual Studio\2022\BuildTools\Common7\IDE\vsdebugeng.dll
[c9c4:0009][2026-05-10T01:01:54] Completed: Copying file /Contents/Common7/IDE/vsdebugeng.dll to D:\Program Files (x86)\Microsoft Visual Studio\2022\BuildTools\Common7\IDE\vsdebugeng.dll
[c9c4:0009][2026-05-10T01:01:54] Timestamp updated for file 'D:\Program Files (x86)\Microsoft Visual Studio\2022\BuildTools\Common7\IDE\vsdebugeng.dll'.
[c9c4:0009][2026-05-10T01:01:54] Processing file /Contents/Common7/IDE/VsDebugWERHelper.exe
[c9c4:0009][2026-05-10T01:01:54] Started: Copying file /Contents/Common7/IDE/VsDebugWERHelper.exe to D:\Program Files (x86)\Microsoft Visual Studio\2022\BuildTools\Common7\IDE\VsDebugWERHelper.exe
[c9c4:0009][2026-05-10T01:01:54] Completed: Copying file /Contents/Common7/IDE/VsDebugWERHelper.exe to D:\Program Files (x86)\Microsoft Visual Studio\2022\BuildTools\Common7\IDE\VsDebugWERHelper.exe
[c9c4:0009][2026-05-10T01:01:54] Timestamp updated for file 'D:\Program Files (x86)\Microsoft Visual Studio\2022\BuildTools\Common7\IDE\VsDebugWERHelper.exe'.
[c9c4:0009][2026-05-10T01:01:54] Processing file /Contents/Common7/Packages/Debugger/vsdebugeng.impl.dll
[c9c4:0009][2026-05-10T01:01:54] Started: Copying file /Contents/Common7/Packages/Debugger/vsdebugeng.impl.dll to D:\Program Files (x86)\Microsoft Visual Studio\2022\BuildTools\Common7\Packages\Debugger\vsdebugeng.impl.dll
[c9c4:0009][2026-05-10T01:01:54] Completed: Copying file /Contents/Common7/Packages/Debugger/vsdebugeng.impl.dll to D:\Program Files (x86)\Microsoft Visual Studio\2022\BuildTools\Common7\Packages\Debugger\vsdebugeng.impl.dll
[c9c4:0009][2026-05-10T01:01:54] Timestamp updated for file 'D:\Program Files (x86)\Microsoft Visual Studio\2022\BuildTools\Common7\Packages\Debugger\vsdebugeng.impl.dll'.
[c9c4:0009][2026-05-10T01:01:54] Processing file /Contents/Common7/Packages/Debugger/vsdebugeng.impl.vsdconfig
[c9c4:0009][2026-05-10T01:01:54] Started: Copying file /Contents/Common7/Packages/Debugger/vsdebugeng.impl.vsdconfig to D:\Program Files (x86)\Microsoft Visual Studio\2022\BuildTools\Common7\Packages\Debugger\vsdebugeng.impl.vsdconfig
[c9c4:0009][2026-05-10T01:01:54] Completed: Copying file /Contents/Common7/Packages/Debugger/vsdebugeng.impl.vsdconfig to D:\Program Files (x86)\Microsoft Visual Studio\2022\BuildTools\Common7\Packages\Debugger\vsdebugeng.impl.vsdconfig
[c9c4:0009][2026-05-10T01:01:54] Timestamp updated for file 'D:\Program Files (x86)\Microsoft Visual Studio\2022\BuildTools\Common7\Packages\Debugger\vsdebugeng.impl.vsdconfig'.
[c9c4:0009][2026-05-10T01:01:54] Processing file /Contents/Common7/Packages/Debugger/vsdebugeng.manimpl.45.vsdconfig
[c9c4:0009][2026-05-10T01:01:54] Started: Copying file /Contents/Common7/Packages/Debugger/vsdebugeng.manimpl.45.vsdconfig to D:\Program Files (x86)\Microsoft Visual Studio\2022\BuildTools\Common7\Packages\Debugger\vsdebugeng.manimpl.45.vsdconfig
[c9c4:0009][2026-05-10T01:01:54] Completed: Copying file /Contents/Common7/Packages/Debugger/vsdebugeng.manimpl.45.vsdconfig to D:\Program Files (x86)\Microsoft Visual Studio\2022\BuildTools\Common7\Packages\Debugger\vsdebugeng.manimpl.45.vsdconfig
[c9c4:0009][2026-05-10T01:01:54] Timestamp updated for file 'D:\Program Files (x86)\Microsoft Visual Studio\2022\BuildTools\Common7\Packages\Debugger\vsdebugeng.manimpl.45.vsdconfig'.
[c9c4:0009][2026-05-10T01:01:54] Processing file /Contents/Common7/Packages/Debugger/vsdebugeng.manimpl.netstandard.vsdconfig
[c9c4:0009][2026-05-10T01:01:54] Started: Copying file /Contents/Common7/Packages/Debugger/vsdebugeng.manimpl.netstandard.vsdconfig to D:\Program Files (x86)\Microsoft Visual Studio\2022\BuildTools\Common7\Packages\Debugger\vsdebugeng.manimpl.netstandard.vsdconfig
[c9c4:0009][2026-05-10T01:01:54] Completed: Copying file /Contents/Common7/Packages/Debugger/vsdebugeng.manimpl.netstandard.vsdconfig to D:\Program Files (x86)\Microsoft Visual Studio\2022\BuildTools\Common7\Packages\Debugger\vsdebugeng.manimpl.netstandard.vsdconfig
[c9c4:0009][2026-05-10T01:01:54] Timestamp updated for file 'D:\Program Files (x86)\Microsoft Visual Studio\2022\BuildTools\Common7\Packages\Debugger\vsdebugeng.manimpl.netstandard.vsdconfig'.
[c9c4:0009][2026-05-10T01:01:54] Processing file /Contents/Common7/Packages/Debugger/vsdebugeng.manimpl.vsdconfig
[c9c4:0009][2026-05-10T01:01:54] Started: Copying file /Contents/Common7/Packages/Debugger/vsdebugeng.manimpl.vsdconfig to D:\Program Files (x86)\Microsoft Visual Studio\2022\BuildTools\Common7\Packages\Debugger\vsdebugeng.manimpl.vsdconfig
[c9c4:0009][2026-05-10T01:01:54] Completed: Copying file /Contents/Common7/Packages/Debugger/vsdebugeng.manimpl.vsdconfig to D:\Program Files (x86)\Microsoft Visual Studio\2022\BuildTools\Common7\Packages\Debugger\vsdebugeng.manimpl.vsdconfig
[c9c4:0009][2026-05-10T01:01:54] Timestamp updated for file 'D:\Program Files (x86)\Microsoft Visual Studio\2022\BuildTools\Common7\Packages\Debugger\vsdebugeng.manimpl.vsdconfig'.
[c9c4:0009][2026-05-10T01:01:54] Processing file /Contents/Common7/Packages/Debugger/VsDebugLaunchNotify.exe
[c9c4:0009][2026-05-10T01:01:54] Started: Copying file /Contents/Common7/Packages/Debugger/VsDebugLaunchNotify.exe to D:\Program Files (x86)\Microsoft Visual Studio\2022\BuildTools\Common7\Packages\Debugger\VsDebugLaunchNotify.exe
[c9c4:0009][2026-05-10T01:01:54] Completed: Copying file /Contents/Common7/Packages/Debugger/VsDebugLaunchNotify.exe to D:\Program Files (x86)\Microsoft Visual Studio\2022\BuildTools\Common7\Packages\Debugger\VsDebugLaunchNotify.exe
[c9c4:0009][2026-05-10T01:01:54] Timestamp updated for file 'D:\Program Files (x86)\Microsoft Visual Studio\2022\BuildTools\Common7\Packages\Debugger\VsDebugLaunchNotify.exe'.
[c9c4:0009][2026-05-10T01:01:54] Package executed successfully. Return code: 0
