[2e2c:0007][2026-05-10T01:23:55] Opening the package for processing
[2e2c:0007][2026-05-10T01:23:55] Using package payload to get the embedded manifest
[2e2c:0007][2026-05-10T01:23:55] Getting list of files within the package
[2e2c:0007][2026-05-10T01:23:55] Processing file /Contents/Common7/IDE/CommonExtensions/Microsoft/VC/Project/Microsoft.VisualStudio.Project.VisualC.VCProjectEngine.dll
[2e2c:0007][2026-05-10T01:23:55] Started: Copying file /Contents/Common7/IDE/CommonExtensions/Microsoft/VC/Project/Microsoft.VisualStudio.Project.VisualC.VCProjectEngine.dll to D:\Program Files (x86)\Microsoft Visual Studio\2022\BuildTools\Common7\IDE\CommonExtensions\Microsoft\VC\Project\Microsoft.VisualStudio.Project.VisualC.VCProjectEngine.dll
[2e2c:0007][2026-05-10T01:23:55] Completed: Copying file /Contents/Common7/IDE/CommonExtensions/Microsoft/VC/Project/Microsoft.VisualStudio.Project.VisualC.VCProjectEngine.dll to D:\Program Files (x86)\Microsoft Visual Studio\2022\BuildTools\Common7\IDE\CommonExtensions\Microsoft\VC\Project\Microsoft.VisualStudio.Project.VisualC.VCProjectEngine.dll
[2e2c:0007][2026-05-10T01:23:55] Timestamp updated for file 'D:\Program Files (x86)\Microsoft Visual Studio\2022\BuildTools\Common7\IDE\CommonExtensions\Microsoft\VC\Project\Microsoft.VisualStudio.Project.VisualC.VCProjectEngine.dll'.
[2e2c:0007][2026-05-10T01:23:55] Queueing D:\Program Files (x86)\Microsoft Visual Studio\2022\BuildTools\Common7\IDE\CommonExtensions\Microsoft\VC\Project\Microsoft.VisualStudio.Project.VisualC.VCProjectEngine.dll for X86 ngen
[2e2c:0007][2026-05-10T01:23:55] Successfully queued file '/Contents/Common7/IDE/CommonExtensions/Microsoft/VC/Project/Microsoft.VisualStudio.Project.VisualC.VCProjectEngine.dll' for ngen
[2e2c:0007][2026-05-10T01:23:55] Processing file /Contents/Common7/IDE/CommonExtensions/Microsoft/VC/Project/Microsoft.VisualStudio.Project.VisualC.VCProjectEngine.pkgdef
[2e2c:0007][2026-05-10T01:23:55] Started: Copying file /Contents/Common7/IDE/CommonExtensions/Microsoft/VC/Project/Microsoft.VisualStudio.Project.VisualC.VCProjectEngine.pkgdef to D:\Program Files (x86)\Microsoft Visual Studio\2022\BuildTools\Common7\IDE\CommonExtensions\Microsoft\VC\Project\Microsoft.VisualStudio.Project.VisualC.VCProjectEngine.pkgdef
[2e2c:0007][2026-05-10T01:23:55] Completed: Copying file /Contents/Common7/IDE/CommonExtensions/Microsoft/VC/Project/Microsoft.VisualStudio.Project.VisualC.VCProjectEngine.pkgdef to D:\Program Files (x86)\Microsoft Visual Studio\2022\BuildTools\Common7\IDE\CommonExtensions\Microsoft\VC\Project\Microsoft.VisualStudio.Project.VisualC.VCProjectEngine.pkgdef
[2e2c:0007][2026-05-10T01:23:55] Timestamp updated for file 'D:\Program Files (x86)\Microsoft Visual Studio\2022\BuildTools\Common7\IDE\CommonExtensions\Microsoft\VC\Project\Microsoft.VisualStudio.Project.VisualC.VCProjectEngine.pkgdef'.
[2e2c:0007][2026-05-10T01:23:55] Processing file /Contents/Common7/IDE/CommonExtensions/Microsoft/VC/VCProject_Common_Registry.pkgdef
[2e2c:0007][2026-05-10T01:23:55] Started: Copying file /Contents/Common7/IDE/CommonExtensions/Microsoft/VC/VCProject_Common_Registry.pkgdef to D:\Program Files (x86)\Microsoft Visual Studio\2022\BuildTools\Common7\IDE\CommonExtensions\Microsoft\VC\VCProject_Common_Registry.pkgdef
[2e2c:0007][2026-05-10T01:23:55] Completed: Copying file /Contents/Common7/IDE/CommonExtensions/Microsoft/VC/VCProject_Common_Registry.pkgdef to D:\Program Files (x86)\Microsoft Visual Studio\2022\BuildTools\Common7\IDE\CommonExtensions\Microsoft\VC\VCProject_Common_Registry.pkgdef
[2e2c:0007][2026-05-10T01:23:55] Timestamp updated for file 'D:\Program Files (x86)\Microsoft Visual Studio\2022\BuildTools\Common7\IDE\CommonExtensions\Microsoft\VC\VCProject_Common_Registry.pkgdef'.
[2e2c:0007][2026-05-10T01:23:55] Processing file /Contents/Common7/IDE/CommonExtensions/Microsoft/VC/VCProject_Pro_Registry.pkgdef
[2e2c:0007][2026-05-10T01:23:55] Started: Copying file /Contents/Common7/IDE/CommonExtensions/Microsoft/VC/VCProject_Pro_Registry.pkgdef to D:\Program Files (x86)\Microsoft Visual Studio\2022\BuildTools\Common7\IDE\CommonExtensions\Microsoft\VC\VCProject_Pro_Registry.pkgdef
[2e2c:0007][2026-05-10T01:23:55] Completed: Copying file /Contents/Common7/IDE/CommonExtensions/Microsoft/VC/VCProject_Pro_Registry.pkgdef to D:\Program Files (x86)\Microsoft Visual Studio\2022\BuildTools\Common7\IDE\CommonExtensions\Microsoft\VC\VCProject_Pro_Registry.pkgdef
[2e2c:0007][2026-05-10T01:23:55] Timestamp updated for file 'D:\Program Files (x86)\Microsoft Visual Studio\2022\BuildTools\Common7\IDE\CommonExtensions\Microsoft\VC\VCProject_Pro_Registry.pkgdef'.
[2e2c:0007][2026-05-10T01:23:55] Processing file /Contents/Common7/IDE/Microsoft.VisualStudio.VCProjectUI.dll
[2e2c:0007][2026-05-10T01:23:55] Started: Copying file /Contents/Common7/IDE/Microsoft.VisualStudio.VCProjectUI.dll to D:\Program Files (x86)\Microsoft Visual Studio\2022\BuildTools\Common7\IDE\Microsoft.VisualStudio.VCProjectUI.dll
[2e2c:0007][2026-05-10T01:23:55] Completed: Copying file /Contents/Common7/IDE/Microsoft.VisualStudio.VCProjectUI.dll to D:\Program Files (x86)\Microsoft Visual Studio\2022\BuildTools\Common7\IDE\Microsoft.VisualStudio.VCProjectUI.dll
[2e2c:0007][2026-05-10T01:23:55] Timestamp updated for file 'D:\Program Files (x86)\Microsoft Visual Studio\2022\BuildTools\Common7\IDE\Microsoft.VisualStudio.VCProjectUI.dll'.
[2e2c:0007][2026-05-10T01:23:55] Queueing D:\Program Files (x86)\Microsoft Visual Studio\2022\BuildTools\Common7\IDE\Microsoft.VisualStudio.VCProjectUI.dll for X86 ngen
[2e2c:0007][2026-05-10T01:23:55] Successfully queued file '/Contents/Common7/IDE/Microsoft.VisualStudio.VCProjectUI.dll' for ngen
[2e2c:0007][2026-05-10T01:23:55] Processing file /Contents/Common7/IDE/PublicAssemblies/Microsoft.VisualStudio.VCProject.dll
[2e2c:0007][2026-05-10T01:23:55] Started: Copying file /Contents/Common7/IDE/PublicAssemblies/Microsoft.VisualStudio.VCProject.dll to D:\Program Files (x86)\Microsoft Visual Studio\2022\BuildTools\Common7\IDE\PublicAssemblies\Microsoft.VisualStudio.VCProject.dll
[2e2c:0007][2026-05-10T01:23:55] Completed: Copying file /Contents/Common7/IDE/PublicAssemblies/Microsoft.VisualStudio.VCProject.dll to D:\Program Files (x86)\Microsoft Visual Studio\2022\BuildTools\Common7\IDE\PublicAssemblies\Microsoft.VisualStudio.VCProject.dll
[2e2c:0007][2026-05-10T01:23:55] Timestamp updated for file 'D:\Program Files (x86)\Microsoft Visual Studio\2022\BuildTools\Common7\IDE\PublicAssemblies\Microsoft.VisualStudio.VCProject.dll'.
[2e2c:0007][2026-05-10T01:23:55] Processing file /Contents/Common7/IDE/VC/vcpackages/MacroPicker.dll
[2e2c:0007][2026-05-10T01:23:55] Started: Copying file /Contents/Common7/IDE/VC/vcpackages/MacroPicker.dll to D:\Program Files (x86)\Microsoft Visual Studio\2022\BuildTools\Common7\IDE\VC\vcpackages\MacroPicker.dll
[2e2c:0007][2026-05-10T01:23:55] Completed: Copying file /Contents/Common7/IDE/VC/vcpackages/MacroPicker.dll to D:\Program Files (x86)\Microsoft Visual Studio\2022\BuildTools\Common7\IDE\VC\vcpackages\MacroPicker.dll
[2e2c:0007][2026-05-10T01:23:55] Timestamp updated for file 'D:\Program Files (x86)\Microsoft Visual Studio\2022\BuildTools\Common7\IDE\VC\vcpackages\MacroPicker.dll'.
[2e2c:0007][2026-05-10T01:23:55] Processing file /Contents/Common7/IDE/VC/vcpackages/Microsoft.VisualC.ProjectControls.dll
[2e2c:0007][2026-05-10T01:23:55] Started: Copying file /Contents/Common7/IDE/VC/vcpackages/Microsoft.VisualC.ProjectControls.dll to D:\Program Files (x86)\Microsoft Visual Studio\2022\BuildTools\Common7\IDE\VC\vcpackages\Microsoft.VisualC.ProjectControls.dll
[2e2c:0007][2026-05-10T01:23:55] Completed: Copying file /Contents/Common7/IDE/VC/vcpackages/Microsoft.VisualC.ProjectControls.dll to D:\Program Files (x86)\Microsoft Visual Studio\2022\BuildTools\Common7\IDE\VC\vcpackages\Microsoft.VisualC.ProjectControls.dll
[2e2c:0007][2026-05-10T01:23:55] Timestamp updated for file 'D:\Program Files (x86)\Microsoft Visual Studio\2022\BuildTools\Common7\IDE\VC\vcpackages\Microsoft.VisualC.ProjectControls.dll'.
[2e2c:0007][2026-05-10T01:23:55] Processing file /Contents/Common7/IDE/VC/vcpackages/Microsoft.VisualC.ProjectStore.Implementation.dll
[2e2c:0007][2026-05-10T01:23:55] Started: Copying file /Contents/Common7/IDE/VC/vcpackages/Microsoft.VisualC.ProjectStore.Implementation.dll to D:\Program Files (x86)\Microsoft Visual Studio\2022\BuildTools\Common7\IDE\VC\vcpackages\Microsoft.VisualC.ProjectStore.Implementation.dll
[2e2c:0007][2026-05-10T01:23:55] Completed: Copying file /Contents/Common7/IDE/VC/vcpackages/Microsoft.VisualC.ProjectStore.Implementation.dll to D:\Program Files (x86)\Microsoft Visual Studio\2022\BuildTools\Common7\IDE\VC\vcpackages\Microsoft.VisualC.ProjectStore.Implementation.dll
[2e2c:0007][2026-05-10T01:23:55] Timestamp updated for file 'D:\Program Files (x86)\Microsoft Visual Studio\2022\BuildTools\Common7\IDE\VC\vcpackages\Microsoft.VisualC.ProjectStore.Implementation.dll'.
[2e2c:0007][2026-05-10T01:23:55] Queueing D:\Program Files (x86)\Microsoft Visual Studio\2022\BuildTools\Common7\IDE\VC\vcpackages\Microsoft.VisualC.ProjectStore.Implementation.dll for X86 ngen
[2e2c:0007][2026-05-10T01:23:55] Successfully queued file '/Contents/Common7/IDE/VC/vcpackages/Microsoft.VisualC.ProjectStore.Implementation.dll' for ngen
[2e2c:0007][2026-05-10T01:23:55] Processing file /Contents/Common7/IDE/VC/vcpackages/vcbuild.dll
[2e2c:0007][2026-05-10T01:23:55] Started: Copying file /Contents/Common7/IDE/VC/vcpackages/vcbuild.dll to D:\Program Files (x86)\Microsoft Visual Studio\2022\BuildTools\Common7\IDE\VC\vcpackages\vcbuild.dll
[2e2c:0007][2026-05-10T01:23:55] Completed: Copying file /Contents/Common7/IDE/VC/vcpackages/vcbuild.dll to D:\Program Files (x86)\Microsoft Visual Studio\2022\BuildTools\Common7\IDE\VC\vcpackages\vcbuild.dll
[2e2c:0007][2026-05-10T01:23:55] Timestamp updated for file 'D:\Program Files (x86)\Microsoft Visual Studio\2022\BuildTools\Common7\IDE\VC\vcpackages\vcbuild.dll'.
[2e2c:0007][2026-05-10T01:23:55] Processing file /Contents/Common7/IDE/VC/vcpackages/VCProject.dll
[2e2c:0007][2026-05-10T01:23:55] Started: Copying file /Contents/Common7/IDE/VC/vcpackages/VCProject.dll to D:\Program Files (x86)\Microsoft Visual Studio\2022\BuildTools\Common7\IDE\VC\vcpackages\VCProject.dll
[2e2c:0007][2026-05-10T01:23:55] Completed: Copying file /Contents/Common7/IDE/VC/vcpackages/VCProject.dll to D:\Program Files (x86)\Microsoft Visual Studio\2022\BuildTools\Common7\IDE\VC\vcpackages\VCProject.dll
[2e2c:0007][2026-05-10T01:23:55] Timestamp updated for file 'D:\Program Files (x86)\Microsoft Visual Studio\2022\BuildTools\Common7\IDE\VC\vcpackages\VCProject.dll'.
[2e2c:0007][2026-05-10T01:23:55] Processing file /Contents/Common7/IDE/VC/VCWizards/default.props
[2e2c:0007][2026-05-10T01:23:55] Started: Copying file /Contents/Common7/IDE/VC/VCWizards/default.props to D:\Program Files (x86)\Microsoft Visual Studio\2022\BuildTools\Common7\IDE\VC\VCWizards\default.props
[2e2c:0007][2026-05-10T01:23:55] Completed: Copying file /Contents/Common7/IDE/VC/VCWizards/default.props to D:\Program Files (x86)\Microsoft Visual Studio\2022\BuildTools\Common7\IDE\VC\VCWizards\default.props
[2e2c:0007][2026-05-10T01:23:55] Timestamp updated for file 'D:\Program Files (x86)\Microsoft Visual Studio\2022\BuildTools\Common7\IDE\VC\VCWizards\default.props'.
[2e2c:0007][2026-05-10T01:23:55] Processing file /Contents/Common7/IDE/VC/VCWizards/default.vcxproj
[2e2c:0007][2026-05-10T01:23:55] Started: Copying file /Contents/Common7/IDE/VC/VCWizards/default.vcxproj to D:\Program Files (x86)\Microsoft Visual Studio\2022\BuildTools\Common7\IDE\VC\VCWizards\default.vcxproj
[2e2c:0007][2026-05-10T01:23:55] Completed: Copying file /Contents/Common7/IDE/VC/VCWizards/default.vcxproj to D:\Program Files (x86)\Microsoft Visual Studio\2022\BuildTools\Common7\IDE\VC\VCWizards\default.vcxproj
[2e2c:0007][2026-05-10T01:23:55] Timestamp updated for file 'D:\Program Files (x86)\Microsoft Visual Studio\2022\BuildTools\Common7\IDE\VC\VCWizards\default.vcxproj'.
[2e2c:0007][2026-05-10T01:23:55] Processing file /Contents/Common7/IDE/VC/VCWizards/DefaultCLRNetCore.vcxproj
[2e2c:0007][2026-05-10T01:23:55] Started: Copying file /Contents/Common7/IDE/VC/VCWizards/DefaultCLRNetCore.vcxproj to D:\Program Files (x86)\Microsoft Visual Studio\2022\BuildTools\Common7\IDE\VC\VCWizards\DefaultCLRNetCore.vcxproj
[2e2c:0007][2026-05-10T01:23:55] Completed: Copying file /Contents/Common7/IDE/VC/VCWizards/DefaultCLRNetCore.vcxproj to D:\Program Files (x86)\Microsoft Visual Studio\2022\BuildTools\Common7\IDE\VC\VCWizards\DefaultCLRNetCore.vcxproj
[2e2c:0007][2026-05-10T01:23:55] Timestamp updated for file 'D:\Program Files (x86)\Microsoft Visual Studio\2022\BuildTools\Common7\IDE\VC\VCWizards\DefaultCLRNetCore.vcxproj'.
[2e2c:0007][2026-05-10T01:23:55] Processing file /Contents/Common7/IDE/VC/VCWizards/default_arm64.vcxproj
[2e2c:0007][2026-05-10T01:23:55] Started: Copying file /Contents/Common7/IDE/VC/VCWizards/default_arm64.vcxproj to D:\Program Files (x86)\Microsoft Visual Studio\2022\BuildTools\Common7\IDE\VC\VCWizards\default_arm64.vcxproj
[2e2c:0007][2026-05-10T01:23:55] Completed: Copying file /Contents/Common7/IDE/VC/VCWizards/default_arm64.vcxproj to D:\Program Files (x86)\Microsoft Visual Studio\2022\BuildTools\Common7\IDE\VC\VCWizards\default_arm64.vcxproj
[2e2c:0007][2026-05-10T01:23:55] Timestamp updated for file 'D:\Program Files (x86)\Microsoft Visual Studio\2022\BuildTools\Common7\IDE\VC\VCWizards\default_arm64.vcxproj'.
[2e2c:0007][2026-05-10T01:23:55] Processing file /Contents/Common7/IDE/VC/VCWizards/Shared.vcxproj
[2e2c:0007][2026-05-10T01:23:55] Started: Copying file /Contents/Common7/IDE/VC/VCWizards/Shared.vcxproj to D:\Program Files (x86)\Microsoft Visual Studio\2022\BuildTools\Common7\IDE\VC\VCWizards\Shared.vcxproj
[2e2c:0007][2026-05-10T01:23:55] Completed: Copying file /Contents/Common7/IDE/VC/VCWizards/Shared.vcxproj to D:\Program Files (x86)\Microsoft Visual Studio\2022\BuildTools\Common7\IDE\VC\VCWizards\Shared.vcxproj
[2e2c:0007][2026-05-10T01:23:55] Timestamp updated for file 'D:\Program Files (x86)\Microsoft Visual Studio\2022\BuildTools\Common7\IDE\VC\VCWizards\Shared.vcxproj'.
[2e2c:0007][2026-05-10T01:23:55] Processing file /Contents/Common7/IDE/VC/VCWizards/vcupgradedefault.vcxproj
[2e2c:0007][2026-05-10T01:23:55] Started: Copying file /Contents/Common7/IDE/VC/VCWizards/vcupgradedefault.vcxproj to D:\Program Files (x86)\Microsoft Visual Studio\2022\BuildTools\Common7\IDE\VC\VCWizards\vcupgradedefault.vcxproj
[2e2c:0007][2026-05-10T01:23:55] Completed: Copying file /Contents/Common7/IDE/VC/VCWizards/vcupgradedefault.vcxproj to D:\Program Files (x86)\Microsoft Visual Studio\2022\BuildTools\Common7\IDE\VC\VCWizards\vcupgradedefault.vcxproj
[2e2c:0007][2026-05-10T01:23:55] Timestamp updated for file 'D:\Program Files (x86)\Microsoft Visual Studio\2022\BuildTools\Common7\IDE\VC\VCWizards\vcupgradedefault.vcxproj'.
[2e2c:0007][2026-05-10T01:23:55] Processing file /Contents/Common7/IDE/VcxprojReader.exe
[2e2c:0007][2026-05-10T01:23:55] Started: Copying file /Contents/Common7/IDE/VcxprojReader.exe to D:\Program Files (x86)\Microsoft Visual Studio\2022\BuildTools\Common7\IDE\VcxprojReader.exe
[2e2c:0007][2026-05-10T01:23:55] Completed: Copying file /Contents/Common7/IDE/VcxprojReader.exe to D:\Program Files (x86)\Microsoft Visual Studio\2022\BuildTools\Common7\IDE\VcxprojReader.exe
[2e2c:0007][2026-05-10T01:23:55] Timestamp updated for file 'D:\Program Files (x86)\Microsoft Visual Studio\2022\BuildTools\Common7\IDE\VcxprojReader.exe'.
[2e2c:0007][2026-05-10T01:23:55] Queueing D:\Program Files (x86)\Microsoft Visual Studio\2022\BuildTools\Common7\IDE\VcxprojReader.exe for X86 ngen
[2e2c:0007][2026-05-10T01:23:55] Successfully queued file '/Contents/Common7/IDE/VcxprojReader.exe' for ngen
[2e2c:0007][2026-05-10T01:23:55] Processing file /Contents/Common7/IDE/VcxprojReader.exe.config
[2e2c:0007][2026-05-10T01:23:55] Started: Copying file /Contents/Common7/IDE/VcxprojReader.exe.config to D:\Program Files (x86)\Microsoft Visual Studio\2022\BuildTools\Common7\IDE\VcxprojReader.exe.config
[2e2c:0007][2026-05-10T01:23:55] Completed: Copying file /Contents/Common7/IDE/VcxprojReader.exe.config to D:\Program Files (x86)\Microsoft Visual Studio\2022\BuildTools\Common7\IDE\VcxprojReader.exe.config
[2e2c:0007][2026-05-10T01:23:55] Timestamp updated for file 'D:\Program Files (x86)\Microsoft Visual Studio\2022\BuildTools\Common7\IDE\VcxprojReader.exe.config'.
[2e2c:0007][2026-05-10T01:23:55] Processing file /Contents/Common7/Tools/vcconvertengine.dll
[2e2c:0007][2026-05-10T01:23:55] Started: Copying file /Contents/Common7/Tools/vcconvertengine.dll to D:\Program Files (x86)\Microsoft Visual Studio\2022\BuildTools\Common7\Tools\vcconvertengine.dll
[2e2c:0007][2026-05-10T01:23:55] Completed: Copying file /Contents/Common7/Tools/vcconvertengine.dll to D:\Program Files (x86)\Microsoft Visual Studio\2022\BuildTools\Common7\Tools\vcconvertengine.dll
[2e2c:0007][2026-05-10T01:23:55] Timestamp updated for file 'D:\Program Files (x86)\Microsoft Visual Studio\2022\BuildTools\Common7\Tools\vcconvertengine.dll'.
[2e2c:0007][2026-05-10T01:23:55] Processing file /Contents/Common7/IDE/CommonExtensions/Microsoft/VC/Project/extension.vsixmanifest
[2e2c:0007][2026-05-10T01:23:55] Started: Copying file /Contents/Common7/IDE/CommonExtensions/Microsoft/VC/Project/extension.vsixmanifest to D:\Program Files (x86)\Microsoft Visual Studio\2022\BuildTools\Common7\IDE\CommonExtensions\Microsoft\VC\Project\extension.vsixmanifest
[2e2c:0007][2026-05-10T01:23:55] Completed: Copying file /Contents/Common7/IDE/CommonExtensions/Microsoft/VC/Project/extension.vsixmanifest to D:\Program Files (x86)\Microsoft Visual Studio\2022\BuildTools\Common7\IDE\CommonExtensions\Microsoft\VC\Project\extension.vsixmanifest
[2e2c:0007][2026-05-10T01:23:55] Timestamp updated for file 'D:\Program Files (x86)\Microsoft Visual Studio\2022\BuildTools\Common7\IDE\CommonExtensions\Microsoft\VC\Project\extension.vsixmanifest'.
[2e2c:0007][2026-05-10T01:23:55] Package executed successfully. Return code: 0
